14:01:19 [EMPTY] §f §r§r§r§f §r§r§r§1 §r§r§r§0 §r§r§r§2 §r§r§r§f §r§r§r§f §r§r§r§2 §r§r§r§0 §r§r§r§4 §r§r§r§3 §r§r§r§9 §r§r§r§2 §r§r§r§0 §r§r§r§0 §r§r§r§3 §r§r§r§9 §r§r§r§2 §r§r§r§0 §r§r§r§0 §r§r§r§3 §r§r§r§9 §r§r§r§2 §r§r§r§0 §r§r§r§0 
14:01:19 [LOBBY] §b[MVP§f+§b] Sebbebas§f §6joined the lobby!
14:01:19 [LOBBY]   §r§f§l➤ §r§6You have reached your Hype limit! Add Hype to Prototype Lobby minigames by right-clicking with the Hype Diamond!
14:01:20 [LOBBY] §b[MVP§c+§b] Zaturo_§f §6joined the lobby!
14:01:21 [LOBBY] §b[MVP§2+§b] JoshwithaK§f §6joined the lobby!
14:01:21 [LOBBY] §b[MVP§c+§b] Skipper886§f §6joined the lobby!
14:01:22 [LOBBY] §b[MVP§a+§b] royal_slime_nova§f §6joined the lobby!
14:01:24 [LOBBY] §b[MVP§c+§b] Darkgurd§f §6joined the lobby!
14:01:29 [LOBBY] §b[MVP§c+§b] Ju_Mommy§f §6joined the lobby!
14:01:31 [LOBBY] §b[MVP§c+§b] playmaker375§f §6joined the lobby!
14:01:33 [LOBBY] §b[MVP§a+§b] frogbee§f §6joined the lobby!
14:01:33 [LOBBY] §b[MVP§3+§b] SmartyDJ§f §6joined the lobby!
14:01:36 [LOBBY] §b[MVP§9+§b] Ressurecti§f §6joined the lobby!
14:01:37 [LOBBY] §b[MVP§f+§b] DefaultEdits§f §6joined the lobby!
14:01:38 [LOBBY] §b[MVP§c+§b] CyberlyCrush§f §6joined the lobby!
14:01:41 [LOBBY] §b[MVP§9+§b] Atodus§f §6joined the lobby!
14:01:42 [LOBBY]  §b>§c>§a>§r §r§b[MVP§d++§b] ItzRuby§f §6joined the lobby!§r §a<§c<§b<
14:01:45 [LOBBY] §b[MVP§c+§b] Whther§f §6joined the lobby!
14:01:50 [LOBBY] §b[MVP§e+§b] HKG_wDragon§f §6joined the lobby!
14:01:50 [LOBBY] §b[MVP§2+§b] SonderCode§f §6joined the lobby!
14:01:52 [LOBBY] §b[MVP§5+§b] RockTheFisherman§f §6joined the lobby!
14:01:56 [LOBBY] §b[MVP§d+§b] ImBlqe§f §6joined the lobby!
14:01:58 [LOBBY] §b[MVP§d+§b] ShinjiGotei5§f §6joined the lobby!
14:01:58 [LOBBY] §b[MVP§a+§b] Noble_K§f §6joined the lobby!
14:01:58 [LOBBY]  §b>§c>§a>§r §r§6[MVP§6++§6] kingggirannn§f §6joined the lobby!§r §a<§c<§b<
14:01:59 [LOBBY] §b[MVP§e+§b] ClawLuca§f §6joined the lobby!
14:02:02 [LOBBY] §b[MVP§f+§b] biohazza§f §6joined the lobby!
14:02:04 [LOBBY] §b[MVP§f+§b] Bogeyhunter§f §6joined the lobby!
14:02:08 [LOBBY] §b[MVP§c+§b] EuBw§f §6joined the lobby!
14:02:09 [WARPING] §7Sending to server mini8DD...
14:02:09 [EMPTY] §8 §r§8 §r§1 §r§3 §r§3 §r§7 §r§8 
14:02:12 [EMPTY] 
14:02:12 [WELCOME] §eWelcome to §r§aHypixel SkyBlock§r§e!
14:02:12 [EMPTY] 
14:02:13 [PROFILE_JOIN] §aYou are playing on profile: §eBanana§b (Co-op)
14:02:13 [PROFILE_JOIN] §8Profile ID: b1a71305-1956-42bf-90e4-bce6f7285754
14:02:14 [SKYMALL] §bNew day! §r§eYour §r§2Sky Mall §r§ebuff changed!
14:02:14 [SKYMALL] §eNew buff§r§r§r: §r§fGain §r§a+15% §r§fmore Powder while mining.
14:02:14 [SKYMALL] §8§oYou can disable this messaging by toggling Sky Mall in your /hotm!
14:04:16 [WARPING] §7Warping...
14:05:14 [WARPING] §7Warping you to your SkyBlock island...
14:05:14 [WARPING] §7Sending to server mini267B...
14:05:15 [EMPTY] §8 §r§8 §r§1 §r§3 §r§3 §r§7 §r§8 
14:05:17 [PROFILE_JOIN] §aYou are playing on profile: §eBanana§b (Co-op)
14:05:17 [PROFILE_JOIN] §8Profile ID: b1a71305-1956-42bf-90e4-bce6f7285754
14:05:53 [WARPING] §7Warping...
14:05:56 [WARPING] §7Sending to server mini6CV...
14:05:56 [EMPTY] §8 §r§8 §r§1 §r§3 §r§3 §r§7 §r§8 
14:05:59 [PROFILE_JOIN] §aYou are playing on profile: §eBanana§b (Co-op)
14:05:59 [PROFILE_JOIN] §8Profile ID: b1a71305-1956-42bf-90e4-bce6f7285754
14:06:54 [WARPING] §7Warping...
14:07:07 [WARPING] §7Warping...
14:07:07 [WARPING] §7Sending to server mini198CV...
14:07:08 [EMPTY] §8 §r§8 §r§1 §r§3 §r§3 §r§7 §r§8 
14:07:11 [PROFILE_JOIN] §aYou are playing on profile: §eBanana§b (Co-op)
14:07:11 [PROFILE_JOIN] §8Profile ID: b1a71305-1956-42bf-90e4-bce6f7285754
14:08:10 [WARPING] §7Warping you to your SkyBlock island...
14:08:10 [WARPING] §7Sending to server mini24AP...
14:08:11 [EMPTY] §8 §r§8 §r§1 §r§3 §r§3 §r§7 §r§8 
14:08:13 [PROFILE_JOIN] §aYou are playing on profile: §eBanana§b (Co-op)
14:08:13 [PROFILE_JOIN] §8Profile ID: b1a71305-1956-42bf-90e4-bce6f7285754
14:08:45 [WARPING] §7Warping...
14:08:45 [WARPING] §7Sending to server mini68A...
14:08:46 [EMPTY] §8 §r§8 §r§1 §r§3 §r§3 §r§7 §r§8 
14:08:49 [PROFILE_JOIN] §aYou are playing on profile: §eBanana§b (Co-op)
14:08:49 [PROFILE_JOIN] §8Profile ID: b1a71305-1956-42bf-90e4-bce6f7285754
14:09:03 [WARPING] §7Warping you to your SkyBlock island...
14:09:03 [WARPING] §7Sending to server mini34H...
14:09:04 [EMPTY] §8 §r§8 §r§1 §r§3 §r§3 §r§7 §r§8 
14:09:06 [PROFILE_JOIN] §aYou are playing on profile: §eBanana§b (Co-op)
14:09:06 [PROFILE_JOIN] §8Profile ID: b1a71305-1956-42bf-90e4-bce6f7285754
14:10:03 [WARPING] §7Warping...
14:10:04 [WARPING] §7Sending to server mini26CW...
14:10:05 [EMPTY] §8 §r§8 §r§1 §r§3 §r§3 §r§7 §r§8 
14:10:09 [PROFILE_JOIN] §aYou are playing on profile: §eBanana§b (Co-op)
14:10:09 [PROFILE_JOIN] §8Profile ID: b1a71305-1956-42bf-90e4-bce6f7285754
14:10:24 [POWDER_MINING] §aYou uncovered a treasure chest!
14:10:59 [EMPTY] 
14:10:59 [POWDER_MINING] §aYou uncovered a treasure chest!
14:11:29 [WARPING] §7Warping you to your SkyBlock island...
14:11:29 [WARPING] §7Sending to server mini228N...
14:11:30 [EMPTY] §8 §r§8 §r§1 §r§3 §r§3 §r§7 §r§8 
14:11:33 [PROFILE_JOIN] §aYou are playing on profile: §eBanana§b (Co-op)
14:11:33 [PROFILE_JOIN] §8Profile ID: b1a71305-1956-42bf-90e4-bce6f7285754
14:11:57 [WARPING] §7Warping...
14:11:57 [WARPING] §7Sending to server mini83BA...
14:11:58 [EMPTY] §8 §r§8 §r§1 §r§3 §r§3 §r§7 §r§8 
14:12:02 [PROFILE_JOIN] §aYou are playing on profile: §eBanana§b (Co-op)
14:12:02 [PROFILE_JOIN] §8Profile ID: b1a71305-1956-42bf-90e4-bce6f7285754
14:12:10 [POWDER_MINING] §aYou uncovered a treasure chest!
14:12:47 [WARPING] §7Warping...
14:14:02 [WARPING] §7Warping...
14:14:04 [WARPING] §7Warping...
14:14:05 [WARPING] §7Sending to server mini97DB...
14:14:05 [EMPTY] §8 §r§8 §r§1 §r§3 §r§3 §r§7 §r§8 
14:14:08 [PROFILE_JOIN] §aYou are playing on profile: §eBanana§b (Co-op)
14:14:08 [PROFILE_JOIN] §8Profile ID: b1a71305-1956-42bf-90e4-bce6f7285754
14:14:59 [SKYMALL] §bNew day! §r§eYour §r§2Sky Mall §r§ebuff changed!
14:14:59 [SKYMALL] §eNew buff§r§r§r: §r§f§r§a10x §r§fchance to find Golden and Diamond Goblins.
14:14:59 [SKYMALL] §8§oYou can disable this messaging by toggling Sky Mall in your /hotm!
14:15:46 [WARPING] §7Warping...
14:15:46 [WARPING] §7Sending to server mini257N...
14:15:47 [EMPTY] §8 §r§8 §r§1 §r§3 §r§3 §r§7 §r§8 
14:15:50 [PROFILE_JOIN] §aYou are playing on profile: §eBanana§b (Co-op)
14:15:50 [PROFILE_JOIN] §8Profile ID: b1a71305-1956-42bf-90e4-bce6f7285754
14:15:58 [POWDER_MINING] §aYou uncovered a treasure chest!
14:16:00 [EMPTY] 
14:16:03 [POWDER_MINING] §aYou uncovered a treasure chest!
14:16:43 [POWDER_MINING] §aYou uncovered a treasure chest!
14:17:17 [WARPING] §7Warping...
14:18:28 [GUILD_EXP] §aYou earned §r§2243 GEXP §r§a+ §r§e729 Event EXP §r§afrom playing SkyBlock!
14:19:08 [WARPING] §7Warping...
14:22:08 [EMPTY] 
14:23:50 [EMPTY] §f §r§r§r§f §r§r§r§1 §r§r§r§0 §r§r§r§2 §r§r§r§f §r§r§r§f §r§r§r§2 §r§r§r§0 §r§r§r§4 §r§r§r§3 §r§r§r§9 §r§r§r§2 §r§r§r§0 §r§r§r§0 §r§r§r§3 §r§r§r§9 §r§r§r§2 §r§r§r§0 §r§r§r§0 §r§r§r§3 §r§r§r§9 §r§r§r§2 §r§r§r§0 §r§r§r§0 
14:23:50 [LOBBY] §b✦ §r§7You earned §r§b23 §r§7Mystery Dust!
14:23:50 [LOBBY] §b[MVP§f+§b] Sebbebas§f §6joined the lobby!
14:23:50 [LOBBY] §b[MVP§2+§b] Tinorino_§f §6joined the lobby!
14:23:50 [LOBBY] §b[MVP§6+§b] CHB483§f §6joined the lobby!
14:23:51 [LOBBY]   §r§f§l➤ §r§6You have reached your Hype limit! Add Hype to Prototype Lobby minigames by right-clicking with the Hype Diamond!
14:23:54 [LOBBY] §b[MVP§d+§b] cv_xz§f §6joined the lobby!
14:23:56 [LOBBY] §b[MVP§2+§b] NulLf0uR§f §6joined the lobby!
14:23:59 [LOBBY] §b[MVP§2+§b] Maj0ris§f §6joined the lobby!
14:24:00 [LOBBY] §b[MVP§5+§b] Emily5000§f §6joined the lobby!
14:24:01 [LOBBY]  §b>§c>§a>§r §r§6[MVP§6++§6] Qinrxx§f §6joined the lobby!§r §a<§c<§b<
14:24:02 [LOBBY] §b[MVP§3+§b] shuhi1§f §6joined the lobby!
14:24:04 [LOBBY] §b[MVP§c+§b] yourfu§f §6joined the lobby!
14:24:06 [WARPING] §7Sending to server mini16DJ...
14:24:06 [EMPTY] §8 §r§8 §r§1 §r§3 §r§3 §r§7 §r§8 
14:24:08 [EMPTY] 
14:24:08 [WELCOME] §eWelcome to §r§aHypixel SkyBlock§r§e!
14:24:08 [EMPTY] 
14:24:09 [PROFILE_JOIN] §aYou are playing on profile: §eBanana§b (Co-op)
14:24:09 [PROFILE_JOIN] §8Profile ID: b1a71305-1956-42bf-90e4-bce6f7285754
14:27:34 [GUILD_EXP] §aYou earned §r§2251 GEXP §r§a+ §r§e753 Event EXP §r§afrom playing SkyBlock!
14:32:37 [GUILD_EXP] §aYou earned §r§2539 GEXP §r§a+ §r§e1,617 Event EXP §r§afrom playing SkyBlock!
14:37:14 [EMPTY] 
14:37:30 [WARPING] §7Sending to server mini155DJ...
14:37:30 [EMPTY] §8 §r§8 §r§1 §r§3 §r§3 §r§7 §r§8 
14:37:33 [PROFILE_JOIN] §aYou are playing on profile: §eBanana§b (Co-op)
14:37:33 [PROFILE_JOIN] §8Profile ID: b1a71305-1956-42bf-90e4-bce6f7285754
14:40:48 [GUILD_EXP] §aYou earned §r§2258 GEXP §r§a+ §r§e774 Event EXP §r§afrom playing SkyBlock!
14:42:48 [EMPTY]  
14:42:48 [BESTIARY] §f                                  §6§lBESTIARY
14:42:48 [BESTIARY] §f                       §b§lThe Sea Emperor §7§8IV §8➡§b §bV
14:42:48 [BESTIARY] 
14:42:48 [BESTIARY] §f                                  §r§6§lREWARDS
14:42:48 [BESTIARY] §f                   §r§8+§r§a2 The Sea Emperor §r§b✯ Magic Find
14:42:48 [BESTIARY] §f                    §r§8+§r§a2 The Sea Emperor §r§c❁ Strength
14:42:48 [BESTIARY] §f                       §r§8+§r§62% §r§aThe Sea Emperor §r§7coins
14:42:48 [BESTIARY] §f                    §r§8+§r§a50% §r§7chance for extra XP orbs
14:42:48 [BESTIARY] §f                               §r§8+§r§b1 SkyBlock XP
14:42:48 [BESTIARY] 
14:42:48 [BESTIARY] §3§l▬▬▬▬▬▬▬▬▬▬▬▬▬▬▬▬▬▬▬▬▬▬▬▬▬▬▬▬▬▬▬▬▬▬▬▬▬▬▬▬▬▬▬▬▬▬▬▬▬▬▬▬▬▬▬▬▬▬▬▬▬▬▬▬
14:45:18 [EMPTY] 
14:45:18 [EMPTY] 
14:45:50 [GUILD_EXP] §aYou earned §r§2205 GEXP §r§a+ §r§e615 Event EXP §r§afrom playing SkyBlock!
14:46:38 [EMPTY] 
14:46:38 [EMPTY] 
14:50:52 [GUILD_EXP] §aYou earned §r§2313 GEXP §r§a+ §r§e939 Event EXP §r§afrom playing SkyBlock!
14:53:33 [EMPTY] 
14:53:33 [EMPTY] 
14:54:59 [SKYMALL] §bNew day! §r§eYour §r§2Sky Mall §r§ebuff changed!
14:54:59 [SKYMALL] §eNew buff§r§r§r: §r§fGain §r§a+50 §r§6☘ Mining Fortune§r§f.
14:54:59 [SKYMALL] §8§oYou can disable this messaging by toggling Sky Mall in your /hotm!
14:55:03 [EMPTY] 
14:55:03 [EMPTY] 
14:59:53 [EMPTY] 
14:59:53 [EMPTY] 
15:00:54 [EMPTY] 
15:00:54 [EMPTY] 
15:04:53 [EMPTY] 
15:04:53 [EMPTY] 
15:05:52 [EMPTY] 
15:05:52 [EMPTY] 
15:05:58 [GUILD_EXP] §aYou earned §r§2101 GEXP §r§a+ §r§e303 Event EXP §r§afrom playing SkyBlock!
15:06:58 [EMPTY] 
15:06:58 [EMPTY] 
15:07:59 [EMPTY] 
15:07:59 [EMPTY] 
15:12:36 [EMPTY] 
15:12:36 [EMPTY] 
15:13:41 [EMPTY] 
15:13:41 [EMPTY] 
15:15:00 [SKYMALL] §bNew day! §r§eYour §r§2Sky Mall §r§ebuff changed!
15:15:00 [SKYMALL] §eNew buff§r§r§r: §r§fReduce Pickaxe Ability cooldown by §r§a20%§r§f.
15:15:00 [SKYMALL] §8§oYou can disable this messaging by toggling Sky Mall in your /hotm!
15:25:33 [EMPTY]  
15:25:33 [BESTIARY] §f                                  §6§lBESTIARY
15:25:33 [BESTIARY] §f                   §b§lDeep Sea Protector §7§8VIII §8➡§b §bIX
15:25:33 [BESTIARY] 
15:25:33 [BESTIARY] §f                                  §r§6§lREWARDS
15:25:33 [BESTIARY] §f                 §r§8+§r§a3 Deep Sea Protector §r§b✯ Magic Find
15:25:33 [BESTIARY] §f                  §r§8+§r§a3 Deep Sea Protector §r§c❁ Strength
15:25:33 [BESTIARY] §f                     §r§8+§r§62% §r§aDeep Sea Protector §r§7coins
15:25:33 [BESTIARY] §f                    §r§8+§r§a50% §r§7chance for extra XP orbs
15:25:33 [BESTIARY] §f                               §r§8+§r§b1 SkyBlock XP
15:25:33 [BESTIARY] 
15:25:33 [BESTIARY] §3§l▬▬▬▬▬▬▬▬▬▬▬▬▬▬▬▬▬▬▬▬▬▬▬▬▬▬▬▬▬▬▬▬▬▬▬▬▬▬▬▬▬▬▬▬▬▬▬▬▬▬▬▬▬▬▬▬▬▬▬▬▬▬▬▬
15:27:10 [EMPTY] 
15:27:10 [EMPTY] 
15:30:58 [EMPTY]  
15:30:58 [BESTIARY] §f                                  §6§lBESTIARY
15:30:58 [BESTIARY] §f                             §b§lFrosty §7§8VII §8➡§b §bVIII
15:30:58 [BESTIARY] 
15:30:58 [BESTIARY] §f                                  §r§6§lREWARDS
15:30:58 [BESTIARY] §f                          §r§8+§r§a3 Frosty §r§b✯ Magic Find
15:30:58 [BESTIARY] §f                          §r§8+§r§a3 Frosty §r§c❁ Strength
15:30:58 [BESTIARY] §f                              §r§8+§r§62% §r§aFrosty §r§7coins
15:30:58 [BESTIARY] §f                    §r§8+§r§a50% §r§7chance for extra XP orbs
15:30:58 [BESTIARY] §f                               §r§8+§r§b1 SkyBlock XP
15:30:58 [BESTIARY] 
15:30:58 [BESTIARY] §3§l▬▬▬▬▬▬▬▬▬▬▬▬▬▬▬▬▬▬▬▬▬▬▬▬▬▬▬▬▬▬▬▬▬▬▬▬▬▬▬▬▬▬▬▬▬▬▬▬▬▬▬▬▬▬▬▬▬▬▬▬▬▬▬▬
15:31:07 [GUILD_EXP] §aYou earned §r§275 GEXP §r§a+ §r§e225 Event EXP §r§afrom playing SkyBlock!
15:31:47 [EMPTY] 
15:31:47 [EMPTY] 
15:35:00 [SKYMALL] §bNew day! §r§eYour §r§2Sky Mall §r§ebuff changed!
15:35:00 [SKYMALL] §eNew buff§r§r§r: §r§fGain §r§a+15% §r§fmore Powder while mining.
15:35:00 [SKYMALL] §8§oYou can disable this messaging by toggling Sky Mall in your /hotm!
15:35:11 [EMPTY]  
15:35:11 [BESTIARY] §f                                  §6§lBESTIARY
15:35:11 [BESTIARY] §f                              §b§lGrinch §7§8VI §8➡§b §bVII
15:35:11 [BESTIARY] 
15:35:11 [BESTIARY] §f                                  §r§6§lREWARDS
15:35:11 [BESTIARY] §f                          §r§8+§r§a3 Grinch §r§b✯ Magic Find
15:35:11 [BESTIARY] §f                           §r§8+§r§a3 Grinch §r§c❁ Strength
15:35:11 [BESTIARY] §f                              §r§8+§r§62% §r§aGrinch §r§7coins
15:35:11 [BESTIARY] §f                    §r§8+§r§a50% §r§7chance for extra XP orbs
15:35:11 [BESTIARY] §f                               §r§8+§r§b1 SkyBlock XP
15:35:11 [BESTIARY] 
15:35:11 [BESTIARY] §3§l▬▬▬▬▬▬▬▬▬▬▬▬▬▬▬▬▬▬▬▬▬▬▬▬▬▬▬▬▬▬▬▬▬▬▬▬▬▬▬▬▬▬▬▬▬▬▬▬▬▬▬▬▬▬▬▬▬▬▬▬▬▬▬▬
15:36:08 [GUILD_EXP] §aYou earned §r§2403 GEXP §r§a+ §r§e1,209 Event EXP §r§afrom playing SkyBlock!
15:40:09 [EMPTY]  
15:40:09 [BESTIARY] §f                                  §6§lBESTIARY
15:40:09 [BESTIARY] §f                                §b§lYeti §7§8VI §8➡§b §bVII
15:40:09 [BESTIARY] 
15:40:09 [BESTIARY] §f                                  §r§6§lREWARDS
15:40:09 [BESTIARY] §f                            §r§8+§r§a3 Yeti §r§b✯ Magic Find
15:40:09 [BESTIARY] §f                            §r§8+§r§a3 Yeti §r§c❁ Strength
15:40:09 [BESTIARY] §f                                §r§8+§r§62% §r§aYeti §r§7coins
15:40:09 [BESTIARY] §f                    §r§8+§r§a50% §r§7chance for extra XP orbs
15:40:09 [BESTIARY] §f                               §r§8+§r§b1 SkyBlock XP
15:40:09 [BESTIARY] 
15:40:09 [BESTIARY] §3§l▬▬▬▬▬▬▬▬▬▬▬▬▬▬▬▬▬▬▬▬▬▬▬▬▬▬▬▬▬▬▬▬▬▬▬▬▬▬▬▬▬▬▬▬▬▬▬▬▬▬▬▬▬▬▬▬▬▬▬▬▬▬▬▬
15:41:09 [GUILD_EXP] §aYou earned §r§2344 GEXP §r§a+ §r§e1,032 Event EXP §r§afrom playing SkyBlock!
15:46:10 [GUILD_EXP] §aYou earned §r§2216 GEXP §r§a+ §r§e648 Event EXP §r§afrom playing SkyBlock!
15:46:54 [EMPTY]  
15:46:54 [BESTIARY] §f                                  §6§lBESTIARY
15:46:54 [BESTIARY] §f                        §b§lFrozen Steve §7§8VIII §8➡§b §bIX
15:46:54 [BESTIARY] 
15:46:54 [BESTIARY] §f                                  §r§6§lREWARDS
15:46:54 [BESTIARY] §f                     §r§8+§r§a3 Frozen Steve §r§b✯ Magic Find
15:46:54 [BESTIARY] §f                      §r§8+§r§a3 Frozen Steve §r§c❁ Strength
15:46:54 [BESTIARY] §f                         §r§8+§r§62% §r§aFrozen Steve §r§7coins
15:46:54 [BESTIARY] §f                    §r§8+§r§a50% §r§7chance for extra XP orbs
15:46:54 [BESTIARY] §f                               §r§8+§r§b1 SkyBlock XP
15:46:54 [BESTIARY] 
15:46:54 [BESTIARY]   §r§f                         §6§lBESTIARY MILESTONE
15:46:54 [BESTIARY]   §r§f                                §8CLXXI➡§eCLXXII
15:46:54 [BESTIARY] 
15:46:54 [BESTIARY] §3§l▬▬▬▬▬▬▬▬▬▬▬▬▬▬▬▬▬▬▬▬▬▬▬▬▬▬▬▬▬▬▬▬▬▬▬▬▬▬▬▬▬▬▬▬▬▬▬▬▬▬▬▬▬▬▬▬▬▬▬▬▬▬▬▬
15:47:04 [WARPING] §7Warping you to your SkyBlock island...
15:47:04 [WARPING] §7Sending to server mini188CS...
15:47:05 [EMPTY] §8 §r§8 §r§1 §r§3 §r§3 §r§7 §r§8 
15:47:08 [PROFILE_JOIN] §aYou are playing on profile: §eBanana§b (Co-op)
15:47:08 [PROFILE_JOIN] §8Profile ID: b1a71305-1956-42bf-90e4-bce6f7285754
15:52:06 [GUILD_EXP] §aYou earned §r§2316 GEXP §r§a+ §r§e948 Event EXP §r§afrom playing SkyBlock!
15:54:41 [WARPING] §7Warping...
15:54:41 [WARPING] §7Sending to server mini72G...
15:54:41 [EMPTY] §8 §r§8 §r§1 §r§3 §r§3 §r§7 §r§8 
15:54:44 [PROFILE_JOIN] §aYou are playing on profile: §eBanana§b (Co-op)
15:54:44 [PROFILE_JOIN] §8Profile ID: b1a71305-1956-42bf-90e4-bce6f7285754
15:54:45 [WARPING] §7Sending to server mini188CS...
15:54:46 [EMPTY] §8 §r§8 §r§1 §r§3 §r§3 §r§7 §r§8 
15:54:49 [PROFILE_JOIN] §aYou are playing on profile: §eBanana§b (Co-op)
15:54:49 [PROFILE_JOIN] §8Profile ID: b1a71305-1956-42bf-90e4-bce6f7285754
15:54:59 [SKYMALL] §bNew day! §r§eYour §r§2Sky Mall §r§ebuff changed!
15:54:59 [SKYMALL] §eNew buff§r§r§r: §r§fGain §r§a+50 §r§6☘ Mining Fortune§r§f.
15:54:59 [SKYMALL] §8§oYou can disable this messaging by toggling Sky Mall in your /hotm!
15:55:49 [WARPING] §7Sending to server mini1006D...
15:55:49 [EMPTY] §8 §r§8 §r§1 §r§3 §r§3 §r§7 §r§8 
15:55:53 [PROFILE_JOIN] §aYou are playing on profile: §eBanana§b (Co-op)
15:55:53 [PROFILE_JOIN] §8Profile ID: b1a71305-1956-42bf-90e4-bce6f7285754
15:56:05 [WARPING] §7Warping...
15:56:05 [WARPING] §7Sending to server mini91AS...
15:56:06 [EMPTY] §8 §r§8 §r§1 §r§3 §r§3 §r§7 §r§8 
15:56:09 [PROFILE_JOIN] §aYou are playing on profile: §eBanana§b (Co-op)
15:56:09 [PROFILE_JOIN] §8Profile ID: b1a71305-1956-42bf-90e4-bce6f7285754
15:56:22 [POWDER_MINING] §aYou uncovered a treasure chest!
15:56:24 [EMPTY] 
15:56:35 [POWDER_MINING] §aYou uncovered a treasure chest!
15:56:37 [EMPTY] 
15:56:50 [POWDER_MINING] §aYou uncovered a treasure chest!
15:56:52 [EMPTY] 
15:56:54 [POWDER_MINING] §aYou uncovered a treasure chest!
15:56:56 [EMPTY] 
15:57:02 [EMPTY] 
15:57:02 [EMPTY] 
15:57:05 [POWDER_MINING] §aYou uncovered a treasure chest!
15:57:07 [EMPTY] 
15:57:13 [POWDER_MINING] §aYou uncovered a treasure chest!
15:57:15 [EMPTY] 
15:58:02 [POWDER_MINING] §aYou uncovered a treasure chest!
15:58:06 [POWDER_MINING] §aYou uncovered a treasure chest!
15:58:11 [POWDER_MINING] §aYou uncovered a treasure chest!
15:58:13 [POWDER_MINING] §aYou uncovered a treasure chest!
15:58:13 [POWDER_MINING] §aYou uncovered a treasure chest!
15:58:14 [POWDER_MINING] §aYou uncovered a treasure chest!
15:58:15 [POWDER_MINING] §aYou uncovered a treasure chest!
15:58:17 [EMPTY] 
15:58:18 [EMPTY] 
15:58:19 [EMPTY] 
15:58:19 [EMPTY] 
15:58:20 [EMPTY] 
15:58:20 [EMPTY] 
15:58:23 [EMPTY] 
15:58:29 [POWDER_MINING] §aYou uncovered a treasure chest!
15:58:30 [EMPTY] 
15:58:35 [POWDER_MINING] §aYou uncovered a treasure chest!
15:58:38 [EMPTY] 
15:58:42 [POWDER_MINING] §aYou uncovered a treasure chest!
15:58:44 [EMPTY] 
15:58:45 [POWDER_MINING] §aYou uncovered a treasure chest!
15:58:46 [EMPTY] 
15:58:56 [POWDER_MINING] §aYou uncovered a treasure chest!
15:58:57 [EMPTY] 
15:59:11 [POWDER_MINING] §aYou uncovered a treasure chest!
15:59:13 [EMPTY] 
15:59:23 [POWDER_MINING] §aYou uncovered a treasure chest!
15:59:24 [EMPTY] 
15:59:34 [POWDER_MINING] §aYou uncovered a treasure chest!
15:59:36 [EMPTY] 
15:59:50 [POWDER_MINING] §aYou uncovered a treasure chest!
15:59:52 [EMPTY] 
16:00:05 [POWDER_MINING] §aYou uncovered a treasure chest!
16:00:07 [EMPTY] 
16:00:12 [EMPTY] §f
16:00:12 [WATCHDOG] §4[WATCHDOG ANNOUNCEMENT]
16:00:12 [WATCHDOG] §fWatchdog has banned §r§c§l16,354§r§f players in the last 7 days.
16:00:12 [WATCHDOG] §fStaff have banned an additional §r§c§l17,519§r§f in the last 7 days.
16:00:12 [WATCHDOG] §cBlacklisted modifications are a bannable offense!
16:00:12 [WATCHDOG] §c
16:00:26 [POWDER_MINING] §aYou uncovered a treasure chest!
16:00:32 [POWDER_MINING] §aYou uncovered a treasure chest!
16:00:34 [POWDER_MINING] §aYou uncovered a treasure chest!
16:00:35 [POWDER_MINING] §aYou uncovered a treasure chest!
16:00:40 [POWDER_MINING] §aYou uncovered a treasure chest!
16:00:42 [POWDER_MINING] §aYou uncovered a treasure chest!
16:00:47 [EMPTY] 
16:00:47 [EMPTY] 
16:00:48 [EMPTY] 
16:00:48 [EMPTY] 
16:00:49 [EMPTY] 
16:00:51 [EMPTY] 
16:00:56 [POWDER_MINING] §aYou uncovered a treasure chest!
16:00:58 [EMPTY] 
16:00:59 [POWDER_MINING] §aYou uncovered a treasure chest!
16:01:02 [EMPTY] 
16:01:46 [POWDER_MINING] §aYou uncovered a treasure chest!
16:01:48 [EMPTY] 
16:02:06 [GUILD_EXP] §aYou earned §r§2728 GEXP §r§a+ §r§e2,184 Event EXP §r§afrom playing SkyBlock!
16:02:13 [POWDER_MINING] §aYou uncovered a treasure chest!
16:02:15 [EMPTY] 
16:02:23 [POWDER_MINING] §aYou uncovered a treasure chest!
16:02:25 [EMPTY] 
16:02:39 [POWDER_MINING] §aYou uncovered a treasure chest!
16:02:41 [EMPTY] 
16:02:41 [POWDER_MINING] §aYou uncovered a treasure chest!
16:02:44 [EMPTY] 
16:02:53 [POWDER_MINING] §aYou uncovered a treasure chest!
16:02:55 [EMPTY] 
16:03:00 [POWDER_MINING] §aYou uncovered a treasure chest!
16:03:01 [POWDER_MINING] §aYou uncovered a treasure chest!
16:03:02 [EMPTY] 
16:03:03 [EMPTY] 
16:03:20 [POWDER_MINING] §aYou uncovered a treasure chest!
16:03:22 [EMPTY] 
16:03:24 [POWDER_MINING] §aYou uncovered a treasure chest!
16:03:27 [EMPTY] 
16:03:37 [POWDER_MINING] §aYou uncovered a treasure chest!
16:03:39 [POWDER_MINING] §aYou uncovered a treasure chest!
16:03:47 [EMPTY] 
16:03:49 [EMPTY] 
16:03:56 [POWDER_MINING] §aYou uncovered a treasure chest!
16:04:01 [POWDER_MINING] §aYou uncovered a treasure chest!
16:04:01 [POWDER_MINING] §aYou uncovered a treasure chest!
16:04:02 [EMPTY] 
16:04:03 [EMPTY] 
16:04:03 [EMPTY] 
16:07:09 [GUILD_EXP] §aYou earned §r§2610 GEXP §r§a+ §r§e1,830 Event EXP §r§afrom playing SkyBlock!
16:08:21 [EMPTY] 
16:13:11 [EMPTY] §f                                        
16:14:35 [POWDER_MINING] §aYou uncovered a treasure chest!
16:14:36 [EMPTY] 
16:14:48 [POWDER_MINING] §aYou uncovered a treasure chest!
16:14:50 [POWDER_MINING] §aYou uncovered a treasure chest!
16:14:51 [EMPTY] 
16:14:51 [EMPTY] 
16:15:03 [POWDER_MINING] §aYou uncovered a treasure chest!
16:15:05 [EMPTY] 
16:15:51 [WARPING] §7Warping...
16:17:15 [GUILD_EXP] §aYou earned §r§2310 GEXP §r§a+ §r§e930 Event EXP §r§afrom playing SkyBlock!
16:17:46 [POWDER_MINING] §aYou uncovered a treasure chest!
16:17:48 [POWDER_MINING] §aYou uncovered a treasure chest!
16:18:00 [EMPTY] 
16:18:38 [POWDER_MINING] §aYou uncovered a treasure chest!
16:20:04 [POWDER_MINING] §aYou uncovered a treasure chest!
16:20:21 [POWDER_MINING] §aYou uncovered a treasure chest!
16:20:52 [POWDER_MINING] §aYou uncovered a treasure chest!
16:21:41 [POWDER_MINING] §aYou uncovered a treasure chest!
16:22:03 [POWDER_MINING] §aYou uncovered a treasure chest!
16:22:04 [POWDER_MINING] §aYou uncovered a treasure chest!
16:22:17 [GUILD_EXP] §aYou earned §r§2738 GEXP §r§a+ §r§e2,214 Event EXP §r§afrom playing SkyBlock!
16:23:37 [POWDER_MINING] §aYou uncovered a treasure chest!
16:23:56 [POWDER_MINING] §aYou uncovered a treasure chest!
16:24:13 [POWDER_MINING] §aYou uncovered a treasure chest!
16:24:17 [POWDER_MINING] §aYou uncovered a treasure chest!
16:27:21 [GUILD_EXP] §aYou earned §r§2750 GEXP §r§a+ §r§e2,250 Event EXP §r§afrom playing SkyBlock!
16:27:26 [EMPTY]  
16:27:26 [BESTIARY] §f                                  §6§lBESTIARY
16:27:26 [BESTIARY] §f                               §b§lWorm §7§8XI §8➡§b §bXII
16:27:26 [BESTIARY] 
16:27:26 [BESTIARY] §f                                  §r§6§lREWARDS
16:27:26 [BESTIARY] §f                           §r§8+§r§a4 Worm §r§b✯ Magic Find
16:27:26 [BESTIARY] §f                            §r§8+§r§a4 Worm §r§c❁ Strength
16:27:26 [BESTIARY] §f                               §r§8+§r§62% §r§aWorm §r§7coins
16:27:26 [BESTIARY] §f                    §r§8+§r§a50% §r§7chance for extra XP orbs
16:27:26 [BESTIARY] §f                               §r§8+§r§b1 SkyBlock XP
16:27:26 [BESTIARY] 
16:27:26 [BESTIARY] §3§l▬▬▬▬▬▬▬▬▬▬▬▬▬▬▬▬▬▬▬▬▬▬▬▬▬▬▬▬▬▬▬▬▬▬▬▬▬▬▬▬▬▬▬▬▬▬▬▬▬▬▬▬▬▬▬▬▬▬▬▬▬▬▬▬
16:29:31 [POWDER_MINING] §aYou uncovered a treasure chest!
16:29:34 [POWDER_MINING] §aYou uncovered a treasure chest!
16:29:36 [EMPTY] 
16:29:46 [POWDER_MINING] §aYou uncovered a treasure chest!
16:31:23 [EMPTY] 
16:32:25 [GUILD_EXP] §aYou earned §r§2750 GEXP §r§a+ §r§e2,250 Event EXP §r§afrom playing SkyBlock!
16:32:36 [EMPTY] 
16:32:36 [EMPTY] 
16:33:07 [WARPING] §7Warping...
16:33:12 [EMPTY] §f                                        
16:33:26 [POWDER_MINING] §aYou uncovered a treasure chest!
16:33:27 [EMPTY] 
16:33:37 [POWDER_MINING] §aYou uncovered a treasure chest!
16:33:44 [POWDER_MINING] §aYou uncovered a treasure chest!
16:33:44 [POWDER_MINING] §aYou uncovered a treasure chest!
16:33:45 [EMPTY] 
16:33:45 [EMPTY] 
16:33:46 [EMPTY] 
16:34:02 [POWDER_MINING] §aYou uncovered a treasure chest!
16:34:06 [EMPTY] 
16:34:14 [POWDER_MINING] §aYou uncovered a treasure chest!
16:34:16 [EMPTY] 
16:34:33 [POWDER_MINING] §aYou uncovered a treasure chest!
16:34:34 [POWDER_MINING] §aYou uncovered a treasure chest!
16:34:36 [POWDER_MINING] §aYou uncovered a treasure chest!
16:34:39 [POWDER_MINING] §aYou uncovered a treasure chest!
16:34:43 [EMPTY] 
16:34:43 [EMPTY] 
16:34:44 [EMPTY] 
16:34:45 [EMPTY] 
16:34:48 [POWDER_MINING] §aYou uncovered a treasure chest!
16:34:52 [EMPTY] 
16:34:55 [POWDER_MINING] §aYou uncovered a treasure chest!
16:34:57 [EMPTY] 
16:35:02 [POWDER_MINING] §aYou uncovered a treasure chest!
16:35:09 [EMPTY] 
16:35:13 [POWDER_MINING] §aYou uncovered a treasure chest!
16:35:14 [POWDER_MINING] §aYou uncovered a treasure chest!
16:35:14 [EMPTY] 
16:35:15 [EMPTY] 
16:35:19 [POWDER_MINING] §aYou uncovered a treasure chest!
16:35:21 [EMPTY] 
16:35:27 [POWDER_MINING] §aYou uncovered a treasure chest!
16:35:28 [POWDER_MINING] §aYou uncovered a treasure chest!
16:35:30 [EMPTY] 
16:35:31 [EMPTY] 
16:35:35 [POWDER_MINING] §aYou uncovered a treasure chest!
16:35:37 [EMPTY] 
16:35:38 [POWDER_MINING] §aYou uncovered a treasure chest!
16:35:40 [POWDER_MINING] §aYou uncovered a treasure chest!
16:35:52 [EMPTY] 
16:35:57 [EMPTY] 
16:35:57 [POWDER_MINING] §aYou uncovered a treasure chest!
16:36:09 [EMPTY] 
16:36:16 [POWDER_MINING] §aYou uncovered a treasure chest!
16:36:17 [EMPTY] 
16:36:37 [POWDER_MINING] §aYou uncovered a treasure chest!
16:36:39 [POWDER_MINING] §aYou uncovered a treasure chest!
16:36:40 [EMPTY] 
16:36:41 [EMPTY] 
16:36:49 [POWDER_MINING] §aYou uncovered a treasure chest!
16:36:51 [EMPTY] 
16:36:55 [POWDER_MINING] §aYou uncovered a treasure chest!
16:36:56 [EMPTY] 
16:37:10 [POWDER_MINING] §aYou uncovered a treasure chest!
16:37:13 [EMPTY] 
16:37:22 [POWDER_MINING] §aYou uncovered a treasure chest!
16:37:23 [EMPTY] 
16:37:28 [GUILD_EXP] §aYou earned §r§2750 GEXP §r§a+ §r§e2,250 Event EXP §r§afrom playing SkyBlock!
16:37:32 [POWDER_MINING] §aYou uncovered a treasure chest!
16:37:35 [EMPTY] 
16:37:39 [POWDER_MINING] §aYou uncovered a treasure chest!
16:37:39 [POWDER_MINING] §aYou uncovered a treasure chest!
16:37:40 [EMPTY] 
16:37:44 [EMPTY] 
16:37:45 [POWDER_MINING] §aYou uncovered a treasure chest!
16:37:49 [POWDER_MINING] §aYou uncovered a treasure chest!
16:37:51 [EMPTY] 
16:37:51 [EMPTY] 
16:37:59 [POWDER_MINING] §aYou uncovered a treasure chest!
16:38:01 [EMPTY] 
16:38:04 [POWDER_MINING] §aYou uncovered a treasure chest!
16:38:04 [POWDER_MINING] §aYou uncovered a treasure chest!
16:38:06 [POWDER_MINING] §aYou uncovered a treasure chest!
16:38:07 [EMPTY] 
16:38:07 [EMPTY] 
16:38:07 [EMPTY] 
16:38:18 [POWDER_MINING] §aYou uncovered a treasure chest!
16:38:18 [POWDER_MINING] §aYou uncovered a treasure chest!
16:38:27 [EMPTY] 
16:38:31 [POWDER_MINING] §aYou uncovered a treasure chest!
16:38:33 [EMPTY] 
16:38:42 [EMPTY] 
16:38:48 [POWDER_MINING] §aYou uncovered a treasure chest!
16:38:50 [EMPTY] 
16:38:51 [POWDER_MINING] §aYou uncovered a treasure chest!
16:38:54 [EMPTY] 
16:39:17 [POWDER_MINING] §aYou uncovered a treasure chest!
16:39:19 [EMPTY] 
16:40:00 [POWDER_MINING] §aYou uncovered a treasure chest!
16:40:02 [EMPTY] 
16:40:28 [POWDER_MINING] §aYou uncovered a treasure chest!
16:40:30 [EMPTY] 
16:40:42 [POWDER_MINING] §aYou uncovered a treasure chest!
16:40:43 [EMPTY] 
16:40:44 [POWDER_MINING] §aYou uncovered a treasure chest!
16:40:46 [EMPTY] 
16:40:52 [POWDER_MINING] §aYou uncovered a treasure chest!
16:40:54 [EMPTY] 
16:41:03 [POWDER_MINING] §aYou uncovered a treasure chest!
16:41:05 [EMPTY] 
16:41:06 [POWDER_MINING] §aYou uncovered a treasure chest!
16:41:10 [EMPTY] 
16:41:19 [POWDER_MINING] §aYou uncovered a treasure chest!
16:41:19 [POWDER_MINING] §aYou uncovered a treasure chest!
16:41:21 [EMPTY] 
16:41:22 [POWDER_MINING] §aYou uncovered a treasure chest!
16:41:23 [EMPTY] 
16:41:24 [EMPTY] 
16:41:30 [POWDER_MINING] §aYou uncovered a treasure chest!
16:41:40 [POWDER_MINING] §aYou uncovered a treasure chest!
16:41:42 [EMPTY] 
16:41:43 [EMPTY] 
16:42:03 [POWDER_MINING] §aYou uncovered a treasure chest!
16:42:05 [EMPTY] 
16:42:31 [POWDER_MINING] §aYou uncovered a treasure chest!
16:42:32 [GUILD_EXP] §aYou earned §r§2728 GEXP §r§a+ §r§e2,184 Event EXP §r§afrom playing SkyBlock!
16:42:32 [EMPTY] 
16:42:42 [POWDER_MINING] §aYou uncovered a treasure chest!
16:42:45 [EMPTY] 
16:43:06 [POWDER_MINING] §aYou uncovered a treasure chest!
16:43:08 [EMPTY] 
16:43:26 [POWDER_MINING] §aYou uncovered a treasure chest!
16:43:28 [EMPTY] 
16:43:42 [POWDER_MINING] §aYou uncovered a treasure chest!
16:43:44 [EMPTY] 
16:44:00 [POWDER_MINING] §aYou uncovered a treasure chest!
16:44:05 [EMPTY] 
16:44:17 [POWDER_MINING] §aYou uncovered a treasure chest!
16:44:18 [POWDER_MINING] §aYou uncovered a treasure chest!
16:44:18 [EMPTY] 
16:44:19 [EMPTY] 
16:44:42 [POWDER_MINING] §aYou uncovered a treasure chest!
16:44:46 [EMPTY] 
16:44:47 [POWDER_MINING] §aYou uncovered a treasure chest!
16:44:50 [EMPTY] 
16:44:55 [POWDER_MINING] §aYou uncovered a treasure chest!
16:44:56 [POWDER_MINING] §aYou uncovered a treasure chest!
16:44:57 [POWDER_MINING] §aYou uncovered a treasure chest!
16:44:57 [POWDER_MINING] §aYou uncovered a treasure chest!
16:44:58 [EMPTY] 
16:44:58 [EMPTY] 
16:44:59 [EMPTY] 
16:44:59 [EMPTY] 
16:45:07 [POWDER_MINING] §aYou uncovered a treasure chest!
16:45:09 [EMPTY] 
16:45:10 [POWDER_MINING] §aYou uncovered a treasure chest!
16:45:14 [EMPTY] 
16:45:42 [POWDER_MINING] §aYou uncovered a treasure chest!
16:45:44 [EMPTY] 
16:45:57 [POWDER_MINING] §aYou uncovered a treasure chest!
16:45:59 [EMPTY] 
16:46:10 [POWDER_MINING] §aYou uncovered a treasure chest!
16:46:16 [EMPTY] 
16:46:28 [POWDER_MINING] §aYou uncovered a treasure chest!
16:46:31 [EMPTY] 
16:46:34 [POWDER_MINING] §aYou uncovered a treasure chest!
16:46:36 [EMPTY] 
16:47:23 [POWDER_MINING] §aYou uncovered a treasure chest!
16:47:24 [EMPTY] 
16:47:28 [POWDER_MINING] §aYou uncovered a treasure chest!
16:47:29 [EMPTY] 
16:47:34 [POWDER_MINING] §aYou uncovered a treasure chest!
16:47:36 [EMPTY] 
16:47:36 [GUILD_EXP] §aYou earned §r§2750 GEXP §r§a+ §r§e2,250 Event EXP §r§afrom playing SkyBlock!
16:47:41 [POWDER_MINING] §aYou uncovered a treasure chest!
16:47:42 [EMPTY] 
16:48:12 [POWDER_MINING] §aYou uncovered a treasure chest!
16:48:13 [EMPTY] 
16:48:18 [POWDER_MINING] §aYou uncovered a treasure chest!
16:48:19 [EMPTY] 
16:48:24 [EMPTY] 
16:52:40 [GUILD_EXP] §aYou earned §r§2748 GEXP §r§a+ §r§e2,244 Event EXP §r§afrom playing SkyBlock!
16:53:02 [EMPTY] §f                                        
16:53:50 [POWDER_MINING] §aYou uncovered a treasure chest!
16:53:53 [EMPTY] 
16:54:39 [POWDER_MINING] §aYou uncovered a treasure chest!
16:54:44 [EMPTY] 
16:54:48 [POWDER_MINING] §aYou uncovered a treasure chest!
16:54:49 [POWDER_MINING] §aYou uncovered a treasure chest!
16:54:50 [EMPTY] 
16:54:50 [EMPTY] 
16:55:04 [POWDER_MINING] §aYou uncovered a treasure chest!
16:55:06 [EMPTY] 
16:56:41 [POWDER_MINING] §aYou uncovered a treasure chest!
16:56:45 [EMPTY] 
16:57:15 [POWDER_MINING] §aYou uncovered a treasure chest!
16:57:43 [GUILD_EXP] §aYou earned §r§2750 GEXP §r§a+ §r§e2,250 Event EXP §r§afrom playing SkyBlock!
16:58:06 [POWDER_MINING] §aYou uncovered a treasure chest!
17:00:20 [POWDER_MINING] §aYou uncovered a treasure chest!
17:01:09 [POWDER_MINING] §aYou uncovered a treasure chest!
17:01:14 [POWDER_MINING] §aYou uncovered a treasure chest!
17:02:46 [GUILD_EXP] §aYou earned §r§2750 GEXP §r§a+ §r§e2,250 Event EXP §r§afrom playing SkyBlock!
17:02:46 [EMPTY] 
17:02:46 [EMPTY] 
17:02:53 [POWDER_MINING] §aYou uncovered a treasure chest!
17:02:55 [EMPTY] 
17:03:13 [POWDER_MINING] §aYou uncovered a treasure chest!
17:03:15 [EMPTY] 
17:04:16 [POWDER_MINING] §aYou uncovered a treasure chest!
17:04:24 [EMPTY] 
17:05:42 [POWDER_MINING] §aYou uncovered a treasure chest!
17:06:20 [POWDER_MINING] §aYou uncovered a treasure chest!
17:07:49 [GUILD_EXP] §aYou earned §r§2750 GEXP §r§a+ §r§e2,250 Event EXP §r§afrom playing SkyBlock!
17:08:12 [EMPTY] 
17:09:39 [POWDER_MINING] §aYou uncovered a treasure chest!
17:11:07 [POWDER_MINING] §aYou uncovered a treasure chest!
17:11:09 [EMPTY] 
17:12:07 [POWDER_MINING] §aYou uncovered a treasure chest!
17:12:51 [POWDER_MINING] §aYou uncovered a treasure chest!
17:12:53 [GUILD_EXP] §aYou earned §r§2705 GEXP §r§a+ §r§e2,115 Event EXP §r§afrom playing SkyBlock!
17:12:56 [EMPTY] 
17:13:04 [EMPTY] §f                                        
17:13:23 [POWDER_MINING] §aYou uncovered a treasure chest!
17:13:28 [POWDER_MINING] §aYou uncovered a treasure chest!
17:13:29 [EMPTY] 
17:13:30 [POWDER_MINING] §aYou uncovered a treasure chest!
17:13:32 [EMPTY] 
17:13:34 [POWDER_MINING] §aYou uncovered a treasure chest!
17:13:35 [EMPTY] 
17:14:00 [POWDER_MINING] §aYou uncovered a treasure chest!
17:14:02 [EMPTY] 
17:15:06 [POWDER_MINING] §aYou uncovered a treasure chest!
17:15:06 [POWDER_MINING] §aYou uncovered a treasure chest!
17:15:33 [POWDER_MINING] §aYou uncovered a treasure chest!
17:16:45 [POWDER_MINING] §aYou uncovered a treasure chest!
17:17:56 [GUILD_EXP] §aYou earned §r§2750 GEXP §r§a+ §r§e2,250 Event EXP §r§afrom playing SkyBlock!
17:20:17 [POWDER_MINING] §aYou uncovered a treasure chest!
17:20:19 [EMPTY] 
17:21:33 [POWDER_MINING] §aYou uncovered a treasure chest!
17:22:34 [POWDER_MINING] §aYou uncovered a treasure chest!
17:22:56 [POWDER_MINING] §aYou uncovered a treasure chest!
17:23:00 [GUILD_EXP] §aYou earned §r§2750 GEXP §r§a+ §r§e2,250 Event EXP §r§afrom playing SkyBlock!
17:23:10 [POWDER_MINING] §aYou uncovered a treasure chest!
17:23:25 [EMPTY] 
17:24:13 [POWDER_MINING] §aYou uncovered a treasure chest!
17:24:22 [POWDER_MINING] §aYou uncovered a treasure chest!
17:28:05 [GUILD_EXP] §aYou earned §r§2500 GEXP §r§a+ §r§e1,500 Event EXP §r§afrom playing SkyBlock!
17:31:17 [EMPTY] 
17:31:39 [POWDER_MINING] §aYou uncovered a treasure chest!
17:33:06 [EMPTY] §f                                        
17:33:07 [GUILD_EXP] §aYou earned §r§2183 GEXP §r§a+ §r§e549 Event EXP §r§afrom playing SkyBlock!
17:35:32 [POWDER_MINING] §aYou uncovered a treasure chest!
17:35:35 [EMPTY] 
17:38:10 [GUILD_EXP] §aYou earned §r§2331 GEXP §r§a+ §r§e993 Event EXP §r§afrom playing SkyBlock!
17:43:13 [GUILD_EXP] §aYou earned §r§2168 GEXP §r§a+ §r§e504 Event EXP §r§afrom playing SkyBlock!
17:45:24 [POWDER_MINING] §aYou uncovered a treasure chest!
17:48:17 [GUILD_EXP] §aYou earned §r§2223 GEXP §r§a+ §r§e669 Event EXP §r§afrom playing SkyBlock!
17:49:53 [POWDER_MINING] §aYou uncovered a treasure chest!
17:51:17 [EMPTY] 
