11:35:35 [EMPTY] §f §r§r§r§f §r§r§r§1 §r§r§r§0 §r§r§r§2 §r§r§r§f §r§r§r§f §r§r§r§2 §r§r§r§0 §r§r§r§4 §r§r§r§3 §r§r§r§9 §r§r§r§2 §r§r§r§0 §r§r§r§0 §r§r§r§3 §r§r§r§9 §r§r§r§2 §r§r§r§0 §r§r§r§0 §r§r§r§3 §r§r§r§9 §r§r§r§2 §r§r§r§0 §r§r§r§0 
11:35:35 [LOBBY] §b[MVP§8+§b] MonthlyRewards§f §6joined the lobby!
11:35:35 [LOBBY]   §r§f§l➤ §r§6You have reached your Hype limit! Add Hype to Prototype Lobby minigames by right-clicking with the Hype Diamond!
11:35:35 [LOBBY] §b[MVP§5+§b] LilMuscleMilk§f §6joined the lobby!
11:35:42 [LOBBY] §b[MVP§c+§b] Kruitje4NL§f §6joined the lobby!
11:35:42 [LOBBY] 
§r§f§l➔ §r§6§lWelcome to the Prototype Lobby§r
§r§aAll games in this lobby are currently in development.§r
§r§eClick here to leave feedback!§r§f ➤ §r§b§nhttps://hypixel.net/PTL

11:35:42 [LOBBY] §b[MVP§9+§b] Anderstgg§f §6joined the lobby!
11:35:44 [LOBBY] §b[MVP§e+§b] Hagodfote§f §6joined the lobby!
11:35:47 [LOBBY] §b[MVP§2+§b] ILOVERNG_§f §6joined the lobby!
11:35:48 [LOBBY]  §b>§c>§a>§r §r§6[MVP§3++§6] Robyen§f §6joined the lobby!§r §a<§c<§b<
11:35:51 [LOBBY] §b[MVP§f+§b] Mervyny§f §6joined the lobby!
11:36:00 [LOBBY] §b[MVP§9+§b] Theseus0_0§f §6joined the lobby!
11:36:05 [LOBBY] §b[MVP§2+§b] RealJellyfish§f §6joined the lobby!
11:36:10 [LOBBY]  §b>§c>§a>§r §r§6[MVP§2++§6] jciu§f §6joined the lobby!§r §a<§c<§b<
11:36:13 [LOBBY]  §b>§c>§a>§r §r§6[MVP§e++§6] ItzTommie_§f §6joined the lobby!§r §a<§c<§b<
11:36:26 [LOBBY] §b[MVP§f+§b] PawsOfDestiny§f §6joined the lobby!
11:36:29 [LOBBY] §b[MVP§4+§b] Jules___§f §6joined the lobby!
11:36:31 [LOBBY] §b[MVP§c+§b] Yoduseq§f §6joined the lobby!
11:36:32 [LOBBY] §b[MVP§6+§b] soldierwarrior65§f §6joined the lobby!
11:36:33 [LOBBY] §b[MVP§c+§b] Daniiiniks§f §6joined the lobby!
11:36:34 [LOBBY] §b[MVP§c+§b] Xminisb§f §6joined the lobby!
11:36:36 [LOBBY] §b[MVP§2+§b] Nullvoidd§f §6joined the lobby!
11:36:37 [LOBBY] §b[MVP§f+§b] gapgop§f §6joined the lobby!
11:36:39 [LOBBY] §b[MVP§6+§b] Crossfireofmoon§f §6joined the lobby!
11:36:40 [LOBBY] §b[MVP§a+§b] Matti095§f §6joined the lobby!
11:36:40 [LOBBY] §b[MVP§e+§b] VibrantLamb2527§f §6joined the lobby!
11:36:41 [LOBBY] §b[MVP§c+§b] Chain_comfort§f §6joined the lobby!
11:36:45 [LOBBY] §b[MVP§f+§b] MujoMan§f §6joined the lobby!
11:36:46 [LOBBY] §b[MVP§d+§b] TNT_23§f §6joined the lobby!
11:36:46 [LOBBY]  §b>§c>§a>§r §r§6[MVP§2++§6] jciu§f §6joined the lobby!§r §a<§c<§b<
11:36:50 [LOBBY] §b[MVP§2+§b] 0bblue§f §6joined the lobby!
11:36:56 [LOBBY] §b[MVP§c+§b] supercraft801§f §6joined the lobby!
11:36:57 [LOBBY] §b[MVP§d+§b] Femboy_Jax§f §6joined the lobby!
11:36:57 [LOBBY]  §b>§c>§a>§r §r§6[MVP§d++§6] JustSyr§f §6joined the lobby!§r §a<§c<§b<
11:36:57 [LOBBY] §b[MVP§c+§b] Yannik_skrrt§f §6joined the lobby!
11:36:57 [LOBBY] §b[MVP§9+§b] Netherite_arrow§f §6joined the lobby!
11:36:59 [WARPING] §7Sending to server mini1DC...
11:37:01 [EMPTY] §8 §r§8 §r§1 §r§3 §r§3 §r§7 §r§8 
11:37:03 [EMPTY] 
11:37:03 [WELCOME] §eWelcome to §r§aHypixel SkyBlock§r§e!
11:37:03 [EMPTY] 
11:37:03 [PROFILE_JOIN] §aYou are playing on profile: §eApple§b (Co-op)
11:37:03 [PROFILE_JOIN] §8Profile ID: b1a71305-1956-42bf-90e4-bce6f7285754
11:37:26 [EMPTY] §f §r§r§r§f §r§r§r§1 §r§r§r§0 §r§r§r§2 §r§r§r§f §r§r§r§f §r§r§r§2 §r§r§r§0 §r§r§r§4 §r§r§r§3 §r§r§r§9 §r§r§r§2 §r§r§r§0 §r§r§r§0 §r§r§r§3 §r§r§r§9 §r§r§r§2 §r§r§r§0 §r§r§r§0 §r§r§r§3 §r§r§r§9 §r§r§r§2 §r§r§r§0 §r§r§r§0 
11:37:27 [LOBBY] §b[MVP§3+§b] LoveLyHeiJiang§f §6joined the lobby!
11:37:28 [LOBBY]   §r§f§l➤ §r§6You have reached your Hype limit! Add Hype to Prototype Lobby minigames by right-clicking with the Hype Diamond!
11:37:29 [WARPING] §7Sending to server mini1DC...
11:37:29 [EMPTY] §8 §r§8 §r§1 §r§3 §r§3 §r§7 §r§8 
11:37:32 [EMPTY] 
11:37:32 [WELCOME] §eWelcome to §r§aHypixel SkyBlock§r§e!
11:37:32 [EMPTY] 
11:37:32 [PROFILE_JOIN] §aYou are playing on profile: §eApple§b (Co-op)
11:37:32 [PROFILE_JOIN] §8Profile ID: b1a71305-1956-42bf-90e4-bce6f7285754
11:39:37 [EMPTY] §f §r§r§r§f §r§r§r§1 §r§r§r§0 §r§r§r§2 §r§r§r§f §r§r§r§f §r§r§r§2 §r§r§r§0 §r§r§r§4 §r§r§r§3 §r§r§r§9 §r§r§r§2 §r§r§r§0 §r§r§r§0 §r§r§r§3 §r§r§r§9 §r§r§r§2 §r§r§r§0 §r§r§r§0 §r§r§r§3 §r§r§r§9 §r§r§r§2 §r§r§r§0 §r§r§r§0 
11:39:38 [LOBBY] §b[MVP§f+§b] Sebbebas§f §6joined the lobby!
11:39:38 [LOBBY] §b[MVP§4+§b] Mynetwix§f §6joined the lobby!
11:39:38 [LOBBY] §b[MVP§c+§b] MINECRAFTER_TOBI§f §6joined the lobby!
11:39:38 [LOBBY] §b[MVP§c+§b] NotKaruun§f §6joined the lobby!
11:39:39 [LOBBY] §b[MVP§e+§b] SurprisePengu§f §6joined the lobby!
11:39:39 [LOBBY] §b[MVP§c+§b] BiloXDDDD§f §6joined the lobby!
11:39:39 [LOBBY]   §r§f§l➤ §r§6You have reached your Hype limit! Add Hype to Prototype Lobby minigames by right-clicking with the Hype Diamond!
11:39:39 [LOBBY] §b[MVP§6+§b] SaytoKs§f §6joined the lobby!
11:39:44 [LOBBY] §b[MVP§9+§b] Rhilee§f §6joined the lobby!
11:39:48 [LOBBY] §b[MVP§9+§b] MinatoNekoAqua§f §6joined the lobby!
11:39:49 [LOBBY] §b[MVP§6+§b] soldierwarrior65§f §6joined the lobby!
11:39:49 [WARPING] §7Sending to server mini72AQ...
11:39:49 [EMPTY] §8 §r§8 §r§1 §r§3 §r§3 §r§7 §r§8 
11:39:51 [EMPTY] 
11:39:51 [WELCOME] §eWelcome to §r§aHypixel SkyBlock§r§e!
11:39:51 [EMPTY] 
11:39:52 [PROFILE_JOIN] §aYou are playing on profile: §eKiwi
11:39:52 [PROFILE_JOIN] §8Profile ID: f6880d3c-959f-4385-8e86-be756ea86fe5
11:40:01 [WARPING] §7Sending to server mini1018P...
11:40:02 [EMPTY] §8 §r§8 §r§1 §r§3 §r§3 §r§7 §r§8 
11:40:04 [PROFILE_JOIN] §8Profile ID: b1a71305-1956-42bf-90e4-bce6f7285754
11:40:06 [SKYMALL] §bNew day! §r§eYour §r§2Sky Mall §r§ebuff changed!
11:40:06 [SKYMALL] §eNew buff§r§r§r: §r§fGain §r§a+15% §r§fmore Powder while mining.
11:40:06 [SKYMALL] §8§oYou can disable this messaging by toggling Sky Mall in your /hotm!
11:40:06 [WARPING] §7Warping...
11:40:06 [WARPING] §7Sending to server mini77BT...
11:40:07 [EMPTY] §8 §r§8 §r§1 §r§3 §r§3 §r§7 §r§8 
11:40:10 [PROFILE_JOIN] §aYou are playing on profile: §eBanana§b (Co-op)
11:40:10 [PROFILE_JOIN] §8Profile ID: b1a71305-1956-42bf-90e4-bce6f7285754
11:41:17 [WARPING] §7Warping...
11:41:17 [WARPING] §7Sending to server mini81W...
11:41:18 [EMPTY] §8 §r§8 §r§1 §r§3 §r§3 §r§7 §r§8 
11:41:21 [PROFILE_JOIN] §aYou are playing on profile: §eBanana§b (Co-op)
11:41:21 [PROFILE_JOIN] §8Profile ID: b1a71305-1956-42bf-90e4-bce6f7285754
11:41:41 [WARPING] §7Sending to server mini147DF...
11:41:41 [EMPTY] §8 §r§8 §r§1 §r§3 §r§3 §r§7 §r§8 
11:41:44 [PROFILE_JOIN] §8Profile ID: f6880d3c-959f-4385-8e86-be756ea86fe5
11:41:45 [REWARD_WRAPPER] §e§l▬▬▬▬▬▬▬▬▬▬▬▬▬▬▬▬▬▬▬▬▬▬▬▬▬▬▬▬▬▬▬▬▬▬▬▬▬▬▬▬▬▬▬▬▬▬▬▬▬▬▬▬▬▬▬▬▬▬▬▬▬▬▬▬
11:41:45 [EMPTY] 
11:41:45 [POWDER_REWARD_HEADER]   §r§a§lREWARDS
11:41:45 [COMPACT_COLLECTION_LEVEL_UP]     §r§7§8+§b4 SkyBlock XP
11:41:45 [REWARD_WRAPPER] §e§l▬▬▬▬▬▬▬▬▬▬▬▬▬▬▬▬▬▬▬▬▬▬▬▬▬▬▬▬▬▬▬▬▬▬▬▬▬▬▬▬▬▬▬▬▬▬▬▬▬▬▬▬▬▬▬▬▬▬▬▬▬▬▬▬
11:42:03 [REWARD_WRAPPER] §e§l▬▬▬▬▬▬▬▬▬▬▬▬▬▬▬▬▬▬▬▬▬▬▬▬▬▬▬▬▬▬▬▬▬▬▬▬▬▬▬▬▬▬▬▬▬▬▬▬▬▬▬▬▬▬▬▬▬▬▬▬▬▬▬▬
11:42:03 [EMPTY] 
11:42:03 [POWDER_REWARD_HEADER]   §r§a§lREWARDS
11:42:03 [COMPACT_COLLECTION_LEVEL_UP]     §r§7§8+§b4 SkyBlock XP
11:42:03 [REWARD_WRAPPER] §e§l▬▬▬▬▬▬▬▬▬▬▬▬▬▬▬▬▬▬▬▬▬▬▬▬▬▬▬▬▬▬▬▬▬▬▬▬▬▬▬▬▬▬▬▬▬▬▬▬▬▬▬▬▬▬▬▬▬▬▬▬▬▬▬▬
11:42:03 [REWARD_WRAPPER] §e§l▬▬▬▬▬▬▬▬▬▬▬▬▬▬▬▬▬▬▬▬▬▬▬▬▬▬▬▬▬▬▬▬▬▬▬▬▬▬▬▬▬▬▬▬▬▬▬▬▬▬▬▬▬▬▬▬▬▬▬▬▬▬▬▬
11:42:03 [EMPTY] 
11:42:03 [POWDER_REWARD_HEADER]   §r§a§lREWARDS
11:42:03 [COMPACT_COLLECTION_LEVEL_UP]     §r§7§8+§b4 SkyBlock XP
11:42:03 [REWARD_WRAPPER] §e§l▬▬▬▬▬▬▬▬▬▬▬▬▬▬▬▬▬▬▬▬▬▬▬▬▬▬▬▬▬▬▬▬▬▬▬▬▬▬▬▬▬▬▬▬▬▬▬▬▬▬▬▬▬▬▬▬▬▬▬▬▬▬▬▬
11:43:31 [WARPING] §7Warping...
11:43:31 [WARPING] §7Sending to server mini142W...
11:43:31 [EMPTY] §8 §r§8 §r§1 §r§3 §r§3 §r§7 §r§8 
11:43:34 [PROFILE_JOIN] §aYou are playing on profile: §eKiwi
11:43:34 [PROFILE_JOIN] §8Profile ID: f6880d3c-959f-4385-8e86-be756ea86fe5
11:45:35 [WARPING] §7Warping...
11:45:35 [WARPING] §7Sending to server mini19DH...
11:45:36 [EMPTY] §8 §r§8 §r§1 §r§3 §r§3 §r§7 §r§8 
11:45:39 [PROFILE_JOIN] §aYou are playing on profile: §eKiwi
11:45:39 [PROFILE_JOIN] §8Profile ID: f6880d3c-959f-4385-8e86-be756ea86fe5
11:45:40 [WARPING] §7Warping...
11:45:40 [WARPING] §7Sending to server mini89CC...
11:45:41 [EMPTY] §8 §r§8 §r§1 §r§3 §r§3 §r§7 §r§8 
11:45:44 [PROFILE_JOIN] §aYou are playing on profile: §eKiwi
11:45:44 [PROFILE_JOIN] §8Profile ID: f6880d3c-959f-4385-8e86-be756ea86fe5
11:46:09 [WARPING] §7Warping...
11:46:09 [WARPING] §7Sending to server mini147AS...
11:46:10 [EMPTY] §8 §r§8 §r§1 §r§3 §r§3 §r§7 §r§8 
11:46:13 [PROFILE_JOIN] §aYou are playing on profile: §eKiwi
11:46:13 [PROFILE_JOIN] §8Profile ID: f6880d3c-959f-4385-8e86-be756ea86fe5
11:47:40 [WARPING] §7Warping...
11:50:46 [GUILD_EXP] §aYou earned §r§2523 GEXP §r§a+ §r§e1,569 Event EXP §r§afrom playing SkyBlock!
11:55:50 [GUILD_EXP] §aYou earned §r§2268 GEXP §r§a+ §r§e804 Event EXP §r§afrom playing SkyBlock!
11:57:46 [WARPING] §7Warping...
11:57:46 [WARPING] §7Sending to server mini200BT...
11:57:46 [EMPTY] §8 §r§8 §r§1 §r§3 §r§3 §r§7 §r§8 
11:57:50 [PROFILE_JOIN] §aYou are playing on profile: §eKiwi
11:57:50 [PROFILE_JOIN] §8Profile ID: f6880d3c-959f-4385-8e86-be756ea86fe5
11:58:47 [WARPING] §7Warping...
11:58:47 [WARPING] §7Sending to server mini72AQ...
11:58:47 [EMPTY] §8 §r§8 §r§1 §r§3 §r§3 §r§7 §r§8 
11:58:50 [PROFILE_JOIN] §aYou are playing on profile: §eKiwi
11:58:50 [PROFILE_JOIN] §8Profile ID: f6880d3c-959f-4385-8e86-be756ea86fe5
12:00:34 [WARPING] §7Warping...
12:00:34 [WARPING] §7Sending to server mini85AH...
12:00:34 [EMPTY] §8 §r§8 §r§1 §r§3 §r§3 §r§7 §r§8 
12:00:36 [WARPING] §7Warping...
12:00:37 [PROFILE_JOIN] §aYou are playing on profile: §eKiwi
12:00:37 [PROFILE_JOIN] §8Profile ID: f6880d3c-959f-4385-8e86-be756ea86fe5
12:00:39 [WARPING] §7Warping...
12:00:39 [WARPING] §7Sending to server mini100BV...
12:00:40 [EMPTY] §8 §r§8 §r§1 §r§3 §r§3 §r§7 §r§8 
12:00:43 [PROFILE_JOIN] §aYou are playing on profile: §eKiwi
12:00:43 [PROFILE_JOIN] §8Profile ID: f6880d3c-959f-4385-8e86-be756ea86fe5
12:01:02 [EMPTY] §f
12:01:02 [WATCHDOG] §4[WATCHDOG ANNOUNCEMENT]
12:01:02 [WATCHDOG] §fWatchdog has banned §r§c§l18,235§r§f players in the last 7 days.
12:01:02 [WATCHDOG] §fStaff have banned an additional §r§c§l17,479§r§f in the last 7 days.
12:01:02 [WATCHDOG] §cBlacklisted modifications are a bannable offense!
12:01:02 [WATCHDOG] §c
12:01:23 [WARPING] §7Warping...
12:01:24 [WARPING] §7Sending to server mini92CF...
12:01:24 [EMPTY] §8 §r§8 §r§1 §r§3 §r§3 §r§7 §r§8 
12:01:25 [WARPING] §7Warping...
12:01:27 [PROFILE_JOIN] §aYou are playing on profile: §eKiwi
12:01:27 [PROFILE_JOIN] §8Profile ID: f6880d3c-959f-4385-8e86-be756ea86fe5
12:01:27 [WARPING] §7Warping...
12:01:27 [WARPING] §7Sending to server mini78C...
12:01:28 [EMPTY] §8 §r§8 §r§1 §r§3 §r§3 §r§7 §r§8 
12:01:31 [PROFILE_JOIN] §aYou are playing on profile: §eKiwi
12:01:31 [PROFILE_JOIN] §8Profile ID: f6880d3c-959f-4385-8e86-be756ea86fe5
12:02:09 [WARPING] §7Warping...
12:02:10 [WARPING] §7Sending to server mini16BQ...
12:02:10 [EMPTY] §8 §r§8 §r§1 §r§3 §r§3 §r§7 §r§8 
12:02:13 [PROFILE_JOIN] §aYou are playing on profile: §eKiwi
12:02:13 [PROFILE_JOIN] §8Profile ID: f6880d3c-959f-4385-8e86-be756ea86fe5
12:02:14 [WARPING] §7Warping...
12:02:14 [WARPING] §7Sending to server mini40DS...
12:02:14 [EMPTY] §8 §r§8 §r§1 §r§3 §r§3 §r§7 §r§8 
12:02:17 [PROFILE_JOIN] §aYou are playing on profile: §eKiwi
12:02:17 [PROFILE_JOIN] §8Profile ID: f6880d3c-959f-4385-8e86-be756ea86fe5
12:02:17 [WARPING] §7Warping...
12:02:18 [WARPING] §7Sending to server mini24S...
12:02:18 [EMPTY] §8 §r§8 §r§1 §r§3 §r§3 §r§7 §r§8 
12:02:21 [PROFILE_JOIN] §aYou are playing on profile: §eKiwi
12:02:21 [PROFILE_JOIN] §8Profile ID: f6880d3c-959f-4385-8e86-be756ea86fe5
12:02:21 [COMPACT_POTION_EFFECT] §a§lBUFF! §fYou have gained §r§4Critical II§r§f! Press TAB or type /effects to view your active effects!
12:02:21 [COMPACT_POTION_EFFECT] §a§lBUFF! §fYou have gained §r§9Dodge II§r§f! Press TAB or type /effects to view your active effects!
12:02:22 [COMPACT_POTION_EFFECT] §a§lBUFF! §fYou have gained §r§4Regeneration IV§r§f! Press TAB or type /effects to view your active effects!
12:02:22 [COMPACT_POTION_EFFECT] §a§lBUFF! §fYou have gained §r§eHaste II§r§f! Press TAB or type /effects to view your active effects!
12:02:22 [COMPACT_POTION_EFFECT] §a§lBUFF! §fYou have gained §r§4Strength V§r§f! Press TAB or type /effects to view your active effects!
12:02:23 [COMPACT_POTION_EFFECT] §a§lBUFF! §fYou have gained §r§bSpirit II§r§f! Press TAB or type /effects to view your active effects!
12:02:23 [COMPACT_POTION_EFFECT] §a§lBUFF! §fYou have gained §r§bMagic Find II§r§f! Press TAB or type /effects to view your active effects!
12:02:24 [COMPACT_POTION_EFFECT] §a§lBUFF! §fYou have gained §r§aRabbit II§r§f! Press TAB or type /effects to view your active effects!
12:02:24 [COMPACT_POTION_EFFECT] §a§lBUFF! §fYou have gained §r§9Speed V§r§f! Press TAB or type /effects to view your active effects!
12:02:24 [COMPACT_POTION_EFFECT] §a§lBUFF! §fYou have gained §r§aResistance V§r§f! Press TAB or type /effects to view your active effects!
12:02:25 [COMPACT_POTION_EFFECT] §a§lBUFF! §fYou have gained §r§cAdrenaline V§r§f! Press TAB or type /effects to view your active effects!
12:02:25 [COMPACT_POTION_EFFECT] §a§lBUFF! §fYou have gained §r§9Water Breathing II§r§f! Press TAB or type /effects to view your active effects!
12:02:25 [COMPACT_POTION_EFFECT] §a§lBUFF! §fYou have gained §r§bPet Luck II§r§f! Press TAB or type /effects to view your active effects!
12:02:26 [COMPACT_POTION_EFFECT] §a§lBUFF! §fYou have gained §r§9Experience III§r§f! Press TAB or type /effects to view your active effects!
12:02:26 [COMPACT_POTION_EFFECT] §a§lBUFF! §fYou have gained §r§bArchery II§r§f! Press TAB or type /effects to view your active effects!
12:02:26 [COMPACT_POTION_EFFECT] §a§lBUFF! §fYou have gained §r§5Night Vision I§r§f! Press TAB or type /effects to view your active effects!
12:02:27 [COMPACT_POTION_EFFECT] §a§lBUFF! §fYou have gained §r§9Mana V§r§f! Press TAB or type /effects to view your active effects!
12:02:27 [COMPACT_POTION_EFFECT] §a§lBUFF! §fYou have gained §r§6Absorption V§r§f! Press TAB or type /effects to view your active effects!
12:02:27 [COMPACT_POTION_EFFECT] §a§lBUFF! §fYou have gained §r§cFire Resistance I§r§f! Press TAB or type /effects to view your active effects!
12:02:28 [WARPING] §7Warping...
12:02:29 [WARPING] §7Sending to server mini78K...
12:02:29 [EMPTY] §8 §r§8 §r§1 §r§3 §r§3 §r§7 §r§8 
12:02:32 [PROFILE_JOIN] §aYou are playing on profile: §eKiwi
12:02:32 [PROFILE_JOIN] §8Profile ID: f6880d3c-959f-4385-8e86-be756ea86fe5
12:02:56 [WARPING] §7Warping...
12:02:56 [WARPING] §7Sending to server mini209K...
12:02:56 [EMPTY] §8 §r§8 §r§1 §r§3 §r§3 §r§7 §r§8 
12:02:59 [WARPING] §7Warping...
12:02:59 [WARPING] §7Sending to server mini72AQ...
12:03:00 [EMPTY] §8 §r§8 §r§1 §r§3 §r§3 §r§7 §r§8 
12:03:03 [PROFILE_JOIN] §aYou are playing on profile: §eKiwi
12:03:03 [PROFILE_JOIN] §8Profile ID: f6880d3c-959f-4385-8e86-be756ea86fe5
12:06:02 [WARPING] §7Warping...
12:06:02 [WARPING] §7Sending to server mini38CC...
12:06:02 [EMPTY] §8 §r§8 §r§1 §r§3 §r§3 §r§7 §r§8 
12:06:03 [WARPING] §7Warping...
12:06:05 [PROFILE_JOIN] §aYou are playing on profile: §eKiwi
12:06:05 [PROFILE_JOIN] §8Profile ID: f6880d3c-959f-4385-8e86-be756ea86fe5
12:06:05 [WARPING] §7Warping...
12:06:05 [WARPING] §7Sending to server mini77BT...
12:06:06 [EMPTY] §8 §r§8 §r§1 §r§3 §r§3 §r§7 §r§8 
12:06:09 [PROFILE_JOIN] §aYou are playing on profile: §eKiwi
12:06:09 [PROFILE_JOIN] §8Profile ID: f6880d3c-959f-4385-8e86-be756ea86fe5
12:07:16 [WARPING] §7Warping...
12:07:16 [WARPING] §7Sending to server mini35CP...
12:07:16 [EMPTY] §8 §r§8 §r§1 §r§3 §r§3 §r§7 §r§8 
12:07:19 [WARPING] §7Warping...
12:07:19 [WARPING] §7Sending to server mini69AN...
12:07:20 [EMPTY] §8 §r§8 §r§1 §r§3 §r§3 §r§7 §r§8 
12:07:23 [PROFILE_JOIN] §aYou are playing on profile: §eKiwi
12:07:23 [PROFILE_JOIN] §8Profile ID: f6880d3c-959f-4385-8e86-be756ea86fe5
12:10:09 [GUILD_EXP] §aYou earned §r§2263 GEXP §r§a+ §r§e789 Event EXP §r§afrom playing SkyBlock!
12:10:30 [COMPACT_BINGO_BORDER] §3§l▬▬▬▬▬▬▬▬▬▬▬▬▬▬▬▬▬▬▬▬▬▬▬▬▬▬▬▬▬▬▬▬▬▬▬▬▬▬▬▬▬▬▬▬▬▬▬▬▬▬▬▬▬▬▬▬▬▬▬▬▬▬▬▬
12:10:30 [EMPTY] 
12:10:30 [COMPACT_SKILL_LEVEL_UP]   §r§a§lREWARDS
12:10:30 [COMPACT_SKILL_LEVEL_UP]    §r§eZoologist XIX
12:10:30 [COMPACT_SKILL_LEVEL_UP]    §r  §7§fGain §818➜§a19%§f extra pet exp.
12:10:30 [COMPACT_SKILL_LEVEL_UP]    §r§7§8+§fGain §83.6➜§a3.8% §fExp Share rate.
12:10:30 [COMPACT_SKILL_LEVEL_UP]    §r§7§8+§a1 §d♣ Pet Luck
12:10:30 [COMPACT_SKILL_LEVEL_UP]    §r§7§8+§680,000 §7Coins
12:10:30 [COMPACT_SKILL_LEVEL_UP]    §r§7§8+§b10 SkyBlock XP
12:10:30 [COMPACT_BINGO_BORDER] §3§l▬▬▬▬▬▬▬▬▬▬▬▬▬▬▬▬▬▬▬▬▬▬▬▬▬▬▬▬▬▬▬▬▬▬▬▬▬▬▬▬▬▬▬▬▬▬▬▬▬▬▬▬▬▬▬▬▬▬▬▬▬▬▬▬
12:10:32 [EMPTY]  
12:10:32 [EMPTY]  
12:10:32 [EMPTY]  
12:11:58 [EMPTY] §f                                        
12:11:58 [EMPTY] §f                                        
12:12:03 [WARPING] §7Warping you to your SkyBlock island...
12:12:03 [WARPING] §7Sending to server mini208H...
12:12:04 [EMPTY] §8 §r§8 §r§1 §r§3 §r§3 §r§7 §r§8 
12:12:07 [PROFILE_JOIN] §aYou are playing on profile: §eKiwi
12:12:07 [PROFILE_JOIN] §8Profile ID: f6880d3c-959f-4385-8e86-be756ea86fe5
12:12:10 [WARPING] §7Sending to server mini141BQ...
12:12:11 [EMPTY] §8 §r§8 §r§1 §r§3 §r§3 §r§7 §r§8 
12:12:14 [PROFILE_JOIN] §aYou are playing on profile: §eKiwi
12:12:14 [PROFILE_JOIN] §8Profile ID: f6880d3c-959f-4385-8e86-be756ea86fe5
12:12:15 [WARPING] §7Warping...
12:14:17 [WARPING] §7Warping...
12:14:17 [WARPING] §7Sending to server mini65AW...
12:14:18 [EMPTY] §8 §r§8 §r§1 §r§3 §r§3 §r§7 §r§8 
12:14:20 [WARPING] §7Request join for Hub #14 (mega30E)...
12:14:20 [PROFILE_JOIN] §aYou are playing on profile: §eKiwi
12:14:20 [PROFILE_JOIN] §8Profile ID: f6880d3c-959f-4385-8e86-be756ea86fe5
12:14:26 [WARPING] §7Request join for Hub #14 (mega30E)...
12:14:26 [WARPING] §7Sending to server mega30E...
12:14:26 [EMPTY] §8 §r§8 §r§1 §r§3 §r§3 §r§7 §r§8 
12:14:29 [PROFILE_JOIN] §aYou are playing on profile: §eKiwi
12:14:29 [PROFILE_JOIN] §8Profile ID: f6880d3c-959f-4385-8e86-be756ea86fe5
12:14:57 [COMPACT_POTION_EFFECT] §a§lBUFF! §fYou were splashed by §6oSilja §fwith §r§9Mana VIII§r§f! Press TAB or type /effects to view your active effects!
12:14:57 [COMPACT_POTION_EFFECT] §a§lBUFF! §fYou were splashed by §6oSilja §fwith §r§9Experience IV§r§f! Press TAB or type /effects to view your active effects!
12:14:57 [COMPACT_POTION_EFFECT] §a§lBUFF! §fYou were splashed by §6oSilja §fwith §r§9Dodge IV§r§f! Press TAB or type /effects to view your active effects!
12:14:58 [COMPACT_POTION_EFFECT] §a§lBUFF! §fYou were splashed by §6oSilja §fwith §r§5Night Vision I§r§f! Press TAB or type /effects to view your active effects!
12:14:58 [COMPACT_POTION_EFFECT] §a§lBUFF! §fYou were splashed by §6oSilja §fwith §r§5Agility IV§r§f! Press TAB or type /effects to view your active effects!
12:14:58 [COMPACT_POTION_EFFECT] §a§lBUFF! §fYou were splashed by §6oSilja §fwith §r§8Stun IV§r§f! Press TAB or type /effects to view your active effects!
12:14:58 [COMPACT_POTION_EFFECT] §a§lBUFF! §fYou were splashed by §6oSilja §fwith §r§8Invisibility I§r§f! Press TAB or type /effects to view your active effects!
12:14:59 [COMPACT_POTION_EFFECT] §a§lBUFF! §fYou were splashed by §6oSilja §fwith §r§fTrue Resistance IV§r§f! Press TAB or type /effects to view your active effects!
12:15:01 [COMPACT_POTION_EFFECT] §a§lBUFF! §fYou were splashed by §6oSilja §fwith §r§aMining XP Boost III§r§f! Press TAB or type /effects to view your active effects!
12:15:02 [COMPACT_POTION_EFFECT] §a§lBUFF! §fYou were splashed by §6oSilja §fwith §r§aRabbit VI§r§f! Press TAB or type /effects to view your active effects!
12:15:02 [COMPACT_POTION_EFFECT] §a§lBUFF! §fYou were splashed by §6oSilja §fwith §r§aResistance VIII§r§f! Press TAB or type /effects to view your active effects!
12:15:03 [COMPACT_POTION_EFFECT] §a§lBUFF! §fYou were splashed by §6oSilja §fwith §r§eHaste IV§r§f! Press TAB or type /effects to view your active effects!
12:15:03 [COMPACT_POTION_EFFECT] §a§lBUFF! §fYou were splashed by §6oSilja §fwith §r§6Absorption VIII§r§f! Press TAB or type /effects to view your active effects!
12:15:03 [COMPACT_POTION_EFFECT] §a§lBUFF! §fYou were splashed by §6oSilja §fwith §r§6Burning IV§r§f! Press TAB or type /effects to view your active effects!
12:15:03 [COMPACT_POTION_EFFECT] §a§lBUFF! §fYou were splashed by §6oSilja §fwith §r§cAdrenaline VIII§r§f! Press TAB or type /effects to view your active effects!
12:15:03 [COMPACT_POTION_EFFECT] §a§lBUFF! §fYou were splashed by §6oSilja §fwith §r§cFire Resistance I§r§f! Press TAB or type /effects to view your active effects!
12:15:06 [COMPACT_POTION_EFFECT] §a§lBUFF! §fYou were splashed by §6oSilja §fwith §r§aForaging XP Boost III§r§f! Press TAB or type /effects to view your active effects!
12:15:07 [COMPACT_POTION_EFFECT] §a§lBUFF! §fYou were splashed by §6oSilja §fwith §r§aFishing XP Boost III§r§f! Press TAB or type /effects to view your active effects!
12:15:07 [COMPACT_POTION_EFFECT] §a§lBUFF! §fYou were splashed by §6oSilja §fwith §r§aFarming XP Boost III§r§f! Press TAB or type /effects to view your active effects!
12:15:07 [COMPACT_POTION_EFFECT] §a§lBUFF! §fYou were splashed by §6oSilja §fwith §r§aEnchanting XP Boost III§r§f! Press TAB or type /effects to view your active effects!
12:15:07 [COMPACT_POTION_EFFECT] §a§lBUFF! §fYou were splashed by §6oSilja §fwith §r§aCombat XP Boost III§r§f! Press TAB or type /effects to view your active effects!
12:15:08 [COMPACT_POTION_EFFECT] §a§lBUFF! §fYou were splashed by §6oSilja §fwith §r§2Mushed Glowy Tonic I§r§f! Press TAB or type /effects to view your active effects!
12:15:08 [COMPACT_POTION_EFFECT] §a§lBUFF! §fYou were splashed by §6oSilja §fwith §r§bWisp's Ice-Flavored Water I§r§f! Press TAB or type /effects to view your active effects!
12:15:09 [COMPACT_POTION_EFFECT] §a§lBUFF! §fYou were splashed by §6oSilja §fwith §r§aAlchemy XP Boost III§r§f! Press TAB or type /effects to view your active effects!
12:15:11 [COMPACT_POTION_EFFECT] §a§lBUFF! §fYou were splashed by §6oSilja §fwith §r§bSpirit IV§r§f! Press TAB or type /effects to view your active effects!
12:15:12 [COMPACT_POTION_EFFECT] §a§lBUFF! §fYou were splashed by §6oSilja §fwith §r§bSpelunker IV§r§f! Press TAB or type /effects to view your active effects!
12:15:12 [COMPACT_POTION_EFFECT] §a§lBUFF! §fYou were splashed by §6oSilja §fwith §r§bPet Luck IV§r§f! Press TAB or type /effects to view your active effects!
12:15:12 [COMPACT_POTION_EFFECT] §a§lBUFF! §fYou were splashed by §6oSilja §fwith §r§bJump Boost IV§r§f! Press TAB or type /effects to view your active effects!
12:15:13 [COMPACT_POTION_EFFECT] §a§lBUFF! §fYou were splashed by §6oSilja §fwith §r§bArchery IV§r§f! Press TAB or type /effects to view your active effects!
12:15:13 [COMPACT_POTION_EFFECT] §a§lBUFF! §fYou were splashed by §6oSilja §fwith §r§9Water Breathing VI§r§f! Press TAB or type /effects to view your active effects!
12:15:13 [COMPACT_POTION_EFFECT] §a§lBUFF! §fYou were splashed by §6oSilja §fwith §r§bMagic Find IV§r§f! Press TAB or type /effects to view your active effects!
12:15:13 [COMPACT_POTION_EFFECT] §a§lBUFF! §fYou were splashed by §6oSilja §fwith §r§9Speed VIII§r§f! Press TAB or type /effects to view your active effects!
12:15:15 [COMPACT_POTION_EFFECT] §a§lBUFF! §fYou were splashed by §6oSilja §fwith §r§4Critical IV§r§f! Press TAB or type /effects to view your active effects!
12:15:16 [COMPACT_POTION_EFFECT] §a§lBUFF! §fYou were splashed by §6oSilja §fwith §r§4Strength VIII§r§f! Press TAB or type /effects to view your active effects!
12:15:16 [COMPACT_POTION_EFFECT] §a§lBUFF! §fYou were splashed by §6oSilja §fwith §r§4Regeneration VIII§r§f! Press TAB or type /effects to view your active effects!
12:15:40 [WARPING] §7Warping...
12:15:40 [WARPING] §7Sending to server mini81BS...
12:15:41 [EMPTY] §8 §r§8 §r§1 §r§3 §r§3 §r§7 §r§8 
12:15:44 [PROFILE_JOIN] §aYou are playing on profile: §eKiwi
12:15:44 [PROFILE_JOIN] §8Profile ID: f6880d3c-959f-4385-8e86-be756ea86fe5
12:15:49 [WARPING] §7Warping...
12:21:05 [GUILD_EXP] §aYou earned §r§2411 GEXP §r§a+ §r§e1,233 Event EXP §r§afrom playing SkyBlock!
12:21:29 [WARPING] §7Warping...
12:21:29 [WARPING] §7Sending to server mini8BC...
12:21:30 [EMPTY] §8 §r§8 §r§1 §r§3 §r§3 §r§7 §r§8 
12:21:33 [PROFILE_JOIN] §aYou are playing on profile: §eKiwi
12:21:33 [PROFILE_JOIN] §8Profile ID: f6880d3c-959f-4385-8e86-be756ea86fe5
12:21:33 [WARPING] §7Warping...
12:21:33 [WARPING] §7Sending to server mini211B...
12:21:34 [EMPTY] §8 §r§8 §r§1 §r§3 §r§3 §r§7 §r§8 
12:21:37 [PROFILE_JOIN] §aYou are playing on profile: §eKiwi
12:21:37 [PROFILE_JOIN] §8Profile ID: f6880d3c-959f-4385-8e86-be756ea86fe5
12:22:02 [WARPING] §7Warping...
12:22:02 [WARPING] §7Sending to server mini1C...
12:22:02 [EMPTY] §8 §r§8 §r§1 §r§3 §r§3 §r§7 §r§8 
12:22:05 [PROFILE_JOIN] §aYou are playing on profile: §eKiwi
12:22:05 [PROFILE_JOIN] §8Profile ID: f6880d3c-959f-4385-8e86-be756ea86fe5
12:22:13 [WARPING] §7Warping...
12:22:13 [WARPING] §7Sending to server mini81BS...
12:22:14 [EMPTY] §8 §r§8 §r§1 §r§3 §r§3 §r§7 §r§8 
12:22:17 [PROFILE_JOIN] §aYou are playing on profile: §eKiwi
12:22:17 [PROFILE_JOIN] §8Profile ID: f6880d3c-959f-4385-8e86-be756ea86fe5
12:22:41 [WARPING] §7Warping...
12:22:41 [WARPING] §7Sending to server mini208U...
12:22:42 [EMPTY] §8 §r§8 §r§1 §r§3 §r§3 §r§7 §r§8 
12:22:43 [WARPING] §7Warping...
12:22:45 [PROFILE_JOIN] §aYou are playing on profile: §eKiwi
12:22:45 [PROFILE_JOIN] §8Profile ID: f6880d3c-959f-4385-8e86-be756ea86fe5
12:22:48 [WARPING] §7Warping...
12:22:48 [WARPING] §7Sending to server mini184A...
12:22:49 [EMPTY] §8 §r§8 §r§1 §r§3 §r§3 §r§7 §r§8 
12:22:52 [PROFILE_JOIN] §aYou are playing on profile: §eKiwi
12:22:52 [PROFILE_JOIN] §8Profile ID: f6880d3c-959f-4385-8e86-be756ea86fe5
12:24:12 [WARPING] §7Warping...
12:24:12 [WARPING] §7Sending to server mini80DG...
12:24:13 [EMPTY] §8 §r§8 §r§1 §r§3 §r§3 §r§7 §r§8 
12:24:14 [WARPING] §7Warping...
12:24:15 [PROFILE_JOIN] §aYou are playing on profile: §eKiwi
12:24:15 [PROFILE_JOIN] §8Profile ID: f6880d3c-959f-4385-8e86-be756ea86fe5
12:24:17 [WARPING] §7Warping...
12:24:18 [WARPING] §7Sending to server mini65CC...
12:24:18 [EMPTY] §8 §r§8 §r§1 §r§3 §r§3 §r§7 §r§8 
12:24:21 [PROFILE_JOIN] §aYou are playing on profile: §eKiwi
12:24:21 [PROFILE_JOIN] §8Profile ID: f6880d3c-959f-4385-8e86-be756ea86fe5
12:24:54 [WARPING] §7Warping...
12:24:54 [WARPING] §7Sending to server mini39H...
12:24:55 [EMPTY] §8 §r§8 §r§1 §r§3 §r§3 §r§7 §r§8 
12:24:57 [WARPING] §7Warping...
12:24:58 [PROFILE_JOIN] §aYou are playing on profile: §eKiwi
12:24:58 [PROFILE_JOIN] §8Profile ID: f6880d3c-959f-4385-8e86-be756ea86fe5
12:25:00 [WARPING] §7Warping...
12:25:00 [WARPING] §7Sending to server mini187U...
12:25:01 [EMPTY] §8 §r§8 §r§1 §r§3 §r§3 §r§7 §r§8 
12:25:04 [PROFILE_JOIN] §aYou are playing on profile: §eKiwi
12:25:04 [PROFILE_JOIN] §8Profile ID: f6880d3c-959f-4385-8e86-be756ea86fe5
12:26:05 [COMPACT_BINGO_BORDER] §3§l▬▬▬▬▬▬▬▬▬▬▬▬▬▬▬▬▬▬▬▬▬▬▬▬▬▬▬▬▬▬▬▬▬▬▬▬▬▬▬▬▬▬▬▬▬▬▬▬▬▬▬▬▬▬▬▬▬▬▬▬▬▬▬▬
12:26:05 [EMPTY] 
12:26:05 [COMPACT_SKILL_LEVEL_UP]   §r§a§lREWARDS
12:26:05 [COMPACT_SKILL_LEVEL_UP]    §r§eSpelunker XX
12:26:05 [COMPACT_SKILL_LEVEL_UP]    §r  §7§fGrants §a+§876➜§a80§f §6☘ Mining Fortune§f, which increases your
12:26:05 [COMPACT_SKILL_LEVEL_UP]    §r  §fchance for multiple ore drops.
12:26:05 [COMPACT_SKILL_LEVEL_UP]    §r§7§8+§a2 §a❈ Defense
12:26:05 [COMPACT_SKILL_LEVEL_UP]    §r§7§9Entropy Suppressor §7Reforge
12:26:05 [COMPACT_SKILL_LEVEL_UP]    §r§7§9Jaderald §7Reforge
12:26:05 [COMPACT_SKILL_LEVEL_UP]    §r§7§9Dragon Scale §7Reforge
12:26:05 [COMPACT_SKILL_LEVEL_UP]    §r§7§9Molten Cube §7Reforge
12:26:05 [COMPACT_SKILL_LEVEL_UP]    §r§7§5Frozen Bauble §7Reforge
12:26:05 [COMPACT_SKILL_LEVEL_UP]    §r§7§8+§6100,000 §7Coins
12:26:05 [COMPACT_SKILL_LEVEL_UP]    §r§7§8+§b10 SkyBlock XP
12:26:05 [COMPACT_BINGO_BORDER] §3§l▬▬▬▬▬▬▬▬▬▬▬▬▬▬▬▬▬▬▬▬▬▬▬▬▬▬▬▬▬▬▬▬▬▬▬▬▬▬▬▬▬▬▬▬▬▬▬▬▬▬▬▬▬▬▬▬▬▬▬▬▬▬▬▬
12:26:51 [REWARD_WRAPPER] §e§l▬▬▬▬▬▬▬▬▬▬▬▬▬▬▬▬▬▬▬▬▬▬▬▬▬▬▬▬▬▬▬▬▬▬▬▬▬▬▬▬▬▬▬▬▬▬▬▬▬▬▬▬▬▬▬▬▬▬▬▬▬▬▬▬
12:26:51 [EMPTY] 
12:26:51 [POWDER_REWARD_HEADER]   §r§a§lREWARDS
12:26:51 [COMPACT_COLLECTION_LEVEL_UP]     §r§7§8+§b4 SkyBlock XP
12:26:51 [REWARD_WRAPPER] §e§l▬▬▬▬▬▬▬▬▬▬▬▬▬▬▬▬▬▬▬▬▬▬▬▬▬▬▬▬▬▬▬▬▬▬▬▬▬▬▬▬▬▬▬▬▬▬▬▬▬▬▬▬▬▬▬▬▬▬▬▬▬▬▬▬
12:29:38 [GUILD_EXP] §aYou earned §r§2398 GEXP §r§a+ §r§e1,194 Event EXP §r§afrom playing SkyBlock!
12:50:29 [EMPTY] §f §r§r§r§f §r§r§r§1 §r§r§r§0 §r§r§r§2 §r§r§r§f §r§r§r§f §r§r§r§2 §r§r§r§0 §r§r§r§4 §r§r§r§3 §r§r§r§9 §r§r§r§2 §r§r§r§0 §r§r§r§0 §r§r§r§3 §r§r§r§9 §r§r§r§2 §r§r§r§0 §r§r§r§0 §r§r§r§3 §r§r§r§9 §r§r§r§2 §r§r§r§0 §r§r§r§0 
12:50:29 [LOBBY] §b✦ §r§7You earned §r§b36 §r§7Mystery Dust!
12:50:29 [LOBBY] §b[MVP§f+§b] Sebbebas§f §6joined the lobby!
12:50:29 [LOBBY] §b[MVP§6+§b] supermelon0213§f §6joined the lobby!
12:50:31 [LOBBY]   §r§f§l➤ §r§6You have reached your Hype limit! Add Hype to Prototype Lobby minigames by right-clicking with the Hype Diamond!
12:50:34 [WARPING] §7Sending to server mini93DN...
12:50:35 [EMPTY] §8 §r§8 §r§1 §r§3 §r§3 §r§7 §r§8 
12:50:37 [EMPTY] 
12:50:37 [WELCOME] §eWelcome to §r§aHypixel SkyBlock§r§e!
12:50:37 [EMPTY] 
12:50:38 [PROFILE_JOIN] §aYou are playing on profile: §eKiwi
12:50:38 [PROFILE_JOIN] §8Profile ID: f6880d3c-959f-4385-8e86-be756ea86fe5
12:51:41 [EMPTY] §f                                        
12:51:41 [EMPTY] §f                                        
12:52:22 [COMPACT_BINGO_BORDER] §3§l▬▬▬▬▬▬▬▬▬▬▬▬▬▬▬▬▬▬▬▬▬▬▬▬▬▬▬▬▬▬▬▬▬▬▬▬▬▬▬▬▬▬▬▬▬▬▬▬▬▬▬▬▬▬▬▬▬▬▬▬▬▬▬▬
12:52:22 [EMPTY]  
12:52:22 [BESTIARY] §f                                  §6§lBESTIARY
12:52:23 [BESTIARY] §f                             §b§lGoblin Raiders §7§bI
12:52:23 [BESTIARY] 
12:52:23 [BESTIARY] §f                                  §r§6§lREWARDS
12:52:23 [BESTIARY] §f                     §r§8+§r§a2 Goblin Raiders §r§b✯ Magic Find
12:52:23 [BESTIARY] §f                      §r§8+§r§a2 Goblin Raiders §r§c❁ Strength
12:52:23 [BESTIARY] §f                         §r§8+§r§62% §r§aGoblin Raiders §r§7coins
12:52:23 [BESTIARY] §f                    §r§8+§r§a50% §r§7chance for extra XP orbs
12:52:23 [BESTIARY] §f                               §r§8+§r§b1 SkyBlock XP
12:52:23 [BESTIARY] 
12:52:23 [BESTIARY] §3§l▬▬▬▬▬▬▬▬▬▬▬▬▬▬▬▬▬▬▬▬▬▬▬▬▬▬▬▬▬▬▬▬▬▬▬▬▬▬▬▬▬▬▬▬▬▬▬▬▬▬▬▬▬▬▬▬▬▬▬▬▬▬▬▬
12:52:44 [COMPACT_BINGO_BORDER] §3§l▬▬▬▬▬▬▬▬▬▬▬▬▬▬▬▬▬▬▬▬▬▬▬▬▬▬▬▬▬▬▬▬▬▬▬▬▬▬▬▬▬▬▬▬▬▬▬▬▬▬▬▬▬▬▬▬▬▬▬▬▬▬▬▬
12:52:44 [EMPTY]  
12:52:44 [BESTIARY] §f                                  §6§lBESTIARY
12:52:44 [BESTIARY] §f                         §b§lGoblin Raiders §7§8I §8➡§b §bII
12:52:44 [BESTIARY] 
12:52:44 [BESTIARY] §f                                  §r§6§lREWARDS
12:52:44 [BESTIARY] §f                     §r§8+§r§a2 Goblin Raiders §r§b✯ Magic Find
12:52:44 [BESTIARY] §f                      §r§8+§r§a2 Goblin Raiders §r§c❁ Strength
12:52:44 [BESTIARY] §f                         §r§8+§r§62% §r§aGoblin Raiders §r§7coins
12:52:44 [BESTIARY] §f                    §r§8+§r§a50% §r§7chance for extra XP orbs
12:52:44 [BESTIARY] §f                               §r§8+§r§b1 SkyBlock XP
12:52:44 [BESTIARY] 
12:52:44 [BESTIARY]   §r§f                         §6§lBESTIARY MILESTONE
12:52:44 [BESTIARY]   §r§f                                   §8VII➡§eVIII
12:52:44 [BESTIARY] 
12:52:44 [BESTIARY] §3§l▬▬▬▬▬▬▬▬▬▬▬▬▬▬▬▬▬▬▬▬▬▬▬▬▬▬▬▬▬▬▬▬▬▬▬▬▬▬▬▬▬▬▬▬▬▬▬▬▬▬▬▬▬▬▬▬▬▬▬▬▬▬▬▬
12:52:47 [GUILD_EXP] §aYou earned §r§2158 GEXP §r§a+ §r§e474 Event EXP §r§afrom playing SkyBlock!
12:52:56 [COMPACT_BINGO_BORDER] §3§l▬▬▬▬▬▬▬▬▬▬▬▬▬▬▬▬▬▬▬▬▬▬▬▬▬▬▬▬▬▬▬▬▬▬▬▬▬▬▬▬▬▬▬▬▬▬▬▬▬▬▬▬▬▬▬▬▬▬▬▬▬▬▬▬
12:52:56 [EMPTY]  
12:52:56 [BESTIARY] §f                                  §6§lBESTIARY
12:52:56 [BESTIARY] §f                        §b§lGoblin Raiders §7§8II §8➡§b §bIII
12:52:56 [BESTIARY] 
12:52:56 [BESTIARY] §f                                  §r§6§lREWARDS
12:52:56 [BESTIARY] §f                     §r§8+§r§a2 Goblin Raiders §r§b✯ Magic Find
12:52:56 [BESTIARY] §f                      §r§8+§r§a2 Goblin Raiders §r§c❁ Strength
12:52:56 [BESTIARY] §f                         §r§8+§r§62% §r§aGoblin Raiders §r§7coins
12:52:56 [BESTIARY] §f                    §r§8+§r§a50% §r§7chance for extra XP orbs
12:52:56 [BESTIARY] §f                               §r§8+§r§b1 SkyBlock XP
12:52:56 [BESTIARY] 
12:52:56 [BESTIARY] §3§l▬▬▬▬▬▬▬▬▬▬▬▬▬▬▬▬▬▬▬▬▬▬▬▬▬▬▬▬▬▬▬▬▬▬▬▬▬▬▬▬▬▬▬▬▬▬▬▬▬▬▬▬▬▬▬▬▬▬▬▬▬▬▬▬
12:53:03 [COMPACT_BINGO_BORDER] §3§l▬▬▬▬▬▬▬▬▬▬▬▬▬▬▬▬▬▬▬▬▬▬▬▬▬▬▬▬▬▬▬▬▬▬▬▬▬▬▬▬▬▬▬▬▬▬▬▬▬▬▬▬▬▬▬▬▬▬▬▬▬▬▬▬
12:53:03 [EMPTY]  
12:53:03 [BESTIARY] §f                                  §6§lBESTIARY
12:53:03 [BESTIARY] §f                        §b§lGoblin Raiders §7§8III §8➡§b §bIV
12:53:03 [BESTIARY] 
12:53:03 [BESTIARY] §f                                  §r§6§lREWARDS
12:53:03 [BESTIARY] §f                     §r§8+§r§a2 Goblin Raiders §r§b✯ Magic Find
12:53:03 [BESTIARY] §f                      §r§8+§r§a2 Goblin Raiders §r§c❁ Strength
12:53:03 [BESTIARY] §f                         §r§8+§r§62% §r§aGoblin Raiders §r§7coins
12:53:03 [BESTIARY] §f                    §r§8+§r§a50% §r§7chance for extra XP orbs
12:53:03 [BESTIARY] §f                               §r§8+§r§b1 SkyBlock XP
12:53:03 [BESTIARY] 
12:53:03 [BESTIARY] §3§l▬▬▬▬▬▬▬▬▬▬▬▬▬▬▬▬▬▬▬▬▬▬▬▬▬▬▬▬▬▬▬▬▬▬▬▬▬▬▬▬▬▬▬▬▬▬▬▬▬▬▬▬▬▬▬▬▬▬▬▬▬▬▬▬
12:53:15 [COMPACT_BINGO_BORDER] §3§l▬▬▬▬▬▬▬▬▬▬▬▬▬▬▬▬▬▬▬▬▬▬▬▬▬▬▬▬▬▬▬▬▬▬▬▬▬▬▬▬▬▬▬▬▬▬▬▬▬▬▬▬▬▬▬▬▬▬▬▬▬▬▬▬
12:53:15 [EMPTY]  
12:53:15 [BESTIARY] §f                                  §6§lBESTIARY
12:53:15 [BESTIARY] §f                         §b§lGoblin Raiders §7§8IV §8➡§b §bV
12:53:15 [BESTIARY] 
12:53:15 [BESTIARY] §f                                  §r§6§lREWARDS
12:53:15 [BESTIARY] §f                     §r§8+§r§a2 Goblin Raiders §r§b✯ Magic Find
12:53:15 [BESTIARY] §f                      §r§8+§r§a2 Goblin Raiders §r§c❁ Strength
12:53:15 [BESTIARY] §f                         §r§8+§r§62% §r§aGoblin Raiders §r§7coins
12:53:15 [BESTIARY] §f                    §r§8+§r§a50% §r§7chance for extra XP orbs
12:53:15 [BESTIARY] §f                               §r§8+§r§b1 SkyBlock XP
12:53:15 [BESTIARY] 
12:53:15 [BESTIARY] §3§l▬▬▬▬▬▬▬▬▬▬▬▬▬▬▬▬▬▬▬▬▬▬▬▬▬▬▬▬▬▬▬▬▬▬▬▬▬▬▬▬▬▬▬▬▬▬▬▬▬▬▬▬▬▬▬▬▬▬▬▬▬▬▬▬
12:53:23 [COMPACT_BINGO_BORDER] §3§l▬▬▬▬▬▬▬▬▬▬▬▬▬▬▬▬▬▬▬▬▬▬▬▬▬▬▬▬▬▬▬▬▬▬▬▬▬▬▬▬▬▬▬▬▬▬▬▬▬▬▬▬▬▬▬▬▬▬▬▬▬▬▬▬
12:53:23 [EMPTY]  
12:53:23 [BESTIARY] §f                                  §6§lBESTIARY
12:53:23 [BESTIARY] §f                         §b§lGoblin Raiders §7§8V §8➡§b §bVI
12:53:23 [BESTIARY] 
12:53:23 [BESTIARY] §f                                  §r§6§lREWARDS
12:53:23 [BESTIARY] §f                     §r§8+§r§a3 Goblin Raiders §r§b✯ Magic Find
12:53:23 [BESTIARY] §f                      §r§8+§r§a3 Goblin Raiders §r§c❁ Strength
12:53:23 [BESTIARY] §f                         §r§8+§r§62% §r§aGoblin Raiders §r§7coins
12:53:23 [BESTIARY] §f                    §r§8+§r§a50% §r§7chance for extra XP orbs
12:53:23 [BESTIARY] §f                               §r§8+§r§b1 SkyBlock XP
12:53:23 [BESTIARY] 
12:53:23 [BESTIARY] §3§l▬▬▬▬▬▬▬▬▬▬▬▬▬▬▬▬▬▬▬▬▬▬▬▬▬▬▬▬▬▬▬▬▬▬▬▬▬▬▬▬▬▬▬▬▬▬▬▬▬▬▬▬▬▬▬▬▬▬▬▬▬▬▬▬
12:53:28 [COMPACT_BINGO_BORDER] §3§l▬▬▬▬▬▬▬▬▬▬▬▬▬▬▬▬▬▬▬▬▬▬▬▬▬▬▬▬▬▬▬▬▬▬▬▬▬▬▬▬▬▬▬▬▬▬▬▬▬▬▬▬▬▬▬▬▬▬▬▬▬▬▬▬
12:53:28 [EMPTY]  
12:53:28 [BESTIARY] §f                                  §6§lBESTIARY
12:53:28 [BESTIARY] §f                        §b§lGoblin Raiders §7§8VI §8➡§b §bVII
12:53:28 [BESTIARY] 
12:53:28 [BESTIARY] §f                                  §r§6§lREWARDS
12:53:28 [BESTIARY] §f                     §r§8+§r§a3 Goblin Raiders §r§b✯ Magic Find
12:53:28 [BESTIARY] §f                      §r§8+§r§a3 Goblin Raiders §r§c❁ Strength
12:53:28 [BESTIARY] §f                         §r§8+§r§62% §r§aGoblin Raiders §r§7coins
12:53:28 [BESTIARY] §f                    §r§8+§r§a50% §r§7chance for extra XP orbs
12:53:28 [BESTIARY] §f                               §r§8+§r§b1 SkyBlock XP
12:53:28 [BESTIARY] 
12:53:28 [BESTIARY] §3§l▬▬▬▬▬▬▬▬▬▬▬▬▬▬▬▬▬▬▬▬▬▬▬▬▬▬▬▬▬▬▬▬▬▬▬▬▬▬▬▬▬▬▬▬▬▬▬▬▬▬▬▬▬▬▬▬▬▬▬▬▬▬▬▬
12:54:42 [COMPACT_BINGO_BORDER] §3§l▬▬▬▬▬▬▬▬▬▬▬▬▬▬▬▬▬▬▬▬▬▬▬▬▬▬▬▬▬▬▬▬▬▬▬▬▬▬▬▬▬▬▬▬▬▬▬▬▬▬▬▬▬▬▬▬▬▬▬▬▬▬▬▬
12:54:42 [EMPTY]  
12:54:42 [BESTIARY] §f                                  §6§lBESTIARY
12:54:42 [BESTIARY] §f                       §b§lGoblin Raiders §7§8VII §8➡§b §bVIII
12:54:42 [BESTIARY] 
12:54:42 [BESTIARY] §f                                  §r§6§lREWARDS
12:54:42 [BESTIARY] §f                     §r§8+§r§a3 Goblin Raiders §r§b✯ Magic Find
12:54:42 [BESTIARY] §f                      §r§8+§r§a3 Goblin Raiders §r§c❁ Strength
12:54:42 [BESTIARY] §f                         §r§8+§r§62% §r§aGoblin Raiders §r§7coins
12:54:42 [BESTIARY] §f                    §r§8+§r§a50% §r§7chance for extra XP orbs
12:54:42 [BESTIARY] §f                               §r§8+§r§b1 SkyBlock XP
12:54:42 [BESTIARY] 
12:54:42 [BESTIARY] §3§l▬▬▬▬▬▬▬▬▬▬▬▬▬▬▬▬▬▬▬▬▬▬▬▬▬▬▬▬▬▬▬▬▬▬▬▬▬▬▬▬▬▬▬▬▬▬▬▬▬▬▬▬▬▬▬▬▬▬▬▬▬▬▬▬
12:56:22 [EMPTY] 
12:56:24 [EMPTY] 
12:56:24 [EMPTY] 
12:56:46 [EMPTY] 
12:56:46 [EMPTY] 
12:57:08 [WARPING] §7Warping...
12:57:43 [EMPTY] 
12:57:43 [EMPTY] 
12:57:49 [WARPING] §7Finding player...
12:57:50 [WARPING] §7Sending a visit request...
12:57:50 [WARPING] §7Sending to server mini39CG...
12:57:51 [EMPTY] §8 §r§8 §r§1 §r§3 §r§3 §r§7 §r§8 
12:57:51 [EMPTY]  
12:57:51 [EMPTY]   
12:57:54 [PROFILE_JOIN] §aYou are playing on profile: §eKiwi
12:57:54 [PROFILE_JOIN] §8Profile ID: f6880d3c-959f-4385-8e86-be756ea86fe5
12:58:07 [WARPING] §7Sending to server mini158DW...
12:58:08 [EMPTY] §8 §r§8 §r§1 §r§3 §r§3 §r§7 §r§8 
12:58:08 [EMPTY] 
12:58:08 [EMPTY] 
12:58:08 [COMPACT_NEW_AREA_DISCOVERED] §7   ■ §r§f§r§7§r§fPlace all Crystals at the statues.
12:58:08 [EMPTY] 
12:58:09 [EMPTY]  
12:58:09 [EMPTY]   
12:58:11 [PROFILE_JOIN] §aYou are playing on profile: §eKiwi
12:58:11 [PROFILE_JOIN] §8Profile ID: f6880d3c-959f-4385-8e86-be756ea86fe5
12:58:13 [COMPACT_BINGO_BORDER] §3§l▬▬▬▬▬▬▬▬▬▬▬▬▬▬▬▬▬▬▬▬▬▬▬▬▬▬▬▬▬▬▬▬▬▬▬▬▬▬▬▬▬▬▬▬▬▬▬▬▬▬▬▬▬▬▬▬▬▬▬▬▬▬▬▬
12:58:13 [EMPTY]  
12:58:13 [EMPTY]  
12:58:13 [EMPTY]  
12:58:13 [COMPACT_BINGO_BORDER] §3§l▬▬▬▬▬▬▬▬▬▬▬▬▬▬▬▬▬▬▬▬▬▬▬▬▬▬▬▬▬▬▬▬▬▬▬▬▬▬▬▬▬▬▬▬▬▬▬▬▬▬▬▬▬▬▬▬▬▬▬▬▬▬▬▬
12:58:24 [EMPTY] 
12:58:24 [EMPTY] 
12:58:24 [COMPACT_NEW_AREA_DISCOVERED] §7   ■ §r§f§r§7§r§fA familiar-looking place rich with Jade Gemstones.
12:58:24 [EMPTY] 
12:58:25 [EMPTY] 
12:58:25 [EMPTY] 
12:58:25 [COMPACT_NEW_AREA_DISCOVERED] §7   ■ §r§f§r§7§r§fFear entering the mines.
12:58:25 [COMPACT_NEW_AREA_DISCOVERED] §7   ■ §r§f§r§7§r§fThe dwarves delved too greedily and too deep.
12:58:25 [COMPACT_NEW_AREA_DISCOVERED] §7   ■ §r§f§r§7§r§fTreasures piled high, who knows what lies beneath.
12:58:25 [EMPTY] 
12:58:27 [EMPTY] 
12:58:27 [EMPTY] 
12:59:03 [EMPTY] 
13:00:41 [GUILD_EXP] §aYou earned §r§2166 GEXP §r§a+ §r§e498 Event EXP §r§afrom playing SkyBlock!
13:02:35 [EMPTY] 
13:02:35 [EMPTY] 
13:02:35 [EMPTY] 
13:02:35 [EMPTY] 
13:02:35 [EMPTY] 
13:02:35 [EMPTY] 
13:03:26 [EMPTY] 
13:03:26 [EMPTY] 
13:03:26 [COMPACT_NEW_AREA_DISCOVERED] §7   ■ §r§f§r§7§r§fFight Sludges.
13:03:26 [COMPACT_NEW_AREA_DISCOVERED] §7   ■ §r§f§r§7§r§fMine Amethyst Gemstones.
13:03:26 [COMPACT_NEW_AREA_DISCOVERED] §7   ■ §r§f§r§7§r§fMeet the local tribe!
13:03:26 [EMPTY] 
13:03:54 [EMPTY] §f                                        
13:04:25 [REWARD_WRAPPER] §d§l▬▬▬▬▬▬▬▬▬▬▬▬▬▬▬▬▬▬▬▬▬▬▬▬▬▬▬▬▬▬▬▬▬▬▬▬▬▬▬▬▬▬▬▬▬▬▬▬▬▬▬▬▬▬▬▬▬▬▬▬▬▬▬▬
13:04:25 [LOOT_CHEST_OPENED]   §r§5§lLOOT CHEST COLLECTED 
13:04:25 [EMPTY] 
13:04:25 [POWDER_REWARD_HEADER]   §r§f§lREWARDS
13:04:25 [POWDER_MINING_GEMSTONES]     §r§f❈ Rough Amethyst Gemstone §r§8x8
13:04:25 [POWDER_MINING_ESSENCE]     §r§dDiamond Essence
13:04:25 [POWDER_MINING_ESSENCE]     §r§dGold Essence
13:04:25 [POWDER_MINING_POWDER]     §r§2Mithril Powder §r§8x442
13:04:25 [REWARD_WRAPPER] §d§l▬▬▬▬▬▬▬▬▬▬▬▬▬▬▬▬▬▬▬▬▬▬▬▬▬▬▬▬▬▬▬▬▬▬▬▬▬▬▬▬▬▬▬▬▬▬▬▬▬▬▬▬▬▬▬▬▬▬▬▬▬▬▬▬
13:05:02 [COMPACT_BINGO_BORDER] §3§l▬▬▬▬▬▬▬▬▬▬▬▬▬▬▬▬▬▬▬▬▬▬▬▬▬▬▬▬▬▬▬▬▬▬▬▬▬▬▬▬▬▬▬▬▬▬▬▬▬▬▬▬▬▬▬▬▬▬▬▬▬▬▬▬
13:05:02 [EMPTY]  
13:05:02 [BESTIARY] §f                                  §6§lBESTIARY
13:05:02 [BESTIARY] §f                                  §b§lSludge §7§bI
13:05:02 [BESTIARY] 
13:05:02 [BESTIARY] §f                                  §r§6§lREWARDS
13:05:02 [BESTIARY] §f                          §r§8+§r§a2 Sludge §r§b✯ Magic Find
13:05:02 [BESTIARY] §f                           §r§8+§r§a2 Sludge §r§c❁ Strength
13:05:02 [BESTIARY] §f                              §r§8+§r§62% §r§aSludge §r§7coins
13:05:02 [BESTIARY] §f                    §r§8+§r§a50% §r§7chance for extra XP orbs
13:05:02 [BESTIARY] §f                               §r§8+§r§b1 SkyBlock XP
13:05:02 [BESTIARY] 
13:05:02 [BESTIARY] §3§l▬▬▬▬▬▬▬▬▬▬▬▬▬▬▬▬▬▬▬▬▬▬▬▬▬▬▬▬▬▬▬▬▬▬▬▬▬▬▬▬▬▬▬▬▬▬▬▬▬▬▬▬▬▬▬▬▬▬▬▬▬▬▬▬
13:05:07 [COMPACT_BINGO_BORDER] §3§l▬▬▬▬▬▬▬▬▬▬▬▬▬▬▬▬▬▬▬▬▬▬▬▬▬▬▬▬▬▬▬▬▬▬▬▬▬▬▬▬▬▬▬▬▬▬▬▬▬▬▬▬▬▬▬▬▬▬▬▬▬▬▬▬
13:05:07 [EMPTY]  
13:05:07 [BESTIARY] §f                                  §6§lBESTIARY
13:05:07 [BESTIARY] §f                               §b§lSludge §7§8I §8➡§b §bII
13:05:07 [BESTIARY] 
13:05:07 [BESTIARY] §f                                  §r§6§lREWARDS
13:05:07 [BESTIARY] §f                          §r§8+§r§a2 Sludge §r§b✯ Magic Find
13:05:07 [BESTIARY] §f                           §r§8+§r§a2 Sludge §r§c❁ Strength
13:05:07 [BESTIARY] §f                              §r§8+§r§62% §r§aSludge §r§7coins
13:05:07 [BESTIARY] §f                    §r§8+§r§a50% §r§7chance for extra XP orbs
13:05:07 [BESTIARY] §f                               §r§8+§r§b1 SkyBlock XP
13:05:07 [BESTIARY] 
13:05:07 [BESTIARY] §3§l▬▬▬▬▬▬▬▬▬▬▬▬▬▬▬▬▬▬▬▬▬▬▬▬▬▬▬▬▬▬▬▬▬▬▬▬▬▬▬▬▬▬▬▬▬▬▬▬▬▬▬▬▬▬▬▬▬▬▬▬▬▬▬▬
13:05:11 [COMPACT_BINGO_BORDER] §3§l▬▬▬▬▬▬▬▬▬▬▬▬▬▬▬▬▬▬▬▬▬▬▬▬▬▬▬▬▬▬▬▬▬▬▬▬▬▬▬▬▬▬▬▬▬▬▬▬▬▬▬▬▬▬▬▬▬▬▬▬▬▬▬▬
13:05:11 [EMPTY]  
13:05:11 [BESTIARY] §f                                  §6§lBESTIARY
13:05:11 [BESTIARY] §f                              §b§lSludge §7§8II §8➡§b §bIII
13:05:11 [BESTIARY] 
13:05:11 [BESTIARY] §f                                  §r§6§lREWARDS
13:05:11 [BESTIARY] §f                          §r§8+§r§a2 Sludge §r§b✯ Magic Find
13:05:11 [BESTIARY] §f                           §r§8+§r§a2 Sludge §r§c❁ Strength
13:05:11 [BESTIARY] §f                              §r§8+§r§62% §r§aSludge §r§7coins
13:05:11 [BESTIARY] §f                    §r§8+§r§a50% §r§7chance for extra XP orbs
13:05:11 [BESTIARY] §f                               §r§8+§r§b1 SkyBlock XP
13:05:11 [BESTIARY] 
13:05:11 [BESTIARY] §3§l▬▬▬▬▬▬▬▬▬▬▬▬▬▬▬▬▬▬▬▬▬▬▬▬▬▬▬▬▬▬▬▬▬▬▬▬▬▬▬▬▬▬▬▬▬▬▬▬▬▬▬▬▬▬▬▬▬▬▬▬▬▬▬▬
13:05:44 [GUILD_EXP] §aYou earned §r§2745 GEXP §r§a+ §r§e2,235 Event EXP §r§afrom playing SkyBlock!
13:06:20 [COMPACT_BINGO_BORDER] §3§l▬▬▬▬▬▬▬▬▬▬▬▬▬▬▬▬▬▬▬▬▬▬▬▬▬▬▬▬▬▬▬▬▬▬▬▬▬▬▬▬▬▬▬▬▬▬▬▬▬▬▬▬▬▬▬▬▬▬▬▬▬▬▬▬
13:06:20 [EMPTY]  
13:06:20 [BESTIARY] §f                                  §6§lBESTIARY
13:06:20 [BESTIARY] §f                              §b§lSludge §7§8III §8➡§b §bIV
13:06:20 [BESTIARY] 
13:06:20 [BESTIARY] §f                                  §r§6§lREWARDS
13:06:20 [BESTIARY] §f                          §r§8+§r§a2 Sludge §r§b✯ Magic Find
13:06:20 [BESTIARY] §f                           §r§8+§r§a2 Sludge §r§c❁ Strength
13:06:20 [BESTIARY] §f                              §r§8+§r§62% §r§aSludge §r§7coins
13:06:20 [BESTIARY] §f                    §r§8+§r§a50% §r§7chance for extra XP orbs
13:06:20 [BESTIARY] §f                               §r§8+§r§b1 SkyBlock XP
13:06:20 [BESTIARY] 
13:06:20 [BESTIARY]   §r§f                         §6§lBESTIARY MILESTONE
13:06:20 [BESTIARY]   §r§f                                    §8VIII➡§eIX
13:06:20 [BESTIARY] 
13:06:20 [BESTIARY] §3§l▬▬▬▬▬▬▬▬▬▬▬▬▬▬▬▬▬▬▬▬▬▬▬▬▬▬▬▬▬▬▬▬▬▬▬▬▬▬▬▬▬▬▬▬▬▬▬▬▬▬▬▬▬▬▬▬▬▬▬▬▬▬▬▬
13:06:53 [STRONGER_TOOL] §cYou need a tool with a §r§aBreaking Power §r§cof §r§67§r§c to mine Amethyst Gemstone Block§r§c! Speak to §r§dFragilis §r§cby the entrance to the Crystal Hollows to learn more!
13:07:24 [COMPACT_BINGO_BORDER] §3§l▬▬▬▬▬▬▬▬▬▬▬▬▬▬▬▬▬▬▬▬▬▬▬▬▬▬▬▬▬▬▬▬▬▬▬▬▬▬▬▬▬▬▬▬▬▬▬▬▬▬▬▬▬▬▬▬▬▬▬▬▬▬▬▬
13:07:24 [EMPTY]  
13:07:24 [BESTIARY] §f                                  §6§lBESTIARY
13:07:24 [BESTIARY] §f                               §b§lSludge §7§8IV §8➡§b §bV
13:07:24 [BESTIARY] 
13:07:24 [BESTIARY] §f                                  §r§6§lREWARDS
13:07:24 [BESTIARY] §f                          §r§8+§r§a2 Sludge §r§b✯ Magic Find
13:07:24 [BESTIARY] §f                           §r§8+§r§a2 Sludge §r§c❁ Strength
13:07:24 [BESTIARY] §f                              §r§8+§r§62% §r§aSludge §r§7coins
13:07:24 [BESTIARY] §f                    §r§8+§r§a50% §r§7chance for extra XP orbs
13:07:24 [BESTIARY] §f                               §r§8+§r§b1 SkyBlock XP
13:07:24 [BESTIARY] 
13:07:24 [BESTIARY] §3§l▬▬▬▬▬▬▬▬▬▬▬▬▬▬▬▬▬▬▬▬▬▬▬▬▬▬▬▬▬▬▬▬▬▬▬▬▬▬▬▬▬▬▬▬▬▬▬▬▬▬▬▬▬▬▬▬▬▬▬▬▬▬▬▬
13:08:14 [EMPTY] 
13:08:14 [EMPTY] 
13:08:14 [COMPACT_NEW_AREA_DISCOVERED] §7   ■ §r§f§r§7§r§fFind Topaz Gemstones.
13:08:14 [COMPACT_NEW_AREA_DISCOVERED] §7   ■ §r§f§r§7§r§fWatch your temperature!
13:08:14 [EMPTY] 
13:08:29 [REWARD_WRAPPER] §d§l▬▬▬▬▬▬▬▬▬▬▬▬▬▬▬▬▬▬▬▬▬▬▬▬▬▬▬▬▬▬▬▬▬▬▬▬▬▬▬▬▬▬▬▬▬▬▬▬▬▬▬▬▬▬▬▬▬▬▬▬▬▬▬▬
13:08:29 [LOOT_CHEST_OPENED]   §r§5§lLOOT CHEST COLLECTED 
13:08:29 [EMPTY] 
13:08:29 [POWDER_REWARD_HEADER]   §r§f§lREWARDS
13:08:29 [POWDER_MINING_GEMSTONES]     §r§a❈ Flawed Amethyst Gemstone
13:08:29 [POWDER_MINING_GEMSTONES]     §r§f❤ Rough Ruby Gemstone §r§8x24
13:08:29 [POWDER_MINING_OIL_BARREL]     §r§aOil Barrel
13:08:29 [POWDER_MINING_GEMSTONES]     §r§f❈ Rough Amethyst Gemstone §r§8x24
13:08:29 [POWDER_MINING_ESSENCE]     §r§dGold Essence
13:08:29 [POWDER_MINING_POWDER]     §r§2Mithril Powder §r§8x198
13:08:29 [REWARD_WRAPPER] §d§l▬▬▬▬▬▬▬▬▬▬▬▬▬▬▬▬▬▬▬▬▬▬▬▬▬▬▬▬▬▬▬▬▬▬▬▬▬▬▬▬▬▬▬▬▬▬▬▬▬▬▬▬▬▬▬▬▬▬▬▬▬▬▬▬
13:08:36 [REWARD_WRAPPER] §d§l▬▬▬▬▬▬▬▬▬▬▬▬▬▬▬▬▬▬▬▬▬▬▬▬▬▬▬▬▬▬▬▬▬▬▬▬▬▬▬▬▬▬▬▬▬▬▬▬▬▬▬▬▬▬▬▬▬▬▬▬▬▬▬▬
13:08:36 [LOOT_CHEST_OPENED]   §r§5§lLOOT CHEST COLLECTED 
13:08:36 [EMPTY] 
13:08:36 [POWDER_REWARD_HEADER]   §r§f§lREWARDS
13:08:36 [POWDER_MINING_GEMSTONES]     §r§f✧ Rough Topaz Gemstone §r§8x16
13:08:36 [POWDER_MINING_ESSENCE]     §r§dDiamond Essence §r§8x3
13:08:36 [POWDER_MINING_ESSENCE]     §r§dGold Essence §r§8x2
13:08:36 [POWDER_MINING_POWDER]     §r§dGemstone Powder §r§8x101
13:08:36 [REWARD_WRAPPER] §d§l▬▬▬▬▬▬▬▬▬▬▬▬▬▬▬▬▬▬▬▬▬▬▬▬▬▬▬▬▬▬▬▬▬▬▬▬▬▬▬▬▬▬▬▬▬▬▬▬▬▬▬▬▬▬▬▬▬▬▬▬▬▬▬▬
13:10:26 [REWARD_WRAPPER] §e§l▬▬▬▬▬▬▬▬▬▬▬▬▬▬▬▬▬▬▬▬▬▬▬▬▬▬▬▬▬▬▬▬▬▬▬▬▬▬▬▬▬▬▬▬▬▬▬▬▬▬▬▬▬▬▬▬▬▬▬▬▬▬▬▬
13:10:26 [EMPTY] 
13:10:26 [POWDER_REWARD_HEADER]   §r§a§lREWARDS
13:10:26 [COMPACT_COLLECTION_LEVEL_UP]     §r§7§8+§b4 SkyBlock XP
13:10:26 [REWARD_WRAPPER] §e§l▬▬▬▬▬▬▬▬▬▬▬▬▬▬▬▬▬▬▬▬▬▬▬▬▬▬▬▬▬▬▬▬▬▬▬▬▬▬▬▬▬▬▬▬▬▬▬▬▬▬▬▬▬▬▬▬▬▬▬▬▬▬▬▬
13:10:28 [EMPTY]  
13:10:28 [EMPTY]  
13:10:28 [EMPTY]  
13:10:49 [GUILD_EXP] §aYou earned §r§2750 GEXP §r§a+ §r§e2,250 Event EXP §r§afrom playing SkyBlock!
13:12:37 [COMPACT_BINGO_BORDER] §3§l▬▬▬▬▬▬▬▬▬▬▬▬▬▬▬▬▬▬▬▬▬▬▬▬▬▬▬▬▬▬▬▬▬▬▬▬▬▬▬▬▬▬▬▬▬▬▬▬▬▬▬▬▬▬▬▬▬▬▬▬▬▬▬▬
13:12:37 [EMPTY]  
13:12:37 [BESTIARY] §f                                  §6§lBESTIARY
13:12:37 [BESTIARY] §f                               §b§lSludge §7§8V §8➡§b §bVI
13:12:37 [BESTIARY] 
13:12:37 [BESTIARY] §f                                  §r§6§lREWARDS
13:12:37 [BESTIARY] §f                          §r§8+§r§a3 Sludge §r§b✯ Magic Find
13:12:37 [BESTIARY] §f                           §r§8+§r§a3 Sludge §r§c❁ Strength
13:12:37 [BESTIARY] §f                              §r§8+§r§62% §r§aSludge §r§7coins
13:12:37 [BESTIARY] §f                    §r§8+§r§a50% §r§7chance for extra XP orbs
13:12:37 [BESTIARY] §f                               §r§8+§r§b1 SkyBlock XP
13:12:37 [BESTIARY] 
13:12:37 [BESTIARY] §3§l▬▬▬▬▬▬▬▬▬▬▬▬▬▬▬▬▬▬▬▬▬▬▬▬▬▬▬▬▬▬▬▬▬▬▬▬▬▬▬▬▬▬▬▬▬▬▬▬▬▬▬▬▬▬▬▬▬▬▬▬▬▬▬▬
13:13:52 [STRONGER_TOOL] §cYou need a tool with a §r§aBreaking Power §r§cof §r§67§r§c to mine Amethyst Gemstone Block§r§c! Speak to §r§dFragilis §r§cby the entrance to the Crystal Hollows to learn more!
13:15:52 [GUILD_EXP] §aYou earned §r§2750 GEXP §r§a+ §r§e2,250 Event EXP §r§afrom playing SkyBlock!
13:20:37 [STRONGER_TOOL] §cYou need a tool with a §r§aBreaking Power §r§cof §r§67§r§c to mine Amethyst Gemstone Block§r§c! Speak to §r§dFragilis §r§cby the entrance to the Crystal Hollows to learn more!
13:20:50 [COMPACT_BINGO_BORDER] §3§l▬▬▬▬▬▬▬▬▬▬▬▬▬▬▬▬▬▬▬▬▬▬▬▬▬▬▬▬▬▬▬▬▬▬▬▬▬▬▬▬▬▬▬▬▬▬▬▬▬▬▬▬▬▬▬▬▬▬▬▬▬▬▬▬
13:20:50 [EMPTY]  
13:20:50 [BESTIARY] §f                                  §6§lBESTIARY
13:20:50 [BESTIARY] §f                                    §b§lWorm §7§bI
13:20:50 [BESTIARY] 
13:20:50 [BESTIARY] §f                                  §r§6§lREWARDS
13:20:50 [BESTIARY] §f                           §r§8+§r§a2 Worm §r§b✯ Magic Find
13:20:50 [BESTIARY] §f                            §r§8+§r§a2 Worm §r§c❁ Strength
13:20:50 [BESTIARY] §f                               §r§8+§r§62% §r§aWorm §r§7coins
13:20:50 [BESTIARY] §f                    §r§8+§r§a50% §r§7chance for extra XP orbs
13:20:50 [BESTIARY] §f                               §r§8+§r§b1 SkyBlock XP
13:20:50 [BESTIARY] 
13:20:50 [BESTIARY] §3§l▬▬▬▬▬▬▬▬▬▬▬▬▬▬▬▬▬▬▬▬▬▬▬▬▬▬▬▬▬▬▬▬▬▬▬▬▬▬▬▬▬▬▬▬▬▬▬▬▬▬▬▬▬▬▬▬▬▬▬▬▬▬▬▬
13:20:55 [GUILD_EXP] §aYou earned §r§2750 GEXP §r§a+ §r§e2,250 Event EXP §r§afrom playing SkyBlock!
13:22:08 [EMPTY] 
13:23:44 [EMPTY] §f                                        
13:23:49 [COMPACT_BINGO_BORDER] §3§l▬▬▬▬▬▬▬▬▬▬▬▬▬▬▬▬▬▬▬▬▬▬▬▬▬▬▬▬▬▬▬▬▬▬▬▬▬▬▬▬▬▬▬▬▬▬▬▬▬▬▬▬▬▬▬▬▬▬▬▬▬▬▬▬
13:23:49 [EMPTY]  
13:23:49 [BESTIARY] §f                                  §6§lBESTIARY
13:23:49 [BESTIARY] §f                              §b§lSludge §7§8VI §8➡§b §bVII
13:23:49 [BESTIARY] 
13:23:49 [BESTIARY] §f                                  §r§6§lREWARDS
13:23:49 [BESTIARY] §f                          §r§8+§r§a3 Sludge §r§b✯ Magic Find
13:23:49 [BESTIARY] §f                           §r§8+§r§a3 Sludge §r§c❁ Strength
13:23:49 [BESTIARY] §f                              §r§8+§r§62% §r§aSludge §r§7coins
13:23:49 [BESTIARY] §f                    §r§8+§r§a50% §r§7chance for extra XP orbs
13:23:49 [BESTIARY] §f                               §r§8+§r§b1 SkyBlock XP
13:23:49 [BESTIARY] 
13:23:49 [BESTIARY] §3§l▬▬▬▬▬▬▬▬▬▬▬▬▬▬▬▬▬▬▬▬▬▬▬▬▬▬▬▬▬▬▬▬▬▬▬▬▬▬▬▬▬▬▬▬▬▬▬▬▬▬▬▬▬▬▬▬▬▬▬▬▬▬▬▬
13:25:29 [WARPING] §7Finding player...
13:25:31 [WARPING] §7Sending a visit request...
13:25:31 [WARPING] §7Sending to server mini39CG...
13:25:33 [EMPTY] §8 §r§8 §r§1 §r§3 §r§3 §r§7 §r§8 
13:25:33 [EMPTY]  
13:25:33 [EMPTY]   
13:25:35 [PROFILE_JOIN] §aYou are playing on profile: §eKiwi
13:25:35 [PROFILE_JOIN] §8Profile ID: f6880d3c-959f-4385-8e86-be756ea86fe5
13:25:38 [COMPACT_BINGO_BORDER] §3§l▬▬▬▬▬▬▬▬▬▬▬▬▬▬▬▬▬▬▬▬▬▬▬▬▬▬▬▬▬▬▬▬▬▬▬▬▬▬▬▬▬▬▬▬▬▬▬▬▬▬▬▬▬▬▬▬▬▬▬▬▬▬▬▬
13:25:38 [EMPTY]  
13:25:38 [EMPTY]  
13:25:38 [EMPTY]  
13:25:38 [COMPACT_BINGO_BORDER] §3§l▬▬▬▬▬▬▬▬▬▬▬▬▬▬▬▬▬▬▬▬▬▬▬▬▬▬▬▬▬▬▬▬▬▬▬▬▬▬▬▬▬▬▬▬▬▬▬▬▬▬▬▬▬▬▬▬▬▬▬▬▬▬▬▬
13:25:45 [WARPING] §7Sending to server mini91BW...
13:25:46 [EMPTY] §8 §r§8 §r§1 §r§3 §r§3 §r§7 §r§8 
13:25:49 [PROFILE_JOIN] §aYou are playing on profile: §eKiwi
13:25:49 [PROFILE_JOIN] §8Profile ID: f6880d3c-959f-4385-8e86-be756ea86fe5
13:26:01 [EMPTY] 
13:26:01 [EMPTY] 
13:26:01 [COMPACT_NEW_AREA_DISCOVERED] §7   ■ §r§f§r§7§r§fA vast and sprawling underground civilization.
13:26:01 [COMPACT_NEW_AREA_DISCOVERED] §7   ■ §r§f§r§7§r§fTemples and puzzles hide their treasures.
13:26:01 [COMPACT_NEW_AREA_DISCOVERED] §7   ■ §r§f§r§7§r§f...and§r§7 deep secrets.
13:26:01 [EMPTY] 
13:27:14 [REWARD_WRAPPER] §d§l▬▬▬▬▬▬▬▬▬▬▬▬▬▬▬▬▬▬▬▬▬▬▬▬▬▬▬▬▬▬▬▬▬▬▬▬▬▬▬▬▬▬▬▬▬▬▬▬▬▬▬▬▬▬▬▬▬▬▬▬▬▬▬▬
13:27:14 [LOOT_CHEST_OPENED]   §r§5§lLOOT CHEST COLLECTED 
13:27:14 [EMPTY] 
13:27:14 [POWDER_REWARD_HEADER]   §r§f§lREWARDS
13:27:14 [POWDER_MINING_OIL_BARREL]     §r§aOil Barrel
13:27:14 [POWDER_MINING_GEMSTONES]     §r§f❈ Rough Amethyst Gemstone §r§8x40
13:27:14 [POWDER_MINING_ESSENCE]     §r§dDiamond Essence §r§8x2
13:27:14 [POWDER_MINING_ESSENCE]     §r§dGold Essence §r§8x2
13:27:14 [POWDER_MINING_POWDER]     §r§2Mithril Powder §r§8x227
13:27:14 [REWARD_WRAPPER] §d§l▬▬▬▬▬▬▬▬▬▬▬▬▬▬▬▬▬▬▬▬▬▬▬▬▬▬▬▬▬▬▬▬▬▬▬▬▬▬▬▬▬▬▬▬▬▬▬▬▬▬▬▬▬▬▬▬▬▬▬▬▬▬▬▬
13:27:25 [REWARD_WRAPPER] §d§l▬▬▬▬▬▬▬▬▬▬▬▬▬▬▬▬▬▬▬▬▬▬▬▬▬▬▬▬▬▬▬▬▬▬▬▬▬▬▬▬▬▬▬▬▬▬▬▬▬▬▬▬▬▬▬▬▬▬▬▬▬▬▬▬
13:27:25 [LOOT_CHEST_OPENED]   §r§5§lLOOT CHEST COLLECTED 
13:27:25 [EMPTY] 
13:27:25 [POWDER_REWARD_HEADER]   §r§f§lREWARDS
13:27:25 [POWDER_MINING_GEMSTONES]     §r§a✧ Flawed Topaz Gemstone §r§8x2
13:27:25 [POWDER_MINING_GEMSTONES]     §r§f✧ Rough Topaz Gemstone §r§8x48
13:27:25 [POWDER_MINING_YOGGIE]     §r§aYoggie
13:27:25 [POWDER_MINING_ESSENCE]     §r§dDiamond Essence §r§8x2
13:27:25 [POWDER_MINING_ESSENCE]     §r§dGold Essence
13:27:25 [REWARD_WRAPPER] §d§l▬▬▬▬▬▬▬▬▬▬▬▬▬▬▬▬▬▬▬▬▬▬▬▬▬▬▬▬▬▬▬▬▬▬▬▬▬▬▬▬▬▬▬▬▬▬▬▬▬▬▬▬▬▬▬▬▬▬▬▬▬▬▬▬
13:27:52 [REWARD_WRAPPER] §d§l▬▬▬▬▬▬▬▬▬▬▬▬▬▬▬▬▬▬▬▬▬▬▬▬▬▬▬▬▬▬▬▬▬▬▬▬▬▬▬▬▬▬▬▬▬▬▬▬▬▬▬▬▬▬▬▬▬▬▬▬▬▬▬▬
13:27:52 [LOOT_CHEST_OPENED]   §r§5§lLOOT CHEST COLLECTED 
13:27:52 [EMPTY] 
13:27:52 [POWDER_REWARD_HEADER]   §r§f§lREWARDS
13:27:52 [POWDER_MINING_SLUDGE_JUICE]     §r§aSludge Juice §r§8x10
13:27:52 [POWDER_MINING_GEMSTONES]     §r§f❈ Rough Amethyst Gemstone §r§8x64
13:27:52 [POWDER_MINING_ESSENCE]     §r§dDiamond Essence §r§8x2
13:27:52 [REWARD_WRAPPER] §d§l▬▬▬▬▬▬▬▬▬▬▬▬▬▬▬▬▬▬▬▬▬▬▬▬▬▬▬▬▬▬▬▬▬▬▬▬▬▬▬▬▬▬▬▬▬▬▬▬▬▬▬▬▬▬▬▬▬▬▬▬▬▬▬▬
13:28:32 [WARPING] §7Finding player...
13:28:32 [WARPING] §7Sending a visit request...
13:28:32 [WARPING] §7Sending to server mini39CG...
13:28:33 [EMPTY] §8 §r§8 §r§1 §r§3 §r§3 §r§7 §r§8 
13:28:37 [WARPING] §7Sending to server mini70AF...
13:28:37 [EMPTY] §8 §r§8 §r§1 §r§3 §r§3 §r§7 §r§8 
13:28:40 [PROFILE_JOIN] §aYou are playing on profile: §eKiwi
13:28:40 [PROFILE_JOIN] §8Profile ID: f6880d3c-959f-4385-8e86-be756ea86fe5
13:28:53 [EMPTY] 
13:29:56 [REWARD_WRAPPER] §d§l▬▬▬▬▬▬▬▬▬▬▬▬▬▬▬▬▬▬▬▬▬▬▬▬▬▬▬▬▬▬▬▬▬▬▬▬▬▬▬▬▬▬▬▬▬▬▬▬▬▬▬▬▬▬▬▬▬▬▬▬▬▬▬▬
13:29:56 [LOOT_CHEST_OPENED]   §r§5§lLOOT CHEST COLLECTED 
13:29:56 [EMPTY] 
13:29:56 [POWDER_REWARD_HEADER]   §r§f§lREWARDS
13:29:56 [POWDER_MINING_GEMSTONES]     §r§f❈ Rough Amethyst Gemstone §r§8x112
13:29:56 [POWDER_MINING_ESSENCE]     §r§dGold Essence §r§8x4
13:29:56 [POWDER_MINING_POWDER]     §r§2Mithril Powder §r§8x228
13:29:56 [REWARD_WRAPPER] §d§l▬▬▬▬▬▬▬▬▬▬▬▬▬▬▬▬▬▬▬▬▬▬▬▬▬▬▬▬▬▬▬▬▬▬▬▬▬▬▬▬▬▬▬▬▬▬▬▬▬▬▬▬▬▬▬▬▬▬▬▬▬▬▬▬
13:30:42 [EMPTY] §f                                        
13:30:48 [REWARD_WRAPPER] §d§l▬▬▬▬▬▬▬▬▬▬▬▬▬▬▬▬▬▬▬▬▬▬▬▬▬▬▬▬▬▬▬▬▬▬▬▬▬▬▬▬▬▬▬▬▬▬▬▬▬▬▬▬▬▬▬▬▬▬▬▬▬▬▬▬
13:30:48 [LOOT_CHEST_OPENED]   §r§5§lLOOT CHEST COLLECTED 
13:30:48 [EMPTY] 
13:30:48 [POWDER_REWARD_HEADER]   §r§f§lREWARDS
13:30:48 [POWDER_MINING_GEMSTONES]     §r§f❤ Rough Ruby Gemstone §r§8x24
13:30:48 [POWDER_MINING_GEMSTONES]     §r§f❈ Rough Amethyst Gemstone §r§8x64
13:30:48 [POWDER_MINING_ESSENCE]     §r§dGold Essence
13:30:48 [POWDER_MINING_POWDER]     §r§2Mithril Powder §r§8x124
13:30:48 [REWARD_WRAPPER] §d§l▬▬▬▬▬▬▬▬▬▬▬▬▬▬▬▬▬▬▬▬▬▬▬▬▬▬▬▬▬▬▬▬▬▬▬▬▬▬▬▬▬▬▬▬▬▬▬▬▬▬▬▬▬▬▬▬▬▬▬▬▬▬▬▬
13:32:00 [WARPING] §7Finding player...
13:32:00 [WARPING] §7Sending a visit request...
13:32:00 [WARPING] §7Sending to server mini39CG...
13:32:02 [EMPTY] §8 §r§8 §r§1 §r§3 §r§3 §r§7 §r§8 
13:32:04 [WARPING] §7Sending to server mini146CG...
13:32:05 [EMPTY] §8 §r§8 §r§1 §r§3 §r§3 §r§7 §r§8 
13:32:08 [PROFILE_JOIN] §aYou are playing on profile: §eKiwi
13:32:08 [PROFILE_JOIN] §8Profile ID: f6880d3c-959f-4385-8e86-be756ea86fe5
13:32:55 [REWARD_WRAPPER] §d§l▬▬▬▬▬▬▬▬▬▬▬▬▬▬▬▬▬▬▬▬▬▬▬▬▬▬▬▬▬▬▬▬▬▬▬▬▬▬▬▬▬▬▬▬▬▬▬▬▬▬▬▬▬▬▬▬▬▬▬▬▬▬▬▬
13:32:55 [LOOT_CHEST_OPENED]   §r§5§lLOOT CHEST COLLECTED 
13:32:55 [EMPTY] 
13:32:55 [POWDER_REWARD_HEADER]   §r§f§lREWARDS
13:32:55 [POWDER_MINING_GEMSTONES]     §r§a❈ Flawed Amethyst Gemstone §r§8x2
13:32:55 [POWDER_MINING_GEMSTONES]     §r§f❈ Rough Amethyst Gemstone §r§8x40
13:32:55 [POWDER_MINING_ESSENCE]     §r§dDiamond Essence §r§8x2
13:32:55 [POWDER_MINING_POWDER]     §r§dGemstone Powder §r§8x183
13:32:55 [REWARD_WRAPPER] §d§l▬▬▬▬▬▬▬▬▬▬▬▬▬▬▬▬▬▬▬▬▬▬▬▬▬▬▬▬▬▬▬▬▬▬▬▬▬▬▬▬▬▬▬▬▬▬▬▬▬▬▬▬▬▬▬▬▬▬▬▬▬▬▬▬
13:32:55 [EMPTY] 
13:32:55 [EMPTY] 
13:32:55 [COMPACT_NEW_AREA_DISCOVERED] §7   ■ §r§f§r§7§r§fHome of Goblins.
13:32:55 [COMPACT_NEW_AREA_DISCOVERED] §7   ■ §r§f§r§7§r§fRich with Amber Gemstones.
13:32:55 [EMPTY] 
13:33:04 [STRONGER_TOOL] §cYou need a tool with a §r§aBreaking Power §r§cof §r§67§r§c to mine Amber Gemstone Block§r§c! Speak to §r§dFragilis §r§cby the entrance to the Crystal Hollows to learn more!
13:34:51 [COMPACT_BINGO_BORDER] §3§l▬▬▬▬▬▬▬▬▬▬▬▬▬▬▬▬▬▬▬▬▬▬▬▬▬▬▬▬▬▬▬▬▬▬▬▬▬▬▬▬▬▬▬▬▬▬▬▬▬▬▬▬▬▬▬▬▬▬▬▬▬▬▬▬
13:34:51 [EMPTY]  
13:34:51 [BESTIARY] §f                                  §6§lBESTIARY
13:34:51 [BESTIARY] §f                                 §b§lWorm §7§8I §8➡§b §bII
13:34:51 [BESTIARY] 
13:34:51 [BESTIARY] §f                                  §r§6§lREWARDS
13:34:51 [BESTIARY] §f                           §r§8+§r§a2 Worm §r§b✯ Magic Find
13:34:51 [BESTIARY] §f                            §r§8+§r§a2 Worm §r§c❁ Strength
13:34:51 [BESTIARY] §f                               §r§8+§r§62% §r§aWorm §r§7coins
13:34:51 [BESTIARY] §f                    §r§8+§r§a50% §r§7chance for extra XP orbs
13:34:51 [BESTIARY] §f                               §r§8+§r§b1 SkyBlock XP
13:34:51 [BESTIARY] 
13:34:51 [BESTIARY] §3§l▬▬▬▬▬▬▬▬▬▬▬▬▬▬▬▬▬▬▬▬▬▬▬▬▬▬▬▬▬▬▬▬▬▬▬▬▬▬▬▬▬▬▬▬▬▬▬▬▬▬▬▬▬▬▬▬▬▬▬▬▬▬▬▬
13:35:19 [REWARD_WRAPPER] §e§l▬▬▬▬▬▬▬▬▬▬▬▬▬▬▬▬▬▬▬▬▬▬▬▬▬▬▬▬▬▬▬▬▬▬▬▬▬▬▬▬▬▬▬▬▬▬▬▬▬▬▬▬▬▬▬▬▬▬▬▬▬▬▬▬
13:35:19 [EMPTY] 
13:35:19 [POWDER_REWARD_HEADER]   §r§a§lREWARDS
13:35:19 [COMPACT_COLLECTION_LEVEL_UP]     §r§7§8+§b4 SkyBlock XP
13:35:19 [REWARD_WRAPPER] §e§l▬▬▬▬▬▬▬▬▬▬▬▬▬▬▬▬▬▬▬▬▬▬▬▬▬▬▬▬▬▬▬▬▬▬▬▬▬▬▬▬▬▬▬▬▬▬▬▬▬▬▬▬▬▬▬▬▬▬▬▬▬▬▬▬
13:37:22 [GUILD_EXP] §aYou earned §r§2546 GEXP §r§a+ §r§e1,638 Event EXP §r§afrom playing SkyBlock!
13:37:48 [EMPTY] 
13:37:48 [EMPTY] 
13:37:48 [COMPACT_NEW_AREA_DISCOVERED] §7   ■ §r§f§r§7§r§fA peaceful place perfect for mining Jasper Gemstones.
13:37:48 [EMPTY] 
13:38:35 [EMPTY] 
13:39:48 [REWARD_WRAPPER] §d§l▬▬▬▬▬▬▬▬▬▬▬▬▬▬▬▬▬▬▬▬▬▬▬▬▬▬▬▬▬▬▬▬▬▬▬▬▬▬▬▬▬▬▬▬▬▬▬▬▬▬▬▬▬▬▬▬▬▬▬▬▬▬▬▬
13:39:48 [LOOT_CHEST_OPENED]   §r§5§lLOOT CHEST COLLECTED 
13:39:48 [EMPTY] 
13:39:48 [POWDER_REWARD_HEADER]   §r§f§lREWARDS
13:39:48 [POWDER_MINING_SLUDGE_JUICE]     §r§aSludge Juice §r§8x10
13:39:48 [POWDER_MINING_GEMSTONES]     §r§f❈ Rough Amethyst Gemstone §r§8x16
13:39:48 [POWDER_MINING_ESSENCE]     §r§dDiamond Essence
13:39:48 [POWDER_MINING_ESSENCE]     §r§dGold Essence
13:39:48 [POWDER_MINING_POWDER]     §r§dGemstone Powder §r§8x81
13:39:48 [REWARD_WRAPPER] §d§l▬▬▬▬▬▬▬▬▬▬▬▬▬▬▬▬▬▬▬▬▬▬▬▬▬▬▬▬▬▬▬▬▬▬▬▬▬▬▬▬▬▬▬▬▬▬▬▬▬▬▬▬▬▬▬▬▬▬▬▬▬▬▬▬
13:40:44 [REWARD_WRAPPER] §d§l▬▬▬▬▬▬▬▬▬▬▬▬▬▬▬▬▬▬▬▬▬▬▬▬▬▬▬▬▬▬▬▬▬▬▬▬▬▬▬▬▬▬▬▬▬▬▬▬▬▬▬▬▬▬▬▬▬▬▬▬▬▬▬▬
13:40:44 [LOOT_CHEST_OPENED]   §r§5§lLOOT CHEST COLLECTED 
13:40:44 [EMPTY] 
13:40:44 [POWDER_REWARD_HEADER]   §r§f§lREWARDS
13:40:44 [POWDER_MINING_GEMSTONES]     §r§a❈ Flawed Amethyst Gemstone §r§8x2
13:40:44 [POWDER_MINING_GEMSTONES]     §r§f❤ Rough Ruby Gemstone §r§8x40
13:40:44 [POWDER_MINING_GEMSTONES]     §r§f❈ Rough Amethyst Gemstone §r§8x56
13:40:44 [POWDER_MINING_ESSENCE]     §r§dDiamond Essence
13:40:44 [POWDER_MINING_ESSENCE]     §r§dGold Essence §r§8x3
13:40:44 [REWARD_WRAPPER] §d§l▬▬▬▬▬▬▬▬▬▬▬▬▬▬▬▬▬▬▬▬▬▬▬▬▬▬▬▬▬▬▬▬▬▬▬▬▬▬▬▬▬▬▬▬▬▬▬▬▬▬▬▬▬▬▬▬▬▬▬▬▬▬▬▬
13:42:07 [WARPING] §7Warping...
13:42:07 [WARPING] §7Sending to server mini22F...
13:42:09 [EMPTY] §8 §r§8 §r§1 §r§3 §r§3 §r§7 §r§8 
13:42:11 [PROFILE_JOIN] §aYou are playing on profile: §eKiwi
13:42:11 [PROFILE_JOIN] §8Profile ID: f6880d3c-959f-4385-8e86-be756ea86fe5
13:42:16 [WARPING] §7Finding player...
13:42:17 [WARPING] §7Sending a visit request...
13:42:17 [WARPING] §7Sending to server mini39CG...
13:42:18 [EMPTY] §8 §r§8 §r§1 §r§3 §r§3 §r§7 §r§8 
13:42:21 [PROFILE_JOIN] §aYou are playing on profile: §eKiwi
13:42:21 [PROFILE_JOIN] §8Profile ID: f6880d3c-959f-4385-8e86-be756ea86fe5
13:42:28 [WARPING] §7Sending to server mini186D...
13:42:28 [EMPTY] §8 §r§8 §r§1 §r§3 §r§3 §r§7 §r§8 
13:42:31 [PROFILE_JOIN] §aYou are playing on profile: §eKiwi
13:42:31 [PROFILE_JOIN] §8Profile ID: f6880d3c-959f-4385-8e86-be756ea86fe5
13:43:00 [EMPTY] 
13:44:15 [GUILD_EXP] §aYou earned §r§278 GEXP §r§a+ §r§e234 Event EXP §r§afrom playing SkyBlock!
13:45:21 [WARPING] §7Warping...
13:45:21 [WARPING] §7Sending to server mini98BR...
13:45:22 [EMPTY] §8 §r§8 §r§1 §r§3 §r§3 §r§7 §r§8 
13:45:25 [PROFILE_JOIN] §aYou are playing on profile: §eKiwi
13:45:25 [PROFILE_JOIN] §8Profile ID: f6880d3c-959f-4385-8e86-be756ea86fe5
13:45:53 [WARPING] §7Finding player...
13:45:54 [WARPING] §7Sending a visit request...
13:45:54 [WARPING] §7Sending to server mini39CG...
13:45:56 [EMPTY] §8 §r§8 §r§1 §r§3 §r§3 §r§7 §r§8 
13:45:58 [WARPING] §7Sending to server mini232M...
13:45:59 [PROFILE_JOIN] §aYou are playing on profile: §eKiwi
13:45:59 [PROFILE_JOIN] §8Profile ID: f6880d3c-959f-4385-8e86-be756ea86fe5
13:45:59 [EMPTY] §8 §r§8 §r§1 §r§3 §r§3 §r§7 §r§8 
13:46:02 [PROFILE_JOIN] §aYou are playing on profile: §eKiwi
13:46:02 [PROFILE_JOIN] §8Profile ID: f6880d3c-959f-4385-8e86-be756ea86fe5
13:46:19 [STRONGER_TOOL] §cYou need a tool with a §r§aBreaking Power §r§cof §r§67§r§c to mine Amber Gemstone Block§r§c! Speak to §r§dFragilis §r§cby the entrance to the Crystal Hollows to learn more!
13:46:30 [WARPING] §7Warping...
13:46:30 [WARPING] §7Sending to server mini3S...
13:46:30 [EMPTY] §8 §r§8 §r§1 §r§3 §r§3 §r§7 §r§8 
13:46:33 [PROFILE_JOIN] §aYou are playing on profile: §eKiwi
13:46:33 [PROFILE_JOIN] §8Profile ID: f6880d3c-959f-4385-8e86-be756ea86fe5
13:46:44 [COMPACT_BINGO_BORDER] §3§l▬▬▬▬▬▬▬▬▬▬▬▬▬▬▬▬▬▬▬▬▬▬▬▬▬▬▬▬▬▬▬▬▬▬▬▬▬▬▬▬▬▬▬▬▬▬▬▬▬▬▬▬▬▬▬▬▬▬▬▬▬▬▬▬
13:46:44 [EMPTY] 
13:46:44 [COMPACT_SKILL_LEVEL_UP]   §r§a§lREWARDS
13:46:44 [COMPACT_SKILL_LEVEL_UP]    §r§eConjurer XVIII
13:46:44 [COMPACT_SKILL_LEVEL_UP]    §r  §7§fGain §885➜§a90%§f more experience orbs from any source.
13:46:44 [COMPACT_SKILL_LEVEL_UP]    §r§7§8+§a0.5% §c๑ Ability Damage
13:46:44 [COMPACT_SKILL_LEVEL_UP]    §r§7§8+§a2 §b✎ Intelligence
13:46:44 [COMPACT_SKILL_LEVEL_UP]    §r§7§8+§665,000 §7Coins
13:46:44 [COMPACT_SKILL_LEVEL_UP]    §r§7§8+§b10 SkyBlock XP
13:46:44 [COMPACT_BINGO_BORDER] §3§l▬▬▬▬▬▬▬▬▬▬▬▬▬▬▬▬▬▬▬▬▬▬▬▬▬▬▬▬▬▬▬▬▬▬▬▬▬▬▬▬▬▬▬▬▬▬▬▬▬▬▬▬▬▬▬▬▬▬▬▬▬▬▬▬
13:51:37 [GUILD_EXP] §aYou earned §r§2103 GEXP §r§a+ §r§e309 Event EXP §r§afrom playing SkyBlock!
14:01:03 [EMPTY] §f
14:01:03 [WATCHDOG] §4[WATCHDOG ANNOUNCEMENT]
14:01:03 [WATCHDOG] §fWatchdog has banned §r§c§l18,269§r§f players in the last 7 days.
14:01:03 [WATCHDOG] §fStaff have banned an additional §r§c§l17,561§r§f in the last 7 days.
14:01:03 [WATCHDOG] §cBlacklisted modifications are a bannable offense!
14:01:03 [WATCHDOG] §c
14:01:57 [EMPTY] §f §r§r§r§f §r§r§r§1 §r§r§r§0 §r§r§r§2 §r§r§r§f §r§r§r§f §r§r§r§2 §r§r§r§0 §r§r§r§4 §r§r§r§3 §r§r§r§9 §r§r§r§2 §r§r§r§0 §r§r§r§0 §r§r§r§3 §r§r§r§9 §r§r§r§2 §r§r§r§0 §r§r§r§0 §r§r§r§3 §r§r§r§9 §r§r§r§2 §r§r§r§0 §r§r§r§0 
14:01:57 [LOBBY] §b✦ §r§7You earned §r§b29 §r§7Mystery Dust!
14:01:57 [LOBBY] §b[MVP§f+§b] Sebbebas§f §6joined the lobby!
14:01:59 [LOBBY] §b[MVP§d+§b] FishInpot§f §6joined the lobby!
14:01:59 [LOBBY] §b[MVP§9+§b] Hiduok§f §6joined the lobby!
14:02:00 [LOBBY] §b[MVP§9+§b] KevinSalfman§f §6joined the lobby!
14:02:00 [LOBBY]   §r§f§l➤ §r§6You have reached your Hype limit! Add Hype to Prototype Lobby minigames by right-clicking with the Hype Diamond!
14:02:02 [LOBBY] §b[MVP§d+§b] sinceritylol§f §6joined the lobby!
14:02:03 [LOBBY] §b[MVP§9+§b] HarGon§f §6joined the lobby!
14:02:04 [LOBBY] §b[MVP§e+§b] gangstastyle§f §6joined the lobby!
14:02:06 [LOBBY] §b[MVP§c+§b] wargamerchris§f §6joined the lobby!
14:02:11 [LOBBY] §b[MVP§0+§b] XEternal_§f §6joined the lobby!
14:02:12 [LOBBY] §b[MVP§f+§b] twanish§f §6joined the lobby!
14:02:12 [LOBBY] §b[MVP§9+§b] Spookameer§f §6joined the lobby!
14:02:15 [LOBBY] §b[MVP§3+§b] KomplettHacke§f §6joined the lobby!
14:02:16 [LOBBY] §b[MVP§a+§b] xleeb521488§f §6joined the lobby!
14:02:18 [LOBBY] §b[MVP§8+§b] Tk5h§f §6joined the lobby!
14:02:19 [LOBBY] §b[MVP§6+§b] Aaaape§f §6joined the lobby!
14:02:20 [LOBBY] §b[MVP§c+§b] PrincePit§f §6joined the lobby!
14:02:21 [LOBBY] §b[MVP§a+§b] DiamondGather1n§f §6joined the lobby!
14:02:24 [LOBBY] §b[MVP§f+§b] qwipy§f §6joined the lobby!
14:02:25 [LOBBY] §b[MVP§6+§b] Farmer44§f §6joined the lobby!
14:02:27 [LOBBY] §b[MVP§2+§b] Blastermanners§f §6joined the lobby!
14:02:28 [LOBBY] §b[MVP§c+§b] CynicalB0t§f §6joined the lobby!
14:02:36 [LOBBY] §b[MVP§c+§b] _ZeroFrosty_§f §6joined the lobby!
14:02:36 [LOBBY] §b[MVP§2+§b] liberokn§f §6joined the lobby!
14:02:36 [LOBBY] §b[MVP§9+§b] klasniedryg§f §6joined the lobby!
14:02:39 [LOBBY] §b[MVP§0+§b] BearBeastly5§f §6joined the lobby!
14:02:42 [LOBBY] §b[MVP§c+§b] sssssyyyyy§f §6joined the lobby!
14:02:44 [LOBBY] §b[MVP§a+§b] Ye11ow_Man_82§f §6joined the lobby!
14:02:48 [LOBBY] §b[MVP§d+§b] Oxidon§f §6joined the lobby!
14:02:53 [LOBBY] §b[MVP§6+§b] Paracelsuss§f §6joined the lobby!
14:02:55 [LOBBY] §b[MVP§9+§b] MaxLunar§f §6joined the lobby!
14:02:55 [LOBBY] §b[MVP§d+§b] Sonzy§f §6joined the lobby!
14:02:55 [LOBBY] §b[MVP§c+§b] SadKeks§f §6joined the lobby!
14:02:57 [LOBBY] §b[MVP§c+§b] 4ym4nG§f §6joined the lobby!
14:02:58 [LOBBY] §b[MVP§2+§b] LayaElisabeth§f §6joined the lobby!
14:03:02 [LOBBY]  §b>§c>§a>§r §r§b[MVP§9++§b] Xun69§f §6joined the lobby!§r §a<§c<§b<
14:03:03 [LOBBY] §b[MVP§6+§b] TheGreaterGud§f §6joined the lobby!
14:03:08 [LOBBY]  §b>§c>§a>§r §r§6[MVP§d++§6] DeciSiv3§f §6joined the lobby!§r §a<§c<§b<
14:03:12 [LOBBY] §b[MVP§0+§b] Stupeed§f §6joined the lobby!
14:03:12 [LOBBY] §b[MVP§3+§b] DARIO__2005§f §6joined the lobby!
14:03:13 [LOBBY] §b[MVP§f+§b] SOTERR§f §6joined the lobby!
14:03:16 [LOBBY] §b[MVP§c+§b] 8YX_§f §6joined the lobby!
14:03:16 [LOBBY] §b[MVP§9+§b] Shad0w_Ph0enix§f §6joined the lobby!
14:03:16 [LOBBY] §b[MVP§6+§b] riplilpeep§f §6joined the lobby!
14:03:19 [LOBBY] §b[MVP§4+§b] PotatoMaster101§f §6joined the lobby!
14:03:22 [LOBBY] §b[MVP§6+§b] Loading_youtube§f §6joined the lobby!
14:03:23 [LOBBY] §b[MVP§c+§b] xsoulgoonx§f §6joined the lobby!
14:03:24 [LOBBY] §b[MVP§6+§b] Kaycee_YT§f §6joined the lobby!
14:03:25 [LOBBY] §b[MVP§e+§b] creepershark_20§f §6joined the lobby!
14:03:27 [LOBBY] §b[MVP§c+§b] Dudleya§f §6joined the lobby!
14:03:28 [LOBBY] §b[MVP§c+§b] Hearts4Ally§f §6joined the lobby!
14:03:32 [LOBBY] §b[MVP§9+§b] LeonHyperLP§f §6joined the lobby!
14:03:33 [LOBBY] §b[MVP§c+§b] Benane09§f §6joined the lobby!
14:03:33 [LOBBY] §b[MVP§f+§b] ottols§f §6joined the lobby!
14:03:35 [LOBBY] §b[MVP§6+§b] AVRGE_R§f §6joined the lobby!
14:03:35 [LOBBY] §b[MVP§0+§b] ZHMS§f §6joined the lobby!
14:03:36 [LOBBY] §b[MVP§2+§b] Andyshdbc§f §6joined the lobby!
14:03:36 [LOBBY] §b[MVP§c+§b] Linus_07§f §6joined the lobby!
14:03:42 [LOBBY]  §b>§c>§a>§r §r§6[MVP§a++§6] Kraftzy_§f §6joined the lobby!§r §a<§c<§b<
14:03:42 [LOBBY] §b[MVP§a+§b] Ruler0fthewest§f §6joined the lobby!
14:03:45 [LOBBY] §b[MVP§2+§b] Quebonafeedzie§f §6joined the lobby!
14:03:46 [LOBBY] §b[MVP§c+§b] Snoweismename§f §6joined the lobby!
14:03:46 [LOBBY] §b[MVP§c+§b] snoppfittan§f §6joined the lobby!
14:03:46 [LOBBY] §b[MVP§a+§b] aubystrawberry§f §6joined the lobby!
14:03:47 [LOBBY] §b[MVP§0+§b] Florthy§f §6joined the lobby!
14:03:48 [LOBBY] §b[MVP§2+§b] Creeper960§f §6joined the lobby!
14:03:50 [LOBBY] §b[MVP§9+§b] den_ial§f §6joined the lobby!
14:03:50 [LOBBY] §b[MVP§a+§b] dresden72§f §6joined the lobby!
14:03:51 [LOBBY] §b[MVP§c+§b] ShoooterGarett§f §6joined the lobby!
14:03:56 [LOBBY] §b[MVP§c+§b] InfinityClash§f §6joined the lobby!
14:03:57 [LOBBY] §b[MVP§c+§b] ItzMoh§f §6joined the lobby!
14:03:57 [LOBBY] §b[MVP§6+§b] MitchStyle§f §6joined the lobby!
14:03:58 [LOBBY] §b[MVP§2+§b] timmy77_tw§f §6joined the lobby!
14:09:45 [EMPTY] §f §r§r§r§f §r§r§r§1 §r§r§r§0 §r§r§r§2 §r§r§r§f §r§r§r§f §r§r§r§2 §r§r§r§0 §r§r§r§4 §r§r§r§3 §r§r§r§9 §r§r§r§2 §r§r§r§0 §r§r§r§0 §r§r§r§3 §r§r§r§9 §r§r§r§2 §r§r§r§0 §r§r§r§0 §r§r§r§3 §r§r§r§9 §r§r§r§2 §r§r§r§0 §r§r§r§0 
14:09:46 [LOBBY] §b[MVP§f+§b] Sebbebas§f §6joined the lobby!
14:09:46 [LOBBY] §b[MVP§c+§b] gagibat§f §6joined the lobby!
14:09:47 [LOBBY] §b[MVP§2+§b] Cohsy§f §6joined the lobby!
14:09:48 [LOBBY]   §r§f§l➤ §r§6You have reached your Hype limit! Add Hype to Prototype Lobby minigames by right-clicking with the Hype Diamond!
14:09:48 [LOBBY] §b[MVP§4+§b] ItsDuckMaster§f §6joined the lobby!
14:09:48 [LOBBY] §b[MVP§9+§b] sxlooo§f §6joined the lobby!
14:09:48 [WARPING] §7Sending to server mini63AG...
14:09:49 [EMPTY] §8 §r§8 §r§1 §r§3 §r§3 §r§7 §r§8 
14:09:51 [EMPTY] 
14:09:51 [WELCOME] §eWelcome to §r§aHypixel SkyBlock§r§e!
14:09:51 [EMPTY] 
14:09:52 [PROFILE_JOIN] §aYou are playing on profile: §eKiwi
14:09:52 [PROFILE_JOIN] §8Profile ID: f6880d3c-959f-4385-8e86-be756ea86fe5
14:11:06 [WARPING] §7Finding player...
14:11:07 [WARPING] §7Sending a visit request...
14:11:26 [WARPING] §7Finding player...
14:11:27 [WARPING] §7Sending a visit request...
14:11:27 [WARPING] §7Sending to server mini39CG...
14:11:28 [EMPTY] §8 §r§8 §r§1 §r§3 §r§3 §r§7 §r§8 
14:11:31 [WARPING] §7Sending to server mini147DA...
14:11:31 [EMPTY] §8 §r§8 §r§1 §r§3 §r§3 §r§7 §r§8 
14:11:35 [PROFILE_JOIN] §aYou are playing on profile: §eKiwi
14:11:35 [PROFILE_JOIN] §8Profile ID: f6880d3c-959f-4385-8e86-be756ea86fe5
14:11:46 [STRONGER_TOOL] §cYou need a tool with a §r§aBreaking Power §r§cof §r§67§r§c to mine Amber Gemstone Block§r§c! Speak to §r§dFragilis §r§cby the entrance to the Crystal Hollows to learn more!
14:12:47 [STRONGER_TOOL] §cYou need a tool with a §r§aBreaking Power §r§cof §r§67§r§c to mine Amber Gemstone Block§r§c! Speak to §r§dFragilis §r§cby the entrance to the Crystal Hollows to learn more!
14:13:04 [WARPING] §7Warping...
14:13:04 [WARPING] §7Sending to server mini155BN...
14:13:05 [EMPTY] §8 §r§8 §r§1 §r§3 §r§3 §r§7 §r§8 
14:13:08 [PROFILE_JOIN] §aYou are playing on profile: §eKiwi
14:13:08 [PROFILE_JOIN] §8Profile ID: f6880d3c-959f-4385-8e86-be756ea86fe5
14:13:43 [WARPING] §7Warping...
14:16:31 [WARPING] §7Warping...
14:16:59 [WARPING] §7Warping...
14:16:59 [WARPING] §7Sending to server mini15W...
14:16:59 [EMPTY] §8 §r§8 §r§1 §r§3 §r§3 §r§7 §r§8 
14:17:03 [PROFILE_JOIN] §aYou are playing on profile: §eKiwi
14:17:03 [PROFILE_JOIN] §8Profile ID: f6880d3c-959f-4385-8e86-be756ea86fe5
14:18:11 [COMPACT_POTION_EFFECT] §a§lBUFF! §fYou have gained §r§cAdrenaline V§r§f! Press TAB or type /effects to view your active effects!
14:18:12 [COMPACT_POTION_EFFECT] §a§lBUFF! §fYou have gained §r§6Absorption V§r§f! Press TAB or type /effects to view your active effects!
14:18:12 [COMPACT_POTION_EFFECT] §a§lBUFF! §fYou have gained §r§4Regeneration IV§r§f! Press TAB or type /effects to view your active effects!
14:18:13 [COMPACT_POTION_EFFECT] §a§lBUFF! §fYou have gained §r§9Dodge II§r§f! Press TAB or type /effects to view your active effects!
14:18:13 [COMPACT_POTION_EFFECT] §a§lBUFF! §fYou have gained §r§aRabbit II§r§f! Press TAB or type /effects to view your active effects!
14:18:13 [COMPACT_POTION_EFFECT] §a§lBUFF! §fYou have gained §r§cFire Resistance I§r§f! Press TAB or type /effects to view your active effects!
14:18:14 [COMPACT_POTION_EFFECT] §a§lBUFF! §fYou have gained §r§aResistance V§r§f! Press TAB or type /effects to view your active effects!
14:18:14 [COMPACT_POTION_EFFECT] §a§lBUFF! §fYou have gained §r§bSpirit II§r§f! Press TAB or type /effects to view your active effects!
14:18:14 [COMPACT_POTION_EFFECT] §a§lBUFF! §fYou have gained §r§5Night Vision I§r§f! Press TAB or type /effects to view your active effects!
14:18:15 [COMPACT_POTION_EFFECT] §a§lBUFF! §fYou have gained §r§9Mana V§r§f! Press TAB or type /effects to view your active effects!
14:18:15 [COMPACT_POTION_EFFECT] §a§lBUFF! §fYou have gained §r§bArchery II§r§f! Press TAB or type /effects to view your active effects!
14:18:15 [COMPACT_POTION_EFFECT] §a§lBUFF! §fYou have gained §r§bMagic Find II§r§f! Press TAB or type /effects to view your active effects!
14:18:16 [COMPACT_POTION_EFFECT] §a§lBUFF! §fYou have gained §r§4Critical II§r§f! Press TAB or type /effects to view your active effects!
14:18:16 [COMPACT_POTION_EFFECT] §a§lBUFF! §fYou have gained §r§9Water Breathing II§r§f! Press TAB or type /effects to view your active effects!
14:18:16 [COMPACT_POTION_EFFECT] §a§lBUFF! §fYou have gained §r§eHaste II§r§f! Press TAB or type /effects to view your active effects!
14:18:17 [COMPACT_POTION_EFFECT] §a§lBUFF! §fYou have gained §r§9Experience III§r§f! Press TAB or type /effects to view your active effects!
14:18:17 [COMPACT_POTION_EFFECT] §a§lBUFF! §fYou have gained §r§9Speed V§r§f! Press TAB or type /effects to view your active effects!
14:18:18 [COMPACT_POTION_EFFECT] §a§lBUFF! §fYou have gained §r§bPet Luck II§r§f! Press TAB or type /effects to view your active effects!
14:18:18 [COMPACT_POTION_EFFECT] §a§lBUFF! §fYou have gained §r§4Strength V§r§f! Press TAB or type /effects to view your active effects!
14:18:59 [WARPING] §7Warping...
14:18:59 [WARPING] §7Sending to server mini16BB...
14:19:00 [EMPTY] §8 §r§8 §r§1 §r§3 §r§3 §r§7 §r§8 
14:19:03 [PROFILE_JOIN] §aYou are playing on profile: §eKiwi
14:19:03 [PROFILE_JOIN] §8Profile ID: f6880d3c-959f-4385-8e86-be756ea86fe5
14:19:37 [STRONGER_TOOL] §cYou need a tool with a §r§aBreaking Power §r§cof §r§67§r§c to mine Amber Gemstone Block§r§c! Speak to §r§dFragilis §r§cby the entrance to the Crystal Hollows to learn more!
14:20:02 [WARPING] §7Warping...
14:22:37 [GUILD_EXP] §aYou earned §r§2378 GEXP §r§a+ §r§e1,134 Event EXP §r§afrom playing SkyBlock!
14:23:49 [WARPING] §7Warping...
14:23:49 [WARPING] §7Sending to server mini18C...
14:23:50 [EMPTY] §8 §r§8 §r§1 §r§3 §r§3 §r§7 §r§8 
14:23:53 [PROFILE_JOIN] §aYou are playing on profile: §eKiwi
14:23:53 [PROFILE_JOIN] §8Profile ID: f6880d3c-959f-4385-8e86-be756ea86fe5
14:26:04 [WARPING] §7Warping...
14:26:30 [GUILD_EXP] §aYou earned §r§2188 GEXP §r§a+ §r§e564 Event EXP §r§afrom playing SkyBlock!
14:27:12 [WARPING] §7Warping...
14:27:12 [WARPING] §7Sending to server mini10CR...
14:27:12 [EMPTY] §8 §r§8 §r§1 §r§3 §r§3 §r§7 §r§8 
14:27:15 [PROFILE_JOIN] §aYou are playing on profile: §eKiwi
14:27:15 [PROFILE_JOIN] §8Profile ID: f6880d3c-959f-4385-8e86-be756ea86fe5
14:28:14 [WARPING] §7Warping...
14:28:14 [WARPING] §7Sending to server mini190B...
14:28:15 [EMPTY] §8 §r§8 §r§1 §r§3 §r§3 §r§7 §r§8 
14:28:18 [PROFILE_JOIN] §aYou are playing on profile: §eKiwi
14:28:18 [PROFILE_JOIN] §8Profile ID: f6880d3c-959f-4385-8e86-be756ea86fe5
14:28:21 [EMPTY] 
14:28:21 [EMPTY] 
14:28:21 [COMPACT_NEW_AREA_DISCOVERED] §7   ■ §r§f§r§7§r§fMine Sapphire Gemstones.
14:28:21 [COMPACT_NEW_AREA_DISCOVERED] §7   ■ §r§f§r§7§r§fLook out for Automatons!
14:28:21 [EMPTY] 
14:28:28 [POWDER_MINING_CHEST] §aYou uncovered a treasure chest!
14:28:34 [POWDER_MINING_PICKED] §6You have successfully picked the lock on this chest!
14:28:34 [REWARD_WRAPPER] §e§l▬▬▬▬▬▬▬▬▬▬▬▬▬▬▬▬▬▬▬▬▬▬▬▬▬▬▬▬▬▬▬▬▬▬▬▬▬▬▬▬▬▬▬▬▬▬▬▬▬▬▬▬▬▬▬▬▬▬▬▬▬▬▬▬
14:28:34 [POWDER_CHEST_LOCKPICKED]   §r§6§lCHEST LOCKPICKED 
14:28:34 [EMPTY] 
14:28:34 [POWDER_REWARD_HEADER]   §r§a§lREWARDS
14:28:34 [POWDER_MINING_GEMSTONES]     §r§f✎ Rough Sapphire Gemstone §r§8x24
14:28:34 [POWDER_MINING_GEMSTONES]     §r§a✎ Flawed Sapphire Gemstone
14:28:34 [POWDER_MINING_ESSENCE]     §r§dDiamond Essence
14:28:34 [POWDER_MINING_POWDER]     §r§dGemstone Powder §r§8x282
14:28:34 [REWARD_WRAPPER] §e§l▬▬▬▬▬▬▬▬▬▬▬▬▬▬▬▬▬▬▬▬▬▬▬▬▬▬▬▬▬▬▬▬▬▬▬▬▬▬▬▬▬▬▬▬▬▬▬▬▬▬▬▬▬▬▬▬▬▬▬▬▬▬▬▬
14:28:58 [EMPTY] 
14:29:43 [POWDER_MINING_CHEST] §aYou uncovered a treasure chest!
14:30:03 [POWDER_MINING_PICKED] §6You have successfully picked the lock on this chest!
14:30:03 [REWARD_WRAPPER] §e§l▬▬▬▬▬▬▬▬▬▬▬▬▬▬▬▬▬▬▬▬▬▬▬▬▬▬▬▬▬▬▬▬▬▬▬▬▬▬▬▬▬▬▬▬▬▬▬▬▬▬▬▬▬▬▬▬▬▬▬▬▬▬▬▬
14:30:03 [POWDER_CHEST_LOCKPICKED]   §r§6§lCHEST LOCKPICKED 
14:30:03 [EMPTY] 
14:30:03 [POWDER_REWARD_HEADER]   §r§a§lREWARDS
14:30:03 [POWDER_MINING_GEMSTONES]     §r§f✎ Rough Sapphire Gemstone §r§8x8
14:30:03 [POWDER_MINING_POWDER]     §r§2Mithril Powder §r§8x464
14:30:03 [POWDER_MINING_POWDER]     §r§dGemstone Powder §r§8x98
14:30:03 [REWARD_WRAPPER] §e§l▬▬▬▬▬▬▬▬▬▬▬▬▬▬▬▬▬▬▬▬▬▬▬▬▬▬▬▬▬▬▬▬▬▬▬▬▬▬▬▬▬▬▬▬▬▬▬▬▬▬▬▬▬▬▬▬▬▬▬▬▬▬▬▬
14:30:36 [EMPTY] §f                                        
14:30:55 [COMPACT_BINGO_BORDER] §3§l▬▬▬▬▬▬▬▬▬▬▬▬▬▬▬▬▬▬▬▬▬▬▬▬▬▬▬▬▬▬▬▬▬▬▬▬▬▬▬▬▬▬▬▬▬▬▬▬▬▬▬▬▬▬▬▬▬▬▬▬▬▬▬▬
14:30:55 [EMPTY]  
14:30:55 [BESTIARY] §f                                  §6§lBESTIARY
14:30:55 [BESTIARY] §f                                §b§lWorm §7§8II §8➡§b §bIII
14:30:55 [BESTIARY] 
14:30:55 [BESTIARY] §f                                  §r§6§lREWARDS
14:30:55 [BESTIARY] §f                           §r§8+§r§a2 Worm §r§b✯ Magic Find
14:30:55 [BESTIARY] §f                            §r§8+§r§a2 Worm §r§c❁ Strength
14:30:55 [BESTIARY] §f                               §r§8+§r§62% §r§aWorm §r§7coins
14:30:55 [BESTIARY] §f                    §r§8+§r§a50% §r§7chance for extra XP orbs
14:30:55 [BESTIARY] §f                               §r§8+§r§b1 SkyBlock XP
14:30:55 [BESTIARY] 
14:30:55 [BESTIARY] §3§l▬▬▬▬▬▬▬▬▬▬▬▬▬▬▬▬▬▬▬▬▬▬▬▬▬▬▬▬▬▬▬▬▬▬▬▬▬▬▬▬▬▬▬▬▬▬▬▬▬▬▬▬▬▬▬▬▬▬▬▬▬▬▬▬
14:30:55 [REWARD_WRAPPER] §e§l▬▬▬▬▬▬▬▬▬▬▬▬▬▬▬▬▬▬▬▬▬▬▬▬▬▬▬▬▬▬▬▬▬▬▬▬▬▬▬▬▬▬▬▬▬▬▬▬▬▬▬▬▬▬▬▬▬▬▬▬▬▬▬▬
14:30:55 [EMPTY] 
14:30:55 [POWDER_REWARD_HEADER]   §r§a§lREWARDS
14:30:55 [COMPACT_COLLECTION_LEVEL_UP]     §r§7§8+§b4 SkyBlock XP
14:30:55 [COMPACT_COLLECTION_LEVEL_UP]     §r§7§8+§b4 SkyBlock XP
14:30:55 [COMPACT_COLLECTION_LEVEL_UP]     §r§7§8+§b4 SkyBlock XP
14:30:55 [COMPACT_COLLECTION_LEVEL_UP]     §r§7§8+§b4 SkyBlock XP
14:30:55 [COMPACT_COLLECTION_LEVEL_UP]     §r§7§8+§b4 SkyBlock XP
14:30:55 [REWARD_WRAPPER] §e§l▬▬▬▬▬▬▬▬▬▬▬▬▬▬▬▬▬▬▬▬▬▬▬▬▬▬▬▬▬▬▬▬▬▬▬▬▬▬▬▬▬▬▬▬▬▬▬▬▬▬▬▬▬▬▬▬▬▬▬▬▬▬▬▬
14:31:11 [WARPING] §7Warping...
14:31:11 [WARPING] §7Sending to server mini14CM...
14:31:12 [EMPTY] §8 §r§8 §r§1 §r§3 §r§3 §r§7 §r§8 
14:31:15 [PROFILE_JOIN] §aYou are playing on profile: §eKiwi
14:31:15 [PROFILE_JOIN] §8Profile ID: f6880d3c-959f-4385-8e86-be756ea86fe5
14:31:49 [WARPING] §7Warping...
14:31:49 [WARPING] §7Sending to server mini146CG...
14:31:49 [EMPTY] §8 §r§8 §r§1 §r§3 §r§3 §r§7 §r§8 
14:31:52 [PROFILE_JOIN] §aYou are playing on profile: §eKiwi
14:31:52 [PROFILE_JOIN] §8Profile ID: f6880d3c-959f-4385-8e86-be756ea86fe5
14:32:12 [STRONGER_TOOL] §cYou need a tool with a §r§aBreaking Power §r§cof §r§67§r§c to mine Sapphire Gemstone Block§r§c! Speak to §r§dFragilis §r§cby the entrance to the Crystal Hollows to learn more!
14:32:30 [STRONGER_TOOL] §cYou need a tool with a §r§aBreaking Power §r§cof §r§67§r§c to mine Sapphire Gemstone Block§r§c! Speak to §r§dFragilis §r§cby the entrance to the Crystal Hollows to learn more!
14:32:45 [STRONGER_TOOL] §cYou need a tool with a §r§aBreaking Power §r§cof §r§67§r§c to mine Sapphire Gemstone Block§r§c! Speak to §r§dFragilis §r§cby the entrance to the Crystal Hollows to learn more!
14:33:03 [GUILD_EXP] §aYou earned §r§223 GEXP §r§a+ §r§e69 Event EXP §r§afrom playing SkyBlock!
14:33:05 [STRONGER_TOOL] §cYou need a tool with a §r§aBreaking Power §r§cof §r§67§r§c to mine Sapphire Gemstone Block§r§c! Speak to §r§dFragilis §r§cby the entrance to the Crystal Hollows to learn more!
14:33:11 [STRONGER_TOOL] §cYou need a tool with a §r§aBreaking Power §r§cof §r§66§r§c to mine Ruby Gemstone Block§r§c! Speak to §r§dFragilis §r§cby the entrance to the Crystal Hollows to learn more!
14:33:22 [STRONGER_TOOL] §cYou need a tool with a §r§aBreaking Power §r§cof §r§67§r§c to mine Sapphire Gemstone Block§r§c! Speak to §r§dFragilis §r§cby the entrance to the Crystal Hollows to learn more!
14:34:40 [STRONGER_TOOL] §cYou need a tool with a §r§aBreaking Power §r§cof §r§67§r§c to mine Sapphire Gemstone Block§r§c! Speak to §r§dFragilis §r§cby the entrance to the Crystal Hollows to learn more!
14:35:06 [REWARD_WRAPPER] §e§l▬▬▬▬▬▬▬▬▬▬▬▬▬▬▬▬▬▬▬▬▬▬▬▬▬▬▬▬▬▬▬▬▬▬▬▬▬▬▬▬▬▬▬▬▬▬▬▬▬▬▬▬▬▬▬▬▬▬▬▬▬▬▬▬
14:35:06 [EMPTY] 
14:35:06 [POWDER_REWARD_HEADER]   §r§a§lREWARDS
14:35:06 [COMPACT_COLLECTION_LEVEL_UP]     §r§7§8+§b4 SkyBlock XP
14:35:06 [REWARD_WRAPPER] §e§l▬▬▬▬▬▬▬▬▬▬▬▬▬▬▬▬▬▬▬▬▬▬▬▬▬▬▬▬▬▬▬▬▬▬▬▬▬▬▬▬▬▬▬▬▬▬▬▬▬▬▬▬▬▬▬▬▬▬▬▬▬▬▬▬
14:35:40 [STRONGER_TOOL] §cYou need a tool with a §r§aBreaking Power §r§cof §r§66§r§c to mine Ruby Gemstone Block§r§c! Speak to §r§dFragilis §r§cby the entrance to the Crystal Hollows to learn more!
14:36:49 [WARPING] §7Warping...
14:36:49 [WARPING] §7Sending to server mini189BD...
14:36:50 [EMPTY] §8 §r§8 §r§1 §r§3 §r§3 §r§7 §r§8 
14:36:53 [PROFILE_JOIN] §aYou are playing on profile: §eKiwi
14:36:53 [PROFILE_JOIN] §8Profile ID: f6880d3c-959f-4385-8e86-be756ea86fe5
14:38:05 [GUILD_EXP] §aYou earned §r§25 GEXP §r§a+ §r§e15 Event EXP §r§afrom playing SkyBlock!
14:43:08 [GUILD_EXP] §aYou earned §r§2698 GEXP §r§a+ §r§e2,094 Event EXP §r§afrom playing SkyBlock!
14:44:14 [WARPING] §7Warping...
14:44:15 [WARPING] §7Sending to server mini156CU...
14:44:15 [EMPTY] §8 §r§8 §r§1 §r§3 §r§3 §r§7 §r§8 
14:44:17 [PROFILE_JOIN] §aYou are playing on profile: §eKiwi
14:44:17 [PROFILE_JOIN] §8Profile ID: f6880d3c-959f-4385-8e86-be756ea86fe5
14:44:41 [WARPING] §7Sending to server mini5CM...
14:44:42 [EMPTY] §8 §r§8 §r§1 §r§3 §r§3 §r§7 §r§8 
14:44:45 [PROFILE_JOIN] §aYou are playing on profile: §eKiwi
14:44:45 [PROFILE_JOIN] §8Profile ID: f6880d3c-959f-4385-8e86-be756ea86fe5
14:46:11 [EMPTY] 
14:46:11 [EMPTY] 
14:46:11 [EMPTY] 
14:46:13 [EMPTY] 
14:46:13 [EMPTY] 
14:46:34 [COMPACT_BINGO_BORDER] §3§l▬▬▬▬▬▬▬▬▬▬▬▬▬▬▬▬▬▬▬▬▬▬▬▬▬▬▬▬▬▬▬▬▬▬▬▬▬▬▬▬▬▬▬▬▬▬▬▬▬▬▬▬▬▬▬▬▬▬▬▬▬▬▬▬
14:46:34 [EMPTY] 
14:46:34 [COMPACT_SKILL_LEVEL_UP]   §r§a§lREWARDS
14:46:34 [COMPACT_SKILL_LEVEL_UP]    §r§eLogger I
14:46:34 [COMPACT_SKILL_LEVEL_UP]    §r  §7§fGrants §a+§a4§f §6☘ Foraging Fortune§f, which increases your
14:46:34 [COMPACT_SKILL_LEVEL_UP]    §r  §fchance for multiple logs.
14:46:34 [COMPACT_SKILL_LEVEL_UP]    §r§7§8+§a1 §c❁ Strength
14:46:34 [COMPACT_SKILL_LEVEL_UP]    §r§7§8+§6100 §7Coins
14:46:34 [COMPACT_SKILL_LEVEL_UP]    §r§7§8+§b5 SkyBlock XP
14:46:34 [COMPACT_BINGO_BORDER] §3§l▬▬▬▬▬▬▬▬▬▬▬▬▬▬▬▬▬▬▬▬▬▬▬▬▬▬▬▬▬▬▬▬▬▬▬▬▬▬▬▬▬▬▬▬▬▬▬▬▬▬▬▬▬▬▬▬▬▬▬▬▬▬▬▬
14:49:39 [WARPING] §7Warping...
14:49:39 [WARPING] §7Sending to server mini28DG...
14:49:40 [EMPTY] §8 §r§8 §r§1 §r§3 §r§3 §r§7 §r§8 
14:49:43 [PROFILE_JOIN] §aYou are playing on profile: §eKiwi
14:49:43 [PROFILE_JOIN] §8Profile ID: f6880d3c-959f-4385-8e86-be756ea86fe5
14:50:39 [POWDER_MINING_CHEST] §aYou uncovered a treasure chest!
14:50:45 [POWDER_MINING_PICKED] §6You have successfully picked the lock on this chest!
14:50:45 [REWARD_WRAPPER] §e§l▬▬▬▬▬▬▬▬▬▬▬▬▬▬▬▬▬▬▬▬▬▬▬▬▬▬▬▬▬▬▬▬▬▬▬▬▬▬▬▬▬▬▬▬▬▬▬▬▬▬▬▬▬▬▬▬▬▬▬▬▬▬▬▬
14:50:45 [POWDER_CHEST_LOCKPICKED]   §r§6§lCHEST LOCKPICKED 
14:50:45 [EMPTY] 
14:50:45 [POWDER_REWARD_HEADER]   §r§a§lREWARDS
14:50:45 [POWDER_MINING_GEMSTONES]     §r§f✎ Rough Sapphire Gemstone §r§8x16
14:50:45 [POWDER_MINING_ESSENCE]     §r§dDiamond Essence
14:50:45 [REWARD_WRAPPER] §e§l▬▬▬▬▬▬▬▬▬▬▬▬▬▬▬▬▬▬▬▬▬▬▬▬▬▬▬▬▬▬▬▬▬▬▬▬▬▬▬▬▬▬▬▬▬▬▬▬▬▬▬▬▬▬▬▬▬▬▬▬▬▬▬▬
14:50:56 [STRONGER_TOOL] §cYou need a tool with a §r§aBreaking Power §r§cof §r§67§r§c to mine Sapphire Gemstone Block§r§c! Speak to §r§dFragilis §r§cby the entrance to the Crystal Hollows to learn more!
14:51:02 [STRONGER_TOOL] §cYou need a tool with a §r§aBreaking Power §r§cof §r§67§r§c to mine Sapphire Gemstone Block§r§c! Speak to §r§dFragilis §r§cby the entrance to the Crystal Hollows to learn more!
14:51:20 [STRONGER_TOOL] §cYou need a tool with a §r§aBreaking Power §r§cof §r§67§r§c to mine Sapphire Gemstone Block§r§c! Speak to §r§dFragilis §r§cby the entrance to the Crystal Hollows to learn more!
14:52:05 [EMPTY] §f                                        
14:52:15 [STRONGER_TOOL] §cYou need a tool with a §r§aBreaking Power §r§cof §r§67§r§c to mine Sapphire Gemstone Block§r§c! Speak to §r§dFragilis §r§cby the entrance to the Crystal Hollows to learn more!
14:52:32 [STRONGER_TOOL] §cYou need a tool with a §r§aBreaking Power §r§cof §r§67§r§c to mine Sapphire Gemstone Block§r§c! Speak to §r§dFragilis §r§cby the entrance to the Crystal Hollows to learn more!
14:53:44 [REWARD_WRAPPER] §e§l▬▬▬▬▬▬▬▬▬▬▬▬▬▬▬▬▬▬▬▬▬▬▬▬▬▬▬▬▬▬▬▬▬▬▬▬▬▬▬▬▬▬▬▬▬▬▬▬▬▬▬▬▬▬▬▬▬▬▬▬▬▬▬▬
14:53:44 [EMPTY] 
14:53:44 [POWDER_REWARD_HEADER]   §r§a§lREWARDS
14:53:44 [COMPACT_COLLECTION_LEVEL_UP]     §r§7§8+§b4 SkyBlock XP
14:53:44 [REWARD_WRAPPER] §e§l▬▬▬▬▬▬▬▬▬▬▬▬▬▬▬▬▬▬▬▬▬▬▬▬▬▬▬▬▬▬▬▬▬▬▬▬▬▬▬▬▬▬▬▬▬▬▬▬▬▬▬▬▬▬▬▬▬▬▬▬▬▬▬▬
14:53:58 [REWARD_WRAPPER] §e§l▬▬▬▬▬▬▬▬▬▬▬▬▬▬▬▬▬▬▬▬▬▬▬▬▬▬▬▬▬▬▬▬▬▬▬▬▬▬▬▬▬▬▬▬▬▬▬▬▬▬▬▬▬▬▬▬▬▬▬▬▬▬▬▬
14:53:58 [EMPTY] 
14:53:58 [POWDER_REWARD_HEADER]   §r§a§lREWARDS
14:53:58 [COMPACT_COLLECTION_LEVEL_UP]     §r§7§aSmall Accessory Bag
14:53:58 [COMPACT_COLLECTION_LEVEL_UP]     §r§7§8+§b4 SkyBlock XP
14:53:58 [REWARD_WRAPPER] §e§l▬▬▬▬▬▬▬▬▬▬▬▬▬▬▬▬▬▬▬▬▬▬▬▬▬▬▬▬▬▬▬▬▬▬▬▬▬▬▬▬▬▬▬▬▬▬▬▬▬▬▬▬▬▬▬▬▬▬▬▬▬▬▬▬
14:54:35 [GUILD_EXP] §aYou earned §r§2560 GEXP §r§a+ §r§e1,680 Event EXP §r§afrom playing SkyBlock!
14:54:48 [STRONGER_TOOL] §cYou need a tool with a §r§aBreaking Power §r§cof §r§67§r§c to mine Sapphire Gemstone Block§r§c! Speak to §r§dFragilis §r§cby the entrance to the Crystal Hollows to learn more!
14:55:31 [STRONGER_TOOL] §cYou need a tool with a §r§aBreaking Power §r§cof §r§67§r§c to mine Sapphire Gemstone Block§r§c! Speak to §r§dFragilis §r§cby the entrance to the Crystal Hollows to learn more!
14:55:42 [REWARD_WRAPPER] §e§l▬▬▬▬▬▬▬▬▬▬▬▬▬▬▬▬▬▬▬▬▬▬▬▬▬▬▬▬▬▬▬▬▬▬▬▬▬▬▬▬▬▬▬▬▬▬▬▬▬▬▬▬▬▬▬▬▬▬▬▬▬▬▬▬
14:55:42 [EMPTY] 
14:55:42 [POWDER_REWARD_HEADER]   §r§a§lREWARDS
14:55:42 [COMPACT_COLLECTION_LEVEL_UP]     §r§7§8+§b4 SkyBlock XP
14:55:42 [REWARD_WRAPPER] §e§l▬▬▬▬▬▬▬▬▬▬▬▬▬▬▬▬▬▬▬▬▬▬▬▬▬▬▬▬▬▬▬▬▬▬▬▬▬▬▬▬▬▬▬▬▬▬▬▬▬▬▬▬▬▬▬▬▬▬▬▬▬▬▬▬
14:55:56 [STRONGER_TOOL] §cYou need a tool with a §r§aBreaking Power §r§cof §r§66§r§c to mine Ruby Gemstone Block§r§c! Speak to §r§dFragilis §r§cby the entrance to the Crystal Hollows to learn more!
14:56:12 [STRONGER_TOOL] §cYou need a tool with a §r§aBreaking Power §r§cof §r§67§r§c to mine Sapphire Gemstone Block§r§c! Speak to §r§dFragilis §r§cby the entrance to the Crystal Hollows to learn more!
14:56:17 [STRONGER_TOOL] §cYou need a tool with a §r§aBreaking Power §r§cof §r§67§r§c to mine Sapphire Gemstone Block§r§c! Speak to §r§dFragilis §r§cby the entrance to the Crystal Hollows to learn more!
14:56:18 [POWDER_MINING_CHEST] §aYou uncovered a treasure chest!
14:56:25 [POWDER_MINING_PICKED] §6You have successfully picked the lock on this chest!
14:56:25 [REWARD_WRAPPER] §e§l▬▬▬▬▬▬▬▬▬▬▬▬▬▬▬▬▬▬▬▬▬▬▬▬▬▬▬▬▬▬▬▬▬▬▬▬▬▬▬▬▬▬▬▬▬▬▬▬▬▬▬▬▬▬▬▬▬▬▬▬▬▬▬▬
14:56:25 [POWDER_CHEST_LOCKPICKED]   §r§6§lCHEST LOCKPICKED 
14:56:25 [EMPTY] 
14:56:25 [POWDER_REWARD_HEADER]   §r§a§lREWARDS
14:56:25 [POWDER_MINING_POWDER]     §r§2Mithril Powder §r§8x663
14:56:25 [REWARD_WRAPPER] §e§l▬▬▬▬▬▬▬▬▬▬▬▬▬▬▬▬▬▬▬▬▬▬▬▬▬▬▬▬▬▬▬▬▬▬▬▬▬▬▬▬▬▬▬▬▬▬▬▬▬▬▬▬▬▬▬▬▬▬▬▬▬▬▬▬
14:56:31 [POWDER_MINING_CHEST] §aYou uncovered a treasure chest!
14:56:38 [POWDER_MINING_PICKED] §6You have successfully picked the lock on this chest!
14:56:38 [REWARD_WRAPPER] §e§l▬▬▬▬▬▬▬▬▬▬▬▬▬▬▬▬▬▬▬▬▬▬▬▬▬▬▬▬▬▬▬▬▬▬▬▬▬▬▬▬▬▬▬▬▬▬▬▬▬▬▬▬▬▬▬▬▬▬▬▬▬▬▬▬
14:56:38 [POWDER_CHEST_LOCKPICKED]   §r§6§lCHEST LOCKPICKED 
14:56:38 [EMPTY] 
14:56:38 [POWDER_REWARD_HEADER]   §r§a§lREWARDS
14:56:38 [POWDER_MINING_GEMSTONES]     §r§f❤ Rough Ruby Gemstone §r§8x8
14:56:38 [POWDER_MINING_ESSENCE]     §r§dDiamond Essence §r§8x2
14:56:38 [REWARD_WRAPPER] §e§l▬▬▬▬▬▬▬▬▬▬▬▬▬▬▬▬▬▬▬▬▬▬▬▬▬▬▬▬▬▬▬▬▬▬▬▬▬▬▬▬▬▬▬▬▬▬▬▬▬▬▬▬▬▬▬▬▬▬▬▬▬▬▬▬
14:57:55 [STRONGER_TOOL] §cYou need a tool with a §r§aBreaking Power §r§cof §r§67§r§c to mine Jade Gemstone Block§r§c! Speak to §r§dFragilis §r§cby the entrance to the Crystal Hollows to learn more!
14:58:04 [WARPING] §7Warping...
14:58:16 [WARPING] §7Warping you to your SkyBlock island...
14:58:16 [WARPING] §7Sending to server mini154CD...
14:58:17 [EMPTY] §8 §r§8 §r§1 §r§3 §r§3 §r§7 §r§8 
14:58:20 [PROFILE_JOIN] §aYou are playing on profile: §eKiwi
14:58:20 [PROFILE_JOIN] §8Profile ID: f6880d3c-959f-4385-8e86-be756ea86fe5
14:59:11 [WARPING] §7Sending to server mini37CR...
14:59:11 [EMPTY] §8 §r§8 §r§1 §r§3 §r§3 §r§7 §r§8 
14:59:15 [PROFILE_JOIN] §aYou are playing on profile: §eKiwi
14:59:15 [PROFILE_JOIN] §8Profile ID: f6880d3c-959f-4385-8e86-be756ea86fe5
14:59:28 [WARPING] §7Sending to server mini154BU...
14:59:29 [EMPTY] §8 §r§8 §r§1 §r§3 §r§3 §r§7 §r§8 
14:59:32 [PROFILE_JOIN] §aYou are playing on profile: §eKiwi
14:59:32 [PROFILE_JOIN] §8Profile ID: f6880d3c-959f-4385-8e86-be756ea86fe5
15:00:51 [WARPING] §7Warping...
15:00:51 [WARPING] §7Sending to server mini142P...
15:00:52 [EMPTY] §8 §r§8 §r§1 §r§3 §r§3 §r§7 §r§8 
15:00:55 [PROFILE_JOIN] §aYou are playing on profile: §eKiwi
15:00:55 [PROFILE_JOIN] §8Profile ID: f6880d3c-959f-4385-8e86-be756ea86fe5
15:01:30 [EMPTY] 
15:01:30 [EMPTY] 
15:01:30 [COMPACT_NEW_AREA_DISCOVERED] §7   ■ §r§f§r§7§r§fAncient machines protecting ancient cities that hide ancient
15:01:30 [COMPACT_NEW_AREA_DISCOVERED]    §r§f§r§fsecrets.
15:01:30 [EMPTY] 
15:02:09 [STRONGER_TOOL] §cYou need a tool with a §r§aBreaking Power §r§cof §r§67§r§c to mine Sapphire Gemstone Block§r§c! Speak to §r§dFragilis §r§cby the entrance to the Crystal Hollows to learn more!
15:02:09 [EMPTY] §f                                        
15:02:25 [COMPACT_BINGO_BORDER] §3§l▬▬▬▬▬▬▬▬▬▬▬▬▬▬▬▬▬▬▬▬▬▬▬▬▬▬▬▬▬▬▬▬▬▬▬▬▬▬▬▬▬▬▬▬▬▬▬▬▬▬▬▬▬▬▬▬▬▬▬▬▬▬▬▬
15:02:25 [EMPTY]  
15:02:25 [BESTIARY] §f                                  §6§lBESTIARY
15:02:25 [BESTIARY] §f                               §b§lWorm §7§8III §8➡§b §bIV
15:02:25 [BESTIARY] 
15:02:25 [BESTIARY] §f                                  §r§6§lREWARDS
15:02:25 [BESTIARY] §f                           §r§8+§r§a2 Worm §r§b✯ Magic Find
15:02:25 [BESTIARY] §f                            §r§8+§r§a2 Worm §r§c❁ Strength
15:02:25 [BESTIARY] §f                               §r§8+§r§62% §r§aWorm §r§7coins
15:02:25 [BESTIARY] §f                    §r§8+§r§a50% §r§7chance for extra XP orbs
15:02:25 [BESTIARY] §f                               §r§8+§r§b1 SkyBlock XP
15:02:25 [BESTIARY] 
15:02:25 [BESTIARY] §3§l▬▬▬▬▬▬▬▬▬▬▬▬▬▬▬▬▬▬▬▬▬▬▬▬▬▬▬▬▬▬▬▬▬▬▬▬▬▬▬▬▬▬▬▬▬▬▬▬▬▬▬▬▬▬▬▬▬▬▬▬▬▬▬▬
15:02:57 [STRONGER_TOOL] §cYou need a tool with a §r§aBreaking Power §r§cof §r§67§r§c to mine Sapphire Gemstone Block§r§c! Speak to §r§dFragilis §r§cby the entrance to the Crystal Hollows to learn more!
15:02:57 [GUILD_EXP] §aYou earned §r§2148 GEXP §r§a+ §r§e444 Event EXP §r§afrom playing SkyBlock!
15:03:05 [STRONGER_TOOL] §cYou need a tool with a §r§aBreaking Power §r§cof §r§67§r§c to mine Sapphire Gemstone Block§r§c! Speak to §r§dFragilis §r§cby the entrance to the Crystal Hollows to learn more!
15:04:26 [COMPACT_BINGO_BORDER] §3§l▬▬▬▬▬▬▬▬▬▬▬▬▬▬▬▬▬▬▬▬▬▬▬▬▬▬▬▬▬▬▬▬▬▬▬▬▬▬▬▬▬▬▬▬▬▬▬▬▬▬▬▬▬▬▬▬▬▬▬▬▬▬▬▬
15:04:26 [EMPTY]  
15:04:26 [BESTIARY] §f                                  §6§lBESTIARY
15:04:26 [BESTIARY] §f                                §b§lWorm §7§8IV §8➡§b §bV
15:04:26 [BESTIARY] 
15:04:26 [BESTIARY] §f                                  §r§6§lREWARDS
15:04:26 [BESTIARY] §f                           §r§8+§r§a2 Worm §r§b✯ Magic Find
15:04:26 [BESTIARY] §f                            §r§8+§r§a2 Worm §r§c❁ Strength
15:04:26 [BESTIARY] §f                               §r§8+§r§62% §r§aWorm §r§7coins
15:04:26 [BESTIARY] §f                    §r§8+§r§a50% §r§7chance for extra XP orbs
15:04:26 [BESTIARY] §f                               §r§8+§r§b1 SkyBlock XP
15:04:26 [BESTIARY] 
15:04:26 [BESTIARY] §3§l▬▬▬▬▬▬▬▬▬▬▬▬▬▬▬▬▬▬▬▬▬▬▬▬▬▬▬▬▬▬▬▬▬▬▬▬▬▬▬▬▬▬▬▬▬▬▬▬▬▬▬▬▬▬▬▬▬▬▬▬▬▬▬▬
15:04:38 [REWARD_WRAPPER] §e§l▬▬▬▬▬▬▬▬▬▬▬▬▬▬▬▬▬▬▬▬▬▬▬▬▬▬▬▬▬▬▬▬▬▬▬▬▬▬▬▬▬▬▬▬▬▬▬▬▬▬▬▬▬▬▬▬▬▬▬▬▬▬▬▬
15:04:38 [EMPTY] 
15:04:38 [POWDER_REWARD_HEADER]   §r§a§lREWARDS
15:04:38 [COMPACT_COLLECTION_LEVEL_UP]     §r§7§8+§b4 SkyBlock XP
15:04:38 [REWARD_WRAPPER] §e§l▬▬▬▬▬▬▬▬▬▬▬▬▬▬▬▬▬▬▬▬▬▬▬▬▬▬▬▬▬▬▬▬▬▬▬▬▬▬▬▬▬▬▬▬▬▬▬▬▬▬▬▬▬▬▬▬▬▬▬▬▬▬▬▬
15:05:40 [STRONGER_TOOL] §cYou need a tool with a §r§aBreaking Power §r§cof §r§67§r§c to mine Sapphire Gemstone Block§r§c! Speak to §r§dFragilis §r§cby the entrance to the Crystal Hollows to learn more!
15:06:46 [REWARD_WRAPPER] §d§l▬▬▬▬▬▬▬▬▬▬▬▬▬▬▬▬▬▬▬▬▬▬▬▬▬▬▬▬▬▬▬▬▬▬▬▬▬▬▬▬▬▬▬▬▬▬▬▬▬▬▬▬▬▬▬▬▬▬▬▬▬▬▬▬
15:06:46 [LOOT_CHEST_OPENED]   §r§5§lLOOT CHEST COLLECTED 
15:06:46 [EMPTY] 
15:06:46 [POWDER_REWARD_HEADER]   §r§f§lREWARDS
15:06:46 [POWDER_MINING_WISHING_COMPASS]     §r§aWishing Compass §r§8x3
15:06:46 [POWDER_MINING_GEMSTONES]     §r§f❤ Rough Ruby Gemstone §r§8x24
15:06:46 [POWDER_MINING_GEMSTONES]     §r§f✎ Rough Sapphire Gemstone §r§8x56
15:06:46 [POWDER_MINING_ESSENCE]     §r§dGold Essence §r§8x3
15:06:46 [REWARD_WRAPPER] §d§l▬▬▬▬▬▬▬▬▬▬▬▬▬▬▬▬▬▬▬▬▬▬▬▬▬▬▬▬▬▬▬▬▬▬▬▬▬▬▬▬▬▬▬▬▬▬▬▬▬▬▬▬▬▬▬▬▬▬▬▬▬▬▬▬
15:07:03 [WARPING] §7Warping...
15:07:36 [REWARD_WRAPPER] §d§l▬▬▬▬▬▬▬▬▬▬▬▬▬▬▬▬▬▬▬▬▬▬▬▬▬▬▬▬▬▬▬▬▬▬▬▬▬▬▬▬▬▬▬▬▬▬▬▬▬▬▬▬▬▬▬▬▬▬▬▬▬▬▬▬
15:07:36 [LOOT_CHEST_OPENED]   §r§5§lLOOT CHEST COLLECTED 
15:07:36 [EMPTY] 
15:07:36 [POWDER_REWARD_HEADER]   §r§f§lREWARDS
15:07:36 [POWDER_MINING_GEMSTONES]     §r§f✎ Rough Sapphire Gemstone §r§8x88
15:07:36 [POWDER_MINING_ESSENCE]     §r§dDiamond Essence §r§8x2
15:07:36 [POWDER_MINING_ESSENCE]     §r§dGold Essence §r§8x2
15:07:36 [REWARD_WRAPPER] §d§l▬▬▬▬▬▬▬▬▬▬▬▬▬▬▬▬▬▬▬▬▬▬▬▬▬▬▬▬▬▬▬▬▬▬▬▬▬▬▬▬▬▬▬▬▬▬▬▬▬▬▬▬▬▬▬▬▬▬▬▬▬▬▬▬
15:07:59 [GUILD_EXP] §aYou earned §r§2750 GEXP §r§a+ §r§e2,250 Event EXP §r§afrom playing SkyBlock!
15:08:39 [WARPING] §7Warping...
15:09:23 [REWARD_WRAPPER] §d§l▬▬▬▬▬▬▬▬▬▬▬▬▬▬▬▬▬▬▬▬▬▬▬▬▬▬▬▬▬▬▬▬▬▬▬▬▬▬▬▬▬▬▬▬▬▬▬▬▬▬▬▬▬▬▬▬▬▬▬▬▬▬▬▬
15:09:23 [LOOT_CHEST_OPENED]   §r§5§lLOOT CHEST COLLECTED 
15:09:23 [EMPTY] 
15:09:23 [POWDER_REWARD_HEADER]   §r§f§lREWARDS
15:09:23 [POWDER_MINING_GEMSTONES]     §r§f☘ Rough Jade Gemstone §r§8x64
15:09:23 [POWDER_MINING_ESSENCE]     §r§dGold Essence
15:09:23 [REWARD_WRAPPER] §d§l▬▬▬▬▬▬▬▬▬▬▬▬▬▬▬▬▬▬▬▬▬▬▬▬▬▬▬▬▬▬▬▬▬▬▬▬▬▬▬▬▬▬▬▬▬▬▬▬▬▬▬▬▬▬▬▬▬▬▬▬▬▬▬▬
15:09:27 [EMPTY] 
15:09:27 [EMPTY] 
15:09:27 [EMPTY] 
15:10:45 [STRONGER_TOOL] §cYou need a tool with a §r§aBreaking Power §r§cof §r§67§r§c to mine Sapphire Gemstone Block§r§c! Speak to §r§dFragilis §r§cby the entrance to the Crystal Hollows to learn more!
15:12:35 [WARPING] §7Warping...
15:12:35 [WARPING] §7Sending to server mini5DD...
15:12:36 [EMPTY] §8 §r§8 §r§1 §r§3 §r§3 §r§7 §r§8 
15:12:39 [PROFILE_JOIN] §aYou are playing on profile: §eKiwi
15:12:39 [PROFILE_JOIN] §8Profile ID: f6880d3c-959f-4385-8e86-be756ea86fe5
15:12:53 [WARPING] §7Warping...
15:12:53 [WARPING] §7Sending to server mini143AU...
15:12:53 [EMPTY] §8 §r§8 §r§1 §r§3 §r§3 §r§7 §r§8 
15:12:56 [PROFILE_JOIN] §aYou are playing on profile: §eKiwi
15:12:56 [PROFILE_JOIN] §8Profile ID: f6880d3c-959f-4385-8e86-be756ea86fe5
15:13:30 [WARPING] §7Warping...
15:13:49 [WARPING] §7Warping...
15:14:34 [WARPING] §7Warping...
15:14:34 [WARPING] §7Sending to server mini1BA...
15:14:35 [EMPTY] §8 §r§8 §r§1 §r§3 §r§3 §r§7 §r§8 
15:14:37 [WARPING] §7Warping...
15:14:37 [WARPING] §7Sending to server mini81CH...
15:14:38 [EMPTY] §8 §r§8 §r§1 §r§3 §r§3 §r§7 §r§8 
15:14:41 [PROFILE_JOIN] §aYou are playing on profile: §eKiwi
15:14:41 [PROFILE_JOIN] §8Profile ID: f6880d3c-959f-4385-8e86-be756ea86fe5
15:16:43 [WARPING] §7Warping...
15:17:24 [EMPTY] 
15:17:24 [EMPTY] 
15:17:24 [EMPTY] 
15:17:24 [REWARD_WRAPPER] §d§l▬▬▬▬▬▬▬▬▬▬▬▬▬▬▬▬▬▬▬▬▬▬▬▬▬▬▬▬▬▬▬▬▬▬▬▬▬▬▬▬▬▬▬▬▬▬▬▬▬▬▬▬▬▬▬▬▬▬▬▬▬▬▬▬
15:17:24 [LOOT_CHEST_OPENED]   §r§5§lLOOT CHEST COLLECTED 
15:17:24 [EMPTY] 
15:17:24 [POWDER_REWARD_HEADER]   §r§f§lREWARDS
15:17:24 [POWDER_MINING_GEMSTONES]     §r§f☘ Rough Jade Gemstone §r§8x40
15:17:24 [POWDER_MINING_GEMSTONES]     §r§f❤ Rough Ruby Gemstone §r§8x8
15:17:24 [POWDER_MINING_GEMSTONES]     §r§a☘ Flawed Jade Gemstone §r§8x5
15:17:24 [POWDER_MINING_ESSENCE]     §r§dDiamond Essence §r§8x3
15:17:24 [POWDER_MINING_ESSENCE]     §r§dGold Essence §r§8x2
15:17:24 [REWARD_WRAPPER] §d§l▬▬▬▬▬▬▬▬▬▬▬▬▬▬▬▬▬▬▬▬▬▬▬▬▬▬▬▬▬▬▬▬▬▬▬▬▬▬▬▬▬▬▬▬▬▬▬▬▬▬▬▬▬▬▬▬▬▬▬▬▬▬▬▬
15:17:25 [GUILD_EXP] §aYou earned §r§2163 GEXP §r§a+ §r§e489 Event EXP §r§afrom playing SkyBlock!
15:17:35 [WARPING] §7Warping...
15:20:01 [EMPTY] 
15:21:08 [WARPING] §7Warping...
15:21:40 [STRONGER_TOOL] §cYou need a tool with a §r§aBreaking Power §r§cof §r§67§r§c to mine Amber Gemstone Block§r§c! Speak to §r§dFragilis §r§cby the entrance to the Crystal Hollows to learn more!
15:21:47 [STRONGER_TOOL] §cYou need a tool with a §r§aBreaking Power §r§cof §r§66§r§c to mine Ruby Gemstone Block§r§c! Speak to §r§dFragilis §r§cby the entrance to the Crystal Hollows to learn more!
15:21:50 [EMPTY] §f                                        
15:22:28 [GUILD_EXP] §aYou earned §r§2750 GEXP §r§a+ §r§e2,250 Event EXP §r§afrom playing SkyBlock!
15:22:47 [EMPTY] 
15:22:47 [EMPTY] 
15:22:47 [COMPACT_NEW_AREA_DISCOVERED] §7   ■ §r§f§r§7§r§fBuried deep underground away from prying eyes.
15:22:47 [COMPACT_NEW_AREA_DISCOVERED] §7   ■ §r§f§r§7§r§fThe mythic Goblin Queen lays in wait.
15:22:47 [COMPACT_NEW_AREA_DISCOVERED] §7   ■ §r§f§r§7§r§fShe seeks replacements for her now missing King...
15:22:47 [EMPTY] 
15:22:59 [WARPING] §7Warping...
15:22:59 [WARPING] §7Sending to server mini24S...
15:23:00 [EMPTY] §8 §r§8 §r§1 §r§3 §r§3 §r§7 §r§8 
15:23:02 [PROFILE_JOIN] §aYou are playing on profile: §eKiwi
15:23:02 [PROFILE_JOIN] §8Profile ID: f6880d3c-959f-4385-8e86-be756ea86fe5
15:23:02 [WARPING] §7Warping...
15:23:03 [WARPING] §7Sending to server mini27AW...
15:23:03 [EMPTY] §8 §r§8 §r§1 §r§3 §r§3 §r§7 §r§8 
15:23:06 [PROFILE_JOIN] §aYou are playing on profile: §eKiwi
15:23:06 [PROFILE_JOIN] §8Profile ID: f6880d3c-959f-4385-8e86-be756ea86fe5
15:23:58 [REWARD_WRAPPER] §d§l▬▬▬▬▬▬▬▬▬▬▬▬▬▬▬▬▬▬▬▬▬▬▬▬▬▬▬▬▬▬▬▬▬▬▬▬▬▬▬▬▬▬▬▬▬▬▬▬▬▬▬▬▬▬▬▬▬▬▬▬▬▬▬▬
15:23:58 [LOOT_CHEST_OPENED]   §r§5§lLOOT CHEST COLLECTED 
15:23:58 [EMPTY] 
15:23:58 [POWDER_REWARD_HEADER]   §r§f§lREWARDS
15:23:58 [POWDER_MINING_GEMSTONES]     §r§a⸕ Flawed Amber Gemstone
15:23:58 [POWDER_MINING_GEMSTONES]     §r§f⸕ Rough Amber Gemstone §r§8x24
15:23:58 [POWDER_MINING_ESSENCE]     §r§dGold Essence §r§8x2
15:23:58 [POWDER_MINING_ESSENCE]     §r§dDiamond Essence §r§8x2
15:23:58 [REWARD_WRAPPER] §d§l▬▬▬▬▬▬▬▬▬▬▬▬▬▬▬▬▬▬▬▬▬▬▬▬▬▬▬▬▬▬▬▬▬▬▬▬▬▬▬▬▬▬▬▬▬▬▬▬▬▬▬▬▬▬▬▬▬▬▬▬▬▬▬▬
15:24:32 [REWARD_WRAPPER] §d§l▬▬▬▬▬▬▬▬▬▬▬▬▬▬▬▬▬▬▬▬▬▬▬▬▬▬▬▬▬▬▬▬▬▬▬▬▬▬▬▬▬▬▬▬▬▬▬▬▬▬▬▬▬▬▬▬▬▬▬▬▬▬▬▬
15:24:32 [LOOT_CHEST_OPENED]   §r§5§lLOOT CHEST COLLECTED 
15:24:32 [EMPTY] 
15:24:32 [POWDER_REWARD_HEADER]   §r§f§lREWARDS
15:24:32 [POWDER_MINING_GEMSTONES]     §r§f❈ Rough Amethyst Gemstone §r§8x48
15:24:32 [POWDER_MINING_ESSENCE]     §r§dGold Essence §r§8x4
15:24:32 [POWDER_MINING_ESSENCE]     §r§dDiamond Essence
15:24:32 [REWARD_WRAPPER] §d§l▬▬▬▬▬▬▬▬▬▬▬▬▬▬▬▬▬▬▬▬▬▬▬▬▬▬▬▬▬▬▬▬▬▬▬▬▬▬▬▬▬▬▬▬▬▬▬▬▬▬▬▬▬▬▬▬▬▬▬▬▬▬▬▬
