13:04:25  
13:04:25 [original] §r    §r§dGemstone Powder §r§8x1,108§r
13:04:25 [modified] §a+ §b1,108§r §r§dGemstone Powder§r
13:27:25  
13:27:25 [original] §r    §r§2Mithril Powder §r§8x1,190§r
13:27:25 [modified] §a+ §b1,190§r §r§2Mithril Powder§r
13:32:55  
13:32:55 [original] §r    §r§dGold Essence §r§8x6§r
13:32:55 [modified] §a+ §b6§r §r§dGold Essence§r
13:39:48  
13:39:48 [original] §r    §r§2Mithril Powder §r§8x5,235§r
13:39:48 [modified] §a+ §b5,235§r §r§2Mithril Powder§r
14:50:45  
14:50:45 [original] §r    §r§dGemstone Powder §r§8x1,122§r
14:50:45 [modified] §a+ §b1,122§r §r§dGemstone Powder§r
14:56:38  
14:56:38 [original] §r    §r§dGemstone Powder §r§8x1,286§r
14:56:38 [modified] §a+ §b1,286§r §r§dGemstone Powder§r
15:06:46  
15:06:46 [original] §r    §r§9Robotron Reflector§r
15:06:46 [modified] §a+§r §r§9Robotron Reflector§r
