21:01:24 Trying to load config from config\skyhanni\config.json
21:01:24 load-config-now
21:01:25 Loaded config from file
21:01:25 Trying to load sacks from config\skyhanni\sacks.json
21:01:25 load-sacks-now
21:01:25 Loaded sacks from file
21:01:25 Trying to load friends from config\skyhanni\friends.json
21:01:25 load-friends-now
21:01:25 Loaded friends from file
21:01:25 Trying to load known_features from config\skyhanni\known_features.json
21:01:25 load-known_features-now
21:01:25 Loaded known_features from file
21:01:25 Trying to load jacob_contests from config\skyhanni\jacob_contests.json
21:01:25 load-jacob_contests-now
21:01:25 Loaded jacob_contests from file
21:01:25 Trying to load visual_words from config\skyhanni\visual_words.json
21:01:25 Setting visual_words to be blank as it did not exist. It will be saved once something is written to it
21:02:25 saveConfig: auto-save-60s
21:02:25 Saving config file
21:02:25 Saved config file successfully
21:02:25 saveConfig: auto-save-60s
21:02:25 Saving config file
21:02:25 Saved config file successfully
21:03:09 saveConfig: Updated known feature flags
21:03:09 Saving known_features file
21:03:09 Saved known_features file successfully
21:03:09 saveConfig: Updated known feature flags
21:03:09 Saving known_features file
21:03:09 Saved known_features file successfully
21:03:25 saveConfig: auto-save-60s
21:03:25 Saving config file
21:03:25 Saved config file successfully
21:03:25 saveConfig: auto-save-60s
21:03:25 Saving config file
21:03:25 Saved config file successfully
21:04:25 saveConfig: auto-save-60s
21:04:25 Saving config file
21:04:25 Saved config file successfully
21:04:25 saveConfig: auto-save-60s
21:04:25 Saving config file
21:04:25 Saved config file successfully
21:05:25 saveConfig: auto-save-60s
21:05:25 Saving config file
21:05:25 Saved config file successfully
21:05:25 saveConfig: auto-save-60s
21:05:25 Saving config file
21:05:25 Saved config file successfully
21:06:25 saveConfig: auto-save-60s
21:06:25 Saving config file
21:06:25 Saved config file successfully
21:06:25 saveConfig: auto-save-60s
21:06:25 Saving config file
21:06:25 Saved config file successfully
21:07:25 saveConfig: auto-save-60s
21:07:25 Saving config file
21:07:25 Saved config file successfully
21:07:25 saveConfig: auto-save-60s
21:07:25 Saving config file
21:07:25 Saved config file successfully
21:08:25 saveConfig: auto-save-60s
21:08:25 Saving config file
21:08:25 Saved config file successfully
21:08:25 saveConfig: auto-save-60s
21:08:25 Saving config file
21:08:25 Saved config file successfully
21:09:25 saveConfig: auto-save-60s
21:09:25 Saving config file
21:09:25 Saved config file successfully
21:09:25 saveConfig: auto-save-60s
21:09:25 Saving config file
21:09:25 Saved config file successfully
21:10:25 saveConfig: auto-save-60s
21:10:25 Saving config file
21:10:25 Saved config file successfully
21:10:25 saveConfig: auto-save-60s
21:10:25 Saving config file
21:10:25 Saved config file successfully
21:11:25 saveConfig: auto-save-60s
21:11:25 Saving config file
21:11:25 Saved config file successfully
21:11:25 saveConfig: auto-save-60s
21:11:25 Saving config file
21:11:25 Saved config file successfully
21:12:25 saveConfig: auto-save-60s
21:12:25 Saving config file
21:12:25 Saved config file successfully
21:12:25 saveConfig: auto-save-60s
21:12:25 Saving config file
21:12:25 Saved config file successfully
21:13:25 saveConfig: auto-save-60s
21:13:25 Saving config file
21:13:25 Saved config file successfully
21:13:25 saveConfig: auto-save-60s
21:13:25 Saving config file
21:13:25 Saved config file successfully
21:14:25 saveConfig: auto-save-60s
21:14:25 Saving config file
21:14:25 Saved config file successfully
21:14:25 saveConfig: auto-save-60s
21:14:25 Saving config file
21:14:25 Saved config file successfully
21:15:25 saveConfig: auto-save-60s
21:15:25 Saving config file
21:15:25 Saved config file successfully
21:15:25 saveConfig: auto-save-60s
21:15:25 Saving config file
21:15:25 Saved config file successfully
21:16:25 saveConfig: auto-save-60s
21:16:25 Saving config file
21:16:25 Saved config file successfully
21:16:25 saveConfig: auto-save-60s
21:16:25 Saving config file
21:16:25 Saved config file successfully
21:17:25 saveConfig: auto-save-60s
21:17:25 Saving config file
21:17:25 Saved config file successfully
21:17:25 saveConfig: auto-save-60s
21:17:25 Saving config file
21:17:25 Saved config file successfully
21:18:25 saveConfig: auto-save-60s
21:18:25 Saving config file
21:18:25 Saved config file successfully
21:18:25 saveConfig: auto-save-60s
21:18:25 Saving config file
21:18:25 Saved config file successfully
21:19:25 saveConfig: auto-save-60s
21:19:25 Saving config file
21:19:25 Saved config file successfully
21:19:25 saveConfig: auto-save-60s
21:19:25 Saving config file
21:19:25 Saved config file successfully
21:20:25 saveConfig: auto-save-60s
21:20:25 Saving config file
21:20:25 Saved config file successfully
21:20:25 saveConfig: auto-save-60s
21:20:25 Saving config file
21:20:25 Saved config file successfully
21:21:25 saveConfig: auto-save-60s
21:21:25 Saving config file
21:21:25 Saved config file successfully
21:21:25 saveConfig: auto-save-60s
21:21:25 Saving config file
21:21:25 Saved config file successfully
21:22:25 saveConfig: auto-save-60s
21:22:25 Saving config file
21:22:25 Saved config file successfully
21:22:25 saveConfig: auto-save-60s
21:22:25 Saving config file
21:22:25 Saved config file successfully
21:23:25 saveConfig: auto-save-60s
21:23:25 Saving config file
21:23:25 Saved config file successfully
21:23:25 saveConfig: auto-save-60s
21:23:25 Saving config file
21:23:25 Saved config file successfully
21:24:25 saveConfig: auto-save-60s
21:24:25 Saving config file
21:24:25 Saved config file successfully
21:24:25 saveConfig: auto-save-60s
21:24:25 Saving config file
21:24:25 Saved config file successfully
21:25:25 saveConfig: auto-save-60s
21:25:25 Saving config file
21:25:25 Saved config file successfully
21:25:25 saveConfig: auto-save-60s
21:25:25 Saving config file
21:25:25 Saved config file successfully
21:26:25 saveConfig: auto-save-60s
21:26:25 Saving config file
21:26:25 Saved config file successfully
21:26:25 saveConfig: auto-save-60s
21:26:25 Saving config file
21:26:25 Saved config file successfully
21:27:25 saveConfig: auto-save-60s
21:27:25 Saving config file
21:27:25 Saved config file successfully
21:27:25 saveConfig: auto-save-60s
21:27:25 Saving config file
21:27:25 Saved config file successfully
21:28:25 saveConfig: auto-save-60s
21:28:25 Saving config file
21:28:25 Saved config file successfully
21:28:25 saveConfig: auto-save-60s
21:28:25 Saving config file
21:28:25 Saved config file successfully
21:29:25 saveConfig: auto-save-60s
21:29:25 Saving config file
21:29:25 Saved config file successfully
21:29:25 saveConfig: auto-save-60s
21:29:25 Saving config file
21:29:25 Saved config file successfully
21:30:25 saveConfig: auto-save-60s
21:30:25 Saving config file
21:30:25 Saved config file successfully
21:30:25 saveConfig: auto-save-60s
21:30:25 Saving config file
21:30:25 Saved config file successfully
21:31:25 saveConfig: auto-save-60s
21:31:25 Saving config file
21:31:25 Saved config file successfully
21:31:25 saveConfig: auto-save-60s
21:31:25 Saving config file
21:31:25 Saved config file successfully
21:32:25 saveConfig: auto-save-60s
21:32:25 Saving config file
21:32:25 Saved config file successfully
21:32:25 saveConfig: auto-save-60s
21:32:25 Saving config file
21:32:25 Saved config file successfully
21:33:25 saveConfig: auto-save-60s
21:33:25 Saving config file
21:33:25 Saved config file successfully
21:33:25 saveConfig: auto-save-60s
21:33:25 Saving config file
21:33:25 Saved config file successfully
21:34:25 saveConfig: auto-save-60s
21:34:25 Saving config file
21:34:25 Saved config file successfully
21:34:25 saveConfig: auto-save-60s
21:34:25 Saving config file
21:34:25 Saved config file successfully
21:35:25 saveConfig: auto-save-60s
21:35:25 Saving config file
21:35:25 Saved config file successfully
21:35:25 saveConfig: auto-save-60s
21:35:25 Saving config file
21:35:25 Saved config file successfully
21:36:25 saveConfig: auto-save-60s
21:36:25 Saving config file
21:36:25 Saved config file successfully
21:36:25 saveConfig: auto-save-60s
21:36:25 Saving config file
21:36:25 Saved config file successfully
21:37:25 saveConfig: auto-save-60s
21:37:25 Saving config file
21:37:25 Saved config file successfully
21:37:25 saveConfig: auto-save-60s
21:37:25 Saving config file
21:37:25 Saved config file successfully
21:38:25 saveConfig: auto-save-60s
21:38:25 Saving config file
21:38:25 Saved config file successfully
21:38:25 saveConfig: auto-save-60s
21:38:25 Saving config file
21:38:25 Saved config file successfully
21:39:25 saveConfig: auto-save-60s
21:39:25 Saving config file
21:39:25 Saved config file successfully
21:39:25 saveConfig: auto-save-60s
21:39:25 Saving config file
21:39:25 Saved config file successfully
21:40:25 saveConfig: auto-save-60s
21:40:25 Saving config file
21:40:25 Saved config file successfully
21:40:25 saveConfig: auto-save-60s
21:40:25 Saving config file
21:40:25 Saved config file successfully
21:41:25 saveConfig: auto-save-60s
21:41:25 Saving config file
21:41:25 Saved config file successfully
21:41:25 saveConfig: auto-save-60s
21:41:25 Saving config file
21:41:25 Saved config file successfully
21:42:25 saveConfig: auto-save-60s
21:42:25 Saving config file
21:42:25 Saved config file successfully
21:42:25 saveConfig: auto-save-60s
21:42:25 Saving config file
21:42:25 Saved config file successfully
21:43:25 saveConfig: auto-save-60s
21:43:25 Saving config file
21:43:25 Saved config file successfully
21:43:25 saveConfig: auto-save-60s
21:43:25 Saving config file
21:43:25 Saved config file successfully
21:44:25 saveConfig: auto-save-60s
21:44:25 Saving config file
21:44:25 Saved config file successfully
21:44:25 saveConfig: auto-save-60s
21:44:25 Saving config file
21:44:25 Saved config file successfully
21:45:25 saveConfig: auto-save-60s
21:45:25 Saving config file
21:45:25 Saved config file successfully
21:45:25 saveConfig: auto-save-60s
21:45:25 Saving config file
21:45:25 Saved config file successfully
21:46:25 saveConfig: auto-save-60s
21:46:25 Saving config file
21:46:25 Saved config file successfully
21:46:25 saveConfig: auto-save-60s
21:46:25 Saving config file
21:46:25 Saved config file successfully
21:47:25 saveConfig: auto-save-60s
21:47:25 Saving config file
21:47:25 Saved config file successfully
21:47:25 saveConfig: auto-save-60s
21:47:25 Saving config file
21:47:25 Saved config file successfully
21:48:25 saveConfig: auto-save-60s
21:48:25 Saving config file
21:48:25 Saved config file successfully
21:48:25 saveConfig: auto-save-60s
21:48:25 Saving config file
21:48:25 Saved config file successfully
21:49:25 saveConfig: auto-save-60s
21:49:25 Saving config file
21:49:25 Saved config file successfully
21:49:25 saveConfig: auto-save-60s
21:49:25 Saving config file
21:49:25 Saved config file successfully
21:50:25 saveConfig: auto-save-60s
21:50:25 Saving config file
21:50:25 Saved config file successfully
21:50:25 saveConfig: auto-save-60s
21:50:25 Saving config file
21:50:25 Saved config file successfully
21:51:25 saveConfig: auto-save-60s
21:51:25 Saving config file
21:51:25 Saved config file successfully
21:51:25 saveConfig: auto-save-60s
21:51:25 Saving config file
21:51:25 Saved config file successfully
21:52:25 saveConfig: auto-save-60s
21:52:25 Saving config file
21:52:25 Saved config file successfully
21:52:25 saveConfig: auto-save-60s
21:52:25 Saving config file
21:52:25 Saved config file successfully
21:53:25 saveConfig: auto-save-60s
21:53:25 Saving config file
21:53:25 Saved config file successfully
21:53:25 saveConfig: auto-save-60s
21:53:25 Saving config file
21:53:25 Saved config file successfully
21:54:25 saveConfig: auto-save-60s
21:54:25 Saving config file
21:54:25 Saved config file successfully
21:54:25 saveConfig: auto-save-60s
21:54:25 Saving config file
21:54:25 Saved config file successfully
21:55:25 saveConfig: auto-save-60s
21:55:25 Saving config file
21:55:25 Saved config file successfully
21:55:25 saveConfig: auto-save-60s
21:55:25 Saving config file
21:55:25 Saved config file successfully
21:56:25 saveConfig: auto-save-60s
21:56:25 Saving config file
21:56:25 Saved config file successfully
21:56:25 saveConfig: auto-save-60s
21:56:25 Saving config file
21:56:25 Saved config file successfully
21:57:25 saveConfig: auto-save-60s
21:57:25 Saving config file
21:57:25 Saved config file successfully
21:57:25 saveConfig: auto-save-60s
21:57:25 Saving config file
21:57:25 Saved config file successfully
21:58:25 saveConfig: auto-save-60s
21:58:25 Saving config file
21:58:25 Saved config file successfully
21:58:25 saveConfig: auto-save-60s
21:58:25 Saving config file
21:58:25 Saved config file successfully
21:59:25 saveConfig: auto-save-60s
21:59:25 Saving config file
21:59:25 Saved config file successfully
21:59:25 saveConfig: auto-save-60s
21:59:25 Saving config file
21:59:25 Saved config file successfully
22:00:25 saveConfig: auto-save-60s
22:00:25 Saving config file
22:00:25 Saved config file successfully
22:00:25 saveConfig: auto-save-60s
22:00:25 Saving config file
22:00:25 Saved config file successfully
22:01:25 saveConfig: auto-save-60s
22:01:25 Saving config file
22:01:25 Saved config file successfully
22:01:25 saveConfig: auto-save-60s
22:01:25 Saving config file
22:01:25 Saved config file successfully
22:02:25 saveConfig: auto-save-60s
22:02:25 Saving config file
22:02:25 Saved config file successfully
22:02:25 saveConfig: auto-save-60s
22:02:25 Saving config file
22:02:25 Saved config file successfully
22:03:25 saveConfig: auto-save-60s
22:03:25 Saving config file
22:03:25 Saved config file successfully
22:03:25 saveConfig: auto-save-60s
22:03:25 Saving config file
22:03:25 Saved config file successfully
22:04:25 saveConfig: auto-save-60s
22:04:25 Saving config file
22:04:25 Saved config file successfully
22:04:25 saveConfig: auto-save-60s
22:04:25 Saving config file
22:04:25 Saved config file successfully
22:05:25 saveConfig: auto-save-60s
22:05:25 Saving config file
22:05:25 Saved config file successfully
22:05:25 saveConfig: auto-save-60s
22:05:25 Saving config file
22:05:25 Saved config file successfully
22:06:25 saveConfig: auto-save-60s
22:06:25 Saving config file
22:06:25 Saved config file successfully
22:06:25 saveConfig: auto-save-60s
22:06:25 Saving config file
22:06:25 Saved config file successfully
22:07:25 saveConfig: auto-save-60s
22:07:25 Saving config file
22:07:25 Saved config file successfully
22:07:25 saveConfig: auto-save-60s
22:07:25 Saving config file
22:07:25 Saved config file successfully
22:08:25 saveConfig: auto-save-60s
22:08:25 Saving config file
22:08:25 Saved config file successfully
22:08:25 saveConfig: auto-save-60s
22:08:25 Saving config file
22:08:25 Saved config file successfully
22:09:25 saveConfig: auto-save-60s
22:09:25 Saving config file
22:09:25 Saved config file successfully
22:09:25 saveConfig: auto-save-60s
22:09:25 Saving config file
22:09:25 Saved config file successfully
22:10:25 saveConfig: auto-save-60s
22:10:25 Saving config file
22:10:25 Saved config file successfully
22:10:25 saveConfig: auto-save-60s
22:10:25 Saving config file
22:10:25 Saved config file successfully
22:11:25 saveConfig: auto-save-60s
22:11:25 Saving config file
22:11:25 Saved config file successfully
22:11:25 saveConfig: auto-save-60s
22:11:25 Saving config file
22:11:25 Saved config file successfully
22:12:25 saveConfig: auto-save-60s
22:12:25 Saving config file
22:12:25 Saved config file successfully
22:12:25 saveConfig: auto-save-60s
22:12:25 Saving config file
22:12:25 Saved config file successfully
22:13:25 saveConfig: auto-save-60s
22:13:25 Saving config file
22:13:25 Saved config file successfully
22:13:25 saveConfig: auto-save-60s
22:13:25 Saving config file
22:13:25 Saved config file successfully
22:14:25 saveConfig: auto-save-60s
22:14:25 Saving config file
22:14:25 Saved config file successfully
22:14:25 saveConfig: auto-save-60s
22:14:25 Saving config file
22:14:25 Saved config file successfully
22:15:25 saveConfig: auto-save-60s
22:15:25 Saving config file
22:15:25 Saved config file successfully
22:15:25 saveConfig: auto-save-60s
22:15:25 Saving config file
22:15:25 Saved config file successfully
22:16:25 saveConfig: auto-save-60s
22:16:25 Saving config file
22:16:25 Saved config file successfully
22:16:25 saveConfig: auto-save-60s
22:16:25 Saving config file
22:16:25 Saved config file successfully
22:17:25 saveConfig: auto-save-60s
22:17:25 Saving config file
22:17:25 Saved config file successfully
22:17:25 saveConfig: auto-save-60s
22:17:25 Saving config file
22:17:25 Saved config file successfully
22:18:25 saveConfig: auto-save-60s
22:18:25 Saving config file
22:18:25 Saved config file successfully
22:18:25 saveConfig: auto-save-60s
22:18:25 Saving config file
22:18:25 Saved config file successfully
22:19:25 saveConfig: auto-save-60s
22:19:25 Saving config file
22:19:25 Saved config file successfully
22:19:25 saveConfig: auto-save-60s
22:19:25 Saving config file
22:19:25 Saved config file successfully
22:20:25 saveConfig: auto-save-60s
22:20:25 Saving config file
22:20:25 Saved config file successfully
22:20:25 saveConfig: auto-save-60s
22:20:25 Saving config file
22:20:25 Saved config file successfully
22:21:25 saveConfig: auto-save-60s
22:21:25 Saving config file
22:21:25 Saved config file successfully
22:21:25 saveConfig: auto-save-60s
22:21:25 Saving config file
22:21:25 Saved config file successfully
22:22:25 saveConfig: auto-save-60s
22:22:25 Saving config file
22:22:25 Saved config file successfully
22:22:25 saveConfig: auto-save-60s
22:22:25 Saving config file
22:22:25 Saved config file successfully
22:23:25 saveConfig: auto-save-60s
22:23:25 Saving config file
22:23:25 Saved config file successfully
22:23:25 saveConfig: auto-save-60s
22:23:25 Saving config file
22:23:25 Saved config file successfully
22:24:25 saveConfig: auto-save-60s
22:24:25 Saving config file
22:24:25 Saved config file successfully
22:24:25 saveConfig: auto-save-60s
22:24:25 Saving config file
22:24:25 Saved config file successfully
22:25:25 saveConfig: auto-save-60s
22:25:25 Saving config file
22:25:25 Saved config file successfully
22:25:25 saveConfig: auto-save-60s
22:25:25 Saving config file
22:25:25 Saved config file successfully
22:26:25 saveConfig: auto-save-60s
22:26:25 Saving config file
22:26:25 Saved config file successfully
22:26:25 saveConfig: auto-save-60s
22:26:25 Saving config file
22:26:25 Saved config file successfully
22:27:25 saveConfig: auto-save-60s
22:27:25 Saving config file
22:27:25 Saved config file successfully
22:27:25 saveConfig: auto-save-60s
22:27:25 Saving config file
22:27:25 Saved config file successfully
22:28:25 saveConfig: auto-save-60s
22:28:25 Saving config file
22:28:25 Saved config file successfully
22:28:25 saveConfig: auto-save-60s
22:28:25 Saving config file
22:28:25 Saved config file successfully
22:29:25 saveConfig: auto-save-60s
22:29:25 Saving config file
22:29:25 Saved config file successfully
22:29:25 saveConfig: auto-save-60s
22:29:25 Saving config file
22:29:25 Saved config file successfully
22:30:25 saveConfig: auto-save-60s
22:30:25 Saving config file
22:30:25 Saved config file successfully
22:30:25 saveConfig: auto-save-60s
22:30:25 Saving config file
22:30:25 Saved config file successfully
22:31:25 saveConfig: auto-save-60s
22:31:25 Saving config file
22:31:25 Saved config file successfully
22:31:25 saveConfig: auto-save-60s
22:31:25 Saving config file
22:31:25 Saved config file successfully
22:32:25 saveConfig: auto-save-60s
22:32:25 Saving config file
22:32:25 Saved config file successfully
22:32:25 saveConfig: auto-save-60s
22:32:25 Saving config file
22:32:25 Saved config file successfully
22:33:25 saveConfig: auto-save-60s
22:33:25 Saving config file
22:33:25 Saved config file successfully
22:33:25 saveConfig: auto-save-60s
22:33:25 Saving config file
22:33:25 Saved config file successfully
22:34:25 saveConfig: auto-save-60s
22:34:25 Saving config file
22:34:25 Saved config file successfully
22:34:25 saveConfig: auto-save-60s
22:34:25 Saving config file
22:34:25 Saved config file successfully
22:35:25 saveConfig: auto-save-60s
22:35:25 Saving config file
22:35:25 Saved config file successfully
22:35:25 saveConfig: auto-save-60s
22:35:25 Saving config file
22:35:25 Saved config file successfully
22:36:25 saveConfig: auto-save-60s
22:36:25 Saving config file
22:36:25 Saved config file successfully
22:36:25 saveConfig: auto-save-60s
22:36:25 Saving config file
22:36:25 Saved config file successfully
22:37:25 saveConfig: auto-save-60s
22:37:25 Saving config file
22:37:25 Saved config file successfully
22:37:25 saveConfig: auto-save-60s
22:37:25 Saving config file
22:37:25 Saved config file successfully
22:38:25 saveConfig: auto-save-60s
22:38:25 Saving config file
22:38:25 Saved config file successfully
22:38:25 saveConfig: auto-save-60s
22:38:25 Saving config file
22:38:25 Saved config file successfully
22:39:25 saveConfig: auto-save-60s
22:39:25 Saving config file
22:39:25 Saved config file successfully
22:39:25 saveConfig: auto-save-60s
22:39:25 Saving config file
22:39:25 Saved config file successfully
22:40:25 saveConfig: auto-save-60s
22:40:25 Saving config file
22:40:25 Saved config file successfully
22:40:25 saveConfig: auto-save-60s
22:40:25 Saving config file
22:40:25 Saved config file successfully
22:41:25 saveConfig: auto-save-60s
22:41:25 Saving config file
22:41:25 Saved config file successfully
22:41:25 saveConfig: auto-save-60s
22:41:25 Saving config file
22:41:25 Saved config file successfully
22:42:25 saveConfig: auto-save-60s
22:42:25 Saving config file
22:42:25 Saved config file successfully
22:42:25 saveConfig: auto-save-60s
22:42:25 Saving config file
22:42:25 Saved config file successfully
22:43:25 saveConfig: auto-save-60s
22:43:25 Saving config file
22:43:25 Saved config file successfully
22:43:25 saveConfig: auto-save-60s
22:43:25 Saving config file
22:43:25 Saved config file successfully
22:44:25 saveConfig: auto-save-60s
22:44:25 Saving config file
22:44:25 Saved config file successfully
22:44:25 saveConfig: auto-save-60s
22:44:25 Saving config file
22:44:25 Saved config file successfully
22:45:25 saveConfig: auto-save-60s
22:45:25 Saving config file
22:45:25 Saved config file successfully
22:45:25 saveConfig: auto-save-60s
22:45:25 Saving config file
22:45:25 Saved config file successfully
22:46:25 saveConfig: auto-save-60s
22:46:25 Saving config file
22:46:25 Saved config file successfully
22:46:25 saveConfig: auto-save-60s
22:46:25 Saving config file
22:46:25 Saved config file successfully
22:47:25 saveConfig: auto-save-60s
22:47:25 Saving config file
22:47:25 Saved config file successfully
22:47:25 saveConfig: auto-save-60s
22:47:25 Saving config file
22:47:25 Saved config file successfully
22:48:25 saveConfig: auto-save-60s
22:48:25 Saving config file
22:48:25 Saved config file successfully
22:48:25 saveConfig: auto-save-60s
22:48:25 Saving config file
22:48:25 Saved config file successfully
22:49:25 saveConfig: auto-save-60s
22:49:25 Saving config file
22:49:25 Saved config file successfully
22:49:25 saveConfig: auto-save-60s
22:49:25 Saving config file
22:49:25 Saved config file successfully
22:50:25 saveConfig: auto-save-60s
22:50:25 Saving config file
22:50:25 Saved config file successfully
22:50:25 saveConfig: auto-save-60s
22:50:25 Saving config file
22:50:25 Saved config file successfully
22:51:25 saveConfig: auto-save-60s
22:51:25 Saving config file
22:51:25 Saved config file successfully
22:51:25 saveConfig: auto-save-60s
22:51:25 Saving config file
22:51:25 Saved config file successfully
22:52:25 saveConfig: auto-save-60s
22:52:25 Saving config file
22:52:25 Saved config file successfully
22:52:25 saveConfig: auto-save-60s
22:52:25 Saving config file
22:52:25 Saved config file successfully
22:53:25 saveConfig: auto-save-60s
22:53:25 Saving config file
22:53:25 Saved config file successfully
22:53:25 saveConfig: auto-save-60s
22:53:25 Saving config file
22:53:25 Saved config file successfully
22:54:25 saveConfig: auto-save-60s
22:54:25 Saving config file
22:54:25 Saved config file successfully
22:54:25 saveConfig: auto-save-60s
22:54:25 Saving config file
22:54:25 Saved config file successfully
22:55:25 saveConfig: auto-save-60s
22:55:25 Saving config file
22:55:25 Saved config file successfully
22:55:25 saveConfig: auto-save-60s
22:55:25 Saving config file
22:55:25 Saved config file successfully
22:56:25 saveConfig: auto-save-60s
22:56:25 Saving config file
22:56:25 Saved config file successfully
22:56:25 saveConfig: auto-save-60s
22:56:25 Saving config file
22:56:25 Saved config file successfully
22:57:25 saveConfig: auto-save-60s
22:57:25 Saving config file
22:57:25 Saved config file successfully
22:57:25 saveConfig: auto-save-60s
22:57:25 Saving config file
22:57:25 Saved config file successfully
22:58:25 saveConfig: auto-save-60s
22:58:25 Saving config file
22:58:25 Saved config file successfully
22:58:25 saveConfig: auto-save-60s
22:58:25 Saving config file
22:58:25 Saved config file successfully
22:59:25 saveConfig: auto-save-60s
22:59:25 Saving config file
22:59:25 Saved config file successfully
22:59:25 saveConfig: auto-save-60s
22:59:25 Saving config file
22:59:25 Saved config file successfully
23:00:25 saveConfig: auto-save-60s
23:00:25 Saving config file
23:00:25 Saved config file successfully
23:00:25 saveConfig: auto-save-60s
23:00:25 Saving config file
23:00:25 Saved config file successfully
23:01:25 saveConfig: auto-save-60s
23:01:25 Saving config file
23:01:25 Saved config file successfully
23:01:25 saveConfig: auto-save-60s
23:01:25 Saving config file
23:01:25 Saved config file successfully
23:02:25 saveConfig: auto-save-60s
23:02:25 Saving config file
23:02:25 Saved config file successfully
23:02:25 saveConfig: auto-save-60s
23:02:25 Saving config file
23:02:25 Saved config file successfully
23:03:25 saveConfig: auto-save-60s
23:03:25 Saving config file
23:03:25 Saved config file successfully
23:03:25 saveConfig: auto-save-60s
23:03:25 Saving config file
23:03:25 Saved config file successfully
23:04:25 saveConfig: auto-save-60s
23:04:25 Saving config file
23:04:25 Saved config file successfully
23:04:25 saveConfig: auto-save-60s
23:04:25 Saving config file
23:04:25 Saved config file successfully
23:05:25 saveConfig: auto-save-60s
23:05:25 Saving config file
23:05:25 Saved config file successfully
23:05:25 saveConfig: auto-save-60s
23:05:25 Saving config file
23:05:25 Saved config file successfully
23:06:25 saveConfig: auto-save-60s
23:06:25 Saving config file
23:06:25 Saved config file successfully
23:06:25 saveConfig: auto-save-60s
23:06:25 Saving config file
23:06:25 Saved config file successfully
23:07:25 saveConfig: auto-save-60s
23:07:25 Saving config file
23:07:25 Saved config file successfully
23:07:25 saveConfig: auto-save-60s
23:07:25 Saving config file
23:07:25 Saved config file successfully
23:08:25 saveConfig: auto-save-60s
23:08:25 Saving config file
23:08:25 Saved config file successfully
23:08:25 saveConfig: auto-save-60s
23:08:25 Saving config file
23:08:25 Saved config file successfully
23:09:25 saveConfig: auto-save-60s
23:09:25 Saving config file
23:09:25 Saved config file successfully
23:09:25 saveConfig: auto-save-60s
23:09:25 Saving config file
23:09:25 Saved config file successfully
23:10:25 saveConfig: auto-save-60s
23:10:25 Saving config file
23:10:25 Saved config file successfully
23:10:25 saveConfig: auto-save-60s
23:10:25 Saving config file
23:10:25 Saved config file successfully
23:11:25 saveConfig: auto-save-60s
23:11:25 Saving config file
23:11:25 Saved config file successfully
23:11:25 saveConfig: auto-save-60s
23:11:25 Saving config file
23:11:25 Saved config file successfully
23:12:25 saveConfig: auto-save-60s
23:12:25 Saving config file
23:12:25 Saved config file successfully
23:12:25 saveConfig: auto-save-60s
23:12:25 Saving config file
23:12:25 Saved config file successfully
23:13:25 saveConfig: auto-save-60s
23:13:25 Saving config file
23:13:25 Saved config file successfully
23:13:25 saveConfig: auto-save-60s
23:13:25 Saving config file
23:13:25 Saved config file successfully
23:14:25 saveConfig: auto-save-60s
23:14:25 Saving config file
23:14:25 Saved config file successfully
23:14:25 saveConfig: auto-save-60s
23:14:25 Saving config file
23:14:25 Saved config file successfully
23:15:25 saveConfig: auto-save-60s
23:15:25 Saving config file
23:15:25 Saved config file successfully
23:15:25 saveConfig: auto-save-60s
23:15:25 Saving config file
23:15:25 Saved config file successfully
23:16:25 saveConfig: auto-save-60s
23:16:25 Saving config file
23:16:25 Saved config file successfully
23:16:25 saveConfig: auto-save-60s
23:16:25 Saving config file
23:16:25 Saved config file successfully
23:17:25 saveConfig: auto-save-60s
23:17:25 Saving config file
23:17:25 Saved config file successfully
23:17:25 saveConfig: auto-save-60s
23:17:25 Saving config file
23:17:25 Saved config file successfully
23:18:25 saveConfig: auto-save-60s
23:18:25 Saving config file
23:18:25 Saved config file successfully
23:18:25 saveConfig: auto-save-60s
23:18:25 Saving config file
23:18:25 Saved config file successfully
23:19:25 saveConfig: auto-save-60s
23:19:25 Saving config file
23:19:25 Saved config file successfully
23:19:25 saveConfig: auto-save-60s
23:19:25 Saving config file
23:19:25 Saved config file successfully
23:20:25 saveConfig: auto-save-60s
23:20:25 Saving config file
23:20:25 Saved config file successfully
23:20:25 saveConfig: auto-save-60s
23:20:25 Saving config file
23:20:25 Saved config file successfully
23:21:25 saveConfig: auto-save-60s
23:21:25 Saving config file
23:21:25 Saved config file successfully
23:21:25 saveConfig: auto-save-60s
23:21:25 Saving config file
23:21:25 Saved config file successfully
23:22:25 saveConfig: auto-save-60s
23:22:25 Saving config file
23:22:25 Saved config file successfully
23:22:25 saveConfig: auto-save-60s
23:22:25 Saving config file
23:22:25 Saved config file successfully
23:23:25 saveConfig: auto-save-60s
23:23:25 Saving config file
23:23:25 Saved config file successfully
23:23:25 saveConfig: auto-save-60s
23:23:25 Saving config file
23:23:25 Saved config file successfully
23:24:25 saveConfig: auto-save-60s
23:24:25 Saving config file
23:24:25 Saved config file successfully
23:24:25 saveConfig: auto-save-60s
23:24:25 Saving config file
23:24:25 Saved config file successfully
23:25:25 saveConfig: auto-save-60s
23:25:25 Saving config file
23:25:25 Saved config file successfully
23:25:25 saveConfig: auto-save-60s
23:25:25 Saving config file
23:25:25 Saved config file successfully
23:26:25 saveConfig: auto-save-60s
23:26:25 Saving config file
23:26:25 Saved config file successfully
23:26:25 saveConfig: auto-save-60s
23:26:25 Saving config file
23:26:25 Saved config file successfully
23:27:25 saveConfig: auto-save-60s
23:27:25 Saving config file
23:27:25 Saved config file successfully
23:27:25 saveConfig: auto-save-60s
23:27:25 Saving config file
23:27:25 Saved config file successfully
23:28:25 saveConfig: auto-save-60s
23:28:25 Saving config file
23:28:25 Saved config file successfully
23:28:25 saveConfig: auto-save-60s
23:28:25 Saving config file
23:28:25 Saved config file successfully
23:29:25 saveConfig: auto-save-60s
23:29:25 Saving config file
23:29:25 Saved config file successfully
23:29:25 saveConfig: auto-save-60s
23:29:25 Saving config file
23:29:25 Saved config file successfully
23:30:25 saveConfig: auto-save-60s
23:30:25 Saving config file
23:30:25 Saved config file successfully
23:30:25 saveConfig: auto-save-60s
23:30:25 Saving config file
23:30:25 Saved config file successfully
23:31:25 saveConfig: auto-save-60s
23:31:25 Saving config file
23:31:25 Saved config file successfully
23:31:25 saveConfig: auto-save-60s
23:31:25 Saving config file
23:31:25 Saved config file successfully
23:32:25 saveConfig: auto-save-60s
23:32:25 Saving config file
23:32:25 Saved config file successfully
23:32:25 saveConfig: auto-save-60s
23:32:25 Saving config file
23:32:25 Saved config file successfully
23:33:25 saveConfig: auto-save-60s
23:33:25 Saving config file
23:33:25 Saved config file successfully
23:33:25 saveConfig: auto-save-60s
23:33:25 Saving config file
23:33:25 Saved config file successfully
23:34:25 saveConfig: auto-save-60s
23:34:25 Saving config file
23:34:25 Saved config file successfully
23:34:25 saveConfig: auto-save-60s
23:34:25 Saving config file
23:34:25 Saved config file successfully
23:35:25 saveConfig: auto-save-60s
23:35:25 Saving config file
23:35:25 Saved config file successfully
23:35:25 saveConfig: auto-save-60s
23:35:25 Saving config file
23:35:25 Saved config file successfully
23:36:25 saveConfig: auto-save-60s
23:36:25 Saving config file
23:36:25 Saved config file successfully
23:36:25 saveConfig: auto-save-60s
23:36:25 Saving config file
23:36:25 Saved config file successfully
23:37:25 saveConfig: auto-save-60s
23:37:25 Saving config file
23:37:25 Saved config file successfully
23:37:25 saveConfig: auto-save-60s
23:37:25 Saving config file
23:37:25 Saved config file successfully
23:38:25 saveConfig: auto-save-60s
23:38:25 Saving config file
23:38:25 Saved config file successfully
23:38:25 saveConfig: auto-save-60s
23:38:25 Saving config file
23:38:25 Saved config file successfully
23:39:25 saveConfig: auto-save-60s
23:39:25 Saving config file
23:39:25 Saved config file successfully
23:39:25 saveConfig: auto-save-60s
23:39:25 Saving config file
23:39:25 Saved config file successfully
23:40:25 saveConfig: auto-save-60s
23:40:25 Saving config file
23:40:25 Saved config file successfully
23:40:25 saveConfig: auto-save-60s
23:40:25 Saving config file
23:40:25 Saved config file successfully
23:41:25 saveConfig: auto-save-60s
23:41:25 Saving config file
23:41:25 Saved config file successfully
23:41:25 saveConfig: auto-save-60s
23:41:25 Saving config file
23:41:25 Saved config file successfully
23:42:25 saveConfig: auto-save-60s
23:42:25 Saving config file
23:42:25 Saved config file successfully
23:42:25 saveConfig: auto-save-60s
23:42:25 Saving config file
23:42:25 Saved config file successfully
23:43:25 saveConfig: auto-save-60s
23:43:25 Saving config file
23:43:25 Saved config file successfully
23:43:25 saveConfig: auto-save-60s
23:43:25 Saving config file
23:43:25 Saved config file successfully
23:44:25 saveConfig: auto-save-60s
23:44:25 Saving config file
23:44:25 Saved config file successfully
23:44:25 saveConfig: auto-save-60s
23:44:25 Saving config file
23:44:25 Saved config file successfully
23:45:25 saveConfig: auto-save-60s
23:45:25 Saving config file
23:45:25 Saved config file successfully
23:45:25 saveConfig: auto-save-60s
23:45:25 Saving config file
23:45:25 Saved config file successfully
23:46:25 saveConfig: auto-save-60s
23:46:25 Saving config file
23:46:25 Saved config file successfully
23:46:25 saveConfig: auto-save-60s
23:46:25 Saving config file
23:46:25 Saved config file successfully
23:47:25 saveConfig: auto-save-60s
23:47:25 Saving config file
23:47:25 Saved config file successfully
23:47:25 saveConfig: auto-save-60s
23:47:25 Saving config file
23:47:25 Saved config file successfully
23:48:25 saveConfig: auto-save-60s
23:48:25 Saving config file
23:48:25 Saved config file successfully
23:48:25 saveConfig: auto-save-60s
23:48:25 Saving config file
23:48:25 Saved config file successfully
23:49:25 saveConfig: auto-save-60s
23:49:25 Saving config file
23:49:25 Saved config file successfully
23:49:25 saveConfig: auto-save-60s
23:49:25 Saving config file
23:49:25 Saved config file successfully
23:50:25 saveConfig: auto-save-60s
23:50:25 Saving config file
23:50:25 Saved config file successfully
23:50:25 saveConfig: auto-save-60s
23:50:25 Saving config file
23:50:25 Saved config file successfully
23:51:25 saveConfig: auto-save-60s
23:51:25 Saving config file
23:51:25 Saved config file successfully
23:51:25 saveConfig: auto-save-60s
23:51:25 Saving config file
23:51:25 Saved config file successfully
23:52:25 saveConfig: auto-save-60s
23:52:25 Saving config file
23:52:25 Saved config file successfully
23:52:25 saveConfig: auto-save-60s
23:52:25 Saving config file
23:52:25 Saved config file successfully
23:53:25 saveConfig: auto-save-60s
23:53:25 Saving config file
23:53:25 Saved config file successfully
23:53:25 saveConfig: auto-save-60s
23:53:25 Saving config file
23:53:25 Saved config file successfully
23:54:25 saveConfig: auto-save-60s
23:54:25 Saving config file
23:54:25 Saved config file successfully
23:54:25 saveConfig: auto-save-60s
23:54:25 Saving config file
23:54:25 Saved config file successfully
23:55:25 saveConfig: auto-save-60s
23:55:25 Saving config file
23:55:25 Saved config file successfully
23:55:25 saveConfig: auto-save-60s
23:55:25 Saving config file
23:55:25 Saved config file successfully
23:56:25 saveConfig: auto-save-60s
23:56:25 Saving config file
23:56:25 Saved config file successfully
23:56:25 saveConfig: auto-save-60s
23:56:25 Saving config file
23:56:25 Saved config file successfully
23:57:25 saveConfig: auto-save-60s
23:57:25 Saving config file
23:57:25 Saved config file successfully
23:57:25 saveConfig: auto-save-60s
23:57:25 Saving config file
23:57:25 Saved config file successfully
23:58:25 saveConfig: auto-save-60s
23:58:25 Saving config file
23:58:25 Saved config file successfully
23:58:25 saveConfig: auto-save-60s
23:58:25 Saving config file
23:58:25 Saved config file successfully
23:59:25 saveConfig: auto-save-60s
23:59:25 Saving config file
23:59:25 Saved config file successfully
23:59:25 saveConfig: auto-save-60s
23:59:25 Saving config file
23:59:25 Saved config file successfully
00:00:25 saveConfig: auto-save-60s
00:00:25 Saving config file
00:00:25 Saved config file successfully
00:00:25 saveConfig: auto-save-60s
00:00:25 Saving config file
00:00:25 Saved config file successfully
00:01:25 saveConfig: auto-save-60s
00:01:25 Saving config file
00:01:25 Saved config file successfully
00:01:25 saveConfig: auto-save-60s
00:01:25 Saving config file
00:01:25 Saved config file successfully
00:02:25 saveConfig: auto-save-60s
00:02:25 Saving config file
00:02:25 Saved config file successfully
00:02:25 saveConfig: auto-save-60s
00:02:25 Saving config file
00:02:25 Saved config file successfully
00:03:25 saveConfig: auto-save-60s
00:03:25 Saving config file
00:03:25 Saved config file successfully
00:03:25 saveConfig: auto-save-60s
00:03:25 Saving config file
00:03:25 Saved config file successfully
00:04:25 saveConfig: auto-save-60s
00:04:25 Saving config file
00:04:25 Saved config file successfully
00:04:25 saveConfig: auto-save-60s
00:04:25 Saving config file
00:04:25 Saved config file successfully
00:05:25 saveConfig: auto-save-60s
00:05:25 Saving config file
00:05:25 Saved config file successfully
00:05:25 saveConfig: auto-save-60s
00:05:25 Saving config file
00:05:25 Saved config file successfully
00:06:25 saveConfig: auto-save-60s
00:06:25 Saving config file
00:06:25 Saved config file successfully
00:06:25 saveConfig: auto-save-60s
00:06:25 Saving config file
00:06:25 Saved config file successfully
00:07:25 saveConfig: auto-save-60s
00:07:25 Saving config file
00:07:25 Saved config file successfully
00:07:25 saveConfig: auto-save-60s
00:07:25 Saving config file
00:07:25 Saved config file successfully
00:08:25 saveConfig: auto-save-60s
00:08:25 Saving config file
00:08:25 Saved config file successfully
00:08:25 saveConfig: auto-save-60s
00:08:25 Saving config file
00:08:25 Saved config file successfully
00:09:25 saveConfig: auto-save-60s
00:09:25 Saving config file
00:09:25 Saved config file successfully
00:09:25 saveConfig: auto-save-60s
00:09:25 Saving config file
00:09:25 Saved config file successfully
00:10:25 saveConfig: auto-save-60s
00:10:25 Saving config file
00:10:25 Saved config file successfully
00:10:25 saveConfig: auto-save-60s
00:10:25 Saving config file
00:10:25 Saved config file successfully
00:11:25 saveConfig: auto-save-60s
00:11:25 Saving config file
00:11:25 Saved config file successfully
00:11:25 saveConfig: auto-save-60s
00:11:25 Saving config file
00:11:25 Saved config file successfully
00:12:25 saveConfig: auto-save-60s
00:12:25 Saving config file
00:12:25 Saved config file successfully
00:12:25 saveConfig: auto-save-60s
00:12:25 Saving config file
00:12:25 Saved config file successfully
00:13:25 saveConfig: auto-save-60s
00:13:25 Saving config file
00:13:25 Saved config file successfully
00:13:25 saveConfig: auto-save-60s
00:13:25 Saving config file
00:13:25 Saved config file successfully
00:14:25 saveConfig: auto-save-60s
00:14:25 Saving config file
00:14:25 Saved config file successfully
00:14:25 saveConfig: auto-save-60s
00:14:25 Saving config file
00:14:25 Saved config file successfully
00:15:25 saveConfig: auto-save-60s
00:15:25 Saving config file
00:15:25 Saved config file successfully
00:15:25 saveConfig: auto-save-60s
00:15:25 Saving config file
00:15:25 Saved config file successfully
00:16:25 saveConfig: auto-save-60s
00:16:25 Saving config file
00:16:25 Saved config file successfully
00:16:25 saveConfig: auto-save-60s
00:16:25 Saving config file
00:16:25 Saved config file successfully
00:17:25 saveConfig: auto-save-60s
00:17:25 Saving config file
00:17:25 Saved config file successfully
00:17:25 saveConfig: auto-save-60s
00:17:25 Saving config file
00:17:25 Saved config file successfully
00:18:25 saveConfig: auto-save-60s
00:18:25 Saving config file
00:18:25 Saved config file successfully
00:18:25 saveConfig: auto-save-60s
00:18:25 Saving config file
00:18:25 Saved config file successfully
00:19:25 saveConfig: auto-save-60s
00:19:25 Saving config file
00:19:25 Saved config file successfully
00:19:25 saveConfig: auto-save-60s
00:19:25 Saving config file
00:19:25 Saved config file successfully
00:20:25 saveConfig: auto-save-60s
00:20:25 Saving config file
00:20:25 Saved config file successfully
00:20:25 saveConfig: auto-save-60s
00:20:25 Saving config file
00:20:25 Saved config file successfully
00:21:25 saveConfig: auto-save-60s
00:21:25 Saving config file
00:21:25 Saved config file successfully
00:21:25 saveConfig: auto-save-60s
00:21:25 Saving config file
00:21:25 Saved config file successfully
00:22:25 saveConfig: auto-save-60s
00:22:25 Saving config file
00:22:25 Saved config file successfully
00:22:25 saveConfig: auto-save-60s
00:22:25 Saving config file
00:22:25 Saved config file successfully
00:23:25 saveConfig: auto-save-60s
00:23:25 Saving config file
00:23:25 Saved config file successfully
00:23:25 saveConfig: auto-save-60s
00:23:25 Saving config file
00:23:25 Saved config file successfully
00:24:25 saveConfig: auto-save-60s
00:24:25 Saving config file
00:24:25 Saved config file successfully
00:24:25 saveConfig: auto-save-60s
00:24:25 Saving config file
00:24:25 Saved config file successfully
00:25:25 saveConfig: auto-save-60s
00:25:25 Saving config file
00:25:25 Saved config file successfully
00:25:25 saveConfig: auto-save-60s
00:25:25 Saving config file
00:25:25 Saved config file successfully
00:26:25 saveConfig: auto-save-60s
00:26:25 Saving config file
00:26:25 Saved config file successfully
00:26:25 saveConfig: auto-save-60s
00:26:25 Saving config file
00:26:25 Saved config file successfully
00:27:25 saveConfig: auto-save-60s
00:27:25 Saving config file
00:27:25 Saved config file successfully
00:27:25 saveConfig: auto-save-60s
00:27:25 Saving config file
00:27:25 Saved config file successfully
00:28:25 saveConfig: auto-save-60s
00:28:25 Saving config file
00:28:25 Saved config file successfully
00:28:25 saveConfig: auto-save-60s
00:28:25 Saving config file
00:28:25 Saved config file successfully
00:29:25 saveConfig: auto-save-60s
00:29:25 Saving config file
00:29:25 Saved config file successfully
00:29:25 saveConfig: auto-save-60s
00:29:25 Saving config file
00:29:25 Saved config file successfully
00:30:25 saveConfig: auto-save-60s
00:30:25 Saving config file
00:30:25 Saved config file successfully
00:30:25 saveConfig: auto-save-60s
00:30:25 Saving config file
00:30:25 Saved config file successfully
00:31:25 saveConfig: auto-save-60s
00:31:25 Saving config file
00:31:25 Saved config file successfully
00:31:25 saveConfig: auto-save-60s
00:31:25 Saving config file
00:31:25 Saved config file successfully
00:32:25 saveConfig: auto-save-60s
00:32:25 Saving config file
00:32:25 Saved config file successfully
00:32:25 saveConfig: auto-save-60s
00:32:25 Saving config file
00:32:25 Saved config file successfully
00:33:25 saveConfig: auto-save-60s
00:33:25 Saving config file
00:33:25 Saved config file successfully
00:33:25 saveConfig: auto-save-60s
00:33:25 Saving config file
00:33:25 Saved config file successfully
00:34:25 saveConfig: auto-save-60s
00:34:25 Saving config file
00:34:25 Saved config file successfully
00:34:25 saveConfig: auto-save-60s
00:34:25 Saving config file
00:34:25 Saved config file successfully
00:35:25 saveConfig: auto-save-60s
00:35:25 Saving config file
00:35:25 Saved config file successfully
00:35:25 saveConfig: auto-save-60s
00:35:25 Saving config file
00:35:25 Saved config file successfully
00:36:25 saveConfig: auto-save-60s
00:36:25 Saving config file
00:36:25 Saved config file successfully
00:36:25 saveConfig: auto-save-60s
00:36:25 Saving config file
00:36:25 Saved config file successfully
00:37:25 saveConfig: auto-save-60s
00:37:25 Saving config file
00:37:25 Saved config file successfully
00:37:25 saveConfig: auto-save-60s
00:37:25 Saving config file
00:37:25 Saved config file successfully
00:38:25 saveConfig: auto-save-60s
00:38:25 Saving config file
00:38:25 Saved config file successfully
00:38:25 saveConfig: auto-save-60s
00:38:25 Saving config file
00:38:25 Saved config file successfully
00:39:25 saveConfig: auto-save-60s
00:39:25 Saving config file
00:39:25 Saved config file successfully
00:39:25 saveConfig: auto-save-60s
00:39:25 Saving config file
00:39:25 Saved config file successfully
00:40:25 saveConfig: auto-save-60s
00:40:25 Saving config file
00:40:25 Saved config file successfully
00:40:25 saveConfig: auto-save-60s
00:40:25 Saving config file
00:40:25 Saved config file successfully
00:41:25 saveConfig: auto-save-60s
00:41:25 Saving config file
00:41:25 Saved config file successfully
00:41:25 saveConfig: auto-save-60s
00:41:25 Saving config file
00:41:25 Saved config file successfully
00:42:25 saveConfig: auto-save-60s
00:42:25 Saving config file
00:42:25 Saved config file successfully
00:42:25 saveConfig: auto-save-60s
00:42:25 Saving config file
00:42:25 Saved config file successfully
00:43:25 saveConfig: auto-save-60s
00:43:25 Saving config file
00:43:25 Saved config file successfully
00:43:25 saveConfig: auto-save-60s
00:43:25 Saving config file
00:43:25 Saved config file successfully
00:43:55 saveConfig: shutdown-hook
00:43:55 Saving config file
00:43:55 Saved config file successfully
00:43:55 saveConfig: shutdown-hook
00:43:56 Saving config file
