18:50:48 §f                                  §6§lBESTIARY
18:50:48 §f                        §b§lLonely Spider §7§8XV §8➡§b §bXVI
18:50:48 
18:50:48 §f                                  §r§6§lREWARDS
18:50:48 §f                     §r§8+§r§a5 Lonely Spider §r§b✯ Magic Find
18:50:48 §f                      §r§8+§r§a5 Lonely Spider §r§c❁ Strength
18:50:48 §f                         §r§8+§r§62% §r§aLonely Spider §r§7coins
18:50:48 §f                    §r§8+§r§a50% §r§7chance for extra XP orbs
18:50:48 §f                               §r§8+§r§b1 SkyBlock XP
18:50:48 
18:50:48 §3§l▬▬▬▬▬▬▬▬▬▬▬▬▬▬▬▬▬▬▬▬▬▬▬▬▬▬▬▬▬▬▬▬▬▬▬▬▬▬▬▬▬▬▬▬▬▬▬▬▬▬▬▬▬▬▬▬▬▬▬▬▬▬▬▬
20:23:29 §f                                  §6§lBESTIARY
20:23:29 §f                             §b§lSniper §7§8VIII §8➡§b §bIX
20:23:29 
20:23:29 §f                                  §r§6§lREWARDS
20:23:29 §f                          §r§8+§r§a3 Sniper §r§b✯ Magic Find
20:23:29 §f                           §r§8+§r§a3 Sniper §r§c❁ Strength
20:23:29 §f                              §r§8+§r§62% §r§aSniper §r§7coins
20:23:29 §f                    §r§8+§r§a50% §r§7chance for extra XP orbs
20:23:29 §f                               §r§8+§r§b1 SkyBlock XP
20:23:29 
20:23:29 §3§l▬▬▬▬▬▬▬▬▬▬▬▬▬▬▬▬▬▬▬▬▬▬▬▬▬▬▬▬▬▬▬▬▬▬▬▬▬▬▬▬▬▬▬▬▬▬▬▬▬▬▬▬▬▬▬▬▬▬▬▬▬▬▬▬
20:57:02 §f                                  §6§lBESTIARY
20:57:02 §f                              §b§lMosquito §7§8I §8➡§b §bII
20:57:02 
20:57:02 §f                                  §r§6§lREWARDS
20:57:02 §f                          §r§6+0.4☘ Farming Fortune
20:57:02 §f                             §r§8+§r§62% §r§aMosquito §r§7coins
20:57:02 §f                    §r§8+§r§a50% §r§7chance for extra XP orbs
20:57:02 §f                               §r§8+§r§b1 SkyBlock XP
20:57:02 
20:57:02 §3§l▬▬▬▬▬▬▬▬▬▬▬▬▬▬▬▬▬▬▬▬▬▬▬▬▬▬▬▬▬▬▬▬▬▬▬▬▬▬▬▬▬▬▬▬▬▬▬▬▬▬▬▬▬▬▬▬▬▬▬▬▬▬▬▬
20:57:56 §f                                  §6§lBESTIARY
20:57:56 §f                            §b§lEarthworm §7§8I §8➡§b §bII
20:57:56 
20:57:56 §f                                  §r§6§lREWARDS
20:57:56 §f                          §r§6+0.4☘ Farming Fortune
20:57:56 §f                           §r§8+§r§62% §r§aEarthworm §r§7coins
20:57:56 §f                    §r§8+§r§a50% §r§7chance for extra XP orbs
20:57:56 §f                               §r§8+§r§b1 SkyBlock XP
20:57:56 
20:57:56 §3§l▬▬▬▬▬▬▬▬▬▬▬▬▬▬▬▬▬▬▬▬▬▬▬▬▬▬▬▬▬▬▬▬▬▬▬▬▬▬▬▬▬▬▬▬▬▬▬▬▬▬▬▬▬▬▬▬▬▬▬▬▬▬▬▬
20:58:21 §f                                  §6§lBESTIARY
20:58:21 §f                                  §b§lFly §7§8I §8➡§b §bII
20:58:21 
20:58:21 §f                                  §r§6§lREWARDS
20:58:21 §f                          §r§6+0.4☘ Farming Fortune
20:58:21 §f                                §r§8+§r§62% §r§aFly §r§7coins
20:58:21 §f                    §r§8+§r§a50% §r§7chance for extra XP orbs
20:58:21 §f                               §r§8+§r§b1 SkyBlock XP
20:58:21 
20:58:21 §3§l▬▬▬▬▬▬▬▬▬▬▬▬▬▬▬▬▬▬▬▬▬▬▬▬▬▬▬▬▬▬▬▬▬▬▬▬▬▬▬▬▬▬▬▬▬▬▬▬▬▬▬▬▬▬▬▬▬▬▬▬▬▬▬▬
20:58:35 §f                                  §6§lBESTIARY
20:58:35 §f                               §b§lCricket §7§8I §8➡§b §bII
20:58:35 
20:58:35 §f                                  §r§6§lREWARDS
20:58:35 §f                          §r§6+0.4☘ Farming Fortune
20:58:35 §f                              §r§8+§r§62% §r§aCricket §r§7coins
20:58:35 §f                    §r§8+§r§a50% §r§7chance for extra XP orbs
20:58:35 §f                               §r§8+§r§b1 SkyBlock XP
20:58:35 
20:58:35   §r§f                         §6§lBESTIARY MILESTONE
20:58:35   §r§f                                  §8CLV➡§eCLVI
20:58:35 
20:58:35 §3§l▬▬▬▬▬▬▬▬▬▬▬▬▬▬▬▬▬▬▬▬▬▬▬▬▬▬▬▬▬▬▬▬▬▬▬▬▬▬▬▬▬▬▬▬▬▬▬▬▬▬▬▬▬▬▬▬▬▬▬▬▬▬▬▬
20:59:00 §f                                  §6§lBESTIARY
20:59:00 §f                              §b§lBeetle §7§8II §8➡§b §bIII
20:59:00 
20:59:00 §f                                  §r§6§lREWARDS
20:59:00 §f                          §r§6+0.4☘ Farming Fortune
20:59:00 §f                              §r§8+§r§62% §r§aBeetle §r§7coins
20:59:00 §f                    §r§8+§r§a50% §r§7chance for extra XP orbs
20:59:00 §f                               §r§8+§r§b1 SkyBlock XP
20:59:00 
20:59:00 §3§l▬▬▬▬▬▬▬▬▬▬▬▬▬▬▬▬▬▬▬▬▬▬▬▬▬▬▬▬▬▬▬▬▬▬▬▬▬▬▬▬▬▬▬▬▬▬▬▬▬▬▬▬▬▬▬▬▬▬▬▬▬▬▬▬
20:59:15 §f                                  §6§lBESTIARY
20:59:15 §f                                    §b§lMoth §7§bI
20:59:15 
20:59:15 §f                                  §r§6§lREWARDS
20:59:15 §f                          §r§6+0.4☘ Farming Fortune
20:59:15 §f                               §r§8+§r§62% §r§aMoth §r§7coins
20:59:15 §f                    §r§8+§r§a50% §r§7chance for extra XP orbs
20:59:15 §f                               §r§8+§r§b1 SkyBlock XP
20:59:15 
20:59:15 §3§l▬▬▬▬▬▬▬▬▬▬▬▬▬▬▬▬▬▬▬▬▬▬▬▬▬▬▬▬▬▬▬▬▬▬▬▬▬▬▬▬▬▬▬▬▬▬▬▬▬▬▬▬▬▬▬▬▬▬▬▬▬▬▬▬
21:01:06 §f                                  §6§lBESTIARY
21:01:06 §f                                 §b§lMoth §7§8I §8➡§b §bII
21:01:06 
21:01:06 §f                                  §r§6§lREWARDS
21:01:06 §f                          §r§6+0.4☘ Farming Fortune
21:01:06 §f                               §r§8+§r§62% §r§aMoth §r§7coins
21:01:06 §f                    §r§8+§r§a50% §r§7chance for extra XP orbs
21:01:06 §f                               §r§8+§r§b1 SkyBlock XP
21:01:06 
21:01:06 §3§l▬▬▬▬▬▬▬▬▬▬▬▬▬▬▬▬▬▬▬▬▬▬▬▬▬▬▬▬▬▬▬▬▬▬▬▬▬▬▬▬▬▬▬▬▬▬▬▬▬▬▬▬▬▬▬▬▬▬▬▬▬▬▬▬
21:01:20 §f                                  §6§lBESTIARY
21:01:20 §f                                     §b§lMite §7§bI
21:01:20 
21:01:20 §f                                  §r§6§lREWARDS
21:01:20 §f                          §r§6+0.4☘ Farming Fortune
21:01:20 §f                                §r§8+§r§62% §r§aMite §r§7coins
21:01:20 §f                    §r§8+§r§a50% §r§7chance for extra XP orbs
21:01:20 §f                               §r§8+§r§b1 SkyBlock XP
21:01:20 
21:01:20 §3§l▬▬▬▬▬▬▬▬▬▬▬▬▬▬▬▬▬▬▬▬▬▬▬▬▬▬▬▬▬▬▬▬▬▬▬▬▬▬▬▬▬▬▬▬▬▬▬▬▬▬▬▬▬▬▬▬▬▬▬▬▬▬▬▬
21:38:08 §f                                  §6§lBESTIARY
21:38:08 §f                                 §b§lRat §7§8II §8➡§b §bIII
21:38:08 
21:38:08 §f                                  §r§6§lREWARDS
21:38:08 §f                          §r§6+0.4☘ Farming Fortune
21:38:08 §f                                §r§8+§r§62% §r§aRat §r§7coins
21:38:08 §f                    §r§8+§r§a50% §r§7chance for extra XP orbs
21:38:08 §f                               §r§8+§r§b1 SkyBlock XP
21:38:08 
21:38:08 §3§l▬▬▬▬▬▬▬▬▬▬▬▬▬▬▬▬▬▬▬▬▬▬▬▬▬▬▬▬▬▬▬▬▬▬▬▬▬▬▬▬▬▬▬▬▬▬▬▬▬▬▬▬▬▬▬▬▬▬▬▬▬▬▬▬
21:38:18 §f                                  §6§lBESTIARY
21:38:18 §f                                 §b§lMite §7§8I §8➡§b §bII
21:38:18 
21:38:18 §f                                  §r§6§lREWARDS
21:38:18 §f                          §r§6+0.4☘ Farming Fortune
21:38:18 §f                                §r§8+§r§62% §r§aMite §r§7coins
21:38:18 §f                    §r§8+§r§a50% §r§7chance for extra XP orbs
21:38:18 §f                               §r§8+§r§b1 SkyBlock XP
21:38:18 
21:38:18 §3§l▬▬▬▬▬▬▬▬▬▬▬▬▬▬▬▬▬▬▬▬▬▬▬▬▬▬▬▬▬▬▬▬▬▬▬▬▬▬▬▬▬▬▬▬▬▬▬▬▬▬▬▬▬▬▬▬▬▬▬▬▬▬▬▬
21:38:41 §f                                  §6§lBESTIARY
21:38:41 §f                           §b§lEarthworm §7§8II §8➡§b §bIII
21:38:41 
21:38:41 §f                                  §r§6§lREWARDS
21:38:41 §f                          §r§6+0.4☘ Farming Fortune
21:38:41 §f                           §r§8+§r§62% §r§aEarthworm §r§7coins
21:38:41 §f                    §r§8+§r§a50% §r§7chance for extra XP orbs
21:38:41 §f                               §r§8+§r§b1 SkyBlock XP
21:38:41 
21:38:41 §3§l▬▬▬▬▬▬▬▬▬▬▬▬▬▬▬▬▬▬▬▬▬▬▬▬▬▬▬▬▬▬▬▬▬▬▬▬▬▬▬▬▬▬▬▬▬▬▬▬▬▬▬▬▬▬▬▬▬▬▬▬▬▬▬▬
21:39:05 §f                                  §6§lBESTIARY
21:39:05 §f                              §b§lCricket §7§8II §8➡§b §bIII
21:39:05 
21:39:05 §f                                  §r§6§lREWARDS
21:39:05 §f                          §r§6+0.4☘ Farming Fortune
21:39:05 §f                              §r§8+§r§62% §r§aCricket §r§7coins
21:39:05 §f                    §r§8+§r§a50% §r§7chance for extra XP orbs
21:39:05 §f                               §r§8+§r§b1 SkyBlock XP
21:39:05 
21:39:05 §3§l▬▬▬▬▬▬▬▬▬▬▬▬▬▬▬▬▬▬▬▬▬▬▬▬▬▬▬▬▬▬▬▬▬▬▬▬▬▬▬▬▬▬▬▬▬▬▬▬▬▬▬▬▬▬▬▬▬▬▬▬▬▬▬▬
21:57:20 §f                                  §6§lBESTIARY
21:57:20 §f                                §b§lMite §7§8II §8➡§b §bIII
21:57:20 
21:57:20 §f                                  §r§6§lREWARDS
21:57:20 §f                          §r§6+0.4☘ Farming Fortune
21:57:20 §f                                §r§8+§r§62% §r§aMite §r§7coins
21:57:20 §f                    §r§8+§r§a50% §r§7chance for extra XP orbs
21:57:20 §f                               §r§8+§r§b1 SkyBlock XP
21:57:20 
21:57:20 §3§l▬▬▬▬▬▬▬▬▬▬▬▬▬▬▬▬▬▬▬▬▬▬▬▬▬▬▬▬▬▬▬▬▬▬▬▬▬▬▬▬▬▬▬▬▬▬▬▬▬▬▬▬▬▬▬▬▬▬▬▬▬▬▬▬
22:41:38 §f                                  §6§lBESTIARY
22:41:38 §f                           §b§lEarthworm §7§8III §8➡§b §bIV
22:41:38 
22:41:38 §f                                  §r§6§lREWARDS
22:41:38 §f                          §r§6+0.4☘ Farming Fortune
22:41:38 §f                           §r§8+§r§62% §r§aEarthworm §r§7coins
22:41:38 §f                    §r§8+§r§a50% §r§7chance for extra XP orbs
22:41:38 §f                               §r§8+§r§b1 SkyBlock XP
22:41:38 
22:41:38   §r§f                         §6§lBESTIARY MILESTONE
22:41:38   §r§f                                 §8CLVI➡§eCLVII
22:41:38 
22:41:38 §3§l▬▬▬▬▬▬▬▬▬▬▬▬▬▬▬▬▬▬▬▬▬▬▬▬▬▬▬▬▬▬▬▬▬▬▬▬▬▬▬▬▬▬▬▬▬▬▬▬▬▬▬▬▬▬▬▬▬▬▬▬▬▬▬▬
23:10:08 §f                                  §6§lBESTIARY
23:10:08 §f                                §b§lMite §7§8III §8➡§b §bIV
23:10:08 
23:10:08 §f                                  §r§6§lREWARDS
23:10:08 §f                          §r§6+0.4☘ Farming Fortune
23:10:08 §f                                §r§8+§r§62% §r§aMite §r§7coins
23:10:08 §f                    §r§8+§r§a50% §r§7chance for extra XP orbs
23:10:08 §f                               §r§8+§r§b1 SkyBlock XP
23:10:08 
23:10:08 §3§l▬▬▬▬▬▬▬▬▬▬▬▬▬▬▬▬▬▬▬▬▬▬▬▬▬▬▬▬▬▬▬▬▬▬▬▬▬▬▬▬▬▬▬▬▬▬▬▬▬▬▬▬▬▬▬▬▬▬▬▬▬▬▬▬
23:39:57 §f                                  §6§lBESTIARY
23:39:57 §f                             §b§lMosquito §7§8II §8➡§b §bIII
23:39:57 
23:39:57 §f                                  §r§6§lREWARDS
23:39:57 §f                          §r§6+0.4☘ Farming Fortune
23:39:57 §f                             §r§8+§r§62% §r§aMosquito §r§7coins
23:39:57 §f                    §r§8+§r§a50% §r§7chance for extra XP orbs
23:39:57 §f                               §r§8+§r§b1 SkyBlock XP
23:39:57 
23:39:57 §3§l▬▬▬▬▬▬▬▬▬▬▬▬▬▬▬▬▬▬▬▬▬▬▬▬▬▬▬▬▬▬▬▬▬▬▬▬▬▬▬▬▬▬▬▬▬▬▬▬▬▬▬▬▬▬▬▬▬▬▬▬▬▬▬▬
23:40:17 §f                                  §6§lBESTIARY
23:40:17 §f                                 §b§lFly §7§8II §8➡§b §bIII
23:40:17 
23:40:17 §f                                  §r§6§lREWARDS
23:40:17 §f                          §r§6+0.4☘ Farming Fortune
23:40:17 §f                                §r§8+§r§62% §r§aFly §r§7coins
23:40:17 §f                    §r§8+§r§a50% §r§7chance for extra XP orbs
23:40:17 §f                               §r§8+§r§b1 SkyBlock XP
23:40:17 
23:40:17 §3§l▬▬▬▬▬▬▬▬▬▬▬▬▬▬▬▬▬▬▬▬▬▬▬▬▬▬▬▬▬▬▬▬▬▬▬▬▬▬▬▬▬▬▬▬▬▬▬▬▬▬▬▬▬▬▬▬▬▬▬▬▬▬▬▬
23:41:01 §f                                  §6§lBESTIARY
23:41:01 §f                                 §b§lSlug §7§8I §8➡§b §bII
23:41:01 
23:41:01 §f                                  §r§6§lREWARDS
23:41:01 §f                          §r§6+0.4☘ Farming Fortune
23:41:01 §f                               §r§8+§r§62% §r§aSlug §r§7coins
23:41:01 §f                    §r§8+§r§a50% §r§7chance for extra XP orbs
23:41:01 §f                               §r§8+§r§b1 SkyBlock XP
23:41:01 
23:41:01 §3§l▬▬▬▬▬▬▬▬▬▬▬▬▬▬▬▬▬▬▬▬▬▬▬▬▬▬▬▬▬▬▬▬▬▬▬▬▬▬▬▬▬▬▬▬▬▬▬▬▬▬▬▬▬▬▬▬▬▬▬▬▬▬▬▬
23:41:57 §f                                  §6§lBESTIARY
23:41:57 §f                            §b§lEarthworm §7§8IV §8➡§b §bV
23:41:57 
23:41:57 §f                                  §r§6§lREWARDS
23:41:57 §f                          §r§6+0.4☘ Farming Fortune
23:41:57 §f                           §r§8+§r§62% §r§aEarthworm §r§7coins
23:41:57 §f                    §r§8+§r§a50% §r§7chance for extra XP orbs
23:41:57 §f                               §r§8+§r§b1 SkyBlock XP
23:41:57 
23:41:57 §3§l▬▬▬▬▬▬▬▬▬▬▬▬▬▬▬▬▬▬▬▬▬▬▬▬▬▬▬▬▬▬▬▬▬▬▬▬▬▬▬▬▬▬▬▬▬▬▬▬▬▬▬▬▬▬▬▬▬▬▬▬▬▬▬▬
23:58:02 §f                                  §6§lBESTIARY
23:58:02 §f                               §b§lLocust §7§8I §8➡§b §bII
23:58:02 
23:58:02 §f                                  §r§6§lREWARDS
23:58:02 §f                          §r§6+0.4☘ Farming Fortune
23:58:02 §f                              §r§8+§r§62% §r§aLocust §r§7coins
23:58:02 §f                    §r§8+§r§a50% §r§7chance for extra XP orbs
23:58:02 §f                               §r§8+§r§b1 SkyBlock XP
23:58:02 
23:58:02 §3§l▬▬▬▬▬▬▬▬▬▬▬▬▬▬▬▬▬▬▬▬▬▬▬▬▬▬▬▬▬▬▬▬▬▬▬▬▬▬▬▬▬▬▬▬▬▬▬▬▬▬▬▬▬▬▬▬▬▬▬▬▬▬▬▬
