20:57:02 §eYou received §a6x Enchanted Sugar §efor killing a §6Mosquito§e!
20:57:56 §eYou received §a8x Enchanted Melon §efor killing an §6Earthworm§e!
20:58:21 §eYou received §a10x Enchanted Hay Bale §efor killing a §6Fly§e!
20:58:35 §eYou received §a11x Enchanted Carrot §efor killing a §6Cricket§e!
20:59:00 §eYou received §a12x Enchanted Nether Wart §efor killing a §6Beetle§e!
20:59:15 §eYou received §a12x Enchanted Cocoa Beans §efor killing a §6Moth§e!
21:01:06 §eYou received §a12x Enchanted Cocoa Beans §efor killing a §6Moth§e!
21:01:20 §eYou received §a12x Enchanted Cactus Green §efor killing a §6Mite§e!
21:38:08 §eYou received §a10x Enchanted Pumpkin §efor killing a §6Rat§e!
21:38:18 §eYou received §a11x Enchanted Cactus Green §efor killing a §6Mite§e!
21:38:41 §eYou received §a12x Enchanted Melon §efor killing an §6Earthworm§e!
21:39:05 §eYou received §a12x Enchanted Carrot §efor killing a §6Cricket§e!
21:39:17 §eYou received §a11x Enchanted Nether Wart §efor killing a §6Beetle§e!
21:39:39 §eYou received §a12x Enchanted Melon §efor killing an §6Earthworm§e!
21:57:20 §eYou received §a10x Enchanted Cactus Green §efor killing a §6Mite§e!
22:41:38 §eYou received §a12x Enchanted Melon §efor killing an §6Earthworm§e!
22:41:58 §eYou received §a12x Enchanted Carrot §efor killing a §6Cricket§e!
22:48:11 §eYou received §a10x Enchanted Cactus Green §efor killing a §6Mite§e!
23:10:08 §eYou received §a10x Enchanted Cactus Green §efor killing a §6Mite§e!
23:39:57 §eYou received §a10x Enchanted Sugar §efor killing a §6Mosquito§e!
23:40:17 §eYou received §a11x Enchanted Hay Bale §efor killing a §6Fly§e!
23:40:48 §eYou received §a12x Enchanted Melon §efor killing an §6Earthworm§e!
23:41:01 §eYou received §a12x Enchanted Brown Mushroom §efor killing a §6Slug§e!
23:41:28 §eYou received §a12x Enchanted Hay Bale §efor killing a §6Fly§e!
23:41:57 §eYou received §a12x Enchanted Melon §efor killing an §6Earthworm§e!
23:58:02 §eYou received §a10x Enchanted Potato §efor killing a §6Locust§e!
