16:59:14 [allowed] §b§m--------------§r§f  §r§aGuild: Message Of The Day  §r§b§m--------------
16:59:14 [allowed] §b| §r§f[22] [MVP+] Sebbebas Ⓑ: you should give me foraging 50 on my main
16:59:14 [allowed] §b| §r§f[22] [MVP+] Sebbebas Ⓑ: wink wink
16:59:14 [allowed] §b| §r§f[300] [ADMIN] LadyBleu: you almost had iit until you winked
16:59:14 [allowed] §b| §r§f[22] [MVP+] Sebbebas Ⓑ: :(
16:59:14 [allowed] §b| §r§f[300] [ADMIN] LadyBleu: biig mistaake
16:59:14 [allowed] §b§m-----------------------------------------------------
16:59:16 [allowed] §aYou have §b1 §aunclaimed leveling reward!
16:59:16 [allowed] §eClick here to view it!
16:59:16 [allowed] §7[1⋆] §r§7SpacemanBiff321§7§r§7: bedwars and skywars and what ever you want to do
16:59:18 [allowed] §cYou are sending commands too fast! Please slow down.
16:59:27 [allowed] §7[3⋆] §r§7Lingyi039§7§r§7: GG
17:01:08 [allowed] §7[1⋆] §r§7SpacemanBiff321§7§r§7: who wants to party!
17:01:14 [allowed] §cYou are AFK. Move around to return from AFK.
17:01:16 [allowed] §cYou are sending commands too fast! Please slow down.
17:02:45 [allowed] §aYou have §b1 §aunclaimed leveling reward!
17:02:45 [allowed] §eClick here to view it!
17:02:46 [allowed] §cYou are sending commands too fast! Please slow down.
17:02:50 [allowed] §aYou claimed your §r§e100 Mystery Dust§r§a reward!
17:02:52 [allowed] §7[2⋆] §r§7ttvnisti§7§r§7: me 2
17:03:17 [allowed] §7[1⋆] §r§7aobroot§7§r§7: Türkiye challenge
17:04:00 [allowed] §7[1⋆] §r§7aobroot§7§r§7: 1 dolar = 34 TRY
17:04:05 [allowed] §eYou haven't claimed your §r§6Summer Rewards §r§eyet!
17:04:05 [allowed] §eTalk to the §r§bSummer Sloth §r§ein the §r§aHub!
17:04:05 [allowed] §aSince you've been away you earned §r§678,000 coins §r§aas interest in your personal bank account!
17:04:05 [allowed] §b-----------------------------------------------------
17:04:05 [allowed] §aYou have just received §r§6390,000 coins §r§aas interest in your co-op bank account!
17:04:05 [allowed] §b-----------------------------------------------------
17:04:07 [allowed] §6§lBONUS! §r§bTemporarily earn §r§a5% §r§bmore skill experience!
17:04:07 [allowed] §eLatest update: §bSkyBlock v0.20.5 §e§lCLICK
17:04:08 [allowed] §cYou are sending commands too fast! Please slow down.
17:04:27 [allowed] §cThere are blocks in the way!
17:04:33 [allowed] §cThere are blocks in the way!
17:05:06 [allowed] §a§r§6Mining Speed Boost §r§ais now available!
17:05:33 [allowed] §cThere are blocks in the way!
17:05:57 [allowed] §cThere are blocks in the way!
17:06:17 [allowed] §eYou haven't claimed your §r§6Summer Rewards §r§eyet!
17:06:17 [allowed] §eTalk to the §r§bSummer Sloth §r§ein the §r§aHub!
17:06:19 [allowed] §cYou are sending commands too fast! Please slow down.
17:06:36 [allowed] §cI don't have any candy for you right now! Go away! >:(
17:06:40 [allowed] §cYou cannot start the parkour whilst flying!
17:06:52 [allowed] §cYou haven't started parkour Island!
17:06:54 [allowed] §cYou haven't started parkour Island!
17:07:16 [allowed] §a§r§6Mining Speed Boost §r§ais now available!
17:07:32 [allowed] §aYou received §r§61,477,336.5 coins§r§a!
17:07:34 [allowed] §aYou received §r§61,476,459 coins§r§a!
17:07:35 [allowed] §aYou received §r§61,453,554 coins§r§a!
17:07:38 [allowed] §aYou received §r§61,510,744.5 coins§r§a!
17:07:39 [allowed] §aYou received §r§61,484,136 coins§r§a!
17:07:41 [allowed] §aYou received §r§61,483,965 coins§r§a!
17:07:44 [allowed] §aYou received §r§61,491,277.5 coins§r§a!
17:07:45 [allowed] §aYou received §r§61,491,016.5 coins§r§a!
17:07:47 [allowed] §aYou received §r§61,488,496.5 coins§r§a!
17:07:50 [allowed] §aYou received §r§61,489,329 coins§r§a!
17:07:51 [allowed] §aYou received §r§61,491,264 coins§r§a!
17:07:53 [allowed] §aYou received §r§61,484,586 coins§r§a!
17:08:00 [allowed] §aYou received §r§61,473,844.5 coins§r§a!
17:08:01 [allowed] §aYou received §r§61,474,906.5 coins§r§a!
17:08:03 [allowed] §aYou received §r§61,454,787 coins§r§a!
17:08:05 [allowed] §aYou received §r§61,455,786 coins§r§a!
17:08:06 [allowed] §aYou received §r§61,483,438.5 coins§r§a!
17:08:08 [allowed] §aYou received §r§61,489,990.5 coins§r§a!
17:08:11 [allowed] §aYou received §r§61,489,765.5 coins§r§a!
17:08:12 [allowed] §aYou received §r§61,491,030 coins§r§a!
17:08:13 [allowed] §aYou received §r§61,492,218 coins§r§a!
17:08:16 [allowed] §aYou received §r§61,488,699 coins§r§a!
17:08:17 [allowed] §aYou received §r§61,487,799 coins§r§a!
17:08:19 [allowed] §aYou received §r§61,484,910 coins§r§a!
17:08:35 [allowed] §eMaxed the Supercraft to §r§b48x crafts§r§e!
17:08:36 [allowed] §eYou Supercrafted §r§r§r§aSilver Fang §r§8x48§r§e!
17:08:58 [allowed] §6[Bazaar] §r§7Putting goods in escrow...
17:08:58 [allowed] §6[Bazaar] §r§7Submitting sell offer...
17:08:58 [allowed] §6[Bazaar] §r§7§r§eSell Offer Setup! §r§a84§r§7x §r§9Soulflow §r§7for §r§64,436,790 coins§r§7.
17:09:01 [allowed] §8Depositing coins...
17:09:01 [allowed] §aDeposited §r§635M coins§r§a! There's now §r§6316M coins §r§ain the account!
17:10:10 [allowed] §6[Bazaar] §eYour §6Sell Offer §efor §a84§7x §9Soulflow §ewas filled!
17:10:18 [allowed] §6[Bazaar] §r§7Claiming order...
17:10:18 [allowed] §6[Bazaar] §r§7§r§7Claimed §r§64,436,790 coins §r§7from selling §r§a84§r§7x §r§9Soulflow §r§7at §r§653,420 §r§7each!
17:10:22 [allowed] §8Depositing coins...
17:10:22 [allowed] §aDeposited §r§64.4M coins§r§a! There's now §r§6320M coins §r§ain the account!
17:10:36 [allowed] §6[Bazaar] §r§7Putting goods in escrow...
17:10:36 [allowed] §6[Bazaar] §r§7Submitting sell offer...
17:10:36 [allowed] §6[Bazaar] §r§7§r§eSell Offer Setup! §r§a1§r§7x §r§5Precursor Gear §r§7for §r§6544,265 coins§r§7.
17:10:49 [allowed] §6[Bazaar] §eYour §6Sell Offer §efor §a1§7x §5Precursor Gear §ewas filled!
17:10:57 [allowed] §cCouldn't read this number!
17:11:00 [allowed] §6[Bazaar] §r§7Claiming order...
17:11:00 [allowed] §6[Bazaar] §r§7§r§7Claimed §r§6544,265 coins §r§7from selling §r§a1§r§7x §r§5Precursor Gear §r§7at §r§6550,458 §r§7each!
17:11:05 [allowed] §8Withdrawing coins...
17:11:05 [allowed] §aWithdrew §r§64M coins§r§a! There's now §r§6316M coins §r§aleft in the account!
17:11:17 [allowed] §7Putting item in escrow...
17:11:17 [allowed] §7Setting up the auction...
17:11:17 [allowed] §b-----------------------------------------------------
17:11:17 [allowed] §b[MVP§r§9+§r§b] Sebbebas§r§f §r§ecreated a BIN auction for §r§6Perfect Boots - Tier XII §r§eat §r§65,999,998 coins!
17:11:17 [allowed] §b-----------------------------------------------------
17:11:17 [allowed] §eBIN Auction started for §r§f§r§6Perfect Boots - Tier XII§r§e!
17:12:14 [allowed] §7Putting item in escrow...
17:12:14 [allowed] §7Setting up the auction...
17:12:14 [allowed] §eBIN Auction started for §r§f§r§5Perfect Boots - Tier VII§r§e!
17:12:14 [allowed] §b-----------------------------------------------------
17:12:14 [allowed] §b[MVP§r§9+§r§b] Sebbebas§r§f §r§ecreated a BIN auction for §r§5Perfect Boots - Tier VII §r§eat §r§64,400,000 coins!
17:12:14 [allowed] §b-----------------------------------------------------
17:12:39 [allowed] §7Putting item in escrow...
17:12:39 [allowed] §7Setting up the auction...
17:12:39 [allowed] §eBIN Auction started for §r§f§r§6Auto Recombobulator§r§e!
17:12:39 [allowed] §b-----------------------------------------------------
17:12:39 [allowed] §b[MVP§r§9+§r§b] Sebbebas§r§f §r§ecreated a BIN auction for §r§6Auto Recombobulator §r§eat §r§610,249,999 coins!
17:12:39 [allowed] §b-----------------------------------------------------
17:13:07 [allowed] §6[Bazaar] §r§7Executing instant buy...
17:13:07 [allowed] §6[Bazaar] §r§7Bought §r§a16§r§7x §r§5Bigfoot's Lasso §r§7for §r§633,757 coins§r§7!
17:13:27 [allowed] §6[Bazaar] §r§7Executing instant buy...
17:13:27 [allowed] §6[Bazaar] §r§7Bought §r§a16§r§7x §r§5Jolly Pink Rock §r§7for §r§620,325 coins§r§7!
17:13:50 [allowed] §7Putting item in escrow...
17:13:50 [allowed] §7Setting up the auction...
17:13:51 [allowed] §b-----------------------------------------------------
17:13:51 [allowed] §b[MVP§r§9+§r§b] Sebbebas§r§f §r§ecreated a BIN auction for §r§5Wither Cloak Sword §r§eat §r§63,199,999 coins!
17:13:51 [allowed] §b-----------------------------------------------------
17:13:51 [allowed] §eBIN Auction started for §r§f§r§5Wither Cloak Sword§r§e!
17:14:05 [allowed] §7Putting item in escrow...
17:14:05 [allowed] §7Setting up the auction...
17:14:05 [allowed] §eBIN Auction started for §r§f§r§6Goldor's Chestplate§r§e!
17:14:05 [allowed] §b-----------------------------------------------------
17:14:05 [allowed] §b[MVP§r§9+§r§b] Sebbebas§r§f §r§ecreated a BIN auction for §r§6Goldor's Chestplate §r§eat §r§611,899,999 coins!
17:14:05 [allowed] §b-----------------------------------------------------
17:14:17 [allowed] §7Putting item in escrow...
17:14:17 [allowed] §7Setting up the auction...
17:14:17 [allowed] §eBIN Auction started for §r§f§r§6Goldor's Chestplate§r§e!
17:14:17 [allowed] §b-----------------------------------------------------
17:14:17 [allowed] §b[MVP§r§9+§r§b] Sebbebas§r§f §r§ecreated a BIN auction for §r§6Goldor's Chestplate §r§eat §r§611,899,999 coins!
17:14:17 [allowed] §b-----------------------------------------------------
17:14:21 [allowed] §8Depositing coins...
17:14:21 [allowed] §aDeposited §r§63.6M coins§r§a! There's now §r§6320M coins §r§ain the account!
17:14:40 [allowed] §cI don't have any candy for you right now! Go away! >:(
17:14:57 [allowed] §cThere are blocks in the way!
17:15:00 [allowed] §aYour §r§5Great Spook Tree §r§ahas just sprouted a fruit!
17:15:55 [allowed] §6[Bazaar] §r§7Executing instant sell...
17:15:55 [allowed] §6[Bazaar] §r§cCouldn't find any buyers for Netherrack!
17:15:55 [allowed] §6[Bazaar] §r§7Sold §r§a1,854§r§7x §r§a☠ Flawed Onyx Gemstone §r§7for §r§6529,132 coins§r§7!
17:15:55 [allowed] §6[Bazaar] §r§7Sold §r§a1,615§r§7x §r§a☘ Flawed Peridot Gemstone §r§7for §r§61,049,554 coins§r§7!
17:15:55 [allowed] §6[Bazaar] §r§7Sold §r§a16§r§7x §r§9Hunk of Blue Ice §r§7for §r§62,943,955 coins§r§7!
17:15:55 [allowed] §6[Bazaar] §r§7Sold §r§a1§r§7x §r§9Enchanted Rabbit Foot §r§7for §r§6725.4 coins§r§7!
17:15:55 [allowed] §6[Bazaar] §r§7Sold §r§a19§r§7x §r§aEnchanted Hay Bale §r§7for §r§6144,404 coins§r§7!
17:15:55 [allowed] §6[Bazaar] §r§7Sold §r§a126§r§7x §r§fPufferfish §r§7for §r§61,020.6 coins§r§7!
17:15:55 [allowed] §6[Bazaar] §r§7Sold §r§a6,720§r§7x §r§fDark Oak Wood §r§7for §r§64,704 coins§r§7!
17:15:55 [allowed] §6[Bazaar] §r§7Sold §r§a3§r§7x §r§aEnchanted Red Mushroom §r§7for §r§64,575.6 coins§r§7!
17:15:55 [allowed] §6[Bazaar] §r§7Sold §r§a15§r§7x §r§aEnchanted Iron §r§7for §r§628,400 coins§r§7!
17:15:55 [allowed] §6[Bazaar] §r§7Sold §r§a3,338§r§7x §r§fMithril §r§7for §r§638,387 coins§r§7!
17:15:55 [allowed] §6[Bazaar] §r§7Sold §r§a2§r§7x §r§a☘ Flawed Jade Gemstone §r§7for §r§6533.4 coins§r§7!
17:15:55 [allowed] §6[Bazaar] §r§7Sold §r§a44,375§r§7x §r§fα Rough Aquamarine Gemstone §r§7for §r§6106,500 coins§r§7!
17:15:55 [allowed] §6[Bazaar] §r§7Sold §r§a95§r§7x §r§fPrismarine Crystals §r§7for §r§6313.5 coins§r§7!
17:15:55 [allowed] §6[Bazaar] §r§7Sold §r§a68§r§7x §r§fCoal §r§7for §r§6469.2 coins§r§7!
17:15:55 [allowed] §6[Bazaar] §r§7Sold §r§a361§r§7x §r§fRaw Salmon §r§7for §r§62,635.3 coins§r§7!
17:15:55 [allowed] §6[Bazaar] §r§7Sold §r§a98§r§7x §r§fClownfish §r§7for §r§6499.8 coins§r§7!
17:15:55 [allowed] §6[Bazaar] §r§7Sold §r§a7§r§7x §r§9Cropie §r§7for §r§6170,893 coins§r§7!
17:15:55 [allowed] §6[Bazaar] §r§7Sold §r§a23§r§7x §r§aHunk of Ice §r§7for §r§650.6 coins§r§7!
17:15:55 [allowed] §6[Bazaar] §r§7Sold §r§a14§r§7x §r§5Squash §r§7for §r§61,012,239 coins§r§7!
17:15:55 [allowed] §6[Bazaar] §r§7Sold §r§a2§r§7x §r§5Purple Candy §r§7for §r§648,026 coins§r§7!
17:15:55 [allowed] §6[Bazaar] §r§7Sold §r§a225§r§7x §r§fEnder Pearl §r§7for §r§6675.0 coins§r§7!
17:15:55 [allowed] §6[Bazaar] §r§7Sold §r§a2§r§7x §r§5Silver Magmafish §r§7for §r§646,047 coins§r§7!
17:15:55 [allowed] §6[Bazaar] §r§7Sold §r§a6§r§7x §r§fClay §r§7for §r§67.2 coins§r§7!
17:15:55 [allowed] §6[Bazaar] §r§7Sold §r§a5,177§r§7x §r§aEnchanted Pumpkin §r§7for §r§68,476,302 coins§r§7!
17:15:55 [allowed] §6[Bazaar] §r§7Sold §r§a5§r§7x §r§aEnchanted Potato §r§7for §r§62,436.5 coins§r§7!
17:15:55 [allowed] §6[Bazaar] §r§7Sold §r§a23§r§7x §r§aEnchanted Melon §r§7for §r§66,805.7 coins§r§7!
17:15:55 [allowed] §6[Bazaar] §r§7Sold §r§a16,422§r§7x §r§f☠ Rough Onyx Gemstone §r§7for §r§618,064 coins§r§7!
17:15:55 [allowed] §6[Bazaar] §r§7Sold §r§a6§r§7x §r§9☘ Fine Peridot Gemstone §r§7for §r§6330,968 coins§r§7!
17:15:55 [allowed] §6[Bazaar] §r§7Sold §r§a16§r§7x §r§fRedstone §r§7for §r§66.4 coins§r§7!
17:15:55 [allowed] §6[Bazaar] §r§7Sold §r§a6§r§7x §r§aEnchanted Rotten Flesh §r§7for §r§63,802.2 coins§r§7!
17:15:55 [allowed] §6[Bazaar] §r§7Sold §r§a2§r§7x §r§aEnchanted Ender Pearl §r§7for §r§6401.0 coins§r§7!
17:15:55 [allowed] §6[Bazaar] §r§7Sold §r§a20,160§r§7x §r§fCarrot §r§7for §r§634,272 coins§r§7!
17:15:55 [allowed] §6[Bazaar] §r§7Sold §r§a17,775§r§7x §r§f❁ Rough Jasper Gemstone §r§7for §r§6110,205 coins§r§7!
17:15:55 [allowed] §6[Bazaar] §r§7Sold §r§a27§r§7x §r§aEnchanted Cactus Green §r§7for §r§627,167 coins§r§7!
17:15:55 [allowed] §6[Bazaar] §r§7Sold §r§a16,592§r§7x §r§fUmber §r§7for §r§61,159,147 coins§r§7!
17:15:55 [allowed] §6[Bazaar] §r§7Sold §r§a3§r§7x §r§aGreen Candy §r§7for §r§66,186.6 coins§r§7!
17:15:55 [allowed] §6[Bazaar] §r§7Sold §r§a694§r§7x §r§f✎ Rough Sapphire Gemstone §r§7for §r§6763.4 coins§r§7!
17:15:55 [allowed] §6[Bazaar] §r§7Sold §r§a2,159§r§7x §r§a☘ Flawed Citrine Gemstone §r§7for §r§6561,556 coins§r§7!
17:15:55 [allowed] §6[Bazaar] §r§7Sold §r§a56§r§7x §r§fSponge §r§7for §r§62,100 coins§r§7!
17:15:55 [allowed] §6[Bazaar] §r§7Sold §r§a951§r§7x §r§fLily Pad §r§7for §r§64,089.3 coins§r§7!
17:15:55 [allowed] §6[Bazaar] §r§7Sold §r§a3§r§7x §r§aWorm Membrane §r§7for §r§671,697 coins§r§7!
17:15:55 [allowed] §6[Bazaar] §r§7Sold §r§a147§r§7x §r§fString §r§7for §r§61,484.7 coins§r§7!
17:15:55 [allowed] §6[Bazaar] §r§7Sold §r§a2§r§7x §r§fWhite Gift §r§7for §r§65,610.8 coins§r§7!
17:15:55 [allowed] §6[Bazaar] §r§7Sold §r§a7§r§7x §r§aEnchanted Lily Pad §r§7for §r§611,204 coins§r§7!
17:15:55 [allowed] §6[Bazaar] §r§7Sold §r§a2§r§7x §r§a❈ Flawed Amethyst Gemstone §r§7for §r§6480.4 coins§r§7!
17:15:55 [allowed] §6[Bazaar] §r§7Sold §r§a488§r§7x §r§f⸕ Rough Amber Gemstone §r§7for §r§6780.8 coins§r§7!
17:15:55 [allowed] §6[Bazaar] §r§7Sold §r§a40§r§7x §r§aChum §r§7for §r§632.0 coins§r§7!
17:15:55 [allowed] §6[Bazaar] §r§7Sold §r§a3§r§7x §r§aEnchanted Bone §r§7for §r§63,022.2 coins§r§7!
17:15:55 [allowed] §6[Bazaar] §r§7Sold §r§a455§r§7x §r§fRed Mushroom §r§7for §r§62,593.5 coins§r§7!
17:15:55 [allowed] §6[Bazaar] §r§7Sold §r§a114§r§7x §r§fPrismarine Shard §r§7for §r§645.6 coins§r§7!
17:15:55 [allowed] §6[Bazaar] §r§7Sold §r§a4§r§7x §r§9α Fine Aquamarine Gemstone §r§7for §r§6176,119 coins§r§7!
17:15:55 [allowed] §6[Bazaar] §r§7Sold §r§a934§r§7x §r§fRaw Fish §r§7for §r§616,065 coins§r§7!
17:15:55 [allowed] §6[Bazaar] §r§7Sold §r§a28,941§r§7x §r§f❤ Rough Ruby Gemstone §r§7for §r§640,517 coins§r§7!
17:15:55 [allowed] §6[Bazaar] §r§7Sold §r§a52§r§7x §r§fSnow Block §r§7for §r§6130.0 coins§r§7!
17:15:55 [allowed] §6[Bazaar] §r§7Sold §r§a572§r§7x §r§9Magmafish §r§7for §r§6174,288 coins§r§7!
17:15:55 [allowed] §6[Bazaar] §r§7Sold §r§a3§r§7x §r§9Enchanted Packed Ice §r§7for §r§6203,978 coins§r§7!
17:15:55 [allowed] §6[Bazaar] §r§7Sold §r§a40§r§7x §r§aEnchanted Cocoa Beans §r§7for §r§628,272 coins§r§7!
17:15:55 [allowed] §6[Bazaar] §r§7Sold §r§a61§r§7x §r§fMagma Cream §r§7for §r§6317.2 coins§r§7!
17:15:55 [allowed] §6[Bazaar] §r§7Sold §r§a100§r§7x §r§f☘ Rough Jade Gemstone §r§7for §r§6150.0 coins§r§7!
17:15:55 [allowed] §6[Bazaar] §r§7Sold §r§a348§r§7x §r§fAcacia Wood §r§7for §r§62,540.4 coins§r§7!
17:15:55 [allowed] §6[Bazaar] §r§7Sold §r§a12,106§r§7x §r§f☘ Rough Peridot Gemstone §r§7for §r§646,003 coins§r§7!
17:15:55 [allowed] §6[Bazaar] §r§7Sold §r§a38§r§7x §r§aEnchanted Sugar §r§7for §r§624,920 coins§r§7!
17:15:55 [allowed] §6[Bazaar] §r§7Sold §r§a9§r§7x §r§9Enchanted Umber §r§7for §r§6114,719 coins§r§7!
17:15:55 [allowed] §6[Bazaar] §r§7Sold §r§a8§r§7x §r§9☠ Fine Onyx Gemstone §r§7for §r§6221,506 coins§r§7!
17:15:55 [allowed] §6[Bazaar] §r§7Sold §r§a9§r§7x §r§aEnchanted Nether Wart §r§7for §r§65,574.6 coins§r§7!
17:15:55 [allowed] §6[Bazaar] §r§7Sold §r§a1§r§7x §r§aCompost §r§7for §r§618,112 coins§r§7!
17:15:55 [allowed] §6[Bazaar] §r§7Sold §r§a147§r§7x §r§fIce §r§7for §r§6352.8 coins§r§7!
17:15:55 [allowed] §6[Bazaar] §r§7Sold §r§a2§r§7x §r§aEnchanted Prismarine Crystals §r§7for §r§6639.2 coins§r§7!
17:15:55 [allowed] §6[Bazaar] §r§7Sold §r§a10§r§7x §r§9☘ Fine Citrine Gemstone §r§7for §r§6200,013 coins§r§7!
17:15:55 [allowed] §6[Bazaar] §r§7Sold §r§a1,416§r§7x §r§a❁ Flawed Jasper Gemstone §r§7for §r§61,185,192 coins§r§7!
17:15:55 [allowed] §6[Bazaar] §r§7Sold §r§a398§r§7x §r§fRotten Flesh §r§7for §r§6734.9 coins§r§7!
17:15:55 [allowed] §6[Bazaar] §r§7Sold §r§a4§r§7x §r§aEnchanted Feather §r§7for §r§61,579.2 coins§r§7!
17:15:55 [allowed] §6[Bazaar] §r§7Sold §r§a656§r§7x §r§fBone §r§7for §r§62,492.8 coins§r§7!
17:15:55 [allowed] §6[Bazaar] §r§7Sold §r§a93§r§7x §r§fGunpowder §r§7for §r§61,432.2 coins§r§7!
17:15:55 [allowed] §6[Bazaar] §r§7Sold §r§a143§r§7x §r§fInk Sac §r§7for §r§6178,250 coins§r§7!
17:15:55 [allowed] §6[Bazaar] §r§7Sold §r§a20,160§r§7x §r§fPumpkin §r§7for §r§6163,296 coins§r§7!
17:15:55 [allowed] §6[Bazaar] §r§7Sold §r§a4,291§r§7x §r§fBirch Wood §r§7for §r§61,287.3 coins§r§7!
17:15:55 [allowed] §6[Bazaar] §r§7Sold §r§a24§r§7x §r§aEnchanted Hard Stone §r§7for §r§667,234 coins§r§7!
17:15:55 [allowed] §6[Bazaar] §r§7Sold §r§a2§r§7x §r§aEnchanted Coal §r§7for §r§62,800.6 coins§r§7!
17:15:55 [allowed] §6[Bazaar] §r§7Sold §r§a1,285§r§7x §r§f✧ Rough Topaz Gemstone §r§7for §r§62,056 coins§r§7!
17:15:55 [allowed] §6[Bazaar] §r§7Sold §r§a7§r§7x §r§9§r§cRed Gift §r§7for §r§6248,521 coins§r§7!
17:15:55 [allowed] §6[Bazaar] §r§7Sold §r§a5,329§r§7x §r§aEnchanted Carrot §r§7for §r§63,370,060 coins§r§7!
17:15:55 [allowed] §6[Bazaar] §r§7Sold §r§a60§r§7x §r§fNether Quartz §r§7for §r§6900.0 coins§r§7!
17:15:55 [allowed] §6[Bazaar] §r§7Sold §r§a264§r§7x §r§fBlaze Rod §r§7for §r§66,468 coins§r§7!
17:15:55 [allowed] §6[Bazaar] §r§7Sold §r§a5,338§r§7x §r§fHard Stone §r§7for §r§613,345 coins§r§7!
17:15:55 [allowed] §6[Bazaar] §r§7Sold §r§a22§r§7x §r§9Agarimoo Tongue §r§7for §r§6136,567 coins§r§7!
17:15:55 [allowed] §6[Bazaar] §r§7Sold §r§a46§r§7x §r§aSulphur §r§7for §r§6266.8 coins§r§7!
17:15:55 [allowed] §6[Bazaar] §r§7Sold §r§a144§r§7x §r§f❈ Rough Amethyst Gemstone §r§7for §r§6201.6 coins§r§7!
17:15:55 [allowed] §6[Bazaar] §r§7Sold §r§a16§r§7x §r§aEnchanted Ghast Tear §r§7for §r§65,001.6 coins§r§7!
17:15:55 [allowed] §6[Bazaar] §r§7Sold §r§a3§r§7x §r§9Enchanted Tungsten §r§7for §r§639,283 coins§r§7!
17:15:55 [allowed] §6[Bazaar] §r§7Sold §r§a6§r§7x §r§9Enchanted Glacite §r§7for §r§654,436 coins§r§7!
17:15:55 [allowed] §6[Bazaar] §r§7Sold §r§a2§r§7x §r§a✎ Flawed Sapphire Gemstone §r§7for §r§6510.6 coins§r§7!
17:15:55 [allowed] §6[Bazaar] §r§7Sold §r§a10,745§r§7x §r§fTungsten §r§7for §r§6717,184 coins§r§7!
17:15:55 [allowed] §6[Bazaar] §r§7Sold §r§a17,438§r§7x §r§f☘ Rough Citrine Gemstone §r§7for §r§68,719 coins§r§7!
17:15:55 [allowed] §6[Bazaar] §r§7Sold §r§a18,267§r§7x §r§fGlacite §r§7for §r§6763,561 coins§r§7!
17:15:55 [allowed] §6[Bazaar] §r§7Sold §r§a238§r§7x §r§fIron Ingot §r§7for §r§62,380 coins§r§7!
17:15:55 [allowed] §6[Bazaar] §r§7Sold §r§a4,104§r§7x §r§aα Flawed Aquamarine Gemstone §r§7for §r§62,388,938 coins§r§7!
17:15:55 [allowed] §6[Bazaar] §r§7Sold §r§a4§r§7x §r§fPotato §r§7for §r§65.2 coins§r§7!
17:15:56 [allowed] §6[Bazaar] §r§7Sold §r§a3§r§7x §r§fPoisonous Potato §r§7for §r§613.8 coins§r§7!
17:15:56 [allowed] §6[Bazaar] §r§7Sold §r§a1,924§r§7x §r§a❤ Flawed Ruby Gemstone §r§7for §r§6417,700 coins§r§7!
17:15:56 [allowed] §6[Bazaar] §r§7Sold §r§a3§r§7x §r§aEnchanted Prismarine Shard §r§7for §r§6993.0 coins§r§7!
17:15:56 [allowed] §6[Bazaar] §r§7Sold §r§a8§r§7x §r§fGhast Tear §r§7for §r§6829.6 coins§r§7!
17:15:58 [allowed] §8Depositing coins...
17:15:58 [allowed] §aDeposited §r§627M coins§r§a! There's now §r§6347M coins §r§ain the account!
17:16:17 [allowed] §aYou have §b17 §aunclaimed leveling rewards!
17:16:17 [allowed] §eClick here to view them!
17:16:19 [allowed] §cYou are sending commands too fast! Please slow down.
17:16:23 [allowed] §cYou are sending commands too fast! Please slow down.
17:16:23 [allowed] §6§lBONUS! §r§bTemporarily earn §r§a5% §r§bmore skill experience!
17:16:23 [allowed] §eLatest update: §bSkyBlock v0.20.5 §e§lCLICK
17:16:35 [allowed] §cThere are blocks in the way!
17:16:36 [allowed] §cThere are blocks in the way!
17:16:36 [allowed] §cThere are blocks in the way!
17:16:41 [allowed] §cThis process is still running!
17:16:47 [allowed] §6[Auction] §bTacoWasTakenLol §ebought §fWither Cloak Sword §efor §63,199,999 coins §lCLICK
17:17:01 [allowed] §cYou are sending commands too fast! Please slow down.
17:17:03 [allowed] §eYou haven't claimed your §r§6Summer Rewards §r§eyet!
17:17:03 [allowed] §eTalk to the §r§bSummer Sloth §r§ein the §r§aHub!
17:17:04 [allowed] §cYou are sending commands too fast! Please slow down.
17:17:05 [allowed] §6§lBONUS! §r§bTemporarily earn §r§a5% §r§bmore skill experience!
17:17:05 [allowed] §eLatest update: §bSkyBlock v0.20.5 §e§lCLICK
17:17:12 [allowed] §eYou haven't claimed your §r§6Summer Rewards §r§eyet!
17:17:12 [allowed] §eTalk to the §r§bSummer Sloth §r§ein the §r§aHub!
17:17:14 [allowed] §cYou are sending commands too fast! Please slow down.
17:17:28 [allowed] §8[§r§f54§r§8] §r§7❤ §r§b[MVP§c+§b] ditchs§f§r§f: i lost my 10y old xbox account when i was 11, ik how it feels bro
17:17:32 [allowed] §eYou haven't claimed your §r§6Summer Rewards §r§eyet!
17:17:32 [allowed] §eTalk to the §r§bSummer Sloth §r§ein the §r§aHub!
17:17:34 [allowed] §cYou are sending commands too fast! Please slow down.
17:17:34 [allowed] §cYou are sending commands too fast! Please slow down.
17:17:48 [allowed] §aYou summoned your §r§6Bee§r§5 ✦§r§a!
17:17:50 [allowed] §6You got §r§52 Purple Candy §r§6from the §r§5Great Spook Tree§r§6!
17:18:32 [allowed] §a§r§6Mining Speed Boost §r§ais now available!
17:21:33 [allowed] §eYou haven't claimed your §r§6Summer Rewards §r§eyet!
17:21:33 [allowed] §eTalk to the §r§bSummer Sloth §r§ein the §r§aHub!
17:21:35 [allowed] §cYou are sending commands too fast! Please slow down.
17:21:39 [allowed] §eYou haven't claimed your §r§6Summer Rewards §r§eyet!
17:21:39 [allowed] §eTalk to the §r§bSummer Sloth §r§ein the §r§aHub!
17:21:40 [allowed] §6§lGROSS! §7While you were offline, §6Pests §7spawned in §aPlots §r§bMelonPumpking3§r§7, §r§bMelonPumpking1§r§7, §r§bCooke farm 2§r§7, §r§bCacti 2§r§7, §r§bCacti 1§r§7, §r§bMelonPumpking4§r§7 and §r§b10§r§r§7!
17:21:40 [allowed] §7Your §r§6☘ Farming Fortune §r§7has been reduced by §r§475%§r§7!
17:21:40 [allowed] §7Click on a plots name in chat to teleport to it!
17:21:40 [allowed] §cYou are sending commands too fast! Please slow down.
17:21:40 [allowed] §cYou are sending commands too fast! Please slow down.
17:22:38 [allowed] §a§r§6Mining Speed Boost §r§ais now available!
17:23:33 [allowed] §6§lRARE DROP! §aDynaMITES Vinyl §6(§6+476☘)
17:23:42 [allowed] §3§l▬▬▬▬▬▬▬▬▬▬▬▬▬▬▬▬▬▬▬▬▬▬▬▬▬▬▬▬▬▬▬▬▬▬▬▬▬▬▬▬▬▬▬▬▬▬▬▬▬▬▬▬▬▬▬▬▬▬▬▬▬▬▬▬
17:23:48 [allowed] §cThis ability is on cooldown for 1s.
17:23:48 [allowed] §cThis ability is on cooldown for 1s.
17:23:58 [allowed] §aYour §r§6Bee§r§5 ✦ §r§aleveled up to level §r§981§r§a!
17:24:10 [allowed] §aYour Garden is no longer infested and your §r§6☘ Farming Fortune §r§ahas returned to normal!
17:24:10 [allowed] §3§l▬▬▬▬▬▬▬▬▬▬▬▬▬▬▬▬▬▬▬▬▬▬▬▬▬▬▬▬▬▬▬▬▬▬▬▬▬▬▬▬▬▬▬▬▬▬▬▬▬▬▬▬▬▬▬▬▬▬▬▬▬▬▬▬
17:24:45 [allowed] §3§l▬▬▬▬▬▬▬▬▬▬▬▬▬▬▬▬▬▬▬▬▬▬▬▬▬▬▬▬▬▬▬▬▬▬▬▬▬▬▬▬▬▬▬▬▬▬▬▬▬▬▬▬▬▬▬▬▬▬▬▬▬▬▬▬
17:24:52 [allowed] §aYou sold §r§aDynaMITES Vinyl§r§8 x1 §r§afor §r§61,000 Coins§r§a!
17:24:52 [allowed] §aYou sold §r§aTasty Cheese§r§8 x1 §r§afor §r§6500 Coins§r§a!
17:28:54 [allowed] §6[Auction] §athecat201011 §ebought §fGoldor's Chestplate §efor §611,899,999 coins §lCLICK
17:31:04 [allowed] §cYou don't have enough of the required item!
17:32:22 [allowed] §a§lSPRAYONATOR! §r§7Your selected material is now §r§aDung§r§7!
17:32:27 [allowed] §a§lSPRAYONATOR! §r§7Your selected material is now §r§aHoney Jar§r§7!
17:32:28 [allowed] §a§lSPRAYONATOR! §r§7Your selected material is now §r§aTasty Cheese§r§7!
17:32:28 [allowed] §cYou can only spray within a plot!
17:33:07 [allowed] §8Withdrawing coins...
17:33:07 [allowed] §aWithdrew §r§62M coins§r§a! There's now §r§6345M coins §r§aleft in the account!
17:33:15 [allowed] §6[Bazaar] §r§7Executing instant buy...
17:33:15 [allowed] §6[Bazaar] §r§7Bought §r§a64§r§7x §r§aPlant Matter §r§7for §r§640,806 coins§r§7!
17:33:16 [allowed] §a§lSPRAYONATOR! §r§7Your selected material is now §r§aFine Flour§r§7!
17:33:25 [allowed] §cYou don't have any §r§aFine Flour§r§c!
17:33:25 [allowed] §a§lSPRAYONATOR! §r§7Your selected material is now §r§aCompost§r§7!
17:33:26 [allowed] §a§lSPRAYONATOR! §r§7Your selected material is now §r§aPlant Matter§r§7!
17:33:27 [allowed] §a§lSPRAYONATOR! §r§7You sprayed §r§aPlot §r§7- §r§bCompactFarm1 §r§7with §r§aPlant Matter§r§7!
17:33:27 [allowed] §a§lSPRAYONATOR! §r§7This will expire in §r§a30m§r§7!
17:33:30 [allowed] §cThis ability is on cooldown for 1s.
17:33:31 [allowed] §a§lSPRAYONATOR! §r§7You sprayed §r§aPlot §r§7- §r§bCompactFarm2 §r§7with §r§aPlant Matter§r§7!
17:33:31 [allowed] §a§lSPRAYONATOR! §r§7This will expire in §r§a30m§r§7!
17:33:35 [allowed] §a§lSPRAYONATOR! §r§7You sprayed §r§aPlot §r§7- §r§bCompactFarm3 §r§7with §r§aPlant Matter§r§7!
17:33:35 [allowed] §a§lSPRAYONATOR! §r§7This will expire in §r§a30m§r§7!
17:33:39 [allowed] §a§lSPRAYONATOR! §r§7You sprayed §r§aPlot §r§7- §r§bCompactFarm4 §r§7with §r§aPlant Matter§r§7!
17:33:39 [allowed] §a§lSPRAYONATOR! §r§7This will expire in §r§a30m§r§7!
17:33:42 [allowed] §aYou summoned your §r§6Mooshroom Cow§r§a!
17:33:46 [allowed] §a§lSPRAYONATOR! §r§7You sprayed §r§aPlot §r§7- §r§bCompactFarm5 §r§7with §r§aPlant Matter§r§7!
17:33:46 [allowed] §a§lSPRAYONATOR! §r§7This will expire in §r§a30m§r§7!
17:33:50 [allowed] §eYou haven't claimed your §r§6Summer Rewards §r§eyet!
17:33:50 [allowed] §eTalk to the §r§bSummer Sloth §r§ein the §r§aHub!
17:33:51 [allowed] §8[§r§2188§r§8] §r§6✎ §r§b[MVP§9+§b] 765th§f§r§f: hell no
17:33:51 [allowed] §cCouldn't warp you! Try again later. §r§7(PLAYER_TRANSFER_COOLDOWN)
17:33:52 [allowed] §cYou are sending commands too fast! Please slow down.
17:33:53 [allowed] §8[§r§f66§r§8] §r§7❂ §r§7FilipUvalsky§7§r§7: but this is secret
17:34:01 [allowed] §eYou haven't claimed your §r§6Summer Rewards §r§eyet!
17:34:01 [allowed] §eTalk to the §r§bSummer Sloth §r§ein the §r§aHub!
17:34:02 [allowed] §cYou are sending commands too fast! Please slow down.
17:34:43 [allowed] §aYour spawn location has been set!
17:35:00 [allowed] §a§r§6Mining Speed Boost §r§ais now available!
17:35:00 [allowed] §e[NPC] Jacob§r§f: The Farming Contest is over!
17:35:00 [allowed] §e[NPC] Jacob§r§f: Let me count the final results eh?
17:35:03 [allowed] §eYou haven't claimed your §r§6Summer Rewards §r§eyet!
17:35:03 [allowed] §eTalk to the §r§bSummer Sloth §r§ein the §r§aHub!
17:35:05 [allowed] §cYou are sending commands too fast! Please slow down.
17:35:05 [allowed] §cCouldn't warp you! Try again later. §r§7(PLAYER_TRANSFER_COOLDOWN)
17:35:06 [allowed] §e[NPC] Jacob§r§f: §r§cUh oh! Couldn't figure out how well ya did!
17:35:06 [allowed] §e[NPC] Jacob§r§f: §r§fCome see me in the hub anyway!
17:35:44 [allowed] §eYou haven't claimed your §r§6Summer Rewards §r§eyet!
17:35:44 [allowed] §eTalk to the §r§bSummer Sloth §r§ein the §r§aHub!
17:35:46 [allowed] §cYou are sending commands too fast! Please slow down.
17:36:44 [allowed] §a§r§6Mining Speed Boost §r§ais now available!
17:37:04 [allowed] §6§lEWW! §62 Pests §7have spawned in §aPlot §7- §bCompactFarm2§7!
17:37:04 [allowed]   §r§e§lCLICK HERE §eto teleport to the plot!
17:39:01 [allowed] §6§lGROSS! §7A §6Pest §7has appeared in §aPlot §7- §bCompactFarm5§7!
17:39:01 [allowed]   §r§e§lCLICK HERE §eto teleport to the plot!
17:40:51 [allowed] §6[Auction] §aHeavyAlcoholic §ebought §fGoldor's Chestplate §efor §611,899,999 coins §lCLICK
17:44:25 [allowed] §6§lEWW! §62 Pests §7have spawned in §aPlot §7- §bCompactFarm4§7!
17:44:25 [allowed]   §r§4§lൠ §6☘ Farming Fortune §7has been reduced by §415%§7!
17:44:25 [allowed]   §r§e§lCLICK HERE §eto teleport to the plot!
17:47:12 [allowed] §6§lEWW! §62 Pests §7have spawned in §aPlot §7- §bCompactFarm1§7!
17:47:12 [allowed]   §r§4§lൠ §6☘ Farming Fortune §7has been reduced by §450%§7!
17:47:12 [allowed]   §r§e§lCLICK HERE §eto teleport to the plot!
17:48:24 [allowed] §3§l▬▬▬▬▬▬▬▬▬▬▬▬▬▬▬▬▬▬▬▬▬▬▬▬▬▬▬▬▬▬▬▬▬▬▬▬▬▬▬▬▬▬▬▬▬▬▬▬▬▬▬▬▬▬▬▬▬▬▬▬▬▬▬▬
17:49:01 [allowed] §cClick on a §r§aCicada Symphony Vinyl §r§cin your inventory to add it to your collection!
17:49:03 [allowed] §aYou bought back §r§aTasty Cheese§r§8 x1 §r§afor §r§6500 Coins§r§a!
17:49:03 [allowed] §aYou bought back §r§aDynaMITES Vinyl§r§8 x1 §r§afor §r§61,000 Coins§r§a!
17:49:05 [allowed] §aYou sold §r§aTasty Cheese§r§8 x1 §r§afor §r§6500 Coins§r§a!
17:49:06 [allowed] §aYou sold §r§fPotato§r§8 x51 §r§afor §r§6153 Coins§r§a!
17:49:23 [allowed] §6§lRARE DROP! §aSlow and Groovy Vinyl §6(§6+1,052☘)
17:49:23 [allowed] §aYour Garden is no longer infested and your §r§6☘ Farming Fortune §r§ahas returned to normal!
17:49:23 [allowed] §3§l▬▬▬▬▬▬▬▬▬▬▬▬▬▬▬▬▬▬▬▬▬▬▬▬▬▬▬▬▬▬▬▬▬▬▬▬▬▬▬▬▬▬▬▬▬▬▬▬▬▬▬▬▬▬▬▬▬▬▬▬▬▬▬▬
17:49:38 [allowed] §aYou are now playing §r§eDynaMITES§r§a!
17:49:40 [allowed] §aYou are no longer playing §r§eDynaMITES§r§a!
17:49:41 [allowed] §aYou are now playing §r§eSlow and Groovy§r§a!
17:50:04 [allowed] §cThere are not any Pests on your Garden right now! Keep farming!
17:50:49 [allowed] §cThere are not any Pests on your Garden right now! Keep farming!
17:51:11 [allowed] §e[NPC] §6Pesthunter Pamela§f: §r§fGo spray a plot with that §aSprayonator§f!
17:51:13 [allowed] §e[NPC] §6Pesthunter Pamela§f: §r§fBe sure it's on the §aTasty Cheese §fsetting so that you can attract a §6Rat Pest§f!
17:51:43 [allowed] §e[NPC] §6Phillip§f: §rThanks for the §6Pests§f, §bSebbebas§f!
17:51:46 [allowed] §e[NPC] §6Phillip§f: §rIn exchange for §630 Pests§f, I've given you §6+180☘ Farming Fortune §ffor §a60m§f!
17:51:51 [allowed] §e[NPC] §6Phillip§f: §rVacuum more Pests and exchange them with me to gain even more §6☘ Farming Fortune§f!
17:53:28 [allowed] §6§lEWW! §62 Pests §7have spawned in §aPlot §7- §bCompactFarm2§7!
17:53:28 [allowed]   §r§e§lCLICK HERE §eto teleport to the plot!
17:55:41 [allowed] §6§lGROSS! §7A §6Pest §7has appeared in §aPlot §7- §bCompactFarm3§7!
17:55:41 [allowed]   §r§e§lCLICK HERE §eto teleport to the plot!
17:57:26 [allowed] §6§lEWW! §62 Pests §7have spawned in §aPlot §7- §bCompactFarm1§7!
17:57:26 [allowed]   §r§4§lൠ §6☘ Farming Fortune §7has been reduced by §415%§7!
17:57:26 [allowed]   §r§e§lCLICK HERE §eto teleport to the plot!
17:57:40 [allowed] §6§lRARE CROP! §r§f§r§9Cropie §r§b(Armor Set Bonus)
18:00:08 [allowed] §6§lEWW! §62 Pests §7have spawned in §aPlot §7- §bCompactFarm5§7!
18:00:08 [allowed]   §r§4§lൠ §6☘ Farming Fortune §7has been reduced by §450%§7!
18:00:08 [allowed]   §r§e§lCLICK HERE §eto teleport to the plot!
18:00:19 [allowed] §c♨ §eFire Sale for §r§5Black Lion Skin§r §eended!
18:00:19 [allowed] §6§k§lA§r §c§lFIRE SALE §r§6§k§lA
§r§c♨ §eSelling an item for a limited time!
§r§c   ♨ §5White Lion Skin §e(§e2,042 left§e)§c§r
§r§c♨ §a§l[WARP] §eTo Elizabeth in the next §c4d 23h 59m §eto grab yours!
18:00:26 [allowed] §6§lRARE CROP! §r§f§r§9Cropie §r§b(Armor Set Bonus)
18:01:14 [allowed] §6§lRARE CROP! §r§f§r§9Cropie §r§b(Armor Set Bonus)
18:01:19 [allowed] §c♨ §eFire Sale for §r§5White Lion Skin§r §eended!
18:02:02 [allowed] §6§lRARE CROP! §r§f§r§9Cropie §r§b(Armor Set Bonus)
18:03:29 [allowed] §a§lSPRAYONATOR! §r§7The smell of §r§aPlant Matter §r§7on §r§aPlot §r§7- §r§bCompactFarm1 §r§7ran out!
18:03:33 [allowed] §a§lSPRAYONATOR! §r§7The smell of §r§aPlant Matter §r§7on §r§aPlot §r§7- §r§bCompactFarm2 §r§7ran out!
18:03:35 [allowed] §a§lSPRAYONATOR! §r§7The smell of §r§aPlant Matter §r§7on §r§aPlot §r§7- §r§bCompactFarm3 §r§7ran out!
18:03:41 [allowed] §a§lSPRAYONATOR! §r§7The smell of §r§aPlant Matter §r§7on §r§aPlot §r§7- §r§bCompactFarm4 §r§7ran out!
18:03:47 [allowed] §a§lSPRAYONATOR! §r§7The smell of §r§aPlant Matter §r§7on §r§aPlot §r§7- §r§bCompactFarm5 §r§7ran out!
18:08:03 [allowed] §6[Auction] §7Cspangle §ebought §fAuto Recombobulator §efor §610,249,999 coins §lCLICK
18:15:05 [allowed] §e[NPC] Jacob§f: §rMy contest has started!
18:15:07 [allowed] §e[NPC] Jacob§f: §r§eFinnegan §fis forcing me to be more lenient with rankings...
18:15:11 [allowed] §e[NPC] Jacob§f: §rYour §9Anita's Artifact §fis giving you §6+25☘ Sugar Cane Fortune §fduring the contest!
19:15:04 [allowed] §e[NPC] Jacob§f: §rMy contest has started!
19:15:06 [allowed] §e[NPC] Jacob§f: §r§eFinnegan §fis forcing me to be more lenient with rankings...
19:15:10 [allowed] §e[NPC] Jacob§f: §rYour §9Anita's Artifact §fis giving you §6+25☘ Cactus Fortune §fduring the contest!
19:40:30 [allowed] §cGod Potion expires in §r§e30 Minutes§r§c
19:55:17 [allowed] §b-----------------------------------------------------
19:55:17 [allowed] §b[MVP§r§9+§r§b] Sebbebas§r§f §r§ecollected an auction for §r§610,147,499 coins§r§e!
19:55:17 [allowed] §b-----------------------------------------------------
19:55:17 [allowed] §eYou collected §r§610,147,499 coins §r§efrom selling §r§f§r§6Auto Recombobulator §r§eto §r§7Cspangle §r§ein an auction!
19:55:17 [allowed] §eYou collected §r§63,167,999 coins §r§efrom selling §r§f§r§5Wither Cloak Sword §r§eto §r§b[MVP§r§6+§r§b] TacoWasTakenLol §r§ein an auction!
19:55:17 [allowed] §b-----------------------------------------------------
19:55:17 [allowed] §b[MVP§r§9+§r§b] Sebbebas§r§f §r§ecollected an auction for §r§63,167,999 coins§r§e!
19:55:17 [allowed] §b-----------------------------------------------------
19:55:17 [allowed] §b-----------------------------------------------------
19:55:17 [allowed] §b[MVP§r§9+§r§b] Sebbebas§r§f §r§ecollected an auction for §r§611,780,999 coins§r§e!
19:55:17 [allowed] §b-----------------------------------------------------
19:55:17 [allowed] §eYou collected §r§611,780,999 coins §r§efrom selling §r§f§r§6Goldor's Chestplate §r§eto §r§a[VIP] thecat201011 §r§ein an auction!
19:55:17 [allowed] §b-----------------------------------------------------
19:55:17 [allowed] §b[MVP§r§9+§r§b] Sebbebas§r§f §r§ecollected an auction for §r§611,780,999 coins§r§e!
19:55:17 [allowed] §b-----------------------------------------------------
19:55:17 [allowed] §eYou collected §r§611,780,999 coins §r§efrom selling §r§f§r§6Goldor's Chestplate §r§eto §r§a[VIP] HeavyAlcoholic §r§ein an auction!
19:55:20 [allowed] §8Depositing coins...
19:55:20 [allowed] §aDeposited §r§638M coins§r§a! There's now §r§6384M coins §r§ain the account!
20:03:16 [allowed] §aYou cannot bid on your own auctions!
20:03:16 [allowed] §b-----------------------------------------------------
20:03:16 [allowed] §b[MVP§r§9+§r§b] Sebbebas§r§f §r§ecancelled an auction for §r§6Perfect Boots - Tier XII§r§e!
20:03:16 [allowed] §b-----------------------------------------------------
20:03:16 [allowed] §eYou §r§ccanceled §r§eyour auction for §r§f§r§6Perfect Boots - Tier XII§r§e!
20:03:21 [allowed] §aYou cannot bid on your own auctions!
20:03:22 [allowed] §b-----------------------------------------------------
20:03:22 [allowed] §b[MVP§r§9+§r§b] Sebbebas§r§f §r§ecancelled an auction for §r§5Perfect Boots - Tier VII§r§e!
20:03:22 [allowed] §b-----------------------------------------------------
20:03:22 [allowed] §eYou §r§ccanceled §r§eyour auction for §r§f§r§5Perfect Boots - Tier VII§r§e!
20:03:25 [allowed] §aYou sold §r§6Perfect Boots - Tier XII§r§8 x1 §r§afor §r§64,915,200 Coins§r§a!
20:03:26 [allowed] §aYou sold §r§5Perfect Boots - Tier VII§r§8 x1 §r§afor §r§62,867,200 Coins§r§a!
20:03:29 [allowed] §8Depositing coins...
20:03:29 [allowed] §aDeposited §r§67.7M coins§r§a! There's now §r§6392M coins §r§ain the account!
20:03:55 [allowed] §eYou haven't claimed your §r§6Summer Rewards §r§eyet!
20:03:55 [allowed] §eTalk to the §r§bSummer Sloth §r§ein the §r§aHub!
20:03:55 [allowed] §f§m-----------------------------------------------------
§r§cYou should NEVER enter your Microsoft account details anywhere but on official Microsoft services!

§r§cExternal links from untrusted sources should be avoided.
§r§f§m-----------------------------------------------------
20:03:56 [allowed] §cYou are sending commands too fast! Please slow down.
20:03:56 [allowed] §cYou are sending commands too fast! Please slow down.
20:03:57 [allowed] §d§lYum! §r§eYou gain §r§a+3❈ Defense §r§efor §r§a48 §r§ehours!
20:03:58 [allowed] §d§lYum! §r§eYou gain §r§b+5✎ Intelligence §r§efor §r§a48 §r§ehours!
20:03:58 [allowed] §d§lYum! §r§eYou gain §r§c+10❤ Health §r§efor §r§a48 §r§ehours!
20:03:59 [allowed] §d§lYum! §r§eYou gain §r§d+1♣ Pet Luck §r§efor §r§a48 §r§ehours!
20:04:00 [allowed] §d§lYum! §r§eYou gain §r§3+1α Sea Creature Chance §r§efor §r§a48 §r§ehours!
20:04:00 [allowed] §d§lYum! §r§eYou gain §r§6+5☘ Mining Fortune §r§efor §r§a48 §r§ehours!
20:04:01 [allowed] §d§lYum! §r§eYou gain §r§4+1♨ Vitality §r§efor §r§a48 §r§ehours!
20:04:01 [allowed] §d§lYum! §r§eYou gain §r§6+5☘ Farming Fortune §r§efor §r§a48 §r§ehours!
20:04:02 [allowed] §d§lYum! §r§eYou gain §r§b+1✯ Magic Find §r§efor §r§a48 §r§ehours!
20:04:03 [allowed] §d§lYum! §r§eYou gain §r§f+1❂ True Defense §r§efor §r§a48 §r§ehours!
20:04:03 [allowed] §d§lYum! §r§eYou gain §r§6+5☘ Foraging Fortune §r§efor §r§a48 §r§ehours!
20:04:04 [allowed] §d§lYum! §r§eYou gain §r§c+2❁ Strength §r§efor §r§a48 §r§ehours!
20:04:05 [allowed] §d§lYum! §r§eYou gain §r§c+2⫽ Ferocity §r§efor §r§a48 §r§ehours!
20:04:05 [allowed] §d§lYum! §r§eYou gain §r§f+10✦ Speed §r§efor §r§a48 §r§ehours!
20:04:11 [allowed] §eYou haven't claimed your §r§6Summer Rewards §r§eyet!
20:04:11 [allowed] §eTalk to the §r§bSummer Sloth §r§ein the §r§aHub!
20:04:13 [allowed] §cYou are sending commands too fast! Please slow down.
20:04:54 [allowed] §cThere are blocks in the way!
20:04:58 [allowed] §cThere are blocks in the way!
20:05:04 [allowed] §cAbilities are disabled in this area!
20:05:05 [allowed] §cAbilities are disabled in this area!
20:05:12 [allowed] §a§r§6Mining Speed Boost §r§ais now available!
20:05:14 [allowed] §8[§r§3260§r§8] §r§7❂ §r§a[VIP§6+§a] MisterShaco§f§r§f: TROPHY FISH! You caught a Golden Fish GOLD. 7 more
20:05:24 [allowed] §8[§r§3272§r§8] §r§6✿ §r§b[MVP§r§9+§r§b] Sebbebas§r§f: gg
20:05:25 [allowed] §cFind a way to reach the top of the stomach!
20:05:50 [allowed] §c ☠ §r§7§r§aMaesonz§r§7 was killed by Magma Slug§r§7§r§7.
20:06:49 [allowed] §8[§r§3250§r§8] §r§b[MVP§3+§b] seiges §c⚒§f§r§f: r
20:06:50 [allowed] §c ☠ §r§7§r§bMinimp02§r§7 was killed by Thunder§r§7§r§7.
20:06:50 [allowed] §c ☠ §r§7§r§braffars§r§7 was killed by Thunder§r§7§r§7.
20:07:03 [allowed] §c ☠ §r§7§r§bMinimp02§r§7 was killed by Thunder§r§7§r§7.
20:07:09 [allowed] §c ☠ §r§7§r§braffars§r§7 was killed by Thunder§r§7§r§7.
20:07:24 [allowed] §8[§r§3272§r§8] §r§6✿ §r§b[MVP§r§9+§r§b] Sebbebas§r§f: guys im gonna go get a beer
20:07:50 [allowed] §8[§r§9311§r§8] §r§6§l⚛ §r§b[MVP§3+§b] SpookySilver§f§r§f: Bruh
20:07:52 [allowed] §c ☠ §r§7§r§bSpookySilver§r§7 was killed by Inferno Demonlord§r§7§r§7.
20:08:00 [allowed] §8[§r§9311§r§8] §r§6§l⚛ §r§b[MVP§3+§b] SpookySilver§f§r§f: I wash fishing and he spawned D:
20:08:03 [allowed] §8[§r§9311§r§8] §r§6§l⚛ §r§b[MVP§3+§b] SpookySilver§f§r§f: as*
20:08:05 [allowed] §8[§r§9311§r§8] §r§6§l⚛ §r§b[MVP§3+§b] SpookySilver§f§r§f: was*
20:08:23 [allowed] §eYou haven't claimed your §r§6Summer Rewards §r§eyet!
20:08:23 [allowed] §eTalk to the §r§bSummer Sloth §r§ein the §r§aHub!
20:08:25 [allowed] §cYou are sending commands too fast! Please slow down.
20:08:38 [allowed] §3§l▬▬▬▬▬▬▬▬▬▬▬▬▬▬▬▬▬▬▬▬▬▬▬▬▬▬▬▬▬▬▬▬▬▬▬▬▬▬▬▬▬▬▬▬▬▬▬▬▬▬▬▬▬▬▬▬▬▬▬▬▬▬▬▬
20:08:47 [allowed] §3§l▬▬▬▬▬▬▬▬▬▬▬▬▬▬▬▬▬▬▬▬▬▬▬▬▬▬▬▬▬▬▬▬▬▬▬▬▬▬▬▬▬▬▬▬▬▬▬▬▬▬▬▬▬▬▬▬▬▬▬▬▬▬▬▬
20:08:52 [allowed] §aYour Garden is no longer infested and your §r§6☘ Farming Fortune §r§ahas returned to normal!
20:09:04 [allowed] §cThis ability is on cooldown for 2s.
20:09:04 [allowed] §cThis ability is on cooldown for 1s.
20:09:18 [allowed] §3§l▬▬▬▬▬▬▬▬▬▬▬▬▬▬▬▬▬▬▬▬▬▬▬▬▬▬▬▬▬▬▬▬▬▬▬▬▬▬▬▬▬▬▬▬▬▬▬▬▬▬▬▬▬▬▬▬▬▬▬▬▬▬▬▬
20:09:23 [allowed] §a§r§6Mining Speed Boost §r§ais now available!
20:09:27 [allowed] §a§lSPRAYONATOR! §r§7You sprayed §r§aPlot §r§7- §r§bCompactFarm5 §r§7with §r§aPlant Matter§r§7!
20:09:27 [allowed] §a§lSPRAYONATOR! §r§7This will expire in §r§a30m§r§7!
20:09:35 [allowed] §a§lSPRAYONATOR! §r§7You sprayed §r§aPlot §r§7- §r§bCompactFarm4 §r§7with §r§aPlant Matter§r§7!
20:09:35 [allowed] §a§lSPRAYONATOR! §r§7This will expire in §r§a30m§r§7!
20:09:47 [allowed] §a§lSPRAYONATOR! §r§7You sprayed §r§aPlot §r§7- §r§bCompactFarm3 §r§7with §r§aPlant Matter§r§7!
20:09:47 [allowed] §a§lSPRAYONATOR! §r§7This will expire in §r§a30m§r§7!
20:09:52 [allowed] §a§lSPRAYONATOR! §r§7You sprayed §r§aPlot §r§7- §r§bCompactFarm2 §r§7with §r§aPlant Matter§r§7!
20:09:52 [allowed] §a§lSPRAYONATOR! §r§7This will expire in §r§a30m§r§7!
20:09:53 [allowed] §cGod Potion expires in §r§e60s§r§c
20:10:00 [allowed] §a§lSPRAYONATOR! §r§7You sprayed §r§aPlot §r§7- §r§bCompactFarm1 §r§7with §r§aPlant Matter§r§7!
20:10:00 [allowed] §a§lSPRAYONATOR! §r§7This will expire in §r§a30m§r§7!
20:10:06 [allowed] §eYou haven't claimed your §r§6Summer Rewards §r§eyet!
20:10:06 [allowed] §eTalk to the §r§bSummer Sloth §r§ein the §r§aHub!
20:10:08 [allowed] §cYou are sending commands too fast! Please slow down.
20:10:15 [allowed] §aYou bought §r§cGod Potion§r§a!
20:10:21 [allowed] §eYou haven't claimed your §r§6Summer Rewards §r§eyet!
20:10:21 [allowed] §eTalk to the §r§bSummer Sloth §r§ein the §r§aHub!
20:10:23 [allowed] §cYou are sending commands too fast! Please slow down.
20:10:36 [allowed] §6§lEWW! §62 Pests §7have spawned in §aPlot §7- §bCompactFarm1§7!
20:10:36 [allowed]   §r§e§lCLICK HERE §eto teleport to the plot!
20:10:43 [allowed] §cGod Potion expires in §r§e10s§r§c
20:10:48 [allowed] §cGod Potion expires in §r§e5s§r§c
20:10:49 [allowed] §cGod Potion expires in §r§e4s§r§c
20:10:50 [allowed] §cGod Potion expires in §r§e3s§r§c
20:10:51 [allowed] §cGod Potion expires in §r§e2s§r§c
20:10:52 [allowed] §cGod Potion expires in §r§e1s§r§c
20:10:53 [allowed] §cGod Potion has expired!
20:11:09 [allowed] §3§l▬▬▬▬▬▬▬▬▬▬▬▬▬▬▬▬▬▬▬▬▬▬▬▬▬▬▬▬▬▬▬▬▬▬▬▬▬▬▬▬▬▬▬▬▬▬▬▬▬▬▬▬▬▬▬▬▬▬▬▬▬▬▬▬
20:11:09 [allowed] §6§lRARE DROP! §5Beady Eyes §6(§6+1,111☘)
20:11:13 [allowed] §cYou must double tap the drop button to drop this item!
20:11:13 [allowed] §cYou can disable this in the §r§fSettings§r§c in your §r§aSkyBlock Menu§r§c!
20:11:21 [allowed] §a§r§6Mining Speed Boost §r§ais now available!
20:11:26 [allowed] §cYou must double tap the drop button to drop this item!
20:11:26 [allowed] §cYou can disable this in the §r§fSettings§r§c in your §r§aSkyBlock Menu§r§c!
20:13:54 [allowed] §6§lGROSS! §7A §6Pest §7has appeared in §aPlot §7- §bCompactFarm5§7!
20:13:54 [allowed]   §r§e§lCLICK HERE §eto teleport to the plot!
20:14:19 [allowed] §a§lGULP! §r§eThe §r§cGod Potion §r§egrants you powers for §r§924h 0m§r§e!
20:15:04 [allowed] §e[NPC] Jacob§f: §rMy contest has started!
20:15:06 [allowed] §e[NPC] Jacob§f: §r§eFinnegan §fis forcing me to be more lenient with rankings...
20:15:10 [allowed] §e[NPC] Jacob§f: §rYour §9Anita's Artifact §fis giving you §6+25☘ Carrot Fortune §fduring the contest!
20:15:34 [allowed] §6§lRARE CROP! §r§f§r§9Cropie §r§b(Armor Set Bonus)
20:15:58 [allowed] §6§lRARE CROP! §r§f§r§9Cropie §r§b(Armor Set Bonus)
20:16:47 [allowed] §6§lRARE CROP! §r§f§r§9Cropie §r§b(Armor Set Bonus)
20:17:40 [allowed] §6§lEWW! §62 Pests §7have spawned in §aPlot §7- §bCompactFarm5§7!
20:17:40 [allowed]   §r§4§lൠ §6☘ Farming Fortune §7has been reduced by §45%§7!
20:17:40 [allowed]   §r§e§lCLICK HERE §eto teleport to the plot!
20:19:37 [allowed] §6§lRARE CROP! §r§f§r§9Cropie §r§b(Armor Set Bonus)
20:19:55 [allowed] §6§lEWW! §62 Pests §7have spawned in §aPlot §7- §bCompactFarm1§7!
20:19:55 [allowed]   §r§4§lൠ §6☘ Farming Fortune §7has been reduced by §430%§7!
20:19:55 [allowed]   §r§e§lCLICK HERE §eto teleport to the plot!
20:21:12 [allowed] §6§lEWW! §62 Pests §7have spawned in §aPlot §7- §bCompactFarm3§7!
20:21:12 [allowed]   §r§4§lൠ §6☘ Farming Fortune §7has been reduced by §475%§7!
20:21:12 [allowed]   §r§e§lCLICK HERE §eto teleport to the plot!
20:21:26 [allowed] §3§l▬▬▬▬▬▬▬▬▬▬▬▬▬▬▬▬▬▬▬▬▬▬▬▬▬▬▬▬▬▬▬▬▬▬▬▬▬▬▬▬▬▬▬▬▬▬▬▬▬▬▬▬▬▬▬▬▬▬▬▬▬▬▬▬
20:21:26 [allowed] §cThis ability is on cooldown for 1s.
20:21:34 [allowed] §6§lRARE DROP! §aCicada Symphony Vinyl §6(§6+948☘)
20:21:40 [allowed] §a§lSPRAYONATOR! §r§7Your selected material is now §r§aDung§r§7!
20:21:40 [allowed] §cYou don't have any §r§aDung§r§c!
20:21:40 [allowed] §a§lSPRAYONATOR! §r§7Your selected material is now §r§aHoney Jar§r§7!
20:21:41 [allowed] §a§lSPRAYONATOR! §r§7Your selected material is now §r§aTasty Cheese§r§7!
20:21:42 [allowed] §a§lSPRAYONATOR! §r§7Your selected material is now §r§aFine Flour§r§7!
20:21:43 [allowed] §a§lSPRAYONATOR! §r§7Your selected material is now §r§aCompost§r§7!
20:21:44 [allowed] §a§lSPRAYONATOR! §r§7Your selected material is now §r§aPlant Matter§r§7!
20:22:00 [allowed] §aYour Garden is no longer infested and your §r§6☘ Farming Fortune §r§ahas returned to normal!
20:22:06 [allowed] §cThis ability is on cooldown for 1s.
20:22:21 [allowed] §6§lRARE DROP! §9Mutant Nether Wart §6(§6+1,120☘)
20:22:31 [allowed] §cThere are not any Pests on your Garden right now! Keep farming!
20:23:46 [allowed] §6§lGROSS! §7A §6Pest §7has appeared in §aPlot §7- §bCompactFarm2§7!
20:23:46 [allowed]   §r§e§lCLICK HERE §eto teleport to the plot!
20:24:03 [allowed] §6§lRARE CROP! §r§f§r§9Cropie §r§b(Armor Set Bonus)
20:25:20 [allowed] §6§lEWW! §62 Pests §7have spawned in §aPlot §7- §bCompactFarm3§7!
20:25:20 [allowed]   §r§e§lCLICK HERE §eto teleport to the plot!
20:26:37 [allowed] §6§lRARE CROP! §r§f§r§9Cropie §r§b(Armor Set Bonus)
20:28:18 [allowed] §6§lEWW! §62 Pests §7have spawned in §aPlot §7- §bCompactFarm3§7!
20:28:18 [allowed]   §r§4§lൠ §6☘ Farming Fortune §7has been reduced by §415%§7!
20:28:18 [allowed]   §r§e§lCLICK HERE §eto teleport to the plot!
20:30:54 [allowed] §6§lGROSS! §7A §6Pest §7has appeared in §aPlot §7- §bCompactFarm2§7!
20:30:54 [allowed]   §r§4§lൠ §6☘ Farming Fortune §7has been reduced by §430%§7!
20:30:54 [allowed]   §r§e§lCLICK HERE §eto teleport to the plot!
20:32:50 [allowed] §6§lEWW! §62 Pests §7have spawned in §aPlot §7- §bCompactFarm4§7!
20:32:50 [allowed]   §r§4§lൠ §6☘ Farming Fortune §7has been reduced by §475%§7!
20:32:50 [allowed]   §r§e§lCLICK HERE §eto teleport to the plot!
20:33:43 [allowed] §a§lSPRAYONATOR! §r§7You sprayed §r§aPlot §r§7- §r§bCompactFarm1 §r§7with §r§aPlant Matter§r§7!
20:33:43 [allowed] §a§lSPRAYONATOR! §r§7This will expire in §r§a30m§r§7!
20:33:52 [allowed] §a§lSPRAYONATOR! §r§7Your selected material is now §r§aDung§r§7!
20:33:53 [allowed] §a§lSPRAYONATOR! §r§7Your selected material is now §r§aHoney Jar§r§7!
20:33:54 [allowed] §a§lSPRAYONATOR! §r§7Your selected material is now §r§aTasty Cheese§r§7!
20:33:54 [allowed] §a§lSPRAYONATOR! §r§7Your selected material is now §r§aFine Flour§r§7!
20:33:56 [allowed] §a§lSPRAYONATOR! §r§7Your selected material is now §r§aCompost§r§7!
20:33:57 [allowed] §a§lSPRAYONATOR! §r§7Your selected material is now §r§aPlant Matter§r§7!
20:34:10 [allowed] §3§l▬▬▬▬▬▬▬▬▬▬▬▬▬▬▬▬▬▬▬▬▬▬▬▬▬▬▬▬▬▬▬▬▬▬▬▬▬▬▬▬▬▬▬▬▬▬▬▬▬▬▬▬▬▬▬▬▬▬▬▬▬▬▬▬
20:34:30 [allowed] §cThis ability is on cooldown for 1s.
20:34:37 [allowed] §cThis ability is on cooldown for 1s.
20:34:54 [allowed] §aYour Garden is no longer infested and your §r§6☘ Farming Fortune §r§ahas returned to normal!
20:35:00 [allowed] §e[NPC] Jacob§r§f: The Farming Contest is over!
20:35:00 [allowed] §e[NPC] Jacob§r§f: Let me count the final results eh?
20:35:03 [allowed] §e[NPC] Jacob§f: §rYou placed in the §f§lSILVER §fbracket in the §aMushroom Contest§f!
20:35:07 [allowed] §e[NPC] Jacob§f: §rYou collected §e33,886 §fitems!
20:35:07 [allowed] §3§l▬▬▬▬▬▬▬▬▬▬▬▬▬▬▬▬▬▬▬▬▬▬▬▬▬▬▬▬▬▬▬▬▬▬▬▬▬▬▬▬▬▬▬▬▬▬▬▬▬▬▬▬▬▬▬▬▬▬▬▬▬▬▬▬
20:35:14 [allowed] §cThere are not any Pests on your Garden right now! Keep farming!
20:36:39 [allowed] §6§lRARE CROP! §r§f§r§9Cropie §r§b(Armor Set Bonus)
20:36:52 [allowed] §6§lEWW! §62 Pests §7have spawned in §aPlot §7- §bCompactFarm4§7!
20:36:52 [allowed]   §r§e§lCLICK HERE §eto teleport to the plot!
20:37:31 [allowed] §6§lRARE CROP! §r§f§r§9Cropie §r§b(Armor Set Bonus)
20:37:42 [allowed] §6§lRARE CROP! §r§f§r§9Cropie §r§b(Armor Set Bonus)
20:38:40 [allowed] §6§lEWW! §62 Pests §7have spawned in §aPlot §7- §bCompactFarm3§7!
20:38:40 [allowed]   §r§4§lൠ §6☘ Farming Fortune §7has been reduced by §45%§7!
20:38:40 [allowed]   §r§e§lCLICK HERE §eto teleport to the plot!
20:39:28 [allowed] §a§lSPRAYONATOR! §r§7The smell of §r§aPlant Matter §r§7on §r§aPlot §r§7- §r§bCompactFarm5 §r§7ran out!
20:39:36 [allowed] §a§lSPRAYONATOR! §r§7The smell of §r§aPlant Matter §r§7on §r§aPlot §r§7- §r§bCompactFarm4 §r§7ran out!
20:39:48 [allowed] §a§lSPRAYONATOR! §r§7The smell of §r§aPlant Matter §r§7on §r§aPlot §r§7- §r§bCompactFarm3 §r§7ran out!
20:39:54 [allowed] §a§lSPRAYONATOR! §r§7The smell of §r§aPlant Matter §r§7on §r§aPlot §r§7- §r§bCompactFarm2 §r§7ran out!
