13:10:34 CRIMSON_ISLE
13:22:56 NONE
13:22:57 PRIVATE_ISLAND
13:23:00 NONE
13:23:00 HUB
13:25:38 NONE
13:25:39 DWARVEN_MINES
13:26:11 NONE
13:26:11 CRIMSON_ISLE
13:29:36 NONE
13:29:37 HUB
13:29:49 NONE
13:29:50 PRIVATE_ISLAND
13:36:35 NONE
13:36:35 CRIMSON_ISLE
13:37:37 NONE
13:37:38 KUUDRA_ARENA
13:37:54 NONE
13:37:54 CRIMSON_ISLE
13:38:17 NONE
13:38:18 KUUDRA_ARENA
13:43:55 NONE
13:43:55 CRIMSON_ISLE
13:47:01 NONE
13:47:04 KUUDRA_ARENA
13:52:49 NONE
13:52:50 CRIMSON_ISLE
13:56:54 KUUDRA_ARENA
14:00:42 NONE
14:00:42 CRIMSON_ISLE
