15:50:28 Trying to load config from config\skyhanni\config.json
15:50:28 load-config-now
15:50:29 Loaded config from file
15:50:29 Trying to load sacks from config\skyhanni\sacks.json
15:50:29 load-sacks-now
15:50:29 Loaded sacks from file
15:50:29 Trying to load friends from config\skyhanni\friends.json
15:50:29 load-friends-now
15:50:29 Loaded friends from file
15:50:29 Trying to load known_features from config\skyhanni\known_features.json
15:50:29 load-known_features-now
15:50:29 Loaded known_features from file
15:50:29 Trying to load jacob_contests from config\skyhanni\jacob_contests.json
15:50:29 load-jacob_contests-now
15:50:29 Loaded jacob_contests from file
15:50:29 Trying to load visual_words from config\skyhanni\visual_words.json
15:50:29 Setting visual_words to be blank as it did not exist. It will be saved once something is written to it
15:50:54 saveConfig: Updated known feature flags
15:50:54 Saving known_features file
15:51:29 saveConfig: auto-save-60s
15:51:29 Saving config file
15:52:29 saveConfig: auto-save-60s
15:52:29 Saving config file
15:53:29 saveConfig: auto-save-60s
15:53:29 Saving config file
15:54:29 saveConfig: auto-save-60s
15:54:29 Saving config file
15:55:29 saveConfig: auto-save-60s
15:55:29 Saving config file
15:56:29 saveConfig: auto-save-60s
15:56:29 Saving config file
15:57:29 saveConfig: auto-save-60s
15:57:29 Saving config file
15:58:29 saveConfig: auto-save-60s
15:58:29 Saving config file
15:59:29 saveConfig: auto-save-60s
15:59:29 Saving config file
16:00:29 saveConfig: auto-save-60s
16:00:29 Saving config file
16:01:29 saveConfig: auto-save-60s
16:01:29 Saving config file
16:02:29 saveConfig: auto-save-60s
16:02:29 Saving config file
16:03:29 saveConfig: auto-save-60s
16:03:29 Saving config file
16:04:29 saveConfig: auto-save-60s
16:04:29 Saving config file
16:05:29 saveConfig: auto-save-60s
16:05:29 Saving config file
16:06:29 saveConfig: auto-save-60s
16:06:29 Saving config file
16:07:29 saveConfig: auto-save-60s
16:07:29 Saving config file
16:08:29 saveConfig: auto-save-60s
16:08:29 Saving config file
16:09:29 saveConfig: auto-save-60s
16:09:29 Saving config file
16:10:29 saveConfig: auto-save-60s
16:10:29 Saving config file
16:11:29 saveConfig: auto-save-60s
16:11:29 Saving config file
16:12:29 saveConfig: auto-save-60s
16:12:29 Saving config file
16:13:29 saveConfig: auto-save-60s
16:13:29 Saving config file
16:14:29 saveConfig: auto-save-60s
16:14:29 Saving config file
16:15:29 saveConfig: auto-save-60s
16:15:29 Saving config file
16:16:29 saveConfig: auto-save-60s
16:16:29 Saving config file
16:17:29 saveConfig: auto-save-60s
16:17:29 Saving config file
16:18:29 saveConfig: auto-save-60s
16:18:29 Saving config file
16:19:29 saveConfig: auto-save-60s
16:19:29 Saving config file
16:20:29 saveConfig: auto-save-60s
16:20:29 Saving config file
16:21:29 saveConfig: auto-save-60s
16:21:29 Saving config file
16:22:29 saveConfig: auto-save-60s
16:22:29 Saving config file
16:23:29 saveConfig: auto-save-60s
16:23:29 Saving config file
16:24:29 saveConfig: auto-save-60s
16:24:29 Saving config file
16:25:29 saveConfig: auto-save-60s
16:25:29 Saving config file
16:26:29 saveConfig: auto-save-60s
16:26:29 Saving config file
16:27:29 saveConfig: auto-save-60s
16:27:29 Saving config file
16:28:29 saveConfig: auto-save-60s
16:28:29 Saving config file
16:29:29 saveConfig: auto-save-60s
16:29:29 Saving config file
16:30:29 saveConfig: auto-save-60s
16:30:29 Saving config file
16:31:29 saveConfig: auto-save-60s
16:31:29 Saving config file
16:32:29 saveConfig: auto-save-60s
16:32:29 Saving config file
16:33:29 saveConfig: auto-save-60s
16:33:29 Saving config file
16:34:29 saveConfig: auto-save-60s
16:34:29 Saving config file
16:35:29 saveConfig: auto-save-60s
16:35:29 Saving config file
16:36:29 saveConfig: auto-save-60s
16:36:29 Saving config file
16:37:29 saveConfig: auto-save-60s
16:37:29 Saving config file
16:38:29 saveConfig: auto-save-60s
16:38:29 Saving config file
16:39:29 saveConfig: auto-save-60s
16:39:29 Saving config file
16:40:29 saveConfig: auto-save-60s
16:40:29 Saving config file
16:41:29 saveConfig: auto-save-60s
16:41:29 Saving config file
16:42:29 saveConfig: auto-save-60s
16:42:29 Saving config file
16:43:29 saveConfig: auto-save-60s
16:43:29 Saving config file
16:44:29 saveConfig: auto-save-60s
16:44:29 Saving config file
16:45:29 saveConfig: auto-save-60s
16:45:29 Saving config file
16:46:29 saveConfig: auto-save-60s
16:46:29 Saving config file
16:47:29 saveConfig: auto-save-60s
16:47:29 Saving config file
16:48:29 saveConfig: auto-save-60s
16:48:29 Saving config file
16:49:29 saveConfig: auto-save-60s
16:49:29 Saving config file
16:50:29 saveConfig: auto-save-60s
16:50:29 Saving config file
16:51:29 saveConfig: auto-save-60s
16:51:29 Saving config file
16:52:29 saveConfig: auto-save-60s
16:52:29 Saving config file
16:53:29 saveConfig: auto-save-60s
16:53:29 Saving config file
16:54:29 saveConfig: auto-save-60s
16:54:29 Saving config file
16:55:29 saveConfig: auto-save-60s
16:55:29 Saving config file
16:56:29 saveConfig: auto-save-60s
16:56:29 Saving config file
16:57:29 saveConfig: auto-save-60s
16:57:29 Saving config file
16:58:29 saveConfig: auto-save-60s
16:58:29 Saving config file
16:59:29 saveConfig: auto-save-60s
16:59:29 Saving config file
17:00:29 saveConfig: auto-save-60s
17:00:29 Saving config file
17:01:29 saveConfig: auto-save-60s
17:01:29 Saving config file
17:02:29 saveConfig: auto-save-60s
17:02:29 Saving config file
17:03:29 saveConfig: auto-save-60s
17:03:29 Saving config file
17:04:29 saveConfig: auto-save-60s
17:04:29 Saving config file
17:05:29 saveConfig: auto-save-60s
17:05:29 Saving config file
17:06:29 saveConfig: auto-save-60s
17:06:29 Saving config file
17:07:29 saveConfig: auto-save-60s
17:07:29 Saving config file
17:08:29 saveConfig: auto-save-60s
17:08:29 Saving config file
17:09:29 saveConfig: auto-save-60s
17:09:29 Saving config file
17:10:29 saveConfig: auto-save-60s
17:10:29 Saving config file
17:11:29 saveConfig: auto-save-60s
17:11:29 Saving config file
17:12:29 saveConfig: auto-save-60s
17:12:29 Saving config file
17:13:29 saveConfig: auto-save-60s
17:13:29 Saving config file
17:14:29 saveConfig: auto-save-60s
17:14:29 Saving config file
17:15:10 saveConfig: saving-data
17:15:10 Saving sacks file
17:15:29 saveConfig: auto-save-60s
17:15:29 Saving config file
17:16:29 saveConfig: auto-save-60s
17:16:29 Saving config file
17:17:29 saveConfig: auto-save-60s
17:17:29 Saving config file
17:18:29 saveConfig: auto-save-60s
17:18:29 Saving config file
17:19:29 saveConfig: auto-save-60s
17:19:29 Saving config file
17:20:29 saveConfig: auto-save-60s
17:20:29 Saving config file
17:21:29 saveConfig: auto-save-60s
17:21:29 Saving config file
17:22:22 saveConfig: shutdown-hook
17:22:22 Saving config file
