12:03:40 §e[SkyHanni] Looks like you updated SkyHanni. Click here to configure the newly introduced options, or run /shdefaultoptions 0.21.1 0.25.Beta.29.§r
12:04:03 §c[SkyHanni-0.25.Beta.29] playerSpecific is null in ProfileJoinEvent!§r
12:06:15 §e[SkyHanni] §eNext egg available in §b24s§e.§r
12:07:11 §e[SkyHanni] §eNext egg available in §b5m 18s§e.§r
12:19:47 §e[SkyHanni] §aGuy §eis visiting your garden!§r
12:19:47 §e[SkyHanni] §6Sirius §eis visiting your garden!§r
12:19:47 §e[SkyHanni] §aJamie §eis visiting your garden!§r
12:19:47 §e[SkyHanni] §aLibrarian §eis visiting your garden!§r
12:19:47 §e[SkyHanni] §aJotraeline Greatforge §eis visiting your garden!§r
12:19:48 §e[SkyHanni] Successfully loaded this year's contests from elitebot.dev automatically!§r
12:20:10 §e[SkyHanni] §lCLICK HERE§r§e to grab §ax1 §9§9Enchanted Sugar Cane§e from sacks!§r
12:20:11 §e[SkyHanni] §lCLICK HERE§r§e to grab §ax1 §9§9Enchanted Sugar Cane§e from sacks!§r
12:20:11 §e[SkyHanni] §lCLICK HERE§r§e to grab §ax1 §9§9Enchanted Sugar Cane§e from sacks!§r
12:20:13 §e[SkyHanni] §lCLICK HERE§r§e to grab §ax1 §9§9Enchanted Sugar Cane§e from sacks!§r
12:20:13 §e[SkyHanni] §lCLICK HERE§r§e to grab §ax1 §9§9Enchanted Sugar Cane§e from sacks!§r
12:20:14 §e[SkyHanni] §lCLICK HERE§r§e to grab §ax1 §9§9Enchanted Sugar Cane§e from sacks!§r
12:20:14 §e[SkyHanni] §lCLICK HERE§r§e to grab §ax1 §9§9Enchanted Sugar Cane§e from sacks!§r
12:20:15 §e[SkyHanni] §lCLICK HERE§r§e to grab §ax1 §9§9Enchanted Sugar Cane§e from sacks!§r
12:20:15 §e[SkyHanni] §lCLICK HERE§r§e to grab §ax1 §9§9Enchanted Sugar Cane§e from sacks!§r
12:20:16 §e[SkyHanni] §lCLICK HERE§r§e to grab §ax1 §9§9Enchanted Sugar Cane§e from sacks!§r
12:23:39 §e[SkyHanni] §lCLICK HERE§r§e to grab §ax1 §9§9Mutant Nether Wart§e from sacks!§r
12:23:39 §e[SkyHanni] §lCLICK HERE§r§e to grab §ax1 §9§9Mutant Nether Wart§e from sacks!§r
12:23:39 §e[SkyHanni] §lCLICK HERE§r§e to grab §ax1 §9§9Mutant Nether Wart§e from sacks!§r
12:23:40 §e[SkyHanni] §lCLICK HERE§r§e to grab §ax1 §9§9Mutant Nether Wart§e from sacks!§r
12:23:40 §e[SkyHanni] §lCLICK HERE§r§e to grab §ax1 §9§9Mutant Nether Wart§e from sacks!§r
12:23:41 §e[SkyHanni] §lCLICK HERE§r§e to grab §ax1 §9§9Mutant Nether Wart§e from sacks!§r
12:23:41 §e[SkyHanni] §lCLICK HERE§r§e to grab §ax1 §9§9Mutant Nether Wart§e from sacks!§r
12:23:41 §e[SkyHanni] §lCLICK HERE§r§e to grab §ax1 §9§9Mutant Nether Wart§e from sacks!§r
12:23:41 §e[SkyHanni] §lCLICK HERE§r§e to grab §ax1 §9§9Mutant Nether Wart§e from sacks!§r
12:23:42 §e[SkyHanni] §lCLICK HERE§r§e to grab §ax1 §9§9Mutant Nether Wart§e from sacks!§r
12:23:42 §e[SkyHanni] §lCLICK HERE§r§e to grab §ax1 §9§9Mutant Nether Wart§e from sacks!§r
12:26:21 §e[SkyHanni] §eTo edit hidden GUI elements:
 §7- §e1. Set a key in /sh edit.
 §7- §e2. Click that key while the GUI element is visible.§r
12:31:01 §e[SkyHanni] §cCan not read profile name from tab list! Open /widget and enable Profile Widget. This is needed for the mod to function! And therefore this warning cannot be disabled§r
12:31:04 §e[SkyHanni] §cCan not read profile name from tab list! Open /widget and enable Profile Widget. This is needed for the mod to function! And therefore this warning cannot be disabled§r
12:31:09 §e[SkyHanni] §cCan not read profile name from tab list! Open /widget and enable Profile Widget. This is needed for the mod to function! And therefore this warning cannot be disabled§r
12:31:37 §e[SkyHanni] §cCan not read profile name from tab list! Open /widget and enable Profile Widget. This is needed for the mod to function! And therefore this warning cannot be disabled§r
12:31:43 §e[SkyHanni] §cCan not read profile name from tab list! Open /widget and enable Profile Widget. This is needed for the mod to function! And therefore this warning cannot be disabled§r
12:31:46 §e[SkyHanni] §cCan not read profile name from tab list! Open /widget and enable Profile Widget. This is needed for the mod to function! And therefore this warning cannot be disabled§r
12:31:53 §e[SkyHanni] §cCan not read profile name from tab list! Open /widget and enable Profile Widget. This is needed for the mod to function! And therefore this warning cannot be disabled§r
12:32:02 §e[SkyHanni] §cCan not read profile name from tab list! Open /widget and enable Profile Widget. This is needed for the mod to function! And therefore this warning cannot be disabled§r
