17:50:32 [EMPTY] §f §r§r§r§f §r§r§r§1 §r§r§r§0 §r§r§r§2 §r§r§r§f §r§r§r§f §r§r§r§2 §r§r§r§0 §r§r§r§4 §r§r§r§3 §r§r§r§9 §r§r§r§2 §r§r§r§0 §r§r§r§0 §r§r§r§3 §r§r§r§9 §r§r§r§2 §r§r§r§0 §r§r§r§0 §r§r§r§3 §r§r§r§9 §r§r§r§2 §r§r§r§0 §r§r§r§0 
17:50:32 [LOBBY] §b✦ §r§7You earned §r§b12 §r§7Mystery Dust!
17:50:32 [LOBBY] §b[MVP§f+§b] Sebbebas§f §6joined the lobby!
17:50:32 [LOBBY]  §b>§c>§a>§r §r§6[MVP§1++§6] Truthahnsandwich§f §6joined the lobby!§r §a<§c<§b<
17:50:32 [LOBBY]   §r§f§l➤ §r§6You have reached your Hype limit! Add Hype to Prototype Lobby minigames by right-clicking with the Hype Diamond!
17:50:33 [LOBBY] §b[MVP§a+§b] Frog_irl333§f §6joined the lobby!
17:50:34 [LOBBY] §b[MVP§c+§b] Haki3Xc1§f §6joined the lobby!
17:50:38 [LOBBY] §b[MVP§9+§b] Redflame6987§f §6joined the lobby!
17:50:39 [LOBBY] §b[MVP§4+§b] djkhaledd_§f §6joined the lobby!
17:50:39 [LOBBY] §b[MVP§9+§b] Clarista§f §6joined the lobby!
17:50:48 [LOBBY] §b[MVP§c+§b] saber_wulf_74§f §6joined the lobby!
17:50:49 [LOBBY] §b[MVP§2+§b] Naosu§f §6joined the lobby!
17:50:50 [LOBBY] §b[MVP§e+§b] Heroherobot§f §6joined the lobby!
17:50:52 [LOBBY] §b[MVP§f+§b] OwOLiam§f §6joined the lobby!
17:50:52 [LOBBY] §b[MVP§c+§b] Zhesire§f §6joined the lobby!
17:50:56 [LOBBY]  §b>§c>§a>§r §r§6[MVP§2++§6] GavrielMiller§f §6joined the lobby!§r §a<§c<§b<
17:50:58 [LOBBY] §b[MVP§c+§b] Why4mIHere§f §6joined the lobby!
17:50:59 [LOBBY] §b[MVP§0+§b] Spookuu§f §6joined the lobby!
17:51:04 [LOBBY] §b[MVP§4+§b] iFlezy§f §6joined the lobby!
17:51:05 [LOBBY] §b[MVP§c+§b] skorpionfreak§f §6joined the lobby!
17:51:12 [LOBBY] §b[MVP§e+§b] ICBearLLC§f §6joined the lobby!
17:51:14 [LOBBY] §b[MVP§0+§b] bobme§f §6joined the lobby!
17:51:16 [LOBBY] §b[MVP§d+§b] Westwind__§f §6joined the lobby!
17:51:16 [WARPING] §7Sending to server mini149BC...
17:51:17 [EMPTY] §8 §r§8 §r§1 §r§3 §r§3 §r§7 §r§8 
17:51:19 [EMPTY] 
17:51:19 [WELCOME] §eWelcome to §r§aHypixel SkyBlock§r§e!
17:51:19 [EMPTY] 
17:51:20 [PROFILE_JOIN] §aYou are playing on profile: §eBanana§b (Co-op)
17:51:20 [PROFILE_JOIN] §8Profile ID: b1a71305-1956-42bf-90e4-bce6f7285754
17:51:22 [SKYMALL] §bNew day! §r§eYour §r§2Sky Mall §r§ebuff changed!
17:51:22 [SKYMALL] §eNew buff§r§r§r: §r§fReduce Pickaxe Ability cooldown by §r§a20%§r§f.
17:51:22 [SKYMALL] §8§oYou can disable this messaging by toggling Sky Mall in your /hotm!
17:51:59 [WARPING] §7Warping...
17:51:59 [WARPING] §7Sending to server mini39CP...
17:51:59 [EMPTY] §8 §r§8 §r§1 §r§3 §r§3 §r§7 §r§8 
17:52:02 [PROFILE_JOIN] §aYou are playing on profile: §eBanana§b (Co-op)
17:52:02 [PROFILE_JOIN] §8Profile ID: b1a71305-1956-42bf-90e4-bce6f7285754
17:52:25 [WARPING] §7Sending to server mini64U...
17:52:25 [EMPTY] §8 §r§8 §r§1 §r§3 §r§3 §r§7 §r§8 
17:52:28 [PROFILE_JOIN] §aYou are playing on profile: §eBanana§b (Co-op)
17:52:28 [PROFILE_JOIN] §8Profile ID: b1a71305-1956-42bf-90e4-bce6f7285754
17:53:53 [WARPING] §7Sending to server mini193BN...
17:53:54 [EMPTY] §8 §r§8 §r§1 §r§3 §r§3 §r§7 §r§8 
17:53:57 [PROFILE_JOIN] §aYou are playing on profile: §eBanana§b (Co-op)
17:53:57 [PROFILE_JOIN] §8Profile ID: b1a71305-1956-42bf-90e4-bce6f7285754
17:54:38 [WARPING] §7Warping...
17:54:38 [WARPING] §7Sending to server mega25D...
17:54:39 [EMPTY] §8 §r§8 §r§1 §r§3 §r§3 §r§7 §r§8 
17:54:41 [PROFILE_JOIN] §aYou are playing on profile: §eBanana§b (Co-op)
17:54:41 [PROFILE_JOIN] §8Profile ID: b1a71305-1956-42bf-90e4-bce6f7285754
17:55:06 [SKYMALL] §bNew day! §r§eYour §r§2Sky Mall §r§ebuff changed!
17:55:06 [SKYMALL] §eNew buff§r§r§r: §r§fReduce Pickaxe Ability cooldown by §r§a20%§r§f.
17:55:06 [SKYMALL] §8§oYou can disable this messaging by toggling Sky Mall in your /hotm!
17:55:31 [WARPING] §7Warping you to your SkyBlock island...
17:55:31 [WARPING] §7Sending to server mini260F...
17:55:32 [EMPTY] §8 §r§8 §r§1 §r§3 §r§3 §r§7 §r§8 
17:55:35 [PROFILE_JOIN] §aYou are playing on profile: §eBanana§b (Co-op)
17:55:35 [PROFILE_JOIN] §8Profile ID: b1a71305-1956-42bf-90e4-bce6f7285754
17:55:48 [WARPING] §7Warping...
17:55:48 [WARPING] §7Sending to server mini146BM...
17:55:48 [EMPTY] §8 §r§8 §r§1 §r§3 §r§3 §r§7 §r§8 
17:55:51 [WARPING] §7Sending to server mini260F...
17:55:52 [EMPTY] §8 §r§8 §r§1 §r§3 §r§3 §r§7 §r§8 
17:55:54 [PROFILE_JOIN] §aYou are playing on profile: §eBanana§b (Co-op)
17:55:54 [PROFILE_JOIN] §8Profile ID: b1a71305-1956-42bf-90e4-bce6f7285754
17:57:49 [WARPING] §7Warping...
17:57:51 [WARPING] §7Sending to server mini192H...
17:57:52 [EMPTY] §8 §r§8 §r§1 §r§3 §r§3 §r§7 §r§8 
17:57:55 [PROFILE_JOIN] §aYou are playing on profile: §eBanana§b (Co-op)
17:57:55 [PROFILE_JOIN] §8Profile ID: b1a71305-1956-42bf-90e4-bce6f7285754
17:57:55 [EMPTY]  
17:57:56 [EMPTY]   
17:58:39 [EMPTY]  
17:58:39 [EMPTY]   
17:59:10 [WARPING] §7Sending to server mini31AE...
17:59:11 [EMPTY] §8 §r§8 §r§1 §r§3 §r§3 §r§7 §r§8 
17:59:14 [PROFILE_JOIN] §aYou are playing on profile: §eBanana§b (Co-op)
17:59:14 [PROFILE_JOIN] §8Profile ID: b1a71305-1956-42bf-90e4-bce6f7285754
18:00:20 [EMPTY] §f
18:00:20 [WATCHDOG] §4[WATCHDOG ANNOUNCEMENT]
18:00:20 [WATCHDOG] §fWatchdog has banned §r§c§l15,520§r§f players in the last 7 days.
18:00:20 [WATCHDOG] §fStaff have banned an additional §r§c§l15,784§r§f in the last 7 days.
18:00:20 [WATCHDOG] §cBlacklisted modifications are a bannable offense!
18:00:20 [WATCHDOG] §c
18:04:12 [GUILD_EXP] §aYou earned §r§2570 GEXP §r§a+ §r§e1,710 Event EXP §r§afrom playing SkyBlock!
18:09:12 [GUILD_EXP] §aYou earned §r§2703 GEXP §r§a+ §r§e2,109 Event EXP §r§afrom playing SkyBlock!
18:11:07 [WARPING] §7Warping...
18:11:07 [WARPING] §7Sending to server mini146DM...
18:11:07 [EMPTY] §8 §r§8 §r§1 §r§3 §r§3 §r§7 §r§8 
18:11:11 [PROFILE_JOIN] §aYou are playing on profile: §eBanana§b (Co-op)
18:11:11 [PROFILE_JOIN] §8Profile ID: b1a71305-1956-42bf-90e4-bce6f7285754
18:11:36 [WARPING] §7Warping you to your SkyBlock island...
18:11:36 [WARPING] §7Sending to server mini1012D...
18:11:37 [EMPTY] §8 §r§8 §r§1 §r§3 §r§3 §r§7 §r§8 
18:11:39 [PROFILE_JOIN] §aYou are playing on profile: §eBanana§b (Co-op)
18:11:40 [PROFILE_JOIN] §8Profile ID: b1a71305-1956-42bf-90e4-bce6f7285754
18:14:16 [WARPING] §7Warping...
18:14:16 [WARPING] §7Sending to server mini147AA...
18:14:17 [EMPTY] §8 §r§8 §r§1 §r§3 §r§3 §r§7 §r§8 
18:14:20 [PROFILE_JOIN] §aYou are playing on profile: §eBanana§b (Co-op)
18:14:20 [PROFILE_JOIN] §8Profile ID: b1a71305-1956-42bf-90e4-bce6f7285754
18:15:00 [SKYMALL] §bNew day! §r§eYour §r§2Sky Mall §r§ebuff changed!
18:15:00 [SKYMALL] §eNew buff§r§r§r: §r§fGain §r§a+50 §r§6☘ Mining Fortune§r§f.
18:15:00 [SKYMALL] §8§oYou can disable this messaging by toggling Sky Mall in your /hotm!
18:15:08 [WARPING] §7Warping you to your SkyBlock island...
18:15:08 [WARPING] §7Sending to server mini16AD...
18:15:09 [EMPTY] §8 §r§8 §r§1 §r§3 §r§3 §r§7 §r§8 
18:15:12 [PROFILE_JOIN] §aYou are playing on profile: §eBanana§b (Co-op)
18:15:12 [PROFILE_JOIN] §8Profile ID: b1a71305-1956-42bf-90e4-bce6f7285754
18:16:09 [EMPTY] 
18:16:09 [EMPTY] 
18:16:29 [WARPING] §7Warping...
18:16:29 [WARPING] §7Sending to server mini64AU...
18:16:29 [EMPTY] §8 §r§8 §r§1 §r§3 §r§3 §r§7 §r§8 
18:16:32 [PROFILE_JOIN] §aYou are playing on profile: §eBanana§b (Co-op)
18:16:32 [PROFILE_JOIN] §8Profile ID: b1a71305-1956-42bf-90e4-bce6f7285754
18:17:05 [WARPING] §7Sending to server mini250H...
18:17:06 [EMPTY] §8 §r§8 §r§1 §r§3 §r§3 §r§7 §r§8 
18:17:09 [PROFILE_JOIN] §aYou are playing on profile: §eBanana§b (Co-op)
18:17:09 [PROFILE_JOIN] §8Profile ID: b1a71305-1956-42bf-90e4-bce6f7285754
18:18:37 [WARPING] §7Warping...
18:18:40 [WARPING] §7Warping...
18:18:40 [WARPING] §7Sending to server mini155BM...
18:18:40 [EMPTY] §8 §r§8 §r§1 §r§3 §r§3 §r§7 §r§8 
18:18:43 [PROFILE_JOIN] §aYou are playing on profile: §eBanana§b (Co-op)
18:18:43 [PROFILE_JOIN] §8Profile ID: b1a71305-1956-42bf-90e4-bce6f7285754
18:19:55 [WARPING] §7Warping you to your SkyBlock island...
18:19:56 [WARPING] §7Sending to server mini192BG...
18:19:57 [EMPTY] §8 §r§8 §r§1 §r§3 §r§3 §r§7 §r§8 
18:19:59 [PROFILE_JOIN] §aYou are playing on profile: §eBanana§b (Co-op)
18:19:59 [PROFILE_JOIN] §8Profile ID: b1a71305-1956-42bf-90e4-bce6f7285754
18:24:58 [GUILD_EXP] §aYou earned §r§2451 GEXP §r§a+ §r§e1,353 Event EXP §r§afrom playing SkyBlock!
18:29:59 [GUILD_EXP] §aYou earned §r§2693 GEXP §r§a+ §r§e2,079 Event EXP §r§afrom playing SkyBlock!
18:35:00 [SKYMALL] §bNew day! §r§eYour §r§2Sky Mall §r§ebuff changed!
18:35:00 [SKYMALL] §eNew buff§r§r§r: §r§fGain §r§a+15% §r§fmore Powder while mining.
18:35:00 [SKYMALL] §8§oYou can disable this messaging by toggling Sky Mall in your /hotm!
18:35:00 [GUILD_EXP] §aYou earned §r§2713 GEXP §r§a+ §r§e2,139 Event EXP §r§afrom playing SkyBlock!
18:36:09 [WARPING] §7Warping...
18:36:09 [WARPING] §7Sending to server mini9BP...
18:36:10 [EMPTY] §8 §r§8 §r§1 §r§3 §r§3 §r§7 §r§8 
18:36:13 [PROFILE_JOIN] §aYou are playing on profile: §eBanana§b (Co-op)
18:36:13 [PROFILE_JOIN] §8Profile ID: b1a71305-1956-42bf-90e4-bce6f7285754
18:36:24 [WARPING] §7Warping you to your SkyBlock island...
18:36:25 [WARPING] §7Sending to server mini1011U...
18:36:25 [EMPTY] §8 §r§8 §r§1 §r§3 §r§3 §r§7 §r§8 
18:36:28 [PROFILE_JOIN] §aYou are playing on profile: §eBanana§b (Co-op)
18:36:28 [PROFILE_JOIN] §8Profile ID: b1a71305-1956-42bf-90e4-bce6f7285754
18:40:30 [EMPTY]  
18:40:30 [EMPTY]   
18:40:34 [WARPING] §7Warping...
18:40:34 [WARPING] §7Sending to server mini63AN...
18:40:34 [EMPTY] §8 §r§8 §r§1 §r§3 §r§3 §r§7 §r§8 
18:40:38 [PROFILE_JOIN] §aYou are playing on profile: §eBanana§b (Co-op)
18:40:38 [PROFILE_JOIN] §8Profile ID: b1a71305-1956-42bf-90e4-bce6f7285754
18:40:38 [EMPTY]  
18:40:38 [EMPTY]   
18:41:14 [EMPTY]  
18:41:14 [EMPTY]   
18:42:15 [EMPTY]  
18:42:15 [EMPTY]   
18:43:21 [WARPING] §7Warping you to your SkyBlock island...
18:43:21 [WARPING] §7Sending to server mini10S...
18:43:22 [EMPTY] §8 §r§8 §r§1 §r§3 §r§3 §r§7 §r§8 
18:43:25 [PROFILE_JOIN] §aYou are playing on profile: §eBanana§b (Co-op)
18:43:25 [PROFILE_JOIN] §8Profile ID: b1a71305-1956-42bf-90e4-bce6f7285754
18:45:26 [EMPTY]  
18:45:26 [EMPTY]   
18:46:26 [EMPTY]  
18:46:26 [EMPTY]   
18:47:26 [EMPTY]  
18:47:26 [EMPTY]   
18:48:22 [GUILD_EXP] §aYou earned §r§2551 GEXP §r§a+ §r§e1,653 Event EXP §r§afrom playing SkyBlock!
18:51:37 [WARPING] §7Warping...
18:51:40 [WARPING] §7Sending to server mini64AB...
18:51:40 [EMPTY] §8 §r§8 §r§1 §r§3 §r§3 §r§7 §r§8 
18:51:43 [PROFILE_JOIN] §aYou are playing on profile: §eBanana§b (Co-op)
18:51:43 [PROFILE_JOIN] §8Profile ID: b1a71305-1956-42bf-90e4-bce6f7285754
18:51:58 [WARPING] §7Warping...
18:52:00 [WARPING] §7Sending to server mini68DT...
18:52:01 [EMPTY] §8 §r§8 §r§1 §r§3 §r§3 §r§7 §r§8 
18:52:04 [PROFILE_JOIN] §aYou are playing on profile: §eBanana§b (Co-op)
18:52:04 [PROFILE_JOIN] §8Profile ID: b1a71305-1956-42bf-90e4-bce6f7285754
18:55:00 [SKYMALL] §bNew day! §r§eYour §r§2Sky Mall §r§ebuff changed!
18:55:00 [SKYMALL] §eNew buff§r§r§r: §r§fGain §r§a+100 §r§6⸕ Mining Speed§r§f.
18:55:00 [SKYMALL] §8§oYou can disable this messaging by toggling Sky Mall in your /hotm!
18:55:00 [EMPTY] 
18:57:01 [GUILD_EXP] §aYou earned §r§2513 GEXP §r§a+ §r§e1,539 Event EXP §r§afrom playing SkyBlock!
19:01:56 [WARPING] §7Warping...
19:01:59 [WARPING] §7Sending to server mini63AA...
19:01:59 [EMPTY] §8 §r§8 §r§1 §r§3 §r§3 §r§7 §r§8 
19:02:02 [PROFILE_JOIN] §aYou are playing on profile: §eBanana§b (Co-op)
19:02:02 [PROFILE_JOIN] §8Profile ID: b1a71305-1956-42bf-90e4-bce6f7285754
19:03:29 [WARPING] §7Warping you to your SkyBlock island...
19:03:30 [WARPING] §7Sending to server mini9BN...
19:03:31 [EMPTY] §8 §r§8 §r§1 §r§3 §r§3 §r§7 §r§8 
19:03:34 [PROFILE_JOIN] §aYou are playing on profile: §eBanana§b (Co-op)
19:03:34 [PROFILE_JOIN] §8Profile ID: b1a71305-1956-42bf-90e4-bce6f7285754
19:08:31 [GUILD_EXP] §aYou earned §r§2595 GEXP §r§a+ §r§e1,785 Event EXP §r§afrom playing SkyBlock!
19:13:10 [WARPING] §7Warping...
19:13:16 [WARPING] §7Sending to server mini154W...
19:13:17 [EMPTY] §8 §r§8 §r§1 §r§3 §r§3 §r§7 §r§8 
19:13:20 [PROFILE_JOIN] §aYou are playing on profile: §eBanana§b (Co-op)
19:13:20 [PROFILE_JOIN] §8Profile ID: b1a71305-1956-42bf-90e4-bce6f7285754
19:13:36 [WARPING] §7Warping you to your SkyBlock island...
19:13:36 [WARPING] §7Sending to server mini98AA...
19:13:37 [EMPTY] §8 §r§8 §r§1 §r§3 §r§3 §r§7 §r§8 
19:13:40 [PROFILE_JOIN] §aYou are playing on profile: §eBanana§b (Co-op)
19:13:40 [PROFILE_JOIN] §8Profile ID: b1a71305-1956-42bf-90e4-bce6f7285754
19:15:01 [SKYMALL] §bNew day! §r§eYour §r§2Sky Mall §r§ebuff changed!
19:15:01 [SKYMALL] §eNew buff§r§r§r: §r§fReduce Pickaxe Ability cooldown by §r§a20%§r§f.
19:15:01 [SKYMALL] §8§oYou can disable this messaging by toggling Sky Mall in your /hotm!
19:18:04 [WARPING] §7Warping...
19:18:38 [GUILD_EXP] §aYou earned §r§2593 GEXP §r§a+ §r§e1,779 Event EXP §r§afrom playing SkyBlock!
19:19:04 [WARPING] §7Warping...
19:19:04 [WARPING] §7Sending to server mini10CT...
19:19:04 [EMPTY] §8 §r§8 §r§1 §r§3 §r§3 §r§7 §r§8 
19:19:07 [PROFILE_JOIN] §aYou are playing on profile: §eBanana§b (Co-op)
19:19:07 [PROFILE_JOIN] §8Profile ID: b1a71305-1956-42bf-90e4-bce6f7285754
19:19:33 [WARPING] §7Warping you to your SkyBlock island...
19:19:33 [WARPING] §7Sending to server mini61DF...
19:19:34 [EMPTY] §8 §r§8 §r§1 §r§3 §r§3 §r§7 §r§8 
19:19:36 [PROFILE_JOIN] §aYou are playing on profile: §eBanana§b (Co-op)
19:19:36 [PROFILE_JOIN] §8Profile ID: b1a71305-1956-42bf-90e4-bce6f7285754
19:24:34 [GUILD_EXP] §aYou earned §r§2593 GEXP §r§a+ §r§e1,779 Event EXP §r§afrom playing SkyBlock!
19:25:34 [EMPTY] 
19:25:34 [EMPTY] 
19:29:35 [GUILD_EXP] §aYou earned §r§2750 GEXP §r§a+ §r§e2,250 Event EXP §r§afrom playing SkyBlock!
19:30:00 [WARPING] §7Warping...
19:30:00 [WARPING] §7Sending to server mini81AR...
19:30:01 [EMPTY] §8 §r§8 §r§1 §r§3 §r§3 §r§7 §r§8 
19:30:04 [PROFILE_JOIN] §aYou are playing on profile: §eBanana§b (Co-op)
19:30:04 [PROFILE_JOIN] §8Profile ID: b1a71305-1956-42bf-90e4-bce6f7285754
19:30:37 [WARPING] §7Warping you to your SkyBlock island...
19:30:37 [WARPING] §7Sending to server mini65CM...
19:30:38 [EMPTY] §8 §r§8 §r§1 §r§3 §r§3 §r§7 §r§8 
19:30:41 [PROFILE_JOIN] §aYou are playing on profile: §eBanana§b (Co-op)
19:30:41 [PROFILE_JOIN] §8Profile ID: b1a71305-1956-42bf-90e4-bce6f7285754
19:31:05 [WARPING] §7Warping...
19:31:06 [WARPING] §7Sending to server mini27AR...
19:31:06 [EMPTY] §8 §r§8 §r§1 §r§3 §r§3 §r§7 §r§8 
19:31:09 [PROFILE_JOIN] §aYou are playing on profile: §eBanana§b (Co-op)
19:31:09 [PROFILE_JOIN] §8Profile ID: b1a71305-1956-42bf-90e4-bce6f7285754
19:33:44 [GUILD_EXP] §aYou earned §r§283 GEXP §r§a+ §r§e249 Event EXP §r§afrom playing SkyBlock!
19:35:01 [SKYMALL] §bNew day! §r§eYour §r§2Sky Mall §r§ebuff changed!
19:35:01 [SKYMALL] §eNew buff§r§r§r: §r§fGain §r§a5x §r§9Titanium §r§fdrops
19:35:01 [SKYMALL] §8§oYou can disable this messaging by toggling Sky Mall in your /hotm!
19:35:07 [WARPING] §7Warping you to your SkyBlock island...
19:35:07 [WARPING] §7Sending to server mini198DP...
19:35:08 [EMPTY] §8 §r§8 §r§1 §r§3 §r§3 §r§7 §r§8 
19:35:11 [PROFILE_JOIN] §aYou are playing on profile: §eBanana§b (Co-op)
19:35:11 [PROFILE_JOIN] §8Profile ID: b1a71305-1956-42bf-90e4-bce6f7285754
19:39:33 [WARPING] §7Warping...
19:39:35 [WARPING] §7Sending to server mini1028J...
19:39:35 [EMPTY] §8 §r§8 §r§1 §r§3 §r§3 §r§7 §r§8 
19:39:39 [PROFILE_JOIN] §aYou are playing on profile: §eBanana§b (Co-op)
19:39:39 [PROFILE_JOIN] §8Profile ID: b1a71305-1956-42bf-90e4-bce6f7285754
19:39:57 [WARPING] §7Warping you to your SkyBlock island...
19:39:57 [WARPING] §7Sending to server mini94AJ...
19:39:58 [EMPTY] §8 §r§8 §r§1 §r§3 §r§3 §r§7 §r§8 
19:40:01 [PROFILE_JOIN] §aYou are playing on profile: §eBanana§b (Co-op)
19:40:01 [PROFILE_JOIN] §8Profile ID: b1a71305-1956-42bf-90e4-bce6f7285754
19:45:00 [GUILD_EXP] §aYou earned §r§2478 GEXP §r§a+ §r§e1,434 Event EXP §r§afrom playing SkyBlock!
19:46:31 [WARPING] §7Warping...
19:46:34 [WARPING] §7Sending to server mini93CR...
19:46:34 [EMPTY] §8 §r§8 §r§1 §r§3 §r§3 §r§7 §r§8 
19:46:37 [PROFILE_JOIN] §aYou are playing on profile: §eBanana§b (Co-op)
19:46:37 [PROFILE_JOIN] §8Profile ID: b1a71305-1956-42bf-90e4-bce6f7285754
19:47:03 [WARPING] §7Warping you to your SkyBlock island...
19:47:03 [WARPING] §7Sending to server mini181C...
19:47:04 [EMPTY] §8 §r§8 §r§1 §r§3 §r§3 §r§7 §r§8 
19:47:07 [PROFILE_JOIN] §aYou are playing on profile: §eBanana§b (Co-op)
19:47:07 [PROFILE_JOIN] §8Profile ID: b1a71305-1956-42bf-90e4-bce6f7285754
19:49:08 [WARPING] §7Warping...
19:49:08 [WARPING] §7Sending to server mini28DH...
19:49:09 [EMPTY] §8 §r§8 §r§1 §r§3 §r§3 §r§7 §r§8 
19:49:12 [PROFILE_JOIN] §aYou are playing on profile: §eBanana§b (Co-op)
19:49:12 [PROFILE_JOIN] §8Profile ID: b1a71305-1956-42bf-90e4-bce6f7285754
19:49:42 [WARPING] §7Sending to server mini100CP...
19:49:43 [EMPTY] §8 §r§8 §r§1 §r§3 §r§3 §r§7 §r§8 
19:49:45 [PROFILE_JOIN] §aYou are playing on profile: §eBanana§b (Co-op)
19:49:45 [PROFILE_JOIN] §8Profile ID: b1a71305-1956-42bf-90e4-bce6f7285754
19:54:40 [WARPING] §7Warping...
19:54:42 [WARPING] §7Sending to server mini88G...
19:54:43 [EMPTY] §8 §r§8 §r§1 §r§3 §r§3 §r§7 §r§8 
19:54:46 [PROFILE_JOIN] §aYou are playing on profile: §eBanana§b (Co-op)
19:54:46 [PROFILE_JOIN] §8Profile ID: b1a71305-1956-42bf-90e4-bce6f7285754
19:55:01 [SKYMALL] §bNew day! §r§eYour §r§2Sky Mall §r§ebuff changed!
19:55:01 [SKYMALL] §eNew buff§r§r§r: §r§fGain §r§a+100 §r§6⸕ Mining Speed§r§f.
19:55:01 [SKYMALL] §8§oYou can disable this messaging by toggling Sky Mall in your /hotm!
19:55:45 [WARPING] §7Warping you to your SkyBlock island...
19:55:45 [WARPING] §7Sending to server mini96DV...
19:55:46 [EMPTY] §8 §r§8 §r§1 §r§3 §r§3 §r§7 §r§8 
19:55:49 [PROFILE_JOIN] §aYou are playing on profile: §eBanana§b (Co-op)
19:55:49 [PROFILE_JOIN] §8Profile ID: b1a71305-1956-42bf-90e4-bce6f7285754
19:59:49 [WARPING] §7Sending to server mini1022C...
19:59:49 [EMPTY] §8 §r§8 §r§1 §r§3 §r§3 §r§7 §r§8 
19:59:52 [PROFILE_JOIN] §aYou are playing on profile: §eBanana§b (Co-op)
19:59:52 [PROFILE_JOIN] §8Profile ID: b1a71305-1956-42bf-90e4-bce6f7285754
20:00:20 [EMPTY] §f
20:00:20 [WATCHDOG] §4[WATCHDOG ANNOUNCEMENT]
20:00:20 [WATCHDOG] §fWatchdog has banned §r§c§l15,535§r§f players in the last 7 days.
20:00:20 [WATCHDOG] §fStaff have banned an additional §r§c§l15,719§r§f in the last 7 days.
20:00:20 [WATCHDOG] §cBlacklisted modifications are a bannable offense!
20:00:20 [WATCHDOG] §c
20:01:56 [WARPING] §7Warping...
20:02:27 [WARPING] §7Warping you to your SkyBlock island...
20:02:28 [WARPING] §7Sending to server mini144CP...
20:02:29 [EMPTY] §8 §r§8 §r§1 §r§3 §r§3 §r§7 §r§8 
20:02:31 [PROFILE_JOIN] §aYou are playing on profile: §eBanana§b (Co-op)
20:02:31 [PROFILE_JOIN] §8Profile ID: b1a71305-1956-42bf-90e4-bce6f7285754
20:07:30 [GUILD_EXP] §aYou earned §r§2583 GEXP §r§a+ §r§e1,749 Event EXP §r§afrom playing SkyBlock!
20:09:05 [WARPING] §7Warping...
20:09:05 [WARPING] §7Sending to server mini1002R...
20:09:05 [EMPTY] §8 §r§8 §r§1 §r§3 §r§3 §r§7 §r§8 
20:09:08 [PROFILE_JOIN] §aYou are playing on profile: §eBanana§b (Co-op)
20:09:08 [PROFILE_JOIN] §8Profile ID: b1a71305-1956-42bf-90e4-bce6f7285754
20:10:11 [WARPING] §7Warping you to your SkyBlock island...
20:10:11 [WARPING] §7Sending to server mini149CU...
20:10:12 [EMPTY] §8 §r§8 §r§1 §r§3 §r§3 §r§7 §r§8 
20:10:15 [PROFILE_JOIN] §aYou are playing on profile: §eBanana§b (Co-op)
20:10:15 [PROFILE_JOIN] §8Profile ID: b1a71305-1956-42bf-90e4-bce6f7285754
20:12:17 [EMPTY]  
20:12:17 [EMPTY]   
20:14:55 [WARPING] §7Warping...
20:14:55 [WARPING] §7Sending to server mini62CA...
20:14:56 [EMPTY] §8 §r§8 §r§1 §r§3 §r§3 §r§7 §r§8 
20:14:59 [PROFILE_JOIN] §aYou are playing on profile: §eBanana§b (Co-op)
20:14:59 [PROFILE_JOIN] §8Profile ID: b1a71305-1956-42bf-90e4-bce6f7285754
20:15:05 [SKYMALL] §bNew day! §r§eYour §r§2Sky Mall §r§ebuff changed!
20:15:05 [SKYMALL] §eNew buff§r§r§r: §r§fReduce Pickaxe Ability cooldown by §r§a20%§r§f.
20:15:05 [SKYMALL] §8§oYou can disable this messaging by toggling Sky Mall in your /hotm!
20:15:40 [WARPING] §7Sending to server mini25BH...
20:15:40 [EMPTY] §8 §r§8 §r§1 §r§3 §r§3 §r§7 §r§8 
20:15:43 [PROFILE_JOIN] §aYou are playing on profile: §eBanana§b (Co-op)
20:15:43 [PROFILE_JOIN] §8Profile ID: b1a71305-1956-42bf-90e4-bce6f7285754
20:20:40 [GUILD_EXP] §aYou earned §r§2578 GEXP §r§a+ §r§e1,734 Event EXP §r§afrom playing SkyBlock!
20:22:42 [WARPING] §7Warping...
20:22:42 [WARPING] §7Sending to server mini84CA...
20:22:43 [EMPTY] §8 §r§8 §r§1 §r§3 §r§3 §r§7 §r§8 
20:22:46 [PROFILE_JOIN] §aYou are playing on profile: §eBanana§b (Co-op)
20:22:46 [PROFILE_JOIN] §8Profile ID: b1a71305-1956-42bf-90e4-bce6f7285754
20:23:46 [WARPING] §7Sending to server mini24R...
20:23:46 [EMPTY] §8 §r§8 §r§1 §r§3 §r§3 §r§7 §r§8 
20:23:49 [PROFILE_JOIN] §aYou are playing on profile: §eBanana§b (Co-op)
20:23:49 [PROFILE_JOIN] §8Profile ID: b1a71305-1956-42bf-90e4-bce6f7285754
20:25:32 [WARPING] §7Warping...
20:25:32 [WARPING] §7Sending to server mini88BW...
20:25:33 [EMPTY] §8 §r§8 §r§1 §r§3 §r§3 §r§7 §r§8 
20:25:36 [PROFILE_JOIN] §aYou are playing on profile: §eBanana§b (Co-op)
20:25:36 [PROFILE_JOIN] §8Profile ID: b1a71305-1956-42bf-90e4-bce6f7285754
20:25:49 [WARPING] §7Warping you to your SkyBlock island...
20:25:49 [WARPING] §7Sending to server mini83G...
20:25:50 [EMPTY] §8 §r§8 §r§1 §r§3 §r§3 §r§7 §r§8 
20:25:53 [PROFILE_JOIN] §aYou are playing on profile: §eBanana§b (Co-op)
20:25:53 [PROFILE_JOIN] §8Profile ID: b1a71305-1956-42bf-90e4-bce6f7285754
20:29:34 [WARPING] §7Warping...
20:29:36 [WARPING] §7Sending to server mini13BJ...
20:29:37 [EMPTY] §8 §r§8 §r§1 §r§3 §r§3 §r§7 §r§8 
20:29:40 [PROFILE_JOIN] §aYou are playing on profile: §eBanana§b (Co-op)
20:29:40 [PROFILE_JOIN] §8Profile ID: b1a71305-1956-42bf-90e4-bce6f7285754
20:29:54 [WARPING] §7Sending to server mini40AU...
20:29:55 [EMPTY] §8 §r§8 §r§1 §r§3 §r§3 §r§7 §r§8 
20:29:58 [PROFILE_JOIN] §aYou are playing on profile: §eBanana§b (Co-op)
20:29:58 [PROFILE_JOIN] §8Profile ID: b1a71305-1956-42bf-90e4-bce6f7285754
20:30:17 [WARPING] §7Warping...
20:30:17 [WARPING] §7Sending to server mini72R...
20:30:17 [EMPTY] §8 §r§8 §r§1 §r§3 §r§3 §r§7 §r§8 
20:30:20 [PROFILE_JOIN] §aYou are playing on profile: §eBanana§b (Co-op)
20:30:20 [PROFILE_JOIN] §8Profile ID: b1a71305-1956-42bf-90e4-bce6f7285754
20:32:05 [GUILD_EXP] §aYou earned §r§273 GEXP §r§a+ §r§e219 Event EXP §r§afrom playing SkyBlock!
20:35:01 [SKYMALL] §bNew day! §r§eYour §r§2Sky Mall §r§ebuff changed!
20:35:01 [SKYMALL] §eNew buff§r§r§r: §r§fReduce Pickaxe Ability cooldown by §r§a20%§r§f.
20:35:01 [SKYMALL] §8§oYou can disable this messaging by toggling Sky Mall in your /hotm!
20:37:07 [GUILD_EXP] §aYou earned §r§255 GEXP §r§a+ §r§e165 Event EXP §r§afrom playing SkyBlock!
20:42:11 [GUILD_EXP] §aYou earned §r§271 GEXP §r§a+ §r§e213 Event EXP §r§afrom playing SkyBlock!
20:47:15 [GUILD_EXP] §aYou earned §r§2188 GEXP §r§a+ §r§e564 Event EXP §r§afrom playing SkyBlock!
20:52:18 [GUILD_EXP] §aYou earned §r§2492 GEXP §r§a+ §r§e1,476 Event EXP §r§afrom playing SkyBlock!
20:55:01 [SKYMALL] §bNew day! §r§eYour §r§2Sky Mall §r§ebuff changed!
20:55:01 [SKYMALL] §eNew buff§r§r§r: §r§fReduce Pickaxe Ability cooldown by §r§a20%§r§f.
20:55:01 [SKYMALL] §8§oYou can disable this messaging by toggling Sky Mall in your /hotm!
20:57:21 [GUILD_EXP] §aYou earned §r§275 GEXP §r§a+ §r§e225 Event EXP §r§afrom playing SkyBlock!
21:00:23 [EMPTY] 
21:00:23 [EMPTY] 
21:02:25 [GUILD_EXP] §aYou earned §r§2396 GEXP §r§a+ §r§e1,188 Event EXP §r§afrom playing SkyBlock!
21:05:01 [WARPING] §7Warping...
21:07:29 [GUILD_EXP] §aYou earned §r§2484 GEXP §r§a+ §r§e1,452 Event EXP §r§afrom playing SkyBlock!
21:10:37 [WARPING] §7Warping...
21:12:33 [GUILD_EXP] §aYou earned §r§2476 GEXP §r§a+ §r§e1,428 Event EXP §r§afrom playing SkyBlock!
21:13:03 [WARPING] §7Sending to server mini200CN...
21:13:03 [EMPTY] §8 §r§8 §r§1 §r§3 §r§3 §r§7 §r§8 
21:13:06 [PROFILE_JOIN] §aYou are playing on profile: §eBanana§b (Co-op)
21:13:06 [PROFILE_JOIN] §8Profile ID: b1a71305-1956-42bf-90e4-bce6f7285754
21:13:21 [WARPING] §7Warping...
21:13:21 [WARPING] §7Sending to server mini182AU...
21:13:21 [EMPTY] §8 §r§8 §r§1 §r§3 §r§3 §r§7 §r§8 
21:13:24 [PROFILE_JOIN] §aYou are playing on profile: §eBanana§b (Co-op)
21:13:24 [PROFILE_JOIN] §8Profile ID: b1a71305-1956-42bf-90e4-bce6f7285754
21:13:49 [WARPING] §7Warping you to your SkyBlock island...
21:13:49 [WARPING] §7Sending to server mini233N...
21:13:50 [EMPTY] §8 §r§8 §r§1 §r§3 §r§3 §r§7 §r§8 
21:13:52 [WARPING] §7Sending to server mini71DW...
21:13:53 [EMPTY] §8 §r§8 §r§1 §r§3 §r§3 §r§7 §r§8 
21:13:56 [PROFILE_JOIN] §aYou are playing on profile: §eBanana§b (Co-op)
21:13:56 [PROFILE_JOIN] §8Profile ID: b1a71305-1956-42bf-90e4-bce6f7285754
21:15:01 [SKYMALL] §bNew day! §r§eYour §r§2Sky Mall §r§ebuff changed!
21:15:01 [SKYMALL] §eNew buff§r§r§r: §r§fReduce Pickaxe Ability cooldown by §r§a20%§r§f.
21:15:01 [SKYMALL] §8§oYou can disable this messaging by toggling Sky Mall in your /hotm!
21:15:55 [GUILD_EXP] §aYou earned §r§280 GEXP §r§a+ §r§e240 Event EXP §r§afrom playing SkyBlock!
21:15:59 [WARPING] §7Warping...
21:15:59 [WARPING] §7Sending to server mini74AW...
21:16:00 [EMPTY] §8 §r§8 §r§1 §r§3 §r§3 §r§7 §r§8 
21:16:03 [PROFILE_JOIN] §aYou are playing on profile: §eBanana§b (Co-op)
21:16:03 [PROFILE_JOIN] §8Profile ID: b1a71305-1956-42bf-90e4-bce6f7285754
21:21:03 [WARPING] §7Warping...
21:21:04 [WARPING] §7Sending to server mini28CS...
21:21:04 [EMPTY] §8 §r§8 §r§1 §r§3 §r§3 §r§7 §r§8 
21:21:07 [PROFILE_JOIN] §aYou are playing on profile: §eBanana§b (Co-op)
21:21:07 [PROFILE_JOIN] §8Profile ID: b1a71305-1956-42bf-90e4-bce6f7285754
21:21:27 [WARPING] §7Warping...
21:21:27 [WARPING] §7Sending to server mini92CJ...
21:21:28 [EMPTY] §8 §r§8 §r§1 §r§3 §r§3 §r§7 §r§8 
21:21:31 [PROFILE_JOIN] §aYou are playing on profile: §eBanana§b (Co-op)
21:21:31 [PROFILE_JOIN] §8Profile ID: b1a71305-1956-42bf-90e4-bce6f7285754
21:22:16 [WARPING] §7Warping...
21:22:16 [WARPING] §7Sending to server mini151CE...
21:22:17 [EMPTY] §8 §r§8 §r§1 §r§3 §r§3 §r§7 §r§8 
21:22:20 [PROFILE_JOIN] §aYou are playing on profile: §eBanana§b (Co-op)
21:22:20 [PROFILE_JOIN] §8Profile ID: b1a71305-1956-42bf-90e4-bce6f7285754
21:23:35 [EMPTY]  
21:23:35 [EMPTY]  
21:23:35 [EMPTY]  
21:27:36 [EMPTY] §f §r§r§r§f §r§r§r§1 §r§r§r§0 §r§r§r§2 §r§r§r§f §r§r§r§f §r§r§r§2 §r§r§r§0 §r§r§r§4 §r§r§r§3 §r§r§r§9 §r§r§r§2 §r§r§r§0 §r§r§r§0 §r§r§r§3 §r§r§r§9 §r§r§r§2 §r§r§r§0 §r§r§r§0 §r§r§r§3 §r§r§r§9 §r§r§r§2 §r§r§r§0 §r§r§r§0 
21:27:36 [LOBBY] §b✦ §r§7You earned §r§b101 §r§7Mystery Dust!
21:27:36 [LOBBY] §b[MVP§f+§b] Sebbebas§f §6joined the lobby!
21:27:38 [LOBBY] §b[MVP§4+§b] ElevenThousand§f §6joined the lobby!
21:27:38 [LOBBY]   §r§f§l➤ §r§6You have reached your Hype limit! Add Hype to Prototype Lobby minigames by right-clicking with the Hype Diamond!
21:27:38 [LOBBY] §b[MVP§3+§b] netherportal3§f §6joined the lobby!
21:27:39 [LOBBY] §b[MVP§a+§b] OtterlyOwen§f §6joined the lobby!
21:27:41 [LOBBY] §b[MVP§c+§b] Juanmotas69§f §6joined the lobby!
21:27:42 [LOBBY] §b[MVP§d+§b] hididei§f §6joined the lobby!
21:27:43 [LOBBY] §b[MVP§2+§b] Moritz2021§f §6joined the lobby!
21:27:47 [LOBBY]  §b>§c>§a>§r §r§b[MVP§3++§b] Pignos§f §6joined the lobby!§r §a<§c<§b<
21:27:48 [LOBBY] §b[MVP§c+§b] ultratf_§f §6joined the lobby!
21:27:49 [LOBBY]  §b>§c>§a>§r §r§6[MVP§c++§6] CBomb08§f §6joined the lobby!§r §a<§c<§b<
21:27:52 [LOBBY] §b[MVP§d+§b] Cnosso_§f §6joined the lobby!
21:27:52 [LOBBY] §b[MVP§c+§b] Hexodus§f §6joined the lobby!
21:27:54 [LOBBY] §b[MVP§c+§b] DontReadThat§f §6joined the lobby!
21:27:54 [LOBBY] §b[MVP§e+§b] T0mma§f §6joined the lobby!
21:27:54 [WARPING] §7Sending to server mini65D...
21:27:55 [EMPTY] §8 §r§8 §r§1 §r§3 §r§3 §r§7 §r§8 
21:27:57 [EMPTY] 
21:27:57 [WELCOME] §eWelcome to §r§aHypixel SkyBlock§r§e!
21:27:57 [EMPTY] 
21:27:58 [PROFILE_JOIN] §aYou are playing on profile: §eBanana§b (Co-op)
21:27:58 [PROFILE_JOIN] §8Profile ID: b1a71305-1956-42bf-90e4-bce6f7285754
21:28:07 [WARPING] §7Warping...
21:28:07 [WARPING] §7Sending to server mini144P...
21:28:07 [EMPTY] §8 §r§8 §r§1 §r§3 §r§3 §r§7 §r§8 
21:28:11 [PROFILE_JOIN] §aYou are playing on profile: §eBanana§b (Co-op)
21:28:11 [PROFILE_JOIN] §8Profile ID: b1a71305-1956-42bf-90e4-bce6f7285754
21:28:33 [EMPTY] 
21:31:16 [GUILD_EXP] §aYou earned §r§2146 GEXP §r§a+ §r§e438 Event EXP §r§afrom playing SkyBlock!
21:31:29 [POWDER_MINING] §aYou uncovered a treasure chest!
21:31:33 [POWDER_MINING] §6You have successfully picked the lock on this chest!
21:31:33 [EMPTY] 
21:31:48 [EMPTY] 
21:32:23 [POWDER_MINING] §aYou uncovered a treasure chest!
21:32:26 [POWDER_MINING] §6You have successfully picked the lock on this chest!
21:32:26 [EMPTY] 
21:32:28 [POWDER_MINING] §aYou uncovered a treasure chest!
21:32:31 [POWDER_MINING] §6You have successfully picked the lock on this chest!
21:32:31 [EMPTY] 
21:32:33 [POWDER_MINING] §aYou uncovered a treasure chest!
21:32:37 [POWDER_MINING] §6You have successfully picked the lock on this chest!
21:32:37 [EMPTY] 
21:32:51 [POWDER_MINING] §aYou uncovered a treasure chest!
21:32:54 [POWDER_MINING] §6You have successfully picked the lock on this chest!
21:32:54 [EMPTY] 
21:32:57 [POWDER_MINING] §aYou uncovered a treasure chest!
21:33:00 [POWDER_MINING] §6You have successfully picked the lock on this chest!
21:33:00 [EMPTY] 
21:33:14 [POWDER_MINING] §aYou uncovered a treasure chest!
21:33:16 [POWDER_MINING] §aYou uncovered a treasure chest!
21:33:20 [POWDER_MINING] §6You have successfully picked the lock on this chest!
21:33:20 [EMPTY] 
21:33:26 [POWDER_MINING] §6You have successfully picked the lock on this chest!
21:33:26 [EMPTY] 
21:33:38 [EMPTY] §f                                        
21:33:53 [POWDER_MINING] §aYou uncovered a treasure chest!
21:33:56 [POWDER_MINING] §6You have successfully picked the lock on this chest!
21:33:56 [EMPTY] 
21:33:58 [POWDER_MINING] §aYou uncovered a treasure chest!
21:34:01 [POWDER_MINING] §6You have successfully picked the lock on this chest!
21:34:01 [EMPTY] 
21:34:17 [POWDER_MINING] §aYou uncovered a treasure chest!
21:34:21 [POWDER_MINING] §6You have successfully picked the lock on this chest!
21:34:21 [EMPTY] 
21:34:27 [POWDER_MINING] §aYou uncovered a treasure chest!
21:34:30 [POWDER_MINING] §aYou uncovered a treasure chest!
21:34:33 [POWDER_MINING] §6You have successfully picked the lock on this chest!
21:34:33 [EMPTY] 
21:34:35 [POWDER_MINING] §6You have successfully picked the lock on this chest!
21:34:35 [EMPTY] 
21:35:08 [POWDER_MINING] §aYou uncovered a treasure chest!
21:35:12 [POWDER_MINING] §6You have successfully picked the lock on this chest!
21:35:12 [EMPTY] 
21:35:47 [POWDER_MINING] §aYou uncovered a treasure chest!
21:35:56 [POWDER_MINING] §6You have successfully picked the lock on this chest!
21:35:56 [EMPTY] 
21:36:03 [POWDER_MINING] §aYou uncovered a treasure chest!
21:36:07 [POWDER_MINING] §6You have successfully picked the lock on this chest!
21:36:07 [EMPTY] 
21:36:19 [GUILD_EXP] §aYou earned §r§2653 GEXP §r§a+ §r§e1,959 Event EXP §r§afrom playing SkyBlock!
21:36:32 [POWDER_MINING] §aYou uncovered a treasure chest!
21:36:42 [POWDER_MINING] §6You have successfully picked the lock on this chest!
21:36:42 [EMPTY] 
21:36:51 [POWDER_MINING] §aYou uncovered a treasure chest!
21:36:52 [POWDER_MINING] §aYou uncovered a treasure chest!
21:36:55 [POWDER_MINING] §6You have successfully picked the lock on this chest!
21:36:55 [EMPTY] 
21:37:12 [POWDER_MINING] §aYou uncovered a treasure chest!
21:37:16 [POWDER_MINING] §6You have successfully picked the lock on this chest!
21:37:16 [EMPTY] 
21:37:21 [POWDER_MINING] §aYou uncovered a treasure chest!
21:37:26 [POWDER_MINING] §6You have successfully picked the lock on this chest!
21:37:26 [EMPTY] 
21:37:30 [POWDER_MINING] §aYou uncovered a treasure chest!
21:37:38 [POWDER_MINING] §6You have successfully picked the lock on this chest!
21:37:38 [EMPTY] 
21:38:13 [POWDER_MINING] §aYou uncovered a treasure chest!
21:38:17 [POWDER_MINING] §6You have successfully picked the lock on this chest!
21:38:17 [EMPTY] 
21:38:19 [POWDER_MINING] §aYou uncovered a treasure chest!
21:38:24 [POWDER_MINING] §6You have successfully picked the lock on this chest!
21:38:24 [EMPTY] 
21:38:33 [POWDER_MINING] §aYou uncovered a treasure chest!
21:38:36 [POWDER_MINING] §6You have successfully picked the lock on this chest!
21:38:36 [EMPTY] 
21:38:39 [POWDER_MINING] §aYou uncovered a treasure chest!
21:38:42 [POWDER_MINING] §6You have successfully picked the lock on this chest!
21:38:42 [EMPTY] 
21:38:51 [POWDER_MINING] §aYou uncovered a treasure chest!
21:38:54 [POWDER_MINING] §6You have successfully picked the lock on this chest!
21:38:54 [EMPTY] 
21:39:00 [POWDER_MINING] §aYou uncovered a treasure chest!
21:39:04 [POWDER_MINING] §6You have successfully picked the lock on this chest!
21:39:04 [EMPTY] 
21:39:11 [POWDER_MINING] §aYou uncovered a treasure chest!
21:39:17 [POWDER_MINING] §6You have successfully picked the lock on this chest!
21:39:17 [EMPTY] 
21:39:29 [POWDER_MINING] §aYou uncovered a treasure chest!
21:39:39 [POWDER_MINING] §6You have successfully picked the lock on this chest!
21:39:39 [EMPTY] 
21:40:07 [POWDER_MINING] §aYou uncovered a treasure chest!
21:40:15 [POWDER_MINING] §aYou uncovered a treasure chest!
21:40:18 [POWDER_MINING] §aYou uncovered a treasure chest!
21:40:21 [POWDER_MINING] §6You have successfully picked the lock on this chest!
21:40:21 [EMPTY] 
21:40:45 [POWDER_MINING] §aYou uncovered a treasure chest!
21:40:49 [POWDER_MINING] §6You have successfully picked the lock on this chest!
21:40:49 [EMPTY] 
21:41:07 [POWDER_MINING] §aYou uncovered a treasure chest!
21:41:12 [POWDER_MINING] §6You have successfully picked the lock on this chest!
21:41:12 [EMPTY] 
21:41:21 [GUILD_EXP] §aYou earned §r§2750 GEXP §r§a+ §r§e2,250 Event EXP §r§afrom playing SkyBlock!
21:41:31 [POWDER_MINING] §aYou uncovered a treasure chest!
21:41:59 [POWDER_MINING] §aYou uncovered a treasure chest!
21:42:03 [POWDER_MINING] §6You have successfully picked the lock on this chest!
21:42:03 [EMPTY] 
21:42:12 [POWDER_MINING] §aYou uncovered a treasure chest!
21:42:15 [POWDER_MINING] §6You have successfully picked the lock on this chest!
21:42:15 [EMPTY] 
21:42:27 [POWDER_MINING] §aYou uncovered a treasure chest!
21:42:31 [POWDER_MINING] §6You have successfully picked the lock on this chest!
21:42:31 [EMPTY] 
21:42:35 [POWDER_MINING] §aYou uncovered a treasure chest!
21:42:38 [POWDER_MINING] §6You have successfully picked the lock on this chest!
21:42:38 [EMPTY] 
21:42:39 [POWDER_MINING] §aYou uncovered a treasure chest!
21:42:43 [POWDER_MINING] §6You have successfully picked the lock on this chest!
21:42:43 [EMPTY] 
21:42:47 [POWDER_MINING] §aYou uncovered a treasure chest!
21:42:50 [POWDER_MINING] §6You have successfully picked the lock on this chest!
21:42:50 [EMPTY] 
21:42:53 [POWDER_MINING] §aYou uncovered a treasure chest!
21:43:02 [POWDER_MINING] §6You have successfully picked the lock on this chest!
21:43:02 [EMPTY] 
21:43:35 [POWDER_MINING] §aYou uncovered a treasure chest!
21:43:40 [POWDER_MINING] §6You have successfully picked the lock on this chest!
21:43:40 [EMPTY] 
21:43:45 [POWDER_MINING] §aYou uncovered a treasure chest!
21:43:48 [POWDER_MINING] §6You have successfully picked the lock on this chest!
21:43:48 [EMPTY] 
21:44:12 [POWDER_MINING] §aYou uncovered a treasure chest!
21:44:20 [POWDER_MINING] §6You have successfully picked the lock on this chest!
21:44:20 [EMPTY] 
21:44:26 [POWDER_MINING] §aYou uncovered a treasure chest!
21:44:28 [POWDER_MINING] §aYou uncovered a treasure chest!
21:44:29 [POWDER_MINING] §aYou uncovered a treasure chest!
21:44:32 [POWDER_MINING] §6You have successfully picked the lock on this chest!
21:44:32 [EMPTY] 
21:44:34 [POWDER_MINING] §6You have successfully picked the lock on this chest!
21:44:34 [EMPTY] 
21:44:42 [POWDER_MINING] §6You have successfully picked the lock on this chest!
21:44:42 [EMPTY] 
21:44:49 [POWDER_MINING] §aYou uncovered a treasure chest!
21:44:52 [POWDER_MINING] §6You have successfully picked the lock on this chest!
21:44:52 [EMPTY] 
21:44:56 [POWDER_MINING] §aYou uncovered a treasure chest!
21:45:01 [POWDER_MINING] §6You have successfully picked the lock on this chest!
21:45:01 [EMPTY] 
21:45:03 [POWDER_MINING] §aYou uncovered a treasure chest!
21:45:09 [POWDER_MINING] §6You have successfully picked the lock on this chest!
21:45:09 [EMPTY] 
21:46:24 [GUILD_EXP] §aYou earned §r§2750 GEXP §r§a+ §r§e2,250 Event EXP §r§afrom playing SkyBlock!
21:46:58 [POWDER_MINING] §aYou uncovered a treasure chest!
21:47:00 [POWDER_MINING] §aYou uncovered a treasure chest!
21:47:02 [POWDER_MINING] §aYou uncovered a treasure chest!
21:47:05 [POWDER_MINING] §6You have successfully picked the lock on this chest!
21:47:05 [EMPTY] 
21:47:08 [POWDER_MINING] §6You have successfully picked the lock on this chest!
21:47:08 [EMPTY] 
21:47:13 [POWDER_MINING] §6You have successfully picked the lock on this chest!
21:47:13 [EMPTY] 
21:47:20 [POWDER_MINING] §aYou uncovered a treasure chest!
21:47:26 [POWDER_MINING] §6You have successfully picked the lock on this chest!
21:47:26 [EMPTY] 
21:47:30 [POWDER_MINING] §aYou uncovered a treasure chest!
21:47:32 [POWDER_MINING] §aYou uncovered a treasure chest!
21:47:35 [POWDER_MINING] §6You have successfully picked the lock on this chest!
21:47:35 [EMPTY] 
21:47:41 [POWDER_MINING] §6You have successfully picked the lock on this chest!
21:47:41 [EMPTY] 
21:47:54 [POWDER_MINING] §aYou uncovered a treasure chest!
21:48:53 [POWDER_MINING] §aYou uncovered a treasure chest!
21:48:56 [POWDER_MINING] §6You have successfully picked the lock on this chest!
21:48:56 [EMPTY] 
21:49:04 [POWDER_MINING] §aYou uncovered a treasure chest!
21:49:18 [POWDER_MINING] §6You have successfully picked the lock on this chest!
21:49:18 [EMPTY] 
21:49:35 [POWDER_MINING] §aYou uncovered a treasure chest!
21:49:38 [POWDER_MINING] §6You have successfully picked the lock on this chest!
21:49:38 [EMPTY] 
21:49:56 [POWDER_MINING] §aYou uncovered a treasure chest!
21:49:57 [POWDER_MINING] §aYou uncovered a treasure chest!
21:50:01 [POWDER_MINING] §6You have successfully picked the lock on this chest!
21:50:01 [EMPTY] 
21:50:03 [POWDER_MINING] §6You have successfully picked the lock on this chest!
21:50:03 [EMPTY] 
21:50:53 [POWDER_MINING] §aYou uncovered a treasure chest!
21:50:56 [POWDER_MINING] §6You have successfully picked the lock on this chest!
21:50:56 [EMPTY] 
21:51:03 [POWDER_MINING] §aYou uncovered a treasure chest!
21:51:06 [POWDER_MINING] §6You have successfully picked the lock on this chest!
21:51:06 [EMPTY] 
21:51:19 [POWDER_MINING] §aYou uncovered a treasure chest!
21:51:23 [POWDER_MINING] §6You have successfully picked the lock on this chest!
21:51:23 [EMPTY] 
21:51:27 [GUILD_EXP] §aYou earned §r§2608 GEXP §r§a+ §r§e1,824 Event EXP §r§afrom playing SkyBlock!
21:51:47 [EMPTY] 
21:51:57 [POWDER_MINING] §aYou uncovered a treasure chest!
21:51:58 [POWDER_MINING] §aYou uncovered a treasure chest!
21:52:02 [POWDER_MINING] §6You have successfully picked the lock on this chest!
21:52:02 [EMPTY] 
21:52:08 [POWDER_MINING] §6You have successfully picked the lock on this chest!
21:52:08 [EMPTY] 
21:52:09 [POWDER_MINING] §aYou uncovered a treasure chest!
21:52:13 [POWDER_MINING] §6You have successfully picked the lock on this chest!
21:52:13 [EMPTY] 
21:52:21 [POWDER_MINING] §aYou uncovered a treasure chest!
21:52:25 [POWDER_MINING] §6You have successfully picked the lock on this chest!
21:52:25 [EMPTY] 
21:52:26 [POWDER_MINING] §aYou uncovered a treasure chest!
21:52:30 [POWDER_MINING] §6You have successfully picked the lock on this chest!
21:52:31 [EMPTY] 
21:52:33 [POWDER_MINING] §aYou uncovered a treasure chest!
21:52:37 [POWDER_MINING] §6You have successfully picked the lock on this chest!
21:52:37 [EMPTY] 
21:52:46 [POWDER_MINING] §aYou uncovered a treasure chest!
21:52:54 [POWDER_MINING] §6You have successfully picked the lock on this chest!
21:52:54 [EMPTY] 
21:53:32 [POWDER_MINING] §aYou uncovered a treasure chest!
21:53:32 [POWDER_MINING] §aYou uncovered a treasure chest!
21:53:36 [EMPTY] §f                                        
21:53:38 [POWDER_MINING] §6You have successfully picked the lock on this chest!
21:53:38 [EMPTY] 
21:53:59 [POWDER_MINING] §6You have successfully picked the lock on this chest!
21:53:59 [EMPTY] 
21:54:05 [POWDER_MINING] §aYou uncovered a treasure chest!
21:54:09 [POWDER_MINING] §6You have successfully picked the lock on this chest!
21:54:09 [EMPTY] 
21:54:18 [POWDER_MINING] §aYou uncovered a treasure chest!
21:54:21 [POWDER_MINING] §aYou uncovered a treasure chest!
21:54:22 [POWDER_MINING] §aYou uncovered a treasure chest!
21:54:27 [POWDER_MINING] §6You have successfully picked the lock on this chest!
21:54:27 [EMPTY] 
21:54:31 [POWDER_MINING] §6You have successfully picked the lock on this chest!
21:54:31 [EMPTY] 
21:54:34 [POWDER_MINING] §6You have successfully picked the lock on this chest!
21:54:34 [EMPTY] 
21:54:45 [POWDER_MINING] §aYou uncovered a treasure chest!
21:54:46 [POWDER_MINING] §aYou uncovered a treasure chest!
21:54:50 [POWDER_MINING] §6You have successfully picked the lock on this chest!
21:54:50 [EMPTY] 
21:54:53 [POWDER_MINING] §6You have successfully picked the lock on this chest!
21:54:54 [EMPTY] 
21:54:56 [POWDER_MINING] §aYou uncovered a treasure chest!
21:54:58 [POWDER_MINING] §aYou uncovered a treasure chest!
21:55:03 [POWDER_MINING] §6You have successfully picked the lock on this chest!
21:55:03 [EMPTY] 
21:55:06 [POWDER_MINING] §aYou uncovered a treasure chest!
21:55:10 [POWDER_MINING] §6You have successfully picked the lock on this chest!
21:55:10 [EMPTY] 
21:55:15 [POWDER_MINING] §6You have successfully picked the lock on this chest!
21:55:15 [EMPTY] 
21:55:19 [POWDER_MINING] §aYou uncovered a treasure chest!
21:55:23 [POWDER_MINING] §6You have successfully picked the lock on this chest!
21:55:23 [EMPTY] 
21:55:27 [POWDER_MINING] §aYou uncovered a treasure chest!
21:55:30 [POWDER_MINING] §6You have successfully picked the lock on this chest!
21:55:30 [EMPTY] 
21:55:32 [POWDER_MINING] §aYou uncovered a treasure chest!
21:56:06 [POWDER_MINING] §aYou uncovered a treasure chest!
21:56:10 [POWDER_MINING] §6You have successfully picked the lock on this chest!
21:56:10 [EMPTY] 
21:56:14 [POWDER_MINING] §6You have successfully picked the lock on this chest!
21:56:14 [EMPTY] 
21:56:21 [POWDER_MINING] §aYou uncovered a treasure chest!
21:56:22 [POWDER_MINING] §aYou uncovered a treasure chest!
21:56:26 [POWDER_MINING] §6You have successfully picked the lock on this chest!
21:56:26 [EMPTY] 
21:56:30 [GUILD_EXP] §aYou earned §r§2750 GEXP §r§a+ §r§e2,250 Event EXP §r§afrom playing SkyBlock!
21:56:34 [POWDER_MINING] §6You have successfully picked the lock on this chest!
21:56:34 [EMPTY] 
21:56:57 [POWDER_MINING] §aYou uncovered a treasure chest!
21:57:00 [POWDER_MINING] §6You have successfully picked the lock on this chest!
21:57:00 [EMPTY] 
21:57:19 [POWDER_MINING] §aYou uncovered a treasure chest!
21:57:23 [POWDER_MINING] §6You have successfully picked the lock on this chest!
21:57:23 [EMPTY] 
21:58:02 [POWDER_MINING] §aYou uncovered a treasure chest!
21:58:12 [POWDER_MINING] §6You have successfully picked the lock on this chest!
21:58:12 [EMPTY] 
21:59:11 [POWDER_MINING] §aYou uncovered a treasure chest!
21:59:15 [POWDER_MINING] §6You have successfully picked the lock on this chest!
21:59:15 [EMPTY] 
21:59:35 [POWDER_MINING] §aYou uncovered a treasure chest!
21:59:42 [POWDER_MINING] §6You have successfully picked the lock on this chest!
21:59:42 [EMPTY] 
21:59:52 [POWDER_MINING] §aYou uncovered a treasure chest!
22:00:01 [POWDER_MINING] §6You have successfully picked the lock on this chest!
22:00:01 [EMPTY] 
22:00:06 [POWDER_MINING] §aYou uncovered a treasure chest!
22:00:12 [POWDER_MINING] §6You have successfully picked the lock on this chest!
22:00:12 [EMPTY] 
22:00:20 [EMPTY] §f
22:00:20 [WATCHDOG] §4[WATCHDOG ANNOUNCEMENT]
22:00:20 [WATCHDOG] §fWatchdog has banned §r§c§l15,546§r§f players in the last 7 days.
22:00:20 [WATCHDOG] §fStaff have banned an additional §r§c§l15,577§r§f in the last 7 days.
22:00:20 [WATCHDOG] §cBlacklisted modifications are a bannable offense!
22:00:20 [WATCHDOG] §c
22:00:20 [POWDER_MINING] §aYou uncovered a treasure chest!
22:00:24 [POWDER_MINING] §6You have successfully picked the lock on this chest!
22:00:24 [EMPTY] 
22:01:13 [POWDER_MINING] §aYou uncovered a treasure chest!
22:01:16 [POWDER_MINING] §6You have successfully picked the lock on this chest!
22:01:16 [EMPTY] 
22:01:31 [POWDER_MINING] §aYou uncovered a treasure chest!
22:01:33 [GUILD_EXP] §aYou earned §r§2723 GEXP §r§a+ §r§e2,169 Event EXP §r§afrom playing SkyBlock!
22:01:34 [POWDER_MINING] §6You have successfully picked the lock on this chest!
22:01:34 [EMPTY] 
22:01:35 [POWDER_MINING] §aYou uncovered a treasure chest!
22:01:40 [POWDER_MINING] §6You have successfully picked the lock on this chest!
22:01:40 [EMPTY] 
22:01:42 [POWDER_MINING] §aYou uncovered a treasure chest!
22:01:57 [POWDER_MINING] §6You have successfully picked the lock on this chest!
22:01:57 [EMPTY] 
22:03:07 [POWDER_MINING] §aYou uncovered a treasure chest!
22:03:07 [POWDER_MINING] §aYou uncovered a treasure chest!
22:03:08 [POWDER_MINING] §aYou uncovered a treasure chest!
22:03:17 [POWDER_MINING] §6You have successfully picked the lock on this chest!
22:03:17 [EMPTY] 
22:03:20 [POWDER_MINING] §6You have successfully picked the lock on this chest!
22:03:20 [EMPTY] 
22:03:23 [POWDER_MINING] §6You have successfully picked the lock on this chest!
22:03:23 [EMPTY] 
22:03:37 [POWDER_MINING] §aYou uncovered a treasure chest!
22:03:50 [POWDER_MINING] §6You have successfully picked the lock on this chest!
22:03:50 [EMPTY] 
22:04:39 [POWDER_MINING] §aYou uncovered a treasure chest!
22:04:43 [POWDER_MINING] §6You have successfully picked the lock on this chest!
22:04:43 [EMPTY] 
22:04:53 [POWDER_MINING] §aYou uncovered a treasure chest!
22:04:56 [POWDER_MINING] §6You have successfully picked the lock on this chest!
22:04:56 [EMPTY] 
22:05:25 [POWDER_MINING] §aYou uncovered a treasure chest!
22:05:27 [POWDER_MINING] §aYou uncovered a treasure chest!
22:05:34 [POWDER_MINING] §6You have successfully picked the lock on this chest!
22:05:34 [EMPTY] 
22:05:37 [POWDER_MINING] §6You have successfully picked the lock on this chest!
22:05:37 [EMPTY] 
22:05:50 [POWDER_MINING] §aYou uncovered a treasure chest!
22:06:03 [POWDER_MINING] §6You have successfully picked the lock on this chest!
22:06:03 [EMPTY] 
22:06:35 [POWDER_MINING] §aYou uncovered a treasure chest!
22:06:36 [GUILD_EXP] §aYou earned §r§2750 GEXP §r§a+ §r§e2,250 Event EXP §r§afrom playing SkyBlock!
22:06:41 [POWDER_MINING] §6You have successfully picked the lock on this chest!
22:06:41 [EMPTY] 
22:11:39 [GUILD_EXP] §aYou earned §r§2420 GEXP §r§a+ §r§e1,260 Event EXP §r§afrom playing SkyBlock!
22:11:47 [EMPTY] 
22:13:36 [EMPTY] §f                                        
22:14:21 [WARPING] §7Warping...
22:14:21 [WARPING] §7Sending to server mini94W...
22:14:22 [EMPTY] §8 §r§8 §r§1 §r§3 §r§3 §r§7 §r§8 
22:14:24 [PROFILE_JOIN] §aYou are playing on profile: §eBanana§b (Co-op)
22:14:24 [PROFILE_JOIN] §8Profile ID: b1a71305-1956-42bf-90e4-bce6f7285754
22:15:01 [SKYMALL] §bNew day! §r§eYour §r§2Sky Mall §r§ebuff changed!
22:15:01 [SKYMALL] §eNew buff§r§r§r: §r§fReduce Pickaxe Ability cooldown by §r§a20%§r§f.
22:15:01 [SKYMALL] §8§oYou can disable this messaging by toggling Sky Mall in your /hotm!
22:18:01 [GUILD_EXP] §aYou earned §r§253 GEXP §r§a+ §r§e159 Event EXP §r§afrom playing SkyBlock!
22:18:07 [WARPING] §7Warping...
22:18:07 [WARPING] §7Sending to server mini3DN...
22:18:08 [EMPTY] §8 §r§8 §r§1 §r§3 §r§3 §r§7 §r§8 
22:18:11 [PROFILE_JOIN] §aYou are playing on profile: §eBanana§b (Co-op)
22:18:11 [PROFILE_JOIN] §8Profile ID: b1a71305-1956-42bf-90e4-bce6f7285754
22:18:34 [WARPING] §7Warping you to your SkyBlock island...
22:18:35 [WARPING] §7Sending to server mini35AP...
22:18:36 [EMPTY] §8 §r§8 §r§1 §r§3 §r§3 §r§7 §r§8 
22:18:38 [PROFILE_JOIN] §aYou are playing on profile: §eBanana§b (Co-op)
22:18:38 [PROFILE_JOIN] §8Profile ID: b1a71305-1956-42bf-90e4-bce6f7285754
22:18:44 [WARPING] §7Warping...
22:18:44 [WARPING] §7Sending to server mini239F...
22:18:44 [EMPTY] §8 §r§8 §r§1 §r§3 §r§3 §r§7 §r§8 
22:18:49 [PROFILE_JOIN] §aYou are playing on profile: §eBanana§b (Co-op)
22:18:49 [PROFILE_JOIN] §8Profile ID: b1a71305-1956-42bf-90e4-bce6f7285754
22:20:31 [POWDER_MINING] §aYou uncovered a treasure chest!
22:20:35 [POWDER_MINING] §6You have successfully picked the lock on this chest!
22:20:35 [EMPTY] 
22:21:35 [POWDER_MINING] §aYou uncovered a treasure chest!
22:21:58 [POWDER_MINING] §6You have successfully picked the lock on this chest!
22:21:58 [EMPTY] 
22:23:18 [POWDER_MINING] §aYou uncovered a treasure chest!
22:23:21 [POWDER_MINING] §6You have successfully picked the lock on this chest!
22:23:21 [EMPTY] 
22:23:29 [POWDER_MINING] §aYou uncovered a treasure chest!
22:23:36 [POWDER_MINING] §6You have successfully picked the lock on this chest!
22:23:36 [EMPTY] 
22:23:54 [GUILD_EXP] §aYou earned §r§2555 GEXP §r§a+ §r§e1,665 Event EXP §r§afrom playing SkyBlock!
22:23:55 [POWDER_MINING] §aYou uncovered a treasure chest!
22:23:58 [POWDER_MINING] §6You have successfully picked the lock on this chest!
22:23:58 [EMPTY] 
22:24:09 [POWDER_MINING] §aYou uncovered a treasure chest!
22:24:13 [POWDER_MINING] §6You have successfully picked the lock on this chest!
22:24:13 [EMPTY] 
22:24:37 [POWDER_MINING] §aYou uncovered a treasure chest!
22:24:38 [POWDER_MINING] §aYou uncovered a treasure chest!
22:24:43 [POWDER_MINING] §6You have successfully picked the lock on this chest!
22:24:43 [EMPTY] 
22:24:45 [POWDER_MINING] §6You have successfully picked the lock on this chest!
22:24:45 [EMPTY] 
22:24:57 [EMPTY] 
22:24:57 [EMPTY] 
22:25:28 [POWDER_MINING] §aYou uncovered a treasure chest!
22:25:41 [POWDER_MINING] §6You have successfully picked the lock on this chest!
22:25:41 [EMPTY] 
22:25:53 [POWDER_MINING] §aYou uncovered a treasure chest!
22:26:11 [POWDER_MINING] §6You have successfully picked the lock on this chest!
22:26:11 [EMPTY] 
22:26:22 [POWDER_MINING] §aYou uncovered a treasure chest!
22:26:26 [POWDER_MINING] §6You have successfully picked the lock on this chest!
22:26:26 [EMPTY] 
22:26:59 [POWDER_MINING] §aYou uncovered a treasure chest!
22:27:03 [POWDER_MINING] §6You have successfully picked the lock on this chest!
22:27:03 [EMPTY] 
22:27:17 [POWDER_MINING] §aYou uncovered a treasure chest!
22:27:20 [POWDER_MINING] §6You have successfully picked the lock on this chest!
22:27:20 [EMPTY] 
22:27:52 [POWDER_MINING] §aYou uncovered a treasure chest!
22:27:56 [POWDER_MINING] §6You have successfully picked the lock on this chest!
22:27:56 [EMPTY] 
22:28:17 [POWDER_MINING] §aYou uncovered a treasure chest!
22:28:21 [POWDER_MINING] §aYou uncovered a treasure chest!
22:28:26 [POWDER_MINING] §6You have successfully picked the lock on this chest!
22:28:26 [EMPTY] 
22:28:28 [POWDER_MINING] §6You have successfully picked the lock on this chest!
22:28:28 [EMPTY] 
22:28:36 [POWDER_MINING] §aYou uncovered a treasure chest!
22:28:40 [POWDER_MINING] §6You have successfully picked the lock on this chest!
22:28:40 [EMPTY] 
22:29:00 [GUILD_EXP] §aYou earned §r§2735 GEXP §r§a+ §r§e2,205 Event EXP §r§afrom playing SkyBlock!
22:29:26 [POWDER_MINING] §aYou uncovered a treasure chest!
22:29:29 [POWDER_MINING] §6You have successfully picked the lock on this chest!
22:29:29 [EMPTY] 
22:29:34 [POWDER_MINING] §aYou uncovered a treasure chest!
22:29:41 [POWDER_MINING] §6You have successfully picked the lock on this chest!
22:29:41 [EMPTY] 
22:29:43 [POWDER_MINING] §aYou uncovered a treasure chest!
22:29:53 [POWDER_MINING] §6You have successfully picked the lock on this chest!
22:29:53 [EMPTY] 
22:30:01 [POWDER_MINING] §aYou uncovered a treasure chest!
22:30:06 [POWDER_MINING] §6You have successfully picked the lock on this chest!
22:30:06 [EMPTY] 
22:30:12 [EMPTY] 
22:30:15 [POWDER_MINING] §aYou uncovered a treasure chest!
22:30:18 [POWDER_MINING] §6You have successfully picked the lock on this chest!
22:30:18 [EMPTY] 
22:30:48 [POWDER_MINING] §aYou uncovered a treasure chest!
22:30:51 [POWDER_MINING] §6You have successfully picked the lock on this chest!
22:30:51 [EMPTY] 
22:31:16 [POWDER_MINING] §aYou uncovered a treasure chest!
22:31:20 [POWDER_MINING] §6You have successfully picked the lock on this chest!
22:31:20 [EMPTY] 
22:31:43 [POWDER_MINING] §aYou uncovered a treasure chest!
22:31:48 [POWDER_MINING] §6You have successfully picked the lock on this chest!
22:31:48 [EMPTY] 
22:31:50 [EMPTY] §f                                        
22:31:59 [POWDER_MINING] §aYou uncovered a treasure chest!
22:32:18 [POWDER_MINING] §6You have successfully picked the lock on this chest!
22:32:18 [EMPTY] 
22:32:52 [POWDER_MINING] §aYou uncovered a treasure chest!
22:33:21 [POWDER_MINING] §6You have successfully picked the lock on this chest!
22:33:21 [EMPTY] 
22:33:25 [POWDER_MINING] §aYou uncovered a treasure chest!
22:33:31 [POWDER_MINING] §6You have successfully picked the lock on this chest!
22:33:31 [EMPTY] 
22:33:35 [POWDER_MINING] §aYou uncovered a treasure chest!
22:33:38 [POWDER_MINING] §6You have successfully picked the lock on this chest!
22:33:38 [EMPTY] 
22:33:41 [POWDER_MINING] §aYou uncovered a treasure chest!
22:33:44 [POWDER_MINING] §6You have successfully picked the lock on this chest!
22:33:44 [EMPTY] 
22:33:53 [POWDER_MINING] §aYou uncovered a treasure chest!
22:33:57 [POWDER_MINING] §6You have successfully picked the lock on this chest!
22:33:57 [EMPTY] 
22:33:59 [POWDER_MINING] §aYou uncovered a treasure chest!
22:34:04 [POWDER_MINING] §6You have successfully picked the lock on this chest!
22:34:04 [EMPTY] 
22:34:04 [GUILD_EXP] §aYou earned §r§2750 GEXP §r§a+ §r§e2,250 Event EXP §r§afrom playing SkyBlock!
22:34:16 [POWDER_MINING] §aYou uncovered a treasure chest!
22:34:22 [POWDER_MINING] §6You have successfully picked the lock on this chest!
22:34:22 [EMPTY] 
22:34:36 [POWDER_MINING] §aYou uncovered a treasure chest!
22:34:42 [POWDER_MINING] §6You have successfully picked the lock on this chest!
22:34:42 [EMPTY] 
22:34:46 [POWDER_MINING] §aYou uncovered a treasure chest!
22:34:50 [POWDER_MINING] §6You have successfully picked the lock on this chest!
22:34:50 [EMPTY] 
22:34:54 [POWDER_MINING] §aYou uncovered a treasure chest!
22:34:57 [POWDER_MINING] §6You have successfully picked the lock on this chest!
22:34:57 [EMPTY] 
22:35:22 [POWDER_MINING] §aYou uncovered a treasure chest!
22:35:26 [POWDER_MINING] §6You have successfully picked the lock on this chest!
22:35:26 [EMPTY] 
22:35:47 [POWDER_MINING] §aYou uncovered a treasure chest!
22:35:51 [POWDER_MINING] §aYou uncovered a treasure chest!
22:35:56 [POWDER_MINING] §6You have successfully picked the lock on this chest!
22:35:56 [EMPTY] 
22:36:12 [POWDER_MINING] §aYou uncovered a treasure chest!
22:36:16 [POWDER_MINING] §6You have successfully picked the lock on this chest!
22:36:16 [EMPTY] 
22:37:55 [POWDER_MINING] §aYou uncovered a treasure chest!
22:37:58 [POWDER_MINING] §6You have successfully picked the lock on this chest!
22:37:58 [EMPTY] 
22:38:00 [POWDER_MINING] §aYou uncovered a treasure chest!
22:38:03 [POWDER_MINING] §6You have successfully picked the lock on this chest!
22:38:03 [EMPTY] 
22:39:08 [GUILD_EXP] §aYou earned §r§2750 GEXP §r§a+ §r§e2,250 Event EXP §r§afrom playing SkyBlock!
22:40:02 [POWDER_MINING] §aYou uncovered a treasure chest!
22:40:10 [POWDER_MINING] §6You have successfully picked the lock on this chest!
22:40:10 [EMPTY] 
22:40:30 [POWDER_MINING] §aYou uncovered a treasure chest!
22:40:33 [POWDER_MINING] §6You have successfully picked the lock on this chest!
22:40:33 [EMPTY] 
22:40:45 [POWDER_MINING] §aYou uncovered a treasure chest!
22:40:48 [POWDER_MINING] §6You have successfully picked the lock on this chest!
22:40:48 [EMPTY] 
22:40:58 [POWDER_MINING] §aYou uncovered a treasure chest!
22:41:03 [POWDER_MINING] §6You have successfully picked the lock on this chest!
22:41:03 [EMPTY] 
22:41:35 [POWDER_MINING] §aYou uncovered a treasure chest!
22:41:39 [POWDER_MINING] §6You have successfully picked the lock on this chest!
22:41:39 [EMPTY] 
22:42:08 [POWDER_MINING] §aYou uncovered a treasure chest!
22:42:13 [POWDER_MINING] §6You have successfully picked the lock on this chest!
22:42:13 [EMPTY] 
22:42:21 [POWDER_MINING] §aYou uncovered a treasure chest!
22:42:27 [POWDER_MINING] §6You have successfully picked the lock on this chest!
22:42:27 [EMPTY] 
22:42:57 [POWDER_MINING] §aYou uncovered a treasure chest!
22:43:00 [POWDER_MINING] §aYou uncovered a treasure chest!
22:43:06 [POWDER_MINING] §6You have successfully picked the lock on this chest!
22:43:06 [EMPTY] 
22:43:09 [POWDER_MINING] §6You have successfully picked the lock on this chest!
22:43:09 [EMPTY] 
22:44:11 [GUILD_EXP] §aYou earned §r§2750 GEXP §r§a+ §r§e2,250 Event EXP §r§afrom playing SkyBlock!
22:44:22 [POWDER_MINING] §aYou uncovered a treasure chest!
22:44:25 [POWDER_MINING] §6You have successfully picked the lock on this chest!
22:44:25 [EMPTY] 
22:44:33 [POWDER_MINING] §aYou uncovered a treasure chest!
22:44:36 [POWDER_MINING] §6You have successfully picked the lock on this chest!
22:44:36 [EMPTY] 
22:45:11 [POWDER_MINING] §aYou uncovered a treasure chest!
22:45:17 [POWDER_MINING] §6You have successfully picked the lock on this chest!
22:45:17 [EMPTY] 
22:45:22 [POWDER_MINING] §aYou uncovered a treasure chest!
22:45:25 [POWDER_MINING] §6You have successfully picked the lock on this chest!
22:45:25 [EMPTY] 
22:45:56 [POWDER_MINING] §aYou uncovered a treasure chest!
22:45:59 [POWDER_MINING] §6You have successfully picked the lock on this chest!
22:45:59 [EMPTY] 
22:46:13 [POWDER_MINING] §aYou uncovered a treasure chest!
22:46:16 [POWDER_MINING] §6You have successfully picked the lock on this chest!
22:46:16 [EMPTY] 
22:46:43 [POWDER_MINING] §aYou uncovered a treasure chest!
22:46:47 [POWDER_MINING] §6You have successfully picked the lock on this chest!
22:46:47 [EMPTY] 
22:47:35 [POWDER_MINING] §aYou uncovered a treasure chest!
22:47:38 [POWDER_MINING] §6You have successfully picked the lock on this chest!
22:47:38 [EMPTY] 
22:49:08 [POWDER_MINING] §aYou uncovered a treasure chest!
22:49:13 [POWDER_MINING] §6You have successfully picked the lock on this chest!
22:49:13 [EMPTY] 
22:49:16 [GUILD_EXP] §aYou earned §r§2720 GEXP §r§a+ §r§e2,160 Event EXP §r§afrom playing SkyBlock!
22:49:47 [POWDER_MINING] §aYou uncovered a treasure chest!
22:49:51 [POWDER_MINING] §6You have successfully picked the lock on this chest!
22:49:51 [EMPTY] 
22:50:01 [POWDER_MINING] §aYou uncovered a treasure chest!
22:50:04 [EMPTY] 
22:50:06 [POWDER_MINING] §6You have successfully picked the lock on this chest!
22:50:06 [EMPTY] 
22:50:56 [POWDER_MINING] §aYou uncovered a treasure chest!
22:51:01 [POWDER_MINING] §6You have successfully picked the lock on this chest!
22:51:01 [EMPTY] 
22:51:04 [POWDER_MINING] §aYou uncovered a treasure chest!
22:51:08 [POWDER_MINING] §6You have successfully picked the lock on this chest!
22:51:08 [EMPTY] 
22:51:40 [POWDER_MINING] §aYou uncovered a treasure chest!
22:51:43 [POWDER_MINING] §6You have successfully picked the lock on this chest!
22:51:43 [EMPTY] 
22:51:53 [EMPTY] §f                                        
22:52:33 [POWDER_MINING] §aYou uncovered a treasure chest!
22:52:40 [POWDER_MINING] §6You have successfully picked the lock on this chest!
22:52:40 [EMPTY] 
22:52:40 [POWDER_MINING] §aYou uncovered a treasure chest!
22:52:46 [POWDER_MINING] §6You have successfully picked the lock on this chest!
22:52:46 [EMPTY] 
22:53:06 [POWDER_MINING] §aYou uncovered a treasure chest!
22:53:11 [POWDER_MINING] §6You have successfully picked the lock on this chest!
22:53:11 [EMPTY] 
22:53:13 [POWDER_MINING] §aYou uncovered a treasure chest!
22:53:16 [POWDER_MINING] §6You have successfully picked the lock on this chest!
22:53:16 [EMPTY] 
22:54:22 [GUILD_EXP] §aYou earned §r§2750 GEXP §r§a+ §r§e2,250 Event EXP §r§afrom playing SkyBlock!
22:54:55 [POWDER_MINING] §aYou uncovered a treasure chest!
22:54:58 [POWDER_MINING] §6You have successfully picked the lock on this chest!
22:54:58 [EMPTY] 
22:55:17 [POWDER_MINING] §aYou uncovered a treasure chest!
22:55:20 [POWDER_MINING] §6You have successfully picked the lock on this chest!
22:55:20 [EMPTY] 
22:55:57 [POWDER_MINING] §aYou uncovered a treasure chest!
22:56:01 [POWDER_MINING] §6You have successfully picked the lock on this chest!
22:56:01 [EMPTY] 
22:56:09 [POWDER_MINING] §aYou uncovered a treasure chest!
22:56:12 [POWDER_MINING] §6You have successfully picked the lock on this chest!
22:56:12 [EMPTY] 
22:56:23 [POWDER_MINING] §aYou uncovered a treasure chest!
22:56:30 [POWDER_MINING] §6You have successfully picked the lock on this chest!
22:56:30 [EMPTY] 
22:56:32 [POWDER_MINING] §aYou uncovered a treasure chest!
22:56:32 [POWDER_MINING] §aYou uncovered a treasure chest!
22:56:40 [POWDER_MINING] §6You have successfully picked the lock on this chest!
22:56:40 [EMPTY] 
22:56:42 [POWDER_MINING] §aYou uncovered a treasure chest!
22:56:45 [POWDER_MINING] §6You have successfully picked the lock on this chest!
22:56:45 [EMPTY] 
22:56:51 [POWDER_MINING] §6You have successfully picked the lock on this chest!
22:56:51 [EMPTY] 
22:56:59 [POWDER_MINING] §aYou uncovered a treasure chest!
22:57:04 [POWDER_MINING] §6You have successfully picked the lock on this chest!
22:57:04 [EMPTY] 
22:57:07 [POWDER_MINING] §aYou uncovered a treasure chest!
22:57:10 [POWDER_MINING] §6You have successfully picked the lock on this chest!
22:57:10 [EMPTY] 
22:57:53 [POWDER_MINING] §aYou uncovered a treasure chest!
22:58:02 [POWDER_MINING] §6You have successfully picked the lock on this chest!
22:58:02 [EMPTY] 
22:58:16 [POWDER_MINING] §aYou uncovered a treasure chest!
22:58:16 [POWDER_MINING] §aYou uncovered a treasure chest!
22:58:21 [POWDER_MINING] §6You have successfully picked the lock on this chest!
22:58:21 [EMPTY] 
22:58:27 [POWDER_MINING] §6You have successfully picked the lock on this chest!
22:58:27 [EMPTY] 
22:59:06 [POWDER_MINING] §aYou uncovered a treasure chest!
22:59:15 [POWDER_MINING] §6You have successfully picked the lock on this chest!
22:59:15 [EMPTY] 
22:59:28 [GUILD_EXP] §aYou earned §r§2750 GEXP §r§a+ §r§e2,250 Event EXP §r§afrom playing SkyBlock!
22:59:37 [POWDER_MINING] §aYou uncovered a treasure chest!
22:59:46 [POWDER_MINING] §6You have successfully picked the lock on this chest!
22:59:46 [EMPTY] 
23:00:46 [POWDER_MINING] §aYou uncovered a treasure chest!
23:00:51 [POWDER_MINING] §6You have successfully picked the lock on this chest!
23:00:51 [EMPTY] 
23:01:39 [POWDER_MINING] §aYou uncovered a treasure chest!
23:01:43 [POWDER_MINING] §6You have successfully picked the lock on this chest!
23:01:43 [EMPTY] 
23:02:14 [POWDER_MINING] §aYou uncovered a treasure chest!
23:02:19 [POWDER_MINING] §6You have successfully picked the lock on this chest!
23:02:19 [EMPTY] 
23:02:49 [POWDER_MINING] §aYou uncovered a treasure chest!
23:02:52 [POWDER_MINING] §6You have successfully picked the lock on this chest!
23:02:52 [EMPTY] 
23:03:45 [POWDER_MINING] §aYou uncovered a treasure chest!
23:03:53 [POWDER_MINING] §6You have successfully picked the lock on this chest!
23:03:53 [EMPTY] 
23:04:16 [POWDER_MINING] §aYou uncovered a treasure chest!
23:04:17 [POWDER_MINING] §aYou uncovered a treasure chest!
23:04:20 [POWDER_MINING] §6You have successfully picked the lock on this chest!
23:04:20 [EMPTY] 
23:04:23 [POWDER_MINING] §6You have successfully picked the lock on this chest!
23:04:23 [EMPTY] 
23:04:33 [POWDER_MINING] §aYou uncovered a treasure chest!
23:04:44 [GUILD_EXP] §aYou earned §r§2750 GEXP §r§a+ §r§e2,250 Event EXP §r§afrom playing SkyBlock!
23:04:53 [POWDER_MINING] §6You have successfully picked the lock on this chest!
23:04:53 [EMPTY] 
23:04:59 [POWDER_MINING] §aYou uncovered a treasure chest!
23:05:03 [POWDER_MINING] §aYou uncovered a treasure chest!
23:05:09 [POWDER_MINING] §6You have successfully picked the lock on this chest!
23:05:09 [EMPTY] 
23:05:19 [POWDER_MINING] §6You have successfully picked the lock on this chest!
23:05:19 [EMPTY] 
23:05:34 [POWDER_MINING] §aYou uncovered a treasure chest!
23:05:38 [POWDER_MINING] §6You have successfully picked the lock on this chest!
23:05:38 [EMPTY] 
23:05:55 [POWDER_MINING] §aYou uncovered a treasure chest!
23:05:58 [POWDER_MINING] §6You have successfully picked the lock on this chest!
23:05:58 [EMPTY] 
23:06:02 [POWDER_MINING] §aYou uncovered a treasure chest!
23:06:06 [POWDER_MINING] §6You have successfully picked the lock on this chest!
23:06:06 [EMPTY] 
23:06:20 [POWDER_MINING] §aYou uncovered a treasure chest!
23:06:23 [POWDER_MINING] §6You have successfully picked the lock on this chest!
23:06:23 [EMPTY] 
23:06:28 [POWDER_MINING] §aYou uncovered a treasure chest!
23:06:28 [POWDER_MINING] §aYou uncovered a treasure chest!
23:06:34 [POWDER_MINING] §6You have successfully picked the lock on this chest!
23:06:34 [EMPTY] 
23:06:37 [POWDER_MINING] §6You have successfully picked the lock on this chest!
23:06:37 [EMPTY] 
23:07:13 [POWDER_MINING] §aYou uncovered a treasure chest!
23:07:16 [POWDER_MINING] §6You have successfully picked the lock on this chest!
23:07:16 [EMPTY] 
23:07:25 [EMPTY] 
23:07:43 [POWDER_MINING] §aYou uncovered a treasure chest!
23:07:51 [POWDER_MINING] §6You have successfully picked the lock on this chest!
23:07:51 [EMPTY] 
23:08:35 [POWDER_MINING] §aYou uncovered a treasure chest!
23:08:45 [POWDER_MINING] §6You have successfully picked the lock on this chest!
23:08:45 [EMPTY] 
