18:55:01 §e[SkyHanni] Reminding you to grab the free New Year Cake. Click here to open the baker menu!§r
19:14:31 §e[SkyHanni] §lCLICK HERE§r§e to grab §ax128 §9§aEnchanted Sugar§e from sacks!§r
19:55:00 §e[SkyHanni] Reminding you to grab the free New Year Cake. Click here to open the baker menu!§r
20:01:48 §e[SkyHanni] Click here to share the location of this chocolate egg with the server!§r
20:12:07 §e[SkyHanni] Removed 1 wrong/bugged minion locations from your island.§r
20:12:09 §e[SkyHanni] Removed 1 wrong/bugged minion locations from your island.§r
20:46:13 §e[SkyHanni] Daily City Project Reminder! (Click here to disable this reminder)§r
20:47:18 §e[SkyHanni] Daily City Project Reminder! (Click here to disable this reminder)§r
20:47:49 §e[SkyHanni] Daily City Project Reminder! (Click here to disable this reminder)§r
20:48:20 §e[SkyHanni] Daily City Project Reminder! (Click here to disable this reminder)§r
20:48:50 §e[SkyHanni] Daily City Project Reminder! (Click here to disable this reminder)§r
20:49:26 §e[SkyHanni] Daily City Project Reminder! (Click here to disable this reminder)§r
21:05:54 §e[SkyHanni] Click here to share the location of this chocolate egg with the server!§r
21:23:33 §e[SkyHanni] §b+100 SkyBlock XP §7(PotM§7)§b (28/100)§r
21:26:39 §e[SkyHanni] Click here to share the location of this chocolate egg with the server!§r
21:27:55 §e[SkyHanni] §cExtra Information from Tab list not found! Enable it: SkyBlock Menu ➜ Settings ➜ Personal ➜ User Interface ➜ Player List Info§r
21:29:05 §e[SkyHanni] §b+1 SkyBlock XP §7(HOTM Progression§7)§b (28/100)§r
21:29:47 §e[SkyHanni] §b+2 SkyBlock XP §7(HOTM Progression§7)§b (28/100)§r
21:30:00 §e[SkyHanni] §b+4 SkyBlock XP §7(HOTM Progression§7)§b (28/100)§r
21:30:26 §e[SkyHanni] §b+5 SkyBlock XP §7(HOTM Progression§7)§b (28/100)§r
21:35:43 §e[SkyHanni] §b+1 SkyBlock XP §7(HOTM Progression§7)§b (33/100)§r
21:37:34 §e[SkyHanni] §b+1 SkyBlock XP §7(HOTM Progression§7)§b (35/100)§r
21:38:17 §e[SkyHanni] §b+1 SkyBlock XP §7(HOTM Progression§7)§b (36/100)§r
21:44:32 §e[SkyHanni] §b+1 SkyBlock XP §7(HOTM Progression§7)§b (41/100)§r
21:47:05 §e[SkyHanni] §b+1 SkyBlock XP §7(HOTM Progression§7)§b (42/100)§r
21:47:35 §e[SkyHanni] §b+1 SkyBlock XP §7(HOTM Progression§7)§b (43/100)§r
21:52:37 §e[SkyHanni] §b+1 SkyBlock XP §7(HOTM Progression§7)§b (46/100)§r
21:54:31 §e[SkyHanni] §b+2 SkyBlock XP §7(HOTM Progression§7)§b (49/100)§r
21:55:41 §e[SkyHanni] §lCLICK HERE§r§e to grab §ax134 §9§aEnchanted Redstone§e from sacks!§r
21:56:10 §e[SkyHanni] §b+1 SkyBlock XP §7(HOTM Progression§7)§b (50/100)§r
21:56:15 §e[SkyHanni] §b+1 SkyBlock XP §7(HOTM Progression§7)§b (51/100)§r
22:03:35 §e[SkyHanni] §lCLICK HERE§r§e to grab §ax36 §9§aEnchanted Hard Stone§e from sacks!§r
22:03:50 §e[SkyHanni] §b+1 SkyBlock XP §7(HOTM Progression§7)§b (53/100)§r
22:04:57 §e[SkyHanni] §b+6 SkyBlock XP §7(HOTM Progression§7)§b (53/100)§r
22:23:22 §e[SkyHanni] §b+1 SkyBlock XP §7(HOTM Progression§7)§b (55/100)§r
22:24:13 §e[SkyHanni] §b+1 SkyBlock XP §7(HOTM Progression§7)§b (56/100)§r
22:26:02 §e[SkyHanni] §lCLICK HERE§r§e to grab §ax129 §9§aEnchanted Coal§e from sacks!§r
22:27:04 §e[SkyHanni] §b+1 SkyBlock XP §7(HOTM Progression§7)§b (57/100)§r
22:27:56 §e[SkyHanni] §b+2 SkyBlock XP §7(HOTM Progression§7)§b (59/100)§r
22:30:19 §e[SkyHanni] §b+1 SkyBlock XP §7(HOTM Progression§7)§b (60/100)§r
22:31:21 §e[SkyHanni] §b+1 SkyBlock XP §7(HOTM Progression§7)§b (61/100)§r
22:34:50 §e[SkyHanni] §b+1 SkyBlock XP §7(HOTM Progression§7)§b (62/100)§r
22:50:49 §e[SkyHanni] §lCLICK HERE§r§e to grab §ax1 §9§aEnchanted Hard Stone§e from sacks!§r
22:50:49 §e[SkyHanni] §lCLICK HERE§r§e to grab §ax1 §9§aEnchanted Hard Stone§e from sacks!§r
22:50:49 §e[SkyHanni] §lCLICK HERE§r§e to grab §ax1 §9§aEnchanted Hard Stone§e from sacks!§r
22:50:49 §e[SkyHanni] §lCLICK HERE§r§e to grab §ax1 §9§aEnchanted Hard Stone§e from sacks!§r
22:50:50 §e[SkyHanni] §lCLICK HERE§r§e to grab §ax33 §9§aEnchanted Hard Stone§e from sacks!§r
22:52:30 §e[SkyHanni] §b+1 SkyBlock XP §7(HOTM Progression§7)§b (65/100)§r
22:56:12 §e[SkyHanni] §b+1 SkyBlock XP §7(HOTM Progression§7)§b (68/100)§r
22:56:30 §e[SkyHanni] §b+1 SkyBlock XP §7(HOTM Progression§7)§b (69/100)§r
22:58:21 §e[SkyHanni] §b+1 SkyBlock XP §7(HOTM Progression§7)§b (70/100)§r
22:58:27 §e[SkyHanni] §b+1 SkyBlock XP §7(HOTM Progression§7)§b (71/100)§r
23:01:43 §e[SkyHanni] §b+1 SkyBlock XP §7(HOTM Progression§7)§b (73/100)§r
23:04:47 §e[SkyHanni] §lCLICK HERE§r§e to grab §ax136 §9§aEnchanted Coal§e from sacks!§r
23:05:09 §e[SkyHanni] §b+1 SkyBlock XP §7(HOTM Progression§7)§b (83/100)§r
23:05:19 §e[SkyHanni] §b+1 SkyBlock XP §7(HOTM Progression§7)§b (84/100)§r
23:06:37 §e[SkyHanni] §b+1 SkyBlock XP §7(HOTM Progression§7)§b (85/100)§r
23:08:14 §e[SkyHanni] §b+3 SkyBlock XP §7(HOTM Progression§7)§b (86/100)§r
