22:29:03 [EMPTY] §f §r§r§r§f §r§r§r§1 §r§r§r§0 §r§r§r§2 §r§r§r§f §r§r§r§f §r§r§r§2 §r§r§r§0 §r§r§r§4 §r§r§r§3 §r§r§r§9 §r§r§r§2 §r§r§r§0 §r§r§r§0 §r§r§r§3 §r§r§r§9 §r§r§r§2 §r§r§r§0 §r§r§r§0 §r§r§r§3 §r§r§r§9 §r§r§r§2 §r§r§r§0 §r§r§r§0 
22:29:03 [LOBBY] §b[MVP§f+§b] Sebbebas§f §6joined the lobby!
22:29:03 [LOBBY]   §r§f§l➤ §r§6You have reached your Hype limit! Add Hype to Prototype Lobby minigames by right-clicking with the Hype Diamond!
22:29:04 [LOBBY] §b[MVP§6+§b] themigrator_§f §6joined the lobby!
22:29:07 [LOBBY] §b[MVP§d+§b] Kisara002§f §6joined the lobby!
22:29:09 [LOBBY] §b[MVP§d+§b] WhenRNG§f §6joined the lobby!
22:29:09 [WARPING] §7Sending to server mini1027C...
22:29:10 [EMPTY] §8 §r§8 §r§1 §r§3 §r§3 §r§7 §r§8 
22:29:12 [EMPTY] 
22:29:12 [WELCOME] §eWelcome to §r§aHypixel SkyBlock§r§e!
22:29:12 [EMPTY] 
22:29:13 [PROFILE_JOIN] §aYou are playing on profile: §eBanana§b (Co-op)
22:29:13 [PROFILE_JOIN] §8Profile ID: b1a71305-1956-42bf-90e4-bce6f7285754
22:29:14 [SKYMALL] §bNew day! §r§eYour §r§2Sky Mall §r§ebuff changed!
22:29:14 [SKYMALL] §eNew buff§r§r§r: §r§f§r§a10x §r§fchance to find Golden and Diamond Goblins.
22:29:14 [SKYMALL] §8§oYou can disable this messaging by toggling Sky Mall in your /hotm!
22:35:01 [SKYMALL] §bNew day! §r§eYour §r§2Sky Mall §r§ebuff changed!
22:35:01 [SKYMALL] §eNew buff§r§r§r: §r§fGain §r§a+100 §r§6⸕ Mining Speed§r§f.
22:35:01 [SKYMALL] §8§oYou can disable this messaging by toggling Sky Mall in your /hotm!
22:36:12 [WARPING] §7Sending to server mini69BS...
22:36:12 [EMPTY] §8 §r§8 §r§1 §r§3 §r§3 §r§7 §r§8 
22:36:15 [PROFILE_JOIN] §aYou are playing on profile: §eBanana§b (Co-op)
22:36:15 [PROFILE_JOIN] §8Profile ID: b1a71305-1956-42bf-90e4-bce6f7285754
22:38:10 [WARPING] §7Sending to server mini142BU...
22:38:10 [EMPTY] §8 §r§8 §r§1 §r§3 §r§3 §r§7 §r§8 
22:38:13 [PROFILE_JOIN] §aYou are playing on profile: §eBanana§b (Co-op)
22:38:13 [PROFILE_JOIN] §8Profile ID: b1a71305-1956-42bf-90e4-bce6f7285754
22:40:08 [EMPTY]  
22:40:08 [BESTIARY] §f                                  §6§lBESTIARY
22:40:08 [BESTIARY] §f                               §b§lYeti §7§8VII §8➡§b §bVIII
22:40:08 [BESTIARY] 
22:40:08 [BESTIARY] §f                                  §r§6§lREWARDS
22:40:08 [BESTIARY] §f                            §r§8+§r§a3 Yeti §r§b✯ Magic Find
22:40:08 [BESTIARY] §f                            §r§8+§r§a3 Yeti §r§c❁ Strength
22:40:08 [BESTIARY] §f                                §r§8+§r§62% §r§aYeti §r§7coins
22:40:08 [BESTIARY] §f                    §r§8+§r§a50% §r§7chance for extra XP orbs
22:40:08 [BESTIARY] §f                               §r§8+§r§b1 SkyBlock XP
22:40:08 [BESTIARY] 
22:40:08 [BESTIARY] §3§l▬▬▬▬▬▬▬▬▬▬▬▬▬▬▬▬▬▬▬▬▬▬▬▬▬▬▬▬▬▬▬▬▬▬▬▬▬▬▬▬▬▬▬▬▬▬▬▬▬▬▬▬▬▬▬▬▬▬▬▬▬▬▬▬
22:40:35 [GUILD_EXP] §aYou earned §r§2100 GEXP §r§a+ §r§e300 Event EXP §r§afrom playing SkyBlock!
22:43:45 [EMPTY] 
22:43:45 [EMPTY] 
22:45:06 [EMPTY] 
22:45:06 [EMPTY] 
22:45:37 [GUILD_EXP] §aYou earned §r§2256 GEXP §r§a+ §r§e768 Event EXP §r§afrom playing SkyBlock!
22:50:38 [GUILD_EXP] §aYou earned §r§2226 GEXP §r§a+ §r§e678 Event EXP §r§afrom playing SkyBlock!
22:53:13 [EMPTY]  
22:53:13 [BESTIARY] §f                                  §6§lBESTIARY
22:53:13 [BESTIARY] §f                     §b§lRider of the Deep §7§8VIII §8➡§b §bIX
22:53:13 [BESTIARY] 
22:53:13 [BESTIARY] §f                                  §r§6§lREWARDS
22:53:13 [BESTIARY] §f                   §r§8+§r§a3 Rider of the Deep §r§b✯ Magic Find
22:53:13 [BESTIARY] §f                    §r§8+§r§a3 Rider of the Deep §r§c❁ Strength
22:53:13 [BESTIARY] §f                       §r§8+§r§62% §r§aRider of the Deep §r§7coins
22:53:13 [BESTIARY] §f                    §r§8+§r§a50% §r§7chance for extra XP orbs
22:53:13 [BESTIARY] §f                               §r§8+§r§b1 SkyBlock XP
22:53:13 [BESTIARY] 
22:53:13 [BESTIARY] §3§l▬▬▬▬▬▬▬▬▬▬▬▬▬▬▬▬▬▬▬▬▬▬▬▬▬▬▬▬▬▬▬▬▬▬▬▬▬▬▬▬▬▬▬▬▬▬▬▬▬▬▬▬▬▬▬▬▬▬▬▬▬▬▬▬
22:55:02 [SKYMALL] §bNew day! §r§eYour §r§2Sky Mall §r§ebuff changed!
22:55:02 [SKYMALL] §eNew buff§r§r§r: §r§fReduce Pickaxe Ability cooldown by §r§a20%§r§f.
22:55:02 [SKYMALL] §8§oYou can disable this messaging by toggling Sky Mall in your /hotm!
22:55:40 [GUILD_EXP] §aYou earned §r§2189 GEXP §r§a+ §r§e567 Event EXP §r§afrom playing SkyBlock!
23:00:42 [GUILD_EXP] §aYou earned §r§288 GEXP §r§a+ §r§e264 Event EXP §r§afrom playing SkyBlock!
23:05:56 [EMPTY]  
23:05:56 [BESTIARY] §f                                  §6§lBESTIARY
23:05:56 [BESTIARY] §f                           §b§lSea Archer §7§8IX §8➡§b §bX
23:05:56 [BESTIARY] 
23:05:56 [BESTIARY] §f                                  §r§6§lREWARDS
23:05:56 [BESTIARY] §f                       §r§8+§r§a3 Sea Archer §r§b✯ Magic Find
23:05:56 [BESTIARY] §f                       §r§8+§r§a3 Sea Archer §r§c❁ Strength
23:05:56 [BESTIARY] §f                           §r§8+§r§62% §r§aSea Archer §r§7coins
23:05:56 [BESTIARY] §f                    §r§8+§r§a50% §r§7chance for extra XP orbs
23:05:56 [BESTIARY] §f                               §r§8+§r§b1 SkyBlock XP
23:05:56 [BESTIARY] 
23:05:56 [BESTIARY]   §r§f                         §6§lBESTIARY MILESTONE
23:05:56 [BESTIARY]   §r§f                              §8CLXXIII➡§eCLXXIV
23:05:56 [BESTIARY] 
23:05:56 [BESTIARY] §3§l▬▬▬▬▬▬▬▬▬▬▬▬▬▬▬▬▬▬▬▬▬▬▬▬▬▬▬▬▬▬▬▬▬▬▬▬▬▬▬▬▬▬▬▬▬▬▬▬▬▬▬▬▬▬▬▬▬▬▬▬▬▬▬▬
23:10:46 [GUILD_EXP] §aYou earned §r§2228 GEXP §r§a+ §r§e684 Event EXP §r§afrom playing SkyBlock!
23:15:02 [SKYMALL] §bNew day! §r§eYour §r§2Sky Mall §r§ebuff changed!
23:15:02 [SKYMALL] §eNew buff§r§r§r: §r§fGain §r§a+50 §r§6☘ Mining Fortune§r§f.
23:15:02 [SKYMALL] §8§oYou can disable this messaging by toggling Sky Mall in your /hotm!
23:15:47 [GUILD_EXP] §aYou earned §r§2113 GEXP §r§a+ §r§e339 Event EXP §r§afrom playing SkyBlock!
23:17:28 [EMPTY] 
23:17:28 [EMPTY] 
23:18:42 [EMPTY] 
23:18:42 [EMPTY] 
23:20:31 [EMPTY]  
23:20:31 [BESTIARY] §f                                  §6§lBESTIARY
23:20:31 [BESTIARY] §f                           §b§lNutcracker §7§8IX §8➡§b §bX
23:20:31 [BESTIARY] 
23:20:31 [BESTIARY] §f                                  §r§6§lREWARDS
23:20:31 [BESTIARY] §f                       §r§8+§r§a3 Nutcracker §r§b✯ Magic Find
23:20:31 [BESTIARY] §f                        §r§8+§r§a3 Nutcracker §r§c❁ Strength
23:20:31 [BESTIARY] §f                           §r§8+§r§62% §r§aNutcracker §r§7coins
23:20:31 [BESTIARY] §f                    §r§8+§r§a50% §r§7chance for extra XP orbs
23:20:31 [BESTIARY] §f                               §r§8+§r§b1 SkyBlock XP
23:20:31 [BESTIARY] 
23:20:31 [BESTIARY] §3§l▬▬▬▬▬▬▬▬▬▬▬▬▬▬▬▬▬▬▬▬▬▬▬▬▬▬▬▬▬▬▬▬▬▬▬▬▬▬▬▬▬▬▬▬▬▬▬▬▬▬▬▬▬▬▬▬▬▬▬▬▬▬▬▬
23:20:49 [GUILD_EXP] §aYou earned §r§2181 GEXP §r§a+ §r§e543 Event EXP §r§afrom playing SkyBlock!
23:25:50 [GUILD_EXP] §aYou earned §r§2281 GEXP §r§a+ §r§e843 Event EXP §r§afrom playing SkyBlock!
23:27:37 [EMPTY] 
23:27:37 [EMPTY] 
23:28:39 [EMPTY]  
23:28:39 [BESTIARY] §f                                  §6§lBESTIARY
23:28:39 [BESTIARY] §f                             §b§lGrinch §7§8VII §8➡§b §bVIII
23:28:39 [BESTIARY] 
23:28:39 [BESTIARY] §f                                  §r§6§lREWARDS
23:28:39 [BESTIARY] §f                          §r§8+§r§a3 Grinch §r§b✯ Magic Find
23:28:39 [BESTIARY] §f                           §r§8+§r§a3 Grinch §r§c❁ Strength
23:28:39 [BESTIARY] §f                              §r§8+§r§62% §r§aGrinch §r§7coins
23:28:39 [BESTIARY] §f                    §r§8+§r§a50% §r§7chance for extra XP orbs
23:28:39 [BESTIARY] §f                               §r§8+§r§b1 SkyBlock XP
23:28:39 [BESTIARY] 
23:28:39 [BESTIARY] §3§l▬▬▬▬▬▬▬▬▬▬▬▬▬▬▬▬▬▬▬▬▬▬▬▬▬▬▬▬▬▬▬▬▬▬▬▬▬▬▬▬▬▬▬▬▬▬▬▬▬▬▬▬▬▬▬▬▬▬▬▬▬▬▬▬
23:28:45 [EMPTY]  
23:28:45 [BESTIARY] §f                                  §6§lBESTIARY
23:28:45 [BESTIARY] §f                               §b§lYeti §7§8VIII §8➡§b §bIX
23:28:45 [BESTIARY] 
23:28:45 [BESTIARY] §f                                  §r§6§lREWARDS
23:28:45 [BESTIARY] §f                            §r§8+§r§a3 Yeti §r§b✯ Magic Find
23:28:45 [BESTIARY] §f                            §r§8+§r§a3 Yeti §r§c❁ Strength
23:28:45 [BESTIARY] §f                                §r§8+§r§62% §r§aYeti §r§7coins
23:28:45 [BESTIARY] §f                    §r§8+§r§a50% §r§7chance for extra XP orbs
23:28:45 [BESTIARY] §f                               §r§8+§r§b1 SkyBlock XP
23:28:45 [BESTIARY] 
23:28:45 [BESTIARY] §3§l▬▬▬▬▬▬▬▬▬▬▬▬▬▬▬▬▬▬▬▬▬▬▬▬▬▬▬▬▬▬▬▬▬▬▬▬▬▬▬▬▬▬▬▬▬▬▬▬▬▬▬▬▬▬▬▬▬▬▬▬▬▬▬▬
23:28:51 [EMPTY] 
23:28:51 [EMPTY] 
23:29:30 [EMPTY]  
23:29:30 [BESTIARY] §f                                  §6§lBESTIARY
23:29:30 [BESTIARY] §f                             §b§lFrosty §7§8VIII §8➡§b §bIX
23:29:30 [BESTIARY] 
23:29:30 [BESTIARY] §f                                  §r§6§lREWARDS
23:29:30 [BESTIARY] §f                          §r§8+§r§a3 Frosty §r§b✯ Magic Find
23:29:30 [BESTIARY] §f                          §r§8+§r§a3 Frosty §r§c❁ Strength
23:29:30 [BESTIARY] §f                              §r§8+§r§62% §r§aFrosty §r§7coins
23:29:30 [BESTIARY] §f                    §r§8+§r§a50% §r§7chance for extra XP orbs
23:29:30 [BESTIARY] §f                               §r§8+§r§b1 SkyBlock XP
23:29:30 [BESTIARY] 
23:29:30 [BESTIARY] §3§l▬▬▬▬▬▬▬▬▬▬▬▬▬▬▬▬▬▬▬▬▬▬▬▬▬▬▬▬▬▬▬▬▬▬▬▬▬▬▬▬▬▬▬▬▬▬▬▬▬▬▬▬▬▬▬▬▬▬▬▬▬▬▬▬
23:29:41 [EMPTY]  
23:29:41 [EMPTY]  
23:29:41 [EMPTY]  
23:30:51 [GUILD_EXP] §aYou earned §r§2326 GEXP §r§a+ §r§e978 Event EXP §r§afrom playing SkyBlock!
23:35:01 [SKYMALL] §bNew day! §r§eYour §r§2Sky Mall §r§ebuff changed!
23:35:01 [SKYMALL] §eNew buff§r§r§r: §r§fGain §r§a+50 §r§6☘ Mining Fortune§r§f.
23:35:01 [SKYMALL] §8§oYou can disable this messaging by toggling Sky Mall in your /hotm!
23:35:38 [EMPTY]  
23:35:38 [BESTIARY] §f                                  §6§lBESTIARY
23:35:38 [BESTIARY] §f                          §b§lFrozen Steve §7§8IX §8➡§b §bX
23:35:38 [BESTIARY] 
23:35:38 [BESTIARY] §f                                  §r§6§lREWARDS
23:35:38 [BESTIARY] §f                     §r§8+§r§a3 Frozen Steve §r§b✯ Magic Find
23:35:38 [BESTIARY] §f                      §r§8+§r§a3 Frozen Steve §r§c❁ Strength
23:35:38 [BESTIARY] §f                         §r§8+§r§62% §r§aFrozen Steve §r§7coins
23:35:38 [BESTIARY] §f                    §r§8+§r§a50% §r§7chance for extra XP orbs
23:35:38 [BESTIARY] §f                               §r§8+§r§b1 SkyBlock XP
23:35:38 [BESTIARY] 
23:35:38 [BESTIARY] §3§l▬▬▬▬▬▬▬▬▬▬▬▬▬▬▬▬▬▬▬▬▬▬▬▬▬▬▬▬▬▬▬▬▬▬▬▬▬▬▬▬▬▬▬▬▬▬▬▬▬▬▬▬▬▬▬▬▬▬▬▬▬▬▬▬
23:35:52 [GUILD_EXP] §aYou earned §r§2196 GEXP §r§a+ §r§e588 Event EXP §r§afrom playing SkyBlock!
23:40:53 [GUILD_EXP] §aYou earned §r§295 GEXP §r§a+ §r§e285 Event EXP §r§afrom playing SkyBlock!
23:45:54 [GUILD_EXP] §aYou earned §r§2155 GEXP §r§a+ §r§e465 Event EXP §r§afrom playing SkyBlock!
23:50:55 [GUILD_EXP] §aYou earned §r§275 GEXP §r§a+ §r§e225 Event EXP §r§afrom playing SkyBlock!
23:55:01 [SKYMALL] §bNew day! §r§eYour §r§2Sky Mall §r§ebuff changed!
23:55:01 [SKYMALL] §eNew buff§r§r§r: §r§fReduce Pickaxe Ability cooldown by §r§a20%§r§f.
23:55:01 [SKYMALL] §8§oYou can disable this messaging by toggling Sky Mall in your /hotm!
23:55:55 [GUILD_EXP] §aYou earned §r§2388 GEXP §r§a+ §r§e1,164 Event EXP §r§afrom playing SkyBlock!
00:00:50 [EMPTY] §f
00:00:50 [WATCHDOG] §4[WATCHDOG ANNOUNCEMENT]
00:00:50 [WATCHDOG] §fWatchdog has banned §r§c§l17,744§r§f players in the last 7 days.
00:00:50 [WATCHDOG] §fStaff have banned an additional §r§c§l18,886§r§f in the last 7 days.
00:00:50 [WATCHDOG] §cBlacklisted modifications are a bannable offense!
00:00:50 [WATCHDOG] §c
00:00:55 [GUILD_EXP] §aYou earned §r§2438 GEXP §r§a+ §r§e1,314 Event EXP §r§afrom playing SkyBlock!
00:05:56 [GUILD_EXP] §aYou earned §r§2130 GEXP §r§a+ §r§e390 Event EXP §r§afrom playing SkyBlock!
00:08:33 [EMPTY] 
00:09:07 [WARPING] §7Warping...
00:09:07 [WARPING] §7Sending to server mini26N...
00:09:08 [EMPTY] §8 §r§8 §r§1 §r§3 §r§3 §r§7 §r§8 
00:09:11 [PROFILE_JOIN] §aYou are playing on profile: §eBanana§b (Co-op)
00:09:11 [PROFILE_JOIN] §8Profile ID: b1a71305-1956-42bf-90e4-bce6f7285754
