01:00:48   §r§a§lREWARDS
01:00:48     §r§7§8+§b4 SkyBlock XP
01:01:03   §r§a§lREWARDS
01:01:03     §r§7§8+§b4 SkyBlock XP
01:03:19   §r§a§lREWARDS
01:03:19     §r§7§8+§b4 SkyBlock XP
01:19:27   §r§a§lREWARDS
01:19:27     §r§7§9Projectile Protection §7Exp Discount §a(-25%)
01:19:27     §r§7§8+§b4 SkyBlock XP
01:19:27   §r§a§lREWARDS
01:19:27     §r§7§8+§b4 SkyBlock XP
01:19:35   §r§a§lREWARDS
01:19:35     §r§7§8+§b4 SkyBlock XP
01:20:51   §r§a§lREWARDS
01:20:51     §r§7§9Feather Falling §7Exp Discount §a(-25%)
01:20:51     §r§7§8+§b4 SkyBlock XP
01:21:00   §r§a§lREWARDS
01:21:00     §r§7§8+§310 §7Farming Experience
01:21:00     §r§7§8+§b4 SkyBlock XP
01:21:17   §r§a§lREWARDS
01:21:17     §r§7§8+§b4 SkyBlock XP
01:26:07   §r§a§lREWARDS
01:26:07     §r§7§8+§b4 SkyBlock XP
01:26:23   §r§a§lREWARDS
01:26:23     §r§7§8+§b4 SkyBlock XP
