09:05:11 [EMPTY] §f §r§r§r§f §r§r§r§1 §r§r§r§0 §r§r§r§2 §r§r§r§f §r§r§r§f §r§r§r§2 §r§r§r§0 §r§r§r§4 §r§r§r§3 §r§r§r§9 §r§r§r§2 §r§r§r§0 §r§r§r§0 §r§r§r§3 §r§r§r§9 §r§r§r§2 §r§r§r§0 §r§r§r§0 §r§r§r§3 §r§r§r§9 §r§r§r§2 §r§r§r§0 §r§r§r§0 
09:05:11 [allowed] §aYou have §b17 §aunclaimed leveling rewards!
09:05:11 [allowed] §eClick here to view them!
09:05:11 [LOBBY]   §r§f§l➤ §r§6You have reached your Hype limit! Add Hype to Prototype Lobby minigames by right-clicking with the Hype Diamond!
09:05:12 [LOBBY] §b[MVP§2+§b] TheBaas§f §6joined the lobby!
09:05:14 [allowed] §cYou are sending commands too fast! Please slow down.
09:05:14 [WARPING] §7Sending to server mini143AU...
09:05:15 [EMPTY] §8 §r§8 §r§1 §r§3 §r§3 §r§7 §r§8 
09:05:15 [allowed] §b-----------------------------------------------------
09:05:15 [allowed] §aYou have just received §r§6390,000 coins §r§aas interest in your co-op bank account!
09:05:15 [allowed] §b-----------------------------------------------------
09:05:17 [EMPTY] 
09:05:17 [WELCOME] §eWelcome to §r§aHypixel SkyBlock§r§e!
09:05:17 [allowed] §6§lBONUS! §r§bTemporarily earn §r§a5% §r§bmore skill experience!
09:05:17 [EMPTY] 
09:05:17 [allowed] §eLatest update: §bSkyBlock v0.20.5 §e§lCLICK
09:05:17 [allowed] §cYou are sending commands too fast! Please slow down.
09:05:17 [PROFILE_JOIN] §aYou are playing on profile: §eApple§b (Co-op)
09:05:17 [PROFILE_JOIN] §8Profile ID: b1a71305-1956-42bf-90e4-bce6f7285754
09:05:20 [allowed] §6§lALLOWANCE! §r§eYou earned §r§650,000 coins§r§e!
09:05:20 [allowed] §cThere are blocks in the way!
09:05:43 [allowed] §cYou haven't unlocked this slot yet!
09:06:10 [EMPTY] §f §r§r§r§f §r§r§r§1 §r§r§r§0 §r§r§r§2 §r§r§r§f §r§r§r§f §r§r§r§2 §r§r§r§0 §r§r§r§4 §r§r§r§3 §r§r§r§9 §r§r§r§2 §r§r§r§0 §r§r§r§0 §r§r§r§3 §r§r§r§9 §r§r§r§2 §r§r§r§0 §r§r§r§0 §r§r§r§3 §r§r§r§9 §r§r§r§2 §r§r§r§0 §r§r§r§0 
09:06:10 [LOBBY] §b[MVP§9+§b] Sebbebas§f §6joined the lobby!
09:06:12 [allowed] §cYou are sending commands too fast! Please slow down.
09:06:17 [LOBBY] §b[MVP§f+§b] dadadesb§f §6joined the lobby!
09:06:19 [WARPING] §7Sending to server mini160DV...
09:06:20 [EMPTY] §8 §r§8 §r§1 §r§3 §r§3 §r§7 §r§8 
09:06:20 [allowed] §eYou haven't claimed your §r§6Summer Rewards §r§eyet!
09:06:20 [allowed] §eTalk to the §r§bSummer Sloth §r§ein the §r§aHub!
09:06:20 [allowed] §aSince you've been away you earned §r§678,000 coins §r§aas interest in your personal bank account!
09:06:21 [allowed] §cYou are sending commands too fast! Please slow down.
09:06:22 [EMPTY] 
09:06:22 [WELCOME] §eWelcome to §r§aHypixel SkyBlock§r§e!
09:06:22 [allowed] §6§lBONUS! §r§bTemporarily earn §r§a5% §r§bmore skill experience!
09:06:22 [EMPTY] 
09:06:22 [allowed] §eLatest update: §bSkyBlock v0.20.5 §e§lCLICK
09:06:23 [PROFILE_JOIN] §aYou are playing on profile: §eBanana§b (Co-op)
09:06:23 [PROFILE_JOIN] §8Profile ID: b1a71305-1956-42bf-90e4-bce6f7285754
09:06:23 [allowed] §6§lALLOWANCE! §r§eYou earned §r§650,000 coins§r§e!
09:06:24 [WARPING] §7Warping...
09:06:24 [WARPING] §7Sending to server mini38CQ...
09:06:24 [EMPTY] §8 §r§8 §r§1 §r§3 §r§3 §r§7 §r§8 
09:06:24 [allowed] §eYou haven't claimed your §r§6Summer Rewards §r§eyet!
09:06:24 [allowed] §eTalk to the §r§bSummer Sloth §r§ein the §r§aHub!
09:06:26 [allowed] §cYou are sending commands too fast! Please slow down.
09:06:27 [PROFILE_JOIN] §aYou are playing on profile: §eBanana§b (Co-op)
09:06:27 [PROFILE_JOIN] §8Profile ID: b1a71305-1956-42bf-90e4-bce6f7285754
09:06:45 [allowed] §d§lHOPPITY'S HUNT §r§dA §r§9Chocolate Lunch Egg §r§dhas appeared!
09:06:57 [allowed]  §b⚑ §eThe §b2x Powder §eevent starts in §a20 §eseconds!
 §eThis is a passive event! §bIt's happening everywhere in the §bDwarven Mines!
09:07:04 [allowed] §cSlow down!
09:07:18 [allowed] §a§l▬▬▬▬▬▬▬▬▬▬▬▬▬▬▬▬▬▬▬▬▬▬▬▬▬▬▬▬▬▬▬▬▬▬▬▬▬▬▬▬▬▬▬▬▬▬▬▬▬▬▬▬▬▬▬▬▬▬▬▬▬▬▬▬
09:07:18 [allowed] §f                          §r§b§l2X POWDER STARTED!
09:07:18 [allowed] §f                           §r§7Passive Active Event
09:07:18 [EMPTY] §f                                        
09:07:18 [allowed] §f        Everybody gets twice as much powder of all types!
09:07:18 [allowed] §a§l▬▬▬▬▬▬▬▬▬▬▬▬▬▬▬▬▬▬▬▬▬▬▬▬▬▬▬▬▬▬▬▬▬▬▬▬▬▬▬▬▬▬▬▬▬▬▬▬▬▬▬▬▬▬▬▬▬▬▬▬▬▬▬▬
09:07:23 [allowed] ▬▬▬▬▬▬▬▬▬▬▬▬▬▬▬▬▬▬▬▬▬▬▬▬▬▬▬▬▬▬▬▬▬▬▬▬▬▬▬▬▬▬▬▬▬▬▬▬▬▬▬▬▬▬▬▬▬▬▬▬▬▬▬▬
09:07:23 [allowed] §f                                §r§a§k#§r§6 LEVEL UP! §r§a§k#
09:07:23 [EMPTY] 
09:07:23 [allowed] §f                      §r§7You are now §r§3Hypixel Level §r§a87§r§7!
09:07:23 [EMPTY] 
09:07:23 [allowed] §f                     §r§eClaim your reward in the lobby!
09:07:23 [allowed] ▬▬▬▬▬▬▬▬▬▬▬▬▬▬▬▬▬▬▬▬▬▬▬▬▬▬▬▬▬▬▬▬▬▬▬▬▬▬▬▬▬▬▬▬▬▬▬▬▬▬▬▬▬▬▬▬▬▬▬▬▬▬▬▬
09:07:25 [allowed] §a§r§6Mining Speed Boost §r§ais now available!
09:07:29 [allowed] §cAutopet §eequipped your §7[Lvl 100] §6Scatha§e! §a§lVIEW RULE
09:07:40 [WARPING] §7Warping...
09:07:47 [allowed] §9᠅ §r§fYou've earned §r§25,747 Mithril Powder §r§ffrom mining your first Mithril Ore of the day!
09:07:52 [allowed] §9᠅ §r§fYou've earned §r§b5,747 Glacite Powder §r§ffrom mining your first Glacite of the day!
09:07:56 [allowed] §9᠅ §r§fYou've earned §r§d7,333 Gemstone Powder §r§ffrom mining your first Gemstone of the day!
09:07:58 [allowed] §6The warmth of the campfire reduced your §r§b❄ Cold §r§6to §r§a0§r§6!
09:12:29 [GUILD_EXP] §aYou earned §r§2298 GEXP §r§a+ §r§e894 Event EXP §r§afrom playing SkyBlock!
09:12:31 [allowed] §d§lHOPPITY'S HUNT §r§dA §r§aChocolate Dinner Egg §r§dhas appeared!
09:15:01 [allowed] §bNew day! §r§eYour §r§2Sky Mall §r§ebuff changed!
09:15:01 [allowed] §eNew buff§r§r§r: §r§fGain §r§a+50 §r§6☘ Mining Fortune§r§f.
