09:05:11 [allowed] §aYou have §b17 §aunclaimed leveling rewards!
09:05:11 [allowed] §eClick here to view them!
09:05:14 [allowed] §cYou are sending commands too fast! Please slow down.
09:05:15 [allowed] §b-----------------------------------------------------
09:05:15 [allowed] §aYou have just received §r§6390,000 coins §r§aas interest in your co-op bank account!
09:05:15 [allowed] §b-----------------------------------------------------
09:05:17 [allowed] §6§lBONUS! §r§bTemporarily earn §r§a5% §r§bmore skill experience!
09:05:17 [allowed] §eLatest update: §bSkyBlock v0.20.5 §e§lCLICK
09:05:17 [allowed] §cYou are sending commands too fast! Please slow down.
09:05:20 [allowed] §6§lALLOWANCE! §r§eYou earned §r§650,000 coins§r§e!
09:05:20 [allowed] §cThere are blocks in the way!
09:05:43 [allowed] §cYou haven't unlocked this slot yet!
09:06:12 [allowed] §cYou are sending commands too fast! Please slow down.
09:06:20 [allowed] §eYou haven't claimed your §r§6Summer Rewards §r§eyet!
09:06:20 [allowed] §eTalk to the §r§bSummer Sloth §r§ein the §r§aHub!
09:06:20 [allowed] §aSince you've been away you earned §r§678,000 coins §r§aas interest in your personal bank account!
09:06:21 [allowed] §cYou are sending commands too fast! Please slow down.
09:06:22 [allowed] §6§lBONUS! §r§bTemporarily earn §r§a5% §r§bmore skill experience!
09:06:22 [allowed] §eLatest update: §bSkyBlock v0.20.5 §e§lCLICK
09:06:23 [allowed] §6§lALLOWANCE! §r§eYou earned §r§650,000 coins§r§e!
09:06:24 [allowed] §eYou haven't claimed your §r§6Summer Rewards §r§eyet!
09:06:24 [allowed] §eTalk to the §r§bSummer Sloth §r§ein the §r§aHub!
09:06:26 [allowed] §cYou are sending commands too fast! Please slow down.
09:06:45 [allowed] §d§lHOPPITY'S HUNT §r§dA §r§9Chocolate Lunch Egg §r§dhas appeared!
09:06:57 [allowed]  §b⚑ §eThe §b2x Powder §eevent starts in §a20 §eseconds!
 §eThis is a passive event! §bIt's happening everywhere in the §bDwarven Mines!
09:07:04 [allowed] §cSlow down!
09:07:18 [allowed] §a§l▬▬▬▬▬▬▬▬▬▬▬▬▬▬▬▬▬▬▬▬▬▬▬▬▬▬▬▬▬▬▬▬▬▬▬▬▬▬▬▬▬▬▬▬▬▬▬▬▬▬▬▬▬▬▬▬▬▬▬▬▬▬▬▬
09:07:18 [allowed] §f                          §r§b§l2X POWDER STARTED!
09:07:18 [allowed] §f                           §r§7Passive Active Event
09:07:18 [allowed] §f        Everybody gets twice as much powder of all types!
09:07:18 [allowed] §a§l▬▬▬▬▬▬▬▬▬▬▬▬▬▬▬▬▬▬▬▬▬▬▬▬▬▬▬▬▬▬▬▬▬▬▬▬▬▬▬▬▬▬▬▬▬▬▬▬▬▬▬▬▬▬▬▬▬▬▬▬▬▬▬▬
09:07:23 [allowed] ▬▬▬▬▬▬▬▬▬▬▬▬▬▬▬▬▬▬▬▬▬▬▬▬▬▬▬▬▬▬▬▬▬▬▬▬▬▬▬▬▬▬▬▬▬▬▬▬▬▬▬▬▬▬▬▬▬▬▬▬▬▬▬▬
09:07:23 [allowed] §f                                §r§a§k#§r§6 LEVEL UP! §r§a§k#
09:07:23 [allowed] §f                      §r§7You are now §r§3Hypixel Level §r§a87§r§7!
09:07:23 [allowed] §f                     §r§eClaim your reward in the lobby!
09:07:23 [allowed] ▬▬▬▬▬▬▬▬▬▬▬▬▬▬▬▬▬▬▬▬▬▬▬▬▬▬▬▬▬▬▬▬▬▬▬▬▬▬▬▬▬▬▬▬▬▬▬▬▬▬▬▬▬▬▬▬▬▬▬▬▬▬▬▬
09:07:25 [allowed] §a§r§6Mining Speed Boost §r§ais now available!
09:07:29 [allowed] §cAutopet §eequipped your §7[Lvl 100] §6Scatha§e! §a§lVIEW RULE
09:07:47 [allowed] §9᠅ §r§fYou've earned §r§25,747 Mithril Powder §r§ffrom mining your first Mithril Ore of the day!
09:07:52 [allowed] §9᠅ §r§fYou've earned §r§b5,747 Glacite Powder §r§ffrom mining your first Glacite of the day!
09:07:56 [allowed] §9᠅ §r§fYou've earned §r§d7,333 Gemstone Powder §r§ffrom mining your first Gemstone of the day!
09:07:58 [allowed] §6The warmth of the campfire reduced your §r§b❄ Cold §r§6to §r§a0§r§6!
09:12:31 [allowed] §d§lHOPPITY'S HUNT §r§dA §r§aChocolate Dinner Egg §r§dhas appeared!
09:15:01 [allowed] §bNew day! §r§eYour §r§2Sky Mall §r§ebuff changed!
09:15:01 [allowed] §eNew buff§r§r§r: §r§fGain §r§a+50 §r§6☘ Mining Fortune§r§f.
