11:28:11 [EMPTY] §f §r§r§r§f §r§r§r§1 §r§r§r§0 §r§r§r§2 §r§r§r§f §r§r§r§f §r§r§r§2 §r§r§r§0 §r§r§r§4 §r§r§r§3 §r§r§r§9 §r§r§r§2 §r§r§r§0 §r§r§r§0 §r§r§r§3 §r§r§r§9 §r§r§r§2 §r§r§r§0 §r§r§r§0 §r§r§r§3 §r§r§r§9 §r§r§r§2 §r§r§r§0 §r§r§r§0 
11:28:11 [LOBBY] §b[MVP§9+§b] Sebbebas§f §6joined the lobby!
11:28:13 [allowed] §cYou are sending commands too fast! Please slow down.
11:28:20 [LOBBY] §b[MVP§6+§b] poffig§f §6joined the lobby!
11:28:22 [LOBBY] §b[MVP§2+§b] shadow_soseong§f §6joined the lobby!
11:28:23 [LOBBY] §b[MVP§c+§b] Mohith§f §6joined the lobby!
11:28:27 [LOBBY] §b[MVP§2+§b] BoomJumper§f §6joined the lobby!
11:28:28 [LOBBY] §b[MVP§a+§b] Hermanoff123§f §6joined the lobby!
11:28:37 [LOBBY] §b[MVP§9+§b] GabitoGOP§f §6joined the lobby!
11:28:37 [LOBBY] §b[MVP§c+§b] CryTeddy§f §6joined the lobby!
11:28:39 [WARPING] §7Sending to server mini40E...
11:28:40 [EMPTY] §8 §r§8 §r§1 §r§3 §r§3 §r§7 §r§8 
11:28:40 [allowed] §eYou haven't claimed your §r§6Summer Rewards §r§eyet!
11:28:40 [allowed] §eTalk to the §r§bSummer Sloth §r§ein the §r§aHub!
11:28:40 [allowed] §aSince you've been away you earned §r§678,000 coins §r§aas interest in your personal bank account!
11:28:40 [allowed] §b-----------------------------------------------------
11:28:40 [allowed] §aYou have just received §r§6390,000 coins §r§aas interest in your co-op bank account!
11:28:40 [allowed] §b-----------------------------------------------------
11:28:42 [EMPTY] 
11:28:42 [WELCOME] §eWelcome to §r§aHypixel SkyBlock§r§e!
11:28:42 [allowed] §6§lBONUS! §r§bTemporarily earn §r§a5% §r§bmore skill experience!
11:28:42 [EMPTY] 
11:28:42 [allowed] §eLatest update: §bSkyBlock v0.20.5 §e§lCLICK
11:28:42 [allowed] §cYou are sending commands too fast! Please slow down.
11:28:43 [PROFILE_JOIN] §aYou are playing on profile: §eBanana§b (Co-op)
11:28:43 [PROFILE_JOIN] §8Profile ID: b1a71305-1956-42bf-90e4-bce6f7285754
11:28:44 [allowed] §6§lALLOWANCE! §r§eYou earned §r§650,000 coins§r§e!
11:28:44 [allowed] §bNew day! §r§eYour §r§2Sky Mall §r§ebuff changed!
11:28:44 [allowed] §eNew buff§r§r§r: §r§fGain §r§a+15% §r§fmore Powder while mining.
11:28:50 [allowed] §8[§r§715§r§8] §r§a[VIP§6+§a] Poestma §7♲§f§r§f: who is don
11:28:54 [allowed] §8[§r§2173§r§8] §r§7❤ §r§b[MVP§e+§b] sammyzt§f§r§f: me
11:29:03 [allowed] §8[§r§715§r§8] §r§a[VIP§6+§a] Poestma §7♲§f§r§f: yeh for sure
11:29:06 [allowed] §e[NPC] §bDon Expresso§f: §rI DON'T HAVE ALL DAY, I ONLY WANT THE BEST LOOKING MITHRIL PIECES!
11:29:16 [allowed] §5§l✯ §r§eA §r§5Fallen Star §r§ehas crashed at §r§bUpper Mines§r§e! Nearby ore and Powder drops are amplified!
11:29:24 [allowed] §8[§r§715§r§8] §r§a[VIP§6+§a] Poestma §7♲§f§r§f: where is don
11:29:32 [allowed] §e[NPC] §bDon Expresso§f: §rWHAT ARE YOU GUYS WAITING FOR
11:29:41 [allowed] §a§r§6Mining Speed Boost §r§ais now available!
11:29:45 [allowed] §c ☠ §r§7§r§7VincentWCY§r§7 was killed by §r§5Star Sentry§r§7§r§7.
11:29:47 [allowed] §e[NPC] §bDon Expresso§f: §rYOU SHOULD ALL BE ASHAMED OF YOURSELVES
11:29:57 [WARPING] §7Warping...
11:30:26 [allowed] §c§r§eYou need the §r§dCookie Buff §r§eto use this feature!
11:30:26 [allowed] §eObtain a §r§6Booster Cookie §r§efrom the community shop in the hub!
11:30:32 [allowed] §8[§r§9288§r§8] §r§b§lᛝ §r§b[MVP§3+§b] melon6§f§r§f: potm 10 cost 1.5m?
11:30:33 [WARPING] §7Warping...
11:30:33 [WARPING] §7Sending to server mini76BM...
11:30:34 [EMPTY] §8 §r§8 §r§1 §r§3 §r§3 §r§7 §r§8 
11:30:34 [allowed] §eYou haven't claimed your §r§6Summer Rewards §r§eyet!
11:30:34 [allowed] §eTalk to the §r§bSummer Sloth §r§ein the §r§aHub!
11:30:36 [allowed] §cYou are sending commands too fast! Please slow down.
11:30:37 [PROFILE_JOIN] §aYou are playing on profile: §eBanana§b (Co-op)
11:30:37 [PROFILE_JOIN] §8Profile ID: b1a71305-1956-42bf-90e4-bce6f7285754
11:30:52 [allowed] §6[Bazaar] §r§7Putting goods in escrow...
11:30:52 [allowed] §6[Bazaar] §r§7Submitting sell offer...
11:30:52 [allowed] §6[Bazaar] §r§7§r§eSell Offer Setup! §r§a5§r§7x §r§6Refined Titanium §r§7for §r§63,621,709 coins§r§7.
11:31:17 [allowed] §8[§r§e104§r§8] §r§a[VIP] ItzAshre§f§r§f: anyone want free stuff
11:31:20 [allowed] §8[§r§739§r§8] §r§7Dragameon52§7§r§7: me
11:31:20 [allowed] §8[§r§e84§r§8] §r§7Joh_1504§7§r§7: me
11:31:23 [allowed] §8[§r§738§r§8] §r§b[MVP§c+§b] Ilikeblack13s§f§r§f: me
11:31:26 [allowed] §8[§r§71§r§8] §r§a[VIP] SquarkScan§f§r§f: sure
11:31:26 [allowed] §8[§r§e104§r§8] §r§a[VIP] ItzAshre§f§r§f: come map
11:31:28 [allowed] §8[§r§e104§r§8] §r§a[VIP] ItzAshre§f§r§f: trade
11:31:34 [allowed] §a§r§6Mining Speed Boost §r§ais now available!
11:31:50 [allowed] §8[§r§e104§r§8] §r§a[VIP] ItzAshre§f§r§f: i gave
11:31:53 [allowed] §6[Bazaar] §r§7Claiming order...
11:31:53 [allowed] §6[Bazaar] §r§7§r§7Claimed §r§62,897,367 coins §r§7from selling §r§a4§r§7x §r§6Refined Titanium §r§7at §r§6732,583 §r§7each!
11:31:57 [allowed] §6[Bazaar] §r§7Cancelling order...
11:31:57 [allowed] §6[Bazaar] §r§7§r§cCancelled! §r§7Refunded §r§a1§r§7x §r§6Refined Titanium §r§7from cancelling Sell Offer!
11:32:00 [allowed] §6[Bazaar] §r§7Putting goods in escrow...
11:32:00 [allowed] §6[Bazaar] §r§7Submitting sell offer...
11:32:00 [allowed] §6[Bazaar] §r§7§r§eSell Offer Setup! §r§a1§r§7x §r§6Refined Titanium §r§7for §r§6724,342 coins§r§7.
11:32:06 [allowed] §8Depositing coins...
11:32:06 [allowed] §aDeposited §r§62.9M coins§r§a! There's now §r§6446M coins §r§ain the account!
11:32:08 [allowed] §c ☠ §r§7§r§7StonyOrange83§r§7 fell into the void§r§7.
11:32:13 [WARPING] §7Sending to server mini1027H...
11:32:14 [EMPTY] §8 §r§8 §r§1 §r§3 §r§3 §r§7 §r§8 
11:32:14 [allowed] §eYou haven't claimed your §r§6Summer Rewards §r§eyet!
11:32:14 [allowed] §eTalk to the §r§bSummer Sloth §r§ein the §r§aHub!
11:32:17 [allowed] §cYou are sending commands too fast! Please slow down.
11:32:17 [PROFILE_JOIN] §aYou are playing on profile: §eBanana§b (Co-op)
11:32:17 [PROFILE_JOIN] §8Profile ID: b1a71305-1956-42bf-90e4-bce6f7285754
11:32:18 [allowed] §aWarped from the §r§cRed Teleport Pad§r§a to the §r§dStorage Teleport Pad§r§a!
11:32:31 [WARPING] §7Sending to server mini1008F...
11:32:32 [EMPTY] §8 §r§8 §r§1 §r§3 §r§3 §r§7 §r§8 
11:32:32 [allowed] §eYou haven't claimed your §r§6Summer Rewards §r§eyet!
11:32:32 [allowed] §eTalk to the §r§bSummer Sloth §r§ein the §r§aHub!
11:32:34 [allowed] §cYou are sending commands too fast! Please slow down.
11:32:35 [PROFILE_JOIN] §aYou are playing on profile: §eBanana§b (Co-op)
11:32:35 [PROFILE_JOIN] §8Profile ID: b1a71305-1956-42bf-90e4-bce6f7285754
11:33:32 [allowed] §a§r§6Mining Speed Boost §r§ais now available!
11:33:34 [allowed] §8[§r§f70§r§8] §r§b[MVP§6+§b] Puzzled5529§f§r§f: can someone help me get wolf slayer 4 pls//
11:33:44 [allowed] §8[§r§f70§r§8] §r§b[MVP§6+§b] Puzzled5529§f§r§f: just gotta do 2 t4s and im done
11:33:46 [allowed] §cThere are blocks in the way!
11:33:48 [allowed] §cThere are blocks in the way!
11:34:00 [allowed] §8[§r§3259§r§8] §r§5§l࿇ §r§b[MVP§r§9+§r§b] Sebbebas§r§f: where
11:34:04 [allowed] §8[§r§f70§r§8] §r§b[MVP§6+§b] Puzzled5529§f§r§f: castle
11:34:09 [allowed] §8[§r§3259§r§8] §r§5§l࿇ §r§b[MVP§r§9+§r§b] Sebbebas§r§f: im here
11:34:10 [allowed] §8[§r§f70§r§8] §r§b[MVP§6+§b] Puzzled5529§f§r§f: lemme get there 1 sec
11:34:19 [allowed] §aYou summoned your §r§6Tiger§r§a!
11:34:26 [allowed] §8[§r§f70§r§8] §r§b[MVP§6+§b] Puzzled5529§f§r§f: thx bro
11:34:29 [allowed] §8[§r§3259§r§8] §r§5§l࿇ §r§b[MVP§r§9+§r§b] Sebbebas§r§f: np
11:34:29 [allowed] §8[§r§f70§r§8] §r§b[MVP§6+§b] Puzzled5529§f§r§f: k ill start doing it
11:34:34 [allowed] §8[§r§3259§r§8] §r§5§l࿇ §r§b[MVP§r§9+§r§b] Sebbebas§r§f: ye
11:35:00 [SKYMALL] §bNew day! §r§eYour §r§2Sky Mall §r§ebuff changed!
11:35:00 [SKYMALL] §eNew buff§r§r§r: §r§f§r§a10x §r§fchance to find Golden and Diamond Goblins.
11:35:00 [SKYMALL] §8§oYou can disable this messaging by toggling Sky Mall in your /hotm!
11:36:26 [allowed] §eYou received kill credit for assisting on a slayer miniboss!
11:36:42 [allowed] §a§l+5 Kill Combo §r§8§r§b+3✯ Magic Find
11:36:42 [allowed] §7Your Giant's Sword hit §r§c6 §r§7enemies for §r§c4,801,473 §r§7damage.
11:36:43 [allowed] §e§lLOOT SHARE §r§r§r§fYou received loot for assisting §r§bPuzzled5529§r§f!
11:36:43 [allowed] §a§l+10 Kill Combo §r§8+§r§610 §r§7coins per kill
11:36:46 [allowed] §8[§r§f70§r§8] §r§b[MVP§6+§b] Puzzled5529§f§r§f: yaa
11:36:49 [allowed] §8[§r§f70§r§8] §r§b[MVP§6+§b] Puzzled5529§f§r§f: 1 more
11:36:53 [allowed] §c§r§eYou need the §r§dCookie Buff §r§eto use this feature!
11:36:53 [allowed] §eObtain a §r§6Booster Cookie §r§efrom the community shop in the hub!
11:36:53 [allowed] §cYour Kill Combo has expired! You reached a 11 Kill Combo!
11:36:58 [allowed] §cThere are blocks in the way!
11:37:01 [allowed] §c ☠ §r§7§r§aTreezerook§r§7 was killed by Crypt Ghoul§r§7§r§7.
11:37:13 [allowed] §e✆ RING... 
11:37:14 [allowed] §e✆ RING... RING... 
11:37:15 [allowed] §e✆ RING... RING... RING... 
11:37:16 [allowed] §e[NPC] §5Maddox§f: §b✆ §f§rYou hear the line pick up...
11:37:23 [GUILD_EXP] §aYou earned §r§2432 GEXP §r§a+ §r§e1,296 Event EXP §r§afrom playing SkyBlock!
11:37:28 [allowed] §cThere are blocks in the way!
11:38:16 [allowed] §8[§r§f61§r§8] §r§7BasitOP§7§r§7: mine is about to spown
11:38:22 [allowed] §6[Bazaar] §eYour §6Sell Offer §efor §a1§7x §6Refined Titanium §ewas filled!
11:38:30 [allowed] §c§r§eYou need the §r§dCookie Buff §r§eto use this feature!
11:38:30 [allowed] §eObtain a §r§6Booster Cookie §r§efrom the community shop in the hub!
11:38:30 [allowed] §c§r§eYou need the §r§dCookie Buff §r§eto use this feature!
11:38:30 [allowed] §eObtain a §r§6Booster Cookie §r§efrom the community shop in the hub!
11:38:58 [allowed] §cThere are blocks in the way!
11:39:06 [allowed] §cThere are blocks in the way!
11:39:06 [allowed] §cThere are blocks in the way!
11:39:26 [allowed] §a§l+5 Kill Combo §r§8§r§b+3✯ Magic Find
11:39:27 [allowed] §7Your Giant's Sword hit §r§c3 §r§7enemies for §r§c2,513,829 §r§7damage.
11:39:27 [allowed] §e§lLOOT SHARE §r§r§r§fYou received loot for assisting §r§bPuzzled5529§r§f!
11:39:27 [allowed] §a§l+10 Kill Combo §r§8+§r§610 §r§7coins per kill
11:39:30 [allowed] §8[§r§f70§r§8] §r§b[MVP§6+§b] Puzzled5529§f§r§f: lets goo
11:39:33 [allowed] §8[§r§f70§r§8] §r§b[MVP§6+§b] Puzzled5529§f§r§f: thanks guys
11:39:33 [allowed] §cYour Kill Combo has expired! You reached a 10 Kill Combo!
11:39:36 [allowed] §8[§r§3259§r§8] §r§5§l࿇ §r§b[MVP§r§9+§r§b] Sebbebas§r§f: gg
11:39:38 [allowed] §8[§r§3259§r§8] §r§5§l࿇ §r§b[MVP§r§9+§r§b] Sebbebas§r§f: np
11:39:39 [allowed] §8[§d324§8] §b§lᛝ §r§b[MVP§d+§b] 1styuki§f§7 is holding §r§8[§bHeated Divan's Drill§8]
11:39:41 [allowed] §8[§r§d324§r§8] §r§b§lᛝ §r§b[MVP§d+§b] 1styuki§f§r§f: selling 2.49B
11:39:48 [allowed] §8[§r§3259§r§8] §r§5§l࿇ §r§b[MVP§r§9+§r§b] Sebbebas§r§f: SHEEEESHH
11:39:52 [allowed] §8[§r§3259§r§8] §r§5§l࿇ §r§b[MVP§r§9+§r§b] Sebbebas§r§f: IM ******* BROKE
11:40:05 [allowed] §8[§r§f61§r§8] §r§7BasitOP§7§r§7: brotherr
11:40:12 [allowed] §8[§r§f61§r§8] §r§7BasitOP§7§r§7: wait
11:40:17 [allowed] §8[§r§3259§r§8] §r§5§l࿇ §r§b[MVP§r§9+§r§b] Sebbebas§r§f: wat
11:40:25 [allowed] §a§l+5 Kill Combo §r§8§r§b+3✯ Magic Find
11:40:25 [allowed] §7Your Giant's Sword hit §r§c5 §r§7enemies for §r§c3,717,450 §r§7damage.
11:40:26 [allowed] §e§lLOOT SHARE §r§r§r§fYou received loot for assisting §r§7BasitOP§r§f!
11:40:32 [allowed] §8[§r§3259§r§8] §r§5§l࿇ §r§b[MVP§r§9+§r§b] Sebbebas§r§f: i gtg
11:40:34 [allowed] §cYour Kill Combo has expired! You reached a 7 Kill Combo!
11:40:35 [allowed] §8[§r§3259§r§8] §r§5§l࿇ §r§b[MVP§r§9+§r§b] Sebbebas§r§f: sry
11:40:36 [allowed] §8[§r§f61§r§8] §r§7BasitOP§7§r§7: thats it?
11:40:43 [allowed] §8[§r§3259§r§8] §r§5§l࿇ §r§b[MVP§r§9+§r§b] Sebbebas§r§f: yea
11:40:48 [allowed] §8[§r§3259§r§8] §r§5§l࿇ §r§b[MVP§r§9+§r§b] Sebbebas§r§f: I go fishg
11:40:52 [allowed] §cThere are blocks in the way!
11:40:53 [allowed] §8[§r§f61§r§8] §r§7BasitOP§7§r§7: no you i have no problem
11:41:01 [allowed] §c§r§eYou need the §r§dCookie Buff §r§eto use this feature!
11:41:01 [allowed] §eObtain a §r§6Booster Cookie §r§efrom the community shop in the hub!
11:41:02 [allowed] §8[§r§f61§r§8] §r§7BasitOP§7§r§7: but just 2-4 sec
11:41:08 [allowed] §8[§r§f61§r§8] §r§7BasitOP§7§r§7: to kill it
11:41:17 [allowed] §8[§r§3259§r§8] §r§5§l࿇ §r§b[MVP§r§9+§r§b] Sebbebas§r§f: yes?
11:41:21 [allowed] §6[Bazaar] §r§7Executing instant sell...
11:41:21 [allowed] §6[Bazaar] §r§7Sold §r§a26§r§7x §r§aWolf Tooth §r§7for §r§610,951 coins§r§7!
11:41:24 [allowed] §8[§r§f61§r§8] §r§7BasitOP§7§r§7: dam
11:41:28 [allowed] §6[Bazaar] §r§7Claiming order...
11:41:28 [allowed] §6[Bazaar] §r§7§r§7Claimed §r§6724,342 coins §r§7from selling §r§a1§r§7x §r§6Refined Titanium §r§7at §r§6732,583 §r§7each!
11:41:32 [allowed] §8Depositing coins...
11:41:32 [allowed] §aDeposited §r§6739k coins§r§a! There's now §r§6447M coins §r§ain the account!
11:42:15 [allowed] §c ☠ §r§7§r§aTreezerook§r§7 was killed by Crypt Ghoul§r§7§r§7.
11:42:23 [allowed] §cAutopet §eequipped your §7[Lvl 73] §6Ammonite§e! §a§lVIEW RULE
11:42:24 [GUILD_EXP] §aYou earned §r§2750 GEXP §r§a+ §r§e2,250 Event EXP §r§afrom playing SkyBlock!
11:43:43 [WARPING] §7Warping...
11:43:43 [WARPING] §7Sending to server mini28BD...
11:43:44 [EMPTY] §8 §r§8 §r§1 §r§3 §r§3 §r§7 §r§8 
11:43:44 [allowed] §eYou haven't claimed your §r§6Summer Rewards §r§eyet!
11:43:44 [allowed] §eTalk to the §r§bSummer Sloth §r§ein the §r§aHub!
11:43:46 [allowed] §cYou are sending commands too fast! Please slow down.
11:43:47 [allowed] §4☄ §r§bbeef15 §r§eplaced an Arachne Crystal! Something is awakening!
11:43:47 [PROFILE_JOIN] §aYou are playing on profile: §eBanana§b (Co-op)
11:43:47 [PROFILE_JOIN] §8Profile ID: b1a71305-1956-42bf-90e4-bce6f7285754
11:43:52 [allowed] §cThere are blocks in the way!
11:44:01 [allowed] §cYou need the Cookie Buff active to use this feature!
11:44:02 [allowed] §cYou need the Cookie Buff active to use this feature!
11:44:02 [allowed] §cYou need the Cookie Buff active to use this feature!
11:44:03 [allowed] §cYou need the Cookie Buff active to use this feature!
11:44:04 [allowed] §aThe Rider of the Deep has emerged.
11:44:05 [allowed] §e§lLOOT SHARE §r§r§r§fYou received loot for assisting §r§acxlh§r§f!
11:44:05 [allowed] §e§lLOOT SHARE §r§r§r§fYou received loot for assisting §r§acxlh§r§f!
11:44:06 [allowed] §e§lLOOT SHARE §r§r§r§fYou received loot for assisting §r§bowuv§r§f!
11:44:06 [allowed] §e§lLOOT SHARE §r§r§r§fYou received loot for assisting §r§aF_E_A_R§r§f!
11:44:06 [allowed] §3§l▬▬▬▬▬▬▬▬▬▬▬▬▬▬▬▬▬▬▬▬▬▬▬▬▬▬▬▬▬▬▬▬▬▬▬▬▬▬▬▬▬▬▬▬▬▬▬▬▬▬▬▬▬▬▬▬▬▬▬▬▬▬▬▬
11:44:06 [EMPTY]  
11:44:06 [BESTIARY] §f                                  §6§lBESTIARY
11:44:06 [BESTIARY] §f                      §b§lGuardian Defender §7§8IX §8➡§b §bX
11:44:06 [BESTIARY] 
11:44:06 [BESTIARY] §f                                  §r§6§lREWARDS
11:44:06 [BESTIARY] §f                  §r§8+§r§a3 Guardian Defender §r§b✯ Magic Find
11:44:06 [BESTIARY] §f                   §r§8+§r§a3 Guardian Defender §r§c❁ Strength
11:44:06 [BESTIARY] §f                      §r§8+§r§62% §r§aGuardian Defender §r§7coins
11:44:06 [BESTIARY] §f                    §r§8+§r§a50% §r§7chance for extra XP orbs
11:44:06 [BESTIARY] §f                               §r§8+§r§b1 SkyBlock XP
11:44:06 [BESTIARY] 
11:44:06 [BESTIARY] §3§l▬▬▬▬▬▬▬▬▬▬▬▬▬▬▬▬▬▬▬▬▬▬▬▬▬▬▬▬▬▬▬▬▬▬▬▬▬▬▬▬▬▬▬▬▬▬▬▬▬▬▬▬▬▬▬▬▬▬▬▬▬▬▬▬
11:44:06 [allowed] §e§lLOOT SHARE §r§r§r§fYou received loot for assisting §r§bowuv§r§f!
11:44:12 [allowed] §7[§bSkyblockAddons§7] §cDrop this item again to confirm!
11:44:17 [WARPING] §7Warping...
11:44:17 [WARPING] §7Sending to server mini1DW...
11:44:18 [EMPTY] §8 §r§8 §r§1 §r§3 §r§3 §r§7 §r§8 
11:44:18 [allowed] §eYou haven't claimed your §r§6Summer Rewards §r§eyet!
11:44:18 [allowed] §eTalk to the §r§bSummer Sloth §r§ein the §r§aHub!
11:44:20 [allowed] §cYou are sending commands too fast! Please slow down.
11:44:20 [WARPING] §7Warping...
11:44:21 [PROFILE_JOIN] §aYou are playing on profile: §eBanana§b (Co-op)
11:44:21 [PROFILE_JOIN] §8Profile ID: b1a71305-1956-42bf-90e4-bce6f7285754
11:44:30 [allowed] §8Withdrawing coins...
11:44:30 [allowed] §aWithdrew §r§614M coins§r§a! There's now §r§6433M coins §r§aleft in the account!
11:44:44 [allowed] §6[Bazaar] §r§7Executing instant buy...
11:44:44 [allowed] §6[Bazaar] §r§7Bought §r§a1§r§7x §r§6Booster Cookie §r§7for §r§612,598,999 coins§r§7!
11:44:48 [allowed] §8Depositing coins...
11:44:48 [allowed] §aDeposited §r§61.4M coins§r§a! There's now §r§6434M coins §r§ain the account!
11:44:51 [allowed] §eYou consumed a §r§6Booster Cookie§r§e! §r§dYummy!
11:45:19 [allowed] §a§r§6Mining Speed Boost §r§ais now available!
11:45:38 [GUILD_EXP] §aYou earned §r§243 GEXP §r§a+ §r§e129 Event EXP §r§afrom playing SkyBlock!
11:45:53 [allowed] §aYou sold §r§fLight Gray Stained Glass Pane§r§8 x6 §r§afor §r§64.5 Coins§r§a!
11:46:14 [WARPING] §7Warping...
11:46:14 [WARPING] §7Sending to server mini35J...
11:46:15 [EMPTY] §8 §r§8 §r§1 §r§3 §r§3 §r§7 §r§8 
11:46:15 [allowed] §eYou haven't claimed your §r§6Summer Rewards §r§eyet!
11:46:15 [allowed] §eTalk to the §r§bSummer Sloth §r§ein the §r§aHub!
11:46:17 [allowed] §cYou are sending commands too fast! Please slow down.
11:46:18 [PROFILE_JOIN] §aYou are playing on profile: §eBanana§b (Co-op)
11:46:18 [PROFILE_JOIN] §8Profile ID: b1a71305-1956-42bf-90e4-bce6f7285754
11:46:22 [allowed] §cThere are blocks in the way!
11:46:31 [allowed] §aThe Rider of the Deep has emerged.
11:46:34 [allowed] §aYou reeled in a Sea Archer.
11:46:37 [allowed] §aIt looks like you've disrupted the Sea Witch's brewing session. Watch out, she's furious!
11:46:41 [allowed] §aYou reeled in a Sea Archer.
11:46:43 [allowed] §6§lRARE DROP! §r§aEnchanted Bone §r§b(+§r§b141% §r§b✯ Magic Find§r§b)
11:46:59 [allowed] §aIt looks like you've disrupted the Sea Witch's brewing session. Watch out, she's furious!
11:47:03 [allowed] §aIt looks like you've disrupted the Sea Witch's brewing session. Watch out, she's furious!
11:47:10 [allowed] §aHuh? A Catfish!
11:47:14 [allowed] §aYou reeled in a Sea Archer.
11:47:15 [allowed] §a§r§6Mining Speed Boost §r§ais now available!
11:47:23 [allowed] §aYou caught a Sea Walker.
11:47:25 [allowed] §a§l+5 Kill Combo §r§8§r§b+3✯ Magic Find
11:47:27 [allowed] §aA Squid appeared.
11:47:33 [allowed] §cYour Kill Combo has expired! You reached a 5 Kill Combo!
11:47:33 [allowed] §c ☠ §r§7§r§7LaBouteilleDo§r§7 was killed by Arachne's Brood§r§7§r§7.
11:47:37 [allowed] §aYou caught a Sea Walker.
11:47:40 [allowed] §aYour Blessing enchant got you double drops!
11:47:40 [allowed] §6§lGOOD CATCH! §r§bYou found a §r§fGolden Apple§r§b.
11:47:45 [allowed] §aYou reeled in a Sea Archer.
11:47:50 [allowed] §aGross! A Sea Leech!
11:47:50 [allowed] §6§lRARE DROP! §r§fEnchanted Book §r§b(+§r§b141% §r§b✯ Magic Find§r§b)
11:48:03 [allowed] §8[§r§729§r§8] §r§7Hadeskin§7§r§7: where she at ?
11:48:04 [allowed] §aYou've discovered a Guardian Defender of the sea.
11:48:07 [GUILD_EXP] §aYou earned §r§2125 GEXP §r§a+ §r§e375 Event EXP §r§afrom playing SkyBlock!
11:48:08 [allowed] §e§lLOOT SHARE §r§r§r§fYou received loot for assisting §r§7xicscon§r§f!
11:48:16 [allowed] §c ☠ §r§7§r§7Hadeskin§r§7 was killed by Arachne's Keeper§r§7§r§7.
11:48:33 [allowed] §aYou reeled in a Sea Archer.
11:48:43 [allowed] §c ☠ §r§7§r§bNtBYT§r§7 was killed by Weaver Spider§r§7§r§7.
11:48:47 [allowed] §aYou've discovered a Guardian Defender of the sea.
11:48:55 [allowed] §6§lGOOD CATCH! §r§bYou found a §r§9Frozen Bait§r§b.
11:48:57 [allowed] §c ☠ §r§7§r§bNtBYT§r§7 was killed by Silverfish§r§7§r§7.
11:48:57 [allowed] §aYou sold §r§9Frozen Bait§r§8 x16 §r§afor §r§6160 Coins§r§a!
11:48:58 [allowed] §aYou bought back §r§9Frozen Bait§r§8 x16 §r§afor §r§6160 Coins§r§a!
11:49:00 [allowed] §aYou sold §r§9Frozen Bait§r§8 x16 §r§afor §r§6160 Coins§r§a!
11:49:04 [allowed] §aA Squid appeared.
11:49:17 [allowed] §aHuh? A Catfish!
11:49:20 [allowed] §aYou reeled in a Sea Archer.
11:49:25 [allowed] §aThe Rider of the Deep has emerged.
11:49:25 [allowed] §c ☠ §r§7§r§bNtBYT§r§7 was killed by Weaver Spider§r§7§r§7.
11:49:33 [allowed] §aA Squid appeared.
11:49:39 [allowed] §8[§r§a152§r§8] §r§6[MVP§1++§6] powf§f§r§f: can u even get poison samples from slimes
11:49:44 [allowed] §c ☠ §r§7§r§bNtBYT§r§7 was killed by Weaver Spider§r§7§r§7.
11:49:50 [allowed] §8[§r§e115§r§8] §r§a[VIP] Germania26 §7♲§f§r§f: yes
11:49:52 [allowed] §8[§r§a152§r§8] §r§6[MVP§1++§6] powf§f§r§f: dud
11:49:53 [allowed] §8[§r§a152§r§8] §r§6[MVP§1++§6] powf§f§r§f: i got none
11:49:53 [allowed] §8[§r§3259§r§8] §r§5§l࿇ §r§b[MVP§r§9+§r§b] Sebbebas§r§f: its special slimes
11:49:54 [allowed] §8[§r§e115§r§8] §r§a[VIP] Germania26 §7♲§f§r§f: I got 4 already
11:49:59 [allowed] §aThe Rider of the Deep has emerged.
11:50:02 [allowed] §aThe Rider of the Deep has emerged.
11:50:17 [allowed] §aYou stumbled upon a Sea Guardian.
11:50:23 [allowed] §aIt looks like you've disrupted the Sea Witch's brewing session. Watch out, she's furious!
11:50:30 [allowed] §aIt looks like you've disrupted the Sea Witch's brewing session. Watch out, she's furious!
11:50:31 [allowed] §a§l+5 Kill Combo §r§8§r§b+3✯ Magic Find
11:50:32 [allowed] §c ☠ §r§7§r§bTheDankMadness§r§7 was killed by Splitter Spider§r§7§r§7.
11:50:39 [allowed] §cYour Kill Combo has expired! You reached a 5 Kill Combo!
11:51:00 [allowed] §c ☠ §r§7§r§7LaBouteilleDo§r§7 was killed by Arachne's Keeper§r§7§r§7.
11:51:13 [allowed] §8Withdrawing coins...
11:51:13 [allowed] §aWithdrew §r§64M coins§r§a! There's now §r§6430M coins §r§aleft in the account!
11:51:21 [allowed] §6[Bazaar] §r§7Executing instant buy...
11:51:21 [allowed] §6[Bazaar] §r§7Bought §r§a64§r§7x §r§9Whale Bait §r§7for §r§6281,299 coins§r§7!
11:51:21 [allowed] §6[Bazaar] §r§7Executing instant buy...
11:51:21 [allowed] §6[Bazaar] §r§7Bought §r§a64§r§7x §r§9Whale Bait §r§7for §r§6281,299 coins§r§7!
11:51:22 [allowed] §6[Bazaar] §r§7Executing instant buy...
11:51:22 [allowed] §6[Bazaar] §r§7Bought §r§a64§r§7x §r§9Whale Bait §r§7for §r§6281,299 coins§r§7!
11:51:22 [allowed] §6[Bazaar] §r§7Executing instant buy...
11:51:22 [allowed] §6[Bazaar] §r§7Bought §r§a64§r§7x §r§9Whale Bait §r§7for §r§6281,299 coins§r§7!
11:51:23 [allowed] §6[Bazaar] §r§7Executing instant buy...
11:51:23 [allowed] §6[Bazaar] §r§7Bought §r§a64§r§7x §r§9Whale Bait §r§7for §r§6281,299 coins§r§7!
11:51:24 [allowed] §6[Bazaar] §r§7Executing instant buy...
11:51:24 [allowed] §6[Bazaar] §r§7Bought §r§a64§r§7x §r§9Whale Bait §r§7for §r§6281,299 coins§r§7!
11:51:25 [allowed] §6[Bazaar] §r§7Executing instant buy...
11:51:25 [allowed] §6[Bazaar] §r§7Bought §r§a64§r§7x §r§9Whale Bait §r§7for §r§6281,299 coins§r§7!
11:51:26 [allowed] §6[Bazaar] §r§7Executing instant buy...
11:51:26 [allowed] §6[Bazaar] §r§7Bought §r§a64§r§7x §r§9Whale Bait §r§7for §r§6281,299 coins§r§7!
11:51:26 [allowed] §6[Bazaar] §r§7Executing instant buy...
11:51:26 [allowed] §6[Bazaar] §r§7Bought §r§a64§r§7x §r§9Whale Bait §r§7for §r§6281,299 coins§r§7!
11:51:27 [allowed] §6[Bazaar] §r§7Executing instant buy...
11:51:27 [allowed] §6[Bazaar] §r§7Bought §r§a64§r§7x §r§9Whale Bait §r§7for §r§6281,299 coins§r§7!
11:51:29 [allowed] §6[Bazaar] §r§7Executing instant buy...
11:51:29 [allowed] §6[Bazaar] §r§7Bought §r§a64§r§7x §r§9Whale Bait §r§7for §r§6281,299 coins§r§7!
11:51:30 [allowed] §6[Bazaar] §r§7Executing instant buy...
11:51:30 [allowed] §6[Bazaar] §r§7Bought §r§a64§r§7x §r§9Whale Bait §r§7for §r§6281,299 coins§r§7!
11:51:30 [allowed] §6[Bazaar] §r§7Executing instant buy...
11:51:30 [allowed] §6[Bazaar] §r§7Bought §r§a64§r§7x §r§9Whale Bait §r§7for §r§6281,299 coins§r§7!
11:51:31 [allowed] §6[Bazaar] §r§7Executing instant buy...
11:51:31 [allowed] §6[Bazaar] §r§7Bought §r§a64§r§7x §r§9Whale Bait §r§7for §r§6281,299 coins§r§7!
11:51:35 [allowed] §8[§r§a152§r§8] §r§6[MVP§1++§6] powf§f§r§f: wats the drop chance from a special slime
11:51:38 [allowed] §8[§r§a152§r§8] §r§6[MVP§1++§6] powf§f§r§f: to get the poison sample
11:51:43 [allowed] §aYour Blessing enchant got you double drops!
11:51:48 [allowed] §aA Squid appeared.
11:51:49 [allowed] §c ☠ §r§7§r§7LaBouteilleDo§r§7 was killed by Arachne's Keeper§r§7§r§7.
11:51:55 [allowed] §c ☠ §r§7§r§bNtBYT§r§7 was killed by Splitter Spider§r§7§r§7.
11:52:09 [allowed] §aIt looks like you've disrupted the Sea Witch's brewing session. Watch out, she's furious!
11:52:15 [allowed] §aHuh? A Catfish!
11:52:19 [allowed] §aYou caught a Sea Walker.
11:52:19 [allowed] §6§lRARE DROP! §r§fEnchanted Book §r§b(+§r§b141% §r§b✯ Magic Find§r§b)
11:52:24 [allowed] §aA Squid appeared.
11:52:28 [allowed] §aYou reeled in a Sea Archer.
11:52:28 [allowed] §a§l+5 Kill Combo §r§8§r§b+3✯ Magic Find
11:52:32 [allowed] §aYou caught a Sea Walker.
11:52:36 [allowed] §aYou've discovered a Guardian Defender of the sea.
11:52:40 [allowed] §cYour Kill Combo has expired! You reached a 6 Kill Combo!
11:52:41 [allowed] §c ☠ §r§7§r§7i_want_eat_cat§r§7 was killed by Tarantula Broodfather§r§7§r§7.
11:52:47 [allowed] §aYou stumbled upon a Sea Guardian.
11:52:57 [allowed] §aYou reeled in a Sea Archer.
11:53:00 [allowed] §6§lRARE DROP! §r§fEnchanted Book §r§b(+§r§b141% §r§b✯ Magic Find§r§b)
11:53:01 [allowed] §c ☠ §r§7§r§7bixibix§r§7 was killed by Weaver Spider§r§7§r§7.
11:53:04 [allowed] §aYou reeled in a Sea Archer.
11:53:04 [allowed] §aYour §r§6Ammonite §r§aleveled up to level §r§974§r§a!
11:53:08 [GUILD_EXP] §aYou earned §r§2389 GEXP §r§a+ §r§e1,167 Event EXP §r§afrom playing SkyBlock!
11:53:09 [allowed] §aYour Blessing enchant got you double drops!
11:53:15 [allowed] §aA Squid appeared.
11:53:26 [allowed] §aA Squid appeared.
11:53:29 [allowed] §6§lRARE DROP! §r§fEnchanted Book §r§b(+§r§b141% §r§b✯ Magic Find§r§b)
11:53:42 [allowed] §aIt looks like you've disrupted the Sea Witch's brewing session. Watch out, she's furious!
11:53:56 [allowed] §aHuh? A Catfish!
11:54:03 [allowed] §cThere are blocks in the way!
11:54:12 [allowed] §aYou stumbled upon a Sea Guardian.
11:54:18 [allowed] §c ☠ §r§7§r§bTheDankMadness§r§7 was killed by Dasher Spider§r§7§r§7.
11:54:21 [allowed] §cThere are blocks in the way!
11:54:21 [allowed] §cThere are blocks in the way!
11:54:22 [allowed] §cThis ability is on cooldown for 15s.
11:54:23 [allowed] §cThis ability is on cooldown for 14s.
11:54:34 [allowed] §aA Squid appeared.
11:54:42 [allowed] §aYour Blessing enchant got you double drops!
11:54:54 [allowed] §aA Squid appeared.
11:55:00 [allowed] §c ☠ §r§7§r§bTheDankMadness§r§7 was killed by Silverfish§r§7§r§7.
11:55:00 [SKYMALL] §bNew day! §r§eYour §r§2Sky Mall §r§ebuff changed!
11:55:00 [SKYMALL] §eNew buff§r§r§r: §r§fReduce Pickaxe Ability cooldown by §r§a20%§r§f.
11:55:00 [SKYMALL] §8§oYou can disable this messaging by toggling Sky Mall in your /hotm!
11:55:00 [allowed] §aThe Rider of the Deep has emerged.
11:55:06 [allowed] §aYour Blessing enchant got you double drops!
11:55:22 [allowed] §aA Squid appeared.
11:55:24 [allowed] §c ☠ §r§7§r§bTheDankMadness§r§7 was killed by Weaver Spider§r§7§r§7.
11:55:30 [allowed] §aHuh? A Catfish!
11:55:35 [allowed] §c ☠ §r§7§r§bKlenerKaktus§r§7 was killed by Dasher Spider§r§7§r§7.
11:55:36 [allowed] §c ☠ §r§7§r§bNtBYT§r§7 was killed by Weaver Spider§r§7§r§7.
11:55:42 [allowed] §aYou reeled in a Sea Archer.
11:55:46 [allowed] §c ☠ §r§7§r§7CookedMeat2001§r§7 was killed by Dasher Spider§r§7§r§7.
11:56:04 [allowed] §c ☠ §r§7§r§bNtBYT§r§7 was killed by Voracious Spider§r§7§r§7.
11:56:05 [allowed] §aIt looks like you've disrupted the Sea Witch's brewing session. Watch out, she's furious!
11:57:02 [allowed] §aYou caught a Sea Walker.
11:57:08 [allowed] §aYou have awoken the Deep Sea Protector, prepare for a battle!
11:57:15 [allowed] §aIt looks like you've disrupted the Sea Witch's brewing session. Watch out, she's furious!
11:57:17 [allowed] §cYou cannot place that here!
11:57:18 [allowed] §cYou cannot place that here!
11:57:19 [allowed] §cThere are blocks in the way!
11:57:19 [allowed] §cThere are blocks in the way!
11:57:36 [allowed] §aIt looks like you've disrupted the Sea Witch's brewing session. Watch out, she's furious!
11:57:43 [allowed] §aYour Blessing enchant got you double drops!
11:57:43 [allowed] §aYour bait got you double drops!
11:57:50 [allowed] §aIt looks like you've disrupted the Sea Witch's brewing session. Watch out, she's furious!
11:57:55 [allowed] §cUnknown destination! Check the Fast Travel menu to view options!
11:57:57 [WARPING] §7Warping...
11:57:57 [WARPING] §7Sending to server mini181BD...
11:57:59 [EMPTY] §8 §r§8 §r§1 §r§3 §r§3 §r§7 §r§8 
11:57:59 [allowed] §eYou haven't claimed your §r§6Summer Rewards §r§eyet!
11:57:59 [allowed] §eTalk to the §r§bSummer Sloth §r§ein the §r§aHub!
11:58:00 [PROFILE_JOIN] §aYou are playing on profile: §eBanana§b (Co-op)
11:58:00 [PROFILE_JOIN] §8Profile ID: b1a71305-1956-42bf-90e4-bce6f7285754
11:58:01 [allowed] §cYou are sending commands too fast! Please slow down.
11:58:27 [allowed] §aYou caught a Sea Walker.
11:58:44 [allowed] §aA Squid appeared.
11:58:52 [allowed] §aThe Rider of the Deep has emerged.
11:58:57 [allowed] §a§r§6Mining Speed Boost §r§ais now available!
11:59:01 [allowed] §aYou stumbled upon a Sea Guardian.
11:59:09 [allowed] §aA Squid appeared.
11:59:14 [allowed] §6§lRARE DROP! §r§fEnchanted Book §r§b(+§r§b141% §r§b✯ Magic Find§r§b)
11:59:16 [allowed] §aA Squid appeared.
11:59:21 [allowed] §aYou sold §r§fSea Lantern§r§8 x1 §r§afor §r§645 Coins§r§a!
11:59:21 [allowed] §aYou sold §r§fDark Bait§r§8 x1 §r§afor §r§68 Coins§r§a!
11:59:22 [allowed] §aYou sold §r§fGolden Apple§r§8 x1 §r§afor §r§68 Coins§r§a!
11:59:27 [allowed] §aYou bought back §r§fGolden Apple§r§8 x1 §r§afor §r§68 Coins§r§a!
11:59:28 [allowed] §aYou bought back §r§fDark Bait§r§8 x1 §r§afor §r§68 Coins§r§a!
11:59:28 [allowed] §aYou bought back §r§fSea Lantern§r§8 x1 §r§afor §r§645 Coins§r§a!
11:59:31 [allowed] §aA Squid appeared.
11:59:41 [allowed] §aYour Blessing enchant got you double drops!
11:59:47 [allowed] §aA Squid appeared.
11:59:55 [allowed] §aA Squid appeared.
12:00:01 [allowed] §6§lGOOD CATCH! §r§bYou found §r§624,105 Coins§r§b.
12:00:08 [EMPTY] §f
12:00:08 [WATCHDOG] §4[WATCHDOG ANNOUNCEMENT]
12:00:08 [WATCHDOG] §fWatchdog has banned §r§c§l19,904§r§f players in the last 7 days.
12:00:08 [WATCHDOG] §fStaff have banned an additional §r§c§l16,795§r§f in the last 7 days.
12:00:08 [WATCHDOG] §cBlacklisted modifications are a bannable offense!
12:00:08 [WATCHDOG] §c
12:00:17 [allowed] §aA Squid appeared.
12:00:29 [allowed] §aYou reeled in a Sea Archer.
12:00:43 [allowed] §aYou caught a Sea Walker.
12:00:50 [allowed] §cThere are blocks in the way!
12:01:01 [allowed] §aYour Blessing enchant got you double drops!
12:01:05 [GUILD_EXP] §aYou earned §r§2211 GEXP §r§a+ §r§e633 Event EXP §r§afrom playing SkyBlock!
12:01:07 [allowed] §aA Squid appeared.
12:01:21 [allowed] §aYour Blessing enchant got you double drops!
12:01:27 [allowed] §aYou caught a Sea Walker.
12:01:34 [allowed] §7[§bSkyblockAddons§7] §cDrop this item again to confirm!
12:01:35 [allowed] §7[§bSkyblockAddons§7] §cDrop this item again to confirm!
12:01:47 [allowed] §cThere are blocks in the way!
12:01:47 [allowed] §cThere are blocks in the way!
12:01:59 [allowed] §aYour Chumcap Bucket trembles, it's an Agarimoo.
12:01:59 [allowed] §cThe Agarimoo's fumes are damaging you!
12:02:03 [allowed] §cThe Agarimoo's fumes are damaging you!
12:02:18 [allowed] §aAn Oasis Sheep appears from the water.
12:02:25 [allowed] §aA Squid appeared.
12:02:33 [allowed] §aYou caught a Sea Walker.
12:02:40 [allowed] §aYou stumbled upon a Sea Guardian.
12:02:46 [allowed] §aYou caught a Sea Walker.
12:02:51 [allowed] §aA Squid appeared.
12:02:58 [allowed] §aHuh? A Catfish!
12:03:04 [allowed] §aHuh? A Catfish!
12:03:11 [allowed] §aGross! A Sea Leech!
12:03:23 [allowed] §aYour Chumcap Bucket trembles, it's an Agarimoo.
12:03:23 [allowed] §cThe Agarimoo's fumes are damaging you!
12:03:27 [allowed] §cThe Agarimoo's fumes are damaging you!
12:03:31 [allowed] §cThe Agarimoo's fumes are damaging you!
12:03:37 [allowed] §aA Squid appeared.
12:03:39 [allowed] §cThe Agarimoo's fumes are damaging you!
12:03:43 [allowed] §cThe Agarimoo's fumes are damaging you!
12:03:44 [allowed] §a§l+5 Kill Combo §r§8§r§b+3✯ Magic Find
12:03:44 [allowed] §6§lRARE DROP! §r§fEnchanted Book §r§b(+§r§b145% §r§b✯ Magic Find§r§b)
12:03:47 [allowed] §cThe Agarimoo's fumes are damaging you!
12:03:51 [allowed] §cThe Agarimoo's fumes are damaging you!
12:03:57 [allowed] §cThere are blocks in the way!
12:04:01 [allowed] §cYour Kill Combo has expired! You reached a 9 Kill Combo!
12:04:09 [allowed] §aIt looks like you've disrupted the Sea Witch's brewing session. Watch out, she's furious!
12:04:17 [allowed] §aA Squid appeared.
12:04:24 [allowed] §aYour Chumcap Bucket trembles, it's an Agarimoo.
12:04:24 [allowed] §cThe Agarimoo's fumes are damaging you!
12:04:28 [allowed] §cThe Agarimoo's fumes are damaging you!
12:04:31 [allowed] §aAn Oasis Sheep appears from the water.
12:04:38 [allowed] §cThe Agarimoo's fumes are damaging you!
12:04:40 [allowed] §aIt looks like you've disrupted the Sea Witch's brewing session. Watch out, she's furious!
12:04:46 [allowed] §aYou stumbled upon a Sea Guardian.
12:04:57 [allowed] §aYour Blessing enchant got you double drops!
12:05:04 [allowed] §aAn Oasis Sheep appears from the water.
12:05:05 [allowed] §cThe Agarimoo's fumes are damaging you!
12:05:12 [allowed] §cThe Agarimoo's fumes are damaging you!
12:05:13 [allowed] §cThe Agarimoo's fumes are damaging you!
12:05:17 [allowed] §cThe Agarimoo's fumes are damaging you!
12:05:21 [allowed] §cThe Agarimoo's fumes are damaging you!
12:05:23 [allowed] §aA Squid appeared.
12:05:25 [allowed] §cThe Agarimoo's fumes are damaging you!
12:05:30 [allowed] §aHuh? A Catfish!
12:05:31 [allowed] §cThe Agarimoo's fumes are damaging you!
12:05:35 [allowed] §cThe Agarimoo's fumes are damaging you!
12:05:37 [allowed] §a§l+5 Kill Combo §r§8§r§b+3✯ Magic Find
12:05:52 [allowed] §cYour Kill Combo has expired! You reached a 8 Kill Combo!
12:05:57 [allowed] §cThere are blocks in the way!
12:05:57 [allowed] §cThere are blocks in the way!
12:05:57 [allowed] §cThere are blocks in the way!
12:06:07 [GUILD_EXP] §aYou earned §r§2454 GEXP §r§a+ §r§e1,362 Event EXP §r§afrom playing SkyBlock!
12:06:23 [allowed] §aYou reeled in a Sea Archer.
12:06:31 [allowed] §aGross! A Sea Leech!
12:06:43 [allowed] §aA Squid appeared.
12:06:51 [allowed] §aIt looks like you've disrupted the Sea Witch's brewing session. Watch out, she's furious!
12:07:00 [allowed] §aA Squid appeared.
12:07:09 [allowed] §aYou caught a Sea Walker.
12:07:18 [allowed] §aA Squid appeared.
12:07:25 [allowed] §aYou reeled in a Sea Archer.
12:07:38 [allowed] §aYour bait got you double drops!
12:07:44 [allowed] §6§lRARE DROP! §r§fEnchanted Book §r§b(+§r§b141% §r§b✯ Magic Find§r§b)
12:08:07 [allowed] §aA Squid appeared.
12:08:15 [allowed] §aHuh? A Catfish!
12:08:21 [allowed] §aYou stumbled upon a Sea Guardian.
12:08:30 [allowed] §aThe Rider of the Deep has emerged.
12:08:39 [allowed] §aA Squid appeared.
12:08:54 [allowed] §aThe Rider of the Deep has emerged.
12:09:00 [allowed] §aYour Blessing enchant got you double drops!
12:09:07 [allowed] §aA Squid appeared.
12:09:15 [allowed] §aAn Oasis Rabbit appears from the water.
12:09:24 [allowed] §cAutopet §eequipped your §7[Lvl 100] §dBlack Cat§e! §a§lVIEW RULE
12:09:25 [allowed] §6§lRARE DROP! §r§fEnchanted Book §r§b(+§r§b191% §r§b✯ Magic Find§r§b)
12:09:27 [allowed] §a§l+5 Kill Combo §r§8§r§b+3✯ Magic Find
12:09:35 [allowed] §cYour Kill Combo has expired! You reached a 5 Kill Combo!
12:09:43 [allowed] §cAutopet §eequipped your §7[Lvl 74] §6Ammonite§e! §a§lVIEW RULE
12:09:49 [allowed] §aYou caught a Sea Walker.
12:09:58 [allowed] §aYou stumbled upon a Sea Guardian.
12:10:03 [allowed] §8[§r§3259§r§8] §r§5§l࿇ §r§b[MVP§r§9+§r§b] Sebbebas§r§f: ywa
12:10:15 [allowed] §aGross! A Sea Leech!
12:10:26 [allowed] §aGross! A Sea Leech!
12:10:33 [allowed] §aAn Oasis Rabbit appears from the water.
12:10:34 [allowed] §c ☠ §r§7§r§7FAJR323§r§7 was killed by Sea Leech§r§7§r§7.
12:10:42 [allowed] §aYou caught a Sea Walker.
12:10:51 [allowed] §aHuh? A Catfish!
12:11:08 [allowed] §aIt looks like you've disrupted the Sea Witch's brewing session. Watch out, she's furious!
12:11:10 [GUILD_EXP] §aYou earned §r§2461 GEXP §r§a+ §r§e1,383 Event EXP §r§afrom playing SkyBlock!
12:11:29 [allowed] §aYou caught a Sea Walker.
12:11:36 [allowed] §aYou reeled in a Sea Archer.
12:11:46 [allowed] §aYou reeled in a Sea Archer.
12:11:53 [allowed] §a§l+5 Kill Combo §r§8§r§b+3✯ Magic Find
12:12:07 [allowed] §cYour Kill Combo has expired! You reached a 6 Kill Combo!
12:12:08 [allowed] §cThere are blocks in the way!
12:12:16 [allowed] §cThere are blocks in the way!
12:12:20 [allowed] §cYou cannot place that here!
12:12:37 [allowed] §aA Squid appeared.
12:12:46 [allowed] §aA Squid appeared.
12:12:54 [allowed] §aYou caught a Sea Walker.
12:13:11 [allowed] §aThe Rider of the Deep has emerged.
12:13:20 [allowed] §aYou stumbled upon a Sea Guardian.
12:13:44 [allowed] §aA Squid appeared.
12:13:53 [allowed] §aHuh? A Catfish!
12:14:19 [allowed] §aYou stumbled upon a Sea Guardian.
12:14:21 [allowed] §cYou cannot place that here!
12:14:23 [allowed] §cYou cannot place that here!
12:14:51 [allowed] §aAn Oasis Sheep appears from the water.
12:14:51 [allowed] §3§l▬▬▬▬▬▬▬▬▬▬▬▬▬▬▬▬▬▬▬▬▬▬▬▬▬▬▬▬▬▬▬▬▬▬▬▬▬▬▬▬▬▬▬▬▬▬▬▬▬▬▬▬▬▬▬▬▬▬▬▬▬▬▬▬
12:14:51 [EMPTY]  
12:14:51 [BESTIARY] §f                                  §6§lBESTIARY
12:14:51 [BESTIARY] §f                           §b§lOasis Sheep §7§8IV §8➡§b §bV
12:14:51 [BESTIARY] 
12:14:51 [BESTIARY] §f                                  §r§6§lREWARDS
12:14:51 [BESTIARY] §f                      §r§8+§r§a2 Oasis Sheep §r§b✯ Magic Find
12:14:51 [BESTIARY] §f                       §r§8+§r§a2 Oasis Sheep §r§c❁ Strength
12:14:51 [BESTIARY] §f                          §r§8+§r§62% §r§aOasis Sheep §r§7coins
12:14:51 [BESTIARY] §f                    §r§8+§r§a50% §r§7chance for extra XP orbs
12:14:51 [BESTIARY] §f                               §r§8+§r§b1 SkyBlock XP
12:14:51 [BESTIARY] 
12:14:51 [BESTIARY] §3§l▬▬▬▬▬▬▬▬▬▬▬▬▬▬▬▬▬▬▬▬▬▬▬▬▬▬▬▬▬▬▬▬▬▬▬▬▬▬▬▬▬▬▬▬▬▬▬▬▬▬▬▬▬▬▬▬▬▬▬▬▬▬▬▬
12:14:59 [allowed] §aA Squid appeared.
12:15:00 [SKYMALL] §bNew day! §r§eYour §r§2Sky Mall §r§ebuff changed!
12:15:00 [SKYMALL] §eNew buff§r§r§r: §r§fGain §r§a+100 §r§6⸕ Mining Speed§r§f.
12:15:00 [SKYMALL] §8§oYou can disable this messaging by toggling Sky Mall in your /hotm!
12:15:17 [allowed] §aYou reeled in a Sea Archer.
12:15:32 [allowed] §aYou stumbled upon a Sea Guardian.
12:15:42 [allowed] §aThe Rider of the Deep has emerged.
12:15:51 [allowed] §aYou reeled in a Sea Archer.
12:16:02 [allowed] §aAn Oasis Sheep appears from the water.
12:16:12 [GUILD_EXP] §aYou earned §r§2461 GEXP §r§a+ §r§e1,383 Event EXP §r§afrom playing SkyBlock!
12:16:13 [allowed] §aA Squid appeared.
12:16:14 [allowed] §6§lRARE DROP! §r§fEnchanted Book §r§b(+§r§b141% §r§b✯ Magic Find§r§b)
12:16:21 [allowed] §aA Squid appeared.
12:16:39 [allowed] §aAn Oasis Sheep appears from the water.
12:16:44 [allowed] §aYou sold §r§fRabbit Hide§r§8 x1 §r§afor §r§65 Coins§r§a!
12:16:44 [allowed] §aYou sold §r§fRaw Rabbit§r§8 x1 §r§afor §r§64 Coins§r§a!
12:16:44 [allowed] §aYou sold §r§fRabbit's Foot§r§8 x1 §r§afor §r§65 Coins§r§a!
12:16:44 [allowed] §aYou sold §r§fMutton§r§8 x12 §r§afor §r§660 Coins§r§a!
12:16:46 [allowed] §aYou sold §r§fWhite Wool§r§8 x8 §r§afor §r§616 Coins§r§a!
12:16:51 [allowed] §aYou bought back §r§fWhite Wool§r§8 x8 §r§afor §r§616 Coins§r§a!
12:16:51 [allowed] §aYou bought back §r§fMutton§r§8 x12 §r§afor §r§660 Coins§r§a!
12:16:52 [allowed] §aYou bought back §r§fRabbit's Foot§r§8 x1 §r§afor §r§65 Coins§r§a!
12:16:52 [allowed] §aYou bought back §r§fRaw Rabbit§r§8 x1 §r§afor §r§64 Coins§r§a!
12:16:52 [allowed] §aYou bought back §r§fRabbit Hide§r§8 x1 §r§afor §r§65 Coins§r§a!
12:16:52 [allowed] §aYou bought back §r§9Frozen Bait§r§8 x16 §r§afor §r§6160 Coins§r§a!
12:16:52 [allowed] §aYou bought back §r§fLight Gray Stained Glass Pane§r§8 x6 §r§afor §r§64.5 Coins§r§a!
12:16:57 [allowed] §aYou caught a Sea Walker.
12:17:14 [allowed] §aYou reeled in a Sea Archer.
12:17:24 [allowed] §aThe Rider of the Deep has emerged.
12:17:32 [allowed] §aYou sold §r§fLight Gray Stained Glass Pane§r§8 x6 §r§afor §r§64.5 Coins§r§a!
12:17:32 [allowed] §aYou sold §r§9Frozen Bait§r§8 x16 §r§afor §r§6160 Coins§r§a!
12:17:34 [allowed] §aYour Blessing enchant got you double drops!
12:17:43 [allowed] §aA Squid appeared.
12:17:52 [allowed] §aYou reeled in a Sea Archer.
12:17:59 [allowed] §8[§r§2179§r§8] §r§6§lᛝ §r§b[MVP§c+§b] Tip1tip§f§r§f: ye
12:18:01 [allowed] §aYou reeled in a Sea Archer.
12:18:11 [allowed] §aHuh? A Catfish!
12:18:17 [allowed] §aYou reeled in a Sea Archer.
12:18:18 [allowed] §a§l+5 Kill Combo §r§8§r§b+3✯ Magic Find
12:18:26 [allowed] §cYour Kill Combo has expired! You reached a 5 Kill Combo!
12:18:26 [allowed] §aAn Oasis Rabbit appears from the water.
12:18:26 [allowed] §3§l▬▬▬▬▬▬▬▬▬▬▬▬▬▬▬▬▬▬▬▬▬▬▬▬▬▬▬▬▬▬▬▬▬▬▬▬▬▬▬▬▬▬▬▬▬▬▬▬▬▬▬▬▬▬▬▬▬▬▬▬▬▬▬▬
12:18:26 [EMPTY]  
12:18:26 [BESTIARY] §f                                  §6§lBESTIARY
12:18:26 [BESTIARY] §f                              §b§lOasis Rabbit §7§bI
12:18:26 [BESTIARY] 
12:18:26 [BESTIARY] §f                                  §r§6§lREWARDS
12:18:26 [BESTIARY] §f                      §r§8+§r§a2 Oasis Rabbit §r§b✯ Magic Find
12:18:26 [BESTIARY] §f                       §r§8+§r§a2 Oasis Rabbit §r§c❁ Strength
12:18:26 [BESTIARY] §f                          §r§8+§r§62% §r§aOasis Rabbit §r§7coins
12:18:26 [BESTIARY] §f                    §r§8+§r§a50% §r§7chance for extra XP orbs
12:18:26 [BESTIARY] §f                               §r§8+§r§b1 SkyBlock XP
12:18:26 [BESTIARY] 
12:18:26 [BESTIARY] §3§l▬▬▬▬▬▬▬▬▬▬▬▬▬▬▬▬▬▬▬▬▬▬▬▬▬▬▬▬▬▬▬▬▬▬▬▬▬▬▬▬▬▬▬▬▬▬▬▬▬▬▬▬▬▬▬▬▬▬▬▬▬▬▬▬
12:18:33 [allowed] §aYou've discovered a Guardian Defender of the sea.
12:18:43 [allowed] §aA Squid appeared.
12:18:51 [allowed] §aAn Oasis Sheep appears from the water.
12:18:58 [allowed] §aIt looks like you've disrupted the Sea Witch's brewing session. Watch out, she's furious!
12:19:06 [allowed] §aAn Oasis Sheep appears from the water.
12:19:13 [allowed] §aIt looks like you've disrupted the Sea Witch's brewing session. Watch out, she's furious!
12:19:13 [allowed] §a§l+5 Kill Combo §r§8§r§b+3✯ Magic Find
12:19:22 [allowed] §cYour Kill Combo has expired! You reached a 5 Kill Combo!
12:19:28 [allowed] §aAn Oasis Sheep appears from the water.
12:19:38 [allowed] §aYour Blessing enchant got you double drops!
12:19:38 [allowed] §aYour bait got you double drops!
12:19:49 [allowed] §aYou caught a Sea Walker.
12:19:57 [allowed] §aA Squid appeared.
12:20:05 [allowed] §aYou reeled in a Sea Archer.
12:20:21 [allowed] §aA Squid appeared.
12:20:30 [allowed] §aYou caught a Sea Walker.
12:20:39 [allowed] §aYou caught a Sea Walker.
12:20:50 [allowed] §aYou caught a Sea Walker.
12:21:15 [GUILD_EXP] §aYou earned §r§281 GEXP §r§a+ §r§e243 Event EXP §r§afrom playing SkyBlock!
12:21:30 [allowed] §cYou cannot place that here!
12:21:41 [allowed] §aIt looks like you've disrupted the Sea Witch's brewing session. Watch out, she's furious!
12:21:45 [allowed] §aYou sold §r§9Fairy's Galoshes§r§8 x1 §r§afor §r§6420 Coins§r§a!
12:21:48 [allowed] §aYou caught a Sea Walker.
12:21:52 [allowed] §6[Bazaar] §r§7Executing instant sell...
12:21:52 [allowed] §6[Bazaar] §r§cCouldn't find any buyers for Frail VI!
12:21:52 [allowed] §6[Bazaar] §r§cCouldn't find any buyers for White Wool!
12:21:52 [allowed] §6[Bazaar] §r§cCouldn't find any buyers for Corruption I!
12:21:52 [allowed] §6[Bazaar] §r§7Sold §r§a2§r§7x §r§fRabbit's Foot §r§7for §r§64.4 coins§r§7!
12:21:52 [allowed] §6[Bazaar] §r§7Sold §r§a2§r§7x §r§fRabbit Hide §r§7for §r§68.6 coins§r§7!
12:21:52 [allowed] §6[Bazaar] §r§7Sold §r§a2§r§7x §r§fRaw Rabbit §r§7for §r§6164.6 coins§r§7!
12:21:52 [allowed] §6[Bazaar] §r§7Sold §r§a6§r§7x §r§fDark Bait §r§7for §r§66,241.2 coins§r§7!
12:21:52 [allowed] §6[Bazaar] §r§7Sold §r§a17§r§7x §r§fMutton §r§7for §r§6765.0 coins§r§7!
12:21:54 [allowed] §aYou sold §r§fWhite Wool§r§8 x12 §r§afor §r§624 Coins§r§a!
12:21:55 [allowed] §aYou sold §r§fGolden Apple§r§8 x1 §r§afor §r§68 Coins§r§a!
12:21:55 [allowed] §aYou sold §r§fSea Lantern§r§8 x2 §r§afor §r§690 Coins§r§a!
12:22:24 [allowed] §aA Squid appeared.
12:22:32 [allowed] §e§ka§a>>   §aAchievement Unlocked: §6§r§6Drought§r§a   <<§e§ka
12:22:32 [allowed] §aThe Water Hydra has come to test your strength.
12:22:35 [allowed] §cAutopet §eequipped your §7[Lvl 100] §dBlack Cat§e! §a§lVIEW RULE
12:22:54 [allowed] §cAutopet §eequipped your §7[Lvl 74] §6Ammonite§e! §a§lVIEW RULE
12:23:04 [allowed] §aA Squid appeared.
12:23:13 [allowed] §aA Squid appeared.
12:23:19 [allowed] §aThe Rider of the Deep has emerged.
12:23:29 [allowed] §aA Squid appeared.
12:23:36 [allowed] §aA Squid appeared.
12:23:57 [allowed] §aYou caught a Sea Walker.
12:24:06 [allowed] §aYou reeled in a Sea Archer.
12:24:15 [allowed] §aYou caught a Sea Walker.
12:24:24 [allowed] §aIt looks like you've disrupted the Sea Witch's brewing session. Watch out, she's furious!
12:24:27 [allowed] §aYou sold §r§9Fairy's Galoshes§r§8 x1 §r§afor §r§6420 Coins§r§a!
12:24:30 [allowed] §6[Bazaar] §r§7Executing instant sell...
12:24:31 [allowed] §6[Bazaar] §r§7Sold §r§a1§r§7x §r§fDark Bait §r§7for §r§61,040.2 coins§r§7!
12:24:33 [allowed] §aAn Oasis Sheep appears from the water.
12:24:40 [allowed] §aA Squid appeared.
12:24:47 [allowed] §aAn Oasis Rabbit appears from the water.
12:24:53 [allowed] §aYour Blessing enchant got you double drops!
12:24:53 [allowed] §aYour bait got you double drops!
12:25:11 [allowed] §aIt looks like you've disrupted the Sea Witch's brewing session. Watch out, she's furious!
12:25:29 [allowed] §aIt looks like you've disrupted the Sea Witch's brewing session. Watch out, she's furious!
12:25:36 [allowed] §aYou sold §r§9Fairy's Trousers§r§8 x1 §r§afor §r§6420 Coins§r§a!
12:25:43 [allowed] §aA Squid appeared.
12:25:55 [allowed] §aIt looks like you've disrupted the Sea Witch's brewing session. Watch out, she's furious!
12:26:05 [allowed] §aYou reeled in a Sea Archer.
12:26:15 [allowed] §aYou caught a Sea Walker.
12:26:18 [GUILD_EXP] §aYou earned §r§2368 GEXP §r§a+ §r§e1,104 Event EXP §r§afrom playing SkyBlock!
12:26:29 [allowed] §aAn Oasis Sheep appears from the water.
12:26:45 [allowed] §aIt looks like you've disrupted the Sea Witch's brewing session. Watch out, she's furious!
12:26:51 [allowed] §aAn Oasis Sheep appears from the water.
12:26:58 [allowed] §aA Squid appeared.
12:27:06 [allowed] §aIt looks like you've disrupted the Sea Witch's brewing session. Watch out, she's furious!
12:27:17 [allowed] §aYour Blessing enchant got you double drops!
12:27:17 [allowed] §aYour bait got you double drops!
12:27:25 [allowed] §aYour Blessing enchant got you double drops!
12:27:44 [allowed] §aA Squid appeared.
12:28:02 [allowed] §aIt looks like you've disrupted the Sea Witch's brewing session. Watch out, she's furious!
12:28:11 [allowed] §aA Squid appeared.
12:28:21 [allowed] §aYou caught a Sea Walker.
12:28:29 [allowed] §aAn Oasis Rabbit appears from the water.
12:28:38 [allowed] §aAn Oasis Sheep appears from the water.
12:28:38 [allowed] §a§l+5 Kill Combo §r§8§r§b+3✯ Magic Find
12:28:38 [allowed] §c ☠ §r§7§r§7Marblizz§r§7 fell into the void§r§7.
12:28:46 [allowed] §aGross! A Sea Leech!
12:28:54 [allowed] §aYou stumbled upon a Sea Guardian.
12:28:54 [allowed] §cYour Kill Combo has expired! You reached a 6 Kill Combo!
12:29:02 [allowed] §6§lGOOD CATCH! §r§bYou found a §r§aGrand Experience Bottle§r§b.
12:29:14 [allowed] §aA Squid appeared.
12:29:23 [allowed] §cThis ability is on cooldown for 1s.
12:29:34 [allowed] §aGross! A Sea Leech!
12:29:58 [WARPING] §7Finding player...
12:29:59 [WARPING] §7Sending a visit request...
12:29:59 [WARPING] §7Sending to server mini83W...
12:30:01 [EMPTY] §8 §r§8 §r§1 §r§3 §r§3 §r§7 §r§8 
12:30:01 [allowed] §eYou haven't claimed your §r§6Summer Rewards §r§eyet!
12:30:01 [allowed] §eTalk to the §r§bSummer Sloth §r§ein the §r§aHub!
12:30:01 [allowed] §f§m-----------------------------------------------------
§r§cYou should NEVER enter your Microsoft account details anywhere but on official Microsoft services!

§r§cExternal links from untrusted sources should be avoided.
§r§f§m-----------------------------------------------------
12:30:03 [PROFILE_JOIN] §aYou are playing on profile: §eBanana§b (Co-op)
12:30:03 [PROFILE_JOIN] §8Profile ID: b1a71305-1956-42bf-90e4-bce6f7285754
12:30:03 [allowed] §cYou are sending commands too fast! Please slow down.
12:30:05 [allowed] §d§lYum! §r§eYou gain §r§f+10✦ Speed §r§efor §r§a48 §r§ehours!
12:30:06 [allowed] §d§lYum! §r§eYou gain §r§c+2❁ Strength §r§efor §r§a48 §r§ehours!
12:30:06 [allowed] §d§lYum! §r§eYou gain §r§c+2⫽ Ferocity §r§efor §r§a48 §r§ehours!
12:30:07 [allowed] §d§lYum! §r§eYou gain §r§6+5☘ Foraging Fortune §r§efor §r§a48 §r§ehours!
12:30:08 [allowed] §d§lYum! §r§eYou gain §r§f+1❂ True Defense §r§efor §r§a48 §r§ehours!
12:30:08 [allowed] §d§lYum! §r§eYou gain §r§b+1✯ Magic Find §r§efor §r§a48 §r§ehours!
12:30:09 [allowed] §d§lYum! §r§eYou gain §r§6+5☘ Farming Fortune §r§efor §r§a48 §r§ehours!
12:30:10 [allowed] §d§lYum! §r§eYou gain §r§4+1♨ Vitality §r§efor §r§a48 §r§ehours!
12:30:10 [allowed] §d§lYum! §r§eYou gain §r§6+5☘ Mining Fortune §r§efor §r§a48 §r§ehours!
12:30:11 [allowed] §d§lYum! §r§eYou gain §r§3+1α Sea Creature Chance §r§efor §r§a48 §r§ehours!
12:30:12 [allowed] §d§lYum! §r§eYou gain §r§d+1♣ Pet Luck §r§efor §r§a48 §r§ehours!
12:30:12 [allowed] §d§lYum! §r§eYou gain §r§c+10❤ Health §r§efor §r§a48 §r§ehours!
12:30:13 [allowed] §d§lYum! §r§eYou gain §r§b+5✎ Intelligence §r§efor §r§a48 §r§ehours!
12:30:14 [allowed] §d§lYum! §r§eYou gain §r§a+3❈ Defense §r§efor §r§a48 §r§ehours!
12:30:38 [WARPING] §7Sending to server mini154DP...
12:30:39 [EMPTY] §8 §r§8 §r§1 §r§3 §r§3 §r§7 §r§8 
12:30:39 [allowed] §eYou haven't claimed your §r§6Summer Rewards §r§eyet!
12:30:39 [allowed] §eTalk to the §r§bSummer Sloth §r§ein the §r§aHub!
12:30:41 [allowed] §cYou are sending commands too fast! Please slow down.
12:30:42 [PROFILE_JOIN] §aYou are playing on profile: §eBanana§b (Co-op)
12:30:42 [PROFILE_JOIN] §8Profile ID: b1a71305-1956-42bf-90e4-bce6f7285754
12:30:50 [allowed] §cThere are blocks in the way!
12:30:58 [allowed] §cThere are blocks in the way!
12:31:13 [allowed] §c ☠ §r§7§r§aPunyTiara125825§r§7 was killed by Arachne's Brood§r§7§r§7.
12:31:15 [allowed] §c ☠ §r§7§r§7kujixdddd§r§7 was killed by Dasher Spider§r§7§r§7.
12:31:23 [allowed] §aA Squid appeared.
12:31:36 [allowed] §aA Squid appeared.
12:31:39 [allowed] §a§r§6Mining Speed Boost §r§ais now available!
12:31:52 [allowed] §aYou caught a Sea Walker.
12:32:00 [allowed] §6§lGOOD CATCH! §r§bYou found a §r§aWorm Bait§r§b.
12:32:07 [allowed] §c ☠ §r§7§r§7kujixdddd§r§7 was killed by Weaver Spider§r§7§r§7.
12:32:07 [allowed] §aIt looks like you've disrupted the Sea Witch's brewing session. Watch out, she's furious!
12:32:27 [allowed] §aA Squid appeared.
12:32:29 [allowed] §4☄ §r§aPunyTiara125825 §r§eplaced an §r§9Arachne's Calling§r§e! (§r§a1§r§e/§r§a4§r§e)
12:32:31 [allowed] §4☄ §r§aPunyTiara125825 §r§eplaced an §r§9Arachne's Calling§r§e! (§r§a2§r§e/§r§a4§r§e)
12:32:32 [allowed] §e§lLOOT SHARE §r§r§r§fYou received loot for assisting §r§aRnGen§r§f!
12:32:33 [allowed] §4☄ §r§aPunyTiara125825 §r§eplaced an §r§9Arachne's Calling§r§e! (§r§a3§r§e/§r§a4§r§e)
12:32:36 [allowed] §4☄ §r§aPunyTiara125825 §r§eplaced an §r§9Arachne's Calling§r§e! Something is awakening! §r§e(§r§a4§r§e/§r§a4§r§e)
12:32:42 [allowed] §e§lLOOT SHARE §r§r§r§fYou received loot for assisting §r§bEnzoSorensen§r§f!
12:32:48 [allowed] §aYou reeled in a Sea Archer.
12:32:56 [allowed] §aThe Rider of the Deep has emerged.
12:33:02 [allowed] §aThe Rider of the Deep has emerged.
12:33:08 [allowed] §aA Squid appeared.
12:33:18 [allowed] §aThe Rider of the Deep has emerged.
12:33:36 [allowed] §aYour bait got you double drops!
12:33:40 [allowed] §c ☠ §r§7§r§aPunyTiara125825§r§7 was killed by Dasher Spider§r§7§r§7.
12:33:42 [allowed] §aA Squid appeared.
12:33:47 [allowed] §aYou caught a Sea Walker.
12:33:53 [allowed] §aYour Blessing enchant got you double drops!
12:33:59 [allowed] §aGross! A Sea Leech!
12:34:07 [allowed] §aYou stumbled upon a Sea Guardian.
12:34:14 [allowed] §aYou caught a Sea Walker.
12:34:21 [allowed] §aYou reeled in a Sea Archer.
12:34:22 [GUILD_EXP] §aYou earned §r§2199 GEXP §r§a+ §r§e597 Event EXP §r§afrom playing SkyBlock!
12:34:29 [allowed] §aA Squid appeared.
12:34:36 [allowed] §aIt looks like you've disrupted the Sea Witch's brewing session. Watch out, she's furious!
12:34:44 [allowed] §aGross! A Sea Leech!
12:34:55 [allowed] §cYou cannot place that here!
12:34:58 [allowed] §4☄ §r§6Odran §r§eplaced an Arachne Crystal! Something is awakening!
12:35:00 [SKYMALL] §bNew day! §r§eYour §r§2Sky Mall §r§ebuff changed!
12:35:00 [SKYMALL] §eNew buff§r§r§r: §r§fGain §r§a+15% §r§fmore Powder while mining.
12:35:00 [SKYMALL] §8§oYou can disable this messaging by toggling Sky Mall in your /hotm!
12:35:05 [allowed] §6§lGOOD CATCH! §r§bYou found a §r§fGolden Apple§r§b.
12:35:09 [allowed] §aA Squid appeared.
12:35:30 [allowed] §aHuh? A Catfish!
12:35:34 [allowed] §aYou caught a Sea Walker.
12:35:43 [allowed] §aYou reeled in a Sea Archer.
12:35:49 [allowed] §7Your Giant's Sword hit §r§c1 §r§7enemy for §r§c785,336 §r§7damage.
12:36:03 [allowed] §aA Squid appeared.
12:36:08 [allowed] §aIt looks like you've disrupted the Sea Witch's brewing session. Watch out, she's furious!
12:36:12 [allowed] §c ☠ §r§7§r§aPunyTiara125825§r§7 was killed by Arachne's Brood§r§7§r§7.
12:36:13 [allowed] §aIt looks like you've disrupted the Sea Witch's brewing session. Watch out, she's furious!
12:36:20 [allowed] §aYou reeled in a Sea Archer.
12:36:28 [allowed] §4☄ §r§6Odran §r§eplaced an Arachne Crystal! Something is awakening!
12:36:30 [allowed] §aYou have awoken the Deep Sea Protector, prepare for a battle!
12:36:43 [allowed] §aYour Blessing enchant got you double drops!
12:36:43 [allowed] §6§lGOOD CATCH! §r§bYou found a §r§aMusic Disc - Chirp§r§b.
12:36:43 [allowed] §aYour §r§6Ammonite §r§aleveled up to level §r§975§r§a!
12:36:45 [allowed] §aYou sold §r§aMusic Disc - Chirp§r§8 x1 §r§afor §r§620 Coins§r§a!
12:36:45 [allowed] §aYou sold §r§aMusic Disc - Chirp§r§8 x1 §r§afor §r§620 Coins§r§a!
12:36:46 [allowed] §aYou sold §r§fWhite Wool§r§8 x6 §r§afor §r§612 Coins§r§a!
12:36:46 [allowed] §aYou sold §r§fRabbit's Foot§r§8 x2 §r§afor §r§610 Coins§r§a!
12:36:46 [allowed] §aYou sold §r§fRaw Rabbit§r§8 x3 §r§afor §r§612 Coins§r§a!
12:36:47 [allowed] §aYou sold §r§fRabbit Hide§r§8 x3 §r§afor §r§615 Coins§r§a!
12:36:47 [allowed] §aYou sold §r§fSea Lantern§r§8 x1 §r§afor §r§645 Coins§r§a!
12:36:48 [allowed] §aYou sold §r§aGrand Experience Bottle§r§8 x1 §r§afor §r§6480 Coins§r§a!
12:36:48 [allowed] §aYou sold §r§fMutton§r§8 x8 §r§afor §r§640 Coins§r§a!
12:36:48 [allowed] §aYou sold §r§aWorm Bait§r§8 x16 §r§afor §r§6400 Coins§r§a!
12:36:49 [allowed] §aYou sold §r§fGolden Apple§r§8 x1 §r§afor §r§68 Coins§r§a!
12:36:51 [allowed] §aYou stumbled upon a Sea Guardian.
12:37:03 [allowed] §aThe Rider of the Deep has emerged.
12:37:15 [allowed] §aYou have awoken the Deep Sea Protector, prepare for a battle!
12:37:30 [allowed] §aYou caught a Sea Walker.
12:37:33 [allowed] §c ☠ §r§7§r§7BLOKETA1§r§7 was killed by Arachne's Brood§r§7§r§7.
12:37:56 [allowed] §aYou have awoken the Deep Sea Protector, prepare for a battle!
12:38:06 [allowed] §4☄ §r§6Odran §r§eplaced an Arachne Crystal! Something is awakening!
12:38:09 [allowed] §7Putting item in escrow...
12:38:09 [allowed] §7Setting up the auction...
12:38:09 [allowed] §eBIN Auction started for §r§f§r§9Fish Affinity Talisman§r§e!
12:38:09 [allowed] §b-----------------------------------------------------
12:38:09 [allowed] §b[MVP§r§9+§r§b] Sebbebas§r§f §r§ecreated a BIN auction for §r§9Fish Affinity Talisman §r§eat §r§630,000 coins!
12:38:09 [allowed] §b-----------------------------------------------------
12:38:14 [allowed] §aYou reeled in a Sea Archer.
12:38:19 [allowed] §aA Squid appeared.
12:38:22 [allowed] §aThe Rider of the Deep has emerged.
12:38:26 [allowed] §aYou stumbled upon a Sea Guardian.
12:38:33 [allowed] §aIt looks like you've disrupted the Sea Witch's brewing session. Watch out, she's furious!
12:38:34 [allowed] §e§lLOOT SHARE §r§r§r§fYou received loot for assisting §r§bEnzoSorensen§r§f!
12:38:40 [allowed] §aYou caught a Sea Walker.
12:38:40 [allowed] §a§l+5 Kill Combo §r§8§r§b+3✯ Magic Find
12:38:48 [allowed] §cYour Kill Combo has expired! You reached a 5 Kill Combo!
12:38:50 [allowed] §c ☠ §r§7§r§7CuNH342_§r§7 was killed by Broodmother§r§7§r§7.
12:38:50 [allowed] §aGross! A Sea Leech!
12:38:58 [allowed] §aHuh? A Catfish!
12:38:59 [allowed] §3§l▬▬▬▬▬▬▬▬▬▬▬▬▬▬▬▬▬▬▬▬▬▬▬▬▬▬▬▬▬▬▬▬▬▬▬▬▬▬▬▬▬▬▬▬▬▬▬▬▬▬▬▬▬▬▬▬▬▬▬▬▬▬▬▬
12:38:59 [EMPTY]  
12:38:59 [BESTIARY] §f                                  §6§lBESTIARY
12:38:59 [BESTIARY] §f                              §b§lCatfish §7§8X §8➡§b §bXI
12:38:59 [BESTIARY] 
12:38:59 [BESTIARY] §f                                  §r§6§lREWARDS
12:38:59 [BESTIARY] §f                          §r§8+§r§a4 Catfish §r§b✯ Magic Find
12:38:59 [BESTIARY] §f                          §r§8+§r§a4 Catfish §r§c❁ Strength
12:38:59 [BESTIARY] §f                              §r§8+§r§62% §r§aCatfish §r§7coins
12:38:59 [BESTIARY] §f                    §r§8+§r§a50% §r§7chance for extra XP orbs
12:38:59 [BESTIARY] §f                               §r§8+§r§b1 SkyBlock XP
12:38:59 [BESTIARY] 
12:38:59 [BESTIARY] §3§l▬▬▬▬▬▬▬▬▬▬▬▬▬▬▬▬▬▬▬▬▬▬▬▬▬▬▬▬▬▬▬▬▬▬▬▬▬▬▬▬▬▬▬▬▬▬▬▬▬▬▬▬▬▬▬▬▬▬▬▬▬▬▬▬
12:38:59 [allowed] §6§lRARE DROP! §r§fEnchanted Book §r§b(+§r§b146% §r§b✯ Magic Find§r§b)
12:39:05 [allowed] §c ☠ §r§7§r§aalxcubed§r§7 was killed by Arachne's Brood§r§7§r§7.
12:39:05 [allowed] §aHuh? A Catfish!
12:39:10 [allowed] §aThe Rider of the Deep has emerged.
12:39:20 [allowed] §aYou stumbled upon a Sea Guardian.
12:39:20 [allowed] §a§l+5 Kill Combo §r§8§r§b+3✯ Magic Find
12:39:24 [GUILD_EXP] §aYou earned §r§2314 GEXP §r§a+ §r§e942 Event EXP §r§afrom playing SkyBlock!
12:39:25 [allowed] §8[§r§e105§r§8] §r§b[MVP§c+§b] Mixen124§f§r§f: i hate diggers
12:39:25 [allowed] §aA Squid appeared.
12:39:28 [allowed] §cYour Kill Combo has expired! You reached a 5 Kill Combo!
12:39:30 [allowed] §aIt looks like you've disrupted the Sea Witch's brewing session. Watch out, she's furious!
12:39:34 [allowed] §cYou cannot place that here!
12:39:34 [allowed] §8[§r§713§r§8] §r§7Gustasst§7§r§7: i hate diggers with n
12:39:45 [allowed] §4☄ §r§6Odran §r§eplaced an Arachne Crystal! Something is awakening!
12:39:48 [allowed] §8[§r§3259§r§8] §r§5§l࿇ §r§b[MVP§r§9+§r§b] Sebbebas§r§f: whats wrong with people who mine
12:39:57 [allowed] §8[§r§2175§r§8] §r§a[VIP] JustDabbin_§f§r§f: minors
12:40:05 [allowed] §aIt looks like you've disrupted the Sea Witch's brewing session. Watch out, she's furious!
12:40:09 [allowed] §aYou caught a Sea Walker.
12:40:14 [allowed] §aYou reeled in a Sea Archer.
12:40:17 [allowed] §8[§r§2160§r§8] §r§7ꀾ §r§a[VIP§6+§a] Guy2jedguy§f§r§f: r u talking about those stupid broke watermelon eating car stealing people
12:40:30 [allowed] §c ☠ §r§7§r§7CuNH342_§r§7 was killed by Broodmother§r§7§r§7.
12:40:31 [allowed] §8[§r§2175§r§8] §r§a[VIP] JustDabbin_§f§r§f: lol
12:40:41 [allowed] §aIt looks like you've disrupted the Sea Witch's brewing session. Watch out, she's furious!
12:40:48 [allowed] §aHuh? A Catfish!
12:40:53 [allowed] §4☄ §r§6Odran §r§eplaced an Arachne Crystal! Something is awakening!
12:40:54 [allowed] §aYou caught a Sea Walker.
12:40:54 [allowed] §8[§r§713§r§8] §r§7Gustasst§7§r§7: whats an arachnes keeper?
12:41:00 [allowed] §8[§r§713§r§8] §r§7Gustasst§7§r§7: i need to kill 1
12:41:01 [allowed] §aIt looks like you've disrupted the Sea Witch's brewing session. Watch out, she's furious!
12:41:01 [allowed] §a§l+5 Kill Combo §r§8§r§b+3✯ Magic Find
12:41:07 [allowed] §aYour Blessing enchant got you double drops!
12:41:09 [allowed] §cYour Kill Combo has expired! You reached a 5 Kill Combo!
12:41:12 [allowed] §aYou caught a Sea Walker.
12:41:14 [allowed] §8[§r§9310§r§8] §r§6♫ §r§6[MVP§3++§6] Odran§f§r§f: it's a cave spider you can find in the area with the stronger spiders
12:41:32 [allowed] §aIt looks like you've disrupted the Sea Witch's brewing session. Watch out, she's furious!
12:41:32 [allowed] §e§lLOOT SHARE §r§r§r§fYou received loot for assisting §r§ashepster2011§r§f!
12:41:32 [allowed] §7Your Giant's Sword hit §r§c2 §r§7enemies for §r§c1,575,682 §r§7damage.
12:41:36 [allowed] §8[§r§e105§r§8] §r§b[MVP§c+§b] Mixen124§f§r§f: how can i gain more int?
12:41:42 [allowed] §6[Auction] §7rocketguy123 §ebought §fFish Affinity Talisman §efor §630,000 coins §lCLICK
12:41:44 [allowed] §8[§r§2175§r§8] §r§a[VIP] JustDabbin_§f§r§f: talis
12:41:44 [allowed] §aIt looks like you've disrupted the Sea Witch's brewing session. Watch out, she's furious!
12:41:59 [allowed] §aYou reeled in a Sea Archer.
12:42:03 [allowed] §4☄ §r§6Odran §r§eplaced an Arachne Crystal! Something is awakening!
12:42:03 [allowed] §aA Squid appeared.
12:42:05 [allowed] §c ☠ §r§7§r§7CuNH342_§r§7 was killed by Cave Spider§r§7§r§7.
12:42:08 [allowed] §aThe Rider of the Deep has emerged.
12:42:13 [allowed] §aA Squid appeared.
12:42:18 [allowed] §aYou caught a Sea Walker.
12:42:18 [allowed] §a§l+5 Kill Combo §r§8§r§b+3✯ Magic Find
12:42:23 [allowed] §aA Squid appeared.
12:42:26 [allowed] §cYour Kill Combo has expired! You reached a 5 Kill Combo!
12:42:29 [allowed] §aYou caught a Sea Walker.
12:42:33 [allowed] §aA Squid appeared.
12:42:39 [allowed] §aYour bait got you double drops!
12:42:42 [allowed] §aHuh? A Catfish!
12:42:46 [allowed] §8[§r§713§r§8] §r§7Gustasst§7§r§7: im there where the stronger spiders are but i cant find the arachne
12:42:54 [allowed] §aYour Blessing enchant got you double drops!
12:42:59 [allowed] §aA Squid appeared.
12:43:03 [allowed] §4☄ §r§6Odran §r§eplaced an Arachne Crystal! Something is awakening!
12:43:05 [allowed] §aYou've discovered a Guardian Defender of the sea.
12:43:10 [allowed] §aYou stumbled upon a Sea Guardian.
12:43:15 [allowed] §8[§r§713§r§8] §r§7Gustasst§7§r§7: found it
12:43:15 [allowed] §aThe Rider of the Deep has emerged.
12:43:22 [allowed] §aYou caught a Sea Walker.
12:43:30 [allowed] §aYou stumbled upon a Sea Guardian.
12:43:30 [allowed] §a§l+5 Kill Combo §r§8§r§b+3✯ Magic Find
12:43:38 [allowed] §aThe Rider of the Deep has emerged.
12:43:38 [allowed] §cYour Kill Combo has expired! You reached a 5 Kill Combo!
12:43:48 [allowed] §aGross! A Sea Leech!
12:43:54 [allowed] §aYou caught a Sea Walker.
12:44:08 [allowed] §4☄ §r§6Odran §r§eplaced an Arachne Crystal! Something is awakening!
12:44:12 [allowed] §aGross! A Sea Leech!
12:44:17 [allowed] §aYou stumbled upon a Sea Guardian.
12:44:23 [allowed] §aHuh? A Catfish!
12:44:28 [GUILD_EXP] §aYou earned §r§2126 GEXP §r§a+ §r§e378 Event EXP §r§afrom playing SkyBlock!
12:44:35 [allowed] §aYou caught a Sea Walker.
12:44:37 [allowed] §8[§r§724§r§8] §r§7fuyuu12§7§r§7: :IS
12:44:38 [allowed] §aYou have awoken the Deep Sea Protector, prepare for a battle!
12:44:42 [allowed] §3§l▬▬▬▬▬▬▬▬▬▬▬▬▬▬▬▬▬▬▬▬▬▬▬▬▬▬▬▬▬▬▬▬▬▬▬▬▬▬▬▬▬▬▬▬▬▬▬▬▬▬▬▬▬▬▬▬▬▬▬▬▬▬▬▬
12:44:42 [EMPTY]  
12:44:42 [BESTIARY] §f                                  §6§lBESTIARY
12:44:42 [BESTIARY] §f                     §b§lDeep Sea Protector §7§8IX §8➡§b §bX
12:44:42 [BESTIARY] 
12:44:42 [BESTIARY] §f                                  §r§6§lREWARDS
12:44:42 [BESTIARY] §f                 §r§8+§r§a3 Deep Sea Protector §r§b✯ Magic Find
12:44:42 [BESTIARY] §f                  §r§8+§r§a3 Deep Sea Protector §r§c❁ Strength
12:44:42 [BESTIARY] §f                     §r§8+§r§62% §r§aDeep Sea Protector §r§7coins
12:44:42 [BESTIARY] §f                    §r§8+§r§a50% §r§7chance for extra XP orbs
12:44:42 [BESTIARY] §f                               §r§8+§r§b1 SkyBlock XP
12:44:42 [BESTIARY] 
12:44:42 [BESTIARY] §3§l▬▬▬▬▬▬▬▬▬▬▬▬▬▬▬▬▬▬▬▬▬▬▬▬▬▬▬▬▬▬▬▬▬▬▬▬▬▬▬▬▬▬▬▬▬▬▬▬▬▬▬▬▬▬▬▬▬▬▬▬▬▬▬▬
12:44:52 [allowed] §aYou caught a Sea Walker.
12:44:56 [allowed] §aIt looks like you've disrupted the Sea Witch's brewing session. Watch out, she's furious!
12:45:02 [allowed] §aThe Rider of the Deep has emerged.
12:45:08 [allowed] §aYou reeled in a Sea Archer.
12:45:12 [allowed] §aYou reeled in a Sea Archer.
12:45:12 [allowed] §a§l+5 Kill Combo §r§8§r§b+3✯ Magic Find
12:45:12 [allowed] §4☄ §r§6Odran §r§eplaced an Arachne Crystal! Something is awakening!
12:45:16 [allowed] §aYour Blessing enchant got you double drops!
12:45:20 [allowed] §cYour Kill Combo has expired! You reached a 5 Kill Combo!
12:45:22 [allowed] §aA Squid appeared.
12:45:35 [allowed] §aYour bait got you double drops!
12:45:35 [allowed] §e§lLOOT SHARE §r§r§r§fYou received loot for assisting §r§bEnzoSorensen§r§f!
12:45:42 [allowed] §aIt looks like you've disrupted the Sea Witch's brewing session. Watch out, she's furious!
12:45:47 [allowed] §aYour bait got you double drops!
12:45:53 [allowed] §aYou reeled in a Sea Archer.
12:45:57 [allowed] §aThe Rider of the Deep has emerged.
12:46:04 [allowed] §aYour Blessing enchant got you double drops!
12:46:04 [allowed] §aYour bait got you double drops!
12:46:06 [allowed] §e§lLOOT SHARE §r§r§r§fYou received loot for assisting §r§ashepster2011§r§f!
12:46:12 [allowed] §cThere are blocks in the way!
12:46:16 [allowed] §4☄ §r§6Odran §r§eplaced an Arachne Crystal! Something is awakening!
12:46:16 [allowed] §cThere are blocks in the way!
12:47:01 [allowed] §8[§r§e105§r§8] §r§b[MVP§c+§b] Mixen124§f§r§f: i have a shadow fury, should i buy OFA giant's sword?
12:47:08 [allowed] §8[§r§a158§r§8] §r§6§lꤥ §r§b[MVP§2+§b] Ice_Ice_Baby1§f§r§f: yes
12:47:19 [allowed] §aYou reeled in a Sea Archer.
12:47:25 [allowed] §4☄ §r§6Odran §r§eplaced an Arachne Crystal! Something is awakening!
12:47:33 [allowed] §aA Squid appeared.
12:47:59 [allowed] §aIt looks like you've disrupted the Sea Witch's brewing session. Watch out, she's furious!
12:48:04 [allowed] §aYou caught a Sea Walker.
12:48:11 [allowed] §aA Squid appeared.
12:48:19 [allowed] §aA Squid appeared.
12:48:24 [allowed] §4☄ §r§6Odran §r§eplaced an Arachne Crystal! Something is awakening!
12:48:30 [allowed] §aYou reeled in a Sea Archer.
12:48:38 [allowed] §aYour Blessing enchant got you double drops!
12:48:45 [allowed] §aHuh? A Catfish!
12:48:55 [allowed] §aYou caught a Sea Walker.
12:49:09 [allowed] §aThe Rider of the Deep has emerged.
12:49:22 [allowed] §aYou've discovered a Guardian Defender of the sea.
12:49:26 [allowed] §4☄ §r§6Odran §r§eplaced an Arachne Crystal! Something is awakening!
12:49:27 [allowed] §aYou sold §r§fSea Lantern§r§8 x1 §r§afor §r§645 Coins§r§a!
12:49:28 [allowed] §aYou sold §r§9Fairy's Fedora§r§8 x1 §r§afor §r§6420 Coins§r§a!
12:49:31 [GUILD_EXP] §aYou earned §r§2180 GEXP §r§a+ §r§e540 Event EXP §r§afrom playing SkyBlock!
12:49:33 [allowed] §aThe Rider of the Deep has emerged.
12:49:55 [allowed] §aYou reeled in a Sea Archer.
12:50:10 [allowed] §cAutopet §eequipped your §7[Lvl 100] §dBlack Cat§e! §a§lVIEW RULE
12:50:15 [allowed] §e§lLOOT SHARE §r§r§r§fYou received loot for assisting §r§ashepster2011§r§f!
12:50:30 [allowed] §4☄ §r§6Odran §r§eplaced an Arachne Crystal! Something is awakening!
12:50:33 [allowed] §cAutopet §eequipped your §7[Lvl 75] §6Ammonite§e! §a§lVIEW RULE
12:50:57 [allowed] §a§l+5 Kill Combo §r§8§r§b+3✯ Magic Find
12:51:04 [allowed] §a§l+10 Kill Combo §r§8+§r§610 §r§7coins per kill
12:51:13 [allowed] §cThere are blocks in the way!
12:51:17 [allowed] §cYour Kill Combo has expired! You reached a 14 Kill Combo!
12:51:26 [allowed] §cThere are blocks in the way!
12:51:32 [allowed] §4☄ §r§6Odran §r§eplaced an Arachne Crystal! Something is awakening!
