21:58:47 §7Sending to server mini148BT...
21:58:59 §7Warping you to your SkyBlock island...
21:58:59 §7Sending to server mini188BU...
22:00:07 §7Sending to server mini31BW...
22:01:46 §7Sending to server mini64AA...
22:08:07 §7Warping you to your SkyBlock island...
22:08:08 §7Sending to server mini1AM...
22:08:19 §7Sending to server mini29CK...
22:10:08 §7Request join for Hub mini29BG...
22:10:08 §7Sending to server mini29BG...
22:33:17 §7Warping you to your SkyBlock island...
22:33:17 §7Sending to server mini157H...
22:33:59 §7Warping...
22:33:59 §7Sending to server mini77G...
22:37:01 §7Warping you to your SkyBlock island...
22:37:01 §7Sending to server mini145BW...
22:37:12 §7Sending to server mini7DW...
22:37:50 §7Warping...
22:38:56 §7Sending to server mini1002W...
22:39:13 §7Warping...
22:39:13 §7Sending to server mini77W...
22:39:28 §7Warping...
22:39:28 §7Sending to server mini93BT...
22:42:12 §7Warping you to your SkyBlock island...
22:42:13 §7Sending to server mini78DH...
22:43:25 §7Sending to server mini30DW...
22:44:19 §7Sending to server mini190E...
22:45:55 §7Sending to server mini208A...
22:48:18 §dWarped to Election Room§r§d!
22:48:44 §dWarped to Community Center§r§d!
22:49:50 §7Warping you to your SkyBlock island...
22:49:51 §7Sending to server mini38BT...
22:51:14 §7Warping...
22:51:14 §7Sending to server mini40AN...
23:00:00 §7Warping you to your SkyBlock island...
23:00:00 §7Sending to server mini148AJ...
23:03:09 §7Sending to server mini200S...
23:03:17 §7Sending to server mini28Q...
23:05:11 §7Warping...
23:05:11 §7Sending to server mini79DS...
23:08:13 §7Warping...
23:08:13 §7Sending to server mini1E...
23:08:15 §7Warping...
23:08:28 §7Warping you to your SkyBlock island...
23:08:28 §7Sending to server mini72AW...
23:09:20 §7Warping...
23:09:20 §7Sending to server mini86BS...
23:12:46 §7Warping you to your SkyBlock island...
23:12:46 §7Sending to server mini145AV...
23:13:58 §7Sending to server mini29DD...
23:14:32 §7Warping you to your SkyBlock island...
23:14:32 §7Sending to server mini94S...
23:14:49 §7Sending to server mini35BT...
23:15:54 §7Warping you to your SkyBlock island...
23:15:54 §7Sending to server mini79K...
23:26:42 §7Sending to server mini35K...
23:29:10 §7Request join for Hub #26 (mega25E)...
23:29:10 §7Sending to server mega25E...
23:29:34 §7Warping...
23:29:44 §7Warping you to your SkyBlock island...
23:29:45 §7Sending to server mini195AW...
