22:51:12 §7Sending to server mini15CQ...
23:00:52 §7Warping you to your SkyBlock island...
23:00:52 §7Sending to server mini1005P...
23:07:10 §7Warping...
23:07:10 §7Sending to server mini142DN...
23:40:57 §7Warping...
23:41:21 §7Finding player...
23:41:22 §7Sending a visit request...
23:41:22 §7Sending to server mini33AT...
23:41:52 §7Warping...
23:41:52 §7Sending to server mini195DS...
23:41:58 §7Finding player...
23:42:20 §7Warping...
23:47:13 §7Warping...
23:47:13 §7Sending to server mini263A...
23:49:30 §7Warping...
23:52:31 §7Warping...
23:56:40 §7Warping...
23:56:40 §7Sending to server mini37BB...
23:56:43 §7Warping...
23:59:27 §7Sending to server mini187AT...
23:59:38 §7Sending to server mini63BU...
00:00:19 §7Warping...
00:00:55 §7Sending to server mini186BP...
