21:19:29 §f                                  §6§lBESTIARY
21:19:29 §f                             §b§lDiamond Goblin §7§bI
21:19:29 
21:19:29 §f                                  §r§6§lREWARDS
21:19:29 §f                     §r§8+§r§a2 Diamond Goblin §r§b✯ Magic Find
21:19:29 §f                      §r§8+§r§a2 Diamond Goblin §r§c❁ Strength
21:19:29 §f                         §r§8+§r§62% §r§aDiamond Goblin §r§7coins
21:19:29 §f                    §r§8+§r§a50% §r§7chance for extra XP orbs
21:19:29 §f                               §r§8+§r§b1 SkyBlock XP
21:19:29 
21:19:29 §3§l▬▬▬▬▬▬▬▬▬▬▬▬▬▬▬▬▬▬▬▬▬▬▬▬▬▬▬▬▬▬▬▬▬▬▬▬▬▬▬▬▬▬▬▬▬▬▬▬▬▬▬▬▬▬▬▬▬▬▬▬▬▬▬▬
22:26:54 §f                                  §6§lBESTIARY
22:26:54 §f                            §b§lSea Leech §7§8X §8➡§b §bXI
22:26:54 
22:26:54 §f                                  §r§6§lREWARDS
22:26:54 §f                       §r§8+§r§a4 Sea Leech §r§b✯ Magic Find
22:26:54 §f                        §r§8+§r§a4 Sea Leech §r§c❁ Strength
22:26:54 §f                           §r§8+§r§62% §r§aSea Leech §r§7coins
22:26:54 §f                    §r§8+§r§a50% §r§7chance for extra XP orbs
22:26:54 §f                               §r§8+§r§b1 SkyBlock XP
22:26:54 
22:26:54 §3§l▬▬▬▬▬▬▬▬▬▬▬▬▬▬▬▬▬▬▬▬▬▬▬▬▬▬▬▬▬▬▬▬▬▬▬▬▬▬▬▬▬▬▬▬▬▬▬▬▬▬▬▬▬▬▬▬▬▬▬▬▬▬▬▬
22:28:15 §f                                  §6§lBESTIARY
22:28:15 §f                             §b§lGrinch §7§8VIII §8➡§b §bIX
22:28:15 
22:28:15 §f                                  §r§6§lREWARDS
22:28:15 §f                          §r§8+§r§a3 Grinch §r§b✯ Magic Find
22:28:15 §f                           §r§8+§r§a3 Grinch §r§c❁ Strength
22:28:15 §f                              §r§8+§r§62% §r§aGrinch §r§7coins
22:28:15 §f                    §r§8+§r§a50% §r§7chance for extra XP orbs
22:28:15 §f                               §r§8+§r§b1 SkyBlock XP
22:28:15 
22:28:15 §3§l▬▬▬▬▬▬▬▬▬▬▬▬▬▬▬▬▬▬▬▬▬▬▬▬▬▬▬▬▬▬▬▬▬▬▬▬▬▬▬▬▬▬▬▬▬▬▬▬▬▬▬▬▬▬▬▬▬▬▬▬▬▬▬▬
22:56:25 §f                                  §6§lBESTIARY
22:56:25 §f                            §b§lSea Walker §7§8X §8➡§b §bXI
22:56:25 
22:56:25 §f                                  §r§6§lREWARDS
22:56:25 §f                       §r§8+§r§a4 Sea Walker §r§b✯ Magic Find
22:56:25 §f                        §r§8+§r§a4 Sea Walker §r§c❁ Strength
22:56:25 §f                           §r§8+§r§62% §r§aSea Walker §r§7coins
22:56:25 §f                    §r§8+§r§a50% §r§7chance for extra XP orbs
22:56:25 §f                               §r§8+§r§b1 SkyBlock XP
22:56:25 
22:56:25 §3§l▬▬▬▬▬▬▬▬▬▬▬▬▬▬▬▬▬▬▬▬▬▬▬▬▬▬▬▬▬▬▬▬▬▬▬▬▬▬▬▬▬▬▬▬▬▬▬▬▬▬▬▬▬▬▬▬▬▬▬▬▬▬▬▬
23:16:34 §f                                  §6§lBESTIARY
23:16:34 §f                         §b§lGlacite Bowman §7§8X §8➡§b §bXI
23:16:34 
23:16:34 §f                                  §r§6§lREWARDS
23:16:34 §f                     §r§8+§r§a4 Glacite Bowman §r§b✯ Magic Find
23:16:34 §f                      §r§8+§r§a4 Glacite Bowman §r§c❁ Strength
23:16:34 §f                         §r§8+§r§62% §r§aGlacite Bowman §r§7coins
23:16:34 §f                    §r§8+§r§a50% §r§7chance for extra XP orbs
23:16:34 §f                               §r§8+§r§b1 SkyBlock XP
23:16:34 
23:16:34 §3§l▬▬▬▬▬▬▬▬▬▬▬▬▬▬▬▬▬▬▬▬▬▬▬▬▬▬▬▬▬▬▬▬▬▬▬▬▬▬▬▬▬▬▬▬▬▬▬▬▬▬▬▬▬▬▬▬▬▬▬▬▬▬▬▬
