21:04:59 §7Sending to server mini71DM...
21:05:18 §7Warping you to your SkyBlock island...
21:05:18 §7Sending to server mini181BE...
21:05:23 §7Warping...
21:05:23 §7Sending to server mini183BT...
21:08:21 §7Warping you to your SkyBlock island...
21:08:21 §7Sending to server mini35BG...
21:09:13 §7Sending to server mega25A...
21:10:19 §7Finding player...
21:10:22 §7Finding player...
21:10:23 §7Sending a visit request...
21:10:24 §7Sending to server mini8AM...
21:11:18 §7Sending to server mini33CG...
21:11:22 §7Sending to server mini90AW...
21:11:39 §7Sending to server mini63CT...
21:11:46 §7Finding player...
21:11:47 §7Sending a visit request...
21:11:47 §7Sending to server mini8AM...
21:11:53 §7Sending to server mini183CC...
21:12:33 §7Warping you to your SkyBlock island...
21:12:34 §7Sending to server mini1030J...
21:12:52 §7Finding player...
21:12:54 §7Sending a visit request...
21:12:54 §7Sending to server mini8AM...
21:13:01 §7Sending to server mini247H...
21:14:44 §7Sending to server mini89BQ...
21:16:32 §7Sending to server mini4R...
21:16:34 §7Warping you to your SkyBlock island...
21:16:37 §7Warping you to your SkyBlock island...
21:16:37 §7Sending to server mini88U...
21:18:02 §7Finding player...
21:18:03 §7Sending a visit request...
21:18:03 §7Sending to server mini8AM...
21:18:10 §7Sending to server mini84C...
21:55:25 §7Finding player...
21:55:26 §7Sending a visit request...
21:55:26 §7Sending to server mini8AM...
21:55:43 §7Warping you to your SkyBlock island...
21:55:45 §7Sending to server mini182DH...
21:55:59 §7Finding player...
21:56:00 §7Sending a visit request...
21:56:00 §7Sending to server mini8AM...
21:56:09 §7Sending to server mini23DG...
21:58:13 §7Warping you to your SkyBlock island...
21:58:13 §7Sending to server mini14T...
21:58:53 §7Sending to server mini28DE...
21:59:44 §7Warping...
21:59:44 §7Sending to server mini94CD...
22:01:29 §7Warping...
22:02:14 §7Warping...
22:02:14 §7Sending to server mini85BP...
22:06:22 §7Warping...
22:22:08 §7Warping...
22:23:48 §7Sending to server mini40AK...
22:29:53 §7Warping...
22:29:53 §7Sending to server mega12A...
22:30:03 §7Sending to server mini2AF...
22:30:44 §7Sending to server mini40AK...
23:04:46 §7Warping...
23:04:46 §7Sending to server mini189CS...
23:08:31 §7Warping...
23:08:31 §7Sending to server mini90BQ...
23:08:40 §7Warping...
23:09:39 §7Warping...
23:14:38 §7Warping...
23:16:08 §7Sending to server mini142G...
23:23:56 §7Sending to server mini75CG...
23:28:55 §7Warping...
23:32:24 §7Warping...
23:33:57 §7Warping...
23:35:37 §7Warping...
23:36:09 §7Sending to server mini150BU...
23:43:16 §7Sending to server mini194AW...
23:43:46 §7Warping...
23:43:46 §7Sending to server mini72R...
23:43:49 §7Warping you to your SkyBlock island...
23:43:50 §7Sending to server mini38BB...
23:43:52 §7Warping...
23:43:54 §7Warping...
23:43:54 §7Sending to server mini30BC...
23:43:58 §7Warping you to your SkyBlock island...
23:43:58 §7Sending to server mini38BB...
23:44:01 §7Warping...
23:44:04 §7Warping...
23:44:04 §7Sending to server mini72R...
23:44:09 §7Warping you to your SkyBlock island...
23:44:09 §7Sending to server mini38BB...
23:44:12 §7Warping...
23:44:15 §7Warping...
23:44:15 §7Sending to server mini97BB...
23:57:43 §7Warping you to your SkyBlock island...
23:57:44 §7Sending to server mini1AR...
23:57:48 §7Warping...
23:57:48 §7Sending to server mini34F...
00:01:45 §7Warping you to your SkyBlock island...
00:01:45 §7Sending to server mini225C...
00:01:49 §7Warping...
00:01:49 §7Sending to server mini65AT...
00:01:58 §7Warping you to your SkyBlock island...
00:02:00 §7Warping you to your SkyBlock island...
00:02:04 §7Warping you to your SkyBlock island...
00:02:09 §7Warping...
00:02:09 §7Sending to server mini7CR...
00:02:11 §7Warping...
00:02:13 §7Warping...
00:02:14 §7Sending to server mini14H...
00:02:30 §7Warping you to your SkyBlock island...
00:02:30 §7Sending to server mini35CS...
00:02:34 §7Warping...
00:02:34 §7Sending to server mini30BC...
00:07:50 §7Warping you to your SkyBlock island...
00:07:50 §7Sending to server mini152AJ...
00:07:55 §7Warping...
00:07:55 §7Sending to server mini14H...
00:25:07 §7Warping you to your SkyBlock island...
00:25:07 §7Sending to server mini100BE...
00:25:10 §7Warping...
00:25:12 §7Warping...
00:25:12 §7Sending to server mini158BE...
00:25:17 §7Warping you to your SkyBlock island...
00:25:17 §7Sending to server mini100BE...
00:25:19 §7Warping...
00:25:28 §7Warping...
00:25:28 §7Sending to server mini73BE...
00:25:39 §7Warping...
00:25:39 §7Sending to server mini188BR...
00:27:35 §7Sending to server mini98F...
00:27:40 §7Finding player...
00:27:41 §7Sending a visit request...
00:27:41 §7Sending to server mini8AM...
00:27:45 §7Sending to server mini83CF...
00:27:51 §7Warping you to your SkyBlock island...
00:27:53 §7Warping you to your SkyBlock island...
00:27:55 §7Warping you to your SkyBlock island...
00:27:56 §7Sending to server mini95E...
00:28:11 §7Sending to server mini4R...
00:28:14 §7Warping you to your SkyBlock island...
00:28:17 §7Warping you to your SkyBlock island...
00:28:17 §7Sending to server mini90M...
00:28:33 §7Warping...
00:28:33 §7Sending to server mini188S...
00:29:47 §7Warping...
00:32:27 §7Sending to server mini99C...
00:38:19 §7Sending to server mini154DH...
00:40:42 §7Warping...
00:43:12 §7Warping you to your SkyBlock island...
00:43:12 §7Sending to server mini158DT...
00:43:21 §7Warping...
00:43:21 §7Sending to server mini83CF...
