15:46:34 §f                                  §6§lBESTIARY
15:46:34 §f                                §b§lAutomaton §7§bI
15:46:34 
15:46:34 §f                                  §r§6§lREWARDS
15:46:34 §f                        §r§8+§r§a2 Automaton §r§b✯ Magic Find
15:46:34 §f                        §r§8+§r§a2 Automaton §r§c❁ Strength
15:46:34 §f                            §r§8+§r§62% §r§aAutomaton §r§7coins
15:46:34 §f                    §r§8+§r§a50% §r§7chance for extra XP orbs
15:46:34 §f                               §r§8+§r§b1 SkyBlock XP
15:46:34 
15:46:34 §3§l▬▬▬▬▬▬▬▬▬▬▬▬▬▬▬▬▬▬▬▬▬▬▬▬▬▬▬▬▬▬▬▬▬▬▬▬▬▬▬▬▬▬▬▬▬▬▬▬▬▬▬▬▬▬▬▬▬▬▬▬▬▬▬▬
15:46:50 §f                                  §6§lBESTIARY
15:46:50 §f                             §b§lAutomaton §7§8I §8➡§b §bII
15:46:50 
15:46:50 §f                                  §r§6§lREWARDS
15:46:50 §f                        §r§8+§r§a2 Automaton §r§b✯ Magic Find
15:46:50 §f                        §r§8+§r§a2 Automaton §r§c❁ Strength
15:46:50 §f                            §r§8+§r§62% §r§aAutomaton §r§7coins
15:46:50 §f                    §r§8+§r§a50% §r§7chance for extra XP orbs
15:46:50 §f                               §r§8+§r§b1 SkyBlock XP
15:46:50 
15:46:50 §3§l▬▬▬▬▬▬▬▬▬▬▬▬▬▬▬▬▬▬▬▬▬▬▬▬▬▬▬▬▬▬▬▬▬▬▬▬▬▬▬▬▬▬▬▬▬▬▬▬▬▬▬▬▬▬▬▬▬▬▬▬▬▬▬▬
15:47:05 §f                                  §6§lBESTIARY
15:47:05 §f                            §b§lAutomaton §7§8II §8➡§b §bIII
15:47:05 
15:47:05 §f                                  §r§6§lREWARDS
15:47:05 §f                        §r§8+§r§a2 Automaton §r§b✯ Magic Find
15:47:05 §f                        §r§8+§r§a2 Automaton §r§c❁ Strength
15:47:05 §f                            §r§8+§r§62% §r§aAutomaton §r§7coins
15:47:05 §f                    §r§8+§r§a50% §r§7chance for extra XP orbs
15:47:05 §f                               §r§8+§r§b1 SkyBlock XP
15:47:05 
15:47:05 §3§l▬▬▬▬▬▬▬▬▬▬▬▬▬▬▬▬▬▬▬▬▬▬▬▬▬▬▬▬▬▬▬▬▬▬▬▬▬▬▬▬▬▬▬▬▬▬▬▬▬▬▬▬▬▬▬▬▬▬▬▬▬▬▬▬
15:48:59 §f                                  §6§lBESTIARY
15:48:59 §f                           §b§lAutomaton §7§8III §8➡§b §bIV
15:48:59 
15:48:59 §f                                  §r§6§lREWARDS
15:48:59 §f                        §r§8+§r§a2 Automaton §r§b✯ Magic Find
15:48:59 §f                        §r§8+§r§a2 Automaton §r§c❁ Strength
15:48:59 §f                            §r§8+§r§62% §r§aAutomaton §r§7coins
15:48:59 §f                    §r§8+§r§a50% §r§7chance for extra XP orbs
15:48:59 §f                               §r§8+§r§b1 SkyBlock XP
15:48:59 
15:48:59 §3§l▬▬▬▬▬▬▬▬▬▬▬▬▬▬▬▬▬▬▬▬▬▬▬▬▬▬▬▬▬▬▬▬▬▬▬▬▬▬▬▬▬▬▬▬▬▬▬▬▬▬▬▬▬▬▬▬▬▬▬▬▬▬▬▬
15:53:32 §f                                  §6§lBESTIARY
15:53:32 §f                        §b§lZombie Villager §7§8II §8➡§b §bIII
15:53:32 
15:53:32 §f                                  §r§6§lREWARDS
15:53:32 §f                     §r§8+§r§a2 Zombie Villager §r§b✯ Magic Find
15:53:32 §f                     §r§8+§r§a2 Zombie Villager §r§c❁ Strength
15:53:32 §f                         §r§8+§r§62% §r§aZombie Villager §r§7coins
15:53:32 §f                    §r§8+§r§a50% §r§7chance for extra XP orbs
15:53:32 §f                               §r§8+§r§b1 SkyBlock XP
15:53:32 
15:53:32 §3§l▬▬▬▬▬▬▬▬▬▬▬▬▬▬▬▬▬▬▬▬▬▬▬▬▬▬▬▬▬▬▬▬▬▬▬▬▬▬▬▬▬▬▬▬▬▬▬▬▬▬▬▬▬▬▬▬▬▬▬▬▬▬▬▬
15:54:40 §f                                  §6§lBESTIARY
15:54:40 §f                        §b§lZombie Villager §7§8III §8➡§b §bIV
15:54:40 
15:54:40 §f                                  §r§6§lREWARDS
15:54:40 §f                     §r§8+§r§a2 Zombie Villager §r§b✯ Magic Find
15:54:40 §f                     §r§8+§r§a2 Zombie Villager §r§c❁ Strength
15:54:40 §f                         §r§8+§r§62% §r§aZombie Villager §r§7coins
15:54:40 §f                    §r§8+§r§a50% §r§7chance for extra XP orbs
15:54:40 §f                               §r§8+§r§b1 SkyBlock XP
15:54:40 
15:54:40 §3§l▬▬▬▬▬▬▬▬▬▬▬▬▬▬▬▬▬▬▬▬▬▬▬▬▬▬▬▬▬▬▬▬▬▬▬▬▬▬▬▬▬▬▬▬▬▬▬▬▬▬▬▬▬▬▬▬▬▬▬▬▬▬▬▬
15:56:00 §f                                  §6§lBESTIARY
15:56:00 §f                               §b§lCrypt Ghoul §7§bI
15:56:00 
15:56:00 §f                                  §r§6§lREWARDS
15:56:00 §f                       §r§8+§r§a2 Crypt Ghoul §r§b✯ Magic Find
15:56:00 §f                       §r§8+§r§a2 Crypt Ghoul §r§c❁ Strength
15:56:00 §f                           §r§8+§r§62% §r§aCrypt Ghoul §r§7coins
15:56:00 §f                    §r§8+§r§a50% §r§7chance for extra XP orbs
15:56:00 §f                               §r§8+§r§b1 SkyBlock XP
15:56:00 
15:56:00 §3§l▬▬▬▬▬▬▬▬▬▬▬▬▬▬▬▬▬▬▬▬▬▬▬▬▬▬▬▬▬▬▬▬▬▬▬▬▬▬▬▬▬▬▬▬▬▬▬▬▬▬▬▬▬▬▬▬▬▬▬▬▬▬▬▬
15:56:39 §f                                  §6§lBESTIARY
15:56:39 §f                           §b§lCrypt Ghoul §7§8I §8➡§b §bII
15:56:39 
15:56:39 §f                                  §r§6§lREWARDS
15:56:39 §f                       §r§8+§r§a2 Crypt Ghoul §r§b✯ Magic Find
15:56:39 §f                       §r§8+§r§a2 Crypt Ghoul §r§c❁ Strength
15:56:39 §f                           §r§8+§r§62% §r§aCrypt Ghoul §r§7coins
15:56:39 §f                    §r§8+§r§a50% §r§7chance for extra XP orbs
15:56:39 §f                               §r§8+§r§b1 SkyBlock XP
15:56:39 
15:56:39   §r§f                         §6§lBESTIARY MILESTONE
15:56:39   §r§f                                  §8XXV➡§eXXVI
15:56:39 
15:56:39 §3§l▬▬▬▬▬▬▬▬▬▬▬▬▬▬▬▬▬▬▬▬▬▬▬▬▬▬▬▬▬▬▬▬▬▬▬▬▬▬▬▬▬▬▬▬▬▬▬▬▬▬▬▬▬▬▬▬▬▬▬▬▬▬▬▬
15:57:28 §f                                  §6§lBESTIARY
15:57:28 §f                            §b§lAutomaton §7§8IV §8➡§b §bV
15:57:28 
15:57:28 §f                                  §r§6§lREWARDS
15:57:28 §f                        §r§8+§r§a2 Automaton §r§b✯ Magic Find
15:57:28 §f                        §r§8+§r§a2 Automaton §r§c❁ Strength
15:57:28 §f                            §r§8+§r§62% §r§aAutomaton §r§7coins
15:57:28 §f                    §r§8+§r§a50% §r§7chance for extra XP orbs
15:57:28 §f                               §r§8+§r§b1 SkyBlock XP
15:57:28 
15:57:28 §3§l▬▬▬▬▬▬▬▬▬▬▬▬▬▬▬▬▬▬▬▬▬▬▬▬▬▬▬▬▬▬▬▬▬▬▬▬▬▬▬▬▬▬▬▬▬▬▬▬▬▬▬▬▬▬▬▬▬▬▬▬▬▬▬▬
16:06:02 §f                                  §6§lBESTIARY
16:06:02 §f                           §b§lEnderman §7§8XII §8➡§b §bXIII
16:06:02 
16:06:02 §f                                  §r§6§lREWARDS
16:06:02 §f                        §r§8+§r§a4 Enderman §r§b✯ Magic Find
16:06:02 §f                         §r§8+§r§a4 Enderman §r§c❁ Strength
16:06:02 §f                            §r§8+§r§62% §r§aEnderman §r§7coins
16:06:02 §f                    §r§8+§r§a50% §r§7chance for extra XP orbs
16:06:02 §f                               §r§8+§r§b1 SkyBlock XP
16:06:02 
16:06:02 §3§l▬▬▬▬▬▬▬▬▬▬▬▬▬▬▬▬▬▬▬▬▬▬▬▬▬▬▬▬▬▬▬▬▬▬▬▬▬▬▬▬▬▬▬▬▬▬▬▬▬▬▬▬▬▬▬▬▬▬▬▬▬▬▬▬
16:06:58 §f                                  §6§lBESTIARY
16:06:58 §f                              §b§lDragon §7§8III §8➡§b §bIV
16:06:58 
16:06:58 §f                                  §r§6§lREWARDS
16:06:58 §f                         §r§8+§r§a2 Dragon §r§b✯ Magic Find
16:06:58 §f                          §r§8+§r§a2 Dragon §r§c❁ Strength
16:06:58 §f                             §r§8+§r§62% §r§aDragon §r§7coins
16:06:58 §f                    §r§8+§r§a50% §r§7chance for extra XP orbs
16:06:58 §f                               §r§8+§r§b1 SkyBlock XP
16:06:58 
16:06:58 §3§l▬▬▬▬▬▬▬▬▬▬▬▬▬▬▬▬▬▬▬▬▬▬▬▬▬▬▬▬▬▬▬▬▬▬▬▬▬▬▬▬▬▬▬▬▬▬▬▬▬▬▬▬▬▬▬▬▬▬▬▬▬▬▬▬
16:12:56 §f                                  §6§lBESTIARY
16:12:56 §f                          §b§lEnderman §7§8XIII §8➡§b §bXIV
16:12:56 
16:12:56 §f                                  §r§6§lREWARDS
16:12:56 §f                        §r§8+§r§a4 Enderman §r§b✯ Magic Find
16:12:56 §f                         §r§8+§r§a4 Enderman §r§c❁ Strength
16:12:56 §f                            §r§8+§r§62% §r§aEnderman §r§7coins
16:12:56 §f                    §r§8+§r§a50% §r§7chance for extra XP orbs
16:12:56 §f                               §r§8+§r§b1 SkyBlock XP
16:12:56 
16:12:56 §3§l▬▬▬▬▬▬▬▬▬▬▬▬▬▬▬▬▬▬▬▬▬▬▬▬▬▬▬▬▬▬▬▬▬▬▬▬▬▬▬▬▬▬▬▬▬▬▬▬▬▬▬▬▬▬▬▬▬▬▬▬▬▬▬▬
