21:02:55 §e[SkyHanni] Reloaded 7436 items in the NEU repo§r
21:05:06 §c[SkyHanni] Your computer's clock is off by 9s.
§ePlease update your time settings. Many features may not function correctly until you do.
§eClick here for instructions on how to fix your clock.§r
21:05:13 §e[SkyHanni] You have gained §b378 §eBits.§r
21:05:48 §e[SkyHanni] You have gained §b15 §eBits.§r
21:11:24 §c[SkyHanni] Your computer's clock is off by 9s.
§ePlease update your time settings. Many features may not function correctly until you do.
§eClick here for instructions on how to fix your clock.§r
21:14:50 §c[SkyHanni] Your computer's clock is off by 9s.
§ePlease update your time settings. Many features may not function correctly until you do.
§eClick here for instructions on how to fix your clock.§r
21:16:38 §c[SkyHanni] Your computer's clock is off by 9s.
§ePlease update your time settings. Many features may not function correctly until you do.
§eClick here for instructions on how to fix your clock.§r
21:19:04 §e[SkyHanni] §b+1 SkyBlock XP §7(HOTM Progression§7)§b (11/100)§r
21:19:10 §e[SkyHanni] §b+2 SkyBlock XP §7(HOTM Progression§7)§b (11/100)§r
21:19:29 §6§lBESTIARY §r§b§lDiamond Goblin §7§bI§r
21:25:57 §e[SkyHanni] §b+1 SkyBlock XP §7(HOTM Progression§7)§b (15/100)§r
21:37:10 §e[SkyHanni] §b+2 SkyBlock XP §7(Dwarven O's Ore Oats§7)§b (26/100)§r
21:54:46 §e[SkyHanni] §b+25 SkyBlock XP §7(CotM§7)§b (43/100)§r
21:58:59 §e[SkyHanni] You have gained §b378 §eBits.§r
21:58:59 §c[SkyHanni] Your computer's clock is off by 9s.
§ePlease update your time settings. Many features may not function correctly until you do.
§eClick here for instructions on how to fix your clock.§r
22:08:17 §e[SkyHanni] §b+1 SkyBlock XP §7(HOTM Progression§7)§b (56/100)§r
22:21:06 §e[SkyHanni] §lCLICK HERE§r§e to grab §ax35 §9§aEnchanted Hard Stone§e from sacks!§r
22:26:54 §6§lBESTIARY §r§b§lSea Leech §7§8X §8➡§b §bXI§r
22:28:15 §6§lBESTIARY §r§b§lGrinch §7§8VIII §8➡§b §bIX§r
22:29:02 §e[SkyHanni] You have gained §b378 §eBits.§r
22:40:41 §e[SkyHanni] You have gained §b45 §eBits.§r
22:56:25 §6§lBESTIARY §r§b§lSea Walker §7§8X §8➡§b §bXI§r
22:59:14 §e[SkyHanni] You have gained §b756 §eBits.§r
23:08:04 §e[SkyHanni] §b+1 SkyBlock XP §7(HOTM Progression§7)§b (95/100)§r
23:10:33 §e[SkyHanni] You have gained §b8 §eBits.§r
23:11:07 §e[SkyHanni] You have gained §b8 §eBits.§r
23:11:51 §e[SkyHanni] You have gained §b8 §eBits.§r
23:12:55 §e[SkyHanni] You have gained §b8 §eBits.§r
23:13:48 §e[SkyHanni] You have gained §b8 §eBits.§r
23:14:35 §e[SkyHanni] You have gained §b8 §eBits.§r
23:16:05 §e[SkyHanni] You have gained §b8 §eBits.§r
23:16:15 §e[SkyHanni] Profit for §9Lapis Corpse§e: §637k§r
23:16:34 §6§lBESTIARY §r§b§lGlacite Bowman §7§8X §8➡§b §bXI§r
23:16:34 §e[SkyHanni] §b+1 SkyBlock XP §7(HOTM Progression§7)§b (97/100)§r
23:25:42 §e[SkyHanni] You have gained §b48 §eBits.§r
23:26:48 §e[SkyHanni] You have gained §b8 §eBits.§r
23:27:26 §e[SkyHanni] You have gained §b8 §eBits.§r
23:28:46 §e[SkyHanni] You have gained §b8 §eBits.§r
23:28:54 §e[SkyHanni] You have gained §b8 §eBits.§r
23:29:29 §e[SkyHanni] You have gained §b8 §eBits.§r
23:29:49 §e[SkyHanni] You have gained §b378 §eBits.§r
23:33:15 §e[SkyHanni] You have gained §b45 §eBits.§r
23:35:01 §e[SkyHanni] You have gained §b8 §eBits.§r
23:35:35 §e[SkyHanni] You have gained §b8 §eBits.§r
23:43:27 §e[SkyHanni] §lCLICK HERE§r§e to grab §ax126 §9§aEnchanted Gold§e from sacks!§r
23:43:34 §e[SkyHanni] §lCLICK HERE§r§e to grab §ax35 §9§aEnchanted Hard Stone§e from sacks!§r
23:49:21 §e[SkyHanni] §b+1 SkyBlock XP §7(HOTM Progression§7)§b (1/100)§r
23:51:36 §e[SkyHanni] §bYou have §3241 §bmaterials in stash, §btotalling §32 types§b. §bClick to §3pickup §byour stash!§r
23:52:37 §e[SkyHanni] §bYou have §3329 §bmaterials in stash, §btotalling §32 types§b. §bClick to §3pickup §byour stash!§r
23:54:38 §e[SkyHanni] §bYou have §31k §bmaterials in stash, §btotalling §32 types§b. §bClick to §3pickup §byour stash!§r
23:54:43 §e[SkyHanni] §b+1 SkyBlock XP §7(HOTM Progression§7)§b (3/100)§r
23:55:39 §e[SkyHanni] §bYou have §32.3k §bmaterials in stash, §btotalling §32 types§b. §bClick to §3pickup §byour stash!§r
23:56:41 §e[SkyHanni] §bYou have §32.9k §bmaterials in stash, §btotalling §32 types§b. §bClick to §3pickup §byour stash!§r
23:57:24 §e[SkyHanni] §lCLICK HERE§r§e to grab §ax35 §9§aEnchanted Hard Stone§e from sacks!§r
23:57:33 §e[SkyHanni] §lCLICK HERE§r§e to grab §ax126 §9§aEnchanted Coal§e from sacks!§r
23:57:40 §e[SkyHanni] §lCLICK HERE§r§e to grab §ax126 §9§aEnchanted Redstone§e from sacks!§r
23:57:42 §e[SkyHanni] §bYou have §32k §bmaterials in stash, §btotalling §31 type§b. §bClick to §3pickup §byour stash!§r
23:57:48 §e[SkyHanni] §bYou have §32k §bmaterials in stash, §btotalling §31 type§b. §bClick to §3pickup §byour stash!§r
23:57:53 §e[SkyHanni] §bYou have §32k §bmaterials in stash, §btotalling §31 type§b. §bClick to §3pickup §byour stash!§r
00:00:11 §e[SkyHanni] You have gained §b402 §eBits.§r
00:01:51 §e[SkyHanni] §bYou have §32k §bmaterials in stash, §btotalling §31 type§b. §bClick to §3pickup §byour stash!§r
00:01:57 §e[SkyHanni] §lCLICK HERE§r§e to grab §ax35 §9§aEnchanted Hard Stone§e from sacks!§r
00:02:13 §e[SkyHanni] §bYou have §32k §bmaterials in stash, §btotalling §31 type§b. §bClick to §3pickup §byour stash!§r
00:02:18 §e[SkyHanni] §bYou have §32k §bmaterials in stash, §btotalling §31 type§b. §bClick to §3pickup §byour stash!§r
00:02:38 §e[SkyHanni] §bYou have §3853 §bmaterials in stash, §btotalling §31 type§b. §bClick to §3pickup §byour stash!§r
00:04:13 §e[SkyHanni] §b+1 SkyBlock XP §7(HOTM Progression§7)§b (6/100)§r
00:05:31 §e[SkyHanni] §b+1 SkyBlock XP §7(HOTM Progression§7)§b (7/100)§r
00:06:25 §e[SkyHanni] §bYou have §393 §bmaterials in stash, §btotalling §31 type§b. §bClick to §3pickup §byour stash!§r
00:06:41 §e[SkyHanni] §lCLICK HERE§r§e to grab §ax128 §9§aEnchanted Lapis Lazuli§e from sacks!§r
00:07:54 §e[SkyHanni] §bYou have §393 §bmaterials in stash, §btotalling §31 type§b. §bClick to §3pickup §byour stash!§r
00:07:59 §e[SkyHanni] §bYou have §393 §bmaterials in stash, §btotalling §31 type§b. §bClick to §3pickup §byour stash!§r
00:08:54 §e[SkyHanni] §b+1 SkyBlock XP §7(HOTM Progression§7)§b (8/100)§r
00:11:50 §e[SkyHanni] §bYou have §3157 §bmaterials in stash, §btotalling §31 type§b. §bClick to §3pickup §byour stash!§r
00:12:52 §e[SkyHanni] §bYou have §3405 §bmaterials in stash, §btotalling §32 types§b. §bClick to §3pickup §byour stash!§r
00:13:02 §c[SkyHanni-3.5.0]: Error sending data to Soopy Mining Events API! Click here to copy the error into the clipboard.§r
00:13:36 §e[SkyHanni] §lCLICK HERE§r§e to grab §ax35 §9§aEnchanted Hard Stone§e from sacks!§r
00:13:53 §e[SkyHanni] §bYou have §3754 §bmaterials in stash, §btotalling §32 types§b. §bClick to §3pickup §byour stash!§r
00:14:01 §e[SkyHanni] §b+1 SkyBlock XP §7(HOTM Progression§7)§b (10/100)§r
00:14:54 §e[SkyHanni] §bYou have §3924 §bmaterials in stash, §btotalling §32 types§b. §bClick to §3pickup §byour stash!§r
00:15:56 §e[SkyHanni] §bYou have §31.1k §bmaterials in stash, §btotalling §32 types§b. §bClick to §3pickup §byour stash!§r
00:16:57 §e[SkyHanni] §bYou have §31.6k §bmaterials in stash, §btotalling §32 types§b. §bClick to §3pickup §byour stash!§r
00:17:59 §e[SkyHanni] §bYou have §31.8k §bmaterials in stash, §btotalling §32 types§b. §bClick to §3pickup §byour stash!§r
00:18:29 §e[SkyHanni] §b+1 SkyBlock XP §7(HOTM Progression§7)§b (12/100)§r
00:19:00 §e[SkyHanni] §bYou have §32k §bmaterials in stash, §btotalling §32 types§b. §bClick to §3pickup §byour stash!§r
00:20:01 §e[SkyHanni] §bYou have §32.3k §bmaterials in stash, §btotalling §32 types§b. §bClick to §3pickup §byour stash!§r
00:21:31 §e[SkyHanni] §b+1 SkyBlock XP §7(HOTM Progression§7)§b (13/100)§r
00:21:49 §e[SkyHanni] Click here to load 1 more collected egg location from NEU PV!§r
00:21:49 §e[SkyHanni] Click here to load Trophy Fishing data from NEU PV!§r
00:22:04 §e[SkyHanni] §bYou have §33.1k §bmaterials in stash, §btotalling §32 types§b. §bClick to §3pickup §byour stash!§r
00:24:14 §e[SkyHanni] §b+2 SkyBlock XP §7(HOTM Progression§7)§b (13/100)§r
00:24:24 §e[SkyHanni] §lCLICK HERE§r§e to grab §ax35 §9§aEnchanted Hard Stone§e from sacks!§r
00:24:32 §e[SkyHanni] §lCLICK HERE§r§e to grab §ax126 §9§aEnchanted Coal§e from sacks!§r
00:25:12 §e[SkyHanni] §bYou have §33.1k §bmaterials in stash, §btotalling §32 types§b. §bClick to §3pickup §byour stash!§r
00:25:17 §e[SkyHanni] §bYou have §33.1k §bmaterials in stash, §btotalling §32 types§b. §bClick to §3pickup §byour stash!§r
00:25:21 §e[SkyHanni] §bYou have §33.1k §bmaterials in stash, §btotalling §32 types§b. §bClick to §3pickup §byour stash!§r
00:25:32 §e[SkyHanni] §bYou have §31.6k §bmaterials in stash, §btotalling §32 types§b. §bClick to §3pickup §byour stash!§r
00:25:43 §e[SkyHanni] §bYou have §31.6k §bmaterials in stash, §btotalling §32 types§b. §bClick to §3pickup §byour stash!§r
00:27:42 §c[SkyHanni] Your computer's clock is off by 8s.
§ePlease update your time settings. Many features may not function correctly until you do.
§eClick here for instructions on how to fix your clock.§r
00:28:16 §e[SkyHanni] §bYou have §31.6k §bmaterials in stash, §btotalling §32 types§b. §bClick to §3pickup §byour stash!§r
00:28:17 §c[SkyHanni] Your computer's clock is off by 8s.
§ePlease update your time settings. Many features may not function correctly until you do.
§eClick here for instructions on how to fix your clock.§r
00:28:21 §e[SkyHanni] You have gained §b29 827 §eBits.§r
00:28:21 §e[SkyHanni] §bYou have §31.6k §bmaterials in stash, §btotalling §32 types§b. §bClick to §3pickup §byour stash!§r
00:28:37 §e[SkyHanni] §bYou have §31.6k §bmaterials in stash, §btotalling §32 types§b. §bClick to §3pickup §byour stash!§r
00:30:34 §e[SkyHanni] You have gained §b8 §eBits.§r
00:30:51 §e[SkyHanni] You have gained §b378 §eBits.§r
00:31:41 §e[SkyHanni] You have gained §b16 §eBits.§r
00:32:25 §e[SkyHanni] You have gained §b8 §eBits.§r
00:32:32 §e[SkyHanni] §bYou have §31.6k §bmaterials in stash, §btotalling §32 types§b. §bClick to §3pickup §byour stash!§r
00:34:37 §c[SkyHanni-3.5.0]: Error sending data to Soopy Mining Events API! Click here to copy the error into the clipboard.§r
00:38:23 §e[SkyHanni] §bYou have §31.6k §bmaterials in stash, §btotalling §32 types§b. §bClick to §3pickup §byour stash!§r
00:39:36 §e[SkyHanni] You have gained §b24 §eBits.§r
00:40:47 §e[SkyHanni] You have gained §b8 §eBits.§r
00:40:51 §e[SkyHanni] You have gained §b8 §eBits.§r
00:41:22 §e[SkyHanni] You have gained §b8 §eBits.§r
00:42:11 §e[SkyHanni] You have gained §b8 §eBits.§r
00:43:09 §e[SkyHanni] You have gained §b8 §eBits.§r
00:43:16 §e[SkyHanni] §bYou have §31.6k §bmaterials in stash, §btotalling §32 types§b. §bClick to §3pickup §byour stash!§r
00:43:25 §e[SkyHanni] §bYou have §31.6k §bmaterials in stash, §btotalling §32 types§b. §bClick to §3pickup §byour stash!§r
