20:35:18 §b[MVP§a+§b] Atlas_737§f §6joined the lobby!
20:35:18 §b[MVP§9+§b] ILoveDante§f §6joined the lobby!
20:35:18   §r§f§l➤ §r§6You have reached your Hype limit! Add Hype to Prototype Lobby minigames by right-clicking with the Hype Diamond!
20:35:18 §b[MVP§c+§b] sebdal§f §6joined the lobby!
20:35:20 §b[MVP§c+§b] ReiBtw§f §6joined the lobby!
20:35:24 §b[MVP§6+§b] wiintherlake§f §6joined the lobby!
20:35:26 §b[MVP§6+§b] Shygler§f §6joined the lobby!
20:35:27 §b[MVP§2+§b] kinghagen§f §6joined the lobby!
20:35:28 §b[MVP§c+§b] Centaima§f §6joined the lobby!
20:35:28 §b[MVP§c+§b] wenti777§f §6joined the lobby!
20:35:30 §b[MVP§f+§b] MrSort§f §6joined the lobby!
20:35:30 §b[MVP§0+§b] xFull§f §6joined the lobby!
20:35:31 §b[MVP§2+§b] FateOfNabu§f §6joined the lobby!
20:35:34 §b[MVP§f+§b] Dizzyplayer§f §6joined the lobby!
20:35:38 §b[MVP§f+§b] Siply§f §6joined the lobby!
20:35:40 §b[MVP§6+§b] Aleclovesme§f §6joined the lobby!
20:35:41 §b[MVP§c+§b] VILASTR0M0S§f §6joined the lobby!
20:35:42 §b[MVP§3+§b] disemploy§f §6joined the lobby!
20:35:46 §b[MVP§c+§b] Mydelle§f §6joined the lobby!
20:35:47 §b[MVP§6+§b] Mrfarino§f §6joined the lobby!
20:35:51 §b[MVP§c+§b] AFkfOrmE§f §6joined the lobby!
20:35:51 §b[MVP§c+§b] HalfToxic§f §6joined the lobby!
20:35:53 §b[MVP§c+§b] yamako___§f §6joined the lobby!
20:36:03 §b[MVP§f+§b] Sebbebas§f §6joined the lobby!
20:36:03 §b[MVP§3+§b] Sodixm§f §6joined the lobby!
20:36:09 §b[MVP§9+§b] DeaDDDaN§f §6joined the lobby!
20:36:23 §b[MVP§4+§b] Bemeo§f §6joined the lobby!
20:36:24  §b>§c>§a>§r §r§6[MVP§c++§6] vaersi§f §6joined the lobby!§r §a<§c<§b<
20:36:25 §b[MVP§c+§b] BlockyBuilder101§f §6joined the lobby!
20:36:29 §b[MVP§c+§b] PoggCzman§f §6joined the lobby!
20:36:35  §b>§c>§a>§r §r§6[MVP§c++§6] GERMANGANGMEMBER§f §6joined the lobby!§r §a<§c<§b<
20:36:45 §b[MVP§c+§b] antimicrobial3§f §6joined the lobby!
20:36:50 §b[MVP§c+§b] Thrills8§f §6joined the lobby!
20:36:51 §b[MVP§c+§b] Natte_saus§f §6joined the lobby!
20:36:54 §b[MVP§4+§b] GnarGaming§f §6joined the lobby!
20:37:01 §b[MVP§c+§b] Fan_Solo4Ever§f §6joined the lobby!
20:37:05 §b[MVP§9+§b] MindOfOwO§f §6joined the lobby!
20:37:10 §b[MVP§c+§b] DeadlyDiamond30§f §6joined the lobby!
