23:45:20 §7Sending to server mini33M...
23:47:40 §7Sending to server mini7AA...
23:49:02 §7Sending to server mini151DJ...
23:49:54 §7Warping...
23:49:56 §7Sending to server mini13BE...
23:51:13 §7Warping...
23:51:13 §7Sending to server mini72AC...
23:51:21 §7Warping you to your SkyBlock island...
23:51:21 §7Sending to server mini97BG...
23:56:12 §7Sending to server mini6V...
23:56:37 §7Sending to server mini194AD...
23:56:49 §dWarped to Top of Tower§r§d!
23:57:23 §dWarped to Top of Tower§r§d!
00:19:36 §7Sending to server mini6AW...
00:25:01 §7Sending to server mini91D...
00:26:24 §7Sending to server mini144CR...
00:28:50 §7Warping...
00:28:50 §7Sending to server mini156DM...
00:41:37 §7Warping you to your SkyBlock island...
00:41:37 §7Sending to server mini15BK...
00:41:41 §7Sending to server mini40BB...
00:43:49 §7Sending to server mini73BN...
00:56:52 §7Warping you to your SkyBlock island...
00:56:52 §7Sending to server mini193DU...
00:56:56 §7Sending to server mini154DD...
00:57:01 §7Request join for Hub mini156CQ...
00:57:01 §7Sending to server mini156CQ...
