12:11:39 [EMPTY] §f §r§r§r§f §r§r§r§1 §r§r§r§0 §r§r§r§2 §r§r§r§f §r§r§r§f §r§r§r§2 §r§r§r§0 §r§r§r§4 §r§r§r§3 §r§r§r§9 §r§r§r§2 §r§r§r§0 §r§r§r§0 §r§r§r§3 §r§r§r§9 §r§r§r§2 §r§r§r§0 §r§r§r§0 §r§r§r§3 §r§r§r§9 §r§r§r§2 §r§r§r§0 §r§r§r§0 
12:11:39 [LOBBY] §b[MVP§f+§b] Sebbebas§f §6joined the lobby!
12:11:40 [LOBBY] §b[MVP§9+§b] alexoxosko213§f §6joined the lobby!
12:11:40 [LOBBY] §b[MVP§e+§b] Spritzu_§f §6joined the lobby!
12:11:40 [LOBBY] §b[MVP§5+§b] xCup§f §6joined the lobby!
12:11:40 [LOBBY]   §r§f§l➤ §r§6You have reached your Hype limit! Add Hype to Prototype Lobby minigames by right-clicking with the Hype Diamond!
12:11:42 [allowed] §cYou are sending commands too fast! Please slow down.
12:11:44 [LOBBY] §b[MVP§a+§b] PrimemaniaDrive§f §6joined the lobby!
12:11:45 [LOBBY] §b[MVP§c+§b] tibyyy§f §6joined the lobby!
12:11:46 [LOBBY] §b[MVP§f+§b] Yhwachs§f §6joined the lobby!
12:11:46 [LOBBY] §b[MVP§c+§b] coconuttter§f §6joined the lobby!
12:11:49 [LOBBY] §b[MVP§2+§b] Rofls§f §6joined the lobby!
12:11:53 [LOBBY] §b[MVP§2+§b] LinusIsMyDaddy§f §6joined the lobby!
12:11:54 [LOBBY]  §b>§c>§a>§r §r§6[MVP§9++§6] Zenovil4§f §6joined the lobby!§r §a<§c<§b<
12:11:54 [LOBBY] §b[MVP§2+§b] Serpentem§f §6joined the lobby!
12:11:55 [LOBBY] §b[MVP§c+§b] NiHe99§f §6joined the lobby!
12:11:56 [LOBBY] §b[MVP§c+§b] Apernum§f §6joined the lobby!
12:12:00 [allowed] §a[VIP§6+§a] Cenux§f§r§f: aight
12:12:01 [LOBBY] §b[MVP§c+§b] Semmel99§f §6joined the lobby!
12:12:04 [LOBBY] §b[MVP§c+§b] Martin555§f §6joined the lobby!
12:12:04 [LOBBY] §b[MVP§4+§b] thunderboy_14§f §6joined the lobby!
12:12:07 [LOBBY] §b[MVP§8+§b] Denon§f §6joined the lobby!
12:12:08 [LOBBY] §b[MVP§c+§b] KwAnIoN0§f §6joined the lobby!
12:12:11 [LOBBY] §b[MVP§0+§b] Nemophilea§f §6joined the lobby!
12:12:11 [LOBBY] §b[MVP§f+§b] mydadsabusdriver§f §6joined the lobby!
12:12:12 [LOBBY] §b[MVP§c+§b] MrREDChaos§f §6joined the lobby!
12:12:12 [LOBBY] §b[MVP§c+§b] player_0716§f §6joined the lobby!
12:12:13 [LOBBY] §b[MVP§c+§b] Mrpasdenom33§f §6joined the lobby!
12:12:14 [LOBBY] §b[MVP§c+§b] SophiaRoz§f §6joined the lobby!
12:12:14 [LOBBY] §b[MVP§f+§b] XDRS§f §6joined the lobby!
12:12:15 [LOBBY] §b[MVP§c+§b] Katchper§f §6joined the lobby!
12:12:15 [LOBBY] §b[MVP§2+§b] Iggy8_§f §6joined the lobby!
12:12:15 [allowed] §2Guild > §r§bLegohjalten §r§eleft.
12:12:18 [LOBBY] §b[MVP§0+§b] cowki§f §6joined the lobby!
12:12:18 [LOBBY] §b[MVP§2+§b] yeti_ee§f §6joined the lobby!
12:12:19 [LOBBY] §b[MVP§c+§b] Klauss83§f §6joined the lobby!
12:12:23 [allowed] §aNow playing §r§bWait
12:12:23 [LOBBY] §b[MVP§f+§b] Sandro22111§f §6joined the lobby!
12:12:26 [LOBBY] §b[MVP§e+§b] DaintyManatee88§f §6joined the lobby!
12:12:32 [LOBBY] §b[MVP§5+§b] Rithym§f §6joined the lobby!
12:12:33 [LOBBY]  §b>§c>§a>§r §r§6[MVP§c++§6] MendrixLive§f §6joined the lobby!§r §a<§c<§b<
12:12:33 [allowed] §aNow playing §r§b11
12:12:33 [LOBBY] §b[MVP§f+§b] ethanpatty§f §6joined the lobby!
12:12:35 [allowed] §aNow playing §r§bWait
12:12:36 [LOBBY]  §b>§c>§a>§r §r§b[MVP§9++§b] sukcius§f §6joined the lobby!§r §a<§c<§b<
12:12:39 [LOBBY] §b[MVP§f+§b] OwOLiam§f §6joined the lobby!
12:12:42 [LOBBY] §b[MVP§a+§b] HCY23333§f §6joined the lobby!
12:12:44 [LOBBY] §b[MVP§f+§b] Miftrova§f §6joined the lobby!
12:12:46 [LOBBY] §b[MVP§c+§b] RicerGrower6996§f §6joined the lobby!
12:12:49 [LOBBY] §b[MVP§6+§b] anyagrams§f §6joined the lobby!
12:12:52 [LOBBY] §b[MVP§3+§b] oBlaby§f §6joined the lobby!
12:12:54 [LOBBY] §b[MVP§2+§b] wpsm§f §6joined the lobby!
12:12:54 [LOBBY] §b[MVP§8+§b] NotDoggo§f §6joined the lobby!
12:12:58 [LOBBY] §b[MVP§f+§b] SouthernWig1992§f §6joined the lobby!
12:12:59 [LOBBY] §b[MVP§2+§b] Co3O4§f §6joined the lobby!
12:12:59 [LOBBY] §b[MVP§a+§b] Rusty_XYZ§f §6joined the lobby!
12:13:00 [LOBBY] §b[MVP§9+§b] SimonSpekvet§f §6joined the lobby!
12:13:00 [LOBBY] §b[MVP§c+§b] trishashadow§f §6joined the lobby!
12:13:01 [LOBBY]  §b>§c>§a>§r §r§6[MVP§c++§6] Pepes_Mother§f §6joined the lobby!§r §a<§c<§b<
12:13:01 [WARPING] §7Sending to server mini146AN...
12:13:02 [EMPTY] §8 §r§8 §r§1 §r§3 §r§3 §r§7 §r§8 
12:13:02 [allowed] §aSince you've been away you earned §r§697,500 coins §r§aas interest in your personal bank account!
12:13:02 [allowed] §b-----------------------------------------------------
12:13:02 [allowed] §aYou have just received §r§6487,500 coins §r§aas interest in your co-op bank account!
12:13:02 [allowed] §b-----------------------------------------------------
12:13:03 [EMPTY]  
12:13:03 [allowed] §f       §7You have §31 §7pending §3Bestiary Milestone §7to be claimed!
12:13:03 [allowed] §f                    §6§l>>> §6§lCLICK HERE§e to claim it! §6§l<<<
12:13:03 [EMPTY]   
12:13:04 [EMPTY] 
12:13:04 [WELCOME] §eWelcome to §r§aHypixel SkyBlock§r§e!
12:13:04 [EMPTY] 
12:13:04 [allowed] §eLatest update: §bSkyBlock v0.20.2 §e§lCLICK
12:13:04 [allowed] §cYou are sending commands too fast! Please slow down.
12:13:05 [PROFILE_JOIN] §aYou are playing on profile: §eBanana§b (Co-op)
12:13:05 [PROFILE_JOIN] §8Profile ID: b1a71305-1956-42bf-90e4-bce6f7285754
12:13:06 [allowed] §6§lALLOWANCE! §r§eYou earned §r§650,000 coins§r§e!
12:13:07 [allowed] §bNew day! §r§eYour §r§2Sky Mall §r§ebuff changed!
12:13:07 [allowed] §eNew buff§r§r§r: §r§fReduce Pickaxe Ability cooldown by §r§a20%§r§f.
12:14:02 [allowed] §a§r§6Mining Speed Boost §r§ais now available!
12:14:19 [WARPING] §7Warping...
12:14:29 [allowed] §6[Bazaar] §r§7Putting goods in escrow...
12:14:29 [allowed] §6[Bazaar] §r§7Submitting sell offer...
12:14:29 [allowed] §6[Bazaar] §r§7§r§eSell Offer Setup! §r§a5§r§7x §r§6Refined Titanium §r§7for §r§63,954,963 coins§r§7.
12:14:50 [allowed] §8Withdrawing coins...
12:14:50 [allowed] §aWithdrew §r§67M coins§r§a! There's now §r§6200M coins §r§aleft in the account!
12:15:02 [allowed] §bNew day! §r§eYour §r§2Sky Mall §r§ebuff changed!
12:15:02 [allowed] §eNew buff§r§r§r: §r§fReduce Pickaxe Ability cooldown by §r§a20%§r§f.
12:15:10 [allowed] §6[Bazaar] §r§7Executing instant buy...
12:15:10 [allowed] §6[Bazaar] §r§7Bought §r§a80§r§7x §r§5Enchanted Titanium §r§7for §r§61,647,792 coins§r§7!
12:15:30 [WARPING] §7Warping...
12:15:51 [allowed] §e[NPC] §5Gwendolyn§f: §rHey! Someone §dspecial §fhas been asking to meet you!
12:15:54 [allowed] §e[NPC] §5Gwendolyn§f: §rI'm not quite sure what he's doing back in the §2Dwarven Mines§f- it's been §oyears §fsince I last saw him!
12:15:58 [allowed] §e[NPC] §5Gwendolyn§f: §rAnyways, he's expecting you over in the §bHanging Court§f by the Royal Palace. Better not keep him waiting!
12:16:00 [EMPTY] 
12:16:00 [allowed]   §r§6§lNEW OBJECTIVE
12:16:00 [allowed]   §r§fTalk to Dulin
12:16:00 [EMPTY] 
12:16:02 [allowed] §aYou used your §r§6Mining Speed Boost §r§aPickaxe Ability!
12:16:05 [allowed] §5§l✯ §r§eA §r§5Fallen Star §r§ehas crashed at §r§bRoyal Mines§r§e! Nearby ore and Powder drops are amplified!
12:16:20 [allowed] §e[NPC] Dulin§f: §r§fThis is all that remains...
12:16:22 [allowed] §cYour Mining Speed Boost has expired!
12:16:25 [allowed] §e[NPC] Dulin§f: §r§fHello, §bSebbebas§f. Thank you for coming.
12:16:28 [allowed] §e[NPC] Dulin§f: §r§fI have heard of your triumphs in the §5Crystal Hollows§f, and thought we should meet.
12:16:30 [allowed] §e[NPC] Dulin§f: §r§fI am §6Dulin§f, descendant of Divan and rightful §6King of the Dwarven Mines§f. Those imbeciles in the palace took up their positions in my absence.
12:16:34 [allowed] §e[NPC] Dulin§f: §r§fI am preparing an expedition into the area beyond the §bGreat Ice Wall§f, and need some adventurers to scout out the area for me.
12:16:38 [allowed] §e[NPC] Dulin§f: §r§fIf I could §7sneak §fyou in, would you be willing to help?
12:16:38 [allowed] §eSelect an option: §r§a§l[YES] §r§c§l[NO] 
12:16:46 [allowed] §e[NPC] Dulin§f: §r§fThank you. My people will remember your name for eons.
12:16:49 [allowed] §e[NPC] Dulin§f: §r§fI am glad that I have your trust, but I will need you to prove yourself before entering the §bGlacite Tunnels§f.
12:16:53 [allowed] §e[NPC] Dulin§f: §r§fThe §aTicket Master §fwill only let you in if you have a §c§cSecret Railroad Pass §fto show him.
12:16:56 [allowed] §e[NPC] Dulin§f: §r§fYou can put one together in the §6Dwarven Forge§f, if you can get the right materials.
12:16:58 [EMPTY] 
12:16:58 [allowed]   §r§6§lNEW OBJECTIVE
12:16:58 [allowed]   §r§fForge a Railroad Pass
12:16:58 [EMPTY] 
12:17:03 [allowed] §8[§r§b211§r§8] §r§7☕ §r§b[MVP§2+§b] __Misterio__§f§r§f: OK
12:17:04 [allowed] §cThere are blocks in the way!
12:17:17 [allowed] §e[NPC] §5Gwendolyn§f: §rGreat! Now hop on into the Minecart and I'll get you on your way!
12:17:23 [allowed] §bYou've seen all this before, click here to §e§lSKIP §bthe journey!
12:17:24 [WARPING] §7Warping...
12:17:24 [WARPING] §7Sending to server mini68CW...
12:17:25 [EMPTY] §8 §r§8 §r§1 §r§3 §r§3 §r§7 §r§8 
12:17:25 [EMPTY]  
12:17:25 [allowed] §f       §7You have §31 §7pending §3Bestiary Milestone §7to be claimed!
12:17:25 [allowed] §f                    §6§l>>> §6§lCLICK HERE§e to claim it! §6§l<<<
12:17:25 [EMPTY]   
12:17:27 [allowed] §cYou are sending commands too fast! Please slow down.
12:17:28 [PROFILE_JOIN] §aYou are playing on profile: §eBanana§b (Co-op)
12:17:28 [PROFILE_JOIN] §8Profile ID: b1a71305-1956-42bf-90e4-bce6f7285754
12:17:32 [WARPING] §7Warping...
12:17:32 [WARPING] §7Sending to server mini88AC...
12:17:32 [EMPTY] §8 §r§8 §r§1 §r§3 §r§3 §r§7 §r§8 
12:17:33 [EMPTY]  
12:17:33 [allowed] §f       §7You have §31 §7pending §3Bestiary Milestone §7to be claimed!
12:17:33 [allowed] §f                    §6§l>>> §6§lCLICK HERE§e to claim it! §6§l<<<
12:17:33 [EMPTY]   
12:17:34 [allowed] §cYou are sending commands too fast! Please slow down.
12:17:35 [PROFILE_JOIN] §aYou are playing on profile: §eBanana§b (Co-op)
12:17:35 [PROFILE_JOIN] §8Profile ID: b1a71305-1956-42bf-90e4-bce6f7285754
12:17:39 [allowed] §cUnknown destination! Check the Fast Travel menu to view options!
12:17:41 [allowed] §8[§r§f44§r§8] §r§7Luopij§7§r§7: how much playtime do u need to use the /playtime command?
12:17:43 [allowed] §cUnknown destination! Check the Fast Travel menu to view options!
12:17:51 [allowed] §cUnknown destination! Check the Fast Travel menu to view options!
12:17:55 [WARPING] §7Warping...
12:17:55 [WARPING] §7Sending to server mini157DU...
12:17:56 [EMPTY] §8 §r§8 §r§1 §r§3 §r§3 §r§7 §r§8 
12:17:56 [EMPTY]  
12:17:56 [allowed] §f       §7You have §31 §7pending §3Bestiary Milestone §7to be claimed!
12:17:56 [allowed] §f                    §6§l>>> §6§lCLICK HERE§e to claim it! §6§l<<<
12:17:56 [EMPTY]   
12:17:57 [allowed] §cYou are sending commands too fast! Please slow down.
12:18:00 [PROFILE_JOIN] §aYou are playing on profile: §eBanana§b (Co-op)
12:18:00 [PROFILE_JOIN] §8Profile ID: b1a71305-1956-42bf-90e4-bce6f7285754
12:18:05 [allowed] §3§l▬▬▬▬▬▬▬▬▬▬▬▬▬▬▬▬▬▬▬▬▬▬▬▬▬▬▬▬▬▬▬▬▬▬▬▬▬▬▬▬▬▬▬▬▬▬▬▬▬▬▬▬▬▬▬▬▬▬▬▬▬▬▬▬
12:18:05 [EMPTY]  
12:18:05 [allowed] §f                         §r§6§lBESTIARY MILESTONE
12:18:05 [allowed] §f                               §r§8CLXII §r§8➡§r§e §r§eCLXIII
12:18:05 [EMPTY]  
12:18:05 [allowed] §f                                   §r§6§lREWARD
12:18:05 [allowed] §f                                 §r§8+§r§a1 §r§c❤ Health
12:18:05 [EMPTY]  
12:18:05 [allowed] §3§l▬▬▬▬▬▬▬▬▬▬▬▬▬▬▬▬▬▬▬▬▬▬▬▬▬▬▬▬▬▬▬▬▬▬▬▬▬▬▬▬▬▬▬▬▬▬▬▬▬▬▬▬▬▬▬▬▬▬▬▬▬▬▬▬
12:18:09 [WARPING] §7Warping you to your SkyBlock island...
12:18:09 [WARPING] §7Sending to server mini74R...
12:18:10 [EMPTY] §8 §r§8 §r§1 §r§3 §r§3 §r§7 §r§8 
12:18:12 [WARPING] §7Warping...
12:18:12 [allowed] §cCouldn't warp you! Try again later. §r§7(PLAYER_TRANSFER_COOLDOWN)
12:18:12 [allowed] §cYou are sending commands too fast! Please slow down.
12:18:13 [PROFILE_JOIN] §aYou are playing on profile: §eBanana§b (Co-op)
12:18:13 [PROFILE_JOIN] §8Profile ID: b1a71305-1956-42bf-90e4-bce6f7285754
12:18:14 [WARPING] §7Warping...
12:18:15 [WARPING] §7Sending to server mini187DT...
12:18:15 [EMPTY] §8 §r§8 §r§1 §r§3 §r§3 §r§7 §r§8 
12:18:17 [allowed] §cYou are sending commands too fast! Please slow down.
12:18:18 [PROFILE_JOIN] §aYou are playing on profile: §eBanana§b (Co-op)
12:18:18 [PROFILE_JOIN] §8Profile ID: b1a71305-1956-42bf-90e4-bce6f7285754
12:18:20 [WARPING] §7Warping you to your SkyBlock island...
12:18:20 [WARPING] §7Sending to server mini74R...
12:18:20 [allowed] §aThe wind has changed direction!
12:18:21 [EMPTY] §8 §r§8 §r§1 §r§3 §r§3 §r§7 §r§8 
12:18:23 [WARPING] §7Warping...
12:18:23 [allowed] §cCouldn't warp you! Try again later. §r§7(PLAYER_TRANSFER_COOLDOWN)
12:18:23 [allowed] §cYou are sending commands too fast! Please slow down.
12:18:24 [PROFILE_JOIN] §aYou are playing on profile: §eBanana§b (Co-op)
12:18:24 [PROFILE_JOIN] §8Profile ID: b1a71305-1956-42bf-90e4-bce6f7285754
12:18:25 [WARPING] §7Warping...
12:18:25 [WARPING] §7Sending to server mini40Q...
12:18:26 [EMPTY] §8 §r§8 §r§1 §r§3 §r§3 §r§7 §r§8 
12:18:27 [allowed] §cYou are sending commands too fast! Please slow down.
12:18:29 [PROFILE_JOIN] §aYou are playing on profile: §eBanana§b (Co-op)
12:18:29 [PROFILE_JOIN] §8Profile ID: b1a71305-1956-42bf-90e4-bce6f7285754
12:18:41 [WARPING] §7Warping you to your SkyBlock island...
12:18:42 [WARPING] §7Sending to server mini155CS...
12:18:43 [EMPTY] §8 §r§8 §r§1 §r§3 §r§3 §r§7 §r§8 
12:18:44 [allowed] §cYou are sending commands too fast! Please slow down.
12:18:45 [PROFILE_JOIN] §aYou are playing on profile: §eBanana§b (Co-op)
12:18:45 [PROFILE_JOIN] §8Profile ID: b1a71305-1956-42bf-90e4-bce6f7285754
12:18:56 [WARPING] §7Warping...
12:18:56 [WARPING] §7Sending to server mini75CV...
12:18:56 [EMPTY] §8 §r§8 §r§1 §r§3 §r§3 §r§7 §r§8 
12:18:58 [allowed] §cYou are sending commands too fast! Please slow down.
12:18:59 [PROFILE_JOIN] §aYou are playing on profile: §eBanana§b (Co-op)
12:18:59 [PROFILE_JOIN] §8Profile ID: b1a71305-1956-42bf-90e4-bce6f7285754
12:19:02 [allowed] §aThe wind has changed direction!
12:19:06 [WARPING] §7Warping you to your SkyBlock island...
12:19:07 [WARPING] §7Sending to server mini91CQ...
12:19:08 [EMPTY] §8 §r§8 §r§1 §r§3 §r§3 §r§7 §r§8 
12:19:09 [WARPING] §7Warping...
12:19:09 [allowed] §cCouldn't warp you! Try again later. §r§7(PLAYER_TRANSFER_COOLDOWN)
12:19:09 [allowed] §cYou are sending commands too fast! Please slow down.
12:19:10 [PROFILE_JOIN] §aYou are playing on profile: §eBanana§b (Co-op)
12:19:10 [PROFILE_JOIN] §8Profile ID: b1a71305-1956-42bf-90e4-bce6f7285754
12:19:11 [WARPING] §7Warping...
12:19:11 [WARPING] §7Sending to server mini78AG...
12:19:12 [EMPTY] §8 §r§8 §r§1 §r§3 §r§3 §r§7 §r§8 
12:19:14 [allowed] §cYou are sending commands too fast! Please slow down.
12:19:15 [PROFILE_JOIN] §aYou are playing on profile: §eBanana§b (Co-op)
12:19:15 [PROFILE_JOIN] §8Profile ID: b1a71305-1956-42bf-90e4-bce6f7285754
12:19:21 [allowed] §aThe wind has changed direction!
12:19:41 [allowed] §8[§r§e103§r§8] §r§7❂ §r§a[VIP] Z3LT0Z§f§r§f: bal anyone?
12:20:07 [allowed] §a§l▬▬▬▬▬▬▬▬▬▬▬▬▬▬▬▬▬▬▬▬▬▬▬▬▬▬▬▬▬▬▬▬▬▬▬▬▬▬▬▬▬▬▬▬▬▬▬▬▬▬▬▬▬▬▬▬▬▬▬▬▬▬▬▬
12:20:07 [allowed] §f                     §r§9§lGONE WITH THE WIND ENDED!
12:20:07 [allowed] §f                           §r§7Passive Active Event
12:20:07 [EMPTY] 
12:20:07 [allowed] §f     The wind has died down leading to normal mining speeds.
12:20:07 [allowed] §a§l▬▬▬▬▬▬▬▬▬▬▬▬▬▬▬▬▬▬▬▬▬▬▬▬▬▬▬▬▬▬▬▬▬▬▬▬▬▬▬▬▬▬▬▬▬▬▬▬▬▬▬▬▬▬▬▬▬▬▬▬▬▬▬▬
12:20:12 [allowed] §a§r§6Mining Speed Boost §r§ais now available!
12:20:39 [allowed] §6[Bazaar] §r§7Executing instant buy...
12:20:39 [allowed] §aYou applied a §r§9⸕ Fine Amber Gemstone §r§ato your §r§6Sorrow Boots§r§a!
12:20:39 [allowed] §6[Bazaar] §r§7Bought §r§a1§r§7x §r§9⸕ Fine Amber Gemstone §r§7for §r§625,988 coins§r§7!
12:20:54 [allowed] §6[Bazaar] §r§7Executing instant buy...
12:20:54 [allowed] §aYou applied a §r§9⸕ Fine Amber Gemstone §r§ato your §r§6Sorrow Leggings§r§a!
12:20:54 [allowed] §6[Bazaar] §r§7Bought §r§a1§r§7x §r§9⸕ Fine Amber Gemstone §r§7for §r§625,988 coins§r§7!
12:21:04 [allowed] §6[Bazaar] §r§7Executing instant buy...
12:21:04 [allowed] §aYou applied a §r§9⸕ Fine Amber Gemstone §r§ato your §r§6Sorrow Chestplate§r§a!
12:21:04 [allowed] §6[Bazaar] §r§7Bought §r§a1§r§7x §r§9⸕ Fine Amber Gemstone §r§7for §r§625,988 coins§r§7!
12:21:13 [allowed] §6[Bazaar] §r§7Executing instant buy...
12:21:13 [allowed] §aYou applied a §r§9⸕ Fine Amber Gemstone §r§ato your §r§6Sorrow Helmet§r§a!
12:21:13 [allowed] §6[Bazaar] §r§7Bought §r§a1§r§7x §r§9⸕ Fine Amber Gemstone §r§7for §r§625,988 coins§r§7!
12:21:36 [allowed]  §d⚑ §eThe §dBetter Together §eevent starts in §a20 §eseconds!
 §eThis is a passive event! §bIt's happening everywhere in the §bCrystal Hollows!
12:21:56 [allowed] §a§l▬▬▬▬▬▬▬▬▬▬▬▬▬▬▬▬▬▬▬▬▬▬▬▬▬▬▬▬▬▬▬▬▬▬▬▬▬▬▬▬▬▬▬▬▬▬▬▬▬▬▬▬▬▬▬▬▬▬▬▬▬▬▬▬
12:21:56 [allowed] §f                    §r§d§lBETTER TOGETHER STARTED!
12:21:56 [allowed] §f                           §r§7Passive Active Event
12:21:56 [EMPTY] §f                                        
12:21:56 [allowed] §f     The Better Together festival is underway! Dwarves love
12:21:56 [allowed] §f§r§f   working together, and this event celebrates friendship and
12:21:56 [allowed] §f§r§f                             jolly cooperation.
12:21:56 [allowed] §a§l▬▬▬▬▬▬▬▬▬▬▬▬▬▬▬▬▬▬▬▬▬▬▬▬▬▬▬▬▬▬▬▬▬▬▬▬▬▬▬▬▬▬▬▬▬▬▬▬▬▬▬▬▬▬▬▬▬▬▬▬▬▬▬▬
12:21:56 [allowed] §7§oYou can hear cooperative chattering coming from town…
12:21:56 [allowed] §7§oThe Better Together festival is active for 20 minutes!
12:22:17 [allowed] §8[§r§730§r§8] §r§a[VIP§6+§a] Mugdha72628§f§r§f: pc na
12:22:30 [allowed] §d§lPRISTINE! §r§fYou found §r§a☘ Flawed Jade Gemstone §r§8x7§r§f!
12:22:39 [allowed] §aYou used your §r§6Mining Speed Boost §r§aPickaxe Ability!
12:22:47 [allowed] §d§lPRISTINE! §r§fYou found §r§a☘ Flawed Jade Gemstone §r§8x7§r§f!
12:22:59 [allowed] §cYour Mining Speed Boost has expired!
12:23:03 [WARPING] §7Warping you to your SkyBlock island...
12:23:03 [WARPING] §7Sending to server mini10AH...
12:23:04 [EMPTY] §8 §r§8 §r§1 §r§3 §r§3 §r§7 §r§8 
12:23:06 [allowed] §cYou are sending commands too fast! Please slow down.
12:23:07 [PROFILE_JOIN] §aYou are playing on profile: §eBanana§b (Co-op)
12:23:07 [PROFILE_JOIN] §8Profile ID: b1a71305-1956-42bf-90e4-bce6f7285754
12:23:09 [allowed] §aWarped from the §r§cRed Teleport Pad§r§a to the §r§dStorage Teleport Pad§r§a!
12:33:42 [EMPTY] §f §r§r§r§f §r§r§r§1 §r§r§r§0 §r§r§r§2 §r§r§r§f §r§r§r§f §r§r§r§2 §r§r§r§0 §r§r§r§4 §r§r§r§3 §r§r§r§9 §r§r§r§2 §r§r§r§0 §r§r§r§0 §r§r§r§3 §r§r§r§9 §r§r§r§2 §r§r§r§0 §r§r§r§0 §r§r§r§3 §r§r§r§9 §r§r§r§2 §r§r§r§0 §r§r§r§0 
12:33:42 [allowed] §aYou have §b19 §aunclaimed leveling rewards!
12:33:42 [allowed] §eClick here to view them!
12:33:42 [allowed] §aYou have §67 §aunclaimed achievement rewards!
12:33:42 [allowed] §eClick here to view them!
12:33:43 [LOBBY] §b[MVP§f+§b] Kyuzh§f §6joined the lobby!
12:33:44 [LOBBY]   §r§f§l➤ §r§6You have reached your Hype limit! Add Hype to Prototype Lobby minigames by right-clicking with the Hype Diamond!
12:33:45 [allowed] §cYou are sending commands too fast! Please slow down.
12:33:49 [LOBBY] §b[MVP§c+§b] DaLettuu§f §6joined the lobby!
12:33:52 [LOBBY] §b[MVP§c+§b] FurinaLoveCN§f §6joined the lobby!
12:33:53 [LOBBY]  §b>§c>§a>§r §r§b[MVP§0++§b] ThomasIsScrub§f §6joined the lobby!§r §a<§c<§b<
12:33:57 [WARPING] §7Sending to server mini78J...
12:33:58 [EMPTY] §8 §r§8 §r§1 §r§3 §r§3 §r§7 §r§8 
12:33:59 [allowed] §cYou are sending commands too fast! Please slow down.
12:34:00 [EMPTY] 
12:34:00 [WELCOME] §eWelcome to §r§aHypixel SkyBlock§r§e!
12:34:00 [EMPTY] 
12:34:00 [allowed] §eLatest update: §bSkyBlock v0.20.2 §e§lCLICK
12:34:01 [PROFILE_JOIN] §aYou are playing on profile: §eApple§b (Co-op)
12:34:01 [PROFILE_JOIN] §8Profile ID: b1a71305-1956-42bf-90e4-bce6f7285754
12:34:02 [allowed] §6§lALLOWANCE! §r§eYou earned §r§650,000 coins§r§e!
12:34:03 [allowed] §8[§r§737§r§8] §r§b[MVP§c+§b] NGWobbl3 §7♲§f§r§f: thats a free super compactor ;-;
12:34:11 [WARPING] §7Warping you to your SkyBlock island...
12:34:11 [WARPING] §7Sending to server mini184AF...
12:34:12 [EMPTY] §8 §r§8 §r§1 §r§3 §r§3 §r§7 §r§8 
12:34:14 [allowed] §cYou are sending commands too fast! Please slow down.
12:34:15 [PROFILE_JOIN] §aYou are playing on profile: §eApple§b (Co-op)
12:34:15 [PROFILE_JOIN] §8Profile ID: b1a71305-1956-42bf-90e4-bce6f7285754
12:34:15 [allowed] §aYou sold §r§e◆ Zap Rune I§r§8 x1 §r§afor §r§61 Coin§r§a!
12:34:19 [allowed] §6[Bazaar] §r§7Executing instant sell...
12:34:19 [allowed] §6[Bazaar] §r§7Sold §r§a2§r§7x §r§aYoggie §r§7for §r§6102.6 coins§r§7!
12:34:22 [allowed] §6[Bazaar] §r§7Executing instant sell...
12:34:22 [allowed] §6[Bazaar] §r§7Sold §r§a1§r§7x §r§a✧ Flawed Topaz Gemstone §r§7for §r§6263.0 coins§r§7!
12:34:28 [allowed] §6[Bazaar] §r§7Executing instant sell...
12:34:28 [allowed] §6[Bazaar] §r§7Sold §r§a53§r§7x §r§f✧ Rough Topaz Gemstone §r§7for §r§674.2 coins§r§7!
12:34:30 [allowed] §aWarped from the §r§cRed Teleport Pad§r§a to the §r§dStorage Teleport Pad§r§a!
12:35:07 [EMPTY] §f §r§r§r§f §r§r§r§1 §r§r§r§0 §r§r§r§2 §r§r§r§f §r§r§r§f §r§r§r§2 §r§r§r§0 §r§r§r§4 §r§r§r§3 §r§r§r§9 §r§r§r§2 §r§r§r§0 §r§r§r§0 §r§r§r§3 §r§r§r§9 §r§r§r§2 §r§r§r§0 §r§r§r§0 §r§r§r§3 §r§r§r§9 §r§r§r§2 §r§r§r§0 §r§r§r§0 
12:35:07 [LOBBY] §b[MVP§f+§b] Sebbebas§f §6joined the lobby!
12:35:08 [LOBBY]   §r§f§l➤ §r§6You have reached your Hype limit! Add Hype to Prototype Lobby minigames by right-clicking with the Hype Diamond!
12:35:09 [allowed] §cYou are sending commands too fast! Please slow down.
12:35:11 [WARPING] §7Sending to server mini91J...
12:35:12 [EMPTY] §8 §r§8 §r§1 §r§3 §r§3 §r§7 §r§8 
12:35:13 [allowed] §aWarped from the §r§cRed Teleport Pad§r§a to the §r§dStorage Teleport Pad§r§a!
12:35:13 [allowed] §cYou are sending commands too fast! Please slow down.
12:35:14 [EMPTY] 
12:35:14 [WELCOME] §eWelcome to §r§aHypixel SkyBlock§r§e!
12:35:14 [EMPTY] 
12:35:14 [allowed] §eLatest update: §bSkyBlock v0.20.2 §e§lCLICK
12:35:14 [PROFILE_JOIN] §aYou are playing on profile: §eBanana§b (Co-op)
12:35:15 [PROFILE_JOIN] §8Profile ID: b1a71305-1956-42bf-90e4-bce6f7285754
12:35:16 [SKYMALL] §bNew day! §r§eYour §r§2Sky Mall §r§ebuff changed!
12:35:16 [SKYMALL] §eNew buff§r§r§r: §r§f§r§a10x §r§fchance to find Golden and Diamond Goblins.
12:35:16 [SKYMALL] §8§oYou can disable this messaging by toggling Sky Mall in your /hotm!
12:35:56 [allowed] §6[Bazaar] §r§7Executing instant buy...
12:35:56 [allowed] §aYou enchanted your §r§dAuspicious Gemstone Gauntlet §r§awith Pristine I§r§a!
12:35:56 [allowed] §6[Bazaar] §r§7Bought §r§a1§r§7x §r§fPristine I §r§7for §r§61,341,887 coins§r§7!
12:36:12 [allowed] §a§r§6Mining Speed Boost §r§ais now available!
12:36:20 [allowed] §cPlease input a valid number!
12:37:02 [allowed] §cYou don't have enough Experience Levels!
12:37:05 [allowed] §6[Bazaar] §r§7Executing instant buy...
12:37:06 [allowed] §3You applied 1,100,000 experience!
12:37:06 [allowed] §6[Bazaar] §r§7Bought §r§a1§r§7x §r§9Titanic Experience Bottle §r§7for §r§6566,397 coins§r§7!
12:37:08 [allowed] §cYou cannot afford this!
12:37:17 [allowed] §8Withdrawing coins...
12:37:17 [allowed] §aWithdrew §r§620M coins§r§a! There's now §r§6180M coins §r§aleft in the account!
12:37:30 [allowed] §6[Bazaar] §r§7Executing instant buy...
12:37:30 [allowed] §aYou enchanted your §r§dAuspicious Gemstone Gauntlet §r§awith Pristine V§r§a!
12:37:30 [allowed] §6[Bazaar] §r§7Bought §r§a1§r§7x §r§aPristine V §r§7for §r§619,373,774 coins§r§7!
12:37:44 [WARPING] §7Warping...
12:37:45 [WARPING] §7Sending to server mini13AA...
12:37:45 [EMPTY] §8 §r§8 §r§1 §r§3 §r§3 §r§7 §r§8 
12:37:47 [allowed] §cYou are sending commands too fast! Please slow down.
12:37:48 [PROFILE_JOIN] §aYou are playing on profile: §eBanana§b (Co-op)
12:37:48 [PROFILE_JOIN] §8Profile ID: b1a71305-1956-42bf-90e4-bce6f7285754
12:37:56 [WARPING] §7Warping...
12:37:56 [WARPING] §7Sending to server mini70DP...
12:37:57 [EMPTY] §8 §r§8 §r§1 §r§3 §r§3 §r§7 §r§8 
12:37:58 [allowed] §8[§r§d320§r§8] §r§b§lᛝ §r§b[MVP§9+§b] Erichhhh§f§r§f: nice to know
12:37:58 [allowed] §cYou are sending commands too fast! Please slow down.
12:38:00 [PROFILE_JOIN] §aYou are playing on profile: §eBanana§b (Co-op)
12:38:00 [PROFILE_JOIN] §8Profile ID: b1a71305-1956-42bf-90e4-bce6f7285754
12:38:10 [allowed] §8[§r§e112§r§8] §r§7☠ §r§a[VIP] w_tapper§f§r§f: does life go uphill from the powder grind
12:38:14 [allowed] §6[Bazaar] §r§7Executing instant buy...
12:38:14 [allowed] §6[Bazaar] §r§7Bought §r§a4§r§7x §r§9Superlite Motor §r§7for §r§6254,703 coins§r§7!
12:38:16 [allowed] §8[§r§e112§r§8] §r§7☠ §r§a[VIP] w_tapper§f§r§f: or does it only go downhill from here
12:38:19 [allowed] §6[Bazaar] §r§7Executing instant buy...
12:38:19 [allowed] §6[Bazaar] §r§7Bought §r§a4§r§7x §r§9FTX 3070 §r§7for §r§6713,373 coins§r§7!
12:38:23 [allowed] §6[Bazaar] §r§7Executing instant buy...
12:38:23 [allowed] §6[Bazaar] §r§7Bought §r§a4§r§7x §r§9Electron Transmitter §r§7for §r§6804,790 coins§r§7!
12:38:33 [allowed] §8[§r§c441§r§8] §r§b[MVP§f+§b] lifeontop§f§r§f: i think u get weight for powder col mining exp
12:38:35 [allowed] §8[§r§c441§r§8] §r§b[MVP§f+§b] lifeontop§f§r§f: scatha kills
12:38:36 [allowed] §8Withdrawing coins...
12:38:36 [allowed] §aWithdrew §r§630M coins§r§a! There's now §r§6150M coins §r§aleft in the account!
12:38:37 [allowed] §8[§r§9292§r§8] §r§b[MVP] Adeenaden§f§r§f: If u cant handle powder grinding ur not gonna like this game
12:38:39 [allowed] §8[§r§c441§r§8] §r§b[MVP§f+§b] lifeontop§f§r§f: everything related to mining
12:38:44 [allowed] §6[Bazaar] §r§7Executing instant buy...
12:38:44 [allowed] §6[Bazaar] §r§7Bought §r§a5§r§7x §r§9Robotron Reflector §r§7for §r§61,044,996 coins§r§7!
12:38:47 [allowed] §8[§r§e112§r§8] §r§7☠ §r§a[VIP] w_tapper§f§r§f: i just watch yt while grinding
12:38:51 [allowed] §8[§r§e112§r§8] §r§7☠ §r§a[VIP] w_tapper§f§r§f: but its not really fun
12:38:52 [allowed] §6[Bazaar] §r§7Executing instant buy...
12:38:52 [allowed] §6[Bazaar] §r§7Bought §r§a5§r§7x §r§9Synthetic Heart §r§7for §r§61,019,389 coins§r§7!
12:38:57 [allowed] §a§r§6Mining Speed Boost §r§ais now available!
12:39:00 [allowed] §8[§r§e112§r§8] §r§7☠ §r§a[VIP] w_tapper§f§r§f: just feels like a chore tbh
12:39:03 [allowed] §6[Bazaar] §r§7Executing instant buy...
12:39:03 [allowed] §6[Bazaar] §r§7Bought §r§a5§r§7x §r§9Control Switch §r§7for §r§6971,889 coins§r§7!
12:39:07 [allowed] §8[§r§c441§r§8] §r§b[MVP§f+§b] lifeontop§f§r§f: yea grind here is tedious
12:39:07 [allowed] §8[§r§e112§r§8] §r§7☠ §r§a[VIP] w_tapper§f§r§f: but i wanna get it done because number goes up
12:39:23 [allowed] §6[Bazaar] §r§7Executing instant buy...
12:39:23 [allowed] §6[Bazaar] §r§7Bought §r§a5§r§7x §r§5Jungle Key §r§7for §r§6875,739 coins§r§7!
12:39:28 [allowed] §cThat item cannot be sold!
12:39:56 [GUILD_EXP] §aYou earned §r§268 GEXP §r§afrom playing SkyBlock!
12:40:16 [allowed] §a§l+5 Kill Combo §r§8§r§b+3✯ Magic Find
12:40:16 [allowed] §7Your Giant's Sword hit §r§c2 §r§7enemies for §r§c1,367,530 §r§7damage.
12:40:24 [allowed] §a§l+10 Kill Combo §r§8+§r§610 §r§7coins per kill
12:40:30 [allowed] §cYour Kill Combo has expired! You reached a 13 Kill Combo!
12:40:41 [WARPING] §7Warping...
12:40:41 [WARPING] §7Sending to server mini198AQ...
12:40:42 [EMPTY] §8 §r§8 §r§1 §r§3 §r§3 §r§7 §r§8 
12:40:44 [allowed] §cYou are sending commands too fast! Please slow down.
12:40:44 [WARPING] §7Warping...
12:40:44 [WARPING] §7Sending to server mini22AR...
12:40:45 [EMPTY] §8 §r§8 §r§1 §r§3 §r§3 §r§7 §r§8 
12:40:46 [allowed] §cYou are sending commands too fast! Please slow down.
12:40:48 [PROFILE_JOIN] §aYou are playing on profile: §eBanana§b (Co-op)
12:40:48 [PROFILE_JOIN] §8Profile ID: b1a71305-1956-42bf-90e4-bce6f7285754
12:41:29 [allowed] §cThere are blocks in the way!
12:41:30 [allowed] §cThere are blocks in the way!
12:41:30 [allowed] §cThere are blocks in the way!
12:41:30 [allowed] §cThere are blocks in the way!
12:41:30 [allowed] §cThere are blocks in the way!
12:41:30 [allowed] §cThere are blocks in the way!
12:41:31 [allowed] §cThere are blocks in the way!
12:41:42 [allowed] §c ☠ §r§7§r§7TitledCheese51§r§7 was killed by Yog§r§7§r§7.
12:41:44 [allowed] §a§r§6Mining Speed Boost §r§ais now available!
12:42:01 [allowed] §c ☠ §r§7§r§7TitledCheese51§r§7 was killed by Sludge§r§7§r§7.
12:43:09 [allowed] §b§lCOMPACT! §r§fYou found an §r§aEnchanted Hard Stone§r§f!
12:43:19 [POWDER_MINING] §aYou uncovered a treasure chest!
12:43:20 [allowed] §b§lCOMPACT! §r§fYou found an §r§aEnchanted Hard Stone§r§f!
12:43:24 [allowed] §b§lCOMPACT! §r§fYou found an §r§aEnchanted Hard Stone§r§f!
12:43:24 [allowed] §b§lCOMPACT! §r§fYou found an §r§aEnchanted Hard Stone§r§f!
12:43:35 [allowed] §b ☺ §eYou located a hidden §aGreen Jerry§e!
12:43:39 [GUILD_EXP] §aYou earned §r§2193 GEXP §r§afrom playing SkyBlock!
12:43:41 [allowed] §3§l▬▬▬▬▬▬▬▬▬▬▬▬▬▬▬▬▬▬▬▬▬▬▬▬▬▬▬▬▬▬▬▬▬▬▬▬▬▬▬▬▬▬▬▬▬▬▬▬▬▬▬▬▬▬▬▬▬▬▬▬▬▬▬▬
12:43:41 [EMPTY]  
12:43:41 [BESTIARY] §f                                  §6§lBESTIARY
12:43:41 [BESTIARY] §f                        §b§lGreen Jerry §7§8VII §8➡§b §bVIII
12:43:41 [BESTIARY] 
12:43:41 [BESTIARY] §f                                  §r§6§lREWARDS
12:43:41 [BESTIARY] §f                      §r§8+§r§a3 §r§aGreen Jerry §r§b✯ Magic Find
12:43:41 [BESTIARY] §f                       §r§8+§r§a3 §r§aGreen Jerry §r§c❁ Strength
12:43:41 [BESTIARY] §f                          §r§8+§r§62% §r§a§r§aGreen Jerry §r§7coins
12:43:41 [BESTIARY] §f                    §r§8+§r§a50% §r§7chance for extra XP orbs
12:43:41 [BESTIARY] §f                               §r§8+§r§b1 SkyBlock XP
12:43:41 [BESTIARY] 
12:43:41 [BESTIARY] §3§l▬▬▬▬▬▬▬▬▬▬▬▬▬▬▬▬▬▬▬▬▬▬▬▬▬▬▬▬▬▬▬▬▬▬▬▬▬▬▬▬▬▬▬▬▬▬▬▬▬▬▬▬▬▬▬▬▬▬▬▬▬▬▬▬
12:44:03 [allowed] §cThere are blocks in the way!
12:44:03 [allowed] §cThere are blocks in the way!
12:44:04 [allowed] §cThere are blocks in the way!
12:44:05 [allowed] §cThere are blocks in the way!
12:44:15 [POWDER_MINING] §aYou uncovered a treasure chest!
12:44:21 [POWDER_MINING] §6You have successfully picked the lock on this chest!
12:44:21 [POWDER_MINING] §aYou received §r§f40 §r§f☘ Rough Jade Gemstone§r§a.
12:44:21 [POWDER_MINING] §aYou received §r§6+1 Gold Essence§r§a.
12:44:21 [POWDER_MINING] §aYou received §r§b+2 Diamond Essence§r§a.
12:44:36 [allowed] §aYou used your §r§6Mining Speed Boost §r§aPickaxe Ability!
12:44:47 [WARPING] §7Warping...
12:44:47 [WARPING] §7Sending to server mini198AQ...
12:44:48 [EMPTY] §8 §r§8 §r§1 §r§3 §r§3 §r§7 §r§8 
12:44:49 [WARPING] §7Warping...
12:44:49 [allowed] §cCouldn't warp you! Try again later. §r§7(PLAYER_TRANSFER_COOLDOWN)
12:44:50 [allowed] §cYou are sending commands too fast! Please slow down.
12:44:51 [PROFILE_JOIN] §aYou are playing on profile: §eBanana§b (Co-op)
12:44:51 [PROFILE_JOIN] §8Profile ID: b1a71305-1956-42bf-90e4-bce6f7285754
12:44:53 [WARPING] §7Warping...
12:44:54 [WARPING] §7Sending to server mini203B...
12:44:54 [EMPTY] §8 §r§8 §r§1 §r§3 §r§3 §r§7 §r§8 
12:44:56 [allowed] §cYou are sending commands too fast! Please slow down.
12:44:57 [PROFILE_JOIN] §aYou are playing on profile: §eBanana§b (Co-op)
12:44:57 [PROFILE_JOIN] §8Profile ID: b1a71305-1956-42bf-90e4-bce6f7285754
12:45:02 [WARPING] §7Warping you to your SkyBlock island...
12:45:03 [WARPING] §7Sending to server mini95DT...
12:45:03 [EMPTY] §8 §r§8 §r§1 §r§3 §r§3 §r§7 §r§8 
12:45:04 [WARPING] §7Warping...
12:45:04 [allowed] §cCouldn't warp you! Try again later. §r§7(PLAYER_TRANSFER_COOLDOWN)
12:45:05 [allowed] §cYou are sending commands too fast! Please slow down.
12:45:06 [PROFILE_JOIN] §aYou are playing on profile: §eBanana§b (Co-op)
12:45:06 [PROFILE_JOIN] §8Profile ID: b1a71305-1956-42bf-90e4-bce6f7285754
12:45:08 [WARPING] §7Warping...
12:45:08 [WARPING] §7Sending to server mini87CP...
12:45:09 [EMPTY] §8 §r§8 §r§1 §r§3 §r§3 §r§7 §r§8 
12:45:11 [allowed] §cYou are sending commands too fast! Please slow down.
12:45:12 [PROFILE_JOIN] §aYou are playing on profile: §eBanana§b (Co-op)
12:45:12 [PROFILE_JOIN] §8Profile ID: b1a71305-1956-42bf-90e4-bce6f7285754
12:45:54 [allowed] §cThere are blocks in the way!
12:45:59 [allowed] §cThere are blocks in the way!
12:46:00 [allowed] §cThere are blocks in the way!
12:46:09 [allowed] §a§r§6Mining Speed Boost §r§ais now available!
12:46:12 [allowed] §cThere are blocks in the way!
12:46:19 [allowed] §6§lRARE DROP! §r§5Treasurite §r§b(+§r§b178% §r§b✯ Magic Find§r§b)
12:46:34 [allowed] §7Your Giant's Sword hit §r§c1 §r§7enemy for §r§c625,383 §r§7damage.
12:46:35 [allowed] §a§lBOSS CORLEONE SLAYER §r§eCommission Complete! Visit the King §r§eto claim your rewards!
12:47:10 [allowed] §cYou cannot auction this item!
12:47:10 [allowed] §eTrade this item on the Bazaar!
12:47:35 [allowed] §cThere are blocks in the way!
12:47:36 [allowed] §cThere are blocks in the way!
12:47:36 [allowed] §cThere are blocks in the way!
12:47:37 [allowed] §cThere are blocks in the way!
12:47:46 [allowed] §b ☺ §r§b[MVP] DasDeutscheBrot§r§f §r§efound §r§5Jerry-chine Gun §r§ein a Jerry Box!
12:47:49 [allowed] §cThere are blocks in the way!
12:47:49 [allowed] §cThere are blocks in the way!
12:47:49 [allowed] §cThere are blocks in the way!
12:47:50 [allowed] §cThere are blocks in the way!
12:48:10 [allowed] §e[NPC] Professor Robot§f: §rBring me all §a6 §rkey components to the giant so that I can repair it!
12:48:11 [allowed] §e[NPC] Professor Robot§f: §rThanks for bringing me the §9Synthetic Heart§r! Bring me 5 more components to fix the giant!
12:48:11 [allowed] §e[NPC] Professor Robot§f: §rThat's not one of the components I need! Bring me one of the missing components:
12:48:11 [allowed]   §r§9Electron Transmitter
12:48:11 [allowed]   §r§9FTX 3070
12:48:11 [allowed]   §r§9Robotron Reflector
12:48:11 [allowed]   §r§9Superlite Motor
12:48:11 [allowed]   §r§9Control Switch
12:48:12 [allowed] §e[NPC] Professor Robot§f: §rThanks for bringing me the §9Control Switch§r! Bring me 4 more components to fix the giant!
12:48:19 [allowed] §e[NPC] Professor Robot§f: §rThanks for bringing me the §9Robotron Reflector§r! Bring me 3 more components to fix the giant!
12:48:19 [allowed] §e[NPC] Professor Robot§f: §rThat's not one of the components I need! Bring me one of the missing components:
12:48:19 [allowed]   §r§9Electron Transmitter
12:48:19 [allowed]   §r§9FTX 3070
12:48:19 [allowed]   §r§9Superlite Motor
12:48:20 [allowed] §e[NPC] Professor Robot§f: §rThat's not one of the components I need! Bring me one of the missing components:
12:48:20 [allowed]   §r§9Electron Transmitter
12:48:20 [allowed]   §r§9FTX 3070
12:48:20 [allowed]   §r§9Superlite Motor
12:48:20 [allowed] §e[NPC] Professor Robot§f: §rThanks for bringing me the §9Electron Transmitter§r! Bring me 2 more components to fix the giant!
12:48:21 [allowed] §e[NPC] Professor Robot§f: §rThat's not one of the components I need! Bring me one of the missing components:
12:48:21 [allowed]   §r§9FTX 3070
12:48:21 [allowed]   §r§9Superlite Motor
12:48:22 [allowed] §e[NPC] Professor Robot§f: §rThanks for bringing me the §9Superlite Motor§r! Bring me one more component to fix the giant!
12:48:23 [allowed] §e[NPC] Professor Robot§f: §rYou've brought me all of the components!
12:48:25 [allowed] §5§l▬▬▬▬▬▬▬▬▬▬▬▬▬▬▬▬▬▬▬▬▬▬▬▬▬▬▬▬▬▬▬▬▬▬▬▬▬▬▬▬▬▬▬▬▬▬▬▬▬▬▬▬▬▬▬▬▬▬▬▬▬▬▬▬
12:48:25 [allowed] §f                       §r§5§l✦ CRYSTAL FOUND §r§7(1§r§7/5§r§7)
12:48:25 [allowed] §f                              §r§bSapphire Crystal
12:48:25 [EMPTY] 
12:48:25 [allowed] §f            §r§7Place this Crystal in the §r§5Crystal Nucleus §r§7and
12:48:25 [allowed] §f             §r§7find all §r§a5 §r§7Crystals in the §r§5Crystal Hollows §r§7to
12:48:25 [allowed] §f                               §r§7earn §r§6rare loot§r§7!
12:48:25 [allowed] §5§l▬▬▬▬▬▬▬▬▬▬▬▬▬▬▬▬▬▬▬▬▬▬▬▬▬▬▬▬▬▬▬▬▬▬▬▬▬▬▬▬▬▬▬▬▬▬▬▬▬▬▬▬▬▬▬▬▬▬▬▬▬▬▬▬
12:48:25 [allowed] §a§lSAPPHIRE CRYSTAL HUNTER §r§eCommission Complete! Visit the King §r§eto claim your rewards!
12:48:25 [allowed] §cA magical force surrounding this area prevents you from breaking blocks!
12:48:25 [allowed] §cYou have already obtained this Crystal!
12:48:25 [allowed] §cYou have already obtained this Crystal!
12:48:25 [allowed] §cYou have already obtained this Crystal!
12:48:25 [allowed] §e[NPC] Professor Robot§f: §rI have uploaded them to the giant below...it appears it has opened its storage compartment!
12:48:28 [allowed] §e[NPC] Professor Robot§f: §rPerhaps the long-lost §bSapphire Crystal §ris in there!
12:49:09 [allowed] §aYou found §r§cScavenged Lapis Sword §r§awith your §r§cMetal Detector§r§a!
12:49:19 [allowed] §aYou found §r§a⸕ Flawed Amber Gemstone §r§awith your §r§cMetal Detector§r§a!
12:49:19 [allowed] §6§lPICK IT UP!
12:49:22 [allowed] §cThere are blocks in the way!
12:49:23 [allowed] §cThere are blocks in the way!
12:49:25 [allowed] §aYou found §r§2Mithril Powder §r§8x1,763 §r§awith your §r§cMetal Detector§r§a!
12:49:32 [allowed] §aYou found §r§dGemstone Powder §r§8x221 §r§awith your §r§cMetal Detector§r§a!
12:49:39 [allowed] §aYou found §r§cScavenged Emerald Hammer §r§awith your §r§cMetal Detector§r§a!
12:49:44 [allowed] §aYou found §r§a❈ Flawed Amethyst Gemstone §r§awith your §r§cMetal Detector§r§a!
12:49:44 [allowed] §6§lPICK IT UP!
12:49:51 [GUILD_EXP] §aYou earned §r§2540 GEXP §r§afrom playing SkyBlock!
12:49:52 [allowed] §aYou found §r§a✎ Flawed Sapphire Gemstone §r§awith your §r§cMetal Detector§r§a!
12:49:52 [allowed] §6§lPICK IT UP!
12:50:04 [allowed] §aYou found §r§a❈ Flawed Amethyst Gemstone §r§awith your §r§cMetal Detector§r§a!
12:50:04 [allowed] §6§lPICK IT UP!
12:50:10 [allowed] §cThere are blocks in the way!
12:50:12 [allowed] §aYou found §r§2Mithril Powder §r§8x1,193 §r§awith your §r§cMetal Detector§r§a!
12:50:15 [allowed] §aYou found §r§2Mithril Powder §r§8x117 §r§awith your §r§cMetal Detector§r§a!
12:50:21 [allowed] §aYou found §r§f❁ Rough Jasper Gemstone §r§8x40 §r§awith your §r§cMetal Detector§r§a!
12:50:21 [allowed] §6§lPICK IT UP!
12:50:30 [allowed] §aYou found §r§a⸕ Flawed Amber Gemstone §r§awith your §r§cMetal Detector§r§a!
12:50:30 [allowed] §6§lPICK IT UP!
12:50:34 [allowed] §cThere are blocks in the way!
12:50:35 [allowed] §cThere are blocks in the way!
12:50:36 [allowed] §aYou found §r§a☘ Flawed Jade Gemstone §r§8x2 §r§awith your §r§cMetal Detector§r§a!
12:50:36 [allowed] §6§lPICK IT UP!
12:50:44 [allowed] §cThere are blocks in the way!
12:50:46 [allowed] §aYou found §r§cScavenged Golden Hammer §r§awith your §r§cMetal Detector§r§a!
12:50:49 [allowed] §cThere are blocks in the way!
12:50:52 [allowed] §cThere are blocks in the way!
12:50:53 [allowed] §aYou found §r§cScavenged Diamond Axe §r§awith your §r§cMetal Detector§r§a!
12:50:56 [allowed] §cThere are blocks in the way!
12:50:58 [allowed] §aYou found §r§a✧ Flawed Topaz Gemstone §r§8x2 §r§awith your §r§cMetal Detector§r§a!
12:50:58 [allowed] §6§lPICK IT UP!
12:51:00 [allowed] §e[NPC] §6Keeper of Gold§f: §rExcellent! You have returned the §cScavenged Golden Hammer §rto its rightful place!
12:51:02 [allowed] §e[NPC] §6Keeper of Gold§f: §rUse your §cMetal Detector §rto find the remaining items!
12:51:03 [allowed] §e[NPC] §6Keeper of Lapis§f: §rExcellent! You have returned the §cScavenged Lapis Sword §rto its rightful place!
12:51:05 [allowed] §e[NPC] §6Keeper of Lapis§f: §rUse your §cMetal Detector §rto find the remaining items!
12:51:06 [allowed] §e[NPC] §6Keeper of Emerald§f: §rExcellent! You have returned the §cScavenged Emerald Hammer §rto its rightful place!
12:51:07 [allowed] §cThere are blocks in the way!
12:51:08 [allowed] §e[NPC] §6Keeper of Emerald§f: §rUse your §cMetal Detector §rto find the remaining items!
12:51:08 [allowed] §e[NPC] §6Keeper of Diamond§f: §rYou found all of the items! Behold... the §aJade Crystal§r!
12:51:09 [allowed] §e[NPC] §6Keeper of Diamond§f: §rYou haven't collected the §aJade Crystal §ryet!
12:51:10 [allowed] §5§l▬▬▬▬▬▬▬▬▬▬▬▬▬▬▬▬▬▬▬▬▬▬▬▬▬▬▬▬▬▬▬▬▬▬▬▬▬▬▬▬▬▬▬▬▬▬▬▬▬▬▬▬▬▬▬▬▬▬▬▬▬▬▬▬
12:51:10 [allowed] §f                       §r§5§l✦ CRYSTAL FOUND §r§7(2§r§7/5§r§7)
12:51:10 [allowed] §f                                §r§aJade Crystal
12:51:10 [EMPTY] 
12:51:10 [allowed] §f            §r§7Place this Crystal in the §r§5Crystal Nucleus §r§7and
12:51:10 [allowed] §f             §r§7find all §r§a5 §r§7Crystals in the §r§5Crystal Hollows §r§7to
12:51:10 [allowed] §f                               §r§7earn §r§6rare loot§r§7!
12:51:10 [allowed] §5§l▬▬▬▬▬▬▬▬▬▬▬▬▬▬▬▬▬▬▬▬▬▬▬▬▬▬▬▬▬▬▬▬▬▬▬▬▬▬▬▬▬▬▬▬▬▬▬▬▬▬▬▬▬▬▬▬▬▬▬▬▬▬▬▬
12:51:10 [allowed] §a§lJADE CRYSTAL HUNTER §r§eCommission Complete! Visit the King §r§eto claim your rewards!
12:51:10 [allowed] §cYou have already obtained this Crystal!
12:51:11 [allowed] §cYou have already obtained this Crystal!
12:51:11 [allowed] §cYou have already obtained this Crystal!
12:51:11 [allowed] §e[NPC] §6Keeper of Diamond§f: §rPunch the crystal in front of me to collect it!
12:51:11 [allowed] §cYou have already obtained this Crystal!
12:51:11 [allowed] §cYou have already obtained this Crystal!
12:51:20 [allowed] §cThere are blocks in the way!
12:51:20 [allowed] §cThere are blocks in the way!
12:51:20 [allowed] §cThere are blocks in the way!
12:51:23 [allowed] §cThere are blocks in the way!
12:51:24 [allowed] §cThere are blocks in the way!
12:51:24 [allowed] §cThere are blocks in the way!
12:51:24 [allowed] §cThere are blocks in the way!
12:51:35 [allowed] §cThere are blocks in the way!
12:51:51 [allowed] §cThere are blocks in the way!
12:51:54 [allowed] §a§lTEAM TREASURITE MEMBER SLAYER §r§eCommission Complete! Visit the King §r§eto claim your rewards!
12:52:18 [allowed] §8Depositing coins...
12:52:18 [allowed] §aDeposited §r§629M coins§r§a! There's now §r§6179M coins §r§ain the account!
12:52:37 [allowed] §6[Bazaar] §r§7Claiming order...
12:52:37 [allowed] §6[Bazaar] §r§7§r§7Claimed §r§6554,526 coins §r§7from selling §r§a1§r§7x §r§5Corleonite §r§7at §r§6560,835 §r§7each!
12:52:41 [allowed] §8Depositing coins...
12:52:41 [allowed] §aDeposited §r§6554k coins§r§a! There's now §r§6179M coins §r§ain the account!
12:52:48 [allowed] §8[§r§b235§r§8] §r§6ჶ §r§b[MVP§c+§b] Lewis_Saber§f§r§f: com?
12:52:52 [allowed] §9§m-----------------------------------------------------
12:52:52 [allowed] §cYou are not in a party and were moved to the ALL channel.
12:52:52 [allowed] §9§m-----------------------------------------------------
12:52:54 [allowed] §8[§r§b231§r§8] §r§6⛂ §r§b[MVP§f+§b] Sebbebas§f: yea
12:53:01 [allowed] §8[§r§9286§r§8] §r§b[MVP§9+§b] AmitIsBored§f§r§f: is there a gdrag here?
12:53:03 [allowed] §8[§r§b231§r§8] §r§6⛂ §r§b[MVP§f+§b] Sebbebas§f: you
12:53:06 [allowed] §8[§r§b235§r§8] §r§6ჶ §r§b[MVP§c+§b] Lewis_Saber§f§r§f: same
12:53:18 [allowed] §e§lLOOT SHARE §r§r§r§fYou received loot for assisting §r§bLewis_Saber§r§f!
12:53:18 [allowed] §a§lBOSS CORLEONE SLAYER §r§eCommission Complete! Visit the King §r§eto claim your rewards!
12:53:27 [allowed] §a§l▬▬▬▬▬▬▬▬▬▬▬▬▬▬▬▬▬▬▬▬▬▬▬▬▬▬▬▬▬▬▬▬▬▬▬▬▬▬▬▬▬▬▬▬▬▬▬▬▬▬▬▬▬▬▬▬▬▬▬▬▬▬▬▬
12:53:27 [allowed] §f                      §r§d§lBETTER TOGETHER ENDED!
12:53:27 [allowed] §f                           §r§7Passive Active Event
12:53:27 [EMPTY] 
12:53:27 [allowed] §f   The festival has ended, but the Dwarven cooperative spirit
12:53:27 [allowed] §f§r§f                                 never dies.
12:53:27 [allowed] §a§l▬▬▬▬▬▬▬▬▬▬▬▬▬▬▬▬▬▬▬▬▬▬▬▬▬▬▬▬▬▬▬▬▬▬▬▬▬▬▬▬▬▬▬▬▬▬▬▬▬▬▬▬▬▬▬▬▬▬▬▬▬▬▬▬
12:53:54 [allowed] §cThere are blocks in the way!
12:53:56 [allowed] §cThis ability is on cooldown for 9s.
12:53:57 [allowed] §cYou are already opening a loot chest!
12:54:00 [allowed] §a§l+5 Kill Combo §r§8§r§b+3✯ Magic Find
12:54:02 [allowed] §a§l+10 Kill Combo §r§8+§r§610 §r§7coins per kill
12:54:02 [POWDER_MINING] §aYou received §r§b+244 §r§aMithril Powder.
12:54:02 [POWDER_MINING] §aYou received §r§f88 §r§f❈ Rough Amethyst Gemstone§r§a.
12:54:02 [allowed] §a§lCHEST LOOTER §r§eCommission Complete! Visit the King §r§eto claim your rewards!
12:54:08 [allowed] §3§l▬▬▬▬▬▬▬▬▬▬▬▬▬▬▬▬▬▬▬▬▬▬▬▬▬▬▬▬▬▬▬▬▬▬▬▬▬▬▬▬▬▬▬▬▬▬▬▬▬▬▬▬▬▬▬▬▬▬▬▬▬▬▬▬
12:54:08 [EMPTY]  
12:54:08 [BESTIARY] §f                                  §6§lBESTIARY
12:54:08 [BESTIARY] §f                             §b§lSludge §7§8VIII §8➡§b §bIX
12:54:08 [BESTIARY] 
12:54:08 [BESTIARY] §f                                  §r§6§lREWARDS
12:54:08 [BESTIARY] §f                          §r§8+§r§a3 Sludge §r§b✯ Magic Find
12:54:08 [BESTIARY] §f                           §r§8+§r§a3 Sludge §r§c❁ Strength
12:54:08 [BESTIARY] §f                              §r§8+§r§62% §r§aSludge §r§7coins
12:54:08 [BESTIARY] §f                    §r§8+§r§a50% §r§7chance for extra XP orbs
12:54:08 [BESTIARY] §f                               §r§8+§r§b1 SkyBlock XP
12:54:08 [BESTIARY] 
12:54:08 [BESTIARY] §3§l▬▬▬▬▬▬▬▬▬▬▬▬▬▬▬▬▬▬▬▬▬▬▬▬▬▬▬▬▬▬▬▬▬▬▬▬▬▬▬▬▬▬▬▬▬▬▬▬▬▬▬▬▬▬▬▬▬▬▬▬▬▬▬▬
12:54:08 [allowed] §9§l+15 Kill Combo §r§8§r§b+3✯ Magic Find
12:54:10 [allowed] §b ☺ §eYou located a hidden §6Golden Jerry§e!
12:54:10 [allowed] §5§l+20 Kill Combo §r§8§r§3+15☯ Combat Wisdom
12:54:16 [allowed] §3§l▬▬▬▬▬▬▬▬▬▬▬▬▬▬▬▬▬▬▬▬▬▬▬▬▬▬▬▬▬▬▬▬▬▬▬▬▬▬▬▬▬▬▬▬▬▬▬▬▬▬▬▬▬▬▬▬▬▬▬▬▬▬▬▬
12:54:16 [EMPTY]  
12:54:16 [BESTIARY] §f                                  §6§lBESTIARY
12:54:16 [BESTIARY] §f                         §b§lGolden Jerry §7§8II §8➡§b §bIII
12:54:16 [BESTIARY] 
12:54:16 [BESTIARY] §f                                  §r§6§lREWARDS
12:54:16 [BESTIARY] §f                      §r§8+§r§a2 §r§6Golden Jerry §r§b✯ Magic Find
12:54:16 [BESTIARY] §f                      §r§8+§r§a2 §r§6Golden Jerry §r§c❁ Strength
12:54:16 [BESTIARY] §f                          §r§8+§r§62% §r§a§r§6Golden Jerry §r§7coins
12:54:16 [BESTIARY] §f                    §r§8+§r§a50% §r§7chance for extra XP orbs
12:54:16 [BESTIARY] §f                               §r§8+§r§b1 SkyBlock XP
12:54:16 [BESTIARY] 
12:54:16 [BESTIARY] §3§l▬▬▬▬▬▬▬▬▬▬▬▬▬▬▬▬▬▬▬▬▬▬▬▬▬▬▬▬▬▬▬▬▬▬▬▬▬▬▬▬▬▬▬▬▬▬▬▬▬▬▬▬▬▬▬▬▬▬▬▬▬▬▬▬
12:54:20 [allowed] §cYour Kill Combo has expired! You reached a 23 Kill Combo!
12:54:30 [allowed] §aYou received §r§b+1,149 §r§aMithril Powder.
12:54:30 [POWDER_MINING] §aYou received §r§f128 §r§f❈ Rough Amethyst Gemstone§r§a.
12:54:39 [allowed] §b§lCOMPACT! §r§fYou found an §r§aEnchanted Hard Stone§r§f!
12:54:42 [allowed] §cThere are blocks in the way!
12:54:55 [GUILD_EXP] §aYou earned §r§2748 GEXP §r§afrom playing SkyBlock!
12:54:56 [allowed]  §b⚑ §eThe §b2x Powder §eevent starts in §a20 §eseconds!
 §eThis is a passive event! §bIt's happening everywhere in the §bCrystal Hollows!
12:54:56 [allowed] §b§lCOMPACT! §r§fYou found an §r§aEnchanted Hard Stone§r§f!
12:54:56 [allowed] §b§lCOMPACT! §r§fYou found an §r§aEnchanted Hard Stone§r§f!
12:55:03 [allowed] §bNew day! §r§eYour §r§2Sky Mall §r§ebuff changed!
12:55:03 [allowed] §eNew buff§r§r§r: §r§fGain §r§a+50 §r§6☘ Mining Fortune§r§f.
12:55:08 [allowed] §b§lCOMPACT! §r§fYou found an §r§aEnchanted Hard Stone§r§f!
12:55:10 [allowed] §b§lCOMPACT! §r§fYou found an §r§aEnchanted Hard Stone§r§f!
12:55:16 [allowed] §a§l▬▬▬▬▬▬▬▬▬▬▬▬▬▬▬▬▬▬▬▬▬▬▬▬▬▬▬▬▬▬▬▬▬▬▬▬▬▬▬▬▬▬▬▬▬▬▬▬▬▬▬▬▬▬▬▬▬▬▬▬▬▬▬▬
12:55:16 [allowed] §f                          §r§b§l2X POWDER STARTED!
12:55:16 [allowed] §f                           §r§7Passive Active Event
12:55:16 [EMPTY] §f                                        
12:55:16 [allowed] §f        Everybody gets twice as much powder of all types!
12:55:16 [allowed] §a§l▬▬▬▬▬▬▬▬▬▬▬▬▬▬▬▬▬▬▬▬▬▬▬▬▬▬▬▬▬▬▬▬▬▬▬▬▬▬▬▬▬▬▬▬▬▬▬▬▬▬▬▬▬▬▬▬▬▬▬▬▬▬▬▬
12:55:19 [allowed] §cYou are entering the jungle temple, your speed is reduced and your jump boost will not work!
12:55:40 [allowed] §7Your Giant's Sword hit §r§c1 §r§7enemy for §r§c697,103 §r§7damage.
12:55:47 [allowed] §e[NPC] Tribe Member§r§r§r: This hurts!
12:55:47 [allowed] §e[NPC] Tribe Member§r§r§r: Auch!
12:55:55 [allowed] §e[NPC] §bKalhuiki Door Guardian§f: §rA Jungle Key! I will open the door for you.
12:55:55 [allowed] §aThe door opens!
12:56:47 [allowed] §cThe Arrow Trap hit you for 1,338.2 damage!
12:57:49 [allowed] §5§l▬▬▬▬▬▬▬▬▬▬▬▬▬▬▬▬▬▬▬▬▬▬▬▬▬▬▬▬▬▬▬▬▬▬▬▬▬▬▬▬▬▬▬▬▬▬▬▬▬▬▬▬▬▬▬▬▬▬▬▬▬▬▬▬
12:57:49 [allowed] §f                       §r§5§l✦ CRYSTAL FOUND §r§7(3§r§7/5§r§7)
12:57:49 [allowed] §f                              §r§5Amethyst Crystal
12:57:49 [EMPTY] 
12:57:49 [allowed] §f            §r§7Place this Crystal in the §r§5Crystal Nucleus §r§7and
12:57:49 [allowed] §f             §r§7find all §r§a5 §r§7Crystals in the §r§5Crystal Hollows §r§7to
12:57:49 [allowed] §f                               §r§7earn §r§6rare loot§r§7!
12:57:49 [allowed] §5§l▬▬▬▬▬▬▬▬▬▬▬▬▬▬▬▬▬▬▬▬▬▬▬▬▬▬▬▬▬▬▬▬▬▬▬▬▬▬▬▬▬▬▬▬▬▬▬▬▬▬▬▬▬▬▬▬▬▬▬▬▬▬▬▬
12:57:49 [allowed] §a§lAMETHYST CRYSTAL HUNTER §r§eCommission Complete! Visit the King §r§eto claim your rewards!
12:57:53 [POWDER_MINING] §aYou received §r§f32 §r§f❤ Rough Ruby Gemstone§r§a.
12:57:53 [POWDER_MINING] §aYou received §r§b+235 §r§aMithril Powder.
12:57:53 [allowed] §aYou received §r§f2 §r§aOil Barrel§r§a.
12:57:53 [POWDER_MINING] §aYou received §r§f24 §r§f❈ Rough Amethyst Gemstone§r§a.
12:57:54 [allowed] §aYou were teleported out!
12:58:17 [allowed] §c ☠ §r§7§r§7mutilateme§r§7 died to a trap§r§7.
12:58:49 [POWDER_MINING] §aYou uncovered a treasure chest!
12:58:55 [POWDER_MINING] §6You have successfully picked the lock on this chest!
12:58:55 [POWDER_MINING] §aYou received §r§f64 §r§f☘ Rough Jade Gemstone§r§a.
12:58:55 [allowed] §aYou received §r§b+3 Diamond Essence§r§a.
12:58:56 [allowed] §cA magical force surrounding this area prevents you from breaking blocks!
12:59:00 [POWDER_MINING] §aYou uncovered a treasure chest!
12:59:01 [allowed] §cA magical force surrounding this area prevents you from breaking blocks!
12:59:02 [allowed] §cA magical force surrounding this area prevents you from breaking blocks!
12:59:05 [allowed] §cA magical force surrounding this area prevents you from breaking blocks!
12:59:11 [allowed] §b§lCOMPACT! §r§fYou found an §r§aEnchanted Hard Stone§r§f!
12:59:11 [allowed] §cA magical force surrounding this area prevents you from breaking blocks!
12:59:12 [POWDER_MINING] §aYou uncovered a treasure chest!
12:59:13 [allowed] §cA magical force surrounding this area prevents you from breaking blocks!
12:59:20 [POWDER_MINING] §6You have successfully picked the lock on this chest!
12:59:20 [POWDER_MINING] §aYou received §r§b+820 §r§aGemstone Powder.
12:59:20 [POWDER_MINING] §aYou received §r§b+133 §r§aMithril Powder.
12:59:20 [POWDER_MINING] §aYou received §r§6+2 Gold Essence§r§a.
12:59:21 [allowed] §cA magical force surrounding this area prevents you from breaking blocks!
12:59:23 [allowed] §cA magical force surrounding this area prevents you from breaking blocks!
12:59:25 [allowed] §cA magical force surrounding this area prevents you from breaking blocks!
12:59:34 [allowed] §cThere are blocks in the way!
12:59:34 [allowed] §cThere are blocks in the way!
12:59:36 [allowed] §cThere are blocks in the way!
12:59:38 [allowed] §cThere are blocks in the way!
12:59:39 [allowed] §cThere are blocks in the way!
12:59:39 [allowed] §cThere are blocks in the way!
12:59:39 [allowed] §cThere are blocks in the way!
12:59:40 [allowed] §cThere are blocks in the way!
12:59:40 [allowed] §cThere are blocks in the way!
12:59:40 [allowed] §cThere are blocks in the way!
12:59:41 [allowed] §cThere are blocks in the way!
12:59:41 [allowed] §c§oThe ground starts to shake and the lava bubbles...
12:59:41 [allowed] §cThere are blocks in the way!
12:59:41 [allowed] §cThere are blocks in the way!
12:59:41 [allowed] §cThere are blocks in the way!
12:59:41 [allowed] §5§l▬▬▬▬▬▬▬▬▬▬▬▬▬▬▬▬▬▬▬▬▬▬▬▬▬▬▬▬▬▬▬▬▬▬▬▬▬▬▬▬▬▬▬▬▬▬▬▬▬▬▬▬▬▬▬▬▬▬▬▬▬▬▬▬
12:59:41 [allowed] §f                       §r§5§l✦ CRYSTAL FOUND §r§7(4§r§7/5§r§7)
12:59:41 [allowed] §f                                §r§eTopaz Crystal
12:59:41 [EMPTY] 
12:59:41 [allowed] §f            §r§7Place this Crystal in the §r§5Crystal Nucleus §r§7and
12:59:41 [allowed] §f             §r§7find all §r§a5 §r§7Crystals in the §r§5Crystal Hollows §r§7to
12:59:41 [allowed] §f                               §r§7earn §r§6rare loot§r§7!
12:59:41 [allowed] §5§l▬▬▬▬▬▬▬▬▬▬▬▬▬▬▬▬▬▬▬▬▬▬▬▬▬▬▬▬▬▬▬▬▬▬▬▬▬▬▬▬▬▬▬▬▬▬▬▬▬▬▬▬▬▬▬▬▬▬▬▬▬▬▬▬
12:59:41 [allowed] §a§lTOPAZ CRYSTAL HUNTER §r§eCommission Complete! Visit the King §r§eto claim your rewards!
12:59:41 [allowed] §cThere are blocks in the way!
12:59:41 [allowed] §cThere are blocks in the way!
12:59:41 [allowed] §cYou have already obtained this Crystal!
12:59:42 [allowed] §cThere are blocks in the way!
12:59:48 [allowed] §cThere are blocks in the way!
12:59:48 [allowed] §cThere are blocks in the way!
12:59:49 [allowed] §cThere are blocks in the way!
12:59:49 [allowed] §cThere are blocks in the way!
12:59:49 [allowed] §cThere are blocks in the way!
12:59:53 [allowed] §cThere are blocks in the way!
12:59:54 [allowed] §cThere are blocks in the way!
12:59:57 [allowed] §aYou used your §r§6Mining Speed Boost §r§aPickaxe Ability!
12:59:59 [GUILD_EXP] §aYou earned §r§2633 GEXP §r§afrom playing SkyBlock!
13:00:00 [allowed] §d§lPRISTINE! §r§fYou found §r§a❤ Flawed Ruby Gemstone §r§8x10§r§f!
13:00:02 [allowed] §d§lPRISTINE! §r§fYou found §r§a❤ Flawed Ruby Gemstone §r§8x20§r§f!
13:00:03 [allowed] §d§lPRISTINE! §r§fYou found §r§a❤ Flawed Ruby Gemstone §r§8x10§r§f!
13:00:06 [allowed] §d§lPRISTINE! §r§fYou found §r§a❤ Flawed Ruby Gemstone §r§8x10§r§f!
13:00:09 [allowed] §d§lPRISTINE! §r§fYou found §r§a❤ Flawed Ruby Gemstone §r§8x9§r§f!
13:00:11 [allowed] §d§lPRISTINE! §r§fYou found §r§a❤ Flawed Ruby Gemstone §r§8x20§r§f!
13:00:12 [allowed] §d§lPRISTINE! §r§fYou found §r§a❤ Flawed Ruby Gemstone §r§8x20§r§f!
13:00:13 [allowed] §d§lPRISTINE! §r§fYou found §r§a❤ Flawed Ruby Gemstone §r§8x9§r§f!
13:00:13 [allowed] §a§lRUBY GEMSTONE COLLECTOR §r§eCommission Complete! Visit the King §r§eto claim your rewards!
13:00:17 [allowed] §cYour Mining Speed Boost has expired!
13:00:18 [allowed] §cThere are blocks in the way!
13:00:34 [allowed] §cThere are blocks in the way!
13:00:39 [allowed] §cThere are blocks in the way!
13:00:50 [allowed] §6[Bazaar] §r§c§r§cYou cannot afford this!
13:00:55 [allowed] §cThat item cannot be sold!
13:00:56 [allowed] §aYou sold §r§fMithril§r§8 x32 §r§afor §r§6256 Coins§r§a!
13:00:56 [allowed] §aYou sold §r§fHard Stone§r§8 x58 §r§afor §r§658 Coins§r§a!
13:01:03 [allowed] §8Withdrawing coins...
13:01:03 [allowed] §aWithdrew §r§64M coins§r§a! There's now §r§6175M coins §r§aleft in the account!
13:01:13 [allowed] §6[Bazaar] §r§7Executing instant buy...
13:01:13 [allowed] §6[Bazaar] §r§7Bought §r§a15§r§7x §r§9Goblin Egg §r§7for §r§659,942 coins§r§7!
13:01:26 [allowed] §cThere are blocks in the way!
13:01:29 [allowed] §cThere are blocks in the way!
13:01:33 [allowed] §cThere are blocks in the way!
13:01:35 [allowed] §e[NPC] §6King Yolkar§f: §r*rumble* *rumble*
13:01:36 [POWDER_MINING] §aYou received §r§f40 §r§f⸕ Rough Amber Gemstone§r§a.
13:01:36 [allowed] §aYou received §r§f3 §r§aWishing Compass§r§a.
13:01:36 [POWDER_MINING] §aYou received §r§f8 §r§f❤ Rough Ruby Gemstone§r§a.
13:01:37 [allowed] §e[NPC] §6King Yolkar§f: §rDid ya hear that, Sebbebas? That's the sound of an empty stomach.
13:01:40 [allowed] §e[NPC] §6King Yolkar§f: §rI've been so hungry since the §5Goblin Queen §rtossed me aside.
13:01:43 [allowed] §e[NPC] §6King Yolkar§f: §rBring me back §a3 §9Goblin Egg §rof any type and we can teach her a lesson!
13:01:43 [allowed] §e[NPC] §6King Yolkar§f: §rWell done, Sebbebas§r!
13:01:45 [allowed] §e[NPC] §6King Yolkar§f: §rThese eggs will help me stomach my pain.
13:01:48 [allowed] §e[NPC] §6King Yolkar§f: §rNow let's hit the Queen where it hurts - by stealing her §6Amber Crystal§r!
13:01:51 [allowed] §e[NPC] §6King Yolkar§f: §rI'm covering you in my §afoul stench §ras we speak. It won't last long before it dissipates!
13:01:54 [allowed] §e[NPC] §6King Yolkar§f: §rGet to the Queen before my stench goes away and you'll be able to sneak past her imbecile Guards!
13:01:57 [allowed] §cThere are blocks in the way!
13:01:58 [allowed] §cThere are blocks in the way!
13:01:58 [allowed] §cThere are blocks in the way!
13:01:58 [allowed] §cThere are blocks in the way!
13:01:59 [allowed] §cThere are blocks in the way!
13:01:59 [allowed] §a§r§6Mining Speed Boost §r§ais now available!
13:01:59 [allowed] §cThere are blocks in the way!
13:01:59 [allowed] §5§l▬▬▬▬▬▬▬▬▬▬▬▬▬▬▬▬▬▬▬▬▬▬▬▬▬▬▬▬▬▬▬▬▬▬▬▬▬▬▬▬▬▬▬▬▬▬▬▬▬▬▬▬▬▬▬▬▬▬▬▬▬▬▬▬
13:01:59 [allowed] §f                       §r§5§l✦ CRYSTAL FOUND §r§7(5§r§7/5§r§7)
13:01:59 [allowed] §f                                §r§6Amber Crystal
13:01:59 [EMPTY] 
13:01:59 [allowed] §f           §r§7You have found all of the Crystals! Good stuff!
13:01:59 [allowed] §5§l▬▬▬▬▬▬▬▬▬▬▬▬▬▬▬▬▬▬▬▬▬▬▬▬▬▬▬▬▬▬▬▬▬▬▬▬▬▬▬▬▬▬▬▬▬▬▬▬▬▬▬▬▬▬▬▬▬▬▬▬▬▬▬▬
13:01:59 [allowed] §a§lAMBER CRYSTAL HUNTER §r§eCommission Complete! Visit the King §r§eto claim your rewards!
13:02:08 [allowed] §8[§r§9291§r§8] §r§7❤ §r§b[MVP§d+§b] QLXD§f§r§f: Did anyone set up dillo cheese already for temple?
13:02:14 [allowed] §8[§r§b235§r§8] §r§6ჶ §r§b[MVP§c+§b] Lewis_Saber§f§r§f: i did
13:02:14 [allowed] §cThere are blocks in the way!
13:02:14 [allowed] §cThere are blocks in the way!
13:02:15 [allowed] §cThere are blocks in the way!
13:02:22 [allowed] §cThere are blocks in the way!
13:02:30 [allowed] §8[§r§9291§r§8] §r§7❤ §r§b[MVP§d+§b] QLXD§f§r§f: Could you give me the coords of it?
13:02:43 [allowed] §8[§r§9291§r§8] §r§7❤ §r§b[MVP§d+§b] QLXD§f§r§f: Nvm I found it
13:03:04 [allowed] §cThere are blocks in the way!
13:04:01 [allowed] §cThere are blocks in the way!
13:04:01 [allowed] §5§l✦ §r§dYou placed the §r§6Amber Crystal§r§d!
13:04:01 [allowed]   §r§dKeep exploring the §r§5Crystal Hollows §r§dto find the rest!
13:04:03 [allowed] §cThere are blocks in the way!
13:04:04 [allowed] §cThere are blocks in the way!
13:04:04 [allowed] §5§l✦ §r§dYou placed the §r§5Amethyst Crystal§r§d!
13:04:04 [allowed]   §r§dKeep exploring the §r§5Crystal Hollows §r§dto find the rest!
13:04:05 [allowed] §cThere are blocks in the way!
13:04:07 [allowed] §cThere are blocks in the way!
13:04:08 [allowed] §cThere are blocks in the way!
13:04:08 [allowed] §5§l✦ §r§dYou placed the §r§eTopaz Crystal§r§d!
13:04:08 [allowed]   §r§dKeep exploring the §r§5Crystal Hollows §r§dto find the rest!
13:04:10 [allowed] §cThere are blocks in the way!
13:04:10 [allowed] §cThere are blocks in the way!
13:04:10 [allowed] §5§l✦ §r§dYou placed the §r§aJade Crystal§r§d!
13:04:10 [allowed]   §r§dKeep exploring the §r§5Crystal Hollows §r§dto find the rest!
13:04:11 [allowed] §cThere are blocks in the way!
13:04:12 [allowed] §cThere are blocks in the way!
13:04:12 [allowed] §5§l✦ §r§dYou placed the §r§bSapphire Crystal§r§d!
13:04:12 [allowed]   §r§dYou've earned a §r§5Crystal Loot Bundle§r§d!
13:04:12 [allowed] §e§ka§a>>   §aAchievement Unlocked: §6§r§6Crystal Nucleus V§r§a   <<§e§ka
13:04:42 [allowed] §8[§r§b235§r§8] §r§6ჶ §r§b[MVP§c+§b] Lewis_Saber§f§r§f: jaderald, claw fossil, 2 pickonimbus and 2 prehistoric egg in 1 nucleus
13:05:02 [GUILD_EXP] §aYou earned §r§2688 GEXP §r§afrom playing SkyBlock!
13:05:39 [allowed] §7Your Giant's Sword hit §r§c1 §r§7enemy for §r§c625,383 §r§7damage.
13:05:42 [allowed] §a§lBOSS CORLEONE SLAYER §r§eCommission Complete! Visit the King §r§eto claim your rewards!
13:05:46 [allowed] §6§lRARE DROP! §r§5Treasurite §r§b(+§r§b178% §r§b✯ Magic Find§r§b)
13:05:52 [allowed] §6[Bazaar] §r§7Putting goods in escrow...
13:05:52 [allowed] §6[Bazaar] §r§7Submitting sell offer...
13:05:52 [allowed] §6[Bazaar] §r§7§r§eSell Offer Setup! §r§a1§r§7x §r§5Corleonite §r§7for §r§6558,643 coins§r§7.
13:06:41 [allowed] §cThere are blocks in the way!
13:06:41 [allowed] §cThere are blocks in the way!
13:06:48 [allowed] §cThere are blocks in the way!
13:06:50 [allowed] §cYou are entering the jungle temple, your speed is reduced and your jump boost will not work!
13:07:12 [allowed] §e[NPC] §bKalhuiki Door Guardian§f: §rA Jungle Key! I will open the door for you.
13:07:12 [allowed] §aThe door opens!
13:07:12 [allowed] §e[NPC] §bKalhuiki Door Guardian§f: §rThe door is open, go in!
13:07:12 [allowed] §e[NPC] §bKalhuiki Door Guardian§f: §rThe door is open, go in!
13:07:26 [allowed] §cYou cannot use this item here!
13:07:27 [allowed] §cThe Goblin King's §r§afoul stench §r§chas dissipated!
13:07:27 [allowed] §cThe Goblin King's §r§afoul stench §r§chas been washed off of you!
13:07:37 [allowed] §cYou are entering the jungle temple, your speed is reduced and your jump boost will not work!
13:07:52 [allowed] §aYou summoned your §r§6Armadillo§r§a!
13:08:15 [allowed] §aYou summoned your §r§6Bal§r§a!
13:08:55 [allowed] §c ☠ §r§7§r§7NoonBot§r§7 suffocated§r§7.
13:08:56 [allowed] §cA magical force surrounding this area prevents you from breaking blocks!
13:09:16 [allowed] §aYou summoned your §r§6Armadillo§r§a!
13:09:27 [allowed] §aYou despawned your §r§6Armadillo§r§a!
13:09:28 [allowed] §aYou summoned your §r§6Armadillo§r§a!
13:09:43 [allowed] §6[Bazaar] §eYour §6Sell Offer §efor §a1§7x §5Corleonite §ewas filled!
13:09:46 [allowed] §eYour Mining Sack §r§eis full of §r§fMithril§r§e!
13:10:05 [GUILD_EXP] §aYou earned §r§2716 GEXP §r§afrom playing SkyBlock!
13:10:25 [allowed] §a§l▬▬▬▬▬▬▬▬▬▬▬▬▬▬▬▬▬▬▬▬▬▬▬▬▬▬▬▬▬▬▬▬▬▬▬▬▬▬▬▬▬▬▬▬▬▬▬▬▬▬▬▬▬▬▬▬▬▬▬▬▬▬▬▬
13:10:25 [allowed] §f                           §r§b§l2X POWDER ENDED!
13:10:25 [allowed] §f                           §r§7Passive Active Event
13:10:25 [EMPTY] 
13:10:25 [allowed] §f   Powder amount is back to normal, but there will be another
13:10:26 [allowed] §f§r§f                                 event soon!
13:10:26 [allowed] §a§l▬▬▬▬▬▬▬▬▬▬▬▬▬▬▬▬▬▬▬▬▬▬▬▬▬▬▬▬▬▬▬▬▬▬▬▬▬▬▬▬▬▬▬▬▬▬▬▬▬▬▬▬▬▬▬▬▬▬▬▬▬▬▬▬
13:10:32 [allowed] §aYou despawned your §r§6Armadillo§r§a!
13:10:35 [allowed] §aYou summoned your §r§6Armadillo§r§a!
13:10:45 [allowed] §8Depositing coins...
13:10:45 [allowed] §aDeposited §r§63.9M coins§r§a! There's now §r§6179M coins §r§ain the account!
13:10:48 [allowed] §c ☠ §r§7You suffocated§r§7.
13:10:56 [allowed] §cThere are blocks in the way!
13:10:58 [allowed] §cThere are blocks in the way!
13:10:59 [allowed] §cThere are blocks in the way!
13:10:59 [allowed] §cThere are blocks in the way!
13:10:59 [allowed] §cThere are blocks in the way!
13:11:01 [allowed] §cThere are blocks in the way!
13:11:01 [allowed] §cThere are blocks in the way!
13:11:01 [allowed] §cThere are blocks in the way!
13:11:01 [allowed] §cThere are blocks in the way!
13:11:03 [allowed] §cThere are blocks in the way!
13:11:05 [allowed] §aYou used your §r§6Mining Speed Boost §r§aPickaxe Ability!
13:11:05 [allowed] §d§lPRISTINE! §r§fYou found §r§a✎ Flawed Sapphire Gemstone §r§8x8§r§f!
13:11:05 [allowed] §aRolling miner granted you double drops!
13:11:08 [allowed] §d§lPRISTINE! §r§fYou found §r§a✎ Flawed Sapphire Gemstone §r§8x8§r§f!
13:11:12 [allowed] §d§lPRISTINE! §r§fYou found §r§a✎ Flawed Sapphire Gemstone §r§8x18§r§f!
13:11:13 [allowed] §d§lPRISTINE! §r§fYou found §r§a✎ Flawed Sapphire Gemstone §r§8x8§r§f!
13:11:21 [allowed] §d§lPRISTINE! §r§fYou found §r§a✎ Flawed Sapphire Gemstone §r§8x9§r§f!
13:11:23 [allowed] §d§lPRISTINE! §r§fYou found §r§a✎ Flawed Sapphire Gemstone §r§8x9§r§f!
13:11:26 [allowed] §a§lSAPPHIRE GEMSTONE COLLECTOR §r§eCommission Complete! Visit the King §r§eto claim your rewards!
13:11:26 [allowed] §cYour Mining Speed Boost has expired!
13:11:29 [allowed] §aYour §r§6Owl §r§aleveled up to level §r§957§r§a!
13:11:29 [allowed] §aYour §r§6Armadillo §r§aleveled up to level §r§993§r§a!
13:11:31 [allowed] §7Your Giant's Sword hit §r§c1 §r§7enemy for §r§c547,722 §r§7damage.
13:11:50 [allowed] §cA magical force surrounding this area prevents you from breaking blocks!
13:11:52 [allowed] §cA magical force surrounding this area prevents you from breaking blocks!
13:11:53 [allowed] §8[§r§b216§r§8] §r§7▒ §r§a[VIP] yokve§f§r§f: when does the event get announced
13:11:54 [allowed] §cThere are blocks in the way!
13:12:03 [allowed] §cThere are blocks in the way!
13:12:03 [allowed] §cThere are blocks in the way!
13:12:05 [allowed] §cThere are blocks in the way!
13:12:07 [allowed] §cYou are entering the jungle temple, your speed is reduced and your jump boost will not work!
13:12:20 [allowed] §e[NPC] §bKalhuiki Door Guardian§f: §rThe door is open, go in!
13:12:23 [allowed] §cYou cannot use this item here!
13:13:06 [allowed] §a§r§6Mining Speed Boost §r§ais now available!
13:13:09 [allowed] §aYou despawned your §r§6Armadillo§r§a!
13:13:11 [allowed] §aYou summoned your §r§6Armadillo§r§a!
13:13:17 [allowed] §cA magical force surrounding this area prevents you from breaking blocks!
13:13:18 [allowed] §cA magical force surrounding this area prevents you from breaking blocks!
13:13:19 [allowed] §cA magical force surrounding this area prevents you from breaking blocks!
13:13:20 [allowed] §cThere are blocks in the way!
13:13:20 [allowed] §cThere are blocks in the way!
13:13:20 [allowed] §cThere are blocks in the way!
13:13:20 [allowed] §cThere are blocks in the way!
13:13:21 [allowed] §cThere are blocks in the way!
13:13:21 [allowed] §cThere are blocks in the way!
13:13:21 [allowed] §cThere are blocks in the way!
13:13:21 [allowed] §cThere are blocks in the way!
13:13:21 [allowed] §cThere are blocks in the way!
13:13:21 [allowed] §cThere are blocks in the way!
13:13:24 [allowed] §aYou summoned your §r§6Mithril Golem§r§a!
13:13:25 [allowed] §cA magical force surrounding this area prevents you from breaking blocks!
13:13:25 [allowed] §c ☠ §r§7You suffocated§r§7.
13:13:29 [allowed] §aYou summoned your §r§6Bal§r§a!
13:13:46 [allowed] §aYou used your §r§6Mining Speed Boost §r§aPickaxe Ability!
13:13:49 [allowed] §d§lPRISTINE! §r§fYou found §r§a☘ Flawed Jade Gemstone §r§8x18§r§f!
13:13:52 [allowed] §d§lPRISTINE! §r§fYou found §r§a☘ Flawed Jade Gemstone §r§8x9§r§f!
13:13:54 [POWDER_MINING] §aYou uncovered a treasure chest!
13:13:54 [allowed] §d§lPRISTINE! §r§fYou found §r§a☘ Flawed Jade Gemstone §r§8x9§r§f!
13:13:55 [allowed] §b ☺ §eA wild §aGreen Jerry§e spawned!
13:13:59 [allowed] §d§lPRISTINE! §r§fYou found §r§a☘ Flawed Jade Gemstone §r§8x18§r§f!
13:14:06 [allowed] §cYour Mining Speed Boost has expired!
13:14:11 [POWDER_MINING] §6You have successfully picked the lock on this chest!
13:14:11 [POWDER_MINING] §aYou received §r§f32 §r§f☘ Rough Jade Gemstone§r§a.
13:14:11 [POWDER_MINING] §aYou received §r§b+120 §r§aMithril Powder.
13:14:27 [allowed] §d§lPRISTINE! §r§fYou found §r§a☘ Flawed Jade Gemstone §r§8x8§r§f!
13:14:27 [allowed] §a§lJADE GEMSTONE COLLECTOR §r§eCommission Complete! Visit the King §r§eto claim your rewards!
13:14:40 [allowed] §cThere are blocks in the way!
13:14:44 [allowed] §cThere are blocks in the way!
13:14:56 [allowed]  §d⚑ §eThe §dBetter Together §eevent starts in §a20 §eseconds!
 §eThis is a passive event! §bIt's happening everywhere in the §bCrystal Hollows!
13:15:01 [allowed] §cYou are entering the jungle temple, your speed is reduced and your jump boost will not work!
13:15:02 [allowed] §bNew day! §r§eYour §r§2Sky Mall §r§ebuff changed!
13:15:02 [allowed] §eNew buff§r§r§r: §r§fReduce Pickaxe Ability cooldown by §r§a20%§r§f.
13:15:05 [allowed] §cYou cannot use this item here!
13:15:08 [GUILD_EXP] §aYou earned §r§2750 GEXP §r§afrom playing SkyBlock!
13:15:13 [allowed] §cA magical force surrounding this area prevents you from breaking blocks!
13:15:15 [allowed] §d§lPRISTINE! §r§fYou found §r§a❈ Flawed Amethyst Gemstone §r§8x8§r§f!
13:15:16 [allowed] §d§lPRISTINE! §r§fYou found §r§a❈ Flawed Amethyst Gemstone §r§8x8§r§f!
13:15:17 [allowed] §a§l▬▬▬▬▬▬▬▬▬▬▬▬▬▬▬▬▬▬▬▬▬▬▬▬▬▬▬▬▬▬▬▬▬▬▬▬▬▬▬▬▬▬▬▬▬▬▬▬▬▬▬▬▬▬▬▬▬▬▬▬▬▬▬▬
13:15:17 [allowed] §f                    §r§d§lBETTER TOGETHER STARTED!
13:15:17 [allowed] §f                           §r§7Passive Active Event
13:15:17 [EMPTY] §f                                        
13:15:17 [allowed] §f     The Better Together festival is underway! Dwarves love
13:15:17 [allowed] §f§r§f   working together, and this event celebrates friendship and
13:15:17 [allowed] §f§r§f                             jolly cooperation.
13:15:17 [allowed] §a§l▬▬▬▬▬▬▬▬▬▬▬▬▬▬▬▬▬▬▬▬▬▬▬▬▬▬▬▬▬▬▬▬▬▬▬▬▬▬▬▬▬▬▬▬▬▬▬▬▬▬▬▬▬▬▬▬▬▬▬▬▬▬▬▬
13:15:17 [allowed] §7§oYou can hear cooperative chattering coming from town…
13:15:17 [allowed] §7§oThe Better Together festival is active for 20 minutes!
13:15:20 [allowed] §d§lPRISTINE! §r§fYou found §r§a❈ Flawed Amethyst Gemstone §r§8x8§r§f!
13:15:21 [allowed] §cA magical force surrounding this area prevents you from breaking blocks!
13:15:22 [allowed] §cA magical force surrounding this area prevents you from breaking blocks!
13:15:23 [allowed] §cA magical force surrounding this area prevents you from breaking blocks!
13:15:32 [allowed] §b ☺ §r§a[VIP§r§6+§r§a] rngdrops§r§f §r§efound §r§5Jerry-chine Gun §r§ein a Jerry Box!
13:15:48 [allowed] §a§r§6Mining Speed Boost §r§ais now available!
13:15:53 [allowed] §aYou summoned your §r§6Armadillo§r§a!
13:16:04 [allowed] §cA magical force surrounding this area prevents you from breaking blocks!
13:16:05 [allowed] §cA magical force surrounding this area prevents you from breaking blocks!
13:16:11 [allowed] §cA magical force surrounding this area prevents you from breaking blocks!
13:16:12 [allowed] §cA magical force surrounding this area prevents you from breaking blocks!
13:16:15 [allowed] §cA magical force surrounding this area prevents you from breaking blocks!
13:16:15 [allowed] §5§l▬▬▬▬▬▬▬▬▬▬▬▬▬▬▬▬▬▬▬▬▬▬▬▬▬▬▬▬▬▬▬▬▬▬▬▬▬▬▬▬▬▬▬▬▬▬▬▬▬▬▬▬▬▬▬▬▬▬▬▬▬▬▬▬
13:16:15 [allowed] §f                       §r§5§l✦ CRYSTAL FOUND §r§7(1§r§7/5§r§7)
13:16:15 [allowed] §f                              §r§5Amethyst Crystal
13:16:15 [EMPTY] 
13:16:15 [allowed] §f            §r§7Place this Crystal in the §r§5Crystal Nucleus §r§7and
13:16:15 [allowed] §f             §r§7find all §r§a5 §r§7Crystals in the §r§5Crystal Hollows §r§7to
13:16:15 [allowed] §f                               §r§7earn §r§6rare loot§r§7!
13:16:15 [allowed] §5§l▬▬▬▬▬▬▬▬▬▬▬▬▬▬▬▬▬▬▬▬▬▬▬▬▬▬▬▬▬▬▬▬▬▬▬▬▬▬▬▬▬▬▬▬▬▬▬▬▬▬▬▬▬▬▬▬▬▬▬▬▬▬▬▬
13:16:15 [allowed] §a§lAMETHYST CRYSTAL HUNTER §r§eCommission Complete! Visit the King §r§eto claim your rewards!
13:16:15 [allowed] §cYou have already obtained this Crystal!
13:16:20 [allowed] §eYour armadillo is full of energy!
13:17:20 [allowed] §cThere are blocks in the way!
13:17:20 [allowed] §cThere are blocks in the way!
13:17:20 [allowed] §cThere are blocks in the way!
13:17:20 [allowed] §cThere are blocks in the way!
13:17:20 [allowed] §cThere are blocks in the way!
13:17:20 [allowed] §cThere are blocks in the way!
13:17:20 [allowed] §cYou cannot use this item here!
13:17:20 [allowed] §cThere are blocks in the way!
13:17:21 [allowed] §cThere are blocks in the way!
13:17:21 [allowed] §cYou cannot use this item here!
13:17:23 [allowed] §cYou cannot use this item here!
13:17:23 [allowed] §cYou cannot use this item here!
13:17:24 [allowed] §cThere are blocks in the way!
13:17:24 [allowed] §cThere are blocks in the way!
13:17:24 [allowed] §cThere are blocks in the way!
13:17:24 [allowed] §cThere are blocks in the way!
13:17:24 [allowed] §cThere are blocks in the way!
13:17:24 [allowed] §cThere are blocks in the way!
13:17:24 [allowed] §cThere are blocks in the way!
13:17:25 [allowed] §cThere are blocks in the way!
13:17:25 [allowed] §cYou cannot use this item here!
13:17:25 [allowed] §cThere are blocks in the way!
13:17:25 [allowed] §cThere are blocks in the way!
13:17:25 [allowed] §cThere are blocks in the way!
13:17:25 [allowed] §cYou cannot use this item here!
13:17:25 [allowed] §cThere are blocks in the way!
13:17:25 [allowed] §cYou cannot use this item here!
13:17:25 [allowed] §cThere are blocks in the way!
13:17:26 [allowed] §cThere are blocks in the way!
13:17:26 [allowed] §cYou cannot use this item here!
13:17:26 [allowed] §cThere are blocks in the way!
13:17:26 [allowed] §cThere are blocks in the way!
13:17:26 [allowed] §cThere are blocks in the way!
13:17:26 [allowed] §cThere are blocks in the way!
13:17:26 [allowed] §cThere are blocks in the way!
13:17:26 [allowed] §cThere are blocks in the way!
13:17:27 [allowed] §cThere are blocks in the way!
13:17:27 [allowed] §cThere are blocks in the way!
13:17:27 [allowed] §cThere are blocks in the way!
13:17:27 [allowed] §cThere are blocks in the way!
13:17:27 [allowed] §cThere are blocks in the way!
13:17:29 [allowed] §cThere are blocks in the way!
13:17:29 [allowed] §cYou cannot use this item here!
13:17:29 [allowed] §cThere are blocks in the way!
13:17:29 [allowed] §cThere are blocks in the way!
13:17:29 [allowed] §cThere are blocks in the way!
13:17:29 [allowed] §cYou cannot use this item here!
13:17:30 [allowed] §cThere are blocks in the way!
13:17:30 [allowed] §cYou cannot use this item here!
13:17:30 [allowed] §cThere are blocks in the way!
13:17:30 [allowed] §cThere are blocks in the way!
13:17:30 [allowed] §cThere are blocks in the way!
13:17:30 [allowed] §cThere are blocks in the way!
13:17:31 [allowed] §cThere are blocks in the way!
13:17:31 [allowed] §cThere are blocks in the way!
13:17:31 [allowed] §cThere are blocks in the way!
13:17:31 [allowed] §cYou are entering the jungle temple, your speed is reduced and your jump boost will not work!
13:17:31 [allowed] §cThere are blocks in the way!
13:17:31 [allowed] §cYou cannot use this item here!
13:17:31 [allowed] §cThere are blocks in the way!
13:17:31 [allowed] §cYou cannot use this item here!
13:17:32 [allowed] §cThere are blocks in the way!
13:17:32 [allowed] §cThere are blocks in the way!
13:17:37 [allowed] §7Your Giant's Sword hit §r§c1 §r§7enemy for §r§c744,116 §r§7damage.
13:18:02 [allowed] §b§lCOMPACT! §r§fYou found an §r§aEnchanted Hard Stone§r§f!
13:18:05 [allowed] §b§lCOMPACT! §r§fYou found an §r§aEnchanted Hard Stone§r§f!
13:18:18 [allowed] §aYou summoned your §r§6Bal§r§a!
13:18:39 [allowed] §b§lCOMPACT! §r§fYou found an §r§aEnchanted Hard Stone§r§f!
13:18:44 [allowed] §b§lCOMPACT! §r§fYou found an §r§aEnchanted Hard Stone§r§f!
13:18:52 [allowed] §cThere are blocks in the way!
13:18:58 [POWDER_MINING] §aYou received §r§f64 §r§f⸕ Rough Amber Gemstone§r§a.
13:18:58 [allowed] §aYou received §r§f1 §r§9Goblin Egg§r§a.
13:18:58 [POWDER_MINING] §aYou received §r§b+136 §r§aMithril Powder.
13:18:58 [POWDER_MINING] §aYou received §r§b+212 §r§aGemstone Powder.
13:19:01 [allowed] §b§lCOMPACT! §r§fYou found an §r§aEnchanted Hard Stone§r§f!
13:19:34 [allowed] §aYou sold §r§fHard Stone§r§8 x17 §r§afor §r§617 Coins§r§a!
13:19:35 [allowed] §aYou sold §r§fMithril§r§8 x16 §r§afor §r§6128 Coins§r§a!
13:19:47 [allowed] §e[NPC] §6King Yolkar§f: §r*rumble* *rumble*
13:19:49 [allowed] §e[NPC] §6King Yolkar§f: §rDid ya hear that, Sebbebas? That's the sound of an empty stomach.
13:19:51 [allowed] §cThere are blocks in the way!
13:19:52 [allowed] §cYou have already opened this chest!
13:19:53 [allowed] §e[NPC] §6King Yolkar§f: §rI've been so hungry since the §5Goblin Queen §rtossed me aside.
13:19:53 [allowed] §cThere are blocks in the way!
13:19:55 [allowed] §e[NPC] §6King Yolkar§f: §rBring me back §a3 §9Goblin Egg §rof any type and we can teach her a lesson!
13:19:56 [allowed] §e[NPC] §6King Yolkar§f: §rWell done, Sebbebas§r!
13:19:58 [allowed] §e[NPC] §6King Yolkar§f: §rThese eggs will help me stomach my pain.
13:20:01 [allowed] §9§lCONGRATULATIONS! §r§7Your prehistoric egg hatched into a §r§fCommon Armadillo§r§7!
13:20:01 [allowed] §e[NPC] §6King Yolkar§f: §rNow let's hit the Queen where it hurts - by stealing her §6Amber Crystal§r!
13:20:04 [allowed] §e[NPC] §6King Yolkar§f: §rI'm covering you in my §afoul stench §ras we speak. It won't last long before it dissipates!
13:20:07 [allowed] §e[NPC] §6King Yolkar§f: §rGet to the Queen before my stench goes away and you'll be able to sneak past her imbecile Guards!
13:20:11 [GUILD_EXP] §aYou earned §r§2705 GEXP §r§afrom playing SkyBlock!
13:20:18 [allowed] §cThere are blocks in the way!
13:20:18 [allowed] §5§l▬▬▬▬▬▬▬▬▬▬▬▬▬▬▬▬▬▬▬▬▬▬▬▬▬▬▬▬▬▬▬▬▬▬▬▬▬▬▬▬▬▬▬▬▬▬▬▬▬▬▬▬▬▬▬▬▬▬▬▬▬▬▬▬
13:20:18 [allowed] §f                       §r§5§l✦ CRYSTAL FOUND §r§7(2§r§7/5§r§7)
13:20:18 [allowed] §f                                §r§6Amber Crystal
13:20:18 [EMPTY] 
13:20:18 [allowed] §f            §r§7Place this Crystal in the §r§5Crystal Nucleus §r§7and
13:20:18 [allowed] §f             §r§7find all §r§a5 §r§7Crystals in the §r§5Crystal Hollows §r§7to
13:20:18 [allowed] §f                               §r§7earn §r§6rare loot§r§7!
13:20:18 [allowed] §5§l▬▬▬▬▬▬▬▬▬▬▬▬▬▬▬▬▬▬▬▬▬▬▬▬▬▬▬▬▬▬▬▬▬▬▬▬▬▬▬▬▬▬▬▬▬▬▬▬▬▬▬▬▬▬▬▬▬▬▬▬▬▬▬▬
13:20:18 [allowed] §a§lAMBER CRYSTAL HUNTER §r§eCommission Complete! Visit the King §r§eto claim your rewards!
13:20:18 [allowed] §cThere are blocks in the way!
13:20:18 [allowed] §cYou have already obtained this Crystal!
13:20:21 [allowed] §cThere are blocks in the way!
13:20:23 [allowed] §cThere are blocks in the way!
13:20:26 [allowed] §cThere are blocks in the way!
13:20:30 [allowed] §cThere are blocks in the way!
13:20:30 [allowed] §cThere are blocks in the way!
13:20:31 [allowed] §cThere are blocks in the way!
13:20:31 [allowed] §cThere are blocks in the way!
13:20:32 [allowed] §cThere are blocks in the way!
13:20:42 [allowed] §cThere are blocks in the way!
13:20:42 [allowed] §cThere are blocks in the way!
13:20:42 [allowed] §cThere are blocks in the way!
13:20:50 [allowed] §cThere are blocks in the way!
13:21:12 [allowed] §aYou found §r§cScavenged Emerald Hammer §r§awith your §r§cMetal Detector§r§a!
13:21:15 [allowed] §cThere are blocks in the way!
13:21:17 [allowed] §aYou found §r§f❁ Rough Jasper Gemstone §r§8x40 §r§awith your §r§cMetal Detector§r§a!
13:21:17 [allowed] §6§lPICK IT UP!
13:21:23 [allowed] §aYou found §r§a☘ Flawed Jade Gemstone §r§8x2 §r§awith your §r§cMetal Detector§r§a!
13:21:23 [allowed] §6§lPICK IT UP!
13:21:33 [allowed] §aYou found §r§a❤ Flawed Ruby Gemstone §r§8x2 §r§awith your §r§cMetal Detector§r§a!
13:21:33 [allowed] §6§lPICK IT UP!
13:21:41 [allowed] §cThere are blocks in the way!
13:21:42 [allowed] §aYou found §r§a✎ Flawed Sapphire Gemstone §r§8x2 §r§awith your §r§cMetal Detector§r§a!
13:21:42 [allowed] §6§lPICK IT UP!
13:21:50 [allowed] §aYou found §r§a❤ Flawed Ruby Gemstone §r§8x2 §r§awith your §r§cMetal Detector§r§a!
13:21:50 [allowed] §6§lPICK IT UP!
13:21:53 [allowed] §cThere are blocks in the way!
13:21:55 [allowed] §aYou found §r§a✎ Flawed Sapphire Gemstone §r§awith your §r§cMetal Detector§r§a!
13:21:55 [allowed] §6§lPICK IT UP!
13:22:00 [allowed] §aYou found §r§a❁ Flawed Jasper Gemstone §r§awith your §r§cMetal Detector§r§a!
13:22:00 [allowed] §6§lPICK IT UP!
13:22:08 [allowed] §aYou found §r§a☘ Flawed Jade Gemstone §r§8x4 §r§awith your §r§cMetal Detector§r§a!
13:22:08 [allowed] §6§lPICK IT UP!
13:22:11 [allowed] §cThere are blocks in the way!
13:22:11 [allowed] §cThere are blocks in the way!
13:22:16 [allowed] §aYou found §r§a❁ Flawed Jasper Gemstone §r§awith your §r§cMetal Detector§r§a!
13:22:16 [allowed] §6§lPICK IT UP!
13:22:20 [allowed] §aYou found §r§a⸕ Flawed Amber Gemstone §r§8x2 §r§awith your §r§cMetal Detector§r§a!
13:22:20 [allowed] §6§lPICK IT UP!
13:22:30 [allowed] §aYou found §r§a❈ Flawed Amethyst Gemstone §r§awith your §r§cMetal Detector§r§a!
13:22:30 [allowed] §6§lPICK IT UP!
13:22:38 [allowed] §aYou found §r§a❤ Flawed Ruby Gemstone §r§8x2 §r§awith your §r§cMetal Detector§r§a!
13:22:38 [allowed] §6§lPICK IT UP!
13:22:44 [allowed] §aYou found §r§a☘ Flawed Jade Gemstone §r§8x2 §r§awith your §r§cMetal Detector§r§a!
13:22:44 [allowed] §6§lPICK IT UP!
13:22:49 [allowed] §aYou found §r§f❁ Rough Jasper Gemstone §r§8x40 §r§awith your §r§cMetal Detector§r§a!
13:22:49 [allowed] §6§lPICK IT UP!
13:22:54 [allowed] §aYou found §r§a❤ Flawed Ruby Gemstone §r§8x4 §r§awith your §r§cMetal Detector§r§a!
13:22:54 [allowed] §6§lPICK IT UP!
13:23:03 [allowed] §aYou found §r§a✎ Flawed Sapphire Gemstone §r§awith your §r§cMetal Detector§r§a!
13:23:03 [allowed] §6§lPICK IT UP!
13:23:12 [allowed] §aYou found §r§a⸕ Flawed Amber Gemstone §r§awith your §r§cMetal Detector§r§a!
13:23:12 [allowed] §6§lPICK IT UP!
13:23:19 [allowed] §aYou found §r§dGemstone Powder §r§8x339 §r§awith your §r§cMetal Detector§r§a!
13:23:24 [allowed] §aYou found §r§cScavenged Lapis Sword §r§awith your §r§cMetal Detector§r§a!
13:23:31 [allowed] §aYou found §r§cScavenged Golden Hammer §r§awith your §r§cMetal Detector§r§a!
13:23:36 [allowed] §cThere are blocks in the way!
13:23:38 [allowed] §aYou found §r§a⸕ Flawed Amber Gemstone §r§awith your §r§cMetal Detector§r§a!
13:23:38 [allowed] §6§lPICK IT UP!
13:23:39 [allowed] §aYou found §r§cScavenged Diamond Axe §r§awith your §r§cMetal Detector§r§a!
13:23:45 [allowed] §e[NPC] §6Keeper of Gold§f: §rExcellent! You have returned the §cScavenged Golden Hammer §rto its rightful place!
13:23:46 [allowed] §e[NPC] §6Keeper of Gold§f: §rUse your §cMetal Detector §rto find the remaining items!
13:23:48 [allowed] §e[NPC] §6Keeper of Lapis§f: §rExcellent! You have returned the §cScavenged Lapis Sword §rto its rightful place!
13:23:49 [allowed] §e[NPC] §6Keeper of Lapis§f: §rUse your §cMetal Detector §rto find the remaining items!
13:23:50 [allowed] §cThere are blocks in the way!
13:23:50 [allowed] §e[NPC] §6Keeper of Emerald§f: §rExcellent! You have returned the §cScavenged Emerald Hammer §rto its rightful place!
13:23:52 [allowed] §e[NPC] §6Keeper of Emerald§f: §rUse your §cMetal Detector §rto find the remaining items!
13:23:53 [allowed] §e[NPC] §6Keeper of Diamond§f: §rYou found all of the items! Behold... the §aJade Crystal§r!
13:23:55 [allowed] §5§l▬▬▬▬▬▬▬▬▬▬▬▬▬▬▬▬▬▬▬▬▬▬▬▬▬▬▬▬▬▬▬▬▬▬▬▬▬▬▬▬▬▬▬▬▬▬▬▬▬▬▬▬▬▬▬▬▬▬▬▬▬▬▬▬
13:23:55 [allowed] §f                       §r§5§l✦ CRYSTAL FOUND §r§7(3§r§7/5§r§7)
13:23:55 [allowed] §f                                §r§aJade Crystal
13:23:55 [EMPTY] 
13:23:55 [allowed] §f            §r§7Place this Crystal in the §r§5Crystal Nucleus §r§7and
13:23:55 [allowed] §f             §r§7find all §r§a5 §r§7Crystals in the §r§5Crystal Hollows §r§7to
13:23:55 [allowed] §f                               §r§7earn §r§6rare loot§r§7!
13:23:55 [allowed] §5§l▬▬▬▬▬▬▬▬▬▬▬▬▬▬▬▬▬▬▬▬▬▬▬▬▬▬▬▬▬▬▬▬▬▬▬▬▬▬▬▬▬▬▬▬▬▬▬▬▬▬▬▬▬▬▬▬▬▬▬▬▬▬▬▬
13:23:55 [allowed] §a§lJADE CRYSTAL HUNTER §r§eCommission Complete! Visit the King §r§eto claim your rewards!
13:23:55 [allowed] §cYou have already obtained this Crystal!
13:23:55 [allowed] §cYou have already obtained this Crystal!
13:23:55 [allowed] §cYou have already obtained this Crystal!
13:23:55 [allowed] §cYou have already obtained this Crystal!
13:23:55 [allowed] §cYou have already obtained this Crystal!
13:24:04 [allowed] §cThere are blocks in the way!
13:24:19 [allowed] §b§lCOMPACT! §r§fYou found an §r§aEnchanted Hard Stone§r§f!
13:24:35 [allowed] §cThere are blocks in the way!
13:24:35 [allowed] §5§l▬▬▬▬▬▬▬▬▬▬▬▬▬▬▬▬▬▬▬▬▬▬▬▬▬▬▬▬▬▬▬▬▬▬▬▬▬▬▬▬▬▬▬▬▬▬▬▬▬▬▬▬▬▬▬▬▬▬▬▬▬▬▬▬
13:24:35 [allowed] §f                       §r§5§l✦ CRYSTAL FOUND §r§7(4§r§7/5§r§7)
13:24:35 [allowed] §f                                §r§eTopaz Crystal
13:24:35 [EMPTY] 
13:24:35 [allowed] §f            §r§7Place this Crystal in the §r§5Crystal Nucleus §r§7and
13:24:35 [allowed] §f             §r§7find all §r§a5 §r§7Crystals in the §r§5Crystal Hollows §r§7to
13:24:35 [allowed] §f                               §r§7earn §r§6rare loot§r§7!
13:24:35 [allowed] §5§l▬▬▬▬▬▬▬▬▬▬▬▬▬▬▬▬▬▬▬▬▬▬▬▬▬▬▬▬▬▬▬▬▬▬▬▬▬▬▬▬▬▬▬▬▬▬▬▬▬▬▬▬▬▬▬▬▬▬▬▬▬▬▬▬
13:24:35 [allowed] §a§lTOPAZ CRYSTAL HUNTER §r§eCommission Complete! Visit the King §r§eto claim your rewards!
13:24:35 [allowed] §cThere are blocks in the way!
13:24:35 [allowed] §cYou have already obtained this Crystal!
13:24:44 [allowed] §cThere are blocks in the way!
13:24:47 [allowed] §cThere are blocks in the way!
13:24:47 [allowed] §cThere are blocks in the way!
13:25:10 [allowed] §cThere are blocks in the way!
13:25:10 [allowed] §7Your Giant's Sword hit §r§c1 §r§7enemy for §r§c655,176 §r§7damage.
13:25:12 [allowed] §a§lBOSS CORLEONE SLAYER §r§eCommission Complete! Visit the King §r§eto claim your rewards!
13:25:15 [GUILD_EXP] §aYou earned §r§2750 GEXP §r§afrom playing SkyBlock!
13:25:23 [allowed] §cThere are blocks in the way!
13:25:30 [allowed] §cThat item cannot be sold!
13:25:31 [allowed] §aYou sold §r§fMithril§r§8 x32 §r§afor §r§6256 Coins§r§a!
13:25:34 [allowed] §6[Bazaar] §r§7Putting goods in escrow...
13:25:34 [allowed] §6[Bazaar] §r§7Submitting sell offer...
13:25:34 [allowed] §6[Bazaar] §r§7§r§eSell Offer Setup! §r§a1§r§7x §r§5Corleonite §r§7for §r§6558,643 coins§r§7.
13:25:50 [allowed] §cThere are blocks in the way!
13:25:53 [allowed] §cThere are blocks in the way!
13:26:04 [allowed] §cThere are blocks in the way!
13:26:45 [allowed] §e[NPC] Professor Robot§f: §rBring me all §a6 §rkey components to the giant so that I can repair it!
13:26:45 [allowed] §e[NPC] Professor Robot§f: §rThanks for bringing me the §9Control Switch§r! Bring me 5 more components to fix the giant!
13:26:46 [allowed] §e[NPC] Professor Robot§f: §rThat's not one of the components I need! Bring me one of the missing components:
13:26:46 [allowed]   §r§9Electron Transmitter
13:26:46 [allowed]   §r§9FTX 3070
13:26:46 [allowed]   §r§9Robotron Reflector
13:26:46 [allowed]   §r§9Superlite Motor
13:26:46 [allowed]   §r§9Synthetic Heart
13:26:46 [allowed] §e[NPC] Professor Robot§f: §rThanks for bringing me the §9Synthetic Heart§r! Bring me 4 more components to fix the giant!
13:26:47 [allowed] §e[NPC] Professor Robot§f: §rThat's not one of the components I need! Bring me one of the missing components:
13:26:47 [allowed]   §r§9Electron Transmitter
13:26:47 [allowed]   §r§9FTX 3070
13:26:47 [allowed]   §r§9Robotron Reflector
13:26:47 [allowed]   §r§9Superlite Motor
13:26:51 [allowed] §e[NPC] Professor Robot§f: §rThanks for bringing me the §9Superlite Motor§r! Bring me 3 more components to fix the giant!
13:26:52 [allowed] §e[NPC] Professor Robot§f: §rThat's not one of the components I need! Bring me one of the missing components:
13:26:52 [allowed]   §r§9Electron Transmitter
13:26:52 [allowed]   §r§9FTX 3070
13:26:52 [allowed]   §r§9Robotron Reflector
13:26:53 [allowed] §e[NPC] Professor Robot§f: §rThanks for bringing me the §9FTX 3070§r! Bring me 2 more components to fix the giant!
13:26:53 [allowed] §e[NPC] Professor Robot§f: §rThat's not one of the components I need! Bring me one of the missing components:
13:26:53 [allowed]   §r§9Electron Transmitter
13:26:53 [allowed]   §r§9Robotron Reflector
13:26:53 [allowed] §e[NPC] Professor Robot§f: §rThat's not one of the components I need! Bring me one of the missing components:
13:26:53 [allowed]   §r§9Electron Transmitter
13:26:53 [allowed]   §r§9Robotron Reflector
13:26:57 [allowed] §e[NPC] Professor Robot§f: §rThanks for bringing me the §9Electron Transmitter§r! Bring me one more component to fix the giant!
13:26:57 [allowed] §e[NPC] Professor Robot§f: §rThat's not the final component! Bring me a §9Robotron Reflector §rto gain access to Automaton Prime's storage container!
13:26:57 [allowed] §e[NPC] Professor Robot§f: §rYou've brought me all of the components!
13:26:59 [allowed] §5§l▬▬▬▬▬▬▬▬▬▬▬▬▬▬▬▬▬▬▬▬▬▬▬▬▬▬▬▬▬▬▬▬▬▬▬▬▬▬▬▬▬▬▬▬▬▬▬▬▬▬▬▬▬▬▬▬▬▬▬▬▬▬▬▬
13:26:59 [allowed] §f                       §r§5§l✦ CRYSTAL FOUND §r§7(5§r§7/5§r§7)
13:26:59 [allowed] §f                              §r§bSapphire Crystal
13:26:59 [EMPTY] 
13:26:59 [allowed] §f           §r§7You have found all of the Crystals! Good stuff!
13:26:59 [allowed] §5§l▬▬▬▬▬▬▬▬▬▬▬▬▬▬▬▬▬▬▬▬▬▬▬▬▬▬▬▬▬▬▬▬▬▬▬▬▬▬▬▬▬▬▬▬▬▬▬▬▬▬▬▬▬▬▬▬▬▬▬▬▬▬▬▬
13:26:59 [allowed] §a§lSAPPHIRE CRYSTAL HUNTER §r§eCommission Complete! Visit the King §r§eto claim your rewards!
13:26:59 [allowed] §cA magical force surrounding this area prevents you from breaking blocks!
13:26:59 [allowed] §cYou have already obtained this Crystal!
13:26:59 [allowed] §cYou have already obtained this Crystal!
13:26:59 [allowed] §cYou have already obtained this Crystal!
13:26:59 [allowed] §e[NPC] Professor Robot§f: §rI have uploaded them to the giant below...it appears it has opened its storage compartment!
13:27:02 [allowed] §e[NPC] Professor Robot§f: §rPerhaps the long-lost §bSapphire Crystal §ris in there!
13:27:28 [allowed] §cA magical force surrounding this area prevents you from breaking blocks!
13:27:31 [allowed] §cThere are blocks in the way!
13:27:32 [allowed] §cThere are blocks in the way!
13:27:32 [allowed] §5§l✦ §r§dYou placed the §r§6Amber Crystal§r§d!
13:27:32 [allowed]   §r§dKeep exploring the §r§5Crystal Hollows §r§dto find the rest!
13:27:33 [allowed] §cThere are blocks in the way!
13:27:33 [allowed] §cThere are blocks in the way!
13:27:33 [allowed] §5§l✦ §r§dYou placed the §r§5Amethyst Crystal§r§d!
13:27:33 [allowed]   §r§dKeep exploring the §r§5Crystal Hollows §r§dto find the rest!
13:27:34 [allowed] §cThere are blocks in the way!
13:27:35 [allowed] §cThere are blocks in the way!
13:27:35 [allowed] §5§l✦ §r§dYou placed the §r§eTopaz Crystal§r§d!
13:27:35 [allowed]   §r§dKeep exploring the §r§5Crystal Hollows §r§dto find the rest!
13:27:36 [allowed] §cThere are blocks in the way!
13:27:36 [allowed] §5§l✦ §r§dYou placed the §r§aJade Crystal§r§d!
13:27:36 [allowed]   §r§dKeep exploring the §r§5Crystal Hollows §r§dto find the rest!
13:27:37 [allowed] §cThere are blocks in the way!
13:27:37 [allowed] §cThere are blocks in the way!
13:27:37 [allowed] §5§l✦ §r§dYou placed the §r§bSapphire Crystal§r§d!
13:27:37 [allowed]   §r§dYou've earned a §r§5Crystal Loot Bundle§r§d!
13:27:39 [allowed] §cThere are blocks in the way!
13:28:32 [EMPTY] §f §r§r§r§f §r§r§r§1 §r§r§r§0 §r§r§r§2 §r§r§r§f §r§r§r§f §r§r§r§2 §r§r§r§0 §r§r§r§4 §r§r§r§3 §r§r§r§9 §r§r§r§2 §r§r§r§0 §r§r§r§0 §r§r§r§3 §r§r§r§9 §r§r§r§2 §r§r§r§0 §r§r§r§0 §r§r§r§3 §r§r§r§9 §r§r§r§2 §r§r§r§0 §r§r§r§0 
13:28:32 [allowed] §b§m--------------§r§f  §r§aGuild: Message Of The Day  §r§b§m--------------
13:28:32 [allowed] §b| §r§f[22] [MVP+] Sebbebas Ⓑ: you should give me foraging 50 on my main
13:28:32 [allowed] §b| §r§f[22] [MVP+] Sebbebas Ⓑ: wink wink
13:28:32 [allowed] §b| §r§f[300] [ADMIN] LadyBleu: you almost had iit until you winked
13:28:32 [allowed] §b| §r§f[22] [MVP+] Sebbebas Ⓑ: :(
13:28:32 [allowed] §b| §r§f[300] [ADMIN] LadyBleu: biig mistaake
13:28:32 [allowed] §b§m-----------------------------------------------------
13:28:32 [allowed] §aYou have §b19 §aunclaimed leveling rewards!
13:28:32 [allowed] §eClick here to view them!
13:28:32 [allowed] §aYou have §67 §aunclaimed achievement rewards!
13:28:32 [allowed] §eClick here to view them!
13:28:32 [LOBBY] §b[MVP§f+§b] bzhz§f §6joined the lobby!
13:28:32 [LOBBY] §b[MVP§2+§b] T3RBAIK§f §6joined the lobby!
13:28:33 [LOBBY]   §r§f§l➤ §r§6You have reached your Hype limit! Add Hype to Prototype Lobby minigames by right-clicking with the Hype Diamond!
13:28:34 [allowed] §cYou are sending commands too fast! Please slow down.
13:28:34 [LOBBY] §b[MVP§6+§b] WarZiraX§f §6joined the lobby!
13:28:35 [allowed] §7portalpaul08§7§r§7: GG
13:28:37 [WARPING] §7Sending to server mini149R...
13:28:38 [EMPTY] §8 §r§8 §r§1 §r§3 §r§3 §r§7 §r§8 
13:28:40 [allowed] §cYou are sending commands too fast! Please slow down.
13:28:40 [EMPTY] 
13:28:40 [WELCOME] §eWelcome to §r§aHypixel SkyBlock§r§e!
13:28:40 [EMPTY] 
13:28:40 [allowed] §eLatest update: §bSkyBlock v0.20.2 §e§lCLICK
13:28:41 [PROFILE_JOIN] §aYou are playing on profile: §eApple§b (Co-op)
13:28:41 [PROFILE_JOIN] §8Profile ID: b1a71305-1956-42bf-90e4-bce6f7285754
13:28:42 [WARPING] §7Sending to server mini95DB...
13:28:43 [EMPTY] §8 §r§8 §r§1 §r§3 §r§3 §r§7 §r§8 
13:28:45 [allowed] §cYou are sending commands too fast! Please slow down.
13:28:46 [PROFILE_JOIN] §aYou are playing on profile: §eApple§b (Co-op)
13:28:46 [PROFILE_JOIN] §8Profile ID: b1a71305-1956-42bf-90e4-bce6f7285754
13:28:55 [allowed] §6[Bazaar] §eYour co-op §6Sell Offer §efor §a1§7x §5Corleonite §ewas filled!
13:29:12 [allowed] §8[§r§70§r§8] §r§7shao1397§7§r§7: hi I'm new can anyone give me some money
13:29:15 [allowed] §cThere are blocks in the way!
13:29:26 [allowed] §8Withdrawing coins...
13:29:26 [allowed] §aWithdrew §r§610M coins§r§a! There's now §r§6169M coins §r§aleft in the account!
13:29:29 [allowed] §cYou haven't unlocked this fast travel destination!
13:29:31 [WARPING] §7Finding player...
13:29:35 [allowed] §aYou have 427 hours and 46 minutes playtime!
13:29:36 [allowed] §9§m-----------------------------------------------------
13:29:36 [allowed] §cYou cannot invite that player since they're not online.
13:29:36 [allowed] §9§m-----------------------------------------------------
13:29:38 [WARPING] §7Finding player...
13:29:39 [WARPING] §7Sending a visit request...
13:29:39 [WARPING] §7Sending to server mini15DV...
13:29:40 [EMPTY] §8 §r§8 §r§1 §r§3 §r§3 §r§7 §r§8 
13:29:40 [allowed] §f§m-----------------------------------------------------
§r§cYou should NEVER enter your Microsoft account details anywhere but on official Microsoft services!

§r§cExternal links from untrusted sources should be avoided.
§r§f§m-----------------------------------------------------
13:29:41 [allowed] §cYou are sending commands too fast! Please slow down.
13:29:42 [PROFILE_JOIN] §aYou are playing on profile: §eApple§b (Co-op)
13:29:42 [PROFILE_JOIN] §8Profile ID: b1a71305-1956-42bf-90e4-bce6f7285754
13:29:46 [WARPING] §7Sending to server mini25DJ...
13:29:47 [EMPTY] §8 §r§8 §r§1 §r§3 §r§3 §r§7 §r§8 
13:29:49 [allowed] §cYou are sending commands too fast! Please slow down.
13:29:50 [PROFILE_JOIN] §aYou are playing on profile: §eApple§b (Co-op)
13:29:50 [PROFILE_JOIN] §8Profile ID: b1a71305-1956-42bf-90e4-bce6f7285754
13:30:43 [allowed] §6[Bazaar] §r§7Putting goods in escrow...
13:30:43 [allowed] §6[Bazaar] §r§7Submitting buy order...
13:30:43 [allowed] §6[Bazaar] §r§7§r§eBuy Order Setup! §r§a1,600§r§7x §r§aSludge Juice §r§7for §r§63,438,080 coins§r§7.
13:30:48 [allowed] §a§r§6Mining Speed Boost §r§ais now available!
13:31:23 [allowed] §6[Bazaar] §r§7Executing instant buy...
13:31:24 [allowed] §6[Bazaar] §r§7Bought §r§a20§r§7x §r§9☘ Fine Jade Gemstone §r§7for §r§61,791,334 coins§r§7!
13:31:33 [allowed] §8[§r§a132§r§8] §r§6[MVP§d++§6] _xSaitama_§f§r§f: plswarp
13:31:46 [allowed] §6[Bazaar] §r§7Executing instant buy...
13:31:46 [allowed] §6[Bazaar] §r§7Bought §r§a20§r§7x §r§9⸕ Fine Amber Gemstone §r§7for §r§6519,764 coins§r§7!
13:32:02 [allowed] §6[Bazaar] §r§7Executing instant buy...
13:32:02 [allowed] §6[Bazaar] §r§7Bought §r§a20§r§7x §r§9✎ Fine Sapphire Gemstone §r§7for §r§6527,242 coins§r§7!
13:32:25 [allowed] §6[Bazaar] §r§7Executing instant buy...
13:32:26 [allowed] §6[Bazaar] §r§7Bought §r§a20§r§7x §r§9❈ Fine Amethyst Gemstone §r§7for §r§6553,238 coins§r§7!
13:32:36 [allowed] §6[Bazaar] §r§7Cancelling order...
13:32:36 [allowed] §6[Bazaar] §r§7§r§cCancelled! §r§7Refunded §r§63,438,080 coins §r§7from cancelling Buy Order!
13:32:37 [allowed] §6[Bazaar] §r§7Claiming order...
13:32:38 [allowed] §6[Bazaar] §r§7Claiming order...
13:32:38 [allowed] §6[Bazaar] §r§7§r§7Claimed §r§6557,937 coins §r§7from selling §r§a1§r§7x §r§5Corleonite §r§7at §r§6564,999 §r§7each!
13:32:38 [allowed] §6[Bazaar] §r§7§r§7Claimed §r§6557,937 coins §r§7from selling §r§a1§r§7x §r§5Corleonite §r§7at §r§6564,999 §r§7each!
13:33:11 [allowed] §6[Bazaar] §r§c§r§cYou don't have enough inventory space to fit all of those items!
13:33:19 [allowed] §cYou must double tap the drop button to drop this item!
13:33:19 [allowed] §cYou can disable this in the §r§fSettings§r§c in your §r§aSkyBlock Menu§r§c!
13:33:22 [allowed] §cYou must double tap the drop button to drop this item!
13:33:22 [allowed] §cYou can disable this in the §r§fSettings§r§c in your §r§aSkyBlock Menu§r§c!
13:33:46 [allowed] §6[Bazaar] §r§7Executing instant buy...
13:33:46 [allowed] §6[Bazaar] §r§7Bought §r§a800§r§7x §r§aSludge Juice §r§7for §r§61,796,592 coins§r§7!
13:33:50 [allowed] §cRequires §r§5Heart of the Mountain Tier 5
13:33:50 [allowed] §cRequires §r§aGlacite Collection III
13:34:07 [allowed] §6[Bazaar] §r§7Executing instant buy...
13:34:07 [allowed] §6[Bazaar] §r§7Bought §r§a800§r§7x §r§aSludge Juice §r§7for §r§61,796,686 coins§r§7!
13:34:15 [allowed] §cYou haven't unlocked this slot yet!
13:34:16 [allowed] §cYou haven't unlocked this slot yet!
13:34:19 [allowed] §c ☠ §r§7§r§amandoia§r§7 was killed by Ghost§r§7§r§7.
13:34:22 [allowed] §8Depositing coins...
13:34:22 [allowed] §aDeposited §r§66.4M coins§r§a! There's now §r§6176M coins §r§ain the account!
13:34:27 [allowed] §cYou must first unlock Mining Madness before unlocking this!
13:34:27 [allowed] §cYou must first unlock Mining Madness before unlocking this!
13:34:27 [allowed] §cYou must first unlock Mining Madness before unlocking this!
13:34:30 [allowed] §6The sound of pickaxes clashing against the rock has attracted the attention of the §r§6§lPOWDER GHAST!
13:34:30 [allowed] §eFind the §r§6Powder Ghast§r§e near the §r§bCliffside Veins§r§e!
13:34:52 [allowed] §c ☠ §r§7§r§7itayraph§r§7 was killed by Ghost§r§7§r§7.
13:35:04 [allowed] §cYou don't have enough Mithril Powder!
13:35:06 [allowed] §cYou don't have enough Mithril Powder!
13:35:06 [allowed] §cYou don't have enough Mithril Powder!
13:35:07 [GUILD_EXP] §aYou earned §r§278 GEXP §r§afrom playing SkyBlock!
13:35:15 [WARPING] §7Warping you to your SkyBlock island...
13:35:16 [WARPING] §7Sending to server mini34DK...
13:35:17 [EMPTY] §8 §r§8 §r§1 §r§3 §r§3 §r§7 §r§8 
13:35:18 [allowed] §aWarped from the §r§cRed Teleport Pad§r§a to the §r§dStorage Teleport Pad§r§a!
13:35:18 [allowed] §cYou are sending commands too fast! Please slow down.
13:35:19 [PROFILE_JOIN] §aYou are playing on profile: §eApple§b (Co-op)
13:35:19 [PROFILE_JOIN] §8Profile ID: b1a71305-1956-42bf-90e4-bce6f7285754
