08:52:04 §a§lPotion Effect! §r§9Speed V§r
08:52:04 §a§lPotion Effect! §r§bMagic Find II§r
08:52:05 §a§lPotion Effect! §r§5Night Vision I§r
08:52:05 §a§lPotion Effect! §r§9Dodge II§r
08:52:05 §a§lPotion Effect! §r§9Water Breathing II§r
08:52:06 §a§lPotion Effect! §r§eHaste II§r
08:52:06 §a§lPotion Effect! §r§aResistance V§r
08:52:06 §a§lPotion Effect! §r§4Strength V§r
08:52:07 §a§lPotion Effect! §r§cFire Resistance I§r
08:52:07 §a§lPotion Effect! §r§6Absorption V§r
08:52:08 §a§lPotion Effect! §r§cAdrenaline V§r
08:52:08 §a§lPotion Effect! §r§4Critical II§r
08:52:08 §a§lPotion Effect! §r§9Mana V§r
08:52:09 §a§lPotion Effect! §r§bPet Luck II§r
08:52:09 §a§lPotion Effect! §r§bSpirit II§r
08:52:09 §a§lPotion Effect! §r§bArchery II§r
08:52:10 §a§lPotion Effect! §r§9Experience III§r
08:52:10 §a§lPotion Effect! §r§4Regeneration IV§r
08:52:10 §a§lPotion Effect! §r§aRabbit II§r
08:54:22 §e[SkyHanni] §cYour Organic Matter is low!§r
08:54:22 §e[SkyHanni] §aAdventurer §eis visiting your garden!§r
08:54:22 §e[SkyHanni] §aOdawa §eis visiting your garden!§r
08:54:22 §e[SkyHanni] §aEmissary Ceanna §eis visiting your garden!§r
08:54:22 §e[SkyHanni] §aJacob §eis visiting your garden!§r
08:54:22 §e[SkyHanni] §aWeaponsmith §eis visiting your garden!§r
08:59:02 §6§lBESTIARY §r§b§lEarthworm §7§8II §8➡§b §bIII§r
08:59:31 §e[SkyHanni] Loaded Carrot milestone data from tab list!§r
09:02:26 §e[SkyHanni] §cPoseidon II: §617.91% §b-> §622.29%§r
09:02:26 §e[SkyHanni] §aLucky Looter V: §619.07% §b-> §610.93%§r
09:02:26 §e[SkyHanni] §aAgricultural Revolution V: §615.19% §b-> §a0.73%§r
09:02:26 §e[SkyHanni] §aEssence Of Spiders IV: §c98.22% §b-> §c59.76%§r
09:02:26 §e[SkyHanni] §aOperation: Ore V: §65.96% §b-> §e4.20%§r
09:23:52 §e[SkyHanni] §cYour Organic Matter is low!§r
09:24:22 §e[SkyHanni] §aJamie §eis visiting your garden!§r
09:25:31 §e[SkyHanni] Started tracking your Jacob Contest Blocks Per Second!§r
09:28:46 §a§lPotion Effect! §r§eHaste III §aby §7JonathanLanunez§r
