22:49:07 §f                                  §6§lBESTIARY
22:49:07 §f                   §b§lInferno Magma Cube §7§8XII §8➡§b §bXIII
22:49:07 
22:49:07 §f                                  §r§6§lREWARDS
22:49:07 §f                 §r§8+§r§a4 Inferno Magma Cube §r§b✯ Magic Find
22:49:07 §f                  §r§8+§r§a4 Inferno Magma Cube §r§c❁ Strength
22:49:07 §f                     §r§8+§r§62% §r§aInferno Magma Cube §r§7coins
22:49:07 §f                    §r§8+§r§a50% §r§7chance for extra XP orbs
22:49:07 §f                               §r§8+§r§b1 SkyBlock XP
22:49:07 
22:49:07 §3§l▬▬▬▬▬▬▬▬▬▬▬▬▬▬▬▬▬▬▬▬▬▬▬▬▬▬▬▬▬▬▬▬▬▬▬▬▬▬▬▬▬▬▬▬▬▬▬▬▬▬▬▬▬▬▬▬▬▬▬▬▬▬▬▬
22:50:51 §f                                  §6§lBESTIARY
22:50:51 §f                      §b§lKuudra Knocker §7§8XII §8➡§b §bXIII
22:50:51 
22:50:51 §f                                  §r§6§lREWARDS
22:50:51 §f                    §r§8+§r§a4 Kuudra Knocker §r§b✯ Magic Find
22:50:51 §f                     §r§8+§r§a4 Kuudra Knocker §r§c❁ Strength
22:50:51 §f                        §r§8+§r§62% §r§aKuudra Knocker §r§7coins
22:50:51 §f                    §r§8+§r§a50% §r§7chance for extra XP orbs
22:50:51 §f                               §r§8+§r§b1 SkyBlock XP
22:50:51 
22:50:51 §3§l▬▬▬▬▬▬▬▬▬▬▬▬▬▬▬▬▬▬▬▬▬▬▬▬▬▬▬▬▬▬▬▬▬▬▬▬▬▬▬▬▬▬▬▬▬▬▬▬▬▬▬▬▬▬▬▬▬▬▬▬▬▬▬▬
22:51:50 §f                                  §6§lBESTIARY
22:51:50 §f                      §b§lWandering Blaze §7§8XII §8➡§b §bXIII
22:51:50 
22:51:50 §f                                  §r§6§lREWARDS
22:51:50 §f                    §r§8+§r§a4 Wandering Blaze §r§b✯ Magic Find
22:51:50 §f                     §r§8+§r§a4 Wandering Blaze §r§c❁ Strength
22:51:50 §f                        §r§8+§r§62% §r§aWandering Blaze §r§7coins
22:51:50 §f                    §r§8+§r§a50% §r§7chance for extra XP orbs
22:51:50 §f                               §r§8+§r§b1 SkyBlock XP
22:51:50 
22:51:50 §3§l▬▬▬▬▬▬▬▬▬▬▬▬▬▬▬▬▬▬▬▬▬▬▬▬▬▬▬▬▬▬▬▬▬▬▬▬▬▬▬▬▬▬▬▬▬▬▬▬▬▬▬▬▬▬▬▬▬▬▬▬▬▬▬▬
22:54:45 §f                                  §6§lBESTIARY
22:54:45 §f                                §b§lRagnarok §7§bI
22:54:45 
22:54:45 §f                                  §r§6§lREWARDS
22:54:45 §f                        §r§8+§r§a2 Ragnarok §r§b✯ Magic Find
22:54:45 §f                         §r§8+§r§a2 Ragnarok §r§c❁ Strength
22:54:45 §f                            §r§8+§r§62% §r§aRagnarok §r§7coins
22:54:45 §f                    §r§8+§r§a50% §r§7chance for extra XP orbs
22:54:45 §f                               §r§8+§r§b1 SkyBlock XP
22:54:45 
22:54:45 §3§l▬▬▬▬▬▬▬▬▬▬▬▬▬▬▬▬▬▬▬▬▬▬▬▬▬▬▬▬▬▬▬▬▬▬▬▬▬▬▬▬▬▬▬▬▬▬▬▬▬▬▬▬▬▬▬▬▬▬▬▬▬▬▬▬
23:00:21 §f                                  §6§lBESTIARY
23:00:21 §f                        §b§lExplosive Imp §7§8XII §8➡§b §bXIII
23:00:21 
23:00:21 §f                                  §r§6§lREWARDS
23:00:21 §f                      §r§8+§r§a4 Explosive Imp §r§b✯ Magic Find
23:00:21 §f                      §r§8+§r§a4 Explosive Imp §r§c❁ Strength
23:00:21 §f                          §r§8+§r§62% §r§aExplosive Imp §r§7coins
23:00:21 §f                    §r§8+§r§a50% §r§7chance for extra XP orbs
23:00:21 §f                               §r§8+§r§b1 SkyBlock XP
23:00:21 
23:00:21   §r§f                         §6§lBESTIARY MILESTONE
23:00:21   §r§f                                   §8CCI➡§eCCII
23:00:21 
23:00:21 §3§l▬▬▬▬▬▬▬▬▬▬▬▬▬▬▬▬▬▬▬▬▬▬▬▬▬▬▬▬▬▬▬▬▬▬▬▬▬▬▬▬▬▬▬▬▬▬▬▬▬▬▬▬▬▬▬▬▬▬▬▬▬▬▬▬
23:14:47 §f                                  §6§lBESTIARY
23:14:47 §f                          §b§lBlazing Golem §7§8IV §8➡§b §bV
23:14:47 
23:14:47 §f                                  §r§6§lREWARDS
23:14:47 §f                      §r§8+§r§a2 Blazing Golem §r§b✯ Magic Find
23:14:47 §f                      §r§8+§r§a2 Blazing Golem §r§c❁ Strength
23:14:47 §f                          §r§8+§r§62% §r§aBlazing Golem §r§7coins
23:14:47 §f                    §r§8+§r§a50% §r§7chance for extra XP orbs
23:14:47 §f                               §r§8+§r§b1 SkyBlock XP
23:14:47 
23:14:47 §3§l▬▬▬▬▬▬▬▬▬▬▬▬▬▬▬▬▬▬▬▬▬▬▬▬▬▬▬▬▬▬▬▬▬▬▬▬▬▬▬▬▬▬▬▬▬▬▬▬▬▬▬▬▬▬▬▬▬▬▬▬▬▬▬▬
23:26:55 §f                                  §6§lBESTIARY
23:26:55 §f                             §b§lBlight §7§8XII §8➡§b §bXIII
23:26:55 
23:26:55 §f                                  §r§6§lREWARDS
23:26:55 §f                           §r§8+§r§a4 Blight §r§b✯ Magic Find
23:26:55 §f                           §r§8+§r§a4 Blight §r§c❁ Strength
23:26:55 §f                               §r§8+§r§62% §r§aBlight §r§7coins
23:26:55 §f                    §r§8+§r§a50% §r§7chance for extra XP orbs
23:26:55 §f                               §r§8+§r§b1 SkyBlock XP
23:26:55 
23:26:55 §3§l▬▬▬▬▬▬▬▬▬▬▬▬▬▬▬▬▬▬▬▬▬▬▬▬▬▬▬▬▬▬▬▬▬▬▬▬▬▬▬▬▬▬▬▬▬▬▬▬▬▬▬▬▬▬▬▬▬▬▬▬▬▬▬▬
23:34:30 §f                                  §6§lBESTIARY
23:34:30 §f                      §b§lKuudra Slasher §7§8VII §8➡§b §bVIII
23:34:30 
23:34:30 §f                                  §r§6§lREWARDS
23:34:30 §f                    §r§8+§r§a3 Kuudra Slasher §r§b✯ Magic Find
23:34:30 §f                     §r§8+§r§a3 Kuudra Slasher §r§c❁ Strength
23:34:30 §f                        §r§8+§r§62% §r§aKuudra Slasher §r§7coins
23:34:30 §f                    §r§8+§r§a50% §r§7chance for extra XP orbs
23:34:30 §f                               §r§8+§r§b1 SkyBlock XP
23:34:30 
23:34:30 §3§l▬▬▬▬▬▬▬▬▬▬▬▬▬▬▬▬▬▬▬▬▬▬▬▬▬▬▬▬▬▬▬▬▬▬▬▬▬▬▬▬▬▬▬▬▬▬▬▬▬▬▬▬▬▬▬▬▬▬▬▬▬▬▬▬
23:34:37 §f                                  §6§lBESTIARY
23:34:37 §f                         §b§lWither Sentry §7§8III §8➡§b §bIV
23:34:37 
23:34:37 §f                                  §r§6§lREWARDS
23:34:37 §f                     §r§8+§r§a2 Wither Sentry §r§b✯ Magic Find
23:34:37 §f                      §r§8+§r§a2 Wither Sentry §r§c❁ Strength
23:34:37 §f                         §r§8+§r§62% §r§aWither Sentry §r§7coins
23:34:37 §f                    §r§8+§r§a50% §r§7chance for extra XP orbs
23:34:37 §f                               §r§8+§r§b1 SkyBlock XP
23:34:37 
23:34:37 §3§l▬▬▬▬▬▬▬▬▬▬▬▬▬▬▬▬▬▬▬▬▬▬▬▬▬▬▬▬▬▬▬▬▬▬▬▬▬▬▬▬▬▬▬▬▬▬▬▬▬▬▬▬▬▬▬▬▬▬▬▬▬▬▬▬
23:34:52 §f                                  §6§lBESTIARY
23:34:52 §f                          §b§lBlazing Golem §7§8V §8➡§b §bVI
23:34:52 
23:34:52 §f                                  §r§6§lREWARDS
23:34:52 §f                      §r§8+§r§a3 Blazing Golem §r§b✯ Magic Find
23:34:52 §f                      §r§8+§r§a3 Blazing Golem §r§c❁ Strength
23:34:52 §f                          §r§8+§r§62% §r§aBlazing Golem §r§7coins
23:34:52 §f                    §r§8+§r§a50% §r§7chance for extra XP orbs
23:34:52 §f                               §r§8+§r§b1 SkyBlock XP
23:34:52 
23:34:52 §3§l▬▬▬▬▬▬▬▬▬▬▬▬▬▬▬▬▬▬▬▬▬▬▬▬▬▬▬▬▬▬▬▬▬▬▬▬▬▬▬▬▬▬▬▬▬▬▬▬▬▬▬▬▬▬▬▬▬▬▬▬▬▬▬▬
