10:12:36 Trying to load config from config\skyhanni\config.json
10:12:36 load-config-now
10:12:37 Loaded config from file
10:12:37 Trying to load sacks from config\skyhanni\sacks.json
10:12:37 load-sacks-now
10:12:37 Loaded sacks from file
10:12:37 Trying to load friends from config\skyhanni\friends.json
10:12:37 load-friends-now
10:12:37 Loaded friends from file
10:12:37 Trying to load known_features from config\skyhanni\known_features.json
10:12:37 load-known_features-now
10:12:37 Loaded known_features from file
10:12:37 Trying to load jacob_contests from config\skyhanni\jacob_contests.json
10:12:37 load-jacob_contests-now
10:12:37 Loaded jacob_contests from file
10:12:37 Trying to load visual_words from config\skyhanni\visual_words.json
10:12:37 Setting visual_words to be blank as it did not exist. It will be saved once something is written to it
10:13:37 saveConfig: auto-save-60s
10:13:37 Saving config file
10:14:25 saveConfig: Updated known feature flags
10:14:25 Saving known_features file
10:14:37 saveConfig: auto-save-60s
10:14:37 Saving config file
10:15:37 saveConfig: auto-save-60s
10:15:37 Saving config file
10:16:37 saveConfig: auto-save-60s
10:16:37 Saving config file
10:17:37 saveConfig: auto-save-60s
10:17:37 Saving config file
10:18:37 saveConfig: auto-save-60s
10:18:37 Saving config file
10:19:37 saveConfig: auto-save-60s
10:19:37 Saving config file
10:20:37 saveConfig: auto-save-60s
10:20:37 Saving config file
10:21:37 saveConfig: auto-save-60s
10:21:37 Saving config file
10:22:37 saveConfig: auto-save-60s
10:22:37 Saving config file
10:23:37 saveConfig: auto-save-60s
10:23:37 Saving config file
10:24:37 saveConfig: auto-save-60s
10:24:37 Saving config file
10:25:37 saveConfig: auto-save-60s
10:25:37 Saving config file
10:26:37 saveConfig: auto-save-60s
10:26:37 Saving config file
10:27:37 saveConfig: auto-save-60s
10:27:37 Saving config file
10:28:37 saveConfig: auto-save-60s
10:28:37 Saving config file
10:29:37 saveConfig: auto-save-60s
10:29:37 Saving config file
10:30:37 saveConfig: auto-save-60s
10:30:37 Saving config file
10:31:37 saveConfig: auto-save-60s
10:31:37 Saving config file
10:32:37 saveConfig: auto-save-60s
10:32:37 Saving config file
10:33:37 saveConfig: auto-save-60s
10:33:37 Saving config file
10:34:37 saveConfig: auto-save-60s
10:34:37 Saving config file
10:35:37 saveConfig: auto-save-60s
10:35:37 Saving config file
10:36:37 saveConfig: auto-save-60s
10:36:37 Saving config file
10:37:37 saveConfig: auto-save-60s
10:37:37 Saving config file
10:38:37 saveConfig: auto-save-60s
10:38:37 Saving config file
10:39:37 saveConfig: auto-save-60s
10:39:37 Saving config file
10:40:37 saveConfig: auto-save-60s
10:40:37 Saving config file
10:41:37 saveConfig: auto-save-60s
10:41:37 Saving config file
10:42:37 saveConfig: auto-save-60s
10:42:37 Saving config file
10:43:37 saveConfig: auto-save-60s
10:43:37 Saving config file
10:44:37 saveConfig: auto-save-60s
10:44:37 Saving config file
10:45:37 saveConfig: auto-save-60s
10:45:37 Saving config file
10:46:37 saveConfig: auto-save-60s
10:46:37 Saving config file
10:47:37 saveConfig: auto-save-60s
10:47:37 Saving config file
10:48:37 saveConfig: auto-save-60s
10:48:37 Saving config file
10:49:37 saveConfig: auto-save-60s
10:49:37 Saving config file
10:50:37 saveConfig: auto-save-60s
10:50:37 Saving config file
10:51:37 saveConfig: auto-save-60s
10:51:37 Saving config file
10:52:37 saveConfig: auto-save-60s
10:52:37 Saving config file
10:53:37 saveConfig: auto-save-60s
10:53:37 Saving config file
10:54:37 saveConfig: auto-save-60s
10:54:37 Saving config file
10:54:58 saveConfig: saving-data
10:54:58 Saving sacks file
10:55:37 saveConfig: auto-save-60s
10:55:37 Saving config file
10:56:37 saveConfig: auto-save-60s
10:56:37 Saving config file
10:57:37 saveConfig: auto-save-60s
10:57:37 Saving config file
10:58:37 saveConfig: auto-save-60s
10:58:37 Saving config file
10:59:37 saveConfig: auto-save-60s
10:59:37 Saving config file
11:00:37 saveConfig: auto-save-60s
11:00:37 Saving config file
11:01:37 saveConfig: auto-save-60s
11:01:37 Saving config file
11:02:37 saveConfig: auto-save-60s
11:02:37 Saving config file
11:03:37 saveConfig: auto-save-60s
11:03:37 Saving config file
11:04:37 saveConfig: auto-save-60s
11:04:37 Saving config file
11:05:37 saveConfig: auto-save-60s
11:05:37 Saving config file
11:06:37 saveConfig: auto-save-60s
11:06:37 Saving config file
11:07:37 saveConfig: auto-save-60s
11:07:37 Saving config file
11:08:37 saveConfig: auto-save-60s
11:08:37 Saving config file
11:09:37 saveConfig: auto-save-60s
11:09:37 Saving config file
11:10:37 saveConfig: auto-save-60s
11:10:37 Saving config file
11:11:37 saveConfig: auto-save-60s
11:11:37 Saving config file
11:12:37 saveConfig: auto-save-60s
11:12:37 Saving config file
11:13:37 saveConfig: auto-save-60s
11:13:37 Saving config file
11:14:37 saveConfig: auto-save-60s
11:14:37 Saving config file
11:15:37 saveConfig: auto-save-60s
11:15:37 Saving config file
11:16:37 saveConfig: auto-save-60s
11:16:37 Saving config file
11:17:37 saveConfig: auto-save-60s
11:17:37 Saving config file
11:18:37 saveConfig: auto-save-60s
11:18:37 Saving config file
11:19:37 saveConfig: auto-save-60s
11:19:37 Saving config file
11:20:37 saveConfig: auto-save-60s
11:20:37 Saving config file
11:21:37 saveConfig: auto-save-60s
11:21:37 Saving config file
11:22:37 saveConfig: auto-save-60s
11:22:37 Saving config file
11:23:37 saveConfig: auto-save-60s
11:23:37 Saving config file
11:24:37 saveConfig: auto-save-60s
11:24:37 Saving config file
11:25:37 saveConfig: auto-save-60s
11:25:37 Saving config file
11:26:37 saveConfig: auto-save-60s
11:26:37 Saving config file
11:27:37 saveConfig: auto-save-60s
11:27:37 Saving config file
11:28:11 saveConfig: shutdown-hook
11:28:11 Saving config file
