17:12:32 [EMPTY] §f §r§r§r§f §r§r§r§1 §r§r§r§0 §r§r§r§2 §r§r§r§f §r§r§r§f §r§r§r§2 §r§r§r§0 §r§r§r§4 §r§r§r§3 §r§r§r§9 §r§r§r§2 §r§r§r§0 §r§r§r§0 §r§r§r§3 §r§r§r§9 §r§r§r§2 §r§r§r§0 §r§r§r§0 §r§r§r§3 §r§r§r§9 §r§r§r§2 §r§r§r§0 §r§r§r§0 
17:12:32 [LOBBY] §b[MVP§9+§b] Sebbebas§f §6joined the lobby!
17:12:34 [LOBBY] §b[MVP§d+§b] Loki9110§f §6joined the lobby!
17:12:34 [LOBBY] §b[MVP§9+§b] imonlypeter§f §6joined the lobby!
17:12:36 [LOBBY] §b[MVP§a+§b] _OnyxShadow_§f §6joined the lobby!
17:12:38 [WARPING] §7Sending to server mini186AT...
17:12:38 [EMPTY] §8 §r§8 §r§1 §r§3 §r§3 §r§7 §r§8 
17:12:41 [EMPTY] 
17:12:41 [WELCOME] §eWelcome to §r§aHypixel SkyBlock§r§e!
17:12:41 [EMPTY] 
17:12:41 [PROFILE_JOIN] §aYou are playing on profile: §eBanana§b (Co-op)
17:12:41 [PROFILE_JOIN] §8Profile ID: b1a71305-1956-42bf-90e4-bce6f7285754
17:13:04 [WARPING] §7Warping...
17:13:55 [WARPING] §7Warping...
17:15:18 [WARPING] §7Warping...
17:15:18 [WARPING] §7Sending to server mini40DG...
17:15:18 [EMPTY] §8 §r§8 §r§1 §r§3 §r§3 §r§7 §r§8 
17:15:21 [PROFILE_JOIN] §aYou are playing on profile: §eBanana§b (Co-op)
17:15:21 [PROFILE_JOIN] §8Profile ID: b1a71305-1956-42bf-90e4-bce6f7285754
17:18:54 [WARPING] §7Sending to server mini4BV...
17:18:55 [EMPTY] §8 §r§8 §r§1 §r§3 §r§3 §r§7 §r§8 
17:18:59 [PROFILE_JOIN] §aYou are playing on profile: §eBanana§b (Co-op)
17:18:59 [PROFILE_JOIN] §8Profile ID: b1a71305-1956-42bf-90e4-bce6f7285754
17:23:59 [GUILD_EXP] §aYou earned §r§2575 GEXP §r§a+ §r§e1,725 Event EXP §r§afrom playing SkyBlock!
17:29:04 [GUILD_EXP] §aYou earned §r§2750 GEXP §r§a+ §r§e2,250 Event EXP §r§afrom playing SkyBlock!
17:29:16 [EMPTY] 
17:29:16 [EMPTY] 
17:29:16 [EMPTY] 
17:29:16 [EMPTY] 
17:29:18 [EMPTY] 
17:29:18 [EMPTY] 
17:29:28 [EMPTY] 
17:29:28 [EMPTY] 
17:29:35 [WARPING] §7Sending to server mini28BQ...
17:29:36 [EMPTY] §8 §r§8 §r§1 §r§3 §r§3 §r§7 §r§8 
17:29:39 [PROFILE_JOIN] §aYou are playing on profile: §eBanana§b (Co-op)
17:29:39 [PROFILE_JOIN] §8Profile ID: b1a71305-1956-42bf-90e4-bce6f7285754
17:30:11 [WARPING] §7Sending to server mini1BN...
17:30:12 [EMPTY] §8 §r§8 §r§1 §r§3 §r§3 §r§7 §r§8 
17:30:15 [PROFILE_JOIN] §aYou are playing on profile: §eBanana§b (Co-op)
17:30:15 [PROFILE_JOIN] §8Profile ID: b1a71305-1956-42bf-90e4-bce6f7285754
17:35:01 [SKYMALL] §bNew day! §r§eYour §r§2Sky Mall §r§ebuff changed!
17:35:01 [SKYMALL] §eNew buff§r§r§r: §r§fGain §r§a+15% §r§fmore Powder while mining.
17:35:01 [SKYMALL] §8§oYou can disable this messaging by toggling Sky Mall in your /hotm!
17:35:14 [GUILD_EXP] §aYou earned §r§2540 GEXP §r§a+ §r§e1,620 Event EXP §r§afrom playing SkyBlock!
17:39:47 [EMPTY] 
17:39:47 [EMPTY] 
17:39:48 [EMPTY] 
17:39:48 [EMPTY] 
17:39:48 [EMPTY] 
17:39:49 [EMPTY] 
17:39:49 [EMPTY] 
17:40:01 [EMPTY] 
17:40:01 [EMPTY] 
17:40:05 [WARPING] §7Sending to server mini6AU...
17:40:06 [EMPTY] §8 §r§8 §r§1 §r§3 §r§3 §r§7 §r§8 
17:40:09 [PROFILE_JOIN] §aYou are playing on profile: §eBanana§b (Co-op)
17:40:09 [PROFILE_JOIN] §8Profile ID: b1a71305-1956-42bf-90e4-bce6f7285754
17:42:56 [WARPING] §7Sending to server mini25A...
17:42:58 [EMPTY] §8 §r§8 §r§1 §r§3 §r§3 §r§7 §r§8 
17:43:01 [PROFILE_JOIN] §aYou are playing on profile: §eBanana§b (Co-op)
17:43:01 [PROFILE_JOIN] §8Profile ID: b1a71305-1956-42bf-90e4-bce6f7285754
17:48:04 [GUILD_EXP] §aYou earned §r§2560 GEXP §r§a+ §r§e1,680 Event EXP §r§afrom playing SkyBlock!
17:50:30 [EMPTY] 
17:50:31 [EMPTY] 
17:50:31 [EMPTY] 
17:50:31 [EMPTY] 
17:50:32 [EMPTY] 
17:50:32 [EMPTY] 
17:50:47 [EMPTY] 
17:50:47 [EMPTY] 
17:50:50 [WARPING] §7Sending to server mini207A...
17:50:50 [EMPTY] §8 §r§8 §r§1 §r§3 §r§3 §r§7 §r§8 
17:50:54 [PROFILE_JOIN] §aYou are playing on profile: §eBanana§b (Co-op)
17:50:54 [PROFILE_JOIN] §8Profile ID: b1a71305-1956-42bf-90e4-bce6f7285754
17:51:53 [WARPING] §7Sending to server mini5G...
17:51:54 [EMPTY] §8 §r§8 §r§1 §r§3 §r§3 §r§7 §r§8 
17:51:59 [PROFILE_JOIN] §aYou are playing on profile: §eBanana§b (Co-op)
17:51:59 [PROFILE_JOIN] §8Profile ID: b1a71305-1956-42bf-90e4-bce6f7285754
17:55:01 [SKYMALL] §bNew day! §r§eYour §r§2Sky Mall §r§ebuff changed!
17:55:01 [SKYMALL] §eNew buff§r§r§r: §r§fGain §r§a+100 §r§6⸕ Mining Speed§r§f.
17:55:01 [SKYMALL] §8§oYou can disable this messaging by toggling Sky Mall in your /hotm!
17:57:02 [GUILD_EXP] §aYou earned §r§2580 GEXP §r§a+ §r§e1,740 Event EXP §r§afrom playing SkyBlock!
18:00:30 [EMPTY] §f
18:00:30 [WATCHDOG] §4[WATCHDOG ANNOUNCEMENT]
18:00:30 [WATCHDOG] §fWatchdog has banned §r§c§l17,558§r§f players in the last 7 days.
18:00:30 [WATCHDOG] §fStaff have banned an additional §r§c§l15,403§r§f in the last 7 days.
18:00:30 [WATCHDOG] §cBlacklisted modifications are a bannable offense!
18:00:30 [WATCHDOG] §c
18:00:56 [EMPTY] 
18:00:56 [EMPTY] 
18:00:56 [EMPTY] 
18:00:56 [EMPTY] 
18:00:56 [EMPTY] 
18:00:58 [EMPTY] 
18:00:58 [EMPTY] 
18:01:12 [EMPTY] 
18:01:12 [EMPTY] 
18:01:16 [WARPING] §7Sending to server mini63M...
18:01:17 [EMPTY] §8 §r§8 §r§1 §r§3 §r§3 §r§7 §r§8 
18:01:20 [PROFILE_JOIN] §aYou are playing on profile: §eBanana§b (Co-op)
18:01:20 [PROFILE_JOIN] §8Profile ID: b1a71305-1956-42bf-90e4-bce6f7285754
18:01:40 [WARPING] §7Sending to server mini1007K...
18:01:40 [EMPTY] §8 §r§8 §r§1 §r§3 §r§3 §r§7 §r§8 
18:01:44 [PROFILE_JOIN] §aYou are playing on profile: §eBanana§b (Co-op)
18:01:44 [PROFILE_JOIN] §8Profile ID: b1a71305-1956-42bf-90e4-bce6f7285754
18:06:53 [GUILD_EXP] §aYou earned §r§2580 GEXP §r§a+ §r§e1,740 Event EXP §r§afrom playing SkyBlock!
18:10:06 [EMPTY] 
18:10:06 [EMPTY] 
18:10:06 [EMPTY] 
18:10:06 [EMPTY] 
18:10:08 [EMPTY] 
18:10:08 [EMPTY] 
18:10:27 [EMPTY] 
18:10:27 [EMPTY] 
18:10:29 [WARPING] §7Sending to server mini184CP...
18:10:30 [EMPTY] §8 §r§8 §r§1 §r§3 §r§3 §r§7 §r§8 
18:10:34 [PROFILE_JOIN] §aYou are playing on profile: §eBanana§b (Co-op)
18:10:34 [PROFILE_JOIN] §8Profile ID: b1a71305-1956-42bf-90e4-bce6f7285754
18:10:57 [WARPING] §7Sending to server mini68E...
18:10:58 [EMPTY] §8 §r§8 §r§1 §r§3 §r§3 §r§7 §r§8 
18:11:02 [PROFILE_JOIN] §aYou are playing on profile: §eBanana§b (Co-op)
18:11:02 [PROFILE_JOIN] §8Profile ID: b1a71305-1956-42bf-90e4-bce6f7285754
18:11:12 [WARPING] §7Warping...
18:11:12 [WARPING] §7Sending to server mini20DB...
18:11:13 [EMPTY] §8 §r§8 §r§1 §r§3 §r§3 §r§7 §r§8 
18:11:16 [PROFILE_JOIN] §aYou are playing on profile: §eBanana§b (Co-op)
18:11:16 [PROFILE_JOIN] §8Profile ID: b1a71305-1956-42bf-90e4-bce6f7285754
18:12:28 [GUILD_EXP] §aYou earned §r§235 GEXP §r§a+ §r§e105 Event EXP §r§afrom playing SkyBlock!
18:13:26 [WARPING] §7Finding player...
18:13:27 [WARPING] §7Sending a visit request...
18:13:27 [WARPING] §7Sending to server mini13CN...
18:13:27 [EMPTY] §8 §r§8 §r§1 §r§3 §r§3 §r§7 §r§8 
18:13:30 [PROFILE_JOIN] §aYou are playing on profile: §eBanana§b (Co-op)
18:13:30 [PROFILE_JOIN] §8Profile ID: b1a71305-1956-42bf-90e4-bce6f7285754
18:14:13 [WARPING] §7Warping...
18:14:13 [WARPING] §7Sending to server mini181BM...
18:14:13 [EMPTY] §8 §r§8 §r§1 §r§3 §r§3 §r§7 §r§8 
18:14:16 [PROFILE_JOIN] §aYou are playing on profile: §eBanana§b (Co-op)
18:14:16 [PROFILE_JOIN] §8Profile ID: b1a71305-1956-42bf-90e4-bce6f7285754
18:15:01 [SKYMALL] §bNew day! §r§eYour §r§2Sky Mall §r§ebuff changed!
18:15:01 [SKYMALL] §eNew buff§r§r§r: §r§fGain §r§a+100 §r§6⸕ Mining Speed§r§f.
18:15:01 [SKYMALL] §8§oYou can disable this messaging by toggling Sky Mall in your /hotm!
18:15:46 [WARPING] §7Warping...
18:15:46 [WARPING] §7Sending to server mini196AE...
18:15:47 [EMPTY] §8 §r§8 §r§1 §r§3 §r§3 §r§7 §r§8 
18:15:49 [WARPING] §7Warping...
18:15:49 [PROFILE_JOIN] §aYou are playing on profile: §eBanana§b (Co-op)
18:15:49 [PROFILE_JOIN] §8Profile ID: b1a71305-1956-42bf-90e4-bce6f7285754
18:15:51 [WARPING] §7Warping...
18:15:51 [WARPING] §7Sending to server mini74Q...
18:15:51 [EMPTY] §8 §r§8 §r§1 §r§3 §r§3 §r§7 §r§8 
18:15:54 [PROFILE_JOIN] §aYou are playing on profile: §eBanana§b (Co-op)
18:15:54 [PROFILE_JOIN] §8Profile ID: b1a71305-1956-42bf-90e4-bce6f7285754
18:18:23 [WARPING] §7Warping...
18:18:23 [WARPING] §7Sending to server mini30J...
18:18:24 [EMPTY] §8 §r§8 §r§1 §r§3 §r§3 §r§7 §r§8 
18:18:27 [PROFILE_JOIN] §aYou are playing on profile: §eBanana§b (Co-op)
18:18:27 [PROFILE_JOIN] §8Profile ID: b1a71305-1956-42bf-90e4-bce6f7285754
18:21:21 [WARPING] §7Sending to server mini78CQ...
18:21:23 [EMPTY] §8 §r§8 §r§1 §r§3 §r§3 §r§7 §r§8 
18:21:29 [PROFILE_JOIN] §aYou are playing on profile: §eBanana§b (Co-op)
18:21:29 [PROFILE_JOIN] §8Profile ID: b1a71305-1956-42bf-90e4-bce6f7285754
18:26:28 [GUILD_EXP] §aYou earned §r§2583 GEXP §r§a+ §r§e1,749 Event EXP §r§afrom playing SkyBlock!
18:29:52 [EMPTY] 
18:29:52 [EMPTY] 
18:29:52 [EMPTY] 
18:29:52 [EMPTY] 
18:29:54 [EMPTY] 
18:29:54 [EMPTY] 
18:30:11 [EMPTY] 
18:30:11 [EMPTY] 
18:30:17 [WARPING] §7Sending to server mini27BK...
18:30:17 [EMPTY] §8 §r§8 §r§1 §r§3 §r§3 §r§7 §r§8 
18:30:20 [PROFILE_JOIN] §aYou are playing on profile: §eBanana§b (Co-op)
18:30:20 [PROFILE_JOIN] §8Profile ID: b1a71305-1956-42bf-90e4-bce6f7285754
18:32:00 [GUILD_EXP] §aYou earned §r§293 GEXP §r§a+ §r§e279 Event EXP §r§afrom playing SkyBlock!
18:32:31 [WARPING] §7Sending to server mini142CS...
18:32:32 [EMPTY] §8 §r§8 §r§1 §r§3 §r§3 §r§7 §r§8 
18:32:35 [PROFILE_JOIN] §aYou are playing on profile: §eBanana§b (Co-op)
18:32:35 [PROFILE_JOIN] §8Profile ID: b1a71305-1956-42bf-90e4-bce6f7285754
18:35:01 [SKYMALL] §bNew day! §r§eYour §r§2Sky Mall §r§ebuff changed!
18:35:01 [SKYMALL] §eNew buff§r§r§r: §r§fGain §r§a+100 §r§6⸕ Mining Speed§r§f.
18:35:01 [SKYMALL] §8§oYou can disable this messaging by toggling Sky Mall in your /hotm!
18:37:35 [GUILD_EXP] §aYou earned §r§2578 GEXP §r§a+ §r§e1,734 Event EXP §r§afrom playing SkyBlock!
18:41:50 [EMPTY] 
18:41:50 [EMPTY] 
18:41:50 [EMPTY] 
18:41:50 [EMPTY] 
18:41:52 [EMPTY] 
18:41:52 [EMPTY] 
18:42:44 [GUILD_EXP] §aYou earned §r§2656 GEXP §r§a+ §r§e1,968 Event EXP §r§afrom playing SkyBlock!
18:44:52 [WARPING] §7Sending to server mini7BM...
18:44:53 [EMPTY] §8 §r§8 §r§1 §r§3 §r§3 §r§7 §r§8 
18:44:56 [PROFILE_JOIN] §aYou are playing on profile: §eBanana§b (Co-op)
18:44:56 [PROFILE_JOIN] §8Profile ID: b1a71305-1956-42bf-90e4-bce6f7285754
18:52:13 [EMPTY] 
18:52:13 [EMPTY] 
18:55:02 [SKYMALL] §bNew day! §r§eYour §r§2Sky Mall §r§ebuff changed!
18:55:02 [SKYMALL] §eNew buff§r§r§r: §r§fGain §r§a+50 §r§6☘ Mining Fortune§r§f.
18:55:02 [SKYMALL] §8§oYou can disable this messaging by toggling Sky Mall in your /hotm!
18:56:41 [GUILD_EXP] §aYou earned §r§2510 GEXP §r§a+ §r§e1,530 Event EXP §r§afrom playing SkyBlock!
19:01:46 [GUILD_EXP] §aYou earned §r§2750 GEXP §r§a+ §r§e2,250 Event EXP §r§afrom playing SkyBlock!
19:06:49 [GUILD_EXP] §aYou earned §r§2536 GEXP §r§a+ §r§e1,608 Event EXP §r§afrom playing SkyBlock!
19:08:26 [WARPING] §7Sending to server mini152BV...
19:08:27 [EMPTY] §8 §r§8 §r§1 §r§3 §r§3 §r§7 §r§8 
19:08:30 [PROFILE_JOIN] §aYou are playing on profile: §eBanana§b (Co-op)
19:08:30 [PROFILE_JOIN] §8Profile ID: b1a71305-1956-42bf-90e4-bce6f7285754
19:13:28 [GUILD_EXP] §aYou earned §r§2580 GEXP §r§a+ §r§e1,740 Event EXP §r§afrom playing SkyBlock!
19:15:01 [SKYMALL] §bNew day! §r§eYour §r§2Sky Mall §r§ebuff changed!
19:15:01 [SKYMALL] §eNew buff§r§r§r: §r§fReduce Pickaxe Ability cooldown by §r§a20%§r§f.
19:15:01 [SKYMALL] §8§oYou can disable this messaging by toggling Sky Mall in your /hotm!
19:17:02 [EMPTY] 
19:17:03 [EMPTY] 
19:17:03 [EMPTY] 
19:17:03 [EMPTY] 
19:17:04 [EMPTY] 
19:17:04 [EMPTY] 
19:17:22 [EMPTY] 
19:17:22 [EMPTY] 
19:17:26 [WARPING] §7Sending to server mini78BP...
19:17:26 [EMPTY] §8 §r§8 §r§1 §r§3 §r§3 §r§7 §r§8 
19:17:29 [PROFILE_JOIN] §aYou are playing on profile: §eBanana§b (Co-op)
19:17:29 [PROFILE_JOIN] §8Profile ID: b1a71305-1956-42bf-90e4-bce6f7285754
19:17:50 [WARPING] §7Sending to server mini24DW...
19:17:51 [EMPTY] §8 §r§8 §r§1 §r§3 §r§3 §r§7 §r§8 
19:17:54 [PROFILE_JOIN] §aYou are playing on profile: §eBanana§b (Co-op)
19:17:54 [PROFILE_JOIN] §8Profile ID: b1a71305-1956-42bf-90e4-bce6f7285754
19:18:38 [EMPTY] 
19:18:38 [EMPTY] 
19:18:38 [EMPTY] 
19:18:48 [EMPTY] 
19:18:48 [EMPTY] 
19:18:48 [EMPTY] 
19:19:43 [EMPTY] 
19:19:43 [EMPTY] 
19:19:43 [EMPTY] 
19:22:54 [GUILD_EXP] §aYou earned §r§2568 GEXP §r§a+ §r§e1,704 Event EXP §r§afrom playing SkyBlock!
19:27:12 [EMPTY] 
19:27:13 [EMPTY] 
19:27:13 [EMPTY] 
19:27:13 [EMPTY] 
19:27:14 [EMPTY] 
19:27:14 [EMPTY] 
19:27:33 [EMPTY] 
19:27:33 [EMPTY] 
19:27:37 [WARPING] §7Sending to server mini149BM...
19:27:38 [EMPTY] §8 §r§8 §r§1 §r§3 §r§3 §r§7 §r§8 
19:27:41 [PROFILE_JOIN] §aYou are playing on profile: §eBanana§b (Co-op)
19:27:41 [PROFILE_JOIN] §8Profile ID: b1a71305-1956-42bf-90e4-bce6f7285754
19:31:09 [WARPING] §7Sending to server mini193BF...
19:31:11 [EMPTY] §8 §r§8 §r§1 §r§3 §r§3 §r§7 §r§8 
19:31:13 [PROFILE_JOIN] §aYou are playing on profile: §eBanana§b (Co-op)
19:31:13 [PROFILE_JOIN] §8Profile ID: b1a71305-1956-42bf-90e4-bce6f7285754
19:33:02 [EMPTY] 
19:33:02 [EMPTY] 
19:33:02 [EMPTY] 
19:34:00 [EMPTY] 
19:34:00 [EMPTY] 
19:34:00 [EMPTY] 
19:34:09 [EMPTY] 
19:34:09 [EMPTY] 
19:34:09 [EMPTY] 
19:35:00 [SKYMALL] §bNew day! §r§eYour §r§2Sky Mall §r§ebuff changed!
19:35:00 [SKYMALL] §eNew buff§r§r§r: §r§fGain §r§a+15% §r§fmore Powder while mining.
19:35:00 [SKYMALL] §8§oYou can disable this messaging by toggling Sky Mall in your /hotm!
19:36:12 [GUILD_EXP] §aYou earned §r§2580 GEXP §r§a+ §r§e1,740 Event EXP §r§afrom playing SkyBlock!
19:40:27 [EMPTY] 
19:40:27 [EMPTY] 
19:40:27 [EMPTY] 
19:40:27 [EMPTY] 
19:40:29 [EMPTY] 
19:40:29 [EMPTY] 
19:40:36 [EMPTY] 
19:40:36 [EMPTY] 
19:40:47 [WARPING] §7Sending to server mini68P...
19:40:48 [EMPTY] §8 §r§8 §r§1 §r§3 §r§3 §r§7 §r§8 
19:40:51 [PROFILE_JOIN] §aYou are playing on profile: §eBanana§b (Co-op)
19:40:51 [PROFILE_JOIN] §8Profile ID: b1a71305-1956-42bf-90e4-bce6f7285754
19:41:11 [WARPING] §7Sending to server mini87CJ...
19:41:19 [EMPTY] §f §r§r§r§f §r§r§r§1 §r§r§r§0 §r§r§r§2 §r§r§r§f §r§r§r§f §r§r§r§2 §r§r§r§0 §r§r§r§4 §r§r§r§3 §r§r§r§9 §r§r§r§2 §r§r§r§0 §r§r§r§0 §r§r§r§3 §r§r§r§9 §r§r§r§2 §r§r§r§0 §r§r§r§0 §r§r§r§3 §r§r§r§9 §r§r§r§2 §r§r§r§0 §r§r§r§0 
19:41:19 [LOBBY] §b[MVP§9+§b] Sebbebas§f §6joined the lobby!
19:41:19 [LOBBY] §b[MVP§9+§b] wsgmohammad§f §6joined the lobby!
19:41:19 [LOBBY] §b[MVP§3+§b] x6_jade§f §6joined the lobby!
19:41:19 [LOBBY] §b[MVP§3+§b] Soyluca32§f §6joined the lobby!
19:41:19 [LOBBY] §b[MVP§8+§b] Biblio§f §6joined the lobby!
19:41:20 [LOBBY] §b[MVP§d+§b] hersaint§f §6joined the lobby!
19:41:21 [LOBBY] §b[MVP§6+§b] Itslauge§f §6joined the lobby!
19:41:21 [WARPING] §7Sending to server mini68P...
19:41:21 [LOBBY] §b[MVP§c+§b] MejuXs§f §6joined the lobby!
19:41:22 [LOBBY]   §r§f§l➤ §r§6You have reached your Hype limit! Add Hype to Prototype Lobby minigames by right-clicking with the Hype Diamond!
19:41:23 [LOBBY] §b[MVP§a+§b] tzfu§f §6joined the lobby!
19:41:24 [LOBBY] §b[MVP§f+§b] FrostF7§f §6joined the lobby!
19:41:24 [LOBBY] §b[MVP§c+§b] YukonGamer§f §6joined the lobby!
19:41:25 [LOBBY] §b[MVP§d+§b] HanTy_§f §6joined the lobby!
19:41:28 [LOBBY] §b[MVP§d+§b] Cooki_ez§f §6joined the lobby!
19:41:28 [LOBBY] §b[MVP§c+§b] Jacksoncat1§f §6joined the lobby!
19:41:30 [LOBBY] §b[MVP§9+§b] Paul_§f §6joined the lobby!
19:41:31 [WARPING] §7Sending to server mini68P...
19:41:39 [WARPING] §7Sending to server mini68P...
19:41:45 [LOBBY] §b[MVP§d+§b] O2Bandit§f §6joined the lobby!
19:41:48 [LOBBY] §b[MVP§4+§b] INFERNALDYE§f §6joined the lobby!
19:41:52 [WARPING] §7Sending to server mini68P...
19:41:59 [WARPING] §7Sending to server mini35CT...
19:42:07 [WARPING] §7Sending to server mini35CT...
19:42:13 [LOBBY] §b[MVP§c+§b] Clemi21614§f §6joined the lobby!
19:42:14 [WARPING] §7Sending to server mini35CT...
19:42:24 [WARPING] §7Sending to server mini35CT...
19:42:24 [EMPTY] §8 §r§8 §r§1 §r§3 §r§3 §r§7 §r§8 
19:42:26 [EMPTY] 
19:42:26 [WELCOME] §eWelcome to §r§aHypixel SkyBlock§r§e!
19:42:26 [EMPTY] 
19:42:27 [PROFILE_JOIN] §aYou are playing on profile: §eBanana§b (Co-op)
19:42:27 [PROFILE_JOIN] §8Profile ID: b1a71305-1956-42bf-90e4-bce6f7285754
19:43:15 [WARPING] §7Sending to server mini93BQ...
19:43:16 [EMPTY] §8 §r§8 §r§1 §r§3 §r§3 §r§7 §r§8 
19:43:20 [PROFILE_JOIN] §aYou are playing on profile: §eBanana§b (Co-op)
19:43:20 [PROFILE_JOIN] §8Profile ID: b1a71305-1956-42bf-90e4-bce6f7285754
19:48:20 [GUILD_EXP] §aYou earned §r§2580 GEXP §r§a+ §r§e1,740 Event EXP §r§afrom playing SkyBlock!
19:53:02 [EMPTY] 
19:53:02 [EMPTY] 
19:53:02 [EMPTY] 
19:53:02 [EMPTY] 
19:53:04 [EMPTY] 
19:53:04 [EMPTY] 
19:53:17 [EMPTY] 
19:53:17 [EMPTY] 
19:53:25 [GUILD_EXP] §aYou earned §r§2750 GEXP §r§a+ §r§e2,250 Event EXP §r§afrom playing SkyBlock!
19:53:29 [WARPING] §7Sending to server mini251V...
19:53:30 [EMPTY] §8 §r§8 §r§1 §r§3 §r§3 §r§7 §r§8 
19:53:33 [PROFILE_JOIN] §aYou are playing on profile: §eBanana§b (Co-op)
19:53:33 [PROFILE_JOIN] §8Profile ID: b1a71305-1956-42bf-90e4-bce6f7285754
19:55:02 [SKYMALL] §bNew day! §r§eYour §r§2Sky Mall §r§ebuff changed!
19:55:02 [SKYMALL] §eNew buff§r§r§r: §r§fGain §r§a+50 §r§6☘ Mining Fortune§r§f.
19:55:02 [SKYMALL] §8§oYou can disable this messaging by toggling Sky Mall in your /hotm!
19:55:49 [WARPING] §7Sending to server mini30CK...
19:55:50 [EMPTY] §8 §r§8 §r§1 §r§3 §r§3 §r§7 §r§8 
19:55:54 [PROFILE_JOIN] §aYou are playing on profile: §eBanana§b (Co-op)
19:55:54 [PROFILE_JOIN] §8Profile ID: b1a71305-1956-42bf-90e4-bce6f7285754
19:56:23 [EMPTY] 
19:56:23 [EMPTY] 
19:56:23 [EMPTY] 
19:56:36 [EMPTY] 
19:56:36 [EMPTY] 
19:56:36 [EMPTY] 
19:56:50 [EMPTY] 
19:56:50 [EMPTY] 
19:56:50 [EMPTY] 
20:00:30 [EMPTY] §f
20:00:30 [WATCHDOG] §4[WATCHDOG ANNOUNCEMENT]
20:00:30 [WATCHDOG] §fWatchdog has banned §r§c§l17,562§r§f players in the last 7 days.
20:00:30 [WATCHDOG] §fStaff have banned an additional §r§c§l15,454§r§f in the last 7 days.
20:00:30 [WATCHDOG] §cBlacklisted modifications are a bannable offense!
20:00:30 [WATCHDOG] §c
20:00:53 [GUILD_EXP] §aYou earned §r§2593 GEXP §r§a+ §r§e1,779 Event EXP §r§afrom playing SkyBlock!
20:04:26 [EMPTY] 
20:04:28 [EMPTY] 
20:04:28 [EMPTY] 
20:04:28 [EMPTY] 
20:04:29 [EMPTY] 
20:04:29 [EMPTY] 
20:04:39 [EMPTY] 
20:04:39 [EMPTY] 
20:05:08 [WARPING] §7Sending to server mini30S...
20:05:09 [EMPTY] §8 §r§8 §r§1 §r§3 §r§3 §r§7 §r§8 
20:05:12 [PROFILE_JOIN] §aYou are playing on profile: §eBanana§b (Co-op)
20:05:12 [PROFILE_JOIN] §8Profile ID: b1a71305-1956-42bf-90e4-bce6f7285754
20:07:01 [WARPING] §7Warping using transfer token...
20:07:15 [WARPING] §7Sending to server mini266D...
20:07:16 [EMPTY] §8 §r§8 §r§1 §r§3 §r§3 §r§7 §r§8 
20:07:21 [PROFILE_JOIN] §aYou are playing on profile: §eBanana§b (Co-op)
20:07:21 [PROFILE_JOIN] §8Profile ID: b1a71305-1956-42bf-90e4-bce6f7285754
20:07:34 [COMPACT_POTION_EFFECT] §a§lBUFF! §fYou have gained §r§4Regeneration IV§r§f! Press TAB or type /effects to view your active effects!
20:07:34 [COMPACT_POTION_EFFECT] §a§lBUFF! §fYou have gained §r§4Strength V§r§f! Press TAB or type /effects to view your active effects!
20:07:34 [COMPACT_POTION_EFFECT] §a§lBUFF! §fYou have gained §r§4Critical III§r§f! Press TAB or type /effects to view your active effects!
20:07:34 [COMPACT_POTION_EFFECT] §a§lBUFF! §fYou have gained §r§9Speed IV§r§f! Press TAB or type /effects to view your active effects!
20:07:34 [COMPACT_POTION_EFFECT] §a§lBUFF! §fYou have gained §r§aResistance V§r§f! Press TAB or type /effects to view your active effects!
20:07:34 [COMPACT_POTION_EFFECT] §a§lBUFF! §fYou have gained §r§bArchery III§r§f! Press TAB or type /effects to view your active effects!
20:12:24 [GUILD_EXP] §aYou earned §r§2583 GEXP §r§a+ §r§e1,749 Event EXP §r§afrom playing SkyBlock!
20:15:01 [SKYMALL] §bNew day! §r§eYour §r§2Sky Mall §r§ebuff changed!
20:15:01 [SKYMALL] §eNew buff§r§r§r: §r§fGain §r§a+100 §r§6⸕ Mining Speed§r§f.
20:15:01 [SKYMALL] §8§oYou can disable this messaging by toggling Sky Mall in your /hotm!
20:16:03 [EMPTY] §f
20:17:28 [GUILD_EXP] §aYou earned §r§2738 GEXP §r§a+ §r§e2,214 Event EXP §r§afrom playing SkyBlock!
20:18:12 [EMPTY] 
20:18:12 [EMPTY] 
20:18:12 [EMPTY] 
20:18:12 [EMPTY] 
20:18:14 [EMPTY] 
20:18:14 [EMPTY] 
20:18:35 [EMPTY] 
20:18:35 [EMPTY] 
20:18:38 [WARPING] §7Sending to server mini2CP...
20:18:39 [EMPTY] §8 §r§8 §r§1 §r§3 §r§3 §r§7 §r§8 
20:18:42 [PROFILE_JOIN] §aYou are playing on profile: §eBanana§b (Co-op)
20:18:42 [PROFILE_JOIN] §8Profile ID: b1a71305-1956-42bf-90e4-bce6f7285754
20:19:46 [WARPING] §7Warping you to your SkyBlock island...
20:19:46 [WARPING] §7Sending to server mini150AS...
20:19:47 [EMPTY] §8 §r§8 §r§1 §r§3 §r§3 §r§7 §r§8 
20:19:49 [PROFILE_JOIN] §aYou are playing on profile: §eBanana§b (Co-op)
20:19:49 [PROFILE_JOIN] §8Profile ID: b1a71305-1956-42bf-90e4-bce6f7285754
20:21:02 [WARPING] §7Warping...
20:21:02 [WARPING] §7Sending to server mini183DK...
20:21:03 [EMPTY] §8 §r§8 §r§1 §r§3 §r§3 §r§7 §r§8 
20:21:06 [PROFILE_JOIN] §aYou are playing on profile: §eBanana§b (Co-op)
20:21:06 [PROFILE_JOIN] §8Profile ID: b1a71305-1956-42bf-90e4-bce6f7285754
20:21:31 [WARPING] §7Sending to server mini70AE...
20:21:32 [EMPTY] §8 §r§8 §r§1 §r§3 §r§3 §r§7 §r§8 
20:21:35 [PROFILE_JOIN] §aYou are playing on profile: §eBanana§b (Co-op)
20:21:35 [PROFILE_JOIN] §8Profile ID: b1a71305-1956-42bf-90e4-bce6f7285754
20:22:48 [EMPTY]  
20:22:48 [BESTIARY] §f                                  §6§lBESTIARY
20:22:48 [BESTIARY] §f                              §b§lFels §7§8XXI §8➡§b §bXXII
20:22:48 [BESTIARY] 
20:22:48 [BESTIARY] §f                                  §r§6§lREWARDS
20:22:48 [BESTIARY] §f                           §r§8+§r§a6 Fels §r§b✯ Magic Find
20:22:48 [BESTIARY] §f                            §r§8+§r§a6 Fels §r§c❁ Strength
20:22:48 [BESTIARY] §f                               §r§8+§r§62% §r§aFels §r§7coins
20:22:48 [BESTIARY] §f                    §r§8+§r§a50% §r§7chance for extra XP orbs
20:22:48 [BESTIARY] §f                               §r§8+§r§b1 SkyBlock XP
20:22:48 [BESTIARY] 
20:22:48 [BESTIARY] §3§l▬▬▬▬▬▬▬▬▬▬▬▬▬▬▬▬▬▬▬▬▬▬▬▬▬▬▬▬▬▬▬▬▬▬▬▬▬▬▬▬▬▬▬▬▬▬▬▬▬▬▬▬▬▬▬▬▬▬▬▬▬▬▬▬
20:26:34 [GUILD_EXP] §aYou earned §r§2588 GEXP §r§a+ §r§e1,764 Event EXP §r§afrom playing SkyBlock!
20:31:37 [EMPTY] 
20:31:37 [EMPTY] 
20:31:37 [EMPTY] 
20:31:37 [EMPTY] 
20:31:38 [GUILD_EXP] §aYou earned §r§2703 GEXP §r§a+ §r§e2,109 Event EXP §r§afrom playing SkyBlock!
20:31:39 [EMPTY] 
20:31:39 [EMPTY] 
20:32:19 [EMPTY] 
20:32:19 [EMPTY] 
20:32:33 [WARPING] §7Sending to server mini100AV...
20:32:33 [EMPTY] §8 §r§8 §r§1 §r§3 §r§3 §r§7 §r§8 
20:32:36 [PROFILE_JOIN] §aYou are playing on profile: §eBanana§b (Co-op)
20:32:36 [PROFILE_JOIN] §8Profile ID: b1a71305-1956-42bf-90e4-bce6f7285754
20:35:01 [SKYMALL] §bNew day! §r§eYour §r§2Sky Mall §r§ebuff changed!
20:35:01 [SKYMALL] §eNew buff§r§r§r: §r§fGain §r§a+15% §r§fmore Powder while mining.
20:35:01 [SKYMALL] §8§oYou can disable this messaging by toggling Sky Mall in your /hotm!
20:38:37 [GUILD_EXP] §aYou earned §r§263 GEXP §r§a+ §r§e189 Event EXP §r§afrom playing SkyBlock!
