10:53:42 Trying to load config from config\skyhanni\config.json
10:53:42 load-config-now
10:53:42 Loaded config from file
10:53:42 Trying to load sacks from config\skyhanni\sacks.json
10:53:42 load-sacks-now
10:53:42 Loaded sacks from file
10:53:42 Trying to load friends from config\skyhanni\friends.json
10:53:42 load-friends-now
10:53:42 Loaded friends from file
10:53:42 Trying to load known_features from config\skyhanni\known_features.json
10:53:42 load-known_features-now
10:53:42 Loaded known_features from file
10:53:42 Trying to load jacob_contests from config\skyhanni\jacob_contests.json
10:53:42 load-jacob_contests-now
10:53:42 Loaded jacob_contests from file
10:53:42 Trying to load visual_words from config\skyhanni\visual_words.json
10:53:42 Setting visual_words to be blank as it did not exist. It will be saved once something is written to it
10:54:42 saveConfig: auto-save-60s
10:54:42 Saving config file
10:55:12 saveConfig: Updated known feature flags
10:55:12 Saving known_features file
10:55:42 saveConfig: auto-save-60s
10:55:42 Saving config file
10:56:42 saveConfig: auto-save-60s
10:56:42 Saving config file
10:57:42 saveConfig: auto-save-60s
10:57:42 Saving config file
10:58:42 saveConfig: auto-save-60s
10:58:42 Saving config file
10:59:42 saveConfig: auto-save-60s
10:59:42 Saving config file
11:00:42 saveConfig: auto-save-60s
11:00:42 Saving config file
11:01:42 saveConfig: auto-save-60s
11:01:42 Saving config file
11:02:42 saveConfig: auto-save-60s
11:02:42 Saving config file
11:03:42 saveConfig: auto-save-60s
11:03:42 Saving config file
11:04:42 saveConfig: auto-save-60s
11:04:42 Saving config file
11:05:42 saveConfig: auto-save-60s
11:05:42 Saving config file
11:06:42 saveConfig: auto-save-60s
11:06:42 Saving config file
11:07:42 saveConfig: auto-save-60s
11:07:42 Saving config file
11:08:42 saveConfig: auto-save-60s
11:08:42 Saving config file
11:09:42 saveConfig: auto-save-60s
11:09:42 Saving config file
11:10:42 saveConfig: auto-save-60s
11:10:42 Saving config file
11:11:42 saveConfig: auto-save-60s
11:11:42 Saving config file
11:12:42 saveConfig: auto-save-60s
11:12:42 Saving config file
11:13:42 saveConfig: auto-save-60s
11:13:42 Saving config file
11:14:42 saveConfig: auto-save-60s
11:14:42 Saving config file
11:15:42 saveConfig: auto-save-60s
11:15:42 Saving config file
11:16:42 saveConfig: auto-save-60s
11:16:42 Saving config file
11:17:42 saveConfig: auto-save-60s
11:17:42 Saving config file
11:18:42 saveConfig: auto-save-60s
11:18:42 Saving config file
11:19:42 saveConfig: auto-save-60s
11:19:42 Saving config file
11:20:42 saveConfig: auto-save-60s
11:20:42 Saving config file
11:21:42 saveConfig: auto-save-60s
11:21:42 Saving config file
11:22:42 saveConfig: auto-save-60s
11:22:42 Saving config file
11:23:42 saveConfig: auto-save-60s
11:23:42 Saving config file
11:24:42 saveConfig: auto-save-60s
11:24:42 Saving config file
11:25:42 saveConfig: auto-save-60s
11:25:42 Saving config file
11:26:42 saveConfig: auto-save-60s
11:26:42 Saving config file
11:27:42 saveConfig: auto-save-60s
11:27:42 Saving config file
11:28:42 saveConfig: auto-save-60s
11:28:42 Saving config file
11:29:42 saveConfig: auto-save-60s
11:29:42 Saving config file
11:30:42 saveConfig: auto-save-60s
11:30:42 Saving config file
11:31:42 saveConfig: auto-save-60s
11:31:42 Saving config file
11:32:42 saveConfig: auto-save-60s
11:32:42 Saving config file
11:33:42 saveConfig: auto-save-60s
11:33:42 Saving config file
11:34:42 saveConfig: auto-save-60s
11:34:42 Saving config file
11:35:42 saveConfig: auto-save-60s
11:35:42 Saving config file
11:36:42 saveConfig: auto-save-60s
11:36:42 Saving config file
11:37:42 saveConfig: auto-save-60s
11:37:42 Saving config file
11:38:42 saveConfig: auto-save-60s
11:38:42 Saving config file
11:39:42 saveConfig: auto-save-60s
11:39:42 Saving config file
11:40:42 saveConfig: auto-save-60s
11:40:42 Saving config file
11:41:42 saveConfig: auto-save-60s
11:41:42 Saving config file
11:42:42 saveConfig: auto-save-60s
11:42:42 Saving config file
11:43:42 saveConfig: auto-save-60s
11:43:42 Saving config file
11:44:42 saveConfig: auto-save-60s
11:44:42 Saving config file
11:45:42 saveConfig: auto-save-60s
11:45:42 Saving config file
11:46:42 saveConfig: auto-save-60s
11:46:42 Saving config file
11:47:42 saveConfig: auto-save-60s
11:47:42 Saving config file
11:48:42 saveConfig: auto-save-60s
11:48:42 Saving config file
11:49:42 saveConfig: auto-save-60s
11:49:42 Saving config file
11:50:42 saveConfig: auto-save-60s
11:50:42 Saving config file
11:51:42 saveConfig: auto-save-60s
11:51:42 Saving config file
11:52:42 saveConfig: auto-save-60s
11:52:42 Saving config file
11:53:42 saveConfig: auto-save-60s
11:53:42 Saving config file
11:54:42 saveConfig: auto-save-60s
11:54:42 Saving config file
11:55:42 saveConfig: auto-save-60s
11:55:42 Saving config file
11:56:42 saveConfig: auto-save-60s
11:56:42 Saving config file
11:57:42 saveConfig: auto-save-60s
11:57:42 Saving config file
11:58:42 saveConfig: auto-save-60s
11:58:42 Saving config file
11:59:42 saveConfig: auto-save-60s
11:59:42 Saving config file
12:00:42 saveConfig: auto-save-60s
12:00:42 Saving config file
12:01:42 saveConfig: auto-save-60s
12:01:42 Saving config file
12:02:42 saveConfig: auto-save-60s
12:02:42 Saving config file
12:03:42 saveConfig: auto-save-60s
12:03:42 Saving config file
12:04:42 saveConfig: auto-save-60s
12:04:42 Saving config file
12:05:42 saveConfig: auto-save-60s
12:05:42 Saving config file
12:06:42 saveConfig: auto-save-60s
12:06:42 Saving config file
12:07:42 saveConfig: auto-save-60s
12:07:42 Saving config file
12:08:42 saveConfig: auto-save-60s
12:08:42 Saving config file
12:09:42 saveConfig: auto-save-60s
12:09:42 Saving config file
12:10:42 saveConfig: auto-save-60s
12:10:42 Saving config file
12:11:00 saveConfig: shutdown-hook
12:11:00 Saving config file
