15:57:41 Reset everything (world change)
15:57:59 Reset everything (world change)
15:58:19 Reset everything (world change)
15:58:19 Reset everything (world change)
15:58:19 Reset everything (world change)
16:04:34 Reset everything (world change)
16:04:35 Reset everything (world change)
16:04:35 Reset everything (world change)
16:51:35 Reset everything (world change)
16:51:50 Reset everything (world change)
16:51:50 Reset everything (world change)
16:51:51 Reset everything (world change)
16:52:37 Reset everything (world change)
16:52:38 Reset everything (world change)
16:52:38 Reset everything (world change)
16:54:52 Reset everything (world change)
16:54:52 Reset everything (world change)
16:54:52 Reset everything (world change)
16:57:02 Reset everything (world change)
16:57:03 Reset everything (world change)
16:57:03 Reset everything (world change)
16:58:39 Added enderman with beacon at LorenzVec{x=-523.90625, y=38.0, z=-245.9375}
16:58:51 Added flying beacons at LorenzVec{x=-524.15625, y=38.5625, z=-250.40625}
16:58:52 Replaced flying beacon with sitting beacon at LorenzVec{x=-516.0, y=39.0, z=-250.0}
16:58:52 Added flying beacons at LorenzVec{x=-517.09375, y=38.88541666666667, z=-249.67708333333331}
16:58:53 Removed sitting beacon LorenzVec{x=-516.0, y=39.0, z=-250.0}
16:59:21 Reset everything (world change)
16:59:21 Reset everything (world change)
16:59:21 Reset everything (world change)
16:59:22 Reset everything (world change)
16:59:22 Reset everything (world change)
16:59:27 Reset everything (world change)
16:59:28 Reset everything (world change)
16:59:28 Reset everything (world change)
17:01:23 Added enderman with beacon at LorenzVec{x=-569.3958333333334, y=51.0, z=-237.125}
17:01:25 Added flying beacons at LorenzVec{x=-567.6458333333334, y=50.760416666666664, z=-228.875}
17:01:26 Replaced flying beacon with sitting beacon at LorenzVec{x=-561.0, y=51.0, z=-235.0}
17:01:26 Added flying beacons at LorenzVec{x=-562.2395833333333, y=51.01041666666667, z=-233.14583333333331}
17:01:28 Removed sitting beacon LorenzVec{x=-561.0, y=51.0, z=-235.0}
17:01:31 Added enderman with beacon at LorenzVec{x=-567.1979166666667, y=51.0, z=-237.32291666666669}
17:01:34 Added flying beacons at LorenzVec{x=-566.3645833333334, y=50.802083333333336, z=-232.6875}
17:01:39 Added enderman with beacon at LorenzVec{x=-565.03125, y=51.0625, z=-236.0}
17:01:41 Added flying beacons at LorenzVec{x=-568.0625, y=50.5625, z=-233.0625}
17:01:42 Replaced flying beacon with sitting beacon at LorenzVec{x=-572.0, y=51.0, z=-241.0}
17:01:42 Added flying beacons at LorenzVec{x=-571.0104166666667, y=50.75, z=-239.40625}
17:01:43 Removed sitting beacon LorenzVec{x=-572.0, y=51.0, z=-241.0}
17:01:47 Added enderman with beacon at LorenzVec{x=-567.1875, y=51.15625, z=-232.53125}
17:01:49 Added flying beacons at LorenzVec{x=-575.5625, y=50.739583333333336, z=-235.60416666666666}
17:01:50 Replaced flying beacon with sitting beacon at LorenzVec{x=-581.0, y=51.0, z=-227.0}
17:01:50 Added flying beacons at LorenzVec{x=-579.8854166666667, y=50.63541666666667, z=-227.65625}
17:01:51 Removed sitting beacon LorenzVec{x=-581.0, y=51.0, z=-227.0}
17:01:55 Added enderman with beacon at LorenzVec{x=-571.5918209876543, y=51.0, z=-239.3672839506173}
17:01:57 Added flying beacons at LorenzVec{x=-571.40625, y=50.78125, z=-241.64583333333334}
17:01:58 Replaced flying beacon with sitting beacon at LorenzVec{x=-576.0, y=51.0, z=-235.0}
17:01:58 Added flying beacons at LorenzVec{x=-574.78125, y=50.79166666666667, z=-235.79166666666669}
17:01:59 Removed sitting beacon LorenzVec{x=-576.0, y=51.0, z=-235.0}
17:02:03 Added enderman with beacon at LorenzVec{x=-578.4039351851852, y=51.0, z=-238.98842592592592}
17:02:20 Added flying beacons at LorenzVec{x=-565.46875, y=50.739583333333336, z=-234.58333333333334}
17:02:21 Replaced flying beacon with sitting beacon at LorenzVec{x=-571.0, y=51.0, z=-226.0}
17:02:21 Added flying beacons at LorenzVec{x=-569.875, y=50.65625, z=-226.66666666666669}
17:02:22 Removed sitting beacon LorenzVec{x=-571.0, y=51.0, z=-226.0}
17:02:26 Added enderman with beacon at LorenzVec{x=-567.5, y=51.0, z=-231.0625}
17:02:28 Added flying beacons at LorenzVec{x=-573.8645833333334, y=50.75, z=-237.45833333333334}
17:02:29 Replaced flying beacon with sitting beacon at LorenzVec{x=-565.0, y=51.0, z=-241.0}
17:02:29 Added flying beacons at LorenzVec{x=-565.9583333333334, y=50.739583333333336, z=-240.05208333333334}
17:02:30 Removed sitting beacon LorenzVec{x=-565.0, y=51.0, z=-241.0}
17:02:34 Added enderman with beacon at LorenzVec{x=-569.40625, y=51.09375, z=-236.25}
17:02:36 Added flying beacons at LorenzVec{x=-568.59375, y=50.5, z=-235.65625}
17:02:37 Replaced flying beacon with sitting beacon at LorenzVec{x=-567.0, y=51.0, z=-228.0}
17:02:37 Added flying beacons at LorenzVec{x=-566.6875, y=50.5, z=-228.15625}
17:02:38 Removed sitting beacon LorenzVec{x=-567.0, y=51.0, z=-228.0}
17:02:42 Added enderman with beacon at LorenzVec{x=-567.4438443072702, y=51.01851851851852, z=-232.7318672839506}
17:02:45 Added flying beacons at LorenzVec{x=-565.125, y=50.875, z=-233.40625}
17:02:45 Replaced flying beacon with sitting beacon at LorenzVec{x=-561.0, y=53.0, z=-240.0}
17:02:47 Removed sitting beacon LorenzVec{x=-561.0, y=53.0, z=-240.0}
17:02:50 Added enderman with beacon at LorenzVec{x=-570.4548611111112, y=51.0, z=-236.14583333333334}
17:06:09 Added enderman with beacon at LorenzVec{x=-523.1215277777777, y=38.0, z=-310.375}
17:06:12 Added flying beacons at LorenzVec{x=-519.3229166666666, y=37.854166666666664, z=-311.78125}
17:06:12 Replaced flying beacon with sitting beacon at LorenzVec{x=-513.0, y=39.0, z=-313.0}
17:06:14 Removed sitting beacon LorenzVec{x=-513.0, y=39.0, z=-313.0}
17:06:17 Added enderman with beacon at LorenzVec{x=-521.1597222222222, y=38.0, z=-311.46875}
17:06:20 Added flying beacons at LorenzVec{x=-523.6458333333334, y=37.78125, z=-306.375}
17:06:20 Replaced flying beacon with sitting beacon at LorenzVec{x=-529.0, y=39.0, z=-315.0}
17:06:20 Added flying beacons at LorenzVec{x=-527.8854166666666, y=38.510416666666664, z=-313.46875}
17:06:21 Removed sitting beacon LorenzVec{x=-529.0, y=39.0, z=-315.0}
17:06:25 Added enderman with beacon at LorenzVec{x=-524.4166666666666, y=38.0, z=-307.4166666666667}
17:06:28 Added flying beacons at LorenzVec{x=-520.9895833333334, y=37.84375, z=-305.1458333333333}
17:06:28 Replaced flying beacon with sitting beacon at LorenzVec{x=-517.0, y=39.0, z=-300.0}
17:06:28 Added flying beacons at LorenzVec{x=-517.2916666666666, y=38.59375, z=-300.4895833333333}
17:06:30 Removed sitting beacon LorenzVec{x=-517.0, y=39.0, z=-300.0}
17:06:33 Added enderman with beacon at LorenzVec{x=-521.8125, y=38.09375, z=-305.09375}
17:06:36 Added flying beacons at LorenzVec{x=-520.84375, y=37.5, z=-305.0625}
17:06:37 Replaced flying beacon with sitting beacon at LorenzVec{x=-514.0, y=40.0, z=-312.0}
17:06:40 Removed sitting beacon LorenzVec{x=-514.0, y=40.0, z=-312.0}
17:06:42 Added enderman with beacon at LorenzVec{x=-516.125, y=38.0, z=-312.625}
17:06:44 Added flying beacons at LorenzVec{x=-524.1666666666666, y=37.729166666666664, z=-302.3645833333333}
17:06:45 Replaced flying beacon with sitting beacon at LorenzVec{x=-524.0, y=38.0, z=-292.0}
17:06:46 Removed sitting beacon LorenzVec{x=-524.0, y=38.0, z=-292.0}
17:06:50 Added enderman with beacon at LorenzVec{x=-527.7638888888889, y=38.107638888888886, z=-297.4513888888889}
17:06:52 Added flying beacons at LorenzVec{x=-525.4375, y=37.8125, z=-302.7291666666667}
17:06:53 Replaced flying beacon with sitting beacon at LorenzVec{x=-518.0, y=39.0, z=-300.0}
17:06:53 Added flying beacons at LorenzVec{x=-519.0833333333333, y=38.6875, z=-300.15625}
17:06:54 Removed sitting beacon LorenzVec{x=-518.0, y=39.0, z=-300.0}
17:06:56 Added flying beacons at LorenzVec{x=-512.1458333333334, y=39.072916666666664, z=-288.5833333333333}
17:06:56 Replaced flying beacon with sitting beacon at LorenzVec{x=-512.0, y=39.0, z=-293.0}
17:06:58 Removed sitting beacon LorenzVec{x=-512.0, y=39.0, z=-293.0}
17:07:14 Added enderman with beacon at LorenzVec{x=-522.71875, y=38.0, z=-309.0625}
17:07:16 Added flying beacons at LorenzVec{x=-529.7291666666666, y=37.770833333333336, z=-305.6041666666667}
17:07:17 Replaced flying beacon with sitting beacon at LorenzVec{x=-527.0, y=38.0, z=-298.0}
17:07:17 Added flying beacons at LorenzVec{x=-527.2083333333333, y=37.92708333333333, z=-299.22916666666663}
17:07:18 Removed sitting beacon LorenzVec{x=-527.0, y=38.0, z=-298.0}
17:07:22 Added enderman with beacon at LorenzVec{x=-524.71875, y=38.0, z=-303.5625}
17:07:25 Added flying beacons at LorenzVec{x=-523.6875, y=37.5, z=-304.34375}
17:07:30 Added enderman with beacon at LorenzVec{x=-524.6875, y=38.09375, z=-304.15625}
17:07:33 Added flying beacons at LorenzVec{x=-521.0208333333334, y=37.78125, z=-310.28125}
17:07:33 Replaced flying beacon with sitting beacon at LorenzVec{x=-518.0, y=38.0, z=-318.0}
17:07:33 Added flying beacons at LorenzVec{x=-518.0833333333333, y=37.76041666666667, z=-316.33333333333337}
17:07:36 Removed sitting beacon LorenzVec{x=-518.0, y=38.0, z=-318.0}
17:07:38 Added enderman with beacon at LorenzVec{x=-519.28125, y=38.0, z=-316.0}
17:07:41 Added flying beacons at LorenzVec{x=-525.5, y=37.760416666666664, z=-301.7395833333333}
17:07:41 Replaced flying beacon with sitting beacon at LorenzVec{x=-526.0, y=38.0, z=-293.0}
17:07:41 Added flying beacons at LorenzVec{x=-525.5, y=37.8125, z=-294.03125}
17:07:45 Removed sitting beacon LorenzVec{x=-526.0, y=38.0, z=-293.0}
17:07:46 Added enderman with beacon at LorenzVec{x=-525.0833333333334, y=38.0, z=-300.8541666666667}
17:07:49 Added flying beacons at LorenzVec{x=-519.9583333333334, y=37.864583333333336, z=-307.9895833333333}
17:07:49 Replaced flying beacon with sitting beacon at LorenzVec{x=-514.0, y=40.0, z=-313.0}
17:07:52 Removed sitting beacon LorenzVec{x=-514.0, y=40.0, z=-313.0}
17:07:54 Added enderman with beacon at LorenzVec{x=-516.3125, y=38.03125, z=-310.0}
17:13:26 Added enderman with beacon at LorenzVec{x=-581.9479166666666, y=51.0, z=-230.98611111111111}
17:13:29 Added flying beacons at LorenzVec{x=-578.53125, y=50.791666666666664, z=-235.55208333333334}
17:13:30 Replaced flying beacon with sitting beacon at LorenzVec{x=-576.0, y=52.0, z=-245.0}
17:13:31 Removed sitting beacon LorenzVec{x=-576.0, y=52.0, z=-245.0}
17:13:35 Added enderman with beacon at LorenzVec{x=-565.21875, y=51.0, z=-237.88541666666669}
17:13:37 Added flying beacons at LorenzVec{x=-569.8020833333334, y=50.760416666666664, z=-237.64583333333334}
17:13:38 Replaced flying beacon with sitting beacon at LorenzVec{x=-562.0, y=51.0, z=-234.0}
17:13:38 Added flying beacons at LorenzVec{x=-562.90625, y=50.84375, z=-234.21875}
17:13:39 Removed sitting beacon LorenzVec{x=-562.0, y=51.0, z=-234.0}
17:13:43 Added enderman with beacon at LorenzVec{x=-569.5335648148149, y=51.0, z=-239.12152777777777}
17:13:45 Added flying beacons at LorenzVec{x=-567.0833333333334, y=50.75, z=-237.85416666666666}
17:13:46 Replaced flying beacon with sitting beacon at LorenzVec{x=-565.0, y=51.0, z=-229.0}
17:13:46 Added flying beacons at LorenzVec{x=-565.03125, y=50.9375, z=-230.40625}
17:13:47 Removed sitting beacon LorenzVec{x=-565.0, y=51.0, z=-229.0}
17:13:51 Added enderman with beacon at LorenzVec{x=-567.15625, y=51.09375, z=-238.0625}
17:13:53 Added flying beacons at LorenzVec{x=-566.71875, y=50.5, z=-237.15625}
17:13:54 Replaced flying beacon with sitting beacon at LorenzVec{x=-559.0, y=53.0, z=-242.0}
17:13:55 Removed sitting beacon LorenzVec{x=-559.0, y=53.0, z=-242.0}
17:13:59 Added enderman with beacon at LorenzVec{x=-569.9895833333333, y=51.0, z=-238.64583333333331}
17:14:01 Added flying beacons at LorenzVec{x=-569.21875, y=50.791666666666664, z=-237.17708333333334}
17:14:02 Replaced flying beacon with sitting beacon at LorenzVec{x=-572.0, y=51.0, z=-245.0}
17:14:02 Added flying beacons at LorenzVec{x=-570.8125, y=51.21875, z=-242.3125}
17:14:03 Removed sitting beacon LorenzVec{x=-572.0, y=51.0, z=-245.0}
17:14:07 Added enderman with beacon at LorenzVec{x=-573.5625, y=51.0, z=-242.71875}
17:14:24 Added flying beacons at LorenzVec{x=-573.7708333333334, y=50.770833333333336, z=-237.85416666666666}
17:14:25 Replaced flying beacon with sitting beacon at LorenzVec{x=-574.0, y=51.0, z=-247.0}
17:14:25 Added flying beacons at LorenzVec{x=-573.5625, y=50.6875, z=-245.4375}
17:14:26 Removed sitting beacon LorenzVec{x=-574.0, y=51.0, z=-247.0}
17:26:23 Added enderman with beacon at LorenzVec{x=-574.5972222222223, y=51.0, z=-236.9375}
17:26:26 Added flying beacons at LorenzVec{x=-572.0520833333334, y=50.729166666666664, z=-238.27083333333334}
17:26:26 Replaced flying beacon with sitting beacon at LorenzVec{x=-572.0, y=51.0, z=-228.0}
17:26:26 Added flying beacons at LorenzVec{x=-571.5625, y=50.53125, z=-228.46875}
17:26:28 Removed sitting beacon LorenzVec{x=-572.0, y=51.0, z=-228.0}
17:26:31 Added enderman with beacon at LorenzVec{x=-567.21875, y=51.5625, z=-228.46875}
17:26:34 Added flying beacons at LorenzVec{x=-567.125, y=50.96875, z=-229.46875}
17:26:34 Replaced flying beacon with sitting beacon at LorenzVec{x=-570.0, y=51.0, z=-239.0}
17:26:34 Added flying beacons at LorenzVec{x=-569.15625, y=50.90625, z=-237.09375}
17:26:35 Removed sitting beacon LorenzVec{x=-570.0, y=51.0, z=-239.0}
17:26:40 Added enderman with beacon at LorenzVec{x=-567.2152777777778, y=51.09027777777777, z=-228.86805555555554}
17:26:42 Added flying beacons at LorenzVec{x=-569.9791666666666, y=50.75, z=-238.09375}
17:26:43 Replaced flying beacon with sitting beacon at LorenzVec{x=-571.0, y=51.0, z=-229.0}
17:26:43 Added flying beacons at LorenzVec{x=-570.40625, y=50.90625, z=-230.375}
17:26:44 Removed sitting beacon LorenzVec{x=-571.0, y=51.0, z=-229.0}
17:26:48 Added enderman with beacon at LorenzVec{x=-567.3831018518518, y=51.0, z=-233.66203703703704}
17:26:50 Added flying beacons at LorenzVec{x=-568.8541666666666, y=50.802083333333336, z=-238.66666666666666}
17:26:50 Replaced flying beacon with sitting beacon at LorenzVec{x=-563.0, y=51.0, z=-236.0}
17:26:50 Added flying beacons at LorenzVec{x=-564.0625, y=51.0625, z=-236.28125}
17:26:51 Removed sitting beacon LorenzVec{x=-563.0, y=51.0, z=-236.0}
17:27:09 Added enderman with beacon at LorenzVec{x=-571.15625, y=51.0, z=-235.40625}
17:27:12 Added flying beacons at LorenzVec{x=-570.8333333333334, y=50.802083333333336, z=-239.40625}
17:27:12 Replaced flying beacon with sitting beacon at LorenzVec{x=-562.0, y=53.0, z=-243.0}
17:27:12 Added flying beacons at LorenzVec{x=-562.9583333333334, y=52.447916666666664, z=-242.03125}
17:27:15 Removed sitting beacon LorenzVec{x=-562.0, y=53.0, z=-243.0}
17:27:17 Added enderman with beacon at LorenzVec{x=-566.8541666666666, y=51.0, z=-236.76041666666666}
17:27:20 Added flying beacons at LorenzVec{x=-569.09375, y=50.5, z=-227.59375}
17:27:20 Replaced flying beacon with sitting beacon at LorenzVec{x=-575.0, y=51.0, z=-223.0}
17:27:22 Removed sitting beacon LorenzVec{x=-575.0, y=51.0, z=-223.0}
17:27:25 Added enderman with beacon at LorenzVec{x=-568.71875, y=51.09375, z=-228.53125}
17:27:28 Added flying beacons at LorenzVec{x=-568.6770833333334, y=50.791666666666664, z=-229.5625}
17:27:28 Replaced flying beacon with sitting beacon at LorenzVec{x=-560.0, y=51.0, z=-231.0}
17:27:28 Added flying beacons at LorenzVec{x=-561.03125, y=50.8125, z=-230.375}
17:27:30 Removed sitting beacon LorenzVec{x=-560.0, y=51.0, z=-231.0}
17:27:33 Added enderman with beacon at LorenzVec{x=-567.78125, y=51.0, z=-227.4375}
17:27:36 Added flying beacons at LorenzVec{x=-579.875, y=50.791666666666664, z=-226.1875}
17:27:36 Replaced flying beacon with sitting beacon at LorenzVec{x=-589.0, y=53.0, z=-221.0}
17:27:38 Removed sitting beacon LorenzVec{x=-589.0, y=53.0, z=-221.0}
17:27:41 Added enderman with beacon at LorenzVec{x=-584.21875, y=53.145833333333336, z=-224.78125}
17:27:44 Added flying beacons at LorenzVec{x=-579.78125, y=51.625, z=-233.625}
17:27:44 Replaced flying beacon with sitting beacon at LorenzVec{x=-574.0, y=51.0, z=-228.0}
17:27:47 Removed sitting beacon LorenzVec{x=-574.0, y=51.0, z=-228.0}
17:27:49 Added enderman with beacon at LorenzVec{x=-570.8576388888889, y=51.0, z=-227.69791666666666}
17:27:52 Added flying beacons at LorenzVec{x=-567.8333333333334, y=50.770833333333336, z=-229.1875}
17:29:46 Added enderman with beacon at LorenzVec{x=-600.03125, y=55.0, z=-203.625}
17:29:49 Added flying beacons at LorenzVec{x=-602.53125, y=54.739583333333336, z=-198.94791666666666}
17:29:49 Replaced flying beacon with sitting beacon at LorenzVec{x=-596.0, y=55.0, z=-207.0}
17:29:49 Added flying beacons at LorenzVec{x=-596.5694444444443, y=54.6875, z=-205.38194444444446}
17:29:51 Removed sitting beacon LorenzVec{x=-596.0, y=55.0, z=-207.0}
17:29:54 Added enderman with beacon at LorenzVec{x=-593.40625, y=55.09375, z=-202.71875}
17:29:57 Added flying beacons at LorenzVec{x=-594.40625, y=54.5, z=-202.5625}
17:29:57 Replaced flying beacon with sitting beacon at LorenzVec{x=-600.0, y=55.0, z=-210.0}
17:29:57 Added flying beacons at LorenzVec{x=-598.1770833333334, y=55.114583333333336, z=-207.69791666666666}
17:29:59 Removed sitting beacon LorenzVec{x=-600.0, y=55.0, z=-210.0}
17:30:02 Added enderman with beacon at LorenzVec{x=-596.2083333333334, y=54.90625, z=-204.41666666666666}
17:30:05 Added flying beacons at LorenzVec{x=-604.40625, y=54.8125, z=-207.65625}
17:30:06 Replaced flying beacon with sitting beacon at LorenzVec{x=-600.0, y=55.0, z=-218.0}
17:30:06 Added flying beacons at LorenzVec{x=-600.25, y=54.80208333333333, z=-216.04166666666669}
17:30:07 Removed sitting beacon LorenzVec{x=-600.0, y=55.0, z=-218.0}
17:30:11 Added enderman with beacon at LorenzVec{x=-601.5023148148149, y=55.0, z=-215.77546296296296}
17:30:28 Added flying beacons at LorenzVec{x=-601.1875, y=54.802083333333336, z=-206.66666666666666}
17:30:29 Replaced flying beacon with sitting beacon at LorenzVec{x=-606.0, y=55.0, z=-213.0}
17:30:29 Added flying beacons at LorenzVec{x=-604.375, y=55.09375, z=-211.0}
17:30:30 Removed sitting beacon LorenzVec{x=-606.0, y=55.0, z=-213.0}
17:30:34 Added enderman with beacon at LorenzVec{x=-591.65625, y=55.0, z=-214.53125}
17:30:36 Added flying beacons at LorenzVec{x=-590.0625, y=54.5625, z=-210.71875}
17:30:37 Replaced flying beacon with sitting beacon at LorenzVec{x=-583.0, y=55.0, z=-207.0}
17:30:37 Added flying beacons at LorenzVec{x=-583.875, y=54.86458333333333, z=-207.28125}
17:30:40 Removed sitting beacon LorenzVec{x=-583.0, y=55.0, z=-207.0}
17:30:42 Added enderman with beacon at LorenzVec{x=-589.8125, y=55.15625, z=-211.6875}
17:30:44 Added flying beacons at LorenzVec{x=-591.6979166666666, y=54.770833333333336, z=-205.79166666666666}
17:30:45 Replaced flying beacon with sitting beacon at LorenzVec{x=-588.0, y=55.0, z=-214.0}
17:30:48 Removed sitting beacon LorenzVec{x=-588.0, y=55.0, z=-214.0}
17:30:50 Added enderman with beacon at LorenzVec{x=-593.62584304984, y=55.0, z=-207.44212962962962}
17:30:53 Added flying beacons at LorenzVec{x=-598.6458333333334, y=54.739583333333336, z=-204.11458333333334}
17:30:53 Replaced flying beacon with sitting beacon at LorenzVec{x=-599.0, y=55.0, z=-215.0}
17:30:55 Removed sitting beacon LorenzVec{x=-599.0, y=55.0, z=-215.0}
17:30:59 Added enderman with beacon at LorenzVec{x=-598.3125, y=55.0, z=-209.45833333333331}
17:31:01 Added flying beacons at LorenzVec{x=-595.0625, y=54.71875, z=-206.36458333333334}
17:31:02 Replaced flying beacon with sitting beacon at LorenzVec{x=-584.0, y=55.0, z=-206.0}
17:31:03 Removed sitting beacon LorenzVec{x=-584.0, y=55.0, z=-206.0}
17:33:48 Added enderman with beacon at LorenzVec{x=-600.4583333333333, y=55.0, z=-203.41666666666669}
17:33:51 Added flying beacons at LorenzVec{x=-602.5, y=54.75, z=-202.625}
17:33:51 Replaced flying beacon with sitting beacon at LorenzVec{x=-593.0, y=55.0, z=-204.0}
17:33:51 Added flying beacons at LorenzVec{x=-593.59375, y=54.5625, z=-203.41666666666669}
17:33:52 Removed sitting beacon LorenzVec{x=-593.0, y=55.0, z=-204.0}
17:33:56 Added enderman with beacon at LorenzVec{x=-591.4791666666666, y=55.0, z=-205.4340277777778}
17:33:59 Added flying beacons at LorenzVec{x=-590.6875, y=54.760416666666664, z=-200.53125}
17:33:59 Replaced flying beacon with sitting beacon at LorenzVec{x=-600.0, y=55.0, z=-203.0}
17:33:59 Added flying beacons at LorenzVec{x=-598.15625, y=54.78125, z=-202.21875}
17:34:00 Removed sitting beacon LorenzVec{x=-600.0, y=55.0, z=-203.0}
17:34:04 Added enderman with beacon at LorenzVec{x=-590.875, y=55.09375, z=-201.53125}
17:34:07 Added flying beacons at LorenzVec{x=-591.84375, y=54.5, z=-201.21875}
17:34:07 Replaced flying beacon with sitting beacon at LorenzVec{x=-598.0, y=55.0, z=-206.0}
17:34:07 Added flying beacons at LorenzVec{x=-595.7083333333333, y=55.25, z=-204.14583333333331}
17:34:09 Removed sitting beacon LorenzVec{x=-598.0, y=55.0, z=-206.0}
17:34:13 Added enderman with beacon at LorenzVec{x=-602.4027777777777, y=55.02777777777778, z=-203.42013888888889}
17:34:15 Added flying beacons at LorenzVec{x=-604.875, y=54.8125, z=-209.71875}
17:34:16 Replaced flying beacon with sitting beacon at LorenzVec{x=-598.0, y=55.0, z=-217.0}
17:34:16 Added flying beacons at LorenzVec{x=-598.6145833333334, y=54.78125, z=-215.51041666666666}
17:34:17 Removed sitting beacon LorenzVec{x=-598.0, y=55.0, z=-217.0}
17:34:21 Added enderman with beacon at LorenzVec{x=-596.2847222222222, y=55.0, z=-215.1284722222222}
17:34:37 Added flying beacons at LorenzVec{x=-605.8333333333334, y=54.802083333333336, z=-200.69791666666666}
17:34:38 Replaced flying beacon with sitting beacon at LorenzVec{x=-599.0, y=55.0, z=-200.0}
17:34:38 Added flying beacons at LorenzVec{x=-599.9479166666666, y=54.84375, z=-199.75}
17:34:38 Removed sitting beacon LorenzVec{x=-599.0, y=55.0, z=-200.0}
17:34:43 Added enderman with beacon at LorenzVec{x=-598.1875, y=55.09375, z=-204.125}
17:34:45 Added flying beacons at LorenzVec{x=-599.15625, y=54.5, z=-204.4375}
17:34:46 Replaced flying beacon with sitting beacon at LorenzVec{x=-609.0, y=55.0, z=-206.0}
17:34:46 Added flying beacons at LorenzVec{x=-607.0625, y=54.8125, z=-205.34375}
17:34:47 Removed sitting beacon LorenzVec{x=-609.0, y=55.0, z=-206.0}
17:34:51 Added enderman with beacon at LorenzVec{x=-600.6979166666667, y=55.0, z=-203.5625}
17:34:53 Added flying beacons at LorenzVec{x=-606.2083333333334, y=54.78125, z=-206.45833333333334}
17:34:54 Replaced flying beacon with sitting beacon at LorenzVec{x=-599.0, y=55.0, z=-204.0}
17:34:54 Added flying beacons at LorenzVec{x=-599.875, y=54.79166666666667, z=-204.03125}
17:34:55 Removed sitting beacon LorenzVec{x=-599.0, y=55.0, z=-204.0}
17:34:59 Added enderman with beacon at LorenzVec{x=-601.5113198713498, y=55.0, z=-200.28594666435222}
17:35:01 Added flying beacons at LorenzVec{x=-596.5625, y=54.78125, z=-197.55208333333334}
17:35:02 Replaced flying beacon with sitting beacon at LorenzVec{x=-593.0, y=55.0, z=-205.0}
17:35:02 Added flying beacons at LorenzVec{x=-593.53125, y=55.020833333333336, z=-202.78125}
17:35:04 Removed sitting beacon LorenzVec{x=-593.0, y=55.0, z=-205.0}
17:35:07 Added enderman with beacon at LorenzVec{x=-593.8645833333333, y=55.0, z=-205.19791666666669}
17:35:10 Added flying beacons at LorenzVec{x=-591.0416666666666, y=54.770833333333336, z=-205.57291666666666}
17:35:10 Replaced flying beacon with sitting beacon at LorenzVec{x=-584.0, y=55.0, z=-202.0}
17:35:10 Added flying beacons at LorenzVec{x=-585.2743055555557, y=54.920138888888886, z=-202.45833333333331}
17:35:12 Removed sitting beacon LorenzVec{x=-584.0, y=55.0, z=-202.0}
17:38:58 Added enderman with beacon at LorenzVec{x=-575.5, y=51.0625, z=-235.34375}
17:39:01 Added flying beacons at LorenzVec{x=-583.3229166666666, y=50.822916666666664, z=-234.13541666666666}
17:39:01 Replaced flying beacon with sitting beacon at LorenzVec{x=-593.0, y=53.0, z=-234.0}
17:39:01 Added flying beacons at LorenzVec{x=-590.96875, y=52.5, z=-233.625}
17:39:03 Removed sitting beacon LorenzVec{x=-593.0, y=53.0, z=-234.0}
17:39:07 Added enderman with beacon at LorenzVec{x=-582.90625, y=52.0, z=-229.53125}
17:39:09 Added flying beacons at LorenzVec{x=-578.2708333333334, y=50.802083333333336, z=-237.94791666666666}
17:39:09 Replaced flying beacon with sitting beacon at LorenzVec{x=-587.0, y=52.0, z=-235.0}
17:39:09 Added flying beacons at LorenzVec{x=-585.34375, y=51.59375, z=-235.0}
17:39:11 Removed sitting beacon LorenzVec{x=-587.0, y=52.0, z=-235.0}
17:39:15 Added enderman with beacon at LorenzVec{x=-584.59375, y=51.625, z=-235.4375}
17:39:17 Added flying beacons at LorenzVec{x=-584.0625, y=51.03125, z=-236.28125}
17:39:17 Replaced flying beacon with sitting beacon at LorenzVec{x=-579.0, y=53.0, z=-244.0}
17:39:17 Added flying beacons at LorenzVec{x=-579.25, y=52.53125, z=-242.5625}
17:39:19 Removed sitting beacon LorenzVec{x=-579.0, y=53.0, z=-244.0}
17:39:23 Added enderman with beacon at LorenzVec{x=-579.0625, y=50.90625, z=-238.03125}
17:39:25 Added flying beacons at LorenzVec{x=-573.2604166666666, y=50.75, z=-238.36458333333334}
17:39:26 Replaced flying beacon with sitting beacon at LorenzVec{x=-570.0, y=51.0, z=-230.0}
17:39:26 Added flying beacons at LorenzVec{x=-570.0416666666666, y=50.677083333333336, z=-230.76041666666666}
17:39:27 Removed sitting beacon LorenzVec{x=-570.0, y=51.0, z=-230.0}
17:39:31 Added enderman with beacon at LorenzVec{x=-568.5625, y=51.15625, z=-232.85416666666669}
17:39:54 Added flying beacons at LorenzVec{x=-581.0208333333334, y=50.770833333333336, z=-239.13541666666666}
17:39:55 Replaced flying beacon with sitting beacon at LorenzVec{x=-590.0, y=51.0, z=-241.0}
17:39:55 Added flying beacons at LorenzVec{x=-587.7708333333333, y=50.89583333333333, z=-240.22916666666669}
17:39:56 Removed sitting beacon LorenzVec{x=-590.0, y=51.0, z=-241.0}
17:40:01 Added enderman with beacon at LorenzVec{x=-582.03125, y=51.09375, z=-239.0}
17:40:02 Added flying beacons at LorenzVec{x=-581.0625, y=50.5, z=-238.75}
17:40:03 Replaced flying beacon with sitting beacon at LorenzVec{x=-591.0, y=52.0, z=-238.0}
17:40:03 Added flying beacons at LorenzVec{x=-589.0, y=51.6875, z=-237.71875}
17:40:06 Removed sitting beacon LorenzVec{x=-591.0, y=52.0, z=-238.0}
17:40:08 Added enderman with beacon at LorenzVec{x=-583.1944444444445, y=50.90625, z=-236.42708333333334}
17:40:11 Added flying beacons at LorenzVec{x=-575.7291666666666, y=50.75, z=-238.22916666666666}
17:40:11 Replaced flying beacon with sitting beacon at LorenzVec{x=-581.0, y=51.0, z=-230.0}
17:40:13 Removed sitting beacon LorenzVec{x=-581.0, y=51.0, z=-230.0}
17:40:16 Added enderman with beacon at LorenzVec{x=-574.4386574074074, y=51.0, z=-238.5902777777778}
17:40:19 Added flying beacons at LorenzVec{x=-567.1666666666666, y=50.84375, z=-241.94791666666666}
17:40:19 Replaced flying beacon with sitting beacon at LorenzVec{x=-559.0, y=53.0, z=-242.0}
17:40:22 Removed sitting beacon LorenzVec{x=-559.0, y=53.0, z=-242.0}
17:40:25 Added enderman with beacon at LorenzVec{x=-564.53125, y=53.28125, z=-239.40625}
17:40:27 Added flying beacons at LorenzVec{x=-563.5, y=50.729166666666664, z=-232.27083333333334}
17:40:28 Replaced flying beacon with sitting beacon at LorenzVec{x=-568.0, y=51.0, z=-243.0}
17:40:28 Added flying beacons at LorenzVec{x=-567.125, y=50.59375, z=-241.5}
17:40:29 Removed sitting beacon LorenzVec{x=-568.0, y=51.0, z=-243.0}
17:43:08 Reset everything (world change)
17:43:09 Reset everything (world change)
17:43:09 Reset everything (world change)
17:43:09 Reset everything (world change)
17:43:09 Reset everything (world change)
17:44:03 Reset everything (world change)
17:44:04 Reset everything (world change)
17:44:04 Reset everything (world change)
17:51:04 Reset everything (world change)
17:51:04 Reset everything (world change)
17:51:04 Reset everything (world change)
