22:33:18 [EMPTY] §f §r§r§r§f §r§r§r§1 §r§r§r§0 §r§r§r§2 §r§r§r§f §r§r§r§f §r§r§r§2 §r§r§r§0 §r§r§r§4 §r§r§r§3 §r§r§r§9 §r§r§r§2 §r§r§r§0 §r§r§r§0 §r§r§r§3 §r§r§r§9 §r§r§r§2 §r§r§r§0 §r§r§r§0 §r§r§r§3 §r§r§r§9 §r§r§r§2 §r§r§r§0 §r§r§r§0 
22:33:18 [LOBBY] §b[MVP§c+§b] deek15913§f §6joined the lobby!
22:33:18 [LOBBY] §b[MVP§d+§b] Genesis_06§f §6joined the lobby!
22:33:18 [LOBBY] §b[MVP§c+§b] GubiFortnight§f §6joined the lobby!
22:33:19 [LOBBY]   §r§f§l➤ §r§6You have reached your Hype limit! Add Hype to Prototype Lobby minigames by right-clicking with the Hype Diamond!
22:33:21 [LOBBY] §b[MVP§6+§b] Abstract3188§f §6joined the lobby!
22:33:23 [LOBBY] §b[MVP§9+§b] Churily§f §6joined the lobby!
22:33:25 [LOBBY] §b[MVP§c+§b] braindeadidiot§f §6joined the lobby!
22:33:25 [WARPING] §7Sending to server mini26DD...
22:33:25 [EMPTY] §8 §r§8 §r§1 §r§3 §r§3 §r§7 §r§8 
22:33:28 [EMPTY] 
22:33:28 [WELCOME] §eWelcome to §r§aHypixel SkyBlock§r§e!
22:33:28 [EMPTY] 
22:33:30 [PROFILE_JOIN] §aYou are playing on profile: §eApple§b (Co-op)
22:33:30 [PROFILE_JOIN] §8Profile ID: b1a71305-1956-42bf-90e4-bce6f7285754
22:33:56 [EMPTY] §f §r§r§r§f §r§r§r§1 §r§r§r§0 §r§r§r§2 §r§r§r§f §r§r§r§f §r§r§r§2 §r§r§r§0 §r§r§r§4 §r§r§r§3 §r§r§r§9 §r§r§r§2 §r§r§r§0 §r§r§r§0 §r§r§r§3 §r§r§r§9 §r§r§r§2 §r§r§r§0 §r§r§r§0 §r§r§r§3 §r§r§r§9 §r§r§r§2 §r§r§r§0 §r§r§r§0 
22:33:58 [LOBBY]   §r§f§l➤ §r§6You have reached your Hype limit! Add Hype to Prototype Lobby minigames by right-clicking with the Hype Diamond!
22:33:59 [LOBBY] §b[MVP§3+§b] SoulReturns§f §6joined the lobby!
22:34:04 [LOBBY] §b[MVP§c+§b] DiamondKlicker§f §6joined the lobby!
22:34:08 [LOBBY] §b[MVP§d+§b] DontDoxMe§f §6joined the lobby!
22:34:08 [LOBBY] §b[MVP§a+§b] BobTheG0AT§f §6joined the lobby!
22:34:10 [LOBBY] §b[MVP§a+§b] BINBuyer§f §6joined the lobby!
22:34:14 [LOBBY] §b[MVP§2+§b] amitbe2405§f §6joined the lobby!
22:34:18 [LOBBY] §b[MVP§6+§b] DiGGY_CS§f §6joined the lobby!
22:34:21 [LOBBY] §b[MVP§d+§b] ANicoleMC§f §6joined the lobby!
22:34:21 [LOBBY] §b[MVP§4+§b] HolyGuacamole26§f §6joined the lobby!
22:34:21 [WARPING] §7Sending to server mini23CR...
22:34:22 [EMPTY] §8 §r§8 §r§1 §r§3 §r§3 §r§7 §r§8 
22:34:24 [EMPTY] 
22:34:24 [WELCOME] §eWelcome to §r§aHypixel SkyBlock§r§e!
22:34:24 [EMPTY] 
22:34:25 [PROFILE_JOIN] §aYou are playing on profile: §eApple§b (Co-op)
22:34:25 [PROFILE_JOIN] §8Profile ID: b1a71305-1956-42bf-90e4-bce6f7285754
22:46:20 [EMPTY] 
22:48:10 [EMPTY] §f                                        
22:48:10 [EMPTY] §f                                        
23:08:05 [EMPTY] §f                                        
23:26:19 [EMPTY] 
23:28:09 [EMPTY] §f                                        
23:28:09 [EMPTY] §f                                        
23:34:23 [WARPING] §7Sending to server mini13DJ...
23:34:23 [EMPTY] §8 §r§8 §r§1 §r§3 §r§3 §r§7 §r§8 
23:34:27 [PROFILE_JOIN] §aYou are playing on profile: §eApple§b (Co-op)
23:34:27 [PROFILE_JOIN] §8Profile ID: b1a71305-1956-42bf-90e4-bce6f7285754
23:49:23 [EMPTY] §f §r§r§r§f §r§r§r§1 §r§r§r§0 §r§r§r§2 §r§r§r§f §r§r§r§f §r§r§r§2 §r§r§r§0 §r§r§r§4 §r§r§r§3 §r§r§r§9 §r§r§r§2 §r§r§r§0 §r§r§r§0 §r§r§r§3 §r§r§r§9 §r§r§r§2 §r§r§r§0 §r§r§r§0 §r§r§r§3 §r§r§r§9 §r§r§r§2 §r§r§r§0 §r§r§r§0 
23:49:23 [LOBBY] §b✦ §r§7You earned §r§b24 §r§7Mystery Dust!
23:49:24 [LOBBY] §b[MVP§d+§b] Aayen_§f §6joined the lobby!
23:49:26 [LOBBY]   §r§f§l➤ §r§6You have reached your Hype limit! Add Hype to Prototype Lobby minigames by right-clicking with the Hype Diamond!
23:49:29 [LOBBY] §b[MVP§a+§b] Meloer§f §6joined the lobby!
23:49:36 [LOBBY] §b[MVP§9+§b] Cool_Car_Dude§f §6joined the lobby!
23:49:36 [LOBBY] §b[MVP§d+§b] JumpingEgg§f §6joined the lobby!
23:49:41 [LOBBY] §b[MVP§9+§b] zl20144§f §6joined the lobby!
23:49:46 [LOBBY]  §b>§c>§a>§r §r§6[MVP§5++§6] lfDuckStream§f §6joined the lobby!§r §a<§c<§b<
23:49:47 [LOBBY] §b[MVP§9+§b] Hus__§f §6joined the lobby!
23:49:48 [LOBBY] §b[MVP§c+§b] Shydden§f §6joined the lobby!
23:49:50 [LOBBY] §b[MVP§a+§b] powerhsovel§f §6joined the lobby!
23:49:52 [LOBBY] §b[MVP§d+§b] BistEinLarry§f §6joined the lobby!
23:49:57 [LOBBY] §b[MVP§e+§b] ZPortalMaster§f §6joined the lobby!
23:49:58 [LOBBY] §b[MVP§c+§b] Convalaria1§f §6joined the lobby!
23:49:59 [LOBBY] §b[MVP§d+§b] Tudsygamer§f §6joined the lobby!
23:50:00 [LOBBY] §b[MVP§c+§b] 1noti§f §6joined the lobby!
23:50:02 [LOBBY] §b[MVP§2+§b] NoTolerance10§f §6joined the lobby!
23:50:03 [LOBBY] §b[MVP§c+§b] dumbiecantdomath§f §6joined the lobby!
23:50:04 [LOBBY] §b[MVP§c+§b] ec95e§f §6joined the lobby!
23:50:05 [LOBBY] §b[MVP§9+§b] __Kachigga__§f §6joined the lobby!
23:50:09 [LOBBY] §b[MVP§d+§b] St8Pleit§f §6joined the lobby!
23:50:15 [LOBBY] §b[MVP§d+§b] Xx_Waper_xX§f §6joined the lobby!
23:50:27 [LOBBY] §b[MVP§f+§b] imapotato921§f §6joined the lobby!
23:50:28 [LOBBY] §b[MVP§0+§b] Vladiss§f §6joined the lobby!
23:50:30 [LOBBY] §b[MVP§9+§b] Lambo2632§f §6joined the lobby!
23:50:39 [LOBBY] §b[MVP§c+§b] VL5G§f §6joined the lobby!
23:50:41 [LOBBY] §b[MVP§d+§b] leStiggi§f §6joined the lobby!
23:50:44 [LOBBY] §b[MVP§0+§b] Scywars§f §6joined the lobby!
23:50:47 [LOBBY] §b[MVP§9+§b] FlipperDipper96§f §6joined the lobby!
23:50:49 [LOBBY] §b[MVP§c+§b] blade0609§f §6joined the lobby!
23:50:52 [LOBBY] §b[MVP§c+§b] Raknardur§f §6joined the lobby!
23:50:55 [LOBBY] §b[MVP§c+§b] Tired_v§f §6joined the lobby!
23:50:58 [LOBBY] §b[MVP§d+§b] snoopyhoff§f §6joined the lobby!
23:50:58 [LOBBY]  §b>§c>§a>§r §r§6[MVP§c++§6] mstr_lazer§f §6joined the lobby!§r §a<§c<§b<
23:50:59 [LOBBY] §b[MVP§c+§b] OHDANIMAL§f §6joined the lobby!
23:50:59 [LOBBY] §b[MVP§4+§b] OceanTenders§f §6joined the lobby!
23:51:02 [LOBBY] §b[MVP§a+§b] Cr1tical§f §6joined the lobby!
23:51:10 [LOBBY]  §b>§c>§a>§r §r§6[MVP§0++§6] EtheBuilder§f §6joined the lobby!§r §a<§c<§b<
23:51:11 [LOBBY]  §b>§c>§a>§r §r§6[MVP§1++§6] cwc§f §6joined the lobby!§r §a<§c<§b<
23:51:12 [LOBBY] §b[MVP§a+§b] ExoticArmor§f §6joined the lobby!
23:51:16 [LOBBY] §b[MVP§2+§b] ARC_ODC§f §6joined the lobby!
23:51:22 [LOBBY] §b[MVP§8+§b] xMavis§f §6joined the lobby!
23:51:22 [LOBBY] §b[MVP§2+§b] Nqma§f §6joined the lobby!
23:51:23 [LOBBY] §b[MVP§8+§b] astlo§f §6joined the lobby!
00:00:12 [EMPTY] §f
00:00:12 [WATCHDOG] §4[WATCHDOG ANNOUNCEMENT]
00:00:12 [WATCHDOG] §fWatchdog has banned §r§c§l8,779§r§f players in the last 7 days.
00:00:12 [WATCHDOG] §fStaff have banned an additional §r§c§l13,174§r§f in the last 7 days.
00:00:12 [WATCHDOG] §cBlacklisted modifications are a bannable offense!
00:00:12 [WATCHDOG] §c
00:34:28 [EMPTY] §f §r§r§r§f §r§r§r§1 §r§r§r§0 §r§r§r§2 §r§r§r§f §r§r§r§f §r§r§r§2 §r§r§r§0 §r§r§r§4 §r§r§r§3 §r§r§r§9 §r§r§r§2 §r§r§r§0 §r§r§r§0 §r§r§r§3 §r§r§r§9 §r§r§r§2 §r§r§r§0 §r§r§r§0 §r§r§r§3 §r§r§r§9 §r§r§r§2 §r§r§r§0 §r§r§r§0 
00:34:30 [LOBBY] §b[MVP§d+§b] KiloNovaX§f §6joined the lobby!
00:34:30 [LOBBY]   §r§f§l➤ §r§6You have reached your Hype limit! Add Hype to Prototype Lobby minigames by right-clicking with the Hype Diamond!
00:34:32 [WARPING] §7Sending to server mini65DA...
00:34:33 [EMPTY] §8 §r§8 §r§1 §r§3 §r§3 §r§7 §r§8 
00:34:36 [EMPTY] 
00:34:36 [WELCOME] §eWelcome to §r§aHypixel SkyBlock§r§e!
00:34:36 [EMPTY] 
00:34:36 [PROFILE_JOIN] §aYou are playing on profile: §eApple§b (Co-op)
00:34:36 [PROFILE_JOIN] §8Profile ID: b1a71305-1956-42bf-90e4-bce6f7285754
00:34:41 [WARPING] §7Finding player...
00:34:42 [WARPING] §7Sending a visit request...
00:34:42 [WARPING] §7Sending to server mini26AF...
00:34:43 [EMPTY] §8 §r§8 §r§1 §r§3 §r§3 §r§7 §r§8 
00:34:46 [PROFILE_JOIN] §aYou are playing on profile: §eApple§b (Co-op)
00:34:46 [PROFILE_JOIN] §8Profile ID: b1a71305-1956-42bf-90e4-bce6f7285754
00:34:54 [WARPING] §7Sending to server mini84AF...
00:34:55 [EMPTY] §8 §r§8 §r§1 §r§3 §r§3 §r§7 §r§8 
00:34:59 [PROFILE_JOIN] §aYou are playing on profile: §eApple§b (Co-op)
00:34:59 [PROFILE_JOIN] §8Profile ID: b1a71305-1956-42bf-90e4-bce6f7285754
00:35:07 [WARPING] §7Warping you to your SkyBlock island...
00:35:08 [WARPING] §7Sending to server mini98CE...
00:35:08 [EMPTY] §8 §r§8 §r§1 §r§3 §r§3 §r§7 §r§8 
00:35:19 [EMPTY] §f §r§r§r§f §r§r§r§1 §r§r§r§0 §r§r§r§2 §r§r§r§f §r§r§r§f §r§r§r§2 §r§r§r§0 §r§r§r§4 §r§r§r§3 §r§r§r§9 §r§r§r§2 §r§r§r§0 §r§r§r§0 §r§r§r§3 §r§r§r§9 §r§r§r§2 §r§r§r§0 §r§r§r§0 §r§r§r§3 §r§r§r§9 §r§r§r§2 §r§r§r§0 §r§r§r§0 
00:35:19 [LOBBY] §b[MVP§9+§b] Sebbebas§f §6joined the lobby!
00:35:30 [EMPTY] §f §r§r§r§f §r§r§r§1 §r§r§r§0 §r§r§r§2 §r§r§r§f §r§r§r§f §r§r§r§2 §r§r§r§0 §r§r§r§4 §r§r§r§3 §r§r§r§9 §r§r§r§2 §r§r§r§0 §r§r§r§0 §r§r§r§3 §r§r§r§9 §r§r§r§2 §r§r§r§0 §r§r§r§0 §r§r§r§3 §r§r§r§9 §r§r§r§2 §r§r§r§0 §r§r§r§0 
00:35:30 [LOBBY] §b[MVP§9+§b] Sebbebas§f §6joined the lobby!
00:35:31 [LOBBY] §b[MVP§d+§b] _Tomkia_§f §6joined the lobby!
00:35:31 [LOBBY]   §r§f§l➤ §r§6You have reached your Hype limit! Add Hype to Prototype Lobby minigames by right-clicking with the Hype Diamond!
00:35:32 [LOBBY] §b[MVP§9+§b] Raficsea§f §6joined the lobby!
00:35:37 [WARPING] §7Sending to server mini31AD...
00:35:37 [EMPTY] §8 §r§8 §r§1 §r§3 §r§3 §r§7 §r§8 
00:35:39 [EMPTY] 
00:35:39 [WELCOME] §eWelcome to §r§aHypixel SkyBlock§r§e!
00:35:39 [EMPTY] 
00:35:40 [PROFILE_JOIN] §aYou are playing on profile: §eBanana§b (Co-op)
00:35:40 [PROFILE_JOIN] §8Profile ID: b1a71305-1956-42bf-90e4-bce6f7285754
00:35:44 [WARPING] §7Warping...
00:36:09 [WARPING] §7Warping you to your SkyBlock island...
00:36:10 [WARPING] §7Sending to server mini12DK...
00:36:10 [EMPTY] §8 §r§8 §r§1 §r§3 §r§3 §r§7 §r§8 
00:36:13 [PROFILE_JOIN] §aYou are playing on profile: §eBanana§b (Co-op)
00:36:13 [PROFILE_JOIN] §8Profile ID: b1a71305-1956-42bf-90e4-bce6f7285754
00:36:18 [WARPING] §7Warping...
00:36:18 [WARPING] §7Sending to server mini1022B...
00:36:18 [EMPTY] §8 §r§8 §r§1 §r§3 §r§3 §r§7 §r§8 
00:36:22 [PROFILE_JOIN] §aYou are playing on profile: §eBanana§b (Co-op)
00:36:22 [PROFILE_JOIN] §8Profile ID: b1a71305-1956-42bf-90e4-bce6f7285754
