22:13:31 §f §r§r§r§f §r§r§r§1 §r§r§r§0 §r§r§r§2 §r§r§r§f §r§r§r§f §r§r§r§2 §r§r§r§0 §r§r§r§4 §r§r§r§3 §r§r§r§9 §r§r§r§2 §r§r§r§0 §r§r§r§0 §r§r§r§3 §r§r§r§9 §r§r§r§2 §r§r§r§0 §r§r§r§0 §r§r§r§3 §r§r§r§9 §r§r§r§2 §r§r§r§0 §r§r§r§0 
22:13:38 §8 §r§8 §r§1 §r§3 §r§3 §r§7 §r§8 
22:13:40 
22:13:40 
22:15:03 §8 §r§8 §r§1 §r§3 §r§3 §r§7 §r§8 
22:15:25 
22:18:05 
22:18:26  
22:21:22 §8 §r§8 §r§1 §r§3 §r§3 §r§7 §r§8 
22:27:36 §f                                        
22:32:33 §8 §r§8 §r§1 §r§3 §r§3 §r§7 §r§8 
22:32:57 
22:32:59 
22:33:03 
22:33:09 
22:33:10 
22:33:22 
22:33:26 
22:33:38 
22:33:41 
22:33:41 
22:33:44 
22:33:48 
22:33:52 
22:33:52 
22:34:05 
22:34:08 
22:34:19 
22:34:32 
22:34:36 
22:34:40 
22:34:40 
22:34:44 
22:34:48 
22:34:51 
22:34:51 
22:34:59 
22:35:08 
22:35:17 
22:35:18 
22:35:18 
22:35:22 
22:35:25 
22:35:30 
22:35:48 
22:35:53 
22:36:04 
22:36:11 
22:36:12 
22:36:19 
22:36:20 
22:36:26 
22:36:27 
22:36:37 
22:36:42 
22:36:45 
22:36:45 
22:36:46 
22:37:30 
22:37:30 
22:37:33 
22:37:55 
22:38:05 
22:38:05 
22:38:07 
22:38:21 
22:38:29 
22:38:34 
22:38:40 
22:38:44 
22:39:03 
22:39:03 
22:39:12 
22:39:18 
22:39:22 
22:39:26 
22:39:28 
22:39:34 
22:39:36 
22:39:38 
22:39:45 
22:39:47 
22:39:50 
22:40:14 
22:40:14 
22:40:20 
22:40:40 
22:40:47 
22:40:50 
22:40:51 
22:40:55 
22:41:15 
22:41:19 
22:41:19 
22:41:21 
22:41:44 
22:41:44 
22:41:45 
22:41:48 
22:41:52 
22:41:52 
22:41:56 
22:42:12 
22:42:27 
22:42:27 
22:42:31 
22:42:37 
22:42:40 
22:42:55 
22:43:18 
22:43:22 
22:43:22 
22:43:23 
22:43:35 
22:43:47 
22:43:57 
22:43:58 
22:44:01 
22:44:07 
22:44:11 
22:44:16 
22:44:24 
22:44:25 
22:44:32 
22:44:35 
22:44:35 
22:44:56 
22:44:56 
22:45:00 
22:49:59 §f                                        
22:50:10 
22:50:10 
22:50:15 
22:50:19 
22:50:22 
22:50:29 
22:50:32 
22:50:59 
22:51:00 
22:51:08 
22:51:09 
22:51:10 
22:51:12 
22:51:19 
22:51:33 
22:51:33 
22:51:36 
22:51:39 
22:51:39 
22:51:43 
22:51:43 
22:51:44 
22:51:48 
22:51:51 
22:51:54 
22:52:00 
22:52:00 
22:52:09 
22:52:09 
22:52:09 
22:52:12 
22:52:12 
22:52:16 
22:52:23 
22:52:52 
22:52:53 
22:52:58 
22:52:58 
22:53:00 
22:53:04 
22:53:06 
22:53:38 
22:53:57 
22:54:03 
22:54:04 
22:54:06 
22:54:11 
22:54:17 
22:54:21 
22:54:34 
22:54:40 
22:54:48 
22:54:50 
22:54:53 
22:55:10 
22:55:19 
22:55:26 
22:55:29 
22:55:32 
22:55:39 
22:55:42 
22:55:42 
22:55:44 
22:55:47 
22:56:05 
22:56:09 
22:56:10 
22:56:22 
22:56:26 
22:56:26 
22:56:33 
22:56:37 
22:56:38 
22:56:49 
22:56:55 
22:57:08 
22:57:11 
22:57:16 
22:57:18 
22:57:18 
22:57:21 
22:57:22 
22:57:26 
22:57:49 
22:58:14 
22:58:17 
22:58:33 
22:58:34 
22:58:40 
22:58:41 
22:58:45 
22:58:48 
22:58:51 
22:58:59 
22:59:00 
22:59:17 
22:59:50 
23:00:00 
23:00:15 
23:00:21 
23:00:26 
23:00:38 
23:00:43 
23:00:45 
23:00:46 
23:00:46 
23:00:48 
23:00:51 
23:00:52 
23:01:01 
23:01:12 
23:01:15 
23:01:15 
23:01:17 
23:01:19 
23:01:26 
23:01:34 
23:01:43 
23:01:43 
23:01:47 
23:01:47 
23:01:49 
23:01:52 
23:02:08 
23:02:18 
23:02:20 
23:02:22 
23:02:46 
23:03:12 
23:03:30 
23:03:41 
23:03:43 
23:03:46 
23:03:51 
23:03:56 
23:04:00 
23:04:01 
23:04:11 
23:04:12 
23:04:15 
23:04:33 
23:04:39 
23:04:39 
23:04:48 
23:04:53 
23:05:01 
23:05:07 
23:05:07 
23:05:31 §8 §r§8 §r§1 §r§3 §r§3 §r§7 §r§8 
23:05:35 §8 §r§8 §r§1 §r§3 §r§3 §r§7 §r§8 
23:05:49 §8 §r§8 §r§1 §r§3 §r§3 §r§7 §r§8 
23:14:34 §f                                        
23:23:16 §8 §r§8 §r§1 §r§3 §r§3 §r§7 §r§8 
23:23:35  
23:23:55 
23:29:54 §8 §r§8 §r§1 §r§3 §r§3 §r§7 §r§8 
23:32:33 
23:34:22 §f                                        
23:34:22 §f                                        
23:47:47 §8 §r§8 §r§1 §r§3 §r§3 §r§7 §r§8 
23:48:10 
23:48:13 
23:49:02 
23:49:20 §f                                        
23:49:24 
23:49:25 
23:49:25 
23:49:36 
23:49:44 
23:49:44 
23:49:54 
23:49:54 
23:49:57 
23:50:05 
23:50:34 
23:50:37 
23:50:37 
23:50:40 
23:50:41 
23:50:45 
23:50:49 
23:50:54 
23:51:08 
23:51:08 
23:51:09 
23:51:20 
23:51:25 
23:51:42 
23:51:46 
23:51:54 
23:51:59 
23:52:04 
23:52:07 
23:52:11 
23:52:28 
23:52:31 
23:52:31 
23:52:33 
23:52:33 
23:52:43 
23:52:46 
23:52:54 
23:53:00 
23:53:00 
23:53:21 
23:53:25 
23:53:34 
23:53:39 
23:53:43 
23:53:44 
23:53:44 
23:53:58 
23:54:01 
23:54:12 
23:54:20 
23:54:29 
23:54:34 
23:54:34 
23:54:36 
23:54:49 
23:55:45 
23:56:06 
23:56:09 
23:56:24 
23:56:29 
23:56:32 
23:56:35 
23:56:35 
23:56:53 
23:57:21 
23:57:21 
23:57:23 
23:57:31 
23:57:37 
23:57:50 
23:57:50 
23:57:50 
23:57:50 
23:57:54 
23:57:56 
23:58:00 
23:58:00 
23:58:02 
23:58:20 
23:58:30 
23:58:44 
23:58:50 
23:58:50 
23:59:00 
23:59:06 
23:59:11 
23:59:41 
23:59:52 
00:00:05 
00:00:05 
00:00:17 
00:00:18 §f
00:00:37 
00:00:53 
00:00:55 
00:01:00 
00:01:04 
00:01:10 
00:01:12 
00:01:28 
00:01:34 
00:01:37 
00:01:37 
00:01:45 
00:01:55 
00:02:02 
00:02:06 
00:02:14 
00:02:17 
00:02:18 
00:02:18 
00:02:20 
00:02:25 
00:02:30 
00:02:33 
00:02:41 
00:03:02 
00:03:08 
00:03:12 
00:03:14 
00:03:23 
00:03:35 
00:03:36 
00:03:54 
00:03:59 
00:04:02 
00:04:06 
00:04:06 
00:04:11 
00:04:12 
00:04:22 
00:04:29 
00:04:32 
00:05:10 
00:06:30 §8 §r§8 §r§1 §r§3 §r§3 §r§7 §r§8 
00:09:37 §f                                        
00:09:37 §f                                        
00:14:17  
00:14:17  
00:14:17  
00:14:41 §8 §r§8 §r§1 §r§3 §r§3 §r§7 §r§8 
00:14:52 
00:15:03 
00:15:53 
00:20:38 §8 §r§8 §r§1 §r§3 §r§3 §r§7 §r§8 
00:33:06 §f                                        
00:35:44 §8 §r§8 §r§1 §r§3 §r§3 §r§7 §r§8 
00:36:52  
00:37:24 
00:37:50 
00:42:04 §8 §r§8 §r§1 §r§3 §r§3 §r§7 §r§8 
00:42:50 
00:47:41 §f                                        
00:47:41 §f                                        
00:53:42 §8 §r§8 §r§1 §r§3 §r§3 §r§7 §r§8 
