11:40:58 Trying to load config from config\skyhanni\config.json
11:40:58 load-config-now
11:40:58 Loaded config from file
11:40:58 Trying to load sacks from config\skyhanni\sacks.json
11:40:58 load-sacks-now
11:40:58 Loaded sacks from file
11:40:58 Trying to load friends from config\skyhanni\friends.json
11:40:58 load-friends-now
11:40:58 Loaded friends from file
11:40:58 Trying to load known_features from config\skyhanni\known_features.json
11:40:58 load-known_features-now
11:40:58 Loaded known_features from file
11:40:58 Trying to load jacob_contests from config\skyhanni\jacob_contests.json
11:40:58 load-jacob_contests-now
11:40:58 Loaded jacob_contests from file
11:40:58 Trying to load visual_words from config\skyhanni\visual_words.json
11:40:58 Setting visual_words to be blank as it did not exist. It will be saved once something is written to it
11:41:58 saveConfig: auto-save-60s
11:41:58 Saving config file
11:42:30 saveConfig: Updated known feature flags
11:42:30 Saving known_features file
11:42:58 saveConfig: auto-save-60s
11:42:58 Saving config file
11:43:58 saveConfig: auto-save-60s
11:43:58 Saving config file
11:44:58 saveConfig: auto-save-60s
11:44:58 Saving config file
11:45:58 saveConfig: auto-save-60s
11:45:58 Saving config file
11:46:58 saveConfig: auto-save-60s
11:46:58 Saving config file
11:47:58 saveConfig: auto-save-60s
11:47:58 Saving config file
11:48:58 saveConfig: auto-save-60s
11:48:58 Saving config file
11:49:16 saveConfig: saving-data
11:49:16 Saving sacks file
11:49:17 saveConfig: saving-data
11:49:17 Saving sacks file
11:49:58 saveConfig: auto-save-60s
11:49:58 Saving config file
11:50:58 saveConfig: auto-save-60s
11:50:58 Saving config file
11:51:58 saveConfig: auto-save-60s
11:51:58 Saving config file
11:52:58 saveConfig: auto-save-60s
11:52:58 Saving config file
11:53:58 saveConfig: auto-save-60s
11:53:58 Saving config file
11:54:58 saveConfig: auto-save-60s
11:54:58 Saving config file
11:55:58 saveConfig: auto-save-60s
11:55:58 Saving config file
11:56:58 saveConfig: auto-save-60s
11:56:58 Saving config file
11:57:58 saveConfig: auto-save-60s
11:57:58 Saving config file
11:58:58 saveConfig: auto-save-60s
11:58:58 Saving config file
11:59:58 saveConfig: auto-save-60s
11:59:58 Saving config file
12:00:58 saveConfig: auto-save-60s
12:00:58 Saving config file
12:01:58 saveConfig: auto-save-60s
12:01:58 Saving config file
12:02:58 saveConfig: auto-save-60s
12:02:58 Saving config file
12:03:58 saveConfig: auto-save-60s
12:03:58 Saving config file
12:04:58 saveConfig: auto-save-60s
12:04:58 Saving config file
12:05:58 saveConfig: auto-save-60s
12:05:58 Saving config file
12:06:58 saveConfig: auto-save-60s
12:06:58 Saving config file
12:07:58 saveConfig: auto-save-60s
12:07:58 Saving config file
12:08:58 saveConfig: auto-save-60s
12:08:58 Saving config file
12:09:58 saveConfig: auto-save-60s
12:09:58 Saving config file
12:10:58 saveConfig: auto-save-60s
12:10:58 Saving config file
12:11:58 saveConfig: auto-save-60s
12:11:58 Saving config file
12:12:58 saveConfig: auto-save-60s
12:12:58 Saving config file
12:13:58 saveConfig: auto-save-60s
12:13:58 Saving config file
12:14:58 saveConfig: auto-save-60s
12:14:58 Saving config file
12:15:58 saveConfig: auto-save-60s
12:15:58 Saving config file
12:16:58 saveConfig: auto-save-60s
12:16:58 Saving config file
12:17:58 saveConfig: auto-save-60s
12:17:58 Saving config file
12:18:58 saveConfig: auto-save-60s
12:18:58 Saving config file
12:19:58 saveConfig: auto-save-60s
12:19:58 Saving config file
12:20:58 saveConfig: auto-save-60s
12:20:58 Saving config file
12:21:58 saveConfig: auto-save-60s
12:21:58 Saving config file
12:22:58 saveConfig: auto-save-60s
12:22:58 Saving config file
12:23:58 saveConfig: auto-save-60s
12:23:58 Saving config file
12:24:58 saveConfig: auto-save-60s
12:24:58 Saving config file
12:25:58 saveConfig: auto-save-60s
12:25:58 Saving config file
12:26:58 saveConfig: auto-save-60s
12:26:58 Saving config file
12:27:58 saveConfig: auto-save-60s
12:27:58 Saving config file
12:28:58 saveConfig: auto-save-60s
12:28:58 Saving config file
12:29:58 saveConfig: auto-save-60s
12:29:58 Saving config file
12:30:58 saveConfig: auto-save-60s
12:30:58 Saving config file
12:31:58 saveConfig: auto-save-60s
12:31:58 Saving config file
12:32:58 saveConfig: auto-save-60s
12:32:58 Saving config file
12:33:58 saveConfig: auto-save-60s
12:33:58 Saving config file
12:34:58 saveConfig: auto-save-60s
12:34:58 Saving config file
12:35:58 saveConfig: auto-save-60s
12:35:58 Saving config file
12:36:58 saveConfig: auto-save-60s
12:36:58 Saving config file
12:37:58 saveConfig: auto-save-60s
12:37:58 Saving config file
12:38:58 saveConfig: auto-save-60s
12:38:58 Saving config file
12:39:58 saveConfig: auto-save-60s
12:39:58 Saving config file
12:40:58 saveConfig: auto-save-60s
12:40:58 Saving config file
12:41:58 saveConfig: auto-save-60s
12:41:58 Saving config file
12:42:58 saveConfig: auto-save-60s
12:42:58 Saving config file
12:43:58 saveConfig: auto-save-60s
12:43:58 Saving config file
12:44:58 saveConfig: auto-save-60s
12:44:58 Saving config file
12:45:58 saveConfig: auto-save-60s
12:45:58 Saving config file
12:46:58 saveConfig: auto-save-60s
12:46:58 Saving config file
12:47:58 saveConfig: auto-save-60s
12:47:58 Saving config file
12:48:58 saveConfig: auto-save-60s
12:48:58 Saving config file
12:49:58 saveConfig: auto-save-60s
12:49:58 Saving config file
12:50:58 saveConfig: auto-save-60s
12:50:58 Saving config file
12:51:58 saveConfig: auto-save-60s
12:51:58 Saving config file
12:52:58 saveConfig: auto-save-60s
12:52:58 Saving config file
12:53:58 saveConfig: auto-save-60s
12:53:58 Saving config file
12:54:58 saveConfig: auto-save-60s
12:54:58 Saving config file
12:55:58 saveConfig: auto-save-60s
12:55:58 Saving config file
12:56:58 saveConfig: auto-save-60s
12:56:58 Saving config file
12:57:58 saveConfig: auto-save-60s
12:57:58 Saving config file
12:58:58 saveConfig: auto-save-60s
12:58:58 Saving config file
12:59:58 saveConfig: auto-save-60s
12:59:58 Saving config file
13:00:58 saveConfig: auto-save-60s
13:00:58 Saving config file
13:01:58 saveConfig: auto-save-60s
13:01:58 Saving config file
13:02:58 saveConfig: auto-save-60s
13:02:58 Saving config file
13:03:58 saveConfig: auto-save-60s
13:03:58 Saving config file
13:04:58 saveConfig: auto-save-60s
13:04:58 Saving config file
13:05:58 saveConfig: auto-save-60s
13:05:58 Saving config file
13:06:58 saveConfig: auto-save-60s
13:06:58 Saving config file
13:07:58 saveConfig: auto-save-60s
13:07:58 Saving config file
13:08:58 saveConfig: auto-save-60s
13:08:58 Saving config file
13:09:58 saveConfig: auto-save-60s
13:09:58 Saving config file
13:10:58 saveConfig: auto-save-60s
13:10:58 Saving config file
13:11:58 saveConfig: auto-save-60s
13:11:58 Saving config file
13:12:58 saveConfig: auto-save-60s
13:12:58 Saving config file
13:13:58 saveConfig: auto-save-60s
13:13:58 Saving config file
13:14:58 saveConfig: auto-save-60s
13:14:58 Saving config file
13:15:08 saveConfig: Save file
13:15:08 Saving friends file
13:15:58 saveConfig: auto-save-60s
13:15:58 Saving config file
13:16:58 saveConfig: auto-save-60s
13:16:58 Saving config file
13:17:58 saveConfig: auto-save-60s
13:17:58 Saving config file
13:18:58 saveConfig: auto-save-60s
13:18:58 Saving config file
13:19:58 saveConfig: auto-save-60s
13:19:58 Saving config file
13:20:58 saveConfig: auto-save-60s
13:20:58 Saving config file
13:21:58 saveConfig: auto-save-60s
13:21:58 Saving config file
13:22:58 saveConfig: auto-save-60s
13:22:58 Saving config file
13:23:58 saveConfig: auto-save-60s
13:23:58 Saving config file
13:24:58 saveConfig: auto-save-60s
13:24:58 Saving config file
13:25:58 saveConfig: auto-save-60s
13:25:58 Saving config file
13:26:58 saveConfig: auto-save-60s
13:26:58 Saving config file
13:27:58 saveConfig: auto-save-60s
13:27:58 Saving config file
13:28:58 saveConfig: auto-save-60s
13:28:58 Saving config file
13:29:58 saveConfig: auto-save-60s
13:29:58 Saving config file
13:30:58 saveConfig: auto-save-60s
13:30:58 Saving config file
13:31:58 saveConfig: auto-save-60s
13:31:58 Saving config file
13:32:58 saveConfig: auto-save-60s
13:32:58 Saving config file
13:33:58 saveConfig: auto-save-60s
13:33:58 Saving config file
13:34:58 saveConfig: auto-save-60s
13:34:58 Saving config file
13:35:58 saveConfig: auto-save-60s
13:35:58 Saving config file
13:36:58 saveConfig: auto-save-60s
13:36:58 Saving config file
13:37:58 saveConfig: auto-save-60s
13:37:58 Saving config file
13:38:58 saveConfig: auto-save-60s
13:38:58 Saving config file
13:39:58 saveConfig: auto-save-60s
13:39:58 Saving config file
13:40:58 saveConfig: auto-save-60s
13:40:58 Saving config file
13:41:58 saveConfig: auto-save-60s
13:41:58 Saving config file
13:42:58 saveConfig: auto-save-60s
13:42:58 Saving config file
13:43:58 saveConfig: auto-save-60s
13:43:58 Saving config file
13:44:58 saveConfig: auto-save-60s
13:44:58 Saving config file
13:45:58 saveConfig: auto-save-60s
13:45:58 Saving config file
13:46:58 saveConfig: auto-save-60s
13:46:58 Saving config file
13:47:58 saveConfig: auto-save-60s
13:47:58 Saving config file
13:48:58 saveConfig: auto-save-60s
13:48:58 Saving config file
13:49:58 saveConfig: auto-save-60s
13:49:58 Saving config file
13:50:58 saveConfig: auto-save-60s
13:50:58 Saving config file
13:51:38 saveConfig: shutdown-hook
13:51:38 Saving config file
