21:31:50 [EMPTY] §f §r§r§r§f §r§r§r§1 §r§r§r§0 §r§r§r§2 §r§r§r§f §r§r§r§f §r§r§r§2 §r§r§r§0 §r§r§r§4 §r§r§r§3 §r§r§r§9 §r§r§r§2 §r§r§r§0 §r§r§r§0 §r§r§r§3 §r§r§r§9 §r§r§r§2 §r§r§r§0 §r§r§r§0 §r§r§r§3 §r§r§r§9 §r§r§r§2 §r§r§r§0 §r§r§r§0 
21:31:50 [LOBBY] §b✦ §r§7You earned §r§b17 §r§7Mystery Dust!
21:31:50 [LOBBY] §b[MVP§e+§b] Sebbebas§f §6joined the lobby!
21:31:50 [allowed] §b§m--------------§r§f  §r§aGuild: Message Of The Day  §r§b§m--------------
21:31:50 [allowed] §b| §r§fOlleg2 Left the guild
21:31:50 [allowed] §b§m-----------------------------------------------------
21:31:50 [LOBBY] §b[MVP§6+§b] 4auCs§f §6joined the lobby!
21:31:50 [LOBBY] §b[MVP§c+§b] LunarVibes§f §6joined the lobby!
21:31:50 [LOBBY]   §r§f§l➤ §r§6You have reached your Hype limit! Add Hype to Prototype Lobby minigames by right-clicking with the Hype Diamond!
21:31:50 [LOBBY] §b[MVP§c+§b] Ravi§f §6joined the lobby!
21:31:53 [LOBBY] §b[MVP§5+§b] Desterios§f §6joined the lobby!
21:31:53 [allowed] §cYou are sending commands too fast! Please slow down.
21:31:58 [LOBBY] §b[MVP§f+§b] Miftrova§f §6joined the lobby!
21:32:04 [LOBBY] §b[MVP§a+§b] xxHusky§f §6joined the lobby!
21:32:05 [LOBBY]  §b>§c>§a>§r §r§6[MVP§c++§6] Herobrine247§f §6joined the lobby!§r §a<§c<§b<
21:32:05 [LOBBY] §b[MVP§2+§b] DerpyTurtle§f §6joined the lobby!
21:32:09 [LOBBY] §b[MVP§2+§b] xKaanMystic§f §6joined the lobby!
21:32:16 [LOBBY] §b[MVP§6+§b] _Splxshy_§f §6joined the lobby!
21:32:16 [LOBBY] §b[MVP§c+§b] DontKillMeImBad§f §6joined the lobby!
21:32:21 [WARPING] §7Sending to server mini236T...
21:32:22 [EMPTY] §8 §r§8 §r§1 §r§3 §r§3 §r§7 §r§8 
21:32:32 [allowed] §cYou are sending commands too fast! Please slow down.
21:32:32 [EMPTY] 
21:32:32 [WELCOME] §eWelcome to §r§aHypixel SkyBlock§r§e!
21:32:32 [EMPTY] 
21:32:32 [allowed] §eLatest update: §bSkyBlock v0.20.2 §e§lCLICK
21:32:32 [PROFILE_JOIN] §aYou are playing on profile: §eBanana§b (Co-op)
21:32:32 [PROFILE_JOIN] §8Profile ID: b1a71305-1956-42bf-90e4-bce6f7285754
21:32:33 [allowed] §bNew day! §r§eYour §r§2Sky Mall §r§ebuff changed!
21:32:33 [SKYMALL] §eNew buff§r§r§r: §r§fGain §r§a+15% §r§fmore Powder while mining.
21:32:33 [allowed] §8§oYou can disable this messaging by toggling Sky Mall in your /hotm!
21:32:39 [allowed] §8[§r§a127§r§8] §r§7§l⸕ §r§a[VIP] I_stomped_u§f§r§f: at one point i play every class lol
21:32:41 [allowed] §8[§r§f63§r§8] §r§7✧ §r§a[VIP] Fresh_Boom§f§r§f: fair
21:32:59 [allowed] §8[§r§a127§r§8] §r§7§l⸕ §r§a[VIP] I_stomped_u§f§r§f: sold my goldor set though for diamond sadan head
21:33:00 [allowed] §6§lRARE REWARD! §r§blapisoreal §r§efound a §r§5Shadow Assassin Chestplate §r§ein their Bedrock Chest§r§e!
21:33:22 [allowed] §a§r§6Mining Speed Boost §r§ais now available!
21:35:03 [allowed] §bNew day! §r§eYour §r§2Sky Mall §r§ebuff changed!
21:35:03 [SKYMALL] §eNew buff§r§r§r: §r§fGain §r§a+50 §r§6☘ Mining Fortune§r§f.
21:35:03 [allowed] §8§oYou can disable this messaging by toggling Sky Mall in your /hotm!
21:35:26 [GUILD_EXP] §aYou earned §r§2115 GEXP §r§afrom playing SkyBlock!
21:38:52 [allowed] §acooldog765_4 §ahas sent you a trade request. §bClick here §ato accept!
21:39:02 [allowed] §cThe /trade request from §r§a[VIP§r§6+§r§a] cooldog765_4§r§f §r§cexpired!
21:40:29 [GUILD_EXP] §aYou earned §r§2148 GEXP §r§afrom playing SkyBlock!
21:41:22 [allowed] §cThere are blocks in the way!
21:41:23 [WARPING] §7Sending to server mini86BJ...
21:41:24 [EMPTY] §8 §r§8 §r§1 §r§3 §r§3 §r§7 §r§8 
21:41:26 [allowed] §cYou are sending commands too fast! Please slow down.
21:41:26 [WARPING] §7Sending to server mini148CM...
21:41:27 [EMPTY] §8 §r§8 §r§1 §r§3 §r§3 §r§7 §r§8 
21:41:29 [allowed] §cYou are sending commands too fast! Please slow down.
21:41:30 [PROFILE_JOIN] §aYou are playing on profile: §eBanana§b (Co-op)
21:41:30 [PROFILE_JOIN] §8Profile ID: b1a71305-1956-42bf-90e4-bce6f7285754
21:41:51 [WARPING] §7Warping you to your SkyBlock island...
21:41:51 [WARPING] §7Sending to server mini13DN...
21:41:52 [EMPTY] §8 §r§8 §r§1 §r§3 §r§3 §r§7 §r§8 
21:41:53 [allowed] §cYou are sending commands too fast! Please slow down.
21:41:54 [PROFILE_JOIN] §aYou are playing on profile: §eBanana§b (Co-op)
21:41:54 [PROFILE_JOIN] §8Profile ID: b1a71305-1956-42bf-90e4-bce6f7285754
21:41:59 [WARPING] §7Warping...
21:41:59 [WARPING] §7Sending to server mini71AN...
21:42:00 [EMPTY] §8 §r§8 §r§1 §r§3 §r§3 §r§7 §r§8 
21:42:01 [allowed] §cYou are sending commands too fast! Please slow down.
21:42:03 [PROFILE_JOIN] §aYou are playing on profile: §eBanana§b (Co-op)
21:42:03 [PROFILE_JOIN] §8Profile ID: b1a71305-1956-42bf-90e4-bce6f7285754
21:42:04 [allowed] §6[Bazaar] §eYour §6Sell Offer §efor §a5§7x §6Refined Titanium §ewas filled!
21:42:06 [allowed] §aYou salvaged §b4 §aitems for:
21:42:06 [allowed]    §r§f50x §r§dUndead Essence§r§f!
21:42:09 [allowed] §aYou sold §r§f◆ Sparkling Rune I§r§8 x1 §r§afor §r§61 Coin§r§a!
21:42:09 [allowed] §aYou sold §r§5Healing VIII Splash Potion§r§8 x1 §r§afor §r§622,833 Coins§r§a!
21:42:10 [allowed] §aYou sold §r§aEnchanted Iron§r§8 x2 §r§afor §r§6960 Coins§r§a!
21:42:11 [allowed] §aYou sold §r§aEnchanted Gold§r§8 x1 §r§afor §r§6640 Coins§r§a!
21:42:11 [allowed] §aYou sold §r§9Ancient Claw§r§8 x14 §r§afor §r§62,800 Coins§r§a!
21:42:16 [allowed] §6[Bazaar] §r§7Executing instant sell...
21:42:16 [allowed] §6[Bazaar] §r§7Sold §r§a4§r§7x §r§5Unstable Dragon Fragment §r§7for §r§633,010 coins§r§7!
21:42:49 [allowed] §cThere are blocks in the way!
21:43:00 [allowed] §a§r§6Mining Speed Boost §r§ais now available!
21:43:10 [allowed] §cThere are blocks in the way!
21:43:12 [allowed] §cThere are blocks in the way!
21:44:42 [GUILD_EXP] §aYou earned §r§2241 GEXP §r§afrom playing SkyBlock!
