22:30:57 §f §r§r§r§f §r§r§r§1 §r§r§r§0 §r§r§r§2 §r§r§r§f §r§r§r§f §r§r§r§2 §r§r§r§0 §r§r§r§4 §r§r§r§3 §r§r§r§9 §r§r§r§2 §r§r§r§0 §r§r§r§0 §r§r§r§3 §r§r§r§9 §r§r§r§2 §r§r§r§0 §r§r§r§0 §r§r§r§3 §r§r§r§9 §r§r§r§2 §r§r§r§0 §r§r§r§0 
22:33:37 §f §r§r§r§f §r§r§r§1 §r§r§r§0 §r§r§r§2 §r§r§r§f §r§r§r§f §r§r§r§2 §r§r§r§0 §r§r§r§4 §r§r§r§3 §r§r§r§9 §r§r§r§2 §r§r§r§0 §r§r§r§0 §r§r§r§3 §r§r§r§9 §r§r§r§2 §r§r§r§0 §r§r§r§0 §r§r§r§3 §r§r§r§9 §r§r§r§2 §r§r§r§0 §r§r§r§0 
22:36:20 §8 §r§8 §r§1 §r§3 §r§3 §r§7 §r§8 
22:36:22 
22:36:22 
23:08:50 §8 §r§8 §r§1 §r§3 §r§3 §r§7 §r§8 
23:19:38 §8 §r§8 §r§1 §r§3 §r§3 §r§7 §r§8 
23:26:01 
23:26:03 
23:26:03 
23:26:12 
23:26:12 
23:26:20 §8 §r§8 §r§1 §r§3 §r§3 §r§7 §r§8 
23:27:15 §8 §r§8 §r§1 §r§3 §r§3 §r§7 §r§8 
23:32:33 
23:32:35 
23:32:35 
23:32:51 
23:32:51 
23:32:58 §8 §r§8 §r§1 §r§3 §r§3 §r§7 §r§8 
23:33:42 §8 §r§8 §r§1 §r§3 §r§3 §r§7 §r§8 
23:33:54 §8 §r§8 §r§1 §r§3 §r§3 §r§7 §r§8 
23:34:45 §8 §r§8 §r§1 §r§3 §r§3 §r§7 §r§8 
23:40:55 
23:40:57 
23:40:57 
23:41:29 
23:41:29 
23:41:31 §8 §r§8 §r§1 §r§3 §r§3 §r§7 §r§8 
23:43:36 §8 §r§8 §r§1 §r§3 §r§3 §r§7 §r§8 
23:44:06 
23:44:06 
23:44:06 
23:44:20 
23:44:20 
23:44:20 
23:44:45 
23:44:45 
23:44:45 
23:48:59 
23:49:01 
23:49:01 
23:49:13 
23:49:13 
23:49:15 §8 §r§8 §r§1 §r§3 §r§3 §r§7 §r§8 
23:50:36 §8 §r§8 §r§1 §r§3 §r§3 §r§7 §r§8 
23:51:31 
23:51:31 
23:51:31 
23:51:40 
23:51:40 
23:51:40 
23:51:48 
23:51:48 
23:51:48 
23:55:19 
23:55:20 
23:55:20 
23:55:34 
23:55:34 
23:55:37 §8 §r§8 §r§1 §r§3 §r§3 §r§7 §r§8 
23:56:02 §8 §r§8 §r§1 §r§3 §r§3 §r§7 §r§8 
00:00:17 
00:00:19 
00:00:19 
00:00:37 
00:00:37 
00:00:40 §8 §r§8 §r§1 §r§3 §r§3 §r§7 §r§8 
00:01:25 §f
00:02:00 §8 §r§8 §r§1 §r§3 §r§3 §r§7 §r§8 
00:06:16 
00:06:18 
00:06:18 
00:06:34 
00:06:34 
00:06:37 §8 §r§8 §r§1 §r§3 §r§3 §r§7 §r§8 
00:07:01 §8 §r§8 §r§1 §r§3 §r§3 §r§7 §r§8 
00:12:10 
00:12:12 
00:12:12 
00:12:24 
00:12:24 
00:12:28 §8 §r§8 §r§1 §r§3 §r§3 §r§7 §r§8 
00:13:14 §8 §r§8 §r§1 §r§3 §r§3 §r§7 §r§8 
00:13:40 
00:13:40 
00:13:40 
00:15:58 
00:15:58 
00:15:58 
00:16:06 
00:16:06 
00:16:06 
00:18:14 
00:18:16 
00:18:16 
00:18:27 
00:18:27 
00:18:29 §8 §r§8 §r§1 §r§3 §r§3 §r§7 §r§8 
00:19:08 §8 §r§8 §r§1 §r§3 §r§3 §r§7 §r§8 
00:23:51 
00:23:53 
00:23:53 
00:24:05 
00:24:05 
00:24:10 §8 §r§8 §r§1 §r§3 §r§3 §r§7 §r§8 
00:25:02 §8 §r§8 §r§1 §r§3 §r§3 §r§7 §r§8 
00:29:44 
00:29:46 
00:29:46 
00:30:01 
00:30:01 
00:30:10 §8 §r§8 §r§1 §r§3 §r§3 §r§7 §r§8 
00:30:27 §8 §r§8 §r§1 §r§3 §r§3 §r§7 §r§8 
00:32:03  
00:32:07  
00:35:55 
00:35:57 
00:35:57 
00:36:09 
00:36:09 
00:36:14 §8 §r§8 §r§1 §r§3 §r§3 §r§7 §r§8 
00:36:47 §8 §r§8 §r§1 §r§3 §r§3 §r§7 §r§8 
00:41:37 
00:41:39 
00:41:39 
00:41:50 
00:41:50 
00:41:53 §8 §r§8 §r§1 §r§3 §r§3 §r§7 §r§8 
00:42:22 §8 §r§8 §r§1 §r§3 §r§3 §r§7 §r§8 
00:46:59 
00:47:01 
00:47:01 
00:47:14 
00:47:14 
00:47:17 §8 §r§8 §r§1 §r§3 §r§3 §r§7 §r§8 
00:48:59 §8 §r§8 §r§1 §r§3 §r§3 §r§7 §r§8 
00:49:15 
00:50:49 §8 §r§8 §r§1 §r§3 §r§3 §r§7 §r§8 
00:53:25 
00:53:25 
00:53:25 
00:53:25 
01:15:12 
01:15:12 
01:15:12 
01:15:12 
01:15:12  
01:16:39 §8 §r§8 §r§1 §r§3 §r§3 §r§7 §r§8 
01:16:42 §8 §r§8 §r§1 §r§3 §r§3 §r§7 §r§8 
01:17:33 §8 §r§8 §r§1 §r§3 §r§3 §r§7 §r§8 
01:17:42 §8 §r§8 §r§1 §r§3 §r§3 §r§7 §r§8 
01:18:08 
01:18:08 
01:18:16 
01:18:16 
01:19:55 
01:19:55 
01:19:56 
01:19:56 
01:19:58 
01:19:58 
01:19:59 
01:19:59 
01:20:21 §8 §r§8 §r§1 §r§3 §r§3 §r§7 §r§8 
