22:30:57 §b[MVP§e+§b] Sebbebas§f §6joined the lobby!
22:30:57 §b[MVP§3+§b] MSBLP65§f §6joined the lobby!
22:30:58   §r§f§l➤ §r§6You have reached your Hype limit! Add Hype to Prototype Lobby minigames by right-clicking with the Hype Diamond!
22:30:59 §b[MVP§2+§b] S0L0R§f §6joined the lobby!
22:31:03 §b[MVP§c+§b] ChessLobster§f §6joined the lobby!
22:31:08  §b>§c>§a>§r §r§6[MVP§9++§6] ziv_2007§f §6joined the lobby!§r §a<§c<§b<
22:31:08 §b[MVP§f+§b] ydwq§f §6joined the lobby!
22:31:22 §b[MVP§d+§b] AppleJuice1220§f §6joined the lobby!
22:31:26 §b[MVP§c+§b] Morkar_TW§f §6joined the lobby!
22:31:27 §b[MVP§8+§b] eN2nY§f §6joined the lobby!
22:31:27 §b[MVP§e+§b] BiggieCheese420_§f §6joined the lobby!
22:31:29 §b[MVP§d+§b] rebel8275§f §6joined the lobby!
22:31:36 §b[MVP§6+§b] Big_Boy_Izzy§f §6joined the lobby!
22:31:38 §b[MVP§6+§b] Senikai§f §6joined the lobby!
22:31:46 §b[MVP§9+§b] Archi_Mignosi§f §6joined the lobby!
22:31:55 §b[MVP§f+§b] grazle§f §6joined the lobby!
22:31:58 §b[MVP§9+§b] Leo1732§f §6joined the lobby!
22:32:00 §b[MVP§c+§b] ZSapphireZ2nd§f §6joined the lobby!
22:32:03 §b[MVP§c+§b] Deathman38§f §6joined the lobby!
22:32:06 §b[MVP§d+§b] Mingussy§f §6joined the lobby!
22:32:07 §b[MVP§e+§b] Mekashikato§f §6joined the lobby!
22:32:08 §b[MVP§c+§b] 1ronm4n42§f §6joined the lobby!
22:32:10  §b>§c>§a>§r §r§6[MVP§d++§6] Shockwavezs§f §6joined the lobby!§r §a<§c<§b<
22:32:12 §b[MVP§9+§b] DarkNinjaYT_§f §6joined the lobby!
22:32:21  §b>§c>§a>§r §r§6[MVP§0++§6] nQQx§f §6joined the lobby!§r §a<§c<§b<
22:32:22 §b[MVP§c+§b] SWENinjaBoom§f §6joined the lobby!
22:32:35 §b[MVP§d+§b] kyuba_ji§f §6joined the lobby!
22:32:44 §b[MVP§2+§b] Sander_dm3§f §6joined the lobby!
22:32:44 §b[MVP§c+§b] 11zh§f §6joined the lobby!
22:32:44 §b[MVP§d+§b] Autnum§f §6joined the lobby!
22:32:50 §b[MVP§a+§b] Vellic§f §6joined the lobby!
22:32:55 §b[MVP§c+§b] UnknownLmao§f §6joined the lobby!
22:32:55 §b[MVP§e+§b] Shayispog§f §6joined the lobby!
22:33:37 §b[MVP§e+§b] Sebbebas§f §6joined the lobby!
22:33:39   §r§f§l➤ §r§6You have reached your Hype limit! Add Hype to Prototype Lobby minigames by right-clicking with the Hype Diamond!
22:33:43 §b[MVP§f+§b] dubzthewrecker§f §6joined the lobby!
22:33:46 §b[MVP§c+§b] Stranght§f §6joined the lobby!
22:33:47 §b[MVP§c+§b] ChiefCouger§f §6joined the lobby!
22:33:49  §b>§c>§a>§r §r§6[MVP§c++§6] harass§f §6joined the lobby!§r §a<§c<§b<
22:33:52 §b[MVP§c+§b] Btdrxp§f §6joined the lobby!
22:34:01 §b[MVP§c+§b] Chestley§f §6joined the lobby!
22:34:01 §b[MVP§8+§b] sqbre§f §6joined the lobby!
22:34:16 §b[MVP§c+§b] AxelGold§f §6joined the lobby!
22:34:17 §b[MVP§f+§b] Padunch§f §6joined the lobby!
22:34:19 §b[MVP§c+§b] Dividing_§f §6joined the lobby!
22:34:20 §b[MVP§a+§b] SushZ7§f §6joined the lobby!
22:34:26 §b[MVP§c+§b] xAlvaro2§f §6joined the lobby!
22:34:34 §b[MVP§c+§b] KIYOYA132§f §6joined the lobby!
22:34:39 §b[MVP§c+§b] slaner493§f §6joined the lobby!
22:34:40 §b[MVP§2+§b] chickentikkadosa§f §6joined the lobby!
22:34:44 §b[MVP§f+§b] Dcck§f §6joined the lobby!
22:34:51 §b[MVP§f+§b] Sabooki§f §6joined the lobby!
22:34:52 §b[MVP§c+§b] kallsum1234§f §6joined the lobby!
22:34:58 §b[MVP§f+§b] Jemston§f §6joined the lobby!
22:35:08 §b[MVP§d+§b] Bryth§f §6joined the lobby!
22:35:09 §b[MVP§c+§b] AllenHLiao§f §6joined the lobby!
22:35:15 §b[MVP§3+§b] baby__zombie§f §6joined the lobby!
22:35:15 §b[MVP§2+§b] BuiIdings§f §6joined the lobby!
22:35:19 §b[MVP§d+§b] QboneQbone§f §6joined the lobby!
22:35:26  §b>§c>§a>§r §r§6[MVP§f++§6] makatina§f §6joined the lobby!§r §a<§c<§b<
22:35:29 §b[MVP§3+§b] SunTK§f §6joined the lobby!
22:35:30 §b[MVP§f+§b] Scratcha3§f §6joined the lobby!
22:35:32 §b[MVP§f+§b] sheetoflight§f §6joined the lobby!
22:35:36 §b[MVP§d+§b] HuyChann§f §6joined the lobby!
22:35:38 §b[MVP§3+§b] AeonMC§f §6joined the lobby!
22:35:40 §b[MVP§d+§b] AZetscy§f §6joined the lobby!
22:35:44 §b[MVP§d+§b] schnellefeige§f §6joined the lobby!
22:35:47 §b[MVP§c+§b] Nico33445§f §6joined the lobby!
22:35:48 §b[MVP§f+§b] critzcal_§f §6joined the lobby!
22:35:49 §b[MVP§c+§b] ConspicuousDuck§f §6joined the lobby!
22:36:04 §b[MVP§2+§b] TodayMoon8357§f §6joined the lobby!
