15:55:04 §f                                  §6§lBESTIARY
15:55:04 §f                        §b§lGlacite Caver §7§8VIII §8➡§b §bIX
15:55:04 
15:55:04 §f                                  §r§6§lREWARDS
15:55:04 §f                      §r§8+§r§a3 Glacite Caver §r§b✯ Magic Find
15:55:04 §f                      §r§8+§r§a3 Glacite Caver §r§c❁ Strength
15:55:04 §f                          §r§8+§r§62% §r§aGlacite Caver §r§7coins
15:55:04 §f                    §r§8+§r§a50% §r§7chance for extra XP orbs
15:55:04 §f                               §r§8+§r§b1 SkyBlock XP
15:55:04 
15:55:04 §3§l▬▬▬▬▬▬▬▬▬▬▬▬▬▬▬▬▬▬▬▬▬▬▬▬▬▬▬▬▬▬▬▬▬▬▬▬▬▬▬▬▬▬▬▬▬▬▬▬▬▬▬▬▬▬▬▬▬▬▬▬▬▬▬▬
16:00:02 §f                                  §6§lBESTIARY
16:00:02 §f                        §b§lGlacite Bowman §7§8VI §8➡§b §bVII
16:00:02 
16:00:02 §f                                  §r§6§lREWARDS
16:00:02 §f                     §r§8+§r§a3 Glacite Bowman §r§b✯ Magic Find
16:00:02 §f                      §r§8+§r§a3 Glacite Bowman §r§c❁ Strength
16:00:02 §f                         §r§8+§r§62% §r§aGlacite Bowman §r§7coins
16:00:02 §f                    §r§8+§r§a50% §r§7chance for extra XP orbs
16:00:02 §f                               §r§8+§r§b1 SkyBlock XP
16:00:02 
16:00:02 §3§l▬▬▬▬▬▬▬▬▬▬▬▬▬▬▬▬▬▬▬▬▬▬▬▬▬▬▬▬▬▬▬▬▬▬▬▬▬▬▬▬▬▬▬▬▬▬▬▬▬▬▬▬▬▬▬▬▬▬▬▬▬▬▬▬
