09:07:01 
09:07:01 blocked link because:
09:07:01 isGuiScreen
09:07:01 
09:07:29 
09:07:29 blocked link because:
09:07:29 isNotInSignAndOnSlot
09:07:29 
09:07:29 
09:07:29 blocked link because:
09:07:29 isNotInSignAndOnSlot
09:07:29 
09:07:29 allowed click
09:07:29 allowed click
09:07:29 allowed click
09:07:29 allowed click
09:07:29 allowed click
09:07:29 allowed click
09:07:29 allowed click
09:07:29 allowed click
09:07:29 allowed click
09:07:29 allowed click
09:07:29 allowed click
09:07:29 allowed click
09:07:29 allowed click
09:07:29 allowed click
09:07:29 allowed click
09:07:29 allowed click
09:07:29 allowed click
09:07:29 allowed click
09:07:29 allowed click
09:07:29 allowed click
09:07:29 allowed click
09:07:29 allowed click
09:07:29 allowed click
09:07:29 allowed click
09:07:29 allowed click
09:07:29 allowed click
09:07:29 allowed click
09:07:29 allowed click
09:07:29 allowed click
09:07:29 allowed click
09:07:29 allowed click
09:07:29 allowed click
09:07:29 allowed click
09:07:29 allowed click
09:07:29 allowed click
09:07:29 allowed click
09:07:29 allowed click
09:07:29 allowed click
09:07:29 allowed click
09:07:29 allowed click
09:07:29 allowed click
09:07:29 allowed click
09:07:29 allowed click
09:07:29 allowed click
09:07:29 allowed click
09:07:29 allowed click
09:07:29 allowed click
09:07:29 allowed click
09:07:29 allowed click
09:07:29 allowed click
09:07:29 allowed click
09:07:29 allowed click
09:07:29 allowed click
09:07:29 allowed click
09:07:29 allowed click
09:07:29 allowed click
09:07:29 allowed click
09:07:29 allowed click
09:07:29 allowed click
09:07:29 allowed click
09:07:29 allowed click
09:07:29 allowed click
09:07:29 allowed click
09:07:29 allowed click
09:07:29 allowed click
09:07:29 allowed click
09:07:29 allowed click
09:07:29 allowed click
09:07:29 allowed click
