19:15:34 [allowed] §cYou are sending commands too fast! Please slow down.
19:15:38 [allowed] §eYou haven't claimed your §r§6Summer Rewards §r§eyet!
19:15:38 [allowed] §eTalk to the §r§bSummer Sloth §r§ein the §r§aHub!
19:15:39 [allowed] §cYou are sending commands too fast! Please slow down.
19:15:40 [allowed] §6§lBONUS! §r§bTemporarily earn §r§a5% §r§bmore skill experience!
19:15:40 [allowed] §eLatest update: §bSkyBlock v0.20.5 §e§lCLICK
19:16:38 [allowed] §a§r§6Mining Speed Boost §r§ais now available!
19:16:42 [allowed] §aFrom beneath the lava appears a Magma Slug.
19:16:50 [allowed] §7Your Giant's Sword hit §r§c1 §r§7enemy for §r§c1,276,870 §r§7damage.
19:18:01 [allowed] §c ☠ §r§7§r§7Isochronology§r§7 was killed by Lava Flame§r§7§r§7.
19:18:16 [allowed] §c ☠ §r§7§r§aIntheraw1124§r§7 was killed by Fire Mage§r§7§r§7.
19:18:28 [allowed] §c ☠ §r§7§r§b3dlat§r§7 was killed by Inferno Demonlord§r§7§r§7.
19:19:46 [allowed] §6§lTROPHY FISH! §r§bYou caught a §r§9Vanille §r§8§lBRONZE§r§b.
19:19:48 [allowed] §cThere are blocks in the way!
19:20:13 [allowed] §c ☠ §r§7§r§aNeXusFireWareX00§r§7 was killed by §r§8§lBarbarian Duke X§r§7§r§7.
19:20:51 [allowed] §5§lGREAT CATCH! §r§bYou found an §r§aEnchanted Magma Cream§r§b.
19:21:01 [allowed] §c ☠ §r§7§r§bmcc7§r§7 was killed by Inferno Demonlord§r§7§r§7.
19:21:07 [allowed] §6§lTROPHY FISH! §r§bYou caught a §r§fBlobfish §r§8§lBRONZE§r§b.
19:21:21 [allowed] §c ☠ §r§7§r§b3dlat§r§7 was killed by Inferno Demonlord§r§7§r§7.
19:21:38 [allowed] §6§lTROPHY FISH! §r§bYou caught a §r§fBlobfish §r§8§lBRONZE§r§b.
19:21:48 [allowed] §aYour Blessing enchant got you double drops!
19:21:48 [allowed] §6§lGOOD CATCH! §r§bYou found a §r§fMinnow Bait§r§b.
19:21:55 [allowed] §aYou sold §r§fMinnow Bait§r§8 x16 §r§afor §r§6192 Coins§r§a!
19:22:24 [allowed] §c ☠ §r§7§r§7PietroMussoi§r§7 was killed by Blaze§r§7§r§7.
19:22:38 [allowed] §6§lGOOD CATCH! §r§bYou found a §r§fCorrupted Bait§r§b.
19:22:43 [allowed] §aYou sold §r§fCorrupted Bait§r§8 x16 §r§afor §r§616 Coins§r§a!
19:23:08 [allowed] §6§lTROPHY FISH! §r§bYou caught a §r§fBlobfish §r§8§lBRONZE§r§b.
19:23:17 [allowed] §6§lTROPHY FISH! §r§bYou caught a §r§fBlobfish §r§7§lSILVER§r§b.
19:23:30 [allowed] §6§lTROPHY FISH! §r§bYou caught a §r§fBlobfish §r§6§lGOLD§r§b.
19:23:41 [allowed] §6§lTROPHY FISH! §r§bYou caught a §r§fBlobfish §r§8§lBRONZE§r§b.
19:23:51 [allowed] §6§lGOOD CATCH! §r§bYou found a §r§fCarrot Bait§r§b.
19:23:54 [allowed] §aYou sold §r§fCarrot Bait§r§8 x16 §r§afor §r§6112 Coins§r§a!
19:24:22 [allowed] §aYour Blessing enchant got you double drops!
19:24:27 [allowed] §c ☠ §r§7§r§bhhhl_§r§7 was killed by Thunder§r§7§r§7.
19:24:33 [allowed] §c ☠ §r§7§r§b3dlat§r§7 was killed by Inferno Demonlord§r§7§r§7.
19:24:35 [allowed] §c ☠ §r§7§r§bhhhl_§r§7 was killed by Thunder§r§7§r§7.
19:25:26 [allowed] §6§lTROPHY FISH! §r§bYou caught a §r§5Soul Fish §r§8§lBRONZE§r§b.
19:25:37 [allowed] §5§lGREAT CATCH! §r§bYou found an §r§aEnchanted Coal§r§b.
19:25:49 [allowed] §6§lGOOD CATCH! §r§bYou found §r§641,447 Coins§r§b.
19:26:03 [allowed] §6§lTROPHY FISH! §r§bYou caught a §r§fBlobfish §r§8§lBRONZE§r§b.
19:26:49 [allowed] §aYour Blessing enchant got you double drops!
19:27:01 [allowed] §aYour Blessing enchant got you double drops!
19:27:13 [allowed] §aYour Blessing enchant got you double drops!
19:27:38 [allowed] §aYour Blessing enchant got you double drops!
19:27:45 [allowed] §c ☠ §r§7§r§b3dlat§r§7 was killed by §r§4Burningsoul Demon§r§7§r§7.
19:27:49 [allowed] §a§lNEW DISCOVERY: §r§5Soul Fish§r§7 §r§6Gold
19:27:49 [allowed] §6§lTROPHY FISH! §r§bYou caught a §r§5Soul Fish §r§6§lGOLD§r§b.
19:28:00 [allowed] §aYour Blessing enchant got you double drops!
19:28:10 [allowed] §6§lTROPHY FISH! §r§bYou caught a §r§fBlobfish §r§8§lBRONZE§r§b.
19:28:18 [allowed] §aYour Blessing enchant got you double drops!
19:28:43 [allowed] §aYour Blessing enchant got you double drops!
19:29:00 [allowed] §aYour Blessing enchant got you double drops!
19:29:11 [allowed] §6§lTROPHY FISH! §r§bYou caught a §r§fBlobfish §r§8§lBRONZE§r§b.
19:29:59 [allowed] §aYour Blessing enchant got you double drops!
19:30:12 [allowed] §aYour Blessing enchant got you double drops!
19:30:23 [allowed] §aYour Blessing enchant got you double drops!
19:30:45 [allowed] §a§lNEW DISCOVERY: §r§5Soul Fish§r§7 §r§7Silver
19:30:45 [allowed] §6§lTROPHY FISH! §r§bYou caught a §r§5Soul Fish §r§7§lSILVER§r§b.
19:30:56 [allowed] §6§lTROPHY FISH! §r§bYou caught a §r§fBlobfish §r§8§lBRONZE§r§b.
19:31:01 [allowed] §cThere are blocks in the way!
19:31:01 [allowed] §cThere are blocks in the way!
19:31:17 [allowed] §8[§r§f44§r§8] §r§b[MVP] STarnts§f§r§f: what is THAT
19:31:22 [allowed] §c ☠ §r§7§r§bSTarnts§r§7 was killed by §r§4§lMagma Boss§r§7§r§7.
19:31:38 [allowed] §9You spot a §r§6Golden Fish §r§9surface from beneath the lava!
19:31:50 [allowed] §9The §r§6Golden Fish §r§9is resisting...
19:31:51 [allowed] §9The §r§6Golden Fish §r§9escapes your hook but looks weakened.
19:31:51 [allowed] §9The §r§6Golden Fish §r§9is resisting...
19:31:51 [allowed] §9The §r§6Golden Fish §r§9is resisting...
19:31:51 [allowed] §9The §r§6Golden Fish §r§9is resisting...
19:31:52 [allowed] §9The §r§6Golden Fish §r§9is resisting...
19:31:52 [allowed] §9The §r§6Golden Fish §r§9is resisting...
19:31:52 [allowed] §9The §r§6Golden Fish §r§9is resisting...
19:31:52 [allowed] §9The §r§6Golden Fish §r§9is resisting...
19:31:53 [allowed] §9The §r§6Golden Fish §r§9is resisting...
19:31:53 [allowed] §9The §r§6Golden Fish §r§9is resisting...
19:31:53 [allowed] §9The §r§6Golden Fish §r§9is resisting...
19:31:54 [allowed] §9The §r§6Golden Fish §r§9escapes your hook but looks weakened.
19:31:56 [allowed] §9The §r§6Golden Fish §r§9is resisting...
19:31:57 [allowed] §9The §r§6Golden Fish §r§9is resisting...
19:31:57 [allowed] §9The §r§6Golden Fish §r§9is resisting...
19:31:58 [allowed] §9The §r§6Golden Fish §r§9is resisting...
19:31:58 [allowed] §9The §r§6Golden Fish §r§9is weak!
19:31:58 [allowed] §6§lTROPHY FISH! §r§bYou caught a §r§6Golden Fish §r§7§lSILVER§r§b.
19:32:42 [allowed] §6§lTROPHY FISH! §r§bYou caught a §r§9Lavahorse §r§8§lBRONZE§r§b.
19:32:58 [allowed] §6§lTROPHY FISH! §r§bYou caught a §r§9Mana Ray §r§7§lSILVER§r§b.
19:33:14 [allowed] §c ☠ §r§7§r§aAMIRSOTOUDEH§r§7 was killed by §r§8§lBladesoul§r§7§r§7.
19:33:15 [allowed] §6§lTROPHY FISH! §r§bYou caught a §r§9Vanille §r§8§lBRONZE§r§b.
19:33:27 [allowed] §6§lTROPHY FISH! §r§bYou caught a §r§fSulphur Skitter §r§8§lBRONZE§r§b.
19:34:47 [allowed] §6§lTROPHY FISH! §r§bYou caught a §r§fSulphur Skitter §r§7§lSILVER§r§b.
19:34:57 [allowed] §c ☠ §r§7§r§bhhhl_§r§7 was killed by Thunder§r§7§r§7.
19:35:04 [allowed] §c ☠ §r§7§r§bqStormz§r§7 was killed by Thunder§r§7§r§7.
19:35:29 [allowed] §c ☠ §r§7§r§bhhhl_§r§7 was killed by Thunder§r§7§r§7.
19:35:35 [allowed] §c ☠ §r§7§r§bqStormz§r§7 was killed by Thunder§r§7§r§7.
19:36:03 [allowed] §c ☠ §r§7§r§bSTarnts§r§7 was killed by Dive Ghast§r§7§r§7.
19:36:20 [allowed] §aYou bought back §r§fCarrot Bait§r§8 x16 §r§afor §r§6112 Coins§r§a!
19:36:20 [allowed] §aYou bought back §r§fCorrupted Bait§r§8 x16 §r§afor §r§616 Coins§r§a!
19:36:21 [allowed] §aYou sold §r§fCarrot Bait§r§8 x16 §r§afor §r§6112 Coins§r§a!
19:37:50 [allowed] §6§lTROPHY FISH! §r§bYou caught a §r§fSulphur Skitter §r§8§lBRONZE§r§b.
19:38:33 [allowed] §6§lTROPHY FISH! §r§bYou caught a §r§5Skeleton Fish §r§8§lBRONZE§r§b.
19:39:26 [allowed] §6§lTROPHY FISH! §r§bYou caught a §r§fBlobfish §r§8§lBRONZE§r§b.
19:39:57 [allowed] §6§lTROPHY FISH! §r§bYou caught a §r§fBlobfish §r§8§lBRONZE§r§b.
19:40:03 [allowed] §5Rabbit Granny §r§7has been promoted to §r§7[170§r§7] §r§5Manager§r§7!
19:40:03 [allowed] §6Rabbit Cousin §r§7has been promoted to §r§7[189§r§7] §r§6Director§r§7!
19:40:04 [allowed] §6Rabbit Daddy §r§7has been promoted to §r§7[175§r§7] §r§6Director§r§7!
19:40:05 [allowed] §6Rabbit Sis §r§7has been promoted to §r§7[181§r§7] §r§6Director§r§7!
19:40:06 [allowed] §5Rabbit Uncle §r§7has been promoted to §r§7[167§r§7] §r§5Manager§r§7!
19:40:08 [allowed] §c ☠ §r§7§r§7Isochronology§r§7 was killed by Lava Leech§r§7§r§7.
19:40:08 [allowed] §d§lTIME TOWER! §r§7Your §r§6Chocolate Factory §r§7production has increased by §r§6+0.3x §r§7for §r§a1h§r§7!
19:40:12 [allowed] §6§lTROPHY FISH! §r§bYou caught an §r§f§kObfuscated 1 §r§8§lBRONZE§r§b.
19:40:57 [allowed] §6§lTROPHY FISH! §r§bYou caught a §r§fSulphur Skitter §r§7§lSILVER§r§b.
19:42:11 [allowed] §6§lTROPHY FISH! §r§bYou caught a §r§fSulphur Skitter §r§8§lBRONZE§r§b.
19:42:44 [allowed] §6§lTROPHY FISH! §r§bYou caught a §r§fSulphur Skitter §r§8§lBRONZE§r§b.
19:42:57 [allowed] §c ☠ §r§7§r§6YutoriNatu§r§7 was killed by Moogma§r§7§r§7.
19:43:55 [allowed] §6§lTROPHY FISH! §r§bYou caught a §r§fBlobfish §r§7§lSILVER§r§b.
19:44:32 [allowed] §c ☠ §r§7§r§7justcqrry§r§7 was killed by Fire Mage§r§7§r§7.
19:44:38 [allowed] §c ☠ §r§7§r§6ImNotGood§r§7 was killed by §r§4Burningsoul Demon§r§7§r§7.
19:45:15 [allowed] §c ☠ §r§7§r§bQywn§r§7 was killed by Thunder§r§7§r§7.
19:45:27 [allowed] §6§lTROPHY FISH! §r§bYou caught a §r§9Lavahorse §r§8§lBRONZE§r§b.
19:46:34 [allowed] §6§lTROPHY FISH! §r§bYou caught a §r§9Lavahorse §r§8§lBRONZE§r§b.
19:47:16 [allowed] §8[§r§d329§r§8] §r§6ᛃ §r§b[MVP§c+§b] ZeroFun00§f§r§f: 7bz
19:47:25 [allowed] §6§lTROPHY FISH! §r§bYou caught a §r§fBlobfish §r§8§lBRONZE§r§b.
19:47:58 [allowed] §6§lTROPHY FISH! §r§bYou caught a §r§fSulphur Skitter §r§8§lBRONZE§r§b.
19:48:21 [allowed] §8[§r§b203§r§8] §r§6§lꤥ §r§a[VIP§6+§a] HamodyX§f§r§f: doing magma join if yall want
19:49:03 [allowed] §c ☠ §r§7§r§7justcqrry§r§7 was killed by §r§4§lMagma Boss§r§7§r§7.
19:49:31 [allowed] §c ☠ §r§7§r§bWottah§r§7 was crushed§r§7.
19:50:17 [allowed] §c ☠ §r§7§r§aHamodyX§r§7 was killed by §r§cMagma Glare§r§7§r§7.
19:51:27 [allowed] §cThere are blocks in the way!
19:51:34 [allowed] §c ☠ §r§7§r§aHamodyX§r§7 was killed by §r§cMagma Glare§r§7§r§7.
19:51:39 [allowed] §9You spot a §r§6Golden Fish §r§9surface from beneath the lava!
19:51:43 [allowed] §cThere are blocks in the way!
19:51:43 [allowed] §cThere are blocks in the way!
19:51:43 [allowed] §cThere are blocks in the way!
19:51:43 [allowed] §cThere are blocks in the way!
19:51:44 [allowed] §cThere are blocks in the way!
19:51:46 [allowed] §cThere are blocks in the way!
19:51:46 [allowed] §cThere are blocks in the way!
19:51:51 [allowed] §9The §r§6Golden Fish §r§9escapes your hook but looks weakened.
19:51:53 [allowed] §8[§r§b203§r§8] §r§6§lꤥ §r§a[VIP§6+§a] HamodyX§f§r§f: ok so
19:52:01 [allowed] §9The §r§6Golden Fish §r§9is resisting...
19:52:02 [allowed] §9The §r§6Golden Fish §r§9escapes your hook but looks weakened.
19:52:05 [allowed] §9The §r§6Golden Fish §r§9is resisting...
19:52:05 [allowed] §9The §r§6Golden Fish §r§9is weak!
19:52:06 [allowed] §6§lTROPHY FISH! §r§bYou caught a §r§6Golden Fish §r§7§lSILVER§r§b.
19:52:12 [allowed] §c ☠ §r§7§r§bCenturion_MK8§r§7 was killed by §r§5§lMage Outlaw§r§7§r§7.
19:52:37 [allowed] §8[§r§b236§r§8] §r§7Σ §r§b[MVP§f+§b] MapleAlt§f§r§f: can someone help me kill ashfang for the daily
19:52:41 [allowed] §c ☠ §r§7§r§bWottah§r§7 was killed by §r§4§lMagma Boss§r§7§r§7.
19:53:07 [allowed] §c ☠ §r§7§r§aHamodyX§r§7 was killed by §r§cMagma Glare§r§7§r§7.
19:53:13 [allowed] §6§lTROPHY FISH! §r§bYou caught a §r§aSlugfish §r§8§lBRONZE§r§b.
19:53:20 [allowed] §c ☠ §r§7§r§bWottah§r§7 was killed by §r§cMagma Glare§r§7§r§7.
19:53:42 [allowed] §c ☠ §r§7§r§7justcqrry§r§7 was killed by §r§4§lMagma Boss§r§7§r§7.
19:53:59 [allowed] §c ☠ §r§7§r§aHamodyX§r§7 was killed by §r§4§lMagma Boss§r§7§r§7.
19:54:00 [allowed] §6§lTROPHY FISH! §r§bYou caught a §r§9Vanille §r§8§lBRONZE§r§b.
19:54:17 [allowed] §6§lTROPHY FISH! §r§bYou caught a §r§fBlobfish §r§8§lBRONZE§r§b.
19:54:42 [allowed] §c ☠ §r§7§r§aHamodyX§r§7 was killed by §r§cMagma Glare§r§7§r§7.
19:55:13 [allowed] §c ☠ §r§7§r§bQywn§r§7 was killed by Thunder§r§7§r§7.
19:55:20 [allowed] §c ☠ §r§7§r§bRupturedMoon§r§7 was killed by Thunder§r§7§r§7.
19:55:29 [allowed] §8[§r§b227§r§8] §r§b[MVP§c+§b] Wottah §7♲§5ቾ§f§r§f: new record woow!
19:55:44 [allowed] §6§lTROPHY FISH! §r§bYou caught a §r§5Skeleton Fish §r§8§lBRONZE§r§b.
19:56:04 [allowed] §c ☠ §r§7§r§bAuMgAn§r§7 was killed by Fire Eel§r§7§r§7.
19:56:36 [allowed] §6§lTROPHY FISH! §r§bYou caught a §r§fBlobfish §r§8§lBRONZE§r§b.
19:56:53 [allowed] §6§lGOOD CATCH! §r§bYou found an §r§aIce Bait§r§b.
19:56:57 [allowed] §aYou sold §r§aIce Bait§r§8 x16 §r§afor §r§648 Coins§r§a!
19:57:05 [allowed] §6§lTROPHY FISH! §r§bYou caught a §r§fBlobfish §r§8§lBRONZE§r§b.
19:57:18 [allowed] §6§lGOOD CATCH! §r§bYou found a §r§fDark Bait§r§b.
19:57:22 [allowed] §6[Bazaar] §r§7Executing instant sell...
19:57:22 [allowed] §6[Bazaar] §r§7Sold §r§a16§r§7x §r§fDark Bait §r§7for §r§618,904 coins§r§7!
19:57:41 [allowed] §c ☠ §r§7§r§bWottah§r§7 was killed by §r§4§lMagma Boss§r§7§r§7.
19:57:47 [allowed] §8Depositing coins...
19:57:47 [allowed] §aDeposited §r§6210k coins§r§a! There's now §r§6447M coins §r§ain the account!
19:58:00 [allowed] §6§lTROPHY FISH! §r§bYou caught a §r§fBlobfish §r§8§lBRONZE§r§b.
19:58:46 [allowed] §cThere are blocks in the way!
19:58:46 [allowed] §cThere are blocks in the way!
19:59:03 [allowed] §cThere is not enough supply on the Bazaar!
19:59:09 [allowed] §8Withdrawing coins...
19:59:09 [allowed] §aWithdrew §r§610M coins§r§a! There's now §r§6437M coins §r§aleft in the account!
19:59:23 [allowed] §cThere is not enough supply on the Bazaar!
19:59:26 [allowed] §6[Bazaar] §r§7Executing instant buy...
19:59:26 [allowed] §3You applied 1,100,000 experience!
19:59:26 [allowed] §6[Bazaar] §r§7Bought §r§a1§r§7x §r§9Titanic Experience Bottle §r§7for §r§6599,987 coins§r§7!
19:59:28 [allowed] §cThere is not enough supply on the Bazaar!
19:59:35 [allowed] §aYou enchanted your §r§aBronze Hunter Helmet §r§awith Fire Protection V§r§a!
19:59:44 [allowed] §aYou enchanted your §r§aBronze Hunter Chestplate §r§awith Fire Protection V§r§a!
19:59:56 [allowed] §aYou enchanted your §r§aBronze Hunter Leggings §r§awith Fire Protection V§r§a!
20:00:14 [allowed] §aYou enchanted your §r§aBronze Hunter Boots §r§awith Fire Protection V§r§a!
20:01:43 [allowed] §8[§r§5387§r§8] §r§6ꀾ §r§b[MVP§9+§b] rive8§f§r§f: Your Auto Recombobulator recombobulated Slug Boots!
20:02:18 [allowed] §8[§r§3262§r§8] §r§5§l࿇ §r§b[MVP§r§9+§r§b] Sebbebas§r§f: nice
20:02:25 [allowed] §8[§r§3262§r§8] §r§5§l࿇ §r§b[MVP§r§9+§r§b] Sebbebas§r§f: atributes?
20:02:30 [allowed] §c ☠ §r§7§r§bShiro_Kat§r§7 was killed by Thunder§r§7§r§7.
20:02:32 [allowed] §6§lTROPHY FISH! §r§bYou caught a §r§9Lavahorse §r§8§lBRONZE§r§b.
20:02:36 [allowed] §c ☠ §r§7§r§bZeroFun00§r§7 was killed by Thunder§r§7§r§7.
20:03:05 [allowed] §aYour Blessing enchant got you double drops!
20:04:42 [allowed] §6§lTROPHY FISH! §r§bYou caught a §r§5Skeleton Fish §r§8§lBRONZE§r§b.
20:05:38 [allowed] §6§lTROPHY FISH! §r§bYou caught a §r§9Mana Ray §r§8§lBRONZE§r§b.
20:06:05 [allowed] §a§lNEW DISCOVERY: §r§9Vanille§r§7 §r§7Silver
20:06:05 [allowed] §6§lTROPHY FISH! §r§bYou caught a §r§9Vanille §r§7§lSILVER§r§b.
20:06:10 [allowed] §c ☠ §r§7§r§brive8§r§7 was killed by Thunder§r§7§r§7.
20:06:51 [allowed] §aYour Blessing enchant got you double drops!
20:07:36 [allowed] §a§lNEW DISCOVERY: §r§aSlugfish§r§7 §r§7Silver
20:07:36 [allowed] §6§lTROPHY FISH! §r§bYou caught a §r§aSlugfish §r§7§lSILVER§r§b.
20:07:51 [allowed] §9You spot a §r§6Golden Fish §r§9surface from beneath the lava!
20:07:53 [allowed] §9The §r§6Golden Fish §r§9is resisting...
20:07:54 [allowed] §9The §r§6Golden Fish §r§9is resisting...
20:07:55 [allowed] §9The §r§6Golden Fish §r§9is resisting...
20:07:55 [allowed] §9The §r§6Golden Fish §r§9is resisting...
20:07:55 [allowed] §9The §r§6Golden Fish §r§9is resisting...
20:07:55 [allowed] §9The §r§6Golden Fish §r§9is resisting...
20:07:55 [allowed] §9The §r§6Golden Fish §r§9is resisting...
20:07:55 [allowed] §9The §r§6Golden Fish §r§9is resisting...
20:07:56 [allowed] §9The §r§6Golden Fish §r§9is resisting...
20:07:56 [allowed] §9The §r§6Golden Fish §r§9is resisting...
20:07:56 [allowed] §9The §r§6Golden Fish §r§9escapes your hook but looks weakened.
20:08:01 [allowed] §9The §r§6Golden Fish §r§9escapes your hook but looks weakened.
20:08:05 [allowed] §9The §r§6Golden Fish §r§9is weak!
20:08:07 [allowed] §6§lTROPHY FISH! §r§bYou caught a §r§6Golden Fish §r§8§lBRONZE§r§b.
20:08:44 [allowed] §6§lGOOD CATCH! §r§bYou found a §r§fDark Bait§r§b.
20:09:06 [allowed] §6[Bazaar] §r§7Executing instant sell...
20:09:07 [allowed] §6[Bazaar] §r§7Sold §r§a16§r§7x §r§fDark Bait §r§7for §r§618,906 coins§r§7!
20:09:19 [allowed] §aYour Blessing enchant got you double drops!
20:09:54 [allowed] §6[Bazaar] §r§7Executing instant sell...
20:09:54 [allowed] §6[Bazaar] §r§7Sold §r§a659§r§7x §r§fRaw Salmon §r§7for §r§66,590 coins§r§7!
20:10:00 [allowed] §6[Bazaar] §r§7Executing instant buy...
20:10:00 [allowed] §6[Bazaar] §r§7Bought §r§a512§r§7x §r§fRaw Salmon §r§7for §r§613,312 coins§r§7!
20:10:19 [allowed] §6[Bazaar] §r§7Executing instant buy...
20:10:19 [allowed] §6[Bazaar] §r§7Bought §r§a1,024§r§7x §r§fRaw Fish §r§7for §r§681,491 coins§r§7!
20:10:32 [allowed] §c ☠ §r§7§r§bZeroFun00§r§7 was killed by Thunder§r§7§r§7.
20:10:33 [allowed] §eMaxed the Supercraft to §r§b512x crafts§r§e!
20:10:35 [allowed] §eYou Supercrafted §r§r§r§fFish Bait §r§8x512§r§e!
20:10:40 [allowed] §8[§r§d329§r§8] §r§6ᛃ §r§b[MVP§c+§b] ZeroFun00§f§r§f: x: -296, y: 139, z: -571
20:11:10 [allowed] §8[§r§d329§r§8] §r§6ᛃ §r§b[MVP§c+§b] ZeroFun00§f§r§f: ivan join call
20:11:11 [allowed] §8[§r§d329§r§8] §r§6ᛃ §r§b[MVP§c+§b] ZeroFun00§f§r§f: wc
20:11:18 [allowed] §8[§r§3275§r§8] §r§6♫ §r§b[MVP§f+§b] NotNicee§f§r§f: yeah ivan join call dude
20:11:22 [allowed] §c ☠ §r§7§r§bWottah§r§7 was killed by §r§6Unstable Magma§r§7§r§7.
20:11:22 [allowed] §8[§r§d329§r§8] §r§6ᛃ §r§b[MVP§c+§b] ZeroFun00§f§r§f: xd
20:11:34 [allowed] §8[§r§b213§r§8] §r§7§l⚛ §r§b[MVP§d+§b] QuintoSan§f§r§f: god damn it ivan join that callllll!
20:11:39 [allowed] §6§lTROPHY FISH! §r§bYou caught a §r§9Lavahorse §r§8§lBRONZE§r§b.
20:12:16 [allowed] §6§lTROPHY FISH! §r§bYou caught a §r§fBlobfish §r§8§lBRONZE§r§b.
20:12:26 [allowed] §6§lTROPHY FISH! §r§bYou caught a §r§9Lavahorse §r§8§lBRONZE§r§b.
20:12:38 [allowed] §6§lTROPHY FISH! §r§bYou caught a §r§fBlobfish §r§8§lBRONZE§r§b.
20:13:10 [allowed] §aYour Blessing enchant got you double drops!
20:13:32 [allowed] §6§lTROPHY FISH! §r§bYou caught a §r§fBlobfish §r§8§lBRONZE§r§b.
20:13:57 [allowed] §6§lTROPHY FISH! §r§bYou caught a §r§fBlobfish §r§8§lBRONZE§r§b.
20:14:05 [allowed] §6§lTROPHY FISH! §r§bYou caught a §r§fBlobfish §r§7§lSILVER§r§b.
20:14:33 [allowed] §6§lGOOD CATCH! §r§bYou found a §r§fSpiked Bait§r§b.
20:14:36 [allowed] §aYou sold §r§fSpiked Bait§r§8 x16 §r§afor §r§6320 Coins§r§a!
20:14:44 [allowed] §6§lTROPHY FISH! §r§bYou caught a §r§fBlobfish §r§8§lBRONZE§r§b.
20:15:02 [allowed] §b§lFISHING FESTIVAL §r§eThe festival is now underway! Break out your fishing rods and watch out for sharks!
20:15:12 [allowed] §6§lTROPHY FISH! §r§bYou caught a §r§fBlobfish §r§8§lBRONZE§r§b.
20:15:48 [allowed] §eYou haven't claimed your §r§6Summer Rewards §r§eyet!
20:15:48 [allowed] §eTalk to the §r§bSummer Sloth §r§ein the §r§aHub!
20:15:50 [allowed] §cYou are sending commands too fast! Please slow down.
20:15:52 [allowed] §8[§r§f67§r§8] §r§7wakandust§7§r§7: h
20:15:56 [allowed] §cThere are blocks in the way!
20:16:07 [allowed] §aYou caught a Sea Walker.
20:16:17 [allowed] §8[§r§a134§r§8] §r§7☖ §r§b[MVP§6+§b] FallenCanif§f§r§f: no chum
20:16:23 [allowed] §aYou stumbled upon a Sea Guardian.
20:16:32 [allowed] §aA striped beast bounds from the depths, the wild Tiger Shark!
20:16:33 [allowed] §c ☠ §r§7§r§aMaxxExists§r§7 was killed by Great White Shark§r§7§r§7.
20:16:47 [allowed] §aYou reeled in a Sea Archer.
20:16:50 [allowed] §a§r§6Mining Speed Boost §r§ais now available!
20:16:54 [allowed] §aYou spot a fin as blue as the water it came from, it's a Blue Shark.
20:17:01 [allowed] §aYou have sent a trade request to §r§7minik1nohutcuk§r§a.
20:17:08 [allowed] §aIt looks like you've disrupted the Sea Witch's brewing session. Watch out, she's furious!
20:17:11 [allowed] §cYour /trade request to §r§7minik1nohutcuk§r§7 §r§cexpired!
20:17:24 [allowed] §aYour Chumcap Bucket trembles, it's an Agarimoo.
20:17:24 [allowed] §cThe Agarimoo's fumes are damaging you!
20:17:29 [allowed] §e§lLOOT SHARE §r§r§r§fYou received loot for assisting §r§bGameWhales§r§f!
20:17:34 [allowed] §aYou stumbled upon a Sea Guardian.
20:17:35 [allowed] §e§lLOOT SHARE §r§r§r§fYou received loot for assisting §r§asunAurin§r§f!
20:17:42 [allowed] §aA Squid appeared.
20:17:44 [allowed] §e§lLOOT SHARE §r§r§r§fYou received loot for assisting §r§7minik1nohutcuk§r§f!
20:17:44 [allowed] §a§l+5 Kill Combo §r§8§r§b+3✯ Magic Find
20:17:44 [allowed] §3§l▬▬▬▬▬▬▬▬▬▬▬▬▬▬▬▬▬▬▬▬▬▬▬▬▬▬▬▬▬▬▬▬▬▬▬▬▬▬▬▬▬▬▬▬▬▬▬▬▬▬▬▬▬▬▬▬▬▬▬▬▬▬▬▬
20:17:44 [allowed] §7Your Giant's Sword hit §r§c3 §r§7enemies for §r§c2,534,571 §r§7damage.
20:17:50 [allowed] §aThe Rider of the Deep has emerged.
20:17:52 [allowed] §cYour Kill Combo has expired! You reached a 6 Kill Combo!
20:17:56 [allowed] §aA tiny fin emerges from the water, you've caught a Nurse Shark.
20:18:19 [allowed] §e§lLOOT SHARE §r§r§r§fYou received loot for assisting §r§bLilanen§r§f!
20:18:28 [allowed] §aYou reeled in a Sea Archer.
20:18:30 [allowed] §e§lLOOT SHARE §r§r§r§fYou received loot for assisting §r§bGameWhales§r§f!
20:18:33 [allowed] §aYou caught a Sea Walker.
20:18:38 [allowed] §aYou stumbled upon a Sea Guardian.
20:18:45 [allowed] §aA Squid appeared.
20:18:52 [allowed] §aA Squid appeared.
20:18:58 [allowed] §aGross! A Sea Leech!
20:19:08 [allowed] §6§lGOOD CATCH! §r§bYou found §r§6105,698 Coins§r§b.
20:19:26 [allowed] §cAutopet §eequipped your §7[Lvl 100] §dBlack Cat§e! §a§lVIEW RULE
20:19:32 [allowed] §e§lLOOT SHARE §r§r§r§fYou received loot for assisting §r§bGameWhales§r§f!
20:19:37 [allowed] §cAutopet §eequipped your §7[Lvl 77] §6Ammonite§e! §a§lVIEW RULE
20:19:47 [allowed] §aIt looks like you've disrupted the Sea Witch's brewing session. Watch out, she's furious!
20:19:58 [allowed] §8[§r§3274§r§8] §r§b[MVP§9+§b] Elec_trick771§f§r§f: agaricus chumcup is terrible
20:20:05 [allowed] §aGross! A Sea Leech!
20:20:06 [allowed] §e§lLOOT SHARE §r§r§r§fYou received loot for assisting §r§asunAurin§r§f!
20:20:07 [allowed] §aYour §r§6Ammonite §r§aleveled up to level §r§978§r§a!
20:20:07 [allowed] §e§lLOOT SHARE §r§r§r§fYou received loot for assisting §r§bGameWhales§r§f!
20:20:07 [allowed] §7Your Giant's Sword hit §r§c2 §r§7enemies for §r§c2,284,788 §r§7damage.
20:20:08 [allowed] §8[§r§f67§r§8] §r§7wakandust§7§r§7: *shark*
20:20:14 [allowed] §aA Squid appeared.
20:20:22 [allowed] §aA tiny fin emerges from the water, you've caught a Nurse Shark.
20:20:22 [allowed] §a§l+5 Kill Combo §r§8§r§b+3✯ Magic Find
20:20:27 [allowed] §6§lGOOD CATCH! §r§bYou found §r§628,988 Coins§r§b.
20:20:30 [allowed] §cYour Kill Combo has expired! You reached a 5 Kill Combo!
20:20:32 [allowed] §aGross! A Sea Leech!
20:20:34 [allowed] §cThis ability is on cooldown for 3s.
20:20:48 [allowed] §aA tiny fin emerges from the water, you've caught a Nurse Shark.
20:20:53 [allowed] §c ☠ §r§7§r§7wakandust§r§7 was killed by Guardian Defender§r§7§r§7.
20:21:03 [allowed] §aYou spot a fin as blue as the water it came from, it's a Blue Shark.
20:21:05 [allowed] §e§lLOOT SHARE §r§r§r§fYou received loot for assisting §r§bRng_v2§r§f!
20:21:05 [allowed] §e§lLOOT SHARE §r§r§r§fYou received loot for assisting §r§asunAurin§r§f!
20:21:05 [allowed] §e§lLOOT SHARE §r§r§r§fYou received loot for assisting §r§bRng_v2§r§f!
20:21:05 [allowed] §a§l+5 Kill Combo §r§8§r§b+3✯ Magic Find
20:21:05 [allowed] §7Your Giant's Sword hit §r§c5 §r§7enemies for §r§c4,619,749 §r§7damage.
20:21:11 [allowed] §cThere are blocks in the way!
20:21:13 [allowed] §cYour Kill Combo has expired! You reached a 5 Kill Combo!
20:21:23 [allowed] §6§lGOOD CATCH! §r§bYou found a §r§fPrismarine Crystals§r§b.
20:21:29 [allowed] §aYour Chumcap Bucket trembles, it's an Agarimoo.
20:21:29 [allowed] §cThe Agarimoo's fumes are damaging you!
20:21:32 [allowed] §6§lRARE DROP! §r§fEnchanted Book §r§b(+§r§b177% §r§b✯ Magic Find§r§b)
20:21:40 [allowed] §aA tiny fin emerges from the water, you've caught a Nurse Shark.
20:21:49 [allowed] §aA tiny fin emerges from the water, you've caught a Nurse Shark.
20:21:54 [allowed] §aA Squid appeared.
20:22:02 [allowed] §aYour Chumcap Bucket trembles, it's an Agarimoo.
20:22:02 [allowed] §cThe Agarimoo's fumes are damaging you!
20:22:13 [allowed] §aA Squid appeared.
20:22:19 [allowed] §aYou caught a Sea Walker.
20:22:26 [allowed] §aYour Chumcap Bucket trembles, it's an Agarimoo.
20:22:26 [allowed] §cThe Agarimoo's fumes are damaging you!
20:22:28 [allowed] §e§lLOOT SHARE §r§r§r§fYou received loot for assisting §r§bLilanen§r§f!
20:22:28 [allowed] §7Your Giant's Sword hit §r§c3 §r§7enemies for §r§c2,713,103 §r§7damage.
20:22:30 [allowed] §cThere are blocks in the way!
20:22:34 [allowed] §bGameWhales §ahas sent you a trade request. §bClick here §ato accept!
20:22:44 [allowed] §cThe /trade request from §r§b[MVP§r§2+§r§b] GameWhales§r§f §r§cexpired!
20:22:48 [allowed] §bGameWhales §ahas sent you a trade request. §bClick here §ato accept!
20:22:53 [allowed] §aYou reeled in a Sea Archer.
20:22:58 [allowed] §aIt looks like you've disrupted the Sea Witch's brewing session. Watch out, she's furious!
20:22:58 [allowed] §cThe /trade request from §r§b[MVP§r§2+§r§b] GameWhales§r§f §r§cexpired!
20:23:05 [allowed] §aA Squid appeared.
20:23:08 [allowed] §b_IGT_ §ahas sent you a trade request. §bClick here §ato accept!
20:23:13 [allowed] §aA Squid appeared.
20:23:18 [allowed] §cThe /trade request from §r§b[MVP§r§c+§r§b] _IGT_§r§f §r§cexpired!
20:23:20 [allowed] §c ☠ §r§7§r§7BiryaniIsLife§r§7 was killed by Agarimoo§r§7§r§7.
20:23:29 [allowed] §aYour bait got you double drops!
20:23:36 [allowed] §aYou caught a Sea Walker.
20:23:42 [allowed] §aYou caught a Sea Walker.
20:23:50 [allowed] §aIt looks like you've disrupted the Sea Witch's brewing session. Watch out, she's furious!
20:23:50 [allowed] §6§lRARE DROP! §r§fEnchanted Book §r§b(+§r§b142% §r§b✯ Magic Find§r§b)
20:23:57 [allowed] §aYour Blessing enchant got you double drops!
20:23:57 [allowed] §6§lGOOD CATCH! §r§bYou found a §r§aGrand Experience Bottle§r§b.
20:24:04 [allowed] §aThe Sea Emperor arises from the depths.
20:24:08 [allowed] §cAutopet §eequipped your §7[Lvl 100] §dBlack Cat§e! §a§lVIEW RULE
20:24:09 [allowed] §e§lLOOT SHARE §r§r§r§fYou received loot for assisting §r§bLilanen§r§f!
20:24:10 [allowed] §6§lRARE DROP! §r§fEnchanted Book §r§b(+§r§b161% §r§b✯ Magic Find§r§b)
20:24:19 [allowed] §cAutopet §eequipped your §7[Lvl 78] §6Ammonite§e! §a§lVIEW RULE
20:24:21 [allowed] §cAutopet §eequipped your §7[Lvl 100] §dBlack Cat§e! §a§lVIEW RULE
20:24:30 [allowed] §cAutopet §eequipped your §7[Lvl 78] §6Ammonite§e! §a§lVIEW RULE
20:24:38 [allowed] §aHuh? A Catfish!
20:24:53 [allowed] §aA tiny fin emerges from the water, you've caught a Nurse Shark.
20:25:02 [allowed] §aA striped beast bounds from the depths, the wild Tiger Shark!
20:25:02 [allowed] §c ☠ §r§7§r§aSlyfox2235§r§7 was killed by Silverfish§r§7§r§7.
20:25:21 [allowed] §aYou have awoken the Deep Sea Protector, prepare for a battle!
20:25:22 [allowed] §7Your Giant's Sword hit §r§c2 §r§7enemies for §r§c2,070,728 §r§7damage.
20:25:37 [allowed] §6[Bazaar] §r§7Executing instant buy...
20:25:37 [allowed] §6[Bazaar] §r§7Bought §r§a1§r§7x §r§aShark Bait §r§7for §r§6134.0 coins§r§7!
20:26:12 [allowed] §6[Bazaar] §r§7Executing instant buy...
20:26:12 [allowed] §6[Bazaar] §r§7Bought §r§a64§r§7x §r§aShark Bait §r§7for §r§68,569.6 coins§r§7!
20:26:13 [allowed] §6[Bazaar] §r§7Executing instant buy...
20:26:13 [allowed] §6[Bazaar] §r§7Bought §r§a64§r§7x §r§aShark Bait §r§7for §r§68,569.6 coins§r§7!
20:26:14 [allowed] §6[Bazaar] §r§7Executing instant buy...
20:26:14 [allowed] §6[Bazaar] §r§7Bought §r§a64§r§7x §r§aShark Bait §r§7for §r§68,569.6 coins§r§7!
20:26:14 [allowed] §6[Bazaar] §r§7Executing instant buy...
20:26:14 [allowed] §6[Bazaar] §r§7Bought §r§a64§r§7x §r§aShark Bait §r§7for §r§68,569.6 coins§r§7!
20:26:32 [allowed] §aYou caught a Sea Walker.
20:26:39 [allowed] §aA tiny fin emerges from the water, you've caught a Nurse Shark.
20:26:40 [allowed] §8[§r§e103§r§8] §r§7⧉ §r§a[VIP] BOOMSTRUCTUUR_§f§r§f: What is best fihing pet?
20:26:45 [allowed] §aYour Chumcap Bucket trembles, it's an Agarimoo.
20:26:45 [allowed] §cThe Agarimoo's fumes are damaging you!
20:26:55 [allowed] §8[§r§2187§r§8] §r§b[MVP§c+§b] Kalugero §7♲§f§r§f: depend on your sc
20:27:00 [allowed] §aYour Chumcap Bucket trembles, it's an Agarimoo.
20:27:00 [allowed] §cThe Agarimoo's fumes are damaging you!
20:27:04 [allowed] §cThe Agarimoo's fumes are damaging you!
20:27:08 [allowed] §aYour Chumcap Bucket trembles, it's an Agarimoo.
20:27:09 [allowed] §cThe Agarimoo's fumes are damaging you!
20:27:10 [allowed] §7Your Giant's Sword hit §r§c1 §r§7enemy for §r§c1,034,896 §r§7damage.
20:27:13 [allowed] §8[§r§e103§r§8] §r§7⧉ §r§a[VIP] BOOMSTRUCTUUR_§f§r§f: Its not that high
20:27:18 [allowed] §8[§r§2187§r§8] §r§b[MVP§c+§b] Kalugero §7♲§f§r§f: ammonite ?
20:27:23 [allowed] §aA tiny fin emerges from the water, you've caught a Nurse Shark.
20:27:33 [allowed] §c ☠ §r§7§r§aSlyfox2235§r§7 was killed by Weaver Spider§r§7§r§7.
20:27:33 [allowed] §aA tiny fin emerges from the water, you've caught a Nurse Shark.
20:27:41 [allowed] §aYou sold §r§c◆ Blood Rune I§r§8 x1 §r§afor §r§61 Coin§r§a!
20:27:46 [allowed] §8[§r§b239§r§8] §r§7❤ §r§b[MVP§5+§b] Lilanen§f§r§f: flying fish is good
20:27:47 [allowed] §c ☠ §r§7§r§aSlyfox2235§r§7 was killed by Dasher Spider§r§7§r§7.
20:27:51 [allowed] §aA Squid appeared.
20:27:58 [allowed] §aYou've discovered a Guardian Defender of the sea.
20:28:00 [allowed] §e§lLOOT SHARE §r§r§r§fYou received loot for assisting §r§b_IGT_§r§f!
20:28:00 [allowed] §8[§r§b239§r§8] §r§7❤ §r§b[MVP§5+§b] Lilanen§f§r§f: megalodon on fishing festifal
20:28:13 [allowed] §aYou spot a fin as blue as the water it came from, it's a Blue Shark.
20:28:24 [allowed] §aA tiny fin emerges from the water, you've caught a Nurse Shark.
20:28:32 [allowed] §aThe Sea Emperor arises from the depths.
20:28:33 [allowed] §e§lLOOT SHARE §r§r§r§fYou received loot for assisting §r§bGameWhales§r§f!
20:28:34 [allowed] §e§lLOOT SHARE §r§r§r§fYou received loot for assisting §r§bAsgerR0nmos§r§f!
20:28:35 [allowed] §cAutopet §eequipped your §7[Lvl 100] §dBlack Cat§e! §a§lVIEW RULE
20:28:40 [allowed] §8[§r§f68§r§8] §r§a[VIP] MaxxExists §7♲§f§r§f: '
20:28:43 [allowed] §cAutopet §eequipped your §7[Lvl 78] §6Ammonite§e! §a§lVIEW RULE
20:28:59 [allowed] §b_IGT_ §ahas sent you a trade request. §bClick here §ato accept!
20:29:08 [allowed] §e§lLOOT SHARE §r§r§r§fYou received loot for assisting §r§bAsgerR0nmos§r§f!
20:29:08 [allowed] §aYou caught a Sea Walker.
20:29:09 [allowed] §cThe /trade request from §r§b[MVP§r§c+§r§b] _IGT_§r§f §r§cexpired!
20:29:22 [allowed] §8[§r§6411§r§8] §r§6[MVP§9++§6] 04032006§f§r§f: BabyYeti__ could you not
20:29:38 [allowed] §aIt looks like you've disrupted the Sea Witch's brewing session. Watch out, she's furious!
20:29:40 [allowed] §3§l▬▬▬▬▬▬▬▬▬▬▬▬▬▬▬▬▬▬▬▬▬▬▬▬▬▬▬▬▬▬▬▬▬▬▬▬▬▬▬▬▬▬▬▬▬▬▬▬▬▬▬▬▬▬▬▬▬▬▬▬▬▬▬▬
20:29:40 [allowed] §e§lLOOT SHARE §r§r§r§fYou received loot for assisting §r§6BabyYeti__§r§f!
20:29:47 [allowed] §b_IGT_ §ahas sent you a trade request. §bClick here §ato accept!
20:29:53 [allowed] §aYou spot a fin as blue as the water it came from, it's a Blue Shark.
20:29:58 [allowed] §cThe /trade request from §r§b[MVP§r§c+§r§b] _IGT_§r§f §r§cexpired!
20:30:02 [allowed] §aGross! A Sea Leech!
20:30:04 [allowed] §e§lLOOT SHARE §r§r§r§fYou received loot for assisting §r§bLilanen§r§f!
20:30:05 [allowed] §b_IGT_ §ahas sent you a trade request. §bClick here §ato accept!
20:30:15 [allowed] §cThe /trade request from §r§b[MVP§r§c+§r§b] _IGT_§r§f §r§cexpired!
20:30:19 [allowed] §aA Squid appeared.
20:30:29 [allowed] §aA tiny fin emerges from the water, you've caught a Nurse Shark.
20:30:33 [allowed] §eDeposit §r§aChums §r§ein this bucket!
20:30:33 [allowed] §eGet your own bucket in the §r§2Glowing Mushroom Cave§r§e, in §r§aThe Farming Islands§r§e.
20:30:34 [allowed] §7Your Giant's Sword hit §r§c1 §r§7enemy for §r§c903,040 §r§7damage.
20:30:35 [allowed] §e§lLOOT SHARE §r§r§r§fYou received loot for assisting §r§bAsgerR0nmos§r§f!
20:30:39 [allowed] §8[§r§2186§r§8] §r§7☠ §r§6[MVP§c++§6] BabyYeti__§f§r§f: someone want buy a squid pet with fishing xp 50%
20:30:43 [allowed] §6[Bazaar] §r§7Putting goods in escrow...
20:30:43 [allowed] §6[Bazaar] §r§7Submitting sell offer...
20:30:43 [allowed] §6[Bazaar] §r§7§r§eSell Offer Setup! §r§a2§r§7x §r§9Emperor's Skull §r§7for §r§6858,403 coins§r§7.
20:30:47 [allowed] §aThe Water Hydra has come to test your strength.
20:30:50 [allowed] §cAutopet §eequipped your §7[Lvl 100] §dBlack Cat§e! §a§lVIEW RULE
20:31:02 [allowed] §cAutopet §eequipped your §7[Lvl 78] §6Ammonite§e! §a§lVIEW RULE
20:31:14 [allowed] §aYou spot a fin as blue as the water it came from, it's a Blue Shark.
20:31:14 [allowed] §aYou have sent a trade request to §r§bGameWhales§r§a.
20:31:14 [allowed] §cWoah there! You already have an outgoing /trade request!
20:31:24 [allowed] §cYour /trade request to §r§b[MVP§r§2+§r§b] GameWhales§r§f §r§cexpired!
20:31:32 [allowed] §aThe Rider of the Deep has emerged.
20:31:41 [allowed] §aYour Blessing enchant got you double drops!
20:31:51 [allowed] §aYou reeled in a Sea Archer.
20:31:56 [allowed] §e§lLOOT SHARE §r§r§r§fYou received loot for assisting §r§bLilanen§r§f!
20:32:04 [allowed] §aThe Rider of the Deep has emerged.
20:32:18 [allowed] §aA tiny fin emerges from the water, you've caught a Nurse Shark.
20:32:25 [allowed] §8Depositing coins...
20:32:25 [allowed] §aDeposited §r§69.4M coins§r§a! There's now §r§6447M coins §r§ain the account!
20:32:36 [allowed] §aA Squid appeared.
20:32:44 [allowed] §aYou caught a Sea Walker.
20:32:44 [allowed] §c ☠ §r§7§r§7BiryaniIsLife§r§7 was killed by Agarimoo§r§7§r§7.
20:32:58 [allowed] §aYou stumbled upon a Sea Guardian.
20:33:08 [allowed] §aYou caught a Sea Walker.
20:33:16 [allowed] §aThe Rider of the Deep has emerged.
20:33:34 [allowed] §aYou spot a fin as blue as the water it came from, it's a Blue Shark.
20:33:42 [allowed] §aYour Chumcap Bucket trembles, it's an Agarimoo.
20:33:42 [allowed] §cThe Agarimoo's fumes are damaging you!
20:33:45 [allowed] §7Your Giant's Sword hit §r§c1 §r§7enemy for §r§c974,244 §r§7damage.
20:33:46 [allowed] §eDeposit §r§aChums §r§ein this bucket!
20:33:46 [allowed] §eGet your own bucket in the §r§2Glowing Mushroom Cave§r§e, in §r§aThe Farming Islands§r§e.
20:33:46 [allowed] §eDeposit §r§aChums §r§ein this bucket!
20:33:46 [allowed] §eGet your own bucket in the §r§2Glowing Mushroom Cave§r§e, in §r§aThe Farming Islands§r§e.
20:33:48 [allowed] §e§lLOOT SHARE §r§r§r§fYou received loot for assisting §r§aprocess96§r§f!
20:33:49 [allowed] §8[§r§a157§r§8] §r§7☠ §r§7BlueFire2553§7§r§7: Bro why do I get so many fairy galoshes
20:34:03 [allowed] §aThe Rider of the Deep has emerged.
20:34:05 [allowed] §8[§r§a157§r§8] §r§7☠ §r§7BlueFire2553§7§r§7: like 10th one today
20:34:12 [allowed] §aYour Chumcap Bucket trembles, it's an Agarimoo.
20:34:12 [allowed] §cThe Agarimoo's fumes are damaging you!
20:34:29 [allowed] §aYou reeled in a Sea Archer.
20:34:37 [allowed] §aA tiny fin emerges from the water, you've caught a Nurse Shark.
20:34:48 [allowed] §aYou caught a Sea Walker.
20:34:49 [allowed] §8[§r§3264§r§8] §r§6ௐ §r§b[MVP§2+§b] GameWhales§f§r§f: just lootshared a carnival ticket from great white which is 2x rarer than lsing a leg megalodon
20:34:55 [allowed] §aA striped beast bounds from the depths, the wild Tiger Shark!
20:34:59 [allowed] §7Your Giant's Sword hit §r§c1 §r§7enemy for §r§c10,790 §r§7damage.
20:35:00 [allowed] §cThis ability is on cooldown for 30s.
20:35:01 [allowed] §e§lLOOT SHARE §r§r§r§fYou received loot for assisting §r§aprocess96§r§f!
20:35:14 [allowed] §6§lGOOD CATCH! §r§bYou found §r§655,016 Coins§r§b.
20:35:24 [allowed] §8[§r§a157§r§8] §r§7☠ §r§7BlueFire2553§7§r§7: AINT NO WAY
20:35:26 [allowed] §aA Squid appeared.
20:35:31 [allowed] §aA tiny fin emerges from the water, you've caught a Nurse Shark.
20:35:34 [allowed] §4☄ §r§7ArabHabbibi §r§eplaced an §r§9Arachne's Calling§r§e! (§r§a1§r§e/§r§a4§r§e)
20:35:34 [allowed] §e§lLOOT SHARE §r§r§r§fYou received loot for assisting §r§bKalugero§r§f!
20:35:38 [allowed] §aIt looks like you've disrupted the Sea Witch's brewing session. Watch out, she's furious!
20:35:44 [allowed] §aThe Rider of the Deep has emerged.
20:35:44 [allowed] §8[§r§2186§r§8] §r§7☠ §r§6[MVP§c++§6] BabyYeti__§f§r§f: what
20:35:47 [allowed] §8[§r§a157§r§8] §r§7☠ §r§7BlueFire2553§7§r§7: I just droped a megalodon on my first tiger shark
20:35:49 [allowed] §aYour Blessing enchant got you double drops!
20:35:51 [allowed] §4☄ §r§7ArabHabbibi §r§eplaced an §r§9Arachne's Calling§r§e! (§r§a2§r§e/§r§a4§r§e)
20:35:55 [allowed] §aIt looks like you've disrupted the Sea Witch's brewing session. Watch out, she's furious!
20:35:55 [allowed] §4☄ §r§7ArabHabbibi §r§eplaced an §r§9Arachne's Calling§r§e! (§r§a3§r§e/§r§a4§r§e)
20:35:57 [allowed] §4☄ §r§7ArabHabbibi §r§eplaced an §r§9Arachne's Calling§r§e! Something is awakening! §r§e(§r§a4§r§e/§r§a4§r§e)
20:35:59 [allowed] §aYou caught a Sea Walker.
20:36:03 [allowed] §aA tiny fin emerges from the water, you've caught a Nurse Shark.
20:36:14 [allowed] §aYou have awoken the Deep Sea Protector, prepare for a battle!
20:36:22 [allowed] §aYou spot a fin as blue as the water it came from, it's a Blue Shark.
20:36:27 [allowed] §aGross! A Sea Leech!
20:36:39 [allowed] §aYou spot a fin as blue as the water it came from, it's a Blue Shark.
20:36:41 [allowed] §e§lLOOT SHARE §r§r§r§fYou received loot for assisting §r§bAsgerR0nmos§r§f!
20:36:48 [allowed] §aYour Chumcap Bucket trembles, it's an Agarimoo.
20:36:48 [allowed] §cThe Agarimoo's fumes are damaging you!
20:36:52 [allowed] §7Your Giant's Sword hit §r§c1 §r§7enemy for §r§c8,499 §r§7damage.
20:37:08 [allowed] §aYou spot a fin as blue as the water it came from, it's a Blue Shark.
20:37:34 [allowed] §aYour Chumcap Bucket trembles, it's an Agarimoo.
20:37:34 [allowed] §cThe Agarimoo's fumes are damaging you!
20:37:36 [allowed] §7Your Giant's Sword hit §r§c1 §r§7enemy for §r§c1,066,946 §r§7damage.
20:37:43 [allowed] §aA striped beast bounds from the depths, the wild Tiger Shark!
20:37:47 [allowed] §4☄ §r§7ArabHabbibi §r§eplaced an §r§9Arachne's Calling§r§e! (§r§a1§r§e/§r§a4§r§e)
20:37:49 [allowed] §4☄ §r§7ArabHabbibi §r§eplaced an §r§9Arachne's Calling§r§e! (§r§a2§r§e/§r§a4§r§e)
20:37:51 [allowed] §4☄ §r§7ArabHabbibi §r§eplaced an §r§9Arachne's Calling§r§e! (§r§a3§r§e/§r§a4§r§e)
20:37:53 [allowed] §4☄ §r§7ArabHabbibi §r§eplaced an §r§9Arachne's Calling§r§e! Something is awakening! §r§e(§r§a4§r§e/§r§a4§r§e)
20:37:56 [allowed] §cThis ability is on cooldown for 10s.
20:38:04 [allowed] §aA tiny fin emerges from the water, you've caught a Nurse Shark.
20:38:16 [allowed] §aThe Water Hydra has come to test your strength.
20:38:16 [allowed] §e§lLOOT SHARE §r§r§r§fYou received loot for assisting §r§bKalugero§r§f!
20:38:20 [allowed] §cAutopet §eequipped your §7[Lvl 100] §dBlack Cat§e! §a§lVIEW RULE
20:38:26 [allowed] §e§lLOOT SHARE §r§r§r§fYou received loot for assisting §r§bAsgerR0nmos§r§f!
20:38:26 [allowed] §7Your Giant's Sword hit §r§c2 §r§7enemies for §r§c2,136,336 §r§7damage.
20:38:26 [allowed] §aYou have sent a trade request to §r§7BiryaniIsLife§r§a.
20:38:30 [allowed] §cYou cancelled the trade!
20:38:33 [allowed] §cAutopet §eequipped your §7[Lvl 78] §6Ammonite§e! §a§lVIEW RULE
20:38:37 [allowed] §aA tiny fin emerges from the water, you've caught a Nurse Shark.
20:38:42 [allowed] §aYou stumbled upon a Sea Guardian.
20:38:47 [allowed] §aThe Rider of the Deep has emerged.
20:38:49 [allowed] §b_IGT_ §ahas sent you a trade request. §bClick here §ato accept!
20:38:54 [allowed] §aA tiny fin emerges from the water, you've caught a Nurse Shark.
20:39:00 [allowed] §cThe /trade request from §r§b[MVP§r§c+§r§b] _IGT_§r§f §r§cexpired!
20:39:01 [allowed] §eDeposit §r§aChums §r§ein this bucket!
20:39:01 [allowed] §eGet your own bucket in the §r§2Glowing Mushroom Cave§r§e, in §r§aThe Farming Islands§r§e.
20:39:01 [allowed] §eDeposit §r§aChums §r§ein this bucket!
20:39:01 [allowed] §eGet your own bucket in the §r§2Glowing Mushroom Cave§r§e, in §r§aThe Farming Islands§r§e.
20:39:02 [allowed] §eDeposit §r§aChums §r§ein this bucket!
20:39:02 [allowed] §eGet your own bucket in the §r§2Glowing Mushroom Cave§r§e, in §r§aThe Farming Islands§r§e.
20:39:16 [allowed] §aYour Chumcap Bucket trembles, it's an Agarimoo.
20:39:16 [allowed] §cThe Agarimoo's fumes are damaging you!
20:39:24 [allowed] §aA Squid appeared.
20:39:30 [allowed] §aIt looks like you've disrupted the Sea Witch's brewing session. Watch out, she's furious!
20:39:36 [allowed] §4☄ §r§7ArabHabbibi §r§eplaced an §r§9Arachne's Calling§r§e! (§r§a1§r§e/§r§a4§r§e)
20:39:38 [allowed] §4☄ §r§7ArabHabbibi §r§eplaced an §r§9Arachne's Calling§r§e! (§r§a2§r§e/§r§a4§r§e)
20:39:41 [allowed] §aYou spot a fin as blue as the water it came from, it's a Blue Shark.
20:39:53 [allowed] §7Your Giant's Sword hit §r§c1 §r§7enemy for §r§c8,260 §r§7damage.
20:39:54 [allowed] §4☄ §r§7ArabHabbibi §r§eplaced an §r§9Arachne's Calling§r§e! (§r§a3§r§e/§r§a4§r§e)
20:39:57 [allowed] §4☄ §r§7ArabHabbibi §r§eplaced an §r§9Arachne's Calling§r§e! Something is awakening! §r§e(§r§a4§r§e/§r§a4§r§e)
20:40:06 [allowed] §e§lLOOT SHARE §r§r§r§fYou received loot for assisting §r§bKalugero§r§f!
20:40:15 [allowed] §d§lTIME TOWER! §r§7Your §r§6Chocolate Factory §r§7production has increased by §r§6+0.3x §r§7for §r§a1h§r§7!
20:40:28 [allowed] §aYou reeled in a Sea Archer.
20:40:32 [allowed] §aGross! A Sea Leech!
20:40:36 [allowed] §aYour Chumcap Bucket trembles, it's an Agarimoo.
20:40:36 [allowed] §cThe Agarimoo's fumes are damaging you!
20:40:42 [allowed] §aYour Chumcap Bucket trembles, it's an Agarimoo.
20:40:42 [allowed] §cThe Agarimoo's fumes are damaging you!
20:40:45 [allowed] §cThe Agarimoo's fumes are damaging you!
20:40:52 [allowed] §aYou stumbled upon a Sea Guardian.
20:40:58 [allowed] §aA Squid appeared.
20:40:59 [allowed] §c ☠ §r§7§r§7minik1nohutcuk§r§7 was killed by Agarimoo§r§7§r§7.
20:41:04 [allowed] §aA Squid appeared.
20:41:11 [allowed] §e§lLOOT SHARE §r§r§r§fYou received loot for assisting §r§7Sausainiss§r§f!
20:41:12 [allowed] §7Your Giant's Sword hit §r§c1 §r§7enemy for §r§c10,487 §r§7damage.
20:41:13 [allowed] §cThis player is playing the §r§7Ironman gamemode §r§cwhich doesn't allow trading!
20:41:18 [allowed] §aHuh? A Catfish!
20:41:20 [allowed] §cThis ability is on cooldown for 22s.
20:41:22 [allowed] §cThis ability is on cooldown for 21s.
20:41:22 [allowed] §cThis ability is on cooldown for 20s.
20:41:22 [allowed] §cThis ability is on cooldown for 20s.
20:41:29 [allowed] §8[§r§2186§r§8] §r§7☠ §r§6[MVP§c++§6] BabyYeti__§f§r§f: lol
20:41:33 [allowed] §8[§r§2186§r§8] §r§7☠ §r§6[MVP§c++§6] BabyYeti__§f§r§f: RARE DROP! Carnival Ticket (+157% ✯ Magic Find)
20:41:35 [allowed] §8[§r§f68§r§8] §r§7wakandust§7§r§7: beni öldüren agarimoo corrupted idi - köşe yazısı
20:41:37 [allowed] §aYour Blessing enchant got you double drops!
20:41:44 [allowed] §aA striped beast bounds from the depths, the wild Tiger Shark!
20:41:46 [allowed] §cThere are blocks in the way!
20:41:46 [allowed] §e§lLOOT SHARE §r§r§r§fYou received loot for assisting §r§bGameWhales§r§f!
20:41:46 [allowed] §e§lLOOT SHARE §r§r§r§fYou received loot for assisting §r§aBOOMSTRUCTUUR_§r§f!
20:41:46 [allowed] §e§lLOOT SHARE §r§r§r§fYou received loot for assisting §r§bGameWhales§r§f!
20:41:46 [allowed] §7Your Giant's Sword hit §r§c4 §r§7enemies for §r§c3,860,291 §r§7damage.
20:41:54 [allowed] §4☄ §r§7ArabHabbibi §r§eplaced an §r§9Arachne's Calling§r§e! (§r§a1§r§e/§r§a4§r§e)
20:41:57 [allowed] §aA tiny fin emerges from the water, you've caught a Nurse Shark.
20:42:02 [allowed] §aYour Chumcap Bucket trembles, it's an Agarimoo.
20:42:02 [allowed] §cThe Agarimoo's fumes are damaging you!
20:42:08 [allowed] §4☄ §r§7ArabHabbibi §r§eplaced an §r§9Arachne's Calling§r§e! (§r§a2§r§e/§r§a4§r§e)
20:42:08 [allowed] §aIt looks like you've disrupted the Sea Witch's brewing session. Watch out, she's furious!
20:42:10 [allowed] §4☄ §r§7ArabHabbibi §r§eplaced an §r§9Arachne's Calling§r§e! (§r§a3§r§e/§r§a4§r§e)
20:42:11 [allowed] §e§lLOOT SHARE §r§r§r§fYou received loot for assisting §r§bKalugero§r§f!
20:42:12 [allowed] §4☄ §r§7ArabHabbibi §r§eplaced an §r§9Arachne's Calling§r§e! Something is awakening! §r§e(§r§a4§r§e/§r§a4§r§e)
20:42:19 [allowed] §aThe Rider of the Deep has emerged.
20:42:25 [allowed] §aA Squid appeared.
20:42:30 [allowed] §aYour Chumcap Bucket trembles, it's an Agarimoo.
20:42:30 [allowed] §cThe Agarimoo's fumes are damaging you!
20:42:35 [allowed] §aYou have awoken the Deep Sea Protector, prepare for a battle!
20:42:45 [allowed] §aA tiny fin emerges from the water, you've caught a Nurse Shark.
20:42:51 [allowed] §6§lGOOD CATCH! §r§bYou found a §r§aGrand Experience Bottle§r§b.
20:42:56 [allowed] §aYou spot a fin as blue as the water it came from, it's a Blue Shark.
20:43:03 [allowed] §aYour Blessing enchant got you double drops!
20:43:07 [allowed] §aYou've discovered a Guardian Defender of the sea.
20:43:19 [allowed] §aA Squid appeared.
20:43:24 [allowed] §aA Squid appeared.
20:43:30 [allowed] §aThe Rider of the Deep has emerged.
20:43:35 [allowed] §aYou reeled in a Sea Archer.
20:43:43 [allowed] §aYou spot a fin as blue as the water it came from, it's a Blue Shark.
20:43:48 [allowed] §aYour Chumcap Bucket trembles, it's an Agarimoo.
20:43:48 [allowed] §cThe Agarimoo's fumes are damaging you!
20:43:56 [allowed] §aA tiny fin emerges from the water, you've caught a Nurse Shark.
20:44:02 [allowed] §aYour Chumcap Bucket trembles, it's an Agarimoo.
20:44:02 [allowed] §cThe Agarimoo's fumes are damaging you!
20:44:11 [allowed] §aYour Blessing enchant got you double drops!
20:44:15 [allowed] §4☄ §r§7ArabHabbibi §r§eplaced an §r§9Arachne's Calling§r§e! (§r§a1§r§e/§r§a4§r§e)
20:44:15 [allowed] §aYour Chumcap Bucket trembles, it's an Agarimoo.
20:44:15 [allowed] §cThe Agarimoo's fumes are damaging you!
20:44:20 [allowed] §4☄ §r§7ArabHabbibi §r§eplaced an §r§9Arachne's Calling§r§e! (§r§a2§r§e/§r§a4§r§e)
20:44:22 [allowed] §4☄ §r§7ArabHabbibi §r§eplaced an §r§9Arachne's Calling§r§e! (§r§a3§r§e/§r§a4§r§e)
20:44:24 [allowed] §4☄ §r§7ArabHabbibi §r§eplaced an §r§9Arachne's Calling§r§e! Something is awakening! §r§e(§r§a4§r§e/§r§a4§r§e)
20:44:27 [allowed] §aIt looks like you've disrupted the Sea Witch's brewing session. Watch out, she's furious!
20:44:29 [allowed] §e§lLOOT SHARE §r§r§r§fYou received loot for assisting §r§bKalugero§r§f!
20:44:29 [allowed] §e§lLOOT SHARE §r§r§r§fYou received loot for assisting §r§7Sausainiss§r§f!
20:44:29 [allowed] §e§lLOOT SHARE §r§r§r§fYou received loot for assisting §r§aprocess96§r§f!
20:44:29 [allowed] §7Your Giant's Sword hit §r§c2 §r§7enemies for §r§c2,115,862 §r§7damage.
20:44:30 [allowed] §e§lLOOT SHARE §r§r§r§fYou received loot for assisting §r§bLilanen§r§f!
20:44:46 [allowed] §aA tiny fin emerges from the water, you've caught a Nurse Shark.
20:44:51 [allowed] §aYour Blessing enchant got you double drops!
20:44:57 [allowed] §aA tiny fin emerges from the water, you've caught a Nurse Shark.
20:45:30 [allowed] §aA tiny fin emerges from the water, you've caught a Nurse Shark.
20:45:39 [allowed] §aIt looks like you've disrupted the Sea Witch's brewing session. Watch out, she's furious!
20:45:39 [allowed] §eYour §r§6Auto Recombobulator §r§erecombobulated §r§5Fairy's Polo§r§e!
20:45:42 [allowed] §4☄ §r§7ArabHabbibi §r§eplaced an §r§9Arachne's Calling§r§e! (§r§a1§r§e/§r§a4§r§e)
20:45:45 [allowed] §4☄ §r§7ArabHabbibi §r§eplaced an §r§9Arachne's Calling§r§e! (§r§a2§r§e/§r§a4§r§e)
20:45:46 [allowed] §8[§r§3262§r§8] §r§5§l࿇ §r§b[MVP§r§9+§r§b] Sebbebas§r§f: Your Auto Recombobulator recombobulated Fairy's Polo!
20:45:50 [allowed] §4☄ §r§7ArabHabbibi §r§eplaced an §r§9Arachne's Calling§r§e! (§r§a3§r§e/§r§a4§r§e)
20:45:52 [allowed] §8[§3262§8] §5§l࿇ §r§b[MVP§9+§b] Sebbebas§f§7 is holding §r§8[§5Fairy's Polo§8]
20:45:52 [allowed] §4☄ §r§7ArabHabbibi §r§eplaced an §r§9Arachne's Calling§r§e! Something is awakening! §r§e(§r§a4§r§e/§r§a4§r§e)
20:46:06 [allowed] §cThat item cannot be sold!
20:46:06 [allowed] §cThat item cannot be sold!
20:46:10 [allowed] §cYou must double tap the drop button to drop this item!
20:46:10 [allowed] §cYou can disable this in the §r§fSettings§r§c in your §r§aSkyBlock Menu§r§c!
20:46:12 [allowed] §aYou have sent a trade request to §r§7Sausainiss§r§a.
20:46:18 [allowed] §aA striped beast bounds from the depths, the wild Tiger Shark!
20:46:20 [allowed] §cWoah there! You already have an outgoing /trade request!
20:46:22 [allowed] §cYour /trade request to §r§7Sausainiss§r§7 §r§cexpired!
20:46:26 [allowed] §aA tiny fin emerges from the water, you've caught a Nurse Shark.
20:46:32 [allowed] §aA tiny fin emerges from the water, you've caught a Nurse Shark.
20:46:38 [allowed] §b_IGT_ §ahas sent you a trade request. §bClick here §ato accept!
20:46:39 [allowed] §aThe Rider of the Deep has emerged.
20:46:44 [allowed] §aYou have awoken the Deep Sea Protector, prepare for a battle!
20:46:48 [allowed] §cYou cancelled the trade!
20:46:50 [allowed] §b_IGT_ §ahas sent you a trade request. §bClick here §ato accept!
20:46:55 [allowed] §aYou caught a Sea Walker.
20:47:00 [allowed] §cThe /trade request from §r§b[MVP§r§c+§r§b] _IGT_§r§f §r§cexpired!
20:47:06 [allowed] §aA Squid appeared.
20:47:09 [allowed] §aA tiny fin emerges from the water, you've caught a Nurse Shark.
20:47:11 [allowed] §8[§3273§8] §6ௐ §r§a[VIP] Prunio64§f§7 is holding §r§8[§f§kObfuscated 1 §B§LDIAMOND§8]
20:47:14 [allowed] §8[§r§3273§r§8] §r§6ௐ §r§a[VIP] Prunio64§f§r§f: ok
20:47:14 [allowed] §8[§r§f68§r§8] §r§a[VIP] MaxxExists §7♲§f§r§f: bryg'
20:47:16 [allowed] §8[§r§2189§r§8] §r§b[MVP§9+§b] Drewdoescpvp§f§r§f: GG
20:47:16 [allowed] §aIt looks like you've disrupted the Sea Witch's brewing session. Watch out, she's furious!
20:47:23 [allowed] §aYou stumbled upon a Sea Guardian.
20:47:34 [allowed] §aA tiny fin emerges from the water, you've caught a Nurse Shark.
20:47:40 [allowed] §aYou spot a fin as blue as the water it came from, it's a Blue Shark.
20:47:43 [allowed] §cThere are blocks in the way!
20:47:51 [allowed] §aA tiny fin emerges from the water, you've caught a Nurse Shark.
20:48:07 [allowed] §aYour Chumcap Bucket trembles, it's an Agarimoo.
20:48:07 [allowed] §cThe Agarimoo's fumes are damaging you!
20:48:19 [allowed] §aYou caught a Sea Walker.
20:48:20 [allowed] §8[§r§2189§r§8] §r§b[MVP§9+§b] Drewdoescpvp§f§r§f: mika
20:48:25 [allowed] §aThe Rider of the Deep has emerged.
20:48:27 [allowed] §8[§r§2189§r§8] §r§b[MVP§9+§b] Drewdoescpvp§f§r§f: il gib u 5n
20:48:31 [allowed] §aYou have awoken the Deep Sea Protector, prepare for a battle!
20:48:31 [allowed] §8[§r§2189§r§8] §r§b[MVP§9+§b] Drewdoescpvp§f§r§f: m
20:48:37 [allowed] §aYour Blessing enchant got you double drops!
20:48:43 [allowed] §aYou spot a fin as blue as the water it came from, it's a Blue Shark.
20:48:54 [allowed] §aYou stumbled upon a Sea Guardian.
20:48:59 [allowed] §aYou reeled in a Sea Archer.
20:49:03 [allowed] §aA tiny fin emerges from the water, you've caught a Nurse Shark.
20:49:10 [allowed] §aA Squid appeared.
20:49:24 [allowed] §eDeposit §r§aChums §r§ein this bucket!
20:49:24 [allowed] §eGet your own bucket in the §r§2Glowing Mushroom Cave§r§e, in §r§aThe Farming Islands§r§e.
20:49:27 [allowed] §aYou caught a Sea Walker.
20:49:32 [allowed] §aYou spot a fin as blue as the water it came from, it's a Blue Shark.
20:49:36 [allowed] §e§lLOOT SHARE §r§r§r§fYou received loot for assisting §r§7Sausainiss§r§f!
20:49:38 [allowed] §aYou reeled in a Sea Archer.
20:49:42 [allowed] §e§lLOOT SHARE §r§r§r§fYou received loot for assisting §r§7Sausainiss§r§f!
20:49:43 [allowed] §aYour Blessing enchant got you double drops!
20:49:45 [allowed] §e§lLOOT SHARE §r§r§r§fYou received loot for assisting §r§75253JC08§r§f!
20:49:48 [allowed] §aIt looks like you've disrupted the Sea Witch's brewing session. Watch out, she's furious!
20:49:48 [allowed] §aYour §r§6Ammonite §r§aleveled up to level §r§979§r§a!
20:49:48 [allowed] §a§l+5 Kill Combo §r§8§r§b+3✯ Magic Find
20:49:54 [allowed] §c ☠ §r§7§r§7akif4lim§r§7 was killed by Dasher Spider§r§7§r§7.
20:49:55 [allowed] §cThat item cannot be sold!
20:49:56 [allowed] §aYou sold §r§9Fairy's Polo§r§8 x1 §r§afor §r§6420 Coins§r§a!
20:49:56 [allowed] §cYour Kill Combo has expired! You reached a 5 Kill Combo!
20:50:05 [allowed] §aIt looks like you've disrupted the Sea Witch's brewing session. Watch out, she's furious!
20:50:11 [allowed] §aA tiny fin emerges from the water, you've caught a Nurse Shark.
20:50:16 [allowed] §aHuh? A Catfish!
20:50:31 [allowed] §c ☠ §r§7§r§7alt_eri§r§7 was killed by Dasher Spider§r§7§r§7.
20:50:34 [allowed] §aThe Rider of the Deep has emerged.
20:50:35 [allowed] §e§lLOOT SHARE §r§r§r§fYou received loot for assisting §r§bAsgerR0nmos§r§f!
20:50:41 [allowed] §aYou stumbled upon a Sea Guardian.
20:51:01 [allowed] §aYour Chumcap Bucket trembles, it's an Agarimoo.
20:51:01 [allowed] §cThe Agarimoo's fumes are damaging you!
20:51:06 [allowed] §aA Squid appeared.
20:51:13 [allowed] §aYou sold §r§c◆ Blood Rune I§r§8 x1 §r§afor §r§61 Coin§r§a!
20:51:19 [allowed] §aA striped beast bounds from the depths, the wild Tiger Shark!
20:51:21 [allowed] §e§lLOOT SHARE §r§r§r§fYou received loot for assisting §r§b_IGT_§r§f!
20:51:21 [allowed] §eDeposit §r§aChums §r§ein this bucket!
20:51:22 [allowed] §eGet your own bucket in the §r§2Glowing Mushroom Cave§r§e, in §r§aThe Farming Islands§r§e.
20:51:35 [allowed] §aA Squid appeared.
20:51:38 [allowed] §6§lRARE DROP! §r§fEnchanted Book §r§b(+§r§b244% §r§b✯ Magic Find§r§b)
20:51:43 [allowed] §eDeposit §r§aChums §r§ein this bucket!
20:51:43 [allowed] §eGet your own bucket in the §r§2Glowing Mushroom Cave§r§e, in §r§aThe Farming Islands§r§e.
20:51:46 [allowed] §aYou caught a Sea Walker.
20:51:51 [allowed] §aYou spot a fin as blue as the water it came from, it's a Blue Shark.
20:51:56 [allowed] §aA tiny fin emerges from the water, you've caught a Nurse Shark.
20:52:01 [allowed] §aYou spot a fin as blue as the water it came from, it's a Blue Shark.
20:52:07 [allowed] §aIt looks like you've disrupted the Sea Witch's brewing session. Watch out, she's furious!
20:52:16 [allowed] §aA tiny fin emerges from the water, you've caught a Nurse Shark.
20:52:35 [allowed] §8[§r§f68§r§8] §r§a[VIP] MaxxExists §7♲§f§r§f: fished up a fairy soul lmao
20:52:50 [allowed] §aA tiny fin emerges from the water, you've caught a Nurse Shark.
20:52:56 [allowed] §aYour Chumcap Bucket trembles, it's an Agarimoo.
20:52:56 [allowed] §cThe Agarimoo's fumes are damaging you!
20:53:00 [allowed] §cThe Agarimoo's fumes are damaging you!
20:53:00 [allowed] §3§l▬▬▬▬▬▬▬▬▬▬▬▬▬▬▬▬▬▬▬▬▬▬▬▬▬▬▬▬▬▬▬▬▬▬▬▬▬▬▬▬▬▬▬▬▬▬▬▬▬▬▬▬▬▬▬▬▬▬▬▬▬▬▬▬
20:53:12 [allowed] §aYou caught a Sea Walker.
20:53:19 [allowed] §aYou caught a Sea Walker.
20:53:24 [allowed] §aYou stumbled upon a Sea Guardian.
20:53:28 [allowed] §aGross! A Sea Leech!
20:53:33 [allowed] §aA tiny fin emerges from the water, you've caught a Nurse Shark.
20:53:37 [allowed] §aYour Chumcap Bucket trembles, it's an Agarimoo.
20:53:37 [allowed] §cThe Agarimoo's fumes are damaging you!
20:53:40 [allowed] §a§l+5 Kill Combo §r§8§r§b+3✯ Magic Find
20:53:40 [allowed] §e§lLOOT SHARE §r§r§r§fYou received loot for assisting §r§bAsgerR0nmos§r§f!
20:53:40 [allowed] §7Your Giant's Sword hit §r§c2 §r§7enemies for §r§c2,176,176 §r§7damage.
20:53:48 [allowed] §aA Squid appeared.
20:53:48 [allowed] §cYour Kill Combo has expired! You reached a 6 Kill Combo!
20:53:54 [allowed] §aA Squid appeared.
20:54:03 [allowed] §aIt looks like you've disrupted the Sea Witch's brewing session. Watch out, she's furious!
20:54:08 [allowed] §aA Squid appeared.
20:54:13 [allowed] §aYou stumbled upon a Sea Guardian.
20:54:18 [allowed] §aA tiny fin emerges from the water, you've caught a Nurse Shark.
20:54:23 [allowed] §aA Squid appeared.
20:54:28 [allowed] §aYou reeled in a Sea Archer.
20:54:34 [allowed] §aA tiny fin emerges from the water, you've caught a Nurse Shark.
20:54:35 [allowed] §7Your Giant's Sword hit §r§c1 §r§7enemy for §r§c8,477 §r§7damage.
20:54:38 [allowed] §cThis ability is on cooldown for 28s.
20:54:51 [allowed] §aHide no longer, a Great White Shark has tracked your scent and thirsts for your blood!
20:54:53 [allowed] §e§lLOOT SHARE §r§r§r§fYou received loot for assisting §r§aBOOMSTRUCTUUR_§r§f!
20:54:54 [allowed] §eDeposit §r§aChums §r§ein this bucket!
20:54:54 [allowed] §eGet your own bucket in the §r§2Glowing Mushroom Cave§r§e, in §r§aThe Farming Islands§r§e.
20:54:55 [allowed] §cAutopet §eequipped your §7[Lvl 100] §dBlack Cat§e! §a§lVIEW RULE
20:54:59 [allowed] §eDeposit §r§aChums §r§ein this bucket!
20:54:59 [allowed] §eGet your own bucket in the §r§2Glowing Mushroom Cave§r§e, in §r§aThe Farming Islands§r§e.
20:55:07 [allowed] §8[§r§e103§r§8] §r§7⧉ §r§a[VIP] BOOMSTRUCTUUR_§f§r§f: Out of bait O.o
20:55:10 [allowed] §cAutopet §eequipped your §7[Lvl 79] §6Ammonite§e! §a§lVIEW RULE
20:55:25 [allowed] §aYou stumbled upon a Sea Guardian.
20:55:35 [allowed] §aA Squid appeared.
20:55:43 [allowed] §6§lGOOD CATCH! §r§bYou found a §r§aMusic Disc - Stal§r§b.
20:55:45 [allowed] §aYou sold §r§aMusic Disc - Stal§r§8 x1 §r§afor §r§620 Coins§r§a!
20:55:53 [allowed] §aYou stumbled upon a Sea Guardian.
20:56:00 [allowed] §aA Squid appeared.
20:56:10 [allowed] §aYour Chumcap Bucket trembles, it's an Agarimoo.
20:56:10 [allowed] §cThe Agarimoo's fumes are damaging you!
20:56:37 [allowed] §e§lLOOT SHARE §r§r§r§fYou received loot for assisting §r§bconkreet§r§f!
20:56:37 [allowed] §7Your Giant's Sword hit §r§c1 §r§7enemy for §r§c1,065,646 §r§7damage.
20:56:37 [allowed] §aYou have sent a trade request to §r§bconkreet§r§a.
20:56:47 [allowed] §cYour /trade request to §r§b[MVP§r§6+§r§b] conkreet§r§f §r§cexpired!
20:56:50 [allowed] §e§lLOOT SHARE §r§r§r§fYou received loot for assisting §r§bconkreet§r§f!
20:56:56 [allowed] §aA tiny fin emerges from the water, you've caught a Nurse Shark.
20:57:01 [allowed] §9§m-----------------------------------------------------§r§9
§r§9                          §r§9 §6Friends (Page 1 of 2) §r§e§l>>§r§9
§r§9§7_Eggan_ §cis currently offline§r§9
§r§9§7Ebharing §cis currently offline§r§9
§r§9§7FastSnail11 §cis currently offline§r§9
§r§9§7GoldenAle7 §cis currently offline§r§9
§r§9§7GrandBoss §cis currently offline§r§9
§r§9§7Hanf06 §cis currently offline§r§9
§r§9§bItsTrigo §cis currently offline§r§9
§r§9§7JonathanLanunez §cis currently offline§r§9
§r§9§m-----------------------------------------------------
20:57:13 [allowed] §aA tiny fin emerges from the water, you've caught a Nurse Shark.
20:57:31 [allowed] §8[§r§3265§r§8] §r§6✿ §r§b[MVP§c+§b] TheElemental101§f§r§f: PET DROP! LEGENDARY Megalodon (+151% ✯ Magic Find)
20:57:34 [allowed] §8[§r§3265§r§8] §r§6✿ §r§b[MVP§c+§b] TheElemental101§f§r§f: :3
20:57:35 [allowed] §8[§r§e95§r§8] §r§75253JC08§7§r§7: gg
20:57:41 [allowed] §8[§r§3265§r§8] §r§6✿ §r§b[MVP§c+§b] TheElemental101§f§r§f: evil game
20:57:43 [allowed] §aA Squid appeared.
20:57:53 [allowed] §aYou reeled in a Sea Archer.
20:58:03 [allowed] §aYour Chumcap Bucket trembles, it's an Agarimoo.
20:58:03 [allowed] §cThe Agarimoo's fumes are damaging you!
20:58:05 [allowed] §e§lLOOT SHARE §r§r§r§fYou received loot for assisting §r§bKalugero§r§f!
20:58:05 [allowed] §7Your Giant's Sword hit §r§c2 §r§7enemies for §r§c2,320,327 §r§7damage.
20:58:13 [allowed] §aA striped beast bounds from the depths, the wild Tiger Shark!
20:58:15 [allowed] §e§lLOOT SHARE §r§r§r§fYou received loot for assisting §r§aMaxxExists§r§f!
20:58:16 [allowed] §e§lLOOT SHARE §r§r§r§fYou received loot for assisting §r§bconkreet§r§f!
20:58:18 [allowed] §cThere are blocks in the way!
20:58:20 [allowed] §cThere are blocks in the way!
20:58:20 [allowed] §cThere are blocks in the way!
20:58:21 [allowed] §cThere are blocks in the way!
20:58:30 [allowed] §aYou stumbled upon a Sea Guardian.
20:58:40 [allowed] §aYou spot a fin as blue as the water it came from, it's a Blue Shark.
20:58:42 [allowed] §e§lLOOT SHARE §r§r§r§fYou received loot for assisting §r§bKalugero§r§f!
20:58:51 [allowed] §aYou caught a Sea Walker.
20:58:53 [allowed] §eDeposit §r§aChums §r§ein this bucket!
20:58:53 [allowed] §eGet your own bucket in the §r§2Glowing Mushroom Cave§r§e, in §r§aThe Farming Islands§r§e.
20:59:00 [allowed] §aHide no longer, a Great White Shark has tracked your scent and thirsts for your blood!
20:59:03 [allowed] §cAutopet §eequipped your §7[Lvl 100] §dBlack Cat§e! §a§lVIEW RULE
20:59:07 [allowed] §eDeposit §r§aChums §r§ein this bucket!
20:59:07 [allowed] §eGet your own bucket in the §r§2Glowing Mushroom Cave§r§e, in §r§aThe Farming Islands§r§e.
20:59:08 [allowed] §eDeposit §r§aChums §r§ein this bucket!
20:59:08 [allowed] §eGet your own bucket in the §r§2Glowing Mushroom Cave§r§e, in §r§aThe Farming Islands§r§e.
20:59:17 [allowed] §cAutopet §eequipped your §7[Lvl 100] §6Scatha§e! §a§lVIEW RULE
20:59:18 [allowed] §cAutopet §eequipped your §7[Lvl 100] §dBlack Cat§e! §a§lVIEW RULE
20:59:19 [allowed] §cAutopet §eequipped your §7[Lvl 79] §6Ammonite§e! §a§lVIEW RULE
20:59:27 [allowed] §aThe Rider of the Deep has emerged.
20:59:30 [allowed] §e§lLOOT SHARE §r§r§r§fYou received loot for assisting §r§bKalugero§r§f!
20:59:41 [allowed] §aA Squid appeared.
20:59:49 [allowed] §aYou caught a Sea Walker.
20:59:58 [allowed] §aIt looks like you've disrupted the Sea Witch's brewing session. Watch out, she's furious!
21:00:07 [allowed] §aThe Rider of the Deep has emerged.
21:00:18 [allowed] §aA tiny fin emerges from the water, you've caught a Nurse Shark.
21:00:26 [allowed] §aThe Rider of the Deep has emerged.
21:00:34 [allowed] §e§lLOOT SHARE §r§r§r§fYou received loot for assisting §r§7Shubi_Ninja§r§f!
21:00:37 [allowed] §aYou caught a Sea Walker.
21:00:45 [allowed] §aYou stumbled upon a Sea Guardian.
21:00:45 [allowed] §e§lLOOT SHARE §r§r§r§fYou received loot for assisting §r§bGameWhales§r§f!
21:00:53 [allowed] §aA tiny fin emerges from the water, you've caught a Nurse Shark.
21:01:09 [allowed] §aThe Rider of the Deep has emerged.
21:01:17 [allowed] §aIt looks like you've disrupted the Sea Witch's brewing session. Watch out, she's furious!
21:01:21 [allowed] §aYou sold §r§9Fairy's Fedora§r§8 x1 §r§afor §r§6420 Coins§r§a!
21:01:26 [allowed] §aA tiny fin emerges from the water, you've caught a Nurse Shark.
21:01:37 [allowed] §aHuh? A Catfish!
21:01:58 [allowed] §aA striped beast bounds from the depths, the wild Tiger Shark!
21:02:00 [allowed] §e§lLOOT SHARE §r§r§r§fYou received loot for assisting §r§7Shubi_Ninja§r§f!
21:02:20 [allowed] §aA tiny fin emerges from the water, you've caught a Nurse Shark.
21:02:29 [allowed] §aA tiny fin emerges from the water, you've caught a Nurse Shark.
21:02:35 [allowed] §aYour Chumcap Bucket trembles, it's an Agarimoo.
21:02:35 [allowed] §cThe Agarimoo's fumes are damaging you!
21:02:48 [allowed] §aA tiny fin emerges from the water, you've caught a Nurse Shark.
21:03:21 [allowed] §8[§r§b239§r§8] §r§7❤ §r§b[MVP§5+§b] Lilanen§f§r§f: why u fll
21:03:24 [allowed] §aA Squid appeared.
21:03:31 [allowed] §aYou stumbled upon a Sea Guardian.
21:03:45 [allowed] §4☄ §r§7pigga1971 §r§eplaced an §r§9Arachne's Calling§r§e! (§r§a1§r§e/§r§a4§r§e)
21:03:47 [allowed] §aThe Rider of the Deep has emerged.
21:04:05 [allowed] §aIt looks like you've disrupted the Sea Witch's brewing session. Watch out, she's furious!
21:04:05 [allowed] §7Your Giant's Sword hit §r§c2 §r§7enemies for §r§c21,250 §r§7damage.
21:04:09 [allowed] §e§lLOOT SHARE §r§r§r§fYou received loot for assisting §r§bAsgerR0nmos§r§f!
21:04:16 [allowed] §6[Bazaar] §r§7Cancelling order...
21:04:16 [allowed] §6[Bazaar] §r§7§r§cCancelled! §r§7Refunded §r§a2§r§7x §r§9Emperor's Skull §r§7from cancelling Sell Offer!
21:04:20 [allowed] §aA tiny fin emerges from the water, you've caught a Nurse Shark.
21:04:26 [allowed] §aA Squid appeared.
21:04:34 [allowed] §aYour Blessing enchant got you double drops!
21:04:44 [allowed] §aA striped beast bounds from the depths, the wild Tiger Shark!
21:04:47 [allowed] §cThere are blocks in the way!
21:04:49 [allowed] §cThere are blocks in the way!
21:04:50 [allowed] §cThere are blocks in the way!
21:05:00 [allowed] §aYou stumbled upon a Sea Guardian.
21:05:08 [allowed] §aHide no longer, a Great White Shark has tracked your scent and thirsts for your blood!
21:05:11 [allowed] §cAutopet §eequipped your §7[Lvl 100] §dBlack Cat§e! §a§lVIEW RULE
21:05:47 [allowed] §aA tiny fin emerges from the water, you've caught a Nurse Shark.
21:06:01 [allowed] §e§lLOOT SHARE §r§r§r§fYou received loot for assisting §r§acheesehed69§r§f!
21:06:06 [allowed] §c ☠ §r§7§r§aTBO_II§r§7 was killed by Dasher Spider§r§7§r§7.
21:06:10 [allowed] §aYou have awoken the Deep Sea Protector, prepare for a battle!
21:06:16 [allowed] §e§lLOOT SHARE §r§r§r§fYou received loot for assisting §r§bconkreet§r§f!
21:06:16 [allowed] §7Your Giant's Sword hit §r§c2 §r§7enemies for §r§c2,436,772 §r§7damage.
21:06:20 [allowed] §cAutopet §eequipped your §7[Lvl 79] §6Ammonite§e! §a§lVIEW RULE
21:06:30 [allowed] §aYou spot a fin as blue as the water it came from, it's a Blue Shark.
21:06:44 [allowed] §aYou caught a Sea Walker.
21:07:09 [allowed] §aYou stumbled upon a Sea Guardian.
21:07:18 [allowed] §aYou spot a fin as blue as the water it came from, it's a Blue Shark.
21:07:38 [allowed] §aHide no longer, a Great White Shark has tracked your scent and thirsts for your blood!
21:07:41 [allowed] §cAutopet §eequipped your §7[Lvl 100] §dBlack Cat§e! §a§lVIEW RULE
21:07:42 [allowed] §e§lLOOT SHARE §r§r§r§fYou received loot for assisting §r§75253JC08§r§f!
21:07:49 [allowed] §cAutopet §eequipped your §7[Lvl 79] §6Ammonite§e! §a§lVIEW RULE
21:07:58 [allowed] §aA tiny fin emerges from the water, you've caught a Nurse Shark.
21:08:06 [allowed] §aYou spot a fin as blue as the water it came from, it's a Blue Shark.
21:08:15 [allowed] §aYou stumbled upon a Sea Guardian.
21:08:25 [allowed] §aYou have awoken the Deep Sea Protector, prepare for a battle!
21:08:33 [allowed] §aA tiny fin emerges from the water, you've caught a Nurse Shark.
21:08:54 [allowed] §aYou reeled in a Sea Archer.
21:08:59 [allowed] §aA Squid appeared.
21:09:08 [allowed] §aA Squid appeared.
21:09:13 [allowed] §5Rabbit Dog §r§7has been promoted to §r§7[164§r§7] §r§5Manager§r§7!
21:09:16 [allowed] §aA Squid appeared.
21:09:22 [allowed] §c ☠ §r§7§r§aTBO_II§r§7 was killed by Spider Jockey§r§7§r§7.
21:09:22 [allowed] §e§lLOOT SHARE §r§r§r§fYou received loot for assisting §r§bconkreet§r§f!
21:09:24 [allowed] §aIt looks like you've disrupted the Sea Witch's brewing session. Watch out, she's furious!
21:09:32 [allowed] §aA Squid appeared.
21:09:41 [allowed] §aYou reeled in a Sea Archer.
21:09:50 [allowed] §aYou have awoken the Deep Sea Protector, prepare for a battle!
21:09:58 [allowed] §aA Squid appeared.
21:10:06 [allowed] §aA Squid appeared.
21:10:14 [allowed] §aYou spot a fin as blue as the water it came from, it's a Blue Shark.
21:10:16 [allowed] §eDeposit §r§aChums §r§ein this bucket!
21:10:16 [allowed] §eGet your own bucket in the §r§2Glowing Mushroom Cave§r§e, in §r§aThe Farming Islands§r§e.
21:10:17 [allowed] §cThere are blocks in the way!
21:10:19 [allowed] §e§lLOOT SHARE §r§r§r§fYou received loot for assisting §r§bconkreet§r§f!
21:10:19 [allowed] §e§lLOOT SHARE §r§r§r§fYou received loot for assisting §r§bconkreet§r§f!
21:10:19 [allowed] §e§lLOOT SHARE §r§r§r§fYou received loot for assisting §r§7Sausainiss§r§f!
21:10:25 [allowed] §3§l▬▬▬▬▬▬▬▬▬▬▬▬▬▬▬▬▬▬▬▬▬▬▬▬▬▬▬▬▬▬▬▬▬▬▬▬▬▬▬▬▬▬▬▬▬▬▬▬▬▬▬▬▬▬▬▬▬▬▬▬▬▬▬▬
21:10:25 [allowed] §e§lLOOT SHARE §r§r§r§fYou received loot for assisting §r§7Sausainiss§r§f!
21:10:27 [allowed] §aA tiny fin emerges from the water, you've caught a Nurse Shark.
21:10:34 [allowed] §aA tiny fin emerges from the water, you've caught a Nurse Shark.
21:10:41 [allowed] §aThe Rider of the Deep has emerged.
21:11:05 [allowed] §aA Squid appeared.
21:11:12 [allowed] §aA Squid appeared.
21:11:20 [allowed] §aA tiny fin emerges from the water, you've caught a Nurse Shark.
21:11:28 [allowed] §aIt looks like you've disrupted the Sea Witch's brewing session. Watch out, she's furious!
21:11:34 [allowed] §aA tiny fin emerges from the water, you've caught a Nurse Shark.
21:11:42 [allowed] §aYou stumbled upon a Sea Guardian.
21:11:43 [allowed] §e§lLOOT SHARE §r§r§r§fYou received loot for assisting §r§blasiamorena§r§f!
21:11:49 [allowed] §aYou caught a Sea Walker.
21:11:50 [allowed] §a§l+5 Kill Combo §r§8§r§b+3✯ Magic Find
21:11:57 [allowed] §aA Squid appeared.
21:11:57 [allowed] §6§lRARE DROP! §r§fEnchanted Book §r§b(+§r§b146% §r§b✯ Magic Find§r§b)
21:12:05 [allowed] §aA tiny fin emerges from the water, you've caught a Nurse Shark.
21:12:05 [allowed] §cYour Kill Combo has expired! You reached a 6 Kill Combo!
21:12:13 [allowed] §aGross! A Sea Leech!
21:12:22 [allowed] §aIt looks like you've disrupted the Sea Witch's brewing session. Watch out, she's furious!
21:12:31 [allowed] §aYou caught a Sea Walker.
21:12:39 [allowed] §aHide no longer, a Great White Shark has tracked your scent and thirsts for your blood!
21:12:42 [allowed] §cAutopet §eequipped your §7[Lvl 100] §dBlack Cat§e! §a§lVIEW RULE
21:12:49 [allowed] §cAutopet §eequipped your §7[Lvl 79] §6Ammonite§e! §a§lVIEW RULE
21:13:11 [allowed] §e§lLOOT SHARE §r§r§r§fYou received loot for assisting §r§blasiamorena§r§f!
21:13:15 [allowed] §aYou spot a fin as blue as the water it came from, it's a Blue Shark.
21:13:15 [allowed] §cThe target disabled receiving trade offers!
21:13:30 [allowed] §aYour Blessing enchant got you double drops!
21:13:30 [allowed] §6§lGOOD CATCH! §r§bYou found a §r§aGrand Experience Bottle§r§b.
21:13:30 [allowed] §aYou have sent a trade request to §r§b_IGT_§r§a.
21:13:30 [allowed] §cWoah there! You already have an outgoing /trade request!
21:13:37 [allowed] §aHide no longer, a Great White Shark has tracked your scent and thirsts for your blood!
21:13:40 [allowed] §cAutopet §eequipped your §7[Lvl 100] §dBlack Cat§e! §a§lVIEW RULE
21:13:40 [allowed] §cYour /trade request to §r§b[MVP§r§c+§r§b] _IGT_§r§f §r§cexpired!
21:13:43 [allowed] §eDeposit §r§aChums §r§ein this bucket!
21:13:43 [allowed] §eGet your own bucket in the §r§2Glowing Mushroom Cave§r§e, in §r§aThe Farming Islands§r§e.
21:13:51 [allowed] §cAutopet §eequipped your §7[Lvl 79] §6Ammonite§e! §a§lVIEW RULE
21:13:59 [allowed] §aHuh? A Catfish!
21:14:09 [allowed] §aHuh? A Catfish!
21:14:09 [allowed] §aYou have sent a trade request to §r§b_IGT_§r§a.
21:14:09 [allowed] §cWoah there! You already have an outgoing /trade request!
21:14:16 [allowed] §aYou reeled in a Sea Archer.
21:14:19 [allowed] §cYour /trade request to §r§b[MVP§r§c+§r§b] _IGT_§r§f §r§cexpired!
21:14:23 [allowed] §aYour Blessing enchant got you double drops!
21:14:25 [allowed] §aDyeGrinder §ahas sent you a trade request. §bClick here §ato accept!
21:14:32 [allowed] §aYou stumbled upon a Sea Guardian.
21:14:35 [allowed] §cThe /trade request from §r§a[VIP] DyeGrinder§r§f §r§cexpired!
21:14:40 [allowed] §aYou stumbled upon a Sea Guardian.
21:14:48 [allowed] §aYou caught a Sea Walker.
21:15:01 [allowed] §b§lFISHING FESTIVAL §r§eThe festival has concluded! Time to dry off and repair your rods!
21:15:01 [allowed] §aA Squid appeared.
21:15:04 [allowed] §8[§r§3265§r§8] §r§6✿ §r§b[MVP§c+§b] TheElemental101§f§r§f: evil game
21:15:08 [allowed] §aYou caught a Sea Walker.
21:15:09 [allowed] §e§lLOOT SHARE §r§r§r§fYou received loot for assisting §r§7Sausainiss§r§f!
21:15:09 [allowed] §8[§r§3265§r§8] §r§6✿ §r§b[MVP§c+§b] TheElemental101§f§r§f: three sharks, a meg pet
21:15:11 [allowed] §cThere are blocks in the way!
21:15:11 [allowed] §cThere are blocks in the way!
21:15:11 [allowed] §cThere are blocks in the way!
21:15:28 [allowed] §aYou sold §r§fSea Lantern§r§8 x1 §r§afor §r§645 Coins§r§a!
21:15:45 [allowed] §aYou sold §r§aGrand Experience Bottle§r§8 x3 §r§afor §r§61,440 Coins§r§a!
21:15:46 [allowed] §aYou sold §r§9Fish Affinity Talisman§r§8 x1 §r§afor §r§61,000 Coins§r§a!
21:15:46 [allowed] §aYou sold §r§9Fish Affinity Talisman§r§8 x1 §r§afor §r§61,000 Coins§r§a!
21:15:47 [allowed] §aYou sold §r§fDark Bait§r§8 x16 §r§afor §r§6128 Coins§r§a!
21:15:48 [allowed] §aYou bought back §r§fDark Bait§r§8 x16 §r§afor §r§6128 Coins§r§a!
21:15:50 [allowed] §6[Bazaar] §r§7Executing instant sell...
21:15:50 [allowed] §6[Bazaar] §r§7Sold §r§a16§r§7x §r§fDark Bait §r§7for §r§618,474 coins§r§7!
21:16:43 [allowed] §c ☠ §r§7§r§aTBO_II§r§7 was killed by Splitter Spider§r§7§r§7.
21:17:42 [allowed] §eYou haven't claimed your §r§6Summer Rewards §r§eyet!
21:17:42 [allowed] §eTalk to the §r§bSummer Sloth §r§ein the §r§aHub!
21:17:43 [allowed] §cYou are sending commands too fast! Please slow down.
21:17:51 [allowed] §cThere are blocks in the way!
21:17:53 [allowed] §cThis Fishing Rod does not work in lava.
21:18:27 [allowed] §6§lTROPHY FISH! §r§bYou caught a §r§fGusher §r§8§lBRONZE§r§b.
21:18:37 [allowed] §6§lGOOD CATCH! §r§bYou found a §r§fCorrupted Bait§r§b.
21:18:40 [allowed] §aYou sold §r§fCorrupted Bait§r§8 x16 §r§afor §r§616 Coins§r§a!
21:18:42 [allowed] §a§r§6Mining Speed Boost §r§ais now available!
21:18:45 [allowed] §6§lTROPHY FISH! §r§bYou caught a §r§fGusher §r§8§lBRONZE§r§b.
21:18:56 [allowed] §6§lTROPHY FISH! §r§bYou caught a §r§9Lavahorse §r§8§lBRONZE§r§b.
21:19:41 [allowed] §6§lTROPHY FISH! §r§bYou caught a §r§fGusher §r§7§lSILVER§r§b.
21:19:53 [allowed] §cThere are blocks in the way!
21:19:54 [allowed] §cThere are blocks in the way!
21:20:09 [allowed] §6§lTROPHY FISH! §r§bYou caught a §r§fGusher §r§8§lBRONZE§r§b.
21:20:19 [allowed] §6§lTROPHY FISH! §r§bYou caught a §r§fBlobfish §r§7§lSILVER§r§b.
21:21:18 [allowed] §6§lTROPHY FISH! §r§bYou caught a §r§fGusher §r§8§lBRONZE§r§b.
21:21:42 [allowed] §6§lTROPHY FISH! §r§bYou caught a §r§fGusher §r§8§lBRONZE§r§b.
21:21:55 [allowed] §6§lTROPHY FISH! §r§bYou caught a §r§fGusher §r§8§lBRONZE§r§b.
21:22:04 [allowed] §6§lTROPHY FISH! §r§bYou caught a §r§fGusher §r§8§lBRONZE§r§b.
21:22:15 [allowed] §6§lTROPHY FISH! §r§bYou caught a §r§fGusher §r§7§lSILVER§r§b.
21:22:28 [allowed] §6§lGOOD CATCH! §r§bYou found §r§615,553 Coins§r§b.
21:22:52 [allowed] §aYour Blessing enchant got you double drops!
21:22:52 [allowed] §6§lGOOD CATCH! §r§bYou found a §r§fCorrupted Bait§r§b.
21:23:05 [allowed] §6§lTROPHY FISH! §r§bYou caught a §r§fBlobfish §r§8§lBRONZE§r§b.
21:23:28 [allowed] §aYour Blessing enchant got you double drops!
21:23:28 [allowed] §6§lGOOD CATCH! §r§bYou found a §r§5Silver Magmafish§r§b.
21:23:35 [allowed] §aYou sold §r§fCorrupted Bait§r§8 x16 §r§afor §r§616 Coins§r§a!
21:23:39 [allowed] §6§lTROPHY FISH! §r§bYou caught a §r§fGusher §r§8§lBRONZE§r§b.
21:23:48 [allowed] §aYour Blessing enchant got you double drops!
21:24:10 [allowed] §aYour Blessing enchant got you double drops!
21:24:10 [allowed] §6§lGOOD CATCH! §r§bYou found a §r§aHot Bait§r§b.
21:24:13 [allowed] §aYou sold §r§aHot Bait§r§8 x16 §r§afor §r§6480 Coins§r§a!
21:24:21 [allowed] §6§lTROPHY FISH! §r§bYou caught a §r§fGusher §r§8§lBRONZE§r§b.
21:24:50 [allowed] §aYour Blessing enchant got you double drops!
21:25:34 [allowed] §6§lGOOD CATCH! §r§bYou found a §r§fFish Bait§r§b.
21:25:44 [allowed] §6§lGOOD CATCH! §r§bYou found a §r§aWorm Bait§r§b.
21:25:47 [allowed] §aYou sold §r§aWorm Bait§r§8 x16 §r§afor §r§6400 Coins§r§a!
21:26:06 [allowed] §aYour Blessing enchant got you double drops!
21:26:07 [allowed] §c ☠ §r§7§r§7wrpl§r§7 fell into the void§r§7.
21:26:17 [allowed] §6§lTROPHY FISH! §r§bYou caught a §r§fBlobfish §r§8§lBRONZE§r§b.
21:26:26 [allowed] §c ☠ §r§7§r§7wrpl§r§7 burned to death§r§7.
21:26:30 [allowed] §6§lTROPHY FISH! §r§bYou caught a §r§fGusher §r§6§lGOLD§r§b.
21:26:40 [allowed] §6§lTROPHY FISH! §r§bYou caught a §r§fBlobfish §r§8§lBRONZE§r§b.
21:26:51 [allowed] §6§lTROPHY FISH! §r§bYou caught a §r§9Volcanic Stonefish §r§8§lBRONZE§r§b.
21:27:04 [allowed] §aYour Blessing enchant got you double drops!
21:27:12 [allowed] §8[§r§b221§r§8] §r§6▒ §r§b[MVP] lhawil§f§r§f: whats sc cap in isle?
21:27:29 [allowed] §a§lNEW DISCOVERY: §r§5Skeleton Fish§r§7 §r§7Silver
21:27:29 [allowed] §6§lTROPHY FISH! §r§bYou caught a §r§5Skeleton Fish §r§7§lSILVER§r§b.
21:27:33 [allowed] §cThere are blocks in the way!
21:27:34 [allowed] §cThere are blocks in the way!
21:27:34 [allowed] §cThere are blocks in the way!
21:27:34 [allowed] §cThere are blocks in the way!
21:27:34 [allowed] §cThere are blocks in the way!
21:28:01 [allowed] §8[§r§d323§r§8] §r§b[MVP§c+§b] AutoRouteUser §c⚒§f§r§f: 5 personal
21:28:08 [allowed] §8[§r§d323§r§8] §r§b[MVP§c+§b] AutoRouteUser §c⚒§f§r§f: 60 total
21:28:19 [allowed] §c ☠ §r§7§r§bWeBreakTheBank§r§7 was killed by §r§8§lBladesoul§r§7§r§7.
21:28:20 [allowed] §8[§r§b221§r§8] §r§6▒ §r§b[MVP] lhawil§f§r§f: alr ty
21:28:35 [allowed] §cThere are blocks in the way!
21:28:56 [allowed] §aClaimed Adept Trophy Fisher reward!
21:28:58 [allowed] §aYou claimed a §r§9Silver Trophy Fishing Sack§r§a!
21:29:47 [allowed] §8[§r§b221§r§8] §r§6▒ §r§b[MVP] lhawil§f§r§f: -366 100 -641
21:29:48 [allowed] §8[§r§b221§r§8] §r§6▒ §r§b[MVP] lhawil§f§r§f: vanq
21:30:26 [allowed] §8[§r§3262§r§8] §r§5§l࿇ §r§b[MVP§r§9+§r§b] Sebbebas§r§f: I have all silver throphy fish but not all bronze
21:31:50 [allowed] §6[Bazaar] §r§7Executing instant buy...
21:31:50 [allowed] §6[Bazaar] §r§7Bought §r§a8§r§7x §r§aEnchanted Pork §r§7for §r§638,550 coins§r§7!
21:31:55 [allowed] §cThere are blocks in the way!
21:32:57 [allowed] §cThere are blocks in the way!
21:33:32 [allowed] §cThere are blocks in the way!
21:33:33 [allowed] §cThere are blocks in the way!
21:33:35 [allowed] §cThere are blocks in the way!
21:34:03 [allowed] §cThere are blocks in the way!
21:34:31 [allowed] §cThere are blocks in the way!
21:34:32 [allowed] §cThere are blocks in the way!
21:34:34 [allowed] §cThere are blocks in the way!
21:34:35 [allowed] §cThere are blocks in the way!
21:34:35 [allowed] §8[§r§b221§r§8] §r§6▒ §r§b[MVP] lhawil§f§r§f: whats a god roll for fishing armor?
21:34:36 [allowed] §cThere are blocks in the way!
21:34:47 [allowed] §8[§r§5398§r§8] §r§6〣 §r§b[MVP§f+§b] VLT_Plasma§f§r§f: mf bf or bf fish exp
21:35:00 [allowed] §cThere are blocks in the way!
21:35:01 [allowed] §cThere are blocks in the way!
21:35:05 [allowed] §8[§r§b221§r§8] §r§6▒ §r§b[MVP] lhawil§f§r§f: blazing fortune?
21:35:09 [allowed] §8[§r§5398§r§8] §r§6〣 §r§b[MVP§f+§b] VLT_Plasma§f§r§f: yes
21:35:09 [allowed] §cThere are blocks in the way!
21:35:10 [allowed] §cThere are blocks in the way!
21:35:12 [allowed] §8[§r§b221§r§8] §r§6▒ §r§b[MVP] lhawil§f§r§f: and mf?
21:35:16 [allowed] §8[§r§b214§r§8] §r§6✎ §r§6[MVP§a++§6] lizards_§f§r§f: magic find i think
21:35:17 [allowed] §cThere are blocks in the way!
21:35:24 [allowed] §8[§r§5398§r§8] §r§6〣 §r§b[MVP§f+§b] VLT_Plasma§f§r§f: yup
21:35:25 [allowed] §cThere are blocks in the way!
21:35:25 [allowed] §cThere are blocks in the way!
21:35:26 [allowed] §cThere are blocks in the way!
21:35:33 [allowed] §8[§r§b221§r§8] §r§6▒ §r§b[MVP] lhawil§f§r§f: alr
21:35:39 [allowed] §8[§r§5398§r§8] §r§6〣 §r§b[MVP§f+§b] VLT_Plasma§f§r§f: mf bf on magma lord is rly good for magic find on sc
21:35:49 [allowed] §cThere are blocks in the way!
21:35:50 [allowed] §8[§r§5398§r§8] §r§6〣 §r§b[MVP§f+§b] VLT_Plasma§f§r§f: u can get liek 15 per piece
21:36:03 [allowed] §8[§r§b221§r§8] §r§6▒ §r§b[MVP] lhawil§f§r§f: 15?
21:36:06 [allowed] §cThere are blocks in the way!
21:36:16 [allowed] §8[§r§5398§r§8] §r§6〣 §r§b[MVP§f+§b] VLT_Plasma§f§r§f: yes u can get 15 mf per piece with 10/10
21:36:20 [allowed] §8[§r§5398§r§8] §r§6〣 §r§b[MVP§f+§b] VLT_Plasma§f§r§f: + 5 from the perk
21:36:25 [allowed] §cThere are blocks in the way!
21:36:33 [allowed] §8[§r§b221§r§8] §r§6▒ §r§b[MVP] lhawil§f§r§f: nice
21:36:37 [allowed] §8[§r§5398§r§8] §r§6〣 §r§b[MVP§f+§b] VLT_Plasma§f§r§f: u get 65 wearing magma lord + dae axe + gdrag u can get 450 or smt
21:36:48 [allowed] §6§lTROPHY FISH! §r§bYou caught a §r§aFlyfish §r§8§lBRONZE§r§b.
21:37:00 [allowed] §8[§r§b221§r§8] §r§6▒ §r§b[MVP] lhawil§f§r§f: but its expensive to get
21:37:00 [allowed] §6§lTROPHY FISH! §r§bYou caught a §r§fGusher §r§7§lSILVER§r§b.
21:37:05 [allowed] §8[§r§5398§r§8] §r§6〣 §r§b[MVP§f+§b] VLT_Plasma§f§r§f: yes very very very expensive
21:37:13 [allowed] §8[§r§5398§r§8] §r§6〣 §r§b[MVP§f+§b] VLT_Plasma§f§r§f: like 6b expensive
21:37:13 [allowed] §aYour Blessing enchant got you double drops!
21:37:19 [allowed] §8[§r§b221§r§8] §r§6▒ §r§b[MVP] lhawil§f§r§f: for piece?
21:37:23 [allowed] §8[§r§5398§r§8] §r§6〣 §r§b[MVP§f+§b] VLT_Plasma§f§r§f: whole set
21:37:36 [allowed] §aYou completed your Fishing quest! Visit the Town Board to claim the rewards.
21:37:36 [allowed] §6§lTROPHY FISH! §r§bYou caught a §r§aFlyfish §r§8§lBRONZE§r§b.
21:37:38 [allowed] §8[§r§5398§r§8] §r§6〣 §r§b[MVP§f+§b] VLT_Plasma§f§r§f: the shards for the attributes are insanely expensive
21:37:50 [allowed] §a+30 Mage Reputation
21:37:50 [allowed] §3+2,000 Combat XP
21:37:52 [allowed] §cThere are blocks in the way!
21:38:41 [allowed] §c ☠ §r§7§r§abamedPOV§r§7 was killed by Flare§r§7§r§7.
21:39:35 [allowed] §8[§r§b215§r§8] §r§7§lꕁ §r§b[MVP§d+§b] Miknice32§f§r§f: SKILL LEVEL UP Fishing XXXI➜XXXII
21:39:37 [allowed] §8[§r§b215§r§8] §r§7§lꕁ §r§b[MVP§d+§b] Miknice32§f§r§f: yaa
21:39:57 [allowed] §c ☠ §r§7§r§7TriangleBoi467§r§7 was killed by §r§4§lMagma Boss§r§7§r§7.
21:43:15 [allowed] §8[§r§b214§r§8] §r§6✎ §r§6[MVP§a++§6] lizards_§f§r§f: alireza_ rlly, cant you find your own server
21:43:30 [allowed] §8[§r§3275§r§8] §r§7Σ §r§b[MVP§6+§b] Alireza_§f§r§f: x: -481, y: 94, z: -722
21:43:31 [allowed] §8[§r§3275§r§8] §r§7Σ §r§b[MVP§6+§b] Alireza_§f§r§f: vanq
21:43:34 [allowed] §c ☠ §r§7§r§bfloffysnow§r§7 was killed by §r§8§lBladesoul§r§7§r§7.
21:43:43 [allowed] §8[§r§b214§r§8] §r§6✎ §r§6[MVP§a++§6] lizards_§f§r§f: alireza_ pls find your own server
21:43:51 [allowed] §cThere are blocks in the way!
21:43:53 [allowed] §8[§r§9280§r§8] §r§b§lᛝ §r§b[MVP§3+§b] PasParsa§f§r§f: Whats the tea
21:43:57 [allowed] §7Your Giant's Sword hit §r§c2 §r§7enemies for §r§c1,826,016 §r§7damage.
21:44:07 [allowed] §8[§r§3275§r§8] §r§7Σ §r§b[MVP§6+§b] Alireza_§f§r§f: you're not even kill the mobs :|
21:44:11 [allowed] §8[§r§b214§r§8] §r§6✎ §r§6[MVP§a++§6] lizards_§f§r§f: i was
21:44:12 [allowed] §aYou summoned your §r§6Tiger§r§a!
21:44:15 [allowed] §8[§r§9280§r§8] §r§b§lᛝ §r§b[MVP§3+§b] PasParsa§f§r§f: Nice English
21:44:24 [allowed] §cThis ability is on cooldown for 3s.
21:44:25 [allowed] §8[§r§b214§r§8] §r§6✎ §r§6[MVP§a++§6] lizards_§f§r§f: i was abt to do a test to see how much i make per hour
21:44:33 [allowed] §c ☠ §r§7§r§aMaxxExists§r§7 was killed by Magma Cube§r§7§r§7.
21:44:36 [allowed] §e§lLOOT SHARE §r§r§r§fYou received loot for assisting §r§6lizards_§r§f!
21:44:41 [allowed] §8[§r§3275§r§8] §r§7Σ §r§b[MVP§6+§b] Alireza_§f§r§f: with magma rider's?
21:44:50 [allowed] §8[§r§b214§r§8] §r§6✎ §r§6[MVP§a++§6] lizards_§f§r§f: ?
21:44:50 [allowed] §8[§r§f71§r§8] §r§7Vypex3750§7§r§7: where do i star my crimson armor
21:44:53 [allowed] §cThere are blocks in the way!
21:45:16 [allowed] §cThere are blocks in the way!
21:45:16 [allowed] §cThere are blocks in the way!
21:45:46 [allowed] §3§l▬▬▬▬▬▬▬▬▬▬▬▬▬▬▬▬▬▬▬▬▬▬▬▬▬▬▬▬▬▬▬▬▬▬▬▬▬▬▬▬▬▬▬▬▬▬▬▬▬▬▬▬▬▬▬▬▬▬▬▬▬▬▬▬
21:45:56 [allowed] §cThere are blocks in the way!
21:45:57 [allowed] §cThere are blocks in the way!
21:45:59 [allowed] §cThere are blocks in the way!
21:46:41 [allowed] §c ☠ §r§7§r§bKKamilS§r§7 was killed by Smoldering Blaze§r§7§r§7.
21:47:16 [allowed] §8[§r§b212§r§8] §r§a[VIP] _oLinear §5ቾ§f§r§f: hub
