14:30:17 Trying to load config from config\skyhanni\config.json
14:30:17 load-config-now
14:30:18 Loaded config from file
14:30:18 Trying to load sacks from config\skyhanni\sacks.json
14:30:18 load-sacks-now
14:30:18 Loaded sacks from file
14:30:18 Trying to load friends from config\skyhanni\friends.json
14:30:18 load-friends-now
14:30:18 Loaded friends from file
14:30:18 Trying to load known_features from config\skyhanni\known_features.json
14:30:18 load-known_features-now
14:30:18 Loaded known_features from file
14:30:18 Trying to load jacob_contests from config\skyhanni\jacob_contests.json
14:30:18 load-jacob_contests-now
14:30:18 Loaded jacob_contests from file
14:30:18 Trying to load visual_words from config\skyhanni\visual_words.json
14:30:18 Setting visual_words to be blank as it did not exist. It will be saved once something is written to it
14:31:18 saveConfig: auto-save-60s
14:31:18 Saving config file
14:32:18 saveConfig: auto-save-60s
14:32:18 Saving config file
14:33:18 saveConfig: auto-save-60s
14:33:18 Saving config file
14:34:18 saveConfig: auto-save-60s
14:34:18 Saving config file
14:34:44 saveConfig: Updated known feature flags
14:34:44 Saving known_features file
14:34:50 saveConfig: Save file
14:34:50 Saving friends file
14:35:18 saveConfig: auto-save-60s
14:35:18 Saving config file
14:36:18 saveConfig: auto-save-60s
14:36:18 Saving config file
14:37:18 saveConfig: auto-save-60s
14:37:18 Saving config file
14:38:18 saveConfig: auto-save-60s
14:38:18 Saving config file
14:39:18 saveConfig: auto-save-60s
14:39:18 Saving config file
14:40:18 saveConfig: auto-save-60s
14:40:18 Saving config file
14:41:18 saveConfig: auto-save-60s
14:41:18 Saving config file
14:42:18 saveConfig: auto-save-60s
14:42:18 Saving config file
14:43:18 saveConfig: auto-save-60s
14:43:18 Saving config file
14:44:18 saveConfig: auto-save-60s
14:44:18 Saving config file
14:45:18 saveConfig: auto-save-60s
14:45:18 Saving config file
14:46:18 saveConfig: auto-save-60s
14:46:18 Saving config file
14:47:18 saveConfig: auto-save-60s
14:47:18 Saving config file
14:48:18 saveConfig: auto-save-60s
14:48:18 Saving config file
14:49:18 saveConfig: auto-save-60s
14:49:18 Saving config file
14:50:18 saveConfig: auto-save-60s
14:50:18 Saving config file
14:51:18 saveConfig: auto-save-60s
14:51:18 Saving config file
14:52:18 saveConfig: auto-save-60s
14:52:18 Saving config file
14:53:18 saveConfig: auto-save-60s
14:53:18 Saving config file
14:54:18 saveConfig: auto-save-60s
14:54:18 Saving config file
14:55:18 saveConfig: auto-save-60s
14:55:18 Saving config file
14:56:18 saveConfig: auto-save-60s
14:56:18 Saving config file
14:57:18 saveConfig: auto-save-60s
14:57:18 Saving config file
14:58:18 saveConfig: auto-save-60s
14:58:18 Saving config file
14:59:18 saveConfig: auto-save-60s
14:59:18 Saving config file
15:00:18 saveConfig: auto-save-60s
15:00:18 Saving config file
15:01:18 saveConfig: auto-save-60s
15:01:18 Saving config file
15:02:18 saveConfig: auto-save-60s
15:02:18 Saving config file
15:03:18 saveConfig: auto-save-60s
15:03:18 Saving config file
15:04:18 saveConfig: auto-save-60s
15:04:18 Saving config file
15:05:18 saveConfig: auto-save-60s
15:05:18 Saving config file
15:06:18 saveConfig: auto-save-60s
15:06:18 Saving config file
15:07:18 saveConfig: auto-save-60s
15:07:18 Saving config file
15:08:18 saveConfig: auto-save-60s
15:08:18 Saving config file
15:09:18 saveConfig: auto-save-60s
15:09:18 Saving config file
15:10:18 saveConfig: auto-save-60s
15:10:18 Saving config file
15:11:18 saveConfig: auto-save-60s
15:11:18 Saving config file
15:12:18 saveConfig: auto-save-60s
15:12:18 Saving config file
15:13:18 saveConfig: auto-save-60s
15:13:18 Saving config file
15:14:18 saveConfig: auto-save-60s
15:14:18 Saving config file
15:15:18 saveConfig: auto-save-60s
15:15:18 Saving config file
15:16:18 saveConfig: auto-save-60s
15:16:18 Saving config file
15:17:18 saveConfig: auto-save-60s
15:17:18 Saving config file
15:18:18 saveConfig: auto-save-60s
15:18:18 Saving config file
15:19:18 saveConfig: auto-save-60s
15:19:18 Saving config file
15:20:18 saveConfig: auto-save-60s
15:20:18 Saving config file
15:21:18 saveConfig: auto-save-60s
15:21:18 Saving config file
15:22:18 saveConfig: auto-save-60s
15:22:18 Saving config file
15:23:18 saveConfig: auto-save-60s
15:23:18 Saving config file
15:24:18 saveConfig: auto-save-60s
15:24:18 Saving config file
15:25:18 saveConfig: auto-save-60s
15:25:18 Saving config file
15:26:18 saveConfig: auto-save-60s
15:26:18 Saving config file
15:27:18 saveConfig: auto-save-60s
15:27:18 Saving config file
15:28:18 saveConfig: auto-save-60s
15:28:18 Saving config file
15:29:18 saveConfig: auto-save-60s
15:29:18 Saving config file
15:30:18 saveConfig: auto-save-60s
15:30:18 Saving config file
15:31:18 saveConfig: auto-save-60s
15:31:18 Saving config file
15:32:18 saveConfig: auto-save-60s
15:32:18 Saving config file
15:33:18 saveConfig: auto-save-60s
15:33:18 Saving config file
15:34:18 saveConfig: auto-save-60s
15:34:18 Saving config file
15:35:18 saveConfig: auto-save-60s
15:35:18 Saving config file
15:36:18 saveConfig: auto-save-60s
15:36:18 Saving config file
15:37:18 saveConfig: auto-save-60s
15:37:18 Saving config file
15:38:18 saveConfig: auto-save-60s
15:38:18 Saving config file
15:39:18 saveConfig: auto-save-60s
15:39:18 Saving config file
15:40:18 saveConfig: auto-save-60s
15:40:18 Saving config file
15:41:18 saveConfig: auto-save-60s
15:41:18 Saving config file
15:42:18 saveConfig: auto-save-60s
15:42:18 Saving config file
15:43:18 saveConfig: auto-save-60s
15:43:18 Saving config file
15:44:18 saveConfig: auto-save-60s
15:44:18 Saving config file
15:45:18 saveConfig: auto-save-60s
15:45:18 Saving config file
15:46:18 saveConfig: auto-save-60s
15:46:18 Saving config file
15:47:18 saveConfig: auto-save-60s
15:47:18 Saving config file
15:48:18 saveConfig: auto-save-60s
15:48:18 Saving config file
15:49:18 saveConfig: auto-save-60s
15:49:18 Saving config file
15:50:18 saveConfig: auto-save-60s
15:50:18 Saving config file
15:51:18 saveConfig: auto-save-60s
15:51:18 Saving config file
15:52:18 saveConfig: auto-save-60s
15:52:18 Saving config file
15:53:18 saveConfig: auto-save-60s
15:53:18 Saving config file
15:54:18 saveConfig: auto-save-60s
15:54:18 Saving config file
15:55:18 saveConfig: auto-save-60s
15:55:18 Saving config file
15:56:18 saveConfig: auto-save-60s
15:56:18 Saving config file
15:57:18 saveConfig: auto-save-60s
15:57:18 Saving config file
15:58:18 saveConfig: auto-save-60s
15:58:18 Saving config file
15:59:18 saveConfig: auto-save-60s
15:59:18 Saving config file
16:00:18 saveConfig: auto-save-60s
16:00:18 Saving config file
16:01:18 saveConfig: auto-save-60s
16:01:18 Saving config file
16:02:18 saveConfig: auto-save-60s
16:02:18 Saving config file
16:03:18 saveConfig: auto-save-60s
16:03:18 Saving config file
16:04:18 saveConfig: auto-save-60s
16:04:18 Saving config file
16:05:18 saveConfig: auto-save-60s
16:05:18 Saving config file
16:06:18 saveConfig: auto-save-60s
16:06:18 Saving config file
16:07:18 saveConfig: auto-save-60s
16:07:18 Saving config file
16:08:18 saveConfig: auto-save-60s
16:08:18 Saving config file
16:09:18 saveConfig: auto-save-60s
16:09:18 Saving config file
16:10:18 saveConfig: auto-save-60s
16:10:18 Saving config file
16:11:18 saveConfig: auto-save-60s
16:11:18 Saving config file
16:12:18 saveConfig: auto-save-60s
16:12:18 Saving config file
16:13:18 saveConfig: auto-save-60s
16:13:18 Saving config file
16:14:18 saveConfig: auto-save-60s
16:14:18 Saving config file
16:15:18 saveConfig: auto-save-60s
16:15:18 Saving config file
16:16:18 saveConfig: auto-save-60s
16:16:18 Saving config file
16:17:18 saveConfig: auto-save-60s
16:17:18 Saving config file
16:18:18 saveConfig: auto-save-60s
16:18:18 Saving config file
16:19:18 saveConfig: auto-save-60s
16:19:18 Saving config file
16:20:18 saveConfig: auto-save-60s
16:20:18 Saving config file
16:21:18 saveConfig: auto-save-60s
16:21:18 Saving config file
16:22:18 saveConfig: auto-save-60s
16:22:18 Saving config file
16:23:18 saveConfig: auto-save-60s
16:23:18 Saving config file
16:24:18 saveConfig: auto-save-60s
16:24:18 Saving config file
16:25:18 saveConfig: auto-save-60s
16:25:18 Saving config file
16:26:18 saveConfig: auto-save-60s
16:26:18 Saving config file
16:27:18 saveConfig: auto-save-60s
16:27:18 Saving config file
16:28:18 saveConfig: auto-save-60s
16:28:18 Saving config file
16:29:18 saveConfig: auto-save-60s
16:29:18 Saving config file
16:30:18 saveConfig: auto-save-60s
16:30:18 Saving config file
16:31:18 saveConfig: auto-save-60s
16:31:18 Saving config file
16:32:18 saveConfig: auto-save-60s
16:32:18 Saving config file
16:33:18 saveConfig: auto-save-60s
16:33:18 Saving config file
16:34:18 saveConfig: auto-save-60s
16:34:18 Saving config file
16:35:18 saveConfig: auto-save-60s
16:35:18 Saving config file
16:36:18 saveConfig: auto-save-60s
16:36:18 Saving config file
16:37:18 saveConfig: auto-save-60s
16:37:18 Saving config file
16:38:18 saveConfig: auto-save-60s
16:38:18 Saving config file
16:39:18 saveConfig: auto-save-60s
16:39:18 Saving config file
16:40:18 saveConfig: auto-save-60s
16:40:18 Saving config file
16:41:18 saveConfig: auto-save-60s
16:41:18 Saving config file
16:42:18 saveConfig: auto-save-60s
16:42:18 Saving config file
16:43:18 saveConfig: auto-save-60s
16:43:18 Saving config file
16:44:18 saveConfig: auto-save-60s
16:44:18 Saving config file
16:45:18 saveConfig: auto-save-60s
16:45:18 Saving config file
16:46:18 saveConfig: auto-save-60s
16:46:18 Saving config file
16:47:17 saveConfig: shutdown-hook
16:47:17 Saving config file
