11:38:22 `§7Villager`373 missed {
 is already Found: false).
 Position: LorenzVec{x=-11.3125, y=70.0, z=-95.6875}
 DistanceC: 22.066761399701306
Relative Position: LorenzVec{x=22.066761399701306, y=0.0, z=-20.98750001192093}
 }
11:39:59 `03j469481k`174 missed {
 is already Found: false).
 Position: LorenzVec{x=-15.5, y=201.0, z=-98.5}
 DistanceC: 23.784763798918917
Relative Position: LorenzVec{x=17.81799268491752, y=1.0, z=23.784763798918917}
 }
11:39:59 `5tp74p30yh`173 missed {
 is already Found: false).
 Position: LorenzVec{x=-10.5, y=201.0, z=-103.5}
 DistanceC: 22.81799268491752
Relative Position: LorenzVec{x=22.81799268491752, y=1.0, z=18.784763798918917}
 }
11:43:50 `cbxcpu55s1`162 missed {
 is already Found: false).
 Position: LorenzVec{x=-6.5, y=145.0, z=-18.5}
 DistanceC: 14.405797198497854
Relative Position: LorenzVec{x=-14.405797198497854, y=-2.0, z=12.334917680825015}
 }
11:44:15 `889fz11yun`178 missed {
 is already Found: false).
 Position: LorenzVec{x=42.5, y=134.5, z=22.5}
 DistanceC: 0.8864648465030172
Relative Position: LorenzVec{x=0.8864648465030172, y=-1.980710876331699, z=-0.28510949713416167}
 }
11:44:15 `y75z3z4h6b`234 missed {
 is already Found: false).
 Position: LorenzVec{x=53.0625, y=141.5, z=19.5}
 DistanceC: 9.160898709577019
Relative Position: LorenzVec{x=9.160898709577019, y=6.5, z=-4.759423211533328}
 }
11:44:25 `Creeper`696430 missed {
 is already Found: false).
 Position: LorenzVec{x=-10.25, y=77.0, z=43.3125}
 DistanceC: 1.9298440286463006
Relative Position: LorenzVec{x=0.5000966940348146, y=-51.0, z=-1.9298440286463006}
 }
11:44:28 `x1ene1xkau`222 missed {
 is already Found: false).
 Position: LorenzVec{x=0.5, y=145.0, z=23.5}
 DistanceC: 18.820523175549134
Relative Position: LorenzVec{x=18.820523175549134, y=17.0, z=-11.017715493805476}
 }
11:46:25 `eetzk95l7n`163 missed {
 is already Found: false).
 Position: LorenzVec{x=84.0, y=224.0, z=-118.0}
 DistanceC: 0.7455613030053883
Relative Position: LorenzVec{x=0.4185426381745998, y=0.0, z=0.7455613030053883}
 }
11:46:56 `1p057hp7j5`161 missed {
 is already Found: false).
 Position: LorenzVec{x=126.5, y=195.0, z=195.5}
 DistanceC: 20.355427013574655
Relative Position: LorenzVec{x=-20.355427013574655, y=-6.491931349076765, z=4.388758191624277}
 }
11:46:56 `mh0x23xkvh`199 missed {
 is already Found: false).
 Position: LorenzVec{x=136.0, y=196.0, z=167.0}
 DistanceC: 20.853026279130376
Relative Position: LorenzVec{x=-17.83760331221586, y=-4.076410102908966, z=-20.853026279130376}
 }
11:47:03 `§7Villager`171 missed {
 is already Found: false).
 Position: LorenzVec{x=191.0, y=216.0, z=154.0}
 DistanceC: 11.791354840196362
Relative Position: LorenzVec{x=11.066694546226529, y=20.0, z=11.791354840196362}
 }
11:47:04 `m4ffw7851b`198 missed {
 is already Found: false).
 Position: LorenzVec{x=181.5, y=196.0, z=135.5}
 DistanceC: 1.9672462862424425
Relative Position: LorenzVec{x=1.7028006614737876, y=0.0, z=-1.9672462862424425}
 }
11:47:15 `mh0x23xkvh`199 missed {
 is already Found: false).
 Position: LorenzVec{x=136.0, y=196.0, z=167.0}
 DistanceC: 16.726946950022494
Relative Position: LorenzVec{x=-16.726946950022494, y=0.0, z=-14.653761364541992}
 }
11:47:15 `nn6zke898b`322242 missed {
 is already Found: false).
 Position: LorenzVec{x=129.5, y=196.0, z=196.5}
 DistanceC: 20.702446307871526
Relative Position: LorenzVec{x=-20.702446307871526, y=0.0, z=16.209323385273564}
 }
11:56:55 `v203v19uw1`190 missed {
 is already Found: false).
 Position: LorenzVec{x=122.0, y=192.0, z=148.0}
 DistanceC: 14.760674803271456
Relative Position: LorenzVec{x=-9.13494752985423, y=-6.749187078744683, z=-14.760674803271456}
 }
11:56:55 `37418f54g2`191 missed {
 is already Found: false).
 Position: LorenzVec{x=137.0, y=192.0, z=148.0}
 DistanceC: 14.760674803271456
Relative Position: LorenzVec{x=5.86505247014577, y=-6.749187078744683, z=-14.760674803271456}
 }
11:56:56 `mh0x23xkvh`199 missed {
 is already Found: false).
 Position: LorenzVec{x=136.0, y=196.0, z=167.0}
 DistanceC: 6.041131752146782
Relative Position: LorenzVec{x=4.092386951881252, y=0.7684762024129839, z=-6.041131752146782}
 }
11:57:01 `1p057hp7j5`161 missed {
 is already Found: false).
 Position: LorenzVec{x=126.5, y=195.0, z=195.5}
 DistanceC: 3.223748741556875
Relative Position: LorenzVec{x=-3.223748741556875, y=-2.0, z=-1.199999988079071}
 }
11:57:23 `v203v19uw1`190 missed {
 is already Found: false).
 Position: LorenzVec{x=122.0, y=192.0, z=148.0}
 DistanceC: 18.350365770686153
Relative Position: LorenzVec{x=-9.206804377101122, y=5.0, z=18.350365770686153}
 }
11:57:23 `37418f54g2`191 missed {
 is already Found: false).
 Position: LorenzVec{x=137.0, y=192.0, z=148.0}
 DistanceC: 18.350365770686153
Relative Position: LorenzVec{x=5.793195622898878, y=5.0, z=18.350365770686153}
 }
11:57:27 `flr9p481ec`188 missed {
 is already Found: false).
 Position: LorenzVec{x=134.0, y=187.0, z=106.0}
 DistanceC: 23.649634229313847
Relative Position: LorenzVec{x=2.793195622898878, y=0.0, z=-23.649634229313847}
 }
11:57:27 `4l6w12cpwy`189 missed {
 is already Found: false).
 Position: LorenzVec{x=125.0, y=187.0, z=106.0}
 DistanceC: 23.649634229313847
Relative Position: LorenzVec{x=-6.206804377101122, y=0.0, z=-23.649634229313847}
 }
11:58:05 `9l6v87o3if`564 missed {
 is already Found: false).
 Position: LorenzVec{x=-29.5, y=57.0, z=-90.5}
 DistanceC: 21.970096598769846
Relative Position: LorenzVec{x=-21.970096598769846, y=-13.0, z=-10.365184964671855}
 }
11:58:08 `4jcmligj10`426 missed {
 is already Found: false).
 Position: LorenzVec{x=-31.0, y=73.0, z=-95.5}
 DistanceC: 23.470096598769846
Relative Position: LorenzVec{x=-23.470096598769846, y=3.0, z=-15.365184964671855}
 }
11:58:19 `5458vk97ya`223 missed {
 is already Found: false).
 Position: LorenzVec{x=22.0, y=71.0, z=-45.5}
 DistanceC: 21.289199256801755
Relative Position: LorenzVec{x=21.289199256801755, y=0.0, z=14.800000011920929}
 }
11:58:53 `465ulq47sg`212 missed {
 is already Found: false).
 Position: LorenzVec{x=-22.5, y=151.0, z=-49.5}
 DistanceC: 23.0
Relative Position: LorenzVec{x=-23.0, y=2.0, z=19.0}
 }
11:58:53 `eq2xmq36rh`213 missed {
 is already Found: false).
 Position: LorenzVec{x=-22.5, y=151.0, z=-79.5}
 DistanceC: 23.0
Relative Position: LorenzVec{x=-23.0, y=2.0, z=-11.0}
 }
11:58:53 `0r73ww8590`215 missed {
 is already Found: false).
 Position: LorenzVec{x=23.5, y=151.0, z=-87.5}
 DistanceC: 23.0
Relative Position: LorenzVec{x=23.0, y=2.0, z=-19.0}
 }
11:58:53 `1w8f165ht3`216 missed {
 is already Found: false).
 Position: LorenzVec{x=23.5, y=151.0, z=-57.5}
 DistanceC: 23.0
Relative Position: LorenzVec{x=23.0, y=2.0, z=11.0}
 }
12:01:18 `353wv03mll`221 missed {
 is already Found: false).
 Position: LorenzVec{x=-147.5, y=168.5, z=-53.5}
 DistanceC: 19.25522406351658
Relative Position: LorenzVec{x=-19.25522406351658, y=-3.980710876331699, z=19.199305897578597}
 }
12:02:24 `385jc900kz`547 missed {
 is already Found: false).
 Position: LorenzVec{x=23.0, y=71.0, z=-69.0}
 DistanceC: 21.34286563956602
Relative Position: LorenzVec{x=21.34286563956602, y=1.0, z=19.637092080045804}
 }
12:02:24 `3c09sh07s4`548 missed {
 is already Found: false).
 Position: LorenzVec{x=23.0, y=77.0, z=-69.5}
 DistanceC: 21.34286563956602
Relative Position: LorenzVec{x=21.34286563956602, y=7.0, z=19.137092080045804}
 }
12:06:29 `0363ys736j`221 missed {
 is already Found: false).
 Position: LorenzVec{x=-147.5, y=168.5, z=-53.5}
 DistanceC: 23.58262973715526
Relative Position: LorenzVec{x=-23.58262973715526, y=-2.5, z=20.19999998807907}
 }
12:08:53 `w18q5e95b2`219 missed {
 is already Found: false).
 Position: LorenzVec{x=46.5, y=131.0, z=173.5}
 DistanceC: 20.178303206010014
Relative Position: LorenzVec{x=-20.178303206010014, y=-12.0, z=6.596184378538709}
 }
12:09:39 `w18q5e95b2`219 missed {
 is already Found: false).
 Position: LorenzVec{x=46.5, y=131.0, z=173.5}
 DistanceC: 15.670724842360919
Relative Position: LorenzVec{x=-15.670724842360919, y=-12.0, z=7.959738668300474}
 }
12:10:16 `w18q5e95b2`219 missed {
 is already Found: false).
 Position: LorenzVec{x=46.5, y=131.0, z=173.5}
 DistanceC: 7.150569410234652
Relative Position: LorenzVec{x=5.896754592847941, y=-12.0, z=7.150569410234652}
 }
12:10:31 `6ecy3seb8n`234 missed {
 is already Found: false).
 Position: LorenzVec{x=53.0625, y=141.5, z=19.5}
 DistanceC: 9.542105107861858
Relative Position: LorenzVec{x=9.542105107861858, y=7.0, z=-2.811025354896156}
 }
12:11:02 `294r284rah`203 missed {
 is already Found: false).
 Position: LorenzVec{x=181.5, y=150.0, z=60.5}
 DistanceC: 5.27672864934371
Relative Position: LorenzVec{x=5.27672864934371, y=0.0, z=4.124269635737669}
 }
12:13:55 `ue6id74w94`234 missed {
 is already Found: false).
 Position: LorenzVec{x=53.0625, y=141.5, z=19.5}
 DistanceC: 11.99370090146823
Relative Position: LorenzVec{x=11.99370090146823, y=7.0, z=-3.8792486164442437}
 }
12:13:56 `697igu4m6r`178 missed {
 is already Found: false).
 Position: LorenzVec{x=42.5, y=134.5, z=22.5}
 DistanceC: 1.4312009014682303
Relative Position: LorenzVec{x=1.4312009014682303, y=0.0, z=-0.8792486164442437}
 }
12:14:12 `akqi08b832`162 missed {
 is already Found: false).
 Position: LorenzVec{x=-6.5, y=145.0, z=-18.5}
 DistanceC: 10.19604186689721
Relative Position: LorenzVec{x=-10.19604186689721, y=-1.0, z=0.6897468483032441}
 }
12:14:24 `2a194215e7`564 missed {
 is already Found: false).
 Position: LorenzVec{x=-29.5, y=57.0, z=-90.5}
 DistanceC: 22.642057544345988
Relative Position: LorenzVec{x=-20.327079518369903, y=-13.0, z=-22.642057544345988}
 }
12:14:33 `great_game`40358 missed {
 is already Found: false).
 Position: LorenzVec{x=26.3125, y=70.0, z=-92.6875}
 DistanceC: 0.012499988079071045
Relative Position: LorenzVec{x=0.012499988079071045, y=0.0, z=0.012499988079071045}
 }
12:15:40 `09i2v38y40`244 missed {
 is already Found: false).
 Position: LorenzVec{x=-24.5, y=71.0, z=-58.5}
 DistanceC: 20.46683154201641
Relative Position: LorenzVec{x=-20.46683154201641, y=1.0, z=18.26749193343545}
 }
12:15:47 `8w0gn79e6i`212 missed {
 is already Found: false).
 Position: LorenzVec{x=-22.5, y=151.0, z=-49.5}
 DistanceC: 23.0
Relative Position: LorenzVec{x=-23.0, y=2.0, z=19.0}
 }
12:15:47 `13295kuk1s`213 missed {
 is already Found: false).
 Position: LorenzVec{x=-22.5, y=151.0, z=-79.5}
 DistanceC: 23.0
Relative Position: LorenzVec{x=-23.0, y=2.0, z=-11.0}
 }
12:15:47 `6674t431lc`215 missed {
 is already Found: false).
 Position: LorenzVec{x=23.5, y=151.0, z=-87.5}
 DistanceC: 23.0
Relative Position: LorenzVec{x=23.0, y=2.0, z=-19.0}
 }
12:15:47 `mg0696if2w`216 missed {
 is already Found: false).
 Position: LorenzVec{x=23.5, y=151.0, z=-57.5}
 DistanceC: 23.0
Relative Position: LorenzVec{x=23.0, y=2.0, z=11.0}
 }
12:22:39 `vg9vj819l4`203 missed {
 is already Found: false).
 Position: LorenzVec{x=181.5, y=150.0, z=60.5}
 DistanceC: 18.149515252510497
Relative Position: LorenzVec{x=11.55501880366856, y=-6.09935711385296, z=18.149515252510497}
 }
12:23:03 `mw4t06y1j3`164 missed {
 is already Found: false).
 Position: LorenzVec{x=88.5, y=198.0, z=-98.5}
 DistanceC: 23.082944767253807
Relative Position: LorenzVec{x=9.331137516012163, y=3.464159374955443, z=-23.082944767253807}
 }
12:23:37 `s8cv62x0iq`203 missed {
 is already Found: false).
 Position: LorenzVec{x=181.5, y=150.0, z=60.5}
 DistanceC: 20.107996882912893
Relative Position: LorenzVec{x=9.966214729062187, y=0.0, z=20.107996882912893}
 }
12:24:43 `64r154c1ce`203 missed {
 is already Found: false).
 Position: LorenzVec{x=181.5, y=150.0, z=60.5}
 DistanceC: 9.199999988079071
Relative Position: LorenzVec{x=9.199999988079071, y=-2.0, z=-7.800000011920929}
 }
12:28:11 `s4ndm47y67`221 missed {
 is already Found: false).
 Position: LorenzVec{x=-147.5, y=168.5, z=-53.5}
 DistanceC: 20.61449024724802
Relative Position: LorenzVec{x=-15.741511494570744, y=-1.5, z=-20.61449024724802}
 }
12:56:57 `r4xo6z00h5`172 missed {
 is already Found: false).
 Position: LorenzVec{x=-9.0, y=128.0, z=59.0}
 DistanceC: 14.974933834646645
Relative Position: LorenzVec{x=-14.974933834646645, y=0.0, z=9.012091240161503}
 }
12:57:14 `87n43g18vm`174 missed {
 is already Found: false).
 Position: LorenzVec{x=-15.5, y=201.0, z=-98.5}
 DistanceC: 22.633656915001684
Relative Position: LorenzVec{x=-22.633656915001684, y=1.0, z=19.769626422443395}
 }
12:57:22 `89zjq86lwj`160 missed {
 is already Found: false).
 Position: LorenzVec{x=87.5, y=199.0, z=-115.5}
 DistanceC: 18.5191595462272
Relative Position: LorenzVec{x=-0.061285999854732154, y=0.0, z=-18.5191595462272}
 }
12:57:22 `lm28r5o753`169 missed {
 is already Found: false).
 Position: LorenzVec{x=88.0, y=199.0, z=-108.0}
 DistanceC: 11.0191595462272
Relative Position: LorenzVec{x=0.43871400014526785, y=0.0, z=-11.0191595462272}
 }
12:57:22 `if02shbbwq`164 missed {
 is already Found: false).
 Position: LorenzVec{x=88.5, y=198.0, z=-98.5}
 DistanceC: 1.5191595462272005
Relative Position: LorenzVec{x=0.9387140001452678, y=-1.0, z=-1.5191595462272005}
 }
12:57:22 `0hj710ul2e`181 missed {
 is already Found: false).
 Position: LorenzVec{x=89.5, y=198.0, z=-92.5}
 DistanceC: 4.4808404537727995
Relative Position: LorenzVec{x=1.9387140001452678, y=-1.0, z=4.4808404537727995}
 }
12:59:55 `032k66812a`48 missed {
 is already Found: false).
 Position: LorenzVec{x=649.5, y=88.0, z=463.5}
 DistanceC: 12.684869579811334
Relative Position: LorenzVec{x=-3.8220379013350794, y=20.0, z=12.684869579811334}
 }
13:01:39 `032k66812a`48 missed {
 is already Found: false).
 Position: LorenzVec{x=649.5, y=88.0, z=463.5}
 DistanceC: 11.71955877225929
Relative Position: LorenzVec{x=-9.08427436435909, y=20.0, z=11.71955877225929}
 }
13:02:02 `032k66812a`48 missed {
 is already Found: false).
 Position: LorenzVec{x=649.5, y=88.0, z=463.5}
 DistanceC: 21.80000001192093
Relative Position: LorenzVec{x=-21.80000001192093, y=10.8684366007884, z=11.73460989378782}
 }
13:28:54 `Zombie`30167 missed {
 is already Found: false).
 Position: LorenzVec{x=478.375, y=115.0, z=330.1875}
 DistanceC: 16.82462592501645
Relative Position: LorenzVec{x=-16.82462592501645, y=-6.0, z=12.400636968423271}
 }
13:42:36 `1ud1s5415g`44 missed {
 is already Found: false).
 Position: LorenzVec{x=475.5, y=106.0, z=513.5}
 DistanceC: 17.413370578981812
Relative Position: LorenzVec{x=-17.413370578981812, y=-3.0, z=14.961299573243366}
 }
13:44:08 `Zombie`123758 missed {
 is already Found: false).
 Position: LorenzVec{x=381.5, y=83.0, z=275.0}
 DistanceC: 11.699999988079071
Relative Position: LorenzVec{x=-7.13765003312011, y=-5.0625, z=-11.699999988079071}
 }
13:44:52 `Zombie`124272 missed {
 is already Found: false).
 Position: LorenzVec{x=387.5, y=83.0, z=266.0}
 DistanceC: 15.73336112005029
Relative Position: LorenzVec{x=15.73336112005029, y=-8.0, z=15.513783209633573}
 }
13:44:54 `Zombie`124278 missed {
 is already Found: false).
 Position: LorenzVec{x=386.59375, y=86.0, z=252.90625}
 DistanceC: 16.17015705726226
Relative Position: LorenzVec{x=16.17015705726226, y=-5.0, z=2.4328464484680694}
 }
13:48:38 `Bat`186882 missed {
 is already Found: false).
 Position: LorenzVec{x=-22.0625, y=70.98958333333334, z=-106.66666666666666}
 DistanceC: 16.954846955665104
Relative Position: LorenzVec{x=3.290628090503713, y=1.9895833333333428, z=16.954846955665104}
 }
13:51:54 `Bat`186882 missed {
 is already Found: false).
 Position: LorenzVec{x=-4.34375, y=89.03125, z=-124.34375}
 DistanceC: 21.009378090503713
Relative Position: LorenzVec{x=21.009378090503713, y=20.03125, z=-0.7222363776682386}
 }
14:10:48 `§7Villager`255 missed {
 is already Found: false).
 Position: LorenzVec{x=-35.5, y=69.0, z=-112.5}
 DistanceC: 18.488707063294633
Relative Position: LorenzVec{x=-18.488707063294633, y=-7.098761846942324, z=-5.825492079740727}
 }
14:10:53 `Zombie`2542 missed {
 is already Found: false).
 Position: LorenzVec{x=-32.4375, y=57.0, z=-117.21875}
 DistanceC: 7.005950694674311
Relative Position: LorenzVec{x=-5.848995171646724, y=-12.0, z=7.005950694674311}
 }
14:11:50 `Zombie`238972 missed {
 is already Found: false).
 Position: LorenzVec{x=474.09375, y=120.0, z=604.6875}
 DistanceC: 10.174976333202494
Relative Position: LorenzVec{x=-1.2315459496927588, y=0.0, z=10.174976333202494}
 }
14:13:12 `112753kf9i`202 missed {
 is already Found: false).
 Position: LorenzVec{x=-30.0, y=213.49375, z=-89.0}
 DistanceC: 17.69999998807907
Relative Position: LorenzVec{x=-17.69999998807907, y=12.493750000000006, z=13.732100735093567}
 }
14:17:09 `660ma6284z`335 missed {
 is already Found: false).
 Position: LorenzVec{x=-10.0, y=68.0, z=-130.0}
 DistanceC: 23.394756933972793
Relative Position: LorenzVec{x=23.394756933972793, y=-1.0, z=-19.781037339275144}
 }
14:18:25 `94iof9u3g6`244 missed {
 is already Found: false).
 Position: LorenzVec{x=-24.5, y=71.0, z=-58.5}
 DistanceC: 22.9083531941573
Relative Position: LorenzVec{x=-22.9083531941573, y=1.0, z=19.91845933902634}
 }
14:18:31 `Bat`200649 missed {
 is already Found: false).
 Position: LorenzVec{x=-3.125, y=68.5625, z=-139.9375}
 DistanceC: 21.157805364035703
Relative Position: LorenzVec{x=21.157805364035703, y=-0.4375, z=-16.23750001192093}
 }
14:19:26 `Bat`258800 missed {
 is already Found: false).
 Position: LorenzVec{x=463.53125, y=120.875, z=580.375}
 DistanceC: 7.200523300408236
Relative Position: LorenzVec{x=2.231249988079071, y=0.875, z=7.200523300408236}
 }
14:19:38 `Bat`258317 missed {
 is already Found: false).
 Position: LorenzVec{x=423.01041666666663, y=44.05208333333333, z=590.8645833333333}
 DistanceC: 14.640202702091813
Relative Position: LorenzVec{x=14.640202702091813, y=-88.94791666666667, z=7.3614992297219715}
 }
14:19:38 `Bat`258321 missed {
 is already Found: false).
 Position: LorenzVec{x=423.3125, y=44.59375, z=591.75}
 DistanceC: 14.454450933523503
Relative Position: LorenzVec{x=14.454450933523503, y=-88.40625, z=7.708950606352573}
 }
14:20:45 `t3fo7141xs`48 missed {
 is already Found: false).
 Position: LorenzVec{x=658.5, y=88.0, z=315.5}
 DistanceC: 14.947586024677832
Relative Position: LorenzVec{x=-5.78375061389977, y=13.179248400763427, z=-14.947586024677832}
 }
14:23:41 `891or9o96j`50 missed {
 is already Found: false).
 Position: LorenzVec{x=688.5, y=88.0, z=351.5}
 DistanceC: 15.73382623948362
Relative Position: LorenzVec{x=15.73382623948362, y=12.420706016785857, z=-13.617198917002554}
 }
14:24:01 `q624g1wtow`160 missed {
 is already Found: false).
 Position: LorenzVec{x=87.5, y=199.0, z=-115.5}
 DistanceC: 10.119994790585366
Relative Position: LorenzVec{x=10.119994790585366, y=-0.23152379758701613, z=-5.781345922215593}
 }
14:24:01 `4k7ez454n9`169 missed {
 is already Found: false).
 Position: LorenzVec{x=88.0, y=199.0, z=-108.0}
 DistanceC: 10.619994790585366
Relative Position: LorenzVec{x=10.619994790585366, y=-0.23152379758701613, z=1.7186540777844073}
 }
14:24:01 `k96f8169z1`164 missed {
 is already Found: false).
 Position: LorenzVec{x=88.5, y=198.0, z=-98.5}
 DistanceC: 11.236019545901229
Relative Position: LorenzVec{x=10.749443724224818, y=-1.0, z=11.236019545901229}
 }
14:24:02 `iw66o160tn`181 missed {
 is already Found: false).
 Position: LorenzVec{x=89.5, y=198.0, z=-92.5}
 DistanceC: 17.547818728692917
Relative Position: LorenzVec{x=11.080839227074591, y=-1.0, z=17.547818728692917}
 }
14:26:48 `kf7t0i86af`162 missed {
 is already Found: false).
 Position: LorenzVec{x=-6.5, y=145.0, z=-18.5}
 DistanceC: 17.325309358113635
Relative Position: LorenzVec{x=-17.325309358113635, y=-1.0, z=11.389212851075918}
 }
14:27:33 `94ns5u5946`1481 missed {
 is already Found: false).
 Position: LorenzVec{x=-0.5, y=72.0, z=-111.5}
 DistanceC: 18.411210794947067
Relative Position: LorenzVec{x=11.083971649826987, y=2.0, z=-18.411210794947067}
 }
14:27:44 `y03k367oxt`353 missed {
 is already Found: false).
 Position: LorenzVec{x=51.5, y=79.0, z=-13.5}
 DistanceC: 22.80000001192093
Relative Position: LorenzVec{x=5.887330144337753, y=10.0, z=22.80000001192093}
 }
14:28:12 `6pk76dw70b`7631 missed {
 is already Found: false).
 Position: LorenzVec{x=2.5, y=70.0, z=-75.5}
 DistanceC: 23.12564943787674
Relative Position: LorenzVec{x=-7.693325946282716, y=-2.3937796028611587, z=-23.12564943787674}
 }
14:28:12 `§7Villager`355 missed {
 is already Found: false).
 Position: LorenzVec{x=-7.5, y=70.0, z=-75.5}
 DistanceC: 23.291992244362994
Relative Position: LorenzVec{x=-14.912703984321823, y=0.0, z=-23.291992244362994}
 }
14:31:24 `37c1d66a08`160 missed {
 is already Found: false).
 Position: LorenzVec{x=87.5, y=199.0, z=-115.5}
 DistanceC: 1.4056442939116494
Relative Position: LorenzVec{x=1.4056442939116494, y=0.0, z=0.19999998807907104}
 }
14:31:24 `74n1ap1d64`164 missed {
 is already Found: false).
 Position: LorenzVec{x=88.5, y=198.0, z=-98.5}
 DistanceC: 17.19999998807907
Relative Position: LorenzVec{x=2.4056442939116494, y=-1.0, z=17.19999998807907}
 }
14:31:24 `incem05s32`169 missed {
 is already Found: false).
 Position: LorenzVec{x=88.0, y=199.0, z=-108.0}
 DistanceC: 7.699999988079071
Relative Position: LorenzVec{x=1.9056442939116494, y=0.0, z=7.699999988079071}
 }
14:31:24 `d31388r09u`181 missed {
 is already Found: false).
 Position: LorenzVec{x=89.5, y=198.0, z=-92.5}
 DistanceC: 23.19999998807907
Relative Position: LorenzVec{x=3.4056442939116494, y=-1.0, z=23.19999998807907}
 }
14:43:41 `hh04f1kcpo`190 missed {
 is already Found: false).
 Position: LorenzVec{x=122.0, y=192.0, z=148.0}
 DistanceC: 22.069626990697316
Relative Position: LorenzVec{x=-10.185003094766216, y=-5.1491999902367525, z=-22.069626990697316}
 }
14:43:41 `7d70g762dh`191 missed {
 is already Found: false).
 Position: LorenzVec{x=137.0, y=192.0, z=148.0}
 DistanceC: 22.069626990697316
Relative Position: LorenzVec{x=4.814996905233784, y=-5.1491999902367525, z=-22.069626990697316}
 }
14:43:42 `i0ztwteg3e`199 missed {
 is already Found: false).
 Position: LorenzVec{x=136.0, y=196.0, z=167.0}
 DistanceC: 10.893685529597235
Relative Position: LorenzVec{x=4.610766826434713, y=-0.5894159991667323, z=-10.893685529597235}
 }
14:43:46 `ytg3h1q01s`161 missed {
 is already Found: false).
 Position: LorenzVec{x=126.5, y=195.0, z=195.5}
 DistanceC: 1.732424529012377
Relative Position: LorenzVec{x=-1.732424529012377, y=-2.0, z=0.08859567429348658}
 }
14:44:00 `§7Villager`171 missed {
 is already Found: false).
 Position: LorenzVec{x=191.0, y=216.0, z=154.0}
 DistanceC: 9.689650691844633
Relative Position: LorenzVec{x=9.689650691844633, y=19.9375, z=6.927440889728956}
 }
14:44:01 `6543sw6gvj`198 missed {
 is already Found: false).
 Position: LorenzVec{x=181.5, y=196.0, z=135.5}
 DistanceC: 12.935797317010497
Relative Position: LorenzVec{x=-2.199999988079071, y=0.0, z=-12.935797317010497}
 }
14:44:09 `i0ztwteg3e`199 missed {
 is already Found: false).
 Position: LorenzVec{x=136.0, y=196.0, z=167.0}
 DistanceC: 13.802259787569682
Relative Position: LorenzVec{x=-13.802259787569682, y=0.0, z=-10.909689364633095}
 }
14:44:09 `xdp84pwm9o`256640 missed {
 is already Found: false).
 Position: LorenzVec{x=129.5, y=196.0, z=196.5}
 DistanceC: 20.30225978756968
Relative Position: LorenzVec{x=-20.30225978756968, y=0.0, z=18.590310635366905}
 }
14:44:09 `ytg3h1q01s`161 missed {
 is already Found: false).
 Position: LorenzVec{x=126.5, y=195.0, z=195.5}
 DistanceC: 23.30225978756968
Relative Position: LorenzVec{x=-23.30225978756968, y=-1.0, z=17.590310635366905}
 }
14:44:47 `Creeper`88359 missed {
 is already Found: false).
 Position: LorenzVec{x=24.5, y=76.0, z=43.5}
 DistanceC: 19.839027822681878
Relative Position: LorenzVec{x=19.839027822681878, y=-24.0, z=12.052123024314568}
 }
14:44:49 `Chicken`2175827 missed {
 is already Found: false).
 Position: LorenzVec{x=9.5, y=98.0, z=9.5}
 DistanceC: 21.694291352590852
Relative Position: LorenzVec{x=5.810444146833316, y=-2.0, z=-21.694291352590852}
 }
14:44:49 `Chicken`2175828 missed {
 is already Found: false).
 Position: LorenzVec{x=9.5, y=98.0, z=9.5}
 DistanceC: 21.694291352590852
Relative Position: LorenzVec{x=5.810444146833316, y=-2.0, z=-21.694291352590852}
 }
14:44:49 `Chicken`2175829 missed {
 is already Found: false).
 Position: LorenzVec{x=9.5, y=98.0, z=9.5}
 DistanceC: 21.694291352590852
Relative Position: LorenzVec{x=5.810444146833316, y=-2.0, z=-21.694291352590852}
 }
14:44:49 `Chicken`2175830 missed {
 is already Found: false).
 Position: LorenzVec{x=9.5, y=98.0, z=9.5}
 DistanceC: 21.694291352590852
Relative Position: LorenzVec{x=5.810444146833316, y=-2.0, z=-21.694291352590852}
 }
14:44:49 `Chicken`2176892 missed {
 is already Found: false).
 Position: LorenzVec{x=9.5, y=98.0, z=9.5}
 DistanceC: 21.694291352590852
Relative Position: LorenzVec{x=5.810444146833316, y=-2.0, z=-21.694291352590852}
 }
14:52:33 `Bat`150970 missed {
 is already Found: false).
 Position: LorenzVec{x=640.6875, y=75.0, z=561.5}
 DistanceC: 20.98750001192093
Relative Position: LorenzVec{x=20.98750001192093, y=-39.0, z=-16.762387010935868}
 }
14:52:33 `Bat`153362 missed {
 is already Found: false).
 Position: LorenzVec{x=640.6875, y=75.0, z=561.5}
 DistanceC: 20.98750001192093
Relative Position: LorenzVec{x=20.98750001192093, y=-39.0, z=-16.762387010935868}
 }
14:52:33 `Bat`155640 missed {
 is already Found: false).
 Position: LorenzVec{x=640.6875, y=75.0, z=561.5}
 DistanceC: 20.98750001192093
Relative Position: LorenzVec{x=20.98750001192093, y=-39.0, z=-16.762387010935868}
 }
14:52:35 `Bat`150972 missed {
 is already Found: false).
 Position: LorenzVec{x=641.6875, y=75.0, z=560.5}
 DistanceC: 21.98750001192093
Relative Position: LorenzVec{x=21.98750001192093, y=-39.0, z=-17.762387010935868}
 }
14:52:35 `Bat`150974 missed {
 is already Found: false).
 Position: LorenzVec{x=641.6875, y=75.0, z=561.5}
 DistanceC: 21.98750001192093
Relative Position: LorenzVec{x=21.98750001192093, y=-39.0, z=-16.762387010935868}
 }
14:52:35 `Bat`150976 missed {
 is already Found: false).
 Position: LorenzVec{x=641.6875, y=75.0, z=562.5}
 DistanceC: 21.98750001192093
Relative Position: LorenzVec{x=21.98750001192093, y=-39.0, z=-15.762387010935868}
 }
14:52:35 `Bat`150996 missed {
 is already Found: false).
 Position: LorenzVec{x=641.6875, y=74.0, z=561.5}
 DistanceC: 21.98750001192093
Relative Position: LorenzVec{x=21.98750001192093, y=-40.0, z=-16.762387010935868}
 }
14:52:35 `Bat`153364 missed {
 is already Found: false).
 Position: LorenzVec{x=641.6875, y=75.0, z=560.5}
 DistanceC: 21.98750001192093
Relative Position: LorenzVec{x=21.98750001192093, y=-39.0, z=-17.762387010935868}
 }
14:52:35 `Bat`153366 missed {
 is already Found: false).
 Position: LorenzVec{x=641.6875, y=75.0, z=561.5}
 DistanceC: 21.98750001192093
Relative Position: LorenzVec{x=21.98750001192093, y=-39.0, z=-16.762387010935868}
 }
14:52:35 `Bat`153368 missed {
 is already Found: false).
 Position: LorenzVec{x=641.6875, y=75.0, z=562.5}
 DistanceC: 21.98750001192093
Relative Position: LorenzVec{x=21.98750001192093, y=-39.0, z=-15.762387010935868}
 }
14:52:35 `Bat`153388 missed {
 is already Found: false).
 Position: LorenzVec{x=641.6875, y=74.0, z=561.5}
 DistanceC: 21.98750001192093
Relative Position: LorenzVec{x=21.98750001192093, y=-40.0, z=-16.762387010935868}
 }
14:52:35 `Bat`155642 missed {
 is already Found: false).
 Position: LorenzVec{x=641.6875, y=75.0, z=560.5}
 DistanceC: 21.98750001192093
Relative Position: LorenzVec{x=21.98750001192093, y=-39.0, z=-17.762387010935868}
 }
14:52:35 `Bat`155644 missed {
 is already Found: false).
 Position: LorenzVec{x=641.6875, y=75.0, z=561.5}
 DistanceC: 21.98750001192093
Relative Position: LorenzVec{x=21.98750001192093, y=-39.0, z=-16.762387010935868}
 }
14:52:35 `Bat`155646 missed {
 is already Found: false).
 Position: LorenzVec{x=641.6875, y=75.0, z=562.5}
 DistanceC: 21.98750001192093
Relative Position: LorenzVec{x=21.98750001192093, y=-39.0, z=-15.762387010935868}
 }
14:52:35 `Bat`155666 missed {
 is already Found: false).
 Position: LorenzVec{x=641.6875, y=74.0, z=561.5}
 DistanceC: 21.98750001192093
Relative Position: LorenzVec{x=21.98750001192093, y=-40.0, z=-16.762387010935868}
 }
14:53:03 `Bat`150986 missed {
 is already Found: false).
 Position: LorenzVec{x=642.6875, y=75.0, z=563.5}
 DistanceC: 16.98750001192093
Relative Position: LorenzVec{x=16.98750001192093, y=-40.0, z=-16.15930022687712}
 }
14:53:03 `Bat`153378 missed {
 is already Found: false).
 Position: LorenzVec{x=642.6875, y=75.0, z=563.5}
 DistanceC: 16.98750001192093
Relative Position: LorenzVec{x=16.98750001192093, y=-40.0, z=-16.15930022687712}
 }
14:53:03 `Bat`155656 missed {
 is already Found: false).
 Position: LorenzVec{x=642.6875, y=75.0, z=563.5}
 DistanceC: 16.98750001192093
Relative Position: LorenzVec{x=16.98750001192093, y=-40.0, z=-16.15930022687712}
 }
14:53:03 `Bat`157344 missed {
 is already Found: false).
 Position: LorenzVec{x=642.6875, y=75.0, z=563.5}
 DistanceC: 16.98750001192093
Relative Position: LorenzVec{x=16.98750001192093, y=-40.0, z=-16.15930022687712}
 }
14:53:04 `Bat`150984 missed {
 is already Found: false).
 Position: LorenzVec{x=642.6875, y=75.0, z=562.5}
 DistanceC: 17.38749998807907
Relative Position: LorenzVec{x=17.38749998807907, y=-40.0, z=-17.099781214219433}
 }
14:53:04 `Bat`150992 missed {
 is already Found: false).
 Position: LorenzVec{x=643.6875, y=75.0, z=562.5}
 DistanceC: 18.38749998807907
Relative Position: LorenzVec{x=18.38749998807907, y=-40.0, z=-17.099781214219433}
 }
14:53:04 `Bat`151002 missed {
 is already Found: false).
 Position: LorenzVec{x=642.6875, y=74.0, z=562.5}
 DistanceC: 17.38749998807907
Relative Position: LorenzVec{x=17.38749998807907, y=-41.0, z=-17.099781214219433}
 }
14:53:04 `Bat`153376 missed {
 is already Found: false).
 Position: LorenzVec{x=642.6875, y=75.0, z=562.5}
 DistanceC: 17.38749998807907
Relative Position: LorenzVec{x=17.38749998807907, y=-40.0, z=-17.099781214219433}
 }
14:53:04 `Bat`153384 missed {
 is already Found: false).
 Position: LorenzVec{x=643.6875, y=75.0, z=562.5}
 DistanceC: 18.38749998807907
Relative Position: LorenzVec{x=18.38749998807907, y=-40.0, z=-17.099781214219433}
 }
14:53:04 `Bat`153394 missed {
 is already Found: false).
 Position: LorenzVec{x=642.6875, y=74.0, z=562.5}
 DistanceC: 17.38749998807907
Relative Position: LorenzVec{x=17.38749998807907, y=-41.0, z=-17.099781214219433}
 }
14:53:04 `Bat`155654 missed {
 is already Found: false).
 Position: LorenzVec{x=642.6875, y=75.0, z=562.5}
 DistanceC: 17.38749998807907
Relative Position: LorenzVec{x=17.38749998807907, y=-40.0, z=-17.099781214219433}
 }
14:53:04 `Bat`155662 missed {
 is already Found: false).
 Position: LorenzVec{x=643.6875, y=75.0, z=562.5}
 DistanceC: 18.38749998807907
Relative Position: LorenzVec{x=18.38749998807907, y=-40.0, z=-17.099781214219433}
 }
14:53:04 `Bat`155672 missed {
 is already Found: false).
 Position: LorenzVec{x=642.6875, y=74.0, z=562.5}
 DistanceC: 17.38749998807907
Relative Position: LorenzVec{x=17.38749998807907, y=-41.0, z=-17.099781214219433}
 }
14:53:04 `Bat`157334 missed {
 is already Found: false).
 Position: LorenzVec{x=641.6875, y=75.0, z=562.5}
 DistanceC: 17.099781214219433
Relative Position: LorenzVec{x=16.38749998807907, y=-40.0, z=-17.099781214219433}
 }
14:53:04 `Bat`157342 missed {
 is already Found: false).
 Position: LorenzVec{x=642.6875, y=75.0, z=562.5}
 DistanceC: 17.38749998807907
Relative Position: LorenzVec{x=17.38749998807907, y=-40.0, z=-17.099781214219433}
 }
14:53:04 `Bat`157350 missed {
 is already Found: false).
 Position: LorenzVec{x=643.6875, y=75.0, z=562.5}
 DistanceC: 18.38749998807907
Relative Position: LorenzVec{x=18.38749998807907, y=-40.0, z=-17.099781214219433}
 }
14:53:04 `Bat`157360 missed {
 is already Found: false).
 Position: LorenzVec{x=642.6875, y=74.0, z=562.5}
 DistanceC: 17.38749998807907
Relative Position: LorenzVec{x=17.38749998807907, y=-41.0, z=-17.099781214219433}
 }
14:53:04 `Bat`150982 missed {
 is already Found: false).
 Position: LorenzVec{x=642.6875, y=75.0, z=561.5}
 DistanceC: 18.099781214219433
Relative Position: LorenzVec{x=17.38749998807907, y=-40.0, z=-18.099781214219433}
 }
14:53:04 `Bat`150990 missed {
 is already Found: false).
 Position: LorenzVec{x=643.6875, y=75.0, z=561.5}
 DistanceC: 18.38749998807907
Relative Position: LorenzVec{x=18.38749998807907, y=-40.0, z=-18.099781214219433}
 }
14:53:04 `Bat`150994 missed {
 is already Found: false).
 Position: LorenzVec{x=644.6875, y=75.0, z=561.5}
 DistanceC: 19.38749998807907
Relative Position: LorenzVec{x=19.38749998807907, y=-40.0, z=-18.099781214219433}
 }
14:53:04 `Bat`151000 missed {
 is already Found: false).
 Position: LorenzVec{x=642.6875, y=74.0, z=561.5}
 DistanceC: 18.099781214219433
Relative Position: LorenzVec{x=17.38749998807907, y=-41.0, z=-18.099781214219433}
 }
14:53:04 `Bat`151004 missed {
 is already Found: false).
 Position: LorenzVec{x=643.6875, y=74.0, z=561.5}
 DistanceC: 18.38749998807907
Relative Position: LorenzVec{x=18.38749998807907, y=-41.0, z=-18.099781214219433}
 }
14:53:04 `Bat`153374 missed {
 is already Found: false).
 Position: LorenzVec{x=642.6875, y=75.0, z=561.5}
 DistanceC: 18.099781214219433
Relative Position: LorenzVec{x=17.38749998807907, y=-40.0, z=-18.099781214219433}
 }
14:53:04 `Bat`153382 missed {
 is already Found: false).
 Position: LorenzVec{x=643.6875, y=75.0, z=561.5}
 DistanceC: 18.38749998807907
Relative Position: LorenzVec{x=18.38749998807907, y=-40.0, z=-18.099781214219433}
 }
14:53:04 `Bat`153386 missed {
 is already Found: false).
 Position: LorenzVec{x=644.6875, y=75.0, z=561.5}
 DistanceC: 19.38749998807907
Relative Position: LorenzVec{x=19.38749998807907, y=-40.0, z=-18.099781214219433}
 }
14:53:04 `Bat`153392 missed {
 is already Found: false).
 Position: LorenzVec{x=642.6875, y=74.0, z=561.5}
 DistanceC: 18.099781214219433
Relative Position: LorenzVec{x=17.38749998807907, y=-41.0, z=-18.099781214219433}
 }
14:53:04 `Bat`153396 missed {
 is already Found: false).
 Position: LorenzVec{x=643.6875, y=74.0, z=561.5}
 DistanceC: 18.38749998807907
Relative Position: LorenzVec{x=18.38749998807907, y=-41.0, z=-18.099781214219433}
 }
14:53:04 `Bat`155652 missed {
 is already Found: false).
 Position: LorenzVec{x=642.6875, y=75.0, z=561.5}
 DistanceC: 18.099781214219433
Relative Position: LorenzVec{x=17.38749998807907, y=-40.0, z=-18.099781214219433}
 }
14:53:04 `Bat`155660 missed {
 is already Found: false).
 Position: LorenzVec{x=643.6875, y=75.0, z=561.5}
 DistanceC: 18.38749998807907
Relative Position: LorenzVec{x=18.38749998807907, y=-40.0, z=-18.099781214219433}
 }
14:53:04 `Bat`155664 missed {
 is already Found: false).
 Position: LorenzVec{x=644.6875, y=75.0, z=561.5}
 DistanceC: 19.38749998807907
Relative Position: LorenzVec{x=19.38749998807907, y=-40.0, z=-18.099781214219433}
 }
14:53:04 `Bat`155670 missed {
 is already Found: false).
 Position: LorenzVec{x=642.6875, y=74.0, z=561.5}
 DistanceC: 18.099781214219433
Relative Position: LorenzVec{x=17.38749998807907, y=-41.0, z=-18.099781214219433}
 }
14:53:04 `Bat`155674 missed {
 is already Found: false).
 Position: LorenzVec{x=643.6875, y=74.0, z=561.5}
 DistanceC: 18.38749998807907
Relative Position: LorenzVec{x=18.38749998807907, y=-41.0, z=-18.099781214219433}
 }
14:53:04 `Bat`157328 missed {
 is already Found: false).
 Position: LorenzVec{x=640.6875, y=75.0, z=561.5}
 DistanceC: 18.099781214219433
Relative Position: LorenzVec{x=15.387499988079071, y=-40.0, z=-18.099781214219433}
 }
14:53:04 `Bat`157332 missed {
 is already Found: false).
 Position: LorenzVec{x=641.6875, y=75.0, z=561.5}
 DistanceC: 18.099781214219433
Relative Position: LorenzVec{x=16.38749998807907, y=-40.0, z=-18.099781214219433}
 }
14:53:04 `Bat`157340 missed {
 is already Found: false).
 Position: LorenzVec{x=642.6875, y=75.0, z=561.5}
 DistanceC: 18.099781214219433
Relative Position: LorenzVec{x=17.38749998807907, y=-40.0, z=-18.099781214219433}
 }
14:53:04 `Bat`157348 missed {
 is already Found: false).
 Position: LorenzVec{x=643.6875, y=75.0, z=561.5}
 DistanceC: 18.38749998807907
Relative Position: LorenzVec{x=18.38749998807907, y=-40.0, z=-18.099781214219433}
 }
14:53:04 `Bat`157352 missed {
 is already Found: false).
 Position: LorenzVec{x=644.6875, y=75.0, z=561.5}
 DistanceC: 19.38749998807907
Relative Position: LorenzVec{x=19.38749998807907, y=-40.0, z=-18.099781214219433}
 }
14:53:04 `Bat`157354 missed {
 is already Found: false).
 Position: LorenzVec{x=641.6875, y=74.0, z=561.5}
 DistanceC: 18.099781214219433
Relative Position: LorenzVec{x=16.38749998807907, y=-41.0, z=-18.099781214219433}
 }
14:53:04 `Bat`157358 missed {
 is already Found: false).
 Position: LorenzVec{x=642.6875, y=74.0, z=561.5}
 DistanceC: 18.099781214219433
Relative Position: LorenzVec{x=17.38749998807907, y=-41.0, z=-18.099781214219433}
 }
14:53:04 `Bat`157362 missed {
 is already Found: false).
 Position: LorenzVec{x=643.6875, y=74.0, z=561.5}
 DistanceC: 18.38749998807907
Relative Position: LorenzVec{x=18.38749998807907, y=-41.0, z=-18.099781214219433}
 }
14:53:05 `Bat`150980 missed {
 is already Found: false).
 Position: LorenzVec{x=642.6875, y=75.0, z=560.5}
 DistanceC: 19.099781214219433
Relative Position: LorenzVec{x=17.38749998807907, y=-40.0, z=-19.099781214219433}
 }
14:53:05 `Bat`150988 missed {
 is already Found: false).
 Position: LorenzVec{x=643.6875, y=75.0, z=560.5}
 DistanceC: 19.099781214219433
Relative Position: LorenzVec{x=18.38749998807907, y=-40.0, z=-19.099781214219433}
 }
14:53:05 `Bat`150998 missed {
 is already Found: false).
 Position: LorenzVec{x=642.6875, y=74.0, z=560.5}
 DistanceC: 19.099781214219433
Relative Position: LorenzVec{x=17.38749998807907, y=-41.0, z=-19.099781214219433}
 }
14:53:05 `Bat`153372 missed {
 is already Found: false).
 Position: LorenzVec{x=642.6875, y=75.0, z=560.5}
 DistanceC: 19.099781214219433
Relative Position: LorenzVec{x=17.38749998807907, y=-40.0, z=-19.099781214219433}
 }
14:53:05 `Bat`153380 missed {
 is already Found: false).
 Position: LorenzVec{x=643.6875, y=75.0, z=560.5}
 DistanceC: 19.099781214219433
Relative Position: LorenzVec{x=18.38749998807907, y=-40.0, z=-19.099781214219433}
 }
14:53:05 `Bat`153390 missed {
 is already Found: false).
 Position: LorenzVec{x=642.6875, y=74.0, z=560.5}
 DistanceC: 19.099781214219433
Relative Position: LorenzVec{x=17.38749998807907, y=-41.0, z=-19.099781214219433}
 }
14:53:05 `Bat`155650 missed {
 is already Found: false).
 Position: LorenzVec{x=642.6875, y=75.0, z=560.5}
 DistanceC: 19.099781214219433
Relative Position: LorenzVec{x=17.38749998807907, y=-40.0, z=-19.099781214219433}
 }
14:53:05 `Bat`155658 missed {
 is already Found: false).
 Position: LorenzVec{x=643.6875, y=75.0, z=560.5}
 DistanceC: 19.099781214219433
Relative Position: LorenzVec{x=18.38749998807907, y=-40.0, z=-19.099781214219433}
 }
14:53:05 `Bat`155668 missed {
 is already Found: false).
 Position: LorenzVec{x=642.6875, y=74.0, z=560.5}
 DistanceC: 19.099781214219433
Relative Position: LorenzVec{x=17.38749998807907, y=-41.0, z=-19.099781214219433}
 }
14:53:05 `Bat`157330 missed {
 is already Found: false).
 Position: LorenzVec{x=641.6875, y=75.0, z=560.5}
 DistanceC: 19.099781214219433
Relative Position: LorenzVec{x=16.38749998807907, y=-40.0, z=-19.099781214219433}
 }
14:53:05 `Bat`157338 missed {
 is already Found: false).
 Position: LorenzVec{x=642.6875, y=75.0, z=560.5}
 DistanceC: 19.099781214219433
Relative Position: LorenzVec{x=17.38749998807907, y=-40.0, z=-19.099781214219433}
 }
14:53:05 `Bat`157346 missed {
 is already Found: false).
 Position: LorenzVec{x=643.6875, y=75.0, z=560.5}
 DistanceC: 19.099781214219433
Relative Position: LorenzVec{x=18.38749998807907, y=-40.0, z=-19.099781214219433}
 }
14:53:05 `Bat`157356 missed {
 is already Found: false).
 Position: LorenzVec{x=642.6875, y=74.0, z=560.5}
 DistanceC: 19.099781214219433
Relative Position: LorenzVec{x=17.38749998807907, y=-41.0, z=-19.099781214219433}
 }
14:53:05 `Bat`150978 missed {
 is already Found: false).
 Position: LorenzVec{x=642.6875, y=75.0, z=559.5}
 DistanceC: 19.981532724045906
Relative Position: LorenzVec{x=17.09586384829538, y=-42.39377960286116, z=-19.981532724045906}
 }
14:53:05 `Bat`153370 missed {
 is already Found: false).
 Position: LorenzVec{x=642.6875, y=75.0, z=559.5}
 DistanceC: 19.981532724045906
Relative Position: LorenzVec{x=17.09586384829538, y=-42.39377960286116, z=-19.981532724045906}
 }
14:53:05 `Bat`155648 missed {
 is already Found: false).
 Position: LorenzVec{x=642.6875, y=75.0, z=559.5}
 DistanceC: 19.981532724045906
Relative Position: LorenzVec{x=17.09586384829538, y=-42.39377960286116, z=-19.981532724045906}
 }
14:53:05 `Bat`157336 missed {
 is already Found: false).
 Position: LorenzVec{x=642.6875, y=75.0, z=559.5}
 DistanceC: 19.981532724045906
Relative Position: LorenzVec{x=17.09586384829538, y=-42.39377960286116, z=-19.981532724045906}
 }
14:53:17 `Bat`484281 missed {
 is already Found: false).
 Position: LorenzVec{x=616.75, y=101.875, z=659.59375}
 DistanceC: 16.10624998807907
Relative Position: LorenzVec{x=-14.266647344381113, y=-16.16827946157953, z=-16.10624998807907}
 }
14:55:08 `Zombie`159859 missed {
 is already Found: false).
 Position: LorenzVec{x=597.96875, y=156.6875, z=673.25}
 DistanceC: 9.46109373875413
Relative Position: LorenzVec{x=-9.46109373875413, y=-2.3125, z=-0.050000011920928955}
 }
14:59:25 `gd4hz7p9k7`571 missed {
 is already Found: false).
 Position: LorenzVec{x=-6.5, y=55.0, z=-95.5}
 DistanceC: 20.58864077533819
Relative Position: LorenzVec{x=17.064511328823162, y=-15.0, z=-20.58864077533819}
 }
14:59:25 `§7Villager`369 missed {
 is already Found: false).
 Position: LorenzVec{x=-0.5, y=70.0, z=-54.5}
 DistanceC: 23.064511328823162
Relative Position: LorenzVec{x=23.064511328823162, y=0.0, z=20.41135922466181}
 }
15:01:38 `Bat`160849 missed {
 is already Found: false).
 Position: LorenzVec{x=642.6875, y=75.0, z=563.5}
 DistanceC: 18.498185925823805
Relative Position: LorenzVec{x=-18.498185925823805, y=-100.5, z=7.714154130498628}
 }
15:01:38 `Bat`161717 missed {
 is already Found: false).
 Position: LorenzVec{x=642.6875, y=75.0, z=563.5}
 DistanceC: 18.498185925823805
Relative Position: LorenzVec{x=-18.498185925823805, y=-100.5, z=7.714154130498628}
 }
15:01:38 `Bat`162676 missed {
 is already Found: false).
 Position: LorenzVec{x=642.6875, y=75.0, z=563.5}
 DistanceC: 18.498185925823805
Relative Position: LorenzVec{x=-18.498185925823805, y=-100.5, z=7.714154130498628}
 }
15:01:39 `Bat`160855 missed {
 is already Found: false).
 Position: LorenzVec{x=643.6875, y=75.0, z=562.5}
 DistanceC: 18.33932590099778
Relative Position: LorenzVec{x=-18.33932590099778, y=-102.0, z=10.434399072773203}
 }
15:01:39 `Bat`160857 missed {
 is already Found: false).
 Position: LorenzVec{x=644.6875, y=75.0, z=561.5}
 DistanceC: 17.33932590099778
Relative Position: LorenzVec{x=-17.33932590099778, y=-102.0, z=9.434399072773203}
 }
15:01:39 `Bat`162682 missed {
 is already Found: false).
 Position: LorenzVec{x=643.6875, y=75.0, z=562.5}
 DistanceC: 18.33932590099778
Relative Position: LorenzVec{x=-18.33932590099778, y=-102.0, z=10.434399072773203}
 }
15:01:39 `Bat`162684 missed {
 is already Found: false).
 Position: LorenzVec{x=644.6875, y=75.0, z=561.5}
 DistanceC: 17.33932590099778
Relative Position: LorenzVec{x=-17.33932590099778, y=-102.0, z=9.434399072773203}
 }
15:01:39 `Bat`160847 missed {
 is already Found: false).
 Position: LorenzVec{x=642.6875, y=75.0, z=562.5}
 DistanceC: 19.507946857994284
Relative Position: LorenzVec{x=-19.507946857994284, y=-102.0, z=11.389041672430494}
 }
15:01:39 `Bat`160865 missed {
 is already Found: false).
 Position: LorenzVec{x=642.6875, y=74.0, z=562.5}
 DistanceC: 19.507946857994284
Relative Position: LorenzVec{x=-19.507946857994284, y=-103.0, z=11.389041672430494}
 }
15:01:39 `Bat`161715 missed {
 is already Found: false).
 Position: LorenzVec{x=642.6875, y=75.0, z=562.5}
 DistanceC: 19.507946857994284
Relative Position: LorenzVec{x=-19.507946857994284, y=-102.0, z=11.389041672430494}
 }
15:01:39 `Bat`161733 missed {
 is already Found: false).
 Position: LorenzVec{x=642.6875, y=74.0, z=562.5}
 DistanceC: 19.507946857994284
Relative Position: LorenzVec{x=-19.507946857994284, y=-103.0, z=11.389041672430494}
 }
15:01:39 `Bat`162674 missed {
 is already Found: false).
 Position: LorenzVec{x=642.6875, y=75.0, z=562.5}
 DistanceC: 19.507946857994284
Relative Position: LorenzVec{x=-19.507946857994284, y=-102.0, z=11.389041672430494}
 }
15:01:39 `Bat`162692 missed {
 is already Found: false).
 Position: LorenzVec{x=642.6875, y=74.0, z=562.5}
 DistanceC: 19.507946857994284
Relative Position: LorenzVec{x=-19.507946857994284, y=-103.0, z=11.389041672430494}
 }
15:01:39 `Bat`160839 missed {
 is already Found: false).
 Position: LorenzVec{x=641.6875, y=75.0, z=562.5}
 DistanceC: 20.67858889647391
Relative Position: LorenzVec{x=-20.67858889647391, y=-102.0, z=12.345029414308328}
 }
15:01:39 `Bat`161707 missed {
 is already Found: false).
 Position: LorenzVec{x=641.6875, y=75.0, z=562.5}
 DistanceC: 20.67858889647391
Relative Position: LorenzVec{x=-20.67858889647391, y=-102.0, z=12.345029414308328}
 }
15:01:39 `Bat`162666 missed {
 is already Found: false).
 Position: LorenzVec{x=641.6875, y=75.0, z=562.5}
 DistanceC: 20.67858889647391
Relative Position: LorenzVec{x=-20.67858889647391, y=-102.0, z=12.345029414308328}
 }
15:01:39 `Bat`160853 missed {
 is already Found: false).
 Position: LorenzVec{x=643.6875, y=75.0, z=561.5}
 DistanceC: 18.865537936424857
Relative Position: LorenzVec{x=-18.865537936424857, y=-102.0, z=12.301334520422415}
 }
15:01:39 `Bat`160867 missed {
 is already Found: false).
 Position: LorenzVec{x=643.6875, y=74.0, z=561.5}
 DistanceC: 18.865537936424857
Relative Position: LorenzVec{x=-18.865537936424857, y=-103.0, z=12.301334520422415}
 }
15:01:39 `Bat`161735 missed {
 is already Found: false).
 Position: LorenzVec{x=643.6875, y=74.0, z=561.5}
 DistanceC: 18.865537936424857
Relative Position: LorenzVec{x=-18.865537936424857, y=-103.0, z=12.301334520422415}
 }
15:01:39 `Bat`162680 missed {
 is already Found: false).
 Position: LorenzVec{x=643.6875, y=75.0, z=561.5}
 DistanceC: 18.865537936424857
Relative Position: LorenzVec{x=-18.865537936424857, y=-102.0, z=12.301334520422415}
 }
15:01:39 `Bat`162694 missed {
 is already Found: false).
 Position: LorenzVec{x=643.6875, y=74.0, z=561.5}
 DistanceC: 18.865537936424857
Relative Position: LorenzVec{x=-18.865537936424857, y=-103.0, z=12.301334520422415}
 }
15:01:39 `Bat`160851 missed {
 is already Found: false).
 Position: LorenzVec{x=643.6875, y=75.0, z=560.5}
 DistanceC: 19.07495903135225
Relative Position: LorenzVec{x=-19.07495903135225, y=-102.0, z=12.254659970732291}
 }
15:01:39 `Bat`161719 missed {
 is already Found: false).
 Position: LorenzVec{x=643.6875, y=75.0, z=560.5}
 DistanceC: 19.07495903135225
Relative Position: LorenzVec{x=-19.07495903135225, y=-102.0, z=12.254659970732291}
 }
15:01:39 `Bat`162678 missed {
 is already Found: false).
 Position: LorenzVec{x=643.6875, y=75.0, z=560.5}
 DistanceC: 19.07495903135225
Relative Position: LorenzVec{x=-19.07495903135225, y=-102.0, z=12.254659970732291}
 }
15:01:39 `Bat`160845 missed {
 is already Found: false).
 Position: LorenzVec{x=642.6875, y=75.0, z=561.5}
 DistanceC: 20.3235382253348
Relative Position: LorenzVec{x=-20.3235382253348, y=-102.0, z=14.198759085586971}
 }
15:01:39 `Bat`160863 missed {
 is already Found: false).
 Position: LorenzVec{x=642.6875, y=74.0, z=561.5}
 DistanceC: 20.3235382253348
Relative Position: LorenzVec{x=-20.3235382253348, y=-103.0, z=14.198759085586971}
 }
15:01:39 `Bat`161713 missed {
 is already Found: false).
 Position: LorenzVec{x=642.6875, y=75.0, z=561.5}
 DistanceC: 20.3235382253348
Relative Position: LorenzVec{x=-20.3235382253348, y=-102.0, z=14.198759085586971}
 }
15:01:39 `Bat`161731 missed {
 is already Found: false).
 Position: LorenzVec{x=642.6875, y=74.0, z=561.5}
 DistanceC: 20.3235382253348
Relative Position: LorenzVec{x=-20.3235382253348, y=-103.0, z=14.198759085586971}
 }
15:01:39 `Bat`162672 missed {
 is already Found: false).
 Position: LorenzVec{x=642.6875, y=75.0, z=561.5}
 DistanceC: 20.3235382253348
Relative Position: LorenzVec{x=-20.3235382253348, y=-102.0, z=14.198759085586971}
 }
15:01:39 `Bat`162690 missed {
 is already Found: false).
 Position: LorenzVec{x=642.6875, y=74.0, z=561.5}
 DistanceC: 20.3235382253348
Relative Position: LorenzVec{x=-20.3235382253348, y=-103.0, z=14.198759085586971}
 }
15:01:39 `Bat`160843 missed {
 is already Found: false).
 Position: LorenzVec{x=642.6875, y=75.0, z=560.5}
 DistanceC: 20.60236120788261
Relative Position: LorenzVec{x=-20.60236120788261, y=-102.0, z=14.134908993405361}
 }
15:01:39 `Bat`160861 missed {
 is already Found: false).
 Position: LorenzVec{x=642.6875, y=74.0, z=560.5}
 DistanceC: 20.60236120788261
Relative Position: LorenzVec{x=-20.60236120788261, y=-103.0, z=14.134908993405361}
 }
15:01:39 `Bat`161711 missed {
 is already Found: false).
 Position: LorenzVec{x=642.6875, y=75.0, z=560.5}
 DistanceC: 20.60236120788261
Relative Position: LorenzVec{x=-20.60236120788261, y=-102.0, z=14.134908993405361}
 }
15:01:39 `Bat`161729 missed {
 is already Found: false).
 Position: LorenzVec{x=642.6875, y=74.0, z=560.5}
 DistanceC: 20.60236120788261
Relative Position: LorenzVec{x=-20.60236120788261, y=-103.0, z=14.134908993405361}
 }
15:01:39 `Bat`162670 missed {
 is already Found: false).
 Position: LorenzVec{x=642.6875, y=75.0, z=560.5}
 DistanceC: 20.60236120788261
Relative Position: LorenzVec{x=-20.60236120788261, y=-102.0, z=14.134908993405361}
 }
15:01:39 `Bat`162688 missed {
 is already Found: false).
 Position: LorenzVec{x=642.6875, y=74.0, z=560.5}
 DistanceC: 20.60236120788261
Relative Position: LorenzVec{x=-20.60236120788261, y=-103.0, z=14.134908993405361}
 }
15:01:39 `Bat`160837 missed {
 is already Found: false).
 Position: LorenzVec{x=641.6875, y=75.0, z=561.5}
 DistanceC: 21.897697300905065
Relative Position: LorenzVec{x=-21.897697300905065, y=-102.0, z=16.066718633677965}
 }
15:01:39 `Bat`160859 missed {
 is already Found: false).
 Position: LorenzVec{x=641.6875, y=74.0, z=561.5}
 DistanceC: 21.897697300905065
Relative Position: LorenzVec{x=-21.897697300905065, y=-103.0, z=16.066718633677965}
 }
15:01:39 `Bat`161705 missed {
 is already Found: false).
 Position: LorenzVec{x=641.6875, y=75.0, z=561.5}
 DistanceC: 21.897697300905065
Relative Position: LorenzVec{x=-21.897697300905065, y=-102.0, z=16.066718633677965}
 }
15:01:39 `Bat`162664 missed {
 is already Found: false).
 Position: LorenzVec{x=641.6875, y=75.0, z=561.5}
 DistanceC: 21.897697300905065
Relative Position: LorenzVec{x=-21.897697300905065, y=-102.0, z=16.066718633677965}
 }
15:01:39 `Bat`162686 missed {
 is already Found: false).
 Position: LorenzVec{x=641.6875, y=74.0, z=561.5}
 DistanceC: 21.897697300905065
Relative Position: LorenzVec{x=-21.897697300905065, y=-103.0, z=16.066718633677965}
 }
15:01:39 `Bat`160841 missed {
 is already Found: false).
 Position: LorenzVec{x=642.6875, y=75.0, z=559.5}
 DistanceC: 21.202049553294046
Relative Position: LorenzVec{x=-21.202049553294046, y=-102.0, z=14.99615848759504}
 }
15:01:39 `Bat`161709 missed {
 is already Found: false).
 Position: LorenzVec{x=642.6875, y=75.0, z=559.5}
 DistanceC: 21.202049553294046
Relative Position: LorenzVec{x=-21.202049553294046, y=-102.0, z=14.99615848759504}
 }
15:01:39 `Bat`162668 missed {
 is already Found: false).
 Position: LorenzVec{x=642.6875, y=75.0, z=559.5}
 DistanceC: 21.202049553294046
Relative Position: LorenzVec{x=-21.202049553294046, y=-102.0, z=14.99615848759504}
 }
15:06:29 `Bat`160835 missed {
 is already Found: false).
 Position: LorenzVec{x=641.6875, y=75.0, z=560.5}
 DistanceC: 21.99130287381513
Relative Position: LorenzVec{x=-21.99130287381513, y=-102.0, z=13.187441979692949}
 }
15:06:29 `Bat`161703 missed {
 is already Found: false).
 Position: LorenzVec{x=641.6875, y=75.0, z=560.5}
 DistanceC: 21.99130287381513
Relative Position: LorenzVec{x=-21.99130287381513, y=-102.0, z=13.187441979692949}
 }
15:06:29 `Bat`162662 missed {
 is already Found: false).
 Position: LorenzVec{x=641.6875, y=75.0, z=560.5}
 DistanceC: 21.99130287381513
Relative Position: LorenzVec{x=-21.99130287381513, y=-102.0, z=13.187441979692949}
 }
15:06:30 `Bat`160833 missed {
 is already Found: false).
 Position: LorenzVec{x=640.6875, y=75.0, z=561.5}
 DistanceC: 19.884221108353245
Relative Position: LorenzVec{x=-19.884221108353245, y=-101.53584062504456, z=6.8762874222341}
 }
15:06:30 `Bat`161701 missed {
 is already Found: false).
 Position: LorenzVec{x=640.6875, y=75.0, z=561.5}
 DistanceC: 19.884221108353245
Relative Position: LorenzVec{x=-19.884221108353245, y=-101.53584062504456, z=6.8762874222341}
 }
15:06:30 `Bat`162660 missed {
 is already Found: false).
 Position: LorenzVec{x=640.6875, y=75.0, z=561.5}
 DistanceC: 19.884221108353245
Relative Position: LorenzVec{x=-19.884221108353245, y=-101.53584062504456, z=6.8762874222341}
 }
15:12:43 `25b3ekui88`244 missed {
 is already Found: false).
 Position: LorenzVec{x=-24.5, y=71.0, z=-58.5}
 DistanceC: 14.696507727707875
Relative Position: LorenzVec{x=-14.696507727707875, y=1.0, z=9.07061239166427}
 }
15:12:43 `jtgb122d74`564 missed {
 is already Found: false).
 Position: LorenzVec{x=-29.5, y=57.0, z=-90.5}
 DistanceC: 22.92938760833573
Relative Position: LorenzVec{x=-19.696507727707875, y=-13.0, z=-22.92938760833573}
 }
15:12:43 `3m5lk45x8e`424 missed {
 is already Found: false).
 Position: LorenzVec{x=-31.0, y=73.0, z=-85.5}
 DistanceC: 21.196507727707875
Relative Position: LorenzVec{x=-21.196507727707875, y=3.0, z=-17.92938760833573}
 }
15:13:30 `Zombie`129013 missed {
 is already Found: false).
 Position: LorenzVec{x=301.5, y=144.0, z=266.0}
 DistanceC: 20.063876485203195
Relative Position: LorenzVec{x=0.6394397671605248, y=-1.5, z=-20.063876485203195}
 }
