11:37:02 HUB
11:37:27 NONE
11:37:30 HUB
11:39:38 NONE
11:39:50 DWARVEN_MINES
11:40:02 NONE
11:40:02 PRIVATE_ISLAND
11:40:07 NONE
11:40:07 DWARVEN_MINES
11:41:18 NONE
11:41:19 HUB
11:41:42 NONE
11:41:42 PRIVATE_ISLAND
11:43:31 NONE
11:43:31 DWARVEN_MINES
11:45:36 NONE
11:45:36 HUB
11:45:41 NONE
11:45:41 DEEP_CAVERNS
11:46:10 NONE
11:46:10 DWARVEN_MINES
11:57:47 NONE
11:57:47 HUB
11:58:47 NONE
11:58:47 DWARVEN_MINES
12:00:34 NONE
12:00:35 HUB
12:00:40 NONE
12:00:40 DWARVEN_MINES
12:01:24 NONE
12:01:25 HUB
12:01:28 NONE
12:01:29 DWARVEN_MINES
12:02:10 NONE
12:02:11 HUB
12:02:14 NONE
12:02:15 DWARVEN_MINES
12:02:18 NONE
12:02:18 HUB
12:02:29 NONE
12:02:30 DWARVEN_MINES
12:02:56 NONE
12:02:56 HUB
12:03:00 NONE
12:03:00 DWARVEN_MINES
12:06:02 NONE
12:06:02 HUB
12:06:06 NONE
12:06:06 DWARVEN_MINES
12:07:16 NONE
12:07:16 DUNGEON_HUB
12:07:20 NONE
12:07:20 DWARVEN_MINES
12:12:04 NONE
12:12:05 PRIVATE_ISLAND
12:12:11 NONE
12:12:11 DWARVEN_MINES
12:14:18 NONE
12:14:18 HUB
12:14:26 NONE
12:14:27 HUB
12:15:41 NONE
12:15:41 DWARVEN_MINES
12:21:30 NONE
12:21:30 HUB
12:21:34 NONE
12:21:34 DWARVEN_MINES
12:22:02 NONE
12:22:03 HUB
12:22:14 NONE
12:22:14 DWARVEN_MINES
12:22:42 NONE
12:22:43 HUB
12:22:49 NONE
12:22:49 DWARVEN_MINES
12:24:13 NONE
12:24:13 HUB
12:24:18 NONE
12:24:19 DWARVEN_MINES
12:24:55 NONE
12:24:56 HUB
12:25:01 NONE
12:25:01 DWARVEN_MINES
12:50:29 NONE
12:50:35 DWARVEN_MINES
12:57:51 NONE
12:57:52 PRIVATE_ISLAND_GUEST
12:58:08 NONE
12:58:08 CRYSTAL_HOLLOWS
13:25:33 NONE
13:25:33 PRIVATE_ISLAND
13:25:46 NONE
13:25:47 CRYSTAL_HOLLOWS
13:28:34 NONE
13:28:37 CRYSTAL_HOLLOWS
13:32:02 NONE
13:32:03 PRIVATE_ISLAND_GUEST
13:32:05 NONE
13:32:05 CRYSTAL_HOLLOWS
13:42:09 NONE
13:42:09 HUB
13:42:18 NONE
13:42:19 PRIVATE_ISLAND_GUEST
13:42:28 NONE
13:42:28 CRYSTAL_HOLLOWS
13:45:22 NONE
13:45:22 DWARVEN_MINES
13:45:56 NONE
13:45:56 PRIVATE_ISLAND_GUEST
13:45:59 NONE
13:45:59 CRYSTAL_HOLLOWS
13:46:30 NONE
13:46:31 HUB
14:01:57 NONE
14:09:50 HUB
14:11:28 NONE
14:11:29 PRIVATE_ISLAND_GUEST
14:11:31 NONE
14:11:32 CRYSTAL_HOLLOWS
14:13:05 NONE
14:13:05 DWARVEN_MINES
14:16:59 NONE
14:17:00 HUB
14:19:00 NONE
14:19:00 CRYSTAL_HOLLOWS
14:23:50 NONE
14:23:50 DWARVEN_MINES
14:27:12 NONE
14:27:13 HUB
14:28:15 NONE
14:28:15 CRYSTAL_HOLLOWS
14:31:12 NONE
14:31:12 DWARVEN_MINES
14:31:49 NONE
14:31:49 CRYSTAL_HOLLOWS
14:36:50 NONE
14:36:50 DWARVEN_MINES
14:44:15 NONE
14:44:16 HUB
14:44:42 NONE
14:44:42 PRIVATE_ISLAND
14:49:40 NONE
14:49:40 CRYSTAL_HOLLOWS
14:58:17 PRIVATE_ISLAND
14:59:11 NONE
14:59:11 HUB
14:59:29 NONE
14:59:29 PRIVATE_ISLAND
15:00:52 NONE
15:00:52 CRYSTAL_HOLLOWS
15:12:36 NONE
15:12:36 HUB
15:12:53 NONE
15:12:53 CRYSTAL_HOLLOWS
15:14:35 NONE
15:14:35 HUB
15:14:38 NONE
15:14:39 CRYSTAL_HOLLOWS
15:23:00 NONE
15:23:00 HUB
15:23:03 NONE
15:23:03 CRYSTAL_HOLLOWS
