20:57:32 §f §r§r§r§f §r§r§r§1 §r§r§r§0 §r§r§r§2 §r§r§r§f §r§r§r§f §r§r§r§2 §r§r§r§0 §r§r§r§4 §r§r§r§3 §r§r§r§9 §r§r§r§2 §r§r§r§0 §r§r§r§0 §r§r§r§3 §r§r§r§9 §r§r§r§2 §r§r§r§0 §r§r§r§0 §r§r§r§3 §r§r§r§9 §r§r§r§2 §r§r§r§0 §r§r§r§0 
20:57:57 §8 §r§8 §r§1 §r§3 §r§3 §r§7 §r§8 
20:58:00  
20:58:00   
20:58:01 
20:58:01 
20:58:09  
20:58:09  
20:58:09  
21:20:51 §8 §r§8 §r§1 §r§3 §r§3 §r§7 §r§8 
21:24:45 §8 §r§8 §r§1 §r§3 §r§3 §r§7 §r§8 
21:25:32 §8 §r§8 §r§1 §r§3 §r§3 §r§7 §r§8 
21:37:43 
21:37:43 
21:37:43 
21:37:43 
21:38:04 
21:38:04 
21:38:14 §8 §r§8 §r§1 §r§3 §r§3 §r§7 §r§8 
21:42:12 §8 §r§8 §r§1 §r§3 §r§3 §r§7 §r§8 
21:52:18 
21:52:18 
21:52:18 
21:52:18 
21:52:25 §8 §r§8 §r§1 §r§3 §r§3 §r§7 §r§8 
21:53:41 
21:53:41 
22:01:42 §f
22:04:11 §8 §r§8 §r§1 §r§3 §r§3 §r§7 §r§8 
22:08:03  
22:08:59 
22:08:59 
22:09:20 §8 §r§8 §r§1 §r§3 §r§3 §r§7 §r§8 
22:10:45 §8 §r§8 §r§1 §r§3 §r§3 §r§7 §r§8 
22:11:00 §8 §r§8 §r§1 §r§3 §r§3 §r§7 §r§8 
22:11:21  
22:11:21 
22:11:49 
22:11:59  
22:11:59 
22:12:16  
22:12:16 
22:12:36 
22:12:48 
22:12:50  
22:12:50  
22:12:50  
22:13:19  
22:22:05 §8 §r§8 §r§1 §r§3 §r§3 §r§7 §r§8 
22:22:15 §8 §r§8 §r§1 §r§3 §r§3 §r§7 §r§8 
22:22:50 §8 §r§8 §r§1 §r§3 §r§3 §r§7 §r§8 
22:29:09 §8 §r§8 §r§1 §r§3 §r§3 §r§7 §r§8 
22:30:51 §8 §r§8 §r§1 §r§3 §r§3 §r§7 §r§8 
22:31:34 §8 §r§8 §r§1 §r§3 §r§3 §r§7 §r§8 
22:32:48 §8 §r§8 §r§1 §r§3 §r§3 §r§7 §r§8 
22:33:35 §8 §r§8 §r§1 §r§3 §r§3 §r§7 §r§8 
