22:34:46 §cYou need a tool with a §r§aBreaking Power §r§cof §r§67§r§c to mine Jade Gemstone Block§r§c! Speak to §r§dFragilis §r§cby the entrance to the Crystal Hollows to learn more!
22:35:23 §cYou need a tool with a §r§aBreaking Power §r§cof §r§67§r§c to mine Jade Gemstone Block§r§c! Speak to §r§dFragilis §r§cby the entrance to the Crystal Hollows to learn more!
22:36:08 §cYou need a tool with a §r§aBreaking Power §r§cof §r§67§r§c to mine Jade Gemstone Block§r§c! Speak to §r§dFragilis §r§cby the entrance to the Crystal Hollows to learn more!
22:40:03 §cYou need a tool with a §r§aBreaking Power §r§cof §r§66§r§c to mine Ruby Gemstone Block§r§c! Speak to §r§dFragilis §r§cby the entrance to the Crystal Hollows to learn more!
22:49:23 §cYou need a tool with a §r§aBreaking Power §r§cof §r§67§r§c to mine Amethyst Gemstone Block§r§c! Speak to §r§dFragilis §r§cby the entrance to the Crystal Hollows to learn more!
22:50:23 §cYou need a tool with a §r§aBreaking Power §r§cof §r§67§r§c to mine Jade Gemstone Block§r§c! Speak to §r§dFragilis §r§cby the entrance to the Crystal Hollows to learn more!
22:50:44 §cYou need a tool with a §r§aBreaking Power §r§cof §r§67§r§c to mine Jade Gemstone Block§r§c! Speak to §r§dFragilis §r§cby the entrance to the Crystal Hollows to learn more!
22:54:54 §cYou need a tool with a §r§aBreaking Power §r§cof §r§67§r§c to mine Sapphire Gemstone Block§r§c! Speak to §r§dFragilis §r§cby the entrance to the Crystal Hollows to learn more!
22:55:42 §cYou need a tool with a §r§aBreaking Power §r§cof §r§67§r§c to mine Sapphire Gemstone Block§r§c! Speak to §r§dFragilis §r§cby the entrance to the Crystal Hollows to learn more!
22:58:03 §cYou need a tool with a §r§aBreaking Power §r§cof §r§67§r§c to mine Sapphire Gemstone Block§r§c! Speak to §r§dFragilis §r§cby the entrance to the Crystal Hollows to learn more!
22:59:15 §cYou need a tool with a §r§aBreaking Power §r§cof §r§67§r§c to mine Sapphire Gemstone Block§r§c! Speak to §r§dFragilis §r§cby the entrance to the Crystal Hollows to learn more!
23:00:30 §cYou need a tool with a §r§aBreaking Power §r§cof §r§66§r§c to mine Ruby Gemstone Block§r§c! Speak to §r§dFragilis §r§cby the entrance to the Crystal Hollows to learn more!
23:00:39 §cYou need a tool with a §r§aBreaking Power §r§cof §r§67§r§c to mine Sapphire Gemstone Block§r§c! Speak to §r§dFragilis §r§cby the entrance to the Crystal Hollows to learn more!
23:00:47 §cYou need a tool with a §r§aBreaking Power §r§cof §r§66§r§c to mine Ruby Gemstone Block§r§c! Speak to §r§dFragilis §r§cby the entrance to the Crystal Hollows to learn more!
23:01:15 §cYou need a tool with a §r§aBreaking Power §r§cof §r§67§r§c to mine Sapphire Gemstone Block§r§c! Speak to §r§dFragilis §r§cby the entrance to the Crystal Hollows to learn more!
23:03:11 §cYou need a tool with a §r§aBreaking Power §r§cof §r§67§r§c to mine Jade Gemstone Block§r§c! Speak to §r§dFragilis §r§cby the entrance to the Crystal Hollows to learn more!
23:03:22 §cYou need a tool with a §r§aBreaking Power §r§cof §r§66§r§c to mine Ruby Gemstone Block§r§c! Speak to §r§dFragilis §r§cby the entrance to the Crystal Hollows to learn more!
23:03:30 §cYou need a tool with a §r§aBreaking Power §r§cof §r§66§r§c to mine Ruby Gemstone Block§r§c! Speak to §r§dFragilis §r§cby the entrance to the Crystal Hollows to learn more!
23:03:35 §cYou need a tool with a §r§aBreaking Power §r§cof §r§67§r§c to mine Jade Gemstone Block§r§c! Speak to §r§dFragilis §r§cby the entrance to the Crystal Hollows to learn more!
23:03:44 §cYou need a tool with a §r§aBreaking Power §r§cof §r§67§r§c to mine Jade Gemstone Block§r§c! Speak to §r§dFragilis §r§cby the entrance to the Crystal Hollows to learn more!
23:05:11 §cYou need a tool with a §r§aBreaking Power §r§cof §r§67§r§c to mine Jade Gemstone Block§r§c! Speak to §r§dFragilis §r§cby the entrance to the Crystal Hollows to learn more!
23:05:17 §cYou need a tool with a §r§aBreaking Power §r§cof §r§67§r§c to mine Jade Gemstone Block§r§c! Speak to §r§dFragilis §r§cby the entrance to the Crystal Hollows to learn more!
23:06:26 §cYou need a tool with a §r§aBreaking Power §r§cof §r§67§r§c to mine Jade Gemstone Block§r§c! Speak to §r§dFragilis §r§cby the entrance to the Crystal Hollows to learn more!
23:07:30 §cYou need a tool with a §r§aBreaking Power §r§cof §r§67§r§c to mine Jade Gemstone Block§r§c! Speak to §r§dFragilis §r§cby the entrance to the Crystal Hollows to learn more!
23:14:54 §cYou need a tool with a §r§aBreaking Power §r§cof §r§67§r§c to mine Sapphire Gemstone Block§r§c! Speak to §r§dFragilis §r§cby the entrance to the Crystal Hollows to learn more!
23:15:15 §cYou need a tool with a §r§aBreaking Power §r§cof §r§66§r§c to mine Ruby Gemstone Block§r§c! Speak to §r§dFragilis §r§cby the entrance to the Crystal Hollows to learn more!
23:16:06 §cYou need a tool with a §r§aBreaking Power §r§cof §r§67§r§c to mine Sapphire Gemstone Block§r§c! Speak to §r§dFragilis §r§cby the entrance to the Crystal Hollows to learn more!
23:16:22 §cYou need a tool with a §r§aBreaking Power §r§cof §r§67§r§c to mine Sapphire Gemstone Block§r§c! Speak to §r§dFragilis §r§cby the entrance to the Crystal Hollows to learn more!
23:18:26 §cYou need a tool with a §r§aBreaking Power §r§cof §r§67§r§c to mine Jade Gemstone Block§r§c! Speak to §r§dFragilis §r§cby the entrance to the Crystal Hollows to learn more!
00:03:47 §cYou need a tool with a §r§aBreaking Power §r§cof §r§67§r§c to mine Amber Gemstone Block§r§c! Speak to §r§dFragilis §r§cby the entrance to the Crystal Hollows to learn more!
00:04:01 §cYou need a tool with a §r§aBreaking Power §r§cof §r§67§r§c to mine Amber Gemstone Block§r§c! Speak to §r§dFragilis §r§cby the entrance to the Crystal Hollows to learn more!
00:05:45 §cYou need a tool with a §r§aBreaking Power §r§cof §r§67§r§c to mine Amber Gemstone Block§r§c! Speak to §r§dFragilis §r§cby the entrance to the Crystal Hollows to learn more!
00:07:07 §cYou need a tool with a §r§aBreaking Power §r§cof §r§67§r§c to mine Amethyst Gemstone Block§r§c! Speak to §r§dFragilis §r§cby the entrance to the Crystal Hollows to learn more!
00:07:15 §cYou need a tool with a §r§aBreaking Power §r§cof §r§67§r§c to mine Amethyst Gemstone Block§r§c! Speak to §r§dFragilis §r§cby the entrance to the Crystal Hollows to learn more!
00:07:21 §cYou need a tool with a §r§aBreaking Power §r§cof §r§67§r§c to mine Amethyst Gemstone Block§r§c! Speak to §r§dFragilis §r§cby the entrance to the Crystal Hollows to learn more!
00:08:42 §cYou need a tool with a §r§aBreaking Power §r§cof §r§67§r§c to mine Amethyst Gemstone Block§r§c! Speak to §r§dFragilis §r§cby the entrance to the Crystal Hollows to learn more!
00:08:51 §cYou need a tool with a §r§aBreaking Power §r§cof §r§67§r§c to mine Amethyst Gemstone Block§r§c! Speak to §r§dFragilis §r§cby the entrance to the Crystal Hollows to learn more!
00:08:58 §cYou need a tool with a §r§aBreaking Power §r§cof §r§67§r§c to mine Amethyst Gemstone Block§r§c! Speak to §r§dFragilis §r§cby the entrance to the Crystal Hollows to learn more!
00:10:39 §cYou need a tool with a §r§aBreaking Power §r§cof §r§67§r§c to mine Amber Gemstone Block§r§c! Speak to §r§dFragilis §r§cby the entrance to the Crystal Hollows to learn more!
00:31:09 §cYou need a tool with a §r§aBreaking Power §r§cof §r§67§r§c to mine Amber Gemstone Block§r§c! Speak to §r§dFragilis §r§cby the entrance to the Crystal Hollows to learn more!
00:31:42 §cYou need a tool with a §r§aBreaking Power §r§cof §r§67§r§c to mine Amber Gemstone Block§r§c! Speak to §r§dFragilis §r§cby the entrance to the Crystal Hollows to learn more!
00:34:06 §cYou need a tool with a §r§aBreaking Power §r§cof §r§67§r§c to mine Amber Gemstone Block§r§c! Speak to §r§dFragilis §r§cby the entrance to the Crystal Hollows to learn more!
00:35:31 §cYou need a tool with a §r§aBreaking Power §r§cof §r§66§r§c to mine Ruby Gemstone Block§r§c! Speak to §r§dFragilis §r§cby the entrance to the Crystal Hollows to learn more!
00:37:22 §cYou need a tool with a §r§aBreaking Power §r§cof §r§67§r§c to mine Amber Gemstone Block§r§c! Speak to §r§dFragilis §r§cby the entrance to the Crystal Hollows to learn more!
00:37:58 §cYou need a tool with a §r§aBreaking Power §r§cof §r§67§r§c to mine Amethyst Gemstone Block§r§c! Speak to §r§dFragilis §r§cby the entrance to the Crystal Hollows to learn more!
00:39:02 §cYou need a tool with a §r§aBreaking Power §r§cof §r§67§r§c to mine Amethyst Gemstone Block§r§c! Speak to §r§dFragilis §r§cby the entrance to the Crystal Hollows to learn more!
00:39:13 §cYou need a tool with a §r§aBreaking Power §r§cof §r§67§r§c to mine Amethyst Gemstone Block§r§c! Speak to §r§dFragilis §r§cby the entrance to the Crystal Hollows to learn more!
00:39:57 §cYou need a tool with a §r§aBreaking Power §r§cof §r§66§r§c to mine Ruby Gemstone Block§r§c! Speak to §r§dFragilis §r§cby the entrance to the Crystal Hollows to learn more!
00:40:15 §cYou need a tool with a §r§aBreaking Power §r§cof §r§67§r§c to mine Amethyst Gemstone Block§r§c! Speak to §r§dFragilis §r§cby the entrance to the Crystal Hollows to learn more!
00:42:34 §cYou need a tool with a §r§aBreaking Power §r§cof §r§67§r§c to mine Sapphire Gemstone Block§r§c! Speak to §r§dFragilis §r§cby the entrance to the Crystal Hollows to learn more!
00:43:09 §cYou need a tool with a §r§aBreaking Power §r§cof §r§67§r§c to mine Jade Gemstone Block§r§c! Speak to §r§dFragilis §r§cby the entrance to the Crystal Hollows to learn more!
00:43:29 §cYou need a tool with a §r§aBreaking Power §r§cof §r§67§r§c to mine Jade Gemstone Block§r§c! Speak to §r§dFragilis §r§cby the entrance to the Crystal Hollows to learn more!
