12:35:31 §f                                  §6§lBESTIARY
12:35:31 §f                                §b§lWorm §7§8IX §8➡§b §bX
12:35:31 
12:35:31 §f                                  §r§6§lREWARDS
12:35:31 §f                           §r§8+§r§a3 Worm §r§b✯ Magic Find
12:35:31 §f                            §r§8+§r§a3 Worm §r§c❁ Strength
12:35:31 §f                               §r§8+§r§62% §r§aWorm §r§7coins
12:35:31 §f                    §r§8+§r§a50% §r§7chance for extra XP orbs
12:35:31 §f                               §r§8+§r§b1 SkyBlock XP
12:35:31 
12:35:31 §3§l▬▬▬▬▬▬▬▬▬▬▬▬▬▬▬▬▬▬▬▬▬▬▬▬▬▬▬▬▬▬▬▬▬▬▬▬▬▬▬▬▬▬▬▬▬▬▬▬▬▬▬▬▬▬▬▬▬▬▬▬▬▬▬▬
13:59:26 §f                                  §6§lBESTIARY
13:59:26 §f                          §b§lPurple Jerry §7§8IX §8➡§b §bX
13:59:26 
13:59:26 §f                                  §r§6§lREWARDS
13:59:26 §f                      §r§8+§r§a3 §r§5Purple Jerry §r§b✯ Magic Find
13:59:26 §f                      §r§8+§r§a3 §r§5Purple Jerry §r§c❁ Strength
13:59:26 §f                          §r§8+§r§62% §r§a§r§5Purple Jerry §r§7coins
13:59:26 §f                    §r§8+§r§a50% §r§7chance for extra XP orbs
13:59:26 §f                               §r§8+§r§b1 SkyBlock XP
13:59:26 
13:59:26 §3§l▬▬▬▬▬▬▬▬▬▬▬▬▬▬▬▬▬▬▬▬▬▬▬▬▬▬▬▬▬▬▬▬▬▬▬▬▬▬▬▬▬▬▬▬▬▬▬▬▬▬▬▬▬▬▬▬▬▬▬▬▬▬▬▬
15:02:27 §f                                  §6§lBESTIARY
15:02:27 §f                          §b§lGolden Jerry §7§8IV §8➡§b §bV
15:02:27 
15:02:27 §f                                  §r§6§lREWARDS
15:02:27 §f                      §r§8+§r§a2 §r§6Golden Jerry §r§b✯ Magic Find
15:02:27 §f                      §r§8+§r§a2 §r§6Golden Jerry §r§c❁ Strength
15:02:27 §f                          §r§8+§r§62% §r§a§r§6Golden Jerry §r§7coins
15:02:27 §f                    §r§8+§r§a50% §r§7chance for extra XP orbs
15:02:27 §f                               §r§8+§r§b1 SkyBlock XP
15:02:27 
15:02:27 §3§l▬▬▬▬▬▬▬▬▬▬▬▬▬▬▬▬▬▬▬▬▬▬▬▬▬▬▬▬▬▬▬▬▬▬▬▬▬▬▬▬▬▬▬▬▬▬▬▬▬▬▬▬▬▬▬▬▬▬▬▬▬▬▬▬
