18:29:46 [allowed] §aYou have §b1 §aunclaimed leveling reward!
18:29:46 [allowed] §eClick here to view it!
18:29:46 [allowed] §aYou have §61 §aunclaimed achievement reward!
18:29:46 [allowed] §eClick here to view it!
18:29:48 [allowed] §b[MVP§9+§b] Cfide§f§r§f: fl
18:29:49 [allowed] §cYou are sending commands too fast! Please slow down.
18:30:46 [allowed] §eYou haven't claimed your §r§6Summer Rewards §r§eyet!
18:30:46 [allowed] §eTalk to the §r§bSummer Sloth §r§ein the §r§aHub!
18:30:48 [allowed] §eLatest update: §bSkyBlock v0.20.4 §e§lCLICK
18:30:48 [allowed] §cYou are sending commands too fast! Please slow down.
18:31:05 [allowed] §c ☠ §r§7§r§7Daniels1441§r§7 was killed by Sven Packmaster§r§7§r§7.
18:31:47 [allowed] §a§r§6Mining Speed Boost §r§ais now available!
18:32:26 [allowed] §b-----------------------------------------------------
18:32:26 [allowed] §eYou voted for §r§bPaul §r§ein the §r§bYear 363 Elections§r§e!
18:32:26 [allowed] §eAs a §bPhilanthropist§e, your vote counts for §a5§e.
18:32:26 [allowed] §b-----------------------------------------------------
18:32:30 [allowed] §d§lHOPPITY'S HUNT §r§dA §r§aChocolate Dinner Egg §r§dhas appeared!
18:32:51 [allowed] §e[NPC] §aCarnival Leader§f: §rNice to see you here again, §bSebbebas§f!
18:32:52 [allowed] §e[NPC] §aCarnival Leader§f: §rIt's a new §bday§f, which means you get more §aCarnival Tickets§f!
18:32:57 [allowed] §aYou claimed a §r§aCarnival Ticket §r§8x25§r§a!
18:32:57 [allowed] §e[NPC] §aCarnival Leader§f: §rRemember, if you have any questions, I'll be right here.
18:33:00 [allowed] §e[NPC] §aCarnival Leader§f: §rGood luck, and have §eA Carnivalot of Fun™§f!
18:33:22 [allowed] §e[NPC] Carnival Pirateman§f: §rAhoy there, matey!
18:33:23 [allowed] §e[NPC] Carnival Pirateman§f: §rWould ye like to do some §6Fruit Digging§f?
18:33:23 [allowed] §eSelect an option: §r
 §e ➜ §a[Aye sure do!] §r
 §e ➜ §b[Could ye tell me the rules again, Captain?] §r
 §e ➜ §c[I'll set me sights elsewhere.] 
18:33:25 [allowed] §e[NPC] Carnival Pirateman§f: §rHere's yer §ashovel§f, then.
18:33:26 [allowed] §e[NPC] Carnival Pirateman§f: §rGood luck, matey!
18:33:28 [allowed] §c§lMINES! §r§fThere are §r§61 §r§fbombs hidden nearby.
18:33:37 [allowed] §6§lTREASURE! §r§fThere is an §r§aApple §r§fnearby.
18:33:40 [allowed] §6§lTREASURE! §r§fThere is a §r§aMango §r§fnearby.
18:33:43 [allowed] §6§lTREASURE! §r§fThere is a §r§9Pomegranate §r§fnearby.
18:33:45 [allowed] §6§lTREASURE! §r§fThere is a §r§5Durian §r§fnearby.
18:33:49 [allowed] §6§lTREASURE! §r§fThere is a §r§5Cherry §r§fnearby.
18:33:52 [allowed] §6§lTREASURE! §r§fThere is a §r§5Cherry §r§fnearby.
18:33:54 [allowed] §6§lTREASURE! §r§fThere is a §r§9Pomegranate §r§fnearby.
18:33:56 [allowed] §6§lTREASURE! §r§fThere is a §r§5Coconut §r§fnearby.
18:34:01 [allowed] §6§lTREASURE! §r§fThere is a §r§aMango §r§fnearby.
18:34:04 [allowed] §6§lTREASURE! §r§fThere is a §r§dDragonfruit §r§fnearby.
18:34:11 [allowed] §6§lTREASURE! §r§fThere is a §r§aMango §r§fnearby.
18:34:18 [allowed] §a§l▬▬▬▬▬▬▬▬▬▬▬▬▬▬▬▬▬▬▬▬▬▬▬▬▬▬▬▬▬▬▬▬▬▬▬▬▬▬▬▬▬▬▬▬▬▬▬▬▬▬▬▬▬▬▬▬▬▬▬▬▬▬▬▬
18:34:18 [allowed] §f                               §r§6§lFruit Digging
18:34:18 [allowed] §f                                 §r§fYour Score
18:34:18 [allowed] §f                                     §a2,850
18:34:18 [allowed] §f                              §r§fFruits Collected
18:34:18 [allowed] §f     §r§f4x §r§aMango§r§f, §r§f1x §r§9Pomegranate§r§f, §r§f1x §r§9Watermelon§r§f, §r§f1x §r§5Cherry§r§f, §r§f1x
§r§f                  §r§5Coconut§r§f, §r§f2x §r§5Durian§r§f, §r§f4x §r§cBomb§r§f, §r§f2x §r§eRum
18:34:18 [allowed] §f                    You earned §r§e28 Carnival Tokens§r§7!
18:34:18 [allowed] §a§l▬▬▬▬▬▬▬▬▬▬▬▬▬▬▬▬▬▬▬▬▬▬▬▬▬▬▬▬▬▬▬▬▬▬▬▬▬▬▬▬▬▬▬▬▬▬▬▬▬▬▬▬▬▬▬▬▬▬▬▬▬▬▬▬
18:34:21 [allowed] §e[NPC] Carnival Pirateman§f: §rAhoy there, matey!
18:34:23 [allowed] §e[NPC] Carnival Pirateman§f: §rWould ye like to do some §6Fruit Digging§f?
18:34:23 [allowed] §eSelect an option: §r
 §e ➜ §a[Aye sure do!] §r
 §e ➜ §b[Could ye tell me the rules again, Captain?] §r
 §e ➜ §c[I'll set me sights elsewhere.] 
18:34:25 [allowed] §e[NPC] Carnival Pirateman§f: §rHere's yer §ashovel§f, then.
18:34:26 [allowed] §e[NPC] Carnival Pirateman§f: §rGood luck, matey!
18:34:34 [allowed] §6§lTREASURE! §r§fThere is a §r§5Durian §r§fnearby.
18:34:36 [allowed] §6§lTREASURE! §r§fThere is a §r§5Durian §r§fnearby.
18:34:40 [allowed] §6§lTREASURE! §r§fThere is a §r§5Durian §r§fnearby.
18:34:43 [allowed] §6§lTREASURE! §r§fThere is an §r§aApple §r§fnearby.
18:34:48 [allowed] §6§lTREASURE! §r§fThere is an §r§aApple §r§fnearby.
18:34:52 [allowed] §6§lTREASURE! §r§fThere is an §r§aApple §r§fnearby.
18:34:56 [allowed] §6§lTREASURE! §r§fThere is a §r§aMango §r§fnearby.
18:34:59 [allowed] §6§lTREASURE! §r§fThere is a §r§aMango §r§fnearby.
18:35:02 [allowed] §6§lTREASURE! §r§fThere is a §r§aMango §r§fnearby.
18:35:05 [allowed] §6§lTREASURE! §r§fThere is an §r§aApple §r§fnearby.
18:35:12 [allowed] §6§lTREASURE! §r§fThere is a §r§5Coconut §r§fnearby.
18:35:15 [allowed] §6§lTREASURE! §r§fThere is a §r§5Coconut §r§fnearby.
18:35:20 [allowed] §a§l▬▬▬▬▬▬▬▬▬▬▬▬▬▬▬▬▬▬▬▬▬▬▬▬▬▬▬▬▬▬▬▬▬▬▬▬▬▬▬▬▬▬▬▬▬▬▬▬▬▬▬▬▬▬▬▬▬▬▬▬▬▬▬▬
18:35:20 [allowed] §f                               §r§6§lFruit Digging
18:35:20 [allowed] §f                                 §r§fYour Score
18:35:20 [allowed] §f                                     §a4,100
18:35:20 [allowed] §f                              §r§fFruits Collected
18:35:20 [allowed] §f      §r§f1x §r§aApple§r§f, §r§f5x §r§aMango§r§f, §r§f1x §r§9Pomegranate§r§f, §r§f3x §r§9Watermelon§r§f, §r§f2x
§r§f           §r§5Cherry§r§f, §r§f1x §r§5Coconut§r§f, §r§f2x §r§5Durian§r§f, §r§f2x §r§cBomb§r§f, §r§f1x §r§eRum
18:35:20 [allowed] §f                    You earned §r§e41 Carnival Tokens§r§7!
18:35:20 [allowed] §a§l▬▬▬▬▬▬▬▬▬▬▬▬▬▬▬▬▬▬▬▬▬▬▬▬▬▬▬▬▬▬▬▬▬▬▬▬▬▬▬▬▬▬▬▬▬▬▬▬▬▬▬▬▬▬▬▬▬▬▬▬▬▬▬▬
18:35:21 [allowed] §e[NPC] Carnival Pirateman§f: §rAhoy there, matey!
18:35:21 [allowed] §e[NPC] Carnival Pirateman§f: §rWould ye like to do some §6Fruit Digging§f?
18:35:22 [allowed] §eSelect an option: §r
 §e ➜ §a[Aye sure do!] §r
 §e ➜ §b[Could ye tell me the rules again, Captain?] §r
 §e ➜ §c[I'll set me sights elsewhere.] 
18:35:49 [allowed] §e[NPC] Carnival Pirateman§f: §rAhoy there, matey!
18:35:50 [allowed] §e[NPC] Carnival Pirateman§f: §rWould ye like to do some §6Fruit Digging§f?
18:35:50 [allowed] §eSelect an option: §r
 §e ➜ §a[Aye sure do!] §r
 §e ➜ §b[Could ye tell me the rules again, Captain?] §r
 §e ➜ §c[I'll set me sights elsewhere.] 
18:35:53 [allowed] §e[NPC] Carnival Pirateman§f: §rHere's yer §ashovel§f, then.
18:35:54 [allowed] §e[NPC] Carnival Pirateman§f: §rGood luck, matey!
18:36:28 [allowed] §b§lANCHOR! §r§fThere are no fruits nearby!
18:36:48 [allowed] §a§l▬▬▬▬▬▬▬▬▬▬▬▬▬▬▬▬▬▬▬▬▬▬▬▬▬▬▬▬▬▬▬▬▬▬▬▬▬▬▬▬▬▬▬▬▬▬▬▬▬▬▬▬▬▬▬▬▬▬▬▬▬▬▬▬
18:36:48 [allowed] §f                               §r§6§lFruit Digging
18:36:48 [allowed] §f                                 §r§fYour Score
18:36:48 [allowed] §f                                     §a3,800
18:36:48 [allowed] §f                              §r§fFruits Collected
18:36:48 [allowed] §f      §r§f2x §r§aApple§r§f, §r§f4x §r§aMango§r§f, §r§f3x §r§9Pomegranate§r§f, §r§f1x §r§9Watermelon§r§f, §r§f2x
§r§f                §r§5Cherry§r§f, §r§f2x §r§5Coconut§r§f, §r§f1x §r§5Durian§r§f, §r§f1x §r§cBomb
18:36:48 [allowed] §f                    You earned §r§e38 Carnival Tokens§r§7!
18:36:48 [allowed] §a§l▬▬▬▬▬▬▬▬▬▬▬▬▬▬▬▬▬▬▬▬▬▬▬▬▬▬▬▬▬▬▬▬▬▬▬▬▬▬▬▬▬▬▬▬▬▬▬▬▬▬▬▬▬▬▬▬▬▬▬▬▬▬▬▬
18:36:49 [allowed] §e[NPC] Carnival Pirateman§f: §rAhoy there, matey!
18:36:49 [allowed] §e[NPC] Carnival Pirateman§f: §rWould ye like to do some §6Fruit Digging§f?
18:36:50 [allowed] §eSelect an option: §r
 §e ➜ §a[Aye sure do!] §r
 §e ➜ §b[Could ye tell me the rules again, Captain?] §r
 §e ➜ §c[I'll set me sights elsewhere.] 
18:36:52 [allowed] §e[NPC] Carnival Pirateman§f: §rHere's yer §ashovel§f, then.
18:36:53 [allowed] §e[NPC] Carnival Pirateman§f: §rGood luck, matey!
18:37:42 [allowed] §b§lANCHOR! §r§fThere are no fruits nearby!
18:37:49 [allowed] §a§l▬▬▬▬▬▬▬▬▬▬▬▬▬▬▬▬▬▬▬▬▬▬▬▬▬▬▬▬▬▬▬▬▬▬▬▬▬▬▬▬▬▬▬▬▬▬▬▬▬▬▬▬▬▬▬▬▬▬▬▬▬▬▬▬
18:37:49 [allowed] §f                               §r§6§lFruit Digging
18:37:49 [allowed] §f                                 §r§fYour Score
18:37:49 [allowed] §f                                     §a3,100
18:37:49 [allowed] §f                              §r§fFruits Collected
18:37:49 [allowed] §f      §r§f2x §r§aApple§r§f, §r§f3x §r§aMango§r§f, §r§f2x §r§9Pomegranate§r§f, §r§f1x §r§9Watermelon§r§f, §r§f2x
§r§f        §r§5Coconut§r§f, §r§f1x §r§5Durian§r§f, §r§f1x §r§dDragonfruit§r§f, §r§f2x §r§cBomb§r§f, §r§f2x §r§eRum
18:37:49 [allowed] §f                    You earned §r§e31 Carnival Tokens§r§7!
18:37:49 [allowed] §a§l▬▬▬▬▬▬▬▬▬▬▬▬▬▬▬▬▬▬▬▬▬▬▬▬▬▬▬▬▬▬▬▬▬▬▬▬▬▬▬▬▬▬▬▬▬▬▬▬▬▬▬▬▬▬▬▬▬▬▬▬▬▬▬▬
18:37:52 [allowed] §8[§r§9281§r§8] §r§7§lツ §r§b[MVP§c+§b] Duplo16021§f§r§f: 7ah
18:37:53 [allowed] §e[NPC] Carnival Pirateman§f: §rAhoy there, matey!
18:37:54 [allowed] §e[NPC] Carnival Pirateman§f: §rWould ye like to do some §6Fruit Digging§f?
18:37:54 [allowed] §eSelect an option: §r
 §e ➜ §a[Aye sure do!] §r
 §e ➜ §b[Could ye tell me the rules again, Captain?] §r
 §e ➜ §c[I'll set me sights elsewhere.] 
18:37:58 [allowed] §e[NPC] Carnival Cowboy§f: §rHowdy there, partner!
18:37:59 [allowed] §e[NPC] Carnival Cowboy§f: §rWouldja like to play §cZombie Shootout§f?
18:37:59 [allowed] §eSelect an option: §r
 §e ➜ §a[Sure thing, partner!] §r
 §e ➜ §b[Could ya tell me the rules again?] §r
 §e ➜ §c[I'd like to do somthin' else fer now.] 
18:38:06 [allowed] §e[NPC] Carnival Pirateman§f: §rAhoy there, matey!
18:38:06 [allowed] §e[NPC] Carnival Pirateman§f: §rWould ye like to do some §6Fruit Digging§f?
18:38:07 [allowed] §eSelect an option: §r
 §e ➜ §a[Aye sure do!] §r
 §e ➜ §b[Could ye tell me the rules again, Captain?] §r
 §e ➜ §c[I'll set me sights elsewhere.] 
18:38:08 [allowed] §e[NPC] Carnival Pirateman§f: §rHere's yer §ashovel§f, then.
18:38:09 [allowed] §e[NPC] Carnival Pirateman§f: §rGood luck, matey!
18:39:01 [allowed] §a§l▬▬▬▬▬▬▬▬▬▬▬▬▬▬▬▬▬▬▬▬▬▬▬▬▬▬▬▬▬▬▬▬▬▬▬▬▬▬▬▬▬▬▬▬▬▬▬▬▬▬▬▬▬▬▬▬▬▬▬▬▬▬▬▬
18:39:01 [allowed] §f                               §r§6§lFruit Digging
18:39:01 [allowed] §f                                 §r§fYour Score
18:39:01 [allowed] §f                                     §a2,700
18:39:01 [allowed] §f                              §r§fFruits Collected
18:39:01 [allowed] §f      §r§f4x §r§aApple§r§f, §r§f2x §r§aMango§r§f, §r§f1x §r§9Pomegranate§r§f, §r§f1x §r§9Watermelon§r§f, §r§f1x
§r§f                  §r§5Coconut§r§f, §r§f1x §r§5Durian§r§f, §r§f4x §r§cBomb§r§f, §r§f2x §r§eRum
18:39:01 [allowed] §f                    You earned §r§e27 Carnival Tokens§r§7!
18:39:01 [allowed] §a§l▬▬▬▬▬▬▬▬▬▬▬▬▬▬▬▬▬▬▬▬▬▬▬▬▬▬▬▬▬▬▬▬▬▬▬▬▬▬▬▬▬▬▬▬▬▬▬▬▬▬▬▬▬▬▬▬▬▬▬▬▬▬▬▬
18:39:02 [allowed] §e[NPC] Carnival Pirateman§f: §rAhoy there, matey!
18:39:03 [allowed] §e[NPC] Carnival Pirateman§f: §rWould ye like to do some §6Fruit Digging§f?
18:39:03 [allowed] §eSelect an option: §r
 §e ➜ §a[Aye sure do!] §r
 §e ➜ §b[Could ye tell me the rules again, Captain?] §r
 §e ➜ §c[I'll set me sights elsewhere.] 
18:39:05 [allowed] §e[NPC] Carnival Pirateman§f: §rHere's yer §ashovel§f, then.
18:39:06 [allowed] §e[NPC] Carnival Pirateman§f: §rGood luck, matey!
18:39:40 [allowed] §b§lANCHOR! §r§fThere are no fruits nearby!
18:39:59 [allowed] §a§l▬▬▬▬▬▬▬▬▬▬▬▬▬▬▬▬▬▬▬▬▬▬▬▬▬▬▬▬▬▬▬▬▬▬▬▬▬▬▬▬▬▬▬▬▬▬▬▬▬▬▬▬▬▬▬▬▬▬▬▬▬▬▬▬
18:39:59 [allowed] §f                               §r§6§lFruit Digging
18:39:59 [allowed] §f                                 §r§fYour Score
18:39:59 [allowed] §f                                     §a2,000
18:39:59 [allowed] §f                              §r§fFruits Collected
18:39:59 [allowed] §f      §r§f3x §r§aApple§r§f, §r§f1x §r§aMango§r§f, §r§f3x §r§9Pomegranate§r§f, §r§f4x §r§9Watermelon§r§f, §r§f1x
§r§f                 §r§5Cherry§r§f, §r§f1x §r§5Coconut§r§f, §r§f4x §r§cBomb§r§f, §r§f2x §r§eRum
18:39:59 [allowed] §f                    You earned §r§e20 Carnival Tokens§r§7!
18:39:59 [allowed] §a§l▬▬▬▬▬▬▬▬▬▬▬▬▬▬▬▬▬▬▬▬▬▬▬▬▬▬▬▬▬▬▬▬▬▬▬▬▬▬▬▬▬▬▬▬▬▬▬▬▬▬▬▬▬▬▬▬▬▬▬▬▬▬▬▬
18:40:02 [allowed] §e[NPC] Carnival Pirateman§f: §rAhoy there, matey!
18:40:02 [allowed] §e[NPC] Carnival Pirateman§f: §rWould ye like to do some §6Fruit Digging§f?
18:40:02 [allowed] §eSelect an option: §r
 §e ➜ §a[Aye sure do!] §r
 §e ➜ §b[Could ye tell me the rules again, Captain?] §r
 §e ➜ §c[I'll set me sights elsewhere.] 
18:40:04 [allowed] §e[NPC] Carnival Pirateman§f: §rHere's yer §ashovel§f, then.
18:40:05 [allowed] §e[NPC] Carnival Pirateman§f: §rGood luck, matey!
18:40:48 [allowed] §a§l▬▬▬▬▬▬▬▬▬▬▬▬▬▬▬▬▬▬▬▬▬▬▬▬▬▬▬▬▬▬▬▬▬▬▬▬▬▬▬▬▬▬▬▬▬▬▬▬▬▬▬▬▬▬▬▬▬▬▬▬▬▬▬▬
18:40:48 [allowed] §f                               §r§6§lFruit Digging
18:40:48 [allowed] §f                                 §r§fYour Score
18:40:48 [allowed] §f                                     §a4,050
18:40:48 [allowed] §f                              §r§fFruits Collected
18:40:48 [allowed] §f      §r§f4x §r§aApple§r§f, §r§f3x §r§aMango§r§f, §r§f4x §r§9Pomegranate§r§f, §r§f4x §r§9Watermelon§r§f, §r§f1x
§r§f                       §r§5Coconut§r§f, §r§f1x §r§5Durian§r§f, §r§f2x §r§cBomb
18:40:48 [allowed] §f                    You earned §r§e40 Carnival Tokens§r§7!
18:40:48 [allowed] §a§l▬▬▬▬▬▬▬▬▬▬▬▬▬▬▬▬▬▬▬▬▬▬▬▬▬▬▬▬▬▬▬▬▬▬▬▬▬▬▬▬▬▬▬▬▬▬▬▬▬▬▬▬▬▬▬▬▬▬▬▬▬▬▬▬
18:40:49 [allowed] §e[NPC] Carnival Pirateman§f: §rAhoy there, matey!
18:40:50 [allowed] §e[NPC] Carnival Pirateman§f: §rWould ye like to do some §6Fruit Digging§f?
18:40:50 [allowed] §d§lHOPPITY'S HUNT §r§dA §r§6Chocolate Breakfast Egg §r§dhas appeared!
18:40:50 [allowed] §eSelect an option: §r
 §e ➜ §a[Aye sure do!] §r
 §e ➜ §b[Could ye tell me the rules again, Captain?] §r
 §e ➜ §c[I'll set me sights elsewhere.] 
18:40:53 [allowed] §e[NPC] Carnival Pirateman§f: §rHere's yer §ashovel§f, then.
18:40:54 [allowed] §e[NPC] Carnival Pirateman§f: §rGood luck, matey!
18:41:35 [allowed] §a§l▬▬▬▬▬▬▬▬▬▬▬▬▬▬▬▬▬▬▬▬▬▬▬▬▬▬▬▬▬▬▬▬▬▬▬▬▬▬▬▬▬▬▬▬▬▬▬▬▬▬▬▬▬▬▬▬▬▬▬▬▬▬▬▬
18:41:35 [allowed] §f                               §r§6§lFruit Digging
18:41:35 [allowed] §f                                 §r§fYour Score
18:41:35 [allowed] §f                                     §a3,850
18:41:35 [allowed] §f                              §r§fFruits Collected
18:41:35 [allowed] §f      §r§f3x §r§aApple§r§f, §r§f5x §r§aMango§r§f, §r§f3x §r§9Pomegranate§r§f, §r§f3x §r§9Watermelon§r§f, §r§f1x
§r§f                            §r§5Cherry§r§f, §r§f3x §r§5Coconut
18:41:35 [allowed] §f                    You earned §r§e38 Carnival Tokens§r§7!
18:41:35 [allowed] §a§l▬▬▬▬▬▬▬▬▬▬▬▬▬▬▬▬▬▬▬▬▬▬▬▬▬▬▬▬▬▬▬▬▬▬▬▬▬▬▬▬▬▬▬▬▬▬▬▬▬▬▬▬▬▬▬▬▬▬▬▬▬▬▬▬
18:41:36 [allowed] §e[NPC] Carnival Pirateman§f: §rAhoy there, matey!
18:41:36 [allowed] §e[NPC] Carnival Pirateman§f: §rWould ye like to do some §6Fruit Digging§f?
18:41:36 [allowed] §eSelect an option: §r
 §e ➜ §a[Aye sure do!] §r
 §e ➜ §b[Could ye tell me the rules again, Captain?] §r
 §e ➜ §c[I'll set me sights elsewhere.] 
18:41:38 [allowed] §e[NPC] Carnival Pirateman§f: §rHere's yer §ashovel§f, then.
18:41:39 [allowed] §e[NPC] Carnival Pirateman§f: §rGood luck, matey!
18:42:18 [allowed] §a§l▬▬▬▬▬▬▬▬▬▬▬▬▬▬▬▬▬▬▬▬▬▬▬▬▬▬▬▬▬▬▬▬▬▬▬▬▬▬▬▬▬▬▬▬▬▬▬▬▬▬▬▬▬▬▬▬▬▬▬▬▬▬▬▬
18:42:18 [allowed] §f                               §r§6§lFruit Digging
18:42:18 [allowed] §f                                 §r§fYour Score
18:42:18 [allowed] §f                                     §a3,750
18:42:18 [allowed] §f                              §r§fFruits Collected
18:42:18 [allowed] §f      §r§f4x §r§aApple§r§f, §r§f4x §r§aMango§r§f, §r§f3x §r§9Pomegranate§r§f, §r§f3x §r§9Watermelon§r§f, §r§f1x
§r§f                            §r§5Cherry§r§f, §r§f3x §r§5Coconut
18:42:18 [allowed] §f                    You earned §r§e37 Carnival Tokens§r§7!
18:42:18 [allowed] §a§l▬▬▬▬▬▬▬▬▬▬▬▬▬▬▬▬▬▬▬▬▬▬▬▬▬▬▬▬▬▬▬▬▬▬▬▬▬▬▬▬▬▬▬▬▬▬▬▬▬▬▬▬▬▬▬▬▬▬▬▬▬▬▬▬
18:42:19 [allowed] §e[NPC] Carnival Pirateman§f: §rAhoy there, matey!
18:42:19 [allowed] §e[NPC] Carnival Pirateman§f: §rWould ye like to do some §6Fruit Digging§f?
18:42:20 [allowed] §eSelect an option: §r
 §e ➜ §a[Aye sure do!] §r
 §e ➜ §b[Could ye tell me the rules again, Captain?] §r
 §e ➜ §c[I'll set me sights elsewhere.] 
18:42:21 [allowed] §e[NPC] Carnival Pirateman§f: §rHere's yer §ashovel§f, then.
18:42:23 [allowed] §8[§r§732§r§8] §r§7tavernilla§7§r§7: where can i buy wolf pet
18:42:23 [allowed] §e[NPC] Carnival Pirateman§f: §rGood luck, matey!
18:43:07 [allowed] §a§l▬▬▬▬▬▬▬▬▬▬▬▬▬▬▬▬▬▬▬▬▬▬▬▬▬▬▬▬▬▬▬▬▬▬▬▬▬▬▬▬▬▬▬▬▬▬▬▬▬▬▬▬▬▬▬▬▬▬▬▬▬▬▬▬
18:43:07 [allowed] §f                               §r§6§lFruit Digging
18:43:07 [allowed] §f                                 §r§fYour Score
18:43:07 [allowed] §f                                     §a4,500
18:43:07 [allowed] §f                              §r§fFruits Collected
18:43:07 [allowed] §f      §r§f4x §r§aApple§r§f, §r§f2x §r§aMango§r§f, §r§f3x §r§9Pomegranate§r§f, §r§f2x §r§9Watermelon§r§f, §r§f1x
§r§f             §r§5Cherry§r§f, §r§f3x §r§5Coconut§r§f, §r§f1x §r§dDragonfruit§r§f, §r§f1x §r§eRum
18:43:07 [allowed] §f                    You earned §r§e45 Carnival Tokens§r§7!
18:43:07 [allowed] §a§l▬▬▬▬▬▬▬▬▬▬▬▬▬▬▬▬▬▬▬▬▬▬▬▬▬▬▬▬▬▬▬▬▬▬▬▬▬▬▬▬▬▬▬▬▬▬▬▬▬▬▬▬▬▬▬▬▬▬▬▬▬▬▬▬
18:43:08 [allowed] §e[NPC] Carnival Pirateman§f: §rAhoy there, matey!
18:43:09 [allowed] §e[NPC] Carnival Pirateman§f: §rWould ye like to do some §6Fruit Digging§f?
18:43:09 [allowed] §eSelect an option: §r
 §e ➜ §a[Aye sure do!] §r
 §e ➜ §b[Could ye tell me the rules again, Captain?] §r
 §e ➜ §c[I'll set me sights elsewhere.] 
18:43:29 [allowed] §aYou bought §r§5Frog Mask§r§a!
18:44:56 [allowed] §aYou summoned your §r§9Ocelot§r§a!
18:45:04 [allowed] §eYou haven't claimed your §r§6Summer Rewards §r§eyet!
18:45:04 [allowed] §eTalk to the §r§bSummer Sloth §r§ein the §r§aHub!
18:45:06 [allowed] §cYou are sending commands too fast! Please slow down.
18:45:47 [allowed] §cThere are blocks in the way!
18:46:04 [allowed] §a§r§6Mining Speed Boost §r§ais now available!
18:46:06 [allowed] §c ☠ §r§7§r§bTaboo225§r§7 was killed by Sea Witch§r§7§r§7.
18:46:12 [allowed] §cThere are blocks in the way!
18:46:39 [allowed] §d§lHOPPITY'S HUNT §r§dA §r§9Chocolate Lunch Egg §r§dhas appeared!
18:47:02 [allowed] §cThere are blocks in the way!
18:47:09 [allowed] §cThere are blocks in the way!
18:47:28 [allowed] §cThere are blocks in the way!
18:48:13 [allowed] §9§m-----------------------------------------------------§r§9
§r§b[MVP§r§2+§r§b] olleg2 §r§ehas invited you to join their party!
§r§eYou have §r§c60 §r§eseconds to accept. §r§6Click here to join!§r§9
§r§9§m-----------------------------------------------------
18:48:15 [allowed] §9§m-----------------------------------------------------
18:48:15 [allowed] §eYou have joined §r§b[MVP§r§2+§r§b] olleg2's §r§eparty!
18:48:15 [allowed] §9§m-----------------------------------------------------
18:48:16 [allowed] §9§m-----------------------------
18:48:16 [allowed] §eParty Leader, §r§b[MVP§r§2+§r§b] olleg2§r§e, summoned you to their server.
18:48:16 [allowed] §9§m-----------------------------
18:48:17 [allowed] §eYou haven't claimed your §r§6Summer Rewards §r§eyet!
18:48:17 [allowed] §eTalk to the §r§bSummer Sloth §r§ein the §r§aHub!
18:48:18 [allowed] §cYou are sending commands too fast! Please slow down.
18:49:17 [allowed] §a§r§6Mining Speed Boost §r§ais now available!
18:49:24 [allowed] §c§r§eYou need the §r§dCookie Buff §r§eto use this feature!
18:49:24 [allowed] §eObtain a §r§6Booster Cookie §r§efrom the community shop in the hub!
18:49:27 [allowed] §eYou haven't claimed your §r§6Summer Rewards §r§eyet!
18:49:27 [allowed] §eTalk to the §r§bSummer Sloth §r§ein the §r§aHub!
18:49:29 [allowed] §cYou are sending commands too fast! Please slow down.
18:49:41 [allowed] §8Withdrawing coins...
18:49:41 [allowed] §aWithdrew §r§614M coins§r§a! There's now §r§633M coins §r§aleft in the account!
18:49:52 [allowed] §6[Bazaar] §r§7Executing instant buy...
18:49:52 [allowed] §6[Bazaar] §r§7Bought §r§a1§r§7x §r§6Booster Cookie §r§7for §r§611,699,999 coins§r§7!
18:49:56 [allowed] §eYou consumed a §r§6Booster Cookie§r§e! §r§d
18:49:59 [allowed] §8Depositing coins...
18:49:59 [allowed] §aDeposited §r§62.3M coins§r§a! There's now §r§635M coins §r§ain the account!
18:49:59 [allowed] §cYou can't deposit this little!
18:50:27 [allowed] §a§r§6Mining Speed Boost §r§ais now available!
18:51:25 [allowed] §8Withdrawing coins...
18:51:25 [allowed] §aWithdrew §r§62M coins§r§a! There's now §r§633M coins §r§aleft in the account!
18:51:31 [allowed] §6[Bazaar] §r§7Executing instant buy...
18:51:31 [allowed] §aYou applied a §r§a☘ Flawed Citrine Gemstone §r§ato your §r§5Toil Treecapitator§r§a!
18:51:31 [allowed] §6[Bazaar] §r§7Bought §r§a1§r§7x §r§a☘ Flawed Citrine Gemstone §r§7for §r§6357.9 coins§r§7!
18:51:37 [allowed] §aYou removed a §r§a☘ Flawed Citrine Gemstone §r§afrom your §r§5Toil Treecapitator§r§a!
18:51:41 [allowed] §6[Bazaar] §r§7Executing instant buy...
18:51:41 [allowed] §aYou applied a §r§9☘ Fine Citrine Gemstone §r§ato your §r§5Toil Treecapitator§r§a!
18:51:41 [allowed] §6[Bazaar] §r§7Bought §r§a1§r§7x §r§9☘ Fine Citrine Gemstone §r§7for §r§625,786 coins§r§7!
18:51:46 [allowed] §6[Bazaar] §r§7Executing instant buy...
18:51:46 [allowed] §aYou applied a §r§9☘ Fine Citrine Gemstone §r§ato your §r§5Toil Treecapitator§r§a!
18:51:46 [allowed] §6[Bazaar] §r§7Bought §r§a1§r§7x §r§9☘ Fine Citrine Gemstone §r§7for §r§625,786 coins§r§7!
18:51:52 [allowed] §6[Bazaar] §r§7Executing instant sell...
18:51:52 [allowed] §6[Bazaar] §r§7Sold §r§a1§r§7x §r§a☘ Flawed Citrine Gemstone §r§7for §r§6285.3 coins§r§7!
18:51:58 [allowed] §8Depositing coins...
18:51:58 [allowed] §aDeposited §r§61.9M coins§r§a! There's now §r§635M coins §r§ain the account!
18:52:30 [allowed] §d§lHOPPITY'S HUNT §r§dA §r§aChocolate Dinner Egg §r§dhas appeared!
18:53:09 [allowed] §cThere are blocks in the way!
18:53:15 [allowed] §eYou haven't claimed your §r§6Summer Rewards §r§eyet!
18:53:15 [allowed] §eTalk to the §r§bSummer Sloth §r§ein the §r§aHub!
18:53:17 [allowed] §cYou are sending commands too fast! Please slow down.
18:53:20 [allowed] §cThere are blocks in the way!
18:53:26 [allowed] §cThere are blocks in the way!
18:53:33 [allowed] §cThere are blocks in the way!
18:53:56 [allowed] §cThere are blocks in the way!
18:54:15 [allowed] §a§r§6Mining Speed Boost §r§ais now available!
18:54:37 [allowed] §cThere are blocks in the way!
18:54:48 [allowed] §cThere are blocks in the way!
18:55:02 [allowed] §cThere are blocks in the way!
18:55:12 [allowed] §cThere are blocks in the way!
18:55:27 [allowed] §6[Bazaar] §r§7Executing instant sell...
18:55:27 [allowed] §6[Bazaar] §r§7Sold §r§a6,720§r§7x §r§fDark Oak Wood §r§7for §r§68,064 coins§r§7!
18:55:31 [allowed] §aYou sold §r§fDark Oak Wood§r§8 x64 §r§afor §r§6128 Coins§r§a!
18:55:31 [allowed] §aYou sold §r§fDark Oak Wood§r§8 x64 §r§afor §r§6128 Coins§r§a!
18:55:31 [allowed] §aYou sold §r§fDark Oak Wood§r§8 x64 §r§afor §r§6128 Coins§r§a!
18:55:32 [allowed] §aYou sold §r§fDark Oak Wood§r§8 x64 §r§afor §r§6128 Coins§r§a!
18:55:32 [allowed] §aYou sold §r§fDark Oak Wood§r§8 x64 §r§afor §r§6128 Coins§r§a!
18:55:32 [allowed] §aYou sold §r§fDark Oak Wood§r§8 x64 §r§afor §r§6128 Coins§r§a!
18:55:33 [allowed] §aYou sold §r§fDark Oak Wood§r§8 x41 §r§afor §r§682 Coins§r§a!
18:56:05 [allowed] §eYour previous §r§5Overflux Power Orb §r§ewas removed!
18:56:17 [allowed] §8[§r§a127§r§8] §r§a[VIP] CelestialSorcery§f§r§f: ty for the overflux
18:56:23 [allowed] §8[§r§3252§r§8] §r§5§l࿇ §r§b[MVP§r§f+§r§b] Sebbebas§r§f: np
18:56:26 [allowed] §cThere are blocks in the way!
18:56:26 [allowed] §cThere are blocks in the way!
18:56:36 [allowed] §cThere are blocks in the way!
18:56:41 [allowed] §8[§r§a127§r§8] §r§a[VIP] CelestialSorcery§f§r§f: are you grinding foraging 50 with a frog mask?
18:56:52 [allowed] §8[§r§3252§r§8] §r§5§l࿇ §r§b[MVP§r§f+§r§b] Sebbebas§r§f: hell no
18:56:59 [allowed] §8[§r§3252§r§8] §r§5§l࿇ §r§b[MVP§r§f+§r§b] Sebbebas§r§f: i dont have paitience
18:57:07 [allowed] §8[§r§3252§r§8] §r§5§l࿇ §r§b[MVP§r§f+§r§b] Sebbebas§r§f: im like lvl 23
18:57:14 [allowed] §8[§r§3252§r§8] §r§5§l࿇ §r§b[MVP§r§f+§r§b] Sebbebas§r§f: :(
18:58:00 [allowed] §cThere are blocks in the way!
18:58:05 [allowed] §8[§r§f64§r§8] §r§7✧ §r§b[MVP§6+§b] contastic5678§f§r§f: hey should i craft my ink sacs into enchanted ink sacs
18:58:31 [allowed] §8[§r§3252§r§8] §r§5§l࿇ §r§b[MVP§r§f+§r§b] Sebbebas§r§f: probably
18:58:34 [allowed] §8[§r§f64§r§8] §r§7✧ §r§b[MVP§6+§b] contastic5678§f§r§f: alr
18:58:49 [allowed] §8[§r§2166§r§8] §r§b[MVP§c+§b] MarkGozoz§f§r§f: if u dont need it keep them u need 4 and half stacks of enchanted ink sacs for tailsman or u can buy it for 32m
18:59:24 [allowed] §cThere are blocks in the way!
18:59:55 [allowed] §cYou cannot modify your equipped armor set!
19:00:15 [allowed] §cYou don't have enough coins to afford this!
19:00:22 [allowed] §8Withdrawing coins...
19:00:22 [allowed] §aWithdrew §r§62M coins§r§a! There's now §r§633M coins §r§aleft in the account!
19:00:26 [allowed] §7Putting item in escrow...
19:00:26 [allowed] §7Setting up the auction...
19:00:26 [allowed] §eBIN Auction started for §r§f§r§5Frog Mask§r§e!
19:00:26 [allowed] §b-----------------------------------------------------
19:00:26 [allowed] §b[MVP§r§f+§r§b] Sebbebas§r§f §r§ecreated a BIN auction for §r§5Frog Mask §r§eat §r§619,000,000 coins!
19:00:26 [allowed] §b-----------------------------------------------------
19:00:27 [allowed] ▬▬▬▬▬▬▬▬▬▬▬▬▬▬▬▬▬▬▬▬▬▬▬▬▬▬▬▬▬▬▬▬▬▬▬▬▬▬▬▬▬▬▬▬▬▬▬▬▬▬▬▬▬▬▬▬▬▬▬▬▬▬▬▬
19:00:27 [allowed] §f                                §r§e§k#§r§6 LEVEL UP! §r§e§k#
19:00:27 [allowed] §f                       §r§7You are now §r§eEvent Level §r§679§r§7!
19:00:27 [allowed] §f                       §r§7You earned §r§f26 Event Silver§r§7!
19:00:27 [allowed] ▬▬▬▬▬▬▬▬▬▬▬▬▬▬▬▬▬▬▬▬▬▬▬▬▬▬▬▬▬▬▬▬▬▬▬▬▬▬▬▬▬▬▬▬▬▬▬▬▬▬▬▬▬▬▬▬▬▬▬▬▬▬▬▬
19:00:30 [allowed] §8Depositing coins...
19:00:30 [allowed] §aDeposited §r§61.6M coins§r§a! There's now §r§635M coins §r§ain the account!
19:00:50 [allowed] §d§lHOPPITY'S HUNT §r§dA §r§6Chocolate Breakfast Egg §r§dhas appeared!
19:01:48 [allowed] §cAutopet §eequipped your §7[Lvl 93] §6Scatha§e! §a§lVIEW RULE
19:02:04 [allowed] §8[§r§3252§r§8] §r§5§l࿇ §r§b[MVP§r§f+§r§b] Sebbebas§r§f: MAN FAUUCCCK FORAGING i go mine
19:02:06 [allowed] §eYou haven't claimed your §r§6Summer Rewards §r§eyet!
19:02:06 [allowed] §eTalk to the §r§bSummer Sloth §r§ein the §r§aHub!
19:02:08 [allowed] §cYou are sending commands too fast! Please slow down.
