10:30:38 [EMPTY] §f §r§r§r§f §r§r§r§1 §r§r§r§0 §r§r§r§2 §r§r§r§f §r§r§r§f §r§r§r§2 §r§r§r§0 §r§r§r§4 §r§r§r§3 §r§r§r§9 §r§r§r§2 §r§r§r§0 §r§r§r§0 §r§r§r§3 §r§r§r§9 §r§r§r§2 §r§r§r§0 §r§r§r§0 §r§r§r§3 §r§r§r§9 §r§r§r§2 §r§r§r§0 §r§r§r§0 
10:30:39 [LOBBY] §b[MVP§f+§b] Sebbebas§f §6joined the lobby!
10:30:39 [LOBBY]   §r§f§l➤ §r§6You have reached your Hype limit! Add Hype to Prototype Lobby minigames by right-clicking with the Hype Diamond!
10:30:39 [LOBBY] §b[MVP§2+§b] ATB1010§f §6joined the lobby!
10:30:41 [LOBBY] §b[MVP§c+§b] pjvor§f §6joined the lobby!
10:30:41 [LOBBY]  §b>§c>§a>§r §r§b[MVP§d++§b] AZetscy§f §6joined the lobby!§r §a<§c<§b<
10:30:44 [LOBBY] §b[MVP§9+§b] masterdudeguy123§f §6joined the lobby!
10:30:47 [LOBBY] §b[MVP§9+§b] ToughSeed§f §6joined the lobby!
10:30:49 [LOBBY] §b[MVP§2+§b] scrububbles§f §6joined the lobby!
10:30:56 [LOBBY] §b[MVP§a+§b] Gimpft§f §6joined the lobby!
10:30:56 [LOBBY] §b[MVP§2+§b] DsylexicChicken§f §6joined the lobby!
10:30:57 [LOBBY] §b[MVP§d+§b] 69oggabogga69§f §6joined the lobby!
10:31:02 [LOBBY] §b[MVP§d+§b] Shirokou§f §6joined the lobby!
10:31:05 [LOBBY] §b[MVP§6+§b] shalev212§f §6joined the lobby!
10:31:05 [LOBBY] §b[MVP§e+§b] ZapenLTO§f §6joined the lobby!
10:31:06 [LOBBY] §b[MVP§0+§b] cinnamon_chan0§f §6joined the lobby!
10:31:08 [LOBBY] §b[MVP§6+§b] _N0B1§f §6joined the lobby!
10:31:10 [LOBBY] §b[MVP§d+§b] Redstonkill§f §6joined the lobby!
10:31:18 [LOBBY] §b[MVP§c+§b] avilka§f §6joined the lobby!
10:31:23 [LOBBY] §b[MVP§2+§b] FaBrikNr82§f §6joined the lobby!
10:31:30 [LOBBY] §b[MVP§e+§b] DevoutDuck90454§f §6joined the lobby!
10:31:30 [LOBBY] §b[MVP§d+§b] BrutusxMc§f §6joined the lobby!
10:31:31 [LOBBY] §b[MVP§c+§b] Womby2§f §6joined the lobby!
10:31:31 [WARPING] §7Sending to server mini74DA...
10:31:32 [EMPTY] §8 §r§8 §r§1 §r§3 §r§3 §r§7 §r§8 
10:31:34 [EMPTY] 
10:31:34 [WELCOME] §eWelcome to §r§aHypixel SkyBlock§r§e!
10:31:34 [EMPTY] 
10:31:35 [PROFILE_JOIN] §aYou are playing on profile: §eBanana§b (Co-op)
10:31:35 [PROFILE_JOIN] §8Profile ID: b1a71305-1956-42bf-90e4-bce6f7285754
10:31:36 [SKYMALL] §bNew day! §r§eYour §r§2Sky Mall §r§ebuff changed!
10:31:36 [SKYMALL] §eNew buff§r§r§r: §r§fGain §r§a+100 §r§6⸕ Mining Speed§r§f.
10:31:36 [SKYMALL] §8§oYou can disable this messaging by toggling Sky Mall in your /hotm!
10:31:41 [EMPTY] 
10:31:41 [EMPTY] 
10:34:21 [WARPING] §7Warping you to your SkyBlock island...
10:34:21 [WARPING] §7Sending to server mini84AW...
10:34:22 [EMPTY] §8 §r§8 §r§1 §r§3 §r§3 §r§7 §r§8 
10:34:25 [PROFILE_JOIN] §aYou are playing on profile: §eBanana§b (Co-op)
10:34:25 [PROFILE_JOIN] §8Profile ID: b1a71305-1956-42bf-90e4-bce6f7285754
10:35:00 [SKYMALL] §bNew day! §r§eYour §r§2Sky Mall §r§ebuff changed!
10:35:00 [SKYMALL] §eNew buff§r§r§r: §r§fReduce Pickaxe Ability cooldown by §r§a20%§r§f.
10:35:00 [SKYMALL] §8§oYou can disable this messaging by toggling Sky Mall in your /hotm!
10:39:23 [GUILD_EXP] §aYou earned §r§270 GEXP §r§a+ §r§e210 Event EXP §r§afrom playing SkyBlock!
10:41:47 [EMPTY] 
10:41:47 [EMPTY] 
10:44:24 [GUILD_EXP] §aYou earned §r§2409 GEXP §r§a+ §r§e1,227 Event EXP §r§afrom playing SkyBlock!
10:49:24 [GUILD_EXP] §aYou earned §r§2183 GEXP §r§a+ §r§e549 Event EXP §r§afrom playing SkyBlock!
10:49:45 [WARPING] §7Warping...
10:49:45 [WARPING] §7Sending to server mini28AR...
10:49:45 [EMPTY] §8 §r§8 §r§1 §r§3 §r§3 §r§7 §r§8 
10:49:49 [PROFILE_JOIN] §aYou are playing on profile: §eBanana§b (Co-op)
10:49:49 [PROFILE_JOIN] §8Profile ID: b1a71305-1956-42bf-90e4-bce6f7285754
10:50:47 [WARPING] §7Warping...
10:51:37 [EMPTY] 
10:51:37 [EMPTY] 
10:51:37 [EMPTY] 
10:51:37 [EMPTY] 
10:52:40 [WARPING] §7Warping...
10:53:37 [GUILD_EXP] §aYou earned §r§2395 GEXP §r§a+ §r§e1,185 Event EXP §r§afrom playing SkyBlock!
10:54:38 [EMPTY] 
10:54:38 [EMPTY] 
10:55:00 [SKYMALL] §bNew day! §r§eYour §r§2Sky Mall §r§ebuff changed!
10:55:00 [SKYMALL] §eNew buff§r§r§r: §r§fGain §r§a+100 §r§6⸕ Mining Speed§r§f.
10:55:00 [SKYMALL] §8§oYou can disable this messaging by toggling Sky Mall in your /hotm!
10:56:02 [EMPTY]  
10:56:02 [BESTIARY] §f                                  §6§lBESTIARY
10:56:02 [BESTIARY] §f                              §b§lGhast §7§8VI §8➡§b §bVII
10:56:02 [BESTIARY] 
10:56:02 [BESTIARY] §f                                  §r§6§lREWARDS
10:56:02 [BESTIARY] §f                          §r§8+§r§a3 Ghast §r§b✯ Magic Find
10:56:02 [BESTIARY] §f                           §r§8+§r§a3 Ghast §r§c❁ Strength
10:56:02 [BESTIARY] §f                              §r§8+§r§62% §r§aGhast §r§7coins
10:56:02 [BESTIARY] §f                    §r§8+§r§a50% §r§7chance for extra XP orbs
10:56:02 [BESTIARY] §f                               §r§8+§r§b1 SkyBlock XP
10:56:02 [BESTIARY] 
10:56:02 [BESTIARY] §3§l▬▬▬▬▬▬▬▬▬▬▬▬▬▬▬▬▬▬▬▬▬▬▬▬▬▬▬▬▬▬▬▬▬▬▬▬▬▬▬▬▬▬▬▬▬▬▬▬▬▬▬▬▬▬▬▬▬▬▬▬▬▬▬▬
10:58:41 [GUILD_EXP] §aYou earned §r§2715 GEXP §r§a+ §r§e2,145 Event EXP §r§afrom playing SkyBlock!
11:03:47 [GUILD_EXP] §aYou earned §r§2456 GEXP §r§a+ §r§e1,368 Event EXP §r§afrom playing SkyBlock!
11:15:01 [SKYMALL] §bNew day! §r§eYour §r§2Sky Mall §r§ebuff changed!
11:15:01 [SKYMALL] §eNew buff§r§r§r: §r§f§r§a10x §r§fchance to find Golden and Diamond Goblins.
11:15:01 [SKYMALL] §8§oYou can disable this messaging by toggling Sky Mall in your /hotm!
11:29:28 [GUILD_EXP] §aYou earned §r§2158 GEXP §r§a+ §r§e474 Event EXP §r§afrom playing SkyBlock!
11:34:35 [GUILD_EXP] §aYou earned §r§2148 GEXP §r§a+ §r§e444 Event EXP §r§afrom playing SkyBlock!
11:35:01 [SKYMALL] §bNew day! §r§eYour §r§2Sky Mall §r§ebuff changed!
11:35:01 [SKYMALL] §eNew buff§r§r§r: §r§fGain §r§a+100 §r§6⸕ Mining Speed§r§f.
11:35:01 [SKYMALL] §8§oYou can disable this messaging by toggling Sky Mall in your /hotm!
11:37:50 [EMPTY] 
11:37:50 [EMPTY] 
11:39:41 [GUILD_EXP] §aYou earned §r§2225 GEXP §r§a+ §r§e675 Event EXP §r§afrom playing SkyBlock!
11:44:46 [GUILD_EXP] §aYou earned §r§293 GEXP §r§a+ §r§e279 Event EXP §r§afrom playing SkyBlock!
11:47:43 [EMPTY] 
11:49:51 [GUILD_EXP] §aYou earned §r§2471 GEXP §r§a+ §r§e1,413 Event EXP §r§afrom playing SkyBlock!
11:51:27 [WARPING] §7Warping...
11:51:43 [EMPTY] 
11:51:43 [EMPTY] 
11:51:43 [EMPTY] 
11:51:43 [EMPTY] 
11:54:57 [GUILD_EXP] §aYou earned §r§2255 GEXP §r§a+ §r§e765 Event EXP §r§afrom playing SkyBlock!
11:55:01 [SKYMALL] §bNew day! §r§eYour §r§2Sky Mall §r§ebuff changed!
11:55:01 [SKYMALL] §eNew buff§r§r§r: §r§fGain §r§a+100 §r§6⸕ Mining Speed§r§f.
11:55:01 [SKYMALL] §8§oYou can disable this messaging by toggling Sky Mall in your /hotm!
11:58:54 [EMPTY] 
11:58:54 [EMPTY] 
11:58:54 [EMPTY] 
11:58:54 [EMPTY] 
11:59:37 [EMPTY] 
11:59:37 [EMPTY] 
11:59:37 [EMPTY] 
11:59:37 [EMPTY] 
12:00:05 [GUILD_EXP] §aYou earned §r§2648 GEXP §r§a+ §r§e1,944 Event EXP §r§afrom playing SkyBlock!
12:00:06 [EMPTY] §f
12:00:06 [WATCHDOG] §4[WATCHDOG ANNOUNCEMENT]
12:00:06 [WATCHDOG] §fWatchdog has banned §r§c§l15,309§r§f players in the last 7 days.
12:00:06 [WATCHDOG] §fStaff have banned an additional §r§c§l17,202§r§f in the last 7 days.
12:00:06 [WATCHDOG] §cBlacklisted modifications are a bannable offense!
12:00:06 [WATCHDOG] §c
12:01:58 [WARPING] §7Warping...
12:02:18 [EMPTY] 
12:02:18 [EMPTY] 
12:02:18 [EMPTY] 
12:02:18 [EMPTY] 
12:05:14 [GUILD_EXP] §aYou earned §r§2633 GEXP §r§a+ §r§e1,899 Event EXP §r§afrom playing SkyBlock!
12:07:07 [WARPING] §7Warping...
12:09:54 [EMPTY] 
12:09:54 [EMPTY] 
12:09:54 [EMPTY] 
12:09:54 [EMPTY] 
12:09:54 [EMPTY]  
12:09:54 [BESTIARY] §f                                  §6§lBESTIARY
12:09:54 [BESTIARY] §f                           §b§lMagma Boss §7§8V §8➡§b §bVI
12:09:54 [BESTIARY] 
12:09:54 [BESTIARY] §f                                  §r§6§lREWARDS
12:09:54 [BESTIARY] §f                     §r§8+§r§a3 §r§4§lMagma Boss §r§b✯ Magic Find
12:09:54 [BESTIARY] §f                      §r§8+§r§a3 §r§4§lMagma Boss §r§c❁ Strength
12:09:54 [BESTIARY] §f                         §r§8+§r§62% §r§a§r§4§lMagma Boss §r§7coins
12:09:54 [BESTIARY] §f                    §r§8+§r§a50% §r§7chance for extra XP orbs
12:09:54 [BESTIARY] §f                               §r§8+§r§b1 SkyBlock XP
12:09:54 [BESTIARY] 
12:09:54 [BESTIARY] §3§l▬▬▬▬▬▬▬▬▬▬▬▬▬▬▬▬▬▬▬▬▬▬▬▬▬▬▬▬▬▬▬▬▬▬▬▬▬▬▬▬▬▬▬▬▬▬▬▬▬▬▬▬▬▬▬▬▬▬▬▬▬▬▬▬
12:10:22 [GUILD_EXP] §aYou earned §r§2356 GEXP §r§a+ §r§e1,068 Event EXP §r§afrom playing SkyBlock!
12:10:26 [WARPING] §7Warping...
12:12:24 [EMPTY] 
12:14:34 [EMPTY] 
12:15:02 [SKYMALL] §bNew day! §r§eYour §r§2Sky Mall §r§ebuff changed!
12:15:02 [SKYMALL] §eNew buff§r§r§r: §r§fGain §r§a+15% §r§fmore Powder while mining.
12:15:02 [SKYMALL] §8§oYou can disable this messaging by toggling Sky Mall in your /hotm!
12:15:05 [EMPTY] 
12:15:31 [GUILD_EXP] §aYou earned §r§2681 GEXP §r§a+ §r§e2,043 Event EXP §r§afrom playing SkyBlock!
12:17:14 [EMPTY] 
12:17:30 [EMPTY] 
12:17:57 [EMPTY] 
12:18:09 [EMPTY] 
12:18:29 [EMPTY] 
12:18:42 [EMPTY] 
12:19:21 [EMPTY] 
12:20:41 [GUILD_EXP] §aYou earned §r§2696 GEXP §r§a+ §r§e2,088 Event EXP §r§afrom playing SkyBlock!
12:23:49 [WARPING] §7Warping...
12:24:26 [WARPING] §7Warping...
12:25:44 [GUILD_EXP] §aYou earned §r§2590 GEXP §r§a+ §r§e1,770 Event EXP §r§afrom playing SkyBlock!
12:26:01 [EMPTY] 
12:26:01 [EMPTY] 
12:26:01 [EMPTY] 
12:26:01 [EMPTY] 
12:29:06 [WARPING] §7Warping...
12:30:51 [GUILD_EXP] §aYou earned §r§2620 GEXP §r§a+ §r§e1,860 Event EXP §r§afrom playing SkyBlock!
12:33:56 [WARPING] §7Warping...
12:35:01 [SKYMALL] §bNew day! §r§eYour §r§2Sky Mall §r§ebuff changed!
12:35:01 [SKYMALL] §eNew buff§r§r§r: §r§fReduce Pickaxe Ability cooldown by §r§a20%§r§f.
12:35:01 [SKYMALL] §8§oYou can disable this messaging by toggling Sky Mall in your /hotm!
12:35:59 [GUILD_EXP] §aYou earned §r§2436 GEXP §r§a+ §r§e1,308 Event EXP §r§afrom playing SkyBlock!
12:38:13 [EMPTY] 
12:38:13 [EMPTY] 
12:41:03 [GUILD_EXP] §aYou earned §r§2211 GEXP §r§a+ §r§e633 Event EXP §r§afrom playing SkyBlock!
12:46:09 [GUILD_EXP] §aYou earned §r§2168 GEXP §r§a+ §r§e504 Event EXP §r§afrom playing SkyBlock!
12:51:17 [GUILD_EXP] §aYou earned §r§238 GEXP §r§a+ §r§e114 Event EXP §r§afrom playing SkyBlock!
