23:47:19 Trying to load config from config\skyhanni\config.json
23:47:19 load-config-now
23:47:19 Loaded config from file
23:47:19 Trying to load sacks from config\skyhanni\sacks.json
23:47:19 load-sacks-now
23:47:19 Loaded sacks from file
23:47:19 Trying to load friends from config\skyhanni\friends.json
23:47:19 load-friends-now
23:47:19 Loaded friends from file
23:47:19 Trying to load known_features from config\skyhanni\known_features.json
23:47:19 load-known_features-now
23:47:19 Loaded known_features from file
23:47:19 Trying to load jacob_contests from config\skyhanni\jacob_contests.json
23:47:19 load-jacob_contests-now
23:47:19 Loaded jacob_contests from file
23:47:19 Trying to load visual_words from config\skyhanni\visual_words.json
23:47:19 Setting visual_words to be blank as it did not exist. It will be saved once something is written to it
23:48:19 saveConfig: auto-save-60s
23:48:19 Saving config file
23:49:19 saveConfig: auto-save-60s
23:49:19 Saving config file
23:50:19 saveConfig: auto-save-60s
23:50:19 Saving config file
23:51:19 saveConfig: auto-save-60s
23:51:19 Saving config file
23:52:19 saveConfig: auto-save-60s
23:52:19 Saving config file
23:53:19 saveConfig: auto-save-60s
23:53:19 Saving config file
23:54:19 saveConfig: auto-save-60s
23:54:19 Saving config file
23:55:19 saveConfig: auto-save-60s
23:55:19 Saving config file
23:56:19 saveConfig: auto-save-60s
23:56:19 Saving config file
23:57:19 saveConfig: auto-save-60s
23:57:19 Saving config file
23:58:19 saveConfig: auto-save-60s
23:58:19 Saving config file
23:59:19 saveConfig: auto-save-60s
23:59:19 Saving config file
00:00:19 saveConfig: auto-save-60s
00:00:19 Saving config file
00:01:19 saveConfig: auto-save-60s
00:01:19 Saving config file
00:02:19 saveConfig: auto-save-60s
00:02:19 Saving config file
00:03:19 saveConfig: auto-save-60s
00:03:19 Saving config file
00:04:19 saveConfig: auto-save-60s
00:04:19 Saving config file
00:05:19 saveConfig: auto-save-60s
00:05:19 Saving config file
00:06:19 saveConfig: auto-save-60s
00:06:19 Saving config file
00:07:19 saveConfig: auto-save-60s
00:07:19 Saving config file
00:08:19 saveConfig: auto-save-60s
00:08:19 Saving config file
00:08:29 saveConfig: Updated known feature flags
00:08:29 Saving known_features file
00:09:19 saveConfig: auto-save-60s
00:09:19 Saving config file
00:10:19 saveConfig: auto-save-60s
00:10:19 Saving config file
00:11:19 saveConfig: auto-save-60s
00:11:19 Saving config file
00:12:19 saveConfig: auto-save-60s
00:12:19 Saving config file
00:13:19 saveConfig: auto-save-60s
00:13:19 Saving config file
00:14:19 saveConfig: auto-save-60s
00:14:19 Saving config file
00:15:19 saveConfig: auto-save-60s
00:15:19 Saving config file
00:16:19 saveConfig: auto-save-60s
00:16:19 Saving config file
00:17:19 saveConfig: auto-save-60s
00:17:19 Saving config file
00:18:19 saveConfig: auto-save-60s
00:18:19 Saving config file
00:19:19 saveConfig: auto-save-60s
00:19:19 Saving config file
00:20:19 saveConfig: auto-save-60s
00:20:19 Saving config file
00:21:19 saveConfig: auto-save-60s
00:21:19 Saving config file
00:22:19 saveConfig: auto-save-60s
00:22:19 Saving config file
00:23:19 saveConfig: auto-save-60s
00:23:19 Saving config file
00:24:19 saveConfig: auto-save-60s
00:24:19 Saving config file
00:25:19 saveConfig: auto-save-60s
00:25:19 Saving config file
00:26:19 saveConfig: auto-save-60s
00:26:19 Saving config file
00:27:19 saveConfig: auto-save-60s
00:27:19 Saving config file
00:28:19 saveConfig: auto-save-60s
00:28:19 Saving config file
00:29:19 saveConfig: auto-save-60s
00:29:19 Saving config file
00:30:19 saveConfig: auto-save-60s
00:30:19 Saving config file
00:31:19 saveConfig: auto-save-60s
00:31:19 Saving config file
00:32:19 saveConfig: auto-save-60s
00:32:19 Saving config file
00:33:19 saveConfig: auto-save-60s
00:33:19 Saving config file
00:34:19 saveConfig: auto-save-60s
00:34:19 Saving config file
00:35:19 saveConfig: auto-save-60s
00:35:19 Saving config file
00:36:19 saveConfig: auto-save-60s
00:36:19 Saving config file
00:37:19 saveConfig: auto-save-60s
00:37:19 Saving config file
00:38:19 saveConfig: auto-save-60s
00:38:19 Saving config file
00:39:19 saveConfig: auto-save-60s
00:39:19 Saving config file
00:40:19 saveConfig: auto-save-60s
00:40:19 Saving config file
00:41:19 saveConfig: auto-save-60s
00:41:19 Saving config file
00:42:19 saveConfig: auto-save-60s
00:42:19 Saving config file
00:43:19 saveConfig: auto-save-60s
00:43:19 Saving config file
00:44:19 saveConfig: auto-save-60s
00:44:19 Saving config file
00:45:19 saveConfig: auto-save-60s
00:45:19 Saving config file
00:46:19 saveConfig: auto-save-60s
00:46:19 Saving config file
00:47:19 saveConfig: auto-save-60s
00:47:19 Saving config file
00:48:19 saveConfig: auto-save-60s
00:48:19 Saving config file
00:49:19 saveConfig: auto-save-60s
00:49:19 Saving config file
00:50:19 saveConfig: auto-save-60s
00:50:19 Saving config file
00:51:19 saveConfig: auto-save-60s
00:51:19 Saving config file
00:52:19 saveConfig: auto-save-60s
00:52:19 Saving config file
00:53:19 saveConfig: auto-save-60s
00:53:19 Saving config file
00:54:04 saveConfig: close-gui
00:54:04 Saving config file
00:54:04 saveConfig: close-gui
00:54:04 Saving config file
00:54:19 saveConfig: auto-save-60s
00:54:19 Saving config file
00:55:19 saveConfig: auto-save-60s
00:55:19 Saving config file
00:56:19 saveConfig: auto-save-60s
00:56:19 Saving config file
00:56:26 saveConfig: close-gui
00:56:26 Saving config file
00:56:26 saveConfig: close-gui
00:56:26 Saving config file
00:57:19 saveConfig: auto-save-60s
00:57:19 Saving config file
00:58:19 saveConfig: auto-save-60s
00:58:19 Saving config file
00:59:19 saveConfig: auto-save-60s
00:59:19 Saving config file
01:00:19 saveConfig: auto-save-60s
01:00:19 Saving config file
01:01:19 saveConfig: auto-save-60s
01:01:19 Saving config file
01:02:19 saveConfig: auto-save-60s
01:02:19 Saving config file
01:03:19 saveConfig: auto-save-60s
01:03:19 Saving config file
01:04:19 saveConfig: auto-save-60s
01:04:19 Saving config file
01:05:19 saveConfig: auto-save-60s
01:05:19 Saving config file
01:06:19 saveConfig: auto-save-60s
01:06:19 Saving config file
01:07:19 saveConfig: auto-save-60s
01:07:19 Saving config file
01:08:19 saveConfig: auto-save-60s
01:08:19 Saving config file
01:09:19 saveConfig: auto-save-60s
01:09:19 Saving config file
01:10:19 saveConfig: auto-save-60s
01:10:19 Saving config file
01:11:19 saveConfig: auto-save-60s
01:11:19 Saving config file
01:12:19 saveConfig: auto-save-60s
01:12:19 Saving config file
01:13:19 saveConfig: auto-save-60s
01:13:19 Saving config file
01:14:19 saveConfig: auto-save-60s
01:14:19 Saving config file
01:15:19 saveConfig: auto-save-60s
01:15:19 Saving config file
01:16:19 saveConfig: auto-save-60s
01:16:19 Saving config file
01:17:19 saveConfig: auto-save-60s
01:17:19 Saving config file
01:18:19 saveConfig: auto-save-60s
01:18:19 Saving config file
01:19:19 saveConfig: auto-save-60s
01:19:19 Saving config file
01:20:19 saveConfig: auto-save-60s
01:20:19 Saving config file
01:21:19 saveConfig: auto-save-60s
01:21:19 Saving config file
01:22:19 saveConfig: auto-save-60s
01:22:19 Saving config file
01:23:19 saveConfig: auto-save-60s
01:23:19 Saving config file
01:24:19 saveConfig: auto-save-60s
01:24:19 Saving config file
01:25:19 saveConfig: auto-save-60s
01:25:19 Saving config file
01:26:19 saveConfig: auto-save-60s
01:26:19 Saving config file
01:27:19 saveConfig: auto-save-60s
01:27:19 Saving config file
01:28:19 saveConfig: auto-save-60s
01:28:19 Saving config file
01:29:19 saveConfig: auto-save-60s
01:29:19 Saving config file
01:30:19 saveConfig: auto-save-60s
01:30:19 Saving config file
01:31:19 saveConfig: auto-save-60s
01:31:19 Saving config file
01:32:19 saveConfig: auto-save-60s
01:32:19 Saving config file
01:33:19 saveConfig: auto-save-60s
01:33:19 Saving config file
01:34:19 saveConfig: auto-save-60s
01:34:19 Saving config file
01:35:19 saveConfig: auto-save-60s
01:35:19 Saving config file
01:36:19 saveConfig: auto-save-60s
01:36:19 Saving config file
01:37:19 saveConfig: auto-save-60s
01:37:19 Saving config file
01:38:19 saveConfig: auto-save-60s
01:38:19 Saving config file
01:39:19 saveConfig: auto-save-60s
01:39:19 Saving config file
01:40:19 saveConfig: auto-save-60s
01:40:19 Saving config file
01:41:19 saveConfig: auto-save-60s
01:41:19 Saving config file
01:42:19 saveConfig: auto-save-60s
01:42:19 Saving config file
01:43:19 saveConfig: auto-save-60s
01:43:19 Saving config file
01:44:19 saveConfig: auto-save-60s
01:44:19 Saving config file
01:45:19 saveConfig: auto-save-60s
01:45:19 Saving config file
01:46:19 saveConfig: auto-save-60s
01:46:19 Saving config file
01:47:19 saveConfig: auto-save-60s
01:47:19 Saving config file
01:48:19 saveConfig: auto-save-60s
01:48:19 Saving config file
01:49:19 saveConfig: auto-save-60s
01:49:19 Saving config file
01:49:46 saveConfig: shutdown-hook
01:49:46 Saving config file
