13:55:27 Trying to load config from config\skyhanni\config.json
13:55:27 load-config-now
13:55:27 Loaded config from file
13:55:27 Trying to load sacks from config\skyhanni\sacks.json
13:55:27 load-sacks-now
13:55:27 Loaded sacks from file
13:55:27 Trying to load friends from config\skyhanni\friends.json
13:55:27 load-friends-now
13:55:27 Loaded friends from file
13:55:27 Trying to load known_features from config\skyhanni\known_features.json
13:55:27 load-known_features-now
13:55:27 Loaded known_features from file
13:55:27 Trying to load jacob_contests from config\skyhanni\jacob_contests.json
13:55:27 load-jacob_contests-now
13:55:27 Loaded jacob_contests from file
13:55:27 Trying to load visual_words from config\skyhanni\visual_words.json
13:55:27 Setting visual_words to be blank as it did not exist. It will be saved once something is written to it
13:56:27 saveConfig: auto-save-60s
13:56:27 Saving config file
13:57:16 saveConfig: Updated known feature flags
13:57:16 Saving known_features file
13:57:27 saveConfig: auto-save-60s
13:57:27 Saving config file
13:58:27 saveConfig: auto-save-60s
13:58:27 Saving config file
13:59:27 saveConfig: auto-save-60s
13:59:27 Saving config file
14:00:27 saveConfig: auto-save-60s
14:00:27 Saving config file
14:01:15 saveConfig: saving-data
14:01:15 Saving sacks file
14:01:27 saveConfig: auto-save-60s
14:01:27 Saving config file
14:02:27 saveConfig: auto-save-60s
14:02:27 Saving config file
14:03:27 saveConfig: auto-save-60s
14:03:27 Saving config file
14:04:27 saveConfig: auto-save-60s
14:04:27 Saving config file
14:05:27 saveConfig: auto-save-60s
14:05:27 Saving config file
14:06:27 saveConfig: auto-save-60s
14:06:27 Saving config file
14:07:27 saveConfig: auto-save-60s
14:07:27 Saving config file
14:08:27 saveConfig: auto-save-60s
14:08:27 Saving config file
14:09:27 saveConfig: auto-save-60s
14:09:27 Saving config file
14:10:27 saveConfig: auto-save-60s
14:10:27 Saving config file
14:11:27 saveConfig: auto-save-60s
14:11:27 Saving config file
14:12:27 saveConfig: auto-save-60s
14:12:27 Saving config file
14:13:27 saveConfig: auto-save-60s
14:13:27 Saving config file
14:14:27 saveConfig: auto-save-60s
14:14:27 Saving config file
14:15:27 saveConfig: auto-save-60s
14:15:27 Saving config file
14:16:27 saveConfig: auto-save-60s
14:16:27 Saving config file
14:17:27 saveConfig: auto-save-60s
14:17:27 Saving config file
14:18:27 saveConfig: auto-save-60s
14:18:27 Saving config file
14:19:27 saveConfig: auto-save-60s
14:19:27 Saving config file
14:20:27 saveConfig: auto-save-60s
14:20:27 Saving config file
14:21:27 saveConfig: auto-save-60s
14:21:27 Saving config file
14:22:27 saveConfig: auto-save-60s
14:22:27 Saving config file
14:23:27 saveConfig: auto-save-60s
14:23:27 Saving config file
14:24:27 saveConfig: auto-save-60s
14:24:27 Saving config file
14:25:27 saveConfig: auto-save-60s
14:25:27 Saving config file
14:26:27 saveConfig: auto-save-60s
14:26:27 Saving config file
14:26:53 saveConfig: Save file
14:26:53 Saving friends file
14:27:27 saveConfig: auto-save-60s
14:27:27 Saving config file
14:27:42 saveConfig: saving-data
14:27:42 Saving sacks file
14:28:27 saveConfig: auto-save-60s
14:28:27 Saving config file
14:29:27 saveConfig: auto-save-60s
14:29:27 Saving config file
14:30:27 saveConfig: auto-save-60s
14:30:27 Saving config file
14:31:27 saveConfig: auto-save-60s
14:31:27 Saving config file
14:32:27 saveConfig: auto-save-60s
14:32:27 Saving config file
14:33:27 saveConfig: auto-save-60s
14:33:27 Saving config file
14:34:27 saveConfig: auto-save-60s
14:34:27 Saving config file
14:35:27 saveConfig: auto-save-60s
14:35:27 Saving config file
14:36:27 saveConfig: auto-save-60s
14:36:27 Saving config file
14:37:27 saveConfig: auto-save-60s
14:37:27 Saving config file
14:38:27 saveConfig: auto-save-60s
14:38:27 Saving config file
14:39:27 saveConfig: auto-save-60s
14:39:27 Saving config file
14:40:27 saveConfig: auto-save-60s
14:40:27 Saving config file
14:41:27 saveConfig: auto-save-60s
14:41:27 Saving config file
14:42:27 saveConfig: auto-save-60s
14:42:27 Saving config file
14:43:27 saveConfig: auto-save-60s
14:43:27 Saving config file
14:44:27 saveConfig: auto-save-60s
14:44:27 Saving config file
14:45:27 saveConfig: auto-save-60s
14:45:27 Saving config file
14:46:27 saveConfig: auto-save-60s
14:46:27 Saving config file
14:47:27 saveConfig: auto-save-60s
14:47:27 Saving config file
14:48:27 saveConfig: auto-save-60s
14:48:27 Saving config file
14:49:27 saveConfig: auto-save-60s
14:49:27 Saving config file
14:50:27 saveConfig: auto-save-60s
14:50:27 Saving config file
14:51:27 saveConfig: auto-save-60s
14:51:27 Saving config file
14:52:27 saveConfig: auto-save-60s
14:52:27 Saving config file
14:53:27 saveConfig: auto-save-60s
14:53:27 Saving config file
14:54:27 saveConfig: auto-save-60s
14:54:27 Saving config file
14:55:27 saveConfig: auto-save-60s
14:55:27 Saving config file
14:56:27 saveConfig: auto-save-60s
14:56:27 Saving config file
14:57:27 saveConfig: auto-save-60s
14:57:27 Saving config file
14:58:27 saveConfig: auto-save-60s
14:58:27 Saving config file
14:59:27 saveConfig: auto-save-60s
14:59:27 Saving config file
15:00:27 saveConfig: auto-save-60s
15:00:27 Saving config file
15:01:27 saveConfig: auto-save-60s
15:01:27 Saving config file
15:02:27 saveConfig: auto-save-60s
15:02:27 Saving config file
15:03:27 saveConfig: auto-save-60s
15:03:27 Saving config file
15:04:27 saveConfig: auto-save-60s
15:04:27 Saving config file
15:05:27 saveConfig: auto-save-60s
15:05:27 Saving config file
15:06:27 saveConfig: auto-save-60s
15:06:27 Saving config file
15:07:27 saveConfig: auto-save-60s
15:07:27 Saving config file
15:07:48 saveConfig: saving-data
15:07:48 Saving sacks file
15:07:57 saveConfig: saving-data
15:07:57 Saving sacks file
15:08:01 saveConfig: saving-data
15:08:01 Saving sacks file
15:08:27 saveConfig: auto-save-60s
15:08:27 Saving config file
15:09:27 saveConfig: auto-save-60s
15:09:27 Saving config file
15:10:27 saveConfig: auto-save-60s
15:10:27 Saving config file
15:11:27 saveConfig: auto-save-60s
15:11:27 Saving config file
15:12:27 saveConfig: auto-save-60s
15:12:27 Saving config file
15:13:27 saveConfig: auto-save-60s
15:13:27 Saving config file
15:14:27 saveConfig: auto-save-60s
15:14:27 Saving config file
15:15:27 saveConfig: auto-save-60s
15:15:27 Saving config file
15:16:27 saveConfig: auto-save-60s
15:16:27 Saving config file
15:17:27 saveConfig: auto-save-60s
15:17:27 Saving config file
15:18:27 saveConfig: auto-save-60s
15:18:27 Saving config file
15:19:27 saveConfig: auto-save-60s
15:19:27 Saving config file
15:20:27 saveConfig: auto-save-60s
15:20:27 Saving config file
15:20:34 saveConfig: Save file
15:20:34 Saving friends file
15:21:27 saveConfig: auto-save-60s
15:21:27 Saving config file
15:22:27 saveConfig: auto-save-60s
15:22:27 Saving config file
15:23:27 saveConfig: auto-save-60s
15:23:27 Saving config file
15:24:27 saveConfig: auto-save-60s
15:24:27 Saving config file
15:25:27 saveConfig: auto-save-60s
15:25:27 Saving config file
15:26:27 saveConfig: auto-save-60s
15:26:27 Saving config file
15:27:27 saveConfig: auto-save-60s
15:27:27 Saving config file
15:28:27 saveConfig: auto-save-60s
15:28:27 Saving config file
15:29:27 saveConfig: auto-save-60s
15:29:27 Saving config file
15:30:27 saveConfig: auto-save-60s
15:30:27 Saving config file
15:31:27 saveConfig: auto-save-60s
15:31:27 Saving config file
15:32:27 saveConfig: auto-save-60s
15:32:27 Saving config file
15:33:27 saveConfig: auto-save-60s
15:33:27 Saving config file
15:34:27 saveConfig: auto-save-60s
15:34:27 Saving config file
15:35:27 saveConfig: auto-save-60s
15:35:27 Saving config file
15:36:27 saveConfig: auto-save-60s
15:36:27 Saving config file
15:37:27 saveConfig: auto-save-60s
15:37:27 Saving config file
15:38:27 saveConfig: auto-save-60s
15:38:27 Saving config file
15:39:27 saveConfig: auto-save-60s
15:39:27 Saving config file
15:40:27 saveConfig: auto-save-60s
15:40:27 Saving config file
15:41:27 saveConfig: auto-save-60s
15:41:27 Saving config file
15:42:27 saveConfig: auto-save-60s
15:42:27 Saving config file
15:43:27 saveConfig: auto-save-60s
15:43:27 Saving config file
15:44:27 saveConfig: auto-save-60s
15:44:27 Saving config file
15:45:27 saveConfig: auto-save-60s
15:45:27 Saving config file
15:45:35 saveConfig: saving-data
15:45:35 Saving sacks file
15:46:27 saveConfig: auto-save-60s
15:46:27 Saving config file
15:47:27 saveConfig: auto-save-60s
15:47:27 Saving config file
15:48:27 saveConfig: auto-save-60s
15:48:27 Saving config file
15:49:27 saveConfig: auto-save-60s
15:49:27 Saving config file
15:50:27 saveConfig: auto-save-60s
15:50:27 Saving config file
15:51:27 saveConfig: auto-save-60s
15:51:27 Saving config file
15:52:27 saveConfig: auto-save-60s
15:52:27 Saving config file
15:53:27 saveConfig: auto-save-60s
15:53:27 Saving config file
15:54:27 saveConfig: auto-save-60s
15:54:27 Saving config file
15:55:27 saveConfig: auto-save-60s
15:55:27 Saving config file
15:56:15 saveConfig: Save file
15:56:15 Saving friends file
15:56:27 saveConfig: auto-save-60s
15:56:27 Saving config file
15:57:27 saveConfig: auto-save-60s
15:57:27 Saving config file
15:58:27 saveConfig: auto-save-60s
15:58:27 Saving config file
15:59:27 saveConfig: auto-save-60s
15:59:27 Saving config file
16:00:27 saveConfig: auto-save-60s
16:00:27 Saving config file
16:01:27 saveConfig: auto-save-60s
16:01:27 Saving config file
16:02:27 saveConfig: auto-save-60s
16:02:27 Saving config file
16:03:27 saveConfig: auto-save-60s
16:03:27 Saving config file
16:04:27 saveConfig: auto-save-60s
16:04:27 Saving config file
16:05:27 saveConfig: auto-save-60s
16:05:27 Saving config file
16:06:27 saveConfig: auto-save-60s
16:06:27 Saving config file
16:07:27 saveConfig: auto-save-60s
16:07:27 Saving config file
16:08:27 saveConfig: auto-save-60s
16:08:27 Saving config file
16:09:27 saveConfig: auto-save-60s
16:09:27 Saving config file
16:10:27 saveConfig: auto-save-60s
16:10:27 Saving config file
16:11:27 saveConfig: auto-save-60s
16:11:27 Saving config file
16:12:27 saveConfig: auto-save-60s
16:12:27 Saving config file
16:13:27 saveConfig: auto-save-60s
16:13:27 Saving config file
16:14:27 saveConfig: auto-save-60s
16:14:27 Saving config file
16:15:27 saveConfig: auto-save-60s
16:15:27 Saving config file
16:16:27 saveConfig: auto-save-60s
16:16:27 Saving config file
16:17:27 saveConfig: auto-save-60s
16:17:27 Saving config file
16:18:27 saveConfig: auto-save-60s
16:18:27 Saving config file
16:19:27 saveConfig: auto-save-60s
16:19:27 Saving config file
16:20:27 saveConfig: auto-save-60s
16:20:27 Saving config file
16:21:27 saveConfig: auto-save-60s
16:21:27 Saving config file
16:22:27 saveConfig: auto-save-60s
16:22:27 Saving config file
16:23:27 saveConfig: auto-save-60s
16:23:27 Saving config file
16:24:27 saveConfig: auto-save-60s
16:24:27 Saving config file
16:25:27 saveConfig: auto-save-60s
16:25:27 Saving config file
16:26:27 saveConfig: auto-save-60s
16:26:27 Saving config file
16:27:27 saveConfig: auto-save-60s
16:27:27 Saving config file
16:28:27 saveConfig: auto-save-60s
16:28:27 Saving config file
16:29:27 saveConfig: auto-save-60s
16:29:27 Saving config file
16:30:27 saveConfig: auto-save-60s
16:30:27 Saving config file
16:31:27 saveConfig: auto-save-60s
16:31:27 Saving config file
16:32:27 saveConfig: auto-save-60s
16:32:27 Saving config file
16:33:27 saveConfig: auto-save-60s
16:33:27 Saving config file
16:34:27 saveConfig: auto-save-60s
16:34:27 Saving config file
16:35:27 saveConfig: auto-save-60s
16:35:27 Saving config file
16:36:27 saveConfig: auto-save-60s
16:36:27 Saving config file
16:37:27 saveConfig: auto-save-60s
16:37:27 Saving config file
16:38:27 saveConfig: auto-save-60s
16:38:27 Saving config file
16:39:27 saveConfig: auto-save-60s
16:39:27 Saving config file
16:40:27 saveConfig: auto-save-60s
16:40:27 Saving config file
16:41:27 saveConfig: auto-save-60s
16:41:27 Saving config file
16:42:27 saveConfig: auto-save-60s
16:42:27 Saving config file
16:43:27 saveConfig: auto-save-60s
16:43:27 Saving config file
16:44:27 saveConfig: auto-save-60s
16:44:27 Saving config file
16:45:27 saveConfig: auto-save-60s
16:45:27 Saving config file
16:46:27 saveConfig: auto-save-60s
16:46:27 Saving config file
16:47:27 saveConfig: auto-save-60s
16:47:27 Saving config file
16:48:27 saveConfig: auto-save-60s
16:48:27 Saving config file
16:49:27 saveConfig: auto-save-60s
16:49:27 Saving config file
16:50:27 saveConfig: auto-save-60s
16:50:27 Saving config file
16:51:27 saveConfig: auto-save-60s
16:51:27 Saving config file
16:52:27 saveConfig: auto-save-60s
16:52:27 Saving config file
16:53:27 saveConfig: auto-save-60s
16:53:27 Saving config file
16:54:27 saveConfig: auto-save-60s
16:54:27 Saving config file
16:54:46 saveConfig: saving-data
16:54:46 Saving sacks file
16:55:27 saveConfig: auto-save-60s
16:55:27 Saving config file
16:56:27 saveConfig: auto-save-60s
16:56:27 Saving config file
16:57:27 saveConfig: auto-save-60s
16:57:27 Saving config file
16:58:27 saveConfig: auto-save-60s
16:58:27 Saving config file
16:59:27 saveConfig: auto-save-60s
16:59:27 Saving config file
17:00:27 saveConfig: auto-save-60s
17:00:27 Saving config file
17:01:27 saveConfig: auto-save-60s
17:01:27 Saving config file
17:02:27 saveConfig: auto-save-60s
17:02:27 Saving config file
17:03:27 saveConfig: auto-save-60s
17:03:27 Saving config file
17:04:27 saveConfig: auto-save-60s
17:04:27 Saving config file
17:05:27 saveConfig: auto-save-60s
17:05:27 Saving config file
17:06:27 saveConfig: auto-save-60s
17:06:27 Saving config file
17:07:27 saveConfig: auto-save-60s
17:07:27 Saving config file
17:08:27 saveConfig: auto-save-60s
17:08:27 Saving config file
17:09:27 saveConfig: auto-save-60s
17:09:27 Saving config file
17:10:27 saveConfig: auto-save-60s
17:10:27 Saving config file
17:11:27 saveConfig: auto-save-60s
17:11:27 Saving config file
17:12:27 saveConfig: auto-save-60s
17:12:27 Saving config file
17:13:27 saveConfig: auto-save-60s
17:13:27 Saving config file
17:14:27 saveConfig: auto-save-60s
17:14:27 Saving config file
17:15:27 saveConfig: auto-save-60s
17:15:27 Saving config file
17:16:27 saveConfig: auto-save-60s
17:16:27 Saving config file
17:17:27 saveConfig: auto-save-60s
17:17:27 Saving config file
17:18:27 saveConfig: auto-save-60s
17:18:27 Saving config file
17:19:27 saveConfig: auto-save-60s
17:19:27 Saving config file
17:20:27 saveConfig: auto-save-60s
17:20:27 Saving config file
17:21:27 saveConfig: auto-save-60s
17:21:27 Saving config file
17:22:27 saveConfig: auto-save-60s
17:22:27 Saving config file
17:23:27 saveConfig: auto-save-60s
17:23:27 Saving config file
17:24:27 saveConfig: auto-save-60s
17:24:27 Saving config file
17:25:27 saveConfig: auto-save-60s
17:25:27 Saving config file
17:26:27 saveConfig: auto-save-60s
17:26:27 Saving config file
17:27:27 saveConfig: auto-save-60s
17:27:27 Saving config file
17:28:27 saveConfig: auto-save-60s
17:28:27 Saving config file
17:29:27 saveConfig: auto-save-60s
17:29:27 Saving config file
17:30:27 saveConfig: auto-save-60s
17:30:27 Saving config file
17:31:27 saveConfig: auto-save-60s
17:31:27 Saving config file
17:32:27 saveConfig: auto-save-60s
17:32:27 Saving config file
17:33:27 saveConfig: auto-save-60s
17:33:27 Saving config file
17:34:27 saveConfig: auto-save-60s
17:34:27 Saving config file
17:35:27 saveConfig: auto-save-60s
17:35:27 Saving config file
17:36:27 saveConfig: auto-save-60s
17:36:27 Saving config file
17:37:27 saveConfig: auto-save-60s
17:37:27 Saving config file
17:38:27 saveConfig: auto-save-60s
17:38:27 Saving config file
17:39:27 saveConfig: auto-save-60s
17:39:27 Saving config file
17:40:27 saveConfig: auto-save-60s
17:40:27 Saving config file
17:41:27 saveConfig: auto-save-60s
17:41:27 Saving config file
17:42:27 saveConfig: auto-save-60s
17:42:27 Saving config file
17:43:27 saveConfig: auto-save-60s
17:43:27 Saving config file
17:44:27 saveConfig: auto-save-60s
17:44:27 Saving config file
17:45:27 saveConfig: auto-save-60s
17:45:27 Saving config file
17:46:27 saveConfig: auto-save-60s
17:46:27 Saving config file
17:47:27 saveConfig: auto-save-60s
17:47:27 Saving config file
17:48:27 saveConfig: auto-save-60s
17:48:27 Saving config file
17:49:27 saveConfig: auto-save-60s
17:49:27 Saving config file
17:50:27 saveConfig: auto-save-60s
17:50:27 Saving config file
17:51:27 saveConfig: auto-save-60s
17:51:27 Saving config file
17:52:27 saveConfig: auto-save-60s
17:52:27 Saving config file
17:53:27 saveConfig: auto-save-60s
17:53:27 Saving config file
17:54:27 saveConfig: auto-save-60s
17:54:27 Saving config file
17:55:27 saveConfig: auto-save-60s
17:55:27 Saving config file
17:56:27 saveConfig: auto-save-60s
17:56:27 Saving config file
17:57:27 saveConfig: auto-save-60s
17:57:27 Saving config file
17:58:27 saveConfig: auto-save-60s
17:58:27 Saving config file
17:59:27 saveConfig: auto-save-60s
17:59:27 Saving config file
18:00:27 saveConfig: auto-save-60s
18:00:27 Saving config file
18:01:27 saveConfig: auto-save-60s
18:01:27 Saving config file
18:02:27 saveConfig: auto-save-60s
18:02:27 Saving config file
18:03:27 saveConfig: auto-save-60s
18:03:27 Saving config file
18:04:27 saveConfig: auto-save-60s
18:04:27 Saving config file
18:05:27 saveConfig: auto-save-60s
18:05:27 Saving config file
18:06:27 saveConfig: auto-save-60s
18:06:27 Saving config file
18:07:27 saveConfig: auto-save-60s
18:07:27 Saving config file
18:08:27 saveConfig: auto-save-60s
18:08:27 Saving config file
18:09:27 saveConfig: auto-save-60s
18:09:27 Saving config file
18:10:27 saveConfig: auto-save-60s
18:10:27 Saving config file
18:11:27 saveConfig: auto-save-60s
18:11:27 Saving config file
18:12:27 saveConfig: auto-save-60s
18:12:27 Saving config file
18:13:27 saveConfig: auto-save-60s
18:13:27 Saving config file
18:14:27 saveConfig: auto-save-60s
18:14:27 Saving config file
18:15:27 saveConfig: auto-save-60s
18:15:27 Saving config file
18:16:27 saveConfig: auto-save-60s
18:16:27 Saving config file
18:17:27 saveConfig: auto-save-60s
18:17:27 Saving config file
18:18:27 saveConfig: auto-save-60s
18:18:27 Saving config file
18:19:27 saveConfig: auto-save-60s
18:19:27 Saving config file
18:20:27 saveConfig: auto-save-60s
18:20:27 Saving config file
18:21:27 saveConfig: auto-save-60s
18:21:27 Saving config file
18:22:27 saveConfig: auto-save-60s
18:22:27 Saving config file
18:23:27 saveConfig: auto-save-60s
18:23:27 Saving config file
18:24:27 saveConfig: auto-save-60s
18:24:27 Saving config file
18:25:27 saveConfig: auto-save-60s
18:25:27 Saving config file
18:26:27 saveConfig: auto-save-60s
18:26:27 Saving config file
18:27:27 saveConfig: auto-save-60s
18:27:27 Saving config file
18:28:27 saveConfig: auto-save-60s
18:28:27 Saving config file
18:29:27 saveConfig: auto-save-60s
18:29:27 Saving config file
18:30:27 saveConfig: auto-save-60s
18:30:27 Saving config file
18:31:27 saveConfig: auto-save-60s
18:31:27 Saving config file
18:32:27 saveConfig: auto-save-60s
18:32:27 Saving config file
18:33:27 saveConfig: auto-save-60s
18:33:27 Saving config file
18:34:27 saveConfig: auto-save-60s
18:34:27 Saving config file
18:35:27 saveConfig: auto-save-60s
18:35:27 Saving config file
18:36:27 saveConfig: auto-save-60s
18:36:27 Saving config file
18:37:27 saveConfig: auto-save-60s
18:37:27 Saving config file
18:38:27 saveConfig: auto-save-60s
18:38:27 Saving config file
18:39:27 saveConfig: auto-save-60s
18:39:27 Saving config file
18:40:27 saveConfig: auto-save-60s
18:40:27 Saving config file
18:41:27 saveConfig: auto-save-60s
18:41:27 Saving config file
18:42:27 saveConfig: auto-save-60s
18:42:27 Saving config file
18:43:27 saveConfig: auto-save-60s
18:43:27 Saving config file
18:44:27 saveConfig: auto-save-60s
18:44:27 Saving config file
18:45:27 saveConfig: auto-save-60s
18:45:27 Saving config file
18:46:27 saveConfig: auto-save-60s
18:46:27 Saving config file
18:47:27 saveConfig: auto-save-60s
18:47:27 Saving config file
18:48:27 saveConfig: auto-save-60s
18:48:27 Saving config file
18:49:27 saveConfig: auto-save-60s
18:49:27 Saving config file
18:50:27 saveConfig: auto-save-60s
18:50:27 Saving config file
18:51:27 saveConfig: auto-save-60s
18:51:27 Saving config file
18:52:27 saveConfig: auto-save-60s
18:52:27 Saving config file
18:53:27 saveConfig: auto-save-60s
18:53:27 Saving config file
18:54:27 saveConfig: auto-save-60s
18:54:27 Saving config file
18:55:27 saveConfig: auto-save-60s
18:55:27 Saving config file
18:56:27 saveConfig: auto-save-60s
18:56:27 Saving config file
18:57:27 saveConfig: auto-save-60s
18:57:27 Saving config file
18:58:27 saveConfig: auto-save-60s
18:58:27 Saving config file
18:59:27 saveConfig: auto-save-60s
18:59:27 Saving config file
19:00:27 saveConfig: auto-save-60s
19:00:27 Saving config file
19:01:27 saveConfig: auto-save-60s
19:01:27 Saving config file
19:02:27 saveConfig: auto-save-60s
19:02:27 Saving config file
19:03:27 saveConfig: auto-save-60s
19:03:27 Saving config file
19:04:27 saveConfig: auto-save-60s
19:04:27 Saving config file
19:05:27 saveConfig: auto-save-60s
19:05:27 Saving config file
19:06:27 saveConfig: auto-save-60s
19:06:27 Saving config file
19:07:27 saveConfig: auto-save-60s
19:07:27 Saving config file
19:07:59 saveConfig: shutdown-hook
19:07:59 Saving config file
