22:37:18 Trying to load config from config\skyhanni\config.json
22:37:18 load-config-now
22:37:18 Loaded config from file
22:37:18 Trying to load sacks from config\skyhanni\sacks.json
22:37:18 load-sacks-now
22:37:18 Loaded sacks from file
22:37:18 Trying to load friends from config\skyhanni\friends.json
22:37:18 load-friends-now
22:37:18 Loaded friends from file
22:37:18 Trying to load known_features from config\skyhanni\known_features.json
22:37:18 load-known_features-now
22:37:18 Loaded known_features from file
22:37:18 Trying to load jacob_contests from config\skyhanni\jacob_contests.json
22:37:18 load-jacob_contests-now
22:37:18 Loaded jacob_contests from file
22:37:18 Trying to load visual_words from config\skyhanni\visual_words.json
22:37:18 Setting visual_words to be blank as it did not exist. It will be saved once something is written to it
22:38:18 saveConfig: auto-save-60s
22:38:18 Saving config file
22:38:32 saveConfig: Updated known feature flags
22:38:32 Saving known_features file
22:39:18 saveConfig: auto-save-60s
22:39:18 Saving config file
22:40:18 saveConfig: auto-save-60s
22:40:18 Saving config file
22:41:18 saveConfig: auto-save-60s
22:41:18 Saving config file
22:42:18 saveConfig: auto-save-60s
22:42:18 Saving config file
22:43:18 saveConfig: auto-save-60s
22:43:18 Saving config file
22:44:18 saveConfig: auto-save-60s
22:44:18 Saving config file
22:45:18 saveConfig: auto-save-60s
22:45:18 Saving config file
22:46:18 saveConfig: auto-save-60s
22:46:18 Saving config file
22:47:18 saveConfig: auto-save-60s
22:47:18 Saving config file
22:48:18 saveConfig: auto-save-60s
22:48:18 Saving config file
22:49:18 saveConfig: auto-save-60s
22:49:18 Saving config file
22:50:18 saveConfig: auto-save-60s
22:50:18 Saving config file
22:51:18 saveConfig: auto-save-60s
22:51:18 Saving config file
22:52:18 saveConfig: auto-save-60s
22:52:18 Saving config file
22:53:18 saveConfig: auto-save-60s
22:53:18 Saving config file
22:54:18 saveConfig: auto-save-60s
22:54:18 Saving config file
22:55:18 saveConfig: auto-save-60s
22:55:18 Saving config file
22:56:18 saveConfig: auto-save-60s
22:56:18 Saving config file
22:57:18 saveConfig: auto-save-60s
22:57:18 Saving config file
22:58:18 saveConfig: auto-save-60s
22:58:18 Saving config file
22:59:18 saveConfig: auto-save-60s
22:59:18 Saving config file
23:00:18 saveConfig: auto-save-60s
23:00:18 Saving config file
23:01:18 saveConfig: auto-save-60s
23:01:18 Saving config file
23:02:18 saveConfig: auto-save-60s
23:02:18 Saving config file
23:03:18 saveConfig: auto-save-60s
23:03:18 Saving config file
23:04:18 saveConfig: auto-save-60s
23:04:18 Saving config file
23:05:18 saveConfig: auto-save-60s
23:05:18 Saving config file
23:06:18 saveConfig: auto-save-60s
23:06:18 Saving config file
23:07:18 saveConfig: auto-save-60s
23:07:18 Saving config file
23:08:18 saveConfig: auto-save-60s
23:08:18 Saving config file
23:09:18 saveConfig: auto-save-60s
23:09:18 Saving config file
23:10:18 saveConfig: auto-save-60s
23:10:18 Saving config file
23:11:18 saveConfig: auto-save-60s
23:11:18 Saving config file
23:12:18 saveConfig: auto-save-60s
23:12:18 Saving config file
23:13:18 saveConfig: auto-save-60s
23:13:18 Saving config file
23:14:18 saveConfig: auto-save-60s
23:14:18 Saving config file
23:15:18 saveConfig: auto-save-60s
23:15:18 Saving config file
23:16:18 saveConfig: auto-save-60s
23:16:18 Saving config file
23:17:18 saveConfig: auto-save-60s
23:17:18 Saving config file
23:18:18 saveConfig: auto-save-60s
23:18:18 Saving config file
23:19:18 saveConfig: auto-save-60s
23:19:18 Saving config file
23:20:18 saveConfig: auto-save-60s
23:20:18 Saving config file
23:21:18 saveConfig: auto-save-60s
23:21:18 Saving config file
23:22:18 saveConfig: auto-save-60s
23:22:18 Saving config file
23:23:18 saveConfig: auto-save-60s
23:23:18 Saving config file
23:24:18 saveConfig: auto-save-60s
23:24:18 Saving config file
23:25:18 saveConfig: auto-save-60s
23:25:18 Saving config file
23:26:18 saveConfig: auto-save-60s
23:26:18 Saving config file
23:27:18 saveConfig: auto-save-60s
23:27:18 Saving config file
23:28:18 saveConfig: auto-save-60s
23:28:18 Saving config file
23:29:18 saveConfig: auto-save-60s
23:29:18 Saving config file
23:30:18 saveConfig: auto-save-60s
23:30:18 Saving config file
23:31:18 saveConfig: auto-save-60s
23:31:18 Saving config file
23:32:18 saveConfig: auto-save-60s
23:32:18 Saving config file
23:33:18 saveConfig: auto-save-60s
23:33:18 Saving config file
23:34:18 saveConfig: auto-save-60s
23:34:18 Saving config file
23:35:18 saveConfig: auto-save-60s
23:35:18 Saving config file
23:36:18 saveConfig: auto-save-60s
23:36:18 Saving config file
23:37:18 saveConfig: auto-save-60s
23:37:18 Saving config file
23:38:18 saveConfig: auto-save-60s
23:38:18 Saving config file
23:39:18 saveConfig: auto-save-60s
23:39:18 Saving config file
23:40:18 saveConfig: auto-save-60s
23:40:18 Saving config file
23:41:18 saveConfig: auto-save-60s
23:41:18 Saving config file
23:42:18 saveConfig: auto-save-60s
23:42:18 Saving config file
23:43:18 saveConfig: auto-save-60s
23:43:18 Saving config file
23:44:18 saveConfig: auto-save-60s
23:44:18 Saving config file
23:45:18 saveConfig: auto-save-60s
23:45:18 Saving config file
23:46:18 saveConfig: auto-save-60s
23:46:18 Saving config file
23:47:18 saveConfig: auto-save-60s
23:47:18 Saving config file
23:48:18 saveConfig: auto-save-60s
23:48:18 Saving config file
23:49:18 saveConfig: auto-save-60s
23:49:18 Saving config file
23:50:18 saveConfig: auto-save-60s
23:50:18 Saving config file
23:51:18 saveConfig: auto-save-60s
23:51:18 Saving config file
23:52:18 saveConfig: auto-save-60s
23:52:18 Saving config file
23:53:18 saveConfig: auto-save-60s
23:53:18 Saving config file
23:54:18 saveConfig: auto-save-60s
23:54:18 Saving config file
23:55:18 saveConfig: auto-save-60s
23:55:18 Saving config file
23:56:18 saveConfig: auto-save-60s
23:56:18 Saving config file
23:57:18 saveConfig: auto-save-60s
23:57:18 Saving config file
23:58:18 saveConfig: auto-save-60s
23:58:18 Saving config file
23:59:18 saveConfig: auto-save-60s
23:59:18 Saving config file
00:00:18 saveConfig: auto-save-60s
00:00:18 Saving config file
00:01:18 saveConfig: auto-save-60s
00:01:18 Saving config file
00:02:18 saveConfig: auto-save-60s
00:02:18 Saving config file
00:03:18 saveConfig: auto-save-60s
00:03:18 Saving config file
00:04:18 saveConfig: auto-save-60s
00:04:18 Saving config file
00:05:18 saveConfig: auto-save-60s
00:05:18 Saving config file
00:06:18 saveConfig: auto-save-60s
00:06:18 Saving config file
00:07:18 saveConfig: auto-save-60s
00:07:18 Saving config file
00:08:18 saveConfig: auto-save-60s
00:08:18 Saving config file
00:09:18 saveConfig: auto-save-60s
00:09:18 Saving config file
00:10:18 saveConfig: auto-save-60s
00:10:18 Saving config file
00:11:18 saveConfig: auto-save-60s
00:11:18 Saving config file
00:12:18 saveConfig: auto-save-60s
00:12:18 Saving config file
00:13:18 saveConfig: auto-save-60s
00:13:18 Saving config file
00:14:18 saveConfig: auto-save-60s
00:14:18 Saving config file
00:15:18 saveConfig: auto-save-60s
00:15:18 Saving config file
00:16:18 saveConfig: auto-save-60s
00:16:18 Saving config file
00:17:18 saveConfig: auto-save-60s
00:17:18 Saving config file
00:18:18 saveConfig: auto-save-60s
00:18:18 Saving config file
00:19:18 saveConfig: auto-save-60s
00:19:18 Saving config file
00:20:18 saveConfig: auto-save-60s
00:20:18 Saving config file
00:21:18 saveConfig: auto-save-60s
00:21:18 Saving config file
00:22:18 saveConfig: auto-save-60s
00:22:18 Saving config file
00:23:18 saveConfig: auto-save-60s
00:23:18 Saving config file
00:24:18 saveConfig: auto-save-60s
00:24:18 Saving config file
00:25:18 saveConfig: auto-save-60s
00:25:18 Saving config file
00:26:18 saveConfig: auto-save-60s
00:26:18 Saving config file
00:27:18 saveConfig: auto-save-60s
00:27:18 Saving config file
00:28:18 saveConfig: auto-save-60s
00:28:18 Saving config file
00:29:18 saveConfig: auto-save-60s
00:29:18 Saving config file
00:30:18 saveConfig: auto-save-60s
00:30:18 Saving config file
00:31:18 saveConfig: auto-save-60s
00:31:18 Saving config file
00:32:18 saveConfig: auto-save-60s
00:32:18 Saving config file
00:33:18 saveConfig: auto-save-60s
00:33:18 Saving config file
00:34:18 saveConfig: auto-save-60s
00:34:18 Saving config file
00:35:18 saveConfig: auto-save-60s
00:35:18 Saving config file
00:36:18 saveConfig: auto-save-60s
00:36:18 Saving config file
00:37:18 saveConfig: auto-save-60s
00:37:18 Saving config file
00:38:18 saveConfig: auto-save-60s
00:38:18 Saving config file
00:39:18 saveConfig: auto-save-60s
00:39:18 Saving config file
00:40:18 saveConfig: auto-save-60s
00:40:18 Saving config file
00:41:18 saveConfig: auto-save-60s
00:41:18 Saving config file
00:42:18 saveConfig: auto-save-60s
00:42:18 Saving config file
00:43:18 saveConfig: auto-save-60s
00:43:18 Saving config file
00:44:18 saveConfig: auto-save-60s
00:44:18 Saving config file
00:45:18 saveConfig: auto-save-60s
00:45:18 Saving config file
00:46:18 saveConfig: auto-save-60s
00:46:18 Saving config file
00:47:18 saveConfig: auto-save-60s
00:47:18 Saving config file
00:48:18 saveConfig: auto-save-60s
00:48:18 Saving config file
00:49:18 saveConfig: auto-save-60s
00:49:18 Saving config file
00:50:18 saveConfig: auto-save-60s
00:50:18 Saving config file
00:51:18 saveConfig: auto-save-60s
00:51:18 Saving config file
00:52:18 saveConfig: auto-save-60s
00:52:18 Saving config file
00:53:18 saveConfig: auto-save-60s
00:53:18 Saving config file
00:54:18 saveConfig: auto-save-60s
00:54:18 Saving config file
00:55:18 saveConfig: auto-save-60s
00:55:18 Saving config file
00:56:18 saveConfig: auto-save-60s
00:56:18 Saving config file
00:57:18 saveConfig: auto-save-60s
00:57:18 Saving config file
00:58:18 saveConfig: auto-save-60s
00:58:18 Saving config file
00:59:18 saveConfig: auto-save-60s
00:59:18 Saving config file
01:00:18 saveConfig: auto-save-60s
01:00:18 Saving config file
01:01:18 saveConfig: auto-save-60s
01:01:18 Saving config file
01:02:18 saveConfig: auto-save-60s
01:02:18 Saving config file
01:03:18 saveConfig: auto-save-60s
01:03:18 Saving config file
01:04:18 saveConfig: auto-save-60s
01:04:18 Saving config file
01:05:18 saveConfig: auto-save-60s
01:05:18 Saving config file
01:06:18 saveConfig: auto-save-60s
01:06:18 Saving config file
01:07:18 saveConfig: auto-save-60s
01:07:18 Saving config file
01:08:18 saveConfig: auto-save-60s
01:08:18 Saving config file
01:09:18 saveConfig: auto-save-60s
01:09:18 Saving config file
01:10:18 saveConfig: auto-save-60s
01:10:18 Saving config file
01:11:18 saveConfig: auto-save-60s
01:11:18 Saving config file
01:12:18 saveConfig: auto-save-60s
01:12:18 Saving config file
01:13:18 saveConfig: auto-save-60s
01:13:18 Saving config file
01:14:18 saveConfig: auto-save-60s
01:14:18 Saving config file
01:15:18 saveConfig: auto-save-60s
01:15:18 Saving config file
01:16:18 saveConfig: auto-save-60s
01:16:18 Saving config file
01:17:18 saveConfig: auto-save-60s
01:17:18 Saving config file
01:18:18 saveConfig: auto-save-60s
01:18:18 Saving config file
01:19:18 saveConfig: auto-save-60s
01:19:18 Saving config file
01:20:18 saveConfig: auto-save-60s
01:20:18 Saving config file
01:21:18 saveConfig: auto-save-60s
01:21:18 Saving config file
01:22:18 saveConfig: auto-save-60s
01:22:18 Saving config file
01:23:18 saveConfig: auto-save-60s
01:23:18 Saving config file
01:24:18 saveConfig: auto-save-60s
01:24:18 Saving config file
01:25:18 saveConfig: auto-save-60s
01:25:18 Saving config file
01:26:18 saveConfig: auto-save-60s
01:26:18 Saving config file
01:27:18 saveConfig: auto-save-60s
01:27:18 Saving config file
01:28:18 saveConfig: auto-save-60s
01:28:18 Saving config file
01:29:18 saveConfig: auto-save-60s
01:29:18 Saving config file
01:30:18 saveConfig: auto-save-60s
01:30:18 Saving config file
01:31:18 saveConfig: auto-save-60s
01:31:18 Saving config file
01:32:18 saveConfig: auto-save-60s
01:32:18 Saving config file
01:33:18 saveConfig: auto-save-60s
01:33:18 Saving config file
01:34:18 saveConfig: auto-save-60s
01:34:18 Saving config file
01:35:18 saveConfig: auto-save-60s
01:35:18 Saving config file
01:36:18 saveConfig: auto-save-60s
01:36:18 Saving config file
01:37:18 saveConfig: auto-save-60s
01:37:18 Saving config file
01:38:18 saveConfig: auto-save-60s
01:38:18 Saving config file
01:39:18 saveConfig: auto-save-60s
01:39:18 Saving config file
01:40:18 saveConfig: auto-save-60s
01:40:18 Saving config file
01:41:18 saveConfig: auto-save-60s
01:41:18 Saving config file
01:42:18 saveConfig: auto-save-60s
01:42:18 Saving config file
01:43:18 saveConfig: auto-save-60s
01:43:18 Saving config file
01:44:18 saveConfig: auto-save-60s
01:44:18 Saving config file
01:45:18 saveConfig: auto-save-60s
01:45:18 Saving config file
01:46:18 saveConfig: auto-save-60s
01:46:18 Saving config file
01:47:18 saveConfig: auto-save-60s
01:47:18 Saving config file
01:48:18 saveConfig: auto-save-60s
01:48:18 Saving config file
01:49:18 saveConfig: auto-save-60s
01:49:18 Saving config file
01:50:18 saveConfig: auto-save-60s
01:50:18 Saving config file
01:51:18 saveConfig: auto-save-60s
01:51:18 Saving config file
01:52:18 saveConfig: auto-save-60s
01:52:18 Saving config file
01:53:18 saveConfig: auto-save-60s
01:53:18 Saving config file
01:54:18 saveConfig: auto-save-60s
01:54:18 Saving config file
01:55:18 saveConfig: auto-save-60s
01:55:18 Saving config file
01:56:18 saveConfig: auto-save-60s
01:56:18 Saving config file
01:57:18 saveConfig: auto-save-60s
01:57:18 Saving config file
01:58:18 saveConfig: auto-save-60s
01:58:18 Saving config file
01:59:18 saveConfig: auto-save-60s
01:59:18 Saving config file
02:00:18 saveConfig: auto-save-60s
02:00:18 Saving config file
02:01:18 saveConfig: auto-save-60s
02:01:18 Saving config file
02:02:18 saveConfig: auto-save-60s
02:02:18 Saving config file
02:03:18 saveConfig: auto-save-60s
02:03:18 Saving config file
02:04:18 saveConfig: auto-save-60s
02:04:18 Saving config file
02:05:18 saveConfig: auto-save-60s
02:05:18 Saving config file
02:06:18 saveConfig: auto-save-60s
02:06:18 Saving config file
02:07:18 saveConfig: auto-save-60s
02:07:18 Saving config file
02:08:18 saveConfig: auto-save-60s
02:08:18 Saving config file
02:09:18 saveConfig: auto-save-60s
02:09:18 Saving config file
02:10:18 saveConfig: auto-save-60s
02:10:18 Saving config file
02:11:18 saveConfig: auto-save-60s
02:11:18 Saving config file
02:12:18 saveConfig: auto-save-60s
02:12:18 Saving config file
02:13:18 saveConfig: auto-save-60s
02:13:18 Saving config file
02:14:18 saveConfig: auto-save-60s
02:14:18 Saving config file
02:15:18 saveConfig: auto-save-60s
02:15:18 Saving config file
02:16:18 saveConfig: auto-save-60s
02:16:18 Saving config file
02:17:18 saveConfig: auto-save-60s
02:17:18 Saving config file
02:18:18 saveConfig: auto-save-60s
02:18:18 Saving config file
02:19:18 saveConfig: auto-save-60s
02:19:18 Saving config file
02:20:18 saveConfig: auto-save-60s
02:20:18 Saving config file
02:21:18 saveConfig: auto-save-60s
02:21:18 Saving config file
02:22:18 saveConfig: auto-save-60s
02:22:18 Saving config file
02:22:47 saveConfig: shutdown-hook
02:22:47 Saving config file
