22:14:56  
22:14:56 [original] §r§5§lWOW! §r§aYou found a §r§bGlacite Mineshaft §r§aportal!§r
22:14:56 [modified] §5§lWOW! §r§aYou found a §r§bGlacite Mineshaft §r§aportal! §e(888)§r
22:36:27  
22:36:27 [original] §r    §r§dGold Essence §r§8x6§r
22:36:27 [modified] §a+ §b6§r §r§dGold Essence§r
22:36:37  
22:36:37 [original] §r    §r§dGold Essence §r§8x5§r
22:36:37 [modified] §a+ §b5§r §r§dGold Essence§r
22:38:05  
22:38:05 [original] §r    §r§9Robotron Reflector§r
22:38:05 [modified] §a+§r §r§9Robotron Reflector§r
22:40:40  
22:40:40 [original] §r    §r§dDiamond Essence §r§8x5§r
22:40:40 [modified] §a+ §b5§r §r§dDiamond Essence§r
22:42:12  
22:42:12 [original] §r    §r§9Electron Transmitter§r
22:42:12 [modified] §a+§r §r§9Electron Transmitter§r
22:50:10  
22:50:10 [original] §r    §r§9Control Switch§r
22:50:10 [modified] §a+§r §r§9Control Switch§r
22:51:12  
22:51:12 [original] §r    §r§dDiamond Essence §r§8x5§r
22:51:12 [modified] §a+ §b5§r §r§dDiamond Essence§r
22:51:33  
22:51:33 [original] §r    §r§9FTX 3070§r
22:51:33 [modified] §a+§r §r§9FTX 3070§r
22:51:39  
22:51:39 [original] §r    §r§9FTX 3070§r
22:51:39 [modified] §a+§r §r§9FTX 3070§r
22:51:43  
22:51:43 [original] §r    §r§dGold Essence §r§8x5§r
22:51:43 [modified] §a+ §b5§r §r§dGold Essence§r
22:53:38  
22:53:38 [original] §r    §r§9Superlite Motor§r
22:53:38 [modified] §a+§r §r§9Superlite Motor§r
22:54:17  
22:54:17 [original] §r    §r§9Synthetic Heart§r
22:54:17 [modified] §a+§r §r§9Synthetic Heart§r
22:55:19  
22:55:19 [original] §r    §r§9Robotron Reflector§r
22:55:19 [modified] §a+§r §r§9Robotron Reflector§r
22:56:33  
22:56:33 [original] §r    §r§dDiamond Essence §r§8x5§r
22:56:33 [modified] §a+ §b5§r §r§dDiamond Essence§r
22:58:59  
22:58:59 [original] §r    §r§dDiamond Essence §r§8x5§r
22:58:59 [modified] §a+ §b5§r §r§dDiamond Essence§r
23:04:15  
23:04:15 [original] §r    §r§9Robotron Reflector§r
23:04:15 [modified] §a+§r §r§9Robotron Reflector§r
23:05:07  
23:05:07 [original] §r    §r§9Superlite Motor§r
23:05:07 [modified] §a+§r §r§9Superlite Motor§r
23:23:04  
23:23:04 [original] §r§5§lWOW! §r§aYou found a §r§bGlacite Mineshaft §r§aportal!§r
23:23:04 [modified] §5§lWOW! §r§aYou found a §r§bGlacite Mineshaft §r§aportal! §e(1860)§r
23:54:01  
23:54:01 [original] §r    §r§dGold Essence §r§8x5§r
23:54:01 [modified] §a+ §b5§r §r§dGold Essence§r
23:54:49  
23:54:49 [original] §r    §r§9Superlite Motor§r
23:54:49 [modified] §a+§r §r§9Superlite Motor§r
23:55:45  
23:55:45 [original] §r    §r§9Robotron Reflector§r
23:55:45 [modified] §a+§r §r§9Robotron Reflector§r
00:00:55  
00:00:55 [original] §r    §r§9FTX 3070§r
00:00:55 [modified] §a+§r §r§9FTX 3070§r
00:02:17  
00:02:17 [original] §r    §r§9FTX 3070§r
00:02:17 [modified] §a+§r §r§9FTX 3070§r
00:04:11  
00:04:11 [original] §r    §r§dDiamond Essence §r§8x6§r
00:04:11 [modified] §a+ §b6§r §r§dDiamond Essence§r
00:14:36  
00:14:36 [original] §r§5§lWOW! §r§aYou found a §r§bGlacite Mineshaft §r§aportal!§r
00:14:36 [modified] §5§lWOW! §r§aYou found a §r§bGlacite Mineshaft §r§aportal! §e(1822)§r
00:35:30  
00:35:30 [original] §r§5§lWOW! §r§aYou found a §r§bGlacite Mineshaft §r§aportal!§r
00:35:30 [modified] §5§lWOW! §r§aYou found a §r§bGlacite Mineshaft §r§aportal! §e(1968)§r
