01:35:26 §f §r§r§r§f §r§r§r§1 §r§r§r§0 §r§r§r§2 §r§r§r§f §r§r§r§f §r§r§r§2 §r§r§r§0 §r§r§r§4 §r§r§r§3 §r§r§r§9 §r§r§r§2 §r§r§r§0 §r§r§r§0 §r§r§r§3 §r§r§r§9 §r§r§r§2 §r§r§r§0 §r§r§r§0 §r§r§r§3 §r§r§r§9 §r§r§r§2 §r§r§r§0 §r§r§r§0 
01:35:32 §8 §r§8 §r§1 §r§3 §r§3 §r§7 §r§8 
01:35:34  
01:35:34   
01:35:34 
01:35:34 
01:35:34 
01:36:28 §8 §r§8 §r§1 §r§3 §r§3 §r§7 §r§8 
01:36:28  
01:36:28   
01:36:44 §f §r§r§r§f §r§r§r§1 §r§r§r§0 §r§r§r§2 §r§r§r§f §r§r§r§f §r§r§r§2 §r§r§r§0 §r§r§r§4 §r§r§r§3 §r§r§r§9 §r§r§r§2 §r§r§r§0 §r§r§r§0 §r§r§r§3 §r§r§r§9 §r§r§r§2 §r§r§r§0 §r§r§r§0 §r§r§r§3 §r§r§r§9 §r§r§r§2 §r§r§r§0 §r§r§r§0 
01:36:51 §8 §r§8 §r§1 §r§3 §r§3 §r§7 §r§8 
01:36:53 
01:36:53 
01:41:25 §f                                        
01:41:43 §8 §r§8 §r§1 §r§3 §r§3 §r§7 §r§8 
01:41:55 §8 §r§8 §r§1 §r§3 §r§3 §r§7 §r§8 
01:42:42 §8 §r§8 §r§1 §r§3 §r§3 §r§7 §r§8 
01:42:44 
01:42:44 
01:43:01 
01:43:07 
01:50:01 §8 §r§8 §r§1 §r§3 §r§3 §r§7 §r§8 
01:51:14 §f                                        
01:52:30 §8 §r§8 §r§1 §r§3 §r§3 §r§7 §r§8 
01:52:32 §f                                        
01:52:35 
01:52:35 
01:52:47 
01:53:01 
01:56:13 
01:56:36 §8 §r§8 §r§1 §r§3 §r§3 §r§7 §r§8 
