19:09:35 §b[MVP§f+§b] Sebbebas§f §6joined the lobby!
19:09:35 §b[MVP§0+§b] to_Kj§f §6joined the lobby!
19:09:35 §b[MVP§9+§b] KingOfSkillIssue§f §6joined the lobby!
19:09:35   §r§f§l➤ §r§6You have reached your Hype limit! Add Hype to Prototype Lobby minigames by right-clicking with the Hype Diamond!
19:09:37 §b[MVP§2+§b] SBlockbusterYT§f §6joined the lobby!
19:09:40 §b[MVP§d+§b] BranRngNut§f §6joined the lobby!
19:09:42 §b[MVP§6+§b] 214ms§f §6joined the lobby!
19:09:44 §b[MVP§a+§b] Hoeflicher_Prinz§f §6joined the lobby!
19:09:45 §b[MVP§f+§b] Onlycheese123§f §6joined the lobby!
19:09:46 §b[MVP§e+§b] Miner49er_1234§f §6joined the lobby!
19:09:46 §b[MVP§2+§b] Stockman4§f §6joined the lobby!
19:09:47 §b[MVP§d+§b] Nielspro§f §6joined the lobby!
19:09:47 §b[MVP§f+§b] iMajor§f §6joined the lobby!
19:09:48  §b>§c>§a>§r §r§6[MVP§5++§6] Wiggox§f §6joined the lobby!§r §a<§c<§b<
19:09:49 §b[MVP§c+§b] dibble14§f §6joined the lobby!
19:09:50 §b[MVP§f+§b] Kawazki§f §6joined the lobby!
19:09:51 §b[MVP§6+§b] Manni1303§f §6joined the lobby!
19:09:53 §b[MVP§e+§b] M4itreMomo§f §6joined the lobby!
19:09:55 §b[MVP§9+§b] KayX_§f §6joined the lobby!
19:09:57 §b[MVP§c+§b] OwOjules§f §6joined the lobby!
19:09:59 §b[MVP§f+§b] FemboyArcher§f §6joined the lobby!
19:10:00 §b[MVP§c+§b] Rytchet§f §6joined the lobby!
19:10:01 §b[MVP§f+§b] oEuropa§f §6joined the lobby!
19:41:54 §b[MVP§d+§b] xWithered§f §6joined the lobby!
19:41:54 §b[MVP§c+§b] nazNW§f §6joined the lobby!
19:41:54 §b[MVP§f+§b] iLordMaster§f §6joined the lobby!
19:41:56 §b[MVP§c+§b] scion1234§f §6joined the lobby!
19:41:56   §r§f§l➤ §r§6You have reached your Hype limit! Add Hype to Prototype Lobby minigames by right-clicking with the Hype Diamond!
19:41:57 §b[MVP§c+§b] TeoBuster§f §6joined the lobby!
19:42:00  §b>§c>§a>§r §r§6[MVP§4++§6] Patrick_Kuj§f §6joined the lobby!§r §a<§c<§b<
19:42:00 §b[MVP§c+§b] Micah2442§f §6joined the lobby!
19:43:26 §b[MVP§f+§b] Sebbebas§f §6joined the lobby!
19:43:27 §b[MVP§a+§b] Gornacington§f §6joined the lobby!
19:43:28 §b[MVP§c+§b] G_2o§f §6joined the lobby!
19:43:28   §r§f§l➤ §r§6You have reached your Hype limit! Add Hype to Prototype Lobby minigames by right-clicking with the Hype Diamond!
19:43:29 §b[MVP§c+§b] DragonFury4036§f §6joined the lobby!
19:43:29  §b>§c>§a>§r §r§6[MVP§8++§6] BENTENZ§f §6joined the lobby!§r §a<§c<§b<
19:43:30 §b[MVP§6+§b] GamingWithAntoni§f §6joined the lobby!
19:43:30  §b>§c>§a>§r §r§6[MVP§0++§6] Vembzz§f §6joined the lobby!§r §a<§c<§b<
19:43:33 §b[MVP§c+§b] Odienborcke§f §6joined the lobby!
19:43:38 §b[MVP§6+§b] X_M4niek§f §6joined the lobby!
19:43:38 §b[MVP§6+§b] L3afcutter§f §6joined the lobby!
19:43:39  §b>§c>§a>§r §r§6[MVP§c++§6] xyfurious§f §6joined the lobby!§r §a<§c<§b<
19:43:39 §b[MVP§c+§b] KollurMe§f §6joined the lobby!
21:22:23 §b[MVP§f+§b] Sebbebas§f §6joined the lobby!
21:22:23 §b[MVP§a+§b] Theepicpicaxe§f §6joined the lobby!
21:22:24   §r§f§l➤ §r§6You have reached your Hype limit! Add Hype to Prototype Lobby minigames by right-clicking with the Hype Diamond!
21:22:27 §b[MVP§9+§b] rinfest§f §6joined the lobby!
21:22:28 §b[MVP§c+§b] Euphorlum§f §6joined the lobby!
21:22:28 §b[MVP§a+§b] ChaosChaos44§f §6joined the lobby!
21:22:30 §b[MVP§c+§b] AzaelDubs§f §6joined the lobby!
21:23:58 §b[MVP§f+§b] Sebbebas§f §6joined the lobby!
21:23:59 §b[MVP§c+§b] RicerGrower6996§f §6joined the lobby!
21:23:59   §r§f§l➤ §r§6You have reached your Hype limit! Add Hype to Prototype Lobby minigames by right-clicking with the Hype Diamond!
