23:27:28 §f §r§r§r§f §r§r§r§1 §r§r§r§0 §r§r§r§2 §r§r§r§f §r§r§r§f §r§r§r§2 §r§r§r§0 §r§r§r§4 §r§r§r§3 §r§r§r§9 §r§r§r§2 §r§r§r§0 §r§r§r§0 §r§r§r§3 §r§r§r§9 §r§r§r§2 §r§r§r§0 §r§r§r§0 §r§r§r§3 §r§r§r§9 §r§r§r§2 §r§r§r§0 §r§r§r§0 
23:33:09 §8 §r§8 §r§1 §r§3 §r§3 §r§7 §r§8 
23:33:12 
23:33:12 
23:34:02 §f §r§r§r§f §r§r§r§1 §r§r§r§0 §r§r§r§2 §r§r§r§f §r§r§r§f §r§r§r§2 §r§r§r§0 §r§r§r§4 §r§r§r§3 §r§r§r§9 §r§r§r§2 §r§r§r§0 §r§r§r§0 §r§r§r§3 §r§r§r§9 §r§r§r§2 §r§r§r§0 §r§r§r§0 §r§r§r§3 §r§r§r§9 §r§r§r§2 §r§r§r§0 §r§r§r§0 
23:34:08 §8 §r§8 §r§1 §r§3 §r§3 §r§7 §r§8 
23:34:08 
23:34:08 
23:34:12 §8 §r§8 §r§1 §r§3 §r§3 §r§7 §r§8 
23:42:49 §f                                        
00:00:58 §f
00:01:01 
00:02:50 §f                                        
00:02:50 §f                                        
00:23:29 §f §r§r§r§f §r§r§r§1 §r§r§r§0 §r§r§r§2 §r§r§r§f §r§r§r§f §r§r§r§2 §r§r§r§0 §r§r§r§4 §r§r§r§3 §r§r§r§9 §r§r§r§2 §r§r§r§0 §r§r§r§0 §r§r§r§3 §r§r§r§9 §r§r§r§2 §r§r§r§0 §r§r§r§0 §r§r§r§3 §r§r§r§9 §r§r§r§2 §r§r§r§0 §r§r§r§0 
00:25:01 §8 §r§8 §r§1 §r§3 §r§3 §r§7 §r§8 
00:25:03 
00:25:03 
00:25:22 §8 §r§8 §r§1 §r§3 §r§3 §r§7 §r§8 
00:33:40 §f §r§r§r§f §r§r§r§1 §r§r§r§0 §r§r§r§2 §r§r§r§f §r§r§r§f §r§r§r§2 §r§r§r§0 §r§r§r§4 §r§r§r§3 §r§r§r§9 §r§r§r§2 §r§r§r§0 §r§r§r§0 §r§r§r§3 §r§r§r§9 §r§r§r§2 §r§r§r§0 §r§r§r§0 §r§r§r§3 §r§r§r§9 §r§r§r§2 §r§r§r§0 §r§r§r§0 
00:33:45 §8 §r§8 §r§1 §r§3 §r§3 §r§7 §r§8 
00:33:47 
00:33:47 
00:33:51 §8 §r§8 §r§1 §r§3 §r§3 §r§7 §r§8 
00:34:38 §f §r§r§r§f §r§r§r§1 §r§r§r§0 §r§r§r§2 §r§r§r§f §r§r§r§f §r§r§r§2 §r§r§r§0 §r§r§r§4 §r§r§r§3 §r§r§r§9 §r§r§r§2 §r§r§r§0 §r§r§r§0 §r§r§r§3 §r§r§r§9 §r§r§r§2 §r§r§r§0 §r§r§r§0 §r§r§r§3 §r§r§r§9 §r§r§r§2 §r§r§r§0 §r§r§r§0 
00:34:41 §8 §r§8 §r§1 §r§3 §r§3 §r§7 §r§8 
00:34:43 
00:34:43 
00:35:05 §8 §r§8 §r§1 §r§3 §r§3 §r§7 §r§8 
00:35:09 §8 §r§8 §r§1 §r§3 §r§3 §r§7 §r§8 
00:37:20 §8 §r§8 §r§1 §r§3 §r§3 §r§7 §r§8 
00:40:55 §f §r§r§r§f §r§r§r§1 §r§r§r§0 §r§r§r§2 §r§r§r§f §r§r§r§f §r§r§r§2 §r§r§r§0 §r§r§r§4 §r§r§r§3 §r§r§r§9 §r§r§r§2 §r§r§r§0 §r§r§r§0 §r§r§r§3 §r§r§r§9 §r§r§r§2 §r§r§r§0 §r§r§r§0 §r§r§r§3 §r§r§r§9 §r§r§r§2 §r§r§r§0 §r§r§r§0 
00:40:59 §8 §r§8 §r§1 §r§3 §r§3 §r§7 §r§8 
00:41:00 
00:41:00 
00:41:32 §f §r§r§r§f §r§r§r§1 §r§r§r§0 §r§r§r§2 §r§r§r§f §r§r§r§f §r§r§r§2 §r§r§r§0 §r§r§r§4 §r§r§r§3 §r§r§r§9 §r§r§r§2 §r§r§r§0 §r§r§r§0 §r§r§r§3 §r§r§r§9 §r§r§r§2 §r§r§r§0 §r§r§r§0 §r§r§r§3 §r§r§r§9 §r§r§r§2 §r§r§r§0 §r§r§r§0 
