23:33:09 §7Sending to server mini187AS...
23:34:07 §7Sending to server mini148AM...
23:34:11 §7Warping...
23:34:11 §7Sending to server mini19AC...
00:25:00 §7Sending to server mini71BA...
00:25:21 §7Warping you to your SkyBlock island...
00:25:21 §7Sending to server mini191E...
00:33:44 §7Sending to server mini79CU...
00:33:50 §7Warping you to your SkyBlock island...
00:33:50 §7Sending to server mini153BQ...
00:34:41 §7Sending to server mini98DR...
00:35:03 §7Finding player...
00:35:04 §7Sending a visit request...
00:35:04 §7Sending to server mini1024D...
00:35:08 §7Sending to server mini33DF...
00:37:19 §7Warping you to your SkyBlock island...
00:37:20 §7Sending to server mini86A...
00:40:58 §7Sending to server mini214R...
00:41:24 §7Warping...
00:41:25 §7Sending to server mini69CQ...
00:41:36 §7Sending to server mini214R...
