20:41:38 §f §r§r§r§f §r§r§r§1 §r§r§r§0 §r§r§r§2 §r§r§r§f §r§r§r§f §r§r§r§2 §r§r§r§0 §r§r§r§4 §r§r§r§3 §r§r§r§9 §r§r§r§2 §r§r§r§0 §r§r§r§0 §r§r§r§3 §r§r§r§9 §r§r§r§2 §r§r§r§0 §r§r§r§0 §r§r§r§3 §r§r§r§9 §r§r§r§2 §r§r§r§0 §r§r§r§0 
20:42:00 §8 §r§8 §r§1 §r§3 §r§3 §r§7 §r§8 
20:42:02 
20:42:02 
20:42:09 §8 §r§8 §r§1 §r§3 §r§3 §r§7 §r§8 
20:43:12 §8 §r§8 §r§1 §r§3 §r§3 §r§7 §r§8 
20:52:44 §8 §r§8 §r§1 §r§3 §r§3 §r§7 §r§8 
20:59:21 §8 §r§8 §r§1 §r§3 §r§3 §r§7 §r§8 
21:01:12 §f
21:03:33 §8 §r§8 §r§1 §r§3 §r§3 §r§7 §r§8 
21:04:14 §8 §r§8 §r§1 §r§3 §r§3 §r§7 §r§8 
21:04:39 §8 §r§8 §r§1 §r§3 §r§3 §r§7 §r§8 
21:12:06 §8 §r§8 §r§1 §r§3 §r§3 §r§7 §r§8 
21:12:46 §8 §r§8 §r§1 §r§3 §r§3 §r§7 §r§8 
21:21:11  
21:21:11  
21:21:11  
21:21:30 §8 §r§8 §r§1 §r§3 §r§3 §r§7 §r§8 
21:22:03 §8 §r§8 §r§1 §r§3 §r§3 §r§7 §r§8 
21:22:26 §8 §r§8 §r§1 §r§3 §r§3 §r§7 §r§8 
21:23:25 §8 §r§8 §r§1 §r§3 §r§3 §r§7 §r§8 
21:33:11  
21:33:11  
21:33:11  
21:42:02 §8 §r§8 §r§1 §r§3 §r§3 §r§7 §r§8 
21:42:20 §8 §r§8 §r§1 §r§3 §r§3 §r§7 §r§8 
21:44:30 §8 §r§8 §r§1 §r§3 §r§3 §r§7 §r§8 
21:46:20 §8 §r§8 §r§1 §r§3 §r§3 §r§7 §r§8 
21:49:56 §8 §r§8 §r§1 §r§3 §r§3 §r§7 §r§8 
21:51:15 §8 §r§8 §r§1 §r§3 §r§3 §r§7 §r§8 
21:52:17 §8 §r§8 §r§1 §r§3 §r§3 §r§7 §r§8 
21:54:30 §8 §r§8 §r§1 §r§3 §r§3 §r§7 §r§8 
21:56:16 §8 §r§8 §r§1 §r§3 §r§3 §r§7 §r§8 
21:56:25 §8 §r§8 §r§1 §r§3 §r§3 §r§7 §r§8 
21:58:22 §8 §r§8 §r§1 §r§3 §r§3 §r§7 §r§8 
22:05:58 §f
22:06:52 §8 §r§8 §r§1 §r§3 §r§3 §r§7 §r§8 
22:07:07  
22:12:13 
22:12:13 
22:12:13 
22:12:13 
22:12:15 
22:12:15 
22:12:23 §8 §r§8 §r§1 §r§3 §r§3 §r§7 §r§8 
22:12:36 §f
22:13:00 
22:13:00 
22:13:31 §f
22:14:57 §f
22:16:28 §f
22:16:58 §8 §r§8 §r§1 §r§3 §r§3 §r§7 §r§8 
22:17:26 
22:17:26 
22:17:26 
22:17:34 
22:17:34 
22:17:34 
22:17:42 
22:17:42 
22:17:42 
22:26:12 
22:26:13 
22:26:13 
22:26:13 
22:26:14 
22:26:14 
22:26:24 
22:26:24 
22:26:28 §8 §r§8 §r§1 §r§3 §r§3 §r§7 §r§8 
22:27:01 §8 §r§8 §r§1 §r§3 §r§3 §r§7 §r§8 
22:28:17  
22:32:02  
22:33:20  
22:33:49 §8 §r§8 §r§1 §r§3 §r§3 §r§7 §r§8 
22:33:53 §8 §r§8 §r§1 §r§3 §r§3 §r§7 §r§8 
22:35:15  
22:40:49  
22:42:09  
22:53:16  
22:54:02  
22:54:54 §8 §r§8 §r§1 §r§3 §r§3 §r§7 §r§8 
22:58:33 §8 §r§8 §r§1 §r§3 §r§3 §r§7 §r§8 
22:59:19 §8 §r§8 §r§1 §r§3 §r§3 §r§7 §r§8 
23:01:12 §f
