15:26:03 [EMPTY] §f §r§r§r§f §r§r§r§1 §r§r§r§0 §r§r§r§2 §r§r§r§f §r§r§r§f §r§r§r§2 §r§r§r§0 §r§r§r§4 §r§r§r§3 §r§r§r§9 §r§r§r§2 §r§r§r§0 §r§r§r§0 §r§r§r§3 §r§r§r§9 §r§r§r§2 §r§r§r§0 §r§r§r§0 §r§r§r§3 §r§r§r§9 §r§r§r§2 §r§r§r§0 §r§r§r§0 
15:26:03 [LOBBY] §b[MVP§d+§b] Unsiii§f §6joined the lobby!
15:26:10 [LOBBY] §b[MVP§c+§b] Gearrai§f §6joined the lobby!
15:26:14 [LOBBY]   §r§f§l➤ §r§6You have reached your Hype limit! Add Hype to Prototype Lobby minigames by right-clicking with the Hype Diamond!
15:26:14 [LOBBY] §b[MVP§c+§b] Hardwire2§f §6joined the lobby!
15:26:15 [LOBBY] §b[MVP§c+§b] DepressedTort§f §6joined the lobby!
15:26:15 [LOBBY] §b[MVP§c+§b] mindhooked§f §6joined the lobby!
15:26:15 [WARPING] §7Sending to server mini63AD...
15:26:18 [EMPTY] §8 §r§8 §r§1 §r§3 §r§3 §r§7 §r§8 
15:26:31 [EMPTY] 
15:26:31 [WELCOME] §eWelcome to §r§aHypixel SkyBlock§r§e!
15:26:31 [EMPTY] 
15:26:31 [PROFILE_JOIN] §aYou are playing on profile: §eApple§b (Co-op)
15:26:31 [PROFILE_JOIN] §8Profile ID: b1a71305-1956-42bf-90e4-bce6f7285754
15:29:33 [GUILD_EXP] §aYou earned §r§2218 GEXP §r§a+ §r§e218 Event EXP §r§afrom playing SkyBlock!
15:47:04 [EMPTY] §f §r§r§r§f §r§r§r§1 §r§r§r§0 §r§r§r§2 §r§r§r§f §r§r§r§f §r§r§r§2 §r§r§r§0 §r§r§r§4 §r§r§r§3 §r§r§r§9 §r§r§r§2 §r§r§r§0 §r§r§r§0 §r§r§r§3 §r§r§r§9 §r§r§r§2 §r§r§r§0 §r§r§r§0 §r§r§r§3 §r§r§r§9 §r§r§r§2 §r§r§r§0 §r§r§r§0 
15:47:04 [LOBBY] §b[MVP§9+§b] Sebbebas§f §6joined the lobby!
15:47:07 [LOBBY] §b[MVP§3+§b] iWindows12§f §6joined the lobby!
15:47:09 [LOBBY]  §b>§c>§a>§r §r§6[MVP§e++§6] Kyetih§f §6joined the lobby!§r §a<§c<§b<
15:47:10 [LOBBY]  §b>§c>§a>§r §r§6[MVP§2++§6] White_Soda§f §6joined the lobby!§r §a<§c<§b<
15:47:18 [LOBBY] §b[MVP§2+§b] bluefootie06§f §6joined the lobby!
15:47:27 [WARPING] §7Sending to server mini62CA...
15:47:32 [EMPTY] §8 §r§8 §r§1 §r§3 §r§3 §r§7 §r§8 
15:47:33 [EMPTY] 
15:47:33 [WELCOME] §eWelcome to §r§aHypixel SkyBlock§r§e!
15:47:33 [EMPTY] 
15:47:33 [PROFILE_JOIN] §aYou are playing on profile: §eBanana§b (Co-op)
15:47:33 [PROFILE_JOIN] §8Profile ID: b1a71305-1956-42bf-90e4-bce6f7285754
15:47:33 [SKYMALL] §bNew day! §r§eYour §r§2Sky Mall §r§ebuff changed!
15:47:33 [SKYMALL] §eNew buff§r§r§r: §r§fReduce Pickaxe Ability cooldown by §r§a20%§r§f.
15:47:33 [SKYMALL] §8§oYou can disable this messaging by toggling Sky Mall in your /hotm!
15:47:48 [WARPING] §7Warping...
15:47:48 [WARPING] §7Sending to server mini73AN...
15:47:52 [EMPTY] §8 §r§8 §r§1 §r§3 §r§3 §r§7 §r§8 
15:47:54 [PROFILE_JOIN] §aYou are playing on profile: §eBanana§b (Co-op)
15:47:54 [PROFILE_JOIN] §8Profile ID: b1a71305-1956-42bf-90e4-bce6f7285754
15:49:58 [EMPTY] §f §r§r§r§f §r§r§r§1 §r§r§r§0 §r§r§r§2 §r§r§r§f §r§r§r§f §r§r§r§2 §r§r§r§0 §r§r§r§4 §r§r§r§3 §r§r§r§9 §r§r§r§2 §r§r§r§0 §r§r§r§0 §r§r§r§3 §r§r§r§9 §r§r§r§2 §r§r§r§0 §r§r§r§0 §r§r§r§3 §r§r§r§9 §r§r§r§2 §r§r§r§0 §r§r§r§0 
15:49:59 [LOBBY] §b[MVP§9+§b] Sebbebas§f §6joined the lobby!
15:50:01 [WARPING] §7Sending to server mini62CC...
15:50:02 [EMPTY] §8 §r§8 §r§1 §r§3 §r§3 §r§7 §r§8 
15:50:04 [EMPTY] 
15:50:04 [WELCOME] §eWelcome to §r§aHypixel SkyBlock§r§e!
15:50:04 [EMPTY] 
15:50:05 [PROFILE_JOIN] §aYou are playing on profile: §eBanana§b (Co-op)
15:50:05 [PROFILE_JOIN] §8Profile ID: b1a71305-1956-42bf-90e4-bce6f7285754
15:50:31 [WARPING] §7Warping you to your SkyBlock island...
15:50:32 [WARPING] §7Sending to server mini181AG...
15:50:33 [EMPTY] §8 §r§8 §r§1 §r§3 §r§3 §r§7 §r§8 
15:50:36 [PROFILE_JOIN] §aYou are playing on profile: §eBanana§b (Co-op)
15:50:36 [PROFILE_JOIN] §8Profile ID: b1a71305-1956-42bf-90e4-bce6f7285754
15:55:01 [SKYMALL] §bNew day! §r§eYour §r§2Sky Mall §r§ebuff changed!
15:55:01 [SKYMALL] §eNew buff§r§r§r: §r§fGain §r§a+100 §r§6⸕ Mining Speed§r§f.
15:55:01 [SKYMALL] §8§oYou can disable this messaging by toggling Sky Mall in your /hotm!
15:55:33 [GUILD_EXP] §aYou earned §r§2322 GEXP §r§a+ §r§e966 Event EXP §r§afrom playing SkyBlock!
16:00:34 [GUILD_EXP] §aYou earned §r§2378 GEXP §r§a+ §r§e1,134 Event EXP §r§afrom playing SkyBlock!
16:00:47 [EMPTY] §f
16:00:47 [WATCHDOG] §4[WATCHDOG ANNOUNCEMENT]
16:00:47 [WATCHDOG] §fWatchdog has banned §r§c§l16,012§r§f players in the last 7 days.
16:00:47 [WATCHDOG] §fStaff have banned an additional §r§c§l14,318§r§f in the last 7 days.
16:00:47 [WATCHDOG] §cBlacklisted modifications are a bannable offense!
16:00:47 [WATCHDOG] §c
16:03:44 [WARPING] §7Finding player...
16:03:46 [WARPING] §7Sending a visit request...
16:03:46 [WARPING] §7Sending to server mini79U...
16:03:47 [EMPTY] §8 §r§8 §r§1 §r§3 §r§3 §r§7 §r§8 
16:03:50 [PROFILE_JOIN] §aYou are playing on profile: §eBanana§b (Co-op)
16:03:50 [PROFILE_JOIN] §8Profile ID: b1a71305-1956-42bf-90e4-bce6f7285754
16:05:01 [WARPING] §7Warping you to your SkyBlock island...
16:05:01 [WARPING] §7Sending to server mini75AQ...
16:05:02 [EMPTY] §8 §r§8 §r§1 §r§3 §r§3 §r§7 §r§8 
16:05:04 [PROFILE_JOIN] §aYou are playing on profile: §eBanana§b (Co-op)
16:05:04 [PROFILE_JOIN] §8Profile ID: b1a71305-1956-42bf-90e4-bce6f7285754
16:05:42 [WARPING] §7Warping...
