22:05:07 §7Sending to server mini75H...
22:08:08 §7Warping you to your SkyBlock island...
22:08:08 §7Sending to server mini143H...
22:08:12 §7Sending to server mini15CQ...
22:08:50 §7Finding player...
22:08:51 §7Sending a visit request...
22:08:52 §7Sending to server mini197DP...
22:08:57 §7Sending to server mini71DJ...
22:20:19 §7Sending to server mini189AT...
22:20:24 §7Warping...
22:20:24 §7Sending to server mini38AN...
22:21:39 §7Sending to server mini38AN...
22:30:30 §7Warping you to your SkyBlock island...
22:30:31 §7Sending to server mini3CE...
22:31:20 §7Finding player...
22:31:22 §7Sending a visit request...
22:31:22 §7Sending to server mini197DP...
22:31:52 §7Warping you to your SkyBlock island...
22:31:52 §7Sending to server mini61BS...
22:34:00 §7Warping...
22:34:00 §7Sending to server mini266G...
22:34:04 §7Warping you to your SkyBlock island...
22:34:04 §7Sending to server mini61BS...
