08:44:59 §f §r§r§r§f §r§r§r§1 §r§r§r§0 §r§r§r§2 §r§r§r§f §r§r§r§f §r§r§r§2 §r§r§r§0 §r§r§r§4 §r§r§r§3 §r§r§r§9 §r§r§r§2 §r§r§r§0 §r§r§r§0 §r§r§r§3 §r§r§r§9 §r§r§r§2 §r§r§r§0 §r§r§r§0 §r§r§r§3 §r§r§r§9 §r§r§r§2 §r§r§r§0 §r§r§r§0 
08:45:06 §8 §r§8 §r§1 §r§3 §r§3 §r§7 §r§8 
08:45:08 
08:45:08 
08:46:30 §f                                        
08:46:30 §f                                        
08:47:39 §8 §r§8 §r§1 §r§3 §r§3 §r§7 §r§8 
08:48:07 §f §r§r§r§f §r§r§r§1 §r§r§r§0 §r§r§r§2 §r§r§r§f §r§r§r§f §r§r§r§2 §r§r§r§0 §r§r§r§4 §r§r§r§3 §r§r§r§9 §r§r§r§2 §r§r§r§0 §r§r§r§0 §r§r§r§3 §r§r§r§9 §r§r§r§2 §r§r§r§0 §r§r§r§0 §r§r§r§3 §r§r§r§9 §r§r§r§2 §r§r§r§0 §r§r§r§0 
08:48:20 §8 §r§8 §r§1 §r§3 §r§3 §r§7 §r§8 
08:48:20  
08:48:20   
08:48:21 
08:48:22 
08:48:22 
08:48:58 §8 §r§8 §r§1 §r§3 §r§3 §r§7 §r§8 
08:48:59  
08:48:59   
08:49:03 §8 §r§8 §r§1 §r§3 §r§3 §r§7 §r§8 
08:49:03  
08:49:03   
08:49:11 §f                                        
08:49:11 §f                                        
08:49:53 §f §r§r§r§f §r§r§r§1 §r§r§r§0 §r§r§r§2 §r§r§r§f §r§r§r§f §r§r§r§2 §r§r§r§0 §r§r§r§4 §r§r§r§3 §r§r§r§9 §r§r§r§2 §r§r§r§0 §r§r§r§0 §r§r§r§3 §r§r§r§9 §r§r§r§2 §r§r§r§0 §r§r§r§0 §r§r§r§3 §r§r§r§9 §r§r§r§2 §r§r§r§0 §r§r§r§0 
08:50:12 §8 §r§8 §r§1 §r§3 §r§3 §r§7 §r§8 
08:50:14 
08:50:14 
08:51:09 §8 §r§8 §r§1 §r§3 §r§3 §r§7 §r§8 
08:52:25 
08:52:36 
08:52:38 
08:52:39 
08:52:43 
08:52:50 
08:52:54 
08:52:54 
08:52:58 
08:53:00 
08:53:08 
08:53:08 
08:53:19 
08:53:20 
08:53:24 
08:53:25 
08:53:26 
08:53:26 
08:53:41 
08:53:42 
08:54:07 
08:54:08 
08:54:09 
08:54:09 
08:54:12 
08:54:12 
08:54:13 
08:54:13 
08:54:15 
08:54:18 
08:54:26 
08:54:40 
08:54:49 
08:54:50 
08:55:40 §8 §r§8 §r§1 §r§3 §r§3 §r§7 §r§8 
08:58:06 §8 §r§8 §r§1 §r§3 §r§3 §r§7 §r§8 
08:58:08 
08:58:08 
09:00:43  
09:05:24 §8 §r§8 §r§1 §r§3 §r§3 §r§7 §r§8 
09:08:00 §f                                        
09:23:12 §8 §r§8 §r§1 §r§3 §r§3 §r§7 §r§8 
09:23:14 
09:23:14 
09:23:27 
09:28:47 §8 §r§8 §r§1 §r§3 §r§3 §r§7 §r§8 
