08:43:02 
08:43:02 blocked link because:
08:43:02 isNotInSignAndOnSlot
08:43:02 
08:43:02 
08:43:02 blocked link because:
08:43:02 isNotInSignAndOnSlot
08:43:02 
08:43:02 allowed click
08:43:02 allowed click
08:43:02 allowed click
08:43:02 allowed click
08:43:02 allowed click
08:43:02 allowed click
08:43:02 allowed click
08:43:02 allowed click
08:43:02 allowed click
08:43:02 allowed click
08:43:02 allowed click
08:43:02 allowed click
08:43:02 allowed click
08:43:02 allowed click
08:43:02 allowed click
08:43:02 allowed click
08:43:02 allowed click
08:43:02 allowed click
08:43:02 allowed click
08:43:02 allowed click
08:43:02 allowed click
08:43:02 allowed click
08:43:02 allowed click
08:43:02 allowed click
08:43:02 allowed click
08:43:02 allowed click
08:43:02 allowed click
08:43:02 allowed click
08:43:02 allowed click
08:43:02 allowed click
08:43:02 allowed click
08:43:02 allowed click
08:43:02 allowed click
08:43:02 allowed click
08:43:02 allowed click
08:43:02 allowed click
08:43:02 allowed click
08:43:02 allowed click
08:43:02 allowed click
08:43:02 allowed click
08:43:02 allowed click
08:43:02 allowed click
08:43:02 allowed click
08:43:02 allowed click
08:43:02 allowed click
08:43:02 allowed click
08:43:02 allowed click
08:43:02 allowed click
08:43:02 allowed click
08:43:02 allowed click
08:43:03 allowed click
08:43:03 allowed click
08:43:03 allowed click
08:43:03 allowed click
08:43:03 allowed click
08:43:03 allowed click
08:43:03 allowed click
08:43:03 allowed click
08:43:03 allowed click
08:43:03 allowed click
08:43:03 allowed click
08:43:03 allowed click
08:43:03 allowed click
08:43:03 allowed click
08:43:03 allowed click
08:43:03 allowed click
08:43:03 allowed click
08:43:03 allowed click
08:43:03 allowed click
08:43:03 allowed click
08:43:03 allowed click
08:43:03 allowed click
08:43:03 allowed click
08:43:03 allowed click
08:43:03 allowed click
08:43:03 allowed click
08:43:03 allowed click
08:43:03 allowed click
08:43:03 allowed click
08:43:03 allowed click
08:43:03 allowed click
08:43:03 allowed click
08:43:03 allowed click
08:43:03 allowed click
08:43:03 allowed click
08:43:03 allowed click
08:43:03 allowed click
08:43:03 allowed click
08:43:03 allowed click
08:43:03 allowed click
08:43:03 allowed click
08:43:03 allowed click
08:43:03 allowed click
08:43:03 allowed click
08:43:03 allowed click
08:43:03 allowed click
08:43:03 allowed click
08:43:03 allowed click
08:43:03 allowed click
08:43:03 allowed click
08:43:03 allowed click
08:43:03 allowed click
08:43:03 allowed click
08:43:03 allowed click
08:43:03 allowed click
08:43:03 allowed click
08:43:03 allowed click
08:43:03 allowed click
08:43:03 allowed click
08:43:03 allowed click
08:43:03 allowed click
08:43:03 allowed click
08:43:03 allowed click
08:43:03 allowed click
08:43:03 allowed click
08:43:03 allowed click
08:43:03 allowed click
08:43:03 allowed click
08:43:03 allowed click
08:43:03 allowed click
08:43:03 allowed click
08:43:03 allowed click
08:43:03 allowed click
08:43:03 allowed click
08:43:03 allowed click
08:43:03 allowed click
08:43:03 allowed click
08:43:03 allowed click
08:43:03 allowed click
08:43:03 allowed click
08:43:03 allowed click
08:43:03 allowed click
08:43:03 allowed click
08:43:03 allowed click
08:43:03 allowed click
08:43:03 allowed click
08:43:03 allowed click
08:43:03 allowed click
08:43:03 allowed click
08:43:03 allowed click
08:43:03 allowed click
08:43:03 allowed click
08:43:03 allowed click
08:43:03 allowed click
08:43:03 allowed click
08:43:03 allowed click
08:43:03 allowed click
08:43:03 allowed click
08:43:03 allowed click
08:43:03 allowed click
08:52:19 
08:52:19 blocked link because:
08:52:19 isNotInSignAndOnSlot
08:52:19 
08:52:19 
08:52:19 blocked link because:
08:52:19 isNotInSignAndOnSlot
08:52:19 
08:52:19 allowed click
08:52:19 allowed click
08:52:19 allowed click
08:52:19 allowed click
08:52:19 allowed click
08:52:19 allowed click
08:52:19 allowed click
08:52:19 allowed click
08:52:19 allowed click
08:52:19 allowed click
08:52:19 allowed click
08:52:19 allowed click
08:52:19 allowed click
08:52:19 allowed click
08:52:19 allowed click
08:52:19 allowed click
08:52:19 allowed click
08:52:19 allowed click
08:52:19 allowed click
08:52:19 allowed click
08:52:19 allowed click
08:52:19 allowed click
08:52:19 allowed click
08:52:19 allowed click
08:52:19 allowed click
08:52:19 allowed click
08:52:19 allowed click
08:52:19 allowed click
08:52:19 allowed click
08:52:19 allowed click
08:52:19 allowed click
08:52:19 allowed click
08:52:19 allowed click
08:52:19 allowed click
08:52:19 allowed click
08:52:19 allowed click
08:52:19 allowed click
08:52:19 allowed click
08:52:19 allowed click
08:52:19 allowed click
08:52:19 allowed click
08:52:19 allowed click
08:52:19 allowed click
08:52:19 allowed click
08:52:19 allowed click
08:52:19 allowed click
08:52:19 allowed click
08:52:19 allowed click
08:52:19 allowed click
08:52:19 allowed click
08:52:19 allowed click
08:52:19 allowed click
08:52:19 allowed click
08:52:19 allowed click
08:52:19 allowed click
08:52:19 allowed click
08:52:19 allowed click
08:52:19 allowed click
08:52:19 allowed click
08:52:19 allowed click
08:52:19 allowed click
08:52:19 allowed click
08:52:19 allowed click
08:52:19 allowed click
08:52:19 allowed click
08:52:19 allowed click
08:52:19 allowed click
08:52:19 allowed click
08:52:19 allowed click
08:52:19 allowed click
08:52:19 allowed click
08:52:19 allowed click
08:52:19 allowed click
08:52:19 allowed click
08:52:19 allowed click
08:52:19 allowed click
08:52:19 allowed click
08:52:19 allowed click
08:52:19 allowed click
08:52:19 allowed click
08:52:19 allowed click
08:52:19 allowed click
08:52:19 allowed click
08:52:19 allowed click
08:52:19 allowed click
08:52:19 allowed click
08:52:19 allowed click
08:52:19 allowed click
08:52:19 allowed click
08:52:19 allowed click
08:52:19 allowed click
08:52:19 allowed click
08:52:19 allowed click
08:52:19 allowed click
08:52:19 allowed click
08:52:19 allowed click
08:52:19 allowed click
08:52:19 allowed click
08:52:19 allowed click
08:52:19 allowed click
08:52:19 allowed click
08:52:19 allowed click
08:52:19 allowed click
08:52:19 allowed click
08:52:19 allowed click
08:52:19 allowed click
08:52:19 allowed click
08:52:19 allowed click
08:52:19 allowed click
08:52:19 allowed click
08:52:19 allowed click
08:52:19 allowed click
08:52:19 allowed click
08:52:19 allowed click
08:52:19 allowed click
08:52:19 allowed click
08:52:19 allowed click
08:52:19 allowed click
08:52:19 allowed click
08:52:19 allowed click
08:52:19 allowed click
08:52:19 allowed click
08:52:19 allowed click
08:52:19 allowed click
08:52:19 allowed click
08:52:19 allowed click
08:52:19 allowed click
08:52:19 allowed click
08:52:19 allowed click
08:52:19 allowed click
08:52:19 allowed click
08:52:19 allowed click
08:52:19 allowed click
08:52:19 allowed click
08:52:19 allowed click
08:52:19 allowed click
08:52:19 allowed click
08:52:19 allowed click
08:52:19 allowed click
08:52:19 allowed click
08:52:19 allowed click
08:52:19 allowed click
08:52:19 allowed click
08:52:19 allowed click
08:52:19 allowed click
08:52:19 allowed click
08:52:19 allowed click
08:52:19 allowed click
08:52:19 allowed click
08:52:19 allowed click
08:52:19 allowed click
08:52:19 allowed click
08:52:19 allowed click
08:52:19 allowed click
08:52:19 allowed click
08:52:19 allowed click
08:52:20 allowed click
08:52:20 allowed click
08:52:20 allowed click
08:52:20 allowed click
08:52:20 allowed click
08:52:20 allowed click
08:52:20 allowed click
08:52:20 allowed click
09:42:29 allowed click
09:42:29 allowed click
09:42:29 allowed click
09:42:29 allowed click
09:42:29 allowed click
09:42:29 allowed click
09:42:29 allowed click
09:42:29 allowed click
09:42:29 allowed click
09:42:29 allowed click
09:42:29 allowed click
09:42:29 allowed click
09:42:29 allowed click
09:42:29 allowed click
09:42:29 allowed click
09:42:29 allowed click
09:42:29 allowed click
09:42:29 allowed click
09:42:29 allowed click
09:42:29 allowed click
09:42:29 allowed click
09:42:29 allowed click
09:42:29 allowed click
09:42:29 allowed click
09:42:29 allowed click
09:42:29 allowed click
09:42:29 allowed click
09:42:29 allowed click
10:28:18 
10:28:18 blocked link because:
10:28:18 neuFocus
10:28:18 
10:28:18 
10:28:18 blocked link because:
10:28:18 neuFocus
10:28:18 
10:28:18 
10:28:18 blocked link because:
10:28:18 neuFocus
10:28:18 
10:28:18 
10:28:18 blocked link because:
10:28:18 neuFocus
10:28:18 
10:28:18 
10:28:18 blocked link because:
10:28:18 neuFocus
10:28:18 
10:28:18 
10:28:18 blocked link because:
10:28:18 neuFocus
10:28:18 
10:28:18 
10:28:18 blocked link because:
10:28:18 neuFocus
10:28:18 
10:28:18 
10:28:18 blocked link because:
10:28:18 neuFocus
10:28:18 
10:28:18 
10:28:18 blocked link because:
10:28:18 neuFocus
10:28:18 
10:28:18 
10:28:18 blocked link because:
10:28:18 neuFocus
10:28:18 
10:28:18 
10:28:18 blocked link because:
10:28:18 neuFocus
10:28:18 
10:28:18 
10:28:18 blocked link because:
10:28:18 neuFocus
10:28:18 
10:28:18 
10:28:18 blocked link because:
10:28:18 neuFocus
10:28:18 
10:28:18 
10:28:18 blocked link because:
10:28:18 neuFocus
10:28:18 
10:28:18 
10:28:18 blocked link because:
10:28:18 neuFocus
10:28:18 
10:29:16 
10:29:16 blocked link because:
10:29:16 isNotInSignAndOnSlot
10:29:16 
10:29:16 
10:29:16 blocked link because:
10:29:16 isNotInSignAndOnSlot
10:29:16 
10:29:17 allowed click
10:29:17 allowed click
10:29:17 allowed click
10:29:17 allowed click
10:29:17 allowed click
10:29:17 allowed click
10:29:17 allowed click
10:29:17 allowed click
10:29:21 
10:29:21 blocked link because:
10:29:21 neuFocus
10:29:21 
10:29:21 
10:29:21 blocked link because:
10:29:21 neuFocus
10:29:21 
10:29:21 
10:29:21 blocked link because:
10:29:21 neuFocus
10:29:21 
10:29:21 
10:29:21 blocked link because:
10:29:21 neuFocus
10:29:21 
10:29:21 
10:29:21 blocked link because:
10:29:21 neuFocus
10:29:21 
10:29:21 
10:29:21 blocked link because:
10:29:21 neuFocus
10:29:21 
10:29:21 
10:29:21 blocked link because:
10:29:21 neuFocus
10:29:21 
10:29:21 
10:29:21 blocked link because:
10:29:21 neuFocus
10:29:21 
10:29:21 
10:29:21 blocked link because:
10:29:21 neuFocus
10:29:21 
