22:19:03 [EMPTY] §f §r§r§r§f §r§r§r§1 §r§r§r§0 §r§r§r§2 §r§r§r§f §r§r§r§f §r§r§r§2 §r§r§r§0 §r§r§r§4 §r§r§r§3 §r§r§r§9 §r§r§r§2 §r§r§r§0 §r§r§r§0 §r§r§r§3 §r§r§r§9 §r§r§r§2 §r§r§r§0 §r§r§r§0 §r§r§r§3 §r§r§r§9 §r§r§r§2 §r§r§r§0 §r§r§r§0 
22:19:03 [LOBBY] §b[MVP§e+§b] Sebbebas§f §6joined the lobby!
22:19:03 [LOBBY] §b[MVP§6+§b] Senikai§f §6joined the lobby!
22:19:03 [allowed] §b§m--------------§r§f  §r§aGuild: Message Of The Day  §r§b§m--------------
22:19:03 [allowed] §b| §r§fOlleg2 Left the guild
22:19:03 [allowed] §b§m-----------------------------------------------------
22:19:04 [LOBBY]   §r§f§l➤ §r§6You have reached your Hype limit! Add Hype to Prototype Lobby minigames by right-clicking with the Hype Diamond!
22:19:05 [allowed] §cYou are sending commands too fast! Please slow down.
22:19:17 [LOBBY] §b[MVP§f+§b] DrWuzi§f §6joined the lobby!
22:19:20 [LOBBY] §b[MVP§c+§b] miner_cookie§f §6joined the lobby!
22:19:20 [WARPING] §7Sending to server mini192V...
22:19:21 [EMPTY] §8 §r§8 §r§1 §r§3 §r§3 §r§7 §r§8 
22:19:21 [NEW_VISITOR_ARRIVED] §9§r§9Zog §r§ehas arrived on your §r§bGarden§r§e!
22:19:22 [allowed] §cYou are sending commands too fast! Please slow down.
22:19:22 [allowed] §cYou are sending commands too fast! Please slow down.
22:19:22 [EMPTY] 
22:19:22 [WELCOME] §eWelcome to §r§aHypixel SkyBlock§r§e!
22:19:22 [EMPTY] 
22:19:22 [allowed] §eLatest update: §bSkyBlock v0.20.2 §e§lCLICK
22:19:23 [PROFILE_JOIN] §aYou are playing on profile: §eBanana§b (Co-op)
22:19:23 [PROFILE_JOIN] §8Profile ID: b1a71305-1956-42bf-90e4-bce6f7285754
22:20:03 [allowed] §cYou can only use this item inside dungeons!
22:20:03 [allowed] §aClick here §eto view the secret recipe!
22:20:20 [allowed] §a§r§6Mining Speed Boost §r§ais now available!
22:21:26 [EMPTY] §f §r§r§r§f §r§r§r§1 §r§r§r§0 §r§r§r§2 §r§r§r§f §r§r§r§f §r§r§r§2 §r§r§r§0 §r§r§r§4 §r§r§r§3 §r§r§r§9 §r§r§r§2 §r§r§r§0 §r§r§r§0 §r§r§r§3 §r§r§r§9 §r§r§r§2 §r§r§r§0 §r§r§r§0 §r§r§r§3 §r§r§r§9 §r§r§r§2 §r§r§r§0 §r§r§r§0 
22:21:26 [LOBBY] §b[MVP§e+§b] Sebbebas§f §6joined the lobby!
22:21:26 [allowed] §b§m--------------§r§f  §r§aGuild: Message Of The Day  §r§b§m--------------
22:21:26 [allowed] §b| §r§fOlleg2 Left the guild
22:21:26 [allowed] §b§m-----------------------------------------------------
22:21:28 [LOBBY]   §r§f§l➤ §r§6You have reached your Hype limit! Add Hype to Prototype Lobby minigames by right-clicking with the Hype Diamond!
22:21:29 [allowed] §cYou are sending commands too fast! Please slow down.
22:21:29 [allowed] §a[VIP] Justabird79§f§r§f: its for diana
22:21:29 [allowed] §a[VIP] Justabird79§f§r§f: you dont need it
22:21:31 [WARPING] §7Sending to server mini184BV...
22:21:32 [EMPTY] §8 §r§8 §r§1 §r§3 §r§3 §r§7 §r§8 
22:21:33 [allowed] §cYou are sending commands too fast! Please slow down.
22:21:34 [EMPTY] 
22:21:34 [WELCOME] §eWelcome to §r§aHypixel SkyBlock§r§e!
22:21:34 [EMPTY] 
22:21:34 [allowed] §eLatest update: §bSkyBlock v0.20.2 §e§lCLICK
22:21:34 [PROFILE_JOIN] §aYou are playing on profile: §eBanana§b (Co-op)
22:21:34 [PROFILE_JOIN] §8Profile ID: b1a71305-1956-42bf-90e4-bce6f7285754
22:22:31 [allowed] §a§r§6Mining Speed Boost §r§ais now available!
22:25:45 [allowed] Unknown command. Type "/help" for help. ('neuitem')
22:26:47 [allowed] Unknown command. Type "/help" for help. ('neuitem')
