23:32:13 §bNew day! §r§eYour §r§2Sky Mall §r§ebuff changed!
23:32:13 §eNew buff§r§r§r: §r§fGain §r§a+100 §r§6⸕ Mining Speed§r§f.
23:32:13 §8§oYou can disable this messaging by toggling Sky Mall in your /hotm!
23:35:01 §bNew day! §r§eYour §r§2Sky Mall §r§ebuff changed!
23:35:01 §eNew buff§r§r§r: §r§fGain §r§a+50 §r§6☘ Mining Fortune§r§f.
23:35:01 §8§oYou can disable this messaging by toggling Sky Mall in your /hotm!
23:55:01 §bNew day! §r§eYour §r§2Sky Mall §r§ebuff changed!
23:55:01 §eNew buff§r§r§r: §r§fReduce Pickaxe Ability cooldown by §r§a20%§r§f.
23:55:01 §8§oYou can disable this messaging by toggling Sky Mall in your /hotm!
00:15:01 §bNew day! §r§eYour §r§2Sky Mall §r§ebuff changed!
00:15:01 §eNew buff§r§r§r: §r§fGain §r§a+50 §r§6☘ Mining Fortune§r§f.
00:15:01 §8§oYou can disable this messaging by toggling Sky Mall in your /hotm!
00:35:01 §bNew day! §r§eYour §r§2Sky Mall §r§ebuff changed!
00:35:01 §eNew buff§r§r§r: §r§fReduce Pickaxe Ability cooldown by §r§a20%§r§f.
00:35:01 §8§oYou can disable this messaging by toggling Sky Mall in your /hotm!
00:55:02 §bNew day! §r§eYour §r§2Sky Mall §r§ebuff changed!
00:55:02 §eNew buff§r§r§r: §r§fGain §r§a+15% §r§fmore Powder while mining.
00:55:02 §8§oYou can disable this messaging by toggling Sky Mall in your /hotm!
01:15:01 §bNew day! §r§eYour §r§2Sky Mall §r§ebuff changed!
01:15:01 §eNew buff§r§r§r: §r§fGain §r§a+50 §r§6☘ Mining Fortune§r§f.
01:15:01 §8§oYou can disable this messaging by toggling Sky Mall in your /hotm!
