12:43:22 DUNGEON_HUB
12:43:46 NONE
12:43:46 HUB
12:46:28 NONE
12:46:29 PRIVATE_ISLAND
12:46:56 NONE
12:46:57 HUB
12:48:48 NONE
12:48:48 DUNGEON_HUB
12:51:23 NONE
12:51:24 HUB
12:52:30 NONE
12:52:30 DUNGEON_HUB
12:53:29 NONE
12:53:30 PRIVATE_ISLAND
12:53:54 NONE
12:53:55 PRIVATE_ISLAND_GUEST
12:55:43 NONE
12:55:44 PRIVATE_ISLAND
12:56:54 NONE
12:56:54 PRIVATE_ISLAND_GUEST
12:59:28 NONE
12:59:28 DUNGEON_HUB
13:00:47 NONE
13:00:48 CATACOMBS
13:08:06 NONE
13:08:06 DUNGEON_HUB
13:09:18 NONE
13:09:19 CATACOMBS
13:17:36 NONE
13:17:36 CATACOMBS
13:25:33 NONE
13:25:33 DUNGEON_HUB
13:27:30 NONE
13:27:31 CATACOMBS
13:34:38 NONE
13:34:39 CATACOMBS
13:34:43 NONE
13:34:43 DUNGEON_HUB
13:35:37 NONE
13:35:38 CATACOMBS
13:43:04 NONE
13:43:04 DUNGEON_HUB
13:43:12 NONE
13:43:13 CATACOMBS
13:50:25 NONE
13:50:25 DUNGEON_HUB
