17:23:11 [EMPTY] §f §r§r§r§f §r§r§r§1 §r§r§r§0 §r§r§r§2 §r§r§r§f §r§r§r§f §r§r§r§2 §r§r§r§0 §r§r§r§4 §r§r§r§3 §r§r§r§9 §r§r§r§2 §r§r§r§0 §r§r§r§0 §r§r§r§3 §r§r§r§9 §r§r§r§2 §r§r§r§0 §r§r§r§0 §r§r§r§3 §r§r§r§9 §r§r§r§2 §r§r§r§0 §r§r§r§0 
17:23:11 [LOBBY] §b[MVP§c+§b] Isla_Senpai§f §6joined the lobby!
17:23:11 [LOBBY] §b[MVP§e+§b] Sebbebas§f §6joined the lobby!
17:23:12 [LOBBY]   §r§f§l➤ §r§6You have reached your Hype limit! Add Hype to Prototype Lobby minigames by right-clicking with the Hype Diamond!
17:23:31 [WARPING] §7Sending to server mini195CJ...
17:23:32 [EMPTY] §8 §r§8 §r§1 §r§3 §r§3 §r§7 §r§8 
17:23:34 [EMPTY] 
17:23:34 [WELCOME] §eWelcome to §r§aHypixel SkyBlock§r§e!
17:23:34 [EMPTY] 
17:23:35 [PROFILE_JOIN] §aYou are playing on profile: §eBanana§b (Co-op)
17:23:35 [PROFILE_JOIN] §8Profile ID: b1a71305-1956-42bf-90e4-bce6f7285754
17:23:37 [SKYMALL] §eNew buff§r§r§r: §r§fGain §r§a+50 §r§6☘ Mining Fortune§r§f.
17:30:33 [GUILD_EXP] §aYou earned §r§2463 GEXP §r§afrom playing SkyBlock!
17:31:56 [WARPING] §7Sending to server mini208D...
17:31:57 [EMPTY] §8 §r§8 §r§1 §r§3 §r§3 §r§7 §r§8 
17:32:01 [PROFILE_JOIN] §aYou are playing on profile: §eBanana§b (Co-op)
17:32:01 [PROFILE_JOIN] §8Profile ID: b1a71305-1956-42bf-90e4-bce6f7285754
17:32:12 [WARPING] §7Sending to server mini77S...
17:32:12 [EMPTY] §8 §r§8 §r§1 §r§3 §r§3 §r§7 §r§8 
17:32:16 [PROFILE_JOIN] §aYou are playing on profile: §eBanana§b (Co-op)
17:32:16 [PROFILE_JOIN] §8Profile ID: b1a71305-1956-42bf-90e4-bce6f7285754
17:34:35 [WARPING] §7Warping...
17:34:35 [WARPING] §7Sending to server mini14AQ...
17:34:36 [EMPTY] §8 §r§8 §r§1 §r§3 §r§3 §r§7 §r§8 
17:34:39 [PROFILE_JOIN] §aYou are playing on profile: §eBanana§b (Co-op)
17:34:39 [PROFILE_JOIN] §8Profile ID: b1a71305-1956-42bf-90e4-bce6f7285754
17:34:46 [WARPING] §7Sending to server mini96P...
17:34:47 [EMPTY] §8 §r§8 §r§1 §r§3 §r§3 §r§7 §r§8 
17:34:49 [PROFILE_JOIN] §aYou are playing on profile: §eBanana§b (Co-op)
17:34:49 [PROFILE_JOIN] §8Profile ID: b1a71305-1956-42bf-90e4-bce6f7285754
17:35:01 [SKYMALL] §eNew buff§r§r§r: §r§fReduce Pickaxe Ability cooldown by §r§a20%§r§f.
17:36:22 [WARPING] §7Warping...
17:36:22 [WARPING] §7Sending to server mini61CM...
17:36:22 [EMPTY] §8 §r§8 §r§1 §r§3 §r§3 §r§7 §r§8 
17:36:23 [WARPING] §7Warping...
17:36:26 [PROFILE_JOIN] §aYou are playing on profile: §eBanana§b (Co-op)
17:36:26 [PROFILE_JOIN] §8Profile ID: b1a71305-1956-42bf-90e4-bce6f7285754
17:36:51 [WARPING] §7Sending to server mini61BV...
17:36:51 [EMPTY] §8 §r§8 §r§1 §r§3 §r§3 §r§7 §r§8 
17:36:54 [PROFILE_JOIN] §aYou are playing on profile: §eBanana§b (Co-op)
17:36:54 [PROFILE_JOIN] §8Profile ID: b1a71305-1956-42bf-90e4-bce6f7285754
17:37:13 [EMPTY]  
17:37:13 [BESTIARY] §f                                  §6§lBESTIARY
17:37:13 [BESTIARY] §f                  §b§lSuper Tank Zombie §7§8XVII §8➡§b §bXVIII
17:37:13 [BESTIARY] 
17:37:13 [BESTIARY] §f                                  §r§6§lREWARDS
17:37:13 [BESTIARY] §f                  §r§8+§r§a5 Super Tank Zombie §r§b✯ Magic Find
17:37:13 [BESTIARY] §f                   §r§8+§r§a5 Super Tank Zombie §r§c❁ Strength
17:37:13 [BESTIARY] §f                      §r§8+§r§62% §r§aSuper Tank Zombie §r§7coins
17:37:13 [BESTIARY] §f                    §r§8+§r§a50% §r§7chance for extra XP orbs
17:37:13 [BESTIARY] §f                               §r§8+§r§b1 SkyBlock XP
17:37:13 [BESTIARY] 
17:37:13 [BESTIARY] §3§l▬▬▬▬▬▬▬▬▬▬▬▬▬▬▬▬▬▬▬▬▬▬▬▬▬▬▬▬▬▬▬▬▬▬▬▬▬▬▬▬▬▬▬▬▬▬▬▬▬▬▬▬▬▬▬▬▬▬▬▬▬▬▬▬
17:38:48 [WARPING] §7Warping...
17:38:49 [WARPING] §7Sending to server mini1016H...
17:38:49 [EMPTY] §8 §r§8 §r§1 §r§3 §r§3 §r§7 §r§8 
17:38:52 [PROFILE_JOIN] §aYou are playing on profile: §eBanana§b (Co-op)
17:38:52 [PROFILE_JOIN] §8Profile ID: b1a71305-1956-42bf-90e4-bce6f7285754
17:39:17 [WARPING] §7Warping...
17:39:17 [WARPING] §7Sending to server mini256W...
17:39:18 [EMPTY] §8 §r§8 §r§1 §r§3 §r§3 §r§7 §r§8 
17:39:21 [PROFILE_JOIN] §aYou are playing on profile: §eBanana§b (Co-op)
17:39:21 [PROFILE_JOIN] §8Profile ID: b1a71305-1956-42bf-90e4-bce6f7285754
17:39:54 [WARPING] §7Warping...
17:39:54 [WARPING] §7Sending to server mini225A...
17:39:55 [EMPTY] §8 §r§8 §r§1 §r§3 §r§3 §r§7 §r§8 
17:39:57 [WARPING] §7Warping...
17:39:57 [WARPING] §7Sending to server mini92BN...
17:39:58 [PROFILE_JOIN] §aYou are playing on profile: §eBanana§b (Co-op)
17:39:58 [PROFILE_JOIN] §8Profile ID: b1a71305-1956-42bf-90e4-bce6f7285754
17:39:58 [EMPTY] §8 §r§8 §r§1 §r§3 §r§3 §r§7 §r§8 
17:40:01 [PROFILE_JOIN] §aYou are playing on profile: §eBanana§b (Co-op)
17:40:01 [PROFILE_JOIN] §8Profile ID: b1a71305-1956-42bf-90e4-bce6f7285754
17:40:16 [WARPING] §7Sending to server mini20DP...
17:40:17 [EMPTY] §8 §r§8 §r§1 §r§3 §r§3 §r§7 §r§8 
17:40:20 [PROFILE_JOIN] §aYou are playing on profile: §eBanana§b (Co-op)
17:40:20 [PROFILE_JOIN] §8Profile ID: b1a71305-1956-42bf-90e4-bce6f7285754
17:41:42 [WARPING] §7Warping...
17:41:42 [WARPING] §7Sending to server mini31DU...
17:41:43 [EMPTY] §8 §r§8 §r§1 §r§3 §r§3 §r§7 §r§8 
17:41:46 [PROFILE_JOIN] §aYou are playing on profile: §eBanana§b (Co-op)
17:41:46 [PROFILE_JOIN] §8Profile ID: b1a71305-1956-42bf-90e4-bce6f7285754
17:42:05 [WARPING] §7Sending to server mini1009K...
17:42:05 [EMPTY] §8 §r§8 §r§1 §r§3 §r§3 §r§7 §r§8 
17:42:08 [PROFILE_JOIN] §aYou are playing on profile: §eBanana§b (Co-op)
17:42:08 [PROFILE_JOIN] §8Profile ID: b1a71305-1956-42bf-90e4-bce6f7285754
17:44:20 [WARPING] §7Warping...
17:44:20 [WARPING] §7Sending to server mini208D...
17:44:21 [EMPTY] §8 §r§8 §r§1 §r§3 §r§3 §r§7 §r§8 
17:44:24 [PROFILE_JOIN] §aYou are playing on profile: §eBanana§b (Co-op)
17:44:24 [PROFILE_JOIN] §8Profile ID: b1a71305-1956-42bf-90e4-bce6f7285754
17:44:30 [WARPING] §7Sending to server mini61P...
17:44:30 [EMPTY] §8 §r§8 §r§1 §r§3 §r§3 §r§7 §r§8 
17:44:33 [PROFILE_JOIN] §aYou are playing on profile: §eBanana§b (Co-op)
17:44:33 [PROFILE_JOIN] §8Profile ID: b1a71305-1956-42bf-90e4-bce6f7285754
17:45:55 [WARPING] §7Warping...
17:45:55 [WARPING] §7Sending to server mini65AN...
17:45:56 [EMPTY] §8 §r§8 §r§1 §r§3 §r§3 §r§7 §r§8 
17:45:56 [WARPING] §7Warping...
17:45:59 [PROFILE_JOIN] §aYou are playing on profile: §eBanana§b (Co-op)
17:45:59 [PROFILE_JOIN] §8Profile ID: b1a71305-1956-42bf-90e4-bce6f7285754
17:46:14 [WARPING] §7Sending to server mini99CG...
17:46:14 [EMPTY] §8 §r§8 §r§1 §r§3 §r§3 §r§7 §r§8 
17:46:17 [PROFILE_JOIN] §aYou are playing on profile: §eBanana§b (Co-op)
17:46:17 [PROFILE_JOIN] §8Profile ID: b1a71305-1956-42bf-90e4-bce6f7285754
17:48:35 [WARPING] §7Warping...
17:48:35 [WARPING] §7Sending to server mini12CJ...
17:48:36 [EMPTY] §8 §r§8 §r§1 §r§3 §r§3 §r§7 §r§8 
17:48:39 [PROFILE_JOIN] §aYou are playing on profile: §eBanana§b (Co-op)
17:48:39 [PROFILE_JOIN] §8Profile ID: b1a71305-1956-42bf-90e4-bce6f7285754
17:48:46 [WARPING] §7Sending to server mini13B...
17:48:46 [EMPTY] §8 §r§8 §r§1 §r§3 §r§3 §r§7 §r§8 
17:48:49 [PROFILE_JOIN] §aYou are playing on profile: §eBanana§b (Co-op)
17:48:49 [PROFILE_JOIN] §8Profile ID: b1a71305-1956-42bf-90e4-bce6f7285754
17:49:01 [EMPTY]  
17:49:01 [BESTIARY] §f                                  §6§lBESTIARY
17:49:01 [BESTIARY] §f                     §b§lZombie Commander §7§8XIV §8➡§b §bXV
17:49:01 [BESTIARY] 
17:49:01 [BESTIARY] §f                                  §r§6§lREWARDS
17:49:01 [BESTIARY] §f                   §r§8+§r§a4 Zombie Commander §r§b✯ Magic Find
17:49:01 [BESTIARY] §f                   §r§8+§r§a4 Zombie Commander §r§c❁ Strength
17:49:01 [BESTIARY] §f                       §r§8+§r§62% §r§aZombie Commander §r§7coins
17:49:01 [BESTIARY] §f                    §r§8+§r§a50% §r§7chance for extra XP orbs
17:49:01 [BESTIARY] §f                               §r§8+§r§b1 SkyBlock XP
17:49:01 [BESTIARY] 
17:49:01 [BESTIARY] §3§l▬▬▬▬▬▬▬▬▬▬▬▬▬▬▬▬▬▬▬▬▬▬▬▬▬▬▬▬▬▬▬▬▬▬▬▬▬▬▬▬▬▬▬▬▬▬▬▬▬▬▬▬▬▬▬▬▬▬▬▬▬▬▬▬
17:50:22 [EMPTY] 
17:50:24 [EMPTY] 
17:50:24 [EMPTY] 
17:50:30 [WARPING] §7Sending to server mini71CT...
17:50:31 [EMPTY] §8 §r§8 §r§1 §r§3 §r§3 §r§7 §r§8 
17:50:34 [PROFILE_JOIN] §aYou are playing on profile: §eBanana§b (Co-op)
17:50:34 [PROFILE_JOIN] §8Profile ID: b1a71305-1956-42bf-90e4-bce6f7285754
17:52:33 [WARPING] §7Warping...
17:52:33 [WARPING] §7Sending to server mini39J...
17:52:34 [EMPTY] §8 §r§8 §r§1 §r§3 §r§3 §r§7 §r§8 
17:52:37 [PROFILE_JOIN] §aYou are playing on profile: §eBanana§b (Co-op)
17:52:37 [PROFILE_JOIN] §8Profile ID: b1a71305-1956-42bf-90e4-bce6f7285754
17:53:20 [WARPING] §7Sending to server mini67CV...
17:53:21 [EMPTY] §8 §r§8 §r§1 §r§3 §r§3 §r§7 §r§8 
17:53:24 [PROFILE_JOIN] §aYou are playing on profile: §eBanana§b (Co-op)
17:53:24 [PROFILE_JOIN] §8Profile ID: b1a71305-1956-42bf-90e4-bce6f7285754
17:55:00 [SKYMALL] §eNew buff§r§r§r: §r§fGain §r§a+15% §r§fmore Powder while mining.
17:55:36 [WARPING] §7Warping...
17:55:36 [WARPING] §7Sending to server mini20BT...
17:55:37 [EMPTY] §8 §r§8 §r§1 §r§3 §r§3 §r§7 §r§8 
17:55:40 [PROFILE_JOIN] §aYou are playing on profile: §eBanana§b (Co-op)
17:55:40 [PROFILE_JOIN] §8Profile ID: b1a71305-1956-42bf-90e4-bce6f7285754
17:58:35 [WARPING] §7Sending to server mini199CJ...
17:58:36 [EMPTY] §8 §r§8 §r§1 §r§3 §r§3 §r§7 §r§8 
17:58:39 [PROFILE_JOIN] §aYou are playing on profile: §eBanana§b (Co-op)
17:58:39 [PROFILE_JOIN] §8Profile ID: b1a71305-1956-42bf-90e4-bce6f7285754
18:00:25 [EMPTY]  
18:00:25 [BESTIARY] §f                                  §6§lBESTIARY
18:00:25 [BESTIARY] §f                      §b§lSkeleton Master §7§8XIX §8➡§b §bXX
18:00:25 [BESTIARY] 
18:00:25 [BESTIARY] §f                                  §r§6§lREWARDS
18:00:25 [BESTIARY] §f                    §r§8+§r§a5 Skeleton Master §r§b✯ Magic Find
18:00:25 [BESTIARY] §f                     §r§8+§r§a5 Skeleton Master §r§c❁ Strength
18:00:25 [BESTIARY] §f                        §r§8+§r§62% §r§aSkeleton Master §r§7coins
18:00:25 [BESTIARY] §f                    §r§8+§r§a50% §r§7chance for extra XP orbs
18:00:25 [BESTIARY] §f                               §r§8+§r§b1 SkyBlock XP
18:00:25 [BESTIARY] 
18:00:25 [BESTIARY] §3§l▬▬▬▬▬▬▬▬▬▬▬▬▬▬▬▬▬▬▬▬▬▬▬▬▬▬▬▬▬▬▬▬▬▬▬▬▬▬▬▬▬▬▬▬▬▬▬▬▬▬▬▬▬▬▬▬▬▬▬▬▬▬▬▬
18:00:26 [EMPTY]  
18:00:26 [BESTIARY] §f                                  §6§lBESTIARY
18:00:26 [BESTIARY] §f                        §b§lZombie Knight §7§8XX §8➡§b §bXXI
18:00:26 [BESTIARY] 
18:00:26 [BESTIARY] §f                                  §r§6§lREWARDS
18:00:26 [BESTIARY] §f                      §r§8+§r§a6 Zombie Knight §r§b✯ Magic Find
18:00:26 [BESTIARY] §f                      §r§8+§r§a6 Zombie Knight §r§c❁ Strength
18:00:26 [BESTIARY] §f                          §r§8+§r§62% §r§aZombie Knight §r§7coins
18:00:26 [BESTIARY] §f                    §r§8+§r§a50% §r§7chance for extra XP orbs
18:00:26 [BESTIARY] §f                               §r§8+§r§b1 SkyBlock XP
18:00:26 [BESTIARY] 
18:00:26 [BESTIARY] §3§l▬▬▬▬▬▬▬▬▬▬▬▬▬▬▬▬▬▬▬▬▬▬▬▬▬▬▬▬▬▬▬▬▬▬▬▬▬▬▬▬▬▬▬▬▬▬▬▬▬▬▬▬▬▬▬▬▬▬▬▬▬▬▬▬
18:01:09 [EMPTY] §f
18:01:09 [WATCHDOG] §4[WATCHDOG ANNOUNCEMENT]
18:01:09 [WATCHDOG] §fWatchdog has banned §r§c§l15,406§r§f players in the last 7 days.
18:01:09 [WATCHDOG] §fStaff have banned an additional §r§c§l13,549§r§f in the last 7 days.
18:01:09 [WATCHDOG] §cBlacklisted modifications are a bannable offense!
18:01:09 [WATCHDOG] §c
18:01:10 [WARPING] §7Warping...
18:01:10 [WARPING] §7Sending to server mini63CW...
18:01:10 [EMPTY] §8 §r§8 §r§1 §r§3 §r§3 §r§7 §r§8 
18:01:14 [PROFILE_JOIN] §aYou are playing on profile: §eBanana§b (Co-op)
18:01:14 [PROFILE_JOIN] §8Profile ID: b1a71305-1956-42bf-90e4-bce6f7285754
18:01:36 [WARPING] §7Sending to server mini1017R...
18:01:37 [EMPTY] §8 §r§8 §r§1 §r§3 §r§3 §r§7 §r§8 
18:01:40 [PROFILE_JOIN] §aYou are playing on profile: §eBanana§b (Co-op)
18:01:40 [PROFILE_JOIN] §8Profile ID: b1a71305-1956-42bf-90e4-bce6f7285754
18:03:10 [WARPING] §7Warping...
18:03:10 [WARPING] §7Sending to server mini253C...
18:03:10 [EMPTY] §8 §r§8 §r§1 §r§3 §r§3 §r§7 §r§8 
18:03:13 [PROFILE_JOIN] §aYou are playing on profile: §eBanana§b (Co-op)
18:03:13 [PROFILE_JOIN] §8Profile ID: b1a71305-1956-42bf-90e4-bce6f7285754
18:03:22 [WARPING] §7Sending to server mini35DN...
18:03:23 [EMPTY] §8 §r§8 §r§1 §r§3 §r§3 §r§7 §r§8 
18:03:26 [PROFILE_JOIN] §aYou are playing on profile: §eBanana§b (Co-op)
18:03:26 [PROFILE_JOIN] §8Profile ID: b1a71305-1956-42bf-90e4-bce6f7285754
18:04:44 [WARPING] §7Warping...
18:04:44 [WARPING] §7Sending to server mini81CS...
18:04:45 [EMPTY] §8 §r§8 §r§1 §r§3 §r§3 §r§7 §r§8 
18:04:48 [PROFILE_JOIN] §aYou are playing on profile: §eBanana§b (Co-op)
18:04:48 [PROFILE_JOIN] §8Profile ID: b1a71305-1956-42bf-90e4-bce6f7285754
18:04:55 [WARPING] §7Sending to server mini183BW...
18:04:56 [EMPTY] §8 §r§8 §r§1 §r§3 §r§3 §r§7 §r§8 
18:04:58 [PROFILE_JOIN] §aYou are playing on profile: §eBanana§b (Co-op)
18:04:58 [PROFILE_JOIN] §8Profile ID: b1a71305-1956-42bf-90e4-bce6f7285754
18:07:03 [WARPING] §7Warping...
18:07:03 [WARPING] §7Sending to server mini30AG...
18:07:04 [EMPTY] §8 §r§8 §r§1 §r§3 §r§3 §r§7 §r§8 
18:07:07 [PROFILE_JOIN] §aYou are playing on profile: §eBanana§b (Co-op)
18:07:07 [PROFILE_JOIN] §8Profile ID: b1a71305-1956-42bf-90e4-bce6f7285754
18:09:15 [WARPING] §7Sending to server mini156AB...
18:09:15 [EMPTY] §8 §r§8 §r§1 §r§3 §r§3 §r§7 §r§8 
18:09:18 [PROFILE_JOIN] §aYou are playing on profile: §eBanana§b (Co-op)
18:09:18 [PROFILE_JOIN] §8Profile ID: b1a71305-1956-42bf-90e4-bce6f7285754
18:11:00 [WARPING] §7Warping...
18:11:00 [WARPING] §7Sending to server mini18AN...
18:11:00 [EMPTY] §8 §r§8 §r§1 §r§3 §r§3 §r§7 §r§8 
18:11:03 [PROFILE_JOIN] §aYou are playing on profile: §eBanana§b (Co-op)
18:11:03 [PROFILE_JOIN] §8Profile ID: b1a71305-1956-42bf-90e4-bce6f7285754
18:12:01 [WARPING] §7Sending to server mini153E...
18:12:01 [EMPTY] §8 §r§8 §r§1 §r§3 §r§3 §r§7 §r§8 
18:12:04 [PROFILE_JOIN] §aYou are playing on profile: §eBanana§b (Co-op)
18:12:04 [PROFILE_JOIN] §8Profile ID: b1a71305-1956-42bf-90e4-bce6f7285754
18:14:26 [WARPING] §7Warping...
18:14:26 [WARPING] §7Sending to server mini12AV...
18:14:26 [EMPTY] §8 §r§8 §r§1 §r§3 §r§3 §r§7 §r§8 
18:14:29 [PROFILE_JOIN] §aYou are playing on profile: §eBanana§b (Co-op)
18:14:29 [PROFILE_JOIN] §8Profile ID: b1a71305-1956-42bf-90e4-bce6f7285754
18:14:45 [WARPING] §7Sending to server mini66AS...
18:14:45 [EMPTY] §8 §r§8 §r§1 §r§3 §r§3 §r§7 §r§8 
18:14:48 [PROFILE_JOIN] §aYou are playing on profile: §eBanana§b (Co-op)
18:14:48 [PROFILE_JOIN] §8Profile ID: b1a71305-1956-42bf-90e4-bce6f7285754
18:15:01 [SKYMALL] §eNew buff§r§r§r: §r§fReduce Pickaxe Ability cooldown by §r§a20%§r§f.
18:17:28 [WARPING] §7Warping...
18:17:29 [WARPING] §7Sending to server mini38CN...
18:17:29 [EMPTY] §8 §r§8 §r§1 §r§3 §r§3 §r§7 §r§8 
18:17:32 [PROFILE_JOIN] §aYou are playing on profile: §eBanana§b (Co-op)
18:17:32 [PROFILE_JOIN] §8Profile ID: b1a71305-1956-42bf-90e4-bce6f7285754
18:18:56 [WARPING] §7Sending to server mini15AF...
18:18:57 [EMPTY] §8 §r§8 §r§1 §r§3 §r§3 §r§7 §r§8 
18:19:00 [PROFILE_JOIN] §aYou are playing on profile: §eBanana§b (Co-op)
18:19:00 [PROFILE_JOIN] §8Profile ID: b1a71305-1956-42bf-90e4-bce6f7285754
18:20:16 [WARPING] §7Warping...
18:20:17 [WARPING] §7Sending to server mini70CU...
18:20:17 [EMPTY] §8 §r§8 §r§1 §r§3 §r§3 §r§7 §r§8 
18:20:20 [PROFILE_JOIN] §aYou are playing on profile: §eBanana§b (Co-op)
18:20:20 [PROFILE_JOIN] §8Profile ID: b1a71305-1956-42bf-90e4-bce6f7285754
18:20:39 [WARPING] §7Sending to server mini1028R...
18:20:40 [EMPTY] §8 §r§8 §r§1 §r§3 §r§3 §r§7 §r§8 
18:20:43 [PROFILE_JOIN] §aYou are playing on profile: §eBanana§b (Co-op)
18:20:43 [PROFILE_JOIN] §8Profile ID: b1a71305-1956-42bf-90e4-bce6f7285754
18:22:43 [WARPING] §7Warping...
18:22:43 [WARPING] §7Sending to server mini28BN...
18:22:44 [EMPTY] §8 §r§8 §r§1 §r§3 §r§3 §r§7 §r§8 
18:22:47 [PROFILE_JOIN] §aYou are playing on profile: §eBanana§b (Co-op)
18:22:47 [PROFILE_JOIN] §8Profile ID: b1a71305-1956-42bf-90e4-bce6f7285754
18:22:56 [WARPING] §7Sending to server mini75BJ...
18:22:56 [EMPTY] §8 §r§8 §r§1 §r§3 §r§3 §r§7 §r§8 
18:22:59 [PROFILE_JOIN] §aYou are playing on profile: §eBanana§b (Co-op)
18:22:59 [PROFILE_JOIN] §8Profile ID: b1a71305-1956-42bf-90e4-bce6f7285754
18:23:39 [EMPTY]  
18:23:39 [BESTIARY] §f                                  §6§lBESTIARY
18:23:39 [BESTIARY] §f                       §b§lSkeleton Lord §7§8XIII §8➡§b §bXIV
18:23:39 [BESTIARY] 
18:23:39 [BESTIARY] §f                                  §r§6§lREWARDS
18:23:39 [BESTIARY] §f                     §r§8+§r§a4 Skeleton Lord §r§b✯ Magic Find
18:23:39 [BESTIARY] §f                      §r§8+§r§a4 Skeleton Lord §r§c❁ Strength
18:23:39 [BESTIARY] §f                         §r§8+§r§62% §r§aSkeleton Lord §r§7coins
18:23:39 [BESTIARY] §f                    §r§8+§r§a50% §r§7chance for extra XP orbs
18:23:39 [BESTIARY] §f                               §r§8+§r§b1 SkyBlock XP
18:23:39 [BESTIARY] 
18:23:39 [BESTIARY] §3§l▬▬▬▬▬▬▬▬▬▬▬▬▬▬▬▬▬▬▬▬▬▬▬▬▬▬▬▬▬▬▬▬▬▬▬▬▬▬▬▬▬▬▬▬▬▬▬▬▬▬▬▬▬▬▬▬▬▬▬▬▬▬▬▬
18:24:40 [WARPING] §7Warping...
18:24:40 [WARPING] §7Sending to server mini191BN...
18:24:40 [EMPTY] §8 §r§8 §r§1 §r§3 §r§3 §r§7 §r§8 
18:24:44 [PROFILE_JOIN] §aYou are playing on profile: §eBanana§b (Co-op)
18:24:44 [PROFILE_JOIN] §8Profile ID: b1a71305-1956-42bf-90e4-bce6f7285754
18:24:56 [WARPING] §7Sending to server mini66DH...
18:24:57 [EMPTY] §8 §r§8 §r§1 §r§3 §r§3 §r§7 §r§8 
18:24:59 [PROFILE_JOIN] §aYou are playing on profile: §eBanana§b (Co-op)
18:24:59 [PROFILE_JOIN] §8Profile ID: b1a71305-1956-42bf-90e4-bce6f7285754
18:26:33 [WARPING] §7Warping...
18:26:33 [WARPING] §7Sending to server mini143BU...
18:26:34 [EMPTY] §8 §r§8 §r§1 §r§3 §r§3 §r§7 §r§8 
18:26:37 [PROFILE_JOIN] §aYou are playing on profile: §eBanana§b (Co-op)
18:26:37 [PROFILE_JOIN] §8Profile ID: b1a71305-1956-42bf-90e4-bce6f7285754
18:26:48 [WARPING] §7Sending to server mini147BG...
18:26:49 [EMPTY] §8 §r§8 §r§1 §r§3 §r§3 §r§7 §r§8 
18:26:52 [PROFILE_JOIN] §aYou are playing on profile: §eBanana§b (Co-op)
18:26:52 [PROFILE_JOIN] §8Profile ID: b1a71305-1956-42bf-90e4-bce6f7285754
18:28:38 [WARPING] §7Warping...
18:28:38 [WARPING] §7Sending to server mini79BF...
18:28:39 [EMPTY] §8 §r§8 §r§1 §r§3 §r§3 §r§7 §r§8 
18:28:42 [PROFILE_JOIN] §aYou are playing on profile: §eBanana§b (Co-op)
18:28:42 [PROFILE_JOIN] §8Profile ID: b1a71305-1956-42bf-90e4-bce6f7285754
18:30:13 [WARPING] §7Sending to server mini85N...
18:30:14 [EMPTY] §8 §r§8 §r§1 §r§3 §r§3 §r§7 §r§8 
18:30:17 [PROFILE_JOIN] §aYou are playing on profile: §eBanana§b (Co-op)
18:30:17 [PROFILE_JOIN] §8Profile ID: b1a71305-1956-42bf-90e4-bce6f7285754
18:31:57 [WARPING] §7Warping...
18:31:57 [WARPING] §7Sending to server mini242W...
18:31:58 [EMPTY] §8 §r§8 §r§1 §r§3 §r§3 §r§7 §r§8 
18:32:01 [PROFILE_JOIN] §aYou are playing on profile: §eBanana§b (Co-op)
18:32:01 [PROFILE_JOIN] §8Profile ID: b1a71305-1956-42bf-90e4-bce6f7285754
18:32:21 [WARPING] §7Sending to server mini31DQ...
18:32:22 [EMPTY] §8 §r§8 §r§1 §r§3 §r§3 §r§7 §r§8 
18:32:25 [PROFILE_JOIN] §aYou are playing on profile: §eBanana§b (Co-op)
18:32:25 [PROFILE_JOIN] §8Profile ID: b1a71305-1956-42bf-90e4-bce6f7285754
18:34:12 [WARPING] §7Warping...
18:34:12 [WARPING] §7Sending to server mini25P...
18:34:13 [EMPTY] §8 §r§8 §r§1 §r§3 §r§3 §r§7 §r§8 
18:34:16 [PROFILE_JOIN] §aYou are playing on profile: §eBanana§b (Co-op)
18:34:16 [PROFILE_JOIN] §8Profile ID: b1a71305-1956-42bf-90e4-bce6f7285754
18:34:40 [WARPING] §7Sending to server mini25BJ...
18:34:40 [EMPTY] §8 §r§8 §r§1 §r§3 §r§3 §r§7 §r§8 
18:34:43 [PROFILE_JOIN] §aYou are playing on profile: §eBanana§b (Co-op)
18:34:43 [PROFILE_JOIN] §8Profile ID: b1a71305-1956-42bf-90e4-bce6f7285754
18:35:00 [SKYMALL] §eNew buff§r§r§r: §r§fGain §r§a+100 §r§6⸕ Mining Speed§r§f.
18:36:36 [WARPING] §7Warping...
18:36:37 [WARPING] §7Sending to server mini143BW...
18:36:37 [EMPTY] §8 §r§8 §r§1 §r§3 §r§3 §r§7 §r§8 
18:36:40 [PROFILE_JOIN] §aYou are playing on profile: §eBanana§b (Co-op)
18:36:40 [PROFILE_JOIN] §8Profile ID: b1a71305-1956-42bf-90e4-bce6f7285754
18:37:28 [WARPING] §7Sending to server mini25CN...
18:37:29 [EMPTY] §8 §r§8 §r§1 §r§3 §r§3 §r§7 §r§8 
18:37:32 [PROFILE_JOIN] §aYou are playing on profile: §eBanana§b (Co-op)
18:37:32 [PROFILE_JOIN] §8Profile ID: b1a71305-1956-42bf-90e4-bce6f7285754
18:40:08 [WARPING] §7Warping...
18:40:08 [WARPING] §7Sending to server mini30AG...
18:40:09 [EMPTY] §8 §r§8 §r§1 §r§3 §r§3 §r§7 §r§8 
18:40:12 [PROFILE_JOIN] §aYou are playing on profile: §eBanana§b (Co-op)
18:40:12 [PROFILE_JOIN] §8Profile ID: b1a71305-1956-42bf-90e4-bce6f7285754
18:40:24 [WARPING] §7Sending to server mini84DA...
18:40:25 [EMPTY] §8 §r§8 §r§1 §r§3 §r§3 §r§7 §r§8 
18:40:28 [PROFILE_JOIN] §aYou are playing on profile: §eBanana§b (Co-op)
18:40:28 [PROFILE_JOIN] §8Profile ID: b1a71305-1956-42bf-90e4-bce6f7285754
18:41:44 [WARPING] §7Warping...
18:41:44 [WARPING] §7Sending to server mini26CC...
18:41:44 [EMPTY] §8 §r§8 §r§1 §r§3 §r§3 §r§7 §r§8 
18:41:47 [PROFILE_JOIN] §aYou are playing on profile: §eBanana§b (Co-op)
18:41:47 [PROFILE_JOIN] §8Profile ID: b1a71305-1956-42bf-90e4-bce6f7285754
18:42:34 [WARPING] §7Sending to server mini36BT...
18:42:35 [EMPTY] §8 §r§8 §r§1 §r§3 §r§3 §r§7 §r§8 
18:42:37 [PROFILE_JOIN] §aYou are playing on profile: §eBanana§b (Co-op)
18:42:37 [PROFILE_JOIN] §8Profile ID: b1a71305-1956-42bf-90e4-bce6f7285754
18:44:09 [WARPING] §7Warping...
18:44:09 [WARPING] §7Sending to server mini250K...
18:44:09 [EMPTY] §8 §r§8 §r§1 §r§3 §r§3 §r§7 §r§8 
18:44:12 [PROFILE_JOIN] §aYou are playing on profile: §eBanana§b (Co-op)
18:44:12 [PROFILE_JOIN] §8Profile ID: b1a71305-1956-42bf-90e4-bce6f7285754
18:44:28 [WARPING] §7Sending to server mini70K...
18:44:28 [EMPTY] §8 §r§8 §r§1 §r§3 §r§3 §r§7 §r§8 
18:44:31 [PROFILE_JOIN] §aYou are playing on profile: §eBanana§b (Co-op)
18:44:31 [PROFILE_JOIN] §8Profile ID: b1a71305-1956-42bf-90e4-bce6f7285754
18:46:31 [WARPING] §7Warping...
18:46:31 [WARPING] §7Sending to server mini19D...
18:46:31 [EMPTY] §8 §r§8 §r§1 §r§3 §r§3 §r§7 §r§8 
18:46:35 [PROFILE_JOIN] §aYou are playing on profile: §eBanana§b (Co-op)
18:46:35 [PROFILE_JOIN] §8Profile ID: b1a71305-1956-42bf-90e4-bce6f7285754
18:46:54 [WARPING] §7Sending to server mini196D...
18:46:55 [EMPTY] §8 §r§8 §r§1 §r§3 §r§3 §r§7 §r§8 
18:46:58 [PROFILE_JOIN] §aYou are playing on profile: §eBanana§b (Co-op)
18:46:58 [PROFILE_JOIN] §8Profile ID: b1a71305-1956-42bf-90e4-bce6f7285754
18:48:30 [WARPING] §7Warping...
18:48:30 [WARPING] §7Sending to server mini7BU...
18:48:31 [EMPTY] §8 §r§8 §r§1 §r§3 §r§3 §r§7 §r§8 
18:48:34 [PROFILE_JOIN] §aYou are playing on profile: §eBanana§b (Co-op)
18:48:34 [PROFILE_JOIN] §8Profile ID: b1a71305-1956-42bf-90e4-bce6f7285754
18:48:46 [WARPING] §7Sending to server mini181CU...
18:48:46 [EMPTY] §8 §r§8 §r§1 §r§3 §r§3 §r§7 §r§8 
18:48:49 [PROFILE_JOIN] §aYou are playing on profile: §eBanana§b (Co-op)
18:48:49 [PROFILE_JOIN] §8Profile ID: b1a71305-1956-42bf-90e4-bce6f7285754
18:49:51 [WARPING] §7Warping...
18:49:51 [WARPING] §7Sending to server mini256G...
18:49:52 [EMPTY] §8 §r§8 §r§1 §r§3 §r§3 §r§7 §r§8 
18:49:55 [PROFILE_JOIN] §aYou are playing on profile: §eBanana§b (Co-op)
18:49:55 [PROFILE_JOIN] §8Profile ID: b1a71305-1956-42bf-90e4-bce6f7285754
18:50:01 [WARPING] §7Sending to server mini35AN...
18:50:01 [EMPTY] §8 §r§8 §r§1 §r§3 §r§3 §r§7 §r§8 
18:50:04 [PROFILE_JOIN] §aYou are playing on profile: §eBanana§b (Co-op)
18:50:04 [PROFILE_JOIN] §8Profile ID: b1a71305-1956-42bf-90e4-bce6f7285754
18:52:51 [WARPING] §7Warping...
18:52:52 [WARPING] §7Sending to server mini4DN...
18:52:52 [EMPTY] §8 §r§8 §r§1 §r§3 §r§3 §r§7 §r§8 
18:52:55 [PROFILE_JOIN] §aYou are playing on profile: §eBanana§b (Co-op)
18:52:55 [PROFILE_JOIN] §8Profile ID: b1a71305-1956-42bf-90e4-bce6f7285754
18:53:41 [GARDEN_VISITOR_MESSAGE] §e[NPC] §9Old Man Garry§f: §r§fPeople have no manners these days. They come up to me, and disappear instantly! They don't even greet me! Back in my day, we were raised better than that.
18:53:43 [GARDEN_VISITOR_MESSAGE] §e[NPC] §aEmissary Wilson§f: §r§fThe King's least favorite vegetable is carrot, so he sent me, his favorite emissary, to make it better!
18:53:47 [GARDEN_VISITOR_MESSAGE] §e[NPC] §aArthur§f: §r§fMy wheat minion has been slacking recently, I am thinking about giving it an upgrade. He hasn't produced any wheat in years! Every time I check on him, he's empty.
18:53:52 [EMPTY] 
18:53:52 [EMPTY] 
18:53:52 [GARDEN_VISITOR_MESSAGE] §e[NPC] §aArthur§f: §r§fHoly Macaroni! That should boost my minion to at least Tier 5! Thank you a lot!
18:53:53 [GARDEN_VISITOR_MESSAGE] §e[NPC] §aTom§f: §r§fI don't have a recipe for you, however I'd happily take some crops.
18:53:54 [EMPTY] 
18:53:54 [EMPTY] 
18:53:54 [GARDEN_VISITOR_MESSAGE] §e[NPC] §aTom§f: §r§fI'll be sure to come by next time.
18:53:55 [GARDEN_VISITOR_MESSAGE] §e[NPC] §aGuy§f: §r§fHeard you may got some mushrooms...I've been looking for some...
18:54:05 [WARPING] §7Warping...
18:54:06 [WARPING] §7Sending to server mini92BN...
18:54:06 [EMPTY] §8 §r§8 §r§1 §r§3 §r§3 §r§7 §r§8 
18:54:09 [PROFILE_JOIN] §aYou are playing on profile: §eBanana§b (Co-op)
18:54:09 [PROFILE_JOIN] §8Profile ID: b1a71305-1956-42bf-90e4-bce6f7285754
18:55:01 [SKYMALL] §eNew buff§r§r§r: §r§fReduce Pickaxe Ability cooldown by §r§a20%§r§f.
18:55:03 [WARPING] §7Sending to server mini91CK...
18:55:03 [EMPTY] §8 §r§8 §r§1 §r§3 §r§3 §r§7 §r§8 
18:55:06 [PROFILE_JOIN] §aYou are playing on profile: §eBanana§b (Co-op)
18:55:06 [PROFILE_JOIN] §8Profile ID: b1a71305-1956-42bf-90e4-bce6f7285754
18:56:39 [WARPING] §7Warping...
18:56:39 [WARPING] §7Sending to server mini61CM...
18:56:39 [EMPTY] §8 §r§8 §r§1 §r§3 §r§3 §r§7 §r§8 
18:56:42 [PROFILE_JOIN] §aYou are playing on profile: §eBanana§b (Co-op)
18:56:42 [PROFILE_JOIN] §8Profile ID: b1a71305-1956-42bf-90e4-bce6f7285754
19:02:40 [WARPING] §7Warping you to your SkyBlock island...
19:02:40 [WARPING] §7Sending to server mini160CP...
19:02:41 [EMPTY] §8 §r§8 §r§1 §r§3 §r§3 §r§7 §r§8 
19:02:43 [PROFILE_JOIN] §aYou are playing on profile: §eBanana§b (Co-op)
19:02:43 [PROFILE_JOIN] §8Profile ID: b1a71305-1956-42bf-90e4-bce6f7285754
19:03:21 [EMPTY]  
19:03:21 [EMPTY]  
19:03:21 [EMPTY]  
19:03:48 [WARPING] §7Warping...
19:03:49 [WARPING] §7Sending to server mini24CQ...
19:03:49 [EMPTY] §8 §r§8 §r§1 §r§3 §r§3 §r§7 §r§8 
19:03:52 [PROFILE_JOIN] §aYou are playing on profile: §eBanana§b (Co-op)
19:03:52 [PROFILE_JOIN] §8Profile ID: b1a71305-1956-42bf-90e4-bce6f7285754
19:04:04 [WARPING] §7Warping you to your SkyBlock island...
19:04:06 [WARPING] §7Warping you to your SkyBlock island...
19:04:07 [WARPING] §7Sending to server mini99CT...
19:04:08 [EMPTY] §8 §r§8 §r§1 §r§3 §r§3 §r§7 §r§8 
19:04:11 [PROFILE_JOIN] §aYou are playing on profile: §eBanana§b (Co-op)
19:04:11 [PROFILE_JOIN] §8Profile ID: b1a71305-1956-42bf-90e4-bce6f7285754
19:09:08 [GUILD_EXP] §aYou earned §r§2324 GEXP §r§afrom playing SkyBlock!
19:09:20 [WARPING] §7Sending to server mini82DR...
19:09:20 [EMPTY] §8 §r§8 §r§1 §r§3 §r§3 §r§7 §r§8 
19:09:23 [PROFILE_JOIN] §aYou are playing on profile: §eBanana§b (Co-op)
19:09:23 [PROFILE_JOIN] §8Profile ID: b1a71305-1956-42bf-90e4-bce6f7285754
19:09:28 [WARPING] §7Warping...
19:09:28 [WARPING] §7Sending to server mini99BG...
19:09:29 [EMPTY] §8 §r§8 §r§1 §r§3 §r§3 §r§7 §r§8 
19:09:32 [PROFILE_JOIN] §aYou are playing on profile: §eBanana§b (Co-op)
19:09:32 [PROFILE_JOIN] §8Profile ID: b1a71305-1956-42bf-90e4-bce6f7285754
19:09:58 [WARPING] §7Warping you to your SkyBlock island...
19:09:58 [WARPING] §7Sending to server mini192DE...
19:09:59 [EMPTY] §8 §r§8 §r§1 §r§3 §r§3 §r§7 §r§8 
19:10:02 [PROFILE_JOIN] §aYou are playing on profile: §eBanana§b (Co-op)
19:10:02 [PROFILE_JOIN] §8Profile ID: b1a71305-1956-42bf-90e4-bce6f7285754
19:14:19 [WARPING] §7Sending to server mini214B...
19:14:20 [EMPTY] §8 §r§8 §r§1 §r§3 §r§3 §r§7 §r§8 
19:14:23 [PROFILE_JOIN] §aYou are playing on profile: §eBanana§b (Co-op)
19:14:23 [PROFILE_JOIN] §8Profile ID: b1a71305-1956-42bf-90e4-bce6f7285754
19:15:00 [SKYMALL] §eNew buff§r§r§r: §r§fGain §r§a+15% §r§fmore Powder while mining.
19:18:20 [WARPING] §7Sending to server mini37H...
19:18:20 [EMPTY] §8 §r§8 §r§1 §r§3 §r§3 §r§7 §r§8 
19:18:23 [PROFILE_JOIN] §aYou are playing on profile: §eBanana§b (Co-op)
19:18:23 [PROFILE_JOIN] §8Profile ID: b1a71305-1956-42bf-90e4-bce6f7285754
19:21:06 [WARPING] §7Warping...
19:21:09 [WARPING] §7Sending to server mini100BE...
19:21:09 [EMPTY] §8 §r§8 §r§1 §r§3 §r§3 §r§7 §r§8 
19:21:17 [PROFILE_JOIN] §aYou are playing on profile: §eBanana§b (Co-op)
19:21:17 [PROFILE_JOIN] §8Profile ID: b1a71305-1956-42bf-90e4-bce6f7285754
19:23:20 [GUILD_EXP] §aYou earned §r§2125 GEXP §r§afrom playing SkyBlock!
19:23:41 [WARPING] §7Sending to server mini83DS...
19:23:41 [EMPTY] §8 §r§8 §r§1 §r§3 §r§3 §r§7 §r§8 
19:23:44 [PROFILE_JOIN] §aYou are playing on profile: §eBanana§b (Co-op)
19:23:44 [PROFILE_JOIN] §8Profile ID: b1a71305-1956-42bf-90e4-bce6f7285754
19:28:42 [GUILD_EXP] §aYou earned §r§2409 GEXP §r§afrom playing SkyBlock!
19:29:55 [WARPING] §7Warping...
19:29:55 [WARPING] §7Sending to server mini61DE...
19:29:55 [EMPTY] §8 §r§8 §r§1 §r§3 §r§3 §r§7 §r§8 
19:29:58 [PROFILE_JOIN] §aYou are playing on profile: §eBanana§b (Co-op)
19:29:58 [PROFILE_JOIN] §8Profile ID: b1a71305-1956-42bf-90e4-bce6f7285754
19:33:47 [EMPTY] §f                                        
19:33:47 [EMPTY] §f                                        
19:35:39 [GUILD_EXP] §aYou earned §r§2456 GEXP §r§afrom playing SkyBlock!
19:36:49 [EMPTY] 
19:36:49 [EMPTY] §f                                        
19:36:49 [EMPTY] 
19:37:55 [HOPPITY_EGG] §cYou have already collected this Chocolate Lunch Egg§r§c! Try again when it respawns!
19:39:56 [WARPING] §7Warping you to your SkyBlock island...
19:39:57 [WARPING] §7Sending to server mini158DR...
19:39:57 [EMPTY] §8 §r§8 §r§1 §r§3 §r§3 §r§7 §r§8 
19:40:00 [PROFILE_JOIN] §aYou are playing on profile: §eBanana§b (Co-op)
19:40:00 [PROFILE_JOIN] §8Profile ID: b1a71305-1956-42bf-90e4-bce6f7285754
19:44:57 [GUILD_EXP] §aYou earned §r§2136 GEXP §r§afrom playing SkyBlock!
19:49:57 [GUILD_EXP] §aYou earned §r§2158 GEXP §r§afrom playing SkyBlock!
19:54:18 [EMPTY]  
19:54:18 [EMPTY]  
19:54:18 [EMPTY]  
19:54:58 [GUILD_EXP] §aYou earned §r§2536 GEXP §r§afrom playing SkyBlock!
19:55:00 [SKYMALL] §eNew buff§r§r§r: §r§fGain §r§a+50 §r§6☘ Mining Fortune§r§f.
19:59:58 [GUILD_EXP] §aYou earned §r§2524 GEXP §r§afrom playing SkyBlock!
20:01:09 [EMPTY] §f
20:01:09 [WATCHDOG] §4[WATCHDOG ANNOUNCEMENT]
20:01:09 [WATCHDOG] §fWatchdog has banned §r§c§l15,359§r§f players in the last 7 days.
20:01:09 [WATCHDOG] §fStaff have banned an additional §r§c§l13,522§r§f in the last 7 days.
20:01:09 [WATCHDOG] §cBlacklisted modifications are a bannable offense!
20:01:09 [WATCHDOG] §c
20:05:05 [WARPING] §7Sending to server mini9AQ...
20:05:06 [EMPTY] §8 §r§8 §r§1 §r§3 §r§3 §r§7 §r§8 
20:05:09 [PROFILE_JOIN] §aYou are playing on profile: §eBanana§b (Co-op)
20:05:09 [PROFILE_JOIN] §8Profile ID: b1a71305-1956-42bf-90e4-bce6f7285754
