22:08:01 
22:08:01 blocked link because:
22:08:01 isGuiScreen
22:08:01 
22:09:40 
22:09:40 blocked link because:
22:09:40 isGuiScreen
22:09:40 isNotInSignAndOnSlot
22:09:40 
22:10:18 
22:10:18 blocked link because:
22:10:18 isGuiScreen
22:10:18 isNotInSignAndOnSlot
22:10:18 
22:10:18 
22:10:18 blocked link because:
22:10:18 isGuiScreen
22:10:18 isNotInSignAndOnSlot
22:10:18 
22:11:48 
22:11:48 blocked link because:
22:11:48 isGuiScreen
22:11:48 
22:11:48 
22:11:48 blocked link because:
22:11:48 isGuiScreen
22:11:48 
22:11:48 
22:11:48 blocked link because:
22:11:48 isGuiScreen
22:11:48 
22:11:48 
22:11:48 blocked link because:
22:11:48 isGuiScreen
22:11:48 
22:12:07 
22:12:07 blocked link because:
22:12:07 isGuiScreen
22:12:07 
22:12:07 
22:12:07 blocked link because:
22:12:07 isGuiScreen
22:12:07 
22:13:03 
22:13:03 blocked link because:
22:13:03 isGuiScreen
22:13:03 
22:13:08 
22:13:08 blocked link because:
22:13:08 isGuiScreen
22:13:08 
22:13:08 
22:13:08 blocked link because:
22:13:08 isGuiScreen
22:13:08 
22:13:08 
22:13:08 blocked link because:
22:13:08 isGuiScreen
22:13:08 
22:13:08 
22:13:08 blocked link because:
22:13:08 isGuiScreen
22:13:08 
22:13:08 
22:13:08 blocked link because:
22:13:08 isGuiScreen
22:13:08 
22:13:08 
22:13:08 blocked link because:
22:13:08 isGuiScreen
22:13:08 
22:13:08 
22:13:08 blocked link because:
22:13:08 isGuiScreen
22:13:08 
22:13:08 
22:13:08 blocked link because:
22:13:08 isGuiScreen
22:13:08 
22:13:08 
22:13:08 blocked link because:
22:13:08 isGuiScreen
22:13:08 
22:13:08 
22:13:08 blocked link because:
22:13:08 isGuiScreen
22:13:08 
22:13:08 
22:13:08 blocked link because:
22:13:08 isGuiScreen
22:13:08 
22:13:08 
22:13:08 blocked link because:
22:13:08 isGuiScreen
22:13:08 
22:14:51 
22:14:51 blocked link because:
22:14:51 isGuiScreen
22:14:51 
22:14:51 
22:14:51 blocked link because:
22:14:51 isGuiScreen
22:14:51 
22:15:33 
22:15:33 blocked link because:
22:15:33 isGuiScreen
22:15:33 
22:15:50 
22:15:50 blocked link because:
22:15:50 isGuiScreen
22:15:50 
22:15:50 
22:15:50 blocked link because:
22:15:50 isGuiScreen
22:15:50 
22:15:50 
22:15:50 blocked link because:
22:15:50 isGuiScreen
22:15:50 
22:15:50 
22:15:50 blocked link because:
22:15:50 isGuiScreen
22:15:50 
22:15:50 
22:15:50 blocked link because:
22:15:50 isGuiScreen
22:15:50 
22:15:50 
22:15:50 blocked link because:
22:15:50 isGuiScreen
22:15:50 
22:15:50 
22:15:50 blocked link because:
22:15:50 isGuiScreen
22:15:50 
22:15:50 
22:15:50 blocked link because:
22:15:50 isGuiScreen
22:15:50 
22:15:50 
22:15:50 blocked link because:
22:15:50 isGuiScreen
22:15:50 
22:15:50 
22:15:50 blocked link because:
22:15:50 isGuiScreen
22:15:50 
22:15:50 
22:15:50 blocked link because:
22:15:50 isGuiScreen
22:15:50 
22:15:50 
22:15:50 blocked link because:
22:15:50 isGuiScreen
22:15:50 
22:15:50 
22:15:50 blocked link because:
22:15:50 isGuiScreen
22:15:50 
22:15:50 
22:15:50 blocked link because:
22:15:50 isGuiScreen
22:15:50 
22:15:50 
22:15:50 blocked link because:
22:15:50 isGuiScreen
22:15:50 
22:15:50 
22:15:50 blocked link because:
22:15:50 isGuiScreen
22:15:50 
22:15:50 
22:15:50 blocked link because:
22:15:50 isGuiScreen
22:15:50 
22:15:50 
22:15:50 blocked link because:
22:15:50 isGuiScreen
22:15:50 
22:15:50 
22:15:50 blocked link because:
22:15:50 isGuiScreen
22:15:50 
22:15:50 
22:15:50 blocked link because:
22:15:50 isGuiScreen
22:15:50 
22:15:50 
22:15:50 blocked link because:
22:15:50 isGuiScreen
22:15:50 
22:15:50 
22:15:50 blocked link because:
22:15:50 isGuiScreen
22:15:50 
22:15:50 
22:15:50 blocked link because:
22:15:50 isGuiScreen
22:15:50 
22:15:50 
22:15:50 blocked link because:
22:15:50 isGuiScreen
22:15:50 
22:15:50 
22:15:50 blocked link because:
22:15:50 isGuiScreen
22:15:50 
22:15:50 
22:15:50 blocked link because:
22:15:50 isGuiScreen
22:15:50 
22:15:50 
22:15:50 blocked link because:
22:15:50 isGuiScreen
22:15:50 
22:15:50 
22:15:50 blocked link because:
22:15:50 isGuiScreen
22:15:50 
22:15:50 
22:15:50 blocked link because:
22:15:50 isGuiScreen
22:15:50 
22:15:50 
22:15:50 blocked link because:
22:15:50 isGuiScreen
22:15:50 
22:15:50 
22:15:50 blocked link because:
22:15:50 isGuiScreen
22:15:50 
22:15:50 
22:15:50 blocked link because:
22:15:50 isGuiScreen
22:15:50 
22:15:50 
22:15:50 blocked link because:
22:15:50 isGuiScreen
22:15:50 
22:15:50 
22:15:50 blocked link because:
22:15:50 isGuiScreen
22:15:50 
22:15:50 
22:15:50 blocked link because:
22:15:50 isGuiScreen
22:15:50 
22:15:50 
22:15:50 blocked link because:
22:15:50 isGuiScreen
22:15:50 
22:15:50 
22:15:50 blocked link because:
22:15:50 isGuiScreen
22:15:50 
22:15:50 
22:15:50 blocked link because:
22:15:50 isGuiScreen
22:15:50 
22:15:50 
22:15:50 blocked link because:
22:15:50 isGuiScreen
22:15:50 
22:15:50 
22:15:50 blocked link because:
22:15:50 isGuiScreen
22:15:50 
22:15:50 
22:15:50 blocked link because:
22:15:50 isGuiScreen
22:15:50 
22:15:50 
22:15:50 blocked link because:
22:15:50 isGuiScreen
22:15:50 
22:15:50 
22:15:50 blocked link because:
22:15:50 isGuiScreen
22:15:50 
22:15:50 
22:15:50 blocked link because:
22:15:50 isGuiScreen
22:15:50 
22:15:50 
22:15:50 blocked link because:
22:15:50 isGuiScreen
22:15:50 
22:15:50 
22:15:50 blocked link because:
22:15:50 isGuiScreen
22:15:50 
22:15:50 
22:15:50 blocked link because:
22:15:50 isGuiScreen
22:15:50 
22:15:50 
22:15:50 blocked link because:
22:15:50 isGuiScreen
22:15:50 
22:15:50 
22:15:50 blocked link because:
22:15:50 isGuiScreen
22:15:50 
22:15:50 
22:15:50 blocked link because:
22:15:50 isGuiScreen
22:15:50 
22:16:30 
22:16:30 blocked link because:
22:16:30 isGuiScreen
22:16:30 
22:16:30 
22:16:30 blocked link because:
22:16:30 isGuiScreen
22:16:30 
22:16:43 
22:16:43 blocked link because:
22:16:43 isGuiScreen
22:16:43 
22:16:43 
22:16:43 blocked link because:
22:16:43 isGuiScreen
22:16:43 
22:16:43 
22:16:43 blocked link because:
22:16:43 isGuiScreen
22:16:43 
22:16:43 
22:16:43 blocked link because:
22:16:43 isGuiScreen
22:16:43 
22:16:43 
22:16:43 blocked link because:
22:16:43 isGuiScreen
22:16:43 
22:16:43 
22:16:43 blocked link because:
22:16:43 isGuiScreen
22:16:43 
22:16:43 
22:16:43 blocked link because:
22:16:43 isGuiScreen
22:16:43 
22:16:43 
22:16:43 blocked link because:
22:16:43 isGuiScreen
22:16:43 
22:16:43 
22:16:43 blocked link because:
22:16:43 isGuiScreen
22:16:43 
22:16:43 
22:16:43 blocked link because:
22:16:43 isGuiScreen
22:16:43 
22:16:43 
22:16:43 blocked link because:
22:16:43 isGuiScreen
22:16:43 
22:16:43 
22:16:43 blocked link because:
22:16:43 isGuiScreen
22:16:43 
22:16:43 
22:16:43 blocked link because:
22:16:43 isGuiScreen
22:16:43 
22:16:43 
22:16:43 blocked link because:
22:16:43 isGuiScreen
22:16:43 
22:16:43 
22:16:43 blocked link because:
22:16:43 isGuiScreen
22:16:43 
22:16:43 
22:16:43 blocked link because:
22:16:43 isGuiScreen
22:16:43 
22:16:43 
22:16:43 blocked link because:
22:16:43 isGuiScreen
22:16:43 
22:16:43 
22:16:43 blocked link because:
22:16:43 isGuiScreen
22:16:43 
22:16:43 
22:16:43 blocked link because:
22:16:43 isGuiScreen
22:16:43 
22:16:43 
22:16:43 blocked link because:
22:16:43 isGuiScreen
22:16:43 
22:16:43 
22:16:43 blocked link because:
22:16:43 isGuiScreen
22:16:43 
22:16:43 
22:16:43 blocked link because:
22:16:43 isGuiScreen
22:16:43 
22:16:43 
22:16:43 blocked link because:
22:16:43 isGuiScreen
22:16:43 
22:16:43 
22:16:43 blocked link because:
22:16:43 isGuiScreen
22:16:43 
22:16:43 
22:16:43 blocked link because:
22:16:43 isGuiScreen
22:16:43 
22:16:43 
22:16:43 blocked link because:
22:16:43 isGuiScreen
22:16:43 
22:16:43 
22:16:43 blocked link because:
22:16:43 isGuiScreen
22:16:43 
22:16:43 
22:16:43 blocked link because:
22:16:43 isGuiScreen
22:16:43 
22:16:43 
22:16:43 blocked link because:
22:16:43 isGuiScreen
22:16:43 
22:16:43 
22:16:43 blocked link because:
22:16:43 isGuiScreen
22:16:43 
22:16:43 
22:16:43 blocked link because:
22:16:43 isGuiScreen
22:16:43 
22:16:43 
22:16:43 blocked link because:
22:16:43 isGuiScreen
22:16:43 
22:16:43 
22:16:43 blocked link because:
22:16:43 isGuiScreen
22:16:43 
22:16:43 
22:16:43 blocked link because:
22:16:43 isGuiScreen
22:16:43 
22:16:43 
22:16:43 blocked link because:
22:16:43 isGuiScreen
22:16:43 
22:16:43 
22:16:43 blocked link because:
22:16:43 isGuiScreen
22:16:43 
22:16:43 
22:16:43 blocked link because:
22:16:43 isGuiScreen
22:16:43 
22:16:43 
22:16:43 blocked link because:
22:16:43 isGuiScreen
22:16:43 
22:16:43 
22:16:43 blocked link because:
22:16:43 isGuiScreen
22:16:43 
22:16:43 
22:16:43 blocked link because:
22:16:43 isGuiScreen
22:16:43 
22:16:43 
22:16:43 blocked link because:
22:16:43 isGuiScreen
22:16:43 
22:16:43 
22:16:43 blocked link because:
22:16:43 isGuiScreen
22:16:43 
22:16:43 
22:16:43 blocked link because:
22:16:43 isGuiScreen
22:16:43 
22:16:43 
22:16:43 blocked link because:
22:16:43 isGuiScreen
22:16:43 
22:16:43 
22:16:43 blocked link because:
22:16:43 isGuiScreen
22:16:43 
22:16:43 
22:16:43 blocked link because:
22:16:43 isGuiScreen
22:16:43 
22:16:49 
22:16:49 blocked link because:
22:16:49 isGuiScreen
22:16:49 
22:16:49 
22:16:49 blocked link because:
22:16:49 isGuiScreen
22:16:49 
22:16:49 
22:16:49 blocked link because:
22:16:49 isGuiScreen
22:16:49 
22:16:49 
22:16:49 blocked link because:
22:16:49 isGuiScreen
22:16:49 
22:16:52 
22:16:52 blocked link because:
22:16:52 isGuiScreen
22:16:52 
22:16:52 
22:16:52 blocked link because:
22:16:52 isGuiScreen
22:16:52 
22:16:52 
22:16:52 blocked link because:
22:16:52 isGuiScreen
22:16:52 
22:16:52 
22:16:52 blocked link because:
22:16:52 isGuiScreen
22:16:52 
22:16:52 
22:16:52 blocked link because:
22:16:52 isGuiScreen
22:16:52 
22:16:52 
22:16:52 blocked link because:
22:16:52 isGuiScreen
22:16:52 
22:16:52 
22:16:52 blocked link because:
22:16:52 isGuiScreen
22:16:52 
22:16:52 
22:16:52 blocked link because:
22:16:52 isGuiScreen
22:16:52 
22:16:52 
22:16:52 blocked link because:
22:16:52 isGuiScreen
22:16:52 
22:16:52 
22:16:52 blocked link because:
22:16:52 isGuiScreen
22:16:52 
22:16:52 
22:16:52 blocked link because:
22:16:52 isGuiScreen
22:16:52 
22:16:52 
22:16:52 blocked link because:
22:16:52 isGuiScreen
22:16:52 
22:16:52 
22:16:52 blocked link because:
22:16:52 isGuiScreen
22:16:52 
22:16:52 
22:16:52 blocked link because:
22:16:52 isGuiScreen
22:16:52 
22:16:52 
22:16:52 blocked link because:
22:16:52 isGuiScreen
22:16:52 
22:16:52 
22:16:52 blocked link because:
22:16:52 isGuiScreen
22:16:52 
22:16:52 
22:16:52 blocked link because:
22:16:52 isGuiScreen
22:16:52 
22:16:52 
22:16:52 blocked link because:
22:16:52 isGuiScreen
22:16:52 
22:16:52 
22:16:52 blocked link because:
22:16:52 isGuiScreen
22:16:52 
22:16:52 
22:16:52 blocked link because:
22:16:52 isGuiScreen
22:16:52 
22:16:52 
22:16:52 blocked link because:
22:16:52 isGuiScreen
22:16:52 
22:16:52 
22:16:52 blocked link because:
22:16:52 isGuiScreen
22:16:52 
22:16:52 
22:16:52 blocked link because:
22:16:52 isGuiScreen
22:16:52 
22:16:52 
22:16:52 blocked link because:
22:16:52 isGuiScreen
22:16:52 
22:16:52 
22:16:52 blocked link because:
22:16:52 isGuiScreen
22:16:52 
22:16:53 
22:16:53 blocked link because:
22:16:53 isGuiScreen
22:16:53 
22:16:53 
22:16:53 blocked link because:
22:16:53 isGuiScreen
22:16:53 
22:16:53 
22:16:53 blocked link because:
22:16:53 isGuiScreen
22:16:53 
22:16:55 
22:16:55 blocked link because:
22:16:55 isGuiScreen
22:16:55 
22:16:56 
22:16:56 blocked link because:
22:16:56 isGuiScreen
22:16:56 
22:16:56 
22:16:56 blocked link because:
22:16:56 isGuiScreen
22:16:56 
22:16:56 
22:16:56 blocked link because:
22:16:56 isGuiScreen
22:16:56 
22:16:56 
22:16:56 blocked link because:
22:16:56 isGuiScreen
22:16:56 
22:16:56 
22:16:56 blocked link because:
22:16:56 isGuiScreen
22:16:56 
22:16:59 
22:16:59 blocked link because:
22:16:59 isGuiScreen
22:16:59 
22:16:59 
22:16:59 blocked link because:
22:16:59 isGuiScreen
22:16:59 
22:16:59 
22:16:59 blocked link because:
22:16:59 isGuiScreen
22:16:59 
22:16:59 
22:16:59 blocked link because:
22:16:59 isGuiScreen
22:16:59 
22:16:59 
22:16:59 blocked link because:
22:16:59 isGuiScreen
22:16:59 
22:16:59 
22:16:59 blocked link because:
22:16:59 isGuiScreen
22:16:59 
22:16:59 
22:16:59 blocked link because:
22:16:59 isGuiScreen
22:16:59 
22:16:59 
22:16:59 blocked link because:
22:16:59 isGuiScreen
22:16:59 
22:16:59 
22:16:59 blocked link because:
22:16:59 isGuiScreen
22:16:59 
22:16:59 
22:16:59 blocked link because:
22:16:59 isGuiScreen
22:16:59 
22:17:06 
22:17:06 blocked link because:
22:17:06 isGuiScreen
22:17:06 
22:17:06 
22:17:06 blocked link because:
22:17:06 isGuiScreen
22:17:06 
22:17:06 
22:17:06 blocked link because:
22:17:06 isGuiScreen
22:17:06 
22:17:16 
22:17:16 blocked link because:
22:17:16 isGuiScreen
22:17:16 
22:17:16 
22:17:16 blocked link because:
22:17:16 isGuiScreen
22:17:16 
22:17:16 
22:17:16 blocked link because:
22:17:16 isGuiScreen
22:17:16 
22:17:16 
22:17:16 blocked link because:
22:17:16 isGuiScreen
22:17:16 
22:17:16 
22:17:16 blocked link because:
22:17:16 isGuiScreen
22:17:16 
22:17:16 
22:17:16 blocked link because:
22:17:16 isGuiScreen
22:17:16 
22:17:16 
22:17:16 blocked link because:
22:17:16 isGuiScreen
22:17:16 
22:17:16 
22:17:16 blocked link because:
22:17:16 isGuiScreen
22:17:16 
22:17:16 
22:17:16 blocked link because:
22:17:16 isGuiScreen
22:17:16 
22:17:16 
22:17:16 blocked link because:
22:17:16 isGuiScreen
22:17:16 
22:17:16 
22:17:16 blocked link because:
22:17:16 isGuiScreen
22:17:16 
22:17:16 
22:17:16 blocked link because:
22:17:16 isGuiScreen
22:17:16 
22:17:23 
22:17:23 blocked link because:
22:17:23 isGuiScreen
22:17:23 
22:18:02 
22:18:02 blocked link because:
22:18:02 isGuiScreen
22:18:02 
22:18:02 
22:18:02 blocked link because:
22:18:02 isGuiScreen
22:18:02 
22:18:02 
22:18:02 blocked link because:
22:18:02 isGuiScreen
22:18:02 
22:18:02 
22:18:02 blocked link because:
22:18:02 isGuiScreen
22:18:02 
22:18:02 
22:18:02 blocked link because:
22:18:02 isGuiScreen
22:18:02 
22:18:02 
22:18:02 blocked link because:
22:18:02 isGuiScreen
22:18:02 
22:18:02 
22:18:02 blocked link because:
22:18:02 isGuiScreen
22:18:02 
22:18:02 
22:18:02 blocked link because:
22:18:02 isGuiScreen
22:18:02 
22:18:02 
22:18:02 blocked link because:
22:18:02 isGuiScreen
22:18:02 
22:18:02 
22:18:02 blocked link because:
22:18:02 isGuiScreen
22:18:02 
22:18:02 
22:18:02 blocked link because:
22:18:02 isGuiScreen
22:18:02 
22:18:02 
22:18:02 blocked link because:
22:18:02 isGuiScreen
22:18:02 
22:18:02 
22:18:02 blocked link because:
22:18:02 isGuiScreen
22:18:02 
22:18:02 
22:18:02 blocked link because:
22:18:02 isGuiScreen
22:18:02 
22:18:02 
22:18:02 blocked link because:
22:18:02 isGuiScreen
22:18:02 
22:18:02 
22:18:02 blocked link because:
22:18:02 isGuiScreen
22:18:02 
22:18:02 
22:18:02 blocked link because:
22:18:02 isGuiScreen
22:18:02 
22:18:02 
22:18:02 blocked link because:
22:18:02 isGuiScreen
22:18:02 
22:18:02 
22:18:02 blocked link because:
22:18:02 isGuiScreen
22:18:02 
22:18:02 
22:18:02 blocked link because:
22:18:02 isGuiScreen
22:18:02 
22:18:02 
22:18:02 blocked link because:
22:18:02 isGuiScreen
22:18:02 
22:18:02 
22:18:02 blocked link because:
22:18:02 isGuiScreen
22:18:02 
22:18:02 
22:18:02 blocked link because:
22:18:02 isGuiScreen
22:18:02 
22:18:02 
22:18:02 blocked link because:
22:18:02 isGuiScreen
22:18:02 
22:18:02 
22:18:02 blocked link because:
22:18:02 isGuiScreen
22:18:02 
22:18:02 
22:18:02 blocked link because:
22:18:02 isGuiScreen
22:18:02 
22:18:02 
22:18:02 blocked link because:
22:18:02 isGuiScreen
22:18:02 
22:18:02 
22:18:02 blocked link because:
22:18:02 isGuiScreen
22:18:02 
22:18:02 
22:18:02 blocked link because:
22:18:02 isGuiScreen
22:18:02 
22:18:02 
22:18:02 blocked link because:
22:18:02 isGuiScreen
22:18:02 
22:18:02 
22:18:02 blocked link because:
22:18:02 isGuiScreen
22:18:02 
22:18:02 
22:18:02 blocked link because:
22:18:02 isGuiScreen
22:18:02 
22:18:05 
22:18:05 blocked link because:
22:18:05 isGuiScreen
22:18:05 
22:18:05 
22:18:05 blocked link because:
22:18:05 isGuiScreen
22:18:05 
22:18:05 
22:18:05 blocked link because:
22:18:05 isGuiScreen
22:18:05 
22:18:05 
22:18:05 blocked link because:
22:18:05 isGuiScreen
22:18:05 
22:18:05 
22:18:05 blocked link because:
22:18:05 isGuiScreen
22:18:05 
22:18:05 
22:18:05 blocked link because:
22:18:05 isGuiScreen
22:18:05 
22:18:05 
22:18:05 blocked link because:
22:18:05 isGuiScreen
22:18:05 
22:18:05 
22:18:05 blocked link because:
22:18:05 isGuiScreen
22:18:05 
22:18:05 
22:18:05 blocked link because:
22:18:05 isGuiScreen
22:18:05 
22:18:05 
22:18:05 blocked link because:
22:18:05 isGuiScreen
22:18:05 
22:18:05 
22:18:05 blocked link because:
22:18:05 isGuiScreen
22:18:05 
22:18:05 
22:18:05 blocked link because:
22:18:05 isGuiScreen
22:18:05 
22:18:05 
22:18:05 blocked link because:
22:18:05 isGuiScreen
22:18:05 
22:18:05 
22:18:05 blocked link because:
22:18:05 isGuiScreen
22:18:05 
22:18:05 
22:18:05 blocked link because:
22:18:05 isGuiScreen
22:18:05 
22:18:05 
22:18:05 blocked link because:
22:18:05 isGuiScreen
22:18:05 
22:18:05 
22:18:05 blocked link because:
22:18:05 isGuiScreen
22:18:05 
22:18:05 
22:18:05 blocked link because:
22:18:05 isGuiScreen
22:18:05 
22:18:05 
22:18:05 blocked link because:
22:18:05 isGuiScreen
22:18:05 
22:18:05 
22:18:05 blocked link because:
22:18:05 isGuiScreen
22:18:05 
22:18:05 
22:18:05 blocked link because:
22:18:05 isGuiScreen
22:18:05 
22:18:05 
22:18:05 blocked link because:
22:18:05 isGuiScreen
22:18:05 
22:18:05 
22:18:05 blocked link because:
22:18:05 isGuiScreen
22:18:05 
22:18:05 
22:18:05 blocked link because:
22:18:05 isGuiScreen
22:18:05 
22:18:05 
22:18:05 blocked link because:
22:18:05 isGuiScreen
22:18:05 
22:18:05 
22:18:05 blocked link because:
22:18:05 isGuiScreen
22:18:05 
22:18:05 
22:18:05 blocked link because:
22:18:05 isGuiScreen
22:18:05 
22:18:05 
22:18:05 blocked link because:
22:18:05 isGuiScreen
22:18:05 
22:18:05 
22:18:05 blocked link because:
22:18:05 isGuiScreen
22:18:05 
22:18:06 
22:18:06 blocked link because:
22:18:06 isGuiScreen
22:18:06 
22:18:06 
22:18:06 blocked link because:
22:18:06 isGuiScreen
22:18:06 
22:18:06 
22:18:06 blocked link because:
22:18:06 isGuiScreen
22:18:06 
22:18:06 
22:18:06 blocked link because:
22:18:06 isGuiScreen
22:18:06 
22:18:06 
22:18:06 blocked link because:
22:18:06 isGuiScreen
22:18:06 
22:18:06 
22:18:06 blocked link because:
22:18:06 isGuiScreen
22:18:06 
22:18:06 
22:18:06 blocked link because:
22:18:06 isGuiScreen
22:18:06 
22:18:06 
22:18:06 blocked link because:
22:18:06 isGuiScreen
22:18:06 
22:18:06 
22:18:06 blocked link because:
22:18:06 isGuiScreen
22:18:06 
22:18:06 
22:18:06 blocked link because:
22:18:06 isGuiScreen
22:18:06 
22:18:06 
22:18:06 blocked link because:
22:18:06 isGuiScreen
22:18:06 
22:18:06 
22:18:06 blocked link because:
22:18:06 isGuiScreen
22:18:06 
22:18:06 
22:18:06 blocked link because:
22:18:06 isGuiScreen
22:18:06 
22:18:06 
22:18:06 blocked link because:
22:18:06 isGuiScreen
22:18:06 
22:18:06 
22:18:06 blocked link because:
22:18:06 isGuiScreen
22:18:06 
22:18:06 
22:18:06 blocked link because:
22:18:06 isGuiScreen
22:18:06 
22:18:06 
22:18:06 blocked link because:
22:18:06 isGuiScreen
22:18:06 
22:18:06 
22:18:06 blocked link because:
22:18:06 isGuiScreen
22:18:06 
22:18:06 
22:18:06 blocked link because:
22:18:06 isGuiScreen
22:18:06 
22:18:06 
22:18:06 blocked link because:
22:18:06 isGuiScreen
22:18:06 
22:18:06 
22:18:06 blocked link because:
22:18:06 isGuiScreen
22:18:06 
22:18:06 
22:18:06 blocked link because:
22:18:06 isGuiScreen
22:18:06 
22:18:06 
22:18:06 blocked link because:
22:18:06 isGuiScreen
22:18:06 
22:18:06 
22:18:06 blocked link because:
22:18:06 isGuiScreen
22:18:06 
22:18:06 
22:18:06 blocked link because:
22:18:06 isGuiScreen
22:18:06 
22:18:06 
22:18:06 blocked link because:
22:18:06 isGuiScreen
22:18:06 
22:18:06 
22:18:06 blocked link because:
22:18:06 isGuiScreen
22:18:06 
22:18:06 
22:18:06 blocked link because:
22:18:06 isGuiScreen
22:18:06 
22:18:06 
22:18:06 blocked link because:
22:18:06 isGuiScreen
22:18:06 
22:18:06 
22:18:06 blocked link because:
22:18:06 isGuiScreen
22:18:06 
22:18:06 
22:18:06 blocked link because:
22:18:06 isGuiScreen
22:18:06 
22:18:06 
22:18:06 blocked link because:
22:18:06 isGuiScreen
22:18:06 
22:18:06 
22:18:06 blocked link because:
22:18:06 isGuiScreen
22:18:06 
22:18:06 
22:18:06 blocked link because:
22:18:06 isGuiScreen
22:18:06 
22:18:06 
22:18:06 blocked link because:
22:18:06 isGuiScreen
22:18:06 
22:18:06 
22:18:06 blocked link because:
22:18:06 isGuiScreen
22:18:06 
22:18:06 
22:18:06 blocked link because:
22:18:06 isGuiScreen
22:18:06 
22:18:06 
22:18:06 blocked link because:
22:18:06 isGuiScreen
22:18:06 
22:18:06 
22:18:06 blocked link because:
22:18:06 isGuiScreen
22:18:06 
22:18:06 
22:18:06 blocked link because:
22:18:06 isGuiScreen
22:18:06 
22:18:06 
22:18:06 blocked link because:
22:18:06 isGuiScreen
22:18:06 
22:18:06 
22:18:06 blocked link because:
22:18:06 isGuiScreen
22:18:06 
22:18:06 
22:18:06 blocked link because:
22:18:06 isGuiScreen
22:18:06 
22:18:06 
22:18:06 blocked link because:
22:18:06 isGuiScreen
22:18:06 
22:18:06 
22:18:06 blocked link because:
22:18:06 isGuiScreen
22:18:06 
22:18:06 
22:18:06 blocked link because:
22:18:06 isGuiScreen
22:18:06 
22:18:06 
22:18:06 blocked link because:
22:18:06 isGuiScreen
22:18:06 
22:18:06 
22:18:06 blocked link because:
22:18:06 isGuiScreen
22:18:06 
22:18:06 
22:18:06 blocked link because:
22:18:06 isGuiScreen
22:18:06 
22:18:06 
22:18:06 blocked link because:
22:18:06 isGuiScreen
22:18:06 
22:18:06 
22:18:06 blocked link because:
22:18:06 isGuiScreen
22:18:06 
22:18:06 
22:18:06 blocked link because:
22:18:06 isGuiScreen
22:18:06 
22:18:06 
22:18:06 blocked link because:
22:18:06 isGuiScreen
22:18:06 
22:18:06 
22:18:06 blocked link because:
22:18:06 isGuiScreen
22:18:06 
22:18:06 
22:18:06 blocked link because:
22:18:06 isGuiScreen
22:18:06 
22:18:06 
22:18:06 blocked link because:
22:18:06 isGuiScreen
22:18:06 
22:18:06 
22:18:06 blocked link because:
22:18:06 isGuiScreen
22:18:06 
22:18:06 
22:18:06 blocked link because:
22:18:06 isGuiScreen
22:18:06 
22:18:06 
22:18:06 blocked link because:
22:18:06 isGuiScreen
22:18:06 
22:18:06 
22:18:06 blocked link because:
22:18:06 isGuiScreen
22:18:06 
22:18:06 
22:18:06 blocked link because:
22:18:06 isGuiScreen
22:18:06 
22:18:06 
22:18:06 blocked link because:
22:18:06 isGuiScreen
22:18:06 
22:18:06 
22:18:06 blocked link because:
22:18:06 isGuiScreen
22:18:06 
22:18:06 
22:18:06 blocked link because:
22:18:06 isGuiScreen
22:18:06 
22:18:06 
22:18:06 blocked link because:
22:18:06 isGuiScreen
22:18:06 
22:18:06 
22:18:06 blocked link because:
22:18:06 isGuiScreen
22:18:06 
22:18:06 
22:18:06 blocked link because:
22:18:06 isGuiScreen
22:18:06 
22:18:06 
22:18:06 blocked link because:
22:18:06 isGuiScreen
22:18:06 
22:18:06 
22:18:06 blocked link because:
22:18:06 isGuiScreen
22:18:06 
22:18:06 
22:18:06 blocked link because:
22:18:06 isGuiScreen
22:18:06 
22:18:06 
22:18:06 blocked link because:
22:18:06 isGuiScreen
22:18:06 
22:18:06 
22:18:06 blocked link because:
22:18:06 isGuiScreen
22:18:06 
22:18:06 
22:18:06 blocked link because:
22:18:06 isGuiScreen
22:18:06 
22:18:06 
22:18:06 blocked link because:
22:18:06 isGuiScreen
22:18:06 
22:18:06 
22:18:06 blocked link because:
22:18:06 isGuiScreen
22:18:06 
22:18:06 
22:18:06 blocked link because:
22:18:06 isGuiScreen
22:18:06 
22:18:06 
22:18:06 blocked link because:
22:18:06 isGuiScreen
22:18:06 
22:18:06 
22:18:06 blocked link because:
22:18:06 isGuiScreen
22:18:06 
22:18:06 
22:18:06 blocked link because:
22:18:06 isGuiScreen
22:18:06 
22:18:06 
22:18:06 blocked link because:
22:18:06 isGuiScreen
22:18:06 
22:18:06 
22:18:06 blocked link because:
22:18:06 isGuiScreen
22:18:06 
22:18:06 
22:18:06 blocked link because:
22:18:06 isGuiScreen
22:18:06 
22:18:06 
22:18:06 blocked link because:
22:18:06 isGuiScreen
22:18:06 
22:18:06 
22:18:06 blocked link because:
22:18:06 isGuiScreen
22:18:06 
22:18:06 
22:18:06 blocked link because:
22:18:06 isGuiScreen
22:18:06 
22:18:06 
22:18:06 blocked link because:
22:18:06 isGuiScreen
22:18:06 
22:18:06 
22:18:06 blocked link because:
22:18:06 isGuiScreen
22:18:06 
22:18:06 
22:18:06 blocked link because:
22:18:06 isGuiScreen
22:18:06 
22:18:06 
22:18:06 blocked link because:
22:18:06 isGuiScreen
22:18:06 
22:18:06 
22:18:06 blocked link because:
22:18:06 isGuiScreen
22:18:06 
22:18:06 
22:18:06 blocked link because:
22:18:06 isGuiScreen
22:18:06 
22:18:06 
22:18:06 blocked link because:
22:18:06 isGuiScreen
22:18:06 
22:18:06 
22:18:06 blocked link because:
22:18:06 isGuiScreen
22:18:06 
22:18:06 
22:18:06 blocked link because:
22:18:06 isGuiScreen
22:18:06 
22:18:06 
22:18:06 blocked link because:
22:18:06 isGuiScreen
22:18:06 
22:18:06 
22:18:06 blocked link because:
22:18:06 isGuiScreen
22:18:06 
22:18:06 
22:18:06 blocked link because:
22:18:06 isGuiScreen
22:18:06 
22:18:06 
22:18:06 blocked link because:
22:18:06 isGuiScreen
22:18:06 
22:18:06 
22:18:06 blocked link because:
22:18:06 isGuiScreen
22:18:06 
22:18:06 
22:18:06 blocked link because:
22:18:06 isGuiScreen
22:18:06 
22:18:06 
22:18:06 blocked link because:
22:18:06 isGuiScreen
22:18:06 
22:18:06 
22:18:06 blocked link because:
22:18:06 isGuiScreen
22:18:06 
22:18:06 
22:18:06 blocked link because:
22:18:06 isGuiScreen
22:18:06 
22:18:06 
22:18:06 blocked link because:
22:18:06 isGuiScreen
22:18:06 
22:18:06 
22:18:06 blocked link because:
22:18:06 isGuiScreen
22:18:06 
22:18:06 
22:18:06 blocked link because:
22:18:06 isGuiScreen
22:18:06 
22:18:06 
22:18:06 blocked link because:
22:18:06 isGuiScreen
22:18:06 
22:18:06 
22:18:06 blocked link because:
22:18:06 isGuiScreen
22:18:06 
22:18:06 
22:18:06 blocked link because:
22:18:06 isGuiScreen
22:18:06 
22:18:06 
22:18:06 blocked link because:
22:18:06 isGuiScreen
22:18:06 
22:18:06 
22:18:06 blocked link because:
22:18:06 isGuiScreen
22:18:06 
22:18:06 
22:18:06 blocked link because:
22:18:06 isGuiScreen
22:18:06 
22:18:06 
22:18:06 blocked link because:
22:18:06 isGuiScreen
22:18:06 
22:18:06 
22:18:06 blocked link because:
22:18:06 isGuiScreen
22:18:06 
22:18:06 
22:18:06 blocked link because:
22:18:06 isGuiScreen
22:18:06 
22:18:06 
22:18:06 blocked link because:
22:18:06 isGuiScreen
22:18:06 
22:18:06 
22:18:06 blocked link because:
22:18:06 isGuiScreen
22:18:06 
22:18:06 
22:18:06 blocked link because:
22:18:06 isGuiScreen
22:18:06 
22:18:06 
22:18:06 blocked link because:
22:18:06 isGuiScreen
22:18:06 
22:18:06 
22:18:06 blocked link because:
22:18:06 isGuiScreen
22:18:06 
22:18:06 
22:18:06 blocked link because:
22:18:06 isGuiScreen
22:18:06 
22:18:06 
22:18:06 blocked link because:
22:18:06 isGuiScreen
22:18:06 
22:18:06 
22:18:06 blocked link because:
22:18:06 isGuiScreen
22:18:06 
22:18:06 
22:18:06 blocked link because:
22:18:06 isGuiScreen
22:18:06 
22:18:06 
22:18:06 blocked link because:
22:18:06 isGuiScreen
22:18:06 
22:18:06 
22:18:06 blocked link because:
22:18:06 isGuiScreen
22:18:06 
22:18:06 
22:18:06 blocked link because:
22:18:06 isGuiScreen
22:18:06 
22:18:06 
22:18:06 blocked link because:
22:18:06 isGuiScreen
22:18:06 
22:18:06 
22:18:06 blocked link because:
22:18:06 isGuiScreen
22:18:06 
22:18:06 
22:18:06 blocked link because:
22:18:06 isGuiScreen
22:18:06 
22:18:06 
22:18:06 blocked link because:
22:18:06 isGuiScreen
22:18:06 
22:18:06 
22:18:06 blocked link because:
22:18:06 isGuiScreen
22:18:06 
22:18:06 
22:18:06 blocked link because:
22:18:06 isGuiScreen
22:18:06 
22:18:06 
22:18:06 blocked link because:
22:18:06 isGuiScreen
22:18:06 
22:18:06 
22:18:06 blocked link because:
22:18:06 isGuiScreen
22:18:06 
22:18:06 
22:18:06 blocked link because:
22:18:06 isGuiScreen
22:18:06 
22:18:06 
22:18:06 blocked link because:
22:18:06 isGuiScreen
22:18:06 
22:18:06 
22:18:06 blocked link because:
22:18:06 isGuiScreen
22:18:06 
22:18:06 
22:18:06 blocked link because:
22:18:06 isGuiScreen
22:18:06 
22:18:06 
22:18:06 blocked link because:
22:18:06 isGuiScreen
22:18:06 
22:18:06 
22:18:06 blocked link because:
22:18:06 isGuiScreen
22:18:06 
22:18:06 
22:18:06 blocked link because:
22:18:06 isGuiScreen
22:18:06 
22:18:06 
22:18:06 blocked link because:
22:18:06 isGuiScreen
22:18:06 
22:18:06 
22:18:06 blocked link because:
22:18:06 isGuiScreen
22:18:06 
22:18:06 
22:18:06 blocked link because:
22:18:06 isGuiScreen
22:18:06 
22:18:06 
22:18:06 blocked link because:
22:18:06 isGuiScreen
22:18:06 
22:18:06 
22:18:06 blocked link because:
22:18:06 isGuiScreen
22:18:06 
22:18:06 
22:18:06 blocked link because:
22:18:06 isGuiScreen
22:18:06 
22:18:06 
22:18:06 blocked link because:
22:18:06 isGuiScreen
22:18:06 
22:18:06 
22:18:06 blocked link because:
22:18:06 isGuiScreen
22:18:06 
22:18:06 
22:18:06 blocked link because:
22:18:06 isGuiScreen
22:18:06 
22:18:06 
22:18:06 blocked link because:
22:18:06 isGuiScreen
22:18:06 
22:18:06 
22:18:06 blocked link because:
22:18:06 isGuiScreen
22:18:06 
22:18:06 
22:18:06 blocked link because:
22:18:06 isGuiScreen
22:18:06 
22:18:06 
22:18:06 blocked link because:
22:18:06 isGuiScreen
22:18:06 
22:18:06 
22:18:06 blocked link because:
22:18:06 isGuiScreen
22:18:06 
22:18:06 
22:18:06 blocked link because:
22:18:06 isGuiScreen
22:18:06 
22:18:06 
22:18:06 blocked link because:
22:18:06 isGuiScreen
22:18:06 
22:18:06 
22:18:06 blocked link because:
22:18:06 isGuiScreen
22:18:06 
22:18:06 
22:18:06 blocked link because:
22:18:06 isGuiScreen
22:18:06 
22:18:06 
22:18:06 blocked link because:
22:18:06 isGuiScreen
22:18:06 
22:18:06 
22:18:06 blocked link because:
22:18:06 isGuiScreen
22:18:06 
22:18:06 
22:18:06 blocked link because:
22:18:06 isGuiScreen
22:18:06 
22:18:06 
22:18:06 blocked link because:
22:18:06 isGuiScreen
22:18:06 
22:18:31 
22:18:31 blocked link because:
22:18:31 isGuiScreen
22:18:31 
22:18:31 
22:18:31 blocked link because:
22:18:31 isGuiScreen
22:18:31 
22:18:31 
22:18:31 blocked link because:
22:18:31 isGuiScreen
22:18:31 
22:18:31 
22:18:31 blocked link because:
22:18:31 isGuiScreen
22:18:31 
22:18:31 
22:18:31 blocked link because:
22:18:31 isGuiScreen
22:18:31 
22:18:31 
22:18:31 blocked link because:
22:18:31 isGuiScreen
22:18:31 
22:18:31 
22:18:31 blocked link because:
22:18:31 isGuiScreen
22:18:31 
22:18:31 
22:18:31 blocked link because:
22:18:31 isGuiScreen
22:18:31 
22:18:31 
22:18:31 blocked link because:
22:18:31 isGuiScreen
22:18:31 
22:18:31 
22:18:31 blocked link because:
22:18:31 isGuiScreen
22:18:31 
22:18:31 
22:18:31 blocked link because:
22:18:31 isGuiScreen
22:18:31 
22:18:31 
22:18:31 blocked link because:
22:18:31 isGuiScreen
22:18:31 
22:18:31 
22:18:31 blocked link because:
22:18:31 isGuiScreen
22:18:31 
22:18:31 
22:18:31 blocked link because:
22:18:31 isGuiScreen
22:18:31 
22:18:31 
22:18:31 blocked link because:
22:18:31 isGuiScreen
22:18:31 
22:18:31 
22:18:31 blocked link because:
22:18:31 isGuiScreen
22:18:31 
22:18:31 
22:18:31 blocked link because:
22:18:31 isGuiScreen
22:18:31 
22:18:31 
22:18:31 blocked link because:
22:18:31 isGuiScreen
22:18:31 
22:18:31 
22:18:31 blocked link because:
22:18:31 isGuiScreen
22:18:31 
22:18:31 
22:18:31 blocked link because:
22:18:31 isGuiScreen
22:18:31 
22:18:31 
22:18:31 blocked link because:
22:18:31 isGuiScreen
22:18:31 
22:18:31 
22:18:31 blocked link because:
22:18:31 isGuiScreen
22:18:31 
22:18:31 
22:18:31 blocked link because:
22:18:31 isGuiScreen
22:18:31 
22:18:31 
22:18:31 blocked link because:
22:18:31 isGuiScreen
22:18:31 
22:18:31 
22:18:31 blocked link because:
22:18:31 isGuiScreen
22:18:31 
22:18:31 
22:18:31 blocked link because:
22:18:31 isGuiScreen
22:18:31 
22:18:31 
22:18:31 blocked link because:
22:18:31 isGuiScreen
22:18:31 
22:18:31 
22:18:31 blocked link because:
22:18:31 isGuiScreen
22:18:31 
22:18:31 
22:18:31 blocked link because:
22:18:31 isGuiScreen
22:18:31 
22:18:31 
22:18:31 blocked link because:
22:18:31 isGuiScreen
22:18:31 
22:18:31 
22:18:31 blocked link because:
22:18:31 isGuiScreen
22:18:31 
22:18:31 
22:18:31 blocked link because:
22:18:31 isGuiScreen
22:18:31 
22:18:31 
22:18:31 blocked link because:
22:18:31 isGuiScreen
22:18:31 
22:18:31 
22:18:31 blocked link because:
22:18:31 isGuiScreen
22:18:31 
22:18:31 
22:18:31 blocked link because:
22:18:31 isGuiScreen
22:18:31 
22:18:31 
22:18:31 blocked link because:
22:18:31 isGuiScreen
22:18:31 
22:18:31 
22:18:31 blocked link because:
22:18:31 isGuiScreen
22:18:31 
22:18:31 
22:18:31 blocked link because:
22:18:31 isGuiScreen
22:18:31 
22:18:32 
22:18:32 blocked link because:
22:18:32 isGuiScreen
22:18:32 
22:18:32 
22:18:32 blocked link because:
22:18:32 isGuiScreen
22:18:32 
22:18:32 
22:18:32 blocked link because:
22:18:32 isGuiScreen
22:18:32 
22:18:32 
22:18:32 blocked link because:
22:18:32 isGuiScreen
22:18:32 
22:18:32 
22:18:32 blocked link because:
22:18:32 isGuiScreen
22:18:32 
22:18:32 
22:18:32 blocked link because:
22:18:32 isGuiScreen
22:18:32 
22:18:32 
22:18:32 blocked link because:
22:18:32 isGuiScreen
22:18:32 
22:18:32 
22:18:32 blocked link because:
22:18:32 isGuiScreen
22:18:32 
22:18:32 
22:18:32 blocked link because:
22:18:32 isGuiScreen
22:18:32 
22:18:32 
22:18:32 blocked link because:
22:18:32 isGuiScreen
22:18:32 
22:18:32 
22:18:32 blocked link because:
22:18:32 isGuiScreen
22:18:32 
22:18:32 
22:18:32 blocked link because:
22:18:32 isGuiScreen
22:18:32 
22:18:32 
22:18:32 blocked link because:
22:18:32 isGuiScreen
22:18:32 
22:18:32 
22:18:32 blocked link because:
22:18:32 isGuiScreen
22:18:32 
22:18:32 
22:18:32 blocked link because:
22:18:32 isGuiScreen
22:18:32 
22:18:32 
22:18:32 blocked link because:
22:18:32 isGuiScreen
22:18:32 
22:18:32 
22:18:32 blocked link because:
22:18:32 isGuiScreen
22:18:32 
22:18:32 
22:18:32 blocked link because:
22:18:32 isGuiScreen
22:18:32 
22:18:32 
22:18:32 blocked link because:
22:18:32 isGuiScreen
22:18:32 
22:18:32 
22:18:32 blocked link because:
22:18:32 isGuiScreen
22:18:32 
22:18:32 
22:18:32 blocked link because:
22:18:32 isGuiScreen
22:18:32 
22:18:32 
22:18:32 blocked link because:
22:18:32 isGuiScreen
22:18:32 
22:18:32 
22:18:32 blocked link because:
22:18:32 isGuiScreen
22:18:32 
22:18:32 
22:18:32 blocked link because:
22:18:32 isGuiScreen
22:18:32 
22:18:32 
22:18:32 blocked link because:
22:18:32 isGuiScreen
22:18:32 
22:18:32 
22:18:32 blocked link because:
22:18:32 isGuiScreen
22:18:32 
22:18:32 
22:18:32 blocked link because:
22:18:32 isGuiScreen
22:18:32 
22:18:32 
22:18:32 blocked link because:
22:18:32 isGuiScreen
22:18:32 
22:18:32 
22:18:32 blocked link because:
22:18:32 isGuiScreen
22:18:32 
22:18:32 
22:18:32 blocked link because:
22:18:32 isGuiScreen
22:18:32 
22:18:32 
22:18:32 blocked link because:
22:18:32 isGuiScreen
22:18:32 
22:18:32 
22:18:32 blocked link because:
22:18:32 isGuiScreen
22:18:32 
22:18:32 
22:18:32 blocked link because:
22:18:32 isGuiScreen
22:18:32 
22:18:32 
22:18:32 blocked link because:
22:18:32 isGuiScreen
22:18:32 
22:18:32 
22:18:32 blocked link because:
22:18:32 isGuiScreen
22:18:32 
22:18:32 
22:18:32 blocked link because:
22:18:32 isGuiScreen
22:18:32 
22:18:32 
22:18:32 blocked link because:
22:18:32 isGuiScreen
22:18:32 
22:18:32 
22:18:32 blocked link because:
22:18:32 isGuiScreen
22:18:32 
22:18:32 
22:18:32 blocked link because:
22:18:32 isGuiScreen
22:18:32 
22:18:32 
22:18:32 blocked link because:
22:18:32 isGuiScreen
22:18:32 
22:18:32 
22:18:32 blocked link because:
22:18:32 isGuiScreen
22:18:32 
22:18:32 
22:18:32 blocked link because:
22:18:32 isGuiScreen
22:18:32 
22:18:32 
22:18:32 blocked link because:
22:18:32 isGuiScreen
22:18:32 
22:18:32 
22:18:32 blocked link because:
22:18:32 isGuiScreen
22:18:32 
22:18:32 
22:18:32 blocked link because:
22:18:32 isGuiScreen
22:18:32 
22:18:32 
22:18:32 blocked link because:
22:18:32 isGuiScreen
22:18:32 
22:18:35 
22:18:35 blocked link because:
22:18:35 isGuiScreen
22:18:35 
22:18:35 
22:18:35 blocked link because:
22:18:35 isGuiScreen
22:18:35 
22:18:35 
22:18:35 blocked link because:
22:18:35 isGuiScreen
22:18:35 
22:20:54 
22:20:54 blocked link because:
22:20:54 isGuiScreen
22:20:54 
22:20:54 
22:20:54 blocked link because:
22:20:54 isGuiScreen
22:20:54 
22:20:54 
22:20:54 blocked link because:
22:20:54 isGuiScreen
22:20:54 
22:20:54 
22:20:54 blocked link because:
22:20:54 isGuiScreen
22:20:54 
22:20:54 
22:20:54 blocked link because:
22:20:54 isGuiScreen
22:20:54 
22:21:30 
22:21:30 blocked link because:
22:21:30 isGuiScreen
22:21:30 
22:21:30 
22:21:30 blocked link because:
22:21:30 isGuiScreen
22:21:30 
22:21:30 
22:21:30 blocked link because:
22:21:30 isGuiScreen
22:21:30 
22:21:30 
22:21:30 blocked link because:
22:21:30 isGuiScreen
22:21:30 
22:22:33 
22:22:33 blocked link because:
22:22:33 isGuiScreen
22:22:33 
22:22:33 
22:22:33 blocked link because:
22:22:33 isGuiScreen
22:22:33 
22:22:33 
22:22:33 blocked link because:
22:22:33 isGuiScreen
22:22:33 
22:22:33 
22:22:33 blocked link because:
22:22:33 isGuiScreen
22:22:33 
22:22:33 
22:22:33 blocked link because:
22:22:33 isGuiScreen
22:22:33 
22:22:33 
22:22:33 blocked link because:
22:22:33 isGuiScreen
22:22:33 
22:22:33 
22:22:33 blocked link because:
22:22:33 isGuiScreen
22:22:33 
22:22:33 
22:22:33 blocked link because:
22:22:33 isGuiScreen
22:22:33 
22:22:33 
22:22:33 blocked link because:
22:22:33 isGuiScreen
22:22:33 
22:22:33 
22:22:33 blocked link because:
22:22:33 isGuiScreen
22:22:33 
22:22:33 
22:22:33 blocked link because:
22:22:33 isGuiScreen
22:22:33 
22:22:33 
22:22:33 blocked link because:
22:22:33 isGuiScreen
22:22:33 
22:22:33 
22:22:33 blocked link because:
22:22:33 isGuiScreen
22:22:33 
22:22:33 
22:22:33 blocked link because:
22:22:33 isGuiScreen
22:22:33 
22:22:33 
22:22:33 blocked link because:
22:22:33 isGuiScreen
22:22:33 
22:22:33 
22:22:33 blocked link because:
22:22:33 isGuiScreen
22:22:33 
22:22:33 
22:22:33 blocked link because:
22:22:33 isGuiScreen
22:22:33 
22:22:33 
22:22:33 blocked link because:
22:22:33 isGuiScreen
22:22:33 
22:22:33 
22:22:33 blocked link because:
22:22:33 isGuiScreen
22:22:33 
22:22:33 
22:22:33 blocked link because:
22:22:33 isGuiScreen
22:22:33 
22:22:33 
22:22:33 blocked link because:
22:22:33 isGuiScreen
22:22:33 
22:22:33 
22:22:33 blocked link because:
22:22:33 isGuiScreen
22:22:33 
22:22:33 
22:22:33 blocked link because:
22:22:33 isGuiScreen
22:22:33 
22:22:33 
22:22:33 blocked link because:
22:22:33 isGuiScreen
22:22:33 
22:22:33 
22:22:33 blocked link because:
22:22:33 isGuiScreen
22:22:33 
22:22:33 
22:22:33 blocked link because:
22:22:33 isGuiScreen
22:22:33 
22:22:33 
22:22:33 blocked link because:
22:22:33 isGuiScreen
22:22:33 
22:22:33 
22:22:33 blocked link because:
22:22:33 isGuiScreen
22:22:33 
22:22:33 
22:22:33 blocked link because:
22:22:33 isGuiScreen
22:22:33 
22:22:33 
22:22:33 blocked link because:
22:22:33 isGuiScreen
22:22:33 
22:22:33 
22:22:33 blocked link because:
22:22:33 isGuiScreen
22:22:33 
22:22:33 
22:22:33 blocked link because:
22:22:33 isGuiScreen
22:22:33 
22:22:33 
22:22:33 blocked link because:
22:22:33 isGuiScreen
22:22:33 
22:22:33 
22:22:33 blocked link because:
22:22:33 isGuiScreen
22:22:33 
22:22:33 
22:22:33 blocked link because:
22:22:33 isGuiScreen
22:22:33 
22:22:33 
22:22:33 blocked link because:
22:22:33 isGuiScreen
22:22:33 
22:22:33 
22:22:33 blocked link because:
22:22:33 isGuiScreen
22:22:33 
22:22:33 
22:22:33 blocked link because:
22:22:33 isGuiScreen
22:22:33 
22:22:33 
22:22:33 blocked link because:
22:22:33 isGuiScreen
22:22:33 
22:22:33 
22:22:33 blocked link because:
22:22:33 isGuiScreen
22:22:33 
22:22:33 
22:22:33 blocked link because:
22:22:33 isGuiScreen
22:22:33 
22:24:47 
22:24:47 blocked link because:
22:24:47 isGuiScreen
22:24:47 
22:25:34 
22:25:34 blocked link because:
22:25:34 isGuiScreen
22:25:34 
22:25:34 
22:25:34 blocked link because:
22:25:34 isGuiScreen
22:25:34 
22:25:34 
22:25:34 blocked link because:
22:25:34 isGuiScreen
22:25:34 
22:25:34 
22:25:34 blocked link because:
22:25:34 isGuiScreen
22:25:34 
22:25:34 
22:25:34 blocked link because:
22:25:34 isGuiScreen
22:25:34 
22:25:34 
22:25:34 blocked link because:
22:25:34 isGuiScreen
22:25:34 
22:25:34 
22:25:34 blocked link because:
22:25:34 isGuiScreen
22:25:34 
22:25:34 
22:25:34 blocked link because:
22:25:34 isGuiScreen
22:25:34 
22:25:34 
22:25:34 blocked link because:
22:25:34 isGuiScreen
22:25:34 
22:25:34 
22:25:34 blocked link because:
22:25:34 isGuiScreen
22:25:34 
22:25:34 
22:25:34 blocked link because:
22:25:34 isGuiScreen
22:25:34 
22:25:34 
22:25:34 blocked link because:
22:25:34 isGuiScreen
22:25:34 
22:25:34 
22:25:34 blocked link because:
22:25:34 isGuiScreen
22:25:34 
22:25:34 
22:25:34 blocked link because:
22:25:34 isGuiScreen
22:25:34 
22:25:34 
22:25:34 blocked link because:
22:25:34 isGuiScreen
22:25:34 
22:25:34 
22:25:34 blocked link because:
22:25:34 isGuiScreen
22:25:34 
22:25:34 
22:25:34 blocked link because:
22:25:34 isGuiScreen
22:25:34 
22:25:34 
22:25:34 blocked link because:
22:25:34 isGuiScreen
22:25:34 
22:25:34 
22:25:34 blocked link because:
22:25:34 isGuiScreen
22:25:34 
22:25:34 
22:25:34 blocked link because:
22:25:34 isGuiScreen
22:25:34 
22:25:34 
22:25:34 blocked link because:
22:25:34 isGuiScreen
22:25:34 
22:25:34 
22:25:34 blocked link because:
22:25:34 isGuiScreen
22:25:34 
22:25:34 
22:25:34 blocked link because:
22:25:34 isGuiScreen
22:25:34 
22:25:34 
22:25:34 blocked link because:
22:25:34 isGuiScreen
22:25:34 
22:25:34 
22:25:34 blocked link because:
22:25:34 isGuiScreen
22:25:34 
22:25:34 
22:25:34 blocked link because:
22:25:34 isGuiScreen
22:25:34 
22:25:34 
22:25:34 blocked link because:
22:25:34 isGuiScreen
22:25:34 
22:25:34 
22:25:34 blocked link because:
22:25:34 isGuiScreen
22:25:34 
22:25:34 
22:25:34 blocked link because:
22:25:34 isGuiScreen
22:25:34 
22:25:34 
22:25:34 blocked link because:
22:25:34 isGuiScreen
22:25:34 
22:25:34 
22:25:34 blocked link because:
22:25:34 isGuiScreen
22:25:34 
22:25:34 
22:25:34 blocked link because:
22:25:34 isGuiScreen
22:25:34 
22:25:35 
22:25:35 blocked link because:
22:25:35 isGuiScreen
22:25:35 
22:25:35 
22:25:35 blocked link because:
22:25:35 isGuiScreen
22:25:35 
22:25:35 
22:25:35 blocked link because:
22:25:35 isGuiScreen
22:25:35 
22:25:35 
22:25:35 blocked link because:
22:25:35 isGuiScreen
22:25:35 
22:25:35 
22:25:35 blocked link because:
22:25:35 isGuiScreen
22:25:35 
22:25:35 
22:25:35 blocked link because:
22:25:35 isGuiScreen
22:25:35 
22:25:35 
22:25:35 blocked link because:
22:25:35 isGuiScreen
22:25:35 
22:25:35 
22:25:35 blocked link because:
22:25:35 isGuiScreen
22:25:35 
22:25:35 
22:25:35 blocked link because:
22:25:35 isGuiScreen
22:25:35 
22:25:35 
22:25:35 blocked link because:
22:25:35 isGuiScreen
22:25:35 
22:25:35 
22:25:35 blocked link because:
22:25:35 isGuiScreen
22:25:35 
22:25:35 
22:25:35 blocked link because:
22:25:35 isGuiScreen
22:25:35 
22:25:35 
22:25:35 blocked link because:
22:25:35 isGuiScreen
22:25:35 
22:25:35 
22:25:35 blocked link because:
22:25:35 isGuiScreen
22:25:35 
22:25:35 
22:25:35 blocked link because:
22:25:35 isGuiScreen
22:25:35 
22:25:35 
22:25:35 blocked link because:
22:25:35 isGuiScreen
22:25:35 
22:25:35 
22:25:35 blocked link because:
22:25:35 isGuiScreen
22:25:35 
22:25:35 
22:25:35 blocked link because:
22:25:35 isGuiScreen
22:25:35 
22:25:35 
22:25:35 blocked link because:
22:25:35 isGuiScreen
22:25:35 
22:25:35 
22:25:35 blocked link because:
22:25:35 isGuiScreen
22:25:35 
22:25:35 
22:25:35 blocked link because:
22:25:35 isGuiScreen
22:25:35 
22:25:35 
22:25:35 blocked link because:
22:25:35 isGuiScreen
22:25:35 
22:25:35 
22:25:35 blocked link because:
22:25:35 isGuiScreen
22:25:35 
22:25:35 
22:25:35 blocked link because:
22:25:35 isGuiScreen
22:25:35 
22:25:35 
22:25:35 blocked link because:
22:25:35 isGuiScreen
22:25:35 
22:25:35 
22:25:35 blocked link because:
22:25:35 isGuiScreen
22:25:35 
22:25:35 
22:25:35 blocked link because:
22:25:35 isGuiScreen
22:25:35 
22:25:35 
22:25:35 blocked link because:
22:25:35 isGuiScreen
22:25:35 
22:25:35 
22:25:35 blocked link because:
22:25:35 isGuiScreen
22:25:35 
22:25:35 
22:25:35 blocked link because:
22:25:35 isGuiScreen
22:25:35 
22:25:35 
22:25:35 blocked link because:
22:25:35 isGuiScreen
22:25:35 
22:25:35 
22:25:35 blocked link because:
22:25:35 isGuiScreen
22:25:35 
22:25:35 
22:25:35 blocked link because:
22:25:35 isGuiScreen
22:25:35 
22:25:35 
22:25:35 blocked link because:
22:25:35 isGuiScreen
22:25:35 
22:25:35 
22:25:35 blocked link because:
22:25:35 isGuiScreen
22:25:35 
22:25:35 
22:25:35 blocked link because:
22:25:35 isGuiScreen
22:25:35 
22:25:35 
22:25:35 blocked link because:
22:25:35 isGuiScreen
22:25:35 
22:25:35 
22:25:35 blocked link because:
22:25:35 isGuiScreen
22:25:35 
22:25:35 
22:25:35 blocked link because:
22:25:35 isGuiScreen
22:25:35 
22:25:35 
22:25:35 blocked link because:
22:25:35 isGuiScreen
22:25:35 
22:25:35 
22:25:35 blocked link because:
22:25:35 isGuiScreen
22:25:35 
22:25:35 
22:25:35 blocked link because:
22:25:35 isGuiScreen
22:25:35 
22:25:35 
22:25:35 blocked link because:
22:25:35 isGuiScreen
22:25:35 
22:25:35 
22:25:35 blocked link because:
22:25:35 isGuiScreen
22:25:35 
22:25:35 
22:25:35 blocked link because:
22:25:35 isGuiScreen
22:25:35 
22:25:35 
22:25:35 blocked link because:
22:25:35 isGuiScreen
22:25:35 
22:25:35 
22:25:35 blocked link because:
22:25:35 isGuiScreen
22:25:35 
22:25:35 
22:25:35 blocked link because:
22:25:35 isGuiScreen
22:25:35 
22:25:35 
22:25:35 blocked link because:
22:25:35 isGuiScreen
22:25:35 
22:25:35 
22:25:35 blocked link because:
22:25:35 isGuiScreen
22:25:35 
22:25:35 
22:25:35 blocked link because:
22:25:35 isGuiScreen
22:25:35 
22:25:35 
22:25:35 blocked link because:
22:25:35 isGuiScreen
22:25:35 
22:25:35 
22:25:35 blocked link because:
22:25:35 isGuiScreen
22:25:35 
22:25:35 
22:25:35 blocked link because:
22:25:35 isGuiScreen
22:25:35 
22:25:35 
22:25:35 blocked link because:
22:25:35 isGuiScreen
22:25:35 
22:25:35 
22:25:35 blocked link because:
22:25:35 isGuiScreen
22:25:35 
22:25:35 
22:25:35 blocked link because:
22:25:35 isGuiScreen
22:25:35 
22:25:35 
22:25:35 blocked link because:
22:25:35 isGuiScreen
22:25:35 
22:25:35 
22:25:35 blocked link because:
22:25:35 isGuiScreen
22:25:35 
22:25:35 
22:25:35 blocked link because:
22:25:35 isGuiScreen
22:25:35 
22:25:35 
22:25:35 blocked link because:
22:25:35 isGuiScreen
22:25:35 
22:25:35 
22:25:35 blocked link because:
22:25:35 isGuiScreen
22:25:35 
22:25:35 
22:25:35 blocked link because:
22:25:35 isGuiScreen
22:25:35 
22:29:18 
22:29:18 blocked link because:
22:29:18 isGuiScreen
22:29:18 isNotInSignAndOnSlot
22:29:18 
22:29:18 
22:29:18 blocked link because:
22:29:18 isGuiScreen
22:29:18 isNotInSignAndOnSlot
22:29:18 
22:29:18 
22:29:18 blocked link because:
22:29:18 isGuiScreen
22:29:18 isNotInSignAndOnSlot
22:29:18 
22:29:18 
22:29:18 blocked link because:
22:29:18 isGuiScreen
22:29:18 isNotInSignAndOnSlot
22:29:18 
22:29:18 
22:29:18 blocked link because:
22:29:18 isGuiScreen
22:29:18 isNotInSignAndOnSlot
22:29:18 
22:29:18 
22:29:18 blocked link because:
22:29:18 isGuiScreen
22:29:18 isNotInSignAndOnSlot
22:29:18 
22:29:18 
22:29:18 blocked link because:
22:29:18 isGuiScreen
22:29:18 isNotInSignAndOnSlot
22:29:18 
22:29:18 
22:29:18 blocked link because:
22:29:18 isGuiScreen
22:29:18 isNotInSignAndOnSlot
22:29:18 
22:29:18 
22:29:18 blocked link because:
22:29:18 isGuiScreen
22:29:18 isNotInSignAndOnSlot
22:29:18 
22:29:18 
22:29:18 blocked link because:
22:29:18 isGuiScreen
22:29:18 isNotInSignAndOnSlot
22:29:18 
22:29:18 
22:29:18 blocked link because:
22:29:18 isGuiScreen
22:29:18 isNotInSignAndOnSlot
22:29:18 
22:29:18 
22:29:18 blocked link because:
22:29:18 isGuiScreen
22:29:18 isNotInSignAndOnSlot
22:29:18 
22:29:18 
22:29:18 blocked link because:
22:29:18 isGuiScreen
22:29:18 isNotInSignAndOnSlot
22:29:18 
22:29:18 
22:29:18 blocked link because:
22:29:18 isGuiScreen
22:29:18 isNotInSignAndOnSlot
22:29:18 
22:29:18 
22:29:18 blocked link because:
22:29:18 isGuiScreen
22:29:18 isNotInSignAndOnSlot
22:29:18 
22:29:18 
22:29:18 blocked link because:
22:29:18 isGuiScreen
22:29:18 isNotInSignAndOnSlot
22:29:18 
22:29:18 
22:29:18 blocked link because:
22:29:18 isGuiScreen
22:29:18 isNotInSignAndOnSlot
22:29:18 
22:29:18 
22:29:18 blocked link because:
22:29:18 isGuiScreen
22:29:18 isNotInSignAndOnSlot
22:29:18 
22:29:18 
22:29:18 blocked link because:
22:29:18 isGuiScreen
22:29:18 isNotInSignAndOnSlot
22:29:18 
22:29:18 
22:29:18 blocked link because:
22:29:18 isGuiScreen
22:29:18 isNotInSignAndOnSlot
22:29:18 
22:29:18 
22:29:18 blocked link because:
22:29:18 isGuiScreen
22:29:18 isNotInSignAndOnSlot
22:29:18 
22:29:18 
22:29:18 blocked link because:
22:29:18 isGuiScreen
22:29:18 isNotInSignAndOnSlot
22:29:18 
22:29:18 
22:29:18 blocked link because:
22:29:18 isGuiScreen
22:29:18 isNotInSignAndOnSlot
22:29:18 
22:29:18 
22:29:18 blocked link because:
22:29:18 isGuiScreen
22:29:18 isNotInSignAndOnSlot
22:29:18 
22:29:18 
22:29:18 blocked link because:
22:29:18 isGuiScreen
22:29:18 isNotInSignAndOnSlot
22:29:18 
22:29:18 
22:29:18 blocked link because:
22:29:18 isGuiScreen
22:29:18 isNotInSignAndOnSlot
22:29:18 
22:29:18 
22:29:18 blocked link because:
22:29:18 isGuiScreen
22:29:18 isNotInSignAndOnSlot
22:29:18 
22:29:18 
22:29:18 blocked link because:
22:29:18 isGuiScreen
22:29:18 isNotInSignAndOnSlot
22:29:18 
22:29:18 
22:29:18 blocked link because:
22:29:18 isGuiScreen
22:29:18 isNotInSignAndOnSlot
22:29:18 
22:29:18 
22:29:18 blocked link because:
22:29:18 isGuiScreen
22:29:18 isNotInSignAndOnSlot
22:29:18 
22:29:18 
22:29:18 blocked link because:
22:29:18 isGuiScreen
22:29:18 isNotInSignAndOnSlot
22:29:18 
22:29:18 
22:29:18 blocked link because:
22:29:18 isGuiScreen
22:29:18 isNotInSignAndOnSlot
22:29:18 
22:29:18 
22:29:18 blocked link because:
22:29:18 isGuiScreen
22:29:18 isNotInSignAndOnSlot
22:29:18 
22:29:18 
22:29:18 blocked link because:
22:29:18 isGuiScreen
22:29:18 isNotInSignAndOnSlot
22:29:18 
22:29:18 
22:29:18 blocked link because:
22:29:18 isGuiScreen
22:29:18 isNotInSignAndOnSlot
22:29:18 
22:29:18 
22:29:18 blocked link because:
22:29:18 isGuiScreen
22:29:18 isNotInSignAndOnSlot
22:29:18 
22:29:18 
22:29:18 blocked link because:
22:29:18 isGuiScreen
22:29:18 isNotInSignAndOnSlot
22:29:18 
22:29:18 
22:29:18 blocked link because:
22:29:18 isGuiScreen
22:29:18 isNotInSignAndOnSlot
22:29:18 
22:29:18 
22:29:18 blocked link because:
22:29:18 isGuiScreen
22:29:18 isNotInSignAndOnSlot
22:29:18 
22:29:18 
22:29:18 blocked link because:
22:29:18 isGuiScreen
22:29:18 isNotInSignAndOnSlot
22:29:18 
22:29:18 
22:29:18 blocked link because:
22:29:18 isGuiScreen
22:29:18 isNotInSignAndOnSlot
22:29:18 
22:29:18 
22:29:18 blocked link because:
22:29:18 isGuiScreen
22:29:18 isNotInSignAndOnSlot
22:29:18 
22:30:00 
22:30:00 blocked link because:
22:30:00 inMenu
22:30:00 isNotInSignAndOnSlot
22:30:00 
22:31:55 
22:31:55 blocked link because:
22:31:55 isNotInSignAndOnSlot
22:31:55 neuFocus
22:31:55 
22:33:48 
22:33:48 blocked link because:
22:33:48 isGuiScreen
22:33:48 isNotInSignAndOnSlot
22:33:48 
22:34:36 
22:34:36 blocked link because:
22:34:36 isGuiScreen
22:34:36 isNotInSignAndOnSlot
22:34:36 
22:34:36 
22:34:36 blocked link because:
22:34:36 isGuiScreen
22:34:36 isNotInSignAndOnSlot
22:34:36 
22:36:10 
22:36:10 blocked link because:
22:36:10 isGuiScreen
22:36:10 
22:36:10 
22:36:10 blocked link because:
22:36:10 isGuiScreen
22:36:10 
22:36:10 
22:36:10 blocked link because:
22:36:10 isGuiScreen
22:36:10 
22:41:32 
22:41:32 blocked link because:
22:41:32 inMenu
22:41:32 isNotInSignAndOnSlot
22:41:32 
22:41:32 
22:41:32 blocked link because:
22:41:32 inMenu
22:41:32 isNotInSignAndOnSlot
22:41:32 
22:42:51 
22:42:51 blocked link because:
22:42:51 isNotInSignAndOnSlot
22:42:51 
22:42:51 
22:42:51 blocked link because:
22:42:51 isNotInSignAndOnSlot
22:42:51 
22:42:51 allowed click
22:42:51 allowed click
22:42:51 allowed click
22:42:51 allowed click
22:42:51 allowed click
22:42:51 allowed click
22:42:52 allowed click
22:42:52 allowed click
22:42:52 allowed click
22:42:52 allowed click
22:42:52 allowed click
22:42:52 allowed click
22:42:52 allowed click
22:42:52 allowed click
22:42:52 allowed click
22:42:52 allowed click
22:42:52 allowed click
22:42:52 allowed click
22:42:52 allowed click
22:42:52 allowed click
22:42:52 allowed click
22:42:52 allowed click
22:42:52 allowed click
22:42:52 allowed click
22:42:52 allowed click
22:42:52 allowed click
22:42:52 allowed click
22:42:52 allowed click
22:42:52 allowed click
22:42:52 allowed click
22:42:52 allowed click
22:42:52 allowed click
22:42:52 allowed click
22:42:52 allowed click
22:42:52 allowed click
22:42:52 allowed click
22:42:52 allowed click
22:42:52 allowed click
22:42:52 allowed click
22:42:52 allowed click
22:42:52 allowed click
22:42:52 allowed click
22:42:52 allowed click
22:42:52 allowed click
22:42:52 allowed click
22:42:52 allowed click
22:42:52 allowed click
22:42:52 allowed click
22:42:52 allowed click
22:42:52 allowed click
22:42:52 allowed click
22:42:52 allowed click
22:42:52 allowed click
22:42:52 allowed click
22:42:52 allowed click
22:42:52 allowed click
22:42:52 allowed click
22:42:52 allowed click
22:42:52 allowed click
22:42:52 allowed click
22:42:52 allowed click
22:42:52 allowed click
22:42:52 allowed click
22:42:52 allowed click
22:42:52 allowed click
22:42:52 allowed click
22:42:52 allowed click
22:42:52 allowed click
22:42:52 allowed click
22:42:52 allowed click
22:42:52 allowed click
22:42:52 allowed click
22:42:52 allowed click
22:42:52 allowed click
22:42:52 allowed click
22:42:52 allowed click
22:42:52 allowed click
22:42:52 allowed click
22:42:52 allowed click
22:42:52 allowed click
22:42:52 allowed click
22:42:52 allowed click
22:42:52 allowed click
22:42:52 allowed click
22:42:52 allowed click
22:42:52 allowed click
22:42:52 allowed click
22:42:52 allowed click
22:42:52 allowed click
22:42:52 allowed click
22:42:52 allowed click
22:42:52 allowed click
22:42:52 allowed click
22:42:52 allowed click
22:42:52 allowed click
22:42:52 allowed click
22:42:52 allowed click
22:42:52 allowed click
22:42:52 allowed click
22:42:52 allowed click
22:43:44 
22:43:44 blocked link because:
22:43:44 inMenu
22:43:44 
22:43:44 
22:43:44 blocked link because:
22:43:44 inMenu
22:43:44 
22:43:44 
22:43:44 blocked link because:
22:43:44 inMenu
22:43:44 
22:43:44 
22:43:44 blocked link because:
22:43:44 inMenu
22:43:44 
22:47:10 
22:47:10 blocked link because:
22:47:10 isGuiScreen
22:47:10 isNotInSignAndOnSlot
22:47:10 
22:47:10 
22:47:10 blocked link because:
22:47:10 isGuiScreen
22:47:10 isNotInSignAndOnSlot
22:47:10 
22:47:10 
22:47:10 blocked link because:
22:47:10 isGuiScreen
22:47:10 isNotInSignAndOnSlot
22:47:10 
22:47:14 
22:47:14 blocked link because:
22:47:14 isGuiScreen
22:47:14 isNotInSignAndOnSlot
22:47:14 
22:47:14 
22:47:14 blocked link because:
22:47:14 isGuiScreen
22:47:14 isNotInSignAndOnSlot
22:47:14 
22:47:14 
22:47:14 blocked link because:
22:47:14 isGuiScreen
22:47:14 isNotInSignAndOnSlot
22:47:14 
22:47:14 
22:47:14 blocked link because:
22:47:14 isGuiScreen
22:47:14 isNotInSignAndOnSlot
22:47:14 
22:47:14 
22:47:14 blocked link because:
22:47:14 isGuiScreen
22:47:14 isNotInSignAndOnSlot
22:47:14 
22:47:14 
22:47:14 blocked link because:
22:47:14 isGuiScreen
22:47:14 isNotInSignAndOnSlot
22:47:14 
22:47:14 
22:47:14 blocked link because:
22:47:14 isGuiScreen
22:47:14 isNotInSignAndOnSlot
22:47:14 
22:59:25 
22:59:25 blocked link because:
22:59:25 isGuiScreen
22:59:25 
22:59:25 
22:59:25 blocked link because:
22:59:25 isGuiScreen
22:59:25 
22:59:25 
22:59:25 blocked link because:
22:59:25 isGuiScreen
22:59:25 
22:59:25 
22:59:25 blocked link because:
22:59:25 isGuiScreen
22:59:25 
22:59:25 
22:59:25 blocked link because:
22:59:25 isGuiScreen
22:59:25 
22:59:25 
22:59:25 blocked link because:
22:59:25 isGuiScreen
22:59:25 
22:59:25 
22:59:25 blocked link because:
22:59:25 isGuiScreen
22:59:25 
22:59:25 
22:59:25 blocked link because:
22:59:25 isGuiScreen
22:59:25 
22:59:25 
22:59:25 blocked link because:
22:59:25 isGuiScreen
22:59:25 
22:59:25 
22:59:25 blocked link because:
22:59:25 isGuiScreen
22:59:25 
22:59:25 
22:59:25 blocked link because:
22:59:25 isGuiScreen
22:59:25 
22:59:25 
22:59:25 blocked link because:
22:59:25 isGuiScreen
22:59:25 
22:59:25 
22:59:25 blocked link because:
22:59:25 isGuiScreen
22:59:25 
22:59:25 
22:59:25 blocked link because:
22:59:25 isGuiScreen
22:59:25 
22:59:25 
22:59:25 blocked link because:
22:59:25 isGuiScreen
22:59:25 
23:04:36 allowed click
23:05:37 
23:05:37 blocked link because:
23:05:37 inMenu
23:05:37 isNotInSignAndOnSlot
23:05:37 
23:06:21 
23:06:21 blocked link because:
23:06:21 isGuiScreen
23:06:21 
23:06:21 
23:06:21 blocked link because:
23:06:21 isGuiScreen
23:06:21 
23:06:21 
23:06:21 blocked link because:
23:06:21 isGuiScreen
23:06:21 
