14:42:06 [LOBBY] §aYou are still radiating with §bGenerosity§r§a!
14:42:06 [EMPTY] §f §r§r§r§f §r§r§r§1 §r§r§r§0 §r§r§r§2 §r§r§r§f §r§r§r§f §r§r§r§2 §r§r§r§0 §r§r§r§4 §r§r§r§3 §r§r§r§9 §r§r§r§2 §r§r§r§0 §r§r§r§0 §r§r§r§3 §r§r§r§9 §r§r§r§2 §r§r§r§0 §r§r§r§0 §r§r§r§3 §r§r§r§9 §r§r§r§2 §r§r§r§0 §r§r§r§0 
14:42:06 [LOBBY] §b[MVP§9+§b] Sebbebas§f §6joined the lobby!
14:42:06 [LOBBY] §b[MVP§f+§b] FlowingWolf§f §6joined the lobby!
14:42:07 [LOBBY]  §b>§c>§a>§r §r§6[MVP§c++§6] GruppeSechzz§f §6joined the lobby!§r §a<§c<§b<
14:42:08 [LOBBY]  §b>§c>§a>§r §r§6[MVP§e++§6] Minecraft_ruirui§f §6joined the lobby!§r §a<§c<§b<
14:42:11 [WARPING] §7Sending to server mini99CG...
14:42:12 [EMPTY] §8 §r§8 §r§1 §r§3 §r§3 §r§7 §r§8 
14:42:14 [EMPTY] 
14:42:14 [EMPTY] 
14:42:14 [PROFILE_JOIN] §aYou are playing on profile: §eBanana§b (Co-op)
14:42:14 [PROFILE_JOIN] §8Profile ID: b1a71305-1956-42bf-90e4-bce6f7285754
14:42:47 [WARPING] §7Warping you to your SkyBlock island...
14:42:47 [WARPING] §7Sending to server mini20AF...
14:42:48 [EMPTY] §8 §r§8 §r§1 §r§3 §r§3 §r§7 §r§8 
14:42:51 [WARPING] §7Sending to server mini22BD...
14:42:51 [PROFILE_JOIN] §aYou are playing on profile: §eBanana§b (Co-op)
14:42:51 [PROFILE_JOIN] §8Profile ID: b1a71305-1956-42bf-90e4-bce6f7285754
14:42:52 [EMPTY] §8 §r§8 §r§1 §r§3 §r§3 §r§7 §r§8 
14:42:54 [PROFILE_JOIN] §aYou are playing on profile: §eBanana§b (Co-op)
14:42:54 [PROFILE_JOIN] §8Profile ID: b1a71305-1956-42bf-90e4-bce6f7285754
14:44:21 [GUILD_EXP] §aYou earned §r§263 GEXP §r§afrom playing SkyBlock!
14:49:27 [GUILD_EXP] §aYou earned §r§2141 GEXP §r§afrom playing SkyBlock!
14:59:38 [GUILD_EXP] §aYou earned §r§2225 GEXP §r§afrom playing SkyBlock!
14:59:55 [WARPING] §7Warping...
14:59:55 [WARPING] §7Sending to server mini192DE...
14:59:56 [EMPTY] §8 §r§8 §r§1 §r§3 §r§3 §r§7 §r§8 
14:59:59 [PROFILE_JOIN] §aYou are playing on profile: §eBanana§b (Co-op)
14:59:59 [PROFILE_JOIN] §8Profile ID: b1a71305-1956-42bf-90e4-bce6f7285754
15:02:31 [WARPING] §7Sending to server mini152AC...
15:02:32 [EMPTY] §8 §r§8 §r§1 §r§3 §r§3 §r§7 §r§8 
15:02:34 [EMPTY] 
15:02:34 [EMPTY] 
15:02:34 [PROFILE_JOIN] §aYou are playing on profile: §eBanana§b (Co-op)
15:02:34 [PROFILE_JOIN] §8Profile ID: b1a71305-1956-42bf-90e4-bce6f7285754
15:07:32 [GUILD_EXP] §aYou earned §r§2298 GEXP §r§afrom playing SkyBlock!
15:10:46 [WARPING] §7Sending to server mini3AG...
15:10:47 [EMPTY] §8 §r§8 §r§1 §r§3 §r§3 §r§7 §r§8 
15:10:50 [PROFILE_JOIN] §aYou are playing on profile: §eBanana§b (Co-op)
15:10:50 [PROFILE_JOIN] §8Profile ID: b1a71305-1956-42bf-90e4-bce6f7285754
15:10:51 [EMPTY] §f                                        
15:13:42 [GUILD_EXP] §aYou earned §r§2258 GEXP §r§afrom playing SkyBlock!
15:13:46 [WARPING] §7Warping...
15:16:05 [WARPING] §7Warping...
15:16:05 [WARPING] §7Sending to server mini4AT...
15:16:05 [EMPTY] §8 §r§8 §r§1 §r§3 §r§3 §r§7 §r§8 
15:16:30 [PROFILE_JOIN] §aYou are playing on profile: §eBanana§b (Co-op)
15:16:30 [PROFILE_JOIN] §8Profile ID: b1a71305-1956-42bf-90e4-bce6f7285754
15:16:30 [WARPING] §7Warping...
15:16:30 [WARPING] §7Sending to server mini1008F...
15:16:30 [EMPTY] §8 §r§8 §r§1 §r§3 §r§3 §r§7 §r§8 
15:16:31 [PROFILE_JOIN] §aYou are playing on profile: §eBanana§b (Co-op)
15:16:31 [PROFILE_JOIN] §8Profile ID: b1a71305-1956-42bf-90e4-bce6f7285754
15:19:27 [EMPTY] 
15:21:05 [EMPTY] §f                                        
15:21:05 [EMPTY] §f                                        
15:23:11 [GUILD_EXP] §aYou earned §r§2153 GEXP §r§afrom playing SkyBlock!
15:25:19 [WARPING] §7Warping...
15:27:24 [WARPING] §7Warping...
15:27:42 [WARPING] §7Warping...
15:27:55 [WARPING] §7Warping...
15:27:58 [WARPING] §7Warping...
15:27:58 [WARPING] §7Sending to server mini144DP...
15:27:59 [EMPTY] §8 §r§8 §r§1 §r§3 §r§3 §r§7 §r§8 
15:28:02 [PROFILE_JOIN] §aYou are playing on profile: §eBanana§b (Co-op)
15:28:02 [PROFILE_JOIN] §8Profile ID: b1a71305-1956-42bf-90e4-bce6f7285754
15:29:16 [WARPING] §7Warping...
15:29:16 [WARPING] §7Sending to server mini152DV...
15:29:17 [EMPTY] §8 §r§8 §r§1 §r§3 §r§3 §r§7 §r§8 
15:29:20 [PROFILE_JOIN] §aYou are playing on profile: §eBanana§b (Co-op)
15:29:20 [PROFILE_JOIN] §8Profile ID: b1a71305-1956-42bf-90e4-bce6f7285754
15:30:16 [EMPTY] §f                                        
15:30:16 [EMPTY] §f                                        
15:30:58 [WARPING] §7Warping...
15:31:16 [GUILD_EXP] §aYou earned §r§293 GEXP §r§afrom playing SkyBlock!
15:36:06 [WARPING] §7Sending to server mini26Q...
15:36:07 [EMPTY] §8 §r§8 §r§1 §r§3 §r§3 §r§7 §r§8 
15:36:09 [EMPTY] 
15:36:09 [EMPTY] 
15:36:09 [PROFILE_JOIN] §aYou are playing on profile: §eBanana§b (Co-op)
15:36:09 [PROFILE_JOIN] §8Profile ID: b1a71305-1956-42bf-90e4-bce6f7285754
15:36:18 [EMPTY] 
15:41:07 [GUILD_EXP] §aYou earned §r§2590 GEXP §r§afrom playing SkyBlock!
15:43:31 [WARPING] §7Sending to server mini38BH...
15:43:32 [EMPTY] §8 §r§8 §r§1 §r§3 §r§3 §r§7 §r§8 
15:43:50 [PROFILE_JOIN] §aYou are playing on profile: §eBanana§b (Co-op)
15:43:50 [PROFILE_JOIN] §8Profile ID: b1a71305-1956-42bf-90e4-bce6f7285754
15:45:39 [LOBBY] §aYou are still radiating with §bGenerosity§r§a!
15:45:39 [EMPTY] §f §r§r§r§f §r§r§r§1 §r§r§r§0 §r§r§r§2 §r§r§r§f §r§r§r§f §r§r§r§2 §r§r§r§0 §r§r§r§4 §r§r§r§3 §r§r§r§9 §r§r§r§2 §r§r§r§0 §r§r§r§0 §r§r§r§3 §r§r§r§9 §r§r§r§2 §r§r§r§0 §r§r§r§0 §r§r§r§3 §r§r§r§9 §r§r§r§2 §r§r§r§0 §r§r§r§0 
15:45:40 [LOBBY] §b[MVP§9+§b] Sebbebas§f §6joined the lobby!
15:45:57 [LOBBY] §aYou are still radiating with §bGenerosity§r§a!
15:45:57 [EMPTY] §f §r§r§r§f §r§r§r§1 §r§r§r§0 §r§r§r§2 §r§r§r§f §r§r§r§f §r§r§r§2 §r§r§r§0 §r§r§r§4 §r§r§r§3 §r§r§r§9 §r§r§r§2 §r§r§r§0 §r§r§r§0 §r§r§r§3 §r§r§r§9 §r§r§r§2 §r§r§r§0 §r§r§r§0 §r§r§r§3 §r§r§r§9 §r§r§r§2 §r§r§r§0 §r§r§r§0 
15:45:57 [LOBBY] §b[MVP§9+§b] Sebbebas§f §6joined the lobby!
15:46:36 [LOBBY] §b[MVP§4+§b] BrimSlash§f §6joined the lobby!
15:46:37 [LOBBY] §b[MVP§c+§b] FrankSinatra2512§f §6joined the lobby!
15:46:37 [LOBBY] §b[MVP§c+§b] Enotikon66§f §6joined the lobby!
15:46:38 [LOBBY] §b[MVP§c+§b] FxAryan§f §6joined the lobby!
15:46:39 [WARPING] §7Sending to server mini1008F...
15:46:39 [EMPTY] §8 §r§8 §r§1 §r§3 §r§3 §r§7 §r§8 
15:46:50 [EMPTY] 
15:46:50 [EMPTY] 
15:46:50 [PROFILE_JOIN] §aYou are playing on profile: §eBanana§b (Co-op)
15:46:50 [PROFILE_JOIN] §8Profile ID: b1a71305-1956-42bf-90e4-bce6f7285754
15:47:53 [WARPING] §7Warping...
15:47:53 [WARPING] §7Sending to server mini4BM...
15:47:54 [EMPTY] §8 §r§8 §r§1 §r§3 §r§3 §r§7 §r§8 
15:48:30 [PROFILE_JOIN] §aYou are playing on profile: §eBanana§b (Co-op)
15:48:30 [PROFILE_JOIN] §8Profile ID: b1a71305-1956-42bf-90e4-bce6f7285754
15:54:06 [LOBBY] §aYou are still radiating with §bGenerosity§r§a!
15:54:06 [EMPTY] §f §r§r§r§f §r§r§r§1 §r§r§r§0 §r§r§r§2 §r§r§r§f §r§r§r§f §r§r§r§2 §r§r§r§0 §r§r§r§4 §r§r§r§3 §r§r§r§9 §r§r§r§2 §r§r§r§0 §r§r§r§0 §r§r§r§3 §r§r§r§9 §r§r§r§2 §r§r§r§0 §r§r§r§0 §r§r§r§3 §r§r§r§9 §r§r§r§2 §r§r§r§0 §r§r§r§0 
15:54:06 [LOBBY] §b[MVP§9+§b] Sebbebas§f §6joined the lobby!
15:54:07 [LOBBY] §b[MVP§c+§b] Kenneth_Gaming§f §6joined the lobby!
15:54:09 [LOBBY] §b[MVP§2+§b] vxiaa§f §6joined the lobby!
15:54:11 [WARPING] §7Sending to server mini230C...
15:54:11 [EMPTY] §8 §r§8 §r§1 §r§3 §r§3 §r§7 §r§8 
15:54:19 [EMPTY] 
15:54:19 [EMPTY] 
15:54:19 [PROFILE_JOIN] §aYou are playing on profile: §eBanana§b (Co-op)
15:54:19 [PROFILE_JOIN] §8Profile ID: b1a71305-1956-42bf-90e4-bce6f7285754
15:54:35 [LOBBY] §aYou are still radiating with §bGenerosity§r§a!
15:54:35 [EMPTY] §f §r§r§r§f §r§r§r§1 §r§r§r§0 §r§r§r§2 §r§r§r§f §r§r§r§f §r§r§r§2 §r§r§r§0 §r§r§r§4 §r§r§r§3 §r§r§r§9 §r§r§r§2 §r§r§r§0 §r§r§r§0 §r§r§r§3 §r§r§r§9 §r§r§r§2 §r§r§r§0 §r§r§r§0 §r§r§r§3 §r§r§r§9 §r§r§r§2 §r§r§r§0 §r§r§r§0 
15:54:35 [LOBBY] §b[MVP§9+§b] Sebbebas§f §6joined the lobby!
15:54:35 [LOBBY] §b[MVP§d+§b] yemyones§f §6joined the lobby!
15:54:35 [LOBBY] §b[MVP§c+§b] gamerboi20481§f §6joined the lobby!
15:54:36 [LOBBY]   §r§f§l➤ §r§6You have reached your Hype limit! Add Hype to Prototype Lobby minigames by right-clicking with the Hype Diamond!
15:54:36 [LOBBY]  §b>§c>§a>§r §r§6[MVP§a++§6] CatGirlSparkle§f §6joined the lobby!§r §a<§c<§b<
15:54:36 [LOBBY] §b[MVP§9+§b] Venator_YT§f §6joined the lobby!
15:54:45 [LOBBY] §b[MVP§d+§b] Limecat69§f §6joined the lobby!
15:54:46 [LOBBY] §b[MVP§8+§b] MegaLunar§f §6joined the lobby!
15:54:47 [LOBBY]  §b>§c>§a>§r §r§6[MVP§8++§6] VisionNoe§f §6joined the lobby!§r §a<§c<§b<
15:54:49 [LOBBY] §b[MVP§0+§b] RoxanneGR§f §6joined the lobby!
15:54:49 [LOBBY] §b[MVP§e+§b] ay0211§f §6joined the lobby!
15:54:49 [LOBBY] §b[MVP§4+§b] Kiddoooo§f §6joined the lobby!
15:54:55 [LOBBY] §b[MVP§a+§b] SVince429§f §6joined the lobby!
15:54:55 [LOBBY] §b[MVP§e+§b] TooHarshForYou§f §6joined the lobby!
15:55:03 [LOBBY] §b[MVP§c+§b] LV_Celo69§f §6joined the lobby!
15:55:07 [LOBBY] §b[MVP§8+§b] ImNotJob§f §6joined the lobby!
15:55:14 [LOBBY]  §b>§c>§a>§r §r§6[MVP§c++§6] xylo_fr§f §6joined the lobby!§r §a<§c<§b<
15:55:17 [LOBBY] §b[MVP§2+§b] SsamsS§f §6joined the lobby!
15:55:26 [LOBBY] §b[MVP§c+§b] Wafflegames20§f §6joined the lobby!
15:55:36 [LOBBY] §b[MVP§3+§b] NoNameOrLife§f §6joined the lobby!
15:55:46 [LOBBY] §b[MVP§c+§b] glassgiant§f §6joined the lobby!
15:55:46 [LOBBY] §b[MVP§4+§b] Lxckyboy§f §6joined the lobby!
15:55:47 [LOBBY] §b[MVP§5+§b] jakkar111§f §6joined the lobby!
15:55:52 [LOBBY] §b[MVP§f+§b] zq_x§f §6joined the lobby!
15:55:52 [LOBBY] §b[MVP§5+§b] Dyxan§f §6joined the lobby!
15:55:53 [LOBBY] §b[MVP§e+§b] peeky12345§f §6joined the lobby!
15:55:55 [LOBBY] §b[MVP§c+§b] Rhino__Runner§f §6joined the lobby!
15:55:55 [LOBBY] §b[MVP§f+§b] EnjoyPain§f §6joined the lobby!
15:55:55 [LOBBY] §b[MVP§a+§b] PurpleIGN§f §6joined the lobby!
15:56:00 [LOBBY] §b[MVP§a+§b] DoubleDigits§f §6joined the lobby!
15:56:05 [LOBBY] §b[MVP§2+§b] Lulia§f §6joined the lobby!
15:56:12 [LOBBY] §b[MVP§6+§b] Pohang_saram§f §6joined the lobby!
15:56:13 [LOBBY] §b[MVP§2+§b] TheDarkShadow§f §6joined the lobby!
15:56:13 [LOBBY] §b[MVP§d+§b] kerimchen§f §6joined the lobby!
15:56:14 [EMPTY] §f
15:56:15 [LOBBY] §b[MVP§c+§b] Borgarburger§f §6joined the lobby!
15:56:17 [LOBBY] §b[MVP§d+§b] FreeDevy§f §6joined the lobby!
15:56:17 [LOBBY] §b[MVP§c+§b] _noname_3§f §6joined the lobby!
15:56:17 [LOBBY] §b[MVP§6+§b] Miaut§f §6joined the lobby!
15:56:18 [LOBBY] §b[MVP§a+§b] 100m_Midas§f §6joined the lobby!
15:56:18 [LOBBY] §b[MVP§d+§b] NotFunGame§f §6joined the lobby!
15:56:19 [LOBBY] §b[MVP§2+§b] Legohjalten§f §6joined the lobby!
15:56:35 [LOBBY] §b[MVP§d+§b] Evotionn§f §6joined the lobby!
15:56:39 [LOBBY] §b[MVP§0+§b] xBxnny§f §6joined the lobby!
15:56:40 [LOBBY] §b[MVP§f+§b] HumbleBee_§f §6joined the lobby!
15:56:43 [LOBBY] §b[MVP§a+§b] I_DidAThing§f §6joined the lobby!
15:56:44 [LOBBY] §b[MVP§2+§b] AGreenBoi§f §6joined the lobby!
15:56:48 [LOBBY] §b[MVP§e+§b] Junyai§f §6joined the lobby!
15:56:48 [LOBBY] §b[MVP§c+§b] MiningChadAc2§f §6joined the lobby!
15:56:49 [LOBBY] §b[MVP§0+§b] ForgetOnly§f §6joined the lobby!
15:56:49 [LOBBY] §b[MVP§e+§b] _Maxor_§f §6joined the lobby!
15:56:49 [LOBBY] §b[MVP§c+§b] Gordon_Ramgey§f §6joined the lobby!
15:56:49 [LOBBY] §b[MVP§9+§b] nach0_o§f §6joined the lobby!
15:56:51 [LOBBY] §b[MVP§a+§b] dubgles§f §6joined the lobby!
15:56:51 [LOBBY] §b[MVP§c+§b] erzieheeer§f §6joined the lobby!
15:56:51 [LOBBY] §b[MVP§6+§b] ItsCorin§f §6joined the lobby!
15:56:52 [LOBBY] §b[MVP§3+§b] milkytea_owo§f §6joined the lobby!
15:56:52 [LOBBY] §b[MVP§9+§b] aico_o§f §6joined the lobby!
15:56:53 [LOBBY] §b[MVP§f+§b] wreakin§f §6joined the lobby!
15:56:54 [LOBBY] §b[MVP§c+§b] Adduk§f §6joined the lobby!
15:56:54 [LOBBY] §b[MVP§d+§b] Oxycline§f §6joined the lobby!
15:56:57 [LOBBY] §b[MVP§c+§b] OpiusDeus§f §6joined the lobby!
15:56:58 [LOBBY] §b[MVP§f+§b] V5rt§f §6joined the lobby!
15:57:00 [LOBBY] §b[MVP§c+§b] zCyberZz§f §6joined the lobby!
15:57:00 [LOBBY] §b[MVP§d+§b] Player069§f §6joined the lobby!
15:57:01 [LOBBY] §b[MVP§a+§b] macaronichees3§f §6joined the lobby!
15:57:10 [LOBBY] §b[MVP§c+§b] CuzImLegacie§f §6joined the lobby!
15:57:11 [LOBBY] §b[MVP§f+§b] n78a§f §6joined the lobby!
15:57:14 [LOBBY] §b[MVP§f+§b] BronzeBatman§f §6joined the lobby!
15:57:17 [LOBBY] §b[MVP§2+§b] PhilboBeutlin§f §6joined the lobby!
15:57:18 [LOBBY] §b[MVP§2+§b] NghtShift§f §6joined the lobby!
15:57:18 [LOBBY] §b[MVP§9+§b] Minekwijler§f §6joined the lobby!
15:57:24 [LOBBY] §b[MVP§c+§b] Korpedo06§f §6joined the lobby!
15:57:24 [LOBBY] §b[MVP§0+§b] raijusenkei§f §6joined the lobby!
15:57:24 [LOBBY] §b[MVP§f+§b] Eris_IV§f §6joined the lobby!
15:57:27 [LOBBY] §b[MVP§e+§b] _galG_§f §6joined the lobby!
15:57:31 [LOBBY] §b[MVP§a+§b] Diesersmoke§f §6joined the lobby!
15:57:35 [LOBBY] §b[MVP§9+§b] Vikinggz§f §6joined the lobby!
15:57:37 [LOBBY] §b[MVP§c+§b] RedOverlord9§f §6joined the lobby!
15:57:42 [LOBBY] §b[MVP§c+§b] Alerx_23§f §6joined the lobby!
15:57:53 [LOBBY] §b[MVP§6+§b] vvta§f §6joined the lobby!
15:57:54 [WARPING] §7Sending to server mini12AW...
15:57:55 [EMPTY] §8 §r§8 §r§1 §r§3 §r§3 §r§7 §r§8 
15:58:04 [EMPTY] 
15:58:04 [EMPTY] 
15:58:04 [PROFILE_JOIN] §aYou are playing on profile: §eBanana§b (Co-op)
15:58:04 [PROFILE_JOIN] §8Profile ID: b1a71305-1956-42bf-90e4-bce6f7285754
16:00:15 [EMPTY] §f
16:00:15 [EMPTY] §f
16:00:28 [EMPTY] 
16:00:43 [EMPTY] §f
16:00:43 [WATCHDOG] §4[WATCHDOG ANNOUNCEMENT]
16:00:43 [WATCHDOG] §fWatchdog has banned §r§c§l10,610§r§f players in the last 7 days.
16:00:43 [WATCHDOG] §fStaff have banned an additional §r§c§l11,308§r§f in the last 7 days.
16:00:43 [WATCHDOG] §cBlacklisted modifications are a bannable offense!
16:00:43 [WATCHDOG] §c
16:01:04 [GUILD_EXP] §aYou earned §r§278 GEXP §r§afrom playing SkyBlock!
16:01:15 [WARPING] §7Warping...
16:01:15 [WARPING] §7Sending to server mini62DM...
16:01:16 [EMPTY] §8 §r§8 §r§1 §r§3 §r§3 §r§7 §r§8 
16:01:21 [PROFILE_JOIN] §aYou are playing on profile: §eBanana§b (Co-op)
16:01:21 [PROFILE_JOIN] §8Profile ID: b1a71305-1956-42bf-90e4-bce6f7285754
16:02:47 [WARPING] §7Warping...
16:02:48 [WARPING] §7Sending to server mini40Q...
16:02:48 [EMPTY] §8 §r§8 §r§1 §r§3 §r§3 §r§7 §r§8 
16:02:52 [PROFILE_JOIN] §aYou are playing on profile: §eBanana§b (Co-op)
16:02:52 [PROFILE_JOIN] §8Profile ID: b1a71305-1956-42bf-90e4-bce6f7285754
16:03:09 [WARPING] §7Sending to server mini195CS...
16:03:10 [EMPTY] §8 §r§8 §r§1 §r§3 §r§3 §r§7 §r§8 
16:03:18 [PROFILE_JOIN] §aYou are playing on profile: §eBanana§b (Co-op)
16:03:18 [PROFILE_JOIN] §8Profile ID: b1a71305-1956-42bf-90e4-bce6f7285754
16:08:18 [GUILD_EXP] §aYou earned §r§2530 GEXP §r§afrom playing SkyBlock!
16:12:40 [EMPTY] 
16:12:40 [EMPTY] 
16:12:40 [EMPTY] 
16:12:40 [EMPTY] 
16:12:41 [EMPTY] 
16:12:41 [EMPTY] 
16:13:12 [EMPTY] 
16:13:12 [EMPTY] 
16:13:20 [WARPING] §7Sending to server mini151DQ...
16:13:21 [EMPTY] §8 §r§8 §r§1 §r§3 §r§3 §r§7 §r§8 
16:15:54 [LOBBY] §aYou are still radiating with §bGenerosity§r§a!
16:15:54 [EMPTY] §f §r§r§r§f §r§r§r§1 §r§r§r§0 §r§r§r§2 §r§r§r§f §r§r§r§f §r§r§r§2 §r§r§r§0 §r§r§r§4 §r§r§r§3 §r§r§r§9 §r§r§r§2 §r§r§r§0 §r§r§r§0 §r§r§r§3 §r§r§r§9 §r§r§r§2 §r§r§r§0 §r§r§r§0 §r§r§r§3 §r§r§r§9 §r§r§r§2 §r§r§r§0 §r§r§r§0 
16:15:54 [LOBBY] §b[MVP§9+§b] Sebbebas§f §6joined the lobby!
16:15:56 [LOBBY] §b[MVP§c+§b] sanderebb§f §6joined the lobby!
16:15:56 [LOBBY] §b[MVP§9+§b] Poglinz§f §6joined the lobby!
16:15:56 [LOBBY] §b[MVP§d+§b] thebunny51§f §6joined the lobby!
16:15:56 [LOBBY]   §r§f§l➤ §r§6You have reached your Hype limit! Add Hype to Prototype Lobby minigames by right-clicking with the Hype Diamond!
16:15:58 [LOBBY] §b[MVP§3+§b] Mirass§f §6joined the lobby!
16:16:02 [LOBBY] §b[MVP§6+§b] GabrieleCalzi§f §6joined the lobby!
16:16:08 [LOBBY] §b[MVP§2+§b] JanDeSlang§f §6joined the lobby!
16:16:12 [LOBBY] §b[MVP§2+§b] _onetwo_§f §6joined the lobby!
16:16:14 [LOBBY] §b[MVP§c+§b] im2F4st§f §6joined the lobby!
16:16:14 [LOBBY] §b[MVP§c+§b] black_kifkef§f §6joined the lobby!
16:16:16 [WARPING] §7Sending to server mini1AS...
16:16:16 [EMPTY] §8 §r§8 §r§1 §r§3 §r§3 §r§7 §r§8 
16:16:21 [EMPTY] 
16:16:21 [EMPTY] 
16:16:21 [PROFILE_JOIN] §aYou are playing on profile: §eBanana§b (Co-op)
16:16:21 [PROFILE_JOIN] §8Profile ID: b1a71305-1956-42bf-90e4-bce6f7285754
16:16:29 [WARPING] §7Sending to server mini33BV...
16:16:30 [EMPTY] §8 §r§8 §r§1 §r§3 §r§3 §r§7 §r§8 
16:16:34 [PROFILE_JOIN] §aYou are playing on profile: §eBanana§b (Co-op)
16:16:34 [PROFILE_JOIN] §8Profile ID: b1a71305-1956-42bf-90e4-bce6f7285754
16:19:38 [EMPTY] 
16:19:38 [EMPTY] 
16:19:38 [EMPTY] 
16:19:46 [EMPTY] 
16:19:46 [EMPTY] 
16:19:46 [EMPTY] 
16:19:58 [EMPTY] 
16:19:58 [EMPTY] 
16:19:58 [EMPTY] 
16:21:37 [GUILD_EXP] §aYou earned §r§2593 GEXP §r§afrom playing SkyBlock!
16:25:21 [EMPTY] 
16:25:21 [EMPTY] 
16:25:21 [EMPTY] 
16:25:21 [EMPTY] 
16:25:23 [EMPTY] 
16:25:23 [EMPTY] 
16:25:40 [EMPTY] 
16:25:40 [EMPTY] 
16:25:44 [WARPING] §7Sending to server mini69BG...
16:25:45 [EMPTY] §8 §r§8 §r§1 §r§3 §r§3 §r§7 §r§8 
16:25:48 [PROFILE_JOIN] §aYou are playing on profile: §eBanana§b (Co-op)
16:25:48 [PROFILE_JOIN] §8Profile ID: b1a71305-1956-42bf-90e4-bce6f7285754
16:27:13 [WARPING] §7Sending to server mini200CJ...
16:27:14 [EMPTY] §8 §r§8 §r§1 §r§3 §r§3 §r§7 §r§8 
16:27:17 [PROFILE_JOIN] §aYou are playing on profile: §eBanana§b (Co-op)
16:27:17 [PROFILE_JOIN] §8Profile ID: b1a71305-1956-42bf-90e4-bce6f7285754
16:32:17 [GUILD_EXP] §aYou earned §r§2578 GEXP §r§afrom playing SkyBlock!
16:35:30 [EMPTY] 
16:35:31 [EMPTY] 
16:35:31 [EMPTY] 
16:35:31 [EMPTY] 
16:35:32 [EMPTY] 
16:35:32 [EMPTY] 
16:35:40 [EMPTY] 
16:35:40 [EMPTY] 
16:35:44 [WARPING] §7Sending to server mini68G...
16:35:44 [EMPTY] §8 §r§8 §r§1 §r§3 §r§3 §r§7 §r§8 
16:35:47 [PROFILE_JOIN] §aYou are playing on profile: §eBanana§b (Co-op)
16:35:47 [PROFILE_JOIN] §8Profile ID: b1a71305-1956-42bf-90e4-bce6f7285754
16:36:22 [WARPING] §7Sending to server mini4CV...
16:36:23 [EMPTY] §8 §r§8 §r§1 §r§3 §r§3 §r§7 §r§8 
16:36:26 [PROFILE_JOIN] §aYou are playing on profile: §eBanana§b (Co-op)
16:36:26 [PROFILE_JOIN] §8Profile ID: b1a71305-1956-42bf-90e4-bce6f7285754
16:39:20 [EMPTY]  
16:39:20 [BESTIARY] §f                                  §6§lBESTIARY
16:39:20 [BESTIARY] §f                      §b§lLonely Spider §7§8XVII §8➡§b §bXVIII
16:39:20 [BESTIARY] 
16:39:20 [BESTIARY] §f                                  §r§6§lREWARDS
16:39:20 [BESTIARY] §f                     §r§8+§r§a5 Lonely Spider §r§b✯ Magic Find
16:39:20 [BESTIARY] §f                      §r§8+§r§a5 Lonely Spider §r§c❁ Strength
16:39:20 [BESTIARY] §f                         §r§8+§r§62% §r§aLonely Spider §r§7coins
16:39:20 [BESTIARY] §f                    §r§8+§r§a50% §r§7chance for extra XP orbs
16:39:20 [BESTIARY] §f                               §r§8+§r§b1 SkyBlock XP
16:39:20 [BESTIARY] 
16:39:20 [BESTIARY] §3§l▬▬▬▬▬▬▬▬▬▬▬▬▬▬▬▬▬▬▬▬▬▬▬▬▬▬▬▬▬▬▬▬▬▬▬▬▬▬▬▬▬▬▬▬▬▬▬▬▬▬▬▬▬▬▬▬▬▬▬▬▬▬▬▬
16:41:25 [GUILD_EXP] §aYou earned §r§2585 GEXP §r§afrom playing SkyBlock!
16:46:26 [GUILD_EXP] §aYou earned §r§2750 GEXP §r§afrom playing SkyBlock!
16:50:54 [EMPTY] 
16:50:55 [EMPTY] 
16:50:55 [EMPTY] 
16:50:55 [EMPTY] 
16:50:56 [EMPTY] 
16:50:56 [EMPTY] 
16:51:16 [EMPTY] 
16:51:16 [EMPTY] 
16:51:32 [GUILD_EXP] §aYou earned §r§2713 GEXP §r§afrom playing SkyBlock!
16:52:44 [WARPING] §7Sending to server mini85BR...
16:52:45 [EMPTY] §8 §r§8 §r§1 §r§3 §r§3 §r§7 §r§8 
16:52:47 [PROFILE_JOIN] §aYou are playing on profile: §eBanana§b (Co-op)
16:52:47 [PROFILE_JOIN] §8Profile ID: b1a71305-1956-42bf-90e4-bce6f7285754
16:56:34 [WARPING] §7Warping...
16:56:34 [WARPING] §7Sending to server mini88CQ...
16:56:35 [EMPTY] §8 §r§8 §r§1 §r§3 §r§3 §r§7 §r§8 
16:56:37 [PROFILE_JOIN] §aYou are playing on profile: §eBanana§b (Co-op)
16:56:37 [PROFILE_JOIN] §8Profile ID: b1a71305-1956-42bf-90e4-bce6f7285754
16:58:57 [WARPING] §7Warping...
16:59:14 [WARPING] §7Warping...
16:59:14 [WARPING] §7Sending to server mini93DR...
16:59:15 [EMPTY] §8 §r§8 §r§1 §r§3 §r§3 §r§7 §r§8 
16:59:18 [PROFILE_JOIN] §aYou are playing on profile: §eBanana§b (Co-op)
16:59:18 [PROFILE_JOIN] §8Profile ID: b1a71305-1956-42bf-90e4-bce6f7285754
16:59:43 [WARPING] §7Warping...
17:00:14 [EMPTY] 
17:00:54 [EMPTY] §f                                        
17:01:19 [WARPING] §7Warping...
17:01:20 [WARPING] §7Sending to server mini84B...
17:01:21 [EMPTY] §8 §r§8 §r§1 §r§3 §r§3 §r§7 §r§8 
17:01:23 [PROFILE_JOIN] §aYou are playing on profile: §eBanana§b (Co-op)
17:01:23 [PROFILE_JOIN] §8Profile ID: b1a71305-1956-42bf-90e4-bce6f7285754
17:01:38 [WARPING] §7Warping...
17:01:38 [WARPING] §7Sending to server mini93DR...
17:01:39 [EMPTY] §8 §r§8 §r§1 §r§3 §r§3 §r§7 §r§8 
17:01:42 [PROFILE_JOIN] §aYou are playing on profile: §eBanana§b (Co-op)
17:01:42 [PROFILE_JOIN] §8Profile ID: b1a71305-1956-42bf-90e4-bce6f7285754
17:02:04 [EMPTY] 
17:02:24 [WARPING] §7Warping...
17:02:58 [WARPING] §7Warping...
17:02:58 [WARPING] §7Sending to server mini194AK...
17:02:59 [EMPTY] §8 §r§8 §r§1 §r§3 §r§3 §r§7 §r§8 
17:03:02 [PROFILE_JOIN] §aYou are playing on profile: §eBanana§b (Co-op)
17:03:02 [PROFILE_JOIN] §8Profile ID: b1a71305-1956-42bf-90e4-bce6f7285754
17:03:56 [WARPING] §7Warping...
17:03:56 [WARPING] §7Sending to server mini184BG...
17:03:57 [EMPTY] §8 §r§8 §r§1 §r§3 §r§3 §r§7 §r§8 
17:04:00 [PROFILE_JOIN] §aYou are playing on profile: §eBanana§b (Co-op)
17:04:00 [PROFILE_JOIN] §8Profile ID: b1a71305-1956-42bf-90e4-bce6f7285754
17:07:21 [WARPING] §7Warping...
17:07:21 [WARPING] §7Sending to server mini85AM...
17:07:22 [EMPTY] §8 §r§8 §r§1 §r§3 §r§3 §r§7 §r§8 
17:07:24 [PROFILE_JOIN] §aYou are playing on profile: §eBanana§b (Co-op)
17:07:24 [PROFILE_JOIN] §8Profile ID: b1a71305-1956-42bf-90e4-bce6f7285754
17:08:03 [EMPTY] 
17:08:19 [EMPTY] 
17:08:29 [EMPTY] 
17:08:43 [EMPTY] 
17:08:57 [EMPTY] 
17:09:10 [EMPTY] 
17:09:27 [EMPTY] 
17:09:41 [EMPTY] 
17:09:55 [EMPTY] 
17:10:10 [EMPTY] 
17:10:24 [EMPTY] 
17:10:34 [EMPTY] 
17:10:47 [EMPTY] 
17:10:59 [EMPTY] 
17:11:12 [EMPTY] 
17:11:24 [EMPTY] 
17:11:37 [EMPTY] 
17:11:49 [EMPTY] 
17:12:01 [EMPTY] 
17:12:14 [EMPTY] 
17:12:18 [GUILD_EXP] §aYou earned §r§2123 GEXP §r§afrom playing SkyBlock!
17:12:26 [EMPTY] 
17:12:40 [EMPTY] 
17:12:53 [EMPTY] 
17:13:11 [EMPTY] 
17:13:27 [EMPTY] 
17:13:41 [EMPTY] 
17:13:52 [EMPTY] 
17:14:03 [EMPTY] 
17:14:20 [EMPTY] 
17:14:30 [EMPTY] 
17:14:44 [EMPTY] 
17:15:00 [EMPTY] 
17:15:15 [EMPTY] 
17:15:28 [EMPTY] 
17:15:40 [EMPTY] 
17:15:54 [EMPTY] 
17:16:06 [EMPTY] 
17:16:16 [EMPTY] 
17:16:26 [EMPTY] 
17:16:37 [EMPTY] 
17:16:50 [EMPTY] 
17:17:01 [EMPTY] 
17:17:17 [EMPTY] 
17:17:29 [EMPTY] 
17:17:42 [EMPTY] 
17:17:54 [EMPTY] 
17:18:08 [EMPTY] 
17:18:20 [EMPTY] 
17:18:31 [EMPTY] 
17:18:45 [EMPTY] 
17:18:54 [EMPTY] 
17:19:08 [EMPTY] 
17:19:18 [EMPTY] 
17:19:26 [EMPTY] 
17:19:28 [EMPTY] 
17:20:02 [WARPING] §7Warping...
17:20:35 [WARPING] §7Warping...
17:22:30 [GUILD_EXP] §aYou earned §r§2276 GEXP §r§afrom playing SkyBlock!
17:24:22 [EMPTY] §f                                        
17:24:22 [EMPTY] §f                                        
17:27:40 [GUILD_EXP] §aYou earned §r§250 GEXP §r§afrom playing SkyBlock!
17:33:45 [GUILD_EXP] §aYou earned §r§2506 GEXP §r§afrom playing SkyBlock!
17:35:57 [WARPING] §7Warping...
17:39:21 [GUILD_EXP] §aYou earned §r§2750 GEXP §r§afrom playing SkyBlock!
17:42:29 [WARPING] §7Warping...
17:43:09 [WARPING] §7Sending to server mini86DT...
17:43:10 [EMPTY] §8 §r§8 §r§1 §r§3 §r§3 §r§7 §r§8 
17:43:12 [PROFILE_JOIN] §aYou are playing on profile: §eBanana§b (Co-op)
17:43:12 [PROFILE_JOIN] §8Profile ID: b1a71305-1956-42bf-90e4-bce6f7285754
17:43:48 [EMPTY] 
17:44:25 [EMPTY] 
17:44:46 [EMPTY]  
17:44:46 [BESTIARY] §f                                  §6§lBESTIARY
17:44:46 [BESTIARY] §f                          §b§lGolden Jerry §7§8V §8➡§b §bVI
17:44:46 [BESTIARY] 
17:44:46 [BESTIARY] §f                                  §r§6§lREWARDS
17:44:46 [BESTIARY] §f                      §r§8+§r§a3 §r§6Golden Jerry §r§b✯ Magic Find
17:44:46 [BESTIARY] §f                      §r§8+§r§a3 §r§6Golden Jerry §r§c❁ Strength
17:44:46 [BESTIARY] §f                          §r§8+§r§62% §r§a§r§6Golden Jerry §r§7coins
17:44:46 [BESTIARY] §f                    §r§8+§r§a50% §r§7chance for extra XP orbs
17:44:46 [BESTIARY] §f                               §r§8+§r§b1 SkyBlock XP
17:44:46 [BESTIARY] 
17:44:46 [BESTIARY] §3§l▬▬▬▬▬▬▬▬▬▬▬▬▬▬▬▬▬▬▬▬▬▬▬▬▬▬▬▬▬▬▬▬▬▬▬▬▬▬▬▬▬▬▬▬▬▬▬▬▬▬▬▬▬▬▬▬▬▬▬▬▬▬▬▬
17:45:12 [WARPING] §7Sending to server mini73AK...
17:45:13 [EMPTY] §8 §r§8 §r§1 §r§3 §r§3 §r§7 §r§8 
17:45:16 [PROFILE_JOIN] §aYou are playing on profile: §eBanana§b (Co-op)
17:45:16 [PROFILE_JOIN] §8Profile ID: b1a71305-1956-42bf-90e4-bce6f7285754
17:46:43 [GUILD_EXP] §aYou earned §r§230 GEXP §r§afrom playing SkyBlock!
17:50:02 [WARPING] §7Warping...
17:51:53 [GUILD_EXP] §aYou earned §r§2750 GEXP §r§afrom playing SkyBlock!
17:53:16 [EMPTY] §f                                        
17:53:50 [WARPING] §7Warping...
17:55:24 [WARPING] §7Sending to server mini18CN...
17:55:25 [EMPTY] §8 §r§8 §r§1 §r§3 §r§3 §r§7 §r§8 
17:55:25 [EMPTY] §f                                        
17:55:28 [PROFILE_JOIN] §aYou are playing on profile: §eBanana§b (Co-op)
17:55:28 [PROFILE_JOIN] §8Profile ID: b1a71305-1956-42bf-90e4-bce6f7285754
17:55:33 [EMPTY] 
17:56:40 [EMPTY] 
18:00:25 [GUILD_EXP] §aYou earned §r§2570 GEXP §r§afrom playing SkyBlock!
18:00:30 [EMPTY]  
18:00:30 [STASH_COMPACT] §f                 §7You have §3324 §7materials stashed away!
18:00:30 [STASH_COMPACT] §f               §8(This totals 1 type of material stashed!)
18:00:30 [STASH_COMPACT] §f                §3§l>>> §3§lCLICK HERE§b to pick them up! §3§l<<<
18:00:30 [EMPTY]   
18:00:41 [EMPTY] 
18:00:41 [EMPTY] 
18:00:43 [EMPTY] §f
18:00:43 [WATCHDOG] §4[WATCHDOG ANNOUNCEMENT]
18:00:43 [WATCHDOG] §fWatchdog has banned §r§c§l10,610§r§f players in the last 7 days.
18:00:43 [WATCHDOG] §fStaff have banned an additional §r§c§l11,274§r§f in the last 7 days.
18:00:43 [WATCHDOG] §cBlacklisted modifications are a bannable offense!
18:00:43 [WATCHDOG] §c
18:01:30 [EMPTY]  
18:01:30 [STASH_COMPACT] §f                §7You have §31,138 §7materials stashed away!
18:01:30 [STASH_COMPACT] §f               §8(This totals 1 type of material stashed!)
18:01:30 [STASH_COMPACT] §f                §3§l>>> §3§lCLICK HERE§b to pick them up! §3§l<<<
18:01:30 [EMPTY]   
18:02:22 [WARPING] §7Sending to server mini3AB...
18:02:24 [EMPTY] §8 §r§8 §r§1 §r§3 §r§3 §r§7 §r§8 
18:02:26 [PROFILE_JOIN] §aYou are playing on profile: §eBanana§b (Co-op)
18:02:26 [PROFILE_JOIN] §8Profile ID: b1a71305-1956-42bf-90e4-bce6f7285754
18:02:27 [EMPTY]  
18:02:27 [STASH_COMPACT] §f                §7You have §32,312 §7materials stashed away!
18:02:27 [STASH_COMPACT] §f               §8(This totals 1 type of material stashed!)
18:02:27 [STASH_COMPACT] §f                §3§l>>> §3§lCLICK HERE§b to pick them up! §3§l<<<
18:02:27 [EMPTY]   
18:02:33 [EMPTY]  
18:02:33 [STASH_COMPACT] §f                §7You have §32,312 §7materials stashed away!
18:02:33 [STASH_COMPACT] §f               §8(This totals 1 type of material stashed!)
18:02:33 [STASH_COMPACT] §f                §3§l>>> §3§lCLICK HERE§b to pick them up! §3§l<<<
18:02:33 [EMPTY]   
18:03:31 [GUILD_EXP] §aYou earned §r§23 GEXP §r§afrom playing SkyBlock!
18:03:36 [EMPTY]  
18:03:36 [STASH_COMPACT] §f                §7You have §32,312 §7materials stashed away!
18:03:36 [STASH_COMPACT] §f               §8(This totals 1 type of material stashed!)
18:03:36 [STASH_COMPACT] §f                §3§l>>> §3§lCLICK HERE§b to pick them up! §3§l<<<
18:03:36 [EMPTY]   
18:03:55 [WARPING] §7Warping...
18:04:39 [EMPTY]  
18:04:39 [STASH_COMPACT] §f                §7You have §32,312 §7materials stashed away!
18:04:39 [STASH_COMPACT] §f               §8(This totals 1 type of material stashed!)
18:04:39 [STASH_COMPACT] §f                §3§l>>> §3§lCLICK HERE§b to pick them up! §3§l<<<
18:04:39 [EMPTY]   
18:04:45 [EMPTY] 
18:05:40 [EMPTY]  
18:05:40 [STASH_COMPACT] §f                §7You have §32,312 §7materials stashed away!
18:05:40 [STASH_COMPACT] §f               §8(This totals 1 type of material stashed!)
18:05:40 [STASH_COMPACT] §f                §3§l>>> §3§lCLICK HERE§b to pick them up! §3§l<<<
18:05:40 [EMPTY]   
18:05:47 [WARPING] §7Warping...
18:05:59 [EMPTY] §f                                        
18:05:59 [EMPTY] §f                                        
18:06:42 [EMPTY]  
18:06:43 [STASH_COMPACT] §f                §7You have §32,312 §7materials stashed away!
18:06:43 [STASH_COMPACT] §f               §8(This totals 1 type of material stashed!)
18:06:43 [STASH_COMPACT] §f                §3§l>>> §3§lCLICK HERE§b to pick them up! §3§l<<<
18:06:43 [EMPTY]   
18:07:44 [EMPTY]  
18:07:44 [STASH_COMPACT] §f                §7You have §32,312 §7materials stashed away!
18:07:44 [STASH_COMPACT] §f               §8(This totals 1 type of material stashed!)
18:07:44 [STASH_COMPACT] §f                §3§l>>> §3§lCLICK HERE§b to pick them up! §3§l<<<
18:07:44 [EMPTY]   
18:08:27 [WARPING] §7Warping...
18:08:38 [WARPING] §7Warping...
18:08:41 [GUILD_EXP] §aYou earned §r§2733 GEXP §r§afrom playing SkyBlock!
18:08:46 [EMPTY]  
18:08:46 [STASH_COMPACT] §f                §7You have §32,312 §7materials stashed away!
18:08:46 [STASH_COMPACT] §f               §8(This totals 1 type of material stashed!)
18:08:46 [STASH_COMPACT] §f                §3§l>>> §3§lCLICK HERE§b to pick them up! §3§l<<<
18:08:46 [EMPTY]   
18:09:49 [EMPTY]  
18:09:49 [STASH_COMPACT] §f                §7You have §32,312 §7materials stashed away!
18:09:49 [STASH_COMPACT] §f               §8(This totals 1 type of material stashed!)
18:09:49 [STASH_COMPACT] §f                §3§l>>> §3§lCLICK HERE§b to pick them up! §3§l<<<
18:09:49 [EMPTY]   
18:10:46 [WARPING] §7Warping...
18:10:51 [EMPTY]  
18:10:51 [STASH_COMPACT] §f                §7You have §32,312 §7materials stashed away!
18:10:51 [STASH_COMPACT] §f               §8(This totals 1 type of material stashed!)
18:10:51 [STASH_COMPACT] §f                §3§l>>> §3§lCLICK HERE§b to pick them up! §3§l<<<
18:10:51 [EMPTY]   
18:11:53 [EMPTY]  
18:11:53 [STASH_COMPACT] §f                §7You have §32,312 §7materials stashed away!
18:11:53 [STASH_COMPACT] §f               §8(This totals 1 type of material stashed!)
18:11:53 [STASH_COMPACT] §f                §3§l>>> §3§lCLICK HERE§b to pick them up! §3§l<<<
18:11:53 [EMPTY]   
18:12:19 [WARPING] §7Sending to server mini39H...
18:12:21 [EMPTY] §8 §r§8 §r§1 §r§3 §r§3 §r§7 §r§8 
18:12:22 [EMPTY]  
18:12:22 [STASH_COMPACT] §f                §7You have §32,312 §7materials stashed away!
18:12:22 [STASH_COMPACT] §f               §8(This totals 1 type of material stashed!)
18:12:22 [STASH_COMPACT] §f                §3§l>>> §3§lCLICK HERE§b to pick them up! §3§l<<<
18:12:22 [EMPTY]   
18:12:23 [PROFILE_JOIN] §aYou are playing on profile: §eBanana§b (Co-op)
18:12:23 [PROFILE_JOIN] §8Profile ID: b1a71305-1956-42bf-90e4-bce6f7285754
18:12:24 [EMPTY]  
18:12:24 [STASH_COMPACT] §f                §7You have §32,312 §7materials stashed away!
18:12:24 [STASH_COMPACT] §f               §8(This totals 1 type of material stashed!)
18:12:24 [STASH_COMPACT] §f                §3§l>>> §3§lCLICK HERE§b to pick them up! §3§l<<<
18:12:24 [EMPTY]   
18:12:40 [WARPING] §7Sending to server mini154AU...
18:12:41 [EMPTY] §8 §r§8 §r§1 §r§3 §r§3 §r§7 §r§8 
18:12:44 [PROFILE_JOIN] §aYou are playing on profile: §eBanana§b (Co-op)
18:12:44 [PROFILE_JOIN] §8Profile ID: b1a71305-1956-42bf-90e4-bce6f7285754
18:12:44 [EMPTY]  
18:12:44 [STASH_COMPACT] §f                §7You have §32,312 §7materials stashed away!
18:12:44 [STASH_COMPACT] §f               §8(This totals 1 type of material stashed!)
18:12:44 [STASH_COMPACT] §f                §3§l>>> §3§lCLICK HERE§b to pick them up! §3§l<<<
18:12:44 [EMPTY]   
18:12:52 [WARPING] §7Sending to server mini39K...
18:12:53 [EMPTY] §8 §r§8 §r§1 §r§3 §r§3 §r§7 §r§8 
18:12:56 [PROFILE_JOIN] §aYou are playing on profile: §eBanana§b (Co-op)
18:12:56 [PROFILE_JOIN] §8Profile ID: b1a71305-1956-42bf-90e4-bce6f7285754
18:12:56 [EMPTY]  
18:12:57 [STASH_COMPACT] §f                §7You have §32,312 §7materials stashed away!
18:12:57 [STASH_COMPACT] §f               §8(This totals 1 type of material stashed!)
18:12:57 [STASH_COMPACT] §f                §3§l>>> §3§lCLICK HERE§b to pick them up! §3§l<<<
18:12:57 [EMPTY]   
18:12:57 [EMPTY]  
18:12:57 [STASH_COMPACT] §f                §7You have §32,312 §7materials stashed away!
18:12:57 [STASH_COMPACT] §f               §8(This totals 1 type of material stashed!)
18:12:57 [STASH_COMPACT] §f                §3§l>>> §3§lCLICK HERE§b to pick them up! §3§l<<<
18:12:57 [EMPTY]   
18:13:58 [EMPTY]  
18:13:58 [STASH_COMPACT] §f                §7You have §32,312 §7materials stashed away!
18:13:58 [STASH_COMPACT] §f               §8(This totals 1 type of material stashed!)
18:13:58 [STASH_COMPACT] §f                §3§l>>> §3§lCLICK HERE§b to pick them up! §3§l<<<
18:13:58 [EMPTY]   
18:14:58 [EMPTY]  
18:14:58 [STASH_COMPACT] §f                §7You have §32,312 §7materials stashed away!
18:14:58 [STASH_COMPACT] §f               §8(This totals 1 type of material stashed!)
18:14:58 [STASH_COMPACT] §f                §3§l>>> §3§lCLICK HERE§b to pick them up! §3§l<<<
18:14:58 [EMPTY]   
18:15:59 [EMPTY]  
18:15:59 [STASH_COMPACT] §f                §7You have §33,014 §7materials stashed away!
18:15:59 [STASH_COMPACT] §f               §8(This totals 1 type of material stashed!)
18:15:59 [STASH_COMPACT] §f                §3§l>>> §3§lCLICK HERE§b to pick them up! §3§l<<<
18:15:59 [EMPTY]   
18:16:59 [EMPTY]  
18:16:59 [STASH_COMPACT] §f                §7You have §33,156 §7materials stashed away!
18:16:59 [STASH_COMPACT] §f               §8(This totals 1 type of material stashed!)
18:16:59 [STASH_COMPACT] §f                §3§l>>> §3§lCLICK HERE§b to pick them up! §3§l<<<
18:16:59 [EMPTY]   
18:17:55 [GUILD_EXP] §aYou earned §r§2590 GEXP §r§afrom playing SkyBlock!
18:17:59 [EMPTY]  
18:17:59 [STASH_COMPACT] §f                §7You have §31,812 §7materials stashed away!
18:17:59 [STASH_COMPACT] §f               §8(This totals 1 type of material stashed!)
18:17:59 [STASH_COMPACT] §f                §3§l>>> §3§lCLICK HERE§b to pick them up! §3§l<<<
18:17:59 [EMPTY]   
18:18:59 [EMPTY]  
18:19:00 [STASH_COMPACT] §f                §7You have §32,388 §7materials stashed away!
18:19:00 [STASH_COMPACT] §f               §8(This totals 1 type of material stashed!)
18:19:00 [STASH_COMPACT] §f                §3§l>>> §3§lCLICK HERE§b to pick them up! §3§l<<<
18:19:00 [EMPTY]   
18:20:00 [EMPTY]  
18:20:00 [STASH_COMPACT] §f                §7You have §31,236 §7materials stashed away!
18:20:00 [STASH_COMPACT] §f               §8(This totals 1 type of material stashed!)
18:20:00 [STASH_COMPACT] §f                §3§l>>> §3§lCLICK HERE§b to pick them up! §3§l<<<
18:20:00 [EMPTY]   
18:20:03 [WARPING] §7Sending to server mini86CV...
18:20:04 [EMPTY] §8 §r§8 §r§1 §r§3 §r§3 §r§7 §r§8 
18:20:07 [PROFILE_JOIN] §aYou are playing on profile: §eBanana§b (Co-op)
18:20:07 [PROFILE_JOIN] §8Profile ID: b1a71305-1956-42bf-90e4-bce6f7285754
18:20:08 [EMPTY]  
18:20:08 [STASH_COMPACT] §f                §7You have §31,236 §7materials stashed away!
18:20:08 [STASH_COMPACT] §f               §8(This totals 1 type of material stashed!)
18:20:08 [STASH_COMPACT] §f                §3§l>>> §3§lCLICK HERE§b to pick them up! §3§l<<<
18:20:08 [EMPTY]   
18:20:34 [EMPTY]  
18:20:34 [STASH_COMPACT] §f                §7You have §31,236 §7materials stashed away!
18:20:34 [STASH_COMPACT] §f               §8(This totals 1 type of material stashed!)
18:20:34 [STASH_COMPACT] §f                §3§l>>> §3§lCLICK HERE§b to pick them up! §3§l<<<
18:20:34 [EMPTY]   
18:21:36 [EMPTY]  
18:21:36 [STASH_COMPACT] §f                §7You have §31,236 §7materials stashed away!
18:21:36 [STASH_COMPACT] §f               §8(This totals 1 type of material stashed!)
18:21:36 [STASH_COMPACT] §f                §3§l>>> §3§lCLICK HERE§b to pick them up! §3§l<<<
18:21:36 [EMPTY]   
18:22:34 [GUILD_EXP] §aYou earned §r§2190 GEXP §r§afrom playing SkyBlock!
18:22:39 [EMPTY]  
18:22:39 [STASH_COMPACT] §f                §7You have §31,236 §7materials stashed away!
18:22:39 [STASH_COMPACT] §f               §8(This totals 1 type of material stashed!)
18:22:39 [STASH_COMPACT] §f                §3§l>>> §3§lCLICK HERE§b to pick them up! §3§l<<<
18:22:39 [EMPTY]   
18:22:47 [EMPTY] §f                                        
18:23:40 [EMPTY]  
18:23:40 [STASH_COMPACT] §f                §7You have §31,236 §7materials stashed away!
18:23:40 [STASH_COMPACT] §f               §8(This totals 1 type of material stashed!)
18:23:40 [STASH_COMPACT] §f                §3§l>>> §3§lCLICK HERE§b to pick them up! §3§l<<<
18:23:40 [EMPTY]   
18:24:42 [EMPTY]  
18:24:42 [STASH_COMPACT] §f                §7You have §31,236 §7materials stashed away!
18:24:42 [STASH_COMPACT] §f               §8(This totals 1 type of material stashed!)
18:24:42 [STASH_COMPACT] §f                §3§l>>> §3§lCLICK HERE§b to pick them up! §3§l<<<
18:24:42 [EMPTY]   
18:25:30 [WARPING] §7Warping...
18:25:45 [EMPTY]  
18:25:45 [STASH_COMPACT] §f                §7You have §31,236 §7materials stashed away!
18:25:45 [STASH_COMPACT] §f               §8(This totals 1 type of material stashed!)
18:25:45 [STASH_COMPACT] §f                §3§l>>> §3§lCLICK HERE§b to pick them up! §3§l<<<
18:25:45 [EMPTY]   
18:26:04 [WARPING] §7Warping...
18:26:47 [EMPTY]  
18:26:47 [STASH_COMPACT] §f                §7You have §31,236 §7materials stashed away!
18:26:47 [STASH_COMPACT] §f               §8(This totals 1 type of material stashed!)
18:26:47 [STASH_COMPACT] §f                §3§l>>> §3§lCLICK HERE§b to pick them up! §3§l<<<
18:26:47 [EMPTY]   
18:27:45 [GUILD_EXP] §aYou earned §r§2735 GEXP §r§afrom playing SkyBlock!
18:27:49 [EMPTY]  
18:27:49 [STASH_COMPACT] §f                §7You have §31,236 §7materials stashed away!
18:27:49 [STASH_COMPACT] §f               §8(This totals 1 type of material stashed!)
18:27:49 [STASH_COMPACT] §f                §3§l>>> §3§lCLICK HERE§b to pick them up! §3§l<<<
18:27:49 [EMPTY]   
18:28:51 [EMPTY]  
18:28:51 [STASH_COMPACT] §f                §7You have §31,236 §7materials stashed away!
18:28:51 [STASH_COMPACT] §f               §8(This totals 1 type of material stashed!)
18:28:51 [STASH_COMPACT] §f                §3§l>>> §3§lCLICK HERE§b to pick them up! §3§l<<<
18:28:51 [EMPTY]   
18:29:52 [EMPTY]  
18:29:52 [STASH_COMPACT] §f                §7You have §31,236 §7materials stashed away!
18:29:52 [STASH_COMPACT] §f               §8(This totals 1 type of material stashed!)
18:29:52 [STASH_COMPACT] §f                §3§l>>> §3§lCLICK HERE§b to pick them up! §3§l<<<
18:29:52 [EMPTY]   
18:30:00 [WARPING] §7Warping...
18:30:54 [EMPTY]  
18:30:54 [STASH_COMPACT] §f                §7You have §31,236 §7materials stashed away!
18:30:54 [STASH_COMPACT] §f               §8(This totals 1 type of material stashed!)
18:30:54 [STASH_COMPACT] §f                §3§l>>> §3§lCLICK HERE§b to pick them up! §3§l<<<
18:30:54 [EMPTY]   
18:31:56 [EMPTY]  
18:31:56 [STASH_COMPACT] §f                §7You have §31,236 §7materials stashed away!
18:31:56 [STASH_COMPACT] §f               §8(This totals 1 type of material stashed!)
18:31:56 [STASH_COMPACT] §f                §3§l>>> §3§lCLICK HERE§b to pick them up! §3§l<<<
18:31:56 [EMPTY]   
18:32:23 [WARPING] §7Sending to server mini23CF...
18:32:24 [EMPTY] §8 §r§8 §r§1 §r§3 §r§3 §r§7 §r§8 
18:32:27 [PROFILE_JOIN] §aYou are playing on profile: §eBanana§b (Co-op)
18:32:27 [PROFILE_JOIN] §8Profile ID: b1a71305-1956-42bf-90e4-bce6f7285754
18:32:27 [EMPTY]  
18:32:28 [STASH_COMPACT] §f                §7You have §31,236 §7materials stashed away!
18:32:28 [STASH_COMPACT] §f               §8(This totals 1 type of material stashed!)
18:32:28 [STASH_COMPACT] §f                §3§l>>> §3§lCLICK HERE§b to pick them up! §3§l<<<
18:32:28 [EMPTY]   
18:32:28 [EMPTY]  
18:32:28 [STASH_COMPACT] §f                §7You have §31,236 §7materials stashed away!
18:32:28 [STASH_COMPACT] §f               §8(This totals 1 type of material stashed!)
18:32:28 [STASH_COMPACT] §f                §3§l>>> §3§lCLICK HERE§b to pick them up! §3§l<<<
18:32:28 [EMPTY]   
18:33:29 [EMPTY]  
18:33:29 [STASH_COMPACT] §f                §7You have §31,236 §7materials stashed away!
18:33:29 [STASH_COMPACT] §f               §8(This totals 1 type of material stashed!)
18:33:29 [STASH_COMPACT] §f                §3§l>>> §3§lCLICK HERE§b to pick them up! §3§l<<<
18:33:29 [EMPTY]   
18:34:03 [EMPTY] 
18:34:29 [EMPTY]  
18:34:29 [STASH_COMPACT] §f                §7You have §31,236 §7materials stashed away!
18:34:29 [STASH_COMPACT] §f               §8(This totals 1 type of material stashed!)
18:34:29 [STASH_COMPACT] §f                §3§l>>> §3§lCLICK HERE§b to pick them up! §3§l<<<
18:34:29 [EMPTY]   
18:35:29 [EMPTY]  
18:35:30 [STASH_COMPACT] §f                §7You have §31,236 §7materials stashed away!
18:35:30 [STASH_COMPACT] §f               §8(This totals 1 type of material stashed!)
18:35:30 [STASH_COMPACT] §f                §3§l>>> §3§lCLICK HERE§b to pick them up! §3§l<<<
18:35:30 [EMPTY]   
18:36:30 [EMPTY]  
18:36:30 [STASH_COMPACT] §f                §7You have §31,236 §7materials stashed away!
18:36:30 [STASH_COMPACT] §f               §8(This totals 1 type of material stashed!)
18:36:30 [STASH_COMPACT] §f                §3§l>>> §3§lCLICK HERE§b to pick them up! §3§l<<<
18:36:30 [EMPTY]   
18:37:26 [GUILD_EXP] §aYou earned §r§2583 GEXP §r§afrom playing SkyBlock!
18:37:31 [EMPTY]  
18:37:31 [STASH_COMPACT] §f                §7You have §31,700 §7materials stashed away!
18:37:31 [STASH_COMPACT] §f               §8(This totals 1 type of material stashed!)
18:37:31 [STASH_COMPACT] §f                §3§l>>> §3§lCLICK HERE§b to pick them up! §3§l<<<
18:37:31 [EMPTY]   
18:38:31 [EMPTY]  
18:38:31 [STASH_COMPACT] §f                §7You have §31,700 §7materials stashed away!
18:38:31 [STASH_COMPACT] §f               §8(This totals 1 type of material stashed!)
18:38:31 [STASH_COMPACT] §f                §3§l>>> §3§lCLICK HERE§b to pick them up! §3§l<<<
18:38:31 [EMPTY]   
18:39:27 [WARPING] §7Sending to server mini66Q...
18:39:28 [EMPTY] §8 §r§8 §r§1 §r§3 §r§3 §r§7 §r§8 
18:39:31 [PROFILE_JOIN] §aYou are playing on profile: §eBanana§b (Co-op)
18:39:31 [PROFILE_JOIN] §8Profile ID: b1a71305-1956-42bf-90e4-bce6f7285754
18:39:32 [EMPTY]  
18:39:32 [STASH_COMPACT] §f                §7You have §31,700 §7materials stashed away!
18:39:32 [STASH_COMPACT] §f               §8(This totals 1 type of material stashed!)
18:39:32 [STASH_COMPACT] §f                §3§l>>> §3§lCLICK HERE§b to pick them up! §3§l<<<
18:39:32 [EMPTY]   
18:39:48 [WARPING] §7Warping...
18:39:48 [WARPING] §7Sending to server mini5E...
18:39:48 [EMPTY] §8 §r§8 §r§1 §r§3 §r§3 §r§7 §r§8 
18:39:51 [PROFILE_JOIN] §aYou are playing on profile: §eBanana§b (Co-op)
18:39:51 [PROFILE_JOIN] §8Profile ID: b1a71305-1956-42bf-90e4-bce6f7285754
18:39:52 [EMPTY]  
18:39:52 [STASH_COMPACT] §f                §7You have §31,700 §7materials stashed away!
18:39:52 [STASH_COMPACT] §f               §8(This totals 1 type of material stashed!)
18:39:52 [STASH_COMPACT] §f                §3§l>>> §3§lCLICK HERE§b to pick them up! §3§l<<<
18:39:52 [EMPTY]   
18:39:57 [EMPTY]  
18:39:57 [STASH_COMPACT] §f                 §7You have §336 §7materials stashed away!
18:39:57 [STASH_COMPACT] §f               §8(This totals 1 type of material stashed!)
18:39:57 [STASH_COMPACT] §f                §3§l>>> §3§lCLICK HERE§b to pick them up! §3§l<<<
18:39:57 [EMPTY]   
18:40:10 [WARPING] §7Warping...
18:40:10 [WARPING] §7Sending to server mini22DH...
18:40:11 [EMPTY] §8 §r§8 §r§1 §r§3 §r§3 §r§7 §r§8 
18:40:15 [PROFILE_JOIN] §aYou are playing on profile: §eBanana§b (Co-op)
18:40:15 [PROFILE_JOIN] §8Profile ID: b1a71305-1956-42bf-90e4-bce6f7285754
18:40:15 [EMPTY]  
18:40:15 [STASH_COMPACT] §f                 §7You have §336 §7materials stashed away!
18:40:15 [STASH_COMPACT] §f               §8(This totals 1 type of material stashed!)
18:40:15 [STASH_COMPACT] §f                §3§l>>> §3§lCLICK HERE§b to pick them up! §3§l<<<
18:40:15 [EMPTY]   
18:43:37 [GUILD_EXP] §aYou earned §r§2285 GEXP §r§afrom playing SkyBlock!
18:43:45 [EMPTY] 
18:44:49 [EMPTY] §f                                        
18:44:49 [EMPTY] §f                                        
18:45:03 [WARPING] §7Warping...
18:45:03 [WARPING] §7Sending to server mini19BD...
18:45:03 [EMPTY] §8 §r§8 §r§1 §r§3 §r§3 §r§7 §r§8 
18:45:06 [PROFILE_JOIN] §aYou are playing on profile: §eBanana§b (Co-op)
18:45:06 [PROFILE_JOIN] §8Profile ID: b1a71305-1956-42bf-90e4-bce6f7285754
18:45:33 [WARPING] §7Warping...
18:45:33 [WARPING] §7Sending to server mini85CH...
18:45:34 [EMPTY] §8 §r§8 §r§1 §r§3 §r§3 §r§7 §r§8 
18:45:37 [PROFILE_JOIN] §aYou are playing on profile: §eBanana§b (Co-op)
18:45:37 [PROFILE_JOIN] §8Profile ID: b1a71305-1956-42bf-90e4-bce6f7285754
18:50:30 [WARPING] §7Warping...
18:50:31 [WARPING] §7Sending to server mini22AT...
18:50:31 [EMPTY] §8 §r§8 §r§1 §r§3 §r§3 §r§7 §r§8 
18:50:34 [PROFILE_JOIN] §aYou are playing on profile: §eBanana§b (Co-op)
18:50:34 [PROFILE_JOIN] §8Profile ID: b1a71305-1956-42bf-90e4-bce6f7285754
18:50:53 [WARPING] §7Warping...
18:50:53 [WARPING] §7Sending to server mini204P...
18:50:54 [EMPTY] §8 §r§8 §r§1 §r§3 §r§3 §r§7 §r§8 
18:51:02 [PROFILE_JOIN] §aYou are playing on profile: §eBanana§b (Co-op)
18:51:02 [PROFILE_JOIN] §8Profile ID: b1a71305-1956-42bf-90e4-bce6f7285754
18:51:52 [WARPING] §7Warping...
18:51:52 [WARPING] §7Sending to server mini14BN...
18:51:53 [EMPTY] §8 §r§8 §r§1 §r§3 §r§3 §r§7 §r§8 
18:51:56 [WARPING] §7Warping...
18:51:56 [WARPING] §7Sending to server mini143R...
18:51:56 [PROFILE_JOIN] §aYou are playing on profile: §eBanana§b (Co-op)
18:51:56 [PROFILE_JOIN] §8Profile ID: b1a71305-1956-42bf-90e4-bce6f7285754
18:51:57 [EMPTY] §8 §r§8 §r§1 §r§3 §r§3 §r§7 §r§8 
18:52:00 [PROFILE_JOIN] §aYou are playing on profile: §eBanana§b (Co-op)
18:52:00 [PROFILE_JOIN] §8Profile ID: b1a71305-1956-42bf-90e4-bce6f7285754
18:52:43 [EMPTY] 
18:53:35 [WARPING] §7Warping...
18:53:58 [EMPTY] §f                                        
18:53:58 [EMPTY] §f                                        
18:54:34 [WARPING] §7Sending to server mini155CN...
18:54:35 [EMPTY] §8 §r§8 §r§1 §r§3 §r§3 §r§7 §r§8 
18:54:37 [PROFILE_JOIN] §aYou are playing on profile: §eBanana§b (Co-op)
18:54:37 [PROFILE_JOIN] §8Profile ID: b1a71305-1956-42bf-90e4-bce6f7285754
18:54:58 [WARPING] §7Sending to server mini194DS...
18:54:59 [EMPTY] §8 §r§8 §r§1 §r§3 §r§3 §r§7 §r§8 
18:55:02 [PROFILE_JOIN] §aYou are playing on profile: §eBanana§b (Co-op)
18:55:02 [PROFILE_JOIN] §8Profile ID: b1a71305-1956-42bf-90e4-bce6f7285754
18:59:42 [WARPING] §7Warping...
19:00:53 [GUILD_EXP] §aYou earned §r§2653 GEXP §r§afrom playing SkyBlock!
19:00:55 [EMPTY] 
19:00:55 [EMPTY] 
19:06:04 [GUILD_EXP] §aYou earned §r§2736 GEXP §r§afrom playing SkyBlock!
19:06:39 [WARPING] §7Warping...
19:08:07 [WARPING] §7Sending to server mini144AN...
19:08:08 [EMPTY] §8 §r§8 §r§1 §r§3 §r§3 §r§7 §r§8 
19:08:10 [PROFILE_JOIN] §aYou are playing on profile: §eBanana§b (Co-op)
19:08:11 [PROFILE_JOIN] §8Profile ID: b1a71305-1956-42bf-90e4-bce6f7285754
19:09:10 [EMPTY] 
19:12:13 [EMPTY]  
19:12:13 [STASH_COMPACT] §f                 §7You have §3482 §7materials stashed away!
19:12:13 [STASH_COMPACT] §f               §8(This totals 1 type of material stashed!)
19:12:13 [STASH_COMPACT] §f                §3§l>>> §3§lCLICK HERE§b to pick them up! §3§l<<<
19:12:13 [EMPTY]   
19:13:09 [GUILD_EXP] §aYou earned §r§2583 GEXP §r§afrom playing SkyBlock!
19:13:14 [EMPTY]  
19:13:14 [STASH_COMPACT] §f                 §7You have §3482 §7materials stashed away!
19:13:14 [STASH_COMPACT] §f               §8(This totals 1 type of material stashed!)
19:13:14 [STASH_COMPACT] §f                §3§l>>> §3§lCLICK HERE§b to pick them up! §3§l<<<
19:13:14 [EMPTY]   
19:14:14 [EMPTY]  
19:14:14 [STASH_COMPACT] §f                §7You have §31,662 §7materials stashed away!
19:14:14 [STASH_COMPACT] §f               §8(This totals 1 type of material stashed!)
19:14:14 [STASH_COMPACT] §f                §3§l>>> §3§lCLICK HERE§b to pick them up! §3§l<<<
19:14:14 [EMPTY]   
19:15:12 [WARPING] §7Sending to server mini185BW...
19:15:13 [EMPTY] §8 §r§8 §r§1 §r§3 §r§3 §r§7 §r§8 
19:15:16 [PROFILE_JOIN] §aYou are playing on profile: §eBanana§b (Co-op)
19:15:16 [PROFILE_JOIN] §8Profile ID: b1a71305-1956-42bf-90e4-bce6f7285754
19:15:16 [EMPTY]  
19:15:16 [STASH_COMPACT] §f                §7You have §32,054 §7materials stashed away!
19:15:16 [STASH_COMPACT] §f               §8(This totals 1 type of material stashed!)
19:15:16 [STASH_COMPACT] §f                §3§l>>> §3§lCLICK HERE§b to pick them up! §3§l<<<
19:15:16 [EMPTY]   
19:16:04 [EMPTY]  
19:16:04 [STASH_COMPACT] §f                 §7You have §3838 §7materials stashed away!
19:16:04 [STASH_COMPACT] §f               §8(This totals 1 type of material stashed!)
19:16:04 [STASH_COMPACT] §f                §3§l>>> §3§lCLICK HERE§b to pick them up! §3§l<<<
19:16:04 [EMPTY]   
19:17:06 [EMPTY]  
19:17:06 [STASH_COMPACT] §f                 §7You have §3838 §7materials stashed away!
19:17:06 [STASH_COMPACT] §f               §8(This totals 1 type of material stashed!)
19:17:06 [STASH_COMPACT] §f                §3§l>>> §3§lCLICK HERE§b to pick them up! §3§l<<<
19:17:06 [EMPTY]   
19:18:07 [EMPTY]  
19:18:08 [STASH_COMPACT] §f                 §7You have §3838 §7materials stashed away!
19:18:08 [STASH_COMPACT] §f               §8(This totals 1 type of material stashed!)
19:18:08 [STASH_COMPACT] §f                §3§l>>> §3§lCLICK HERE§b to pick them up! §3§l<<<
19:18:08 [EMPTY]   
19:18:37 [WARPING] §7Warping...
19:19:09 [EMPTY]  
19:19:09 [STASH_COMPACT] §f                 §7You have §3838 §7materials stashed away!
19:19:09 [STASH_COMPACT] §f               §8(This totals 1 type of material stashed!)
19:19:09 [STASH_COMPACT] §f                §3§l>>> §3§lCLICK HERE§b to pick them up! §3§l<<<
19:19:09 [EMPTY]   
19:20:11 [EMPTY]  
19:20:11 [STASH_COMPACT] §f                 §7You have §3838 §7materials stashed away!
19:20:11 [STASH_COMPACT] §f               §8(This totals 1 type of material stashed!)
19:20:11 [STASH_COMPACT] §f                §3§l>>> §3§lCLICK HERE§b to pick them up! §3§l<<<
19:20:11 [EMPTY]   
19:21:08 [GUILD_EXP] §aYou earned §r§2710 GEXP §r§afrom playing SkyBlock!
19:21:12 [EMPTY]  
19:21:12 [STASH_COMPACT] §f                 §7You have §3838 §7materials stashed away!
19:21:12 [STASH_COMPACT] §f               §8(This totals 1 type of material stashed!)
19:21:12 [STASH_COMPACT] §f                §3§l>>> §3§lCLICK HERE§b to pick them up! §3§l<<<
19:21:12 [EMPTY]   
19:21:45 [EMPTY] 
19:22:14 [EMPTY]  
19:22:15 [STASH_COMPACT] §f                 §7You have §3838 §7materials stashed away!
19:22:15 [STASH_COMPACT] §f               §8(This totals 1 type of material stashed!)
19:22:15 [STASH_COMPACT] §f                §3§l>>> §3§lCLICK HERE§b to pick them up! §3§l<<<
19:22:15 [EMPTY]   
19:23:12 [EMPTY] §f                                        
19:23:12 [EMPTY] §f                                        
19:23:16 [EMPTY]  
19:23:16 [STASH_COMPACT] §f                 §7You have §3838 §7materials stashed away!
19:23:16 [STASH_COMPACT] §f               §8(This totals 1 type of material stashed!)
19:23:16 [STASH_COMPACT] §f                §3§l>>> §3§lCLICK HERE§b to pick them up! §3§l<<<
19:23:16 [EMPTY]   
19:24:17 [EMPTY]  
19:24:17 [STASH_COMPACT] §f                 §7You have §3838 §7materials stashed away!
19:24:17 [STASH_COMPACT] §f               §8(This totals 1 type of material stashed!)
19:24:17 [STASH_COMPACT] §f                §3§l>>> §3§lCLICK HERE§b to pick them up! §3§l<<<
19:24:17 [EMPTY]   
19:24:23 [WARPING] §7Warping...
19:25:19 [EMPTY]  
19:25:19 [STASH_COMPACT] §f                 §7You have §3838 §7materials stashed away!
19:25:19 [STASH_COMPACT] §f               §8(This totals 1 type of material stashed!)
19:25:19 [STASH_COMPACT] §f                §3§l>>> §3§lCLICK HERE§b to pick them up! §3§l<<<
19:25:19 [EMPTY]   
19:26:16 [GUILD_EXP] §aYou earned §r§2720 GEXP §r§afrom playing SkyBlock!
19:26:20 [EMPTY]  
19:26:21 [STASH_COMPACT] §f                 §7You have §3838 §7materials stashed away!
19:26:21 [STASH_COMPACT] §f               §8(This totals 1 type of material stashed!)
19:26:21 [STASH_COMPACT] §f                §3§l>>> §3§lCLICK HERE§b to pick them up! §3§l<<<
19:26:21 [EMPTY]   
19:27:22 [EMPTY]  
19:27:22 [STASH_COMPACT] §f                 §7You have §3838 §7materials stashed away!
19:27:22 [STASH_COMPACT] §f               §8(This totals 1 type of material stashed!)
19:27:22 [STASH_COMPACT] §f                §3§l>>> §3§lCLICK HERE§b to pick them up! §3§l<<<
19:27:22 [EMPTY]   
19:27:38 [WARPING] §7Sending to server mini198CQ...
19:27:39 [EMPTY] §8 §r§8 §r§1 §r§3 §r§3 §r§7 §r§8 
19:27:42 [PROFILE_JOIN] §aYou are playing on profile: §eBanana§b (Co-op)
19:27:42 [PROFILE_JOIN] §8Profile ID: b1a71305-1956-42bf-90e4-bce6f7285754
19:27:42 [EMPTY]  
19:27:42 [STASH_COMPACT] §f                 §7You have §3838 §7materials stashed away!
19:27:42 [STASH_COMPACT] §f               §8(This totals 1 type of material stashed!)
19:27:42 [STASH_COMPACT] §f                §3§l>>> §3§lCLICK HERE§b to pick them up! §3§l<<<
19:27:42 [EMPTY]   
19:27:43 [EMPTY]  
19:27:43 [STASH_COMPACT] §f                 §7You have §3838 §7materials stashed away!
19:27:43 [STASH_COMPACT] §f               §8(This totals 1 type of material stashed!)
19:27:43 [STASH_COMPACT] §f                §3§l>>> §3§lCLICK HERE§b to pick them up! §3§l<<<
19:27:43 [EMPTY]   
19:27:47 [EMPTY] 
19:28:41 [EMPTY] 
19:28:43 [EMPTY]  
19:28:43 [STASH_COMPACT] §f                 §7You have §3838 §7materials stashed away!
19:28:43 [STASH_COMPACT] §f               §8(This totals 1 type of material stashed!)
19:28:43 [STASH_COMPACT] §f                §3§l>>> §3§lCLICK HERE§b to pick them up! §3§l<<<
19:28:43 [EMPTY]   
19:29:43 [EMPTY]  
19:29:43 [STASH_COMPACT] §f                 §7You have §3838 §7materials stashed away!
19:29:43 [STASH_COMPACT] §f               §8(This totals 1 type of material stashed!)
19:29:43 [STASH_COMPACT] §f                §3§l>>> §3§lCLICK HERE§b to pick them up! §3§l<<<
19:29:43 [EMPTY]   
19:30:44 [EMPTY]  
19:30:44 [STASH_COMPACT] §f                 §7You have §3838 §7materials stashed away!
19:30:44 [STASH_COMPACT] §f               §8(This totals 1 type of material stashed!)
19:30:44 [STASH_COMPACT] §f                §3§l>>> §3§lCLICK HERE§b to pick them up! §3§l<<<
19:30:44 [EMPTY]   
19:31:44 [EMPTY]  
19:31:44 [STASH_COMPACT] §f                 §7You have §3838 §7materials stashed away!
19:31:44 [STASH_COMPACT] §f               §8(This totals 1 type of material stashed!)
19:31:44 [STASH_COMPACT] §f                §3§l>>> §3§lCLICK HERE§b to pick them up! §3§l<<<
19:31:44 [EMPTY]   
19:32:40 [GUILD_EXP] §aYou earned §r§2588 GEXP §r§afrom playing SkyBlock!
19:32:44 [EMPTY]  
19:32:44 [STASH_COMPACT] §f                 §7You have §3838 §7materials stashed away!
19:32:44 [STASH_COMPACT] §f               §8(This totals 1 type of material stashed!)
19:32:44 [STASH_COMPACT] §f                §3§l>>> §3§lCLICK HERE§b to pick them up! §3§l<<<
19:32:44 [EMPTY]   
19:33:44 [EMPTY]  
19:33:45 [STASH_COMPACT] §f                §7You have §31,656 §7materials stashed away!
19:33:45 [STASH_COMPACT] §f               §8(This totals 1 type of material stashed!)
19:33:45 [STASH_COMPACT] §f                §3§l>>> §3§lCLICK HERE§b to pick them up! §3§l<<<
19:33:45 [EMPTY]   
19:34:01 [WARPING] §7Sending to server mini79CP...
19:34:01 [EMPTY] §8 §r§8 §r§1 §r§3 §r§3 §r§7 §r§8 
19:34:04 [PROFILE_JOIN] §aYou are playing on profile: §eBanana§b (Co-op)
19:34:04 [PROFILE_JOIN] §8Profile ID: b1a71305-1956-42bf-90e4-bce6f7285754
19:34:05 [EMPTY]  
19:34:05 [STASH_COMPACT] §f                §7You have §31,656 §7materials stashed away!
19:34:05 [STASH_COMPACT] §f               §8(This totals 1 type of material stashed!)
19:34:05 [STASH_COMPACT] §f                §3§l>>> §3§lCLICK HERE§b to pick them up! §3§l<<<
19:34:05 [EMPTY]   
19:34:12 [EMPTY]  
19:34:12 [STASH_COMPACT] §f                §7You have §31,656 §7materials stashed away!
19:34:12 [STASH_COMPACT] §f               §8(This totals 1 type of material stashed!)
19:34:12 [STASH_COMPACT] §f                §3§l>>> §3§lCLICK HERE§b to pick them up! §3§l<<<
19:34:12 [EMPTY]   
19:35:14 [EMPTY]  
19:35:14 [STASH_COMPACT] §f                §7You have §31,656 §7materials stashed away!
19:35:14 [STASH_COMPACT] §f               §8(This totals 1 type of material stashed!)
19:35:14 [STASH_COMPACT] §f                §3§l>>> §3§lCLICK HERE§b to pick them up! §3§l<<<
19:35:14 [EMPTY]   
19:36:11 [GUILD_EXP] §aYou earned §r§2148 GEXP §r§afrom playing SkyBlock!
19:36:16 [EMPTY]  
19:36:16 [STASH_COMPACT] §f                §7You have §31,656 §7materials stashed away!
19:36:16 [STASH_COMPACT] §f               §8(This totals 1 type of material stashed!)
19:36:16 [STASH_COMPACT] §f                §3§l>>> §3§lCLICK HERE§b to pick them up! §3§l<<<
19:36:16 [EMPTY]   
19:37:18 [EMPTY]  
19:37:18 [STASH_COMPACT] §f                §7You have §31,656 §7materials stashed away!
19:37:18 [STASH_COMPACT] §f               §8(This totals 1 type of material stashed!)
19:37:18 [STASH_COMPACT] §f                §3§l>>> §3§lCLICK HERE§b to pick them up! §3§l<<<
19:37:18 [EMPTY]   
19:38:20 [EMPTY]  
19:38:20 [STASH_COMPACT] §f                §7You have §31,656 §7materials stashed away!
19:38:20 [STASH_COMPACT] §f               §8(This totals 1 type of material stashed!)
19:38:20 [STASH_COMPACT] §f                §3§l>>> §3§lCLICK HERE§b to pick them up! §3§l<<<
19:38:20 [EMPTY]   
19:39:21 [EMPTY]  
19:39:21 [STASH_COMPACT] §f                §7You have §31,656 §7materials stashed away!
19:39:21 [STASH_COMPACT] §f               §8(This totals 1 type of material stashed!)
19:39:21 [STASH_COMPACT] §f                §3§l>>> §3§lCLICK HERE§b to pick them up! §3§l<<<
19:39:21 [EMPTY]   
19:39:57 [WARPING] §7Warping...
19:40:23 [EMPTY]  
19:40:23 [STASH_COMPACT] §f                §7You have §31,656 §7materials stashed away!
19:40:23 [STASH_COMPACT] §f               §8(This totals 1 type of material stashed!)
19:40:23 [STASH_COMPACT] §f                §3§l>>> §3§lCLICK HERE§b to pick them up! §3§l<<<
19:40:23 [EMPTY]   
19:41:20 [GUILD_EXP] §aYou earned §r§2735 GEXP §r§afrom playing SkyBlock!
19:41:25 [EMPTY]  
19:41:25 [STASH_COMPACT] §f                §7You have §31,656 §7materials stashed away!
19:41:25 [STASH_COMPACT] §f               §8(This totals 1 type of material stashed!)
19:41:25 [STASH_COMPACT] §f                §3§l>>> §3§lCLICK HERE§b to pick them up! §3§l<<<
19:41:25 [EMPTY]   
19:42:14 [WARPING] §7Warping...
19:42:28 [EMPTY]  
19:42:28 [STASH_COMPACT] §f                §7You have §31,656 §7materials stashed away!
19:42:28 [STASH_COMPACT] §f               §8(This totals 1 type of material stashed!)
19:42:28 [STASH_COMPACT] §f                §3§l>>> §3§lCLICK HERE§b to pick them up! §3§l<<<
19:42:28 [EMPTY]   
19:43:32 [EMPTY]  
19:43:32 [STASH_COMPACT] §f                §7You have §31,656 §7materials stashed away!
19:43:32 [STASH_COMPACT] §f               §8(This totals 1 type of material stashed!)
19:43:32 [STASH_COMPACT] §f                §3§l>>> §3§lCLICK HERE§b to pick them up! §3§l<<<
19:43:32 [EMPTY]   
19:44:33 [EMPTY]  
19:44:33 [STASH_COMPACT] §f                §7You have §31,656 §7materials stashed away!
19:44:33 [STASH_COMPACT] §f               §8(This totals 1 type of material stashed!)
19:44:33 [STASH_COMPACT] §f                §3§l>>> §3§lCLICK HERE§b to pick them up! §3§l<<<
19:44:33 [EMPTY]   
19:45:35 [EMPTY]  
19:45:35 [STASH_COMPACT] §f                §7You have §31,656 §7materials stashed away!
19:45:35 [STASH_COMPACT] §f               §8(This totals 1 type of material stashed!)
19:45:35 [STASH_COMPACT] §f                §3§l>>> §3§lCLICK HERE§b to pick them up! §3§l<<<
19:45:35 [EMPTY]   
19:46:19 [WARPING] §7Sending to server mini143AP...
19:46:20 [EMPTY] §8 §r§8 §r§1 §r§3 §r§3 §r§7 §r§8 
19:46:21 [EMPTY] §f                                        
19:46:23 [PROFILE_JOIN] §aYou are playing on profile: §eBanana§b (Co-op)
19:46:23 [PROFILE_JOIN] §8Profile ID: b1a71305-1956-42bf-90e4-bce6f7285754
19:46:23 [EMPTY]  
19:46:24 [STASH_COMPACT] §f                §7You have §31,656 §7materials stashed away!
19:46:24 [STASH_COMPACT] §f               §8(This totals 1 type of material stashed!)
19:46:24 [STASH_COMPACT] §f                §3§l>>> §3§lCLICK HERE§b to pick them up! §3§l<<<
19:46:24 [EMPTY]   
19:46:24 [EMPTY]  
19:46:24 [STASH_COMPACT] §f                §7You have §31,656 §7materials stashed away!
19:46:24 [STASH_COMPACT] §f               §8(This totals 1 type of material stashed!)
19:46:24 [STASH_COMPACT] §f                §3§l>>> §3§lCLICK HERE§b to pick them up! §3§l<<<
19:46:24 [EMPTY]   
19:47:24 [EMPTY]  
19:47:25 [STASH_COMPACT] §f                §7You have §31,656 §7materials stashed away!
19:47:25 [STASH_COMPACT] §f               §8(This totals 1 type of material stashed!)
19:47:25 [STASH_COMPACT] §f                §3§l>>> §3§lCLICK HERE§b to pick them up! §3§l<<<
19:47:25 [EMPTY]   
19:47:58 [EMPTY] 
19:48:25 [EMPTY]  
19:48:25 [STASH_COMPACT] §f                §7You have §31,656 §7materials stashed away!
19:48:25 [STASH_COMPACT] §f               §8(This totals 1 type of material stashed!)
19:48:25 [STASH_COMPACT] §f                §3§l>>> §3§lCLICK HERE§b to pick them up! §3§l<<<
19:48:25 [EMPTY]   
19:49:25 [EMPTY]  
19:49:25 [STASH_COMPACT] §f                §7You have §31,656 §7materials stashed away!
19:49:25 [STASH_COMPACT] §f               §8(This totals 1 type of material stashed!)
19:49:25 [STASH_COMPACT] §f                §3§l>>> §3§lCLICK HERE§b to pick them up! §3§l<<<
19:49:25 [EMPTY]   
19:50:25 [EMPTY]  
19:50:26 [STASH_COMPACT] §f                §7You have §31,656 §7materials stashed away!
19:50:26 [STASH_COMPACT] §f               §8(This totals 1 type of material stashed!)
19:50:26 [STASH_COMPACT] §f                §3§l>>> §3§lCLICK HERE§b to pick them up! §3§l<<<
19:50:26 [EMPTY]   
19:51:21 [GUILD_EXP] §aYou earned §r§2585 GEXP §r§afrom playing SkyBlock!
19:51:26 [EMPTY]  
19:51:26 [STASH_COMPACT] §f                §7You have §31,656 §7materials stashed away!
19:51:26 [STASH_COMPACT] §f               §8(This totals 1 type of material stashed!)
19:51:26 [STASH_COMPACT] §f                §3§l>>> §3§lCLICK HERE§b to pick them up! §3§l<<<
19:51:26 [EMPTY]   
19:51:32 [WARPING] §7Sending to server mini153DV...
19:51:32 [EMPTY] §8 §r§8 §r§1 §r§3 §r§3 §r§7 §r§8 
19:51:35 [PROFILE_JOIN] §aYou are playing on profile: §eBanana§b (Co-op)
19:51:35 [PROFILE_JOIN] §8Profile ID: b1a71305-1956-42bf-90e4-bce6f7285754
19:51:36 [EMPTY]  
19:51:36 [STASH_COMPACT] §f                §7You have §31,656 §7materials stashed away!
19:51:36 [STASH_COMPACT] §f               §8(This totals 1 type of material stashed!)
19:51:36 [STASH_COMPACT] §f                §3§l>>> §3§lCLICK HERE§b to pick them up! §3§l<<<
19:51:36 [EMPTY]   
19:51:48 [EMPTY]  
19:51:49 [STASH_COMPACT] §f                §7You have §31,656 §7materials stashed away!
19:51:49 [STASH_COMPACT] §f               §8(This totals 1 type of material stashed!)
19:51:49 [STASH_COMPACT] §f                §3§l>>> §3§lCLICK HERE§b to pick them up! §3§l<<<
19:51:49 [EMPTY]   
19:52:12 [WARPING] §7Warping...
19:52:50 [EMPTY]  
19:52:50 [STASH_COMPACT] §f                §7You have §31,656 §7materials stashed away!
19:52:50 [STASH_COMPACT] §f               §8(This totals 1 type of material stashed!)
19:52:50 [STASH_COMPACT] §f                §3§l>>> §3§lCLICK HERE§b to pick them up! §3§l<<<
19:52:50 [EMPTY]   
19:53:51 [EMPTY]  
19:53:51 [STASH_COMPACT] §f                §7You have §31,656 §7materials stashed away!
19:53:51 [STASH_COMPACT] §f               §8(This totals 1 type of material stashed!)
19:53:51 [STASH_COMPACT] §f                §3§l>>> §3§lCLICK HERE§b to pick them up! §3§l<<<
19:53:51 [EMPTY]   
19:54:52 [EMPTY]  
19:54:52 [STASH_COMPACT] §f                §7You have §31,656 §7materials stashed away!
19:54:52 [STASH_COMPACT] §f               §8(This totals 1 type of material stashed!)
19:54:52 [STASH_COMPACT] §f                §3§l>>> §3§lCLICK HERE§b to pick them up! §3§l<<<
19:54:52 [EMPTY]   
19:55:49 [GUILD_EXP] §aYou earned §r§2193 GEXP §r§afrom playing SkyBlock!
19:55:53 [EMPTY]  
19:55:53 [STASH_COMPACT] §f                §7You have §31,656 §7materials stashed away!
19:55:53 [STASH_COMPACT] §f               §8(This totals 1 type of material stashed!)
19:55:53 [STASH_COMPACT] §f                §3§l>>> §3§lCLICK HERE§b to pick them up! §3§l<<<
19:55:53 [EMPTY]   
19:56:54 [EMPTY]  
19:56:54 [STASH_COMPACT] §f                §7You have §31,656 §7materials stashed away!
19:56:54 [STASH_COMPACT] §f               §8(This totals 1 type of material stashed!)
19:56:54 [STASH_COMPACT] §f                §3§l>>> §3§lCLICK HERE§b to pick them up! §3§l<<<
19:56:54 [EMPTY]   
19:57:26 [EMPTY] 
19:57:55 [EMPTY]  
19:57:55 [STASH_COMPACT] §f                §7You have §31,656 §7materials stashed away!
19:57:55 [STASH_COMPACT] §f               §8(This totals 1 type of material stashed!)
19:57:55 [STASH_COMPACT] §f                §3§l>>> §3§lCLICK HERE§b to pick them up! §3§l<<<
19:57:55 [EMPTY]   
19:58:13 [WARPING] §7Warping...
19:58:55 [EMPTY]  
19:58:56 [STASH_COMPACT] §f                §7You have §31,656 §7materials stashed away!
19:58:56 [STASH_COMPACT] §f               §8(This totals 1 type of material stashed!)
19:58:56 [STASH_COMPACT] §f                §3§l>>> §3§lCLICK HERE§b to pick them up! §3§l<<<
19:58:56 [EMPTY]   
19:59:56 [EMPTY]  
19:59:56 [STASH_COMPACT] §f                §7You have §31,656 §7materials stashed away!
19:59:56 [STASH_COMPACT] §f               §8(This totals 1 type of material stashed!)
19:59:56 [STASH_COMPACT] §f                §3§l>>> §3§lCLICK HERE§b to pick them up! §3§l<<<
19:59:56 [EMPTY]   
20:00:43 [EMPTY] §f
20:00:43 [WATCHDOG] §4[WATCHDOG ANNOUNCEMENT]
20:00:43 [WATCHDOG] §fWatchdog has banned §r§c§l10,574§r§f players in the last 7 days.
20:00:43 [WATCHDOG] §fStaff have banned an additional §r§c§l11,298§r§f in the last 7 days.
20:00:43 [WATCHDOG] §cBlacklisted modifications are a bannable offense!
20:00:43 [WATCHDOG] §c
20:00:52 [GUILD_EXP] §aYou earned §r§2513 GEXP §r§afrom playing SkyBlock!
20:00:55 [EMPTY] 
20:00:55 [EMPTY] 
20:00:56 [EMPTY]  
20:00:56 [STASH_COMPACT] §f                §7You have §31,656 §7materials stashed away!
20:00:56 [STASH_COMPACT] §f               §8(This totals 1 type of material stashed!)
20:00:56 [STASH_COMPACT] §f                §3§l>>> §3§lCLICK HERE§b to pick them up! §3§l<<<
20:00:56 [EMPTY]   
20:01:52 [EMPTY] §f                                        
20:01:52 [EMPTY] §f                                        
20:01:57 [EMPTY]  
20:01:57 [STASH_COMPACT] §f                §7You have §31,656 §7materials stashed away!
20:01:57 [STASH_COMPACT] §f               §8(This totals 1 type of material stashed!)
20:01:57 [STASH_COMPACT] §f                §3§l>>> §3§lCLICK HERE§b to pick them up! §3§l<<<
20:01:57 [EMPTY]   
20:02:57 [EMPTY]  
20:02:57 [STASH_COMPACT] §f                §7You have §31,656 §7materials stashed away!
20:02:57 [STASH_COMPACT] §f               §8(This totals 1 type of material stashed!)
20:02:57 [STASH_COMPACT] §f                §3§l>>> §3§lCLICK HERE§b to pick them up! §3§l<<<
20:02:57 [EMPTY]   
20:03:57 [EMPTY]  
20:03:57 [STASH_COMPACT] §f                §7You have §31,656 §7materials stashed away!
20:03:57 [STASH_COMPACT] §f               §8(This totals 1 type of material stashed!)
20:03:57 [STASH_COMPACT] §f                §3§l>>> §3§lCLICK HERE§b to pick them up! §3§l<<<
20:03:57 [EMPTY]   
20:04:57 [EMPTY]  
20:04:57 [STASH_COMPACT] §f                §7You have §31,656 §7materials stashed away!
20:04:57 [STASH_COMPACT] §f               §8(This totals 1 type of material stashed!)
20:04:57 [STASH_COMPACT] §f                §3§l>>> §3§lCLICK HERE§b to pick them up! §3§l<<<
20:04:57 [EMPTY]   
20:05:53 [GUILD_EXP] §aYou earned §r§2125 GEXP §r§afrom playing SkyBlock!
20:05:58 [EMPTY]  
20:05:58 [STASH_COMPACT] §f                §7You have §31,656 §7materials stashed away!
20:05:58 [STASH_COMPACT] §f               §8(This totals 1 type of material stashed!)
20:05:58 [STASH_COMPACT] §f                §3§l>>> §3§lCLICK HERE§b to pick them up! §3§l<<<
20:05:58 [EMPTY]   
20:06:58 [EMPTY]  
20:06:58 [STASH_COMPACT] §f                §7You have §31,656 §7materials stashed away!
20:06:58 [STASH_COMPACT] §f               §8(This totals 1 type of material stashed!)
20:06:58 [STASH_COMPACT] §f                §3§l>>> §3§lCLICK HERE§b to pick them up! §3§l<<<
20:06:58 [EMPTY]   
20:07:58 [EMPTY]  
20:07:58 [STASH_COMPACT] §f                §7You have §31,656 §7materials stashed away!
20:07:58 [STASH_COMPACT] §f               §8(This totals 1 type of material stashed!)
20:07:58 [STASH_COMPACT] §f                §3§l>>> §3§lCLICK HERE§b to pick them up! §3§l<<<
20:07:58 [EMPTY]   
20:08:58 [EMPTY]  
20:08:58 [STASH_COMPACT] §f                §7You have §31,656 §7materials stashed away!
20:08:58 [STASH_COMPACT] §f               §8(This totals 1 type of material stashed!)
20:08:58 [STASH_COMPACT] §f                §3§l>>> §3§lCLICK HERE§b to pick them up! §3§l<<<
20:08:58 [EMPTY]   
20:09:58 [EMPTY]  
20:09:59 [STASH_COMPACT] §f                §7You have §31,656 §7materials stashed away!
20:09:59 [STASH_COMPACT] §f               §8(This totals 1 type of material stashed!)
20:09:59 [STASH_COMPACT] §f                §3§l>>> §3§lCLICK HERE§b to pick them up! §3§l<<<
20:09:59 [EMPTY]   
20:10:59 [EMPTY]  
20:10:59 [STASH_COMPACT] §f                §7You have §31,656 §7materials stashed away!
20:10:59 [STASH_COMPACT] §f               §8(This totals 1 type of material stashed!)
20:10:59 [STASH_COMPACT] §f                §3§l>>> §3§lCLICK HERE§b to pick them up! §3§l<<<
20:10:59 [EMPTY]   
20:11:59 [EMPTY]  
20:11:59 [STASH_COMPACT] §f                §7You have §31,656 §7materials stashed away!
20:11:59 [STASH_COMPACT] §f               §8(This totals 1 type of material stashed!)
20:11:59 [STASH_COMPACT] §f                §3§l>>> §3§lCLICK HERE§b to pick them up! §3§l<<<
20:11:59 [EMPTY]   
20:12:59 [EMPTY]  
20:12:59 [STASH_COMPACT] §f                §7You have §31,656 §7materials stashed away!
20:12:59 [STASH_COMPACT] §f               §8(This totals 1 type of material stashed!)
20:12:59 [STASH_COMPACT] §f                §3§l>>> §3§lCLICK HERE§b to pick them up! §3§l<<<
20:12:59 [EMPTY]   
20:13:59 [EMPTY]  
20:13:59 [STASH_COMPACT] §f                §7You have §31,656 §7materials stashed away!
20:13:59 [STASH_COMPACT] §f               §8(This totals 1 type of material stashed!)
20:13:59 [STASH_COMPACT] §f                §3§l>>> §3§lCLICK HERE§b to pick them up! §3§l<<<
20:13:59 [EMPTY]   
20:14:59 [EMPTY]  
20:14:59 [STASH_COMPACT] §f                §7You have §31,656 §7materials stashed away!
20:14:59 [STASH_COMPACT] §f               §8(This totals 1 type of material stashed!)
20:14:59 [STASH_COMPACT] §f                §3§l>>> §3§lCLICK HERE§b to pick them up! §3§l<<<
20:14:59 [EMPTY]   
20:15:59 [EMPTY]  
20:15:59 [STASH_COMPACT] §f                §7You have §31,656 §7materials stashed away!
20:15:59 [STASH_COMPACT] §f               §8(This totals 1 type of material stashed!)
20:15:59 [STASH_COMPACT] §f                §3§l>>> §3§lCLICK HERE§b to pick them up! §3§l<<<
20:15:59 [EMPTY]   
20:16:59 [EMPTY]  
20:17:00 [STASH_COMPACT] §f                §7You have §31,656 §7materials stashed away!
20:17:00 [STASH_COMPACT] §f               §8(This totals 1 type of material stashed!)
20:17:00 [STASH_COMPACT] §f                §3§l>>> §3§lCLICK HERE§b to pick them up! §3§l<<<
20:17:00 [EMPTY]   
20:18:00 [EMPTY]  
20:18:00 [STASH_COMPACT] §f                §7You have §31,656 §7materials stashed away!
20:18:00 [STASH_COMPACT] §f               §8(This totals 1 type of material stashed!)
20:18:00 [STASH_COMPACT] §f                §3§l>>> §3§lCLICK HERE§b to pick them up! §3§l<<<
20:18:00 [EMPTY]   
20:19:00 [EMPTY]  
20:19:00 [STASH_COMPACT] §f                §7You have §31,656 §7materials stashed away!
20:19:00 [STASH_COMPACT] §f               §8(This totals 1 type of material stashed!)
20:19:00 [STASH_COMPACT] §f                §3§l>>> §3§lCLICK HERE§b to pick them up! §3§l<<<
20:19:00 [EMPTY]   
20:20:00 [EMPTY]  
20:20:00 [STASH_COMPACT] §f                §7You have §31,656 §7materials stashed away!
20:20:00 [STASH_COMPACT] §f               §8(This totals 1 type of material stashed!)
20:20:00 [STASH_COMPACT] §f                §3§l>>> §3§lCLICK HERE§b to pick them up! §3§l<<<
20:20:00 [EMPTY]   
20:21:00 [EMPTY]  
20:21:00 [STASH_COMPACT] §f                §7You have §31,656 §7materials stashed away!
20:21:00 [STASH_COMPACT] §f               §8(This totals 1 type of material stashed!)
20:21:00 [STASH_COMPACT] §f                §3§l>>> §3§lCLICK HERE§b to pick them up! §3§l<<<
20:21:00 [EMPTY]   
20:21:56 [EMPTY] §f                                        
20:22:00 [EMPTY]  
20:22:00 [STASH_COMPACT] §f                §7You have §31,656 §7materials stashed away!
20:22:00 [STASH_COMPACT] §f               §8(This totals 1 type of material stashed!)
20:22:00 [STASH_COMPACT] §f                §3§l>>> §3§lCLICK HERE§b to pick them up! §3§l<<<
20:22:00 [EMPTY]   
20:23:00 [EMPTY]  
20:23:00 [STASH_COMPACT] §f                §7You have §31,656 §7materials stashed away!
20:23:00 [STASH_COMPACT] §f               §8(This totals 1 type of material stashed!)
20:23:00 [STASH_COMPACT] §f                §3§l>>> §3§lCLICK HERE§b to pick them up! §3§l<<<
20:23:00 [EMPTY]   
20:24:00 [EMPTY]  
20:24:01 [STASH_COMPACT] §f                §7You have §31,656 §7materials stashed away!
20:24:01 [STASH_COMPACT] §f               §8(This totals 1 type of material stashed!)
20:24:01 [STASH_COMPACT] §f                §3§l>>> §3§lCLICK HERE§b to pick them up! §3§l<<<
20:24:01 [EMPTY]   
20:25:01 [EMPTY]  
20:25:01 [STASH_COMPACT] §f                §7You have §31,656 §7materials stashed away!
20:25:01 [STASH_COMPACT] §f               §8(This totals 1 type of material stashed!)
20:25:01 [STASH_COMPACT] §f                §3§l>>> §3§lCLICK HERE§b to pick them up! §3§l<<<
20:25:01 [EMPTY]   
20:26:01 [EMPTY]  
20:26:01 [STASH_COMPACT] §f                §7You have §31,656 §7materials stashed away!
20:26:01 [STASH_COMPACT] §f               §8(This totals 1 type of material stashed!)
20:26:01 [STASH_COMPACT] §f                §3§l>>> §3§lCLICK HERE§b to pick them up! §3§l<<<
20:26:01 [EMPTY]   
20:27:01 [EMPTY]  
20:27:01 [STASH_COMPACT] §f                §7You have §31,656 §7materials stashed away!
20:27:01 [STASH_COMPACT] §f               §8(This totals 1 type of material stashed!)
20:27:01 [STASH_COMPACT] §f                §3§l>>> §3§lCLICK HERE§b to pick them up! §3§l<<<
20:27:01 [EMPTY]   
20:28:01 [EMPTY]  
20:28:01 [STASH_COMPACT] §f                §7You have §31,656 §7materials stashed away!
20:28:01 [STASH_COMPACT] §f               §8(This totals 1 type of material stashed!)
20:28:01 [STASH_COMPACT] §f                §3§l>>> §3§lCLICK HERE§b to pick them up! §3§l<<<
20:28:01 [EMPTY]   
20:29:01 [EMPTY]  
20:29:01 [STASH_COMPACT] §f                §7You have §31,656 §7materials stashed away!
20:29:01 [STASH_COMPACT] §f               §8(This totals 1 type of material stashed!)
20:29:01 [STASH_COMPACT] §f                §3§l>>> §3§lCLICK HERE§b to pick them up! §3§l<<<
20:29:01 [EMPTY]   
20:30:01 [EMPTY]  
20:30:01 [STASH_COMPACT] §f                §7You have §31,656 §7materials stashed away!
20:30:01 [STASH_COMPACT] §f               §8(This totals 1 type of material stashed!)
20:30:01 [STASH_COMPACT] §f                §3§l>>> §3§lCLICK HERE§b to pick them up! §3§l<<<
20:30:01 [EMPTY]   
20:31:01 [EMPTY]  
20:31:01 [STASH_COMPACT] §f                §7You have §31,656 §7materials stashed away!
20:31:01 [STASH_COMPACT] §f               §8(This totals 1 type of material stashed!)
20:31:01 [STASH_COMPACT] §f                §3§l>>> §3§lCLICK HERE§b to pick them up! §3§l<<<
20:31:01 [EMPTY]   
20:32:02 [EMPTY]  
20:32:02 [STASH_COMPACT] §f                §7You have §31,656 §7materials stashed away!
20:32:02 [STASH_COMPACT] §f               §8(This totals 1 type of material stashed!)
20:32:02 [STASH_COMPACT] §f                §3§l>>> §3§lCLICK HERE§b to pick them up! §3§l<<<
20:32:02 [EMPTY]   
20:33:02 [EMPTY]  
20:33:02 [STASH_COMPACT] §f                §7You have §31,656 §7materials stashed away!
20:33:02 [STASH_COMPACT] §f               §8(This totals 1 type of material stashed!)
20:33:02 [STASH_COMPACT] §f                §3§l>>> §3§lCLICK HERE§b to pick them up! §3§l<<<
20:33:02 [EMPTY]   
20:34:02 [EMPTY]  
20:34:02 [STASH_COMPACT] §f                §7You have §31,656 §7materials stashed away!
20:34:02 [STASH_COMPACT] §f               §8(This totals 1 type of material stashed!)
20:34:02 [STASH_COMPACT] §f                §3§l>>> §3§lCLICK HERE§b to pick them up! §3§l<<<
20:34:02 [EMPTY]   
20:35:02 [EMPTY]  
20:35:02 [STASH_COMPACT] §f                §7You have §31,656 §7materials stashed away!
20:35:02 [STASH_COMPACT] §f               §8(This totals 1 type of material stashed!)
20:35:02 [STASH_COMPACT] §f                §3§l>>> §3§lCLICK HERE§b to pick them up! §3§l<<<
20:35:02 [EMPTY]   
20:36:02 [EMPTY]  
20:36:02 [STASH_COMPACT] §f                §7You have §31,656 §7materials stashed away!
20:36:02 [STASH_COMPACT] §f               §8(This totals 1 type of material stashed!)
20:36:02 [STASH_COMPACT] §f                §3§l>>> §3§lCLICK HERE§b to pick them up! §3§l<<<
20:36:02 [EMPTY]   
20:36:58 [EMPTY] 
20:37:02 [EMPTY]  
20:37:02 [STASH_COMPACT] §f                §7You have §31,656 §7materials stashed away!
20:37:02 [STASH_COMPACT] §f               §8(This totals 1 type of material stashed!)
20:37:02 [STASH_COMPACT] §f                §3§l>>> §3§lCLICK HERE§b to pick them up! §3§l<<<
20:37:02 [EMPTY]   
20:38:03 [EMPTY]  
20:38:03 [STASH_COMPACT] §f                §7You have §31,656 §7materials stashed away!
20:38:03 [STASH_COMPACT] §f               §8(This totals 1 type of material stashed!)
20:38:03 [STASH_COMPACT] §f                §3§l>>> §3§lCLICK HERE§b to pick them up! §3§l<<<
20:38:03 [EMPTY]   
20:39:03 [EMPTY]  
20:39:03 [STASH_COMPACT] §f                §7You have §31,656 §7materials stashed away!
20:39:03 [STASH_COMPACT] §f               §8(This totals 1 type of material stashed!)
20:39:03 [STASH_COMPACT] §f                §3§l>>> §3§lCLICK HERE§b to pick them up! §3§l<<<
20:39:03 [EMPTY]   
20:40:03 [EMPTY]  
20:40:03 [STASH_COMPACT] §f                §7You have §31,656 §7materials stashed away!
20:40:03 [STASH_COMPACT] §f               §8(This totals 1 type of material stashed!)
20:40:03 [STASH_COMPACT] §f                §3§l>>> §3§lCLICK HERE§b to pick them up! §3§l<<<
20:40:03 [EMPTY]   
