22:30:53 §f §r§r§r§f §r§r§r§1 §r§r§r§0 §r§r§r§2 §r§r§r§f §r§r§r§f §r§r§r§2 §r§r§r§0 §r§r§r§4 §r§r§r§3 §r§r§r§9 §r§r§r§2 §r§r§r§0 §r§r§r§0 §r§r§r§3 §r§r§r§9 §r§r§r§2 §r§r§r§0 §r§r§r§0 §r§r§r§3 §r§r§r§9 §r§r§r§2 §r§r§r§0 §r§r§r§0 
22:48:32 §f §r§r§r§f §r§r§r§1 §r§r§r§0 §r§r§r§2 §r§r§r§f §r§r§r§f §r§r§r§2 §r§r§r§0 §r§r§r§4 §r§r§r§3 §r§r§r§9 §r§r§r§2 §r§r§r§0 §r§r§r§0 §r§r§r§3 §r§r§r§9 §r§r§r§2 §r§r§r§0 §r§r§r§0 §r§r§r§3 §r§r§r§9 §r§r§r§2 §r§r§r§0 §r§r§r§0 
22:53:29 §8 §r§8 §r§1 §r§3 §r§3 §r§7 §r§8 
22:53:33 
22:53:33 
22:58:13 §8 §r§8 §r§1 §r§3 §r§3 §r§7 §r§8 
23:08:08 
23:08:08 
23:08:08 
23:08:08 
23:08:19 
23:08:19 
23:08:24 §8 §r§8 §r§1 §r§3 §r§3 §r§7 §r§8 
23:09:11 §8 §r§8 §r§1 §r§3 §r§3 §r§7 §r§8 
23:09:23 §8 §r§8 §r§1 §r§3 §r§3 §r§7 §r§8 
23:09:35 §8 §r§8 §r§1 §r§3 §r§3 §r§7 §r§8 
23:09:39 §8 §r§8 §r§1 §r§3 §r§3 §r§7 §r§8 
23:10:02 §8 §r§8 §r§1 §r§3 §r§3 §r§7 §r§8 
23:12:59 
23:12:59 
23:12:59 
23:13:07 
23:13:07 
23:13:07 
23:13:16 
23:13:16 
23:13:16 
23:19:34 
23:19:34 
23:19:34 
23:19:34 
23:19:45 
23:19:45 
23:19:51 
23:19:51 
23:19:57 §8 §r§8 §r§1 §r§3 §r§3 §r§7 §r§8 
23:20:11 §8 §r§8 §r§1 §r§3 §r§3 §r§7 §r§8 
23:29:53 §f §r§r§r§f §r§r§r§1 §r§r§r§0 §r§r§r§2 §r§r§r§f §r§r§r§f §r§r§r§2 §r§r§r§0 §r§r§r§4 §r§r§r§3 §r§r§r§9 §r§r§r§2 §r§r§r§0 §r§r§r§0 §r§r§r§3 §r§r§r§9 §r§r§r§2 §r§r§r§0 §r§r§r§0 §r§r§r§3 §r§r§r§9 §r§r§r§2 §r§r§r§0 §r§r§r§0 
23:29:59 §f §r§r§r§f §r§r§r§1 §r§r§r§0 §r§r§r§2 §r§r§r§f §r§r§r§f §r§r§r§2 §r§r§r§0 §r§r§r§4 §r§r§r§3 §r§r§r§9 §r§r§r§2 §r§r§r§0 §r§r§r§0 §r§r§r§3 §r§r§r§9 §r§r§r§2 §r§r§r§0 §r§r§r§0 §r§r§r§3 §r§r§r§9 §r§r§r§2 §r§r§r§0 §r§r§r§0 
23:30:05 §8 §r§8 §r§1 §r§3 §r§3 §r§7 §r§8 
23:30:07 
23:30:07 
23:30:13 §8 §r§8 §r§1 §r§3 §r§3 §r§7 §r§8 
23:30:17 §8 §r§8 §r§1 §r§3 §r§3 §r§7 §r§8 
23:30:46 
23:30:46 
23:33:53 §8 §r§8 §r§1 §r§3 §r§3 §r§7 §r§8 
23:36:07 §8 §r§8 §r§1 §r§3 §r§3 §r§7 §r§8 
23:37:10 §8 §r§8 §r§1 §r§3 §r§3 §r§7 §r§8 
23:52:06 
23:52:06 
23:55:28 §8 §r§8 §r§1 §r§3 §r§3 §r§7 §r§8 
00:00:07 §f
00:04:30 §8 §r§8 §r§1 §r§3 §r§3 §r§7 §r§8 
00:06:11 §8 §r§8 §r§1 §r§3 §r§3 §r§7 §r§8 
00:06:46 §8 §r§8 §r§1 §r§3 §r§3 §r§7 §r§8 
00:09:12 §8 §r§8 §r§1 §r§3 §r§3 §r§7 §r§8 
00:11:50 §8 §r§8 §r§1 §r§3 §r§3 §r§7 §r§8 
00:12:23 §8 §r§8 §r§1 §r§3 §r§3 §r§7 §r§8 
00:12:27 §8 §r§8 §r§1 §r§3 §r§3 §r§7 §r§8 
00:18:26 §8 §r§8 §r§1 §r§3 §r§3 §r§7 §r§8 
00:24:33 §8 §r§8 §r§1 §r§3 §r§3 §r§7 §r§8 
00:47:35 §8 §r§8 §r§1 §r§3 §r§3 §r§7 §r§8 
00:52:01  
00:52:01  
00:52:01  
01:00:16 
01:00:16 
01:22:57 §f §r§r§r§f §r§r§r§1 §r§r§r§0 §r§r§r§2 §r§r§r§f §r§r§r§f §r§r§r§2 §r§r§r§0 §r§r§r§4 §r§r§r§3 §r§r§r§9 §r§r§r§2 §r§r§r§0 §r§r§r§0 §r§r§r§3 §r§r§r§9 §r§r§r§2 §r§r§r§0 §r§r§r§0 §r§r§r§3 §r§r§r§9 §r§r§r§2 §r§r§r§0 §r§r§r§0 
01:23:08 §8 §r§8 §r§1 §r§3 §r§3 §r§7 §r§8 
01:23:10 
01:23:10 
01:23:38 §f §r§r§r§f §r§r§r§1 §r§r§r§0 §r§r§r§2 §r§r§r§f §r§r§r§f §r§r§r§2 §r§r§r§0 §r§r§r§4 §r§r§r§3 §r§r§r§9 §r§r§r§2 §r§r§r§0 §r§r§r§0 §r§r§r§3 §r§r§r§9 §r§r§r§2 §r§r§r§0 §r§r§r§0 §r§r§r§3 §r§r§r§9 §r§r§r§2 §r§r§r§0 §r§r§r§0 
01:23:49 §e
01:23:49 §e
01:23:49 §8 §r§8 §r§1 §r§3 §r§3 §r§7 §r§8 
01:24:45 §e
01:24:45 §e
01:24:45 §8 §r§8 §r§1 §r§3 §r§3 §r§7 §r§8 
01:27:37 §e
01:27:37 §e
01:27:37 §8 §r§8 §r§1 §r§3 §r§3 §r§7 §r§8 
01:27:44 §f §r§r§r§f §r§r§r§1 §r§r§r§0 §r§r§r§2 §r§r§r§f §r§r§r§f §r§r§r§2 §r§r§r§0 §r§r§r§4 §r§r§r§3 §r§r§r§9 §r§r§r§2 §r§r§r§0 §r§r§r§0 §r§r§r§3 §r§r§r§9 §r§r§r§2 §r§r§r§0 §r§r§r§0 §r§r§r§3 §r§r§r§9 §r§r§r§2 §r§r§r§0 §r§r§r§0 
01:30:54 §8 §r§8 §r§1 §r§3 §r§3 §r§7 §r§8 
01:30:56 
01:30:56 
01:31:47 §8 §r§8 §r§1 §r§3 §r§3 §r§7 §r§8 
01:48:25 
01:51:03 §8 §r§8 §r§1 §r§3 §r§3 §r§7 §r§8 
