00:12:44     §r§f✎ Rough Sapphire Gemstone §r§8x40
00:12:52     §r§f✎ Rough Sapphire Gemstone §r§8x72
00:12:52     §r§f❤ Rough Ruby Gemstone §r§8x8
00:12:56     §r§f✎ Rough Sapphire Gemstone §r§8x40
00:13:01     §r§f✎ Rough Sapphire Gemstone §r§8x24
00:13:10     §r§f✎ Rough Sapphire Gemstone §r§8x32
00:13:15     §r§a✎ Flawed Sapphire Gemstone
00:13:15     §r§a❤ Flawed Ruby Gemstone
00:13:22     §r§f✎ Rough Sapphire Gemstone §r§8x40
00:13:26     §r§f✎ Rough Sapphire Gemstone §r§8x40
00:13:35     §r§f✎ Rough Sapphire Gemstone §r§8x24
00:13:40     §r§f✎ Rough Sapphire Gemstone §r§8x64
00:13:46     §r§f✎ Rough Sapphire Gemstone §r§8x56
00:14:04     §r§f✎ Rough Sapphire Gemstone §r§8x72
00:14:04     §r§f❤ Rough Ruby Gemstone §r§8x8
00:14:15     §r§f✎ Rough Sapphire Gemstone §r§8x8
00:14:19     §r§f✎ Rough Sapphire Gemstone §r§8x24
00:14:40     §r§f✎ Rough Sapphire Gemstone §r§8x16
00:14:43     §r§f✎ Rough Sapphire Gemstone §r§8x24
00:14:43     §r§f✎ Rough Sapphire Gemstone §r§8x48
00:14:45     §r§f✎ Rough Sapphire Gemstone §r§8x48
00:14:46     §r§f✎ Rough Sapphire Gemstone §r§8x64
00:14:59     §r§f✎ Rough Sapphire Gemstone §r§8x48
00:15:06     §r§f✎ Rough Sapphire Gemstone §r§8x72
00:15:11     §r§f✎ Rough Sapphire Gemstone §r§8x24
00:15:14     §r§f✎ Rough Sapphire Gemstone §r§8x16
00:15:14     §r§f❤ Rough Ruby Gemstone §r§8x24
00:15:21     §r§f✎ Rough Sapphire Gemstone §r§8x8
00:15:21     §r§f❤ Rough Ruby Gemstone §r§8x8
00:15:24     §r§f✎ Rough Sapphire Gemstone §r§8x72
00:15:24     §r§a✎ Flawed Sapphire Gemstone §r§8x2
00:15:33     §r§f✎ Rough Sapphire Gemstone §r§8x40
00:15:35     §r§f✎ Rough Sapphire Gemstone §r§8x56
00:15:39     §r§f✎ Rough Sapphire Gemstone §r§8x48
00:15:42     §r§f✎ Rough Sapphire Gemstone §r§8x48
00:15:43     §r§f✎ Rough Sapphire Gemstone §r§8x8
00:15:43     §r§f✎ Rough Sapphire Gemstone §r§8x104
00:15:44     §r§f✎ Rough Sapphire Gemstone §r§8x40
00:15:44     §r§a✎ Flawed Sapphire Gemstone §r§8x2
00:15:47     §r§f✎ Rough Sapphire Gemstone §r§8x48
00:15:51     §r§f✎ Rough Sapphire Gemstone §r§8x8
00:15:52     §r§f✎ Rough Sapphire Gemstone §r§8x24
00:15:57     §r§f✎ Rough Sapphire Gemstone §r§8x32
00:16:08     §r§f✎ Rough Sapphire Gemstone §r§8x80
00:16:33     §r§f✎ Rough Sapphire Gemstone §r§8x16
00:16:34     §r§f❤ Rough Ruby Gemstone §r§8x16
00:16:40     §r§f✎ Rough Sapphire Gemstone §r§8x32
00:16:42     §r§f✎ Rough Sapphire Gemstone §r§8x24
00:16:42     §r§f✎ Rough Sapphire Gemstone §r§8x40
00:16:43     §r§f✎ Rough Sapphire Gemstone §r§8x16
00:16:53     §r§f✎ Rough Sapphire Gemstone §r§8x80
00:17:07     §r§f✎ Rough Sapphire Gemstone §r§8x80
00:17:09     §r§f✎ Rough Sapphire Gemstone §r§8x56
00:17:40     §r§f✎ Rough Sapphire Gemstone §r§8x48
00:17:55     §r§f✎ Rough Sapphire Gemstone §r§8x48
00:17:55     §r§a✎ Flawed Sapphire Gemstone §r§8x7
00:17:55     §r§f✎ Rough Sapphire Gemstone §r§8x40
00:17:56     §r§f✎ Rough Sapphire Gemstone §r§8x16
00:17:57     §r§f✎ Rough Sapphire Gemstone §r§8x16
00:17:57     §r§f❤ Rough Ruby Gemstone §r§8x24
00:17:58     §r§f✎ Rough Sapphire Gemstone §r§8x32
00:17:58     §r§f✎ Rough Sapphire Gemstone §r§8x16
00:18:01     §r§f✎ Rough Sapphire Gemstone §r§8x16
00:18:21     §r§f✎ Rough Sapphire Gemstone §r§8x16
00:18:29     §r§f✎ Rough Sapphire Gemstone §r§8x24
00:18:30     §r§f✎ Rough Sapphire Gemstone §r§8x24
00:18:31     §r§f✎ Rough Sapphire Gemstone §r§8x40
00:18:37     §r§f✎ Rough Sapphire Gemstone §r§8x8
00:18:37     §r§f❤ Rough Ruby Gemstone §r§8x40
00:18:37     §r§a✎ Flawed Sapphire Gemstone
00:18:42     §r§f✎ Rough Sapphire Gemstone §r§8x48
00:18:48     §r§f✎ Rough Sapphire Gemstone §r§8x40
00:18:53     §r§f✎ Rough Sapphire Gemstone §r§8x72
00:19:03     §r§f✎ Rough Sapphire Gemstone §r§8x16
00:19:48     §r§f✎ Rough Sapphire Gemstone §r§8x40
00:19:48     §r§f❤ Rough Ruby Gemstone §r§8x32
00:20:06     §r§f✎ Rough Sapphire Gemstone §r§8x32
00:20:23     §r§f✎ Rough Sapphire Gemstone §r§8x16
00:20:23     §r§f✎ Rough Sapphire Gemstone §r§8x48
00:20:48     §r§f✎ Rough Sapphire Gemstone §r§8x40
00:20:48     §r§a✎ Flawed Sapphire Gemstone
00:20:48     §r§f❤ Rough Ruby Gemstone §r§8x24
00:20:54     §r§f✎ Rough Sapphire Gemstone §r§8x32
00:20:55     §r§f✎ Rough Sapphire Gemstone §r§8x72
00:20:56     §r§f✎ Rough Sapphire Gemstone §r§8x56
00:20:56     §r§f❤ Rough Ruby Gemstone §r§8x16
00:21:12     §r§f✎ Rough Sapphire Gemstone §r§8x24
00:21:17     §r§f✎ Rough Sapphire Gemstone §r§8x8
00:21:26     §r§f✎ Rough Sapphire Gemstone §r§8x40
00:21:26     §r§f❤ Rough Ruby Gemstone §r§8x24
00:21:30     §r§f✎ Rough Sapphire Gemstone §r§8x16
00:21:34     §r§f✎ Rough Sapphire Gemstone §r§8x24
00:21:34     §r§a✎ Flawed Sapphire Gemstone
00:21:39     §r§f✎ Rough Sapphire Gemstone §r§8x24
00:21:43     §r§f✎ Rough Sapphire Gemstone §r§8x16
00:21:59     §r§f✎ Rough Sapphire Gemstone §r§8x24
00:22:19     §r§f✎ Rough Sapphire Gemstone §r§8x24
00:22:20     §r§f✎ Rough Sapphire Gemstone §r§8x16
00:22:20     §r§f❤ Rough Ruby Gemstone §r§8x16
00:22:24     §r§f✎ Rough Sapphire Gemstone §r§8x40
00:22:33     §r§f✎ Rough Sapphire Gemstone §r§8x96
00:22:37     §r§f✎ Rough Sapphire Gemstone §r§8x40
00:22:49     §r§a✎ Flawed Sapphire Gemstone
00:22:49     §r§f✎ Rough Sapphire Gemstone §r§8x72
00:22:49     §r§f❤ Rough Ruby Gemstone §r§8x40
00:22:52     §r§f✎ Rough Sapphire Gemstone §r§8x40
00:22:56     §r§f✎ Rough Sapphire Gemstone §r§8x48
00:22:56     §r§f❤ Rough Ruby Gemstone §r§8x16
00:23:08     §r§f✎ Rough Sapphire Gemstone §r§8x48
00:23:15     §r§f✎ Rough Sapphire Gemstone §r§8x8
00:23:15     §r§f❤ Rough Ruby Gemstone §r§8x24
00:23:30     §r§f✎ Rough Sapphire Gemstone §r§8x80
00:23:30     §r§a✎ Flawed Sapphire Gemstone
00:23:59     §r§f✎ Rough Sapphire Gemstone §r§8x8
00:24:28     §r§f✎ Rough Sapphire Gemstone §r§8x40
00:24:38     §r§f✎ Rough Sapphire Gemstone §r§8x16
00:24:48     §r§f✎ Rough Sapphire Gemstone §r§8x8
00:24:48     §r§f✎ Rough Sapphire Gemstone §r§8x24
00:24:50     §r§f✎ Rough Sapphire Gemstone §r§8x8
00:24:50     §r§a✎ Flawed Sapphire Gemstone §r§8x2
00:24:51     §r§f✎ Rough Sapphire Gemstone §r§8x16
00:25:06     §r§f✎ Rough Sapphire Gemstone §r§8x32
00:25:10     §r§f✎ Rough Sapphire Gemstone §r§8x48
00:25:21     §r§f✎ Rough Sapphire Gemstone §r§8x40
00:25:32     §r§f✎ Rough Sapphire Gemstone §r§8x40
00:25:32     §r§a✎ Flawed Sapphire Gemstone §r§8x9
00:27:11     §r§f✎ Rough Sapphire Gemstone §r§8x8
00:27:11     §r§a✎ Flawed Sapphire Gemstone
00:27:11     §r§a❤ Flawed Ruby Gemstone
00:27:19     §r§f✎ Rough Sapphire Gemstone §r§8x40
00:27:19     §r§f✎ Rough Sapphire Gemstone §r§8x48
00:27:25     §r§f✎ Rough Sapphire Gemstone §r§8x8
00:27:59     §r§f✎ Rough Sapphire Gemstone §r§8x32
00:28:12     §r§f✎ Rough Sapphire Gemstone §r§8x16
00:28:12     §r§f✎ Rough Sapphire Gemstone §r§8x48
00:28:14     §r§f✎ Rough Sapphire Gemstone §r§8x56
00:28:18     §r§f✎ Rough Sapphire Gemstone §r§8x40
00:28:18     §r§f❤ Rough Ruby Gemstone §r§8x24
00:28:33     §r§f✎ Rough Sapphire Gemstone §r§8x64
00:28:36     §r§f✎ Rough Sapphire Gemstone §r§8x24
00:28:36     §r§f✎ Rough Sapphire Gemstone §r§8x40
00:28:36     §r§f✎ Rough Sapphire Gemstone §r§8x16
00:28:40     §r§f✎ Rough Sapphire Gemstone §r§8x24
00:28:40     §r§f❤ Rough Ruby Gemstone §r§8x40
00:28:40     §r§a✎ Flawed Sapphire Gemstone §r§8x2
00:28:43     §r§f✎ Rough Sapphire Gemstone §r§8x16
00:28:48     §r§f✎ Rough Sapphire Gemstone §r§8x48
00:28:52     §r§f✎ Rough Sapphire Gemstone §r§8x8
00:29:12     §r§f✎ Rough Sapphire Gemstone §r§8x88
00:29:16     §r§a✎ Flawed Sapphire Gemstone
00:29:21     §r§f✎ Rough Sapphire Gemstone §r§8x40
00:29:29     §r§f✎ Rough Sapphire Gemstone §r§8x32
00:29:29     §r§f✎ Rough Sapphire Gemstone §r§8x56
00:29:37     §r§f✎ Rough Sapphire Gemstone §r§8x24
00:29:38     §r§f✎ Rough Sapphire Gemstone §r§8x24
00:29:38     §r§a❤ Flawed Ruby Gemstone
00:29:49     §r§a✎ Flawed Sapphire Gemstone
00:30:25     §r§f✎ Rough Sapphire Gemstone §r§8x16
00:30:25     §r§a✎ Flawed Sapphire Gemstone §r§8x7
00:30:26     §r§f✎ Rough Sapphire Gemstone §r§8x8
00:30:27     §r§f✎ Rough Sapphire Gemstone §r§8x88
00:30:28     §r§f✎ Rough Sapphire Gemstone §r§8x16
00:30:28     §r§f✎ Rough Sapphire Gemstone §r§8x24
00:30:28     §r§f❤ Rough Ruby Gemstone §r§8x40
00:30:29     §r§f✎ Rough Sapphire Gemstone §r§8x64
00:30:29     §r§f✎ Rough Sapphire Gemstone §r§8x56
00:30:30     §r§f✎ Rough Sapphire Gemstone §r§8x112
00:30:37     §r§f✎ Rough Sapphire Gemstone §r§8x16
00:30:56     §r§f✎ Rough Sapphire Gemstone §r§8x24
00:31:40     §r§f✎ Rough Sapphire Gemstone §r§8x40
00:31:40     §r§f✎ Rough Sapphire Gemstone §r§8x80
00:31:45     §r§a✎ Flawed Sapphire Gemstone §r§8x4
00:31:51     §r§f✎ Rough Sapphire Gemstone §r§8x16
00:31:56     §r§f✎ Rough Sapphire Gemstone §r§8x48
00:31:59     §r§f✎ Rough Sapphire Gemstone §r§8x48
00:32:00     §r§f✎ Rough Sapphire Gemstone §r§8x24
00:32:24     §r§f✎ Rough Sapphire Gemstone §r§8x16
00:32:24     §r§f❤ Rough Ruby Gemstone §r§8x40
00:32:31     §r§f✎ Rough Sapphire Gemstone §r§8x8
00:32:31     §r§f❤ Rough Ruby Gemstone §r§8x24
00:32:38     §r§f✎ Rough Sapphire Gemstone §r§8x40
00:32:50     §r§f✎ Rough Sapphire Gemstone §r§8x56
00:32:50     §r§f❤ Rough Ruby Gemstone §r§8x32
00:33:03     §r§f✎ Rough Sapphire Gemstone §r§8x16
00:33:08     §r§f✎ Rough Sapphire Gemstone §r§8x16
00:33:09     §r§f✎ Rough Sapphire Gemstone §r§8x16
00:34:37     §r§f✎ Rough Sapphire Gemstone §r§8x24
00:34:38     §r§f✎ Rough Sapphire Gemstone §r§8x64
00:34:44     §r§f✎ Rough Sapphire Gemstone §r§8x40
00:34:46     §r§f✎ Rough Sapphire Gemstone §r§8x8
00:35:15     §r§f✎ Rough Sapphire Gemstone §r§8x16
00:35:20     §r§f✎ Rough Sapphire Gemstone §r§8x24
00:35:27     §r§f✎ Rough Sapphire Gemstone §r§8x48
00:35:28     §r§f✎ Rough Sapphire Gemstone §r§8x8
00:35:28     §r§a✎ Flawed Sapphire Gemstone §r§8x4
00:35:33     §r§f✎ Rough Sapphire Gemstone §r§8x64
00:35:33     §r§f✎ Rough Sapphire Gemstone §r§8x64
00:35:33     §r§f✎ Rough Sapphire Gemstone §r§8x8
00:35:37     §r§f✎ Rough Sapphire Gemstone §r§8x48
00:35:37     §r§f❤ Rough Ruby Gemstone §r§8x8
00:35:37     §r§f✎ Rough Sapphire Gemstone §r§8x32
00:35:38     §r§f✎ Rough Sapphire Gemstone §r§8x16
00:35:38     §r§a✎ Flawed Sapphire Gemstone §r§8x3
00:35:45     §r§f✎ Rough Sapphire Gemstone §r§8x32
00:35:48     §r§f✎ Rough Sapphire Gemstone §r§8x8
00:35:52     §r§f✎ Rough Sapphire Gemstone §r§8x16
00:36:03     §r§f✎ Rough Sapphire Gemstone §r§8x40
00:36:03     §r§a✎ Flawed Sapphire Gemstone
00:36:08     §r§f✎ Rough Sapphire Gemstone §r§8x16
00:36:11     §r§f✎ Rough Sapphire Gemstone §r§8x8
00:36:14     §r§f❤ Rough Ruby Gemstone §r§8x40
00:36:27     §r§f✎ Rough Sapphire Gemstone §r§8x40
00:36:41     §r§f✎ Rough Sapphire Gemstone §r§8x24
00:36:41     §r§a✎ Flawed Sapphire Gemstone §r§8x2
00:36:48     §r§f✎ Rough Sapphire Gemstone §r§8x56
00:36:55     §r§f✎ Rough Sapphire Gemstone §r§8x8
00:36:55     §r§a✎ Flawed Sapphire Gemstone §r§8x2
00:37:07     §r§f✎ Rough Sapphire Gemstone §r§8x48
00:37:07     §r§f❤ Rough Ruby Gemstone §r§8x16
00:37:16     §r§f✎ Rough Sapphire Gemstone §r§8x24
00:37:18     §r§f✎ Rough Sapphire Gemstone §r§8x56
00:37:19     §r§f✎ Rough Sapphire Gemstone §r§8x72
00:37:20     §r§f✎ Rough Sapphire Gemstone §r§8x88
00:37:20     §r§f❤ Rough Ruby Gemstone §r§8x40
00:37:23     §r§f✎ Rough Sapphire Gemstone §r§8x16
00:37:24     §r§f✎ Rough Sapphire Gemstone §r§8x32
00:37:24     §r§a✎ Flawed Sapphire Gemstone
00:37:31     §r§f✎ Rough Sapphire Gemstone §r§8x24
00:37:37     §r§f✎ Rough Sapphire Gemstone §r§8x56
00:37:44     §r§f✎ Rough Sapphire Gemstone §r§8x8
00:37:44     §r§f✎ Rough Sapphire Gemstone §r§8x48
00:38:00     §r§f✎ Rough Sapphire Gemstone §r§8x24
00:38:02     §r§f✎ Rough Sapphire Gemstone §r§8x8
00:38:02     §r§f✎ Rough Sapphire Gemstone §r§8x32
00:38:17     §r§f✎ Rough Sapphire Gemstone §r§8x32
00:38:20     §r§f✎ Rough Sapphire Gemstone §r§8x40
00:38:25     §r§f✎ Rough Sapphire Gemstone §r§8x8
00:38:31     §r§f✎ Rough Sapphire Gemstone §r§8x72
00:38:45     §r§f✎ Rough Sapphire Gemstone §r§8x64
00:39:07     §r§f✎ Rough Sapphire Gemstone §r§8x8
00:39:08     §r§f✎ Rough Sapphire Gemstone §r§8x64
00:39:19     §r§f✎ Rough Sapphire Gemstone §r§8x48
00:39:19     §r§a✎ Flawed Sapphire Gemstone
00:39:19     §r§f❤ Rough Ruby Gemstone §r§8x8
00:39:19     §r§f✎ Rough Sapphire Gemstone §r§8x56
00:39:26     §r§f✎ Rough Sapphire Gemstone §r§8x32
00:39:27     §r§f✎ Rough Sapphire Gemstone §r§8x64
00:39:40     §r§f✎ Rough Sapphire Gemstone §r§8x8
00:39:49     §r§f✎ Rough Sapphire Gemstone §r§8x8
00:39:56     §r§f✎ Rough Sapphire Gemstone §r§8x8
00:39:59     §r§f❤ Rough Ruby Gemstone §r§8x16
00:39:59     §r§a✎ Flawed Sapphire Gemstone §r§8x7
00:40:09     §r§f✎ Rough Sapphire Gemstone §r§8x24
00:40:13     §r§f✎ Rough Sapphire Gemstone §r§8x24
00:40:35     §r§f✎ Rough Sapphire Gemstone §r§8x40
00:40:35     §r§f✎ Rough Sapphire Gemstone §r§8x24
00:40:35     §r§f❤ Rough Ruby Gemstone §r§8x8
00:40:40     §r§f✎ Rough Sapphire Gemstone §r§8x64
00:40:44     §r§f✎ Rough Sapphire Gemstone §r§8x16
00:40:44     §r§f❤ Rough Ruby Gemstone §r§8x16
00:41:54     §r§f✎ Rough Sapphire Gemstone §r§8x24
00:41:54     §r§f❤ Rough Ruby Gemstone §r§8x24
00:42:38     §r§f✎ Rough Sapphire Gemstone §r§8x64
00:42:47     §r§f✎ Rough Sapphire Gemstone §r§8x88
00:44:30     §r§f✎ Rough Sapphire Gemstone §r§8x24
00:44:30     §r§f❤ Rough Ruby Gemstone §r§8x24
00:44:37     §r§f✎ Rough Sapphire Gemstone §r§8x8
00:44:37     §r§f❤ Rough Ruby Gemstone §r§8x40
00:46:50     §r§f✎ Rough Sapphire Gemstone §r§8x40
00:46:55     §r§f✎ Rough Sapphire Gemstone §r§8x16
00:47:43     §r§f✎ Rough Sapphire Gemstone §r§8x32
00:47:49     §r§f✎ Rough Sapphire Gemstone §r§8x88
00:47:55     §r§f✎ Rough Sapphire Gemstone §r§8x56
00:47:55     §r§f✎ Rough Sapphire Gemstone §r§8x16
00:47:55     §r§f❤ Rough Ruby Gemstone §r§8x16
00:48:00     §r§f✎ Rough Sapphire Gemstone §r§8x80
00:48:00     §r§f✎ Rough Sapphire Gemstone §r§8x88
00:48:06     §r§f✎ Rough Sapphire Gemstone §r§8x24
00:48:06     §r§f❤ Rough Ruby Gemstone §r§8x24
00:48:14     §r§f✎ Rough Sapphire Gemstone §r§8x40
00:48:20     §r§f✎ Rough Sapphire Gemstone §r§8x24
00:48:30     §r§f✎ Rough Sapphire Gemstone §r§8x40
00:48:49     §r§f✎ Rough Sapphire Gemstone §r§8x24
00:49:11     §r§f❤ Rough Ruby Gemstone §r§8x24
00:49:18     §r§f✎ Rough Sapphire Gemstone §r§8x16
00:49:24     §r§f✎ Rough Sapphire Gemstone §r§8x8
00:49:33     §r§f✎ Rough Sapphire Gemstone §r§8x48
00:49:33     §r§a✎ Flawed Sapphire Gemstone
00:49:35     §r§f✎ Rough Sapphire Gemstone §r§8x16
00:49:35     §r§f❤ Rough Ruby Gemstone §r§8x8
00:49:39     §r§f✎ Rough Sapphire Gemstone §r§8x24
00:49:47     §r§f✎ Rough Sapphire Gemstone §r§8x72
00:49:48     §r§f✎ Rough Sapphire Gemstone §r§8x48
00:49:48     §r§a✎ Flawed Sapphire Gemstone
00:49:51     §r§f✎ Rough Sapphire Gemstone §r§8x16
00:49:51     §r§f❤ Rough Ruby Gemstone §r§8x40
00:49:55     §r§f✎ Rough Sapphire Gemstone §r§8x40
00:50:03     §r§f✎ Rough Sapphire Gemstone §r§8x72
00:50:19     §r§f✎ Rough Sapphire Gemstone §r§8x56
00:50:19     §r§f✎ Rough Sapphire Gemstone §r§8x40
00:50:26     §r§f✎ Rough Sapphire Gemstone §r§8x8
00:50:26     §r§f❤ Rough Ruby Gemstone §r§8x16
00:50:26     §r§f✎ Rough Sapphire Gemstone §r§8x80
00:50:31     §r§f✎ Rough Sapphire Gemstone §r§8x72
00:50:32     §r§f✎ Rough Sapphire Gemstone §r§8x24
00:50:57     §r§f✎ Rough Sapphire Gemstone §r§8x24
00:51:15     §r§f✎ Rough Sapphire Gemstone §r§8x64
00:51:20     §r§f✎ Rough Sapphire Gemstone §r§8x24
00:51:26     §r§f✎ Rough Sapphire Gemstone §r§8x48
00:51:26     §r§f✎ Rough Sapphire Gemstone §r§8x88
00:51:26     §r§f❤ Rough Ruby Gemstone §r§8x8
00:51:44     §r§f✎ Rough Sapphire Gemstone §r§8x16
00:51:44     §r§f❤ Rough Ruby Gemstone §r§8x16
00:51:50     §r§f✎ Rough Sapphire Gemstone §r§8x16
00:51:53     §r§a✎ Flawed Sapphire Gemstone §r§8x3
00:52:01     §r§f✎ Rough Sapphire Gemstone §r§8x56
00:52:01     §r§a✎ Flawed Sapphire Gemstone
00:52:02     §r§f✎ Rough Sapphire Gemstone §r§8x80
00:52:02     §r§f❤ Rough Ruby Gemstone §r§8x24
00:52:02     §r§a✎ Flawed Sapphire Gemstone
00:52:05     §r§f✎ Rough Sapphire Gemstone §r§8x24
00:52:05     §r§f❤ Rough Ruby Gemstone §r§8x24
00:52:21     §r§f✎ Rough Sapphire Gemstone §r§8x48
00:52:25     §r§f✎ Rough Sapphire Gemstone §r§8x32
00:52:29     §r§f✎ Rough Sapphire Gemstone §r§8x24
00:52:38     §r§f✎ Rough Sapphire Gemstone §r§8x32
00:52:38     §r§f❤ Rough Ruby Gemstone §r§8x24
00:54:09     §r§f✎ Rough Sapphire Gemstone §r§8x56
00:54:11     §r§f✎ Rough Sapphire Gemstone §r§8x8
00:54:11     §r§f❤ Rough Ruby Gemstone §r§8x16
00:54:20     §r§f✎ Rough Sapphire Gemstone §r§8x24
00:54:26     §r§f❤ Rough Ruby Gemstone §r§8x8
00:54:26     §r§a✎ Flawed Sapphire Gemstone
00:54:47     §r§f✎ Rough Sapphire Gemstone §r§8x72
00:54:52     §r§f❤ Rough Ruby Gemstone §r§8x24
00:55:22     §r§f✎ Rough Sapphire Gemstone §r§8x24
00:55:22     §r§f❤ Rough Ruby Gemstone §r§8x24
00:55:25     §r§f✎ Rough Sapphire Gemstone §r§8x40
00:55:25     §r§f❤ Rough Ruby Gemstone §r§8x24
00:55:33     §r§f✎ Rough Sapphire Gemstone §r§8x8
00:55:39     §r§f✎ Rough Sapphire Gemstone §r§8x40
00:55:42     §r§f✎ Rough Sapphire Gemstone §r§8x24
00:55:45     §r§f✎ Rough Sapphire Gemstone §r§8x8
00:55:52     §r§f✎ Rough Sapphire Gemstone §r§8x48
00:55:56     §r§f✎ Rough Sapphire Gemstone §r§8x8
00:55:58     §r§f✎ Rough Sapphire Gemstone §r§8x32
00:56:29     §r§f❤ Rough Ruby Gemstone §r§8x24
00:56:39     §r§f✎ Rough Sapphire Gemstone §r§8x40
00:56:46     §r§f✎ Rough Sapphire Gemstone §r§8x56
00:56:54     §r§f✎ Rough Sapphire Gemstone §r§8x8
00:56:54     §r§f✎ Rough Sapphire Gemstone §r§8x8
00:56:54     §r§f❤ Rough Ruby Gemstone §r§8x16
00:56:54     §r§a✎ Flawed Sapphire Gemstone §r§8x4
00:56:57     §r§f✎ Rough Sapphire Gemstone §r§8x40
00:56:57     §r§f✎ Rough Sapphire Gemstone §r§8x88
00:57:09     §r§f✎ Rough Sapphire Gemstone §r§8x64
00:57:10     §r§f✎ Rough Sapphire Gemstone §r§8x96
00:57:15     §r§f✎ Rough Sapphire Gemstone §r§8x40
00:57:20     §r§f✎ Rough Sapphire Gemstone §r§8x8
00:57:20     §r§f❤ Rough Ruby Gemstone §r§8x24
00:57:23     §r§f✎ Rough Sapphire Gemstone §r§8x48
00:57:23     §r§f✎ Rough Sapphire Gemstone §r§8x112
00:57:24     §r§f✎ Rough Sapphire Gemstone §r§8x72
00:57:27     §r§f✎ Rough Sapphire Gemstone §r§8x40
00:57:27     §r§a✎ Flawed Sapphire Gemstone §r§8x3
00:57:31     §r§f✎ Rough Sapphire Gemstone §r§8x8
00:57:31     §r§f❤ Rough Ruby Gemstone §r§8x8
00:57:36     §r§f✎ Rough Sapphire Gemstone §r§8x96
00:57:43     §r§f✎ Rough Sapphire Gemstone §r§8x16
00:57:43     §r§f✎ Rough Sapphire Gemstone §r§8x16
00:57:43     §r§a✎ Flawed Sapphire Gemstone
00:57:47     §r§f✎ Rough Sapphire Gemstone §r§8x24
00:57:51     §r§f✎ Rough Sapphire Gemstone §r§8x56
00:59:05     §r§f✎ Rough Sapphire Gemstone §r§8x88
00:59:05     §r§f❤ Rough Ruby Gemstone §r§8x8
00:59:05     §r§f✎ Rough Sapphire Gemstone §r§8x8
00:59:07     §r§f✎ Rough Sapphire Gemstone §r§8x64
00:59:08     §r§f✎ Rough Sapphire Gemstone §r§8x72
00:59:21     §r§a✎ Flawed Sapphire Gemstone
00:59:51     §r§f✎ Rough Sapphire Gemstone §r§8x24
00:59:51     §r§a✎ Flawed Sapphire Gemstone
01:00:00     §r§f✎ Rough Sapphire Gemstone §r§8x32
01:00:18     §r§f✎ Rough Sapphire Gemstone §r§8x48
01:00:22     §r§f✎ Rough Sapphire Gemstone §r§8x8
01:00:30     §r§f✎ Rough Sapphire Gemstone §r§8x16
01:00:32     §r§f✎ Rough Sapphire Gemstone §r§8x72
01:00:32     §r§f❤ Rough Ruby Gemstone §r§8x40
01:00:32     §r§a❤ Flawed Ruby Gemstone
01:00:32     §r§f✎ Rough Sapphire Gemstone §r§8x24
01:00:55     §r§f✎ Rough Sapphire Gemstone §r§8x40
01:01:03     §r§f✎ Rough Sapphire Gemstone §r§8x40
01:01:03     §r§f✎ Rough Sapphire Gemstone §r§8x8
01:01:11     §r§f✎ Rough Sapphire Gemstone §r§8x64
01:01:11     §r§f❤ Rough Ruby Gemstone §r§8x24
01:01:11     §r§f✎ Rough Sapphire Gemstone §r§8x16
01:01:30     §r§f✎ Rough Sapphire Gemstone §r§8x72
01:01:30     §r§f❤ Rough Ruby Gemstone §r§8x16
01:01:30     §r§f✎ Rough Sapphire Gemstone §r§8x40
01:01:39     §r§f✎ Rough Sapphire Gemstone §r§8x64
01:01:52     §r§f✎ Rough Sapphire Gemstone §r§8x16
01:01:56     §r§f✎ Rough Sapphire Gemstone §r§8x32
01:02:01     §r§f✎ Rough Sapphire Gemstone §r§8x24
01:02:01     §r§f❤ Rough Ruby Gemstone §r§8x16
01:02:18     §r§f✎ Rough Sapphire Gemstone §r§8x16
01:02:38     §r§f✎ Rough Sapphire Gemstone §r§8x24
01:02:38     §r§a✎ Flawed Sapphire Gemstone §r§8x2
01:02:38     §r§f❤ Rough Ruby Gemstone §r§8x8
01:02:38     §r§f✎ Rough Sapphire Gemstone §r§8x48
01:02:47     §r§a✎ Flawed Sapphire Gemstone
01:02:51     §r§f✎ Rough Sapphire Gemstone §r§8x16
01:02:51     §r§f❤ Rough Ruby Gemstone §r§8x8
01:02:52     §r§f✎ Rough Sapphire Gemstone §r§8x16
01:02:53     §r§f✎ Rough Sapphire Gemstone §r§8x24
01:03:09     §r§f✎ Rough Sapphire Gemstone §r§8x8
01:03:19     §r§f✎ Rough Sapphire Gemstone §r§8x16
01:03:19     §r§f❤ Rough Ruby Gemstone §r§8x24
01:03:26     §r§f❤ Rough Ruby Gemstone §r§8x40
01:03:38     §r§f✎ Rough Sapphire Gemstone §r§8x24
01:03:38     §r§a✎ Flawed Sapphire Gemstone
01:03:42     §r§f✎ Rough Sapphire Gemstone §r§8x24
01:03:50     §r§f✎ Rough Sapphire Gemstone §r§8x16
01:03:50     §r§f✎ Rough Sapphire Gemstone §r§8x40
01:03:54     §r§f✎ Rough Sapphire Gemstone §r§8x16
01:03:54     §r§a✎ Flawed Sapphire Gemstone §r§8x2
01:03:57     §r§f✎ Rough Sapphire Gemstone §r§8x64
01:03:58     §r§f✎ Rough Sapphire Gemstone §r§8x16
01:04:03     §r§f✎ Rough Sapphire Gemstone §r§8x64
01:04:08     §r§f✎ Rough Sapphire Gemstone §r§8x8
01:04:09     §r§f❤ Rough Ruby Gemstone §r§8x24
01:04:09     §r§f✎ Rough Sapphire Gemstone §r§8x32
01:04:09     §r§a✎ Flawed Sapphire Gemstone §r§8x4
01:04:09     §r§a❤ Flawed Ruby Gemstone
01:04:12     §r§f✎ Rough Sapphire Gemstone §r§8x56
01:04:12     §r§f❤ Rough Ruby Gemstone §r§8x8
01:04:22     §r§f✎ Rough Sapphire Gemstone §r§8x16
01:04:22     §r§f❤ Rough Ruby Gemstone §r§8x16
01:04:24     §r§f✎ Rough Sapphire Gemstone §r§8x24
01:04:31     §r§f✎ Rough Sapphire Gemstone §r§8x8
01:04:42     §r§f✎ Rough Sapphire Gemstone §r§8x48
01:04:43     §r§f✎ Rough Sapphire Gemstone §r§8x8
01:04:46     §r§f✎ Rough Sapphire Gemstone §r§8x88
01:04:51     §r§f✎ Rough Sapphire Gemstone §r§8x16
01:04:57     §r§a✎ Flawed Sapphire Gemstone
01:04:59     §r§f✎ Rough Sapphire Gemstone §r§8x48
01:05:04     §r§f✎ Rough Sapphire Gemstone §r§8x24
01:05:04     §r§a✎ Flawed Sapphire Gemstone §r§8x2
01:05:08     §r§f✎ Rough Sapphire Gemstone §r§8x56
01:05:16     §r§f✎ Rough Sapphire Gemstone §r§8x32
01:05:20     §r§f✎ Rough Sapphire Gemstone §r§8x56
01:06:30     §r§f✎ Rough Sapphire Gemstone §r§8x32
01:06:38     §r§f✎ Rough Sapphire Gemstone §r§8x16
01:06:38     §r§f❤ Rough Ruby Gemstone §r§8x40
01:06:41     §r§f✎ Rough Sapphire Gemstone §r§8x8
01:06:46     §r§f✎ Rough Sapphire Gemstone §r§8x48
01:06:47     §r§f✎ Rough Sapphire Gemstone §r§8x40
01:07:00     §r§f✎ Rough Sapphire Gemstone §r§8x32
01:07:07     §r§f✎ Rough Sapphire Gemstone §r§8x32
01:07:11     §r§f✎ Rough Sapphire Gemstone §r§8x16
01:07:15     §r§f✎ Rough Sapphire Gemstone §r§8x16
01:08:59     §r§f✎ Rough Sapphire Gemstone §r§8x24
01:08:59     §r§f❤ Rough Ruby Gemstone §r§8x40
01:09:02     §r§f✎ Rough Sapphire Gemstone §r§8x24
01:09:03     §r§f✎ Rough Sapphire Gemstone §r§8x80
01:09:09     §r§a✎ Flawed Sapphire Gemstone §r§8x2
01:09:10     §r§f✎ Rough Sapphire Gemstone §r§8x16
01:09:12     §r§f✎ Rough Sapphire Gemstone §r§8x80
01:09:14     §r§f✎ Rough Sapphire Gemstone §r§8x24
01:09:14     §r§f✎ Rough Sapphire Gemstone §r§8x16
01:09:22     §r§f✎ Rough Sapphire Gemstone §r§8x80
01:09:26     §r§f✎ Rough Sapphire Gemstone §r§8x40
01:09:29     §r§f✎ Rough Sapphire Gemstone §r§8x24
01:09:29     §r§a✎ Flawed Sapphire Gemstone
01:09:32     §r§f✎ Rough Sapphire Gemstone §r§8x24
01:09:34     §r§f✎ Rough Sapphire Gemstone §r§8x32
01:09:35     §r§f✎ Rough Sapphire Gemstone §r§8x16
01:09:35     §r§f✎ Rough Sapphire Gemstone §r§8x48
01:09:43     §r§f✎ Rough Sapphire Gemstone §r§8x40
01:09:50     §r§f❤ Rough Ruby Gemstone §r§8x16
01:09:50     §r§f✎ Rough Sapphire Gemstone §r§8x56
01:10:24     §r§f✎ Rough Sapphire Gemstone §r§8x16
01:10:44     §r§f❤ Rough Ruby Gemstone §r§8x56
01:11:03     §r§f✎ Rough Sapphire Gemstone §r§8x40
01:11:06     §r§f✎ Rough Sapphire Gemstone §r§8x40
01:11:06     §r§f✎ Rough Sapphire Gemstone §r§8x48
01:11:31     §r§f✎ Rough Sapphire Gemstone §r§8x88
01:11:34     §r§f✎ Rough Sapphire Gemstone §r§8x8
01:11:34     §r§f✎ Rough Sapphire Gemstone §r§8x32
01:11:39     §r§f✎ Rough Sapphire Gemstone §r§8x8
01:11:55     §r§f✎ Rough Sapphire Gemstone §r§8x24
01:12:01     §r§f✎ Rough Sapphire Gemstone §r§8x56
01:12:11     §r§f✎ Rough Sapphire Gemstone §r§8x24
01:12:11     §r§a✎ Flawed Sapphire Gemstone §r§8x4
01:12:12     §r§f✎ Rough Sapphire Gemstone §r§8x64
01:12:18     §r§f✎ Rough Sapphire Gemstone §r§8x24
01:12:21     §r§f✎ Rough Sapphire Gemstone §r§8x40
01:12:36     §r§f✎ Rough Sapphire Gemstone §r§8x48
01:12:45     §r§f✎ Rough Sapphire Gemstone §r§8x48
01:12:45     §r§f✎ Rough Sapphire Gemstone §r§8x40
01:12:45     §r§a✎ Flawed Sapphire Gemstone §r§8x4
01:12:48     §r§f✎ Rough Sapphire Gemstone §r§8x48
01:12:56     §r§f✎ Rough Sapphire Gemstone §r§8x40
01:12:56     §r§a✎ Flawed Sapphire Gemstone
01:15:10     §r§f✎ Rough Sapphire Gemstone §r§8x24
01:15:10     §r§f❤ Rough Ruby Gemstone §r§8x8
01:16:30     §r§f✎ Rough Sapphire Gemstone §r§8x48
01:16:31     §r§f✎ Rough Sapphire Gemstone §r§8x16
01:16:36     §r§f✎ Rough Sapphire Gemstone §r§8x32
01:16:38     §r§f✎ Rough Sapphire Gemstone §r§8x80
01:16:39     §r§f✎ Rough Sapphire Gemstone §r§8x16
01:16:42     §r§f✎ Rough Sapphire Gemstone §r§8x48
01:16:42     §r§a✎ Flawed Sapphire Gemstone §r§8x4
01:16:42     §r§f✎ Rough Sapphire Gemstone §r§8x24
01:16:42     §r§f✎ Rough Sapphire Gemstone §r§8x24
01:16:48     §r§f✎ Rough Sapphire Gemstone §r§8x24
01:16:48     §r§a✎ Flawed Sapphire Gemstone
01:17:06     §r§f✎ Rough Sapphire Gemstone §r§8x32
01:17:06     §r§a✎ Flawed Sapphire Gemstone §r§8x2
01:17:06     §r§f✎ Rough Sapphire Gemstone §r§8x8
01:17:06     §r§f❤ Rough Ruby Gemstone §r§8x24
01:17:08     §r§f✎ Rough Sapphire Gemstone §r§8x64
01:17:08     §r§f❤ Rough Ruby Gemstone §r§8x8
01:17:17     §r§f❤ Rough Ruby Gemstone §r§8x24
01:18:00     §r§f✎ Rough Sapphire Gemstone §r§8x16
01:18:05     §r§f✎ Rough Sapphire Gemstone §r§8x24
01:18:13     §r§f✎ Rough Sapphire Gemstone §r§8x80
01:18:14     §r§f✎ Rough Sapphire Gemstone §r§8x56
01:18:20     §r§f✎ Rough Sapphire Gemstone §r§8x56
01:18:20     §r§a✎ Flawed Sapphire Gemstone §r§8x2
01:18:23     §r§f✎ Rough Sapphire Gemstone §r§8x48
01:18:28     §r§f✎ Rough Sapphire Gemstone §r§8x24
01:18:28     §r§a✎ Flawed Sapphire Gemstone §r§8x2
01:18:29     §r§f✎ Rough Sapphire Gemstone §r§8x64
01:18:34     §r§f✎ Rough Sapphire Gemstone §r§8x80
01:18:35     §r§f✎ Rough Sapphire Gemstone §r§8x24
01:18:35     §r§a✎ Flawed Sapphire Gemstone §r§8x2
01:18:39     §r§f✎ Rough Sapphire Gemstone §r§8x56
01:18:46     §r§f✎ Rough Sapphire Gemstone §r§8x8
01:18:46     §r§a✎ Flawed Sapphire Gemstone
01:18:46     §r§a✎ Flawed Sapphire Gemstone
01:18:46     §r§f✎ Rough Sapphire Gemstone §r§8x16
01:18:51     §r§f✎ Rough Sapphire Gemstone §r§8x48
01:18:51     §r§f❤ Rough Ruby Gemstone §r§8x32
01:19:54     §r§f✎ Rough Sapphire Gemstone §r§8x16
01:19:58     §r§f✎ Rough Sapphire Gemstone §r§8x16
01:19:58     §r§f✎ Rough Sapphire Gemstone §r§8x24
01:19:58     §r§f❤ Rough Ruby Gemstone §r§8x8
01:20:11     §r§f✎ Rough Sapphire Gemstone §r§8x48
01:20:11     §r§a✎ Flawed Sapphire Gemstone §r§8x2
01:20:14     §r§f✎ Rough Sapphire Gemstone §r§8x32
01:20:17     §r§a✎ Flawed Sapphire Gemstone
01:20:17     §r§f✎ Rough Sapphire Gemstone §r§8x56
01:21:07     §r§f✎ Rough Sapphire Gemstone §r§8x16
01:21:07     §r§f❤ Rough Ruby Gemstone §r§8x24
01:21:07     §r§f✎ Rough Sapphire Gemstone §r§8x32
01:21:07     §r§f✎ Rough Sapphire Gemstone §r§8x40
01:21:12     §r§f✎ Rough Sapphire Gemstone §r§8x40
01:21:14     §r§f✎ Rough Sapphire Gemstone §r§8x56
01:21:21     §r§a✎ Flawed Sapphire Gemstone §r§8x2
01:21:42     §r§f✎ Rough Sapphire Gemstone §r§8x24
01:21:42     §r§a✎ Flawed Sapphire Gemstone
01:21:51     §r§f✎ Rough Sapphire Gemstone §r§8x16
01:21:56     §r§f✎ Rough Sapphire Gemstone §r§8x56
01:22:04     §r§f✎ Rough Sapphire Gemstone §r§8x8
01:22:05     §r§f✎ Rough Sapphire Gemstone §r§8x8
01:22:20     §r§f✎ Rough Sapphire Gemstone §r§8x72
01:22:31     §r§f✎ Rough Sapphire Gemstone §r§8x24
01:22:48     §r§a✎ Flawed Sapphire Gemstone
01:22:51     §r§f✎ Rough Sapphire Gemstone §r§8x24
01:23:00     §r§f✎ Rough Sapphire Gemstone §r§8x80
01:23:13     §r§f✎ Rough Sapphire Gemstone §r§8x80
01:23:14     §r§f✎ Rough Sapphire Gemstone §r§8x32
01:23:20     §r§a✎ Flawed Sapphire Gemstone §r§8x9
01:23:30     §r§f✎ Rough Sapphire Gemstone §r§8x48
01:23:34     §r§f✎ Rough Sapphire Gemstone §r§8x32
01:23:34     §r§f❤ Rough Ruby Gemstone §r§8x8
01:23:36     §r§f✎ Rough Sapphire Gemstone §r§8x32
01:23:50     §r§f✎ Rough Sapphire Gemstone §r§8x8
01:23:50     §r§f❤ Rough Ruby Gemstone §r§8x40
01:23:50     §r§f✎ Rough Sapphire Gemstone §r§8x48
01:23:50     §r§a✎ Flawed Sapphire Gemstone
01:23:54     §r§f✎ Rough Sapphire Gemstone §r§8x8
01:24:30     §r§f✎ Rough Sapphire Gemstone §r§8x16
01:24:30     §r§f❤ Rough Ruby Gemstone §r§8x24
01:24:31     §r§f✎ Rough Sapphire Gemstone §r§8x48
01:24:56     §r§f✎ Rough Sapphire Gemstone §r§8x56
01:24:56     §r§f❤ Rough Ruby Gemstone §r§8x8
01:24:57     §r§f✎ Rough Sapphire Gemstone §r§8x40
01:24:58     §r§f✎ Rough Sapphire Gemstone §r§8x56
01:24:58     §r§f✎ Rough Sapphire Gemstone §r§8x40
01:25:00     §r§f✎ Rough Sapphire Gemstone §r§8x8
01:25:02     §r§f✎ Rough Sapphire Gemstone §r§8x16
01:25:02     §r§f❤ Rough Ruby Gemstone §r§8x24
01:25:02     §r§a✎ Flawed Sapphire Gemstone §r§8x4
01:25:03     §r§f✎ Rough Sapphire Gemstone §r§8x16
01:25:03     §r§a❤ Flawed Ruby Gemstone
01:25:03     §r§f✎ Rough Sapphire Gemstone §r§8x8
01:25:03     §r§a✎ Flawed Sapphire Gemstone §r§8x2
01:25:44     §r§f✎ Rough Sapphire Gemstone §r§8x8
01:25:47     §r§f✎ Rough Sapphire Gemstone §r§8x40
01:27:31     §r§f✎ Rough Sapphire Gemstone §r§8x16
01:27:37     §r§f✎ Rough Sapphire Gemstone §r§8x40
01:27:45     §r§f✎ Rough Sapphire Gemstone §r§8x64
01:27:50     §r§f✎ Rough Sapphire Gemstone §r§8x64
01:27:57     §r§f✎ Rough Sapphire Gemstone §r§8x56
01:28:02     §r§f✎ Rough Sapphire Gemstone §r§8x72
01:28:02     §r§f✎ Rough Sapphire Gemstone §r§8x40
01:28:02     §r§f❤ Rough Ruby Gemstone §r§8x40
01:28:13     §r§f❤ Rough Ruby Gemstone §r§8x16
01:28:18     §r§f✎ Rough Sapphire Gemstone §r§8x16
01:28:58     §r§f✎ Rough Sapphire Gemstone §r§8x64
01:28:58     §r§a✎ Flawed Sapphire Gemstone §r§8x4
01:28:59     §r§f✎ Rough Sapphire Gemstone §r§8x48
01:29:05     §r§f✎ Rough Sapphire Gemstone §r§8x48
01:29:17     §r§f✎ Rough Sapphire Gemstone §r§8x56
01:29:17     §r§f✎ Rough Sapphire Gemstone §r§8x8
01:29:17     §r§f❤ Rough Ruby Gemstone §r§8x16
01:29:17     §r§f✎ Rough Sapphire Gemstone §r§8x40
01:29:28     §r§a❤ Flawed Ruby Gemstone §r§8x2
01:29:44     §r§f✎ Rough Sapphire Gemstone §r§8x32
01:29:47     §r§f✎ Rough Sapphire Gemstone §r§8x16
01:29:53     §r§f✎ Rough Sapphire Gemstone §r§8x16
01:29:53     §r§f❤ Rough Ruby Gemstone §r§8x40
01:30:02     §r§f✎ Rough Sapphire Gemstone §r§8x16
01:30:07     §r§f✎ Rough Sapphire Gemstone §r§8x24
01:30:10     §r§f✎ Rough Sapphire Gemstone §r§8x24
01:30:11     §r§f✎ Rough Sapphire Gemstone §r§8x24
01:30:14     §r§f✎ Rough Sapphire Gemstone §r§8x48
01:30:18     §r§f✎ Rough Sapphire Gemstone §r§8x56
01:30:24     §r§f✎ Rough Sapphire Gemstone §r§8x40
01:30:25     §r§f✎ Rough Sapphire Gemstone §r§8x32
01:30:26     §r§f✎ Rough Sapphire Gemstone §r§8x56
01:30:39     §r§f✎ Rough Sapphire Gemstone §r§8x24
01:30:39     §r§a✎ Flawed Sapphire Gemstone §r§8x2
01:30:40     §r§f✎ Rough Sapphire Gemstone §r§8x24
01:30:40     §r§a✎ Flawed Sapphire Gemstone
01:30:44     §r§f✎ Rough Sapphire Gemstone §r§8x40
01:31:05     §r§f✎ Rough Sapphire Gemstone §r§8x48
01:31:05     §r§f✎ Rough Sapphire Gemstone §r§8x80
01:33:27     §r§f❤ Rough Ruby Gemstone §r§8x48
01:33:27     §r§f✧ Rough Topaz Gemstone §r§8x32
01:33:30     §r§f✧ Rough Topaz Gemstone §r§8x48
01:33:36     §r§f❤ Rough Ruby Gemstone §r§8x16
01:33:36     §r§f✧ Rough Topaz Gemstone §r§8x16
01:33:39     §r§f❤ Rough Ruby Gemstone §r§8x8
01:33:39     §r§f✧ Rough Topaz Gemstone §r§8x80
01:33:48     §r§f❤ Rough Ruby Gemstone §r§8x24
01:33:48     §r§f✧ Rough Topaz Gemstone §r§8x8
01:33:49     §r§f❤ Rough Ruby Gemstone §r§8x24
01:33:49     §r§f✧ Rough Topaz Gemstone §r§8x8
01:33:53     §r§f✧ Rough Topaz Gemstone §r§8x32
01:33:53     §r§f✧ Rough Topaz Gemstone §r§8x40
01:33:58     §r§f✧ Rough Topaz Gemstone §r§8x64
01:34:03     §r§f✧ Rough Topaz Gemstone §r§8x24
01:34:06     §r§a✧ Flawed Topaz Gemstone
01:34:06     §r§f✧ Rough Topaz Gemstone §r§8x8
01:34:23     §r§f✧ Rough Topaz Gemstone §r§8x24
01:34:38     §r§f✧ Rough Topaz Gemstone §r§8x96
01:34:44     §r§f✧ Rough Topaz Gemstone §r§8x16
01:34:45     §r§a✧ Flawed Topaz Gemstone
01:34:45     §r§f✧ Rough Topaz Gemstone §r§8x56
01:35:16     §r§f❤ Rough Ruby Gemstone §r§8x24
01:35:16     §r§f✧ Rough Topaz Gemstone §r§8x64
01:35:34     §r§f✧ Rough Topaz Gemstone §r§8x40
01:35:50     §r§f✧ Rough Topaz Gemstone §r§8x32
01:35:55     §r§f❤ Rough Ruby Gemstone §r§8x40
01:35:55     §r§f✧ Rough Topaz Gemstone §r§8x16
01:36:04     §r§f✧ Rough Topaz Gemstone §r§8x24
01:36:25     §r§a✧ Flawed Topaz Gemstone
01:36:25     §r§f❤ Rough Ruby Gemstone §r§8x8
01:36:26     §r§f❤ Rough Ruby Gemstone §r§8x16
01:36:26     §r§f✧ Rough Topaz Gemstone §r§8x24
01:36:34     §r§f✧ Rough Topaz Gemstone §r§8x40
01:36:37     §r§f✧ Rough Topaz Gemstone §r§8x40
01:36:40     §r§f✧ Rough Topaz Gemstone §r§8x24
01:37:06     §r§f❤ Rough Ruby Gemstone §r§8x16
01:37:06     §r§f✧ Rough Topaz Gemstone §r§8x32
