20:18:22 [allowed] §aYou have §b20 §aunclaimed leveling rewards!
20:18:22 [allowed] §eClick here to view them!
20:18:22 [allowed] §aYou have §67 §aunclaimed achievement rewards!
20:18:22 [allowed] §eClick here to view them!
20:18:23 [allowed] §a§aYou tipped 31 players in 15 different games!
20:18:24 [allowed] §cYou are sending commands too fast! Please slow down.
20:18:28 [allowed] §6§lBONUS! §r§bTemporarily earn §r§a5% §r§bmore skill experience!
20:18:28 [allowed] §eLatest update: §bSkyBlock v0.20.4 §e§lCLICK
20:18:28 [allowed] §a§aYou tipped SagePerson7 in Blitz SG!
20:18:30 [allowed] §cYou are sending commands too fast! Please slow down.
20:18:33 [allowed] §a§aYou tipped _Jordan_X in The TNT Games!
20:18:37 [allowed] §aYou claimed §r§81x §r§5Stock of Stonks §r§afrom the §r§dStonks Auction§r§a!
20:18:38 [allowed] §a§aYou tipped MaSTeRbug001 in Mega Walls!
20:18:39 [allowed] §7Placing your bid...
20:18:39 [allowed] §aSuccessfully placed your Stonk bid of §r§62,000,001 Coins§r§a!
20:18:43 [allowed] §a§aYou tipped Velatura in Arcade Games!
20:18:48 [allowed] §a§aYou tipped PepperoniM in UHC Champions!
20:18:53 [allowed] §a§aYou tipped Linfao in Cops and Crims!
20:18:58 [allowed] §a§aYou tipped lamerboyshady in Warlords!
20:19:01 [allowed] §6[Bazaar] §r§7Putting goods in escrow...
20:19:01 [allowed] §6[Bazaar] §r§7Submitting sell offer...
20:19:01 [allowed] §6[Bazaar] §r§7§r§eSell Offer Setup! §r§a1§r§7x §r§5Stock of Stonks §r§7for §r§63,863,435 coins§r§7.
20:19:03 [allowed] §6[Bazaar] §eYour §6Sell Offer §efor §a1§7x §5Stock of Stonks §ewas filled!
20:19:03 [allowed] §a§aYou tipped CoopTheCar in Smash Heroes!
20:19:15 [allowed] §cYou are sending commands too fast! Please slow down.
20:19:16 [allowed] §eYou haven't claimed your §r§6Summer Rewards §r§eyet!
20:19:16 [allowed] §eTalk to the §r§bSummer Sloth §r§ein the §r§aHub!
20:19:18 [allowed] §cYou are sending commands too fast! Please slow down.
20:19:18 [allowed] §6§lBONUS! §r§bTemporarily earn §r§a5% §r§bmore skill experience!
20:19:18 [allowed] §eLatest update: §bSkyBlock v0.20.4 §e§lCLICK
20:19:21 [allowed] §aA §r§bStranger §r§aappears on your island at §r§f8§r§a, §r§f100§r§a, §r§f41§r§a! You should go talk to them.
20:19:31 [allowed] §cThis Minion does not have any items stored!
20:19:47 [allowed] §cWhoa! Slow down there!
20:19:50 [allowed] §cYou don't have enough items to craft that tier! You need §r§68 §r§cmore. §r§7(0/8)
20:20:05 [allowed] §7Switching to profile Banana...
20:20:06 [allowed] §eYou haven't claimed your §r§6Summer Rewards §r§eyet!
20:20:06 [allowed] §eTalk to the §r§bSummer Sloth §r§ein the §r§aHub!
20:20:07 [allowed] §cYou are sending commands too fast! Please slow down.
20:20:09 [allowed] §aYour profile was changed to: §eBanana§b (Co-op)
20:20:10 [allowed] §eYou haven't claimed your §r§6Summer Rewards §r§eyet!
20:20:10 [allowed] §eTalk to the §r§bSummer Sloth §r§ein the §r§aHub!
20:20:14 [allowed] §cYou are sending commands too fast! Please slow down.
20:20:14 [allowed] §8[§r§712§r§8] §r§a[VIP] Twenterich§f§r§f: DAMN
20:20:23 [allowed] §8[§r§75§r§8] §r§a[VIP] Big_Ben223 §7Ⓑ§f§r§f: dog the rift is not worth it
20:20:28 [allowed] §8Withdrawing coins...
20:20:28 [allowed] §aWithdrew §r§6350k coins§r§a! There's now §r§6112M coins §r§aleft in the account!
20:20:31 [allowed] §8[§r§b225§r§8] §r§7☃ §r§b[MVP§4+§b] Atmqsphere§f§r§f: i love the rift
20:20:33 [allowed] §8[§r§e98§r§8] §r§6ჶ §r§7DeidaraXZS287§7§r§7: it worth it
20:20:34 [allowed] §aYou claimed §r§81x §r§5Stock of Stonks §r§afrom the §r§dStonks Auction§r§a!
20:20:36 [allowed] §8[§r§e98§r§8] §r§6ჶ §r§7DeidaraXZS287§7§r§7: absolutely
20:20:36 [allowed] §7Placing your bid...
20:20:36 [allowed] §aSuccessfully placed your Stonk bid of §r§62,000,001 Coins§r§a!
20:20:37 [allowed] §8[§r§2168§r§8] §r§6§lᛝ §r§a[VIP§6+§a] Qognosh§f§r§f: it is worth it
20:20:47 [allowed] §8[§r§e98§r§8] §r§6ჶ §r§7DeidaraXZS287§7§r§7: doing 100-200m per day
20:20:48 [allowed] §6[Bazaar] §r§c§r§cThis server is too laggy to use the Bazaar, sorry!
20:20:50 [allowed] §8[§r§a122§r§8] §r§7☠ §r§7Ratking_Lenno§7§r§7: Lowballing with 180m purse /visit Ratking_Lenno no minions!
20:20:52 [allowed] §8[§r§712§r§8] §r§a[VIP] Twenterich§f§r§f: SHEEESH
20:20:53 [allowed] §6[Bazaar] §r§c§r§cThis server is too laggy to use the Bazaar, sorry!
20:20:55 [allowed] §cThis server is too laggy to use the Bazaar, sorry!
20:20:56 [allowed] §cThis server is too laggy to use the Bazaar, sorry!
20:20:56 [allowed] §cThis server is too laggy to use the Bazaar, sorry!
20:20:56 [allowed] §8[§r§2168§r§8] §r§6§lᛝ §r§a[VIP§6+§a] Qognosh§f§r§f: u just gotta know what ur doing unlike you lmao
20:20:57 [allowed] §cThis server is too laggy to use the Bazaar, sorry!
20:20:58 [allowed] §8[§r§75§r§8] §r§a[VIP] Big_Ben223 §7Ⓑ§f§r§f: yea after a 10 hour grind
20:20:59 [allowed] §8[§r§e98§r§8] §r§6ჶ §r§7DeidaraXZS287§7§r§7: Look at my emblem
