14:12:42 Trying to load config from config\skyhanni\config.json
14:12:42 load-config-now
14:12:42 Loaded config from file
14:12:42 Trying to load sacks from config\skyhanni\sacks.json
14:12:42 load-sacks-now
14:12:42 Loaded sacks from file
14:12:42 Trying to load friends from config\skyhanni\friends.json
14:12:42 load-friends-now
14:12:42 Loaded friends from file
14:12:42 Trying to load known_features from config\skyhanni\known_features.json
14:12:42 load-known_features-now
14:12:42 Loaded known_features from file
14:12:42 Trying to load jacob_contests from config\skyhanni\jacob_contests.json
14:12:42 load-jacob_contests-now
14:12:42 Loaded jacob_contests from file
14:12:42 Trying to load visual_words from config\skyhanni\visual_words.json
14:12:42 Setting visual_words to be blank as it did not exist. It will be saved once something is written to it
14:13:42 saveConfig: auto-save-60s
14:13:42 Saving config file
14:13:48 saveConfig: Updated known feature flags
14:13:48 Saving known_features file
14:14:42 saveConfig: auto-save-60s
14:14:42 Saving config file
14:15:42 saveConfig: auto-save-60s
14:15:42 Saving config file
14:16:42 saveConfig: auto-save-60s
14:16:42 Saving config file
14:17:42 saveConfig: auto-save-60s
14:17:42 Saving config file
14:18:42 saveConfig: auto-save-60s
14:18:42 Saving config file
14:19:42 saveConfig: auto-save-60s
14:19:42 Saving config file
14:20:42 saveConfig: auto-save-60s
14:20:42 Saving config file
14:21:42 saveConfig: auto-save-60s
14:21:42 Saving config file
14:22:42 saveConfig: auto-save-60s
14:22:42 Saving config file
14:23:14 saveConfig: saving-data
14:23:14 Saving sacks file
14:23:42 saveConfig: auto-save-60s
14:23:42 Saving config file
14:24:42 saveConfig: auto-save-60s
14:24:42 Saving config file
14:25:42 saveConfig: auto-save-60s
14:25:42 Saving config file
14:26:42 saveConfig: auto-save-60s
14:26:42 Saving config file
14:27:42 saveConfig: auto-save-60s
14:27:42 Saving config file
14:28:42 saveConfig: auto-save-60s
14:28:42 Saving config file
14:29:42 saveConfig: auto-save-60s
14:29:42 Saving config file
14:30:42 saveConfig: auto-save-60s
14:30:42 Saving config file
14:31:42 saveConfig: auto-save-60s
14:31:42 Saving config file
14:31:43 saveConfig: saving-data
14:31:43 Saving sacks file
14:32:42 saveConfig: auto-save-60s
14:32:42 Saving config file
14:33:42 saveConfig: auto-save-60s
14:33:42 Saving config file
14:34:42 saveConfig: auto-save-60s
14:34:42 Saving config file
14:35:42 saveConfig: auto-save-60s
14:35:42 Saving config file
14:36:42 saveConfig: auto-save-60s
14:36:42 Saving config file
14:37:42 saveConfig: auto-save-60s
14:37:42 Saving config file
14:38:22 saveConfig: saving-data
14:38:22 Saving sacks file
14:38:42 saveConfig: auto-save-60s
14:38:42 Saving config file
14:39:42 saveConfig: auto-save-60s
14:39:42 Saving config file
14:40:42 saveConfig: auto-save-60s
14:40:42 Saving config file
14:41:42 saveConfig: auto-save-60s
14:41:42 Saving config file
14:42:42 saveConfig: auto-save-60s
14:42:42 Saving config file
14:43:42 saveConfig: auto-save-60s
14:43:42 Saving config file
14:44:42 saveConfig: auto-save-60s
14:44:42 Saving config file
14:45:10 saveConfig: saving-data
14:45:10 Saving sacks file
14:45:42 saveConfig: auto-save-60s
14:45:42 Saving config file
14:46:42 saveConfig: auto-save-60s
14:46:42 Saving config file
14:47:42 saveConfig: auto-save-60s
14:47:42 Saving config file
14:48:42 saveConfig: auto-save-60s
14:48:42 Saving config file
14:49:42 saveConfig: auto-save-60s
14:49:42 Saving config file
14:50:42 saveConfig: auto-save-60s
14:50:42 Saving config file
14:51:42 saveConfig: auto-save-60s
14:51:42 Saving config file
14:52:42 saveConfig: auto-save-60s
14:52:42 Saving config file
14:53:42 saveConfig: auto-save-60s
14:53:42 Saving config file
14:54:42 saveConfig: auto-save-60s
14:54:42 Saving config file
14:55:42 saveConfig: auto-save-60s
14:55:42 Saving config file
14:56:42 saveConfig: auto-save-60s
14:56:42 Saving config file
14:57:42 saveConfig: auto-save-60s
14:57:42 Saving config file
14:58:42 saveConfig: auto-save-60s
14:58:42 Saving config file
14:59:42 saveConfig: auto-save-60s
14:59:42 Saving config file
15:00:42 saveConfig: auto-save-60s
15:00:42 Saving config file
15:01:42 saveConfig: auto-save-60s
15:01:42 Saving config file
15:02:42 saveConfig: auto-save-60s
15:02:42 Saving config file
15:03:42 saveConfig: auto-save-60s
15:03:42 Saving config file
15:04:42 saveConfig: auto-save-60s
15:04:42 Saving config file
15:05:42 saveConfig: auto-save-60s
15:05:42 Saving config file
15:06:42 saveConfig: auto-save-60s
15:06:42 Saving config file
15:07:42 saveConfig: auto-save-60s
15:07:42 Saving config file
15:08:42 saveConfig: auto-save-60s
15:08:42 Saving config file
15:09:42 saveConfig: auto-save-60s
15:09:42 Saving config file
15:10:42 saveConfig: auto-save-60s
15:10:42 Saving config file
15:11:42 saveConfig: auto-save-60s
15:11:42 Saving config file
15:12:42 saveConfig: auto-save-60s
15:12:42 Saving config file
15:13:42 saveConfig: auto-save-60s
15:13:42 Saving config file
15:14:42 saveConfig: auto-save-60s
15:14:42 Saving config file
15:15:42 saveConfig: auto-save-60s
15:15:42 Saving config file
15:16:42 saveConfig: auto-save-60s
15:16:42 Saving config file
15:17:42 saveConfig: auto-save-60s
15:17:42 Saving config file
15:18:42 saveConfig: auto-save-60s
15:18:42 Saving config file
15:19:42 saveConfig: auto-save-60s
15:19:42 Saving config file
15:20:42 saveConfig: auto-save-60s
15:20:42 Saving config file
15:21:42 saveConfig: auto-save-60s
15:21:42 Saving config file
15:22:42 saveConfig: auto-save-60s
15:22:42 Saving config file
15:23:42 saveConfig: auto-save-60s
15:23:42 Saving config file
15:24:42 saveConfig: auto-save-60s
15:24:42 Saving config file
15:25:42 saveConfig: auto-save-60s
15:25:42 Saving config file
15:26:42 saveConfig: auto-save-60s
15:26:42 Saving config file
15:27:42 saveConfig: auto-save-60s
15:27:42 Saving config file
15:28:42 saveConfig: auto-save-60s
15:28:42 Saving config file
15:29:42 saveConfig: auto-save-60s
15:29:42 Saving config file
15:30:42 saveConfig: auto-save-60s
15:30:42 Saving config file
15:31:42 saveConfig: auto-save-60s
15:31:42 Saving config file
15:32:42 saveConfig: auto-save-60s
15:32:42 Saving config file
15:33:42 saveConfig: auto-save-60s
15:33:42 Saving config file
15:34:42 saveConfig: auto-save-60s
15:34:42 Saving config file
15:35:42 saveConfig: auto-save-60s
15:35:42 Saving config file
15:36:42 saveConfig: auto-save-60s
15:36:42 Saving config file
15:37:42 saveConfig: auto-save-60s
15:37:42 Saving config file
15:38:42 saveConfig: auto-save-60s
15:38:42 Saving config file
15:39:42 saveConfig: auto-save-60s
15:39:42 Saving config file
15:40:42 saveConfig: auto-save-60s
15:40:42 Saving config file
15:41:42 saveConfig: auto-save-60s
15:41:42 Saving config file
15:42:42 saveConfig: auto-save-60s
15:42:42 Saving config file
15:43:42 saveConfig: auto-save-60s
15:43:42 Saving config file
15:44:42 saveConfig: auto-save-60s
15:44:42 Saving config file
15:45:42 saveConfig: auto-save-60s
15:45:42 Saving config file
15:46:42 saveConfig: auto-save-60s
15:46:42 Saving config file
15:47:42 saveConfig: auto-save-60s
15:47:42 Saving config file
15:48:42 saveConfig: auto-save-60s
15:48:42 Saving config file
15:49:42 saveConfig: auto-save-60s
15:49:42 Saving config file
15:50:42 saveConfig: auto-save-60s
15:50:42 Saving config file
15:51:42 saveConfig: auto-save-60s
15:51:42 Saving config file
15:52:42 saveConfig: auto-save-60s
15:52:42 Saving config file
15:53:42 saveConfig: auto-save-60s
15:53:42 Saving config file
15:54:42 saveConfig: auto-save-60s
15:54:42 Saving config file
15:55:42 saveConfig: auto-save-60s
15:55:42 Saving config file
15:56:42 saveConfig: auto-save-60s
15:56:42 Saving config file
15:57:42 saveConfig: auto-save-60s
15:57:42 Saving config file
15:58:42 saveConfig: auto-save-60s
15:58:42 Saving config file
15:59:42 saveConfig: auto-save-60s
15:59:42 Saving config file
16:00:42 saveConfig: auto-save-60s
16:00:42 Saving config file
16:01:42 saveConfig: auto-save-60s
16:01:42 Saving config file
16:02:42 saveConfig: auto-save-60s
16:02:42 Saving config file
16:03:42 saveConfig: auto-save-60s
16:03:42 Saving config file
16:04:42 saveConfig: auto-save-60s
16:04:42 Saving config file
16:05:42 saveConfig: auto-save-60s
16:05:42 Saving config file
16:06:42 saveConfig: auto-save-60s
16:06:42 Saving config file
16:07:42 saveConfig: auto-save-60s
16:07:42 Saving config file
16:08:42 saveConfig: auto-save-60s
16:08:42 Saving config file
16:09:42 saveConfig: auto-save-60s
16:09:42 Saving config file
16:10:42 saveConfig: auto-save-60s
16:10:42 Saving config file
16:11:42 saveConfig: auto-save-60s
16:11:42 Saving config file
16:12:42 saveConfig: auto-save-60s
16:12:42 Saving config file
16:13:42 saveConfig: auto-save-60s
16:13:42 Saving config file
16:14:42 saveConfig: auto-save-60s
16:14:42 Saving config file
16:15:42 saveConfig: auto-save-60s
16:15:42 Saving config file
16:16:42 saveConfig: auto-save-60s
16:16:42 Saving config file
16:17:42 saveConfig: auto-save-60s
16:17:42 Saving config file
16:18:42 saveConfig: auto-save-60s
16:18:42 Saving config file
16:19:42 saveConfig: auto-save-60s
16:19:42 Saving config file
16:20:42 saveConfig: auto-save-60s
16:20:42 Saving config file
16:21:42 saveConfig: auto-save-60s
16:21:42 Saving config file
16:22:42 saveConfig: auto-save-60s
16:22:42 Saving config file
16:23:42 saveConfig: auto-save-60s
16:23:42 Saving config file
16:24:42 saveConfig: auto-save-60s
16:24:42 Saving config file
16:25:42 saveConfig: auto-save-60s
16:25:42 Saving config file
16:26:42 saveConfig: auto-save-60s
16:26:42 Saving config file
16:27:42 saveConfig: auto-save-60s
16:27:42 Saving config file
16:28:42 saveConfig: auto-save-60s
16:28:42 Saving config file
16:29:42 saveConfig: auto-save-60s
16:29:42 Saving config file
16:30:42 saveConfig: auto-save-60s
16:30:42 Saving config file
16:31:42 saveConfig: auto-save-60s
16:31:42 Saving config file
16:32:42 saveConfig: auto-save-60s
16:32:42 Saving config file
16:33:42 saveConfig: auto-save-60s
16:33:42 Saving config file
16:34:42 saveConfig: auto-save-60s
16:34:42 Saving config file
16:35:42 saveConfig: auto-save-60s
16:35:42 Saving config file
16:36:42 saveConfig: auto-save-60s
16:36:42 Saving config file
16:37:17 saveConfig: saving-data
16:37:17 Saving sacks file
16:37:42 saveConfig: auto-save-60s
16:37:42 Saving config file
16:38:42 saveConfig: auto-save-60s
16:38:42 Saving config file
16:39:42 saveConfig: auto-save-60s
16:39:42 Saving config file
16:40:42 saveConfig: auto-save-60s
16:40:42 Saving config file
16:41:42 saveConfig: auto-save-60s
16:41:42 Saving config file
16:42:42 saveConfig: auto-save-60s
16:42:42 Saving config file
16:43:42 saveConfig: auto-save-60s
16:43:42 Saving config file
16:44:42 saveConfig: auto-save-60s
16:44:42 Saving config file
16:45:42 saveConfig: auto-save-60s
16:45:42 Saving config file
16:46:42 saveConfig: auto-save-60s
16:46:42 Saving config file
16:47:42 saveConfig: auto-save-60s
16:47:42 Saving config file
16:48:42 saveConfig: auto-save-60s
16:48:42 Saving config file
16:49:42 saveConfig: auto-save-60s
16:49:42 Saving config file
16:50:42 saveConfig: auto-save-60s
16:50:42 Saving config file
16:51:29 saveConfig: shutdown-hook
16:51:29 Saving config file
