20:59:36 §e[SkyHanni] You have gained §b375 §eBits.§r
21:06:52 §e[SkyHanni] §b+2 SkyBlock XP §7(Museum Donations§7)§b (74/100)§r
21:06:53 §e[SkyHanni] §b+2 SkyBlock XP §7(Museum Donations§7)§b (76/100)§r
21:07:20 §e[SkyHanni] §b+1 SkyBlock XP §7(Museum Donations§7)§b (77/100)§r
21:07:21 §e[SkyHanni] §b+1 SkyBlock XP §7(Museum Donations§7)§b (78/100)§r
21:07:22 §e[SkyHanni] §b+2 SkyBlock XP §7(Museum Donations§7)§b (80/100)§r
21:07:24 §e[SkyHanni] §b+1 SkyBlock XP §7(Museum Donations§7)§b (81/100)§r
21:09:33 §e[SkyHanni] §b+1 SkyBlock XP §7(Museum Donations§7)§b (82/100)§r
21:11:23 §e[SkyHanni] §b+2 SkyBlock XP §7(Museum Donations§7)§b (84/100)§r
21:11:46 §e[SkyHanni] §b+1 SkyBlock XP §7(Museum Donations§7)§b (85/100)§r
21:12:56 §e[SkyHanni] §b+1 SkyBlock XP §7(Museum Donations§7)§b (86/100)§r
21:13:12 §e[SkyHanni] §b+1 SkyBlock XP §7(Museum Donations§7)§b (87/100)§r
21:13:46 §e[SkyHanni] §b+1 SkyBlock XP §7(Museum Donations§7)§b (88/100)§r
21:14:10 §e[SkyHanni] §b+1 SkyBlock XP §7(Museum Donations§7)§b (89/100)§r
21:14:32 §e[SkyHanni] §b+1 SkyBlock XP §7(Museum Donations§7)§b (90/100)§r
21:14:54 §e[SkyHanni] §b+1 SkyBlock XP §7(Museum Donations§7)§b (91/100)§r
21:16:02 §e[SkyHanni] §b+1 SkyBlock XP §7(Museum Donations§7)§b (92/100)§r
21:16:04 §e[SkyHanni] §b+1 SkyBlock XP §7(Museum Donations§7)§b (93/100)§r
21:16:05 §e[SkyHanni] §b+1 SkyBlock XP §7(Museum Donations§7)§b (94/100)§r
21:16:52 §e[SkyHanni] §b+2 SkyBlock XP §7(Museum Donations§7)§b (96/100)§r
21:17:09 §e[SkyHanni] §b+1 SkyBlock XP §7(Museum Donations§7)§b (97/100)§r
21:20:59 §e[SkyHanni] §b+1 SkyBlock XP §7(Museum Donations§7)§b (98/100)§r
21:21:09 §e[SkyHanni] §b+2 SkyBlock XP §7(Museum Donations§7)§b (0/100)§r
21:21:10 §e[SkyHanni] §b+1 SkyBlock XP §7(Museum Donations§7)§b (1/100)§r
21:21:11 §e[SkyHanni] §b+1 SkyBlock XP §7(Museum Donations§7)§b (2/100)§r
21:21:12 §e[SkyHanni] §b+2 SkyBlock XP §7(Museum Donations§7)§b (4/100)§r
21:21:13 §e[SkyHanni] §b+2 SkyBlock XP §7(Museum Donations§7)§b (6/100)§r
21:21:30 §e[SkyHanni] §cYour Fuel is low!§r
21:21:30 §e[SkyHanni] §9Tia the Fairy §eis visiting your garden!§r
21:21:30 §e[SkyHanni] §9Dalbrek §eis visiting your garden!§r
21:21:30 §e[SkyHanni] §aLeo §eis visiting your garden!§r
21:21:30 §e[SkyHanni] §aEmissary Wilson §eis visiting your garden!§r
21:21:30 §e[SkyHanni] §aShaggy §eis visiting your garden!§r
21:21:31 §e[SkyHanni] Successfully loaded this year's contests from elitebot.dev automatically!§r
21:22:13 §e[SkyHanni] §b+2 SkyBlock XP §7(Museum Donations§7)§b (8/100)§r
21:24:09 §e[SkyHanni] §b+3 SkyBlock XP §7(Museum Donations§7)§b (11/100)§r
21:24:58 §e[SkyHanni] §b+1 SkyBlock XP §7(Museum Donations§7)§b (12/100)§r
21:25:48 §e[SkyHanni] §b+2 SkyBlock XP §7(Museum Donations§7)§b (14/100)§r
21:26:19 §e[SkyHanni] §b+1 SkyBlock XP §7(Museum Donations§7)§b (15/100)§r
21:26:32 §e[SkyHanni] §b+22 SkyBlock XP §7(Museum Donations§7)§b (37/100)§r
21:27:51 §e[SkyHanni] §b+2 SkyBlock XP §7(Museum Donations§7)§b (39/100)§r
21:28:18 §e[SkyHanni] §b+10 SkyBlock XP §7(Museum Donations§7)§b (49/100)§r
21:28:46 §e[SkyHanni] §b+3 SkyBlock XP §7(Museum Donations§7)§b (52/100)§r
21:30:11 §e[SkyHanni] You have gained §b375 §eBits.§r
21:31:20 §e[SkyHanni] §b+18 SkyBlock XP §7(Museum Donations§7)§b (70/100)§r
21:32:08 §e[SkyHanni] §b+5 SkyBlock XP §7(Museum Donations§7)§b (75/100)§r
21:32:14 §e[SkyHanni] §b+5 SkyBlock XP §7(Museum Donations§7)§b (80/100)§r
21:32:16 §e[SkyHanni] §b+5 SkyBlock XP §7(Museum Donations§7)§b (85/100)§r
21:32:41 §e[SkyHanni] §b+5 SkyBlock XP §7(Museum Donations§7)§b (90/100)§r
22:00:43 §e[SkyHanni] You have gained §b378 §eBits.§r
22:07:07 §6§lBESTIARY §r§b§lSkeleton Lord §7§8XVI §8➡§b §bXVII§r
22:10:38 §c§l1. DEATH!§r
22:10:39 §c§l2. DEATH!§r
22:10:55 §c§l3. DEATH!§r
22:11:30 §c§l4. DEATH!§r
22:12:06 §c§l5. DEATH!§r
22:12:13 §c§l6. DEATH!§r
22:12:13 §e[SkyHanni] You are close to the Croesus Limit. Please open your chests!§r
22:25:58 §c§l1. DEATH!§r
22:26:12 §e[SkyHanni] You are close to the Croesus Limit. Please open your chests!§r
22:26:29 §e[SkyHanni] You have gained §b38 §eBits.§r
22:27:01 §c[SkyHanni-0.27.Beta.12]: Unknown Crimson Isle quest: '✖ Force Rank F'§c. Click here to copy the error into the clipboard.§r
22:27:01 §e[SkyHanni] Reset Reputation Helper.§r
22:28:17 §6§lBESTIARY §r§b§lTentacle §7§8VI §8➡§b §bVII§r
22:29:41 §e[SkyHanni] You have gained §b45 §eBits.§r
22:29:42 §e[SkyHanni] Reset Reputation Helper.§r
22:30:42 §e[SkyHanni] You have gained §b18 §eBits.§r
22:31:15 §e[SkyHanni] You have gained §b18 §eBits.§r
22:31:21 §e[SkyHanni] You have gained §b378 §eBits.§r
22:31:38 §e[SkyHanni] You have gained §b18 §eBits.§r
22:31:56 §e[SkyHanni] You have gained §b18 §eBits.§r
22:32:02 §6§lBESTIARY §r§b§lFlaming Spider §7§8VII §8➡§b §bVIII§r
22:32:04 §e[SkyHanni] You have gained §b18 §eBits.§r
22:32:26 §e[SkyHanni] You have gained §b18 §eBits.§r
22:32:42 §e[SkyHanni] You have gained §b18 §eBits.§r
22:33:14 §e[SkyHanni] You have gained §b18 §eBits.§r
22:33:20 §6§lBESTIARY §r§b§lMagma Cube Rider §7§8IX §8➡§b §bX§r
22:33:26 §e[SkyHanni] You have gained §b18 §eBits.§r
22:33:35 §e[SkyHanni] You have gained §b18 §eBits.§r
22:34:07 §e[SkyHanni] You have gained §b18 §eBits.§r
22:34:27 §e[SkyHanni] You have gained §b18 §eBits.§r
22:34:57 §e[SkyHanni] You have gained §b18 §eBits.§r
22:35:14 §e[SkyHanni] You have gained §b18 §eBits.§r
22:35:15 §6§lBESTIARY §r§b§lFlaming Spider §7§8VIII §8➡§b §bIX§r
22:35:31 §e[SkyHanni] You have gained §b36 §eBits.§r
22:35:49 §e[SkyHanni] You have gained §b18 §eBits.§r
22:38:11 §e[SkyHanni] You have gained §b18 §eBits.§r
22:38:21 §e[SkyHanni] You have gained §b18 §eBits.§r
22:38:29 §e[SkyHanni] You have gained §b18 §eBits.§r
22:38:43 §e[SkyHanni] You have gained §b18 §eBits.§r
22:38:57 §e[SkyHanni] You have gained §b18 §eBits.§r
22:39:20 §e[SkyHanni] You have gained §b18 §eBits.§r
22:39:48 §e[SkyHanni] You have gained §b18 §eBits.§r
22:40:00 §e[SkyHanni] You have gained §b36 §eBits.§r
22:40:27 §e[SkyHanni] You have gained §b18 §eBits.§r
22:40:38 §e[SkyHanni] You have gained §b18 §eBits.§r
22:40:49 §6§lBESTIARY §r§b§lFlaming Spider §7§8IX §8➡§b §bX§r
22:40:52 §e[SkyHanni] You have gained §b18 §eBits.§r
22:42:09 §6§lBESTIARY §r§b§lMagma Cube Rider §7§8X §8➡§b §bXI§r
22:42:18 §e[SkyHanni] You have gained §b18 §eBits.§r
22:42:26 §e[SkyHanni] You have gained §b18 §eBits.§r
22:42:34 §e[SkyHanni] You have gained §b36 §eBits.§r
22:42:51 §e[SkyHanni] You have gained §b18 §eBits.§r
22:43:01 §e[SkyHanni] You have gained §b18 §eBits.§r
22:43:14 §e[SkyHanni] You have gained §b18 §eBits.§r
22:43:34 §e[SkyHanni] You have gained §b36 §eBits.§r
22:44:06 §e[SkyHanni] You have gained §b18 §eBits.§r
22:44:17 §e[SkyHanni] You have gained §b18 §eBits.§r
22:44:35 §e[SkyHanni] You have gained §b18 §eBits.§r
22:44:49 §e[SkyHanni] You have gained §b18 §eBits.§r
22:45:01 §e[SkyHanni] You have gained §b18 §eBits.§r
22:45:16 §e[SkyHanni] You have gained §b18 §eBits.§r
22:45:29 §e[SkyHanni] You have gained §b18 §eBits.§r
22:46:12 §e[SkyHanni] You have gained §b18 §eBits.§r
22:46:26 §e[SkyHanni] You have gained §b18 §eBits.§r
22:46:45 §e[SkyHanni] You have gained §b18 §eBits.§r
22:46:58 §e[SkyHanni] You have gained §b18 §eBits.§r
22:47:16 §e[SkyHanni] You have gained §b36 §eBits.§r
22:47:30 §e[SkyHanni] You have gained §b18 §eBits.§r
22:47:46 §e[SkyHanni] You have gained §b18 §eBits.§r
22:47:56 §e[SkyHanni] You have gained §b18 §eBits.§r
22:48:11 §e[SkyHanni] You have gained §b18 §eBits.§r
22:48:28 §e[SkyHanni] You have gained §b18 §eBits.§r
22:49:43 §e[SkyHanni] You have gained §b18 §eBits.§r
22:49:54 §e[SkyHanni] You have gained §b36 §eBits.§r
22:50:08 §e[SkyHanni] You have gained §b18 §eBits.§r
22:50:20 §e[SkyHanni] You have gained §b18 §eBits.§r
22:50:38 §e[SkyHanni] You have gained §b36 §eBits.§r
22:51:07 §e[SkyHanni] You have gained §b18 §eBits.§r
22:51:17 §e[SkyHanni] You have gained §b18 §eBits.§r
22:51:27 §e[SkyHanni] You have gained §b18 §eBits.§r
22:51:47 §e[SkyHanni] You have gained §b18 §eBits.§r
22:51:56 §e[SkyHanni] You have gained §b18 §eBits.§r
22:52:10 §e[SkyHanni] You have gained §b18 §eBits.§r
22:52:26 §e[SkyHanni] You have gained §b18 §eBits.§r
22:52:46 §e[SkyHanni] You have gained §b18 §eBits.§r
22:53:03 §e[SkyHanni] You have gained §b18 §eBits.§r
22:53:14 §e[SkyHanni] You have gained §b18 §eBits.§r
22:53:16 §6§lBESTIARY §r§b§lFlaming Spider §7§8X §8➡§b §bXI§r
22:53:25 §e[SkyHanni] You have gained §b18 §eBits.§r
22:53:39 §e[SkyHanni] You have gained §b18 §eBits.§r
22:53:49 §e[SkyHanni] You have gained §b36 §eBits.§r
22:54:02 §6§lBESTIARY §r§b§lMagma Cube Rider §7§8XI §8➡§b §bXII§r
22:54:04 §e[SkyHanni] You have gained §b18 §eBits.§r
22:54:31 §e[SkyHanni] You have gained §b18 §eBits.§r
22:54:48 §e[SkyHanni] You have gained §b36 §eBits.§r
22:59:33 §e[SkyHanni] You have gained §b18 §eBits.§r
23:00:01 §e[SkyHanni] You have gained §b18 §eBits.§r
23:00:10 §e[SkyHanni] You have gained §b18 §eBits.§r
23:00:24 §e[SkyHanni] You have gained §b18 §eBits.§r
23:01:27 §e[SkyHanni] You have gained §b378 §eBits.§r
23:01:54 §e[SkyHanni] You have gained §b18 §eBits.§r
23:02:06 §e[SkyHanni] You have gained §b18 §eBits.§r
23:02:19 §e[SkyHanni] You have gained §b18 §eBits.§r
23:02:44 §e[SkyHanni] You have gained §b18 §eBits.§r
23:02:59 §e[SkyHanni] You have gained §b18 §eBits.§r
