23:46:37 §f §r§r§r§f §r§r§r§1 §r§r§r§0 §r§r§r§2 §r§r§r§f §r§r§r§f §r§r§r§2 §r§r§r§0 §r§r§r§4 §r§r§r§3 §r§r§r§9 §r§r§r§2 §r§r§r§0 §r§r§r§0 §r§r§r§3 §r§r§r§9 §r§r§r§2 §r§r§r§0 §r§r§r§0 §r§r§r§3 §r§r§r§9 §r§r§r§2 §r§r§r§0 §r§r§r§0 
23:46:46 §8 §r§8 §r§1 §r§3 §r§3 §r§7 §r§8 
23:46:48 
23:46:48 
23:46:56 
23:46:56 
23:51:17 §8 §r§8 §r§1 §r§3 §r§3 §r§7 §r§8 
23:51:34 §8 §r§8 §r§1 §r§3 §r§3 §r§7 §r§8 
23:53:07 §8 §r§8 §r§1 §r§3 §r§3 §r§7 §r§8 
23:53:19 §8 §r§8 §r§1 §r§3 §r§3 §r§7 §r§8 
23:55:17 §8 §r§8 §r§1 §r§3 §r§3 §r§7 §r§8 
23:56:22 §8 §r§8 §r§1 §r§3 §r§3 §r§7 §r§8 
23:58:29 §f
23:58:29 §f
23:58:39 
23:59:18 §8 §r§8 §r§1 §r§3 §r§3 §r§7 §r§8 
23:59:32 §8 §r§8 §r§1 §r§3 §r§3 §r§7 §r§8 
00:01:49 §f
00:01:55 §8 §r§8 §r§1 §r§3 §r§3 §r§7 §r§8 
00:02:09 §8 §r§8 §r§1 §r§3 §r§3 §r§7 §r§8 
00:04:26 §8 §r§8 §r§1 §r§3 §r§3 §r§7 §r§8 
00:04:48 §8 §r§8 §r§1 §r§3 §r§3 §r§7 §r§8 
00:06:55 §8 §r§8 §r§1 §r§3 §r§3 §r§7 §r§8 
00:07:39 §8 §r§8 §r§1 §r§3 §r§3 §r§7 §r§8 
00:08:48 §8 §r§8 §r§1 §r§3 §r§3 §r§7 §r§8 
00:08:53 §8 §r§8 §r§1 §r§3 §r§3 §r§7 §r§8 
00:09:12 §8 §r§8 §r§1 §r§3 §r§3 §r§7 §r§8 
00:11:15 §8 §r§8 §r§1 §r§3 §r§3 §r§7 §r§8 
00:11:37 §8 §r§8 §r§1 §r§3 §r§3 §r§7 §r§8 
00:13:28 §8 §r§8 §r§1 §r§3 §r§3 §r§7 §r§8 
00:13:36 §8 §r§8 §r§1 §r§3 §r§3 §r§7 §r§8 
00:15:21 §8 §r§8 §r§1 §r§3 §r§3 §r§7 §r§8 
00:15:29 §8 §r§8 §r§1 §r§3 §r§3 §r§7 §r§8 
00:16:23 
00:16:24 
00:16:24 
00:16:24 
00:16:25 
00:16:25 
00:16:26 §8 §r§8 §r§1 §r§3 §r§3 §r§7 §r§8 
00:16:49 §8 §r§8 §r§1 §r§3 §r§3 §r§7 §r§8 
00:18:13 §8 §r§8 §r§1 §r§3 §r§3 §r§7 §r§8 
00:18:22 §8 §r§8 §r§1 §r§3 §r§3 §r§7 §r§8 
00:19:42 §8 §r§8 §r§1 §r§3 §r§3 §r§7 §r§8 
00:19:51 §8 §r§8 §r§1 §r§3 §r§3 §r§7 §r§8 
00:21:08 §8 §r§8 §r§1 §r§3 §r§3 §r§7 §r§8 
00:21:17 §8 §r§8 §r§1 §r§3 §r§3 §r§7 §r§8 
00:23:30 §8 §r§8 §r§1 §r§3 §r§3 §r§7 §r§8 
00:23:54 §8 §r§8 §r§1 §r§3 §r§3 §r§7 §r§8 
00:25:39 §8 §r§8 §r§1 §r§3 §r§3 §r§7 §r§8 
00:25:53 §8 §r§8 §r§1 §r§3 §r§3 §r§7 §r§8 
00:27:17 §8 §r§8 §r§1 §r§3 §r§3 §r§7 §r§8 
00:27:36 §8 §r§8 §r§1 §r§3 §r§3 §r§7 §r§8 
00:28:39  
00:29:41 §8 §r§8 §r§1 §r§3 §r§3 §r§7 §r§8 
00:30:05 §8 §r§8 §r§1 §r§3 §r§3 §r§7 §r§8 
00:31:17 §8 §r§8 §r§1 §r§3 §r§3 §r§7 §r§8 
00:32:08 §8 §r§8 §r§1 §r§3 §r§3 §r§7 §r§8 
00:34:15 §8 §r§8 §r§1 §r§3 §r§3 §r§7 §r§8 
00:35:04 §8 §r§8 §r§1 §r§3 §r§3 §r§7 §r§8 
00:36:14 §8 §r§8 §r§1 §r§3 §r§3 §r§7 §r§8 
00:36:47 §8 §r§8 §r§1 §r§3 §r§3 §r§7 §r§8 
00:38:11 §8 §r§8 §r§1 §r§3 §r§3 §r§7 §r§8 
00:38:19 §8 §r§8 §r§1 §r§3 §r§3 §r§7 §r§8 
00:39:48 §8 §r§8 §r§1 §r§3 §r§3 §r§7 §r§8 
00:40:04 §8 §r§8 §r§1 §r§3 §r§3 §r§7 §r§8 
00:42:06 §8 §r§8 §r§1 §r§3 §r§3 §r§7 §r§8 
00:42:15 §8 §r§8 §r§1 §r§3 §r§3 §r§7 §r§8 
00:43:53 §8 §r§8 §r§1 §r§3 §r§3 §r§7 §r§8 
00:44:03 §8 §r§8 §r§1 §r§3 §r§3 §r§7 §r§8 
00:45:18 
00:45:18 
00:45:59 §8 §r§8 §r§1 §r§3 §r§3 §r§7 §r§8 
00:46:42 §8 §r§8 §r§1 §r§3 §r§3 §r§7 §r§8 
00:47:54 §8 §r§8 §r§1 §r§3 §r§3 §r§7 §r§8 
00:48:14 §8 §r§8 §r§1 §r§3 §r§3 §r§7 §r§8 
00:49:37 §8 §r§8 §r§1 §r§3 §r§3 §r§7 §r§8 
00:49:47 §8 §r§8 §r§1 §r§3 §r§3 §r§7 §r§8 
00:51:52 §8 §r§8 §r§1 §r§3 §r§3 §r§7 §r§8 
00:52:23 §8 §r§8 §r§1 §r§3 §r§3 §r§7 §r§8 
00:54:09 §8 §r§8 §r§1 §r§3 §r§3 §r§7 §r§8 
00:54:24 §8 §r§8 §r§1 §r§3 §r§3 §r§7 §r§8 
00:55:24 
00:55:24 
00:56:57 §8 §r§8 §r§1 §r§3 §r§3 §r§7 §r§8 
00:57:09 §8 §r§8 §r§1 §r§3 §r§3 §r§7 §r§8 
00:58:59 §8 §r§8 §r§1 §r§3 §r§3 §r§7 §r§8 
00:59:34 §8 §r§8 §r§1 §r§3 §r§3 §r§7 §r§8 
01:01:20 §8 §r§8 §r§1 §r§3 §r§3 §r§7 §r§8 
01:01:41 §8 §r§8 §r§1 §r§3 §r§3 §r§7 §r§8 
01:03:04 §8 §r§8 §r§1 §r§3 §r§3 §r§7 §r§8 
01:03:25 §8 §r§8 §r§1 §r§3 §r§3 §r§7 §r§8 
01:05:26 §8 §r§8 §r§1 §r§3 §r§3 §r§7 §r§8 
01:09:29 §8 §r§8 §r§1 §r§3 §r§3 §r§7 §r§8 
