23:46:45 §7Sending to server mini29AT...
23:51:17 §7Warping...
23:51:17 §7Sending to server mini28DB...
23:51:34 §7Sending to server mini1018G...
23:53:04 §7Warping...
23:53:05 §7Sending to server mini191R...
23:53:18 §7Sending to server mini78BQ...
23:55:16 §7Warping...
23:55:16 §7Sending to server mini73DG...
23:56:21 §7Warping...
23:56:21 §7Sending to server mini91BD...
23:59:17 §7Warping...
23:59:18 §7Sending to server mini96CA...
23:59:31 §7Sending to server mini143BK...
00:01:55 §7Warping...
00:01:55 §7Sending to server mini220E...
00:02:08 §7Sending to server mini72CF...
00:04:25 §7Warping...
00:04:25 §7Sending to server mini18P...
00:04:26 §7Warping...
00:04:47 §7Sending to server mini142Q...
00:06:55 §7Warping...
00:06:55 §7Sending to server mini1AJ...
00:07:38 §7Sending to server mini38DG...
00:08:46 §7Warping...
00:08:47 §7Sending to server mini185CP...
00:08:49 §7Warping...
00:08:52 §7Warping...
00:08:53 §7Sending to server mini20CN...
00:09:12 §7Sending to server mini1011C...
00:11:15 §7Warping...
00:11:15 §7Sending to server mini20D...
00:11:36 §7Sending to server mini145AS...
00:13:27 §7Warping...
00:13:27 §7Sending to server mini1005K...
00:13:35 §7Sending to server mini29AP...
00:15:20 §7Warping...
00:15:20 §7Sending to server mini1031P...
00:15:28 §7Sending to server mini78BQ...
00:16:25 §7Warping...
00:16:25 §7Sending to server mini71AK...
00:16:48 §7Sending to server mini9BV...
00:18:12 §7Warping...
00:18:12 §7Sending to server mini220E...
00:18:21 §7Sending to server mini223E...
00:19:41 §7Warping...
00:19:42 §7Sending to server mini18P...
00:19:50 §7Sending to server mini74DN...
00:21:07 §7Warping...
00:21:07 §7Sending to server mini200C...
00:21:16 §7Sending to server mini75U...
00:23:30 §7Warping...
00:23:30 §7Sending to server mini70CW...
00:23:53 §7Sending to server mini80CH...
00:25:39 §7Warping...
00:25:39 §7Sending to server mini197CA...
00:25:52 §7Sending to server mini12AU...
00:27:17 §7Warping...
00:27:17 §7Sending to server mini70CW...
00:27:35 §7Sending to server mini65BR...
00:29:41 §7Warping...
00:29:41 §7Sending to server mini87AM...
00:30:04 §7Sending to server mini241U...
00:31:16 §7Warping...
00:31:16 §7Sending to server mini191R...
00:32:07 §7Sending to server mini1017G...
00:34:14 §7Warping...
00:34:14 §7Sending to server mini87CA...
00:35:03 §7Sending to server mini3E...
00:36:13 §7Warping...
00:36:13 §7Sending to server mini157D...
00:36:46 §7Sending to server mini73G...
00:38:10 §7Warping...
00:38:10 §7Sending to server mini156DK...
00:38:18 §7Sending to server mini9DA...
00:39:47 §7Warping...
00:39:47 §7Sending to server mini92BG...
00:40:04 §7Sending to server mini248R...
00:42:05 §7Warping...
00:42:05 §7Sending to server mini92S...
00:42:14 §7Sending to server mini3E...
00:43:52 §7Warping...
00:43:52 §7Sending to server mini197CA...
00:44:02 §7Sending to server mini91CS...
00:45:58 §7Warping...
00:45:58 §7Sending to server mini155BU...
00:46:41 §7Sending to server mini65DQ...
00:47:53 §7Warping...
00:47:53 §7Sending to server mini1021E...
00:48:12 §7Sending to server mini23AJ...
00:49:37 §7Warping...
00:49:37 §7Sending to server mini141CN...
00:49:47 §7Sending to server mini82CC...
00:51:52 §7Warping...
00:51:52 §7Sending to server mini155BU...
00:52:22 §7Sending to server mini189CW...
00:54:08 §7Warping...
00:54:08 §7Sending to server mini80DC...
00:54:23 §7Sending to server mini15CE...
00:56:57 §7Warping...
00:56:57 §7Sending to server mini29BA...
00:57:08 §7Sending to server mini22AP...
00:58:58 §7Warping...
00:58:58 §7Sending to server mini69F...
00:59:33 §7Sending to server mini14DK...
01:01:19 §7Warping...
01:01:19 §7Sending to server mini39M...
01:01:40 §7Sending to server mini37E...
01:03:03 §7Warping...
01:03:03 §7Sending to server mini1AJ...
01:03:24 §7Sending to server mini30CT...
01:05:26 §7Warping...
01:05:26 §7Sending to server mini70BH...
01:09:28 §7Warping...
01:09:28 §7Sending to server mini197DD...
