12:31:24 [allowed] §b§m--------------§r§f  §r§aGuild: Message Of The Day  §r§b§m--------------
12:31:24 [allowed] §b| §r§f[22] [MVP+] Sebbebas Ⓑ: you should give me foraging 50 on my main
12:31:24 [allowed] §b| §r§f[22] [MVP+] Sebbebas Ⓑ: wink wink
12:31:24 [allowed] §b| §r§f[300] [ADMIN] LadyBleu: you almost had iit until you winked
12:31:24 [allowed] §b| §r§f[22] [MVP+] Sebbebas Ⓑ: :(
12:31:24 [allowed] §b| §r§f[300] [ADMIN] LadyBleu: biig mistaake
12:31:24 [allowed] §b§m-----------------------------------------------------
12:31:27 [allowed] §aYou have §b1 §aunclaimed leveling reward!
12:31:27 [allowed] §eClick here to view it!
12:31:28 [allowed] §a§aYou tipped 25 players in 15 different games!
12:31:33 [allowed] §a§aYou tipped AoNekosan in Blitz SG!
12:31:38 [allowed] §a§aYou tipped joshiepea63 in The TNT Games!
12:31:43 [allowed] §a§aYou tipped ThatFishyCombo in Mega Walls!
12:31:48 [allowed] §a§aYou tipped Miox8Minecraft in Arcade Games!
12:31:52 [allowed] §eYou haven't claimed your §r§6Summer Rewards §r§eyet!
12:31:52 [allowed] §eTalk to the §r§bSummer Sloth §r§ein the §r§aHub!
12:31:52 [allowed] §aSince you've been away you earned §r§669,091 coins §r§aas interest in your personal bank account!
12:31:53 [allowed] §cYou are sending commands too fast! Please slow down.
12:31:53 [allowed] §a§aYou tipped cosmo048 in UHC Champions!
12:31:54 [allowed] §cYou are sending commands too fast! Please slow down.
12:31:54 [allowed] §eLatest update: §bSkyBlock v0.20.3 §e§lCLICK
12:31:58 [allowed] §a§aYou tipped _Tivious_ in Cops and Crims!
12:32:03 [allowed] §a§aYou tipped SolarSphere in Warlords!
12:32:08 [allowed] §a§aYou tipped idopomp in Smash Heroes!
12:32:09 [allowed] §5§l✯ §r§eA §r§5Fallen Star §r§ehas crashed at §r§bFar Reserve§r§e! Nearby ore and Powder drops are amplified!
12:32:11 [allowed] §eYou haven't claimed your §r§6Summer Rewards §r§eyet!
12:32:11 [allowed] §eTalk to the §r§bSummer Sloth §r§ein the §r§aHub!
12:32:13 [allowed] §a§aYou tipped Neltha_arion in SkyWars!
12:32:18 [allowed] §cThat player is not online, try another user!
12:32:33 [allowed] §d§lHOPPITY'S HUNT §r§dA §r§aChocolate Dinner Egg §r§dhas appeared!
12:32:33 [allowed] §aYou sold §r§fEnder Pearl§r§8 x16 §r§afor §r§6112 Coins§r§a!
12:32:34 [allowed] §aYou bought §r§fGunpowder §r§afor §r§610 Coins§r§a!
12:32:43 [allowed] §aYou bought §r§fSugar Cane§r§8 x3 §r§afor §r§630 Coins§r§a!
12:33:02 [allowed] §aYou sold §r§fPaper§r§8 x2 §r§afor §r§64 Coins§r§a!
12:33:02 [allowed] §aYou sold §r§fFirework Rocket§r§8 x1 §r§afor §r§62 Coins§r§a!
12:33:03 [allowed] §aYou bought back §r§fFirework Rocket§r§8 x1 §r§afor §r§62 Coins§r§a!
12:33:10 [allowed] §eYou haven't claimed your §r§6Summer Rewards §r§eyet!
12:33:10 [allowed] §eTalk to the §r§bSummer Sloth §r§ein the §r§aHub!
12:33:11 [allowed] §cYou are sending commands too fast! Please slow down.
12:33:19 [allowed] §c ☠ §r§7§r§7DragonBoi87453§r§7 was killed by Glacite Walker§r§7§r§7.
12:33:27 [allowed] §e[NPC] Fetchur§f: §rhi i need your help maybe
12:33:29 [allowed] §e[NPC] Fetchur§f: §rim looking for some stuff, dont remember the name tbh
12:33:30 [allowed] §e[NPC] Fetchur§f: §rits useful during celebrations
12:33:32 [allowed] §e[NPC] Fetchur§f: §ri need 1 pls
12:33:32 [allowed] §e[NPC] Fetchur§f: §rthanks thats probably what i needed
12:33:32 [allowed] §aYou received these rewards:
12:33:32 [allowed]   §r§8+§r§620,000 Coins
12:33:32 [allowed]   §r§8+§r§21,000 Mithril Powder
12:33:34 [allowed] §e[NPC] Fetchur§f: §rtake some gifts!
12:33:39 [allowed] §8Depositing coins...
12:33:39 [allowed] §aYou have deposited §r§620k coins§r§a! You now have §r§63.5M coins §r§ain your account!
12:34:09 [allowed] ▬▬▬▬▬▬▬▬▬▬▬▬▬▬▬▬▬▬▬▬▬▬▬▬▬▬▬▬▬▬▬▬▬▬▬▬▬▬▬▬▬▬▬▬▬▬▬▬▬▬▬▬▬▬▬▬▬▬▬▬▬▬▬▬
12:34:09 [allowed] §f                                §r§e§k#§r§6 LEVEL UP! §r§e§k#
12:34:09 [allowed] §f                       §r§7You are now §r§eEvent Level §r§616§r§7!
12:34:09 [allowed] §f                       §r§7You earned §r§f26 Event Silver§r§7!
12:34:09 [allowed] ▬▬▬▬▬▬▬▬▬▬▬▬▬▬▬▬▬▬▬▬▬▬▬▬▬▬▬▬▬▬▬▬▬▬▬▬▬▬▬▬▬▬▬▬▬▬▬▬▬▬▬▬▬▬▬▬▬▬▬▬▬▬▬▬
12:34:38 [allowed] §8[§r§718§r§8] §r§a[VIP] Vishvv §7Ⓑ§f§r§f: imagine a maxed divan player stealing a lvl 11 players titanium
12:34:39 [allowed] §a§aYou were tipped by 1 player in the last minute!
12:34:39 [allowed] §a§l+5 Kill Combo §r§8§r§b+1✯ Magic Find
12:34:44 [allowed] §aThe wind has changed direction!
12:34:50 [allowed] §a§l+10 Kill Combo §r§8+§r§62 §r§7coins per kill
12:34:51 [allowed] §c ☠ §r§7§r§7DragonBoi87453§r§7 was killed by Glacite Walker§r§7§r§7.
12:34:58 [allowed] §cYour Kill Combo has expired! You reached a 12 Kill Combo!
12:35:03 [allowed] §6§lRARE DROP! §r§9Goblin Egg §r§b(+§r§b50% §r§b✯ Magic Find§r§b)
12:35:09 [allowed] §8[§r§718§r§8] §r§a[VIP] Vishvv §7Ⓑ§f§r§f: :stare: OutLiving
12:35:11 [allowed] §a§l+5 Kill Combo §r§8§r§b+1✯ Magic Find
12:35:14 [allowed] §aThe wind has changed direction!
12:35:15 [allowed] §a§l+10 Kill Combo §r§8+§r§62 §r§7coins per kill
12:35:16 [allowed] §8[§r§f59§r§8] §r§a[VIP§6+§a] OllyBoi§f§r§f: i hate when people steal your titanium bruh
12:35:18 [allowed] §9§l+15 Kill Combo §r§8§r§b+1✯ Magic Find
12:35:24 [allowed] §5§l+20 Kill Combo §r§8§r§3+5☯ Combat Wisdom
12:35:28 [allowed] §5§l+25 Kill Combo §r§8§r§b+1✯ Magic Find
12:35:29 [allowed] §8[§r§2167§r§8] §r§a[VIP] Goat_Nuts§f§r§f: then mine it fr
12:35:30 [allowed] §cYour Kill Combo has expired! You reached a 25 Kill Combo!
12:35:32 [allowed] §8[§r§718§r§8] §r§a[VIP] Vishvv §7Ⓑ§f§r§f: and he has like maxed divan gear
12:35:38 [allowed] §a§l+5 Kill Combo §r§8§r§b+1✯ Magic Find
12:35:41 [allowed] §a§l+10 Kill Combo §r§8+§r§62 §r§7coins per kill
12:35:44 [allowed] §aThe wind has changed direction!
12:35:44 [allowed] §8[§r§f59§r§8] §r§a[VIP§6+§a] OllyBoi§f§r§f: bro we're trying to D:
12:35:48 [allowed] §9§l+15 Kill Combo §r§8§r§b+1✯ Magic Find
12:35:48 [allowed] §aThe Goblin was carrying a bag of coins! +§r§69,091 Coins§r§a!
12:35:49 [allowed] §8[§r§3243§r§8] §r§7α §r§b[MVP§6+§b] OutLiving§f§r§f: Vishvv u r a creature
12:35:53 [allowed] §5§l+20 Kill Combo §r§8§r§3+5☯ Combat Wisdom
12:35:54 [allowed] §8[§r§718§r§8] §r§a[VIP] Vishvv §7Ⓑ§f§r§f: ik
12:35:59 [allowed] §5§l+25 Kill Combo §r§8§r§b+1✯ Magic Find
12:36:01 [allowed] §6§l+30 Kill Combo §r§8+§r§62 §r§7coins per kill
12:36:02 [allowed] §8[§r§718§r§8] §r§a[VIP] Vishvv §7Ⓑ§f§r§f: all humans are creatures
12:36:03 [allowed] §cYour Kill Combo has expired! You reached a 30 Kill Combo!
12:36:09 [allowed] §8[§r§3243§r§8] §r§7α §r§b[MVP§6+§b] OutLiving§f§r§f: funny now go outside
12:36:11 [allowed] §a§l+5 Kill Combo §r§8§r§b+1✯ Magic Find
12:36:15 [allowed] §a§l+10 Kill Combo §r§8+§r§62 §r§7coins per kill
12:36:17 [allowed] §8[§r§718§r§8] §r§a[VIP] Vishvv §7Ⓑ§f§r§f: cant its raining
12:36:21 [allowed] §9§l+15 Kill Combo §r§8§r§b+1✯ Magic Find
12:36:23 [allowed] §5§l+20 Kill Combo §r§8§r§3+5☯ Combat Wisdom
12:36:27 [allowed] §8[§r§f51§r§8] §r§a[VIP] GeG712§f§r§f: I need 150 comissions more for hotm6 :o
12:36:28 [allowed] §5§l+25 Kill Combo §r§8§r§b+1✯ Magic Find
12:36:32 [allowed] §cYour Kill Combo has expired! You reached a 28 Kill Combo!
12:36:37 [allowed] §aYou sold §r§2◆ Gem Rune I§r§8 x1 §r§afor §r§61 Coin§r§a!
12:36:41 [allowed] §a§l+5 Kill Combo §r§8§r§b+1✯ Magic Find
12:36:41 [allowed] §6§lRARE DROP! §r§9Goblin Egg §r§b(+§r§b50% §r§b✯ Magic Find§r§b)
12:36:44 [allowed] §a§l+10 Kill Combo §r§8+§r§62 §r§7coins per kill
12:36:48 [allowed] §9§l+15 Kill Combo §r§8§r§b+1✯ Magic Find
12:36:54 [allowed] §5§l+20 Kill Combo §r§8§r§3+5☯ Combat Wisdom
12:36:57 [allowed] §aThe Goblin was carrying a bag of coins! +§r§65,867 Coins§r§a!
12:36:57 [allowed] §5§l+25 Kill Combo §r§8§r§b+1✯ Magic Find
12:37:00 [allowed] §6§l+30 Kill Combo §r§8+§r§62 §r§7coins per kill
12:37:04 [allowed] §6The sound of pickaxes clashing against the rock has attracted the attention of the §r§6§lPOWDER GHAST!
12:37:04 [allowed] §eFind the §r§6Powder Ghast§r§e near the §r§bDivan's Gateway§r§e!
12:37:05 [allowed] §c ☠ §r§7§r§7DragonBoi87453§r§7 was killed by Glacite Walker§r§7§r§7.
12:37:07 [allowed] §cYour Kill Combo has expired! You reached a 34 Kill Combo!
12:37:10 [allowed] §a§l+5 Kill Combo §r§8§r§b+1✯ Magic Find
12:37:13 [allowed] §aThe Goblin was carrying a bag of coins! +§r§61,712 Coins§r§a!
12:37:15 [allowed] §aThe wind has changed direction!
12:37:17 [allowed] §a§l+10 Kill Combo §r§8+§r§62 §r§7coins per kill
12:37:20 [allowed] §9§l+15 Kill Combo §r§8§r§b+1✯ Magic Find
12:37:27 [allowed] §5§l+20 Kill Combo §r§8§r§3+5☯ Combat Wisdom
12:37:31 [allowed] §5§l+25 Kill Combo §r§8§r§b+1✯ Magic Find
12:37:35 [allowed] §cYour Kill Combo has expired! You reached a 28 Kill Combo!
12:37:39 [allowed] §a§aYou were tipped by 1 player in the last minute!
12:37:43 [allowed] §a§l+5 Kill Combo §r§8§r§b+1✯ Magic Find
12:37:47 [allowed] §a§l+10 Kill Combo §r§8+§r§62 §r§7coins per kill
12:37:51 [allowed] §9§l+15 Kill Combo §r§8§r§b+1✯ Magic Find
12:37:54 [allowed] §5§l+20 Kill Combo §r§8§r§3+5☯ Combat Wisdom
12:38:00 [allowed] §cYour Kill Combo has expired! You reached a 22 Kill Combo!
12:38:06 [allowed] §a§l+5 Kill Combo §r§8§r§b+1✯ Magic Find
12:38:10 [allowed] §a§l+10 Kill Combo §r§8+§r§62 §r§7coins per kill
12:38:15 [allowed] §9§l+15 Kill Combo §r§8§r§b+1✯ Magic Find
12:38:15 [allowed] §6§lRARE DROP! §r§9Goblin Egg §r§b(+§r§b54% §r§b✯ Magic Find§r§b)
12:38:16 [allowed] §aThe wind has changed direction!
12:38:18 [allowed] §cYour Kill Combo has expired! You reached a 19 Kill Combo!
12:38:26 [allowed] §a§l+5 Kill Combo §r§8§r§b+1✯ Magic Find
12:38:26 [allowed] §6§lRARE DROP! §r§9Goblin Egg §r§b(+§r§b54% §r§b✯ Magic Find§r§b)
12:38:31 [allowed] §a§l+10 Kill Combo §r§8+§r§62 §r§7coins per kill
12:38:36 [allowed] §9§l+15 Kill Combo §r§8§r§b+1✯ Magic Find
12:38:38 [allowed] §5§l+20 Kill Combo §r§8§r§3+5☯ Combat Wisdom
12:38:45 [allowed] §5§l+25 Kill Combo §r§8§r§b+1✯ Magic Find
12:38:46 [allowed] §aThe wind has changed direction!
12:38:47 [allowed] §cYour Kill Combo has expired! You reached a 25 Kill Combo!
12:38:56 [allowed] §a§l+5 Kill Combo §r§8§r§b+1✯ Magic Find
12:39:00 [allowed] §a§l+10 Kill Combo §r§8+§r§62 §r§7coins per kill
12:39:01 [allowed] §a§l▬▬▬▬▬▬▬▬▬▬▬▬▬▬▬▬▬▬▬▬▬▬▬▬▬▬▬▬▬▬▬▬▬▬▬▬▬▬▬▬▬▬▬▬▬▬▬▬▬▬▬▬▬▬▬▬▬▬▬▬▬▬▬▬
12:39:01 [allowed] §f                     §r§9§lGONE WITH THE WIND ENDED!
12:39:01 [allowed] §f                           §r§7Passive Active Event
12:39:01 [allowed] §f     The wind has died down leading to normal mining speeds.
12:39:01 [allowed] §a§l▬▬▬▬▬▬▬▬▬▬▬▬▬▬▬▬▬▬▬▬▬▬▬▬▬▬▬▬▬▬▬▬▬▬▬▬▬▬▬▬▬▬▬▬▬▬▬▬▬▬▬▬▬▬▬▬▬▬▬▬▬▬▬▬
12:39:04 [allowed] §9§l+15 Kill Combo §r§8§r§b+1✯ Magic Find
12:39:11 [allowed] §5§l+20 Kill Combo §r§8§r§3+5☯ Combat Wisdom
12:39:16 [allowed] §c ☠ §r§7§r§7DragonBoi87453§r§7 was killed by Glacite Walker§r§7§r§7.
12:39:18 [allowed] §cYour Kill Combo has expired! You reached a 22 Kill Combo!
12:39:22 [allowed] §a§l+5 Kill Combo §r§8§r§b+1✯ Magic Find
12:39:26 [allowed] §a§l+10 Kill Combo §r§8+§r§62 §r§7coins per kill
12:39:31 [allowed] §9§l+15 Kill Combo §r§8§r§b+1✯ Magic Find
12:39:36 [allowed] §5§l+20 Kill Combo §r§8§r§3+5☯ Combat Wisdom
12:39:42 [allowed] §5§l+25 Kill Combo §r§8§r§b+1✯ Magic Find
12:39:45 [allowed] §6§l+30 Kill Combo §r§8+§r§62 §r§7coins per kill
12:39:53 [allowed] §cYour Kill Combo has expired! You reached a 35 Kill Combo!
12:39:54 [allowed] §6§lRARE DROP! §r§9Goblin Egg §r§b(+§r§b53% §r§b✯ Magic Find§r§b)
12:39:54 [allowed] §6§lRARE DROP! §r§9Goblin Egg §r§b(+§r§b53% §r§b✯ Magic Find§r§b)
12:39:55 [allowed] §a§l+5 Kill Combo §r§8§r§b+1✯ Magic Find
12:39:57 [allowed] §6§lRARE DROP! §r§9Goblin Egg §r§b(+§r§b54% §r§b✯ Magic Find§r§b)
12:40:02 [allowed] §a§l+10 Kill Combo §r§8+§r§62 §r§7coins per kill
12:40:08 [allowed] §9§l+15 Kill Combo §r§8§r§b+1✯ Magic Find
12:40:11 [allowed] §5§l+20 Kill Combo §r§8§r§3+5☯ Combat Wisdom
12:40:14 [allowed] §cYour Kill Combo has expired! You reached a 22 Kill Combo!
12:40:17 [allowed] §a§l+5 Kill Combo §r§8§r§b+1✯ Magic Find
12:40:17 [allowed] §6§lRARE DROP! §r§9Goblin Egg §r§b(+§r§b54% §r§b✯ Magic Find§r§b)
12:40:22 [allowed] §a§l+10 Kill Combo §r§8+§r§62 §r§7coins per kill
12:40:25 [allowed] §8Depositing coins...
12:40:25 [allowed] §aYou have deposited §r§634k coins§r§a! You now have §r§63.5M coins §r§ain your account!
12:40:26 [allowed] §cYour Kill Combo has expired! You reached a 10 Kill Combo!
12:40:27 [allowed] §c ☠ §r§7You were killed by Knifethrower§r§7§r§7.
12:40:30 [allowed]  §b⚑ §eThe §bMithril Gourmand §eevent starts in §a20 §eseconds!
 §aClick here §eto teleport to §bGarry §eand prepare!
12:40:50 [allowed] §a§l▬▬▬▬▬▬▬▬▬▬▬▬▬▬▬▬▬▬▬▬▬▬▬▬▬▬▬▬▬▬▬▬▬▬▬▬▬▬▬▬▬▬▬▬▬▬▬▬▬▬▬▬▬▬▬▬▬▬▬▬▬▬▬▬
12:40:50 [allowed] §f                    §r§b§lMITHRIL GOURMAND STARTED!
12:40:50 [allowed] §f                             §r§7Active Mining Event
12:40:50 [allowed] §f      Don Expresso wants some §r§aTasty Mithril §r§ffrom the §r§bGoblin
12:40:50 [allowed] §b§r§f  §r§bBurrows§r§f. Bring §r§c200 §r§f§r§aTasty Mithril §r§fto him at the §r§bDwarven Village§r§f!
12:40:50 [allowed] §f      Bring §r§c10 §r§fpersonally and you'll receive §r§6extra rewards§r§f.
12:40:50 [allowed] §f               Go to §r§bGoblin Burrows §r§7(or talk to Garry)
12:40:50 [allowed] §a§l▬▬▬▬▬▬▬▬▬▬▬▬▬▬▬▬▬▬▬▬▬▬▬▬▬▬▬▬▬▬▬▬▬▬▬▬▬▬▬▬▬▬▬▬▬▬▬▬▬▬▬▬▬▬▬▬▬▬▬▬▬▬▬▬
12:40:52 [allowed] §5§l✯ §r§eA §r§5Fallen Star §r§ehas crashed at §r§bCliffside Veins§r§e! Nearby ore and Powder drops are amplified!
12:40:52 [allowed] §d§lHOPPITY'S HUNT §r§dA §r§6Chocolate Breakfast Egg §r§dhas appeared!
12:41:35 [allowed] §aYou sold §r§f◆ White Spiral Rune I§r§8 x1 §r§afor §r§61 Coin§r§a!
12:41:36 [allowed] §aYou sold §r§fEnder Pearl§r§8 x15 §r§afor §r§6105 Coins§r§a!
12:41:36 [allowed] §aYou bought back §r§fEnder Pearl§r§8 x15 §r§afor §r§6105 Coins§r§a!
12:41:37 [allowed] §aYou sold §r§fEnder Pearl§r§8 x15 §r§afor §r§6105 Coins§r§a!
12:41:39 [allowed] §a§aYou were tipped by 1 player in the last minute!
12:41:41 [allowed] §eYou haven't claimed your §r§6Summer Rewards §r§eyet!
12:41:41 [allowed] §eTalk to the §r§bSummer Sloth §r§ein the §r§aHub!
12:41:42 [allowed] §cYou are sending commands too fast! Please slow down.
12:41:53 [allowed] §cYou cannot use this here!
12:41:53 [allowed] §cYou cannot use this here!
12:41:54 [allowed] §cYou cannot use this here!
12:42:00 [allowed] §eOne or more items didn't fit in your inventory and were added to your material stash! §6Click here §eto pick them up!
12:42:00 [allowed] §eOne or more items didn't fit in your inventory and were added to your material stash! §6Click here §eto pick them up!
12:42:00 [allowed] §cYour inventory does not have enough free space to add all items!
12:42:15 [allowed]   §r§6§lCOLLECTION LEVEL UP §eSpider Eye §8VI➜§eVII
12:42:15 [allowed]     §r§7§aEnchanted Fermented Spider Eye §7Recipe
12:42:17 [allowed] §f                          §r§3§lSKYBLOCK LEVEL UP
12:42:17 [allowed] §f                              §r§7Level §r§821 ➡ §r§8[§r§722§r§8]
12:42:17 [allowed] §f                                  §r§6§lREWARDS
12:42:17 [allowed] §f                                 §r§8+§r§a5 §r§c❤ Health
12:42:21 [allowed] §cYou cannot use this here!
12:42:32 [allowed] §cThis Minion does not have any items stored!
12:42:34 [allowed] §cThis Minion does not have any items stored!
12:42:35 [allowed] §cThis Minion does not have any items stored!
12:42:45 [allowed] §f                 §7You have §320 §7materials stashed away!
12:42:45 [allowed] §f              §8(This totals 2 types of materials stashed!)
12:42:45 [allowed] §f                §3§l>>> §3§lCLICK HERE§b to pick them up! §3§l<<<
12:42:55 [allowed] §eFrom stash: §r§fSpider Eye
12:42:55 [allowed] §eFrom stash: §r§fString
12:42:55 [allowed] §eYou picked up §r§aall §r§eitems from your material stash!
12:42:58 [allowed] §cYou cannot use this here!
12:43:04 [allowed] §aYou have upgraded your Minion to Tier V
12:43:09 [allowed] §aYou crafted a §eTier VI Spider Minion§a! That's a new one!
 §aCraft 24 more unique Minions to unlock your 10th Minion slot!
12:43:09 [allowed] §aYou have upgraded your Minion to Tier VI
12:43:39 [allowed] §cYou cannot use this here!
12:43:43 [allowed] §eYou haven't claimed your §r§6Summer Rewards §r§eyet!
12:43:43 [allowed] §eTalk to the §r§bSummer Sloth §r§ein the §r§aHub!
12:43:45 [allowed] §cYou are sending commands too fast! Please slow down.
12:43:45 [allowed] §cYou may only use this command after 4s on the server!
12:43:46 [allowed] §cYou may only use this command after 4s on the server!
12:43:47 [allowed] §cYou may only use this command after 4s on the server!
12:43:59 [allowed] §8Withdrawing coins...
12:43:59 [allowed] §aYou have withdrawn §r§610k coins§r§a! You now have §r§63.5M coins §r§ain your account!
12:44:02 [allowed] §aYou bought §r§fOak Wood §r§afor §r§65 Coins§r§a!
12:44:03 [allowed] §aYou bought §r§fOak Wood §r§afor §r§65 Coins§r§a!
12:44:03 [allowed] §aYou bought §r§fOak Wood §r§afor §r§65 Coins§r§a!
12:44:03 [allowed] §aYou bought §r§fOak Wood §r§afor §r§65 Coins§r§a!
12:44:04 [allowed] §aYou bought §r§fOak Wood §r§afor §r§65 Coins§r§a!
12:44:04 [allowed] §aYou bought §r§fOak Wood §r§afor §r§65 Coins§r§a!
12:44:05 [allowed] §aYou bought §r§fOak Wood §r§afor §r§65 Coins§r§a!
12:44:05 [allowed] §aYou bought §r§fOak Wood §r§afor §r§65 Coins§r§a!
12:44:05 [allowed] §aYou bought §r§fOak Wood §r§afor §r§65 Coins§r§a!
12:44:06 [allowed] §aYou bought §r§fOak Wood §r§afor §r§65 Coins§r§a!
12:44:06 [allowed] §aYou bought §r§fOak Wood §r§afor §r§65 Coins§r§a!
12:44:07 [allowed] §aYou bought §r§fOak Wood §r§afor §r§65 Coins§r§a!
12:44:11 [allowed] §eYou haven't claimed your §r§6Summer Rewards §r§eyet!
12:44:11 [allowed] §eTalk to the §r§bSummer Sloth §r§ein the §r§aHub!
12:44:13 [allowed] §cYou are sending commands too fast! Please slow down.
12:45:11 [allowed] §cYou cannot use this here!
12:45:55 [allowed] §aYou crafted a §eTier X Cobblestone Minion§a! That's a new one!
 §aCraft 23 more unique Minions to unlock your 10th Minion slot!
12:46:39 [allowed] §a§aYou were tipped by 1 player in the last minute!
12:46:45 [allowed] §eYou haven't claimed your §r§6Summer Rewards §r§eyet!
12:46:45 [allowed] §eTalk to the §r§bSummer Sloth §r§ein the §r§aHub!
12:46:47 [allowed] §cYou are sending commands too fast! Please slow down.
12:46:58 [allowed] §aYou sold §r§aEnchanted Rotten Flesh§r§8 x1 §r§afor §r§6320 Coins§r§a!
12:47:42 [allowed]   §r§6§lCOLLECTION LEVEL UP §eWheat §8IV➜§eV
12:47:42 [allowed]     §r§7§fEnchanted Bread §7Recipe
12:48:13 [allowed]   §r§6§lCOLLECTION LEVEL UP §eSeeds §8IV➜§eV
12:48:13 [allowed]     §r§7§fDead Bush §7Trade
12:48:17 [allowed] §aYou sold §r§fWheat§r§8 x64 §r§afor §r§6384 Coins§r§a!
12:48:17 [allowed] §aYou sold §r§fWheat§r§8 x2 §r§afor §r§612 Coins§r§a!
12:48:17 [allowed] §aYou sold §r§fWheat§r§8 x64 §r§afor §r§6384 Coins§r§a!
12:48:18 [allowed] §aYou sold §r§fWheat§r§8 x64 §r§afor §r§6384 Coins§r§a!
12:48:18 [allowed] §aYou sold §r§fWheat§r§8 x64 §r§afor §r§6384 Coins§r§a!
12:48:18 [allowed] §aYou sold §r§fWheat§r§8 x64 §r§afor §r§6384 Coins§r§a!
12:48:19 [allowed] §aYou sold §r§fWheat§r§8 x64 §r§afor §r§6384 Coins§r§a!
12:48:20 [allowed] §aYou sold §r§fWheat§r§8 x64 §r§afor §r§6384 Coins§r§a!
12:48:30 [allowed] §eOne or more items didn't fit in your inventory and were added to your material stash! §6Click here §eto pick them up!
12:48:31 [allowed] §aYou sold §r§fWheat§r§8 x64 §r§afor §r§6384 Coins§r§a!
12:48:32 [allowed] §aYou sold §r§fWheat§r§8 x59 §r§afor §r§6354 Coins§r§a!
12:48:32 [allowed] §aYou sold §r§fWheat§r§8 x64 §r§afor §r§6384 Coins§r§a!
12:48:33 [allowed] §aYou sold §r§fWheat§r§8 x64 §r§afor §r§6384 Coins§r§a!
12:48:35 [allowed] §eOne or more items didn't fit in your inventory and were added to your material stash! §6Click here §eto pick them up!
12:48:35 [allowed] §eOne or more items didn't fit in your inventory and were added to your material stash! §6Click here §eto pick them up!
12:48:36 [allowed] §eOne or more items didn't fit in your inventory and were added to your material stash! §6Click here §eto pick them up!
12:48:36 [allowed] §eOne or more items didn't fit in your inventory and were added to your material stash! §6Click here §eto pick them up!
12:48:36 [allowed] §eOne or more items didn't fit in your inventory and were added to your material stash! §6Click here §eto pick them up!
12:48:36 [allowed] §eOne or more items didn't fit in your inventory and were added to your material stash! §6Click here §eto pick them up!
12:48:36 [allowed] §eOne or more items didn't fit in your inventory and were added to your material stash! §6Click here §eto pick them up!
12:48:36 [allowed] §eOne or more items didn't fit in your inventory and were added to your material stash! §6Click here §eto pick them up!
12:48:36 [allowed] §eOne or more items didn't fit in your inventory and were added to your material stash! §6Click here §eto pick them up!
12:48:36 [allowed] §eOne or more items didn't fit in your inventory and were added to your material stash! §6Click here §eto pick them up!
12:48:36 [allowed] §eOne or more items didn't fit in your inventory and were added to your material stash! §6Click here §eto pick them up!
12:48:36 [allowed] §eOne or more items didn't fit in your inventory and were added to your material stash! §6Click here §eto pick them up!
12:48:37 [allowed] §f                 §7You have §313 §7materials stashed away!
12:48:37 [allowed] §f               §8(This totals 1 type of material stashed!)
12:48:37 [allowed] §f                §3§l>>> §3§lCLICK HERE§b to pick them up! §3§l<<<
12:48:38 [allowed] §aYou sold §r§fWheat§r§8 x51 §r§afor §r§6306 Coins§r§a!
12:48:38 [allowed] §aYou sold §r§fWheat§r§8 x64 §r§afor §r§6384 Coins§r§a!
12:48:39 [allowed] §aYou sold §r§fSeeds§r§8 x48 §r§afor §r§6144 Coins§r§a!
12:48:42 [allowed] §aYou bought back §r§fSeeds§r§8 x48 §r§afor §r§6144 Coins§r§a!
12:48:46 [allowed] §eOne or more items didn't fit in your inventory and were added to your material stash! §6Click here §eto pick them up!
12:48:46 [allowed]   §r§b§lSKILL LEVEL UP §3Farming §8X➜§3XI
12:48:46 [allowed] §eOne or more items didn't fit in your inventory and were added to your material stash! §6Click here §eto pick them up!
12:48:46 [allowed] §eOne or more items didn't fit in your inventory and were added to your material stash! §6Click here §eto pick them up!
12:48:46 [allowed] §eOne or more items didn't fit in your inventory and were added to your material stash! §6Click here §eto pick them up!
12:48:46 [allowed] §eOne or more items didn't fit in your inventory and were added to your material stash! §6Click here §eto pick them up!
12:48:46 [allowed] §eOne or more items didn't fit in your inventory and were added to your material stash! §6Click here §eto pick them up!
12:48:46 [allowed] §eOne or more items didn't fit in your inventory and were added to your material stash! §6Click here §eto pick them up!
12:48:46 [allowed] §eOne or more items didn't fit in your inventory and were added to your material stash! §6Click here §eto pick them up!
12:48:46 [allowed] §eOne or more items didn't fit in your inventory and were added to your material stash! §6Click here §eto pick them up!
12:48:52 [allowed] §eYou haven't claimed your §r§6Summer Rewards §r§eyet!
12:48:52 [allowed] §eTalk to the §r§bSummer Sloth §r§ein the §r§aHub!
12:48:54 [allowed] §cYou are sending commands too fast! Please slow down.
12:48:55 [allowed] §f                 §7You have §322 §7materials stashed away!
12:48:55 [allowed] §f               §8(This totals 1 type of material stashed!)
12:48:55 [allowed] §f                §3§l>>> §3§lCLICK HERE§b to pick them up! §3§l<<<
12:48:56 [allowed] §f                 §7You have §322 §7materials stashed away!
12:48:56 [allowed] §f               §8(This totals 1 type of material stashed!)
12:48:56 [allowed] §f                §3§l>>> §3§lCLICK HERE§b to pick them up! §3§l<<<
12:49:20 [allowed] §cYou cannot use this here!
12:49:36 [allowed] §c§r§eYou need the §r§dCookie Buff §r§eto use this feature!
12:49:36 [allowed] §eObtain a §r§6Booster Cookie §r§efrom the community shop in the hub!
12:49:37 [allowed] §aYou bought back §r§fWheat§r§8 x64 §r§afor §r§6384 Coins§r§a!
12:49:38 [allowed] §aYou bought back §r§fWheat§r§8 x51 §r§afor §r§6306 Coins§r§a!
12:49:38 [allowed] §aYou bought back §r§fWheat§r§8 x64 §r§afor §r§6384 Coins§r§a!
12:49:38 [allowed] §aYou bought back §r§fWheat§r§8 x64 §r§afor §r§6384 Coins§r§a!
12:49:38 [allowed] §aYou bought back §r§fWheat§r§8 x59 §r§afor §r§6354 Coins§r§a!
12:49:39 [allowed] §aYou bought back §r§fWheat§r§8 x64 §r§afor §r§6384 Coins§r§a!
12:49:39 [allowed] §aYou bought back §r§fWheat§r§8 x64 §r§afor §r§6384 Coins§r§a!
12:49:39 [allowed] §aYou bought back §r§fWheat§r§8 x64 §r§afor §r§6384 Coins§r§a!
12:49:39 [allowed] §aYou bought back §r§fWheat§r§8 x64 §r§afor §r§6384 Coins§r§a!
12:49:43 [allowed] §6§lOFFER ACCEPTED §r§8with §r§aJacob §r§8(§r§a§lUNCOMMON§r§8)
12:49:43 [allowed]   §r§a§lREWARDS
12:49:43 [allowed]     §r§8+§r§23 §r§7Garden Experience
12:49:43 [allowed]     §r§8+§r§372 §r§7Farming XP
12:49:43 [allowed]     §r§8+§r§c2 Copper
12:49:43 [allowed]     §r§7§aJacob's Ticket
12:49:56 [allowed] §f                 §7You have §322 §7materials stashed away!
12:49:56 [allowed] §f               §8(This totals 1 type of material stashed!)
12:49:56 [allowed] §f                §3§l>>> §3§lCLICK HERE§b to pick them up! §3§l<<<
12:49:59 [allowed] §eFrom stash: §r§fSeeds
12:49:59 [allowed] §eYou picked up §r§aall §r§eitems from your material stash!
12:50:01 [allowed] §aYou sold §r§fSeeds§r§8 x22 §r§afor §r§666 Coins§r§a!
12:50:02 [allowed] §aYou sold §r§fHay Bale§r§8 x22 §r§afor §r§61,188 Coins§r§a!
12:50:03 [allowed] §aYou sold §r§aJacob's Ticket§r§8 x1 §r§afor §r§610,000 Coins§r§a!
12:50:06 [allowed] §aYou bought back §r§aJacob's Ticket§r§8 x1 §r§afor §r§610,000 Coins§r§a!
12:52:24 [allowed] §aYou sold §r§fCobblestone Stairs§r§8 x4 §r§afor §r§64 Coins§r§a!
12:52:24 [allowed] §aYou sold §r§fCobblestone Slab§r§8 x9 §r§afor §r§64.5 Coins§r§a!
12:52:24 [allowed] §aYou sold §r§fCobblestone§r§8 x13 §r§afor §r§613 Coins§r§a!
12:52:25 [allowed] §aYou sold §r§fSpruce Wood Slab§r§8 x1 §r§afor §r§60.5 Coins§r§a!
12:52:35 [allowed] §aYou sold §r§fCobblestone§r§8 x7 §r§afor §r§67 Coins§r§a!
12:52:35 [allowed] §aYou sold §r§fCobblestone Stairs§r§8 x10 §r§afor §r§610 Coins§r§a!
12:52:35 [allowed] §aYou sold §r§fCobblestone Slab§r§8 x7 §r§afor §r§63.5 Coins§r§a!
12:52:49 [allowed] §eYou haven't claimed your §r§6Summer Rewards §r§eyet!
12:52:49 [allowed] §eTalk to the §r§bSummer Sloth §r§ein the §r§aHub!
12:52:50 [allowed] §cYou are sending commands too fast! Please slow down.
12:52:50 [allowed] §cYou are sending commands too fast! Please slow down.
12:52:52 [allowed] §eYou haven't claimed your §r§6Summer Rewards §r§eyet!
12:52:52 [allowed] §eTalk to the §r§bSummer Sloth §r§ein the §r§aHub!
12:52:54 [allowed] §cYou are sending commands too fast! Please slow down.
12:52:57 [allowed] §e[NPC] §dAlixer§f: §r§fSplish...
12:52:59 [allowed] §e[NPC] §dAlixer§f: §r§fSplash...
12:53:02 [allowed] §e[NPC] §dAlixer§f: §r§fSploosh!
12:53:04 [allowed] §e[NPC] §dAlixer§f: §r§fGood Luck!!
12:53:07 [allowed] §aYou bought §r§fCarrot§r§8 x64 §r§afor §r§6640 Coins§r§a!
12:53:07 [allowed] §aYou bought §r§fCarrot§r§8 x64 §r§afor §r§6640 Coins§r§a!
12:53:07 [allowed] §aYou bought §r§fCarrot§r§8 x64 §r§afor §r§6640 Coins§r§a!
12:53:08 [allowed] §aYou bought §r§fCarrot§r§8 x64 §r§afor §r§6640 Coins§r§a!
12:53:08 [allowed] §aYou bought §r§fCarrot§r§8 x64 §r§afor §r§6640 Coins§r§a!
12:53:08 [allowed] §aYou bought §r§fCarrot§r§8 x64 §r§afor §r§6640 Coins§r§a!
12:53:08 [allowed] §aYou bought §r§fCarrot§r§8 x64 §r§afor §r§6640 Coins§r§a!
12:53:09 [allowed] §aYou bought §r§fCarrot§r§8 x64 §r§afor §r§6640 Coins§r§a!
12:53:09 [allowed] §aYou bought §r§fCarrot§r§8 x64 §r§afor §r§6640 Coins§r§a!
12:53:09 [allowed] §aYou bought §r§fCarrot§r§8 x64 §r§afor §r§6640 Coins§r§a!
12:53:09 [allowed] §cYou may only buy up to 640 of this item each day!
12:53:09 [allowed] §cYou may only buy up to 640 of this item each day!
12:53:09 [allowed] §cYou may only buy up to 640 of this item each day!
12:53:09 [allowed] §cYou may only buy up to 640 of this item each day!
12:53:10 [allowed] §cYou may only buy up to 640 of this item each day!
12:53:10 [allowed] §cYou may only buy up to 640 of this item each day!
12:53:10 [allowed] §cPlease wait a bit before doing this!
12:53:10 [allowed] §cYou may only buy up to 640 of this item each day!
12:53:15 [allowed] §eYou haven't claimed your §r§6Summer Rewards §r§eyet!
12:53:15 [allowed] §eTalk to the §r§bSummer Sloth §r§ein the §r§aHub!
12:53:16 [allowed] §cYou are sending commands too fast! Please slow down.
12:53:39 [allowed] §a§aYou were tipped by 2 players in the last minute!
12:54:39 [allowed] §a§aYou were tipped by 1 player in the last minute!
12:55:02 [allowed] §b§lFISHING FESTIVAL §r§eThe festival has concluded! Time to dry off and repair your rods!
12:55:38 [allowed] §2Guild > §r§bLegohjalten §r§eleft.
12:56:39 [allowed] §a§aYou were tipped by 1 player in the last minute!
12:57:30 [allowed] §aYou sold §r§fCobblestone§r§8 x3 §r§afor §r§63 Coins§r§a!
12:57:30 [allowed] §aYou sold §r§fCobblestone Stairs§r§8 x5 §r§afor §r§65 Coins§r§a!
12:57:31 [allowed] §aYou sold §r§fCobblestone Slab§r§8 x5 §r§afor §r§62.5 Coins§r§a!
12:57:56 [allowed] §aYou sold §r§fCobblestone Stairs§r§8 x12 §r§afor §r§612 Coins§r§a!
12:57:56 [allowed] §aYou sold §r§fCobblestone§r§8 x8 §r§afor §r§68 Coins§r§a!
12:57:56 [allowed] §aYou sold §r§fCobblestone Slab§r§8 x10 §r§afor §r§65 Coins§r§a!
12:57:57 [allowed] §aYou sold §r§fSpruce Wood Slab§r§8 x1 §r§afor §r§60.5 Coins§r§a!
