23:20:59 §f                                  §6§lBESTIARY
23:20:59 §f                               §b§lYog §7§8VIII §8➡§b §bIX
23:20:59 
23:20:59 §f                                  §r§6§lREWARDS
23:20:59 §f                            §r§8+§r§a3 Yog §r§b✯ Magic Find
23:20:59 §f                            §r§8+§r§a3 Yog §r§c❁ Strength
23:20:59 §f                                §r§8+§r§62% §r§aYog §r§7coins
23:20:59 §f                    §r§8+§r§a50% §r§7chance for extra XP orbs
23:20:59 §f                               §r§8+§r§b1 SkyBlock XP
23:20:59 
23:20:59 §3§l▬▬▬▬▬▬▬▬▬▬▬▬▬▬▬▬▬▬▬▬▬▬▬▬▬▬▬▬▬▬▬▬▬▬▬▬▬▬▬▬▬▬▬▬▬▬▬▬▬▬▬▬▬▬▬▬▬▬▬▬▬▬▬▬
23:21:14 §f                                  §6§lBESTIARY
23:21:14 §f                               §b§lBal §7§8VII §8➡§b §bVIII
23:21:14 
23:21:14 §f                                  §r§6§lREWARDS
23:21:14 §f                            §r§8+§r§a3 §r§c§lBal §r§b✯ Magic Find
23:21:14 §f                            §r§8+§r§a3 §r§c§lBal §r§c❁ Strength
23:21:14 §f                                §r§8+§r§62% §r§a§r§c§lBal §r§7coins
23:21:14 §f                    §r§8+§r§a50% §r§7chance for extra XP orbs
23:21:14 §f                               §r§8+§r§b1 SkyBlock XP
23:21:14 
23:21:14 §3§l▬▬▬▬▬▬▬▬▬▬▬▬▬▬▬▬▬▬▬▬▬▬▬▬▬▬▬▬▬▬▬▬▬▬▬▬▬▬▬▬▬▬▬▬▬▬▬▬▬▬▬▬▬▬▬▬▬▬▬▬▬▬▬▬
23:28:39 §f                                  §6§lBESTIARY
23:28:39 §f                            §b§lButterfly §7§8III §8➡§b §bIV
23:28:39 
23:28:39 §f                                  §r§6§lREWARDS
23:28:39 §f                        §r§8+§r§a2 §r§eButterfly §r§b✯ Magic Find
23:28:39 §f                         §r§8+§r§a2 §r§eButterfly §r§c❁ Strength
23:28:39 §f                            §r§8+§r§62% §r§a§r§eButterfly §r§7coins
23:28:39 §f                    §r§8+§r§a50% §r§7chance for extra XP orbs
23:28:39 §f                               §r§8+§r§b1 SkyBlock XP
23:28:39 
23:28:40   §r§f                         §6§lBESTIARY MILESTONE
23:28:40   §r§f                                §8CLXVI➡§eCLXVII
23:28:40 
23:28:40 §3§l▬▬▬▬▬▬▬▬▬▬▬▬▬▬▬▬▬▬▬▬▬▬▬▬▬▬▬▬▬▬▬▬▬▬▬▬▬▬▬▬▬▬▬▬▬▬▬▬▬▬▬▬▬▬▬▬▬▬▬▬▬▬▬▬
23:30:31 §f                                  §6§lBESTIARY
23:30:31 §f                             §b§lButterfly §7§8IV §8➡§b §bV
23:30:31 
23:30:31 §f                                  §r§6§lREWARDS
23:30:31 §f                        §r§8+§r§a2 §r§eButterfly §r§b✯ Magic Find
23:30:31 §f                         §r§8+§r§a2 §r§eButterfly §r§c❁ Strength
23:30:31 §f                            §r§8+§r§62% §r§a§r§eButterfly §r§7coins
23:30:31 §f                    §r§8+§r§a50% §r§7chance for extra XP orbs
23:30:31 §f                               §r§8+§r§b1 SkyBlock XP
23:30:31 
23:30:31 §3§l▬▬▬▬▬▬▬▬▬▬▬▬▬▬▬▬▬▬▬▬▬▬▬▬▬▬▬▬▬▬▬▬▬▬▬▬▬▬▬▬▬▬▬▬▬▬▬▬▬▬▬▬▬▬▬▬▬▬▬▬▬▬▬▬
00:40:57 §f                                  §6§lBESTIARY
00:40:57 §f                              §b§lFlaming Worm §7§bI
00:40:57 
00:40:57 §f                                  §r§6§lREWARDS
00:40:57 §f                      §r§8+§r§a2 Flaming Worm §r§b✯ Magic Find
00:40:57 §f                       §r§8+§r§a2 Flaming Worm §r§c❁ Strength
00:40:57 §f                          §r§8+§r§62% §r§aFlaming Worm §r§7coins
00:40:57 §f                    §r§8+§r§a50% §r§7chance for extra XP orbs
00:40:57 §f                               §r§8+§r§b1 SkyBlock XP
00:40:57 
00:40:57 §3§l▬▬▬▬▬▬▬▬▬▬▬▬▬▬▬▬▬▬▬▬▬▬▬▬▬▬▬▬▬▬▬▬▬▬▬▬▬▬▬▬▬▬▬▬▬▬▬▬▬▬▬▬▬▬▬▬▬▬▬▬▬▬▬▬
00:48:58 §f                                  §6§lBESTIARY
00:48:58 §f                           §b§lFlaming Worm §7§8I §8➡§b §bII
00:48:58 
00:48:58 §f                                  §r§6§lREWARDS
00:48:58 §f                      §r§8+§r§a2 Flaming Worm §r§b✯ Magic Find
00:48:58 §f                       §r§8+§r§a2 Flaming Worm §r§c❁ Strength
00:48:58 §f                          §r§8+§r§62% §r§aFlaming Worm §r§7coins
00:48:58 §f                    §r§8+§r§a50% §r§7chance for extra XP orbs
00:48:58 §f                               §r§8+§r§b1 SkyBlock XP
00:48:58 
00:48:58 §3§l▬▬▬▬▬▬▬▬▬▬▬▬▬▬▬▬▬▬▬▬▬▬▬▬▬▬▬▬▬▬▬▬▬▬▬▬▬▬▬▬▬▬▬▬▬▬▬▬▬▬▬▬▬▬▬▬▬▬▬▬▬▬▬▬
00:49:00 §f                                  §6§lBESTIARY
00:49:00 §f                          §b§lFlaming Worm §7§8II §8➡§b §bIII
00:49:00 
00:49:00 §f                                  §r§6§lREWARDS
00:49:00 §f                      §r§8+§r§a2 Flaming Worm §r§b✯ Magic Find
00:49:00 §f                       §r§8+§r§a2 Flaming Worm §r§c❁ Strength
00:49:00 §f                          §r§8+§r§62% §r§aFlaming Worm §r§7coins
00:49:00 §f                    §r§8+§r§a50% §r§7chance for extra XP orbs
00:49:00 §f                               §r§8+§r§b1 SkyBlock XP
00:49:00 
00:49:00 §3§l▬▬▬▬▬▬▬▬▬▬▬▬▬▬▬▬▬▬▬▬▬▬▬▬▬▬▬▬▬▬▬▬▬▬▬▬▬▬▬▬▬▬▬▬▬▬▬▬▬▬▬▬▬▬▬▬▬▬▬▬▬▬▬▬
