17:29:44 [allowed] §aYou have §b15 §aunclaimed leveling rewards!
17:29:44 [allowed] §eClick here to view them!
17:29:47 [allowed] §cYou are sending commands too fast! Please slow down.
17:29:51 [allowed] §b-----------------------------------------------------
17:29:51 [allowed] §aYou have just received §r§6780,000 coins §r§aas interest in your co-op bank account!
17:29:51 [allowed] §b-----------------------------------------------------
17:29:53 [allowed] §6§lMAINTENANCE!
17:29:53 [allowed] §7 SkyBlock will be temporarily unavailable on §r§eOctober 7th @ 12am EDT §r§7for maintenance.
17:29:53 [allowed] §7 Check the status page for more info: §r§b§nhttps://status.hypixel.net
17:29:53 [allowed] §eLatest update: §bSkyBlock v0.20.6 §e§lCLICK
17:29:53 [allowed] §a§aYou tipped ProfessorWqffles in Blitz SG!
17:29:53 [allowed] §6§lALLOWANCE! §r§eYou earned §r§650,000 coins§r§e!
17:29:56 [allowed] §a§aYou tipped BedwarsGuide in The TNT Games!
17:29:58 [allowed] §6§k§lA§r §c§lFIRE SALE §r§6§k§lA
§r§c♨ §eSelling an item for a limited time!
§r§c   ♨ §dArmaron Armadillo Skin §e(§e4,972 left§e)§c§r
§r§c♨ §a§l[WARP] §eTo Elizabeth in the next §c3d 0h 30m §eto grab yours!
17:30:01 [allowed] §a§aYou tipped Why4mIHere in Mega Walls!
17:30:05 [allowed] §f§m-----------------------------------------------------
§r§cYou should NEVER enter your Microsoft account details anywhere but on official Microsoft services!

§r§cExternal links from untrusted sources should be avoided.
§r§f§m-----------------------------------------------------
17:30:06 [allowed] §cYou are sending commands too fast! Please slow down.
17:30:11 [allowed] §a§aYou tipped Big_E06 in UHC Champions!
17:30:16 [allowed] §a§aYou tipped Grogu6809 in Cops and Crims!
17:30:21 [allowed] §a§aYou tipped Magnusmop in Warlords!
17:30:26 [allowed] §a§aYou tipped DerGrosseHusky in Smash Heroes!
17:30:31 [allowed] §a§aYou tipped Morkus in SkyWars!
17:30:36 [allowed] §a§aYou tipped Marct1234 in Classic Games!
17:31:29 [allowed] §aSince you've been away you earned §r§60 coins §r§aas interest in your personal bank account!
17:31:31 [allowed] §6§lMAINTENANCE!
17:31:31 [allowed] §7 SkyBlock will be temporarily unavailable on §r§eOctober 7th @ 12am EDT §r§7for maintenance.
17:31:31 [allowed] §7 Check the status page for more info: §r§b§nhttps://status.hypixel.net
17:31:31 [allowed] §eLatest update: §bSkyBlock v0.20.6 §e§lCLICK
17:31:34 [allowed] §6§lALLOWANCE! §r§eYou earned §r§650,000 coins§r§e!
17:31:36 [allowed] §aThe wind has changed direction!
17:31:39 [allowed] §6§k§lA§r §c§lFIRE SALE §r§6§k§lA
§r§c♨ §eSelling an item for a limited time!
§r§c   ♨ §dArmaron Armadillo Skin §e(§e4,966 left§e)§c§r
§r§c♨ §a§l[WARP] §eTo Elizabeth in the next §c3d 0h 28m §eto grab yours!
17:32:37 [allowed] §aThe wind has changed direction!
17:32:42 [allowed] §a§l▬▬▬▬▬▬▬▬▬▬▬▬▬▬▬▬▬▬▬▬▬▬▬▬▬▬▬▬▬▬▬▬▬▬▬▬▬▬▬▬▬▬▬▬▬▬▬▬▬▬▬▬▬▬▬▬▬▬▬▬▬▬▬▬
17:32:42 [allowed] §f                     §r§9§lGONE WITH THE WIND ENDED!
17:32:42 [allowed] §f                           §r§7Passive Active Event
17:32:42 [allowed] §f     The wind has died down leading to normal mining speeds.
17:32:42 [allowed] §a§l▬▬▬▬▬▬▬▬▬▬▬▬▬▬▬▬▬▬▬▬▬▬▬▬▬▬▬▬▬▬▬▬▬▬▬▬▬▬▬▬▬▬▬▬▬▬▬▬▬▬▬▬▬▬▬▬▬▬▬▬▬▬▬▬
17:33:22 [allowed] §a§aYou were tipped by 1 player in the last minute!
17:34:35 [allowed] §c ☠ §r§7§r§7Mhocolate§r§7 fell into the void§r§7.
17:35:22 [allowed] §a§aYou were tipped by 1 player in the last minute!
17:35:27 [allowed] §8Withdrawing coins...
17:35:27 [allowed] §cYou need to enter a number greater than 0!
17:35:34 [allowed] §8Withdrawing coins...
17:35:34 [allowed] §aYou have withdrawn §r§60 coins§r§a! You now have §r§60 coins §r§ain your account!
17:36:18 [allowed] §eMaxed the Supercraft to §r§b59x crafts§r§e!
17:36:19 [allowed] §eYou Supercrafted §r§r§r§aSilver Fang §r§8x59§r§e!
17:36:22 [allowed] §a§aYou were tipped by 1 player in the last minute!
17:36:29 [allowed] §aYou summoned your §r§6Scatha§r§a!
17:37:22 [allowed] §a§aYou were tipped by 1 player in the last minute!
17:38:00 [allowed] §aYou crafted a §eTier IX Flower Minion§a! That's a new one!
 §aCraft §e14 §amore unique Minions to unlock your §e30th Minion slot§a!
17:38:00 [allowed] §aYou have upgraded your Minion to Tier IX
17:38:21 [allowed] §cThere are blocks in the way!
17:39:22 [allowed] §a§aYou were tipped by 2 players in the last minute!
17:40:21 [allowed] §a§aYou were tipped by 1 player in the last minute!
17:41:21 [allowed] §a§aYou were tipped by 1 player in the last minute!
17:44:21 [allowed] §a§aYou were tipped by 2 players in the last minute!
17:46:22 [allowed] §a§aYou were tipped by 1 player in the last minute!
17:47:22 [allowed] §a§aYou were tipped by 1 player in the last minute!
17:48:22 [allowed] §a§aYou were tipped by 1 player in the last minute!
17:49:22 [allowed] §a§aYou were tipped by 1 player in the last minute!
