17:37:13 §f                                  §6§lBESTIARY
17:37:13 §f                  §b§lSuper Tank Zombie §7§8XVII §8➡§b §bXVIII
17:37:13 
17:37:13 §f                                  §r§6§lREWARDS
17:37:13 §f                  §r§8+§r§a5 Super Tank Zombie §r§b✯ Magic Find
17:37:13 §f                   §r§8+§r§a5 Super Tank Zombie §r§c❁ Strength
17:37:13 §f                      §r§8+§r§62% §r§aSuper Tank Zombie §r§7coins
17:37:13 §f                    §r§8+§r§a50% §r§7chance for extra XP orbs
17:37:13 §f                               §r§8+§r§b1 SkyBlock XP
17:37:13 
17:37:13 §3§l▬▬▬▬▬▬▬▬▬▬▬▬▬▬▬▬▬▬▬▬▬▬▬▬▬▬▬▬▬▬▬▬▬▬▬▬▬▬▬▬▬▬▬▬▬▬▬▬▬▬▬▬▬▬▬▬▬▬▬▬▬▬▬▬
17:49:01 §f                                  §6§lBESTIARY
17:49:01 §f                     §b§lZombie Commander §7§8XIV §8➡§b §bXV
17:49:01 
17:49:01 §f                                  §r§6§lREWARDS
17:49:01 §f                   §r§8+§r§a4 Zombie Commander §r§b✯ Magic Find
17:49:01 §f                   §r§8+§r§a4 Zombie Commander §r§c❁ Strength
17:49:01 §f                       §r§8+§r§62% §r§aZombie Commander §r§7coins
17:49:01 §f                    §r§8+§r§a50% §r§7chance for extra XP orbs
17:49:01 §f                               §r§8+§r§b1 SkyBlock XP
17:49:01 
17:49:01 §3§l▬▬▬▬▬▬▬▬▬▬▬▬▬▬▬▬▬▬▬▬▬▬▬▬▬▬▬▬▬▬▬▬▬▬▬▬▬▬▬▬▬▬▬▬▬▬▬▬▬▬▬▬▬▬▬▬▬▬▬▬▬▬▬▬
18:00:25 §f                                  §6§lBESTIARY
18:00:25 §f                      §b§lSkeleton Master §7§8XIX §8➡§b §bXX
18:00:25 
18:00:25 §f                                  §r§6§lREWARDS
18:00:25 §f                    §r§8+§r§a5 Skeleton Master §r§b✯ Magic Find
18:00:25 §f                     §r§8+§r§a5 Skeleton Master §r§c❁ Strength
18:00:25 §f                        §r§8+§r§62% §r§aSkeleton Master §r§7coins
18:00:25 §f                    §r§8+§r§a50% §r§7chance for extra XP orbs
18:00:25 §f                               §r§8+§r§b1 SkyBlock XP
18:00:25 
18:00:25 §3§l▬▬▬▬▬▬▬▬▬▬▬▬▬▬▬▬▬▬▬▬▬▬▬▬▬▬▬▬▬▬▬▬▬▬▬▬▬▬▬▬▬▬▬▬▬▬▬▬▬▬▬▬▬▬▬▬▬▬▬▬▬▬▬▬
18:00:26 §f                                  §6§lBESTIARY
18:00:26 §f                        §b§lZombie Knight §7§8XX §8➡§b §bXXI
18:00:26 
18:00:26 §f                                  §r§6§lREWARDS
18:00:26 §f                      §r§8+§r§a6 Zombie Knight §r§b✯ Magic Find
18:00:26 §f                      §r§8+§r§a6 Zombie Knight §r§c❁ Strength
18:00:26 §f                          §r§8+§r§62% §r§aZombie Knight §r§7coins
18:00:26 §f                    §r§8+§r§a50% §r§7chance for extra XP orbs
18:00:26 §f                               §r§8+§r§b1 SkyBlock XP
18:00:26 
18:00:26 §3§l▬▬▬▬▬▬▬▬▬▬▬▬▬▬▬▬▬▬▬▬▬▬▬▬▬▬▬▬▬▬▬▬▬▬▬▬▬▬▬▬▬▬▬▬▬▬▬▬▬▬▬▬▬▬▬▬▬▬▬▬▬▬▬▬
18:23:39 §f                                  §6§lBESTIARY
18:23:39 §f                       §b§lSkeleton Lord §7§8XIII §8➡§b §bXIV
18:23:39 
18:23:39 §f                                  §r§6§lREWARDS
18:23:39 §f                     §r§8+§r§a4 Skeleton Lord §r§b✯ Magic Find
18:23:39 §f                      §r§8+§r§a4 Skeleton Lord §r§c❁ Strength
18:23:39 §f                         §r§8+§r§62% §r§aSkeleton Lord §r§7coins
18:23:39 §f                    §r§8+§r§a50% §r§7chance for extra XP orbs
18:23:39 §f                               §r§8+§r§b1 SkyBlock XP
18:23:39 
18:23:39 §3§l▬▬▬▬▬▬▬▬▬▬▬▬▬▬▬▬▬▬▬▬▬▬▬▬▬▬▬▬▬▬▬▬▬▬▬▬▬▬▬▬▬▬▬▬▬▬▬▬▬▬▬▬▬▬▬▬▬▬▬▬▬▬▬▬
