17:23:11 §f §r§r§r§f §r§r§r§1 §r§r§r§0 §r§r§r§2 §r§r§r§f §r§r§r§f §r§r§r§2 §r§r§r§0 §r§r§r§4 §r§r§r§3 §r§r§r§9 §r§r§r§2 §r§r§r§0 §r§r§r§0 §r§r§r§3 §r§r§r§9 §r§r§r§2 §r§r§r§0 §r§r§r§0 §r§r§r§3 §r§r§r§9 §r§r§r§2 §r§r§r§0 §r§r§r§0 
17:23:32 §8 §r§8 §r§1 §r§3 §r§3 §r§7 §r§8 
17:23:34 
17:23:34 
17:31:57 §8 §r§8 §r§1 §r§3 §r§3 §r§7 §r§8 
17:32:12 §8 §r§8 §r§1 §r§3 §r§3 §r§7 §r§8 
17:34:36 §8 §r§8 §r§1 §r§3 §r§3 §r§7 §r§8 
17:34:47 §8 §r§8 §r§1 §r§3 §r§3 §r§7 §r§8 
17:36:22 §8 §r§8 §r§1 §r§3 §r§3 §r§7 §r§8 
17:36:51 §8 §r§8 §r§1 §r§3 §r§3 §r§7 §r§8 
17:37:13  
17:38:49 §8 §r§8 §r§1 §r§3 §r§3 §r§7 §r§8 
17:39:18 §8 §r§8 §r§1 §r§3 §r§3 §r§7 §r§8 
17:39:55 §8 §r§8 §r§1 §r§3 §r§3 §r§7 §r§8 
17:39:58 §8 §r§8 §r§1 §r§3 §r§3 §r§7 §r§8 
17:40:17 §8 §r§8 §r§1 §r§3 §r§3 §r§7 §r§8 
17:41:43 §8 §r§8 §r§1 §r§3 §r§3 §r§7 §r§8 
17:42:05 §8 §r§8 §r§1 §r§3 §r§3 §r§7 §r§8 
17:44:21 §8 §r§8 §r§1 §r§3 §r§3 §r§7 §r§8 
17:44:30 §8 §r§8 §r§1 §r§3 §r§3 §r§7 §r§8 
17:45:56 §8 §r§8 §r§1 §r§3 §r§3 §r§7 §r§8 
17:46:14 §8 §r§8 §r§1 §r§3 §r§3 §r§7 §r§8 
17:48:36 §8 §r§8 §r§1 §r§3 §r§3 §r§7 §r§8 
17:48:46 §8 §r§8 §r§1 §r§3 §r§3 §r§7 §r§8 
17:49:01  
17:50:22 
17:50:24 
17:50:24 
17:50:31 §8 §r§8 §r§1 §r§3 §r§3 §r§7 §r§8 
17:52:34 §8 §r§8 §r§1 §r§3 §r§3 §r§7 §r§8 
17:53:21 §8 §r§8 §r§1 §r§3 §r§3 §r§7 §r§8 
17:55:37 §8 §r§8 §r§1 §r§3 §r§3 §r§7 §r§8 
17:58:36 §8 §r§8 §r§1 §r§3 §r§3 §r§7 §r§8 
18:00:25  
18:00:26  
18:01:09 §f
18:01:10 §8 §r§8 §r§1 §r§3 §r§3 §r§7 §r§8 
18:01:37 §8 §r§8 §r§1 §r§3 §r§3 §r§7 §r§8 
18:03:10 §8 §r§8 §r§1 §r§3 §r§3 §r§7 §r§8 
18:03:23 §8 §r§8 §r§1 §r§3 §r§3 §r§7 §r§8 
18:04:45 §8 §r§8 §r§1 §r§3 §r§3 §r§7 §r§8 
18:04:56 §8 §r§8 §r§1 §r§3 §r§3 §r§7 §r§8 
18:07:04 §8 §r§8 §r§1 §r§3 §r§3 §r§7 §r§8 
18:09:15 §8 §r§8 §r§1 §r§3 §r§3 §r§7 §r§8 
18:11:00 §8 §r§8 §r§1 §r§3 §r§3 §r§7 §r§8 
18:12:01 §8 §r§8 §r§1 §r§3 §r§3 §r§7 §r§8 
18:14:26 §8 §r§8 §r§1 §r§3 §r§3 §r§7 §r§8 
18:14:45 §8 §r§8 §r§1 §r§3 §r§3 §r§7 §r§8 
18:17:29 §8 §r§8 §r§1 §r§3 §r§3 §r§7 §r§8 
18:18:57 §8 §r§8 §r§1 §r§3 §r§3 §r§7 §r§8 
18:20:17 §8 §r§8 §r§1 §r§3 §r§3 §r§7 §r§8 
18:20:40 §8 §r§8 §r§1 §r§3 §r§3 §r§7 §r§8 
18:22:44 §8 §r§8 §r§1 §r§3 §r§3 §r§7 §r§8 
18:22:56 §8 §r§8 §r§1 §r§3 §r§3 §r§7 §r§8 
18:23:39  
18:24:40 §8 §r§8 §r§1 §r§3 §r§3 §r§7 §r§8 
18:24:57 §8 §r§8 §r§1 §r§3 §r§3 §r§7 §r§8 
18:26:34 §8 §r§8 §r§1 §r§3 §r§3 §r§7 §r§8 
18:26:49 §8 §r§8 §r§1 §r§3 §r§3 §r§7 §r§8 
18:28:39 §8 §r§8 §r§1 §r§3 §r§3 §r§7 §r§8 
18:30:14 §8 §r§8 §r§1 §r§3 §r§3 §r§7 §r§8 
18:31:58 §8 §r§8 §r§1 §r§3 §r§3 §r§7 §r§8 
18:32:22 §8 §r§8 §r§1 §r§3 §r§3 §r§7 §r§8 
18:34:13 §8 §r§8 §r§1 §r§3 §r§3 §r§7 §r§8 
18:34:40 §8 §r§8 §r§1 §r§3 §r§3 §r§7 §r§8 
18:36:37 §8 §r§8 §r§1 §r§3 §r§3 §r§7 §r§8 
18:37:29 §8 §r§8 §r§1 §r§3 §r§3 §r§7 §r§8 
18:40:09 §8 §r§8 §r§1 §r§3 §r§3 §r§7 §r§8 
18:40:25 §8 §r§8 §r§1 §r§3 §r§3 §r§7 §r§8 
18:41:44 §8 §r§8 §r§1 §r§3 §r§3 §r§7 §r§8 
18:42:35 §8 §r§8 §r§1 §r§3 §r§3 §r§7 §r§8 
18:44:09 §8 §r§8 §r§1 §r§3 §r§3 §r§7 §r§8 
18:44:28 §8 §r§8 §r§1 §r§3 §r§3 §r§7 §r§8 
18:46:31 §8 §r§8 §r§1 §r§3 §r§3 §r§7 §r§8 
18:46:55 §8 §r§8 §r§1 §r§3 §r§3 §r§7 §r§8 
18:48:31 §8 §r§8 §r§1 §r§3 §r§3 §r§7 §r§8 
18:48:46 §8 §r§8 §r§1 §r§3 §r§3 §r§7 §r§8 
18:49:52 §8 §r§8 §r§1 §r§3 §r§3 §r§7 §r§8 
18:50:01 §8 §r§8 §r§1 §r§3 §r§3 §r§7 §r§8 
18:52:52 §8 §r§8 §r§1 §r§3 §r§3 §r§7 §r§8 
18:53:52 
18:53:52 
18:53:54 
18:53:54 
18:54:06 §8 §r§8 §r§1 §r§3 §r§3 §r§7 §r§8 
18:55:03 §8 §r§8 §r§1 §r§3 §r§3 §r§7 §r§8 
18:56:39 §8 §r§8 §r§1 §r§3 §r§3 §r§7 §r§8 
19:02:41 §8 §r§8 §r§1 §r§3 §r§3 §r§7 §r§8 
19:03:21  
19:03:21  
19:03:21  
19:03:49 §8 §r§8 §r§1 §r§3 §r§3 §r§7 §r§8 
19:04:08 §8 §r§8 §r§1 §r§3 §r§3 §r§7 §r§8 
19:09:20 §8 §r§8 §r§1 §r§3 §r§3 §r§7 §r§8 
19:09:29 §8 §r§8 §r§1 §r§3 §r§3 §r§7 §r§8 
19:09:59 §8 §r§8 §r§1 §r§3 §r§3 §r§7 §r§8 
19:14:20 §8 §r§8 §r§1 §r§3 §r§3 §r§7 §r§8 
19:18:20 §8 §r§8 §r§1 §r§3 §r§3 §r§7 §r§8 
19:21:09 §8 §r§8 §r§1 §r§3 §r§3 §r§7 §r§8 
19:23:41 §8 §r§8 §r§1 §r§3 §r§3 §r§7 §r§8 
19:29:55 §8 §r§8 §r§1 §r§3 §r§3 §r§7 §r§8 
19:33:47 §f                                        
19:33:47 §f                                        
19:36:49 
19:36:49 §f                                        
19:36:49 
19:39:57 §8 §r§8 §r§1 §r§3 §r§3 §r§7 §r§8 
19:54:18  
19:54:18  
19:54:18  
20:01:09 §f
20:05:06 §8 §r§8 §r§1 §r§3 §r§3 §r§7 §r§8 
