22:46:45 `g99099g314`124 missed {
 is already Found: false).
 Position: LorenzVec(x=-15.5, y=201.0, z=-98.5)
 DistanceC: 21.969505615556752
Relative Position: LorenzVec(x=-21.969505615556752, y=1.0, z=13.66786773737445)
 }
22:48:49 `ยง7Villager`121 missed {
 is already Found: false).
 Position: LorenzVec(x=191.0, y=216.0, z=154.0)
 DistanceC: 12.944856969070031
Relative Position: LorenzVec(x=9.80771452278168, y=20.0, z=12.944856969070031)
 }
22:48:50 `c068750206`148 missed {
 is already Found: false).
 Position: LorenzVec(x=181.5, y=196.0, z=135.5)
 DistanceC: 5.555143030929969
Relative Position: LorenzVec(x=0.30771452278168, y=0.0, z=-5.555143030929969)
 }
22:54:38 `m50710rs57`171 missed {
 is already Found: false).
 Position: LorenzVec(x=-96.5, y=142.0, z=111.5)
 DistanceC: 20.02502917125821
Relative Position: LorenzVec(x=16.00477188406512, y=-7.0, z=20.02502917125821)
 }
23:17:55 `r3x8ve862v`1 missed {
 is already Found: false).
 Position: LorenzVec(x=797.5, y=128.5, z=708.5)
 DistanceC: 10.843000859106724
Relative Position: LorenzVec(x=-10.843000859106724, y=-19.5, z=9.49459019392441)
 }
23:21:21 `r3x8ve862v`1 missed {
 is already Found: false).
 Position: LorenzVec(x=797.5, y=128.5, z=708.5)
 DistanceC: 12.546383221327119
Relative Position: LorenzVec(x=-10.640497332454743, y=-11.5, z=12.546383221327119)
 }
23:31:20 `r3x8ve862v`1 missed {
 is already Found: false).
 Position: LorenzVec(x=797.5, y=128.5, z=708.5)
 DistanceC: 16.913420730740768
Relative Position: LorenzVec(x=1.7383612670143975, y=-18.5, z=-16.913420730740768)
 }
23:43:56 `r3x8ve862v`1 missed {
 is already Found: false).
 Position: LorenzVec(x=797.5, y=128.5, z=708.5)
 DistanceC: 11.201986296798168
Relative Position: LorenzVec(x=-11.201986296798168, y=-19.5, z=4.800000011920929)
 }
23:44:56 `r3x8ve862v`1 missed {
 is already Found: false).
 Position: LorenzVec(x=797.5, y=128.5, z=708.5)
 DistanceC: 12.369575762329418
Relative Position: LorenzVec(x=-8.641786172640195, y=-16.5, z=12.369575762329418)
 }
23:45:16 `r3x8ve862v`1 missed {
 is already Found: false).
 Position: LorenzVec(x=797.5, y=128.5, z=708.5)
 DistanceC: 11.908319623204648
Relative Position: LorenzVec(x=-11.908319623204648, y=-18.5, z=8.441704374542496)
 }
00:12:54 `r3x8ve862v`1 missed {
 is already Found: false).
 Position: LorenzVec(x=797.5, y=128.5, z=708.5)
 DistanceC: 11.468999295207368
Relative Position: LorenzVec(x=-11.468999295207368, y=-18.5, z=7.923968496429097)
 }
00:13:14 `r3x8ve862v`1 missed {
 is already Found: false).
 Position: LorenzVec(x=797.5, y=128.5, z=708.5)
 DistanceC: 15.546930065956417
Relative Position: LorenzVec(x=-15.546930065956417, y=-19.5, z=3.800000011920929)
 }
00:14:04 `r3x8ve862v`1 missed {
 is already Found: false).
 Position: LorenzVec(x=797.5, y=128.5, z=708.5)
 DistanceC: 14.349221012321209
Relative Position: LorenzVec(x=-14.349221012321209, y=-19.5, z=12.269956581740303)
 }
00:17:05 `r3x8ve862v`1 missed {
 is already Found: false).
 Position: LorenzVec(x=797.5, y=128.5, z=708.5)
 DistanceC: 9.686810098453634
Relative Position: LorenzVec(x=-9.686810098453634, y=-18.5, z=7.587968196308566)
 }
00:18:06 `r3x8ve862v`1 missed {
 is already Found: false).
 Position: LorenzVec(x=797.5, y=128.5, z=708.5)
 DistanceC: 19.58385715966199
Relative Position: LorenzVec(x=4.96069916275826, y=-19.0, z=-19.58385715966199)
 }
00:33:53 `r3x8ve862v`1 missed {
 is already Found: false).
 Position: LorenzVec(x=797.5, y=128.5, z=708.5)
 DistanceC: 10.440747490035392
Relative Position: LorenzVec(x=-10.440747490035392, y=-18.5, z=8.08963845809376)
 }
00:34:19 `r3x8ve862v`1 missed {
 is already Found: false).
 Position: LorenzVec(x=797.5, y=128.5, z=708.5)
 DistanceC: 11.649780064155607
Relative Position: LorenzVec(x=-11.649780064155607, y=-19.5, z=8.203014281159312)
 }
00:34:42 `r3x8ve862v`1 missed {
 is already Found: false).
 Position: LorenzVec(x=797.5, y=128.5, z=708.5)
 DistanceC: 13.281745720638469
Relative Position: LorenzVec(x=-13.281745720638469, y=-18.5, z=6.372105463972389)
 }
00:35:29 `r3x8ve862v`1 missed {
 is already Found: false).
 Position: LorenzVec(x=797.5, y=128.5, z=708.5)
 DistanceC: 10.927302095302935
Relative Position: LorenzVec(x=-10.927302095302935, y=-19.5, z=9.204584102761714)
 }
00:45:49 `r3x8ve862v`1 missed {
 is already Found: false).
 Position: LorenzVec(x=797.5, y=128.5, z=708.5)
 DistanceC: 14.538449915201
Relative Position: LorenzVec(x=2.013560758164658, y=-19.5, z=-14.538449915201)
 }
01:11:23 `r3x8ve862v`1 missed {
 is already Found: false).
 Position: LorenzVec(x=797.5, y=128.5, z=708.5)
 DistanceC: 10.967968839284367
Relative Position: LorenzVec(x=-10.967968839284367, y=-18.5, z=7.701517537857626)
 }
01:12:10 `r3x8ve862v`1 missed {
 is already Found: false).
 Position: LorenzVec(x=797.5, y=128.5, z=708.5)
 DistanceC: 11.214184688229466
Relative Position: LorenzVec(x=-11.214184688229466, y=-18.5, z=9.51789956422715)
 }
01:18:58 `r3x8ve862v`1 missed {
 is already Found: false).
 Position: LorenzVec(x=797.5, y=128.5, z=708.5)
 DistanceC: 14.398054790422634
Relative Position: LorenzVec(x=2.0379643010462587, y=-19.5, z=-14.398054790422634)
 }
01:23:58 `420odzl172`166 missed {
 is already Found: false).
 Position: LorenzVec(x=23.5, y=151.0, z=-87.5)
 DistanceC: 23.928424964938905
Relative Position: LorenzVec(x=12.02988072460792, y=2.0, z=-23.928424964938905)
 }
01:25:20 `420odzl172`166 missed {
 is already Found: false).
 Position: LorenzVec(x=23.5, y=151.0, z=-87.5)
 DistanceC: 22.94656844974486
Relative Position: LorenzVec(x=15.94926999789353, y=2.0, z=-22.94656844974486)
 }
01:26:55 `ยง7Villager`359 missed {
 is already Found: false).
 Position: LorenzVec(x=-21.5, y=68.0, z=-124.5)
 DistanceC: 20.30833551834796
Relative Position: LorenzVec(x=-20.30833551834796, y=-9.132993659646488, z=-15.367897011601457)
 }
01:27:31 `980031hdrn`163 missed {
 is already Found: false).
 Position: LorenzVec(x=-22.5, y=151.0, z=-49.5)
 DistanceC: 18.458511661715136
Relative Position: LorenzVec(x=-18.09036202659339, y=2.0, z=18.458511661715136)
 }
01:35:42 `582o838vot`535 missed {
 is already Found: false).
 Position: LorenzVec(x=125.0, y=73.0, z=165.0)
 DistanceC: 18.672181940777335
Relative Position: LorenzVec(x=-3.2364914835062564, y=6.979999989271164, z=-18.672181940777335)
 }
01:35:42 `x2v8qgj69s`536 missed {
 is already Found: false).
 Position: LorenzVec(x=123.5, y=79.0, z=165.5)
 DistanceC: 18.172181940777335
Relative Position: LorenzVec(x=-4.736491483506256, y=12.979999989271164, z=-18.172181940777335)
 }
01:35:43 `a7t583t0i6`534 missed {
 is already Found: false).
 Position: LorenzVec(x=114.5, y=73.0, z=175.0)
 DistanceC: 10.549800009917448
Relative Position: LorenzVec(x=-7.959512773476035, y=-7.766367993957516, z=-10.549800009917448)
 }
01:35:58 `Zombie`1072484 missed {
 is already Found: false).
 Position: LorenzVec(x=-50.0, y=104.0, z=71.0)
 DistanceC: 5.700000000000003
Relative Position: LorenzVec(x=-5.700000000000003, y=-18.0, z=1.7000000000000028)
 }
01:37:22 `c90o33wk3f`338 missed {
 is already Found: false).
 Position: LorenzVec(x=23.5, y=88.5, z=-90.5)
 DistanceC: 13.684020325000832
Relative Position: LorenzVec(x=13.684020325000832, y=18.5, z=-13.331804003333005)
 }
01:37:23 `2e431f757m`207 missed {
 is already Found: false).
 Position: LorenzVec(x=30.5, y=72.0, z=-94.5)
 DistanceC: 20.345730361201394
Relative Position: LorenzVec(x=20.345730361201394, y=0.9844449272978011, z=-13.776782483409832)
 }
01:51:05 `Zombie`1108755 missed {
 is already Found: false).
 Position: LorenzVec(x=-50.0, y=104.0, z=71.0)
 DistanceC: 12.805274788024136
Relative Position: LorenzVec(x=5.031163225596842, y=14.310357790783343, z=-12.805274788024136)
 }
01:51:22 `sv0195p8nn`327 missed {
 is already Found: false).
 Position: LorenzVec(x=-128.59375, y=73.025, z=164.3125)
 DistanceC: 15.872209219809307
Relative Position: LorenzVec(x=-15.872209219809307, y=0.7758129212553229, z=-8.013298420344512)
 }
01:51:22 `23quo3ws84`326 missed {
 is already Found: false).
 Position: LorenzVec(x=-130.3125, y=73.025, z=166.5)
 DistanceC: 18.495247728319384
Relative Position: LorenzVec(x=-18.495247728319384, y=0.6050000131130275, z=-7.545754928403227)
 }
01:51:22 `jz9r26iizx`332 missed {
 is already Found: false).
 Position: LorenzVec(x=-127.625, y=79.025, z=166.3125)
 DistanceC: 15.807747728319384
Relative Position: LorenzVec(x=-15.807747728319384, y=6.6050000131130275, z=-7.733254928403227)
 }
01:51:22 `v9px89c870`333 missed {
 is already Found: false).
 Position: LorenzVec(x=-129.3125, y=79.025, z=168.5)
 DistanceC: 18.59524601875657
Relative Position: LorenzVec(x=-18.59524601875657, y=6.009444927297807, z=-7.569432945995459)
 }
01:51:22 `20c95zn4wa`325 missed {
 is already Found: false).
 Position: LorenzVec(x=-128.59375, y=73.025, z=168.65625)
 DistanceC: 18.03293014318163
Relative Position: LorenzVec(x=-18.03293014318163, y=0.025000000000005684, z=-7.686798776687056)
 }
01:51:22 `99456ihv4b`324 missed {
 is already Found: false).
 Position: LorenzVec(x=-130.625, y=73.025, z=169.65625)
 DistanceC: 20.445441473108772
Relative Position: LorenzVec(x=-20.445441473108772, y=-0.976335979112136, z=-8.329840575906786)
 }
01:51:23 `4mq92e98xq`331 missed {
 is already Found: false).
 Position: LorenzVec(x=-128.59375, y=79.025, z=170.65625)
 DistanceC: 18.570758100694064
Relative Position: LorenzVec(x=-18.570758100694064, y=4.775812921255323, z=-8.295610573961937)
 }
01:51:23 `prt83ycq36`329 missed {
 is already Found: false).
 Position: LorenzVec(x=-118.3125, y=73.025, z=172.5)
 DistanceC: 10.135639936811742
Relative Position: LorenzVec(x=-9.428800714498536, y=-1.2241870787446771, z=-10.135639936811742)
 }
01:51:23 `mq59lf63vi`334 missed {
 is already Found: false).
 Position: LorenzVec(x=-124.3125, y=73.025, z=172.5)
 DistanceC: 15.428800714498536
Relative Position: LorenzVec(x=-15.428800714498536, y=-1.2241870787446771, z=-10.135639936811742)
 }
01:51:23 `041anjspu3`330 missed {
 is already Found: false).
 Position: LorenzVec(x=-127.59375, y=73.025, z=172.65625)
 DistanceC: 18.844095739085375
Relative Position: LorenzVec(x=-18.844095739085375, y=-1.2241870787446771, z=-10.28017603693533)
 }
01:51:23 `eyx3jdz3w8`328 missed {
 is already Found: false).
 Position: LorenzVec(x=-130.59375, y=73.025, z=173.3125)
 DistanceC: 22.485375203759787
Relative Position: LorenzVec(x=-22.485375203759787, y=-0.07908037809303892, z=-11.075770052292995)
 }
01:51:24 `Skeleton`323 missed {
 is already Found: false).
 Position: LorenzVec(x=-120.5, y=73.0, z=174.5)
 DistanceC: 14.389830673097208
Relative Position: LorenzVec(x=-14.389830673097208, y=-0.1040803780930446, z=-13.685507768442534)
 }
01:51:55 `Zombie`1109667 missed {
 is already Found: false).
 Position: LorenzVec(x=-50.0, y=104.0, z=71.0)
 DistanceC: 4.304083674116569
Relative Position: LorenzVec(x=-4.304083674116569, y=22.0, z=-2.6467015584853186)
 }
01:55:03 `l63s461a45`228 missed {
 is already Found: false).
 Position: LorenzVec(x=22.0, y=71.0, z=-45.5)
 DistanceC: 19.878754551787257
Relative Position: LorenzVec(x=19.878754551787257, y=-3.944213104023362, z=13.423474285014805)
 }
01:55:15 `xa440lofjh`244 missed {
 is already Found: false).
 Position: LorenzVec(x=-42.5, y=72.0, z=-54.5)
 DistanceC: 23.412606953997724
Relative Position: LorenzVec(x=-10.442677605322928, y=1.0, z=23.412606953997724)
 }
01:55:15 `ยง7Villager`371 missed {
 is already Found: false).
 Position: LorenzVec(x=-11.3125, y=70.0, z=-95.6875)
 DistanceC: 20.912035590639256
Relative Position: LorenzVec(x=20.912035590639256, y=-1.0, z=-17.73389592415515)
 }
01:55:16 `y4e5rn9651`245 missed {
 is already Found: false).
 Position: LorenzVec(x=-51.0, y=72.0, z=-60.5)
 DistanceC: 18.584124776500666
Relative Position: LorenzVec(x=-18.584124776500666, y=1.0, z=17.49488356640971)
 }
01:55:17 `eqer47aq0c`528 missed {
 is already Found: false).
 Position: LorenzVec(x=-6.5, y=55.0, z=-95.5)
 DistanceC: 19.934156674043567
Relative Position: LorenzVec(x=19.934156674043567, y=-16.0, z=-16.552942794499344)
 }
01:57:30 `l63s461a45`228 missed {
 is already Found: false).
 Position: LorenzVec(x=22.0, y=71.0, z=-45.5)
 DistanceC: 21.557129150130393
Relative Position: LorenzVec(x=21.519968221252622, y=-9.773432754562364, z=21.557129150130393)
 }
01:57:46 `Zombie`46917 missed {
 is already Found: false).
 Position: LorenzVec(x=10.15625, y=70.0, z=-94.15625)
 DistanceC: 21.347285533458447
Relative Position: LorenzVec(x=13.72287294588517, y=0.0, z=-21.347285533458447)
 }
01:57:47 `eqer47aq0c`528 missed {
 is already Found: false).
 Position: LorenzVec(x=-6.5, y=55.0, z=-95.5)
 DistanceC: 22.691035533458447
Relative Position: LorenzVec(x=-2.93337705411483, y=-15.0, z=-22.691035533458447)
 }
01:58:30 `kbpwfzktx0`229 missed {
 is already Found: false).
 Position: LorenzVec(x=25.0, y=65.0, z=-41.0)
 DistanceC: 22.15991205262687
Relative Position: LorenzVec(x=22.15991205262687, y=-11.0, z=15.86095724993416)
 }
01:59:21 `i7aeuu34ze`497 missed {
 is already Found: false).
 Position: LorenzVec(x=15.5, y=70.0, z=-71.8125)
 DistanceC: 22.625476040918066
Relative Position: LorenzVec(x=22.625476040918066, y=-5.176932213130129, z=-4.486300753517824)
 }
02:00:27 `b9m72c67mk`112 missed {
 is already Found: false).
 Position: LorenzVec(x=-6.5, y=145.0, z=-18.5)
 DistanceC: 8.729755780473848
Relative Position: LorenzVec(x=-8.729755780473848, y=-13.98301735129175, z=-3.174888620800674)
 }
02:20:39 `Enderman`74812 missed {
 is already Found: false).
 Position: LorenzVec(x=-532.0173611111112, y=4.638888888888889, z=-256.99652777777777)
 DistanceC: 21.31736112303213
Relative Position: LorenzVec(x=-21.31736112303213, y=-106.36111111111111, z=-6.696527765856871)
 }
02:24:45 `Bat`113225 missed {
 is already Found: false).
 Position: LorenzVec(x=-520.4375, y=72.1875, z=-264.03125)
 DistanceC: 13.7312499880791
Relative Position: LorenzVec(x=-9.737500011920929, y=-38.8125, z=-13.7312499880791)
 }
02:24:49 `Bat`113829 missed {
 is already Found: false).
 Position: LorenzVec(x=-516.03125, y=73.10000002384186, z=-269.4375)
 DistanceC: 19.1374999880791
Relative Position: LorenzVec(x=-5.331250011920929, y=-37.89999997615814, z=-19.1374999880791)
 }
02:25:45 `Bat`114647 missed {
 is already Found: false).
 Position: LorenzVec(x=-516.125, y=69.28125, z=-284.03125)
 DistanceC: 17.22444327743608
Relative Position: LorenzVec(x=9.327750234555651, y=-31.78125, z=-17.22444327743608)
 }
02:25:47 `Bat`110945 missed {
 is already Found: false).
 Position: LorenzVec(x=-537.375, y=76.10000002384186, z=-275.5)
 DistanceC: 11.922249765444349
Relative Position: LorenzVec(x=-11.922249765444349, y=-24.962499976158142, z=-8.69319327743608)
 }
