22:30:03 Trying to load config from config\skyhanni\config.json
22:30:03 load-config-now
22:30:03 Loaded config from file
22:30:03 Trying to load sacks from config\skyhanni\sacks.json
22:30:03 load-sacks-now
22:30:03 Loaded sacks from file
22:30:03 Trying to load friends from config\skyhanni\friends.json
22:30:03 load-friends-now
22:30:03 Loaded friends from file
22:30:03 Trying to load known_features from config\skyhanni\known_features.json
22:30:03 load-known_features-now
22:30:03 Loaded known_features from file
22:30:03 Trying to load jacob_contests from config\skyhanni\jacob_contests.json
22:30:03 load-jacob_contests-now
22:30:03 Loaded jacob_contests from file
22:30:03 Trying to load visual_words from config\skyhanni\visual_words.json
22:30:03 Setting visual_words to be blank as it did not exist. It will be saved once something is written to it
22:30:58 saveConfig: Updated known feature flags
22:30:58 Saving known_features file
22:31:03 saveConfig: auto-save-60s
22:31:03 Saving config file
22:32:03 saveConfig: auto-save-60s
22:32:03 Saving config file
22:33:03 saveConfig: auto-save-60s
22:33:03 Saving config file
22:34:03 saveConfig: auto-save-60s
22:34:03 Saving config file
22:35:03 saveConfig: auto-save-60s
22:35:03 Saving config file
22:36:03 saveConfig: auto-save-60s
22:36:03 Saving config file
22:36:13 saveConfig: close-gui
22:36:13 Saving config file
22:36:13 saveConfig: close-gui
22:36:13 Saving config file
22:36:13 saveConfig: close-gui
22:36:13 Saving config file
22:36:13 saveConfig: close-gui
22:36:13 Saving config file
22:37:03 saveConfig: auto-save-60s
22:37:03 Saving config file
22:38:03 saveConfig: auto-save-60s
22:38:03 Saving config file
22:39:03 saveConfig: auto-save-60s
22:39:03 Saving config file
22:40:03 saveConfig: auto-save-60s
22:40:03 Saving config file
22:41:03 saveConfig: auto-save-60s
22:41:03 Saving config file
22:42:03 saveConfig: auto-save-60s
22:42:03 Saving config file
22:43:03 saveConfig: auto-save-60s
22:43:03 Saving config file
22:44:03 saveConfig: auto-save-60s
22:44:03 Saving config file
22:45:03 saveConfig: auto-save-60s
22:45:03 Saving config file
22:46:03 saveConfig: auto-save-60s
22:46:03 Saving config file
22:47:03 saveConfig: auto-save-60s
22:47:03 Saving config file
22:48:03 saveConfig: auto-save-60s
22:48:03 Saving config file
22:49:03 saveConfig: auto-save-60s
22:49:03 Saving config file
22:50:03 saveConfig: auto-save-60s
22:50:03 Saving config file
22:51:03 saveConfig: auto-save-60s
22:51:03 Saving config file
22:52:03 saveConfig: auto-save-60s
22:52:03 Saving config file
22:53:03 saveConfig: auto-save-60s
22:53:03 Saving config file
22:54:00 saveConfig: close-gui
22:54:00 Saving config file
22:54:00 saveConfig: close-gui
22:54:00 Saving config file
22:54:03 saveConfig: auto-save-60s
22:54:03 Saving config file
22:54:04 saveConfig: close-gui
22:54:04 Saving config file
22:54:04 saveConfig: close-gui
22:54:04 Saving config file
22:54:04 saveConfig: close-gui
22:54:04 Saving config file
22:54:04 saveConfig: close-gui
22:54:04 Saving config file
22:54:04 saveConfig: close-gui
22:54:04 Saving config file
22:54:10 saveConfig: close-gui
22:54:10 Saving config file
22:54:10 saveConfig: close-gui
22:54:10 Saving config file
22:55:03 saveConfig: auto-save-60s
22:55:03 Saving config file
22:55:18 saveConfig: close-gui
22:55:18 Saving config file
22:55:18 saveConfig: close-gui
22:55:18 Saving config file
22:55:18 saveConfig: close-gui
22:55:18 Saving config file
22:56:03 saveConfig: auto-save-60s
22:56:03 Saving config file
22:57:03 saveConfig: auto-save-60s
22:57:03 Saving config file
22:58:03 saveConfig: auto-save-60s
22:58:03 Saving config file
22:59:03 saveConfig: auto-save-60s
22:59:03 Saving config file
22:59:08 saveConfig: close-gui
22:59:08 Saving config file
23:00:03 saveConfig: saving-data
23:00:03 Saving sacks file
23:00:03 saveConfig: auto-save-60s
23:00:03 Saving config file
23:01:03 saveConfig: auto-save-60s
23:01:03 Saving config file
23:02:03 saveConfig: auto-save-60s
23:02:03 Saving config file
23:03:03 saveConfig: auto-save-60s
23:03:03 Saving config file
23:04:03 saveConfig: auto-save-60s
23:04:03 Saving config file
23:05:03 saveConfig: auto-save-60s
23:05:03 Saving config file
23:06:03 saveConfig: auto-save-60s
23:06:03 Saving config file
23:07:03 saveConfig: auto-save-60s
23:07:03 Saving config file
23:08:03 saveConfig: auto-save-60s
23:08:03 Saving config file
23:09:03 saveConfig: auto-save-60s
23:09:03 Saving config file
23:10:03 saveConfig: auto-save-60s
23:10:03 Saving config file
23:11:03 saveConfig: auto-save-60s
23:11:03 Saving config file
23:12:03 saveConfig: auto-save-60s
23:12:03 Saving config file
23:13:03 saveConfig: auto-save-60s
23:13:03 Saving config file
23:13:42 saveConfig: close-gui
23:13:42 Saving config file
23:13:42 saveConfig: close-gui
23:13:42 Saving config file
23:13:42 saveConfig: close-gui
23:13:42 Saving config file
23:13:42 saveConfig: close-gui
23:13:42 Saving config file
23:13:42 saveConfig: close-gui
23:13:42 Saving config file
23:14:03 saveConfig: auto-save-60s
23:14:03 Saving config file
23:15:03 saveConfig: auto-save-60s
23:15:03 Saving config file
23:16:03 saveConfig: auto-save-60s
23:16:03 Saving config file
23:17:03 saveConfig: auto-save-60s
23:17:03 Saving config file
23:18:03 saveConfig: auto-save-60s
23:18:03 Saving config file
23:18:49 saveConfig: saving-data
23:18:49 Saving sacks file
23:19:03 saveConfig: auto-save-60s
23:19:03 Saving config file
23:20:03 saveConfig: auto-save-60s
23:20:03 Saving config file
23:21:03 saveConfig: auto-save-60s
23:21:03 Saving config file
23:22:03 saveConfig: auto-save-60s
23:22:03 Saving config file
23:23:03 saveConfig: auto-save-60s
23:23:03 Saving config file
23:24:03 saveConfig: auto-save-60s
23:24:03 Saving config file
23:25:03 saveConfig: auto-save-60s
23:25:03 Saving config file
23:26:03 saveConfig: auto-save-60s
23:26:03 Saving config file
23:27:03 saveConfig: auto-save-60s
23:27:03 Saving config file
23:28:03 saveConfig: auto-save-60s
23:28:03 Saving config file
23:29:03 saveConfig: auto-save-60s
23:29:03 Saving config file
23:30:03 saveConfig: auto-save-60s
23:30:03 Saving config file
23:31:03 saveConfig: auto-save-60s
23:31:03 Saving config file
23:32:03 saveConfig: auto-save-60s
23:32:03 Saving config file
23:33:03 saveConfig: auto-save-60s
23:33:03 Saving config file
23:34:03 saveConfig: auto-save-60s
23:34:03 Saving config file
23:35:03 saveConfig: auto-save-60s
23:35:03 Saving config file
23:36:03 saveConfig: auto-save-60s
23:36:03 Saving config file
23:37:03 saveConfig: auto-save-60s
23:37:03 Saving config file
23:38:03 saveConfig: auto-save-60s
23:38:03 Saving config file
23:39:03 saveConfig: auto-save-60s
23:39:03 Saving config file
23:40:03 saveConfig: auto-save-60s
23:40:03 Saving config file
23:41:03 saveConfig: auto-save-60s
23:41:03 Saving config file
23:42:03 saveConfig: auto-save-60s
23:42:03 Saving config file
23:42:35 saveConfig: close-gui
23:42:35 Saving config file
23:42:35 saveConfig: close-gui
23:42:35 Saving config file
23:43:03 saveConfig: auto-save-60s
23:43:03 Saving config file
23:43:06 saveConfig: close-gui
23:43:06 Saving config file
23:43:06 saveConfig: close-gui
23:43:06 Saving config file
23:43:07 saveConfig: close-gui
23:43:07 Saving config file
23:43:30 saveConfig: close-gui
23:43:30 Saving config file
23:44:03 saveConfig: auto-save-60s
23:44:03 Saving config file
23:45:03 saveConfig: auto-save-60s
23:45:03 Saving config file
23:46:03 saveConfig: auto-save-60s
23:46:03 Saving config file
23:47:03 saveConfig: auto-save-60s
23:47:03 Saving config file
23:48:03 saveConfig: auto-save-60s
23:48:03 Saving config file
23:49:03 saveConfig: auto-save-60s
23:49:03 Saving config file
23:50:03 saveConfig: auto-save-60s
23:50:03 Saving config file
23:50:11 saveConfig: close-gui
23:50:11 Saving config file
23:50:11 saveConfig: close-gui
23:50:11 Saving config file
23:50:52 saveConfig: close-gui
23:50:52 Saving config file
23:51:03 saveConfig: auto-save-60s
23:51:03 Saving config file
23:52:03 saveConfig: auto-save-60s
23:52:03 Saving config file
23:53:03 saveConfig: auto-save-60s
23:53:03 Saving config file
23:54:03 saveConfig: auto-save-60s
23:54:03 Saving config file
23:55:01 saveConfig: close-gui
23:55:01 Saving config file
23:55:01 saveConfig: close-gui
23:55:01 Saving config file
23:55:03 saveConfig: auto-save-60s
23:55:03 Saving config file
23:56:03 saveConfig: auto-save-60s
23:56:03 Saving config file
23:57:03 saveConfig: auto-save-60s
23:57:03 Saving config file
23:58:03 saveConfig: auto-save-60s
23:58:03 Saving config file
23:59:03 saveConfig: auto-save-60s
23:59:03 Saving config file
00:00:03 saveConfig: auto-save-60s
00:00:03 Saving config file
00:01:03 saveConfig: auto-save-60s
00:01:03 Saving config file
00:02:03 saveConfig: auto-save-60s
00:02:03 Saving config file
00:03:03 saveConfig: auto-save-60s
00:03:03 Saving config file
00:04:03 saveConfig: auto-save-60s
00:04:03 Saving config file
00:05:03 saveConfig: auto-save-60s
00:05:03 Saving config file
00:06:03 saveConfig: auto-save-60s
00:06:03 Saving config file
00:07:03 saveConfig: auto-save-60s
00:07:03 Saving config file
00:08:03 saveConfig: auto-save-60s
00:08:03 Saving config file
00:09:03 saveConfig: auto-save-60s
00:09:03 Saving config file
00:10:03 saveConfig: auto-save-60s
00:10:03 Saving config file
00:11:03 saveConfig: auto-save-60s
00:11:03 Saving config file
00:12:03 saveConfig: auto-save-60s
00:12:03 Saving config file
00:13:03 saveConfig: auto-save-60s
00:13:03 Saving config file
00:14:03 saveConfig: auto-save-60s
00:14:03 Saving config file
00:15:03 saveConfig: auto-save-60s
00:15:03 Saving config file
00:16:03 saveConfig: auto-save-60s
00:16:03 Saving config file
00:17:03 saveConfig: auto-save-60s
00:17:03 Saving config file
00:18:03 saveConfig: auto-save-60s
00:18:03 Saving config file
00:19:03 saveConfig: auto-save-60s
00:19:03 Saving config file
00:20:03 saveConfig: auto-save-60s
00:20:03 Saving config file
00:21:03 saveConfig: auto-save-60s
00:21:03 Saving config file
00:22:03 saveConfig: auto-save-60s
00:22:03 Saving config file
00:23:03 saveConfig: auto-save-60s
00:23:03 Saving config file
00:24:03 saveConfig: auto-save-60s
00:24:03 Saving config file
00:24:25 saveConfig: saving-data
00:24:25 Saving sacks file
00:24:37 saveConfig: saving-data
00:24:37 Saving sacks file
00:25:03 saveConfig: auto-save-60s
00:25:03 Saving config file
00:26:03 saveConfig: auto-save-60s
00:26:03 Saving config file
00:27:03 saveConfig: auto-save-60s
00:27:03 Saving config file
00:28:03 saveConfig: auto-save-60s
00:28:03 Saving config file
00:29:03 saveConfig: auto-save-60s
00:29:03 Saving config file
00:30:03 saveConfig: auto-save-60s
00:30:03 Saving config file
00:31:03 saveConfig: auto-save-60s
00:31:03 Saving config file
00:32:03 saveConfig: auto-save-60s
00:32:03 Saving config file
00:33:03 saveConfig: auto-save-60s
00:33:03 Saving config file
00:34:03 saveConfig: auto-save-60s
00:34:03 Saving config file
00:35:03 saveConfig: auto-save-60s
00:35:03 Saving config file
00:36:03 saveConfig: auto-save-60s
00:36:03 Saving config file
00:37:03 saveConfig: auto-save-60s
00:37:03 Saving config file
00:38:03 saveConfig: auto-save-60s
00:38:03 Saving config file
00:39:03 saveConfig: auto-save-60s
00:39:03 Saving config file
00:40:03 saveConfig: auto-save-60s
00:40:03 Saving config file
00:41:03 saveConfig: auto-save-60s
00:41:03 Saving config file
00:42:03 saveConfig: auto-save-60s
00:42:03 Saving config file
00:43:03 saveConfig: auto-save-60s
00:43:03 Saving config file
00:44:03 saveConfig: auto-save-60s
00:44:03 Saving config file
00:45:03 saveConfig: auto-save-60s
00:45:03 Saving config file
00:46:03 saveConfig: auto-save-60s
00:46:03 Saving config file
00:47:03 saveConfig: auto-save-60s
00:47:03 Saving config file
00:48:03 saveConfig: auto-save-60s
00:48:03 Saving config file
00:49:03 saveConfig: auto-save-60s
00:49:03 Saving config file
00:50:03 saveConfig: auto-save-60s
00:50:03 Saving config file
00:51:03 saveConfig: auto-save-60s
00:51:03 Saving config file
00:52:03 saveConfig: auto-save-60s
00:52:03 Saving config file
00:52:16 saveConfig: saving-data
00:52:16 Saving sacks file
00:53:03 saveConfig: auto-save-60s
00:53:03 Saving config file
00:54:03 saveConfig: auto-save-60s
00:54:03 Saving config file
00:55:03 saveConfig: auto-save-60s
00:55:03 Saving config file
00:56:03 saveConfig: auto-save-60s
00:56:03 Saving config file
00:57:03 saveConfig: auto-save-60s
00:57:03 Saving config file
00:58:03 saveConfig: auto-save-60s
00:58:03 Saving config file
00:59:03 saveConfig: auto-save-60s
00:59:03 Saving config file
01:00:03 saveConfig: auto-save-60s
01:00:03 Saving config file
01:01:03 saveConfig: auto-save-60s
01:01:03 Saving config file
01:02:03 saveConfig: auto-save-60s
01:02:03 Saving config file
01:03:03 saveConfig: auto-save-60s
01:03:03 Saving config file
01:04:03 saveConfig: auto-save-60s
01:04:03 Saving config file
01:05:03 saveConfig: auto-save-60s
01:05:03 Saving config file
01:06:03 saveConfig: auto-save-60s
01:06:03 Saving config file
01:07:03 saveConfig: auto-save-60s
01:07:03 Saving config file
01:08:03 saveConfig: auto-save-60s
01:08:03 Saving config file
01:09:03 saveConfig: auto-save-60s
01:09:03 Saving config file
01:10:03 saveConfig: auto-save-60s
01:10:03 Saving config file
01:11:03 saveConfig: auto-save-60s
01:11:03 Saving config file
01:12:03 saveConfig: auto-save-60s
01:12:03 Saving config file
01:13:03 saveConfig: auto-save-60s
01:13:03 Saving config file
01:14:03 saveConfig: auto-save-60s
01:14:03 Saving config file
01:15:03 saveConfig: auto-save-60s
01:15:03 Saving config file
01:16:03 saveConfig: auto-save-60s
01:16:03 Saving config file
01:17:03 saveConfig: auto-save-60s
01:17:03 Saving config file
01:17:11 saveConfig: saving-data
01:17:11 Saving sacks file
01:17:17 saveConfig: saving-data
01:17:17 Saving sacks file
01:18:03 saveConfig: auto-save-60s
01:18:03 Saving config file
01:18:29 saveConfig: saving-data
01:18:29 Saving sacks file
01:19:03 saveConfig: auto-save-60s
01:19:03 Saving config file
01:20:03 saveConfig: auto-save-60s
01:20:03 Saving config file
01:20:25 saveConfig: shutdown-hook
01:20:25 Saving config file
