22:07:10 [EMPTY] §f §r§r§r§f §r§r§r§1 §r§r§r§0 §r§r§r§2 §r§r§r§f §r§r§r§f §r§r§r§2 §r§r§r§0 §r§r§r§4 §r§r§r§3 §r§r§r§9 §r§r§r§2 §r§r§r§0 §r§r§r§0 §r§r§r§3 §r§r§r§9 §r§r§r§2 §r§r§r§0 §r§r§r§0 §r§r§r§3 §r§r§r§9 §r§r§r§2 §r§r§r§0 §r§r§r§0 
22:07:10 [LOBBY] §b[MVP§e+§b] Sebbebas§f §6joined the lobby!
22:07:10 [LOBBY] §b[MVP§c+§b] Traveler_TabiGON§f §6joined the lobby!
22:07:10 [LOBBY] §b[MVP§9+§b] carterz30cal§f §6joined the lobby!
22:07:10 [LOBBY]   §r§f§l➤ §r§6You have reached your Hype limit! Add Hype to Prototype Lobby minigames by right-clicking with the Hype Diamond!
22:07:10 [LOBBY] §b[MVP§e+§b] ChalkyMist§f §6joined the lobby!
22:07:10 [LOBBY] §b[MVP§d+§b] youpromised§f §6joined the lobby!
22:07:13 [LOBBY] §b[MVP§d+§b] blockwars1§f §6joined the lobby!
22:07:14 [LOBBY] §b[MVP§2+§b] Starshroom§f §6joined the lobby!
22:07:22 [LOBBY] §b[MVP§c+§b] Aerox1998§f §6joined the lobby!
22:07:23 [LOBBY] §b[MVP§3+§b] MrRaveMC§f §6joined the lobby!
22:07:24 [LOBBY] §b[MVP§0+§b] Jaych8866§f §6joined the lobby!
22:07:24 [LOBBY] §b[MVP§9+§b] landenogs§f §6joined the lobby!
22:07:24 [LOBBY] §b[MVP§e+§b] Dorada36§f §6joined the lobby!
22:07:25 [LOBBY] §b[MVP§d+§b] sinceritylol§f §6joined the lobby!
22:07:25 [LOBBY] §b[MVP§c+§b] SpinnerKevin§f §6joined the lobby!
22:07:29 [LOBBY] §b[MVP§d+§b] Kankorou§f §6joined the lobby!
22:07:29 [LOBBY] §b[MVP§c+§b] JCPerez512§f §6joined the lobby!
22:07:30 [LOBBY] §b[MVP§2+§b] sebie01§f §6joined the lobby!
22:07:31 [LOBBY] §b[MVP§2+§b] UnslimeableG§f §6joined the lobby!
22:07:32 [LOBBY] §b[MVP§6+§b] Sorr_Heyy§f §6joined the lobby!
22:07:37 [LOBBY] §b[MVP§c+§b] Graymarow§f §6joined the lobby!
22:07:40 [LOBBY] §b[MVP§2+§b] CleanWhistle§f §6joined the lobby!
22:07:43 [LOBBY] §b[MVP§c+§b] Chadwick891§f §6joined the lobby!
22:07:55 [LOBBY] §b[MVP§d+§b] luvdependent§f §6joined the lobby!
22:08:04 [LOBBY] §b[MVP§c+§b] Lamastorming§f §6joined the lobby!
22:08:04 [WARPING] §7Sending to server mini142DQ...
22:08:05 [EMPTY] §8 §r§8 §r§1 §r§3 §r§3 §r§7 §r§8 
22:08:08 [EMPTY] 
22:08:08 [WELCOME] §eWelcome to §r§aHypixel SkyBlock§r§e!
22:08:08 [EMPTY] 
22:08:08 [PROFILE_JOIN] §aYou are playing on profile: §eStrawberry
22:08:08 [PROFILE_JOIN] §8Profile ID: 9c7a677f-93d6-4850-9874-f9768774af89
22:08:18 [EMPTY] 
22:08:18 [EMPTY] 
22:08:18 [EMPTY] 
22:08:18 [EMPTY] 
22:09:44 [COMPACT_BINGO_BORDER] §3§l▬▬▬▬▬▬▬▬▬▬▬▬▬▬▬▬▬▬▬▬▬▬▬▬▬▬▬▬▬▬▬▬▬▬▬▬▬▬▬▬▬▬▬▬▬▬▬▬▬▬▬▬▬▬▬▬▬▬▬▬▬▬▬▬
22:09:44 [EMPTY]  
22:09:44 [BESTIARY] §f                                  §6§lBESTIARY
22:09:44 [BESTIARY] §f                           §b§lEnderman §7§8XIV §8➡§b §bXV
22:09:44 [BESTIARY] 
22:09:44 [BESTIARY] §f                                  §r§6§lREWARDS
22:09:44 [BESTIARY] §f                        §r§8+§r§a4 Enderman §r§b✯ Magic Find
22:09:44 [BESTIARY] §f                         §r§8+§r§a4 Enderman §r§c❁ Strength
22:09:44 [BESTIARY] §f                            §r§8+§r§62% §r§aEnderman §r§7coins
22:09:44 [BESTIARY] §f                    §r§8+§r§a50% §r§7chance for extra XP orbs
22:09:44 [BESTIARY] §f                               §r§8+§r§b1 SkyBlock XP
22:09:44 [BESTIARY] 
22:09:44 [BESTIARY] §3§l▬▬▬▬▬▬▬▬▬▬▬▬▬▬▬▬▬▬▬▬▬▬▬▬▬▬▬▬▬▬▬▬▬▬▬▬▬▬▬▬▬▬▬▬▬▬▬▬▬▬▬▬▬▬▬▬▬▬▬▬▬▬▬▬
22:12:39 [GUILD_EXP] §aYou earned §r§2488 GEXP §r§afrom playing SkyBlock!
22:15:53 [EMPTY] 
22:15:53 [EMPTY] 
22:15:53 [EMPTY] 
22:15:53 [EMPTY] 
22:17:23 [COMPACT_BINGO_BORDER] §e§l▬▬▬▬▬▬▬▬▬▬▬▬▬▬▬▬▬▬▬▬▬▬▬▬▬▬▬▬▬▬▬▬▬▬▬▬▬▬▬▬▬▬▬▬▬▬▬▬▬▬▬▬▬▬▬▬▬▬▬▬▬▬▬▬
22:17:23 [COMPACT_COLLECTION_LEVEL_UP] 
22:17:23 [COMPACT_COLLECTION_LEVEL_UP]   §r§a§lREWARDS
22:17:23 [COMPACT_COLLECTION_LEVEL_UP]     §r§7§8+§b4 SkyBlock XP
22:17:23 [COMPACT_BINGO_BORDER] §e§l▬▬▬▬▬▬▬▬▬▬▬▬▬▬▬▬▬▬▬▬▬▬▬▬▬▬▬▬▬▬▬▬▬▬▬▬▬▬▬▬▬▬▬▬▬▬▬▬▬▬▬▬▬▬▬▬▬▬▬▬▬▬▬▬
22:17:42 [GUILD_EXP] §aYou earned §r§2750 GEXP §r§afrom playing SkyBlock!
22:19:18 [COMPACT_BINGO_BORDER] §3§l▬▬▬▬▬▬▬▬▬▬▬▬▬▬▬▬▬▬▬▬▬▬▬▬▬▬▬▬▬▬▬▬▬▬▬▬▬▬▬▬▬▬▬▬▬▬▬▬▬▬▬▬▬▬▬▬▬▬▬▬▬▬▬▬
22:19:18 [COMPACT_SKILL_LEVEL_UP] 
22:19:18 [COMPACT_SKILL_LEVEL_UP]   §r§a§lREWARDS
22:19:18 [COMPACT_SKILL_LEVEL_UP]    §r§eWarrior XX
22:19:18 [COMPACT_SKILL_LEVEL_UP]    §r  §7§fDeal §876➜§a80%§f more damage to mobs.
22:19:18 [COMPACT_SKILL_LEVEL_UP]    §r§7§8+§a0.5% §9☣ Crit Chance
22:19:18 [COMPACT_SKILL_LEVEL_UP]    §r§7§9Acacia Birdhouse §7Power Stone
22:19:18 [COMPACT_SKILL_LEVEL_UP]    §r§7§6Glacite Shard §7Power Stone
22:19:18 [COMPACT_SKILL_LEVEL_UP]    §r§7§9Furball §7Power Stone
22:19:18 [COMPACT_SKILL_LEVEL_UP]    §r§7§9Obsidian Tablet §7Power Stone
22:19:18 [COMPACT_SKILL_LEVEL_UP]    §r§7§9End Stone Shulker §7Power Stone
22:19:18 [COMPACT_SKILL_LEVEL_UP]    §r§7§9Beating Heart §7Power Stone
22:19:18 [COMPACT_SKILL_LEVEL_UP]    §r§7§9Dark Orb §7Power Stone
22:19:18 [COMPACT_SKILL_LEVEL_UP]    §r§7§6Fang-tastic Chocolate Chip §7Power Stone
22:19:18 [COMPACT_SKILL_LEVEL_UP]    §r§7§8+§6100,000 §7Coins
22:19:18 [COMPACT_SKILL_LEVEL_UP]    §r§7§8+§b10 SkyBlock XP
22:19:18 [COMPACT_BINGO_BORDER] §3§l▬▬▬▬▬▬▬▬▬▬▬▬▬▬▬▬▬▬▬▬▬▬▬▬▬▬▬▬▬▬▬▬▬▬▬▬▬▬▬▬▬▬▬▬▬▬▬▬▬▬▬▬▬▬▬▬▬▬▬▬▬▬▬▬
22:20:01 [WARPING] §7Warping...
22:20:19 [EMPTY] 
22:20:19 [EMPTY] 
22:20:19 [EMPTY] 
22:20:19 [EMPTY] 
22:21:10 [COMPACT_BINGO_BORDER] §3§l▬▬▬▬▬▬▬▬▬▬▬▬▬▬▬▬▬▬▬▬▬▬▬▬▬▬▬▬▬▬▬▬▬▬▬▬▬▬▬▬▬▬▬▬▬▬▬▬▬▬▬▬▬▬▬▬▬▬▬▬▬▬▬▬
22:21:10 [EMPTY]  
22:21:10 [BESTIARY] §f                                  §6§lBESTIARY
22:21:10 [BESTIARY] §f                           §b§lEnderman §7§8XV §8➡§b §bXVI
22:21:10 [BESTIARY] 
22:21:10 [BESTIARY] §f                                  §r§6§lREWARDS
22:21:10 [BESTIARY] §f                        §r§8+§r§a5 Enderman §r§b✯ Magic Find
22:21:10 [BESTIARY] §f                         §r§8+§r§a5 Enderman §r§c❁ Strength
22:21:10 [BESTIARY] §f                            §r§8+§r§62% §r§aEnderman §r§7coins
22:21:10 [BESTIARY] §f                    §r§8+§r§a50% §r§7chance for extra XP orbs
22:21:10 [BESTIARY] §f                               §r§8+§r§b1 SkyBlock XP
22:21:10 [BESTIARY] 
22:21:10 [BESTIARY] §3§l▬▬▬▬▬▬▬▬▬▬▬▬▬▬▬▬▬▬▬▬▬▬▬▬▬▬▬▬▬▬▬▬▬▬▬▬▬▬▬▬▬▬▬▬▬▬▬▬▬▬▬▬▬▬▬▬▬▬▬▬▬▬▬▬
22:21:35 [WARPING] §7Warping you to your SkyBlock island...
22:21:35 [WARPING] §7Sending to server mini79CP...
22:21:36 [EMPTY] §8 §r§8 §r§1 §r§3 §r§3 §r§7 §r§8 
22:21:39 [PROFILE_JOIN] §aYou are playing on profile: §eStrawberry
22:21:39 [PROFILE_JOIN] §8Profile ID: 9c7a677f-93d6-4850-9874-f9768774af89
22:22:24 [WARPING] §7Warping...
22:22:24 [WARPING] §7Sending to server mini188E...
22:22:25 [EMPTY] §8 §r§8 §r§1 §r§3 §r§3 §r§7 §r§8 
22:22:28 [PROFILE_JOIN] §aYou are playing on profile: §eStrawberry
22:22:28 [PROFILE_JOIN] §8Profile ID: 9c7a677f-93d6-4850-9874-f9768774af89
22:24:13 [COMPACT_BINGO_BORDER] §3§l▬▬▬▬▬▬▬▬▬▬▬▬▬▬▬▬▬▬▬▬▬▬▬▬▬▬▬▬▬▬▬▬▬▬▬▬▬▬▬▬▬▬▬▬▬▬▬▬▬▬▬▬▬▬▬▬▬▬▬▬▬▬▬▬
22:24:13 [EMPTY]  
22:24:13 [BESTIARY] §f                                  §6§lBESTIARY
22:24:13 [BESTIARY] §f                           §b§lEndermite §7§8XI §8➡§b §bXII
22:24:13 [BESTIARY] 
22:24:13 [BESTIARY] §f                                  §r§6§lREWARDS
22:24:13 [BESTIARY] §f                        §r§8+§r§a4 Endermite §r§b✯ Magic Find
22:24:13 [BESTIARY] §f                         §r§8+§r§a4 Endermite §r§c❁ Strength
22:24:13 [BESTIARY] §f                            §r§8+§r§62% §r§aEndermite §r§7coins
22:24:13 [BESTIARY] §f                    §r§8+§r§a50% §r§7chance for extra XP orbs
22:24:13 [BESTIARY] §f                               §r§8+§r§b1 SkyBlock XP
22:24:13 [BESTIARY] 
22:24:13 [BESTIARY] §3§l▬▬▬▬▬▬▬▬▬▬▬▬▬▬▬▬▬▬▬▬▬▬▬▬▬▬▬▬▬▬▬▬▬▬▬▬▬▬▬▬▬▬▬▬▬▬▬▬▬▬▬▬▬▬▬▬▬▬▬▬▬▬▬▬
22:28:05 [GUILD_EXP] §aYou earned §r§2668 GEXP §r§afrom playing SkyBlock!
22:32:01 [WARPING] §7Warping...
22:33:08 [GUILD_EXP] §aYou earned §r§2750 GEXP §r§afrom playing SkyBlock!
22:34:12 [COMPACT_BINGO_BORDER] §3§l▬▬▬▬▬▬▬▬▬▬▬▬▬▬▬▬▬▬▬▬▬▬▬▬▬▬▬▬▬▬▬▬▬▬▬▬▬▬▬▬▬▬▬▬▬▬▬▬▬▬▬▬▬▬▬▬▬▬▬▬▬▬▬▬
22:34:12 [EMPTY]  
22:34:12 [BESTIARY] §f                                  §6§lBESTIARY
22:34:12 [BESTIARY] §f                          §b§lEnderman §7§8XVI §8➡§b §bXVII
22:34:12 [BESTIARY] 
22:34:12 [BESTIARY] §f                                  §r§6§lREWARDS
22:34:12 [BESTIARY] §f                        §r§8+§r§a5 Enderman §r§b✯ Magic Find
22:34:12 [BESTIARY] §f                         §r§8+§r§a5 Enderman §r§c❁ Strength
22:34:12 [BESTIARY] §f                            §r§8+§r§62% §r§aEnderman §r§7coins
22:34:12 [BESTIARY] §f                    §r§8+§r§a50% §r§7chance for extra XP orbs
22:34:12 [BESTIARY] §f                               §r§8+§r§b1 SkyBlock XP
22:34:12 [BESTIARY] 
22:34:12 [BESTIARY] §3§l▬▬▬▬▬▬▬▬▬▬▬▬▬▬▬▬▬▬▬▬▬▬▬▬▬▬▬▬▬▬▬▬▬▬▬▬▬▬▬▬▬▬▬▬▬▬▬▬▬▬▬▬▬▬▬▬▬▬▬▬▬▬▬▬
22:34:41 [EMPTY] 
22:34:41 [EMPTY] 
22:34:41 [EMPTY] 
22:34:41 [EMPTY] 
22:36:18 [EMPTY] 
22:36:18 [EMPTY] 
22:36:18 [EMPTY] 
22:36:18 [EMPTY] 
22:38:11 [GUILD_EXP] §aYou earned §r§2700 GEXP §r§afrom playing SkyBlock!
22:38:12 [EMPTY] 
22:38:12 [EMPTY] 
22:38:12 [EMPTY] 
22:38:12 [EMPTY] 
22:39:55 [EMPTY] 
22:39:55 [EMPTY] 
22:39:55 [EMPTY] 
22:39:55 [EMPTY] 
22:41:28 [EMPTY] 
22:41:28 [EMPTY] 
22:41:28 [EMPTY] 
22:41:28 [EMPTY] 
22:42:16 [EMPTY] 
22:42:16 [EMPTY] 
22:42:16 [EMPTY] 
22:42:16 [EMPTY] 
22:43:14 [GUILD_EXP] §aYou earned §r§2750 GEXP §r§afrom playing SkyBlock!
22:43:58 [WARPING] §7Warping...
22:44:03 [EMPTY] 
22:44:03 [EMPTY] 
22:44:03 [EMPTY] 
22:44:03 [EMPTY] 
22:45:31 [COMPACT_BINGO_BORDER] §3§l▬▬▬▬▬▬▬▬▬▬▬▬▬▬▬▬▬▬▬▬▬▬▬▬▬▬▬▬▬▬▬▬▬▬▬▬▬▬▬▬▬▬▬▬▬▬▬▬▬▬▬▬▬▬▬▬▬▬▬▬▬▬▬▬
22:45:31 [EMPTY]  
22:45:31 [BESTIARY] §f                                  §6§lBESTIARY
22:45:31 [BESTIARY] §f                         §b§lEnderman §7§8XVII §8➡§b §bXVIII
22:45:31 [BESTIARY] 
22:45:31 [BESTIARY] §f                                  §r§6§lREWARDS
22:45:31 [BESTIARY] §f                        §r§8+§r§a5 Enderman §r§b✯ Magic Find
22:45:31 [BESTIARY] §f                         §r§8+§r§a5 Enderman §r§c❁ Strength
22:45:31 [BESTIARY] §f                            §r§8+§r§62% §r§aEnderman §r§7coins
22:45:31 [BESTIARY] §f                    §r§8+§r§a50% §r§7chance for extra XP orbs
22:45:31 [BESTIARY] §f                               §r§8+§r§b1 SkyBlock XP
22:45:31 [BESTIARY] 
22:45:31 [BESTIARY] §3§l▬▬▬▬▬▬▬▬▬▬▬▬▬▬▬▬▬▬▬▬▬▬▬▬▬▬▬▬▬▬▬▬▬▬▬▬▬▬▬▬▬▬▬▬▬▬▬▬▬▬▬▬▬▬▬▬▬▬▬▬▬▬▬▬
22:46:14 [WARPING] §7Warping you to your SkyBlock island...
22:46:14 [WARPING] §7Sending to server mini1DS...
22:46:15 [EMPTY] §8 §r§8 §r§1 §r§3 §r§3 §r§7 §r§8 
22:46:18 [PROFILE_JOIN] §aYou are playing on profile: §eStrawberry
22:46:18 [PROFILE_JOIN] §8Profile ID: 9c7a677f-93d6-4850-9874-f9768774af89
22:46:21 [WARPING] §7Warping...
22:46:21 [WARPING] §7Sending to server mini184CS...
22:46:22 [EMPTY] §8 §r§8 §r§1 §r§3 §r§3 §r§7 §r§8 
22:46:25 [PROFILE_JOIN] §aYou are playing on profile: §eStrawberry
22:46:25 [PROFILE_JOIN] §8Profile ID: 9c7a677f-93d6-4850-9874-f9768774af89
22:48:07 [GUILD_EXP] §aYou earned §r§2108 GEXP §r§afrom playing SkyBlock!
22:53:12 [GUILD_EXP] §aYou earned §r§2743 GEXP §r§afrom playing SkyBlock!
22:58:15 [GUILD_EXP] §aYou earned §r§2743 GEXP §r§afrom playing SkyBlock!
23:00:07 [WARPING] §7Warping...
23:01:44 [EMPTY] 
23:01:44 [EMPTY] 
23:01:44 [EMPTY] 
23:01:44 [EMPTY] 
23:03:07 [COMPACT_BINGO_BORDER] §3§l▬▬▬▬▬▬▬▬▬▬▬▬▬▬▬▬▬▬▬▬▬▬▬▬▬▬▬▬▬▬▬▬▬▬▬▬▬▬▬▬▬▬▬▬▬▬▬▬▬▬▬▬▬▬▬▬▬▬▬▬▬▬▬▬
23:03:07 [EMPTY]  
23:03:07 [BESTIARY] §f                                  §6§lBESTIARY
23:03:07 [BESTIARY] §f                          §b§lEndermite §7§8XII §8➡§b §bXIII
23:03:07 [BESTIARY] 
23:03:07 [BESTIARY] §f                                  §r§6§lREWARDS
23:03:07 [BESTIARY] §f                        §r§8+§r§a4 Endermite §r§b✯ Magic Find
23:03:07 [BESTIARY] §f                         §r§8+§r§a4 Endermite §r§c❁ Strength
23:03:07 [BESTIARY] §f                            §r§8+§r§62% §r§aEndermite §r§7coins
23:03:07 [BESTIARY] §f                    §r§8+§r§a50% §r§7chance for extra XP orbs
23:03:07 [BESTIARY] §f                               §r§8+§r§b1 SkyBlock XP
23:03:07 [BESTIARY] 
23:03:07 [BESTIARY] §3§l▬▬▬▬▬▬▬▬▬▬▬▬▬▬▬▬▬▬▬▬▬▬▬▬▬▬▬▬▬▬▬▬▬▬▬▬▬▬▬▬▬▬▬▬▬▬▬▬▬▬▬▬▬▬▬▬▬▬▬▬▬▬▬▬
23:03:19 [GUILD_EXP] §aYou earned §r§2740 GEXP §r§afrom playing SkyBlock!
23:06:56 [COMPACT_BINGO_BORDER] §e§l▬▬▬▬▬▬▬▬▬▬▬▬▬▬▬▬▬▬▬▬▬▬▬▬▬▬▬▬▬▬▬▬▬▬▬▬▬▬▬▬▬▬▬▬▬▬▬▬▬▬▬▬▬▬▬▬▬▬▬▬▬▬▬▬
23:06:56 [COMPACT_COLLECTION_LEVEL_UP] 
23:06:56 [COMPACT_COLLECTION_LEVEL_UP]   §r§a§lREWARDS
23:06:56 [COMPACT_COLLECTION_LEVEL_UP]     §r§7§8+§b4 SkyBlock XP
23:06:56 [COMPACT_BINGO_BORDER] §e§l▬▬▬▬▬▬▬▬▬▬▬▬▬▬▬▬▬▬▬▬▬▬▬▬▬▬▬▬▬▬▬▬▬▬▬▬▬▬▬▬▬▬▬▬▬▬▬▬▬▬▬▬▬▬▬▬▬▬▬▬▬▬▬▬
23:07:21 [COMPACT_BINGO_BORDER] §3§l▬▬▬▬▬▬▬▬▬▬▬▬▬▬▬▬▬▬▬▬▬▬▬▬▬▬▬▬▬▬▬▬▬▬▬▬▬▬▬▬▬▬▬▬▬▬▬▬▬▬▬▬▬▬▬▬▬▬▬▬▬▬▬▬
23:07:21 [EMPTY]  
23:07:21 [BESTIARY] §f                                  §6§lBESTIARY
23:07:21 [BESTIARY] §f                          §b§lEnderman §7§8XVIII §8➡§b §bXIX
23:07:21 [BESTIARY] 
23:07:21 [BESTIARY] §f                                  §r§6§lREWARDS
23:07:21 [BESTIARY] §f                        §r§8+§r§a5 Enderman §r§b✯ Magic Find
23:07:21 [BESTIARY] §f                         §r§8+§r§a5 Enderman §r§c❁ Strength
23:07:21 [BESTIARY] §f                            §r§8+§r§62% §r§aEnderman §r§7coins
23:07:21 [BESTIARY] §f                    §r§8+§r§a50% §r§7chance for extra XP orbs
23:07:21 [BESTIARY] §f                               §r§8+§r§b1 SkyBlock XP
23:07:21 [BESTIARY] 
23:07:21 [BESTIARY] §3§l▬▬▬▬▬▬▬▬▬▬▬▬▬▬▬▬▬▬▬▬▬▬▬▬▬▬▬▬▬▬▬▬▬▬▬▬▬▬▬▬▬▬▬▬▬▬▬▬▬▬▬▬▬▬▬▬▬▬▬▬▬▬▬▬
23:07:45 [COMPACT_BINGO_BORDER] §e§l▬▬▬▬▬▬▬▬▬▬▬▬▬▬▬▬▬▬▬▬▬▬▬▬▬▬▬▬▬▬▬▬▬▬▬▬▬▬▬▬▬▬▬▬▬▬▬▬▬▬▬▬▬▬▬▬▬▬▬▬▬▬▬▬
23:07:45 [COMPACT_COLLECTION_LEVEL_UP] 
23:07:45 [COMPACT_COLLECTION_LEVEL_UP]   §r§a§lREWARDS
23:07:45 [COMPACT_COLLECTION_LEVEL_UP]     §r§7§8+§b4 SkyBlock XP
23:07:45 [COMPACT_BINGO_BORDER] §e§l▬▬▬▬▬▬▬▬▬▬▬▬▬▬▬▬▬▬▬▬▬▬▬▬▬▬▬▬▬▬▬▬▬▬▬▬▬▬▬▬▬▬▬▬▬▬▬▬▬▬▬▬▬▬▬▬▬▬▬▬▬▬▬▬
23:08:22 [GUILD_EXP] §aYou earned §r§2748 GEXP §r§afrom playing SkyBlock!
23:13:24 [GUILD_EXP] §aYou earned §r§2511 GEXP §r§afrom playing SkyBlock!
23:14:36 [COMPACT_BINGO_BORDER] §3§l▬▬▬▬▬▬▬▬▬▬▬▬▬▬▬▬▬▬▬▬▬▬▬▬▬▬▬▬▬▬▬▬▬▬▬▬▬▬▬▬▬▬▬▬▬▬▬▬▬▬▬▬▬▬▬▬▬▬▬▬▬▬▬▬
23:14:36 [COMPACT_SKILL_LEVEL_UP] 
23:14:36 [COMPACT_SKILL_LEVEL_UP]   §r§a§lREWARDS
23:14:36 [COMPACT_SKILL_LEVEL_UP]    §r§eZoologist XX
23:14:36 [COMPACT_SKILL_LEVEL_UP]    §r  §7§fGain §819➜§a20%§f extra pet exp.
23:14:36 [COMPACT_SKILL_LEVEL_UP]    §r§7§8+§a1 §d♣ Pet Luck
23:14:36 [COMPACT_SKILL_LEVEL_UP]    §r§7§8+§aLight Training Session at Fann
23:14:36 [COMPACT_SKILL_LEVEL_UP]    §r§7§8+§6100,000 §7Coins
23:14:36 [COMPACT_SKILL_LEVEL_UP]    §r§7§8+§b10 SkyBlock XP
23:14:36 [COMPACT_BINGO_BORDER] §3§l▬▬▬▬▬▬▬▬▬▬▬▬▬▬▬▬▬▬▬▬▬▬▬▬▬▬▬▬▬▬▬▬▬▬▬▬▬▬▬▬▬▬▬▬▬▬▬▬▬▬▬▬▬▬▬▬▬▬▬▬▬▬▬▬
23:18:08 [EMPTY] 
23:18:08 [EMPTY] 
23:18:11 [WARPING] §7Warping...
23:18:21 [EMPTY] 
23:18:21 [EMPTY] 
23:18:27 [GUILD_EXP] §aYou earned §r§2750 GEXP §r§afrom playing SkyBlock!
23:19:15 [EMPTY] 
23:19:15 [EMPTY] 
23:19:26 [WARPING] §7Warping...
23:19:26 [WARPING] §7Sending to server mini90DC...
23:19:27 [EMPTY] §8 §r§8 §r§1 §r§3 §r§3 §r§7 §r§8 
23:19:30 [PROFILE_JOIN] §aYou are playing on profile: §eStrawberry
23:19:30 [PROFILE_JOIN] §8Profile ID: 9c7a677f-93d6-4850-9874-f9768774af89
23:20:26 [WARPING] §7Warping...
23:20:27 [WARPING] §7Sending to server mini9BJ...
23:20:28 [EMPTY] §8 §r§8 §r§1 §r§3 §r§3 §r§7 §r§8 
23:20:30 [PROFILE_JOIN] §aYou are playing on profile: §eStrawberry
23:20:30 [PROFILE_JOIN] §8Profile ID: 9c7a677f-93d6-4850-9874-f9768774af89
23:20:31 [WARPING] §7Warping...
23:20:31 [WARPING] §7Sending to server mini88AU...
23:20:32 [EMPTY] §8 §r§8 §r§1 §r§3 §r§3 §r§7 §r§8 
23:20:35 [PROFILE_JOIN] §aYou are playing on profile: §eStrawberry
23:20:35 [PROFILE_JOIN] §8Profile ID: 9c7a677f-93d6-4850-9874-f9768774af89
23:20:52 [WARPING] §7Warping...
23:20:52 [WARPING] §7Sending to server mini5BJ...
23:20:52 [EMPTY] §8 §r§8 §r§1 §r§3 §r§3 §r§7 §r§8 
23:20:55 [PROFILE_JOIN] §aYou are playing on profile: §eStrawberry
23:20:55 [PROFILE_JOIN] §8Profile ID: 9c7a677f-93d6-4850-9874-f9768774af89
23:21:04 [WARPING] §7Warping...
23:21:13 [WARPING] §7Warping...
23:21:15 [WARPING] §7Warping you to your SkyBlock island...
23:21:16 [WARPING] §7Sending to server mini192D...
23:21:16 [EMPTY] §8 §r§8 §r§1 §r§3 §r§3 §r§7 §r§8 
23:21:19 [PROFILE_JOIN] §aYou are playing on profile: §eStrawberry
23:21:19 [PROFILE_JOIN] §8Profile ID: 9c7a677f-93d6-4850-9874-f9768774af89
23:22:09 [COMPACT_BINGO_BORDER] §3§l▬▬▬▬▬▬▬▬▬▬▬▬▬▬▬▬▬▬▬▬▬▬▬▬▬▬▬▬▬▬▬▬▬▬▬▬▬▬▬▬▬▬▬▬▬▬▬▬▬▬▬▬▬▬▬▬▬▬▬▬▬▬▬▬
23:22:09 [COMPACT_SKILL_LEVEL_UP] 
23:22:09 [COMPACT_SKILL_LEVEL_UP]   §r§a§lREWARDS
23:22:09 [COMPACT_SKILL_LEVEL_UP]    §r§7§8+§a1 §c❤ Health
23:22:09 [COMPACT_SKILL_LEVEL_UP]    §r§7§9Furnace+ §7Furniture Recipe
23:22:09 [COMPACT_SKILL_LEVEL_UP]    §r§7§fFireplace §7Furniture Recipe
23:22:09 [COMPACT_SKILL_LEVEL_UP]    §r§7§8+§620,000 §7Coins
23:22:09 [COMPACT_SKILL_LEVEL_UP]    §r§7§8+§b10 SkyBlock XP
23:22:09 [COMPACT_BINGO_BORDER] §3§l▬▬▬▬▬▬▬▬▬▬▬▬▬▬▬▬▬▬▬▬▬▬▬▬▬▬▬▬▬▬▬▬▬▬▬▬▬▬▬▬▬▬▬▬▬▬▬▬▬▬▬▬▬▬▬▬▬▬▬▬▬▬▬▬
23:22:37 [WARPING] §7Warping...
23:22:37 [WARPING] §7Sending to server mini40Q...
23:22:38 [EMPTY] §8 §r§8 §r§1 §r§3 §r§3 §r§7 §r§8 
23:22:41 [PROFILE_JOIN] §aYou are playing on profile: §eStrawberry
23:22:41 [PROFILE_JOIN] §8Profile ID: 9c7a677f-93d6-4850-9874-f9768774af89
23:25:18 [GUILD_EXP] §aYou earned §r§2243 GEXP §r§afrom playing SkyBlock!
23:30:17 [WARPING] §7Warping...
23:30:20 [GUILD_EXP] §aYou earned §r§2750 GEXP §r§afrom playing SkyBlock!
23:30:37 [COMPACT_BINGO_BORDER] §3§l▬▬▬▬▬▬▬▬▬▬▬▬▬▬▬▬▬▬▬▬▬▬▬▬▬▬▬▬▬▬▬▬▬▬▬▬▬▬▬▬▬▬▬▬▬▬▬▬▬▬▬▬▬▬▬▬▬▬▬▬▬▬▬▬
23:30:37 [EMPTY]  
23:30:37 [BESTIARY] §f                                  §6§lBESTIARY
23:30:37 [BESTIARY] §f                           §b§lEnderman §7§8XIX §8➡§b §bXX
23:30:37 [BESTIARY] 
23:30:37 [BESTIARY] §f                                  §r§6§lREWARDS
23:30:37 [BESTIARY] §f                        §r§8+§r§a5 Enderman §r§b✯ Magic Find
23:30:37 [BESTIARY] §f                         §r§8+§r§a5 Enderman §r§c❁ Strength
23:30:37 [BESTIARY] §f                            §r§8+§r§62% §r§aEnderman §r§7coins
23:30:37 [BESTIARY] §f                    §r§8+§r§a50% §r§7chance for extra XP orbs
23:30:37 [BESTIARY] §f                               §r§8+§r§b1 SkyBlock XP
23:30:37 [BESTIARY] 
23:30:37 [BESTIARY] §3§l▬▬▬▬▬▬▬▬▬▬▬▬▬▬▬▬▬▬▬▬▬▬▬▬▬▬▬▬▬▬▬▬▬▬▬▬▬▬▬▬▬▬▬▬▬▬▬▬▬▬▬▬▬▬▬▬▬▬▬▬▬▬▬▬
23:32:08 [EMPTY] 
23:32:08 [EMPTY] 
23:32:08 [EMPTY] 
23:32:08 [EMPTY] 
23:35:21 [GUILD_EXP] §aYou earned §r§2750 GEXP §r§afrom playing SkyBlock!
23:36:01 [WARPING] §7Warping you to your SkyBlock island...
23:36:01 [WARPING] §7Sending to server mini94BA...
23:36:02 [EMPTY] §8 §r§8 §r§1 §r§3 §r§3 §r§7 §r§8 
23:36:04 [PROFILE_JOIN] §aYou are playing on profile: §eStrawberry
23:36:04 [PROFILE_JOIN] §8Profile ID: 9c7a677f-93d6-4850-9874-f9768774af89
23:37:29 [WARPING] §7Warping...
23:37:30 [WARPING] §7Sending to server mini72D...
23:37:30 [EMPTY] §8 §r§8 §r§1 §r§3 §r§3 §r§7 §r§8 
23:37:33 [PROFILE_JOIN] §aYou are playing on profile: §eStrawberry
23:37:33 [PROFILE_JOIN] §8Profile ID: 9c7a677f-93d6-4850-9874-f9768774af89
23:37:38 [WARPING] §7Warping...
23:37:38 [WARPING] §7Sending to server mini7DU...
23:37:39 [EMPTY] §8 §r§8 §r§1 §r§3 §r§3 §r§7 §r§8 
23:37:42 [PROFILE_JOIN] §aYou are playing on profile: §eStrawberry
23:37:42 [PROFILE_JOIN] §8Profile ID: 9c7a677f-93d6-4850-9874-f9768774af89
23:38:00 [WARPING] §7Warping...
23:38:00 [WARPING] §7Sending to server mini198DJ...
23:38:01 [EMPTY] §8 §r§8 §r§1 §r§3 §r§3 §r§7 §r§8 
23:38:04 [PROFILE_JOIN] §aYou are playing on profile: §eStrawberry
23:38:04 [PROFILE_JOIN] §8Profile ID: 9c7a677f-93d6-4850-9874-f9768774af89
23:38:43 [WARPING] §7Warping you to your SkyBlock island...
23:38:43 [WARPING] §7Sending to server mini150R...
23:38:44 [EMPTY] §8 §r§8 §r§1 §r§3 §r§3 §r§7 §r§8 
23:38:47 [PROFILE_JOIN] §aYou are playing on profile: §eStrawberry
23:38:47 [PROFILE_JOIN] §8Profile ID: 9c7a677f-93d6-4850-9874-f9768774af89
