22:53:32 DUNGEON_HUB
22:58:13 NONE
22:58:14 CATACOMBS
23:08:24 NONE
23:08:25 DUNGEON_HUB
23:09:11 NONE
23:09:12 CATACOMBS
23:09:23 NONE
23:09:24 DUNGEON_HUB
23:09:35 NONE
23:09:35 HUB
23:09:39 NONE
23:09:40 DUNGEON_HUB
23:10:02 NONE
23:10:03 CATACOMBS
23:19:57 NONE
23:20:00 DUNGEON_HUB
23:20:11 NONE
23:20:12 CATACOMBS
23:29:53 NONE
23:30:06 PRIVATE_ISLAND
23:30:13 NONE
23:30:14 CRIMSON_ISLE
23:30:17 NONE
23:30:18 DUNGEON_HUB
23:33:53 NONE
23:33:54 HUB
23:36:07 NONE
23:36:07 PRIVATE_ISLAND
23:37:10 NONE
23:37:11 HUB
23:55:28 NONE
23:55:28 GARDEN
00:04:30 NONE
00:04:31 HUB
00:06:10 NONE
00:06:11 PRIVATE_ISLAND
00:06:46 NONE
00:06:46 HUB
00:09:12 NONE
00:09:12 PRIVATE_ISLAND
00:11:50 NONE
00:11:50 DUNGEON_HUB
00:12:23 NONE
00:12:23 HUB
00:12:27 NONE
00:12:27 PRIVATE_ISLAND
00:18:26 NONE
00:18:27 HUB
00:24:33 NONE
00:24:33 PRIVATE_ISLAND
00:47:35 NONE
00:47:37 HUB
01:22:57 NONE
01:23:08 HUB
01:23:38 NONE
01:30:54 HUB
01:31:47 NONE
01:31:47 THE_RIFT
01:51:03 NONE
01:51:03 HUB
