14:21:49 [EMPTY] §f §r§r§r§f §r§r§r§1 §r§r§r§0 §r§r§r§2 §r§r§r§f §r§r§r§f §r§r§r§2 §r§r§r§0 §r§r§r§4 §r§r§r§3 §r§r§r§9 §r§r§r§2 §r§r§r§0 §r§r§r§0 §r§r§r§3 §r§r§r§9 §r§r§r§2 §r§r§r§0 §r§r§r§0 §r§r§r§3 §r§r§r§9 §r§r§r§2 §r§r§r§0 §r§r§r§0 
14:21:49 [LOBBY] §b[MVP§f+§b] Sebbebas§f §6joined the lobby!
14:21:49 [LOBBY] §b[MVP§3+§b] PascalMoy§f §6joined the lobby!
14:21:49 [LOBBY] §b[MVP§3+§b] afina15§f §6joined the lobby!
14:21:49 [LOBBY] §b[MVP§2+§b] wpsm§f §6joined the lobby!
14:21:49 [LOBBY]   §r§f§l➤ §r§6You have reached your Hype limit! Add Hype to Prototype Lobby minigames by right-clicking with the Hype Diamond!
14:21:52 [LOBBY]  §b>§c>§a>§r §r§6[MVP§d++§6] fuller_HK§f §6joined the lobby!§r §a<§c<§b<
14:21:53 [WARPING] §7Sending to server mini196U...
14:21:54 [EMPTY] §8 §r§8 §r§1 §r§3 §r§3 §r§7 §r§8 
14:21:56 [EMPTY] 
14:21:56 [WELCOME] §eWelcome to §r§aHypixel SkyBlock§r§e!
14:21:56 [EMPTY] 
14:21:57 [PROFILE_JOIN] §aYou are playing on profile: §eBanana§b (Co-op)
14:21:57 [PROFILE_JOIN] §8Profile ID: b1a71305-1956-42bf-90e4-bce6f7285754
14:22:28 [WARPING] §7Warping...
14:24:19 [GUILD_EXP] §aYou earned §r§2158 GEXP §r§a+ §r§e474 Event EXP §r§afrom playing SkyBlock!
14:36:03 [EMPTY] §f §r§r§r§f §r§r§r§1 §r§r§r§0 §r§r§r§2 §r§r§r§f §r§r§r§f §r§r§r§2 §r§r§r§0 §r§r§r§4 §r§r§r§3 §r§r§r§9 §r§r§r§2 §r§r§r§0 §r§r§r§0 §r§r§r§3 §r§r§r§9 §r§r§r§2 §r§r§r§0 §r§r§r§0 §r§r§r§3 §r§r§r§9 §r§r§r§2 §r§r§r§0 §r§r§r§0 
14:36:03 [LOBBY] §b[MVP§f+§b] Sebbebas§f §6joined the lobby!
14:36:08 [LOBBY] §b[MVP§c+§b] Dupex_§f §6joined the lobby!
14:36:08 [WARPING] §7Sending to server mini256J...
14:36:08 [EMPTY] §8 §r§8 §r§1 §r§3 §r§3 §r§7 §r§8 
14:36:10 [EMPTY] 
14:36:10 [WELCOME] §eWelcome to §r§aHypixel SkyBlock§r§e!
14:36:10 [EMPTY] 
14:36:11 [PROFILE_JOIN] §aYou are playing on profile: §eBanana§b (Co-op)
14:36:11 [PROFILE_JOIN] §8Profile ID: b1a71305-1956-42bf-90e4-bce6f7285754
14:36:27 [WARPING] §7Warping...
14:36:27 [WARPING] §7Sending to server mini4V...
14:36:28 [EMPTY] §8 §r§8 §r§1 §r§3 §r§3 §r§7 §r§8 
14:36:31 [PROFILE_JOIN] §aYou are playing on profile: §eBanana§b (Co-op)
14:36:31 [PROFILE_JOIN] §8Profile ID: b1a71305-1956-42bf-90e4-bce6f7285754
14:37:05 [POWDER_MINING] §aYou uncovered a treasure chest!
14:37:06 [EMPTY] 
14:37:11 [POWDER_MINING] §aYou uncovered a treasure chest!
14:37:12 [POWDER_MINING] §aYou uncovered a treasure chest!
14:37:13 [EMPTY] 
14:37:13 [EMPTY] 
14:37:20 [POWDER_MINING] §aYou uncovered a treasure chest!
14:37:21 [POWDER_MINING] §aYou uncovered a treasure chest!
14:37:22 [EMPTY] 
14:37:23 [EMPTY] 
14:37:25 [POWDER_MINING] §aYou uncovered a treasure chest!
14:37:26 [EMPTY] 
14:37:28 [POWDER_MINING] §aYou uncovered a treasure chest!
14:37:31 [EMPTY] 
14:37:36 [POWDER_MINING] §aYou uncovered a treasure chest!
14:37:36 [POWDER_MINING] §aYou uncovered a treasure chest!
14:37:44 [POWDER_MINING] §aYou uncovered a treasure chest!
14:37:46 [EMPTY] 
14:37:47 [EMPTY] 
14:37:47 [EMPTY] 
14:38:19 [POWDER_MINING] §aYou uncovered a treasure chest!
14:38:19 [POWDER_MINING] §aYou uncovered a treasure chest!
14:38:20 [EMPTY] 
14:38:21 [EMPTY] 
14:38:29 [POWDER_MINING] §aYou uncovered a treasure chest!
14:38:29 [POWDER_MINING] §aYou uncovered a treasure chest!
14:38:30 [EMPTY] 
14:38:31 [EMPTY] 
14:38:37 [POWDER_MINING] §aYou uncovered a treasure chest!
14:38:37 [POWDER_MINING] §aYou uncovered a treasure chest!
14:38:39 [EMPTY] 
14:38:39 [EMPTY] 
14:38:41 [POWDER_MINING] §aYou uncovered a treasure chest!
14:38:42 [EMPTY] 
14:38:57 [POWDER_MINING] §aYou uncovered a treasure chest!
14:38:58 [EMPTY] 
14:39:03 [POWDER_MINING] §aYou uncovered a treasure chest!
14:39:34 [EMPTY] 
14:39:37 [POWDER_MINING] §aYou uncovered a treasure chest!
14:39:38 [EMPTY] 
14:39:39 [POWDER_MINING] §aYou uncovered a treasure chest!
14:39:56 [EMPTY] 
14:40:16 [POWDER_MINING] §aYou uncovered a treasure chest!
14:40:17 [EMPTY] 
14:40:29 [POWDER_MINING] §aYou uncovered a treasure chest!
14:40:30 [EMPTY] 
14:40:31 [POWDER_MINING] §aYou uncovered a treasure chest!
14:40:32 [EMPTY] 
14:40:34 [POWDER_MINING] §aYou uncovered a treasure chest!
14:40:35 [EMPTY] 
14:40:43 [POWDER_MINING] §aYou uncovered a treasure chest!
14:40:46 [EMPTY] 
14:41:06 [GUILD_EXP] §aYou earned §r§2540 GEXP §r§a+ §r§e1,620 Event EXP §r§afrom playing SkyBlock!
14:41:12 [POWDER_MINING] §aYou uncovered a treasure chest!
14:41:13 [EMPTY] 
14:41:15 [POWDER_MINING] §aYou uncovered a treasure chest!
14:41:16 [EMPTY] 
14:41:48 [EMPTY] 
14:41:50 [EMPTY]  
14:41:50 [EMPTY]  
14:41:50 [EMPTY]  
14:42:12 [POWDER_MINING] §aYou uncovered a treasure chest!
14:42:13 [EMPTY] 
14:42:14 [POWDER_MINING] §aYou uncovered a treasure chest!
14:42:16 [EMPTY] 
14:42:18 [POWDER_MINING] §aYou uncovered a treasure chest!
14:42:19 [POWDER_MINING] §aYou uncovered a treasure chest!
14:42:23 [POWDER_MINING] §aYou uncovered a treasure chest!
14:42:24 [EMPTY] 
14:42:25 [EMPTY] 
14:42:26 [EMPTY] 
14:42:28 [POWDER_MINING] §aYou uncovered a treasure chest!
14:42:29 [EMPTY] 
14:42:39 [POWDER_MINING] §aYou uncovered a treasure chest!
14:42:40 [POWDER_MINING] §aYou uncovered a treasure chest!
14:42:41 [EMPTY] 
14:42:41 [EMPTY] 
14:42:42 [POWDER_MINING] §aYou uncovered a treasure chest!
14:42:44 [EMPTY] 
14:42:58 [POWDER_MINING] §aYou uncovered a treasure chest!
14:42:59 [POWDER_MINING] §aYou uncovered a treasure chest!
14:43:00 [EMPTY] 
14:43:03 [POWDER_MINING] §aYou uncovered a treasure chest!
14:43:06 [EMPTY] 
14:43:07 [EMPTY] 
14:43:10 [POWDER_MINING] §aYou uncovered a treasure chest!
14:43:11 [EMPTY] 
14:43:13 [POWDER_MINING] §aYou uncovered a treasure chest!
14:43:14 [EMPTY] 
14:43:16 [POWDER_MINING] §aYou uncovered a treasure chest!
14:43:18 [EMPTY] 
14:43:20 [POWDER_MINING] §aYou uncovered a treasure chest!
14:43:22 [POWDER_MINING] §aYou uncovered a treasure chest!
14:43:24 [EMPTY] 
14:43:25 [EMPTY] 
14:43:33 [POWDER_MINING] §aYou uncovered a treasure chest!
14:43:33 [POWDER_MINING] §aYou uncovered a treasure chest!
14:43:37 [EMPTY] 
14:43:56 [POWDER_MINING] §aYou uncovered a treasure chest!
14:43:58 [EMPTY] 
14:44:01 [POWDER_MINING] §aYou uncovered a treasure chest!
14:44:02 [POWDER_MINING] §aYou uncovered a treasure chest!
14:44:03 [EMPTY] 
14:44:03 [EMPTY] 
14:44:05 [POWDER_MINING] §aYou uncovered a treasure chest!
14:44:08 [EMPTY] 
14:44:09 [POWDER_MINING] §aYou uncovered a treasure chest!
14:44:09 [POWDER_MINING] §aYou uncovered a treasure chest!
14:44:11 [EMPTY] 
14:44:12 [EMPTY] 
14:44:25 [POWDER_MINING] §aYou uncovered a treasure chest!
14:44:32 [EMPTY] 
14:44:43 [POWDER_MINING] §aYou uncovered a treasure chest!
14:44:45 [EMPTY] 
14:44:47 [POWDER_MINING] §aYou uncovered a treasure chest!
14:44:47 [POWDER_MINING] §aYou uncovered a treasure chest!
14:44:48 [EMPTY] 
14:44:49 [EMPTY] 
14:44:53 [EMPTY] 
14:45:29 [POWDER_MINING] §aYou uncovered a treasure chest!
14:45:34 [EMPTY] 
14:46:09 [GUILD_EXP] §aYou earned §r§2750 GEXP §r§a+ §r§e2,250 Event EXP §r§afrom playing SkyBlock!
14:46:17 [WARPING] §7Warping...
14:49:44 [EMPTY] §f                                        
14:51:11 [GUILD_EXP] §aYou earned §r§2589 GEXP §r§a+ §r§e1,767 Event EXP §r§afrom playing SkyBlock!
14:56:12 [GUILD_EXP] §aYou earned §r§2417 GEXP §r§a+ §r§e1,251 Event EXP §r§afrom playing SkyBlock!
15:00:04 [EMPTY] §f §r§r§r§f §r§r§r§1 §r§r§r§0 §r§r§r§2 §r§r§r§f §r§r§r§f §r§r§r§2 §r§r§r§0 §r§r§r§4 §r§r§r§3 §r§r§r§9 §r§r§r§2 §r§r§r§0 §r§r§r§0 §r§r§r§3 §r§r§r§9 §r§r§r§2 §r§r§r§0 §r§r§r§0 §r§r§r§3 §r§r§r§9 §r§r§r§2 §r§r§r§0 §r§r§r§0 
15:00:04 [LOBBY] §b[MVP§f+§b] Sebbebas§f §6joined the lobby!
15:00:06 [WARPING] §7Sending to server mini25CA...
15:00:06 [EMPTY] §8 §r§8 §r§1 §r§3 §r§3 §r§7 §r§8 
15:00:08 [EMPTY] 
15:00:08 [WELCOME] §eWelcome to §r§aHypixel SkyBlock§r§e!
15:00:08 [EMPTY] 
15:00:09 [PROFILE_JOIN] §aYou are playing on profile: §eBanana§b (Co-op)
15:00:09 [PROFILE_JOIN] §8Profile ID: b1a71305-1956-42bf-90e4-bce6f7285754
15:00:54 [WARPING] §7Warping...
15:00:54 [WARPING] §7Sending to server mini198AH...
15:00:54 [EMPTY] §8 §r§8 §r§1 §r§3 §r§3 §r§7 §r§8 
15:00:57 [PROFILE_JOIN] §aYou are playing on profile: §eBanana§b (Co-op)
15:00:57 [PROFILE_JOIN] §8Profile ID: b1a71305-1956-42bf-90e4-bce6f7285754
15:02:34 [WARPING] §7Warping...
15:02:56 [GUILD_EXP] §aYou earned §r§2135 GEXP §r§a+ §r§e405 Event EXP §r§afrom playing SkyBlock!
15:03:08 [WARPING] §7Warping...
15:04:39 [EMPTY] 
15:04:39 [EMPTY] 
15:04:39 [EMPTY] 
15:04:39 [EMPTY] 
15:05:59 [EMPTY] 
15:05:59 [EMPTY] 
15:08:03 [GUILD_EXP] §aYou earned §r§2673 GEXP §r§a+ §r§e2,019 Event EXP §r§afrom playing SkyBlock!
15:09:22 [EMPTY] 
15:11:45 [EMPTY] 
15:11:57 [EMPTY] 
15:12:02 [EMPTY] 
15:12:12 [EMPTY] 
15:13:08 [GUILD_EXP] §aYou earned §r§2414 GEXP §r§a+ §r§e1,242 Event EXP §r§afrom playing SkyBlock!
15:14:34 [EMPTY] 
15:15:01 [SKYMALL] §bNew day! §r§eYour §r§2Sky Mall §r§ebuff changed!
15:15:01 [SKYMALL] §eNew buff§r§r§r: §r§fGain §r§a+100 §r§6⸕ Mining Speed§r§f.
15:15:01 [SKYMALL] §8§oYou can disable this messaging by toggling Sky Mall in your /hotm!
15:16:23 [EMPTY] 
15:18:14 [GUILD_EXP] §aYou earned §r§2424 GEXP §r§a+ §r§e1,272 Event EXP §r§afrom playing SkyBlock!
15:18:41 [EMPTY] 
15:18:42 [WARPING] §7Sending to server mini1028V...
15:18:43 [EMPTY] §8 §r§8 §r§1 §r§3 §r§3 §r§7 §r§8 
15:18:47 [PROFILE_JOIN] §aYou are playing on profile: §eBanana§b (Co-op)
15:18:47 [PROFILE_JOIN] §8Profile ID: b1a71305-1956-42bf-90e4-bce6f7285754
15:23:30 [GUILD_EXP] §aYou earned §r§278 GEXP §r§a+ §r§e234 Event EXP §r§afrom playing SkyBlock!
15:30:15 [WARPING] §7Warping...
15:30:15 [WARPING] §7Sending to server mini40AQ...
15:30:16 [EMPTY] §8 §r§8 §r§1 §r§3 §r§3 §r§7 §r§8 
15:30:19 [PROFILE_JOIN] §aYou are playing on profile: §eBanana§b (Co-op)
15:30:19 [PROFILE_JOIN] §8Profile ID: b1a71305-1956-42bf-90e4-bce6f7285754
15:31:44 [EMPTY] §f §r§r§r§f §r§r§r§1 §r§r§r§0 §r§r§r§2 §r§r§r§f §r§r§r§f §r§r§r§2 §r§r§r§0 §r§r§r§4 §r§r§r§3 §r§r§r§9 §r§r§r§2 §r§r§r§0 §r§r§r§0 §r§r§r§3 §r§r§r§9 §r§r§r§2 §r§r§r§0 §r§r§r§0 §r§r§r§3 §r§r§r§9 §r§r§r§2 §r§r§r§0 §r§r§r§0 
15:31:44 [LOBBY] §b[MVP§f+§b] Sebbebas§f §6joined the lobby!
15:31:46 [WARPING] §7Sending to server mini40AQ...
15:31:47 [EMPTY] §8 §r§8 §r§1 §r§3 §r§3 §r§7 §r§8 
15:31:49 [EMPTY] 
15:31:49 [WELCOME] §eWelcome to §r§aHypixel SkyBlock§r§e!
15:31:49 [EMPTY] 
15:31:50 [PROFILE_JOIN] §aYou are playing on profile: §eBanana§b (Co-op)
15:31:50 [PROFILE_JOIN] §8Profile ID: b1a71305-1956-42bf-90e4-bce6f7285754
15:33:16 [GUILD_EXP] §aYou earned §r§268 GEXP §r§a+ §r§e204 Event EXP §r§afrom playing SkyBlock!
15:34:02 [EMPTY] 
15:35:01 [SKYMALL] §bNew day! §r§eYour §r§2Sky Mall §r§ebuff changed!
15:35:01 [SKYMALL] §eNew buff§r§r§r: §r§fGain §r§a+50 §r§6☘ Mining Fortune§r§f.
15:35:01 [SKYMALL] §8§oYou can disable this messaging by toggling Sky Mall in your /hotm!
15:35:29 [EMPTY] 
15:36:01 [EMPTY] 
15:37:05 [EMPTY] 
15:38:06 [EMPTY] 
15:38:22 [GUILD_EXP] §aYou earned §r§2541 GEXP §r§a+ §r§e1,623 Event EXP §r§afrom playing SkyBlock!
15:38:54 [EMPTY] 
15:39:41 [EMPTY] 
15:40:44 [EMPTY] 
15:41:36 [EMPTY] 
15:42:57 [EMPTY] 
15:43:28 [GUILD_EXP] §aYou earned §r§2348 GEXP §r§a+ §r§e1,044 Event EXP §r§afrom playing SkyBlock!
15:46:14 [WARPING] §7Warping...
15:46:14 [WARPING] §7Sending to server mini100BM...
15:46:15 [EMPTY] §8 §r§8 §r§1 §r§3 §r§3 §r§7 §r§8 
15:46:16 [WARPING] §7Warping...
15:46:18 [PROFILE_JOIN] §aYou are playing on profile: §eBanana§b (Co-op)
15:46:18 [PROFILE_JOIN] §8Profile ID: b1a71305-1956-42bf-90e4-bce6f7285754
15:46:19 [WARPING] §7Warping...
15:46:19 [WARPING] §7Sending to server mini8G...
15:46:20 [EMPTY] §8 §r§8 §r§1 §r§3 §r§3 §r§7 §r§8 
15:46:22 [WARPING] §7Warping...
15:46:23 [WARPING] §7Sending to server mini269N...
15:46:23 [EMPTY] §8 §r§8 §r§1 §r§3 §r§3 §r§7 §r§8 
15:46:26 [PROFILE_JOIN] §aYou are playing on profile: §eBanana§b (Co-op)
15:46:26 [PROFILE_JOIN] §8Profile ID: b1a71305-1956-42bf-90e4-bce6f7285754
15:48:12 [EMPTY] 
15:48:55 [EMPTY] 
15:49:11 [EMPTY] 
15:49:29 [GUILD_EXP] §aYou earned §r§2150 GEXP §r§a+ §r§e450 Event EXP §r§afrom playing SkyBlock!
15:51:23 [EMPTY] 
15:54:43 [GUILD_EXP] §aYou earned §r§2420 GEXP §r§a+ §r§e1,260 Event EXP §r§afrom playing SkyBlock!
15:55:03 [SKYMALL] §bNew day! §r§eYour §r§2Sky Mall §r§ebuff changed!
15:55:03 [SKYMALL] §eNew buff§r§r§r: §r§fReduce Pickaxe Ability cooldown by §r§a20%§r§f.
15:55:03 [SKYMALL] §8§oYou can disable this messaging by toggling Sky Mall in your /hotm!
15:57:21 [EMPTY] 
15:58:05 [EMPTY] 
15:59:22 [WARPING] §7Warping...
15:59:22 [WARPING] §7Sending to server mini86BK...
15:59:23 [EMPTY] §8 §r§8 §r§1 §r§3 §r§3 §r§7 §r§8 
15:59:26 [WARPING] §7Sending to server mini9BQ...
15:59:26 [EMPTY] §8 §r§8 §r§1 §r§3 §r§3 §r§7 §r§8 
15:59:29 [PROFILE_JOIN] §aYou are playing on profile: §eBanana§b (Co-op)
15:59:29 [PROFILE_JOIN] §8Profile ID: b1a71305-1956-42bf-90e4-bce6f7285754
16:00:32 [EMPTY] §f
16:00:32 [WATCHDOG] §4[WATCHDOG ANNOUNCEMENT]
16:00:32 [WATCHDOG] §fWatchdog has banned §r§c§l16,630§r§f players in the last 7 days.
16:00:32 [WATCHDOG] §fStaff have banned an additional §r§c§l18,877§r§f in the last 7 days.
16:00:32 [WATCHDOG] §cBlacklisted modifications are a bannable offense!
16:00:32 [WATCHDOG] §c
16:00:37 [WARPING] §7Warping...
16:01:36 [WARPING] §7Warping...
16:01:36 [WARPING] §7Sending to server mini97CS...
16:01:36 [EMPTY] §8 §r§8 §r§1 §r§3 §r§3 §r§7 §r§8 
16:01:39 [PROFILE_JOIN] §aYou are playing on profile: §eBanana§b (Co-op)
16:01:39 [PROFILE_JOIN] §8Profile ID: b1a71305-1956-42bf-90e4-bce6f7285754
16:01:40 [WARPING] §7Sending to server mini185U...
16:01:41 [EMPTY] §8 §r§8 §r§1 §r§3 §r§3 §r§7 §r§8 
16:01:44 [PROFILE_JOIN] §aYou are playing on profile: §eBanana§b (Co-op)
16:01:44 [PROFILE_JOIN] §8Profile ID: b1a71305-1956-42bf-90e4-bce6f7285754
16:06:12 [GUILD_EXP] §aYou earned §r§2240 GEXP §r§a+ §r§e720 Event EXP §r§afrom playing SkyBlock!
16:11:13 [GUILD_EXP] §aYou earned §r§245 GEXP §r§a+ §r§e135 Event EXP §r§afrom playing SkyBlock!
16:15:00 [SKYMALL] §bNew day! §r§eYour §r§2Sky Mall §r§ebuff changed!
16:15:00 [SKYMALL] §eNew buff§r§r§r: §r§fGain §r§a+100 §r§6⸕ Mining Speed§r§f.
16:15:00 [SKYMALL] §8§oYou can disable this messaging by toggling Sky Mall in your /hotm!
16:16:15 [GUILD_EXP] §aYou earned §r§2725 GEXP §r§a+ §r§e2,175 Event EXP §r§afrom playing SkyBlock!
16:19:41 [WARPING] §dWarped to Rift Gallery§r§d!
16:21:16 [GUILD_EXP] §aYou earned §r§2683 GEXP §r§a+ §r§e2,049 Event EXP §r§afrom playing SkyBlock!
