14:36:02 §e[SkyHanni] §fYou were in Limbo for §e7m 50s§f.§r
14:36:08 §e[SkyHanni] §cExtra Information from Tab list not found! Enable it: SkyBlock Menu ➜ Settings ➜ Personal ➜ User Interface ➜ Player List Info§r
14:42:26 §e[SkyHanni] §b+1 SkyBlock XP §7(HOTM Progression§7)§b (3/100)§r
14:45:23 §e[SkyHanni] §b+2 SkyBlock XP §7(HOTM Progression§7)§b (3/100)§r
14:45:34 §e[SkyHanni] §b+1 SkyBlock XP §7(HOTM Progression§7)§b (4/100)§r
14:52:22 §e[SkyHanni] §lCLICK HERE§r§e to grab §ax208 §9§a☘ Flawed Jade Gemstone§e from sacks!§r
14:52:27 §e[SkyHanni] §lCLICK HERE§r§e to grab §ax40 §9§9☘ Fine Jade Gemstone§e from sacks!§r
14:58:17 §e[SkyHanni] §lCLICK HERE§r§e to grab §ax211 §9§a☘ Flawed Jade Gemstone§e from sacks!§r
14:58:20 §e[SkyHanni] §lCLICK HERE§r§e to grab §ax38 §9§9☘ Fine Jade Gemstone§e from sacks!§r
15:00:03 §e[SkyHanni] §fYou were in Limbo for §e6s§f.§r
15:00:06 §e[SkyHanni] §cExtra Information from Tab list not found! Enable it: SkyBlock Menu ➜ Settings ➜ Personal ➜ User Interface ➜ Player List Info§r
15:00:58 §e[SkyHanni] Reset Reputation Helper.§r
15:04:39 §e[SkyHanni] Bladesoul progress: 1/1§r
15:07:44 §e[SkyHanni] Click here to share the location of this chocolate egg with the server!§r
15:31:44 §e[SkyHanni] §fYou were in Limbo for §e6s§f.§r
15:31:47 §e[SkyHanni] §cExtra Information from Tab list not found! Enable it: SkyBlock Menu ➜ Settings ➜ Personal ➜ User Interface ➜ Player List Info§r
15:36:01 §c[SkyHanni-0.26.Beta.18]: CustomScoreboard detected 1 unknown line§c. Click here to copy the error into the clipboard.§r
15:40:57 §e[SkyHanni] §cYour Time Tower just expired and has 2 charges remaining. Click here to use one.§r
15:48:11 §c[SkyHanni-0.26.Beta.18]: CustomScoreboard detected 1 unknown line§c. Click here to copy the error into the clipboard.§r
16:13:12 §e[SkyHanni] Start a new slayer quest! The old slayer quest has failed!§r
16:13:23 §e[SkyHanni] Start a new slayer quest! The old slayer quest has failed!§r
