15:36:22 §f                                  §6§lBESTIARY
15:36:22 §f                      §b§lWither Skeleton §7§8VII §8➡§b §bVIII
15:36:22 
15:36:22 §f                                  §r§6§lREWARDS
15:36:22 §f                    §r§8+§r§a3 Wither Skeleton §r§b✯ Magic Find
15:36:22 §f                     §r§8+§r§a3 Wither Skeleton §r§c❁ Strength
15:36:22 §f                        §r§8+§r§62% §r§aWither Skeleton §r§7coins
15:36:22 §f                    §r§8+§r§a50% §r§7chance for extra XP orbs
15:36:22 §f                               §r§8+§r§b1 SkyBlock XP
15:36:22 
15:36:22 §3§l▬▬▬▬▬▬▬▬▬▬▬▬▬▬▬▬▬▬▬▬▬▬▬▬▬▬▬▬▬▬▬▬▬▬▬▬▬▬▬▬▬▬▬▬▬▬▬▬▬▬▬▬▬▬▬▬▬▬▬▬▬▬▬▬
15:43:14 §f                                  §6§lBESTIARY
15:43:14 §f                         §b§lZombie Soldier §7§8X §8➡§b §bXI
15:43:14 
15:43:14 §f                                  §r§6§lREWARDS
15:43:14 §f                     §r§8+§r§a4 Zombie Soldier §r§b✯ Magic Find
15:43:14 §f                      §r§8+§r§a4 Zombie Soldier §r§c❁ Strength
15:43:14 §f                         §r§8+§r§62% §r§aZombie Soldier §r§7coins
15:43:14 §f                    §r§8+§r§a50% §r§7chance for extra XP orbs
15:43:14 §f                               §r§8+§r§b1 SkyBlock XP
15:43:14 
15:43:14 §3§l▬▬▬▬▬▬▬▬▬▬▬▬▬▬▬▬▬▬▬▬▬▬▬▬▬▬▬▬▬▬▬▬▬▬▬▬▬▬▬▬▬▬▬▬▬▬▬▬▬▬▬▬▬▬▬▬▬▬▬▬▬▬▬▬
