21:58:48 DWARVEN_MINES
21:59:00 NONE
21:59:01 PRIVATE_ISLAND
22:00:07 NONE
22:00:09 HUB
22:01:46 NONE
22:01:47 SPIDER_DEN
22:08:08 NONE
22:08:08 PRIVATE_ISLAND
22:08:19 NONE
22:08:20 HUB
22:33:18 NONE
22:33:18 PRIVATE_ISLAND
22:33:59 NONE
22:33:59 THE_FARMING_ISLANDS
22:37:02 NONE
22:37:02 PRIVATE_ISLAND
22:37:13 NONE
22:37:14 HUB
22:38:56 NONE
22:38:57 PRIVATE_ISLAND
22:39:14 NONE
22:39:14 HUB
22:39:29 NONE
22:39:29 THE_FARMING_ISLANDS
22:42:13 NONE
22:42:13 PRIVATE_ISLAND
22:43:26 NONE
22:43:27 HUB
22:44:20 NONE
22:44:20 PRIVATE_ISLAND
22:45:55 NONE
22:45:56 HUB
22:49:52 NONE
22:49:52 PRIVATE_ISLAND
22:51:15 NONE
22:51:16 THE_FARMING_ISLANDS
23:00:01 NONE
23:00:01 PRIVATE_ISLAND
23:03:10 NONE
23:03:11 HUB
23:03:19 NONE
23:03:19 PRIVATE_ISLAND
23:05:11 NONE
23:05:12 THE_FARMING_ISLANDS
23:08:14 NONE
23:08:14 HUB
23:08:29 NONE
23:08:29 PRIVATE_ISLAND
23:09:21 NONE
23:09:22 THE_FARMING_ISLANDS
23:12:47 NONE
23:12:47 PRIVATE_ISLAND
23:13:59 NONE
23:14:00 HUB
23:14:32 NONE
23:14:33 PRIVATE_ISLAND
23:14:49 NONE
23:14:50 HUB
23:15:55 NONE
23:15:55 PRIVATE_ISLAND
23:26:42 NONE
23:26:43 HUB
23:29:11 NONE
23:29:11 HUB
23:29:46 NONE
23:29:46 PRIVATE_ISLAND
