22:41:16 [allowed] §b§m--------------§r§f  §r§aGuild: Message Of The Day  §r§b§m--------------
22:41:16 [allowed] §b| §r§f[22] [MVP+] Sebbebas Ⓑ: you should give me foraging 50 on my main
22:41:16 [allowed] §b| §r§f[22] [MVP+] Sebbebas Ⓑ: wink wink
22:41:16 [allowed] §b| §r§f[300] [ADMIN] LadyBleu: you almost had iit until you winked
22:41:16 [allowed] §b| §r§f[22] [MVP+] Sebbebas Ⓑ: :(
22:41:16 [allowed] §b| §r§f[300] [ADMIN] LadyBleu: biig mistaake
22:41:16 [allowed] §b§m-----------------------------------------------------
22:41:19 [allowed] §aYou have §b2 §aunclaimed leveling rewards!
22:41:19 [allowed] §eClick here to view them!
22:41:19 [allowed] §a§aYou tipped 110 players in 15 different games!
22:41:24 [allowed] §a§aYou tipped Moj_nt in Blitz SG!
22:41:27 [allowed] §eYou haven't claimed your §r§6Summer Rewards §r§eyet!
22:41:27 [allowed] §eTalk to the §r§bSummer Sloth §r§ein the §r§aHub!
22:41:29 [allowed] §cYou are sending commands too fast! Please slow down.
22:41:29 [allowed] §eLatest update: §bSkyBlock v0.20.3 §e§lCLICK
22:41:29 [allowed] §a§aYou tipped IudexGundyr24 in The TNT Games!
22:41:34 [allowed] §a§aYou tipped gamerbrain09 in Mega Walls!
22:41:36 [allowed] §6§k§lA§r §c§lFIRE SALE §r§6§k§lA
§r§c♨ §eSelling an item for a limited time!
§r§c   ♨ §6Sand Castle Barn Skin §e(§a3,068 left§e)§c§r
§r§c♨ §a§l[WARP] §eTo Elizabeth in the next §c2d 19h 18m §eto grab yours!
22:41:39 [allowed] §a§aYou tipped mrBetmenas in Arcade Games!
22:41:43 [allowed] §7Switching to profile Mango...
22:41:44 [allowed] §eYou haven't claimed your §r§6Summer Rewards §r§eyet!
22:41:44 [allowed] §eTalk to the §r§bSummer Sloth §r§ein the §r§aHub!
22:41:44 [allowed] §a§aYou tipped WagNav in UHC Champions!
22:41:46 [allowed] §cYou are sending commands too fast! Please slow down.
22:41:46 [allowed] §cYou are sending commands too fast! Please slow down.
22:41:47 [allowed] §aYour profile was changed to: §eMango
22:41:49 [allowed] §a§aYou tipped DfectYT in Cops and Crims!
22:41:51 [allowed] §eYou haven't claimed your §r§6Summer Rewards §r§eyet!
22:41:51 [allowed] §eTalk to the §r§bSummer Sloth §r§ein the §r§aHub!
22:41:54 [allowed] §cYou are sending commands too fast! Please slow down.
22:41:54 [allowed] §a§aYou tipped Keratenhi in Warlords!
22:41:59 [allowed] §a§aYou tipped Foresight2021 in Smash Heroes!
22:42:04 [allowed] §a§aYou tipped nyuh in SkyWars!
22:42:10 [allowed] §a§aYou tipped Jaden0700 in Classic Games!
22:42:52 [allowed] §a§r§6Mining Speed Boost §r§ais now available!
22:43:40 [allowed] §a§aYou were tipped by 2 players in the last minute!
22:44:17 [allowed] §alopsta §r§elaunched a §r§9Bat Firework §r§ein the Village. It's dropping candies for everyone!
22:44:40 [allowed] §a§aYou were tipped by 1 player in the last minute!
22:47:40 [allowed] §a§aYou were tipped by 1 player in the last minute!
22:48:43 [allowed] §8[§r§730§r§8] §r§7Percyjackson4§7§r§7: who is hootie
22:50:18 [allowed] §6§k§lA§r §c§lFIRE SALE §r§6§k§lA
§r§c♨ §eSelling an item for a limited time!
§r§c   ♨ §6Sand Castle Barn Skin §e(§a3,063 left§e)§c§r
§r§c♨ §a§l[WARP] §eTo Elizabeth in the next §c2d 19h 9m §eto grab yours!
22:51:22 [allowed] §c ☠ §r§7§r§7Dumbleass§r§7 was killed by Old Wolf§r§7§r§7.
22:51:23 [allowed] §c ☠ §r§7§r§a_Gremlin1_§r§7 was killed by Revenant Horror§r§7§r§7.
22:51:40 [allowed] §a§aYou were tipped by 1 player in the last minute!
22:52:40 [allowed] §a§aYou were tipped by 2 players in the last minute!
22:55:40 [allowed] §a§aYou were tipped by 2 players in the last minute!
22:56:41 [allowed] §c ☠ §r§7§r§a_Gremlin1_§r§7 was killed by Revenant Horror§r§7§r§7.
22:56:56 [allowed] §eYou are being transferred to the §r§aPrototype Lobby §r§efor being §r§cAFK§r§e!
22:56:57 [allowed] §aYou have §b2 §aunclaimed leveling rewards!
22:56:57 [allowed] §eClick here to view them!
22:56:59 [allowed] §cYou are sending commands too fast! Please slow down.
22:57:40 [allowed] §a§aYou were tipped by 1 player in the last minute!
22:58:13 [allowed] §7harkoona§7§r§7: from sheep?
22:59:21 [allowed] §cYou are AFK. Move around to return from AFK.
22:59:23 [allowed] §cYou are sending commands too fast! Please slow down.
23:01:40 [allowed] §a§aYou were tipped by 1 player in the last minute!
23:02:40 [allowed] §a§aYou were tipped by 1 player in the last minute!
23:03:40 [allowed] §a§aYou were tipped by 1 player in the last minute!
23:08:40 [allowed] §a§aYou were tipped by 3 players in the last minute!
23:10:51 [allowed] §7[§bSkyblockAddons§7] §aEntity data was copied to clipboard!
23:10:55 [allowed] §7[§bSkyblockAddons§7] §aEntity data was copied to clipboard!
23:11:34 [allowed] §a§aYou tipped 88 players in 13 different games!
23:11:39 [allowed] §a§aYou tipped __paiva in Blitz SG!
23:11:40 [allowed] §a§aYou were tipped by 1 player in the last minute!
23:11:44 [allowed] §a§aYou tipped AirpodShotty in The TNT Games!
23:11:49 [allowed] §cThat player is not online, try another user!
23:11:54 [allowed] §a§aYou tipped _Agic in Arcade Games!
23:11:59 [allowed] §a§aYou tipped Vio1entMuffin in UHC Champions!
23:12:04 [allowed] §a§aYou tipped Brow8 in Cops and Crims!
23:12:09 [allowed] §a§aYou tipped Torbossaur237 in Warlords!
23:12:14 [allowed] §a§aYou tipped Inforno in Smash Heroes!
23:12:19 [allowed] §a§aYou tipped Mathaal in SkyWars!
23:12:24 [allowed] §a§aYou tipped CemmoDeluxe in Classic Games!
23:26:35 [allowed] §aYou have §b2 §aunclaimed leveling rewards!
23:26:35 [allowed] §eClick here to view them!
23:26:36 [allowed] §cYou are sending commands too fast! Please slow down.
23:28:34 [allowed] §cYou are AFK. Move around to return from AFK.
23:28:36 [allowed] §cYou are sending commands too fast! Please slow down.
23:41:49 [allowed] §a§aYou tipped 22 players in 2 different games!
23:41:54 [allowed] §a§aYou tipped STAYEZ in Blitz SG!
23:41:59 [allowed] §a§aYou tipped Spika_ in The TNT Games!
23:42:04 [allowed] §a§aYou tipped Brumafert in Mega Walls!
23:42:09 [allowed] §a§aYou tipped Plunderedmars in Arcade Games!
23:42:14 [allowed] §a§aYou tipped Cookie_grab in UHC Champions!
23:42:19 [allowed] §a§aYou tipped ImmortalSheriff in Cops and Crims!
23:42:24 [allowed] §a§aYou tipped gamingmice in Warlords!
23:42:29 [allowed] §a§aYou tipped CallMeIcebrick in Smash Heroes!
23:42:34 [allowed] §cThat player is not online, try another user!
23:42:39 [allowed] §a§aYou tipped slawter10 in Classic Games!
23:46:21 [allowed] §aYou have §b2 §aunclaimed leveling rewards!
23:46:21 [allowed] §eClick here to view them!
23:46:22 [allowed] §cYou are sending commands too fast! Please slow down.
23:47:18 [allowed] §eYou haven't claimed your §r§6Summer Rewards §r§eyet!
23:47:18 [allowed] §eTalk to the §r§bSummer Sloth §r§ein the §r§aHub!
23:47:20 [allowed] §cYou are sending commands too fast! Please slow down.
23:47:20 [allowed] §eLatest update: §bSkyBlock v0.20.3 §e§lCLICK
23:47:28 [allowed] §6§k§lA§r §c§lFIRE SALE §r§6§k§lA
§r§c♨ §eSelling an item for a limited time!
§r§c   ♨ §6Sand Castle Barn Skin §e(§a3,029 left§e)§c§r
§r§c♨ §a§l[WARP] §eTo Elizabeth in the next §c2d 18h 12m §eto grab yours!
23:47:46 [allowed] §7Switching to profile Banana...
23:47:47 [allowed] §eYou haven't claimed your §r§6Summer Rewards §r§eyet!
23:47:47 [allowed] §eTalk to the §r§bSummer Sloth §r§ein the §r§aHub!
23:47:48 [allowed] §cYou are sending commands too fast! Please slow down.
23:47:49 [allowed] §aYour profile was changed to: §eBanana§b (Co-op)
23:48:46 [allowed] §a§r§6Mining Speed Boost §r§ais now available!
23:49:40 [allowed] §eYou haven't claimed your §r§6Summer Rewards §r§eyet!
23:49:40 [allowed] §eTalk to the §r§bSummer Sloth §r§ein the §r§aHub!
23:49:41 [allowed] §cYou are sending commands too fast! Please slow down.
23:49:45 [allowed] §aYou salvaged §b1 §aitem for:
23:49:45 [allowed]    §r§f5x §r§dUndead Essence§r§f!
23:49:48 [allowed] §6§lRARE REWARD! §r§bAsShrlmpleAsThat §r§efound a §r§5Fuming Potato Book §r§ein their Bedrock Chest§r§e!
23:49:51 [allowed] §6§lRARE REWARD! §r§asmurfkingx §r§efound a §r§5Fuming Potato Book §r§ein their Obsidian Chest§r§e!
23:50:04 [allowed] §aRefreshing...
23:50:11 [allowed] §aRefreshing...
23:50:20 [allowed] §aRefreshing...
23:50:36 [allowed] §eSet dungeon level required to: §r§b32
23:50:39 [allowed] §dParty Finder §r§f> §r§aYour party has been queued in the dungeon finder!
23:50:39 [allowed] §eQueueing your party...
23:50:40 [allowed] §a§r§6Mining Speed Boost §r§ais now available!
23:50:54 [allowed] §dParty Finder §r§f> §r§bC0XN0R §r§ejoined the dungeon group! (§r§bArcher Level 28§r§e)
23:51:43 [allowed] §6§lRARE REWARD! §r§bTimeless_rl §r§efound a §r§5Fuming Potato Book §r§ein their Bedrock Chest§r§e!
23:51:47 [allowed] §6§lRARE REWARD! §r§bAsShrlmpleAsThat §r§efound a §r§6Recombobulator 3000 §r§ein their Bedrock Chest§r§e!
23:51:52 [allowed] §6§lRARE REWARD! §r§bAsShrlmpleAsThat §r§efound a §r§5Fuming Potato Book §r§ein their Obsidian Chest§r§e!
23:52:03 [allowed] §6§lRARE REWARD! §r§axxChrollox §r§efound a §r§5Fuming Potato Book §r§ein their Obsidian Chest§r§e!
23:52:33 [allowed] §aDe-listing your group...
23:52:33 [allowed] §dParty Finder §r§f> §r§aYour group has been de-listed!
23:52:35 [allowed] §dParty Finder §r§f> §r§aYour party has been queued in the dungeon finder!
23:52:35 [allowed] §eQueueing your party...
23:52:48 [allowed] §8[§r§715§r§8] §r§b[MVP§2+§b] _Chyan §aⒷ§f§r§f: can someone carry me through entrance floor lol
23:52:49 [allowed] §6§lRARE REWARD! §r§aRagingNova_ §r§efound a §r§6Recombobulator 3000 §r§ein their Obsidian Chest§r§e!
23:52:57 [allowed] §8[§r§e99§r§8] §r§7§l⚝ §r§a[VIP§6+§a] Entity2433§f§r§f: sure lol
23:53:30 [allowed] §dParty Finder §r§f> §r§cThis group doesn't exist!
23:53:30 [allowed] §aDe-listing your group...
23:53:35 [allowed] §eSet dungeon level required to: §r§b30
23:53:36 [allowed] §dParty Finder §r§f> §r§cYou are already in a group!
23:53:36 [allowed] §eQueueing your party...
23:53:42 [allowed] §dParty Finder §r§f> §r§aYour group has been de-listed!
23:53:42 [allowed] §aDe-listing your group...
23:53:43 [allowed] §dParty Finder §r§f> §r§aYour party has been queued in the dungeon finder!
23:53:43 [allowed] §eQueueing your party...
23:53:50 [allowed] §cThere are blocks in the way!
23:53:55 [allowed] §cYou can only use this item inside dungeons!
23:53:55 [allowed] §aClick here §eto view the secret recipe!
23:54:22 [allowed] §8[§r§715§r§8] §r§b[MVP§2+§b] _Chyan §aⒷ§f§r§f: r
23:54:35 [allowed] §cYou're already in this channel!
23:54:41 [allowed] §cThere are blocks in the way!
23:54:49 [allowed] §cThere are blocks in the way!
23:55:22 [allowed] §9Party §8> §b[MVP§f+§b] Sebbebas§f: §rblud
23:55:24 [allowed] §8[§r§2169§r§8] §r§6ჶ §r§a[VIP§6+§a] asit1337§f§r§f: .зд
23:55:33 [allowed] §aRefreshing...
23:55:54 [allowed] §cThere are blocks in the way!
23:56:01 [allowed] §cThere are blocks in the way!
23:56:02 [allowed] §cThere are blocks in the way!
23:56:03 [allowed] §cThere are blocks in the way!
23:56:15 [allowed] §cThere are blocks in the way!
23:56:15 [allowed] §6§lRARE REWARD! §r§bSlushiee_ §r§efound a §r§5Fuming Potato Book §r§ein their Obsidian Chest§r§e!
23:56:46 [allowed] §cThere are blocks in the way!
23:56:50 [allowed] §cThere are blocks in the way!
23:56:55 [allowed] §dParty Finder §r§f> §r§bNtinosTheReal §r§ejoined the dungeon group! (§r§bArcher Level 28§r§e)
23:56:56 [allowed] §cThere are blocks in the way!
23:56:57 [allowed] §cThere are blocks in the way!
23:57:00 [allowed] §6§lRARE REWARD! §r§aFRN___ §r§efound a §r§6Recombobulator 3000 §r§ein their Obsidian Chest§r§e!
23:57:00 [allowed] §dParty Finder §r§f> §r§bCosmicUrsa §r§ejoined the dungeon group! (§r§bMage Level 29§r§e)
23:57:14 [allowed] §dParty Finder §r§f> §r§7carr_t §r§ejoined the dungeon group! (§r§bTank Level 29§r§e)
23:57:19 [allowed] §dParty Finder §f> §r§r§eYour dungeon group is full!§r§6 Click here to warp to the dungeon!
23:57:20 [allowed] §9§m-----------------------------
§r§b[MVP§r§f+§r§b] Sebbebas§r§f §r§eentered §r§aThe Catacombs§r§e, §r§eFloor VII§r§e!
§r§9§m-----------------------------
23:57:20 [allowed] §8Queuing... (Attempt 1/3)
23:57:22 [allowed] §cThere are blocks in the way!
23:57:23 [allowed] §cThere are blocks in the way!
23:57:24 [allowed] §cThere are blocks in the way!
23:57:25 [allowed] §eYou haven't claimed your §r§6Summer Rewards §r§eyet!
23:57:25 [allowed] §eTalk to the §r§bSummer Sloth §r§ein the §r§aHub!
23:57:27 [allowed] §cYou are sending commands too fast! Please slow down.
23:57:28 [allowed] §7carr_t§r§a is now ready!
23:57:28 [allowed] §bSebbebas§r§a is now ready!
23:57:28 [allowed] §bNtinosTheReal§r§a is now ready!
23:57:28 [allowed] §bC0XN0R§r§a is now ready!
23:57:30 [allowed] §bCosmicUrsa§r§a is now ready!
23:57:30 [allowed] §aStarting in 4 seconds.
23:57:31 [allowed] §aStarting in 3 seconds.
23:57:32 [allowed] §aStarting in 2 seconds.
23:57:33 [allowed] §aStarting in 1 second.
23:57:34 [allowed] §6Your §r§aBerserk §r§6stats are doubled because you are the only player using this class!
23:57:34 [allowed] §a[Berserk] §r§fMelee Damage §r§c53.2%§r§f -> §r§a93.2%
23:57:34 [allowed] §a[Berserk] §r§fWalk Speed §r§c43.2§r§f -> §r§a73.2
23:57:34 [allowed] §a[Berserk] §r§fBloodlust Damage §r§c33.2%§r§f -> §r§a53.2%
23:57:34 [allowed] §a[Berserk] §r§fLust For Blood Damage Increase Cap §r§c670%§r§f -> §r§a920%
23:57:34 [allowed] §a[Berserk] §r§fLust For Blood Damage Increase Per Hit §r§c34.8%§r§f -> §r§a49.8%
23:57:34 [allowed] §a[Berserk] §r§fIndomitable Strength to Defense §r§c8.3%§r§f -> §r§a13.3%
23:57:34 [allowed] §a[Berserk] §r§fWeapon Master Swing Range Increase §r§c4§r§f -> §r§a4.5
23:57:34 [allowed] §a[Berserk] §r§fBloodlust Heal Percent §r§c3%§r§f -> §r§a6%
23:57:34 [allowed] §a[Berserk] §r§fBloodlust Duration §r§c5§r§f -> §r§a10
23:57:34 [allowed] §e[NPC] §bMort§f: §rHere, I found this map when I first entered the dungeon.
23:57:37 [allowed] §e[NPC] §bMort§f: §rYou should find it useful if you get lost.
23:57:37 [allowed] §b[MVP§r§c+§r§b] CosmicUrsa§r§f §r§ehas obtained §r§a§r§dBlessing of Life§r§e!
23:57:37 [allowed] §6§lDUNGEON BUFF! §r§bCosmicUrsa §r§ffound a §r§dBlessing of Life V§r§f! (§r§a02s§r§f)
23:57:37 [allowed]      §r§7Granted you §r§a§r§a+1.18x HP §r§7and §r§a§r§a+1.18x §r§c❣ Health Regen§r§7.
23:57:37 [allowed] §e§lBerserk Milestone §r§e❶§r§7: You have dealt §r§c750,000§r§7 Total Damage so far! §r§a02s
23:57:37 [allowed] §b[MVP§r§c+§r§b] CosmicUrsa§r§f §r§ehas obtained §r§a§r§6§r§8Wither Key§r§e!
23:57:37 [allowed] §e§lRIGHT CLICK §r§7on §r§7a §r§8WITHER §r§7door§r§7 to open it. This key can only be used to open §r§a1§r§7 door!
23:57:37 [allowed] §b[MVP§r§f+§r§b] Sebbebas§r§f §r§ehas obtained §r§a§r§9Superboom TNT§r§e!
23:57:38 [allowed] §e[NPC] §bMort§f: §rGood luck.
23:57:39 [allowed] §a§r§bCosmicUrsa§r§a opened a §r§8§lWITHER §r§adoor!
23:57:39 [allowed] §cThere are blocks in the way!
23:57:41 [allowed] §b[MVP§r§c+§r§b] CosmicUrsa§r§f §r§ehas obtained §r§a§r§6§r§8Wither Key§r§e!
23:57:41 [allowed] §e§lRIGHT CLICK §r§7on §r§7a §r§8WITHER §r§7door§r§7 to open it. This key can only be used to open §r§a1§r§7 door!
23:57:41 [allowed] §b[MVP§r§c+§r§b] CosmicUrsa§r§f §r§ehas obtained §r§a§r§9Superboom TNT§r§e!
23:57:44 [allowed] §cThere are blocks in the way!
23:57:49 [allowed] §a§r§bCosmicUrsa§r§a opened a §r§8§lWITHER §r§adoor!
23:57:52 [allowed] §b[MVP§r§c+§r§b] CosmicUrsa§r§f §r§ehas obtained §r§a§r§dBlessing of Wisdom§r§e!
23:57:52 [allowed] §6§lDUNGEON BUFF! §r§bCosmicUrsa §r§ffound a §r§dBlessing of Wisdom V§r§f! (§r§a17s§r§f)
23:57:52 [allowed]      §r§7Granted you §r§a§r§a+24§r§7 & §r§a+1.12x §r§b✎ Intelligence §r§7and §r§a+24 §r§f✦ Speed§r§7.
23:57:52 [allowed] §b[MVP§r§c+§r§b] CosmicUrsa§r§f §r§ehas obtained §r§a§r§6§r§8Wither Key§r§e!
23:57:52 [allowed] §e§lRIGHT CLICK §r§7on §r§7a §r§8WITHER §r§7door§r§7 to open it. This key can only be used to open §r§a1§r§7 door!
23:57:52 [allowed] §b[MVP§r§c+§r§b] CosmicUrsa§r§f §r§ehas obtained §r§a§r§9Superboom TNT§r§e!
23:57:53 [allowed] §a§r§bCosmicUrsa§r§a opened a §r§8§lWITHER §r§adoor!
23:57:55 [allowed] §6Ragnarok§r§a is ready to use! Press §r§6§lDROP§r§a to activate it!
23:57:57 [allowed] §aYou have teleported to §r§bC0XN0R§r§a!
23:57:58 [allowed] §b[MVP§r§c+§r§b] CosmicUrsa§r§f §r§ehas obtained §r§a§r§c§r§cBlood Key§r§e!
23:57:58 [allowed] §e§lRIGHT CLICK §r§7on §r§7the §r§cBLOOD DOOR§r§7 to open it. This key can only be used to open §r§a1§r§7 door!
23:57:58 [allowed] §b[MVP§r§c+§r§b] CosmicUrsa§r§f §r§ehas obtained §r§a§r§9Superboom TNT§r§e!
23:57:59 [allowed] §cThe §r§c§lBLOOD DOOR§r§c has been opened!
23:57:59 [allowed] §5A shiver runs down your spine...
23:57:59 [allowed] §c[BOSS] The Watcher§r§f: Things feel a little more roomy now, eh?
23:58:03 [allowed] §c[BOSS] The Watcher§r§f: I've knocked down those pillars to go for a §r§fmore...open§r§f concept.
23:58:07 [allowed] §c[BOSS] The Watcher§r§f: Plus I needed to give my new friends some space to roam...
23:58:09 [allowed] §b[MVP§r§f+§r§b] Sebbebas§r§f §r§ehas obtained §r§a§r§9Superboom TNT §r§8x2§r§e!
23:58:12 [allowed] §cThere are blocks in the way!
23:58:15 [allowed] §e§lBerserk Milestone §r§e❷§r§7: You have dealt §r§c3,750,000§r§7 Total Damage so far! §r§a40s
23:58:15 [allowed] §a§l+5 Kill Combo §r§8§r§b+3✯ Magic Find
23:58:16 [allowed] §aThe §r§c§r§d§lLost Adventurer §r§aused §r§6Dragon's Breath §r§aon you!
23:58:16 [allowed] §e§lBerserk Milestone §r§e❸§r§7: You have dealt §r§c15,000,000§r§7 Total Damage so far! §r§a41s
23:58:16 [allowed] §aUsed §r§6Throwing Axe§r§a!
23:58:16 [allowed] §7Your Giant's Sword hit §r§c1 §r§7enemy for §r§c437,645 §r§7damage.
23:58:17 [allowed] §cThis ability is on cooldown for 10s.
23:58:17 [allowed] §cThis ability is on cooldown for 30s.
23:58:17 [allowed] §7Your Throwing Axe hit §r§c1 §r§7enemy for §r§c1,206,743.3 §r§7damage.
23:58:17 [allowed] §cThis ability is on cooldown for 10s.
23:58:17 [allowed] §cThis ability is on cooldown for 30s.
23:58:17 [allowed] §cThis ability is on cooldown for 10s.
23:58:17 [allowed] §cThis ability is on cooldown for 30s.
23:58:18 [allowed] §a§l+10 Kill Combo §r§8+§r§610 §r§7coins per kill
23:58:18 [allowed] §c[BOSS] The Watcher§r§f: Hmmm... this one!
23:58:18 [allowed] §6§lDUNGEON BUFF! §r§bCosmicUrsa §r§ffound a §r§dBlessing of Stone I§r§f!
23:58:18 [allowed]      §r§7Granted you §r§a§r§a+4.8§r§7 & §r§a+1.02x §r§a❈ Defense §r§7and §r§a+7.2 §r§c❁ Damage§r§7.
23:58:18 [allowed] Unknown command. Type "/help" for help. ('uhfdsolguhkjdjfhgkjhdfdlgkjhldkjhlkjhsldkjfhldshkjf')
23:58:21 [allowed] §c[BOSS] The Watcher§r§f: Go and live again!
23:58:23 [allowed] §9§l+15 Kill Combo §r§8§r§b+3✯ Magic Find
23:58:24 [allowed] §e§lBerserk Milestone §r§e❹§r§7: You have dealt §r§c37,500,000§r§7 Total Damage so far! §r§a49s
23:58:24 [allowed] §5§l+20 Kill Combo §r§8§r§3+15☯ Combat Wisdom
23:58:24 [allowed] §c[BOSS] The Watcher§r§f: Let's see how you can handle this.
23:58:25 [allowed] §6Ragnarok§r§a is ready to use! Press §r§6§lDROP§r§a to activate it!
23:58:25 [allowed] §b[MVP§r§f+§r§b] Sebbebas§r§f §r§ehas obtained §r§a§r§9Superboom TNT§r§e!
23:58:25 [allowed] §a§r§6Mining Speed Boost §r§ais now available!
23:58:26 [allowed] §a§r§6Throwing Axe §r§ais now available!
23:58:27 [allowed] §c[BOSS] The Watcher§r§f: I'm impressed.
23:58:28 [allowed] §cThere are blocks in the way!
23:58:29 [allowed] §cYour Kill Combo has expired! You reached a 21 Kill Combo!
23:58:29 [allowed] §fYou found a §r§dWither Essence§r§f! Everyone gains an extra essence!
23:58:29 [allowed] §c[BOSS] The Watcher§r§f: I'm impressed.
23:58:41 [allowed] §c[BOSS] The Watcher§r§f: This guy looks like a fighter.
23:58:45 [allowed] §c[BOSS] The Watcher§r§f: Go, fight!
23:58:45 [allowed] §6§lDUNGEON BUFF! §r§7carr_t §r§ffound a §r§dBlessing of Wisdom II§r§f!
23:58:45 [allowed]      §r§7Granted you §r§a§r§a+9.6§r§7 & §r§a+1.05x §r§b✎ Intelligence §r§7and §r§a+9.6 §r§f✦ Speed§r§7.
23:58:47 [allowed] §6§lDUNGEON BUFF! §r§bCosmicUrsa §r§ffound a §r§dBlessing of Power I§r§f!
23:58:47 [allowed]      §r§7Granted you §r§a§r§a+4.8§r§7 & §r§a+1.02x §r§c❁ Strength§r§7.
23:58:47 [allowed]      §r§7Also granted you §r§a§r§a+4.8§r§7 & §r§a+1.02x §r§9☠ Crit Damage§r§7.
23:58:48 [allowed] §c[BOSS] The Watcher§r§f: This guy looks like a fighter.
23:58:49 [allowed] §6§lDUNGEON BUFF! §r§fYou found a §r§dBlessing of Power I§r§f!
23:58:49 [allowed]      §r§7Granted you §r§a§r§a+4.8§r§7 & §r§a+1.02x §r§c❁ Strength§r§7.
23:58:49 [allowed]      §r§7Also granted you §r§a§r§a+4.8§r§7 & §r§a+1.02x §r§9☠ Crit Damage§r§7.
23:58:51 [allowed] §c[BOSS] The Watcher§r§f: Hmmm... this one!
23:58:54 [allowed] §c[BOSS] The Watcher§r§f: Go, fight!
23:58:56 [allowed] §6Ragnarok§r§a is ready to use! Press §r§6§lDROP§r§a to activate it!
23:58:57 [allowed] §a§l+5 Kill Combo §r§8§r§b+3✯ Magic Find
23:58:57 [allowed] §c[BOSS] The Watcher§r§f: You'll do.
23:59:01 [allowed] §c[BOSS] The Watcher§r§f: Hmmm... this one!
23:59:01 [allowed] §a§l+10 Kill Combo §r§8+§r§610 §r§7coins per kill
23:59:02 [allowed] §b[MVP§r§f+§r§b] Sebbebas§r§f §r§ehas obtained §r§a§r§9Superboom TNT§r§e!
23:59:04 [allowed] §9§l+15 Kill Combo §r§8§r§b+3✯ Magic Find
23:59:04 [allowed] §c[BOSS] The Watcher§r§f: Hmmm... this one!
23:59:04 [allowed] §e§lBerserk Milestone §r§e❺§r§7: You have dealt §r§c75,000,000§r§7 Total Damage so far! §r§a01m 29s
23:59:05 [allowed] §aUsed §r§6Throwing Axe§r§a!
23:59:05 [allowed] §7Your Giant's Sword hit §r§c4 §r§7enemies for §r§c11,712,887 §r§7damage.
23:59:05 [allowed] §5§l+20 Kill Combo §r§8§r§3+15☯ Combat Wisdom
23:59:07 [allowed] §c[BOSS] The Watcher§r§f: Go and live again!
23:59:08 [allowed] §6§lDUNGEON BUFF! §r§bC0XN0R §r§ffound a §r§dBlessing of Life II§r§f!
23:59:08 [allowed]      §r§7Granted you §r§a§r§a+1.07x HP §r§7and §r§a§r§a+1.07x §r§c❣ Health Regen§r§7.
23:59:08 [allowed] §b[MVP§r§f+§r§b] Sebbebas§r§f §r§ehas obtained §r§a§r§9Superboom TNT§r§e!
23:59:09 [allowed] §cThere are blocks in the way!
23:59:11 [allowed] §5§l+25 Kill Combo §r§8§r§b+3✯ Magic Find
23:59:11 [allowed] §e§lBerserk Milestone §r§e❻§r§7: You have dealt §r§c112,500,000§r§7 Total Damage so far! §r§a01m 36s
23:59:11 [allowed] §6§l+30 Kill Combo §r§8+§r§610 §r§7coins per kill
23:59:12 [allowed] §c[BOSS] The Watcher§r§f: Go and live again!
23:59:13 [allowed] §b[MVP§r§f+§r§b] Sebbebas§r§f §r§ehas obtained §r§a§r§9Superboom TNT§r§e!
23:59:14 [allowed] §cYour Kill Combo has expired! You reached a 30 Kill Combo!
23:59:15 [allowed] §a§r§6Throwing Axe §r§ais now available!
23:59:15 [allowed] §c[BOSS] The Watcher§r§f: Go and live again!
23:59:18 [allowed] §c[BOSS] The Watcher§r§f: Go and live again!
23:59:20 [allowed] §b[MVP§r§f+§r§b] Sebbebas§r§f §r§ehas obtained §r§a§r§9Superboom TNT§r§e!
23:59:20 [allowed] §b[MVP§r§f+§r§b] Sebbebas§r§f §r§ehas obtained §r§a§r§dBlessing of Power§r§e!
23:59:20 [allowed] §6§lDUNGEON BUFF! §r§fYou found a §r§dBlessing of Power V§r§f! (§r§a01m 45s§r§f)
23:59:20 [allowed]      §r§7Granted you §r§a§r§a+24§r§7 & §r§a+1.12x §r§c❁ Strength§r§7.
23:59:20 [allowed]      §r§7Also granted you §r§a§r§a+24§r§7 & §r§a+1.12x §r§9☠ Crit Damage§r§7.
23:59:21 [allowed] §c[BOSS] The Watcher§r§f: That will be enough for now.
23:59:22 [allowed] §cThere are blocks in the way!
23:59:24 [allowed] §cThere are blocks in the way!
23:59:24 [allowed] §cThere are blocks in the way!
23:59:24 [allowed] §cThere are blocks in the way!
23:59:25 [allowed] §cThere are blocks in the way!
23:59:26 [allowed] §6Ragnarok§r§a is ready to use! Press §r§6§lDROP§r§a to activate it!
23:59:27 [allowed] §cThere are blocks in the way!
23:59:27 [allowed] §cThere are blocks in the way!
23:59:29 [allowed] §cThere are blocks in the way!
23:59:29 [allowed] §6§lDUNGEON BUFF! §r§bCosmicUrsa §r§ffound a §r§dBlessing of Life I§r§f!
23:59:29 [allowed]      §r§7Granted you §r§a§r§a+1.04x HP §r§7and §r§a§r§a+1.04x §r§c❣ Health Regen§r§7.
23:59:29 [allowed] §6§lDUNGEON BUFF! §r§fYou found a §r§dBlessing of Wisdom I§r§f!
23:59:29 [allowed]      §r§7Granted you §r§a§r§a+4.8§r§7 & §r§a+1.02x §r§b✎ Intelligence §r§7and §r§a+4.8 §r§f✦ Speed§r§7.
23:59:30 [allowed] §e§lBerserk Milestone §r§e❼§r§7: You have dealt §r§c150,000,000§r§7 Total Damage so far! §r§a01m 55s
23:59:31 [allowed] §bC0XN0R §r§ffound a §r§dWither Essence§r§f! Everyone gains an extra essence!
23:59:33 [allowed] §cThere are blocks in the way!
23:59:38 [allowed] §cThere are blocks in the way!
23:59:39 [allowed] §fYou found a §r§dWither Essence§r§f! Everyone gains an extra essence!
23:59:40 [allowed] §6§lESSENCE! §r§7carr_t §r§ffound §r§bx10 Ice Essence§r§f!
23:59:44 [allowed] §a§l+5 Kill Combo §r§8§r§b+3✯ Magic Find
23:59:48 [allowed] §b[MVP§r§c+§r§b] NtinosTheReal§r§f §r§ehas obtained §r§a§r§9Superboom TNT§r§e!
23:59:49 [allowed] §b[MVP§r§c+§r§b] NtinosTheReal§r§f §r§ehas obtained §r§a§r§dBlessing of Stone§r§e!
23:59:49 [allowed] §6§lDUNGEON BUFF! §r§bNtinosTheReal §r§ffound a §r§dBlessing of Stone V§r§f! (§r§a02m 14s§r§f)
23:59:49 [allowed]      §r§7Granted you §r§a§r§a+24§r§7 & §r§a+1.12x §r§a❈ Defense §r§7and §r§a+36 §r§c❁ Damage§r§7.
23:59:49 [allowed] §cThere are blocks in the way!
23:59:51 [allowed] §a§l+10 Kill Combo §r§8+§r§610 §r§7coins per kill
23:59:53 [allowed] §cThere are blocks in the way!
23:59:53 [allowed] §cThere are blocks in the way!
23:59:53 [allowed] §cThere are blocks in the way!
23:59:55 [allowed] §cThere are blocks in the way!
23:59:55 [allowed] §cThere are blocks in the way!
23:59:55 [allowed] §cThere are blocks in the way!
23:59:56 [allowed] §cThere are blocks in the way!
23:59:56 [allowed] §6Ragnarok§r§a is ready to use! Press §r§6§lDROP§r§a to activate it!
23:59:56 [allowed] §cThere are blocks in the way!
23:59:58 [allowed] §9§l+15 Kill Combo §r§8§r§b+3✯ Magic Find
00:00:02 [allowed] §6§lDUNGEON BUFF! §r§bCosmicUrsa §r§ffound a §r§dBlessing of Power V§r§f!
00:00:02 [allowed]      §r§7Granted you §r§a§r§a+24§r§7 & §r§a+1.12x §r§c❁ Strength§r§7.
00:00:02 [allowed]      §r§7Also granted you §r§a§r§a+24§r§7 & §r§a+1.12x §r§9☠ Crit Damage§r§7.
00:00:03 [allowed] §cYour Kill Combo has expired! You reached a 17 Kill Combo!
00:00:09 [allowed] §cThere are blocks in the way!
00:00:10 [allowed] §cThere are blocks in the way!
00:00:11 [allowed] §cThere are blocks in the way!
00:00:11 [allowed] §cThere are blocks in the way!
00:00:11 [allowed] §cThere are blocks in the way!
00:00:13 [allowed] §6§lDUNGEON BUFF! §r§fYou found a §r§dBlessing of Stone II§r§f!
00:00:13 [allowed]      §r§7Granted you §r§a§r§a+9.6§r§7 & §r§a+1.05x §r§a❈ Defense §r§7and §r§a+14.4 §r§c❁ Damage§r§7.
00:00:14 [allowed] §cThere are blocks in the way!
00:00:14 [allowed] §cThere are blocks in the way!
00:00:16 [allowed] §7A Crypt Wither Skull exploded, hitting you for §r§c26,400§r§7 damage.
00:00:17 [allowed] §6§lDUNGEON BUFF! §r§7carr_t §r§ffound a §r§dBlessing of Power V§r§f!
00:00:17 [allowed]      §r§7Granted you §r§a§r§a+24§r§7 & §r§a+1.12x §r§c❁ Strength§r§7.
00:00:17 [allowed]      §r§7Also granted you §r§a§r§a+24§r§7 & §r§a+1.12x §r§9☠ Crit Damage§r§7.
00:00:17 [allowed] §aYou have teleported to §r§bNtinosTheReal§r§a!
00:00:26 [allowed] §6Ragnarok§r§a is ready to use! Press §r§6§lDROP§r§a to activate it!
00:00:27 [allowed] §b[MVP§r§c+§r§b] CosmicUrsa§r§f §r§ehas obtained §r§a§r§9Superboom TNT§r§e!
00:00:30 [allowed] §cThere are blocks in the way!
00:00:30 [allowed] §aUsed §r§6Throwing Axe§r§a!
00:00:32 [allowed] §e§lBerserk Milestone §r§e❽§r§7: You have dealt §r§c187,500,000§r§7 Total Damage so far! §r§a02m 57s
00:00:33 [allowed] §a§l+5 Kill Combo §r§8§r§b+3✯ Magic Find
00:00:33 [allowed] §a§l+10 Kill Combo §r§8+§r§610 §r§7coins per kill
00:00:35 [allowed] §e§lBerserk Milestone §r§e❾§r§7: You have dealt §r§c225,000,000§r§7 Total Damage so far! §r§a03m 00s
00:00:35 [allowed] §eYour §r§6Auto Recombobulator §r§erecombobulated §r§6Wise Zombie Commander Leggings§r§e!
00:00:35 [allowed] §6§lRARE DROP! §r§5Zombie Commander Leggings §r§b(+§r§b68% §r§b✯ Magic Find§r§b)
00:00:35 [allowed] §9§l+15 Kill Combo §r§8§r§b+3✯ Magic Find
00:00:37 [allowed] §5§l+20 Kill Combo §r§8§r§3+15☯ Combat Wisdom
00:00:38 [allowed] §bCosmicUrsa §r§ffound a §r§dWither Essence§r§f! Everyone gains an extra essence!
00:00:39 [allowed] §5§l+25 Kill Combo §r§8§r§b+3✯ Magic Find
00:00:40 [allowed] §a§r§6Throwing Axe §r§ais now available!
00:00:47 [allowed] §cYour Kill Combo has expired! You reached a 29 Kill Combo!
00:00:48 [allowed] §cThere are blocks in the way!
00:00:48 [allowed] §bNtinosTheReal §r§ffound a §r§dWither Essence§r§f! Everyone gains an extra essence!
00:00:49 [allowed] §b[MVP§r§f+§r§b] Sebbebas§r§f §r§ehas obtained §r§a§r§9Superboom TNT§r§e!
00:00:49 [allowed] §b[MVP§r§f+§r§b] Sebbebas§r§f §r§ehas obtained §r§a§r§dBlessing of Life§r§e!
00:00:49 [allowed] §6§lDUNGEON BUFF! §r§fYou found a §r§dBlessing of Life V§r§f! (§r§a03m 14s§r§f)
00:00:49 [allowed]      §r§7Granted you §r§a§r§a+1.18x HP §r§7and §r§a§r§a+1.18x §r§c❣ Health Regen§r§7.
00:00:55 [allowed] §cThere are blocks in the way!
00:00:56 [allowed] §cThere are blocks in the way!
00:00:56 [allowed] §cThere are blocks in the way!
00:00:56 [allowed] §cThere are blocks in the way!
00:00:56 [allowed] §cThere are blocks in the way!
00:00:57 [allowed] §6Ragnarok§r§a is ready to use! Press §r§6§lDROP§r§a to activate it!
00:00:57 [allowed] §cThere are blocks in the way!
00:00:57 [allowed] §cThere are blocks in the way!
00:00:57 [allowed] §cThere are blocks in the way!
00:00:57 [allowed] §cThere are blocks in the way!
00:00:57 [allowed] §cThere are blocks in the way!
00:00:58 [allowed] §cYou hear the sound of something opening...
00:01:04 [allowed] §b[MVP§r§c+§r§b] NtinosTheReal§r§f §r§ehas obtained §r§a§r§9Superboom TNT§r§e!
00:01:04 [allowed] §b[MVP§r§c+§r§b] NtinosTheReal§r§f §r§ehas obtained §r§a§r§dBlessing of Wisdom§r§e!
00:01:04 [allowed] §6§lDUNGEON BUFF! §r§bNtinosTheReal §r§ffound a §r§dBlessing of Wisdom V§r§f! (§r§a03m 29s§r§f)
00:01:04 [allowed]      §r§7Granted you §r§a§r§a+24§r§7 & §r§a+1.12x §r§b✎ Intelligence §r§7and §r§a+24 §r§f✦ Speed§r§7.
00:01:06 [allowed] §6§lDUNGEON BUFF! §r§fYou found a §r§dBlessing of Stone I§r§f!
00:01:06 [allowed]      §r§7Granted you §r§a§r§a+4.8§r§7 & §r§a+1.02x §r§a❈ Defense §r§7and §r§a+7.2 §r§c❁ Damage§r§7.
00:01:08 [allowed] §6§lESSENCE! §r§bCosmicUrsa §r§ffound §r§5x10 Spider Essence§r§f!
00:01:11 [allowed] §cThere are blocks in the way!
00:01:12 [allowed] §cThere are blocks in the way!
00:01:13 [allowed] §cThere are blocks in the way!
00:01:14 [allowed] §aUsed §r§6Throwing Axe§r§a!
00:01:14 [allowed] §9Party §8> §b[MVP§c+§b] NtinosTheReal§f: §r300 Score!
00:01:18 [allowed] §cThere are blocks in the way!
00:01:21 [allowed] §6§lESSENCE! §r§bCosmicUrsa §r§ffound §r§bx10 Ice Essence§r§f!
00:01:22 [allowed] §cThere are blocks in the way!
00:01:23 [allowed] §cThere are blocks in the way!
00:01:24 [allowed] §a§r§6Throwing Axe §r§ais now available!
00:01:25 [allowed] §cThere are blocks in the way!
00:01:26 [allowed] §9Party §8> §b[MVP§f+§b] Sebbebas§f: §rSkytils-SC > 300
00:01:27 [allowed] §cThere are blocks in the way!
00:01:27 [allowed] §6Ragnarok§r§a is ready to use! Press §r§6§lDROP§r§a to activate it!
00:01:28 [allowed] §cThere are blocks in the way!
00:01:28 [allowed] §cThere are blocks in the way!
00:01:28 [allowed] §cThere are blocks in the way!
00:01:29 [allowed] §cThere are blocks in the way!
00:01:29 [allowed] §cThere are blocks in the way!
00:01:29 [allowed] §cThere are blocks in the way!
00:01:29 [allowed] §cThere are blocks in the way!
00:01:29 [allowed] §cThere are blocks in the way!
00:01:30 [allowed] §cThere are blocks in the way!
00:01:30 [allowed] §cThere are blocks in the way!
00:01:33 [allowed] §cThere are blocks in the way!
00:01:34 [allowed] §cThere are blocks in the way!
00:01:36 [allowed] §cThere are blocks in the way!
00:01:36 [allowed] §cThere are blocks in the way!
00:01:37 [allowed] §fYou found a §r§dWither Essence§r§f! Everyone gains an extra essence!
00:01:41 [allowed] §cThere are blocks in the way!
00:01:45 [allowed] §cThere are blocks in the way!
00:01:46 [allowed] §cThere are blocks in the way!
00:01:47 [allowed] §cThere are blocks in the way!
00:01:47 [allowed] §cThere are blocks in the way!
00:01:47 [allowed] §cThere are blocks in the way!
00:01:48 [allowed] §cThere are blocks in the way!
00:01:49 [allowed] §cThere are blocks in the way!
00:01:49 [allowed] §cThere are blocks in the way!
00:01:51 [allowed] §c[BOSS] The Watcher§r§f: My Watchful Eyes see all!
00:01:51 [allowed] §cThere are blocks in the way!
00:01:51 [allowed] §cThere are blocks in the way!
00:01:51 [allowed] §6§lDUNGEON BUFF! §r§fYou found a §r§dBlessing of Power II§r§f!
00:01:51 [allowed]      §r§7Granted you §r§a§r§a+9.6§r§7 & §r§a+1.05x §r§c❁ Strength§r§7.
00:01:51 [allowed]      §r§7Also granted you §r§a§r§a+9.6§r§7 & §r§a+1.05x §r§9☠ Crit Damage§r§7.
00:01:51 [allowed] §cThe Tripwire Trap hit you for 4,073.8 damage!
00:01:52 [allowed] §aYou defused a trap!
00:01:54 [allowed] §c[BOSS] The Watcher§r§f: That one was weak anyway.
00:01:54 [allowed] §c[BOSS] The Watcher§r§f: You have proven yourself. You may pass.
00:01:57 [allowed] §6Ragnarok§r§a is ready to use! Press §r§6§lDROP§r§a to activate it!
00:01:59 [allowed] §b[MVP§r§c+§r§b] CosmicUrsa§r§f §r§ehas obtained §r§a§r§dBlessing of Life§r§e!
00:01:59 [allowed] §6§lDUNGEON BUFF! §r§bCosmicUrsa §r§ffound a §r§dBlessing of Life V§r§f! (§r§a04m 24s§r§f)
00:01:59 [allowed]      §r§7Granted you §r§a§r§a+1.18x HP §r§7and §r§a§r§a+1.18x §r§c❣ Health Regen§r§7.
00:01:59 [allowed] §9Party §8> §b[MVP§f+§b] Sebbebas§f: §rgo
00:02:00 [allowed] §cAutopet §eequipped your §7[Lvl 100] §6Wither Skeleton§e! §a§lVIEW RULE
00:02:00 [allowed] §4[BOSS] Maxor§r§c: §r§cWELL! WELL! WELL! LOOK WHO'S HERE!
00:02:00 [allowed] Unknown command. Type "/help" for help. ('uhfdsolguhkjdjfhgkjhdfdlgkjhldkjhlkjhsldkjfhldshkjf')
00:02:03 [allowed] §4[BOSS] Maxor§r§c: §r§cI'VE BEEN TOLD I COULD HAVE A BIT OF FUN WITH YOU.
00:02:05 [allowed] §dCreeper Veil §r§aActivated!
00:02:06 [allowed] §4[BOSS] Maxor§r§c: §r§cDON'T DISAPPOINT ME, I HAVEN'T HAD A GOOD FIGHT IN A WHILE.
00:02:07 [allowed] §dCreeper Veil §r§cDe-activated!
00:02:08 [allowed] §aUsed §r§6Throwing Axe§r§a!
00:02:08 [allowed] §bCosmicUrsa§r§a picked up an §r§bEnergy Crystal§r§a!
00:02:09 [allowed] §eA §r§a§r§dBlessing of Power§r§e was picked up!
00:02:09 [allowed] §6§lDUNGEON BUFF! §r§fA §r§dBlessing of Power V§r§f was found! (§r§a04m 34s§r§f)
00:02:09 [allowed]      §r§7Granted you §r§a§r§a+24§r§7 & §r§a+1.12x §r§c❁ Strength§r§7.
00:02:09 [allowed]      §r§7Also granted you §r§a§r§a+24§r§7 & §r§a+1.12x §r§9☠ Crit Damage§r§7.
00:02:10 [allowed] §bSebbebas§r§a picked up an §r§bEnergy Crystal§r§a!
00:02:10 [allowed] §c1§r§a/2 Energy Crystals are now active!
00:02:13 [allowed] §a§l+5 Kill Combo §r§8§r§b+3✯ Magic Find
00:02:14 [allowed] §a2§r§a/2 Energy Crystals are now active!
00:02:15 [allowed] §7A Crypt Wither Skull exploded, hitting you for §r§c21,600§r§7 damage.
00:02:15 [allowed] §dCreeper Veil §r§aActivated!
00:02:15 [allowed] §aThe Energy Laser is charging up!
00:02:17 [allowed] §4[BOSS] Maxor§r§c: §r§cTHAT BEAM! IT HURTS! IT HURTS!!
00:02:17 [allowed] §dCreeper Veil §r§cDe-activated!
00:02:18 [allowed] §a§r§6Throwing Axe §r§ais now available!
00:02:18 [allowed] §aUsed §r§6Throwing Axe§r§a!
00:02:20 [allowed] §bSebbebas§r§a picked up an §r§bEnergy Crystal§r§a!
00:02:20 [allowed] §c⚠ Maxor is enraged! ⚠
00:02:20 [allowed] §cThis ability is on cooldown for 8s.
00:02:22 [allowed] §4[BOSS] Maxor§r§c: §r§cYOUR WEAPONS CAN'T PIERCE THROUGH MY SHIELD!
00:02:22 [allowed] §cYour Kill Combo has expired! You reached a 9 Kill Combo!
00:02:23 [allowed] §bCosmicUrsa§r§a picked up an §r§bEnergy Crystal§r§a!
00:02:23 [allowed] §c1§r§a/2 Energy Crystals are now active!
00:02:25 [allowed] §a2§r§a/2 Energy Crystals are now active!
00:02:26 [allowed] §4[BOSS] Maxor§r§c: §r§cTime for me to blast you away for good!
00:02:27 [allowed] §aThe Energy Laser is charging up!
00:02:27 [allowed] §6Ragnarok§r§a is ready to use! Press §r§6§lDROP§r§a to activate it!
00:02:28 [allowed] §a§r§6Throwing Axe §r§ais now available!
00:02:28 [allowed] §c ☠ §r§7§r§7carr_t§r§7 died to a trap and became a ghost§r§7.
00:02:31 [allowed] §4[BOSS] Maxor§r§c: §r§cTHAT BEAM! IT HURTS! IT HURTS!!
00:02:32 [allowed] §aUsed §r§6Throwing Axe§r§a!
00:02:32 [allowed] §cMaxor's §r§8Shadow Explosion§r§7 hit you for §r§c2,894.8§r§7 damage.
00:02:35 [allowed] §4[BOSS] Maxor§r§c: §r§cI'M TOO YOUNG TO DIE AGAIN!
00:02:37 [allowed] §4[BOSS] Storm§r§c: §r§cPathetic Maxor, just like expected.
00:02:38 [allowed] §9Party §8> §7carr_t§f: §rbro i had wc on
00:02:39 [allowed] §a§l+5 Kill Combo §r§8§r§b+3✯ Magic Find
00:02:40 [allowed] §4[BOSS] Storm§r§c: §r§cDon't boast about beating this simple-minded Wither.
00:02:41 [allowed] §9Party §8> §7carr_t§f: §rhowd i die
00:02:42 [allowed] §a§l+10 Kill Combo §r§8+§r§610 §r§7coins per kill
00:02:42 [allowed] §9§l+15 Kill Combo §r§8§r§b+3✯ Magic Find
00:02:42 [allowed] §a§r§6Throwing Axe §r§ais now available!
00:02:43 [allowed] §4[BOSS] Storm§r§c: §r§cMy abilities are unparalleled, in many ways I am the last bastion.
00:02:46 [allowed] §5§l+20 Kill Combo §r§8§r§3+15☯ Combat Wisdom
00:02:46 [allowed] §5§l+25 Kill Combo §r§8§r§b+3✯ Magic Find
00:02:47 [allowed] §4[BOSS] Storm§r§c: §r§cThe memory of your death will be your fondest, focus up!
00:02:48 [allowed] §6§l+30 Kill Combo §r§8+§r§610 §r§7coins per kill
00:02:51 [allowed] §cYour Kill Combo has expired! You reached a 30 Kill Combo!
00:02:56 [allowed] §7A Crypt Wither Skull exploded, hitting you for §r§c21,600§r§7 damage.
00:02:58 [allowed] §6Ragnarok§r§a is ready to use! Press §r§6§lDROP§r§a to activate it!
00:02:59 [allowed] §4[BOSS] Storm§r§c: §r§cThe power of lightning is quite phenomenal. A single strike can vaporize a person whole.
00:03:02 [allowed] §4[BOSS] Storm§r§c: §r§cI'd be happy to show you what that's like!
00:03:05 [allowed] §4[BOSS] Storm§r§c: §r§cENERGY HEED MY CALL!
00:03:09 [allowed] §aUsed §r§6Throwing Axe§r§a!
00:03:12 [allowed] §cThis ability is on cooldown for 7s.
00:03:19 [allowed] §cThis ability is on cooldown for 1s.
00:03:19 [allowed] §a§r§6Throwing Axe §r§ais now available!
00:03:20 [allowed] §4[BOSS] Storm§r§c: §r§cOuch, that hurt!
00:03:23 [allowed] §c⚠ Storm is enraged! ⚠
00:03:25 [allowed] §4[BOSS] Storm§r§c: §r§cNot just your land, but every kingdom will soon be ruled by our army of undead!
00:03:28 [allowed] §aUsed §r§6Throwing Axe§r§a!
00:03:28 [allowed] §cThis ability is on cooldown for 10s.
00:03:29 [allowed] §6Ragnarok§r§a is ready to use! Press §r§6§lDROP§r§a to activate it!
00:03:30 [allowed] §4[BOSS] Storm§r§c: §r§cBEGONE PILLAR!
00:03:31 [allowed] §c ☠ §r§7§r§bNtinosTheReal§r§7 was crushed and became a ghost§r§7.
00:03:32 [allowed] §a ❣ §r§7§r§bNtinosTheReal §r§7is reviving §r§bNtinosTheReal§r§7!
00:03:34 [allowed] §4[BOSS] Storm§r§c: §r§cOof
00:03:34 [allowed] §9Party §8> §b[MVP§2+§b] C0XN0R§f: §rres tank
00:03:34 [allowed] §9Party §8> §b[MVP§f+§b] Sebbebas§f: §rbro
00:03:35 [allowed] §cThis ability is on cooldown for 3s.
00:03:35 [allowed] §7Your Giant's Sword hit §r§c2 §r§7enemies for §r§c4,942,762 §r§7damage.
00:03:35 [allowed] §cThis ability is on cooldown for 3s.
00:03:35 [allowed] §cThis ability is on cooldown for 30s.
00:03:35 [allowed] §cThis ability is on cooldown for 3s.
00:03:35 [allowed] §cThis ability is on cooldown for 30s.
00:03:37 [allowed] §a§r§6Throwing Axe §r§ais now available!
00:03:37 [allowed] §4[BOSS] Storm§r§c: §r§cI should have known that I stood no chance.
00:03:37 [allowed] §8[§r§3244§r§8] §r§7♔ §r§b[MVP§c+§b] CosmicUrsa§f§r§f: smh
00:03:38 [allowed] §a ❣ §r§7§r§bNtinosTheReal§r§a was revived by §r§bNtinosTheReal§r§a!
00:03:40 [allowed] §4[BOSS] Storm§r§c: §r§cAt least my son died by your hands.
00:03:45 [allowed] §4[BOSS] Goldor§r§c: §r§cWho dares trespass into my domain?
00:03:48 [allowed] §a§lC0XN0R healed you for 64.4 health!
00:03:48 [allowed] §4[BOSS] Goldor§r§c: §r§cLittle ants, plotting and scheming, thinking they are invincible…
00:03:48 [allowed] §a§lC0XN0R healed you for 64.4 health!
00:03:51 [allowed] §4[BOSS] Goldor§r§c: §r§cI won't let you break the factory core, I gave my life to my Master.
00:03:54 [allowed] §4[BOSS] Goldor§r§c: §r§cNo one matches me in close quarters.
00:03:55 [allowed] §bSebbebas§r§a activated a terminal! (§r§c1§r§a/7)
00:03:55 [allowed] §bCosmicUrsa§r§a activated a terminal! (§r§c2§r§a/7)
00:03:56 [allowed] §aUsed §r§6Throwing Axe§r§a!
00:03:57 [allowed] §cThis ability is on cooldown for 9s.
00:03:58 [allowed] §4[BOSS] Goldor§r§c: §r§cI am the death zone, you are smart to flee.
00:03:58 [allowed] §cThis ability is on cooldown for 8s.
00:03:59 [allowed] §6Ragnarok§r§a is ready to use! Press §r§6§lDROP§r§a to activate it!
00:04:00 [allowed] §cThis ability is on cooldown for 7s.
00:04:01 [allowed] §c ☠ §r§7§r§bCosmicUrsa§r§7 burned to death and became a ghost§r§7.
00:04:02 [allowed] §a ❣ §r§7§r§bCosmicUrsa §r§7is reviving §r§bCosmicUrsa§r§7!
00:04:06 [allowed] §a§r§6Throwing Axe §r§ais now available!
00:04:07 [allowed] §bC0XN0R§r§a activated a terminal! (§r§c3§r§a/7)
00:04:08 [allowed] §cGoldor's§r§7 Greatsword hit you for §r§c40,000§r§7 damage.
00:04:08 [allowed] §a ❣ §r§7§r§bCosmicUrsa§r§a was revived by §r§bCosmicUrsa§r§a!
00:04:09 [allowed] §bCosmicUrsa§r§a activated a lever! (§r§c4§r§a/7)
00:04:12 [allowed] §bCosmicUrsa§r§a activated a lever! (§r§c5§r§a/7)
00:04:15 [allowed] §bNtinosTheReal§r§a activated a terminal! (§r§c6§r§a/7)
00:04:16 [allowed] §cGoldor's§r§7 Greatsword hit you for §r§c40,000§r§7 damage.
00:04:18 [allowed] §bSebbebas§r§a completed a device! (§r§c7§r§a/7)
00:04:18 [allowed] §aThe gate will open in 5 seconds!
00:04:19 [allowed] §aUsed §r§6Throwing Axe§r§a!
00:04:19 [allowed] §cThis ability is on cooldown for 10s.
00:04:23 [allowed] §aThe gate has been destroyed!
00:04:23 [allowed] §4[BOSS] Goldor§r§c: §r§cYOUR END IS NEAR!!
00:04:24 [allowed] §cThis ability is on cooldown for 5s.
00:04:27 [allowed] §cThis ability is on cooldown for 2s.
00:04:28 [allowed] §cThis ability is on cooldown for 1s.
00:04:29 [allowed] §a§r§6Throwing Axe §r§ais now available!
00:04:29 [allowed] §6Ragnarok§r§a is ready to use! Press §r§6§lDROP§r§a to activate it!
00:04:32 [allowed] §bSebbebas§r§a activated a terminal! (§r§c1§r§a/8)
00:04:33 [allowed] §aUsed §r§6Throwing Axe§r§a!
00:04:34 [allowed] §4[BOSS] Goldor§r§c: §r§cCLOSER!
00:04:34 [allowed] §dCreeper Veil §r§aActivated!
00:04:39 [allowed] §bCosmicUrsa§r§a activated a terminal! (§r§c2§r§a/8)
00:04:41 [allowed] §dCreeper Veil §r§cDe-activated!
00:04:41 [allowed] §cThis ability is on cooldown for 2s.
00:04:42 [allowed] §cThis ability is on cooldown for 1s.
00:04:43 [allowed] §a§r§6Throwing Axe §r§ais now available!
00:04:47 [allowed] §bCosmicUrsa§r§a activated a terminal! (§r§c3§r§a/8)
00:04:48 [allowed] §cThis ability is on cooldown for 1s.
00:04:48 [allowed] §bSebbebas§r§a completed a device! (§r§c4§r§a/8)
00:04:48 [allowed] §aUsed §r§6Throwing Axe§r§a!
00:04:49 [allowed] §c ☠ §r§7§r§bNtinosTheReal§r§7 burned to death and became a ghost§r§7.
00:04:50 [allowed] §a ❣ §r§7§r§bNtinosTheReal §r§7is reviving §r§bNtinosTheReal§r§7!
00:04:51 [allowed] §cThe Arrow Trap hit you for 6,859.9 damage!
00:04:51 [allowed] §cThis ability is on cooldown for 8s.
00:04:53 [allowed] §bC0XN0R§r§a activated a terminal! (§r§c5§r§a/8)
00:04:53 [allowed] §bSebbebas§r§a activated a lever! (§r§c6§r§a/8)
00:04:53 [allowed] §cThis ability is on cooldown for 6s.
00:04:55 [allowed] §bSebbebas§r§a activated a lever! (§r§c7§r§a/8)
00:04:56 [allowed] §a ❣ §r§7§r§bNtinosTheReal§r§a was revived by §r§bNtinosTheReal§r§a!
00:04:56 [allowed] §cThis ability is on cooldown for 2s.
00:04:58 [allowed] §cThis ability is on cooldown for 1s.
00:04:58 [allowed] §a§r§6Throwing Axe §r§ais now available!
00:04:59 [allowed] §aUsed §r§6Throwing Axe§r§a!
00:04:59 [allowed] §6Ragnarok§r§a is ready to use! Press §r§6§lDROP§r§a to activate it!
00:05:01 [allowed] §dCreeper Veil §r§aActivated!
00:05:04 [allowed] §4[BOSS] Goldor§r§c: §r§cSlowing me down only prolongs your pain!
00:05:06 [allowed] §cGoldor's§r§7 Frenzy hit you for §r§c43,360.4§r§7 damage.
00:05:06 [allowed] §cGoldor's§r§7 Frenzy hit you for §r§c42,354.7§r§7 damage.
00:05:07 [allowed] §cGoldor's§r§7 Frenzy hit you for §r§c47,034.9§r§7 damage.
00:05:07 [allowed] §cGoldor's§r§7 Frenzy hit you for §r§c48,018.6§r§7 damage.
00:05:09 [allowed] §a§r§6Throwing Axe §r§ais now available!
00:05:10 [allowed] §aUsed §r§6Throwing Axe§r§a!
00:05:10 [allowed] §dCreeper Veil §r§cDe-activated!
00:05:15 [allowed] §dCreeper Veil §r§aActivated!
00:05:15 [allowed] §4[BOSS] Goldor§r§c: §r§cThere is no stopping me down there!
00:05:17 [allowed] §c ☠ §r§7§r§bCosmicUrsa§r§7 was killed by Goldor§r§7 and became a ghost§r§7.
00:05:17 [allowed] §cGoldor's§r§7 Frenzy hit you for §r§c45,016.1§r§7 damage.
00:05:18 [allowed] §cGoldor's§r§7 Frenzy hit you for §r§c45,039.6§r§7 damage.
00:05:18 [allowed] §a ❣ §r§7§r§bCosmicUrsa §r§7is reviving §r§bCosmicUrsa§r§7!
00:05:18 [allowed] §cGoldor's§r§7 Frenzy hit you for §r§c44,754.6§r§7 damage.
00:05:19 [allowed] §cGoldor's§r§7 Frenzy hit you for §r§c39,839.4§r§7 damage.
00:05:19 [allowed] §cGoldor's§r§7 Frenzy hit you for §r§c36,004.7§r§7 damage.
00:05:20 [allowed] §a§r§6Throwing Axe §r§ais now available!
00:05:20 [allowed] §cGoldor's§r§7 Frenzy hit you for §r§c37,267§r§7 damage.
00:05:20 [allowed] §cGoldor's§r§7 Frenzy hit you for §r§c35,233.5§r§7 damage.
00:05:21 [allowed] §cGoldor's§r§7 Frenzy hit you for §r§c35,085.8§r§7 damage.
00:05:21 [allowed] §cGoldor's§r§7 Frenzy hit you for §r§c41,946.3§r§7 damage.
00:05:22 [allowed] §cGoldor's§r§7 Frenzy hit you for §r§c41,761.6§r§7 damage.
00:05:22 [allowed] §cGoldor's§r§7 Frenzy hit you for §r§c41,570.2§r§7 damage.
00:05:23 [allowed] §cNot enough mana! §r§dCreeper Veil §r§cDe-activated!
00:05:23 [allowed] §cGoldor's§r§7 Frenzy hit you for §r§c41,371.8§r§7 damage.
00:05:23 [allowed] §cGoldor's§r§7 Frenzy hit you for §r§c41,166.5§r§7 damage.
00:05:23 [allowed] §bSebbebas§r§a activated a terminal! (§r§c8§r§a/8)
00:05:23 [allowed] §aThe gate will open in 5 seconds!
00:05:24 [allowed] §c ☠ §r§7You were killed by Goldor§r§7 and became a ghost§r§7.
00:05:24 [allowed] §cGoldor's§r§7 Frenzy hit you for §r§c40,954.4§r§7 damage.
00:05:24 [allowed] §a ❣ §r§7§r§bCosmicUrsa§r§a was revived by §r§bCosmicUrsa§r§a!
00:05:26 [allowed] §aThe gate has been destroyed!
00:05:26 [allowed] §4[BOSS] Goldor§r§c: §r§cThe little ants have a brain it seems.
00:05:29 [allowed] §eYour §r§6Spirit Pet §r§ehealed §r§bNtinosTheReal §r§efor §r§a978.3 §r§ehealth!
00:05:29 [allowed] §4[BOSS] Goldor§r§c: §r§cStop touching those terminals!
00:05:32 [allowed] §4[BOSS] Goldor§r§c: §r§cCloser to me!
00:05:34 [allowed] §eYour §r§6Spirit Pet §r§ehit 1 enemy for §r§c12,973.6 §r§edamage.
00:05:37 [allowed] §c ☠ §r§7§r§bC0XN0R§r§7 died and became a ghost§r§7.
00:05:39 [allowed] §bNtinosTheReal§r§a activated a terminal! (§r§c1§r§a/7)
00:05:44 [allowed] §eYour §r§6Spirit Pet §r§ehit 1 enemy for §r§c15,216.9 §r§edamage.
00:05:44 [allowed] §4[BOSS] Goldor§r§c: §r§cSlowing me down only prolongs your pain!
00:05:45 [allowed] §bCosmicUrsa§r§a activated a terminal! (§r§c2§r§a/7)
00:05:49 [allowed] §bCosmicUrsa§r§a activated a lever! (§r§c3§r§a/7)
00:05:50 [allowed] §9Party §8> §b[MVP§f+§b] Sebbebas§f: §r7 deaths lmao
00:05:52 [allowed] §bCosmicUrsa§r§a activated a lever! (§r§c4§r§a/7)
00:05:54 [allowed] §eYour §r§6Spirit Pet §r§ehealed §r§bNtinosTheReal §r§efor §r§a978.3 §r§ehealth!
00:05:55 [allowed] §9Party §8> §7carr_t§f: §rlol
00:05:58 [allowed] §bNtinosTheReal§r§a activated a terminal! (§r§c5§r§a/7)
00:05:59 [allowed] §4[BOSS] Goldor§r§c: §r§cYou can't damage me, you can barely slow me down!
00:05:59 [allowed] §eYour §r§6Spirit Pet §r§ehealed §r§bNtinosTheReal §r§efor §r§a978.3 §r§ehealth!
00:06:04 [allowed] §eYour §r§6Spirit Pet §r§ehit 1 enemy for §r§c17,460.3 §r§edamage.
00:06:09 [allowed] §eYour §r§6Spirit Pet §r§ehit 1 enemy for §r§c19,703.6 §r§edamage.
00:06:12 [allowed] §c ☠ §r§7§r§bNtinosTheReal§r§7 was killed by Goldor§r§7 and became a ghost§r§7.
00:06:16 [allowed] §9§m-----------------------------------------------------
00:06:16 [allowed] §b[MVP§r§2+§r§b] C0XN0R §r§ehas left the party.
00:06:16 [allowed] §9§m-----------------------------------------------------
00:06:18 [allowed] §c ☠ §r§7§r§bC0XN0R§r§7 disconnected and became a ghost§r§7.
00:06:20 [allowed] §eYour §r§6Spirit Pet §r§ehit 1 enemy for §r§c21,947 §r§edamage.
00:06:20 [allowed] §4[BOSS] Goldor§r§c: §r§cStop touching those terminals!
00:06:22 [allowed] §c ☠ §r§7§r§bCosmicUrsa§r§7 was killed by Goldor§r§7 and became a ghost§r§7.
00:06:22 [allowed] §a§l▬▬▬▬▬▬▬▬▬▬▬▬▬▬▬▬▬▬▬▬▬▬▬▬▬▬▬▬▬▬▬▬▬▬▬▬▬▬▬▬▬▬▬▬▬▬▬▬▬▬▬▬▬▬▬▬▬▬▬▬▬▬▬▬
00:06:22 [allowed] §f                        §r§cThe Catacombs §r§8- §r§eFloor VII
00:06:22 [allowed] §f                            §r§fTeam Score: §r§a199 §r§f(§r§eB§r§f)
00:06:22 [allowed] §f                             §6> §e§lEXTRA STATS §6<
00:06:22 [allowed] §f                     §r§8+§r§315,464 Catacombs Experience
00:06:22 [allowed] §f                      §r§8+§r§310,811.9 Berserk Experience
00:06:22 [allowed] §f                 §r§8+§r§32,703 Tank Experience §r§b(Team Bonus)
00:06:22 [allowed] §f                §r§8+§r§32,703 Mage Experience §r§b(Team Bonus)
00:06:22 [allowed] §f               §r§8+§r§32,703 Archer Experience §r§b(Team Bonus)
00:06:22 [allowed] §a§l▬▬▬▬▬▬▬▬▬▬▬▬▬▬▬▬▬▬▬▬▬▬▬▬▬▬▬▬▬▬▬▬▬▬▬▬▬▬▬▬▬▬▬▬▬▬▬▬▬▬▬▬▬▬▬▬▬▬▬▬▬▬▬▬
00:06:22 [allowed] §cYou are not allowed to use that command as a spectator!
00:06:23 [allowed] §eYou haven't claimed your §r§6Summer Rewards §r§eyet!
00:06:23 [allowed] §eTalk to the §r§bSummer Sloth §r§ein the §r§aHub!
00:06:23 [allowed] §4[BOSS] Goldor§r§c: §r§cFINALLY! This took way too long.
00:06:23 [allowed] §a ❣ §r§7§r§bCosmicUrsa §r§7is reviving §r§bCosmicUrsa§r§7!
00:06:24 [allowed] §a§l▬▬▬▬▬▬▬▬▬▬▬▬▬▬▬▬▬▬▬▬▬▬▬▬▬▬▬▬▬▬▬▬▬▬▬▬▬▬▬▬▬▬▬▬▬▬▬▬▬▬▬▬▬▬▬▬▬▬▬▬▬▬▬▬
00:06:24 [allowed]       §r§6§lCLICK HERE §bto re-queue into §a§aThe Catacombs!
00:06:24 [allowed] §a§l▬▬▬▬▬▬▬▬▬▬▬▬▬▬▬▬▬▬▬▬▬▬▬▬▬▬▬▬▬▬▬▬▬▬▬▬▬▬▬▬▬▬▬▬▬▬▬▬▬▬▬▬▬▬▬▬▬▬▬▬▬▬▬▬
00:06:26 [allowed] §4[BOSS] Goldor§r§c: §r§cNow that you're a Ghost, can you help me clean up?
00:06:28 [allowed] §b[MVP§r§c+§r§b] CosmicUrsa§r§f §r§eunlocked §r§dWither Essence §r§8x20§r§e!
00:06:28 [allowed] §b[MVP§r§c+§r§b] CosmicUrsa§r§f §r§eunlocked §r§dUndead Essence §r§8x21§r§e!
00:06:28 [allowed]  §9§l» §bCosmicUrsa §eis traveling to §aDungeon Hub §e§lFOLLOW
00:06:30 [allowed] §6Ragnarok§r§a is ready to use! Press §r§6§lDROP§r§a to activate it!
00:06:30 [allowed] §9§m-----------------------------------------------------
00:06:30 [allowed] §7carr_t §r§ehas left the party.
00:06:30 [allowed] §9§m-----------------------------------------------------
00:06:32 [allowed]   §r§b§lDIAMOND CHEST REWARDS
00:06:32 [allowed]     §r§9Wither Catalyst
00:06:32 [allowed]     §r§dWither Essence §r§8x28
00:06:32 [allowed]     §r§dUndead Essence §r§8x35
00:06:32 [allowed] §b[MVP§r§f+§r§b] Sebbebas§r§f §r§eunlocked §r§dUndead Essence §r§8x35§r§e!
00:06:34 [allowed] §9§m-----------------------------------------------------
00:06:34 [allowed] §b[MVP§r§f+§r§b] Sebbebas §r§ehas disbanded the party!
00:06:34 [allowed] §9§m-----------------------------------------------------
00:06:35 [allowed] §b[MVP§r§f+§r§b] Sebbebas§r§f §r§eunlocked §r§dWither Essence §r§8x28§r§e!
00:06:36 [allowed] §cCouldn't warp you! Try again later. §r§7(PLAYER_TRANSFER_COOLDOWN)
00:06:36 [allowed] §cCouldn't warp you! Try again later. §r§7(PLAYER_TRANSFER_COOLDOWN)
00:06:36 [allowed] §cCouldn't warp you! Try again later. §r§7(PLAYER_TRANSFER_COOLDOWN)
00:06:36 [allowed] §cCouldn't warp you! Try again later. §r§7(PLAYER_TRANSFER_COOLDOWN)
00:06:36 [allowed] §cCouldn't warp you! Try again later. §r§7(PLAYER_TRANSFER_COOLDOWN)
00:06:36 [allowed] §cCouldn't warp you! Try again later. §r§7(PLAYER_TRANSFER_COOLDOWN)
00:06:36 [allowed] §cCouldn't warp you! Try again later. §r§7(PLAYER_TRANSFER_COOLDOWN)
00:06:36 [allowed] §cCouldn't warp you! Try again later. §r§7(PLAYER_TRANSFER_COOLDOWN)
00:06:36 [allowed] §cCouldn't warp you! Try again later. §r§7(PLAYER_TRANSFER_COOLDOWN)
00:06:36 [allowed] §cCouldn't warp you! Try again later. §r§7(PLAYER_TRANSFER_COOLDOWN)
00:06:36 [allowed] §cCouldn't warp you! Try again later. §r§7(PLAYER_TRANSFER_COOLDOWN)
00:06:37 [allowed] §eYou haven't claimed your §r§6Summer Rewards §r§eyet!
00:06:37 [allowed] §eTalk to the §r§bSummer Sloth §r§ein the §r§aHub!
00:06:39 [allowed] §cYou are sending commands too fast! Please slow down.
00:06:43 [allowed] §6§lRARE REWARD! §r§b_Pentium §r§efound a §r§6Recombobulator 3000 §r§ein their Bedrock Chest§r§e!
00:06:51 [allowed] §aYou salvaged §b13 §aitems for:
00:06:51 [allowed]    §r§f105x §r§dUndead Essence§r§f!
00:06:55 [allowed] §aYou sold §r§5Healing VIII Splash Potion§r§8 x1 §r§afor §r§622,833 Coins§r§a!
00:07:04 [allowed] §eYou haven't claimed your §r§6Summer Rewards §r§eyet!
00:07:04 [allowed] §eTalk to the §r§bSummer Sloth §r§ein the §r§aHub!
00:07:06 [allowed] §cYou are sending commands too fast! Please slow down.
00:07:07 [allowed] §eYou haven't claimed your §r§6Summer Rewards §r§eyet!
00:07:07 [allowed] §eTalk to the §r§bSummer Sloth §r§ein the §r§aHub!
00:07:09 [allowed] §cYou are sending commands too fast! Please slow down.
00:07:16 [allowed] §6[Bazaar] §r§7Putting goods in escrow...
00:07:16 [allowed] §6[Bazaar] §r§7Submitting sell offer...
00:07:16 [allowed] §6[Bazaar] §r§7§r§eSell Offer Setup! §r§a2§r§7x §r§9Wither Catalyst §r§7for §r§62,249,584 coins§r§7.
00:07:39 [allowed] §a§aYou were tipped by 1 player in the last minute!
00:08:08 [allowed] §a§r§6Mining Speed Boost §r§ais now available!
00:08:49 [allowed] §6[Bazaar] §r§7Executing instant sell...
00:08:49 [allowed] §6[Bazaar] §r§7Sold §r§a10§r§7x §r§5Holy Dragon Fragment §r§7for §r§678,313 coins§r§7!
00:09:02 [allowed] §6[Bazaar] §r§7Executing instant sell...
00:09:02 [allowed] §6[Bazaar] §r§7Sold §r§a2§r§7x §r§9Ancient Rose §r§7for §r§6200,000 coins§r§7!
00:09:02 [allowed] §6[Bazaar] §r§7Sold §r§a58§r§7x §r§aEnchanted Raw Salmon §r§7for §r§686,356 coins§r§7!
00:09:02 [allowed] §6[Bazaar] §r§7Sold §r§a15§r§7x §r§aEnchanted Bone §r§7for §r§615,844 coins§r§7!
00:09:02 [allowed] §6[Bazaar] §r§7Sold §r§a2§r§7x §r§9Healing Tissue §r§7for §r§68,347.8 coins§r§7!
00:09:02 [allowed] §6[Bazaar] §r§7Sold §r§a2§r§7x §r§9Scarf Fragment §r§7for §r§696.6 coins§r§7!
00:09:02 [allowed] §6[Bazaar] §r§7Sold §r§a657§r§7x §r§aEnchanted Ghast Tear §r§7for §r§6329,420 coins§r§7!
00:09:02 [allowed] §6[Bazaar] §r§7Sold §r§a27§r§7x §r§aEnchanted Sponge §r§7for §r§646,526 coins§r§7!
00:09:02 [allowed] §6[Bazaar] §r§7Sold §r§a1§r§7x §r§f⸕ Rough Amber Gemstone §r§7for §r§61.5 coins§r§7!
00:09:02 [allowed] §6[Bazaar] §r§7Sold §r§a30§r§7x §r§aEnchanted Pufferfish §r§7for §r§669,054 coins§r§7!
00:09:02 [allowed] §6[Bazaar] §r§7Sold §r§a3§r§7x §r§fGhast Tear §r§7for §r§6240.6 coins§r§7!
00:09:02 [allowed] §6[Bazaar] §r§7Sold §r§a2§r§7x §r§aEnchanted Diamond §r§7for §r§62,589.2 coins§r§7!
00:09:02 [allowed] §6[Bazaar] §r§7Sold §r§a76§r§7x §r§fPrismarine Crystals §r§7for §r§67,600 coins§r§7!
00:09:02 [allowed] §6[Bazaar] §r§7Sold §r§a152§r§7x §r§a❈ Flawed Amethyst Gemstone §r§7for §r§639,322 coins§r§7!
00:09:02 [allowed] §6[Bazaar] §r§7Sold §r§a8§r§7x §r§9✧ Fine Topaz Gemstone §r§7for §r§6187,833 coins§r§7!
00:09:02 [allowed] §6[Bazaar] §r§7Sold §r§a3§r§7x §r§5Purple Candy §r§7for §r§678,615 coins§r§7!
00:09:02 [allowed] §6[Bazaar] §r§7Sold §r§a543§r§7x §r§f❤ Rough Ruby Gemstone §r§7for §r§61,086 coins§r§7!
00:09:02 [allowed] §6[Bazaar] §r§7Sold §r§a709§r§7x §r§fHard Stone §r§7for §r§61,914.3 coins§r§7!
00:09:02 [allowed] §6[Bazaar] §r§7Sold §r§a108§r§7x §r§fSlimeball §r§7for §r§61,922.4 coins§r§7!
00:09:02 [allowed] §6[Bazaar] §r§7Sold §r§a231§r§7x §r§a❤ Flawed Ruby Gemstone §r§7for §r§624,440 coins§r§7!
00:09:02 [allowed] §6[Bazaar] §r§7Sold §r§a1§r§7x §r§fPoisonous Potato §r§7for §r§64.5 coins§r§7!
00:09:02 [allowed] §6[Bazaar] §r§7Sold §r§a36§r§7x §r§fObsidian §r§7for §r§6680.4 coins§r§7!
00:09:02 [allowed] §6[Bazaar] §r§7Sold §r§a37§r§7x §r§fSponge §r§7for §r§61,235.8 coins§r§7!
00:09:02 [allowed] §6[Bazaar] §r§7Sold §r§a902§r§7x §r§a✧ Flawed Topaz Gemstone §r§7for §r§6250,666 coins§r§7!
00:09:02 [allowed] §6[Bazaar] §r§7Sold §r§a1§r§7x §r§fPotato §r§7for §r§62.2 coins§r§7!
00:09:02 [allowed] §6[Bazaar] §r§7Sold §r§a4§r§7x §r§9❈ Fine Amethyst Gemstone §r§7for §r§693,884 coins§r§7!
00:09:02 [allowed] §6[Bazaar] §r§7Sold §r§a38§r§7x §r§fRotten Flesh §r§7for §r§683.6 coins§r§7!
00:09:02 [allowed] §6[Bazaar] §r§7Sold §r§a2§r§7x §r§9☘ Fine Jade Gemstone §r§7for §r§648,891 coins§r§7!
00:09:02 [allowed] §6[Bazaar] §r§7Sold §r§a789§r§7x §r§f❈ Rough Amethyst Gemstone §r§7for §r§61,104.6 coins§r§7!
00:09:02 [allowed] §6[Bazaar] §r§7Sold §r§a139§r§7x §r§aEnchanted Raw Fish §r§7for §r§6131,842 coins§r§7!
00:09:02 [allowed] §6[Bazaar] §r§7Sold §r§a2§r§7x §r§9Dungeon Chest Key §r§7for §r§6201,748 coins§r§7!
00:09:02 [allowed] §6[Bazaar] §r§7Sold §r§a2§r§7x §r§9Fel Pearl §r§7for §r§61,477 coins§r§7!
00:09:02 [allowed] §6[Bazaar] §r§7Sold §r§a4,776§r§7x §r§f✧ Rough Topaz Gemstone §r§7for §r§67,641.6 coins§r§7!
00:09:02 [allowed] §6[Bazaar] §r§7Sold §r§a10§r§7x §r§fDiamond §r§7for §r§667.0 coins§r§7!
00:09:02 [allowed] §6[Bazaar] §r§7Sold §r§a6§r§7x §r§aDecoy §r§7for §r§63.0 coins§r§7!
00:09:02 [allowed] §6[Bazaar] §r§7Sold §r§a17,139§r§7x §r§fCoal §r§7for §r§637,706 coins§r§7!
00:09:02 [allowed] §6[Bazaar] §r§7Sold §r§a1,143§r§7x §r§fIron Ingot §r§7for §r§610,630 coins§r§7!
00:09:02 [allowed] §6[Bazaar] §r§7Sold §r§a42§r§7x §r§fPufferfish §r§7for §r§6382.2 coins§r§7!
00:09:02 [allowed] §6[Bazaar] §r§7Sold §r§a49§r§7x §r§fClownfish §r§7for §r§6671.3 coins§r§7!
00:09:02 [allowed] §6[Bazaar] §r§7Sold §r§a98§r§7x §r§aEnchanted Hard Stone §r§7for §r§6274,880 coins§r§7!
00:09:02 [allowed] §6[Bazaar] §r§7Sold §r§a2§r§7x §r§f☘ Rough Jade Gemstone §r§7for §r§63.2 coins§r§7!
00:09:02 [allowed] §6[Bazaar] §r§7Sold §r§a1§r§7x §r§9Livid Fragment §r§7for §r§655,007 coins§r§7!
00:09:02 [allowed] §6[Bazaar] §r§7Sold §r§a2,399§r§7x §r§fMithril §r§7for §r§616,073 coins§r§7!
00:09:02 [allowed] §6[Bazaar] §r§7Sold §r§a79§r§7x §r§fPrismarine Shard §r§7for §r§6110.6 coins§r§7!
00:09:02 [allowed] §6[Bazaar] §r§7Sold §r§a9§r§7x §r§aEnchanted Clownfish §r§7for §r§627,359 coins§r§7!
00:09:02 [allowed] §6[Bazaar] §r§7Sold §r§a13§r§7x §r§aEnchanted Prismarine Crystals §r§7for §r§64,102.8 coins§r§7!
00:09:02 [allowed] §6[Bazaar] §r§7Sold §r§a1§r§7x §r§9Thorn Fragment §r§7for §r§6181.0 coins§r§7!
00:09:02 [allowed] §6[Bazaar] §r§7Sold §r§a1,100§r§7x §r§9Spirit Leap §r§7for §r§6133,870 coins§r§7!
00:09:02 [allowed] §6[Bazaar] §r§7Sold §r§a102§r§7x §r§fRaw Fish §r§7for §r§64,090.2 coins§r§7!
00:09:02 [allowed] §6[Bazaar] §r§7Sold §r§a2§r§7x §r§aGreen Candy §r§7for §r§64,483 coins§r§7!
00:09:02 [allowed] §6[Bazaar] §r§7Sold §r§a28§r§7x §r§fRaw Salmon §r§7for §r§6168.0 coins§r§7!
00:09:02 [allowed] §6[Bazaar] §r§7Sold §r§a14§r§7x §r§aEnchanted Rotten Flesh §r§7for §r§610,961 coins§r§7!
00:09:02 [allowed] §6[Bazaar] §r§7Sold §r§a30§r§7x §r§aSulphur §r§7for §r§6171.0 coins§r§7!
00:09:02 [allowed] §6[Bazaar] §r§7Sold §r§a2§r§7x §r§aEnchanted Coal §r§7for §r§61,093.2 coins§r§7!
00:09:02 [allowed] §6[Bazaar] §r§7Sold §r§a13§r§7x §r§aEnchanted Prismarine Shard §r§7for §r§64,127.5 coins§r§7!
00:09:02 [allowed] §6[Bazaar] §r§7Sold §r§a2§r§7x §r§9Bonzo Fragment §r§7for §r§6141.4 coins§r§7!
00:09:02 [allowed] §6[Bazaar] §r§7Sold §r§a1§r§7x §r§9⸕ Fine Amber Gemstone §r§7for §r§622,334 coins§r§7!
00:09:02 [allowed] §6[Bazaar] §r§7Sold §r§a67§r§7x §r§9Superboom TNT §r§7for §r§6234.5 coins§r§7!
00:09:02 [allowed] §6[Bazaar] §r§7Sold §r§a4§r§7x §r§aEnchanted Ice §r§7for §r§61,621.6 coins§r§7!
00:09:27 [allowed] §6[Bazaar] §r§7Executing instant buy...
00:09:27 [allowed] §6[Bazaar] §r§7Bought §r§a10§r§7x §r§5Architect's First Draft §r§7for §r§6579,971 coins§r§7!
00:09:35 [allowed] §c§r§eYou need the §r§dCookie Buff §r§eto use this feature!
00:09:35 [allowed] §eObtain a §r§6Booster Cookie §r§efrom the community shop in the hub!
00:09:43 [allowed] §6[Bazaar] §r§7Executing instant buy...
00:09:44 [allowed] §6[Bazaar] §r§7Bought §r§a3§r§7x §r§9Dungeon Chest Key §r§7for §r§6341,100 coins§r§7!
00:10:04 [allowed] §8[§r§e83§r§8] §r§7❂ §r§7Maniker§7§r§7: selling t11 melon minions
00:10:15 [allowed] §8Depositing coins...
00:10:15 [allowed] §aDeposited §r§61.6M coins§r§a! There's now §r§6251M coins §r§ain the account!
00:11:39 [allowed] §a§aYou were tipped by 1 player in the last minute!
00:12:04 [allowed] §a§aYou tipped 83 players in 13 different games!
00:12:09 [allowed] §cThat player is not online, try another user!
00:12:14 [allowed] §a§aYou tipped TToxicMonkey in The TNT Games!
00:12:19 [allowed] §a§aYou tipped oEternal in Mega Walls!
00:12:24 [allowed] §a§aYou tipped africe in Arcade Games!
00:12:34 [allowed] §a§aYou tipped Benjaming_ in Cops and Crims!
00:12:36 [allowed] §8[§r§2171§r§8] §r§a[VIP] CoolManTheCool§f§r§f: what is a carnival ticket?
00:12:39 [allowed] §a§aYou tipped SplifJoint in Warlords!
00:12:44 [allowed] §a§aYou tipped Dan_LVB in Smash Heroes!
00:12:49 [allowed] §cThat player is not online, try another user!
00:12:54 [allowed] §a§aYou tipped Runesack in Classic Games!
00:13:11 [allowed] §6[Bazaar] §eYour §6Sell Offer §efor §a2§7x §9Wither Catalyst §ewas filled!
00:13:39 [allowed] §a§aYou were tipped by 1 player in the last minute!
