19:38:32 DWARVEN_MINES
19:39:27 NONE
19:39:33 PRIVATE_ISLAND
19:39:55 NONE
19:39:56 DUNGEON_HUB
19:39:59 NONE
19:39:59 PRIVATE_ISLAND
19:45:55 NONE
19:45:56 HUB
19:53:55 NONE
19:53:55 PRIVATE_ISLAND
20:10:59 NONE
20:10:59 DWARVEN_MINES
20:12:06 NONE
20:12:06 PRIVATE_ISLAND
20:38:08 NONE
20:38:09 CRIMSON_ISLE
20:39:13 NONE
20:39:14 PRIVATE_ISLAND
20:43:50 NONE
20:43:50 SPIDER_DEN
21:00:53 NONE
21:00:54 HUB
21:03:31 NONE
21:03:33 CRIMSON_ISLE
21:13:33 NONE
21:13:34 PRIVATE_ISLAND
21:13:36 NONE
21:13:36 CRIMSON_ISLE
21:18:35 NONE
21:18:35 PRIVATE_ISLAND
21:18:42 NONE
21:18:42 CRIMSON_ISLE
21:19:00 NONE
21:19:00 PRIVATE_ISLAND
21:19:07 NONE
21:19:07 CRIMSON_ISLE
21:23:37 NONE
21:23:37 PRIVATE_ISLAND
21:23:41 NONE
21:23:42 HUB
21:23:51 NONE
21:23:51 CRIMSON_ISLE
22:03:45 NONE
22:03:46 HUB
22:05:38 NONE
22:05:38 CRIMSON_ISLE
22:07:13 NONE
22:07:14 PRIVATE_ISLAND
22:11:17 NONE
22:11:18 DWARVEN_MINES
22:23:44 NONE
22:23:52 DWARVEN_MINES
22:25:32 NONE
22:25:32 PRIVATE_ISLAND_GUEST
22:25:49 NONE
22:25:50 CRYSTAL_HOLLOWS
22:27:37 NONE
22:27:38 PRIVATE_ISLAND_GUEST
22:27:44 NONE
22:27:45 DWARVEN_MINES
22:29:24 NONE
22:29:30 DWARVEN_MINES
22:31:20 NONE
22:31:28 DWARVEN_MINES
22:32:47 NONE
22:32:48 PRIVATE_ISLAND
