18:53:11 §7Sending to server mini158AJ...
18:53:23 §7Warping...
18:53:23 §7Sending to server mini260V...
19:36:27 §7Sending to server mini260V...
19:38:07 §7Sending to server mini260V...
19:38:10 §7Warping...
19:38:10 §7Sending to server mini152AT...
19:39:48 §7Warping...
19:39:48 §7Sending to server mini145CK...
19:41:48 §7Warping...
19:50:29 §7Warping...
19:50:29 §7Sending to server mini192CV...
19:52:22 §7Warping...
19:52:22 §7Sending to server mini160DG...
19:53:06 §7Finding player...
19:53:07 §7Sending a visit request...
19:53:08 §7Sending to server mini189CD...
19:53:25 §7Sending to server mini158AJ...
19:56:15 §7Warping...
19:56:15 §7Sending to server mini200AM...
20:04:15 §7Warping...
20:04:17 §7Warping...
20:05:30 §7Warping...
20:06:03 §7Warping...
20:07:28 §7Sending to server mini86AM...
20:14:56 §7Sending to server mini80BG...
20:16:55 §7Warping...
20:21:56 §7Warping...
20:26:39 §7Warping...
20:31:46 §7Sending to server mini7CQ...
20:38:50 §7Sending to server mini36DK...
20:42:09 §7Warping you to your SkyBlock island...
20:42:09 §7Sending to server mini153K...
20:43:24 §7Warping...
20:43:24 §7Sending to server mini151BN...
20:45:58 §7Warping...
20:50:53 §7Warping...
20:58:17 §7Warping...
20:58:42 §7Warping...
20:59:19 §7Warping...
20:59:19 §7Sending to server mini61DQ...
