02:35:22 §b✦ §r§7You earned §r§b12 §r§7Mystery Dust!
02:35:22 §b[MVP§9+§b] Sebbebas§f §6joined the lobby!
02:35:22 §b[MVP§c+§b] DragonSlayer0814§f §6joined the lobby!
02:35:22 §b[MVP§e+§b] RayTheHedgehog_§f §6joined the lobby!
02:35:22  §b>§c>§a>§r §r§6[MVP§f++§6] Panpe§f §6joined the lobby!§r §a<§c<§b<
02:35:24 §b[MVP§e+§b] Pudingjun_§f §6joined the lobby!
02:35:25 §b[MVP§d+§b] KadeLink854§f §6joined the lobby!
02:35:26 §b[MVP§a+§b] NqteDogg§f §6joined the lobby!
02:35:28  §b>§c>§a>§r §r§6[MVP§c++§6] VietnamesePebbl3§f §6joined the lobby!§r §a<§c<§b<
02:35:30 §b[MVP§c+§b] lRageium§f §6joined the lobby!
02:35:33  §b>§c>§a>§r §r§6[MVP§1++§6] PsychoX§f §6joined the lobby!§r §a<§c<§b<
02:35:39 §b[MVP§2+§b] apefartmonkey§f §6joined the lobby!
02:35:40 §b[MVP§c+§b] Shadowcobra08§f §6joined the lobby!
02:35:40 §b[MVP§c+§b] lwiu§f §6joined the lobby!
02:35:43 §b[MVP§c+§b] SOYBEE§f §6joined the lobby!
02:35:45 §b[MVP§c+§b] yendarb§f §6joined the lobby!
02:35:55 §b[MVP§4+§b] ColdAxe220§f §6joined the lobby!
02:36:01 §b[MVP§f+§b] Khgdkljshgdqh§f §6joined the lobby!
02:36:08 §b[MVP§c+§b] petivg§f §6joined the lobby!
02:36:11 §b[MVP§0+§b] Disrectful§f §6joined the lobby!
02:36:13 §b[MVP§2+§b] TopSpidda§f §6joined the lobby!
02:36:13  §b>§c>§a>§r §r§6[MVP§1++§6] Holy§f §6joined the lobby!§r §a<§c<§b<
02:36:13 §b[MVP§c+§b] qrynch§f §6joined the lobby!
02:36:15  §b>§c>§a>§r §r§b[MVP§4++§b] Fuchi_Sunao§f §6joined the lobby!§r §a<§c<§b<
02:36:22 §b[MVP§c+§b] Mr_Air§f §6joined the lobby!
02:36:23 §b[MVP§c+§b] Posedor_§f §6joined the lobby!
02:36:25 §b[MVP§e+§b] Bearshark02§f §6joined the lobby!
02:36:30 §b[MVP§a+§b] ja6lynn§f §6joined the lobby!
02:36:30 §b[MVP§8+§b] Winily§f §6joined the lobby!
02:36:33 §b[MVP§c+§b] ir1sss_§f §6joined the lobby!
02:36:40 §b[MVP§4+§b] ForeverAlone20§f §6joined the lobby!
02:36:41  §b>§c>§a>§r §r§6[MVP§c++§6] LockedInTwin§f §6joined the lobby!§r §a<§c<§b<
02:36:43 §b[MVP§c+§b] SwlftE§f §6joined the lobby!
02:36:45  §b>§c>§a>§r §r§b[MVP§0++§b] Clapey§f §6joined the lobby!§r §a<§c<§b<
02:36:45 §b[MVP§d+§b] SPREADKINDNESS_§f §6joined the lobby!
02:36:48  §b>§c>§a>§r §r§6[MVP§c++§6] VietnamesePebbl3§f §6joined the lobby!§r §a<§c<§b<
02:36:51 §b[MVP§2+§b] KweeDemon§f §6joined the lobby!
02:36:53 §b[MVP§c+§b] AAAOD1UM§f §6joined the lobby!
02:36:56  §b>§c>§a>§r §r§6[MVP§f++§6] Shadow_IDK§f §6joined the lobby!§r §a<§c<§b<
02:36:56  §b>§c>§a>§r §r§6[MVP§f++§6] Panpe§f §6joined the lobby!§r §a<§c<§b<
02:37:00 §b[MVP§0+§b] Disrectful§f §6joined the lobby!
02:37:02 §b[MVP§9+§b] MR_I3LUE§f §6joined the lobby!
02:37:03 §b[MVP§c+§b] ProfessorBig§f §6joined the lobby!
02:37:05 §b[MVP§6+§b] SpaceTummy§f §6joined the lobby!
02:37:05 §b[MVP§d+§b] Sdoulas§f §6joined the lobby!
02:37:09 §b[MVP§6+§b] Halqyon§f §6joined the lobby!
02:37:12 §b[MVP§c+§b] ClibeGaming_§f §6joined the lobby!
02:37:19 §b[MVP§d+§b] _etaF§f §6joined the lobby!
02:37:23 §b[MVP§2+§b] OURNAUR§f §6joined the lobby!
02:37:25 §b[MVP§f+§b] dubynuby§f §6joined the lobby!
02:37:31  §b>§c>§a>§r §r§6[MVP§c++§6] VietnamesePebbl3§f §6joined the lobby!§r §a<§c<§b<
02:37:35  §b>§c>§a>§r §r§6[MVP§1++§6] PsychoX§f §6joined the lobby!§r §a<§c<§b<
