21:08:58 Trying to load config from config\skyhanni\config.json
21:08:58 load-config-now
21:08:59 Loaded config from file
21:08:59 Trying to load sacks from config\skyhanni\sacks.json
21:08:59 load-sacks-now
21:08:59 Loaded sacks from file
21:08:59 Trying to load friends from config\skyhanni\friends.json
21:08:59 load-friends-now
21:08:59 Loaded friends from file
21:08:59 Trying to load known_features from config\skyhanni\known_features.json
21:08:59 load-known_features-now
21:08:59 Loaded known_features from file
21:08:59 Trying to load jacob_contests from config\skyhanni\jacob_contests.json
21:08:59 load-jacob_contests-now
21:08:59 Loaded jacob_contests from file
21:08:59 Trying to load visual_words from config\skyhanni\visual_words.json
21:08:59 Setting visual_words to be blank as it did not exist. It will be saved once something is written to it
21:09:23 saveConfig: Updated known feature flags
21:09:23 Saving known_features file
21:09:59 saveConfig: auto-save-60s
21:09:59 Saving config file
21:10:59 saveConfig: auto-save-60s
21:10:59 Saving config file
21:11:59 saveConfig: auto-save-60s
21:11:59 Saving config file
21:12:59 saveConfig: auto-save-60s
21:12:59 Saving config file
21:13:59 saveConfig: auto-save-60s
21:13:59 Saving config file
21:14:59 saveConfig: auto-save-60s
21:14:59 Saving config file
21:15:59 saveConfig: auto-save-60s
21:15:59 Saving config file
21:16:59 saveConfig: auto-save-60s
21:16:59 Saving config file
21:17:59 saveConfig: auto-save-60s
21:17:59 Saving config file
21:18:59 saveConfig: auto-save-60s
21:18:59 Saving config file
21:19:59 saveConfig: auto-save-60s
21:19:59 Saving config file
21:20:59 saveConfig: auto-save-60s
21:20:59 Saving config file
21:21:59 saveConfig: auto-save-60s
21:21:59 Saving config file
21:22:59 saveConfig: auto-save-60s
21:22:59 Saving config file
21:23:59 saveConfig: auto-save-60s
21:23:59 Saving config file
21:24:59 saveConfig: auto-save-60s
21:24:59 Saving config file
21:25:39 saveConfig: saving-data
21:25:39 Saving sacks file
21:25:59 saveConfig: auto-save-60s
21:25:59 Saving config file
21:26:59 saveConfig: auto-save-60s
21:26:59 Saving config file
21:27:59 saveConfig: auto-save-60s
21:27:59 Saving config file
21:28:59 saveConfig: auto-save-60s
21:28:59 Saving config file
21:29:59 saveConfig: auto-save-60s
21:29:59 Saving config file
21:30:59 saveConfig: auto-save-60s
21:30:59 Saving config file
21:31:59 saveConfig: auto-save-60s
21:31:59 Saving config file
21:32:59 saveConfig: auto-save-60s
21:32:59 Saving config file
21:33:28 saveConfig: close-gui
21:33:28 Saving config file
21:33:28 saveConfig: close-gui
21:33:28 Saving config file
21:33:42 saveConfig: close-gui
21:33:42 Saving config file
21:33:59 saveConfig: auto-save-60s
21:33:59 Saving config file
21:34:28 saveConfig: close-gui
21:34:28 Saving config file
21:34:33 saveConfig: close-gui
21:34:33 Saving config file
21:34:59 saveConfig: auto-save-60s
21:34:59 Saving config file
21:35:59 saveConfig: auto-save-60s
21:35:59 Saving config file
21:36:08 saveConfig: close-gui
21:36:08 Saving config file
21:36:08 saveConfig: close-gui
21:36:08 Saving config file
21:36:59 saveConfig: auto-save-60s
21:36:59 Saving config file
21:37:59 saveConfig: auto-save-60s
21:37:59 Saving config file
21:38:59 saveConfig: auto-save-60s
21:38:59 Saving config file
21:39:59 saveConfig: auto-save-60s
21:39:59 Saving config file
21:40:59 saveConfig: auto-save-60s
21:40:59 Saving config file
21:41:59 saveConfig: auto-save-60s
21:41:59 Saving config file
21:42:44 saveConfig: close-gui
21:42:44 Saving config file
21:42:59 saveConfig: auto-save-60s
21:42:59 Saving config file
21:43:59 saveConfig: auto-save-60s
21:43:59 Saving config file
21:44:59 saveConfig: auto-save-60s
21:44:59 Saving config file
21:45:36 saveConfig: close-gui
21:45:36 Saving config file
21:45:36 saveConfig: close-gui
21:45:36 Saving config file
21:45:59 saveConfig: auto-save-60s
21:45:59 Saving config file
21:46:59 saveConfig: auto-save-60s
21:46:59 Saving config file
21:47:29 saveConfig: shutdown-hook
21:47:29 Saving config file
