17:56:30 §e[SkyHanni] Reloaded 7436 items in the NEU repo§r
17:56:55 §c[SkyHanni] Your computer's clock is off by 10s.
§ePlease update your time settings. Many features may not function correctly until you do.
§eClick here for instructions on how to fix your clock.§r
18:11:51 §e[SkyHanni] §fYou were in Limbo for §e3s§f.§r
18:25:31 §e[SkyHanni] Profit for §9Lapis Corpse§e: §675k§r
18:30:53 §e[SkyHanni] §b+1 SkyBlock XP §7(HOTM Progression§7)§b (88/100)§r
18:50:07 §e[SkyHanni] §b+1 SkyBlock XP §7(HOTM Progression§7)§b (89/100)§r
18:56:11 §e[SkyHanni] §lCLICK HERE§r§e to grab §ax283 §9§a☂ Flawed Aquamarine Gemstone§e from sacks!§r
18:56:14 §e[SkyHanni] §lCLICK HERE§r§e to grab §ax50 §9§9☂ Fine Aquamarine Gemstone§e from sacks!§r
19:05:39 §c[SkyHanni] Your computer's clock is off by 10s.
§ePlease update your time settings. Many features may not function correctly until you do.
§eClick here for instructions on how to fix your clock.§r
19:06:13 §c[SkyHanni] Your computer's clock is off by 10s.
§ePlease update your time settings. Many features may not function correctly until you do.
§eClick here for instructions on how to fix your clock.§r
19:22:49 §e[SkyHanni] §lCLICK HERE§r§e to grab §ax35 §9§aEnchanted Hard Stone§e from sacks!§r
19:22:52 §e[SkyHanni] §lCLICK HERE§r§e to grab §ax126 §9§aEnchanted Gold§e from sacks!§r
19:22:58 §e[SkyHanni] §lCLICK HERE§r§e to grab §ax200 §9§a✧ Flawed Topaz Gemstone§e from sacks!§r
19:23:00 §e[SkyHanni] §lCLICK HERE§r§e to grab §ax35 §9§9✧ Fine Topaz Gemstone§e from sacks!§r
19:31:57 §e[SkyHanni] Profit for §9Lapis Corpse§e: §689k§r
19:31:57 §e[SkyHanni] §b+1 SkyBlock XP §7(HOTM Progression§7)§b (90/100)§r
19:34:40 §e[SkyHanni] §lCLICK HERE§r§e to grab §ax35 §9§aEnchanted Hard Stone§e from sacks!§r
19:34:47 §e[SkyHanni] §lCLICK HERE§r§e to grab §ax126 §9§9Enchanted Umber§e from sacks!§r
20:04:41 §e[SkyHanni] §lCLICK HERE§r§e to grab §ax35 §9§aEnchanted Hard Stone§e from sacks!§r
20:04:44 §e[SkyHanni] §bYou have §320 §bmaterials in stash, §btotalling §31 type§b. §bClick to §3pickup §byour stash!§r
20:07:53 §e[SkyHanni] §lCLICK HERE§r§e to grab §ax35 §9§aEnchanted Hard Stone§e from sacks!§r
20:09:39 §e[SkyHanni] §bYou have §31.3k §bmaterials in stash, §btotalling §32 types§b. §bClick to §3pickup §byour stash!§r
20:10:20 §e[SkyHanni] §b+1 SkyBlock XP §7(HOTM Progression§7)§b (94/100)§r
20:11:54 §e[SkyHanni] §lCLICK HERE§r§e to grab §ax35 §9§aEnchanted Hard Stone§e from sacks!§r
20:11:59 §e[SkyHanni] §lCLICK HERE§r§e to grab §ax126 §9§aEnchanted Coal§e from sacks!§r
20:12:11 §e[SkyHanni] §bYou have §31.3k §bmaterials in stash, §btotalling §32 types§b. §bClick to §3pickup §byour stash!§r
20:13:52 §e[SkyHanni] §b+3 SkyBlock XP §7(Accessory Bag§7)§b (97/100)§r
20:14:07 §e[SkyHanni] §lCLICK HERE§r§e to grab §ax871 §9§a✧ Flawed Topaz Gemstone§e from sacks!§r
20:14:10 §e[SkyHanni] §lCLICK HERE§r§e to grab §ax135 §9§9✧ Fine Topaz Gemstone§e from sacks!§r
20:26:37 §e[SkyHanni] §bYou have §353 §bmaterials in stash, §btotalling §31 type§b. §bClick to §3pickup §byour stash!§r
20:27:38 §e[SkyHanni] §bYou have §3498 §bmaterials in stash, §btotalling §32 types§b. §bClick to §3pickup §byour stash!§r
20:27:48 §e[SkyHanni] §b+1 SkyBlock XP §7(HOTM Progression§7)§b (98/100)§r
20:28:40 §e[SkyHanni] §bYou have §3704 §bmaterials in stash, §btotalling §32 types§b. §bClick to §3pickup §byour stash!§r
20:28:53 §6§lBESTIARY §r§b§lGolden Goblin §7§8XII §8➡§b §bXIII§r
20:28:53 §e[SkyHanni] §b+1 SkyBlock XP §7(HOTM Progression§7)§b (99/100)§r
20:29:42 §e[SkyHanni] §bYou have §31.5k §bmaterials in stash, §btotalling §32 types§b. §bClick to §3pickup §byour stash!§r
20:30:43 §e[SkyHanni] §bYou have §31.7k §bmaterials in stash, §btotalling §32 types§b. §bClick to §3pickup §byour stash!§r
20:31:44 §e[SkyHanni] §bYou have §31.1k §bmaterials in stash, §btotalling §32 types§b. §bClick to §3pickup §byour stash!§r
20:32:31 §e[SkyHanni] §b+1 SkyBlock XP §7(HOTM Progression§7)§b (0/100)§r
20:32:46 §e[SkyHanni] §bYou have §31.2k §bmaterials in stash, §btotalling §33 types§b. §bClick to §3pickup §byour stash!§r
20:33:48 §e[SkyHanni] §bYou have §311k §bmaterials in stash, §btotalling §33 types§b. §bClick to §3pickup §byour stash!§r
20:34:49 §e[SkyHanni] §bYou have §316k §bmaterials in stash, §btotalling §34 types§b. §bClick to §3pickup §byour stash!§r
20:35:01 §e[SkyHanni] §lCLICK HERE§r§e to grab §ax126 §9§aEnchanted Coal§e from sacks!§r
20:35:07 §e[SkyHanni] §lCLICK HERE§r§e to grab §ax129 §9§aEnchanted Emerald§e from sacks!§r
20:35:12 §e[SkyHanni] §lCLICK HERE§r§e to grab §ax126 §9§aEnchanted Redstone§e from sacks!§r
20:35:51 §e[SkyHanni] §bYou have §317k §bmaterials in stash, §btotalling §34 types§b. §bClick to §3pickup §byour stash!§r
20:36:42 §e[SkyHanni] §b+1 SkyBlock XP §7(HOTM Progression§7)§b (1/100)§r
20:38:56 §e[SkyHanni] §bYou have §338k §bmaterials in stash, §btotalling §35 types§b. §bClick to §3pickup §byour stash!§r
20:39:57 §e[SkyHanni] §bYou have §370k §bmaterials in stash, §btotalling §35 types§b. §bClick to §3pickup §byour stash!§r
20:40:27 §e[SkyHanni] §lCLICK HERE§r§e to grab §ax126 §9§aEnchanted Redstone§e from sacks!§r
20:40:31 §e[SkyHanni] §lCLICK HERE§r§e to grab §ax130 §9§aEnchanted Lapis Lazuli§e from sacks!§r
20:40:37 §e[SkyHanni] §lCLICK HERE§r§e to grab §ax35 §9§aEnchanted Hard Stone§e from sacks!§r
20:40:58 §e[SkyHanni] §bYou have §370k §bmaterials in stash, §btotalling §36 types§b. §bClick to §3pickup §byour stash!§r
20:41:12 §e[SkyHanni] §b+2 SkyBlock XP §7(HOTM Progression§7)§b (1/100)§r
20:41:33 §e[SkyHanni] §bYou have §370k §bmaterials in stash, §btotalling §36 types§b. §bClick to §3pickup §byour stash!§r
20:41:35 §e[SkyHanni] §bYou have §369k §bmaterials in stash, §btotalling §34 types§b. §bClick to §3pickup §byour stash!§r
20:43:49 §e[SkyHanni] §lCLICK HERE§r§e to grab §ax35 §9§aEnchanted Hard Stone§e from sacks!§r
20:43:53 §e[SkyHanni] §lCLICK HERE§r§e to grab §ax126 §9§aEnchanted Redstone§e from sacks!§r
21:08:18 §e[SkyHanni] §lCLICK HERE§r§e to grab §ax783 §9§a✧ Flawed Topaz Gemstone§e from sacks!§r
21:08:20 §e[SkyHanni] §lCLICK HERE§r§e to grab §ax117 §9§9✧ Fine Topaz Gemstone§e from sacks!§r
21:13:56 §e[SkyHanni] §lCLICK HERE§r§e to grab §ax184 §9§a✧ Flawed Topaz Gemstone§e from sacks!§r
21:13:59 §e[SkyHanni] §lCLICK HERE§r§e to grab §ax25 §9§9✧ Fine Topaz Gemstone§e from sacks!§r
21:23:20 §e[SkyHanni] Profit for §9Lapis Corpse§e: §6119k§r
21:26:44 §e[SkyHanni] Profit for §9Lapis Corpse§e: §6614k§r
21:26:45 §e[SkyHanni] §b+1 SkyBlock XP §7(HOTM Progression§7)§b (2/100)§r
21:35:06 §e[SkyHanni] §b+1 SkyBlock XP §7(HOTM Progression§7)§b (3/100)§r
21:36:06 §e[SkyHanni] §bYou have §35.4k §bmaterials in stash, §btotalling §33 types§b. §bClick to §3pickup §byour stash!§r
21:37:07 §e[SkyHanni] §bYou have §340k §bmaterials in stash, §btotalling §35 types§b. §bClick to §3pickup §byour stash!§r
21:38:09 §e[SkyHanni] §bYou have §372k §bmaterials in stash, §btotalling §35 types§b. §bClick to §3pickup §byour stash!§r
21:38:53 §e[SkyHanni] §b+1 SkyBlock XP §7(HOTM Progression§7)§b (4/100)§r
21:39:10 §e[SkyHanni] §eYou have §61 §eitem in stash. §eClick to §6pickup §eyour stash!§r
21:39:10 §e[SkyHanni] §bYou have §3102k §bmaterials in stash, §btotalling §35 types§b. §bClick to §3pickup §byour stash!§r
21:40:11 §e[SkyHanni] §bYou have §3141k §bmaterials in stash, §btotalling §35 types§b. §bClick to §3pickup §byour stash!§r
21:41:12 §e[SkyHanni] §eYou have §62 §eitems in stash. §eClick to §6pickup §eyour stash!§r
21:41:12 §e[SkyHanni] §bYou have §3160k §bmaterials in stash, §btotalling §35 types§b. §bClick to §3pickup §byour stash!§r
21:41:34 §e[SkyHanni] §lCLICK HERE§r§e to grab §ax35 §9§aEnchanted Hard Stone§e from sacks!§r
21:41:40 §e[SkyHanni] §lCLICK HERE§r§e to grab §ax130 §9§aEnchanted Iron§e from sacks!§r
21:42:11 §e[SkyHanni] §eYou have §62 §eitems in stash. §eClick to §6pickup §eyour stash!§r
21:42:11 §e[SkyHanni] §bYou have §3163k §bmaterials in stash, §btotalling §35 types§b. §bClick to §3pickup §byour stash!§r
21:54:43 §e[SkyHanni] §lCLICK HERE§r§e to grab §ax2434 §9§a☘ Flawed Citrine Gemstone§e from sacks!§r
21:54:46 §e[SkyHanni] §lCLICK HERE§r§e to grab §ax372 §9§9☘ Fine Citrine Gemstone§e from sacks!§r
21:55:26 §e[SkyHanni] §bYou have §3163k §bmaterials in stash, §btotalling §36 types§b. §bClick to §3pickup §byour stash!§r
21:56:46 §e[SkyHanni] §bYou have §3162k §bmaterials in stash, §btotalling §36 types§b. §bClick to §3pickup §byour stash!§r
21:58:04 §e[SkyHanni] §bYou have §3158k §bmaterials in stash, §btotalling §36 types§b. §bClick to §3pickup §byour stash!§r
22:00:12 §e[SkyHanni] §bYou have §3158k §bmaterials in stash, §btotalling §36 types§b. §bClick to §3pickup §byour stash!§r
22:00:13 §e[SkyHanni] Profit for §9Lapis Corpse§e: §62.5M§r
22:01:05 §e[SkyHanni] Profit for §9Lapis Corpse§e: §6107k§r
22:07:21 §e[SkyHanni] §bYou have §3158k §bmaterials in stash, §btotalling §36 types§b. §bClick to §3pickup §byour stash!§r
22:07:34 §e[SkyHanni] §bYou have §3158k §bmaterials in stash, §btotalling §36 types§b. §bClick to §3pickup §byour stash!§r
22:07:38 §e[SkyHanni] §bYou have §3158k §bmaterials in stash, §btotalling §36 types§b. §bClick to §3pickup §byour stash!§r
22:07:43 §e[SkyHanni] §bYou have §3158k §bmaterials in stash, §btotalling §36 types§b. §bClick to §3pickup §byour stash!§r
22:07:56 §e[SkyHanni] §lCLICK HERE§r§e to grab §ax16 §9§aEnchanted Hard Stone§e from sacks!§r
22:08:00 §e[SkyHanni] §lCLICK HERE§r§e to grab §ax1 §9§aEnchanted Coal§e from sacks!§r
22:08:01 §e[SkyHanni] §lCLICK HERE§r§e to grab §ax125 §9§aEnchanted Coal§e from sacks!§r
22:08:19 §e[SkyHanni] §bYou have §3157k §bmaterials in stash, §btotalling §36 types§b. §bClick to §3pickup §byour stash!§r
22:17:45 §e[SkyHanni] §b+1 SkyBlock XP §7(Mining Fiesta§7)§b (6/100)§r
22:20:21 §e[SkyHanni] §bYou have §3157k §bmaterials in stash, §btotalling §36 types§b. §bClick to §3pickup §byour stash!§r
22:21:09 §e[SkyHanni] Profit for §9Lapis Corpse§e: §623k§r
22:21:09 §e[SkyHanni] §b+1 SkyBlock XP §7(HOTM Progression§7)§b (7/100)§r
22:21:12 §e[SkyHanni] Profit for §9Lapis Corpse§e: §660k§r
22:27:02 §e[SkyHanni] §bYou have §3157k §bmaterials in stash, §btotalling §36 types§b. §bClick to §3pickup §byour stash!§r
22:33:13 §e[SkyHanni] §lCLICK HERE§r§e to grab §ax2399 §9§a☘ Flawed Citrine Gemstone§e from sacks!§r
22:33:16 §e[SkyHanni] §lCLICK HERE§r§e to grab §ax394 §9§9☘ Fine Citrine Gemstone§e from sacks!§r
22:34:23 §e[SkyHanni] §b+1 SkyBlock XP §7(Mining Fiesta§7)§b (8/100)§r
22:42:19 §e[SkyHanni] §cYour Time Tower just expired and has 2 charges remaining. Click here to open the Chocolate Factory Menu.§r
22:44:49 §e[SkyHanni] §bYou have §3157k §bmaterials in stash, §btotalling §36 types§b. §bClick to §3pickup §byour stash!§r
22:46:39 §e[SkyHanni] Profit for §9Lapis Corpse§e: §616k§r
22:47:10 §e[SkyHanni] §bYou have §3157k §bmaterials in stash, §btotalling §36 types§b. §bClick to §3pickup §byour stash!§r
22:48:12 §e[SkyHanni] §bYou have §3156k §bmaterials in stash, §btotalling §36 types§b. §bClick to §3pickup §byour stash!§r
22:48:40 §e[SkyHanni] §b+1 SkyBlock XP §7(Mining Fiesta§7)§b (9/100)§r
22:58:52 §e[SkyHanni] §lCLICK HERE§r§e to grab §ax407 §9§a✧ Flawed Topaz Gemstone§e from sacks!§r
22:58:54 §e[SkyHanni] §lCLICK HERE§r§e to grab §ax70 §9§9✧ Fine Topaz Gemstone§e from sacks!§r
22:59:12 §e[SkyHanni] §lCLICK HERE§r§e to grab §ax35 §9§aEnchanted Hard Stone§e from sacks!§r
22:59:37 §e[SkyHanni] §bYou have §3156k §bmaterials in stash, §btotalling §38 types§b. §bClick to §3pickup §byour stash!§r
23:00:34 §e[SkyHanni] §b+1 SkyBlock XP §7(HOTM Progression§7)§b (11/100)§r
23:00:38 §e[SkyHanni] §bYou have §394k §bmaterials in stash, §btotalling §31 type§b. §bClick to §3pickup §byour stash!§r
23:00:47 §e[SkyHanni] §lCLICK HERE§r§e to grab §ax140 §9§aEnchanted Coal§e from sacks!§r
23:03:20 §e[SkyHanni] §bYou have §394k §bmaterials in stash, §btotalling §31 type§b. §bClick to §3pickup §byour stash!§r
23:04:52 §e[SkyHanni] Profit for §9Lapis Corpse§e: §653k§r
23:05:19 §e[SkyHanni] §b+1 SkyBlock XP §7(Mining Fiesta§7)§b (12/100)§r
23:10:21 §e[SkyHanni] §bYou have §394k §bmaterials in stash, §btotalling §31 type§b. §bClick to §3pickup §byour stash!§r
23:10:26 §e[SkyHanni] §bYou have §394k §bmaterials in stash, §btotalling §31 type§b. §bClick to §3pickup §byour stash!§r
23:11:44 §e[SkyHanni] §bYou have §391k §bmaterials in stash, §btotalling §31 type§b. §bClick to §3pickup §byour stash!§r
23:13:08 §e[SkyHanni] §bYou have §387k §bmaterials in stash, §btotalling §31 type§b. §bClick to §3pickup §byour stash!§r
23:15:17 §e[SkyHanni] §bYou have §386k §bmaterials in stash, §btotalling §31 type§b. §bClick to §3pickup §byour stash!§r
23:16:19 §e[SkyHanni] §bYou have §384k §bmaterials in stash, §btotalling §31 type§b. §bClick to §3pickup §byour stash!§r
23:17:28 §e[SkyHanni] §bYou have §383k §bmaterials in stash, §btotalling §31 type§b. §bClick to §3pickup §byour stash!§r
23:18:47 §e[SkyHanni] §bYou have §382k §bmaterials in stash, §btotalling §31 type§b. §bClick to §3pickup §byour stash!§r
23:20:07 §e[SkyHanni] §bYou have §380k §bmaterials in stash, §btotalling §31 type§b. §bClick to §3pickup §byour stash!§r
23:20:12 §e[SkyHanni] §bYou have §379k §bmaterials in stash, §btotalling §31 type§b. §bClick to §3pickup §byour stash!§r
23:20:30 §e[SkyHanni] §bYou have §378k §bmaterials in stash, §btotalling §31 type§b. §bClick to §3pickup §byour stash!§r
23:20:36 §e[SkyHanni] §bYou have §378k §bmaterials in stash, §btotalling §31 type§b. §bClick to §3pickup §byour stash!§r
23:21:20 §e[SkyHanni] §lCLICK HERE§r§e to grab §ax749 §9§a☘ Flawed Peridot Gemstone§e from sacks!§r
23:21:24 §e[SkyHanni] §lCLICK HERE§r§e to grab §ax125 §9§9☘ Fine Peridot Gemstone§e from sacks!§r
23:21:51 §e[SkyHanni] §bYou have §376k §bmaterials in stash, §btotalling §31 type§b. §bClick to §3pickup §byour stash!§r
23:22:06 §e[SkyHanni] §lCLICK HERE§r§e to grab §ax35 §9§aEnchanted Hard Stone§e from sacks!§r
23:22:53 §e[SkyHanni] §bYou have §369k §bmaterials in stash, §btotalling §31 type§b. §bClick to §3pickup §byour stash!§r
23:23:02 §e[SkyHanni] §b+1 SkyBlock XP §7(Mining Fiesta§7)§b (13/100)§r
23:25:05 §e[SkyHanni] §bYou have §368k §bmaterials in stash, §btotalling §31 type§b. §bClick to §3pickup §byour stash!§r
23:26:07 §e[SkyHanni] §bYou have §363k §bmaterials in stash, §btotalling §31 type§b. §bClick to §3pickup §byour stash!§r
23:27:09 §e[SkyHanni] §bYou have §360k §bmaterials in stash, §btotalling §31 type§b. §bClick to §3pickup §byour stash!§r
23:29:49 §e[SkyHanni] §bYou have §359k §bmaterials in stash, §btotalling §31 type§b. §bClick to §3pickup §byour stash!§r
23:30:51 §e[SkyHanni] §bYou have §357k §bmaterials in stash, §btotalling §31 type§b. §bClick to §3pickup §byour stash!§r
23:32:51 §e[SkyHanni] §bYou have §356k §bmaterials in stash, §btotalling §31 type§b. §bClick to §3pickup §byour stash!§r
23:35:13 §e[SkyHanni] Profit for §9Lapis Corpse§e: §620k§r
23:35:17 §e[SkyHanni] Profit for §9Lapis Corpse§e: §6110k§r
23:35:17 §e[SkyHanni] §b+1 SkyBlock XP §7(HOTM Progression§7)§b (15/100)§r
23:35:47 §e[SkyHanni] §lCLICK HERE§r§e to grab §ax2518 §9§a☘ Flawed Citrine Gemstone§e from sacks!§r
23:35:52 §e[SkyHanni] §bYou have §355k §bmaterials in stash, §btotalling §31 type§b. §bClick to §3pickup §byour stash!§r
23:36:00 §e[SkyHanni] §lCLICK HERE§r§e to grab §ax396 §9§9☘ Fine Citrine Gemstone§e from sacks!§r
23:36:22 §e[SkyHanni] §bYou have §355k §bmaterials in stash, §btotalling §31 type§b. §bClick to §3pickup §byour stash!§r
23:37:09 §e[SkyHanni] §bYou have §353k §bmaterials in stash, §btotalling §31 type§b. §bClick to §3pickup §byour stash!§r
23:41:22 §e[SkyHanni] §bYou have §352k §bmaterials in stash, §btotalling §31 type§b. §bClick to §3pickup §byour stash!§r
23:44:18 §e[SkyHanni] §b+1 SkyBlock XP §7(HOTM Progression§7)§b (16/100)§r
23:44:27 §e[SkyHanni] §bYou have §350k §bmaterials in stash, §btotalling §31 type§b. §bClick to §3pickup §byour stash!§r
23:45:30 §e[SkyHanni] §bYou have §348k §bmaterials in stash, §btotalling §31 type§b. §bClick to §3pickup §byour stash!§r
23:46:21 §e[SkyHanni] §bYou have §347k §bmaterials in stash, §btotalling §31 type§b. §bClick to §3pickup §byour stash!§r
23:47:22 §e[SkyHanni] §bYou have §345k §bmaterials in stash, §btotalling §31 type§b. §bClick to §3pickup §byour stash!§r
23:49:38 §e[SkyHanni] §bYou have §345k §bmaterials in stash, §btotalling §31 type§b. §bClick to §3pickup §byour stash!§r
23:49:47 §e[SkyHanni] §bYou have §344k §bmaterials in stash, §btotalling §31 type§b. §bClick to §3pickup §byour stash!§r
23:50:07 §e[SkyHanni] §b+1 SkyBlock XP §7(Mining Fiesta§7)§b (17/100)§r
23:50:48 §e[SkyHanni] §bYou have §343k §bmaterials in stash, §btotalling §31 type§b. §bClick to §3pickup §byour stash!§r
23:54:41 §e[SkyHanni] §bYou have §339k §bmaterials in stash, §btotalling §31 type§b. §bClick to §3pickup §byour stash!§r
23:54:57 §e[SkyHanni] Profit for §9Lapis Corpse§e: §6163k§r
23:55:43 §e[SkyHanni] §bYou have §337k §bmaterials in stash, §btotalling §31 type§b. §bClick to §3pickup §byour stash!§r
23:59:32 §e[SkyHanni] §lCLICK HERE§r§e to grab §ax2454 §9§a⸕ Flawed Amber Gemstone§e from sacks!§r
23:59:34 §e[SkyHanni] §lCLICK HERE§r§e to grab §ax400 §9§9⸕ Fine Amber Gemstone§e from sacks!§r
00:00:42 §e[SkyHanni] §bYou have §336k §bmaterials in stash, §btotalling §31 type§b. §bClick to §3pickup §byour stash!§r
00:01:43 §e[SkyHanni] §bYou have §335k §bmaterials in stash, §btotalling §31 type§b. §bClick to §3pickup §byour stash!§r
00:04:22 §e[SkyHanni] §bYou have §334k §bmaterials in stash, §btotalling §31 type§b. §bClick to §3pickup §byour stash!§r
00:04:49 §e[SkyHanni] §bYou have §333k §bmaterials in stash, §btotalling §31 type§b. §bClick to §3pickup §byour stash!§r
00:08:56 §e[SkyHanni] §bYou have §332k §bmaterials in stash, §btotalling §31 type§b. §bClick to §3pickup §byour stash!§r
00:09:58 §e[SkyHanni] §bYou have §331k §bmaterials in stash, §btotalling §31 type§b. §bClick to §3pickup §byour stash!§r
00:11:00 §e[SkyHanni] §bYou have §328k §bmaterials in stash, §btotalling §31 type§b. §bClick to §3pickup §byour stash!§r
00:12:02 §e[SkyHanni] §bYou have §326k §bmaterials in stash, §btotalling §31 type§b. §bClick to §3pickup §byour stash!§r
00:15:07 §e[SkyHanni] §bYou have §325k §bmaterials in stash, §btotalling §31 type§b. §bClick to §3pickup §byour stash!§r
00:16:36 §e[SkyHanni] §bYou have §325k §bmaterials in stash, §btotalling §31 type§b. §bClick to §3pickup §byour stash!§r
00:18:03 §e[SkyHanni] §lCLICK HERE§r§e to grab §ax35 §9§aEnchanted Hard Stone§e from sacks!§r
00:18:12 §e[SkyHanni] §lCLICK HERE§r§e to grab §ax126 §9§9Enchanted Mithril§e from sacks!§r
00:18:18 §e[SkyHanni] §bYou have §321k §bmaterials in stash, §btotalling §31 type§b. §bClick to §3pickup §byour stash!§r
00:18:22 §e[SkyHanni] §lCLICK HERE§r§e to grab §ax15 §9§aEnchanted Iron§e from sacks!§r
00:19:19 §e[SkyHanni] §bYou have §37k §bmaterials in stash, §btotalling §31 type§b. §bClick to §3pickup §byour stash!§r
00:19:28 §e[SkyHanni] §bYou have §34.7k §bmaterials in stash, §btotalling §31 type§b. §bClick to §3pickup §byour stash!§r
00:19:46 §e[SkyHanni] §bYou have §34.7k §bmaterials in stash, §btotalling §31 type§b. §bClick to §3pickup §byour stash!§r
00:20:04 §e[SkyHanni] §bYou have §33.4k §bmaterials in stash, §btotalling §31 type§b. §bClick to §3pickup §byour stash!§r
00:22:16 §e[SkyHanni] §lCLICK HERE§r§e to grab §ax10 §9§aEnchanted Hard Stone§e from sacks!§r
00:30:39 §e[SkyHanni] §lCLICK HERE§r§e to grab §ax395 §9§a❤ Flawed Ruby Gemstone§e from sacks!§r
00:30:41 §e[SkyHanni] §lCLICK HERE§r§e to grab §ax56 §9§9❤ Fine Ruby Gemstone§e from sacks!§r
