11:44:37 [allowed] §b§m--------------§r§f  §r§aGuild: Message Of The Day  §r§b§m--------------
11:44:37 [allowed] §b| §r§f[22] [MVP+] Sebbebas Ⓑ: you should give me foraging 50 on my main
11:44:37 [allowed] §b| §r§f[22] [MVP+] Sebbebas Ⓑ: wink wink
11:44:37 [allowed] §b| §r§f[300] [ADMIN] LadyBleu: you almost had iit until you winked
11:44:37 [allowed] §b| §r§f[22] [MVP+] Sebbebas Ⓑ: :(
11:44:37 [allowed] §b| §r§f[300] [ADMIN] LadyBleu: biig mistaake
11:44:37 [allowed] §b§m-----------------------------------------------------
11:44:37 [allowed] §aYou have §b15 §aunclaimed leveling rewards!
11:44:37 [allowed] §eClick here to view them!
11:44:39 [allowed] §cYou are sending commands too fast! Please slow down.
11:44:47 [allowed] §aYou gained §r§b11,800 Combat §r§aexperience from minions!
11:44:47 [allowed] §aYou gained §r§b199.9 Foraging §r§aexperience from minions!
11:44:49 [allowed] §eLatest update: §bSkyBlock v0.20.6 §e§lCLICK
11:44:52 [allowed] §6§lALLOWANCE! §r§eYou earned §r§650,000 coins§r§e!
11:44:58 [allowed] §6§k§lA§r §c§lFIRE SALE §r§6§k§lA
§r§c♨ §eSelling an item for a limited time!
§r§c   ♨ §dBlizzard Bal Skin §e(§c783 left§e)§c§r
§r§c♨ §a§l[WARP] §eTo Elizabeth in the next §c3d 6h 15m §eto grab yours!
11:45:02 [allowed] §f§m-----------------------------------------------------
§r§cYou should NEVER enter your Microsoft account details anywhere but on official Microsoft services!

§r§cExternal links from untrusted sources should be avoided.
§r§f§m-----------------------------------------------------
11:46:05 [allowed] §eLatest update: §bSkyBlock v0.20.6 §e§lCLICK
11:46:06 [allowed] §6§lALLOWANCE! §r§eYou earned §r§650,000 coins§r§e!
11:46:13 [allowed] §6§k§lA§r §c§lFIRE SALE §r§6§k§lA
§r§c♨ §eSelling an item for a limited time!
§r§c   ♨ §dBlizzard Bal Skin §e(§c782 left§e)§c§r
§r§c♨ §a§l[WARP] §eTo Elizabeth in the next §c3d 6h 13m §eto grab yours!
11:46:14 [allowed] §6[Bazaar] §r§7Executing instant sell...
11:46:14 [allowed] §6[Bazaar] §r§7Sold §r§a4§r§7x §r§a§r§aGreen Goblin Egg §r§7for §r§614,020 coins§r§7!
11:47:28 [allowed] §cThis process is still running!
11:48:59 [allowed] §8[§r§e104§r§8] §r§7ꀾ §r§b[MVP] _Yashuro_§f§r§f: another guy who steals tita no wayy
11:49:13 [allowed] §8[§r§2166§r§8] §r§6ௐ §r§b[MVP] Akt_Gigi§f§r§f: noooo way
11:49:35 [allowed] §8[§r§e104§r§8] §r§7ꀾ §r§b[MVP] _Yashuro_§f§r§f: hypixel sb still peak how it was 2 years ago
11:50:27 [allowed] §9§m-----------------------------------------------------
11:50:27 [allowed] §cYou are not in a party and were moved to the ALL channel.
11:50:27 [allowed] §9§m-----------------------------------------------------
11:50:28 [allowed] §8[§r§3275§r§8] §r§6✿ §r§b[MVP§r§9+§r§b] Sebbebas§r§f: I was free from this game like 4 months ago now my life is ruined
11:50:33 [allowed] §8[§r§e104§r§8] §r§7ꀾ §r§b[MVP] _Yashuro_§f§r§f: Shinydavoo
11:50:35 [allowed] §8[§r§e104§r§8] §r§7ꀾ §r§b[MVP] _Yashuro_§f§r§f: can i take?
11:50:44 [allowed] §8[§r§3276§r§8] §r§7§lツ §r§b[MVP§2+§b] Shinydavoo§f§r§f: ye
11:50:48 [allowed] §8[§r§e104§r§8] §r§7ꀾ §r§b[MVP] _Yashuro_§f§r§f: ty
11:50:54 [allowed] §d§lTIME TOWER! §r§7Your §r§6Chocolate Factory §r§7production has increased by §r§6+0.5x §r§7for §r§a1h§r§7!
11:50:55 [allowed] §dRabbit Daddy §r§7has been promoted to §r§7[212§r§7] §r§dExecutive§r§7!
11:50:55 [allowed] §dRabbit Sis §r§7has been promoted to §r§7[218§r§7] §r§dExecutive§r§7!
11:52:14 [allowed] §aYou have §b15 §aunclaimed leveling rewards!
11:52:14 [allowed] §eClick here to view them!
11:52:22 [allowed] §eLatest update: §bSkyBlock v0.20.6 §e§lCLICK
11:52:29 [allowed] §6§k§lA§r §c§lFIRE SALE §r§6§k§lA
§r§c♨ §eSelling an item for a limited time!
§r§c   ♨ §dBlizzard Bal Skin §e(§c781 left§e)§c§r
§r§c♨ §a§l[WARP] §eTo Elizabeth in the next §c3d 6h 7m §eto grab yours!
11:52:53 [allowed] §f§m-----------------------------------------------------
§r§cYou should NEVER enter your Microsoft account details anywhere but on official Microsoft services!

§r§cExternal links from untrusted sources should be avoided.
§r§f§m-----------------------------------------------------
11:53:12 [allowed] §cThis process is still running!
11:53:27 [allowed] §b§b✦ §r§7You earned §a34 §7Pet Consumables items!
11:54:42 [allowed] §eLatest update: §bSkyBlock v0.20.6 §e§lCLICK
11:54:50 [allowed] §6§k§lA§r §c§lFIRE SALE §r§6§k§lA
§r§c♨ §eSelling an item for a limited time!
§r§c   ♨ §dBlizzard Bal Skin §e(§c781 left§e)§c§r
§r§c♨ §a§l[WARP] §eTo Elizabeth in the next §c3d 6h 5m §eto grab yours!
11:55:09 [allowed] §aYou used your §r§6Mining Speed Boost §r§aPickaxe Ability!
11:55:24 [allowed] §cYour Mining Speed Boost has expired!
11:55:36 [allowed] §a§lTUNGSTEN COLLECTOR §r§eCommission Complete! Visit the King §r§eto claim your rewards!
11:55:39 [allowed] §aYou summoned your §r§6Bat§r§a!
11:55:42 [allowed] §aYou summoned your §r§6Scatha§r§a!
11:55:50 [allowed] §d§lPRISTINE! §r§fYou found §r§a☘ Flawed Peridot Gemstone §r§8x17§r§f!
11:55:58 [allowed] §d§lPRISTINE! §r§fYou found §r§a☘ Flawed Peridot Gemstone §r§8x18§r§f!
11:55:59 [allowed] §d§lPRISTINE! §r§fYou found §r§a☘ Flawed Peridot Gemstone §r§8x17§r§f!
11:56:03 [allowed] §d§lPRISTINE! §r§fYou found §r§a☘ Flawed Peridot Gemstone §r§8x18§r§f!
11:56:11 [allowed] §d§lPRISTINE! §r§fYou found §r§a☘ Flawed Peridot Gemstone §r§8x17§r§f!
11:56:18 [allowed] §d§lPRISTINE! §r§fYou found §r§a☘ Flawed Peridot Gemstone §r§8x36§r§f!
11:56:19 [allowed] §d§lPRISTINE! §r§fYou found §r§a☘ Flawed Peridot Gemstone §r§8x17§r§f!
11:56:27 [allowed] §a§lPERIDOT GEMSTONE COLLECTOR §r§eCommission Complete! Visit the King §r§eto claim your rewards!
11:56:30 [allowed] §d§lPRISTINE! §r§fYou found §r§a☘ Flawed Peridot Gemstone §r§8x17§r§f!
11:56:33 [allowed] §aYou summoned your §r§6Bat§r§a!
11:56:37 [allowed] §aYou summoned your §r§6Scatha§r§a!
11:56:46 [allowed] §6The warmth of the campfire reduced your §r§b❄ Cold §r§6to §r§a0§r§6!
11:56:56 [allowed] §b§lCOMPACT! §r§fYou found an §r§9Enchanted Mithril§r§f!
11:57:06 [allowed] §a§r§6Mining Speed Boost §r§ais now available!
11:57:08 [allowed] §aYou used your §r§6Mining Speed Boost §r§aPickaxe Ability!
11:57:23 [allowed] §a§l▬▬▬▬▬▬▬▬▬▬▬▬▬▬▬▬▬▬▬▬▬▬▬▬▬▬▬▬▬▬▬▬▬▬▬▬▬▬▬▬▬▬▬▬▬▬▬▬▬▬▬▬▬▬▬▬▬▬▬▬▬▬▬▬
11:57:23 [allowed] §f                           §r§b§l2X POWDER ENDED!
11:57:23 [allowed] §f                           §r§7Passive Active Event
11:57:23 [allowed] §f   Powder amount is back to normal, but there will be another
11:57:23 [allowed] §f§r§f                                 event soon!
11:57:23 [allowed] §a§l▬▬▬▬▬▬▬▬▬▬▬▬▬▬▬▬▬▬▬▬▬▬▬▬▬▬▬▬▬▬▬▬▬▬▬▬▬▬▬▬▬▬▬▬▬▬▬▬▬▬▬▬▬▬▬▬▬▬▬▬▬▬▬▬
11:57:24 [allowed] §cYour Mining Speed Boost has expired!
11:57:26 [allowed] §a§lUMBER COLLECTOR §r§eCommission Complete! Visit the King §r§eto claim your rewards!
11:57:33 [allowed] §aYou summoned your §r§6Bat§r§a!
11:57:36 [allowed] §aYou summoned your §r§6Scatha§r§a!
11:58:39 [allowed] §a§lTUNGSTEN COLLECTOR §r§eCommission Complete! Visit the King §r§eto claim your rewards!
11:58:43 [allowed] §6The warmth of the campfire reduced your §r§b❄ Cold §r§6to §r§a0§r§6!
11:58:43 [allowed] §aYou summoned your §r§6Bat§r§a!
11:58:45 [allowed] §aYour §r§6Bat §r§aleveled up to level §r§993§r§a!
11:58:48 [allowed] §aYou summoned your §r§6Scatha§r§a!
11:59:02 [allowed] §cThere are blocks in the way!
11:59:05 [allowed] §a§r§6Mining Speed Boost §r§ais now available!
11:59:07 [allowed] §cThere are blocks in the way!
11:59:07 [allowed] §cThere are blocks in the way!
11:59:10 [allowed] §cThere are blocks in the way!
11:59:10 [allowed] §cThere are blocks in the way!
11:59:14 [allowed] §aYou used your §r§6Mining Speed Boost §r§aPickaxe Ability!
11:59:14 [allowed] §d§lPRISTINE! §r§fYou found §r§a☘ Flawed Citrine Gemstone §r§8x17§r§f!
11:59:15 [allowed] §d§lPRISTINE! §r§fYou found §r§a☘ Flawed Citrine Gemstone §r§8x17§r§f!
11:59:18 [allowed] §d§lPRISTINE! §r§fYou found §r§a☘ Flawed Citrine Gemstone §r§8x34§r§f!
11:59:24 [allowed] §d§lPRISTINE! §r§fYou found §r§a☘ Flawed Citrine Gemstone §r§8x18§r§f!
11:59:24 [allowed] §d§lPRISTINE! §r§fYou found §r§a☘ Flawed Citrine Gemstone §r§8x18§r§f!
11:59:26 [allowed] §d§lPRISTINE! §r§fYou found §r§a☘ Flawed Citrine Gemstone §r§8x34§r§f!
11:59:26 [allowed] §d§lPRISTINE! §r§fYou found §r§a☘ Flawed Citrine Gemstone §r§8x36§r§f!
11:59:27 [allowed] §d§lPRISTINE! §r§fYou found §r§a☘ Flawed Citrine Gemstone §r§8x18§r§f!
11:59:29 [allowed] §cYour Mining Speed Boost has expired!
11:59:29 [allowed] §a§lCITRINE GEMSTONE COLLECTOR §r§eCommission Complete! Visit the King §r§eto claim your rewards!
11:59:31 [allowed] §d§lPRISTINE! §r§fYou found §r§a☘ Flawed Citrine Gemstone §r§8x18§r§f!
11:59:37 [allowed] §aYou summoned your §r§6Bat§r§a!
11:59:41 [allowed] §aYou summoned your §r§6Scatha§r§a!
11:59:50 [allowed] §6The warmth of the campfire reduced your §r§b❄ Cold §r§6to §r§a0§r§6!
11:59:52 [allowed] §cThere are blocks in the way!
11:59:55 [allowed] §cThere are blocks in the way!
11:59:59 [allowed] §cThere are blocks in the way!
12:00:05 [allowed] §d§lPRISTINE! §r§fYou found §r§a☘ Flawed Peridot Gemstone §r§8x18§r§f!
12:00:07 [allowed] §d§lPRISTINE! §r§fYou found §r§a☘ Flawed Peridot Gemstone §r§8x17§r§f!
12:00:10 [allowed] §d§lPRISTINE! §r§fYou found §r§a☘ Flawed Peridot Gemstone §r§8x17§r§f!
12:00:20 [allowed] §d§lPRISTINE! §r§fYou found §r§a☘ Flawed Peridot Gemstone §r§8x18§r§f!
12:00:24 [allowed] §d§lPRISTINE! §r§fYou found §r§a☘ Flawed Peridot Gemstone §r§8x17§r§f!
12:00:28 [allowed] §d§lPRISTINE! §r§fYou found §r§a☘ Flawed Peridot Gemstone §r§8x18§r§f!
12:00:32 [allowed] §d§lPRISTINE! §r§fYou found §r§a☘ Flawed Peridot Gemstone §r§8x17§r§f!
12:00:33 [allowed] §d§lPRISTINE! §r§fYou found §r§a☘ Flawed Peridot Gemstone §r§8x17§r§f!
12:00:35 [allowed] §d§lPRISTINE! §r§fYou found §r§a☘ Flawed Peridot Gemstone §r§8x17§r§f!
12:00:36 [allowed] §d§lPRISTINE! §r§fYou found §r§a☘ Flawed Peridot Gemstone §r§8x18§r§f!
12:00:40 [allowed] §d§lPRISTINE! §r§fYou found §r§a☘ Flawed Peridot Gemstone §r§8x17§r§f!
12:00:46 [allowed] §a§lPERIDOT GEMSTONE COLLECTOR §r§eCommission Complete! Visit the King §r§eto claim your rewards!
12:00:49 [allowed] §d§lPRISTINE! §r§fYou found §r§a☘ Flawed Peridot Gemstone §r§8x17§r§f!
12:00:53 [allowed] §aYou summoned your §r§6Bat§r§a!
12:01:00 [allowed] §aYou summoned your §r§6Scatha§r§a!
12:01:10 [allowed] §a§r§6Mining Speed Boost §r§ais now available!
12:01:14 [allowed] §aYou used your §r§6Mining Speed Boost §r§aPickaxe Ability!
12:01:15 [allowed] §d§lPRISTINE! §r§fYou found §r§aα Flawed Aquamarine Gemstone §r§8x18§r§f!
12:01:17 [allowed] §d§lPRISTINE! §r§fYou found §r§aα Flawed Aquamarine Gemstone §r§8x18§r§f!
12:01:18 [allowed] §d§lPRISTINE! §r§fYou found §r§aα Flawed Aquamarine Gemstone §r§8x18§r§f!
12:01:19 [allowed] §d§lPRISTINE! §r§fYou found §r§aα Flawed Aquamarine Gemstone §r§8x17§r§f!
12:01:20 [allowed] §d§lPRISTINE! §r§fYou found §r§aα Flawed Aquamarine Gemstone §r§8x34§r§f!
12:01:20 [allowed] §d§lPRISTINE! §r§fYou found §r§aα Flawed Aquamarine Gemstone §r§8x18§r§f!
12:01:23 [allowed] §d§lPRISTINE! §r§fYou found §r§aα Flawed Aquamarine Gemstone §r§8x18§r§f!
12:01:23 [allowed] §d§lPRISTINE! §r§fYou found §r§aα Flawed Aquamarine Gemstone §r§8x17§r§f!
12:01:24 [allowed] §d§lPRISTINE! §r§fYou found §r§aα Flawed Aquamarine Gemstone §r§8x17§r§f!
12:01:24 [allowed] §d§lPRISTINE! §r§fYou found §r§aα Flawed Aquamarine Gemstone §r§8x17§r§f!
12:01:28 [allowed] §d§lPRISTINE! §r§fYou found §r§aα Flawed Aquamarine Gemstone §r§8x18§r§f!
12:01:29 [allowed] §cYour Mining Speed Boost has expired!
12:01:33 [allowed] §a§lAQUAMARINE GEMSTONE COLLECTOR §r§eCommission Complete! Visit the King §r§eto claim your rewards!
12:01:39 [allowed] §aYou summoned your §r§6Bat§r§a!
12:01:42 [allowed] §aYou summoned your §r§6Scatha§r§a!
12:01:48 [allowed] §6The warmth of the campfire reduced your §r§b❄ Cold §r§6to §r§a0§r§6!
12:01:54 [allowed] §cThere are blocks in the way!
12:01:54 [allowed] §cThere are blocks in the way!
12:01:54 [allowed] §cThere are blocks in the way!
12:01:54 [allowed] §cThere are blocks in the way!
12:01:55 [allowed] §cThere are blocks in the way!
12:01:55 [allowed] §cThere are blocks in the way!
12:01:55 [allowed]  §b⚑ §eThe §bMithril Gourmand §eevent starts in §a20 §eseconds!
 §aClick here §eto teleport to §bGarry §eand prepare!
12:02:15 [allowed] §a§l▬▬▬▬▬▬▬▬▬▬▬▬▬▬▬▬▬▬▬▬▬▬▬▬▬▬▬▬▬▬▬▬▬▬▬▬▬▬▬▬▬▬▬▬▬▬▬▬▬▬▬▬▬▬▬▬▬▬▬▬▬▬▬▬
12:02:15 [allowed] §f                    §r§b§lMITHRIL GOURMAND STARTED!
12:02:15 [allowed] §f                                 §r§7Mining Event
12:02:15 [allowed] §f      Don Expresso wants some §r§aTasty Mithril §r§ffrom the §r§bGoblin
12:02:15 [allowed] §b§r§f  §r§bBurrows§r§f. Bring §r§c200 §r§f§r§aTasty Mithril §r§fto him at the §r§bDwarven Village§r§f!
12:02:15 [allowed] §f      Bring §r§c10 §r§fpersonally and you'll receive §r§6extra rewards§r§f.
12:02:15 [allowed] §f               Go to §r§bGoblin Burrows §r§7(or talk to Garry)
12:02:15 [allowed] §a§l▬▬▬▬▬▬▬▬▬▬▬▬▬▬▬▬▬▬▬▬▬▬▬▬▬▬▬▬▬▬▬▬▬▬▬▬▬▬▬▬▬▬▬▬▬▬▬▬▬▬▬▬▬▬▬▬▬▬▬▬▬▬▬▬
12:02:23 [allowed] §cThere are blocks in the way!
12:02:30 [allowed] §cThere are blocks in the way!
12:02:30 [allowed] §cThere are blocks in the way!
12:02:30 [allowed] §cThere are blocks in the way!
12:02:53 [allowed] §cThere are blocks in the way!
12:02:53 [allowed] §cThere are blocks in the way!
12:03:02 [allowed] §e[NPC] §bDon Expresso§f: §rI AM LEAVING A BAD RATING FOR THIS PLACE ON MINEADVISOR
12:03:03 [allowed] §cThere are blocks in the way!
12:03:03 [allowed] §cYour pickaxe ability is on cooldown for 6s.
12:03:10 [allowed] §a§r§6Mining Speed Boost §r§ais now available!
12:03:11 [allowed] §aYou used your §r§6Mining Speed Boost §r§aPickaxe Ability!
12:03:20 [allowed] §e[NPC] §bDon Expresso§f: §rI AM NOT HAPPY WITH HOW LONG THIS IS TAKING
12:03:26 [allowed] §cYour Mining Speed Boost has expired!
12:03:40 [allowed] §e[NPC] §bDon Expresso§f: §rI MIGHT JUST STAY HERE FOREVER THEN
12:03:56 [allowed] §b§lCOMPACT! §r§fYou found an §r§9Enchanted Mithril§r§f!
12:04:04 [allowed] §e[NPC] §bDon Expresso§f: §rWHAT ARE YOU GUYS WAITING FOR
12:04:14 [allowed] §cThere are blocks in the way!
12:04:15 [allowed] §eYou fed §r§b78 Tasty Mithril §r§eto §r§bDon Expresso§r§e!
12:05:08 [allowed] §a§r§6Mining Speed Boost §r§ais now available!
12:05:17 [allowed] §cThere are blocks in the way!
12:05:18 [allowed] §aYou used your §r§6Mining Speed Boost §r§aPickaxe Ability!
12:05:30 [allowed] §b§lCOMPACT! §r§fYou found an §r§aEnchanted Hard Stone§r§f!
12:05:33 [allowed] §cYour Mining Speed Boost has expired!
12:05:42 [allowed] §a§lGLACITE COLLECTOR §r§eCommission Complete! Visit the King §r§eto claim your rewards!
12:05:45 [allowed] §6The warmth of the campfire reduced your §r§b❄ Cold §r§6to §r§a0§r§6!
12:05:45 [allowed] §aYou summoned your §r§6Bat§r§a!
12:05:48 [allowed] §aYou summoned your §r§6Scatha§r§a!
12:05:55 [allowed] §cThere are blocks in the way!
12:05:56 [allowed] §cThere are blocks in the way!
12:05:56 [allowed] §cThere are blocks in the way!
12:05:56 [allowed] §cThere are blocks in the way!
12:05:57 [allowed] §cThere are blocks in the way!
12:05:57 [allowed] §cThere are blocks in the way!
12:05:57 [allowed] §cThere are blocks in the way!
12:05:58 [allowed] §cThere are blocks in the way!
12:06:07 [allowed] §5§lWOW! §r§aYou found a §r§bGlacite Mineshaft §r§aportal!
12:06:07 [allowed] §b§lMINESHAFT! §r§7A Mineshaft portal spawned nearby!
12:06:09 [allowed] §d§lPRISTINE! §r§fYou found §r§a☘ Flawed Citrine Gemstone §r§8x18§r§f!
12:06:14 [allowed] §5§l✯ §r§eA §r§5Fallen Star §r§ehas crashed at §r§bGreat Ice Wall§r§e! Nearby ore and Powder drops are amplified!
12:06:16 [allowed] §aSending to Mineshaft...
12:06:16 [allowed] §9§m-----------------------------
§r§b[MVP§r§9+§r§b] Sebbebas§r§f §r§eentered §r§aGlacite Mineshafts§r§e!
§r§9§m-----------------------------
12:06:16 [allowed] §8Queuing... (Attempt 1/3)
12:06:17 [allowed] §a§lMINESHAFT EXPLORER §r§eCommission Complete! Visit the King §r§eto claim your rewards!
12:06:17 [allowed] §a§r§6Mining Speed Boost §r§ais now available!
12:06:18 [allowed] §cYou are sending commands too fast! Please slow down.
12:06:19 [allowed] §b§lMINESHAFT MODIFIERS!
12:06:19 [allowed] §b§lMAYHEM! §r§7You received a §r§a§r§b❄ Cold Resistance §r§7buff from your §r§aMineshaft Mayhem §r§7perk!
12:06:25 [allowed] §a§lMANIAC SLAYER §r§eCommission Complete! Visit the King §r§eto claim your rewards!
12:06:42 [allowed] §d§lPRISTINE! §r§fYou found §r§a❤ Flawed Ruby Gemstone §r§8x18§r§f!
12:06:43 [allowed] §d§lPRISTINE! §r§fYou found §r§a❤ Flawed Ruby Gemstone §r§8x17§r§f!
12:06:44 [allowed] §d§lPRISTINE! §r§fYou found §r§a❤ Flawed Ruby Gemstone §r§8x34§r§f!
12:06:49 [allowed] §d§lPRISTINE! §r§fYou found §r§a❤ Flawed Ruby Gemstone §r§8x17§r§f!
12:06:51 [allowed] §d§lPRISTINE! §r§fYou found §r§a❤ Flawed Ruby Gemstone §r§8x17§r§f!
12:06:55 [allowed] §d§lPRISTINE! §r§fYou found §r§a❤ Flawed Ruby Gemstone §r§8x18§r§f!
12:07:00 [allowed] §d§lPRISTINE! §r§fYou found §r§a❤ Flawed Ruby Gemstone §r§8x17§r§f!
12:07:02 [allowed] §d§lPRISTINE! §r§fYou found §r§a❤ Flawed Ruby Gemstone §r§8x17§r§f!
12:07:05 [allowed] §d§lPRISTINE! §r§fYou found §r§a❤ Flawed Ruby Gemstone §r§8x18§r§f!
12:07:07 [allowed] §d§lPRISTINE! §r§fYou found §r§a❤ Flawed Ruby Gemstone §r§8x18§r§f!
12:07:11 [allowed] §d§lPRISTINE! §r§fYou found §r§a❤ Flawed Ruby Gemstone §r§8x34§r§f!
12:07:14 [allowed] §d§lPRISTINE! §r§fYou found §r§a❤ Flawed Ruby Gemstone §r§8x18§r§f!
12:07:17 [allowed] §7§oThe mineshaft entrance has caved in... it doesn't look like anyone else will be able to get in here.
12:07:18 [allowed] §d§lPRISTINE! §r§fYou found §r§a❤ Flawed Ruby Gemstone §r§8x36§r§f!
12:07:20 [allowed] §d§lPRISTINE! §r§fYou found §r§a❤ Flawed Ruby Gemstone §r§8x18§r§f!
12:07:21 [allowed] §aYou used your §r§6Mining Speed Boost §r§aPickaxe Ability!
12:07:22 [allowed] §d§lPRISTINE! §r§fYou found §r§a❤ Flawed Ruby Gemstone §r§8x36§r§f!
12:07:22 [allowed] §d§lPRISTINE! §r§fYou found §r§a❤ Flawed Ruby Gemstone §r§8x17§r§f!
12:07:23 [allowed] §d§lPRISTINE! §r§fYou found §r§a❤ Flawed Ruby Gemstone §r§8x34§r§f!
12:07:24 [allowed] §d§lPRISTINE! §r§fYou found §r§a❤ Flawed Ruby Gemstone §r§8x17§r§f!
12:07:25 [allowed] §d§lPRISTINE! §r§fYou found §r§a❤ Flawed Ruby Gemstone §r§8x17§r§f!
12:07:25 [allowed] §d§lPRISTINE! §r§fYou found §r§a❤ Flawed Ruby Gemstone §r§8x17§r§f!
12:07:26 [allowed] §d§lPRISTINE! §r§fYou found §r§a❤ Flawed Ruby Gemstone §r§8x18§r§f!
12:07:27 [allowed] §d§lPRISTINE! §r§fYou found §r§a❤ Flawed Ruby Gemstone §r§8x17§r§f!
12:07:29 [allowed] §d§lPRISTINE! §r§fYou found §r§a❤ Flawed Ruby Gemstone §r§8x36§r§f!
12:07:32 [allowed] §d§lPRISTINE! §r§fYou found §r§a❤ Flawed Ruby Gemstone §r§8x17§r§f!
12:07:33 [allowed] §d§lPRISTINE! §r§fYou found §r§a❤ Flawed Ruby Gemstone §r§8x18§r§f!
12:07:36 [allowed] §d§lPRISTINE! §r§fYou found §r§a❤ Flawed Ruby Gemstone §r§8x17§r§f!
12:07:36 [allowed] §d§lPRISTINE! §r§fYou found §r§a❤ Flawed Ruby Gemstone §r§8x18§r§f!
12:07:36 [allowed] §cYour Mining Speed Boost has expired!
12:07:37 [allowed] §d§lPRISTINE! §r§fYou found §r§a❤ Flawed Ruby Gemstone §r§8x17§r§f!
12:07:45 [allowed] §d§lPRISTINE! §r§fYou found §r§a❤ Flawed Ruby Gemstone §r§8x18§r§f!
12:07:47 [allowed] §d§lPRISTINE! §r§fYou found §r§a❤ Flawed Ruby Gemstone §r§8x17§r§f!
12:07:47 [allowed] §d§lPRISTINE! §r§fYou found §r§a❤ Flawed Ruby Gemstone §r§8x17§r§f!
12:07:52 [allowed] §d§lPRISTINE! §r§fYou found §r§a❤ Flawed Ruby Gemstone §r§8x18§r§f!
12:07:58 [allowed] §d§lPRISTINE! §r§fYou found §r§a❤ Flawed Ruby Gemstone §r§8x18§r§f!
12:08:00 [allowed] §d§lPRISTINE! §r§fYou found §r§a❤ Flawed Ruby Gemstone §r§8x34§r§f!
12:08:02 [allowed] §d§lPRISTINE! §r§fYou found §r§a❤ Flawed Ruby Gemstone §r§8x17§r§f!
12:08:04 [allowed] §d§lPRISTINE! §r§fYou found §r§a❤ Flawed Ruby Gemstone §r§8x34§r§f!
12:08:05 [allowed] §d§lPRISTINE! §r§fYou found §r§a❤ Flawed Ruby Gemstone §r§8x34§r§f!
12:08:06 [allowed] §d§lPRISTINE! §r§fYou found §r§a❤ Flawed Ruby Gemstone §r§8x17§r§f!
12:08:08 [allowed] §d§lPRISTINE! §r§fYou found §r§a❤ Flawed Ruby Gemstone §r§8x18§r§f!
12:08:09 [allowed] §d§lPRISTINE! §r§fYou found §r§a❤ Flawed Ruby Gemstone §r§8x17§r§f!
12:08:10 [allowed] §d§lPRISTINE! §r§fYou found §r§a❤ Flawed Ruby Gemstone §r§8x17§r§f!
12:08:12 [allowed] §d§lPRISTINE! §r§fYou found §r§a❤ Flawed Ruby Gemstone §r§8x36§r§f!
12:08:15 [allowed] §d§lPRISTINE! §r§fYou found §r§a❤ Flawed Ruby Gemstone §r§8x36§r§f!
12:08:16 [allowed] §d§lPRISTINE! §r§fYou found §r§a❤ Flawed Ruby Gemstone §r§8x17§r§f!
12:08:17 [allowed] §d§lPRISTINE! §r§fYou found §r§a❤ Flawed Ruby Gemstone §r§8x18§r§f!
12:08:18 [allowed] §d§lPRISTINE! §r§fYou found §r§a❤ Flawed Ruby Gemstone §r§8x17§r§f!
12:08:27 [allowed] §d§lPRISTINE! §r§fYou found §r§a❤ Flawed Ruby Gemstone §r§8x17§r§f!
12:08:29 [allowed] §d§lPRISTINE! §r§fYou found §r§a❤ Flawed Ruby Gemstone §r§8x17§r§f!
12:08:34 [allowed] §d§lPRISTINE! §r§fYou found §r§a❤ Flawed Ruby Gemstone §r§8x36§r§f!
12:08:35 [allowed] §d§lPRISTINE! §r§fYou found §r§a❤ Flawed Ruby Gemstone §r§8x18§r§f!
12:08:40 [allowed] §d§lPRISTINE! §r§fYou found §r§a❤ Flawed Ruby Gemstone §r§8x17§r§f!
12:08:41 [allowed] §d§lPRISTINE! §r§fYou found §r§a❤ Flawed Ruby Gemstone §r§8x34§r§f!
12:08:44 [allowed] §d§lPRISTINE! §r§fYou found §r§a❤ Flawed Ruby Gemstone §r§8x18§r§f!
12:08:45 [allowed] §d§lPRISTINE! §r§fYou found §r§a❤ Flawed Ruby Gemstone §r§8x18§r§f!
12:08:47 [allowed] §d§lPRISTINE! §r§fYou found §r§a❤ Flawed Ruby Gemstone §r§8x17§r§f!
12:08:48 [allowed] §b§lBRRR! §r§aIt's getting colder in here...
12:08:48 [allowed] §d§lPRISTINE! §r§fYou found §r§a❤ Flawed Ruby Gemstone §r§8x34§r§f!
12:08:50 [allowed] §d§lPRISTINE! §r§fYou found §r§a❤ Flawed Ruby Gemstone §r§8x18§r§f!
12:08:52 [allowed] §d§lPRISTINE! §r§fYou found §r§a❤ Flawed Ruby Gemstone §r§8x17§r§f!
12:08:53 [allowed] §9§lBRRR! §r§bIt's getting really cold in here! But you've got to keep moving...
12:08:54 [allowed] §d§lPRISTINE! §r§fYou found §r§a❤ Flawed Ruby Gemstone §r§8x18§r§f!
12:08:56 [allowed] §d§lPRISTINE! §r§fYou found §r§a❤ Flawed Ruby Gemstone §r§8x18§r§f!
12:08:57 [allowed] §d§lPRISTINE! §r§fYou found §r§a❤ Flawed Ruby Gemstone §r§8x18§r§f!
12:09:00 [allowed] §d§lPRISTINE! §r§fYou found §r§a❤ Flawed Ruby Gemstone §r§8x51§r§f!
12:09:01 [allowed] §d§lPRISTINE! §r§fYou found §r§a❤ Flawed Ruby Gemstone §r§8x17§r§f!
12:09:02 [allowed] §d§lPRISTINE! §r§fYou found §r§a❤ Flawed Ruby Gemstone §r§8x17§r§f!
12:09:05 [allowed] §d§lPRISTINE! §r§fYou found §r§a❤ Flawed Ruby Gemstone §r§8x17§r§f!
12:09:10 [allowed] §d§lPRISTINE! §r§fYou found §r§a❤ Flawed Ruby Gemstone §r§8x36§r§f!
12:09:15 [allowed] §d§lPRISTINE! §r§fYou found §r§a❤ Flawed Ruby Gemstone §r§8x17§r§f!
12:09:16 [allowed] §d§lPRISTINE! §r§fYou found §r§a❤ Flawed Ruby Gemstone §r§8x18§r§f!
12:09:16 [allowed] §a§r§6Mining Speed Boost §r§ais now available!
12:09:17 [allowed] §d§lPRISTINE! §r§fYou found §r§a❤ Flawed Ruby Gemstone §r§8x17§r§f!
12:09:18 [allowed] §d§lPRISTINE! §r§fYou found §r§a❤ Flawed Ruby Gemstone §r§8x18§r§f!
12:09:18 [allowed] §aYou used your §r§6Mining Speed Boost §r§aPickaxe Ability!
12:09:19 [allowed] §d§lPRISTINE! §r§fYou found §r§a❤ Flawed Ruby Gemstone §r§8x17§r§f!
12:09:20 [allowed] §6§lEXCAVATOR! §r§fYou found a §r§9Suspicious Scrap§r§f!
12:09:20 [allowed] §a§lSCRAP COLLECTOR §r§eCommission Complete! Visit the King §r§eto claim your rewards!
12:09:20 [allowed] §d§lPRISTINE! §r§fYou found §r§a❤ Flawed Ruby Gemstone §r§8x17§r§f!
12:09:21 [allowed] §d§lPRISTINE! §r§fYou found §r§a❤ Flawed Ruby Gemstone §r§8x34§r§f!
12:09:21 [allowed] §d§lPRISTINE! §r§fYou found §r§a❤ Flawed Ruby Gemstone §r§8x34§r§f!
12:09:22 [allowed] §d§lPRISTINE! §r§fYou found §r§a❤ Flawed Ruby Gemstone §r§8x18§r§f!
12:09:23 [allowed] §d§lPRISTINE! §r§fYou found §r§a❤ Flawed Ruby Gemstone §r§8x36§r§f!
12:09:24 [allowed] §d§lPRISTINE! §r§fYou found §r§a❤ Flawed Ruby Gemstone §r§8x18§r§f!
12:09:25 [allowed] §d§lPRISTINE! §r§fYou found §r§a❤ Flawed Ruby Gemstone §r§8x34§r§f!
12:09:33 [allowed] §cYour Mining Speed Boost has expired!
12:09:38 [allowed] §b§lCOMPACT! §r§fYou found an §r§aEnchanted Hard Stone§r§f!
12:09:45 [allowed] §d§lPRISTINE! §r§fYou found §r§a❤ Flawed Ruby Gemstone §r§8x17§r§f!
12:09:46 [allowed] §d§lPRISTINE! §r§fYou found §r§a❤ Flawed Ruby Gemstone §r§8x17§r§f!
12:09:50 [allowed] §d§lPRISTINE! §r§fYou found §r§a❤ Flawed Ruby Gemstone §r§8x18§r§f!
12:09:54 [allowed] §d§lPRISTINE! §r§fYou found §r§a❤ Flawed Ruby Gemstone §r§8x18§r§f!
12:09:59 [allowed] §aYou summoned your §r§6Bat§r§a!
12:10:05 [allowed] §aYou summoned your §r§6Scatha§r§a!
12:10:07 [allowed] §d§lPRISTINE! §r§fYou found §r§a❤ Flawed Ruby Gemstone §r§8x18§r§f!
12:10:25 [allowed] §a§l+5 Kill Combo §r§8§r§b+3✯ Magic Find
12:10:44 [allowed] §cYour Kill Combo has expired! You reached a 9 Kill Combo!
12:10:59 [allowed] §9§lBRRR! §r§bIt's so cold that you can barely feel your fingers. Moving is getting difficult...
12:11:07 [allowed] §6§lEXCAVATOR! §r§fYou found a §r§9Suspicious Scrap§r§f!
12:11:14 [allowed] §a§r§6Mining Speed Boost §r§ais now available!
12:11:14 [allowed] §aYou used your §r§6Mining Speed Boost §r§aPickaxe Ability!
12:11:18 [allowed] §b§lBRRR! §r§aIt's getting colder in here...
12:11:29 [allowed] §cYour Mining Speed Boost has expired!
12:11:43 [allowed] §b§lCOMPACT! §r§fYou found an §r§9Enchanted Glacite§r§f!
12:11:43 [allowed] §a§lGLACITE COLLECTOR §r§eCommission Complete! Visit the King §r§eto claim your rewards!
12:11:45 [allowed] §aYou despawned your §r§6Scatha§r§a!
12:11:46 [allowed] §aYou summoned your §r§6Bat§r§a!
12:11:49 [allowed] §aYou summoned your §r§6Scatha§r§a!
12:12:02 [allowed] §b§lBYE! §r§aYou got a §r§b+2,640 §r§bGlacite Powder §r§aand §r§5+500 HOTM EXP §r§abonus for leaving a Mineshaft before you died!
12:12:04 [allowed] §6The sound of pickaxes clashing against the rock has attracted the attention of the §r§6§lPOWDER GHAST!
12:12:04 [allowed] §eFind the §r§6Powder Ghast§r§e near the §r§bForge Basin§r§e!
12:12:27 [allowed] §8[§r§f44§r§8] §r§7GregorhGRgamer2§7§r§7: whats the best mining pet tho?
12:12:59 [allowed] §cThere are blocks in the way!
12:12:59 [allowed] §cThere are blocks in the way!
12:12:59 [allowed] §cThere are blocks in the way!
12:13:00 [allowed] §cThere are blocks in the way!
12:13:01 [allowed] §cThere are blocks in the way!
12:13:02 [allowed] §cThere are blocks in the way!
12:13:03 [allowed] §cThere are blocks in the way!
12:13:03 [allowed] §cThere are blocks in the way!
12:13:06 [allowed] §cYour pickaxe ability is on cooldown for 4s.
12:13:08 [allowed] §d§lPRISTINE! §r§fYou found §r§a☘ Flawed Citrine Gemstone §r§8x34§r§f!
12:13:14 [allowed] §d§lPRISTINE! §r§fYou found §r§a☘ Flawed Citrine Gemstone §r§8x17§r§f!
12:13:18 [allowed] §d§lPRISTINE! §r§fYou found §r§a☘ Flawed Citrine Gemstone §r§8x34§r§f!
12:13:21 [allowed] §d§lPRISTINE! §r§fYou found §r§a☘ Flawed Citrine Gemstone §r§8x17§r§f!
12:13:21 [allowed] §8[§r§6411§r§8] §r§b[MVP§c+§b] ICH_WILL_BANN§f§r§f: &p warp
12:13:27 [allowed] §d§lPRISTINE! §r§fYou found §r§a☘ Flawed Citrine Gemstone §r§8x54§r§f!
12:13:29 [allowed] §d§lPRISTINE! §r§fYou found §r§a☘ Flawed Citrine Gemstone §r§8x18§r§f!
12:13:35 [allowed] §d§lPRISTINE! §r§fYou found §r§a☘ Flawed Citrine Gemstone §r§8x17§r§f!
12:13:47 [allowed] §d§lPRISTINE! §r§fYou found §r§a☘ Flawed Citrine Gemstone §r§8x36§r§f!
12:13:50 [allowed] §d§lPRISTINE! §r§fYou found §r§a☘ Flawed Citrine Gemstone §r§8x34§r§f!
12:13:50 [allowed] §a§lCITRINE GEMSTONE COLLECTOR §r§eCommission Complete! Visit the King §r§eto claim your rewards!
12:13:51 [allowed] §b§lCOMPACT! §r§fYou found an §r§aEnchanted Hard Stone§r§f!
12:13:58 [allowed] §6The warmth of the campfire reduced your §r§b❄ Cold §r§6to §r§a0§r§6!
12:14:03 [allowed] §cThere are blocks in the way!
12:14:04 [allowed] §aYou used your §r§6Mining Speed Boost §r§aPickaxe Ability!
12:14:17 [allowed] §c ☠ §r§7§r§bHUBBLE_19§r§7 was killed by Ghost§r§7§r§7.
12:14:20 [allowed] §cYour Mining Speed Boost has expired!
12:14:25 [allowed] §a§lUMBER COLLECTOR §r§eCommission Complete! Visit the King §r§eto claim your rewards!
12:15:16 [allowed] §a§lTUNGSTEN COLLECTOR §r§eCommission Complete! Visit the King §r§eto claim your rewards!
12:15:20 [allowed] §6The warmth of the campfire reduced your §r§b❄ Cold §r§6to §r§a0§r§6!
12:15:20 [allowed] §aYou summoned your §r§6Bat§r§a!
12:15:26 [allowed] §aYou summoned your §r§6Scatha§r§a!
12:16:01 [allowed] §a§r§6Mining Speed Boost §r§ais now available!
12:17:19 [allowed] §cYou don't have enough Glacite Powder!
12:17:19 [allowed] §cYou don't have enough Glacite Powder!
12:17:36 [allowed] §8[§c449§8] §6§l⸕ §r§6[MVP§5++§6] Zaphodmv§f§7 is holding §r§8[§9Perfectly-Cut Fuel Tank§8]
12:17:44 [allowed] §8[§r§b238§r§8] §r§6[MVP§c++§6] ItsDustiyn§f§r§f: good ****
12:17:49 [allowed] §8[§r§3249§r§8] §r§7✧ §r§b[MVP§c+§b] unknownT17§f§r§f: ggs
12:17:52 [allowed] §8[§r§b238§r§8] §r§6[MVP§c++§6] ItsDustiyn§f§r§f: now check this out
12:17:55 [allowed] §8[§b238§8] §r§6[MVP§c++§6] ItsDustiyn§f§7 is holding §r§8[§9Lustrous Diamond Pickaxe§8]
12:18:08 [allowed] §8[§r§3275§r§8] §r§6✿ §r§b[MVP§r§9+§r§b] Sebbebas§r§f: wtf
12:18:11 [allowed] §8[§r§3249§r§8] §r§7✧ §r§b[MVP§c+§b] unknownT17§f§r§f: just got my perfect cut fuel tank yesterday for my 655
12:18:31 [allowed] §cPlease wait 0s before doing this!
12:19:23 [allowed] §5§l✯ §r§eA §r§5Fallen Star §r§ehas crashed at §r§bGreat Ice Wall§r§e! Nearby ore and Powder drops are amplified!
12:19:36 [allowed] §8[§r§3249§r§8] §r§7✧ §r§b[MVP§c+§b] unknownT17§f§r§f: also i love the admins for adding the pure ores in royal mines, gone are the days of diamond mining in mines of divan
12:20:30 [allowed] §eMaxed the Supercraft to §r§b274x crafts§r§e!
12:20:31 [allowed] §eYou Supercrafted §r§r§r§a❁ Flawed Jasper Gemstone §r§8x274§r§e!
12:20:33 [allowed] §eMaxed the Supercraft to §r§b46x crafts§r§e!
12:20:34 [allowed] §eYou Supercrafted §r§r§r§9❁ Fine Jasper Gemstone §r§8x46§r§e!
12:20:49 [allowed]  §b⚑ §eThe §b2x Powder §eevent starts in §a20 §eseconds!
 §eThis is a passive event! §bIt's happening everywhere in the §bDwarven Mines!
12:21:09 [allowed] §a§l▬▬▬▬▬▬▬▬▬▬▬▬▬▬▬▬▬▬▬▬▬▬▬▬▬▬▬▬▬▬▬▬▬▬▬▬▬▬▬▬▬▬▬▬▬▬▬▬▬▬▬▬▬▬▬▬▬▬▬▬▬▬▬▬
12:21:09 [allowed] §f                          §r§b§l2X POWDER STARTED!
12:21:09 [allowed] §f                           §r§7Passive Active Event
12:21:09 [allowed] §f        Everybody gets twice as much powder of all types!
12:21:09 [allowed] §a§l▬▬▬▬▬▬▬▬▬▬▬▬▬▬▬▬▬▬▬▬▬▬▬▬▬▬▬▬▬▬▬▬▬▬▬▬▬▬▬▬▬▬▬▬▬▬▬▬▬▬▬▬▬▬▬▬▬▬▬▬▬▬▬▬
12:21:13 [allowed] §cThere are blocks in the way!
12:25:00 [allowed] §6The sound of pickaxes clashing against the rock has attracted the attention of the §r§6§lPOWDER GHAST!
12:25:00 [allowed] §eFind the §r§6Powder Ghast§r§e near the §r§bForge Basin§r§e!
12:26:47 [allowed] §cThere are blocks in the way!
12:26:48 [allowed] §aYou used your §r§6Mining Speed Boost §r§aPickaxe Ability!
12:26:54 [allowed] §b§lCOMPACT! §r§fYou found an §r§9Enchanted Umber§r§f!
12:27:03 [allowed] §cYour Mining Speed Boost has expired!
12:27:05 [allowed] §a§lUMBER COLLECTOR §r§eCommission Complete! Visit the King §r§eto claim your rewards!
12:27:08 [allowed] §aYou summoned your §r§6Bat§r§a!
12:27:11 [allowed] §aYou summoned your §r§6Scatha§r§a!
12:27:19 [allowed] §cThere are blocks in the way!
12:27:22 [allowed] §cThere are blocks in the way!
12:27:23 [allowed] §cThere are blocks in the way!
12:27:32 [allowed] §d§lPRISTINE! §r§fYou found §r§a☘ Flawed Peridot Gemstone §r§8x18§r§f!
12:27:36 [allowed] §8[§r§e115§r§8] §r§7§l⚝ §r§b[MVP§c+§b] Canifa§f§r§f: bro u have so much dedication
12:27:37 [allowed] §d§lPRISTINE! §r§fYou found §r§a☘ Flawed Peridot Gemstone §r§8x18§r§f!
12:27:46 [allowed] §d§lPRISTINE! §r§fYou found §r§a☘ Flawed Peridot Gemstone §r§8x36§r§f!
12:27:51 [allowed] §d§lPRISTINE! §r§fYou found §r§a☘ Flawed Peridot Gemstone §r§8x34§r§f!
12:27:53 [allowed] §d§lPRISTINE! §r§fYou found §r§a☘ Flawed Peridot Gemstone §r§8x17§r§f!
12:27:54 [allowed] §d§lPRISTINE! §r§fYou found §r§a☘ Flawed Peridot Gemstone §r§8x18§r§f!
12:27:59 [allowed] §d§lPRISTINE! §r§fYou found §r§a☘ Flawed Peridot Gemstone §r§8x36§r§f!
12:28:02 [allowed] §d§lPRISTINE! §r§fYou found §r§a☘ Flawed Peridot Gemstone §r§8x18§r§f!
12:28:06 [allowed] §d§lPRISTINE! §r§fYou found §r§a☘ Flawed Peridot Gemstone §r§8x18§r§f!
12:28:08 [allowed] §d§lPRISTINE! §r§fYou found §r§a☘ Flawed Peridot Gemstone §r§8x17§r§f!
12:28:10 [allowed] §d§lPRISTINE! §r§fYou found §r§a☘ Flawed Peridot Gemstone §r§8x34§r§f!
12:28:10 [allowed] §a§lPERIDOT GEMSTONE COLLECTOR §r§eCommission Complete! Visit the King §r§eto claim your rewards!
12:28:12 [allowed] §d§lPRISTINE! §r§fYou found §r§a☘ Flawed Peridot Gemstone §r§8x18§r§f!
12:28:13 [allowed] §d§lPRISTINE! §r§fYou found §r§a☘ Flawed Peridot Gemstone §r§8x18§r§f!
12:28:20 [allowed] §aYou summoned your §r§6Bat§r§a!
12:28:21 [allowed] §aYour §r§6Bat §r§aleveled up to level §r§994§r§a!
12:28:23 [allowed] §aYou summoned your §r§6Scatha§r§a!
12:28:30 [allowed] §cThere are blocks in the way!
12:28:30 [allowed] §8[§r§b238§r§8] §r§6[MVP§c++§6] ItsDustiyn§f§r§f: same
12:28:31 [allowed] §cThere are blocks in the way!
12:28:31 [allowed] §cThere are blocks in the way!
12:28:32 [allowed] §cThere are blocks in the way!
12:28:34 [allowed] §cThere are blocks in the way!
12:28:35 [allowed] §cThere are blocks in the way!
12:28:36 [allowed] §cYour pickaxe ability is on cooldown for 8s.
12:28:44 [allowed] §a§r§6Mining Speed Boost §r§ais now available!
12:28:45 [allowed] §8[§r§b238§r§8] §r§6[MVP§c++§6] ItsDustiyn§f§r§f: cya
12:28:46 [allowed] §aYou used your §r§6Mining Speed Boost §r§aPickaxe Ability!
12:28:47 [allowed] §d§lPRISTINE! §r§fYou found §r§a☘ Flawed Citrine Gemstone §r§8x17§r§f!
12:28:48 [allowed] §d§lPRISTINE! §r§fYou found §r§a☘ Flawed Citrine Gemstone §r§8x17§r§f!
12:28:49 [allowed] §d§lPRISTINE! §r§fYou found §r§a☘ Flawed Citrine Gemstone §r§8x18§r§f!
12:28:50 [allowed] §d§lPRISTINE! §r§fYou found §r§a☘ Flawed Citrine Gemstone §r§8x18§r§f!
12:28:51 [allowed] §d§lPRISTINE! §r§fYou found §r§a☘ Flawed Citrine Gemstone §r§8x18§r§f!
12:28:53 [allowed] §d§lPRISTINE! §r§fYou found §r§a☘ Flawed Citrine Gemstone §r§8x18§r§f!
12:28:54 [allowed] §d§lPRISTINE! §r§fYou found §r§a☘ Flawed Citrine Gemstone §r§8x18§r§f!
12:28:55 [allowed] §d§lPRISTINE! §r§fYou found §r§a☘ Flawed Citrine Gemstone §r§8x17§r§f!
12:28:56 [allowed] §d§lPRISTINE! §r§fYou found §r§a☘ Flawed Citrine Gemstone §r§8x17§r§f!
12:28:57 [allowed] §a§lCITRINE GEMSTONE COLLECTOR §r§eCommission Complete! Visit the King §r§eto claim your rewards!
12:28:58 [allowed] §d§lPRISTINE! §r§fYou found §r§a☘ Flawed Citrine Gemstone §r§8x18§r§f!
12:28:59 [allowed] §d§lPRISTINE! §r§fYou found §r§a☘ Flawed Citrine Gemstone §r§8x17§r§f!
12:29:01 [allowed] §cYour Mining Speed Boost has expired!
12:29:04 [allowed] §d§lPRISTINE! §r§fYou found §r§a☘ Flawed Citrine Gemstone §r§8x18§r§f!
12:29:11 [allowed] §d§lPRISTINE! §r§fYou found §r§a☘ Flawed Citrine Gemstone §r§8x18§r§f!
12:29:13 [allowed] §9§lBRRR! §r§bIt's getting really cold in here! But you've got to keep moving...
12:29:15 [allowed] §d§lPRISTINE! §r§fYou found §r§a☘ Flawed Citrine Gemstone §r§8x18§r§f!
12:29:15 [allowed] §c ☠ §r§7§r§aReMul§r§7 was killed by Ghost§r§7§r§7.
12:29:17 [allowed] §d§lPRISTINE! §r§fYou found §r§a☘ Flawed Citrine Gemstone §r§8x34§r§f!
12:29:20 [allowed] §d§lPRISTINE! §r§fYou found §r§a☘ Flawed Citrine Gemstone §r§8x18§r§f!
12:29:23 [allowed] §aYou summoned your §r§6Bat§r§a!
12:29:26 [allowed] §aYou summoned your §r§6Scatha§r§a!
12:29:29 [allowed] §cYour pickaxe ability is on cooldown for 73s.
12:29:29 [allowed] §cYour pickaxe ability is on cooldown for 72s.
12:29:30 [allowed] §cThere are blocks in the way!
12:29:30 [allowed] §cThere are blocks in the way!
12:29:31 [allowed] §cThere are blocks in the way!
12:29:33 [allowed] §cThere are blocks in the way!
12:29:46 [allowed] §d§lPRISTINE! §r§fYou found §r§a☘ Flawed Peridot Gemstone §r§8x18§r§f!
12:29:47 [allowed] §d§lPRISTINE! §r§fYou found §r§a☘ Flawed Peridot Gemstone §r§8x18§r§f!
12:29:51 [allowed] §d§lPRISTINE! §r§fYou found §r§a☘ Flawed Peridot Gemstone §r§8x17§r§f!
12:29:53 [allowed] §6A Golden Goblin has spawned!
12:29:53 [allowed] §d§lPRISTINE! §r§fYou found §r§a☘ Flawed Peridot Gemstone §r§8x17§r§f!
12:29:56 [allowed] §aYou received §r§2300 ᠅ Mithril Powder §r§afrom killing a §r§6§lGolden Goblin§r§a!
12:29:56 [allowed]   §r§7+§r§63 Gold Essence
12:30:03 [allowed] §d§lPRISTINE! §r§fYou found §r§a☘ Flawed Peridot Gemstone §r§8x18§r§f!
12:30:06 [allowed] §d§lPRISTINE! §r§fYou found §r§a☘ Flawed Peridot Gemstone §r§8x36§r§f!
12:30:08 [allowed] §d§lPRISTINE! §r§fYou found §r§a☘ Flawed Peridot Gemstone §r§8x18§r§f!
12:30:10 [allowed] §d§lPRISTINE! §r§fYou found §r§a☘ Flawed Peridot Gemstone §r§8x17§r§f!
12:30:14 [allowed] §d§lPRISTINE! §r§fYou found §r§a☘ Flawed Peridot Gemstone §r§8x18§r§f!
12:30:15 [allowed] §d§lPRISTINE! §r§fYou found §r§a☘ Flawed Peridot Gemstone §r§8x17§r§f!
12:30:19 [allowed] §d§lPRISTINE! §r§fYou found §r§a☘ Flawed Peridot Gemstone §r§8x18§r§f!
12:30:23 [allowed] §d§lPRISTINE! §r§fYou found §r§a☘ Flawed Peridot Gemstone §r§8x17§r§f!
12:30:24 [allowed] §d§lPRISTINE! §r§fYou found §r§a☘ Flawed Peridot Gemstone §r§8x17§r§f!
12:30:31 [allowed] §a§lPERIDOT GEMSTONE COLLECTOR §r§eCommission Complete! Visit the King §r§eto claim your rewards!
12:30:36 [allowed] §d§lPRISTINE! §r§fYou found §r§a☘ Flawed Peridot Gemstone §r§8x18§r§f!
12:30:42 [allowed] §aYou summoned your §r§6Bat§r§a!
12:30:42 [allowed] §a§r§6Mining Speed Boost §r§ais now available!
12:30:45 [allowed] §aYou summoned your §r§6Scatha§r§a!
12:30:52 [allowed] §aYou used your §r§6Mining Speed Boost §r§aPickaxe Ability!
12:31:07 [allowed] §cYour Mining Speed Boost has expired!
12:31:27 [allowed] §a§lTUNGSTEN COLLECTOR §r§eCommission Complete! Visit the King §r§eto claim your rewards!
12:31:30 [allowed] §aYou summoned your §r§6Bat§r§a!
12:31:33 [allowed] §aYou summoned your §r§6Scatha§r§a!
12:31:37 [allowed] §6The warmth of the campfire reduced your §r§b❄ Cold §r§6to §r§a0§r§6!
12:32:48 [allowed] §a§r§6Mining Speed Boost §r§ais now available!
12:36:19 [allowed] §a§l▬▬▬▬▬▬▬▬▬▬▬▬▬▬▬▬▬▬▬▬▬▬▬▬▬▬▬▬▬▬▬▬▬▬▬▬▬▬▬▬▬▬▬▬▬▬▬▬▬▬▬▬▬▬▬▬▬▬▬▬▬▬▬▬
12:36:19 [allowed] §f                           §r§b§l2X POWDER ENDED!
12:36:19 [allowed] §f                           §r§7Passive Active Event
12:36:19 [allowed] §f   Powder amount is back to normal, but there will be another
12:36:19 [allowed] §f§r§f                                 event soon!
12:36:19 [allowed] §a§l▬▬▬▬▬▬▬▬▬▬▬▬▬▬▬▬▬▬▬▬▬▬▬▬▬▬▬▬▬▬▬▬▬▬▬▬▬▬▬▬▬▬▬▬▬▬▬▬▬▬▬▬▬▬▬▬▬▬▬▬▬▬▬▬
12:39:11 [allowed] §c ☠ §r§7§r§7Nono3306§r§7 fell to their death§r§7.
12:40:50 [allowed]  §c⚑ §eThe §cGoblin Raid §eevent starts in §a20 §eseconds!
 §aClick here §eto teleport to §bGarry §eand prepare!
12:41:10 [allowed] §a§l▬▬▬▬▬▬▬▬▬▬▬▬▬▬▬▬▬▬▬▬▬▬▬▬▬▬▬▬▬▬▬▬▬▬▬▬▬▬▬▬▬▬▬▬▬▬▬▬▬▬▬▬▬▬▬▬▬▬▬▬▬▬▬▬
12:41:10 [allowed] §f                        §r§c§lGOBLIN RAID STARTED!
12:41:10 [allowed] §f                                 §r§7Mining Event
12:41:10 [allowed] §f                        Kill all §r§c1,000 §r§fgoblins to §r§awin§r§f!
12:41:10 [allowed] §f       Earn §r§6extra rewards §r§fby slaying at least §r§c25 §r§fyourself!
12:41:10 [allowed] §f                  Go to §r§bThe Forge §r§7(or talk to Garry)
12:41:10 [allowed] §a§l▬▬▬▬▬▬▬▬▬▬▬▬▬▬▬▬▬▬▬▬▬▬▬▬▬▬▬▬▬▬▬▬▬▬▬▬▬▬▬▬▬▬▬▬▬▬▬▬▬▬▬▬▬▬▬▬▬▬▬▬▬▬▬▬
12:42:09 [allowed] §6§k§lA§r §c§lFIRE SALE §r§6§k§lA
§r§c♨ §eSelling an item for a limited time!
§r§c   ♨ §dBlizzard Bal Skin §e(§c747 left§e)§c§r
§r§c♨ §a§l[WARP] §eTo Elizabeth in the next §c3d 5h 17m §eto grab yours!
12:43:05 [allowed] §7Your Giant's Sword hit §r§c2 §r§7enemies for §r§c12,209 §r§7damage.
12:43:10 [allowed] §eA nearby §r§bSuperprotectron §r§eis defending this goblin!
12:43:10 [allowed] §eA nearby §r§bSuperprotectron §r§edefends this goblin against ability damage!
12:43:10 [allowed] §eA nearby §r§bSuperprotectron §r§eis defending this goblin!
12:43:10 [allowed] §a§l+5 Kill Combo §r§8§r§b+3✯ Magic Find
12:43:11 [allowed] §eA nearby §r§bSuperprotectron §r§eis defending this goblin!
12:43:11 [allowed] §eA nearby §r§bSuperprotectron §r§eis defending this goblin!
12:43:12 [allowed] §eA nearby §r§bSuperprotectron §r§eis defending this goblin!
12:43:13 [allowed] §eA nearby §r§bSuperprotectron §r§eis defending this goblin!
12:43:14 [allowed] §eA nearby §r§bSuperprotectron §r§eis defending this goblin!
12:43:15 [allowed] §eA nearby §r§bSuperprotectron §r§eis defending this goblin!
12:43:15 [allowed] §a§l+10 Kill Combo §r§8+§r§610 §r§7coins per kill
12:43:15 [allowed] §eA nearby §r§bSuperprotectron §r§edefends this goblin against ability damage!
12:43:18 [allowed] §a§l▬▬▬▬▬▬▬▬▬▬▬▬▬▬▬▬▬▬▬▬▬▬▬▬▬▬▬▬▬▬▬▬▬▬▬▬▬▬▬▬▬▬▬▬▬▬▬▬▬▬▬▬▬▬▬▬▬▬▬▬▬▬▬▬
12:43:18 [allowed] §f                          §r§c§lGOBLIN RAID ENDED!
12:43:18 [allowed] §f                                 §r§7Mining Event
12:43:18 [allowed] §f              §r§a§lWOW! §r§fAll §r§c1,000 §r§fgoblins were slain in §r§e02:05§r§f!
12:43:18 [allowed] §f    §r§cYou killed 10/25 goblins required for the personal bonus!
12:43:18 [allowed] §f                                   Rewards
12:43:18 [allowed] §f                        §r§8+§r§310,000 Mining Experience
12:43:18 [allowed] §f                                §r§8+§r§550 HOTM Exp
12:43:18 [allowed] §f                           §r§8+§r§21,680 Mithril Powder
12:43:18 [allowed] §f                                   §r§8+§r§b14 Bits
12:43:18 [allowed] §a§l▬▬▬▬▬▬▬▬▬▬▬▬▬▬▬▬▬▬▬▬▬▬▬▬▬▬▬▬▬▬▬▬▬▬▬▬▬▬▬▬▬▬▬▬▬▬▬▬▬▬▬▬▬▬▬▬▬▬▬▬▬▬▬▬
12:43:21 [allowed] §cYour Kill Combo has expired! You reached a 10 Kill Combo!
12:43:48 [allowed] §aYou used your §r§6Mining Speed Boost §r§aPickaxe Ability!
12:43:49 [allowed] §cYour pickaxe ability is on cooldown for 114s.
12:43:50 [allowed] §d§lPRISTINE! §r§fYou found §r§a☠ Flawed Onyx Gemstone §r§8x36§r§f!
12:43:50 [allowed] §d§lPRISTINE! §r§fYou found §r§a☠ Flawed Onyx Gemstone §r§8x18§r§f!
12:43:51 [allowed] §d§lPRISTINE! §r§fYou found §r§a☠ Flawed Onyx Gemstone §r§8x18§r§f!
12:43:54 [allowed] §d§lPRISTINE! §r§fYou found §r§a☠ Flawed Onyx Gemstone §r§8x18§r§f!
12:43:55 [allowed] §d§lPRISTINE! §r§fYou found §r§a☠ Flawed Onyx Gemstone §r§8x18§r§f!
12:43:55 [allowed] §d§lPRISTINE! §r§fYou found §r§a☠ Flawed Onyx Gemstone §r§8x18§r§f!
12:43:56 [allowed] §d§lPRISTINE! §r§fYou found §r§a☠ Flawed Onyx Gemstone §r§8x18§r§f!
12:44:01 [allowed] §d§lPRISTINE! §r§fYou found §r§a☠ Flawed Onyx Gemstone §r§8x17§r§f!
12:44:02 [allowed] §d§lPRISTINE! §r§fYou found §r§a☠ Flawed Onyx Gemstone §r§8x17§r§f!
12:44:03 [allowed] §cYour Mining Speed Boost has expired!
12:44:07 [allowed] §a§lONYX GEMSTONE COLLECTOR §r§eCommission Complete! Visit the King §r§eto claim your rewards!
12:44:10 [allowed] §d§lPRISTINE! §r§fYou found §r§a☠ Flawed Onyx Gemstone §r§8x17§r§f!
12:44:14 [allowed] §aYou summoned your §r§6Bat§r§a!
12:44:17 [allowed] §aYou summoned your §r§6Ammonite§r§a!
12:44:19 [allowed] §aYou summoned your §r§6Scatha§r§a!
12:44:20 [allowed] §6The warmth of the campfire reduced your §r§b❄ Cold §r§6to §r§a0§r§6!
12:44:37 [allowed] §8[§r§739§r§8] §r§7UNQTO§7§r§7: can someone help me find some titanium inside rampart's quarry
12:45:44 [allowed] §8[§r§739§r§8] §r§7UNQTO§7§r§7: can someone?
12:45:45 [allowed] §a§r§6Mining Speed Boost §r§ais now available!
12:46:48 [allowed] §8[§r§739§r§8] §r§7UNQTO§7§r§7: THANK OYOU MAN I NEED 7more
12:47:11 [allowed] §8[§r§f56§r§8] §r§a[VIP] ENCISE_DZ§f§r§f: go away
12:47:34 [allowed] §8[§r§f56§r§8] §r§a[VIP] ENCISE_DZ§f§r§f: good
12:47:36 [allowed] §5§l✯ §r§eA §r§5Fallen Star §r§ehas crashed at §r§bUpper Mines§r§e! Nearby ore and Powder drops are amplified!
12:47:58 [allowed] §8[§r§739§r§8] §r§7UNQTO§7§r§7: thanks man you saved me 1h
12:47:59 [allowed] §aYou used your §r§6Mining Speed Boost §r§aPickaxe Ability!
12:48:00 [allowed] §d§lPRISTINE! §r§fYou found §r§a☘ Flawed Peridot Gemstone §r§8x18§r§f!
12:48:01 [allowed] §d§lPRISTINE! §r§fYou found §r§a☘ Flawed Peridot Gemstone §r§8x18§r§f!
12:48:04 [allowed] §d§lPRISTINE! §r§fYou found §r§a☘ Flawed Peridot Gemstone §r§8x17§r§f!
12:48:06 [allowed] §d§lPRISTINE! §r§fYou found §r§a☘ Flawed Peridot Gemstone §r§8x18§r§f!
12:48:06 [allowed] §d§lPRISTINE! §r§fYou found §r§a☘ Flawed Peridot Gemstone §r§8x18§r§f!
12:48:07 [allowed] §d§lPRISTINE! §r§fYou found §r§a☘ Flawed Peridot Gemstone §r§8x36§r§f!
12:48:08 [allowed] §d§lPRISTINE! §r§fYou found §r§a☘ Flawed Peridot Gemstone §r§8x18§r§f!
12:48:10 [allowed] §d§lPRISTINE! §r§fYou found §r§a☘ Flawed Peridot Gemstone §r§8x17§r§f!
12:48:12 [allowed] §d§lPRISTINE! §r§fYou found §r§a☘ Flawed Peridot Gemstone §r§8x18§r§f!
12:48:12 [allowed] §d§lPRISTINE! §r§fYou found §r§a☘ Flawed Peridot Gemstone §r§8x18§r§f!
12:48:14 [allowed] §cYour Mining Speed Boost has expired!
12:48:16 [allowed] §cThere are blocks in the way!
12:48:16 [allowed] §cThere are blocks in the way!
12:48:19 [allowed] §d§lPRISTINE! §r§fYou found §r§a☘ Flawed Peridot Gemstone §r§8x18§r§f!
12:48:22 [allowed] §a§lPERIDOT GEMSTONE COLLECTOR §r§eCommission Complete! Visit the King §r§eto claim your rewards!
12:48:23 [allowed] §d§lPRISTINE! §r§fYou found §r§a☘ Flawed Peridot Gemstone §r§8x17§r§f!
12:48:28 [allowed] §aYou summoned your §r§6Bat§r§a!
12:48:33 [allowed] §aYou summoned your §r§6Scatha§r§a!
12:48:38 [allowed] §cThere are blocks in the way!
12:48:39 [allowed] §cThere are blocks in the way!
12:48:39 [allowed] §cThere are blocks in the way!
12:48:39 [allowed] §cThere are blocks in the way!
12:48:39 [allowed] §cThere are blocks in the way!
12:48:56 [allowed] §d§lPRISTINE! §r§fYou found §r§aα Flawed Aquamarine Gemstone §r§8x17§r§f!
12:48:59 [allowed] §d§lPRISTINE! §r§fYou found §r§aα Flawed Aquamarine Gemstone §r§8x17§r§f!
12:49:01 [allowed] §d§lPRISTINE! §r§fYou found §r§aα Flawed Aquamarine Gemstone §r§8x17§r§f!
12:49:05 [allowed] §d§lPRISTINE! §r§fYou found §r§aα Flawed Aquamarine Gemstone §r§8x18§r§f!
12:49:07 [allowed] §d§lPRISTINE! §r§fYou found §r§aα Flawed Aquamarine Gemstone §r§8x18§r§f!
12:49:12 [allowed] §d§lPRISTINE! §r§fYou found §r§aα Flawed Aquamarine Gemstone §r§8x17§r§f!
12:49:17 [allowed] §d§lPRISTINE! §r§fYou found §r§aα Flawed Aquamarine Gemstone §r§8x17§r§f!
12:49:20 [allowed] §d§lPRISTINE! §r§fYou found §r§aα Flawed Aquamarine Gemstone §r§8x34§r§f!
12:49:22 [allowed] §5§lWOW! §r§aYou found a §r§bGlacite Mineshaft §r§aportal!
12:49:22 [allowed] §b§lMINESHAFT! §r§7A Mineshaft portal spawned nearby!
12:49:26 [allowed] §a§lAQUAMARINE GEMSTONE COLLECTOR §r§eCommission Complete! Visit the King §r§eto claim your rewards!
12:49:30 [allowed] §aSending to Mineshaft...
12:49:30 [allowed] §9§m-----------------------------
§r§b[MVP§r§9+§r§b] Sebbebas§r§f §r§eentered §r§aGlacite Mineshafts§r§e!
§r§9§m-----------------------------
12:49:30 [allowed] §8Queuing... (Attempt 1/3)
12:49:31 [allowed] §a§lMINESHAFT EXPLORER §r§eCommission Complete! Visit the King §r§eto claim your rewards!
12:49:31 [allowed] §a§r§6Mining Speed Boost §r§ais now available!
12:49:32 [allowed] §a§l▬▬▬▬▬▬▬▬▬▬▬▬▬▬▬▬▬▬▬▬▬▬▬▬▬▬▬▬▬▬▬▬▬▬▬▬▬▬▬▬▬▬▬▬▬▬▬▬▬▬▬▬▬▬▬▬▬▬▬▬▬▬▬▬
12:49:32 [allowed] §f                          §r§b§l2X POWDER STARTED!
12:49:32 [allowed] §f                           §r§7Passive Active Event
12:49:32 [allowed] §f        Everybody gets twice as much powder of all types!
12:49:32 [allowed] §a§l▬▬▬▬▬▬▬▬▬▬▬▬▬▬▬▬▬▬▬▬▬▬▬▬▬▬▬▬▬▬▬▬▬▬▬▬▬▬▬▬▬▬▬▬▬▬▬▬▬▬▬▬▬▬▬▬▬▬▬▬▬▬▬▬
12:49:33 [allowed] §b§lMINESHAFT MODIFIERS!
12:49:33 [allowed] §b§lMAYHEM! §r§7You received a §r§a§r§6☘ Mining Fortune §r§7buff from your §r§aMineshaft Mayhem §r§7perk!
12:49:40 [allowed] §a§lMANIAC SLAYER §r§eCommission Complete! Visit the King §r§eto claim your rewards!
12:49:47 [allowed] §aYou summoned your §r§6Bat§r§a!
12:49:51 [allowed] §aYou summoned your §r§6Scatha§r§a!
12:49:54 [allowed] §aYou used your §r§6Mining Speed Boost §r§aPickaxe Ability!
12:49:57 [allowed] §6§lEXCAVATOR! §r§fYou found a §r§9Suspicious Scrap§r§f!
12:49:57 [allowed] §a§lSCRAP COLLECTOR §r§eCommission Complete! Visit the King §r§eto claim your rewards!
12:50:02 [allowed] §d§lPRISTINE! §r§fYou found §r§aα Flawed Aquamarine Gemstone §r§8x38§r§f!
12:50:03 [allowed] §d§lPRISTINE! §r§fYou found §r§aα Flawed Aquamarine Gemstone §r§8x19§r§f!
12:50:04 [allowed] §d§lPRISTINE! §r§fYou found §r§aα Flawed Aquamarine Gemstone §r§8x18§r§f!
12:50:05 [allowed] §d§lPRISTINE! §r§fYou found §r§aα Flawed Aquamarine Gemstone §r§8x18§r§f!
12:50:06 [allowed] §d§lPRISTINE! §r§fYou found §r§aα Flawed Aquamarine Gemstone §r§8x36§r§f!
12:50:09 [allowed] §cYour Mining Speed Boost has expired!
12:50:14 [allowed] §d§lPRISTINE! §r§fYou found §r§aα Flawed Aquamarine Gemstone §r§8x18§r§f!
12:50:22 [allowed] §d§lPRISTINE! §r§fYou found §r§aα Flawed Aquamarine Gemstone §r§8x18§r§f!
12:50:24 [allowed] §d§lPRISTINE! §r§fYou found §r§aα Flawed Aquamarine Gemstone §r§8x19§r§f!
12:50:31 [allowed] §7§oThe mineshaft entrance has caved in... it doesn't look like anyone else will be able to get in here.
12:50:35 [allowed] §d§lPRISTINE! §r§fYou found §r§aα Flawed Aquamarine Gemstone §r§8x19§r§f!
12:50:37 [allowed] §aYou summoned your §r§6Bat§r§a!
12:50:40 [allowed] §aYou summoned your §r§6Scatha§r§a!
12:50:58 [allowed] §cThis menu is disabled here!
12:51:26 [allowed] §d§lPRISTINE! §r§fYou found §r§aα Flawed Aquamarine Gemstone §r§8x18§r§f!
12:51:29 [allowed] §d§lPRISTINE! §r§fYou found §r§aα Flawed Aquamarine Gemstone §r§8x18§r§f!
12:51:33 [allowed] §d§lPRISTINE! §r§fYou found §r§aα Flawed Aquamarine Gemstone §r§8x18§r§f!
12:51:49 [allowed] §d§lPRISTINE! §r§fYou found §r§aα Flawed Aquamarine Gemstone §r§8x36§r§f!
12:51:50 [allowed] §a§r§6Mining Speed Boost §r§ais now available!
12:51:52 [allowed] §9§lBRRR! §r§bIt's getting really cold in here! But you've got to keep moving...
12:51:52 [allowed] §d§lPRISTINE! §r§fYou found §r§aα Flawed Aquamarine Gemstone §r§8x36§r§f!
12:51:54 [allowed] §d§lPRISTINE! §r§fYou found §r§aα Flawed Aquamarine Gemstone §r§8x18§r§f!
12:51:56 [allowed] §aYou used your §r§6Mining Speed Boost §r§aPickaxe Ability!
12:52:00 [allowed] §d§lPRISTINE! §r§fYou found §r§aα Flawed Aquamarine Gemstone §r§8x19§r§f!
12:52:02 [allowed] §b§lBRRR! §r§aIt's getting colder in here...
12:52:04 [allowed] §d§lPRISTINE! §r§fYou found §r§aα Flawed Aquamarine Gemstone §r§8x19§r§f!
12:52:05 [allowed] §d§lPRISTINE! §r§fYou found §r§aα Flawed Aquamarine Gemstone §r§8x38§r§f!
12:52:06 [allowed] §d§lPRISTINE! §r§fYou found §r§aα Flawed Aquamarine Gemstone §r§8x18§r§f!
12:52:07 [allowed] §d§lPRISTINE! §r§fYou found §r§aα Flawed Aquamarine Gemstone §r§8x19§r§f!
12:52:08 [allowed] §d§lPRISTINE! §r§fYou found §r§aα Flawed Aquamarine Gemstone §r§8x19§r§f!
12:52:11 [allowed] §d§lPRISTINE! §r§fYou found §r§aα Flawed Aquamarine Gemstone §r§8x72§r§f!
12:52:11 [allowed] §cYour Mining Speed Boost has expired!
12:52:13 [allowed] §d§lPRISTINE! §r§fYou found §r§aα Flawed Aquamarine Gemstone §r§8x18§r§f!
12:52:15 [allowed] §d§lPRISTINE! §r§fYou found §r§aα Flawed Aquamarine Gemstone §r§8x18§r§f!
12:52:20 [allowed] §d§lPRISTINE! §r§fYou found §r§aα Flawed Aquamarine Gemstone §r§8x19§r§f!
12:52:31 [allowed] §d§lPRISTINE! §r§fYou found §r§aα Flawed Aquamarine Gemstone §r§8x19§r§f!
12:52:38 [allowed] §d§lPRISTINE! §r§fYou found §r§aα Flawed Aquamarine Gemstone §r§8x38§r§f!
12:52:40 [allowed] §d§lPRISTINE! §r§fYou found §r§aα Flawed Aquamarine Gemstone §r§8x19§r§f!
12:52:42 [allowed] §d§lPRISTINE! §r§fYou found §r§aα Flawed Aquamarine Gemstone §r§8x18§r§f!
12:52:56 [allowed] §d§lPRISTINE! §r§fYou found §r§aα Flawed Aquamarine Gemstone §r§8x18§r§f!
12:53:01 [allowed] §d§lPRISTINE! §r§fYou found §r§aα Flawed Aquamarine Gemstone §r§8x38§r§f!
12:53:10 [allowed] §d§lPRISTINE! §r§fYou found §r§aα Flawed Aquamarine Gemstone §r§8x19§r§f!
12:53:12 [allowed] §d§lPRISTINE! §r§fYou found §r§aα Flawed Aquamarine Gemstone §r§8x36§r§f!
12:53:14 [allowed] §d§lPRISTINE! §r§fYou found §r§aα Flawed Aquamarine Gemstone §r§8x19§r§f!
12:53:17 [allowed] §d§lPRISTINE! §r§fYou found §r§aα Flawed Aquamarine Gemstone §r§8x18§r§f!
12:53:22 [allowed] §d§lPRISTINE! §r§fYou found §r§aα Flawed Aquamarine Gemstone §r§8x19§r§f!
12:53:24 [allowed] §d§lPRISTINE! §r§fYou found §r§aα Flawed Aquamarine Gemstone §r§8x18§r§f!
12:53:31 [allowed] §d§lPRISTINE! §r§fYou found §r§aα Flawed Aquamarine Gemstone §r§8x18§r§f!
12:53:36 [allowed] §d§lPRISTINE! §r§fYou found §r§aα Flawed Aquamarine Gemstone §r§8x19§r§f!
12:53:47 [allowed] §d§lPRISTINE! §r§fYou found §r§aα Flawed Aquamarine Gemstone §r§8x18§r§f!
12:53:51 [allowed] §9§lBRRR! §r§bIt's so cold that you can barely feel your fingers. Moving is getting difficult...
12:53:51 [allowed] §a§r§6Mining Speed Boost §r§ais now available!
12:53:52 [allowed] §d§lPRISTINE! §r§fYou found §r§aα Flawed Aquamarine Gemstone §r§8x19§r§f!
12:53:59 [allowed] §aYou used your §r§6Mining Speed Boost §r§aPickaxe Ability!
12:54:00 [allowed] §d§lPRISTINE! §r§fYou found §r§aα Flawed Aquamarine Gemstone §r§8x19§r§f!
12:54:02 [allowed] §d§lPRISTINE! §r§fYou found §r§aα Flawed Aquamarine Gemstone §r§8x18§r§f!
12:54:04 [allowed] §d§lPRISTINE! §r§fYou found §r§aα Flawed Aquamarine Gemstone §r§8x19§r§f!
12:54:07 [allowed] §d§lPRISTINE! §r§fYou found §r§aα Flawed Aquamarine Gemstone §r§8x19§r§f!
12:54:08 [allowed] §d§lPRISTINE! §r§fYou found §r§aα Flawed Aquamarine Gemstone §r§8x19§r§f!
12:54:14 [allowed] §cYour Mining Speed Boost has expired!
12:54:18 [allowed] §d§lPRISTINE! §r§fYou found §r§aα Flawed Aquamarine Gemstone §r§8x19§r§f!
12:54:22 [allowed] §d§lPRISTINE! §r§fYou found §r§aα Flawed Aquamarine Gemstone §r§8x36§r§f!
12:54:32 [allowed] §b§lBRRR! §r§aIt's getting colder in here...
12:54:32 [allowed] §d§lPRISTINE! §r§fYou found §r§aα Flawed Aquamarine Gemstone §r§8x19§r§f!
12:54:35 [allowed] §d§lPRISTINE! §r§fYou found §r§aα Flawed Aquamarine Gemstone §r§8x19§r§f!
12:54:37 [allowed] §d§lPRISTINE! §r§fYou found §r§aα Flawed Aquamarine Gemstone §r§8x38§r§f!
12:54:42 [allowed] §d§lPRISTINE! §r§fYou found §r§aα Flawed Aquamarine Gemstone §r§8x19§r§f!
12:54:45 [allowed] §d§lPRISTINE! §r§fYou found §r§aα Flawed Aquamarine Gemstone §r§8x19§r§f!
12:54:47 [allowed] §d§lPRISTINE! §r§fYou found §r§aα Flawed Aquamarine Gemstone §r§8x18§r§f!
12:54:52 [allowed] §d§lPRISTINE! §r§fYou found §r§aα Flawed Aquamarine Gemstone §r§8x18§r§f!
12:55:04 [allowed] §d§lPRISTINE! §r§fYou found §r§aα Flawed Aquamarine Gemstone §r§8x18§r§f!
12:55:09 [allowed] §d§lPRISTINE! §r§fYou found §r§aα Flawed Aquamarine Gemstone §r§8x36§r§f!
12:55:19 [allowed] §d§lPRISTINE! §r§fYou found §r§aα Flawed Aquamarine Gemstone §r§8x38§r§f!
12:55:22 [allowed] §d§lPRISTINE! §r§fYou found §r§aα Flawed Aquamarine Gemstone §r§8x19§r§f!
12:55:25 [allowed] §d§lPRISTINE! §r§fYou found §r§aα Flawed Aquamarine Gemstone §r§8x36§r§f!
12:55:35 [allowed] §9§lBRRR! §r§bYour movement slows to a crawl as the cold threatens to take over. Time to get out of here...
12:55:38 [allowed] §d§lPRISTINE! §r§fYou found §r§aα Flawed Aquamarine Gemstone §r§8x19§r§f!
12:55:49 [allowed] §d§lPRISTINE! §r§fYou found §r§aα Flawed Aquamarine Gemstone §r§8x19§r§f!
12:55:54 [allowed] §a§r§6Mining Speed Boost §r§ais now available!
12:55:55 [allowed] §aYou used your §r§6Mining Speed Boost §r§aPickaxe Ability!
12:55:56 [allowed] §d§lPRISTINE! §r§fYou found §r§aα Flawed Aquamarine Gemstone §r§8x18§r§f!
12:55:59 [allowed] §d§lPRISTINE! §r§fYou found §r§aα Flawed Aquamarine Gemstone §r§8x18§r§f!
12:56:02 [allowed] §d§lPRISTINE! §r§fYou found §r§aα Flawed Aquamarine Gemstone §r§8x36§r§f!
12:56:04 [allowed] §d§lPRISTINE! §r§fYou found §r§aα Flawed Aquamarine Gemstone §r§8x18§r§f!
12:56:06 [allowed] §d§lPRISTINE! §r§fYou found §r§aα Flawed Aquamarine Gemstone §r§8x19§r§f!
12:56:09 [allowed] §d§lPRISTINE! §r§fYou found §r§aα Flawed Aquamarine Gemstone §r§8x18§r§f!
12:56:10 [allowed] §d§lPRISTINE! §r§fYou found §r§aα Flawed Aquamarine Gemstone §r§8x19§r§f!
12:56:10 [allowed] §cYour Mining Speed Boost has expired!
12:56:33 [allowed] §9§lBRRR! §r§bYou're freezing! All you can think about is getting out of here to a warm campfire...
12:56:44 [allowed] §b§lBYE! §r§aYou got a §r§b+2,410 §r§bGlacite Powder §r§aand §r§5+500 HOTM EXP §r§abonus for leaving a Mineshaft before you died!
12:56:48 [allowed] §c ☠ §r§7§r§7BathWaterEnjoyer§r§7 was killed by Glacite Walker§r§7§r§7.
12:56:58 [allowed] §cThere are blocks in the way!
12:57:17 [allowed] §cThere are blocks in the way!
12:57:39 [allowed] §cThere are blocks in the way!
12:57:40 [allowed] §cThere are blocks in the way!
12:58:48 [allowed] §c ☠ §r§7§r§aLxlyri§r§7 was killed by Treasure Hoarder§r§7§r§7.
