21:58:55 §e[SkyHanni] §aSkilled V: §623.74% §b-> §618.34%§r
21:58:55 §e[SkyHanni] §aOperation: Ore V: §c38.19% §b-> §66.45%§r
21:58:55 §e[SkyHanni] §aA Hard Day's Work: §c100.00% §b-> §c47.13%§r
21:58:55 §e[SkyHanni] §aClown Collab V: §c100.00% §b-> §622.67%§r
21:58:55 §e[SkyHanni] §aRevenant Horror V: §c100.00% §b-> §614.68%§r
22:02:17 §e[SkyHanni] §b+7 SkyBlock XP §7(Collections§7)§b (51/100)§r
22:03:41 §e[SkyHanni] §b+7 SkyBlock XP §7(Collections§7)§b (58/100)§r
22:09:58 §a§lPotion Effect! §r§eHaste IV §aby §7JonathanLanunez§r
22:24:09 §e[SkyHanni] §aSkilled V: §618.34% §b-> §616.05%§r
22:24:09 §e[SkyHanni] §cOperation: Ore V: §66.45% §b-> §66.52%§r
22:24:09 §e[SkyHanni] §aA Hard Day's Work: §c47.13% §b-> §c47.11%§r
22:24:09 §e[SkyHanni] §aClown Collab V: §622.67% §b-> §622.66%§r
22:24:09 §e[SkyHanni] §cRevenant Horror V: §614.68% §b-> §614.90%§r
22:39:18 §a§lPotion Effect! §r§cFire Resistance I§r
22:39:18 §a§lPotion Effect! §r§bMagic Find II§r
22:39:19 §a§lPotion Effect! §r§9Experience III§r
22:39:19 §a§lPotion Effect! §r§9Dodge II§r
22:39:20 §a§lPotion Effect! §r§9Water Breathing II§r
22:39:20 §a§lPotion Effect! §r§bPet Luck II§r
22:39:20 §a§lPotion Effect! §r§5Night Vision I§r
22:39:21 §a§lPotion Effect! §r§bSpirit II§r
22:39:21 §a§lPotion Effect! §r§eHaste II§r
22:39:21 §a§lPotion Effect! §r§9Mana V§r
22:39:22 §a§lPotion Effect! §r§9Speed V§r
22:39:22 §a§lPotion Effect! §r§4Regeneration IV§r
22:39:22 §a§lPotion Effect! §r§aRabbit II§r
22:39:23 §a§lPotion Effect! §r§4Critical II§r
22:39:23 §a§lPotion Effect! §r§bArchery II§r
22:39:23 §a§lPotion Effect! §r§6Absorption V§r
22:39:24 §a§lPotion Effect! §r§4Strength V§r
22:39:24 §a§lPotion Effect! §r§cAdrenaline V§r
22:39:24 §a§lPotion Effect! §r§aResistance V§r
22:46:06 §a§lPotion Effect! §r§9Experience III§r
22:46:06 §a§lPotion Effect! §r§bPet Luck II§r
22:46:07 §a§lPotion Effect! §r§4Regeneration IV§r
22:46:07 §a§lPotion Effect! §r§9Dodge II§r
22:46:07 §a§lPotion Effect! §r§4Strength V§r
22:46:07 §a§lPotion Effect! §r§bMagic Find II§r
22:46:08 §a§lPotion Effect! §r§bSpirit II§r
22:46:08 §a§lPotion Effect! §r§9Mana V§r
22:46:08 §a§lPotion Effect! §r§9Speed V§r
22:46:09 §a§lPotion Effect! §r§cAdrenaline V§r
22:46:09 §a§lPotion Effect! §r§6Absorption V§r
22:46:09 §a§lPotion Effect! §r§cFire Resistance I§r
22:46:10 §a§lPotion Effect! §r§aResistance V§r
22:46:10 §a§lPotion Effect! §r§bArchery II§r
22:46:11 §a§lPotion Effect! §r§aRabbit II§r
22:46:11 §a§lPotion Effect! §r§eHaste II§r
22:46:11 §a§lPotion Effect! §r§4Critical II§r
22:46:12 §a§lPotion Effect! §r§9Water Breathing II§r
22:46:12 §a§lPotion Effect! §r§5Night Vision I§r
22:46:37 §e[SkyHanni] §aSkilled V: §616.05% §b-> §615.36%§r
22:46:37 §e[SkyHanni] §cOperation: Ore V: §66.52% §b-> §66.61%§r
22:46:37 §e[SkyHanni] §cA Hard Day's Work: §c47.11% §b-> §c47.16%§r
22:46:37 §e[SkyHanni] §aClown Collab V: §622.66% §b-> §622.63%§r
22:46:37 §e[SkyHanni] §cRevenant Horror V: §614.90% §b-> §614.99%§r
22:47:20 §e[SkyHanni] §b+3 SkyBlock XP §7(Pet Score§7)§b (20/100)§r
22:51:19 §e[SkyHanni] §cSkilled V: §615.36% §b-> §615.40%§r
22:51:19 §e[SkyHanni] §aOperation: Ore V: §66.61% §b-> §66.60%§r
22:51:19 §e[SkyHanni] §aA Hard Day's Work: §c47.16% §b-> §c47.14%§r
22:51:19 §e[SkyHanni] §aClown Collab V: §622.63% §b-> §622.58%§r
22:55:15 §e[SkyHanni] §b+5 SkyBlock XP §7(Collections§7)§b (29/100)§r
22:59:07 §e[SkyHanni] §b+4 SkyBlock XP §7(Collections§7)§b (38/100)§r
23:09:00 §e[SkyHanni] §aSkilled V: §615.40% §b-> §615.38%§r
23:09:00 §e[SkyHanni] §cOperation: Ore V: §66.60% §b-> §66.65%§r
23:09:00 §e[SkyHanni] §aA Hard Day's Work: §c47.14% §b-> §c47.12%§r
23:09:00 §e[SkyHanni] §aClown Collab V: §622.58% §b-> §622.54%§r
23:09:00 §e[SkyHanni] §cRevenant Horror V: §614.99% §b-> §615.11%§r
23:24:23 §e[SkyHanni] §b+6 SkyBlock XP §7(Pet Score§7)§b (63/100)§r
23:24:23 §e[SkyHanni] §b+3 SkyBlock XP §7(Pet Score§7)§b (66/100)§r
23:24:30 §e[SkyHanni] §aSkilled V: §615.38% §b-> §614.77%§r
23:24:30 §e[SkyHanni] §cOperation: Ore V: §66.65% §b-> §66.69%§r
23:24:30 §e[SkyHanni] §aA Hard Day's Work: §c47.12% §b-> §c47.10%§r
23:24:30 §e[SkyHanni] §cClown Collab V: §622.54% §b-> §622.58%§r
23:24:30 §e[SkyHanni] §aRevenant Horror V: §615.11% §b-> §615.09%§r
23:27:09 §e[SkyHanni] §aOperation: Ore V: §66.69% §b-> §66.68%§r
23:27:09 §e[SkyHanni] §cClown Collab V: §622.58% §b-> §622.61%§r
23:27:09 §e[SkyHanni] §cRevenant Horror V: §615.09% §b-> §615.11%§r
23:28:52 §a§lPotion Effect! §r§4Critical II§r
23:28:53 §a§lPotion Effect! §r§bArchery II§r
23:28:53 §a§lPotion Effect! §r§9Experience III§r
23:28:54 §a§lPotion Effect! §r§9Speed V§r
23:28:54 §a§lPotion Effect! §r§4Strength V§r
23:28:54 §a§lPotion Effect! §r§cFire Resistance I§r
23:28:55 §a§lPotion Effect! §r§bMagic Find II§r
23:28:55 §a§lPotion Effect! §r§9Water Breathing II§r
23:28:55 §a§lPotion Effect! §r§bPet Luck II§r
23:28:56 §a§lPotion Effect! §r§aRabbit II§r
23:28:56 §a§lPotion Effect! §r§4Regeneration IV§r
23:28:56 §a§lPotion Effect! §r§5Night Vision I§r
23:28:57 §a§lPotion Effect! §r§bSpirit II§r
23:28:57 §a§lPotion Effect! §r§9Dodge II§r
23:28:57 §a§lPotion Effect! §r§6Absorption V§r
23:28:58 §a§lPotion Effect! §r§cAdrenaline V§r
23:28:58 §a§lPotion Effect! §r§eHaste II§r
23:28:58 §a§lPotion Effect! §r§aResistance V§r
23:28:59 §a§lPotion Effect! §r§9Mana V§r
