00:28:55 [EMPTY] §f §r§r§r§f §r§r§r§1 §r§r§r§0 §r§r§r§2 §r§r§r§f §r§r§r§f §r§r§r§2 §r§r§r§0 §r§r§r§4 §r§r§r§3 §r§r§r§9 §r§r§r§2 §r§r§r§0 §r§r§r§0 §r§r§r§3 §r§r§r§9 §r§r§r§2 §r§r§r§0 §r§r§r§0 §r§r§r§3 §r§r§r§9 §r§r§r§2 §r§r§r§0 §r§r§r§0 
00:28:55 [LOBBY] §b✦ §r§7You earned §r§b36 §r§7Mystery Dust!
00:28:55 [LOBBY] §b[MVP§f+§b] Sebbebas§f §6joined the lobby!
00:28:55 [LOBBY]  §b>§c>§a>§r §r§6[MVP§0++§6] ImNotGood§f §6joined the lobby!§r §a<§c<§b<
00:28:55 [LOBBY] §b[MVP§9+§b] IceGangsta§f §6joined the lobby!
00:28:55 [LOBBY]   §r§f§l➤ §r§6You have reached your Hype limit! Add Hype to Prototype Lobby minigames by right-clicking with the Hype Diamond!
00:28:55 [LOBBY] §b[MVP§e+§b] msrdsm§f §6joined the lobby!
00:28:58 [LOBBY] §b[MVP§2+§b] Icecatbb§f §6joined the lobby!
00:29:00 [LOBBY] §b[MVP§2+§b] AilZar§f §6joined the lobby!
00:29:01 [LOBBY] §b[MVP§f+§b] kiyokerr§f §6joined the lobby!
00:29:02 [LOBBY] §b[MVP§9+§b] BOOMMAN515§f §6joined the lobby!
00:29:03 [LOBBY] §b[MVP§3+§b] ooinstall§f §6joined the lobby!
00:29:07 [LOBBY] §b[MVP§c+§b] FemboyBdeff§f §6joined the lobby!
00:29:11 [LOBBY]  §b>§c>§a>§r §r§6[MVP§0++§6] n1ck_pro§f §6joined the lobby!§r §a<§c<§b<
00:29:11 [LOBBY] §b[MVP§d+§b] pvpzzz13213§f §6joined the lobby!
00:29:12 [LOBBY] §b[MVP§9+§b] Luckyboy934§f §6joined the lobby!
00:29:13 [LOBBY] §b[MVP§c+§b] Pinguin_03§f §6joined the lobby!
00:29:13 [LOBBY] §b[MVP§2+§b] ASpaceChicken§f §6joined the lobby!
00:29:18 [LOBBY] §b[MVP§c+§b] shootonce§f §6joined the lobby!
00:29:19 [LOBBY] §b[MVP§9+§b] Pengu0_0§f §6joined the lobby!
00:29:21 [LOBBY] §b[MVP§c+§b] Netbanger§f §6joined the lobby!
00:29:21 [LOBBY] §b[MVP§e+§b] uddermilk§f §6joined the lobby!
00:29:25 [LOBBY] §b[MVP§2+§b] NorbertoRd2030§f §6joined the lobby!
00:29:25 [LOBBY] §b[MVP§d+§b] Babaaren§f §6joined the lobby!
00:29:27 [LOBBY] §b[MVP§3+§b] Aydin9487§f §6joined the lobby!
00:29:28 [LOBBY] §b[MVP§9+§b] oldyy§f §6joined the lobby!
00:29:29 [LOBBY] §b[MVP§6+§b] Steampunkzz§f §6joined the lobby!
00:29:35 [LOBBY] §b[MVP§4+§b] EboyAlex§f §6joined the lobby!
00:29:36 [LOBBY] §b[MVP§4+§b] UnRealYo§f §6joined the lobby!
00:29:37 [LOBBY] §b[MVP§5+§b] ReducedJewish§f §6joined the lobby!
00:29:44 [LOBBY] §b[MVP§2+§b] lntelligently§f §6joined the lobby!
00:29:45 [LOBBY] §b[MVP§6+§b] stepbromd§f §6joined the lobby!
00:29:45 [WARPING] §7Sending to server mini63CR...
00:29:46 [EMPTY] §8 §r§8 §r§1 §r§3 §r§3 §r§7 §r§8 
00:29:48 [EMPTY] 
00:29:48 [WELCOME] §eWelcome to §r§aHypixel SkyBlock§r§e!
00:29:48 [EMPTY] 
00:29:49 [PROFILE_JOIN] §aYou are playing on profile: §eBanana§b (Co-op)
00:29:49 [PROFILE_JOIN] §8Profile ID: b1a71305-1956-42bf-90e4-bce6f7285754
00:29:50 [SKYMALL] §bNew day! §r§eYour §r§2Sky Mall §r§ebuff changed!
00:29:50 [SKYMALL] §eNew buff§r§r§r: §r§fGain §r§a+100 §r§6⸕ Mining Speed§r§f.
00:29:50 [SKYMALL] §8§oYou can disable this messaging by toggling Sky Mall in your /hotm!
00:30:08 [WARPING] §7Sending to server mini31BK...
00:30:08 [EMPTY] §8 §r§8 §r§1 §r§3 §r§3 §r§7 §r§8 
00:30:11 [PROFILE_JOIN] §aYou are playing on profile: §eBanana§b (Co-op)
00:30:11 [PROFILE_JOIN] §8Profile ID: b1a71305-1956-42bf-90e4-bce6f7285754
00:30:40 [WARPING] §7Warping...
00:30:40 [WARPING] §7Sending to server mini182R...
00:30:41 [EMPTY] §8 §r§8 §r§1 §r§3 §r§3 §r§7 §r§8 
00:30:44 [PROFILE_JOIN] §aYou are playing on profile: §eBanana§b (Co-op)
00:30:44 [PROFILE_JOIN] §8Profile ID: b1a71305-1956-42bf-90e4-bce6f7285754
00:30:54 [WARPING] §7Warping...
00:33:41 [WARPING] §7Warping...
00:36:11 [GUILD_EXP] §aYou earned §r§2259 GEXP §r§a+ §r§e777 Event EXP §r§afrom playing SkyBlock!
00:36:51 [WARPING] §7Warping...
00:37:42 [WARPING] §7Warping you to your SkyBlock island...
00:37:43 [WARPING] §7Sending to server mini1003A...
00:37:43 [EMPTY] §8 §r§8 §r§1 §r§3 §r§3 §r§7 §r§8 
00:37:46 [PROFILE_JOIN] §aYou are playing on profile: §eBanana§b (Co-op)
00:37:46 [PROFILE_JOIN] §8Profile ID: b1a71305-1956-42bf-90e4-bce6f7285754
00:41:05 [EMPTY] §f §r§r§r§f §r§r§r§1 §r§r§r§0 §r§r§r§2 §r§r§r§f §r§r§r§f §r§r§r§2 §r§r§r§0 §r§r§r§4 §r§r§r§3 §r§r§r§9 §r§r§r§2 §r§r§r§0 §r§r§r§0 §r§r§r§3 §r§r§r§9 §r§r§r§2 §r§r§r§0 §r§r§r§0 §r§r§r§3 §r§r§r§9 §r§r§r§2 §r§r§r§0 §r§r§r§0 
00:41:05 [LOBBY] §b✦ §r§7You earned §r§b18 §r§7Mystery Dust!
00:41:05 [LOBBY] §b[MVP§9+§b] Sebbebas§f §6joined the lobby!
00:41:07 [LOBBY] §b[MVP§f+§b] oHqnter§f §6joined the lobby!
00:41:08 [WARPING] §7Sending to server mini97CP...
00:41:08 [EMPTY] §8 §r§8 §r§1 §r§3 §r§3 §r§7 §r§8 
00:41:10 [EMPTY] 
00:41:10 [WELCOME] §eWelcome to §r§aHypixel SkyBlock§r§e!
00:41:10 [EMPTY] 
00:41:11 [PROFILE_JOIN] §aYou are playing on profile: §eBanana§b (Co-op)
00:41:11 [PROFILE_JOIN] §8Profile ID: b1a71305-1956-42bf-90e4-bce6f7285754
00:43:09 [EMPTY] §f §r§r§r§f §r§r§r§1 §r§r§r§0 §r§r§r§2 §r§r§r§f §r§r§r§f §r§r§r§2 §r§r§r§0 §r§r§r§4 §r§r§r§3 §r§r§r§9 §r§r§r§2 §r§r§r§0 §r§r§r§0 §r§r§r§3 §r§r§r§9 §r§r§r§2 §r§r§r§0 §r§r§r§0 §r§r§r§3 §r§r§r§9 §r§r§r§2 §r§r§r§0 §r§r§r§0 
00:43:09 [LOBBY] §b[MVP§9+§b] Sebbebas§f §6joined the lobby!
00:43:11 [LOBBY] §b[MVP§0+§b] Legendary_JG§f §6joined the lobby!
00:43:12 [LOBBY] §b[MVP§c+§b] TsukasaF4§f §6joined the lobby!
00:43:19 [LOBBY] §b[MVP§c+§b] mileyxo§f §6joined the lobby!
00:43:40 [LOBBY] §b[MVP§4+§b] Tabananaman§f §6joined the lobby!
00:43:40 [LOBBY] §b[MVP§2+§b] Dobiy§f §6joined the lobby!
00:43:46 [LOBBY]  §b>§c>§a>§r §r§6[MVP§c++§6] PUNISHERX777§f §6joined the lobby!§r §a<§c<§b<
00:43:51 [LOBBY] §b[MVP§c+§b] toby1234567§f §6joined the lobby!
00:44:21 [LOBBY] §b[MVP§8+§b] ignDouglas§f §6joined the lobby!
00:44:22 [LOBBY]  §b>§c>§a>§r §r§b[MVP§2++§b] magicianintopit§f §6joined the lobby!§r §a<§c<§b<
00:44:28 [LOBBY] §b[MVP§c+§b] dupergod7072§f §6joined the lobby!
00:44:46 [LOBBY] §b[MVP§3+§b] ToxicBoiNeon§f §6joined the lobby!
00:44:46 [LOBBY] §b[MVP§9+§b] OtterLobbyX3§f §6joined the lobby!
