11:53:04 §7Sending to server mini151BU...
11:53:39 §7Warping...
11:53:39 §7Sending to server mini39AK...
11:58:01 §7Warping you to your SkyBlock island...
11:58:01 §7Sending to server mini193DE...
11:58:06 §7Sending to server mini6A...
11:58:34 §7Warping...
11:58:35 §7Sending to server mini12AV...
11:58:55 §7Sending to server mini86BD...
11:58:59 §7Sending to server mini18BA...
12:03:21 §7Finding player...
12:03:22 §7Sending a visit request...
12:03:22 §7Sending to server mini9CR...
12:03:39 §7Sending to server mini63CB...
12:04:14 §7Warping you to your SkyBlock island...
12:04:15 §7Sending to server mini160DG...
12:04:57 §7Sending to server mini186DK...
12:05:00 §7Warping you to your SkyBlock island...
12:05:00 §7Sending to server mini190F...
12:06:22 §7Warping...
12:06:22 §7Sending to server mini22F...
12:06:25 §7Warping...
12:10:47 §7Sending to server mini145DE...
12:11:23 §7Warping...
12:14:54 §7Warping...
12:15:13 §7Warping...
12:19:10 §7Sending to server mini148AT...
12:24:11 §7Sending to server mini12AV...
12:33:08 §7Warping...
12:33:12 §7Warping you to your SkyBlock island...
12:33:12 §7Sending to server mini89BS...
12:33:20 §7Warping...
12:33:20 §7Sending to server mini14CG...
12:39:13 §7Warping...
12:41:45 §7Sending to server mini66S...
12:47:11 §7Sending to server mini220H...
12:51:03 §7Warping...
12:59:51 §7Warping you to your SkyBlock island...
12:59:51 §7Sending to server mini147P...
13:07:16 §7Warping...
13:07:16 §7Sending to server mini196AW...
13:07:47 §7Warping...
13:07:49 §7Warping...
13:10:39 §7Sending to server mini67CB...
13:19:13 §7Sending to server mini185S...
13:19:43 §7Warping...
13:19:43 §7Sending to server mini35CV...
13:22:19 §7Sending to server mini229E...
13:28:26 §7Sending to server mini145DR...
13:34:03 §7Warping...
13:36:09 §7Warping...
13:36:09 §7Sending to server mini2AP...
13:36:18 §7Warping you to your SkyBlock island...
13:36:18 §7Sending to server mini1006K...
13:36:47 §7Warping...
13:36:47 §7Sending to server mini86DH...
13:36:56 §7Warping you to your SkyBlock island...
13:36:57 §7Sending to server mini12S...
13:36:59 §7Warping...
13:37:01 §7Warping...
13:37:01 §7Sending to server mini152CH...
13:49:51 §7Warping you to your SkyBlock island...
13:49:52 §7Sending to server mini146DW...
13:50:05 §7Warping...
13:50:05 §7Sending to server mini76CR...
13:51:39 §7Warping you to your SkyBlock island...
13:51:39 §7Sending to server mini156AV...
13:51:43 §7Warping...
13:51:43 §7Sending to server mini65AS...
13:51:59 §7Warping you to your SkyBlock island...
13:51:59 §7Sending to server mini150DU...
13:52:07 §7Warping...
13:52:07 §7Sending to server mini100F...
13:52:34 §7Warping...
13:52:35 §7Sending to server mini83R...
