00:26:05 PRIVATE_ISLAND
00:26:47 NONE
00:26:48 HUB
00:26:56 NONE
00:26:56 DWARVEN_MINES
00:41:08 NONE
00:41:08 THE_FARMING_ISLANDS
00:52:44 NONE
00:52:44 PRIVATE_ISLAND
00:52:47 NONE
00:52:47 THE_FARMING_ISLANDS
00:59:24 NONE
00:59:24 HUB
00:59:55 NONE
00:59:55 THE_FARMING_ISLANDS
01:14:45 NONE
01:14:45 PRIVATE_ISLAND
01:17:07 NONE
01:17:07 THE_FARMING_ISLANDS
01:23:48 NONE
01:23:48 PRIVATE_ISLAND
01:23:54 NONE
01:23:54 HUB
01:24:53 NONE
01:24:53 THE_FARMING_ISLANDS
01:27:09 NONE
01:27:09 PRIVATE_ISLAND
01:27:12 NONE
01:27:12 HUB
01:27:45 NONE
01:27:45 PRIVATE_ISLAND
01:33:31 NONE
01:33:32 HUB
01:33:54 NONE
01:33:54 PRIVATE_ISLAND
01:53:50 NONE
01:53:50 HUB
01:54:17 NONE
01:54:17 PRIVATE_ISLAND
