17:12:32 §f §r§r§r§f §r§r§r§1 §r§r§r§0 §r§r§r§2 §r§r§r§f §r§r§r§f §r§r§r§2 §r§r§r§0 §r§r§r§4 §r§r§r§3 §r§r§r§9 §r§r§r§2 §r§r§r§0 §r§r§r§0 §r§r§r§3 §r§r§r§9 §r§r§r§2 §r§r§r§0 §r§r§r§0 §r§r§r§3 §r§r§r§9 §r§r§r§2 §r§r§r§0 §r§r§r§0 
17:12:38 §8 §r§8 §r§1 §r§3 §r§3 §r§7 §r§8 
17:12:41 
17:12:41 
17:15:18 §8 §r§8 §r§1 §r§3 §r§3 §r§7 §r§8 
17:18:55 §8 §r§8 §r§1 §r§3 §r§3 §r§7 §r§8 
17:29:16 
17:29:16 
17:29:16 
17:29:16 
17:29:18 
17:29:18 
17:29:28 
17:29:28 
17:29:36 §8 §r§8 §r§1 §r§3 §r§3 §r§7 §r§8 
17:30:12 §8 §r§8 §r§1 §r§3 §r§3 §r§7 §r§8 
17:39:47 
17:39:47 
17:39:48 
17:39:48 
17:39:48 
17:39:49 
17:39:49 
17:40:01 
17:40:01 
17:40:06 §8 §r§8 §r§1 §r§3 §r§3 §r§7 §r§8 
17:42:58 §8 §r§8 §r§1 §r§3 §r§3 §r§7 §r§8 
17:50:30 
17:50:31 
17:50:31 
17:50:31 
17:50:32 
17:50:32 
17:50:47 
17:50:47 
17:50:50 §8 §r§8 §r§1 §r§3 §r§3 §r§7 §r§8 
17:51:54 §8 §r§8 §r§1 §r§3 §r§3 §r§7 §r§8 
18:00:30 §f
18:00:56 
18:00:56 
18:00:56 
18:00:56 
18:00:56 
18:00:58 
18:00:58 
18:01:12 
18:01:12 
18:01:17 §8 §r§8 §r§1 §r§3 §r§3 §r§7 §r§8 
18:01:40 §8 §r§8 §r§1 §r§3 §r§3 §r§7 §r§8 
18:10:06 
18:10:06 
18:10:06 
18:10:06 
18:10:08 
18:10:08 
18:10:27 
18:10:27 
18:10:30 §8 §r§8 §r§1 §r§3 §r§3 §r§7 §r§8 
18:10:58 §8 §r§8 §r§1 §r§3 §r§3 §r§7 §r§8 
18:11:13 §8 §r§8 §r§1 §r§3 §r§3 §r§7 §r§8 
18:13:27 §8 §r§8 §r§1 §r§3 §r§3 §r§7 §r§8 
18:14:13 §8 §r§8 §r§1 §r§3 §r§3 §r§7 §r§8 
18:15:47 §8 §r§8 §r§1 §r§3 §r§3 §r§7 §r§8 
18:15:51 §8 §r§8 §r§1 §r§3 §r§3 §r§7 §r§8 
18:18:24 §8 §r§8 §r§1 §r§3 §r§3 §r§7 §r§8 
18:21:23 §8 §r§8 §r§1 §r§3 §r§3 §r§7 §r§8 
18:29:52 
18:29:52 
18:29:52 
18:29:52 
18:29:54 
18:29:54 
18:30:11 
18:30:11 
18:30:17 §8 §r§8 §r§1 §r§3 §r§3 §r§7 §r§8 
18:32:32 §8 §r§8 §r§1 §r§3 §r§3 §r§7 §r§8 
18:41:50 
18:41:50 
18:41:50 
18:41:50 
18:41:52 
18:41:52 
18:44:53 §8 §r§8 §r§1 §r§3 §r§3 §r§7 §r§8 
18:52:13 
18:52:13 
19:08:27 §8 §r§8 §r§1 §r§3 §r§3 §r§7 §r§8 
19:17:02 
19:17:03 
19:17:03 
19:17:03 
19:17:04 
19:17:04 
19:17:22 
19:17:22 
19:17:26 §8 §r§8 §r§1 §r§3 §r§3 §r§7 §r§8 
19:17:51 §8 §r§8 §r§1 §r§3 §r§3 §r§7 §r§8 
19:18:38 
19:18:38 
19:18:38 
19:18:48 
19:18:48 
19:18:48 
19:19:43 
19:19:43 
19:19:43 
19:27:12 
19:27:13 
19:27:13 
19:27:13 
19:27:14 
19:27:14 
19:27:33 
19:27:33 
19:27:38 §8 §r§8 §r§1 §r§3 §r§3 §r§7 §r§8 
19:31:11 §8 §r§8 §r§1 §r§3 §r§3 §r§7 §r§8 
19:33:02 
19:33:02 
19:33:02 
19:34:00 
19:34:00 
19:34:00 
19:34:09 
19:34:09 
19:34:09 
19:40:27 
19:40:27 
19:40:27 
19:40:27 
19:40:29 
19:40:29 
19:40:36 
19:40:36 
19:40:48 §8 §r§8 §r§1 §r§3 §r§3 §r§7 §r§8 
19:41:19 §f §r§r§r§f §r§r§r§1 §r§r§r§0 §r§r§r§2 §r§r§r§f §r§r§r§f §r§r§r§2 §r§r§r§0 §r§r§r§4 §r§r§r§3 §r§r§r§9 §r§r§r§2 §r§r§r§0 §r§r§r§0 §r§r§r§3 §r§r§r§9 §r§r§r§2 §r§r§r§0 §r§r§r§0 §r§r§r§3 §r§r§r§9 §r§r§r§2 §r§r§r§0 §r§r§r§0 
19:42:24 §8 §r§8 §r§1 §r§3 §r§3 §r§7 §r§8 
19:42:26 
19:42:26 
19:43:16 §8 §r§8 §r§1 §r§3 §r§3 §r§7 §r§8 
19:53:02 
19:53:02 
19:53:02 
19:53:02 
19:53:04 
19:53:04 
19:53:17 
19:53:17 
19:53:30 §8 §r§8 §r§1 §r§3 §r§3 §r§7 §r§8 
19:55:50 §8 §r§8 §r§1 §r§3 §r§3 §r§7 §r§8 
19:56:23 
19:56:23 
19:56:23 
19:56:36 
19:56:36 
19:56:36 
19:56:50 
19:56:50 
19:56:50 
20:00:30 §f
20:04:26 
20:04:28 
20:04:28 
20:04:28 
20:04:29 
20:04:29 
20:04:39 
20:04:39 
20:05:09 §8 §r§8 §r§1 §r§3 §r§3 §r§7 §r§8 
20:07:16 §8 §r§8 §r§1 §r§3 §r§3 §r§7 §r§8 
20:16:03 §f
20:18:12 
20:18:12 
20:18:12 
20:18:12 
20:18:14 
20:18:14 
20:18:35 
20:18:35 
20:18:39 §8 §r§8 §r§1 §r§3 §r§3 §r§7 §r§8 
20:19:47 §8 §r§8 §r§1 §r§3 §r§3 §r§7 §r§8 
20:21:03 §8 §r§8 §r§1 §r§3 §r§3 §r§7 §r§8 
20:21:32 §8 §r§8 §r§1 §r§3 §r§3 §r§7 §r§8 
20:22:48  
20:31:37 
20:31:37 
20:31:37 
20:31:37 
20:31:39 
20:31:39 
20:32:19 
20:32:19 
20:32:33 §8 §r§8 §r§1 §r§3 §r§3 §r§7 §r§8 
