17:35:01 §bNew day! §r§eYour §r§2Sky Mall §r§ebuff changed!
17:35:01 §eNew buff§r§r§r: §r§fGain §r§a+15% §r§fmore Powder while mining.
17:35:01 §8§oYou can disable this messaging by toggling Sky Mall in your /hotm!
17:55:01 §bNew day! §r§eYour §r§2Sky Mall §r§ebuff changed!
17:55:01 §eNew buff§r§r§r: §r§fGain §r§a+100 §r§6⸕ Mining Speed§r§f.
17:55:01 §8§oYou can disable this messaging by toggling Sky Mall in your /hotm!
18:15:01 §bNew day! §r§eYour §r§2Sky Mall §r§ebuff changed!
18:15:01 §eNew buff§r§r§r: §r§fGain §r§a+100 §r§6⸕ Mining Speed§r§f.
18:15:01 §8§oYou can disable this messaging by toggling Sky Mall in your /hotm!
18:35:01 §bNew day! §r§eYour §r§2Sky Mall §r§ebuff changed!
18:35:01 §eNew buff§r§r§r: §r§fGain §r§a+100 §r§6⸕ Mining Speed§r§f.
18:35:01 §8§oYou can disable this messaging by toggling Sky Mall in your /hotm!
18:55:02 §bNew day! §r§eYour §r§2Sky Mall §r§ebuff changed!
18:55:02 §eNew buff§r§r§r: §r§fGain §r§a+50 §r§6☘ Mining Fortune§r§f.
18:55:02 §8§oYou can disable this messaging by toggling Sky Mall in your /hotm!
19:15:01 §bNew day! §r§eYour §r§2Sky Mall §r§ebuff changed!
19:15:01 §eNew buff§r§r§r: §r§fReduce Pickaxe Ability cooldown by §r§a20%§r§f.
19:15:01 §8§oYou can disable this messaging by toggling Sky Mall in your /hotm!
19:35:00 §bNew day! §r§eYour §r§2Sky Mall §r§ebuff changed!
19:35:00 §eNew buff§r§r§r: §r§fGain §r§a+15% §r§fmore Powder while mining.
19:35:00 §8§oYou can disable this messaging by toggling Sky Mall in your /hotm!
19:55:02 §bNew day! §r§eYour §r§2Sky Mall §r§ebuff changed!
19:55:02 §eNew buff§r§r§r: §r§fGain §r§a+50 §r§6☘ Mining Fortune§r§f.
19:55:02 §8§oYou can disable this messaging by toggling Sky Mall in your /hotm!
20:15:01 §bNew day! §r§eYour §r§2Sky Mall §r§ebuff changed!
20:15:01 §eNew buff§r§r§r: §r§fGain §r§a+100 §r§6⸕ Mining Speed§r§f.
20:15:01 §8§oYou can disable this messaging by toggling Sky Mall in your /hotm!
20:35:01 §bNew day! §r§eYour §r§2Sky Mall §r§ebuff changed!
20:35:01 §eNew buff§r§r§r: §r§fGain §r§a+15% §r§fmore Powder while mining.
20:35:01 §8§oYou can disable this messaging by toggling Sky Mall in your /hotm!
