17:33:31 Trying to load config from config\skyhanni\config.json
17:33:31 load-config-now
17:33:31 Loaded config from file
17:33:31 Trying to load sacks from config\skyhanni\sacks.json
17:33:31 load-sacks-now
17:33:31 Loaded sacks from file
17:33:31 Trying to load friends from config\skyhanni\friends.json
17:33:31 load-friends-now
17:33:31 Loaded friends from file
17:33:31 Trying to load known_features from config\skyhanni\known_features.json
17:33:31 load-known_features-now
17:33:31 Loaded known_features from file
17:33:31 Trying to load jacob_contests from config\skyhanni\jacob_contests.json
17:33:31 load-jacob_contests-now
17:33:31 Loaded jacob_contests from file
17:33:31 Trying to load visual_words from config\skyhanni\visual_words.json
17:33:31 Setting visual_words to be blank as it did not exist. It will be saved once something is written to it
17:34:31 saveConfig: auto-save-60s
17:34:31 Saving config file
17:34:35 saveConfig: shutdown-hook
17:34:35 Saving config file
