22:04:47 [EMPTY] §f §r§r§r§f §r§r§r§1 §r§r§r§0 §r§r§r§2 §r§r§r§f §r§r§r§f §r§r§r§2 §r§r§r§0 §r§r§r§4 §r§r§r§3 §r§r§r§9 §r§r§r§2 §r§r§r§0 §r§r§r§0 §r§r§r§3 §r§r§r§9 §r§r§r§2 §r§r§r§0 §r§r§r§0 §r§r§r§3 §r§r§r§9 §r§r§r§2 §r§r§r§0 §r§r§r§0 
22:04:47 [LOBBY] §b✦ §r§7You earned §r§b16 §r§7Mystery Dust!
22:04:48 [LOBBY] §b[MVP§2+§b] GreenStorm§f §6joined the lobby!
22:04:48 [LOBBY]   §r§f§l➤ §r§6You have reached your Hype limit! Add Hype to Prototype Lobby minigames by right-clicking with the Hype Diamond!
22:04:48 [LOBBY] §b[MVP§d+§b] FemboyVentex§f §6joined the lobby!
22:04:48 [LOBBY] §b[MVP§f+§b] Mattiaxd111§f §6joined the lobby!
22:04:53 [LOBBY] §b[MVP§c+§b] MaisCPasCool§f §6joined the lobby!
22:04:55 [LOBBY] §b[MVP§d+§b] Lilani1906§f §6joined the lobby!
22:04:55 [LOBBY] §b[MVP§9+§b] SzyGhost§f §6joined the lobby!
22:04:57 [LOBBY] §b[MVP§5+§b] supernika123§f §6joined the lobby!
22:04:59 [LOBBY] §b[MVP§6+§b] Augdts5§f §6joined the lobby!
22:05:03 [LOBBY] §b[MVP§2+§b] Warstaz§f §6joined the lobby!
22:05:07 [WARPING] §7Sending to server mini75H...
22:05:07 [EMPTY] §8 §r§8 §r§1 §r§3 §r§3 §r§7 §r§8 
22:05:09 [EMPTY] 
22:05:09 [WELCOME] §eWelcome to §r§aHypixel SkyBlock§r§e!
22:05:09 [EMPTY] 
22:05:10 [PROFILE_JOIN] §aYou are playing on profile: §eApple§b (Co-op)
22:05:10 [PROFILE_JOIN] §8Profile ID: b1a71305-1956-42bf-90e4-bce6f7285754
22:06:37 [GUILD_EXP] §aYou earned §r§260 GEXP §r§a+ §r§e60 Event EXP §r§afrom playing SkyBlock!
22:08:08 [WARPING] §7Warping you to your SkyBlock island...
22:08:08 [WARPING] §7Sending to server mini143H...
22:08:09 [EMPTY] §8 §r§8 §r§1 §r§3 §r§3 §r§7 §r§8 
22:08:11 [PROFILE_JOIN] §aYou are playing on profile: §eApple§b (Co-op)
22:08:11 [PROFILE_JOIN] §8Profile ID: b1a71305-1956-42bf-90e4-bce6f7285754
22:08:12 [WARPING] §7Sending to server mini15CQ...
22:08:13 [EMPTY] §8 §r§8 §r§1 §r§3 §r§3 §r§7 §r§8 
22:08:16 [PROFILE_JOIN] §aYou are playing on profile: §eApple§b (Co-op)
22:08:16 [PROFILE_JOIN] §8Profile ID: b1a71305-1956-42bf-90e4-bce6f7285754
22:08:50 [WARPING] §7Finding player...
22:08:51 [WARPING] §7Sending a visit request...
22:08:52 [WARPING] §7Sending to server mini197DP...
22:08:53 [EMPTY] §8 §r§8 §r§1 §r§3 §r§3 §r§7 §r§8 
22:08:55 [PROFILE_JOIN] §aYou are playing on profile: §eApple§b (Co-op)
22:08:55 [PROFILE_JOIN] §8Profile ID: b1a71305-1956-42bf-90e4-bce6f7285754
22:08:57 [WARPING] §7Sending to server mini71DJ...
22:08:57 [EMPTY] §8 §r§8 §r§1 §r§3 §r§3 §r§7 §r§8 
22:09:00 [PROFILE_JOIN] §aYou are playing on profile: §eApple§b (Co-op)
22:09:00 [PROFILE_JOIN] §8Profile ID: b1a71305-1956-42bf-90e4-bce6f7285754
22:16:02 [GUILD_EXP] §aYou earned §r§273 GEXP §r§a+ §r§e73 Event EXP §r§afrom playing SkyBlock!
22:20:16 [EMPTY] §f §r§r§r§f §r§r§r§1 §r§r§r§0 §r§r§r§2 §r§r§r§f §r§r§r§f §r§r§r§2 §r§r§r§0 §r§r§r§4 §r§r§r§3 §r§r§r§9 §r§r§r§2 §r§r§r§0 §r§r§r§0 §r§r§r§3 §r§r§r§9 §r§r§r§2 §r§r§r§0 §r§r§r§0 §r§r§r§3 §r§r§r§9 §r§r§r§2 §r§r§r§0 §r§r§r§0 
22:20:16 [LOBBY] §b[MVP§9+§b] Sebbebas§f §6joined the lobby!
22:20:16 [LOBBY]  §b>§c>§a>§r §r§6[MVP§c++§6] NoHackJustRod§f §6joined the lobby!§r §a<§c<§b<
22:20:19 [WARPING] §7Sending to server mini189AT...
22:20:20 [EMPTY] §8 §r§8 §r§1 §r§3 §r§3 §r§7 §r§8 
22:20:21 [EMPTY] 
22:20:21 [WELCOME] §eWelcome to §r§aHypixel SkyBlock§r§e!
22:20:21 [EMPTY] 
22:20:22 [PROFILE_JOIN] §aYou are playing on profile: §eBanana§b (Co-op)
22:20:22 [PROFILE_JOIN] §8Profile ID: b1a71305-1956-42bf-90e4-bce6f7285754
22:20:24 [WARPING] §7Warping...
22:20:24 [WARPING] §7Sending to server mini38AN...
22:20:24 [EMPTY] §8 §r§8 §r§1 §r§3 §r§3 §r§7 §r§8 
22:20:27 [PROFILE_JOIN] §aYou are playing on profile: §eBanana§b (Co-op)
22:20:27 [PROFILE_JOIN] §8Profile ID: b1a71305-1956-42bf-90e4-bce6f7285754
22:21:36 [EMPTY] §f §r§r§r§f §r§r§r§1 §r§r§r§0 §r§r§r§2 §r§r§r§f §r§r§r§f §r§r§r§2 §r§r§r§0 §r§r§r§4 §r§r§r§3 §r§r§r§9 §r§r§r§2 §r§r§r§0 §r§r§r§0 §r§r§r§3 §r§r§r§9 §r§r§r§2 §r§r§r§0 §r§r§r§0 §r§r§r§3 §r§r§r§9 §r§r§r§2 §r§r§r§0 §r§r§r§0 
22:21:36 [LOBBY] §b[MVP§9+§b] Sebbebas§f §6joined the lobby!
22:21:36 [LOBBY] §b[MVP§f+§b] baguettte§f §6joined the lobby!
22:21:39 [WARPING] §7Sending to server mini38AN...
22:21:39 [EMPTY] §8 §r§8 §r§1 §r§3 §r§3 §r§7 §r§8 
22:21:41 [GUILD_EXP] §aYou earned §r§215 GEXP §r§a+ §r§e45 Event EXP §r§afrom playing SkyBlock!
22:21:41 [EMPTY] 
22:21:41 [WELCOME] §eWelcome to §r§aHypixel SkyBlock§r§e!
22:21:41 [EMPTY] 
22:21:42 [PROFILE_JOIN] §aYou are playing on profile: §eBanana§b (Co-op)
22:21:42 [PROFILE_JOIN] §8Profile ID: b1a71305-1956-42bf-90e4-bce6f7285754
22:26:52 [GUILD_EXP] §aYou earned §r§2383 GEXP §r§a+ §r§e1,149 Event EXP §r§afrom playing SkyBlock!
22:30:30 [WARPING] §7Warping you to your SkyBlock island...
22:30:31 [WARPING] §7Sending to server mini3CE...
22:30:31 [EMPTY] §8 §r§8 §r§1 §r§3 §r§3 §r§7 §r§8 
22:30:34 [PROFILE_JOIN] §aYou are playing on profile: §eBanana§b (Co-op)
22:30:34 [PROFILE_JOIN] §8Profile ID: b1a71305-1956-42bf-90e4-bce6f7285754
22:31:20 [WARPING] §7Finding player...
22:31:22 [WARPING] §7Sending a visit request...
22:31:22 [WARPING] §7Sending to server mini197DP...
22:31:23 [EMPTY] §8 §r§8 §r§1 §r§3 §r§3 §r§7 §r§8 
22:31:27 [PROFILE_JOIN] §aYou are playing on profile: §eBanana§b (Co-op)
22:31:27 [PROFILE_JOIN] §8Profile ID: b1a71305-1956-42bf-90e4-bce6f7285754
22:31:52 [WARPING] §7Warping you to your SkyBlock island...
22:31:52 [WARPING] §7Sending to server mini61BS...
22:31:53 [EMPTY] §8 §r§8 §r§1 §r§3 §r§3 §r§7 §r§8 
22:31:56 [PROFILE_JOIN] §aYou are playing on profile: §eBanana§b (Co-op)
22:31:56 [PROFILE_JOIN] §8Profile ID: b1a71305-1956-42bf-90e4-bce6f7285754
22:34:00 [WARPING] §7Warping...
22:34:00 [WARPING] §7Sending to server mini266G...
22:34:00 [EMPTY] §8 §r§8 §r§1 §r§3 §r§3 §r§7 §r§8 
22:34:03 [PROFILE_JOIN] §aYou are playing on profile: §eBanana§b (Co-op)
22:34:03 [PROFILE_JOIN] §8Profile ID: b1a71305-1956-42bf-90e4-bce6f7285754
22:34:04 [WARPING] §7Warping you to your SkyBlock island...
22:34:04 [WARPING] §7Sending to server mini61BS...
22:34:05 [EMPTY] §8 §r§8 §r§1 §r§3 §r§3 §r§7 §r§8 
22:34:08 [PROFILE_JOIN] §aYou are playing on profile: §eBanana§b (Co-op)
22:34:08 [PROFILE_JOIN] §8Profile ID: b1a71305-1956-42bf-90e4-bce6f7285754
22:35:01 [SKYMALL] §bNew day! §r§eYour §r§2Sky Mall §r§ebuff changed!
22:35:01 [SKYMALL] §eNew buff§r§r§r: §r§fGain §r§a+50 §r§6☘ Mining Fortune§r§f.
22:35:01 [SKYMALL] §8§oYou can disable this messaging by toggling Sky Mall in your /hotm!
22:36:54 [GUILD_EXP] §aYou earned §r§268 GEXP §r§a+ §r§e204 Event EXP §r§afrom playing SkyBlock!
