15:07:19 §f                                  §6§lBESTIARY
15:07:19 §f                          §b§lGolden Goblin §7§8V §8➡§b §bVI
15:07:19 
15:07:19 §f                                  §r§6§lREWARDS
15:07:19 §f                      §r§8+§r§a3 Golden Goblin §r§b✯ Magic Find
15:07:19 §f                      §r§8+§r§a3 Golden Goblin §r§c❁ Strength
15:07:19 §f                          §r§8+§r§62% §r§aGolden Goblin §r§7coins
15:07:19 §f                    §r§8+§r§a50% §r§7chance for extra XP orbs
15:07:19 §f                               §r§8+§r§b1 SkyBlock XP
15:07:19 
15:07:19 §3§l▬▬▬▬▬▬▬▬▬▬▬▬▬▬▬▬▬▬▬▬▬▬▬▬▬▬▬▬▬▬▬▬▬▬▬▬▬▬▬▬▬▬▬▬▬▬▬▬▬▬▬▬▬▬▬▬▬▬▬▬▬▬▬▬
16:32:36 §f                                  §6§lBESTIARY
16:32:36 §f                         §b§lGolden Goblin §7§8VI §8➡§b §bVII
16:32:36 
16:32:36 §f                                  §r§6§lREWARDS
16:32:36 §f                      §r§8+§r§a3 Golden Goblin §r§b✯ Magic Find
16:32:36 §f                      §r§8+§r§a3 Golden Goblin §r§c❁ Strength
16:32:36 §f                          §r§8+§r§62% §r§aGolden Goblin §r§7coins
16:32:36 §f                    §r§8+§r§a50% §r§7chance for extra XP orbs
16:32:36 §f                               §r§8+§r§b1 SkyBlock XP
16:32:36 
16:32:36 §3§l▬▬▬▬▬▬▬▬▬▬▬▬▬▬▬▬▬▬▬▬▬▬▬▬▬▬▬▬▬▬▬▬▬▬▬▬▬▬▬▬▬▬▬▬▬▬▬▬▬▬▬▬▬▬▬▬▬▬▬▬▬▬▬▬
