08:48:34 `Slime`9790027 missed {
 is already Found: false).
 Position: LorenzVec{x=7.510416666666667, y=62.197916666666664, z=8.25}
 DistanceC: 15.928053941154573
Relative Position: LorenzVec{x=-3.9681780171669603, y=-37.802083333333336, z=-15.928053941154573}
 }
08:48:35 `Slime`9790088 missed {
 is already Found: false).
 Position: LorenzVec{x=8.375, y=62.0, z=8.8125}
 DistanceC: 15.365553941154573
Relative Position: LorenzVec{x=-3.1035946838336272, y=-38.0, z=-15.365553941154573}
 }
08:48:35 `Slime`9790093 missed {
 is already Found: false).
 Position: LorenzVec{x=7.555555555555555, y=55.361111111111114, z=8.25}
 DistanceC: 15.928053941154573
Relative Position: LorenzVec{x=-3.923039128278072, y=-44.638888888888886, z=-15.928053941154573}
 }
08:48:35 `Slime`9790094 missed {
 is already Found: false).
 Position: LorenzVec{x=6.90625, y=62.03125, z=8.5625}
 DistanceC: 15.615553941154573
Relative Position: LorenzVec{x=-4.572344683833627, y=-37.96875, z=-15.615553941154573}
 }
08:48:35 `Slime`9790095 missed {
 is already Found: false).
 Position: LorenzVec{x=7.28125, y=62.0, z=9.125}
 DistanceC: 15.053053941154573
Relative Position: LorenzVec{x=-4.197344683833627, y=-38.0, z=-15.053053941154573}
 }
08:48:35 `Slime`9790096 missed {
 is already Found: false).
 Position: LorenzVec{x=7.59375, y=62.0, z=8.25}
 DistanceC: 15.928053941154573
Relative Position: LorenzVec{x=-3.8848446838336272, y=-38.0, z=-15.928053941154573}
 }
08:48:35 `Slime`9790097 missed {
 is already Found: false).
 Position: LorenzVec{x=8.625, y=62.09375, z=9.125}
 DistanceC: 15.053053941154573
Relative Position: LorenzVec{x=-2.8535946838336272, y=-37.90625, z=-15.053053941154573}
 }
08:48:35 `Slime`9790098 missed {
 is already Found: false).
 Position: LorenzVec{x=7.010416666666666, y=63.15625, z=8.8125}
 DistanceC: 15.365553941154573
Relative Position: LorenzVec{x=-4.468178017166961, y=-36.84375, z=-15.365553941154573}
 }
08:48:35 `Slime`9790099 missed {
 is already Found: false).
 Position: LorenzVec{x=7.895833333333334, y=56.0625, z=9.125}
 DistanceC: 15.053053941154573
Relative Position: LorenzVec{x=-3.5827613505002933, y=-43.9375, z=-15.053053941154573}
 }
08:48:35 `Slime`9790100 missed {
 is already Found: false).
 Position: LorenzVec{x=8.09375, y=55.0, z=8.5625}
 DistanceC: 15.615553941154573
Relative Position: LorenzVec{x=-3.3848446838336272, y=-45.0, z=-15.615553941154573}
 }
08:48:35 `Slime`9790101 missed {
 is already Found: false).
 Position: LorenzVec{x=9.125, y=62.545138888888886, z=7.951388888888889}
 DistanceC: 16.226665052265684
Relative Position: LorenzVec{x=-2.3535946838336272, y=-37.454861111111114, z=-16.226665052265684}
 }
08:48:35 `Slime`9790102 missed {
 is already Found: false).
 Position: LorenzVec{x=8.6875, y=62.0, z=9.125}
 DistanceC: 15.053053941154573
Relative Position: LorenzVec{x=-2.7910946838336272, y=-38.0, z=-15.053053941154573}
 }
08:48:35 `Slime`9790103 missed {
 is already Found: false).
 Position: LorenzVec{x=8.09375, y=55.0, z=8.5625}
 DistanceC: 15.615553941154573
Relative Position: LorenzVec{x=-3.3848446838336272, y=-45.0, z=-15.615553941154573}
 }
08:48:35 `Slime`9790104 missed {
 is already Found: false).
 Position: LorenzVec{x=6.3125, y=56.15625, z=9.125}
 DistanceC: 15.053053941154573
Relative Position: LorenzVec{x=-5.166094683833627, y=-43.84375, z=-15.053053941154573}
 }
08:48:35 `Slime`9790105 missed {
 is already Found: false).
 Position: LorenzVec{x=6.90625, y=55.03125, z=8.5625}
 DistanceC: 15.615553941154573
Relative Position: LorenzVec{x=-4.572344683833627, y=-44.96875, z=-15.615553941154573}
 }
08:48:35 `Slime`9790106 missed {
 is already Found: false).
 Position: LorenzVec{x=6.3125, y=55.0, z=9.125}
 DistanceC: 15.053053941154573
Relative Position: LorenzVec{x=-5.166094683833627, y=-45.0, z=-15.053053941154573}
 }
08:48:35 `Slime`9790107 missed {
 is already Found: false).
 Position: LorenzVec{x=8.055555555555555, y=62.76041666666667, z=8.5625}
 DistanceC: 15.615553941154573
Relative Position: LorenzVec{x=-3.423039128278072, y=-37.23958333333333, z=-15.615553941154573}
 }
08:48:35 `Slime`9790108 missed {
 is already Found: false).
 Position: LorenzVec{x=6.90625, y=56.01041666666667, z=8.5625}
 DistanceC: 15.615553941154573
Relative Position: LorenzVec{x=-4.572344683833627, y=-43.98958333333333, z=-15.615553941154573}
 }
08:48:35 `Slime`9790109 missed {
 is already Found: false).
 Position: LorenzVec{x=7.21875, y=55.0, z=8.25}
 DistanceC: 15.928053941154573
Relative Position: LorenzVec{x=-4.259844683833627, y=-45.0, z=-15.928053941154573}
 }
08:48:35 `Slime`9790110 missed {
 is already Found: false).
 Position: LorenzVec{x=7.09375, y=62.0, z=8.5625}
 DistanceC: 15.615553941154573
Relative Position: LorenzVec{x=-4.384844683833627, y=-38.0, z=-15.615553941154573}
 }
08:48:35 `Slime`9790111 missed {
 is already Found: false).
 Position: LorenzVec{x=8.8125, y=55.0, z=8.375}
 DistanceC: 15.803053941154573
Relative Position: LorenzVec{x=-2.6660946838336272, y=-45.0, z=-15.803053941154573}
 }
08:48:35 `Slime`9790112 missed {
 is already Found: false).
 Position: LorenzVec{x=7.21875, y=62.27083333333333, z=8.25}
 DistanceC: 15.928053941154573
Relative Position: LorenzVec{x=-4.259844683833627, y=-37.72916666666667, z=-15.928053941154573}
 }
08:48:35 `Slime`9790113 missed {
 is already Found: false).
 Position: LorenzVec{x=7.21875, y=55.0, z=8.25}
 DistanceC: 15.928053941154573
Relative Position: LorenzVec{x=-4.259844683833627, y=-45.0, z=-15.928053941154573}
 }
08:48:35 `Slime`9790114 missed {
 is already Found: false).
 Position: LorenzVec{x=6.729166666666666, y=56.14583333333333, z=8.8125}
 DistanceC: 15.365553941154573
Relative Position: LorenzVec{x=-4.749428017166961, y=-43.85416666666667, z=-15.365553941154573}
 }
08:48:43 `Slime`9790622 missed {
 is already Found: false).
 Position: LorenzVec{x=7.78125, y=62.0, z=8.25}
 DistanceC: 15.928053941154573
Relative Position: LorenzVec{x=-3.6973446838336272, y=-38.0, z=-15.928053941154573}
 }
08:48:45 `Slime`9790811 missed {
 is already Found: false).
 Position: LorenzVec{x=6.9375, y=62.03125, z=8.5625}
 DistanceC: 15.615553941154573
Relative Position: LorenzVec{x=-4.541094683833627, y=-37.96875, z=-15.615553941154573}
 }
08:48:45 `Slime`9790817 missed {
 is already Found: false).
 Position: LorenzVec{x=7.28125, y=56.1875, z=8.5625}
 DistanceC: 15.615553941154573
Relative Position: LorenzVec{x=-4.197344683833627, y=-43.8125, z=-15.615553941154573}
 }
08:48:45 `Slime`9790818 missed {
 is already Found: false).
 Position: LorenzVec{x=7.59375, y=55.0, z=8.25}
 DistanceC: 15.928053941154573
Relative Position: LorenzVec{x=-3.8848446838336272, y=-45.0, z=-15.928053941154573}
 }
08:48:45 `Slime`9790819 missed {
 is already Found: false).
 Position: LorenzVec{x=7.53125, y=55.0, z=9.125}
 DistanceC: 15.053053941154573
Relative Position: LorenzVec{x=-3.9473446838336272, y=-45.0, z=-15.053053941154573}
 }
08:48:45 `Slime`9790820 missed {
 is already Found: false).
 Position: LorenzVec{x=6.6875, y=62.40625, z=8.8125}
 DistanceC: 15.365553941154573
Relative Position: LorenzVec{x=-4.791094683833627, y=-37.59375, z=-15.365553941154573}
 }
08:48:45 `Slime`9790821 missed {
 is already Found: false).
 Position: LorenzVec{x=7.625, y=62.03125, z=8.5625}
 DistanceC: 15.615553941154573
Relative Position: LorenzVec{x=-3.8535946838336272, y=-37.96875, z=-15.615553941154573}
 }
08:48:45 `Slime`9790822 missed {
 is already Found: false).
 Position: LorenzVec{x=8.59375, y=55.78125, z=9.125}
 DistanceC: 15.053053941154573
Relative Position: LorenzVec{x=-2.8848446838336272, y=-44.21875, z=-15.053053941154573}
 }
08:48:45 `Slime`9790823 missed {
 is already Found: false).
 Position: LorenzVec{x=8.6875, y=63.0, z=9.125}
 DistanceC: 15.053053941154573
Relative Position: LorenzVec{x=-2.7910946838336272, y=-37.0, z=-15.053053941154573}
 }
08:48:45 `Slime`9790824 missed {
 is already Found: false).
 Position: LorenzVec{x=6.1875, y=62.40625, z=8.375}
 DistanceC: 15.803053941154573
Relative Position: LorenzVec{x=-5.291094683833627, y=-37.59375, z=-15.803053941154573}
 }
08:48:45 `Slime`9790825 missed {
 is already Found: false).
 Position: LorenzVec{x=7.4375, y=62.0, z=8.25}
 DistanceC: 15.928053941154573
Relative Position: LorenzVec{x=-4.041094683833627, y=-38.0, z=-15.928053941154573}
 }
08:48:45 `Slime`9790826 missed {
 is already Found: false).
 Position: LorenzVec{x=8.375, y=55.09375, z=8.78125}
 DistanceC: 15.396803941154573
Relative Position: LorenzVec{x=-3.1035946838336272, y=-44.90625, z=-15.396803941154573}
 }
08:48:45 `Slime`9790827 missed {
 is already Found: false).
 Position: LorenzVec{x=7.21875, y=62.03125, z=8.5625}
 DistanceC: 15.615553941154573
Relative Position: LorenzVec{x=-4.259844683833627, y=-37.96875, z=-15.615553941154573}
 }
08:48:45 `Slime`9790828 missed {
 is already Found: false).
 Position: LorenzVec{x=7.65625, y=62.03125, z=8.5625}
 DistanceC: 15.615553941154573
Relative Position: LorenzVec{x=-3.8223446838336272, y=-37.96875, z=-15.615553941154573}
 }
08:48:45 `Slime`9790829 missed {
 is already Found: false).
 Position: LorenzVec{x=6.625, y=55.46875, z=8.8125}
 DistanceC: 15.365553941154573
Relative Position: LorenzVec{x=-4.853594683833627, y=-44.53125, z=-15.365553941154573}
 }
08:48:45 `Slime`9790830 missed {
 is already Found: false).
 Position: LorenzVec{x=6.90625, y=62.0, z=8.5625}
 DistanceC: 15.615553941154573
Relative Position: LorenzVec{x=-4.572344683833627, y=-38.0, z=-15.615553941154573}
 }
08:48:45 `Slime`9790831 missed {
 is already Found: false).
 Position: LorenzVec{x=6.65625, y=55.0, z=8.8125}
 DistanceC: 15.365553941154573
Relative Position: LorenzVec{x=-4.822344683833627, y=-45.0, z=-15.365553941154573}
 }
08:48:45 `Slime`9790832 missed {
 is already Found: false).
 Position: LorenzVec{x=8.375, y=62.40625, z=8.8125}
 DistanceC: 15.365553941154573
Relative Position: LorenzVec{x=-3.1035946838336272, y=-37.59375, z=-15.365553941154573}
 }
08:48:45 `Slime`9790833 missed {
 is already Found: false).
 Position: LorenzVec{x=7.5, y=55.0, z=8.25}
 DistanceC: 15.928053941154573
Relative Position: LorenzVec{x=-3.9785946838336272, y=-45.0, z=-15.928053941154573}
 }
08:48:45 `Slime`9790834 missed {
 is already Found: false).
 Position: LorenzVec{x=6.3125, y=55.09375, z=9.0}
 DistanceC: 15.178053941154573
Relative Position: LorenzVec{x=-5.166094683833627, y=-44.90625, z=-15.178053941154573}
 }
08:48:45 `Slime`9790835 missed {
 is already Found: false).
 Position: LorenzVec{x=6.75, y=55.0, z=8.8125}
 DistanceC: 15.365553941154573
Relative Position: LorenzVec{x=-4.728594683833627, y=-45.0, z=-15.365553941154573}
 }
08:48:45 `Slime`9790836 missed {
 is already Found: false).
 Position: LorenzVec{x=7.875, y=55.46875, z=9.125}
 DistanceC: 15.053053941154573
Relative Position: LorenzVec{x=-3.6035946838336272, y=-44.53125, z=-15.053053941154573}
 }
08:48:45 `Slime`9790837 missed {
 is already Found: false).
 Position: LorenzVec{x=7.65625, y=62.0, z=8.25}
 DistanceC: 15.928053941154573
Relative Position: LorenzVec{x=-3.8223446838336272, y=-38.0, z=-15.928053941154573}
 }
08:48:45 `Slime`9790838 missed {
 is already Found: false).
 Position: LorenzVec{x=6.625, y=55.0, z=8.8125}
 DistanceC: 15.365553941154573
Relative Position: LorenzVec{x=-4.853594683833627, y=-45.0, z=-15.365553941154573}
 }
08:48:48 `Ghast`9790972 missed {
 is already Found: false).
 Position: LorenzVec{x=5.510596404656981, y=83.68342027277937, z=4.772799265563821}
 DistanceC: 19.405254675590754
Relative Position: LorenzVec{x=-5.967998279176646, y=-16.316579727220628, z=-19.405254675590754}
 }
08:48:55 `Slime`9791230 missed {
 is already Found: false).
 Position: LorenzVec{x=7.34375, y=63.083333333333336, z=8.5625}
 DistanceC: 19.674731511806378
Relative Position: LorenzVec{x=-7.572234266164349, y=-36.916666666666664, z=-19.674731511806378}
 }
08:48:57 `Slime`9791340 missed {
 is already Found: false).
 Position: LorenzVec{x=8.0, y=62.0, z=8.5625}
 DistanceC: 19.699260333808205
Relative Position: LorenzVec{x=-6.932710267874583, y=-38.0, z=-19.699260333808205}
 }
08:48:57 `Slime`9791350 missed {
 is already Found: false).
 Position: LorenzVec{x=8.09375, y=55.9375, z=8.5625}
 DistanceC: 19.699260333808205
Relative Position: LorenzVec{x=-6.838960267874583, y=-44.0625, z=-19.699260333808205}
 }
08:48:57 `Slime`9791351 missed {
 is already Found: false).
 Position: LorenzVec{x=7.84375, y=63.0, z=8.8125}
 DistanceC: 19.449260333808205
Relative Position: LorenzVec{x=-7.088960267874583, y=-37.0, z=-19.449260333808205}
 }
08:48:57 `Slime`9791352 missed {
 is already Found: false).
 Position: LorenzVec{x=6.3125, y=62.40625, z=9.125}
 DistanceC: 19.136760333808205
Relative Position: LorenzVec{x=-8.620210267874583, y=-37.59375, z=-19.136760333808205}
 }
08:48:57 `Slime`9791353 missed {
 is already Found: false).
 Position: LorenzVec{x=8.375, y=55.09375, z=8.8125}
 DistanceC: 19.449260333808205
Relative Position: LorenzVec{x=-6.557710267874583, y=-44.90625, z=-19.449260333808205}
 }
08:48:57 `Slime`9791354 missed {
 is already Found: false).
 Position: LorenzVec{x=6.3125, y=55.0, z=9.125}
 DistanceC: 19.136760333808205
Relative Position: LorenzVec{x=-8.620210267874583, y=-45.0, z=-19.136760333808205}
 }
08:48:57 `Slime`9791355 missed {
 is already Found: false).
 Position: LorenzVec{x=6.1875, y=56.15625, z=7.90625}
 DistanceC: 20.355510333808205
Relative Position: LorenzVec{x=-8.745210267874583, y=-43.84375, z=-20.355510333808205}
 }
08:48:57 `Slime`9791356 missed {
 is already Found: false).
 Position: LorenzVec{x=8.65625, y=55.0, z=9.125}
 DistanceC: 19.136760333808205
Relative Position: LorenzVec{x=-6.276460267874583, y=-45.0, z=-19.136760333808205}
 }
08:48:57 `Slime`9791357 missed {
 is already Found: false).
 Position: LorenzVec{x=8.625, y=62.0, z=9.125}
 DistanceC: 19.136760333808205
Relative Position: LorenzVec{x=-6.307710267874583, y=-38.0, z=-19.136760333808205}
 }
08:48:57 `Slime`9791358 missed {
 is already Found: false).
 Position: LorenzVec{x=6.3125, y=62.78125, z=9.125}
 DistanceC: 19.136760333808205
Relative Position: LorenzVec{x=-8.620210267874583, y=-37.21875, z=-19.136760333808205}
 }
08:48:57 `Slime`9791359 missed {
 is already Found: false).
 Position: LorenzVec{x=9.125, y=62.0, z=7.90625}
 DistanceC: 20.355510333808205
Relative Position: LorenzVec{x=-5.807710267874583, y=-38.0, z=-20.355510333808205}
 }
08:48:57 `Slime`9791360 missed {
 is already Found: false).
 Position: LorenzVec{x=8.03125, y=62.09375, z=8.8125}
 DistanceC: 19.449260333808205
Relative Position: LorenzVec{x=-6.901460267874583, y=-37.90625, z=-19.449260333808205}
 }
08:48:57 `Slime`9791361 missed {
 is already Found: false).
 Position: LorenzVec{x=7.28125, y=55.0, z=8.25}
 DistanceC: 20.011760333808205
Relative Position: LorenzVec{x=-7.651460267874583, y=-45.0, z=-20.011760333808205}
 }
08:48:57 `Slime`9791362 missed {
 is already Found: false).
 Position: LorenzVec{x=6.3125, y=62.0, z=9.125}
 DistanceC: 19.136760333808205
Relative Position: LorenzVec{x=-8.620210267874583, y=-38.0, z=-19.136760333808205}
 }
08:48:57 `Slime`9791363 missed {
 is already Found: false).
 Position: LorenzVec{x=6.625, y=55.09375, z=9.125}
 DistanceC: 19.136760333808205
Relative Position: LorenzVec{x=-8.307710267874583, y=-44.90625, z=-19.136760333808205}
 }
08:48:57 `Slime`9791364 missed {
 is already Found: false).
 Position: LorenzVec{x=7.09375, y=62.0, z=8.5625}
 DistanceC: 19.699260333808205
Relative Position: LorenzVec{x=-7.838960267874583, y=-38.0, z=-19.699260333808205}
 }
08:48:57 `Slime`9791365 missed {
 is already Found: false).
 Position: LorenzVec{x=8.5625, y=62.0, z=7.84375}
 DistanceC: 20.418010333808205
Relative Position: LorenzVec{x=-6.370210267874583, y=-38.0, z=-20.418010333808205}
 }
08:48:57 `Slime`9791366 missed {
 is already Found: false).
 Position: LorenzVec{x=8.1875, y=63.15625, z=8.8125}
 DistanceC: 19.449260333808205
Relative Position: LorenzVec{x=-6.745210267874583, y=-36.84375, z=-19.449260333808205}
 }
08:48:57 `Slime`9791367 missed {
 is already Found: false).
 Position: LorenzVec{x=6.90625, y=55.0, z=8.5625}
 DistanceC: 19.699260333808205
Relative Position: LorenzVec{x=-8.026460267874583, y=-45.0, z=-19.699260333808205}
 }
08:48:57 `Slime`9791368 missed {
 is already Found: false).
 Position: LorenzVec{x=5.875, y=55.0, z=7.375}
 DistanceC: 20.886760333808205
Relative Position: LorenzVec{x=-9.057710267874583, y=-45.0, z=-20.886760333808205}
 }
08:48:57 `Slime`9791369 missed {
 is already Found: false).
 Position: LorenzVec{x=8.375, y=55.09375, z=8.8125}
 DistanceC: 19.449260333808205
Relative Position: LorenzVec{x=-6.557710267874583, y=-44.90625, z=-19.449260333808205}
 }
08:48:57 `Slime`9791370 missed {
 is already Found: false).
 Position: LorenzVec{x=6.90625, y=55.0, z=8.03125}
 DistanceC: 20.230510333808205
Relative Position: LorenzVec{x=-8.026460267874583, y=-45.0, z=-20.230510333808205}
 }
08:48:57 `Slime`9791371 missed {
 is already Found: false).
 Position: LorenzVec{x=7.78125, y=55.0, z=8.25}
 DistanceC: 20.011760333808205
Relative Position: LorenzVec{x=-7.151460267874583, y=-45.0, z=-20.011760333808205}
 }
09:05:31 `q3n0m2s256`115 missed {
 is already Found: false).
 Position: LorenzVec{x=-15.25, y=136.43125, z=217.25}
 DistanceC: 16.12715494523249
Relative Position: LorenzVec{x=-16.12715494523249, y=11.431250000000006, z=9.772456455124654}
 }
09:05:31 `5285qv9if1`117 missed {
 is already Found: false).
 Position: LorenzVec{x=15.5, y=128.0, z=206.5}
 DistanceC: 14.62284505476751
Relative Position: LorenzVec{x=14.62284505476751, y=3.0, z=-0.9775435448753456}
 }
09:05:31 `9ug977rqm4`175 missed {
 is already Found: false).
 Position: LorenzVec{x=23.5, y=128.0, z=207.5}
 DistanceC: 22.62284505476751
Relative Position: LorenzVec{x=22.62284505476751, y=3.0, z=0.02245645512465444}
 }
09:05:41 `9n5n1497s7`187 missed {
 is already Found: false).
 Position: LorenzVec{x=-16.5, y=121.0, z=232.5}
 DistanceC: 20.288034776894744
Relative Position: LorenzVec{x=-20.288034776894744, y=0.0, z=13.572953303470058}
 }
09:05:42 `k00xok175y`133 missed {
 is already Found: false).
 Position: LorenzVec{x=2.5, y=120.775, z=237.5}
 DistanceC: 18.572953303470058
Relative Position: LorenzVec{x=-1.2880347768947438, y=-0.22499999999999432, z=18.572953303470058}
 }
09:06:07 `90e6420821`186 missed {
 is already Found: false).
 Position: LorenzVec{x=10.0, y=121.0, z=245.0}
 DistanceC: 18.248272345150212
Relative Position: LorenzVec{x=6.8266254105245014, y=0.0, z=18.248272345150212}
 }
09:09:12 `9ug977rqm4`175 missed {
 is already Found: false).
 Position: LorenzVec{x=23.5, y=128.0, z=207.5}
 DistanceC: 16.211403959057662
Relative Position: LorenzVec{x=16.211403959057662, y=0.0, z=-0.7268868174254521}
 }
09:10:05 `5285qv9if1`117 missed {
 is already Found: false).
 Position: LorenzVec{x=15.5, y=128.0, z=206.5}
 DistanceC: 18.695794334207406
Relative Position: LorenzVec{x=18.695794334207406, y=7.0, z=-9.823341463323857}
 }
09:10:13 `9ug977rqm4`175 missed {
 is already Found: false).
 Position: LorenzVec{x=23.5, y=128.0, z=207.5}
 DistanceC: 23.00637693518081
Relative Position: LorenzVec{x=23.00637693518081, y=6.0, z=-5.957011711466123}
 }
09:13:44 `cejhykfuss`112 missed {
 is already Found: false).
 Position: LorenzVec{x=-6.5, y=145.0, z=-18.5}
 DistanceC: 6.885853288475172
Relative Position: LorenzVec{x=-4.831491016065258, y=-2.0, z=6.885853288475172}
 }
09:14:01 `Zombie`921727 missed {
 is already Found: false).
 Position: LorenzVec{x=-4.9375, y=147.0, z=-41.1875}
 DistanceC: 15.801646711524828
Relative Position: LorenzVec{x=-3.268991016065258, y=0.0, z=-15.801646711524828}
 }
09:14:53 `q3n0m2s256`115 missed {
 is already Found: false).
 Position: LorenzVec{x=-15.25, y=136.43125, z=217.25}
 DistanceC: 13.14580523437101
Relative Position: LorenzVec{x=8.556224203595704, y=15.431250000000006, z=-13.14580523437101}
 }
09:14:53 `9n5n1497s7`187 missed {
 is already Found: false).
 Position: LorenzVec{x=-16.5, y=121.0, z=232.5}
 DistanceC: 7.306224203595704
Relative Position: LorenzVec{x=7.306224203595704, y=0.0, z=2.104194765628989}
 }
09:21:57 `q3n0m2s256`115 missed {
 is already Found: false).
 Position: LorenzVec{x=-15.25, y=136.43125, z=217.25}
 DistanceC: 8.9716480381645
Relative Position: LorenzVec{x=-8.9716480381645, y=15.431250000000006, z=-3.670502731153647}
 }
09:21:57 `5285qv9if1`117 missed {
 is already Found: false).
 Position: LorenzVec{x=15.5, y=128.0, z=206.5}
 DistanceC: 21.7783519618355
Relative Position: LorenzVec{x=21.7783519618355, y=7.0, z=-14.420502731153647}
 }
09:21:58 `9n5n1497s7`187 missed {
 is already Found: false).
 Position: LorenzVec{x=-16.5, y=121.0, z=232.5}
 DistanceC: 11.579497268846353
Relative Position: LorenzVec{x=-10.2216480381645, y=0.0, z=11.579497268846353}
 }
09:21:59 `k00xok175y`133 missed {
 is already Found: false).
 Position: LorenzVec{x=2.5, y=120.775, z=237.5}
 DistanceC: 16.579497268846353
Relative Position: LorenzVec{x=8.7783519618355, y=-0.22499999999999432, z=16.579497268846353}
 }
