15:27:23 [EMPTY] §f §r§r§r§f §r§r§r§1 §r§r§r§0 §r§r§r§2 §r§r§r§f §r§r§r§f §r§r§r§2 §r§r§r§0 §r§r§r§4 §r§r§r§3 §r§r§r§9 §r§r§r§2 §r§r§r§0 §r§r§r§0 §r§r§r§3 §r§r§r§9 §r§r§r§2 §r§r§r§0 §r§r§r§0 §r§r§r§3 §r§r§r§9 §r§r§r§2 §r§r§r§0 §r§r§r§0 
15:27:23 [LOBBY] §b[MVP§e+§b] Sebbebas§f §6joined the lobby!
15:27:25 [LOBBY]  §b>§c>§a>§r §r§6[MVP§f++§6] MrFidi§f §6joined the lobby!§r §a<§c<§b<
15:27:26 [LOBBY] §b[MVP§2+§b] FengQLove§f §6joined the lobby!
15:27:27 [LOBBY] §b[MVP§d+§b] _syku§f §6joined the lobby!
15:27:27 [LOBBY] §b[MVP§9+§b] JorialAMG§f §6joined the lobby!
15:27:27 [LOBBY] §b[MVP§d+§b] qviu§f §6joined the lobby!
15:27:29 [LOBBY] §b[MVP§9+§b] Marvinpe§f §6joined the lobby!
15:27:31 [WARPING] §7Sending to server mini217H...
15:27:31 [EMPTY] §8 §r§8 §r§1 §r§3 §r§3 §r§7 §r§8 
15:27:33 [EMPTY] 
15:27:33 [WELCOME] §eWelcome to §r§aHypixel SkyBlock§r§e!
15:27:33 [EMPTY] 
15:27:34 [PROFILE_JOIN] §aYou are playing on profile: §eBanana§b (Co-op)
15:27:34 [PROFILE_JOIN] §8Profile ID: b1a71305-1956-42bf-90e4-bce6f7285754
15:27:36 [SKYMALL] §eNew buff§r§r§r: §r§fReduce Pickaxe Ability cooldown by §r§a20%§r§f.
15:34:39 [WARPING] §7Sending to server mini63CB...
15:34:40 [EMPTY] §8 §r§8 §r§1 §r§3 §r§3 §r§7 §r§8 
15:34:42 [PROFILE_JOIN] §aYou are playing on profile: §eBanana§b (Co-op)
15:34:42 [PROFILE_JOIN] §8Profile ID: b1a71305-1956-42bf-90e4-bce6f7285754
15:35:02 [SKYMALL] §eNew buff§r§r§r: §r§fGain §r§a+15% §r§fmore Powder while mining.
15:35:14 [WARPING] §7Sending to server mini160BS...
15:35:15 [EMPTY] §8 §r§8 §r§1 §r§3 §r§3 §r§7 §r§8 
15:35:18 [PROFILE_JOIN] §aYou are playing on profile: §eBanana§b (Co-op)
15:35:18 [PROFILE_JOIN] §8Profile ID: b1a71305-1956-42bf-90e4-bce6f7285754
15:35:29 [WARPING] §7Warping...
15:35:29 [WARPING] §7Sending to server mini141AG...
15:35:30 [EMPTY] §8 §r§8 §r§1 §r§3 §r§3 §r§7 §r§8 
15:35:33 [PROFILE_JOIN] §aYou are playing on profile: §eBanana§b (Co-op)
15:35:33 [PROFILE_JOIN] §8Profile ID: b1a71305-1956-42bf-90e4-bce6f7285754
15:35:42 [WARPING] §7Warping...
15:35:42 [WARPING] §7Sending to server mini26BG...
15:35:43 [EMPTY] §8 §r§8 §r§1 §r§3 §r§3 §r§7 §r§8 
15:35:46 [PROFILE_JOIN] §aYou are playing on profile: §eBanana§b (Co-op)
15:35:46 [PROFILE_JOIN] §8Profile ID: b1a71305-1956-42bf-90e4-bce6f7285754
15:36:42 [WARPING] §7Warping...
15:36:43 [WARPING] §7Sending to server mini188AQ...
15:36:43 [EMPTY] §8 §r§8 §r§1 §r§3 §r§3 §r§7 §r§8 
15:36:46 [WARPING] §7Warping...
15:36:46 [PROFILE_JOIN] §aYou are playing on profile: §eBanana§b (Co-op)
15:36:46 [PROFILE_JOIN] §8Profile ID: b1a71305-1956-42bf-90e4-bce6f7285754
15:38:04 [WARPING] §7Warping you to your SkyBlock island...
15:38:04 [WARPING] §7Sending to server mini100BJ...
15:38:05 [EMPTY] §8 §r§8 §r§1 §r§3 §r§3 §r§7 §r§8 
15:38:08 [PROFILE_JOIN] §aYou are playing on profile: §eBanana§b (Co-op)
15:38:08 [PROFILE_JOIN] §8Profile ID: b1a71305-1956-42bf-90e4-bce6f7285754
15:38:16 [WARPING] §7Sending to server mini5BG...
15:38:16 [EMPTY] §8 §r§8 §r§1 §r§3 §r§3 §r§7 §r§8 
15:38:19 [PROFILE_JOIN] §aYou are playing on profile: §eBanana§b (Co-op)
15:38:19 [PROFILE_JOIN] §8Profile ID: b1a71305-1956-42bf-90e4-bce6f7285754
15:42:14 [GUILD_EXP] §aYou earned §r§2403 GEXP §r§afrom playing SkyBlock!
15:47:15 [GUILD_EXP] §aYou earned §r§2253 GEXP §r§afrom playing SkyBlock!
15:52:18 [GUILD_EXP] §aYou earned §r§2211 GEXP §r§afrom playing SkyBlock!
15:55:02 [SKYMALL] §eNew buff§r§r§r: §r§fReduce Pickaxe Ability cooldown by §r§a20%§r§f.
15:57:20 [GUILD_EXP] §aYou earned §r§2263 GEXP §r§afrom playing SkyBlock!
15:59:45 [EMPTY]  
15:59:45 [BESTIARY] §f                                  §6§lBESTIARY
15:59:45 [BESTIARY] §f                        §b§lMinos Hunter §7§8XII §8➡§b §bXIII
15:59:45 [BESTIARY] 
15:59:45 [BESTIARY] §f                                  §r§6§lREWARDS
15:59:45 [BESTIARY] §f                      §r§8+§r§a4 Minos Hunter §r§b✯ Magic Find
15:59:45 [BESTIARY] §f                       §r§8+§r§a4 Minos Hunter §r§c❁ Strength
15:59:45 [BESTIARY] §f                          §r§8+§r§62% §r§aMinos Hunter §r§7coins
15:59:45 [BESTIARY] §f                    §r§8+§r§a50% §r§7chance for extra XP orbs
15:59:45 [BESTIARY] §f                               §r§8+§r§b1 SkyBlock XP
15:59:45 [BESTIARY] 
15:59:45 [BESTIARY] §3§l▬▬▬▬▬▬▬▬▬▬▬▬▬▬▬▬▬▬▬▬▬▬▬▬▬▬▬▬▬▬▬▬▬▬▬▬▬▬▬▬▬▬▬▬▬▬▬▬▬▬▬▬▬▬▬▬▬▬▬▬▬▬▬▬
16:01:23 [EMPTY] §f
16:01:23 [WATCHDOG] §4[WATCHDOG ANNOUNCEMENT]
16:01:23 [WATCHDOG] §fWatchdog has banned §r§c§l12,891§r§f players in the last 7 days.
16:01:23 [WATCHDOG] §fStaff have banned an additional §r§c§l14,148§r§f in the last 7 days.
16:01:23 [WATCHDOG] §cBlacklisted modifications are a bannable offense!
16:01:23 [WATCHDOG] §c
16:02:23 [GUILD_EXP] §aYou earned §r§2301 GEXP §r§afrom playing SkyBlock!
16:07:24 [GUILD_EXP] §aYou earned §r§2718 GEXP §r§afrom playing SkyBlock!
16:08:33 [EMPTY]  
16:08:33 [BESTIARY] §f                                  §6§lBESTIARY
16:08:33 [BESTIARY] §f                             §b§lMinotaur §7§8X §8➡§b §bXI
16:08:33 [BESTIARY] 
16:08:33 [BESTIARY] §f                                  §r§6§lREWARDS
16:08:33 [BESTIARY] §f                         §r§8+§r§a4 Minotaur §r§b✯ Magic Find
16:08:33 [BESTIARY] §f                         §r§8+§r§a4 Minotaur §r§c❁ Strength
16:08:33 [BESTIARY] §f                             §r§8+§r§62% §r§aMinotaur §r§7coins
16:08:33 [BESTIARY] §f                    §r§8+§r§a50% §r§7chance for extra XP orbs
16:08:33 [BESTIARY] §f                               §r§8+§r§b1 SkyBlock XP
16:08:33 [BESTIARY] 
16:08:33 [BESTIARY] §3§l▬▬▬▬▬▬▬▬▬▬▬▬▬▬▬▬▬▬▬▬▬▬▬▬▬▬▬▬▬▬▬▬▬▬▬▬▬▬▬▬▬▬▬▬▬▬▬▬▬▬▬▬▬▬▬▬▬▬▬▬▬▬▬▬
16:10:17 [WARPING] §7Warping...
16:12:27 [GUILD_EXP] §aYou earned §r§2626 GEXP §r§afrom playing SkyBlock!
16:15:02 [SKYMALL] §eNew buff§r§r§r: §r§fGain §r§a+100 §r§6⸕ Mining Speed§r§f.
16:17:29 [GUILD_EXP] §aYou earned §r§2498 GEXP §r§afrom playing SkyBlock!
16:22:31 [GUILD_EXP] §aYou earned §r§2395 GEXP §r§afrom playing SkyBlock!
16:23:56 [WARPING] §7Finding player...
16:23:57 [WARPING] §7Sending a visit request...
16:23:57 [WARPING] §7Sending to server mini74AA...
16:23:58 [EMPTY] §8 §r§8 §r§1 §r§3 §r§3 §r§7 §r§8 
16:24:01 [PROFILE_JOIN] §aYou are playing on profile: §eBanana§b (Co-op)
16:24:01 [PROFILE_JOIN] §8Profile ID: b1a71305-1956-42bf-90e4-bce6f7285754
16:25:27 [WARPING] §7Warping...
16:25:27 [WARPING] §7Sending to server mini147AG...
16:25:28 [EMPTY] §8 §r§8 §r§1 §r§3 §r§3 §r§7 §r§8 
16:25:32 [PROFILE_JOIN] §aYou are playing on profile: §eBanana§b (Co-op)
16:25:32 [PROFILE_JOIN] §8Profile ID: b1a71305-1956-42bf-90e4-bce6f7285754
16:25:37 [GARDEN_VISITOR_MESSAGE] §e[NPC] §aLynn§f: §r§fIf you ever get lost, you should check on the Desk on what to do next.
16:26:46 [EMPTY] 
16:26:46 [EMPTY] 
16:26:46 [GARDEN_VISITOR_MESSAGE] §e[NPC] §aLynn§f: §r§fHave a good one.
16:26:46 [GARDEN_VISITOR_MESSAGE] §e[NPC] §9Lumina§f: §r§fI'm looking to make some Jack o' Lanterns to help light up the Crystal Hollows - maybe you can help me out?
16:26:52 [GARDEN_VISITOR_MESSAGE] §e[NPC] §aJack§f: §r§fDid you know that you gain additional §6☘ Farming Fortune §fwhile on the §bGarden§f? You can check it in your SkyBlock Profile!
16:26:53 [EMPTY] 
16:26:53 [EMPTY] 
16:26:53 [GARDEN_VISITOR_MESSAGE] §e[NPC] §aJack§f: §r§fThanks for the crops. See ya around.
16:26:54 [GARDEN_VISITOR_MESSAGE] §e[NPC] §aAlchemist§f: §r§fBeen running low on my brewing supplies, Nether Warts are quite hard to come by these days.
16:26:56 [GARDEN_VISITOR_MESSAGE] §e[NPC] §9Rusty§f: §rEver wondered how I find all the things that other players lost? I outsource it. Right now, someone is looking for their §9Enchanted Red Mushroom Block§f. Can you find that for me?
16:28:33 [EMPTY]  
16:28:33 [BESTIARY] §f                                  §6§lBESTIARY
16:28:33 [BESTIARY] §f                              §b§lCricket §7§8IV §8➡§b §bV
16:28:33 [BESTIARY] 
16:28:33 [BESTIARY] §f                                  §r§6§lREWARDS
16:28:33 [BESTIARY] §f                          §r§6+0.4☘ Farming Fortune
16:28:33 [BESTIARY] §f                              §r§8+§r§62% §r§aCricket §r§7coins
16:28:33 [BESTIARY] §f                    §r§8+§r§a50% §r§7chance for extra XP orbs
16:28:33 [BESTIARY] §f                               §r§8+§r§b1 SkyBlock XP
16:28:33 [BESTIARY] 
16:28:33 [BESTIARY]   §r§f                         §6§lBESTIARY MILESTONE
16:28:33 [BESTIARY]   §r§f                                 §8CLVIII➡§eCLIX
16:28:33 [BESTIARY] 
16:28:33 [BESTIARY] §3§l▬▬▬▬▬▬▬▬▬▬▬▬▬▬▬▬▬▬▬▬▬▬▬▬▬▬▬▬▬▬▬▬▬▬▬▬▬▬▬▬▬▬▬▬▬▬▬▬▬▬▬▬▬▬▬▬▬▬▬▬▬▬▬▬
16:28:33 [PEST_DROP] §eYou received §a6x Enchanted Carrot §efor killing a §6Cricket§e!
16:29:53 [EMPTY]  
16:29:53 [BESTIARY] §f                                  §6§lBESTIARY
16:29:53 [BESTIARY] §f                                §b§lMoth §7§8II §8➡§b §bIII
16:29:53 [BESTIARY] 
16:29:53 [BESTIARY] §f                                  §r§6§lREWARDS
16:29:53 [BESTIARY] §f                          §r§6+0.4☘ Farming Fortune
16:29:53 [BESTIARY] §f                               §r§8+§r§62% §r§aMoth §r§7coins
16:29:53 [BESTIARY] §f                    §r§8+§r§a50% §r§7chance for extra XP orbs
16:29:53 [BESTIARY] §f                               §r§8+§r§b1 SkyBlock XP
16:29:53 [BESTIARY] 
16:29:53 [BESTIARY] §3§l▬▬▬▬▬▬▬▬▬▬▬▬▬▬▬▬▬▬▬▬▬▬▬▬▬▬▬▬▬▬▬▬▬▬▬▬▬▬▬▬▬▬▬▬▬▬▬▬▬▬▬▬▬▬▬▬▬▬▬▬▬▬▬▬
16:29:53 [PEST_DROP] §eYou received §a7x Enchanted Cocoa Beans §efor killing a §6Moth§e!
16:30:06 [PEST_DROP] §eYou received §a9x Enchanted Cactus Green §efor killing a §6Mite§e!
16:30:23 [EMPTY]  
16:30:23 [BESTIARY] §f                                  §6§lBESTIARY
16:30:23 [BESTIARY] §f                                §b§lSlug §7§8II §8➡§b §bIII
16:30:23 [BESTIARY] 
16:30:23 [BESTIARY] §f                                  §r§6§lREWARDS
16:30:23 [BESTIARY] §f                          §r§6+0.4☘ Farming Fortune
16:30:23 [BESTIARY] §f                               §r§8+§r§62% §r§aSlug §r§7coins
16:30:23 [BESTIARY] §f                    §r§8+§r§a50% §r§7chance for extra XP orbs
16:30:23 [BESTIARY] §f                               §r§8+§r§b1 SkyBlock XP
16:30:23 [BESTIARY] 
16:30:23 [BESTIARY] §3§l▬▬▬▬▬▬▬▬▬▬▬▬▬▬▬▬▬▬▬▬▬▬▬▬▬▬▬▬▬▬▬▬▬▬▬▬▬▬▬▬▬▬▬▬▬▬▬▬▬▬▬▬▬▬▬▬▬▬▬▬▬▬▬▬
16:30:23 [PEST_DROP] §eYou received §a9x Enchanted Red Mushroom §efor killing a §6Slug§e!
16:30:41 [EMPTY]  
16:30:41 [BESTIARY] §f                                  §6§lBESTIARY
16:30:41 [BESTIARY] §f                                 §b§lMite §7§8V §8➡§b §bVI
16:30:41 [BESTIARY] 
16:30:41 [BESTIARY] §f                                  §r§6§lREWARDS
16:30:41 [BESTIARY] §f                          §r§6+0.4☘ Farming Fortune
16:30:41 [BESTIARY] §f                                §r§8+§r§62% §r§aMite §r§7coins
16:30:41 [BESTIARY] §f                    §r§8+§r§a50% §r§7chance for extra XP orbs
16:30:41 [BESTIARY] §f                               §r§8+§r§b1 SkyBlock XP
16:30:41 [BESTIARY] 
16:30:41 [BESTIARY] §3§l▬▬▬▬▬▬▬▬▬▬▬▬▬▬▬▬▬▬▬▬▬▬▬▬▬▬▬▬▬▬▬▬▬▬▬▬▬▬▬▬▬▬▬▬▬▬▬▬▬▬▬▬▬▬▬▬▬▬▬▬▬▬▬▬
16:30:41 [PEST_DROP] §eYou received §a10x Enchanted Cactus Green §efor killing a §6Mite§e!
16:30:41 [GUILD_EXP] §aYou earned §r§2423 GEXP §r§afrom playing SkyBlock!
16:30:45 [PEST_DROP] §eYou received §a10x Enchanted Red Mushroom §efor killing a §6Slug§e!
16:30:56 [EMPTY]  
16:30:56 [EMPTY]  
16:30:56 [EMPTY]  
16:31:06 [PEST_DROP] §eYou received §a9x Enchanted Cocoa Beans §efor killing a §6Moth§e!
16:31:17 [EMPTY]  
16:31:17 [BESTIARY] §f                                  §6§lBESTIARY
16:31:17 [BESTIARY] §f                                 §b§lFly §7§8V §8➡§b §bVI
16:31:17 [BESTIARY] 
16:31:17 [BESTIARY] §f                                  §r§6§lREWARDS
16:31:17 [BESTIARY] §f                          §r§6+0.4☘ Farming Fortune
16:31:17 [BESTIARY] §f                                §r§8+§r§62% §r§aFly §r§7coins
16:31:17 [BESTIARY] §f                    §r§8+§r§a50% §r§7chance for extra XP orbs
16:31:17 [BESTIARY] §f                               §r§8+§r§b1 SkyBlock XP
16:31:17 [BESTIARY] 
16:31:17 [BESTIARY] §3§l▬▬▬▬▬▬▬▬▬▬▬▬▬▬▬▬▬▬▬▬▬▬▬▬▬▬▬▬▬▬▬▬▬▬▬▬▬▬▬▬▬▬▬▬▬▬▬▬▬▬▬▬▬▬▬▬▬▬▬▬▬▬▬▬
16:31:17 [PEST_DROP] §eYou received §a10x Enchanted Hay Bale §efor killing a §6Fly§e!
16:32:06 [WARPING] §7Warping...
16:33:08 [WARPING] §7Warping...
16:33:54 [WARPING] §7Warping...
16:35:03 [SKYMALL] §eNew buff§r§r§r: §r§fGain §r§a+15% §r§fmore Powder while mining.
16:35:10 [NEW_VISITOR_ARRIVED] §a§r§aJamie §r§ehas arrived on your §r§bGarden§r§e!
16:35:48 [GUILD_EXP] §aYou earned §r§2651 GEXP §r§afrom playing SkyBlock!
16:39:12 [NEW_VISITOR_ARRIVED] §a§r§aEmissary Carlton §r§ehas arrived on your §r§bGarden§r§e!
16:40:54 [GUILD_EXP] §aYou earned §r§2750 GEXP §r§afrom playing SkyBlock!
16:44:05 [WARPING] §7Warping...
16:46:01 [GUILD_EXP] §aYou earned §r§2750 GEXP §r§afrom playing SkyBlock!
16:51:05 [GUILD_EXP] §aYou earned §r§2750 GEXP §r§afrom playing SkyBlock!
16:54:50 [WARPING] §7Warping...
16:55:02 [SKYMALL] §eNew buff§r§r§r: §r§fReduce Pickaxe Ability cooldown by §r§a20%§r§f.
16:55:41 [EMPTY]  
16:55:41 [BESTIARY] §f                                  §6§lBESTIARY
16:55:41 [BESTIARY] §f                             §b§lMosquito §7§8IV §8➡§b §bV
16:55:41 [BESTIARY] 
16:55:41 [BESTIARY] §f                                  §r§6§lREWARDS
16:55:41 [BESTIARY] §f                          §r§6+0.4☘ Farming Fortune
16:55:41 [BESTIARY] §f                             §r§8+§r§62% §r§aMosquito §r§7coins
16:55:41 [BESTIARY] §f                    §r§8+§r§a50% §r§7chance for extra XP orbs
16:55:41 [BESTIARY] §f                               §r§8+§r§b1 SkyBlock XP
16:55:41 [BESTIARY] 
16:55:41 [BESTIARY] §3§l▬▬▬▬▬▬▬▬▬▬▬▬▬▬▬▬▬▬▬▬▬▬▬▬▬▬▬▬▬▬▬▬▬▬▬▬▬▬▬▬▬▬▬▬▬▬▬▬▬▬▬▬▬▬▬▬▬▬▬▬▬▬▬▬
16:55:41 [PEST_DROP] §eYou received §a12x Enchanted Sugar §efor killing a §6Mosquito§e!
16:55:57 [PEST_DROP] §eYou received §a12x Enchanted Nether Wart §efor killing a §6Beetle§e!
16:56:09 [GUILD_EXP] §aYou earned §r§2750 GEXP §r§afrom playing SkyBlock!
16:56:14 [PEST_DROP] §eYou received §a12x Enchanted Hay Bale §efor killing a §6Fly§e!
16:56:28 [EMPTY]  
16:56:28 [BESTIARY] §f                                  §6§lBESTIARY
16:56:28 [BESTIARY] §f                               §b§lBeetle §7§8IV §8➡§b §bV
16:56:28 [BESTIARY] 
16:56:28 [BESTIARY] §f                                  §r§6§lREWARDS
16:56:28 [BESTIARY] §f                          §r§6+0.4☘ Farming Fortune
16:56:28 [BESTIARY] §f                              §r§8+§r§62% §r§aBeetle §r§7coins
16:56:28 [BESTIARY] §f                    §r§8+§r§a50% §r§7chance for extra XP orbs
16:56:28 [BESTIARY] §f                               §r§8+§r§b1 SkyBlock XP
16:56:28 [BESTIARY] 
16:56:28 [BESTIARY] §3§l▬▬▬▬▬▬▬▬▬▬▬▬▬▬▬▬▬▬▬▬▬▬▬▬▬▬▬▬▬▬▬▬▬▬▬▬▬▬▬▬▬▬▬▬▬▬▬▬▬▬▬▬▬▬▬▬▬▬▬▬▬▬▬▬
16:56:28 [PEST_DROP] §eYou received §a13x Enchanted Nether Wart §efor killing a §6Beetle§e!
16:57:57 [WARPING] §7Warping...
16:58:31 [WARPING] §7Warping...
17:01:14 [GUILD_EXP] §aYou earned §r§2685 GEXP §r§afrom playing SkyBlock!
17:06:18 [GUILD_EXP] §aYou earned §r§2750 GEXP §r§afrom playing SkyBlock!
17:09:19 [WARPING] §7Warping...
17:09:39 [PEST_DROP] §eYou received §a10x Enchanted Nether Wart §efor killing a §6Beetle§e!
17:10:46 [GARDEN_VISITOR_MESSAGE] §e[NPC] §aEmissary Carlton§f: §r§fThe King has sent me to go shopping for I am his favorite emissary!
17:10:48 [GARDEN_VISITOR_MESSAGE] §e[NPC] §aJamie§f: §r§fYou might have noticed that you can purchase additional plots within your Desk in the Barn!
17:11:10 [EMPTY] 
17:11:10 [EMPTY] 
17:11:10 [GARDEN_VISITOR_MESSAGE] §e[NPC] §9Lumina§f: §r§fNice doin' business with ya! Here's some copper in return.
17:11:13 [NEW_VISITOR_ARRIVED] §a§r§aShaggy §r§ehas arrived on your §r§bGarden§r§e!
17:11:22 [GUILD_EXP] §aYou earned §r§2743 GEXP §r§afrom playing SkyBlock!
17:11:30 [EMPTY] 
17:11:30 [EMPTY] 
17:11:30 [GARDEN_VISITOR_MESSAGE] §e[NPC] §aAlchemist§f: §r§fProject Centurion can finally begin. You've been quite the help.
17:12:10 [GARDEN_VISITOR_MESSAGE] §e[NPC] §aShaggy§f: §r§fHey kid, I haven't seen you in a while. Arachne's powers are growing day by day. Soon she'll take over the §cSpider's Den§f.
17:12:50 [EMPTY] 
17:12:50 [EMPTY] 
17:12:50 [GARDEN_VISITOR_MESSAGE] §e[NPC] §aShaggy§f: §r§fThe evil doesn't defeat itself. You should come to the §cSpider's Den §fagain when you are free.
17:12:51 [EMPTY] 
17:12:51 [EMPTY] 
17:12:51 [GARDEN_VISITOR_MESSAGE] §e[NPC] §aEmissary Carlton§f: §r§fThis will make me gain even more favor with the King!
17:12:53 [EMPTY] 
17:12:53 [EMPTY] 
17:12:53 [GARDEN_VISITOR_MESSAGE] §e[NPC] §aJamie§f: §r§fThank you! Until next time!
17:12:53 [EMPTY]  
17:12:53 [EMPTY]  
17:12:53 [EMPTY]  
17:13:52 [EMPTY] 
17:13:52 [EMPTY] 
17:13:52 [GARDEN_VISITOR_MESSAGE] §e[NPC] §9Rusty§f: §r§fThere we go, a job well done. I'll make sure to leave a good review for you!
17:15:04 [SKYMALL] §eNew buff§r§r§r: §r§fGain §r§a+100 §r§6⸕ Mining Speed§r§f.
17:15:37 [EMPTY]  
17:15:37 [BESTIARY] §f                                  §6§lBESTIARY
17:15:37 [BESTIARY] §f                                §b§lMoth §7§8III §8➡§b §bIV
17:15:37 [BESTIARY] 
17:15:37 [BESTIARY] §f                                  §r§6§lREWARDS
17:15:37 [BESTIARY] §f                          §r§6+0.4☘ Farming Fortune
17:15:37 [BESTIARY] §f                               §r§8+§r§62% §r§aMoth §r§7coins
17:15:37 [BESTIARY] §f                    §r§8+§r§a50% §r§7chance for extra XP orbs
17:15:37 [BESTIARY] §f                               §r§8+§r§b1 SkyBlock XP
17:15:37 [BESTIARY] 
17:15:37 [BESTIARY] §3§l▬▬▬▬▬▬▬▬▬▬▬▬▬▬▬▬▬▬▬▬▬▬▬▬▬▬▬▬▬▬▬▬▬▬▬▬▬▬▬▬▬▬▬▬▬▬▬▬▬▬▬▬▬▬▬▬▬▬▬▬▬▬▬▬
17:15:37 [PEST_DROP] §eYou received §a10x Enchanted Cocoa Beans §efor killing a §6Moth§e!
17:15:48 [WARPING] §7Warping...
17:16:15 [WARPING] §7Warping...
17:16:18 [WARPING] §7Warping...
17:16:25 [GUILD_EXP] §aYou earned §r§2614 GEXP §r§afrom playing SkyBlock!
17:16:40 [WARPING] §7Warping...
17:19:10 [NEW_VISITOR_ARRIVED] §a§r§aBanker Broadjaw §r§ehas arrived on your §r§bGarden§r§e!
17:21:29 [GUILD_EXP] §aYou earned §r§2745 GEXP §r§afrom playing SkyBlock!
17:23:21 [NEW_VISITOR_ARRIVED] §a§r§aXalx §r§ehas arrived on your §r§bGarden§r§e!
17:26:32 [GUILD_EXP] §aYou earned §r§2750 GEXP §r§afrom playing SkyBlock!
17:27:48 [NEW_VISITOR_ARRIVED] §9§r§9Emissary Sisko §r§ehas arrived on your §r§bGarden§r§e!
17:27:49 [WARPING] §7Warping...
17:31:35 [GUILD_EXP] §aYou earned §r§2750 GEXP §r§afrom playing SkyBlock!
17:32:00 [NEW_VISITOR_ARRIVED] §9§r§9Lazy Miner §r§ehas arrived on your §r§bGarden§r§e!
17:35:02 [SKYMALL] §eNew buff§r§r§r: §r§fGain §r§a5x §r§9Titanium §r§fdrops
17:36:01 [NEW_VISITOR_ARRIVED] §a§r§aOdawa §r§ehas arrived on your §r§bGarden§r§e!
17:36:38 [GUILD_EXP] §aYou earned §r§2750 GEXP §r§afrom playing SkyBlock!
17:38:35 [WARPING] §7Warping...
17:38:53 [GARDEN_VISITOR_MESSAGE] §e[NPC] §aOdawa§f: §r§fI'm supposed to collect some food for the village, the Kalhuiki people have been through a tough time recently.
17:38:54 [EMPTY] 
17:38:54 [EMPTY] 
17:38:54 [GARDEN_VISITOR_MESSAGE] §e[NPC] §aOdawa§f: §r§fPerfect! I'll share the good news with my village!
17:39:00 [GARDEN_VISITOR_MESSAGE] §e[NPC] §9Lazy Miner§f: §rIt's Friday, my resting day! I earned myself a little treat, maybe you could bring me some chocolate?
17:39:02 [GARDEN_VISITOR_MESSAGE] §e[NPC] §9Emissary Sisko§f: §r§fI've heard I can find the best mushrooms here, and as the King's favorite emissary I will bring them to him!
17:39:05 [GARDEN_VISITOR_MESSAGE] §e[NPC] §aXalx§f: §r§fHello gardener, I've been looking for some sugar to grow my new crop. Wanna try it?
17:39:06 [EMPTY] 
17:39:06 [EMPTY] 
17:39:06 [GARDEN_VISITOR_MESSAGE] §e[NPC] §aXalx§f: §r§fDarn humans, you don't understand how to use things...
17:39:07 [GARDEN_VISITOR_MESSAGE] §e[NPC] §aBanker Broadjaw§f: §r§fStanding in that bank all day. Just me and the dwarves. But they are either all business, or drunk. Or both! I need better company!
17:39:58 [EMPTY] 
17:39:58 [EMPTY] 
17:39:58 [GARDEN_VISITOR_MESSAGE] §e[NPC] §9Lazy Miner§f: §r§fMmh! This is really good! I'll be sure to come back again when I'm no longer busy!
17:40:00 [EMPTY] 
17:40:00 [EMPTY] 
17:40:00 [GARDEN_VISITOR_MESSAGE] §e[NPC] §9Emissary Sisko§f: §r§fMy standing as the King's favorite emissary is secured as soon as I bring these back home!
17:40:02 [EMPTY] 
17:40:02 [EMPTY] 
17:40:02 [GARDEN_VISITOR_MESSAGE] §e[NPC] §aBanker Broadjaw§f: §r§fOh what a lovely specimen this is. I wonder, how should I name you?
17:40:28 [EMPTY]  
17:40:28 [BESTIARY] §f                                  §6§lBESTIARY
17:40:28 [BESTIARY] §f                               §b§lBeetle §7§8V §8➡§b §bVI
17:40:28 [BESTIARY] 
17:40:28 [BESTIARY] §f                                  §r§6§lREWARDS
17:40:28 [BESTIARY] §f                          §r§6+0.4☘ Farming Fortune
17:40:28 [BESTIARY] §f                              §r§8+§r§62% §r§aBeetle §r§7coins
17:40:28 [BESTIARY] §f                    §r§8+§r§a50% §r§7chance for extra XP orbs
17:40:28 [BESTIARY] §f                               §r§8+§r§b1 SkyBlock XP
17:40:28 [BESTIARY] 
17:40:28 [BESTIARY] §3§l▬▬▬▬▬▬▬▬▬▬▬▬▬▬▬▬▬▬▬▬▬▬▬▬▬▬▬▬▬▬▬▬▬▬▬▬▬▬▬▬▬▬▬▬▬▬▬▬▬▬▬▬▬▬▬▬▬▬▬▬▬▬▬▬
17:40:28 [PEST_DROP] §eYou received §a10x Enchanted Nether Wart §efor killing a §6Beetle§e!
17:41:41 [GUILD_EXP] §aYou earned §r§2713 GEXP §r§afrom playing SkyBlock!
17:44:15 [NEW_VISITOR_ARRIVED] §a§r§aTarwen §r§ehas arrived on your §r§bGarden§r§e!
17:46:45 [GUILD_EXP] §aYou earned §r§2428 GEXP §r§afrom playing SkyBlock!
17:48:04 [GARDEN_VISITOR_MESSAGE] §e[NPC] §aTarwen§f: §r§fBuurrrp? ... Burrp bURp!
17:48:05 [EMPTY] 
17:48:05 [EMPTY] 
17:48:05 [GARDEN_VISITOR_MESSAGE] §e[NPC] §aTarwen§f: §r§fBuuuuurp!
17:48:46 [WARPING] §7Warping you to your SkyBlock island...
17:48:47 [WARPING] §7Sending to server mini267R...
17:48:48 [EMPTY] §8 §r§8 §r§1 §r§3 §r§3 §r§7 §r§8 
17:48:50 [PROFILE_JOIN] §aYou are playing on profile: §eBanana§b (Co-op)
17:48:50 [PROFILE_JOIN] §8Profile ID: b1a71305-1956-42bf-90e4-bce6f7285754
17:48:50 [WARPING] §7Sending to server mini86DK...
17:48:51 [EMPTY] §8 §r§8 §r§1 §r§3 §r§3 §r§7 §r§8 
17:48:54 [PROFILE_JOIN] §aYou are playing on profile: §eBanana§b (Co-op)
17:48:54 [PROFILE_JOIN] §8Profile ID: b1a71305-1956-42bf-90e4-bce6f7285754
17:54:33 [GUILD_EXP] §aYou earned §r§2246 GEXP §r§afrom playing SkyBlock!
17:55:02 [SKYMALL] §eNew buff§r§r§r: §r§fReduce Pickaxe Ability cooldown by §r§a20%§r§f.
17:56:17 [WARPING] §7Warping...
17:56:18 [WARPING] §7Sending to server mini146DT...
17:56:18 [EMPTY] §8 §r§8 §r§1 §r§3 §r§3 §r§7 §r§8 
17:56:19 [NEW_VISITOR_ARRIVED] §a§r§aGeonathan Greatforge §r§ehas arrived on your §r§bGarden§r§e!
17:56:21 [PROFILE_JOIN] §aYou are playing on profile: §eBanana§b (Co-op)
17:56:21 [PROFILE_JOIN] §8Profile ID: b1a71305-1956-42bf-90e4-bce6f7285754
17:56:48 [GARDEN_VISITOR_MESSAGE] §e[NPC] §aGeonathan Greatforge§f: §r§fI usually only work with Oil Barrels, but I'd like to try making some Biofuel from compost.
17:56:52 [EMPTY] 
17:56:52 [EMPTY] 
17:56:52 [GARDEN_VISITOR_MESSAGE] §e[NPC] §aGeonathan Greatforge§f: §r§fOil Barrels are far superior, but at least this is 100% renewable. Pretty neat!
17:57:01 [WARPING] §7Warping...
18:01:08 [NEW_VISITOR_ARRIVED] §6§r§6Sirius §r§ehas arrived on your §r§bGarden§r§e!
18:01:19 [GUILD_EXP] §aYou earned §r§2548 GEXP §r§afrom playing SkyBlock!
18:01:23 [EMPTY] §f
18:01:23 [WATCHDOG] §4[WATCHDOG ANNOUNCEMENT]
18:01:23 [WATCHDOG] §fWatchdog has banned §r§c§l12,884§r§f players in the last 7 days.
18:01:23 [WATCHDOG] §fStaff have banned an additional §r§c§l14,262§r§f in the last 7 days.
18:01:23 [WATCHDOG] §cBlacklisted modifications are a bannable offense!
18:01:23 [WATCHDOG] §c
18:06:19 [GUILD_EXP] §aYou earned §r§2288 GEXP §r§afrom playing SkyBlock!
18:12:00 [NEW_VISITOR_ARRIVED] §9§r§9Tia the Fairy §r§ehas arrived on your §r§bGarden§r§e!
18:15:01 [SKYMALL] §eNew buff§r§r§r: §r§fGain §r§a+100 §r§6⸕ Mining Speed§r§f.
18:19:31 [WARPING] §7Sending to server mini93Q...
18:19:31 [EMPTY] §8 §r§8 §r§1 §r§3 §r§3 §r§7 §r§8 
18:19:34 [PROFILE_JOIN] §aYou are playing on profile: §eBanana§b (Co-op)
18:19:34 [PROFILE_JOIN] §8Profile ID: b1a71305-1956-42bf-90e4-bce6f7285754
18:20:24 [WARPING] §7Warping...
18:20:24 [WARPING] §7Sending to server mini204B...
18:20:25 [EMPTY] §8 §r§8 §r§1 §r§3 §r§3 §r§7 §r§8 
18:20:28 [PROFILE_JOIN] §aYou are playing on profile: §eBanana§b (Co-op)
18:20:28 [PROFILE_JOIN] §8Profile ID: b1a71305-1956-42bf-90e4-bce6f7285754
18:21:42 [NEW_VISITOR_ARRIVED] §9§r§9Shifty §r§ehas arrived on your §r§bGarden§r§e!
18:25:35 [GUILD_EXP] §aYou earned §r§2593 GEXP §r§afrom playing SkyBlock!
18:25:44 [NEW_VISITOR_ARRIVED] §a§r§aAdventurer §r§ehas arrived on your §r§bGarden§r§e!
18:29:48 [NEW_VISITOR_ARRIVED] §a§r§aDuke §r§ehas arrived on your §r§bGarden§r§e!
18:30:36 [WARPING] §7Warping...
18:30:39 [GUILD_EXP] §aYou earned §r§2750 GEXP §r§afrom playing SkyBlock!
18:35:02 [SKYMALL] §eNew buff§r§r§r: §r§fGain §r§a+15% §r§fmore Powder while mining.
18:35:45 [GUILD_EXP] §aYou earned §r§2750 GEXP §r§afrom playing SkyBlock!
18:40:52 [GUILD_EXP] §aYou earned §r§2750 GEXP §r§afrom playing SkyBlock!
18:40:54 [WARPING] §7Warping...
18:41:24 [GARDEN_VISITOR_MESSAGE] §e[NPC] §aDuke§f: §rYou seem new here. You should probably try to get some §9Enchanted Cactus §ffor me.
18:41:26 [GARDEN_VISITOR_MESSAGE] §e[NPC] §aAdventurer§f: §r§fExploring the whole wide world makes me hungry, I could take some fresh potatoes.
18:41:28 [EMPTY] 
18:41:28 [EMPTY] 
18:41:28 [GARDEN_VISITOR_MESSAGE] §e[NPC] §aAdventurer§f: §r§fThanks man, that should be enough food for my travels.
18:41:32 [NEW_VISITOR_ARRIVED] §a§r§aEmissary Fraiser §r§ehas arrived on your §r§bGarden§r§e!
18:41:38 [GARDEN_VISITOR_MESSAGE] §e[NPC] §9Shifty§f: §r§fIt seems like my brew selection is rather small...I've recently heard that melon juice is really sought after so maybe it can enhance my drinks' flavors!
18:41:39 [EMPTY] 
18:41:39 [EMPTY] 
18:41:39 [GARDEN_VISITOR_MESSAGE] §e[NPC] §9Shifty§f: §r§fWell done! I'm sure that even Sirius will enjoy my revolutionary melon refreshments.
18:41:40 [GARDEN_VISITOR_MESSAGE] §e[NPC] §9Tia the Fairy§f: §rYou are currently missing §d7 §fFairy Souls. Better get to work!
18:41:41 [EMPTY] 
18:41:41 [EMPTY] 
18:41:41 [GARDEN_VISITOR_MESSAGE] §e[NPC] §9Tia the Fairy§f: §rThat's exactly what I needed!
18:41:41 [GARDEN_VISITOR_MESSAGE] §e[NPC] §6Sirius§f: §r§fI've always wanted to start a farm but instead I got sucked into this life of crim...I mean business!
18:41:45 [GARDEN_VISITOR_MESSAGE] §e[NPC] §aEmissary Fraiser§f: §r§fI know what all the others say, but I am the King's true favorite emissary.
18:41:46 [EMPTY] 
18:41:46 [EMPTY] 
18:41:46 [GARDEN_VISITOR_MESSAGE] §e[NPC] §aEmissary Fraiser§f: §r§fAs the King's true favorite only I know he secretly loves melon.
18:42:36 [EMPTY] 
18:42:36 [EMPTY] 
18:42:36 [GARDEN_VISITOR_MESSAGE] §e[NPC] §aDuke§f: §r§fSee ya next time!
18:43:09 [PEST_DROP] §eYou received §a10x Enchanted Potato §efor killing a §6Locust§e!
18:43:19 [EMPTY]  
18:43:19 [BESTIARY] §f                                  §6§lBESTIARY
18:43:19 [BESTIARY] §f                                §b§lSlug §7§8III §8➡§b §bIV
18:43:19 [BESTIARY] 
18:43:19 [BESTIARY] §f                                  §r§6§lREWARDS
18:43:19 [BESTIARY] §f                          §r§6+0.4☘ Farming Fortune
18:43:19 [BESTIARY] §f                               §r§8+§r§62% §r§aSlug §r§7coins
18:43:19 [BESTIARY] §f                    §r§8+§r§a50% §r§7chance for extra XP orbs
18:43:19 [BESTIARY] §f                               §r§8+§r§b1 SkyBlock XP
18:43:19 [BESTIARY] 
18:43:19 [BESTIARY] §3§l▬▬▬▬▬▬▬▬▬▬▬▬▬▬▬▬▬▬▬▬▬▬▬▬▬▬▬▬▬▬▬▬▬▬▬▬▬▬▬▬▬▬▬▬▬▬▬▬▬▬▬▬▬▬▬▬▬▬▬▬▬▬▬▬
18:43:19 [PEST_DROP] §eYou received §a10x Enchanted Red Mushroom §efor killing a §6Slug§e!
18:43:34 [PEST_DROP] §eYou received §a10x Enchanted Pumpkin §efor killing a §6Rat§e!
18:43:51 [PEST_DROP] §eYou received §a10x Enchanted Cocoa Beans §efor killing a §6Moth§e!
18:44:06 [PEST_DROP] §eYou received §a10x Enchanted Nether Wart §efor killing a §6Beetle§e!
18:45:02 [WARPING] §7Sending to server mini27AP...
18:45:03 [EMPTY] §8 §r§8 §r§1 §r§3 §r§3 §r§7 §r§8 
18:45:06 [PROFILE_JOIN] §aYou are playing on profile: §eBanana§b (Co-op)
18:45:06 [PROFILE_JOIN] §8Profile ID: b1a71305-1956-42bf-90e4-bce6f7285754
18:45:07 [WARPING] §7Warping...
18:45:07 [WARPING] §7Sending to server mini204B...
18:45:14 [EMPTY] §f §r§r§r§f §r§r§r§1 §r§r§r§0 §r§r§r§2 §r§r§r§f §r§r§r§f §r§r§r§2 §r§r§r§0 §r§r§r§4 §r§r§r§3 §r§r§r§9 §r§r§r§2 §r§r§r§0 §r§r§r§0 §r§r§r§3 §r§r§r§9 §r§r§r§2 §r§r§r§0 §r§r§r§0 §r§r§r§3 §r§r§r§9 §r§r§r§2 §r§r§r§0 §r§r§r§0 
18:45:14 [LOBBY] §b[MVP§d+§b] MoonUwU§f §6joined the lobby!
18:45:14 [LOBBY] §b[MVP§e+§b] Sebbebas§f §6joined the lobby!
18:45:15 [LOBBY] §b[MVP§f+§b] MMXLIX§f §6joined the lobby!
18:45:15 [LOBBY] §b[MVP§0+§b] MagicClient§f §6joined the lobby!
18:45:15 [LOBBY] §b[MVP§3+§b] crusta§f §6joined the lobby!
18:45:17 [WARPING] §7Sending to server mini27AP...
18:45:17 [LOBBY]   §r§f§l➤ §r§6You have reached your Hype limit! Add Hype to Prototype Lobby minigames by right-clicking with the Hype Diamond!
18:45:17 [EMPTY] §8 §r§8 §r§1 §r§3 §r§3 §r§7 §r§8 
18:45:19 [WARPING] §7Warping...
18:45:20 [EMPTY] 
18:45:20 [WELCOME] §eWelcome to §r§aHypixel SkyBlock§r§e!
18:45:20 [EMPTY] 
18:45:20 [PROFILE_JOIN] §aYou are playing on profile: §eBanana§b (Co-op)
18:45:20 [PROFILE_JOIN] §8Profile ID: b1a71305-1956-42bf-90e4-bce6f7285754
18:45:24 [WARPING] §7Warping...
18:45:25 [WARPING] §7Sending to server mini5AK...
18:45:26 [EMPTY] §8 §r§8 §r§1 §r§3 §r§3 §r§7 §r§8 
18:45:28 [PROFILE_JOIN] §aYou are playing on profile: §eBanana§b (Co-op)
18:45:28 [PROFILE_JOIN] §8Profile ID: b1a71305-1956-42bf-90e4-bce6f7285754
18:47:23 [WARPING] §7Warping...
18:49:51 [WARPING] §7Warping...
18:50:26 [GUILD_EXP] §aYou earned §r§2389 GEXP §r§afrom playing SkyBlock!
18:51:09 [NEW_VISITOR_ARRIVED] §a§r§aAlchemist §r§ehas arrived on your §r§bGarden§r§e!
18:55:02 [SKYMALL] §eNew buff§r§r§r: §r§fReduce Pickaxe Ability cooldown by §r§a20%§r§f.
18:55:26 [GUILD_EXP] §aYou earned §r§2648 GEXP §r§afrom playing SkyBlock!
18:59:19 [NEW_VISITOR_ARRIVED] §a§r§aEmissary Carlton §r§ehas arrived on your §r§bGarden§r§e!
19:00:33 [GUILD_EXP] §aYou earned §r§2633 GEXP §r§afrom playing SkyBlock!
19:02:15 [GARDEN_VISITOR_MESSAGE] §e[NPC] §aEmissary Carlton§f: §r§fThe King has sent me to go shopping for I am his favorite emissary!
19:02:18 [GARDEN_VISITOR_MESSAGE] §e[NPC] §aAlchemist§f: §r§fBeen running low on my brewing supplies, Nether Warts are quite hard to come by these days.
19:02:19 [EMPTY] 
19:02:19 [EMPTY] 
19:02:19 [GARDEN_VISITOR_MESSAGE] §e[NPC] §aAlchemist§f: §r§fProject Centurion can finally begin. You've been quite the help.
19:02:49 [EMPTY]  
19:02:49 [BESTIARY] §f                                  §6§lBESTIARY
19:02:49 [BESTIARY] §f                                §b§lMoth §7§8IV §8➡§b §bV
19:02:49 [BESTIARY] 
19:02:49 [BESTIARY] §f                                  §r§6§lREWARDS
19:02:49 [BESTIARY] §f                          §r§6+0.4☘ Farming Fortune
19:02:49 [BESTIARY] §f                               §r§8+§r§62% §r§aMoth §r§7coins
19:02:49 [BESTIARY] §f                    §r§8+§r§a50% §r§7chance for extra XP orbs
19:02:49 [BESTIARY] §f                               §r§8+§r§b1 SkyBlock XP
19:02:49 [BESTIARY] 
19:02:49 [BESTIARY]   §r§f                         §6§lBESTIARY MILESTONE
19:02:49 [BESTIARY]   §r§f                                  §8CLIX➡§eCLX
19:02:49 [BESTIARY] 
19:02:49 [BESTIARY] §3§l▬▬▬▬▬▬▬▬▬▬▬▬▬▬▬▬▬▬▬▬▬▬▬▬▬▬▬▬▬▬▬▬▬▬▬▬▬▬▬▬▬▬▬▬▬▬▬▬▬▬▬▬▬▬▬▬▬▬▬▬▬▬▬▬
19:02:49 [PEST_DROP] §eYou received §a10x Enchanted Cocoa Beans §efor killing a §6Moth§e!
19:02:59 [WARPING] §7Warping...
19:02:59 [WARPING] §7Sending to server mini186V...
19:02:59 [EMPTY] §8 §r§8 §r§1 §r§3 §r§3 §r§7 §r§8 
19:03:00 [EMPTY]  
19:03:00 [EMPTY]   
19:03:02 [PROFILE_JOIN] §aYou are playing on profile: §eBanana§b (Co-op)
19:03:02 [PROFILE_JOIN] §8Profile ID: b1a71305-1956-42bf-90e4-bce6f7285754
19:05:02 [EMPTY]  
19:05:02 [EMPTY]  
19:05:02 [EMPTY]  
19:05:02 [EMPTY] 
19:05:20 [GUILD_EXP] §aYou earned §r§2193 GEXP §r§afrom playing SkyBlock!
19:05:21 [WARPING] §7Warping you to your SkyBlock island...
19:05:21 [WARPING] §7Sending to server mini73CQ...
19:05:22 [EMPTY] §8 §r§8 §r§1 §r§3 §r§3 §r§7 §r§8 
19:05:25 [PROFILE_JOIN] §aYou are playing on profile: §eBanana§b (Co-op)
19:05:25 [PROFILE_JOIN] §8Profile ID: b1a71305-1956-42bf-90e4-bce6f7285754
19:05:55 [WARPING] §7Warping...
19:05:56 [WARPING] §7Sending to server mini185AN...
19:05:56 [EMPTY] §8 §r§8 §r§1 §r§3 §r§3 §r§7 §r§8 
19:05:59 [PROFILE_JOIN] §aYou are playing on profile: §eBanana§b (Co-op)
19:05:59 [PROFILE_JOIN] §8Profile ID: b1a71305-1956-42bf-90e4-bce6f7285754
19:08:56 [GARDEN_VISITOR_MESSAGE] §e[NPC] §aEmissary Carlton§f: §r§fThe King has sent me to go shopping for I am his favorite emissary!
19:08:57 [EMPTY] 
19:08:57 [EMPTY] 
19:08:57 [GARDEN_VISITOR_MESSAGE] §e[NPC] §aEmissary Carlton§f: §r§fThis will make me gain even more favor with the King!
19:10:57 [GUILD_EXP] §aYou earned §r§2583 GEXP §r§afrom playing SkyBlock!
