12:31:48 
12:31:48   §r§a§lREWARDS
12:31:48    §r§7§8+§a1 §c❤ Health
12:31:48    §r§7§aWeapon Rack §7Furniture Recipe
12:31:48    §r§7§8+§67,500 §7Coins
12:31:48    §r§7§8+§b5 SkyBlock XP
12:34:41 
12:34:41   §r§a§lREWARDS
12:34:41    §r§eZoologist XVII
12:34:41    §r  §7§fGain §816➜§a17%§f extra pet exp.
12:34:41    §r§7§8+§a1 §d♣ Pet Luck
12:34:41    §r§7§8+§650,000 §7Coins
12:34:41    §r§7§8+§b10 SkyBlock XP
12:34:41 
12:34:41   §r§a§lREWARDS
12:34:41    §r§eConjurer XVIII
12:34:41    §r  §7§fGain §885➜§a90%§f more experience orbs from any source.
12:34:41    §r§7§8+§a0.5% §c๑ Ability Damage
12:34:41    §r§7§8+§a2 §b✎ Intelligence
12:34:41    §r§7§8+§665,000 §7Coins
12:34:41    §r§7§8+§b10 SkyBlock XP
