18:20:14 [EMPTY] §f §r§r§r§f §r§r§r§1 §r§r§r§0 §r§r§r§2 §r§r§r§f §r§r§r§f §r§r§r§2 §r§r§r§0 §r§r§r§4 §r§r§r§3 §r§r§r§9 §r§r§r§2 §r§r§r§0 §r§r§r§0 §r§r§r§3 §r§r§r§9 §r§r§r§2 §r§r§r§0 §r§r§r§0 §r§r§r§3 §r§r§r§9 §r§r§r§2 §r§r§r§0 §r§r§r§0 
18:20:14 [LOBBY] §b[MVP§e+§b] Sebbebas§f §6joined the lobby!
18:20:14 [LOBBY]   §r§f§l➤ §r§6You have reached your Hype limit! Add Hype to Prototype Lobby minigames by right-clicking with the Hype Diamond!
18:20:25 [LOBBY] §b[MVP§f+§b] staxog§f §6joined the lobby!
18:20:26 [LOBBY] §b[MVP§c+§b] Zykziem§f §6joined the lobby!
18:20:29 [LOBBY] §b[MVP§c+§b] KaasPeer§f §6joined the lobby!
18:20:41 [LOBBY] §b[MVP§2+§b] Zokuuro§f §6joined the lobby!
18:20:43 [LOBBY] §b[MVP§f+§b] TheBloodyNight§f §6joined the lobby!
18:20:43 [LOBBY]  §b>§c>§a>§r §r§6[MVP§3++§6] mjre§f §6joined the lobby!§r §a<§c<§b<
18:20:43 [LOBBY] §b[MVP§c+§b] Sphypix§f §6joined the lobby!
18:20:45 [LOBBY] §b[MVP§d+§b] efremfighter§f §6joined the lobby!
18:20:46 [WARPING] §7Sending to server mini69BD...
18:20:47 [EMPTY] §8 §r§8 §r§1 §r§3 §r§3 §r§7 §r§8 
18:20:49 [EMPTY] 
18:20:49 [WELCOME] §eWelcome to §r§aHypixel SkyBlock§r§e!
18:20:49 [EMPTY] 
18:20:50 [PROFILE_JOIN] §aYou are playing on profile: §eStrawberry
18:20:50 [PROFILE_JOIN] §8Profile ID: 9c7a677f-93d6-4850-9874-f9768774af89
18:21:30 [WARPING] §7Sending to server mini210V...
18:21:31 [EMPTY] §8 §r§8 §r§1 §r§3 §r§3 §r§7 §r§8 
18:21:34 [PROFILE_JOIN] §aYou are playing on profile: §eStrawberry
18:21:34 [PROFILE_JOIN] §8Profile ID: 9c7a677f-93d6-4850-9874-f9768774af89
18:21:57 [WARPING] §7Request join for Hub mini94DR...
18:21:57 [WARPING] §7Sending to server mini94DR...
18:21:58 [EMPTY] §8 §r§8 §r§1 §r§3 §r§3 §r§7 §r§8 
18:22:02 [PROFILE_JOIN] §aYou are playing on profile: §eStrawberry
18:22:02 [PROFILE_JOIN] §8Profile ID: 9c7a677f-93d6-4850-9874-f9768774af89
18:22:17 [WARPING] §7Warping...
18:26:57 [GUILD_EXP] §aYou earned §r§2570 GEXP §r§afrom playing SkyBlock!
18:32:01 [GUILD_EXP] §aYou earned §r§2675 GEXP §r§afrom playing SkyBlock!
18:42:06 [GUILD_EXP] §aYou earned §r§215 GEXP §r§afrom playing SkyBlock!
18:47:09 [GUILD_EXP] §aYou earned §r§2400 GEXP §r§afrom playing SkyBlock!
18:51:25 [COMPACT_BINGO_BORDER] §3§l▬▬▬▬▬▬▬▬▬▬▬▬▬▬▬▬▬▬▬▬▬▬▬▬▬▬▬▬▬▬▬▬▬▬▬▬▬▬▬▬▬▬▬▬▬▬▬▬▬▬▬▬▬▬▬▬▬▬▬▬▬▬▬▬
18:51:25 [EMPTY]  
18:51:25 [BESTIARY] §f                                  §6§lBESTIARY
18:51:25 [BESTIARY] §f                          §b§lGolden Ghoul §7§8IV §8➡§b §bV
18:51:25 [BESTIARY] 
18:51:25 [BESTIARY] §f                                  §r§6§lREWARDS
18:51:25 [BESTIARY] §f                      §r§8+§r§a2 §r§6Golden Ghoul §r§b✯ Magic Find
18:51:25 [BESTIARY] §f                       §r§8+§r§a2 §r§6Golden Ghoul §r§c❁ Strength
18:51:25 [BESTIARY] §f                          §r§8+§r§62% §r§a§r§6Golden Ghoul §r§7coins
18:51:25 [BESTIARY] §f                    §r§8+§r§a50% §r§7chance for extra XP orbs
18:51:25 [BESTIARY] §f                               §r§8+§r§b1 SkyBlock XP
18:51:25 [BESTIARY] 
18:51:25 [BESTIARY] §3§l▬▬▬▬▬▬▬▬▬▬▬▬▬▬▬▬▬▬▬▬▬▬▬▬▬▬▬▬▬▬▬▬▬▬▬▬▬▬▬▬▬▬▬▬▬▬▬▬▬▬▬▬▬▬▬▬▬▬▬▬▬▬▬▬
18:52:12 [GUILD_EXP] §aYou earned §r§2750 GEXP §r§afrom playing SkyBlock!
18:57:15 [GUILD_EXP] §aYou earned §r§2750 GEXP §r§afrom playing SkyBlock!
19:02:17 [GUILD_EXP] §aYou earned §r§2750 GEXP §r§afrom playing SkyBlock!
19:03:25 [WARPING] §7Warping...
19:04:15 [WARPING] §7Request join for Hub mini26DW...
19:04:15 [WARPING] §7Sending to server mini26DW...
19:04:16 [EMPTY] §8 §r§8 §r§1 §r§3 §r§3 §r§7 §r§8 
19:04:19 [PROFILE_JOIN] §aYou are playing on profile: §eStrawberry
19:04:19 [PROFILE_JOIN] §8Profile ID: 9c7a677f-93d6-4850-9874-f9768774af89
19:04:20 [WARPING] §7Warping you to your SkyBlock island...
19:04:20 [WARPING] §7Sending to server mini146AK...
19:04:21 [EMPTY] §8 §r§8 §r§1 §r§3 §r§3 §r§7 §r§8 
19:04:23 [WARPING] §7Sending to server mini73BU...
19:04:23 [PROFILE_JOIN] §aYou are playing on profile: §eStrawberry
19:04:23 [PROFILE_JOIN] §8Profile ID: 9c7a677f-93d6-4850-9874-f9768774af89
19:04:24 [EMPTY] §8 §r§8 §r§1 §r§3 §r§3 §r§7 §r§8 
19:04:27 [PROFILE_JOIN] §aYou are playing on profile: §eStrawberry
19:04:27 [PROFILE_JOIN] §8Profile ID: 9c7a677f-93d6-4850-9874-f9768774af89
19:04:29 [WARPING] §7Request join for Hub mini200CW...
19:04:30 [WARPING] §7Sending to server mini200CW...
19:04:30 [EMPTY] §8 §r§8 §r§1 §r§3 §r§3 §r§7 §r§8 
19:04:33 [PROFILE_JOIN] §aYou are playing on profile: §eStrawberry
19:04:33 [PROFILE_JOIN] §8Profile ID: 9c7a677f-93d6-4850-9874-f9768774af89
19:04:49 [WARPING] §7Warping...
19:06:55 [COMPACT_BINGO_BORDER] §3§l▬▬▬▬▬▬▬▬▬▬▬▬▬▬▬▬▬▬▬▬▬▬▬▬▬▬▬▬▬▬▬▬▬▬▬▬▬▬▬▬▬▬▬▬▬▬▬▬▬▬▬▬▬▬▬▬▬▬▬▬▬▬▬▬
19:06:55 [EMPTY]  
19:06:55 [BESTIARY] §f                                  §6§lBESTIARY
19:06:55 [BESTIARY] §f                          §b§lMinos Hunter §7§8IX §8➡§b §bX
19:06:55 [BESTIARY] 
19:06:55 [BESTIARY] §f                                  §r§6§lREWARDS
19:06:55 [BESTIARY] §f                      §r§8+§r§a3 Minos Hunter §r§b✯ Magic Find
19:06:55 [BESTIARY] §f                       §r§8+§r§a3 Minos Hunter §r§c❁ Strength
19:06:55 [BESTIARY] §f                          §r§8+§r§62% §r§aMinos Hunter §r§7coins
19:06:55 [BESTIARY] §f                    §r§8+§r§a50% §r§7chance for extra XP orbs
19:06:55 [BESTIARY] §f                               §r§8+§r§b1 SkyBlock XP
19:06:55 [BESTIARY] 
19:06:55 [BESTIARY] §3§l▬▬▬▬▬▬▬▬▬▬▬▬▬▬▬▬▬▬▬▬▬▬▬▬▬▬▬▬▬▬▬▬▬▬▬▬▬▬▬▬▬▬▬▬▬▬▬▬▬▬▬▬▬▬▬▬▬▬▬▬▬▬▬▬
19:08:59 [GUILD_EXP] §aYou earned §r§2515 GEXP §r§afrom playing SkyBlock!
19:14:00 [GUILD_EXP] §aYou earned §r§2750 GEXP §r§afrom playing SkyBlock!
19:19:00 [GUILD_EXP] §aYou earned §r§2746 GEXP §r§afrom playing SkyBlock!
19:24:01 [GUILD_EXP] §aYou earned §r§2750 GEXP §r§afrom playing SkyBlock!
19:29:13 [GUILD_EXP] §aYou earned §r§2750 GEXP §r§afrom playing SkyBlock!
19:34:14 [GUILD_EXP] §aYou earned §r§2353 GEXP §r§afrom playing SkyBlock!
19:39:14 [GUILD_EXP] §aYou earned §r§2253 GEXP §r§afrom playing SkyBlock!
19:39:17 [COMPACT_BINGO_BORDER] §3§l▬▬▬▬▬▬▬▬▬▬▬▬▬▬▬▬▬▬▬▬▬▬▬▬▬▬▬▬▬▬▬▬▬▬▬▬▬▬▬▬▬▬▬▬▬▬▬▬▬▬▬▬▬▬▬▬▬▬▬▬▬▬▬▬
19:39:17 [EMPTY]  
19:39:17 [BESTIARY] §f                                  §6§lBESTIARY
19:39:17 [BESTIARY] §f                           §b§lCrypt Ghoul §7§8X §8➡§b §bXI
19:39:17 [BESTIARY] 
19:39:17 [BESTIARY] §f                                  §r§6§lREWARDS
19:39:17 [BESTIARY] §f                       §r§8+§r§a4 Crypt Ghoul §r§b✯ Magic Find
19:39:17 [BESTIARY] §f                       §r§8+§r§a4 Crypt Ghoul §r§c❁ Strength
19:39:17 [BESTIARY] §f                           §r§8+§r§62% §r§aCrypt Ghoul §r§7coins
19:39:17 [BESTIARY] §f                    §r§8+§r§a50% §r§7chance for extra XP orbs
19:39:17 [BESTIARY] §f                               §r§8+§r§b1 SkyBlock XP
19:39:17 [BESTIARY] 
19:39:17 [BESTIARY]   §r§f                         §6§lBESTIARY MILESTONE
19:39:17 [BESTIARY]   §r§f                                   §8XII➡§eXIII
19:39:17 [BESTIARY] 
19:39:17 [BESTIARY] §3§l▬▬▬▬▬▬▬▬▬▬▬▬▬▬▬▬▬▬▬▬▬▬▬▬▬▬▬▬▬▬▬▬▬▬▬▬▬▬▬▬▬▬▬▬▬▬▬▬▬▬▬▬▬▬▬▬▬▬▬▬▬▬▬▬
19:41:07 [WARPING] §7Warping...
19:44:09 [WARPING] §7Warping...
19:44:15 [GUILD_EXP] §aYou earned §r§2635 GEXP §r§afrom playing SkyBlock!
19:49:15 [GUILD_EXP] §aYou earned §r§2750 GEXP §r§afrom playing SkyBlock!
19:54:15 [GUILD_EXP] §aYou earned §r§2750 GEXP §r§afrom playing SkyBlock!
19:59:16 [GUILD_EXP] §aYou earned §r§2745 GEXP §r§afrom playing SkyBlock!
20:01:34 [EMPTY] §f
20:01:34 [WATCHDOG] §4[WATCHDOG ANNOUNCEMENT]
20:01:34 [WATCHDOG] §fWatchdog has banned §r§c§l12,638§r§f players in the last 7 days.
20:01:34 [WATCHDOG] §fStaff have banned an additional §r§c§l14,176§r§f in the last 7 days.
20:01:34 [WATCHDOG] §cBlacklisted modifications are a bannable offense!
20:01:34 [WATCHDOG] §c
20:04:16 [GUILD_EXP] §aYou earned §r§2750 GEXP §r§afrom playing SkyBlock!
20:09:17 [GUILD_EXP] §aYou earned §r§2750 GEXP §r§afrom playing SkyBlock!
20:14:17 [GUILD_EXP] §aYou earned §r§2728 GEXP §r§afrom playing SkyBlock!
20:16:30 [EMPTY] 
20:16:30 [EMPTY] 
20:16:30 [EMPTY] 
20:16:30 [EMPTY] 
20:16:30 [EMPTY] 
20:16:30 [EMPTY] 
20:16:39 [EMPTY]  
20:16:39 [EMPTY]  
20:16:40 [EMPTY]  
20:16:47 [WARPING] §7Warping you to your SkyBlock island...
20:16:47 [WARPING] §7Sending to server mini145F...
20:16:48 [EMPTY] §8 §r§8 §r§1 §r§3 §r§3 §r§7 §r§8 
20:16:48 [EMPTY]  
20:16:48 [EMPTY]   
20:16:50 [PROFILE_JOIN] §aYou are playing on profile: §eStrawberry
20:16:50 [PROFILE_JOIN] §8Profile ID: 9c7a677f-93d6-4850-9874-f9768774af89
20:18:25 [WARPING] §7Warping...
20:18:25 [WARPING] §7Sending to server mini1002R...
20:18:26 [EMPTY] §8 §r§8 §r§1 §r§3 §r§3 §r§7 §r§8 
20:18:27 [EMPTY]  
20:18:27 [EMPTY]   
20:18:29 [PROFILE_JOIN] §aYou are playing on profile: §eStrawberry
20:18:29 [PROFILE_JOIN] §8Profile ID: 9c7a677f-93d6-4850-9874-f9768774af89
20:18:32 [COMPACT_BINGO_BORDER] §3§l▬▬▬▬▬▬▬▬▬▬▬▬▬▬▬▬▬▬▬▬▬▬▬▬▬▬▬▬▬▬▬▬▬▬▬▬▬▬▬▬▬▬▬▬▬▬▬▬▬▬▬▬▬▬▬▬▬▬▬▬▬▬▬▬
20:18:32 [EMPTY]  
20:18:32 [EMPTY]  
20:18:32 [EMPTY]  
20:18:32 [COMPACT_BINGO_BORDER] §3§l▬▬▬▬▬▬▬▬▬▬▬▬▬▬▬▬▬▬▬▬▬▬▬▬▬▬▬▬▬▬▬▬▬▬▬▬▬▬▬▬▬▬▬▬▬▬▬▬▬▬▬▬▬▬▬▬▬▬▬▬▬▬▬▬
20:21:11 [EMPTY] 
20:21:11 [EMPTY] 
20:21:11 [EMPTY] 
20:21:11 [EMPTY] 
20:24:23 [GUILD_EXP] §aYou earned §r§2648 GEXP §r§afrom playing SkyBlock!
20:26:46 [COMPACT_BINGO_BORDER] §e§l▬▬▬▬▬▬▬▬▬▬▬▬▬▬▬▬▬▬▬▬▬▬▬▬▬▬▬▬▬▬▬▬▬▬▬▬▬▬▬▬▬▬▬▬▬▬▬▬▬▬▬▬▬▬▬▬▬▬▬▬▬▬▬▬
20:26:46 [COMPACT_COLLECTION_LEVEL_UP] 
20:26:46 [COMPACT_COLLECTION_LEVEL_UP]   §r§a§lREWARDS
20:26:46 [COMPACT_COLLECTION_LEVEL_UP]     §r§7§8+§35,000 §7Mining Experience
20:26:46 [COMPACT_COLLECTION_LEVEL_UP]     §r§7§8+§b4 SkyBlock XP
20:26:46 [COMPACT_BINGO_BORDER] §e§l▬▬▬▬▬▬▬▬▬▬▬▬▬▬▬▬▬▬▬▬▬▬▬▬▬▬▬▬▬▬▬▬▬▬▬▬▬▬▬▬▬▬▬▬▬▬▬▬▬▬▬▬▬▬▬▬▬▬▬▬▬▬▬▬
20:27:24 [COMPACT_BINGO_BORDER] §e§l▬▬▬▬▬▬▬▬▬▬▬▬▬▬▬▬▬▬▬▬▬▬▬▬▬▬▬▬▬▬▬▬▬▬▬▬▬▬▬▬▬▬▬▬▬▬▬▬▬▬▬▬▬▬▬▬▬▬▬▬▬▬▬▬
20:27:25 [COMPACT_COLLECTION_LEVEL_UP] 
20:27:25 [COMPACT_COLLECTION_LEVEL_UP]   §r§a§lREWARDS
20:27:25 [COMPACT_COLLECTION_LEVEL_UP]     §r§7§8+§b4 SkyBlock XP
20:27:25 [COMPACT_BINGO_BORDER] §e§l▬▬▬▬▬▬▬▬▬▬▬▬▬▬▬▬▬▬▬▬▬▬▬▬▬▬▬▬▬▬▬▬▬▬▬▬▬▬▬▬▬▬▬▬▬▬▬▬▬▬▬▬▬▬▬▬▬▬▬▬▬▬▬▬
20:30:09 [GUILD_EXP] §aYou earned §r§2750 GEXP §r§afrom playing SkyBlock!
