17:29:44   §r§f§l➤ §r§6You have reached your Hype limit! Add Hype to Prototype Lobby minigames by right-clicking with the Hype Diamond!
17:29:44 §b[MVP§6+§b] Bington§f §6joined the lobby!
17:29:44  §b>§c>§a>§r §r§b[MVP§c++§b] martinbelike§f §6joined the lobby!§r §a<§c<§b<
17:29:44 §b[MVP§6+§b] DampestPie§f §6joined the lobby!
17:29:46 §b[MVP§c+§b] oBedwqrs§f §6joined the lobby!
17:29:47 §b[MVP§c+§b] AlexyCube§f §6joined the lobby!
17:29:47  §b>§c>§a>§r §r§6[MVP§d++§6] Accarc§f §6joined the lobby!§r §a<§c<§b<
17:31:07 §b[MVP§9+§b] Sebbebas§f §6joined the lobby!
17:31:07 §b[MVP§d+§b] Kayleighhop§f §6joined the lobby!
17:31:07 §b[MVP§c+§b] Sernoz§f §6joined the lobby!
17:31:08 §b[MVP§e+§b] yoepvond§f §6joined the lobby!
17:31:08 §b[MVP§6+§b] 645ms§f §6joined the lobby!
17:31:09   §r§f§l➤ §r§6You have reached your Hype limit! Add Hype to Prototype Lobby minigames by right-clicking with the Hype Diamond!
17:31:10 §b[MVP§a+§b] Sroxz§f §6joined the lobby!
17:31:12 §b[MVP§c+§b] TheDonlord§f §6joined the lobby!
17:31:12 §b[MVP§6+§b] Sniperlord01§f §6joined the lobby!
17:31:18 §b[MVP§2+§b] Mhie§f §6joined the lobby!
17:31:20 §b[MVP§2+§b] Serpent20601§f §6joined the lobby!
17:31:21 §b[MVP§a+§b] Hyperion2045_§f §6joined the lobby!
17:31:22 §b[MVP§c+§b] FischNice§f §6joined the lobby!
17:31:23 §b[MVP§a+§b] zachrai§f §6joined the lobby!
17:31:25 §b[MVP§c+§b] 2_PAY2_WIN§f §6joined the lobby!
17:31:27 §b[MVP§0+§b] Vladiss§f §6joined the lobby!
17:31:29 §b[MVP§d+§b] arnoldcs§f §6joined the lobby!
