12:44:47 [EMPTY] §f §r§r§r§f §r§r§r§1 §r§r§r§0 §r§r§r§2 §r§r§r§f §r§r§r§f §r§r§r§2 §r§r§r§0 §r§r§r§4 §r§r§r§3 §r§r§r§9 §r§r§r§2 §r§r§r§0 §r§r§r§0 §r§r§r§3 §r§r§r§9 §r§r§r§2 §r§r§r§0 §r§r§r§0 §r§r§r§3 §r§r§r§9 §r§r§r§2 §r§r§r§0 §r§r§r§0 
12:44:47 [LOBBY] §b[MVP§9+§b] Sebbebas§f §6joined the lobby!
12:44:47 [LOBBY] §b[MVP§f+§b] Tamagohann§f §6joined the lobby!
12:44:56 [LOBBY]  §b>§c>§a>§r §r§6[MVP§f++§6] BGMFoinoia§f §6joined the lobby!§r §a<§c<§b<
12:44:59 [LOBBY] §b[MVP§2+§b] Spweef§f §6joined the lobby!
12:45:05 [LOBBY] §b[MVP§6+§b] DemonUnScripted§f §6joined the lobby!
12:45:18 [LOBBY] §b[MVP§2+§b] IwantKills§f §6joined the lobby!
12:45:18 [LOBBY] §b[MVP§a+§b] Oringo_exe§f §6joined the lobby!
12:45:22 [WARPING] §7Sending to server mini4BE...
12:45:23 [EMPTY] §8 §r§8 §r§1 §r§3 §r§3 §r§7 §r§8 
12:45:25 [EMPTY] 
12:45:25 [WELCOME] §eWelcome to §r§aHypixel SkyBlock§r§e!
12:45:25 [EMPTY] 
12:45:26 [PROFILE_JOIN] §aYou are playing on profile: §eBanana§b (Co-op)
12:45:26 [PROFILE_JOIN] §8Profile ID: b1a71305-1956-42bf-90e4-bce6f7285754
12:45:27 [SKYMALL] §bNew day! §r§eYour §r§2Sky Mall §r§ebuff changed!
12:45:27 [SKYMALL] §eNew buff§r§r§r: §r§fGain §r§a+100 §r§6⸕ Mining Speed§r§f.
12:45:27 [SKYMALL] §8§oYou can disable this messaging by toggling Sky Mall in your /hotm!
12:45:34 [WARPING] §7Warping...
12:45:34 [WARPING] §7Sending to server mini29BE...
12:45:37 [EMPTY] §8 §r§8 §r§1 §r§3 §r§3 §r§7 §r§8 
12:45:39 [PROFILE_JOIN] §aYou are playing on profile: §eBanana§b (Co-op)
12:45:39 [PROFILE_JOIN] §8Profile ID: b1a71305-1956-42bf-90e4-bce6f7285754
12:46:41 [EMPTY] 
12:46:41 [EMPTY] 
12:46:41 [EMPTY] 
12:46:41 [EMPTY] 
12:48:49 [GUILD_EXP] §aYou earned §r§2310 GEXP §r§a+ §r§e930 Event EXP §r§afrom playing SkyBlock!
12:50:20 [EMPTY] 
12:50:20 [EMPTY] 
12:50:20 [EMPTY] 
12:50:20 [EMPTY] 
12:50:36 [WARPING] §7Warping...
12:53:55 [GUILD_EXP] §aYou earned §r§2750 GEXP §r§a+ §r§e2,250 Event EXP §r§afrom playing SkyBlock!
12:54:22 [WARPING] §7Warping...
12:54:22 [WARPING] §7Sending to server mini95C...
12:54:23 [EMPTY] §8 §r§8 §r§1 §r§3 §r§3 §r§7 §r§8 
12:54:26 [PROFILE_JOIN] §aYou are playing on profile: §eBanana§b (Co-op)
12:54:26 [PROFILE_JOIN] §8Profile ID: b1a71305-1956-42bf-90e4-bce6f7285754
12:54:30 [WARPING] §7Warping...
12:55:07 [WARPING] §7Warping you to your SkyBlock island...
12:55:07 [WARPING] §7Sending to server mini187CC...
12:55:08 [EMPTY] §8 §r§8 §r§1 §r§3 §r§3 §r§7 §r§8 
12:55:11 [PROFILE_JOIN] §aYou are playing on profile: §eBanana§b (Co-op)
12:55:11 [PROFILE_JOIN] §8Profile ID: b1a71305-1956-42bf-90e4-bce6f7285754
12:55:36 [WARPING] §7Warping...
12:55:36 [WARPING] §7Sending to server mini35AE...
12:55:37 [EMPTY] §8 §r§8 §r§1 §r§3 §r§3 §r§7 §r§8 
12:55:40 [PROFILE_JOIN] §aYou are playing on profile: §eBanana§b (Co-op)
12:55:40 [PROFILE_JOIN] §8Profile ID: b1a71305-1956-42bf-90e4-bce6f7285754
12:59:48 [GUILD_EXP] §aYou earned §r§2373 GEXP §r§a+ §r§e1,119 Event EXP §r§afrom playing SkyBlock!
13:04:53 [GUILD_EXP] §aYou earned §r§2241 GEXP §r§a+ §r§e723 Event EXP §r§afrom playing SkyBlock!
13:05:41 [WARPING] §7Warping...
13:05:41 [WARPING] §7Sending to server mini250W...
13:05:42 [EMPTY] §8 §r§8 §r§1 §r§3 §r§3 §r§7 §r§8 
13:05:45 [PROFILE_JOIN] §aYou are playing on profile: §eBanana§b (Co-op)
13:05:45 [PROFILE_JOIN] §8Profile ID: b1a71305-1956-42bf-90e4-bce6f7285754
13:06:26 [WARPING] §7Sending to server mini85B...
13:06:27 [EMPTY] §8 §r§8 §r§1 §r§3 §r§3 §r§7 §r§8 
13:06:30 [PROFILE_JOIN] §aYou are playing on profile: §eBanana§b (Co-op)
13:06:30 [PROFILE_JOIN] §8Profile ID: b1a71305-1956-42bf-90e4-bce6f7285754
13:11:29 [GUILD_EXP] §aYou earned §r§2593 GEXP §r§a+ §r§e1,779 Event EXP §r§afrom playing SkyBlock!
13:14:11 [EMPTY] 
13:14:11 [EMPTY] 
13:14:11 [EMPTY] 
13:14:11 [EMPTY] 
13:14:18 [EMPTY] 
13:14:18 [EMPTY] 
13:14:19 [WARPING] §7Sending to server mini95BD...
13:14:20 [EMPTY] §8 §r§8 §r§1 §r§3 §r§3 §r§7 §r§8 
13:14:22 [PROFILE_JOIN] §aYou are playing on profile: §eBanana§b (Co-op)
13:14:22 [PROFILE_JOIN] §8Profile ID: b1a71305-1956-42bf-90e4-bce6f7285754
13:14:32 [WARPING] §7Warping...
13:14:32 [WARPING] §7Sending to server mini74W...
13:14:32 [EMPTY] §8 §r§8 §r§1 §r§3 §r§3 §r§7 §r§8 
13:14:35 [PROFILE_JOIN] §aYou are playing on profile: §eBanana§b (Co-op)
13:14:35 [PROFILE_JOIN] §8Profile ID: b1a71305-1956-42bf-90e4-bce6f7285754
13:15:02 [SKYMALL] §bNew day! §r§eYour §r§2Sky Mall §r§ebuff changed!
13:15:02 [SKYMALL] §eNew buff§r§r§r: §r§fGain §r§a+50 §r§6☘ Mining Fortune§r§f.
13:15:02 [SKYMALL] §8§oYou can disable this messaging by toggling Sky Mall in your /hotm!
13:15:06 [WARPING] §7Sending to server mini7N...
13:15:07 [EMPTY] §8 §r§8 §r§1 §r§3 §r§3 §r§7 §r§8 
13:15:09 [PROFILE_JOIN] §aYou are playing on profile: §eBanana§b (Co-op)
13:15:09 [PROFILE_JOIN] §8Profile ID: b1a71305-1956-42bf-90e4-bce6f7285754
13:18:30 [EMPTY]  
13:18:30 [BESTIARY] §f                                  §6§lBESTIARY
13:18:30 [BESTIARY] §f                            §b§lSkeletor §7§8XX §8➡§b §bXXI
13:18:30 [BESTIARY] 
13:18:30 [BESTIARY] §f                                  §r§6§lREWARDS
13:18:30 [BESTIARY] §f                         §r§8+§r§a6 Skeletor §r§b✯ Magic Find
13:18:30 [BESTIARY] §f                         §r§8+§r§a6 Skeletor §r§c❁ Strength
13:18:30 [BESTIARY] §f                             §r§8+§r§62% §r§aSkeletor §r§7coins
13:18:30 [BESTIARY] §f                    §r§8+§r§a50% §r§7chance for extra XP orbs
13:18:30 [BESTIARY] §f                               §r§8+§r§b1 SkyBlock XP
13:18:30 [BESTIARY] 
13:18:30 [BESTIARY] §3§l▬▬▬▬▬▬▬▬▬▬▬▬▬▬▬▬▬▬▬▬▬▬▬▬▬▬▬▬▬▬▬▬▬▬▬▬▬▬▬▬▬▬▬▬▬▬▬▬▬▬▬▬▬▬▬▬▬▬▬▬▬▬▬▬
13:20:09 [GUILD_EXP] §aYou earned §r§2595 GEXP §r§a+ §r§e1,785 Event EXP §r§afrom playing SkyBlock!
13:22:55 [EMPTY] 
13:22:55 [EMPTY] 
13:22:55 [EMPTY] 
13:22:55 [EMPTY] 
13:23:20 [EMPTY] 
13:23:20 [EMPTY] 
13:23:22 [WARPING] §7Sending to server mini182BJ...
13:23:23 [EMPTY] §8 §r§8 §r§1 §r§3 §r§3 §r§7 §r§8 
13:23:26 [PROFILE_JOIN] §aYou are playing on profile: §eBanana§b (Co-op)
13:23:26 [PROFILE_JOIN] §8Profile ID: b1a71305-1956-42bf-90e4-bce6f7285754
13:27:01 [GUILD_EXP] §aYou earned §r§2348 GEXP §r§a+ §r§e1,044 Event EXP §r§afrom playing SkyBlock!
13:28:13 [WARPING] §7Warping...
13:28:14 [WARPING] §7Sending to server mini15BN...
13:28:14 [EMPTY] §8 §r§8 §r§1 §r§3 §r§3 §r§7 §r§8 
13:28:16 [WARPING] §7Warping...
13:28:17 [PROFILE_JOIN] §aYou are playing on profile: §eBanana§b (Co-op)
13:28:17 [PROFILE_JOIN] §8Profile ID: b1a71305-1956-42bf-90e4-bce6f7285754
13:30:13 [WARPING] §7Warping...
13:30:13 [WARPING] §7Sending to server mini257R...
13:30:13 [EMPTY] §8 §r§8 §r§1 §r§3 §r§3 §r§7 §r§8 
13:30:16 [PROFILE_JOIN] §aYou are playing on profile: §eBanana§b (Co-op)
13:30:16 [PROFILE_JOIN] §8Profile ID: b1a71305-1956-42bf-90e4-bce6f7285754
13:30:29 [WARPING] §7Warping...
13:30:30 [WARPING] §7Sending to server mini1030S...
13:30:30 [EMPTY] §8 §r§8 §r§1 §r§3 §r§3 §r§7 §r§8 
13:30:33 [PROFILE_JOIN] §aYou are playing on profile: §eBanana§b (Co-op)
13:30:33 [PROFILE_JOIN] §8Profile ID: b1a71305-1956-42bf-90e4-bce6f7285754
13:33:20 [GUILD_EXP] §aYou earned §r§2168 GEXP §r§a+ §r§e504 Event EXP §r§afrom playing SkyBlock!
13:33:28 [WARPING] §7Sending to server mini65P...
13:33:28 [EMPTY] §8 §r§8 §r§1 §r§3 §r§3 §r§7 §r§8 
13:33:31 [WARPING] §7Warping...
13:33:31 [WARPING] §7Sending to server mini64AE...
13:33:31 [EMPTY] §8 §r§8 §r§1 §r§3 §r§3 §r§7 §r§8 
13:33:32 [WARPING] §7Warping...
13:33:35 [PROFILE_JOIN] §aYou are playing on profile: §eBanana§b (Co-op)
13:33:35 [PROFILE_JOIN] §8Profile ID: b1a71305-1956-42bf-90e4-bce6f7285754
13:35:03 [SKYMALL] §bNew day! §r§eYour §r§2Sky Mall §r§ebuff changed!
13:35:03 [SKYMALL] §eNew buff§r§r§r: §r§fGain §r§a+100 §r§6⸕ Mining Speed§r§f.
13:35:03 [SKYMALL] §8§oYou can disable this messaging by toggling Sky Mall in your /hotm!
13:35:03 [GUILD_EXP] §aYou earned §r§270 GEXP §r§a+ §r§e210 Event EXP §r§afrom playing SkyBlock!
13:35:06 [WARPING] §7Warping...
13:35:06 [WARPING] §7Sending to server mini26V...
13:35:06 [EMPTY] §8 §r§8 §r§1 §r§3 §r§3 §r§7 §r§8 
13:35:10 [PROFILE_JOIN] §aYou are playing on profile: §eBanana§b (Co-op)
13:35:10 [PROFILE_JOIN] §8Profile ID: b1a71305-1956-42bf-90e4-bce6f7285754
13:36:59 [GUILD_EXP] §aYou earned §r§2113 GEXP §r§a+ §r§e339 Event EXP §r§afrom playing SkyBlock!
13:39:43 [WARPING] §7Warping...
13:42:01 [WARPING] §7Warping...
13:42:02 [GUILD_EXP] §aYou earned §r§2674 GEXP §r§a+ §r§e2,022 Event EXP §r§afrom playing SkyBlock!
13:43:07 [WARPING] §7Warping...
13:44:39 [WARPING] §7Sending to server mini153DQ...
13:44:40 [EMPTY] §8 §r§8 §r§1 §r§3 §r§3 §r§7 §r§8 
13:44:43 [PROFILE_JOIN] §aYou are playing on profile: §eBanana§b (Co-op)
13:44:43 [PROFILE_JOIN] §8Profile ID: b1a71305-1956-42bf-90e4-bce6f7285754
13:45:13 [EMPTY]  
13:45:13 [BESTIARY] §f                                  §6§lBESTIARY
13:45:13 [BESTIARY] §f                        §b§lGlacite Caver §7§8VII §8➡§b §bVIII
13:45:13 [BESTIARY] 
13:45:13 [BESTIARY] §f                                  §r§6§lREWARDS
13:45:13 [BESTIARY] §f                      §r§8+§r§a3 Glacite Caver §r§b✯ Magic Find
13:45:13 [BESTIARY] §f                      §r§8+§r§a3 Glacite Caver §r§c❁ Strength
13:45:13 [BESTIARY] §f                          §r§8+§r§62% §r§aGlacite Caver §r§7coins
13:45:13 [BESTIARY] §f                    §r§8+§r§a50% §r§7chance for extra XP orbs
13:45:13 [BESTIARY] §f                               §r§8+§r§b1 SkyBlock XP
13:45:13 [BESTIARY] 
13:45:13 [BESTIARY] §3§l▬▬▬▬▬▬▬▬▬▬▬▬▬▬▬▬▬▬▬▬▬▬▬▬▬▬▬▬▬▬▬▬▬▬▬▬▬▬▬▬▬▬▬▬▬▬▬▬▬▬▬▬▬▬▬▬▬▬▬▬▬▬▬▬
13:49:40 [GUILD_EXP] §aYou earned §r§2565 GEXP §r§a+ §r§e1,695 Event EXP §r§afrom playing SkyBlock!
13:51:23 [WARPING] §7Sending to server mini266E...
13:51:24 [EMPTY] §8 §r§8 §r§1 §r§3 §r§3 §r§7 §r§8 
13:51:27 [PROFILE_JOIN] §aYou are playing on profile: §eBanana§b (Co-op)
13:51:27 [PROFILE_JOIN] §8Profile ID: b1a71305-1956-42bf-90e4-bce6f7285754
13:53:29 [GUILD_EXP] §aYou earned §r§2143 GEXP §r§a+ §r§e429 Event EXP §r§afrom playing SkyBlock!
13:54:44 [WARPING] §7Warping...
13:58:37 [GUILD_EXP] §aYou earned §r§2648 GEXP §r§a+ §r§e1,944 Event EXP §r§afrom playing SkyBlock!
13:59:39 [WARPING] §7Warping...
14:00:17 [EMPTY] §f
14:00:17 [WATCHDOG] §4[WATCHDOG ANNOUNCEMENT]
14:00:17 [WATCHDOG] §fWatchdog has banned §r§c§l18,951§r§f players in the last 7 days.
14:00:17 [WATCHDOG] §fStaff have banned an additional §r§c§l16,328§r§f in the last 7 days.
14:00:17 [WATCHDOG] §cBlacklisted modifications are a bannable offense!
14:00:17 [WATCHDOG] §c
