13:10:03 §b✦ §r§7You earned §r§b6 §r§7Mystery Dust!
13:10:03 §b[MVP§9+§b] Thraxe§f §6joined the lobby!
13:10:03   §r§f§l➤ §r§6You have reached your Hype limit! Add Hype to Prototype Lobby minigames by right-clicking with the Hype Diamond!
13:10:04 §b[MVP§e+§b] Doivs§f §6joined the lobby!
13:10:04 §b[MVP§9+§b] Feuerspeier3000§f §6joined the lobby!
13:10:06 §b[MVP§c+§b] Stop_Sweatin§f §6joined the lobby!
13:10:09 §b[MVP§f+§b] imNaphy§f §6joined the lobby!
13:10:11 §b[MVP§c+§b] RokasBul§f §6joined the lobby!
13:10:11 §b[MVP§f+§b] bzzarr§f §6joined the lobby!
13:10:13 §b[MVP§9+§b] DarkDash§f §6joined the lobby!
13:10:14 §b[MVP§9+§b] SuperKittyCaleb§f §6joined the lobby!
13:10:16 §b[MVP§c+§b] Jerryzard§f §6joined the lobby!
13:10:16 §b[MVP§f+§b] Moduled§f §6joined the lobby!
13:23:45 §b[MVP§4+§b] TheBadKid§f §6joined the lobby!
13:23:47   §r§f§l➤ §r§6You have reached your Hype limit! Add Hype to Prototype Lobby minigames by right-clicking with the Hype Diamond!
13:23:47 §b[MVP§f+§b] xActionReplayZz§f §6joined the lobby!
13:23:47 §b[MVP§3+§b] Aigledemons§f §6joined the lobby!
13:23:47  §b>§c>§a>§r §r§6[MVP§1++§6] VentoxOG§f §6joined the lobby!§r §a<§c<§b<
13:23:48 §b[MVP§2+§b] oSammi§f §6joined the lobby!
13:23:54 §b[MVP§9+§b] Kinkmu§f §6joined the lobby!
13:55:20 §b[MVP§f+§b] Sebbebas§f §6joined the lobby!
13:55:20 §b[MVP§e+§b] Skali14§f §6joined the lobby!
13:55:21 §b[MVP§c+§b] Crazery§f §6joined the lobby!
13:55:21   §r§f§l➤ §r§6You have reached your Hype limit! Add Hype to Prototype Lobby minigames by right-clicking with the Hype Diamond!
13:55:23  §b>§c>§a>§r §r§6[MVP§c++§6] WengeTv§f §6joined the lobby!§r §a<§c<§b<
14:05:17 §b✦ §r§7You earned §r§b12 §r§7Mystery Dust!
14:05:17 §b✦ §r§7You earned §r§a15 §r§7Pet Consumables!
14:05:17 §b[MVP§c+§b] Jayts1§f §6joined the lobby!
14:05:18 §b[MVP§9+§b] Lusema§f §6joined the lobby!
14:05:18   §r§f§l➤ §r§6You have reached your Hype limit! Add Hype to Prototype Lobby minigames by right-clicking with the Hype Diamond!
14:05:23 §b[MVP§2+§b] BertBoy§f §6joined the lobby!
14:05:59 §b[MVP§f+§b] Sebbebas§f §6joined the lobby!
14:06:00   §r§f§l➤ §r§6You have reached your Hype limit! Add Hype to Prototype Lobby minigames by right-clicking with the Hype Diamond!
14:06:01 §b[MVP§c+§b] revanant__§f §6joined the lobby!
14:06:02 §b[MVP§c+§b] Cytrok§f §6joined the lobby!
17:06:27 §b[MVP§f+§b] Sebbebas§f §6joined the lobby!
17:06:27 §b[MVP§9+§b] Fazfoxy§f §6joined the lobby!
17:06:29   §r§f§l➤ §r§6You have reached your Hype limit! Add Hype to Prototype Lobby minigames by right-clicking with the Hype Diamond!
17:06:30 §b[MVP§6+§b] SunnyRainny§f §6joined the lobby!
17:06:30 §b[MVP§3+§b] dfjd§f §6joined the lobby!
17:06:30 §b[MVP§c+§b] FireLooper§f §6joined the lobby!
17:06:34  §b>§c>§a>§r §r§6[MVP§6++§6] takikomigohann_§f §6joined the lobby!§r §a<§c<§b<
17:06:36 §b[MVP§e+§b] friedshrimpRice§f §6joined the lobby!
17:06:37  §b>§c>§a>§r §r§6[MVP§4++§6] wtfdym§f §6joined the lobby!§r §a<§c<§b<
17:06:39 §b[MVP§c+§b] katze321affe§f §6joined the lobby!
17:06:39 §b[MVP§3+§b] 3cape_vortmax§f §6joined the lobby!
17:06:40 §b[MVP§6+§b] Thirsty_Oak§f §6joined the lobby!
17:06:40 §b[MVP§c+§b] Sinnis§f §6joined the lobby!
17:06:40 §b[MVP§a+§b] gurkburk114§f §6joined the lobby!
17:06:42 §b[MVP§f+§b] nautiluzzESP§f §6joined the lobby!
17:06:45 §b[MVP§c+§b] ComputeEngine§f §6joined the lobby!
17:06:45 §b[MVP§c+§b] AwesomeMan5227§f §6joined the lobby!
17:06:45 §b[MVP§c+§b] ArikYT§f §6joined the lobby!
17:06:48 §b[MVP§9+§b] Act1vezfg§f §6joined the lobby!
17:06:52 §b[MVP§2+§b] Doggos3471§f §6joined the lobby!
17:06:53 §b[MVP§d+§b] DoominatiC§f §6joined the lobby!
17:06:54 §b[MVP§c+§b] 411Chaos§f §6joined the lobby!
17:06:54  §b>§c>§a>§r §r§6[MVP§0++§6] Netomnia§f §6joined the lobby!§r §a<§c<§b<
17:06:54 §b[MVP§6+§b] Hofmann88§f §6joined the lobby!
17:06:57 §b[MVP§f+§b] OhSoaki§f §6joined the lobby!
17:06:58 §b[MVP§c+§b] oBedwqrs§f §6joined the lobby!
17:06:59 §b[MVP§d+§b] xaesteta§f §6joined the lobby!
17:06:59 §b[MVP§a+§b] CosmicUnivrse§f §6joined the lobby!
17:07:02 §b[MVP§f+§b] Reltyy§f §6joined the lobby!
17:07:02 §b[MVP§d+§b] gthgrl§f §6joined the lobby!
17:07:04 §b[MVP§c+§b] notAbdullah_§f §6joined the lobby!
17:07:05 §b[MVP§9+§b] arabgrah§f §6joined the lobby!
17:07:05 §b[MVP§a+§b] oleg228211§f §6joined the lobby!
17:07:05 §b[MVP§c+§b] Darkness2702§f §6joined the lobby!
17:07:06 §b[MVP§f+§b] AedenEpic832§f §6joined the lobby!
17:07:06 §b[MVP§2+§b] SilicatYT§f §6joined the lobby!
17:07:08 §b[MVP§c+§b] Njamesp§f §6joined the lobby!
17:07:15 §b[MVP§9+§b] StudyingIsBoring§f §6joined the lobby!
17:07:15 §b[MVP§6+§b] zigazadravec§f §6joined the lobby!
17:07:17 §b[MVP§c+§b] lekcen§f §6joined the lobby!
17:07:18 §b[MVP§6+§b] Jxckers§f §6joined the lobby!
17:07:20 §b[MVP§2+§b] blue_ju§f §6joined the lobby!
17:07:20 §b[MVP§e+§b] AceGamerRicky§f §6joined the lobby!
