20:21:22 §b[MVP§f+§b] Sebbebas§f §6joined the lobby!
20:21:23 §b[MVP§c+§b] GraveToaster736§f §6joined the lobby!
20:21:43 §b[MVP§6+§b] DiannaHull§f §6joined the lobby!
20:21:44 §b[MVP§3+§b] DeepFriedTowel§f §6joined the lobby!
20:21:49 §b[MVP§2+§b] iNMN§f §6joined the lobby!
20:21:50 §b[MVP§f+§b] ChrisNotName§f §6joined the lobby!
20:21:50 §b[MVP§2+§b] Ankaracocuksube§f §6joined the lobby!
20:21:52 §b[MVP§6+§b] Rayz0x§f §6joined the lobby!
20:21:54 §b[MVP§c+§b] Cardinal_Builds§f §6joined the lobby!
20:21:54 §b[MVP§f+§b] gurakari§f §6joined the lobby!
20:22:08 §b[MVP§e+§b] a4h_§f §6joined the lobby!
20:22:12 §b[MVP§a+§b] MercilessSES§f §6joined the lobby!
20:22:14  §b>§c>§a>§r §r§b[MVP§0++§b] Cesuta§f §6joined the lobby!§r §a<§c<§b<
20:22:16 §b[MVP§9+§b] play_well§f §6joined the lobby!
20:22:17 §b[MVP§4+§b] Goofygast7§f §6joined the lobby!
20:22:19  §b>§c>§a>§r §r§6[MVP§0++§6] Champiez§f §6joined the lobby!§r §a<§c<§b<
20:22:20 §b[MVP§c+§b] Yeito§f §6joined the lobby!
20:22:20 §b[MVP§c+§b] AeronautSharon§f §6joined the lobby!
20:22:25 §b[MVP§6+§b] Pepe0510yt§f §6joined the lobby!
20:22:29 §b[MVP§6+§b] Rayz0x§f §6joined the lobby!
20:22:32 §b[MVP§0+§b] 3li_666§f §6joined the lobby!
20:22:38 §b[MVP§c+§b] MonkeyPants293§f §6joined the lobby!
20:22:44 §b[MVP§2+§b] jjjj555§f §6joined the lobby!
20:22:45 §b[MVP§e+§b] RivalChart35170§f §6joined the lobby!
20:22:46 §b[MVP§0+§b] hqth§f §6joined the lobby!
20:22:46 §b[MVP§f+§b] Mikeschinator100§f §6joined the lobby!
20:22:49  §b>§c>§a>§r §r§6[MVP§2++§6] LordQuandalious§f §6joined the lobby!§r §a<§c<§b<
20:23:16 §b[MVP§e+§b] HairyXX§f §6joined the lobby!
20:23:17 §b[MVP§5+§b] muils§f §6joined the lobby!
20:23:28 §b[MVP§d+§b] Cinshay§f §6joined the lobby!
20:23:28 §b[MVP§c+§b] Luknife§f §6joined the lobby!
20:23:30  §b>§c>§a>§r §r§6[MVP§d++§6] Trimonu§f §6joined the lobby!§r §a<§c<§b<
20:23:31  §b>§c>§a>§r §r§6[MVP§c++§6] OpusDestroyer§f §6joined the lobby!§r §a<§c<§b<
20:23:36 §b[MVP§6+§b] ojsim§f §6joined the lobby!
20:23:38 §b[MVP§9+§b] xFrqst§f §6joined the lobby!
20:23:42 §b[MVP§9+§b] Yuana§f §6joined the lobby!
20:23:43  §b>§c>§a>§r §r§6[MVP§5++§6] Haudraufienix§f §6joined the lobby!§r §a<§c<§b<
20:23:43  §b>§c>§a>§r §r§6[MVP§6++§6] kingggirannn§f §6joined the lobby!§r §a<§c<§b<
20:23:47 §b[MVP§d+§b] SimplySimplest§f §6joined the lobby!
20:23:54 §b[MVP§a+§b] jasminee_tea§f §6joined the lobby!
20:23:57  §b>§c>§a>§r §r§6[MVP§5++§6] Executed§f §6joined the lobby!§r §a<§c<§b<
20:24:03 §b[MVP§c+§b] DerGrosseHusky§f §6joined the lobby!
01:00:25 §b[MVP§d+§b] Minerle§f §6joined the lobby!
01:00:25 §b[MVP§d+§b] Angel_Kameko§f §6joined the lobby!
01:00:26   §r§f§l➤ §r§6You have reached your Hype limit! Add Hype to Prototype Lobby minigames by right-clicking with the Hype Diamond!
01:03:47 §b[MVP§f+§b] Sebbebas§f §6joined the lobby!
