20:24:07 §7Sending to server mini90AU...
20:24:21 §7Sending to server mini213F...
20:26:02 §7Sending to server mini232B...
20:27:05 §7Warping...
20:27:05 §7Sending to server mini36H...
20:27:12 §7Warping...
20:27:12 §7Sending to server mini65DS...
20:27:26 §7Warping...
20:27:26 §7Sending to server mini36H...
20:43:45 §7Warping...
20:43:46 §7Sending to server mini91BK...
20:45:28 §7Warping you to your SkyBlock island...
20:45:28 §7Sending to server mini1029D...
20:45:36 §7Warping...
20:45:36 §7Sending to server mini193D...
20:48:25 §7Warping...
20:50:25 §7Warping you to your SkyBlock island...
20:50:26 §7Sending to server mini70S...
20:50:37 §7Warping...
20:50:37 §7Sending to server mini30BR...
21:00:22 §7Warping you to your SkyBlock island...
21:00:22 §7Sending to server mini143DU...
21:02:23 §7Warping...
21:06:51 §7Warping...
21:07:37 §7Warping...
21:12:51 §7Sending to server mini62P...
21:13:21 §7Sending to server mini36AG...
21:14:55 §7Sending to server mini86AJ...
21:30:49 §7Sending to server mini192CH...
21:34:24 §7Warping...
21:34:24 §7Sending to server mini75BF...
21:34:26 §7Warping...
21:36:21 §7Sending to server mini192CH...
21:39:22 §7Finding player...
21:39:23 §7Sending a visit request...
21:39:24 §7Sending to server mini91AM...
21:39:40 §7Sending to server mini192CH...
21:39:47 §7Warping...
21:39:47 §7Sending to server mini68BR...
21:39:49 §7Warping...
21:39:51 §7Warping...
21:40:05 §7Sending to server mini192CH...
21:48:26 §7Finding player...
21:48:27 §7Sending a visit request...
21:48:28 §7Sending to server mini214N...
21:55:33 §7Warping you to your SkyBlock island...
21:55:33 §7Sending to server mini72M...
21:55:51 §7Sending to server mega25D...
21:58:37 §7Warping...
21:58:37 §7Sending to server mini160DK...
22:03:08 §7Warping...
22:05:01 §7Warping you to your SkyBlock island...
22:05:01 §7Sending to server mini182BU...
22:05:11 §7Warping...
22:05:11 §7Sending to server mini13DS...
22:07:16 §7Warping...
22:07:16 §7Sending to server mini197BJ...
22:07:48 §7Warping...
22:07:48 §7Sending to server mega22E...
22:08:02 §7Warping...
22:08:02 §7Sending to server mini197BJ...
22:12:43 §7Warping...
22:14:49 §7Warping...
22:17:42 §7Warping...
22:18:09 §7Warping...
22:19:36 §7Warping...
22:21:25 §7Warping...
22:22:38 §7Warping you to your SkyBlock island...
22:22:38 §7Sending to server mini37AP...
22:22:41 §7Warping...
22:22:41 §7Sending to server mini6BR...
22:23:11 §7Warping you to your SkyBlock island...
22:23:11 §7Sending to server mini88BC...
22:23:13 §7Warping...
22:23:18 §7Warping...
22:23:18 §7Sending to server mini197BJ...
22:23:57 §7Warping...
22:24:25 §7Warping...
22:25:50 §7Warping...
22:26:23 §7Warping...
22:26:52 §7Warping you to your SkyBlock island...
22:26:52 §7Sending to server mini24DB...
22:26:56 §7Warping...
22:26:56 §7Sending to server mini35AP...
22:27:49 §7Warping...
22:29:14 §7Warping...
22:29:14 §7Sending to server mini20CG...
22:29:27 §7Warping...
22:29:29 §7Warping...
22:29:29 §7Sending to server mini36M...
22:29:37 §7Warping you to your SkyBlock island...
22:29:37 §7Sending to server mini184CT...
22:29:43 §7Warping...
22:29:44 §7Sending to server mini182H...
22:30:19 §7Warping you to your SkyBlock island...
22:30:20 §7Sending to server mini31BE...
22:30:39 §7Warping...
22:30:40 §7Sending to server mini146CD...
22:33:10 §7Warping you to your SkyBlock island...
22:33:10 §7Sending to server mini1008P...
22:33:59 §7Warping...
22:33:59 §7Sending to server mini62DV...
01:00:02 §7Warping you to your SkyBlock island...
01:00:03 §7Sending to server mini142K...
01:00:26 §7Sending to server mini14DA...
01:00:47 §7Sending to server mini191DH...
01:01:03 §7Finding player...
01:01:05 §7Sending a visit request...
01:01:09 §7Finding player...
01:01:09 §7Sending a visit request...
01:01:09 §7Sending to server mini70CE...
01:01:15 §7Sending to server mini148AP...
01:01:29 §7Finding player...
01:01:29 §7Sending a visit request...
01:01:29 §7Sending to server mini70CE...
01:01:39 §7Warping...
01:01:39 §7Sending to server mini16W...
01:02:08 §7Finding player...
01:02:11 §7Sending a visit request...
01:02:11 §7Sending to server mini70CE...
01:02:19 §7Sending to server mini185V...
01:02:27 §7Finding player...
01:02:28 §7Sending a visit request...
01:02:28 §7Sending to server mini70CE...
01:02:37 §7Sending to server mini66BJ...
01:02:59 §7Finding player...
01:03:00 §7Sending a visit request...
01:03:00 §7Sending to server mini70CE...
01:03:05 §7Sending to server mini79CS...
01:03:24 §7Warping you to your SkyBlock island...
01:03:24 §7Sending to server mini210T...
01:04:10 §7Sending to server mini80BF...
01:18:21 §7Sending to server mini1030B...
01:22:23 §7Warping...
01:22:23 §7Sending to server mini228A...
01:23:58 §7Warping...
01:28:37 §7Warping...
01:28:37 §7Sending to server mini98CG...
01:30:06 §7Warping...
01:30:06 §7Sending to server mini94M...
01:30:47 §7Warping...
01:39:31 §7Warping you to your SkyBlock island...
01:39:31 §7Sending to server mini217K...
01:42:48 §7Sending to server mini33DT...
01:45:26 §dWarped to Election Room§r§d!
01:45:51 §dWarped to Community Center§r§d!
