16:20:00 §7Sending to server mini34BM...
16:20:16 §7Sending to server mini61CQ...
16:21:14 §7Warping...
16:21:14 §7Sending to server mini182AT...
16:21:49 §7Sending to server mini95CE...
16:22:39 §7Warping...
16:27:57 §7Warping...
16:29:44 §7Warping...
16:29:47 §7Warping...
16:30:26 §7Warping you to your SkyBlock island...
16:30:27 §7Sending to server mini1006R...
16:30:32 §7Sending to server mini8BH...
16:31:46 §7Warping...
16:31:46 §7Sending to server mini147AB...
16:32:01 §7Warping...
16:32:58 §7Sending to server mini1029J...
16:33:13 §7Warping...
16:33:13 §7Sending to server mini149AE...
16:33:27 §7Warping...
16:33:51 §7Sending to server mini98AH...
16:34:01 §7Sending to server mini3DQ...
16:34:05 §7Finding player...
16:34:05 §7Sending a visit request...
16:34:06 §7Sending to server mini1007A...
16:34:10 §7Sending to server mini147DC...
16:34:30 §7Sending to server mini158AU...
16:34:33 §7Warping...
16:34:35 §7Warping...
16:34:35 §7Sending to server mini153BV...
16:35:03 §7Sending to server mini1DH...
16:35:07 §7Warping...
16:35:07 §7Sending to server mini9G...
16:35:21 §7Finding player...
16:35:22 §7Sending a visit request...
16:35:22 §7Sending to server mini1007A...
16:35:28 §7Sending to server mini188BB...
16:35:45 §7Sending to server mini153BV...
16:36:18 §7Sending to server mini66BT...
16:37:07 §7Sending to server mini8CV...
16:38:37 §7Warping you to your SkyBlock island...
16:38:37 §7Sending to server mini183AU...
16:39:09 §7Sending to server mini75AJ...
16:40:13 §7Warping...
16:40:13 §7Sending to server mini86CR...
16:40:19 §7Request join for Hub #8 (mega32C)...
16:40:19 §7Sending to server mega32C...
16:41:17 §7Warping...
16:41:17 §7Sending to server mini16BS...
16:41:54 §7Warping...
16:41:54 §7Sending to server mini226Q...
16:44:02 §7Warping...
16:44:51 §7Warping...
16:46:12 §7Warping...
16:46:43 §7Warping...
16:47:24 §7Warping...
16:48:12 §7Warping...
16:48:45 §7Warping...
16:49:14 §7Warping...
16:50:00 §7Warping...
16:50:22 §7Warping...
16:52:54 §7Warping...
16:56:56 §7Warping...
16:58:11 §7Warping...
17:03:57 §7Warping...
17:03:57 §7Sending to server mini156K...
17:06:40 §7Warping you to your SkyBlock island...
17:06:40 §7Sending to server mini198CJ...
17:07:49 §7Sending to server mini227E...
17:09:16 §7Warping...
17:09:56 §7Warping...
17:11:53 §7Warping...
17:11:56 §7Request join for Hub mini157CV...
17:11:56 §7Sending to server mini157CV...
17:12:00 §7Request join for Hub mini66BG...
17:12:00 §7Sending to server mini66BG...
17:17:24 §7Warping...
17:17:24 §7Sending to server mini213N...
17:22:42 §7Warping you to your SkyBlock island...
17:22:42 §7Sending to server mini233V...
17:22:49 §7Sending to server mini13G...
17:23:34 §7Warping...
17:23:34 §7Sending to server mini257C...
17:26:32 §7Warping you to your SkyBlock island...
17:26:32 §7Sending to server mini190BC...
17:26:35 §7Warping...
17:26:37 §7Warping...
17:26:37 §7Sending to server mini20BV...
17:27:21 §7Warping...
17:27:22 §7Sending to server mini38CW...
17:35:42 §7Sending to server mini160CD...
17:35:53 §7Sending to server mini9K...
17:36:22 §7Sending to server mini20AJ...
17:38:23 §7Sending to server mini97BH...
17:39:41 §7Sending to server mini1DK...
17:39:50 §7Warping...
17:39:50 §7Sending to server mini191DE...
17:40:25 §7Warping you to your SkyBlock island...
17:40:25 §7Sending to server mini76DS...
17:40:39 §7Sending to server mini18CD...
17:41:00 §7Warping you to your SkyBlock island...
17:41:00 §7Sending to server mini157CE...
17:41:34 §7Warping...
17:41:34 §7Sending to server mini31DR...
17:43:21 §7Warping...
17:43:21 §7Sending to server mini73AU...
17:44:43 §7Warping...
17:44:43 §7Sending to server mini1CN...
