18:55:09 [allowed] §cYou are sending commands too fast! Please slow down.
18:55:12 [allowed] §eYou haven't claimed your §r§6Summer Rewards §r§eyet!
18:55:12 [allowed] §eTalk to the §r§bSummer Sloth §r§ein the §r§aHub!
18:55:14 [allowed] §6§lBONUS! §r§bTemporarily earn §r§a5% §r§bmore skill experience!
18:55:14 [allowed] §eLatest update: §bSkyBlock v0.20.5 §e§lCLICK
18:55:14 [allowed] §cYou are sending commands too fast! Please slow down.
18:55:25 [allowed] §6[Bazaar] §r§7Claiming order...
18:55:25 [allowed] §6[Bazaar] §r§7§r§7Claimed §r§61,856,322 coins §r§7from selling §r§a1§r§7x §r§d§lOne For All I §r§7at §r§61,877,443 §r§7each!
18:55:26 [allowed] §6[Bazaar] §r§7Claiming order...
18:55:26 [allowed] §6[Bazaar] §r§7§r§7Claimed §r§62,440,313 coins §r§7from selling §r§a2§r§7x §r§5Fuming Potato Book §r§7at §r§61,234,039 §r§7each!
18:55:30 [allowed] §6[Bazaar] §r§7Claiming order...
18:55:30 [allowed] §6[Bazaar] §r§7§r§7Claimed §r§62,982,703 coins §r§7from selling §r§a2§r§7x §r§6Golden Jerry Box §r§7at §r§61,508,320 §r§7each!
18:55:37 [allowed] §8Depositing coins...
18:55:37 [allowed] §aDeposited §r§67.2M coins§r§a! There's now §r§6496M coins §r§ain the account!
18:55:46 [allowed] §8Withdrawing coins...
18:55:46 [allowed] §aYou have withdrawn §r§69.2M coins§r§a! You now have §r§60 coins §r§ain your account!
18:55:48 [allowed] §8Depositing coins...
18:55:48 [allowed] §aDeposited §r§63.2M coins§r§a! There's now §r§6500M coins §r§ain the account!
18:55:57 [allowed] §8Depositing coins...
18:55:57 [allowed] §aYou have deposited §r§65.9M coins§r§a! You now have §r§65.9M coins §r§ain your account!
18:56:14 [allowed] §a§r§6Mining Speed Boost §r§ais now available!
18:56:31 [allowed] §cThere are blocks in the way!
18:56:31 [allowed] §cThere are blocks in the way!
18:56:32 [allowed] §cThere are blocks in the way!
18:56:32 [allowed] §cThere are blocks in the way!
18:56:32 [allowed] §cThere are blocks in the way!
18:56:32 [allowed] §cThere are blocks in the way!
18:56:33 [allowed] §cThere are blocks in the way!
18:57:35 [allowed] §aAttempting to add you to the party...
18:57:35 [allowed] §dParty Finder §r§f> §r§bSebbebas §r§ejoined the dungeon group! (§r§bTank Level 32§r§e)
18:57:53 [allowed] §eYou haven't claimed your §r§6Summer Rewards §r§eyet!
18:57:53 [allowed] §eTalk to the §r§bSummer Sloth §r§ein the §r§aHub!
18:57:54 [allowed] §f§m-----------------------------------------------------
§r§cYou should NEVER enter your Microsoft account details anywhere but on official Microsoft services!

§r§cExternal links from untrusted sources should be avoided.
§r§f§m-----------------------------------------------------
18:57:55 [allowed] §cYou are sending commands too fast! Please slow down.
18:57:56 [allowed] §d§lYum! §r§eYou gain §r§b+1✯ Magic Find §r§efor §r§a48 §r§ehours!
18:57:56 [allowed] §d§lYum! §r§eYou gain §r§d+1♣ Pet Luck §r§efor §r§a48 §r§ehours!
18:57:57 [allowed] §d§lYum! §r§eYou gain §r§c+10❤ Health §r§efor §r§a48 §r§ehours!
18:57:58 [allowed] §d§lYum! §r§eYou gain §r§6+5☘ Mining Fortune §r§efor §r§a48 §r§ehours!
18:57:59 [allowed] §d§lYum! §r§eYou gain §r§6+5☘ Foraging Fortune §r§efor §r§a48 §r§ehours!
18:57:59 [allowed] §d§lYum! §r§eYou gain §r§6+5☘ Farming Fortune §r§efor §r§a48 §r§ehours!
18:58:00 [allowed] §d§lYum! §r§eYou gain §r§c+2❁ Strength §r§efor §r§a48 §r§ehours!
18:58:01 [allowed] §d§lYum! §r§eYou gain §r§c+2⫽ Ferocity §r§efor §r§a48 §r§ehours!
18:58:02 [allowed] §d§lYum! §r§eYou gain §r§f+10✦ Speed §r§efor §r§a48 §r§ehours!
18:58:02 [allowed] §dParty Finder §r§f> §r§aDiDoIsDyinggg §r§ejoined the dungeon group! (§r§bArcher Level 36§r§e)
18:58:02 [allowed] §d§lYum! §r§eYou gain §r§a+3❈ Defense §r§efor §r§a48 §r§ehours!
18:58:03 [allowed] §d§lYum! §r§eYou gain §r§b+5✎ Intelligence §r§efor §r§a48 §r§ehours!
18:58:03 [allowed] §d§lYum! §r§eYou gain §r§3+1α Sea Creature Chance §r§efor §r§a48 §r§ehours!
18:58:21 [allowed] §eYou haven't claimed your §r§6Summer Rewards §r§eyet!
18:58:21 [allowed] §eTalk to the §r§bSummer Sloth §r§ein the §r§aHub!
18:58:25 [allowed] §cYou are sending commands too fast! Please slow down.
18:58:32 [allowed] §8Withdrawing coins...
18:58:32 [allowed] §aWithdrew §r§620M coins§r§a! There's now §r§6480M coins §r§aleft in the account!
18:58:34 [allowed] §8Depositing coins...
18:58:34 [allowed] §aDeposited §r§620M coins§r§a! There's now §r§6500M coins §r§ain the account!
18:58:40 [allowed] §8Withdrawing coins...
18:58:40 [allowed] §aWithdrew §r§620M coins§r§a! There's now §r§6480M coins §r§aleft in the account!
18:58:41 [allowed] §6§lRARE REWARD! §r§bjmjninja10 §r§efound a §r§6Recombobulator 3000 §r§ein their Bedrock Chest§r§e!
18:58:43 [allowed] §8Depositing coins...
18:58:43 [allowed] §aYou have deposited §r§620M coins§r§a! You now have §r§625M coins §r§ain your account!
18:58:46 [allowed] §cThere are blocks in the way!
18:59:01 [allowed] §cYou're already in this channel!
18:59:05 [allowed] §9Party §8> §b[MVP§9+§b] Sebbebas§f: §rgo?
18:59:21 [allowed] §a§r§6Mining Speed Boost §r§ais now available!
18:59:33 [allowed] §9Party §8> §70xANZOx0§f: §rr?
18:59:37 [allowed] §9Party §8> §a[VIP§6+§a] IBeHunting§f: §rr
18:59:40 [allowed] §9Party §8> §a[VIP§6+§a] SpongeeBoi§f: §rr
18:59:42 [allowed] §9Party §8> §b[MVP§9+§b] Sebbebas§f: §ralways r
18:59:47 [allowed] §9§m-----------------------------
§r§70xANZOx0§r§7 §r§eentered §r§aThe Catacombs§r§e, §r§eFloor VII§r§e!
§r§9§m-----------------------------
18:59:53 [allowed] §eYou haven't claimed your §r§6Summer Rewards §r§eyet!
18:59:53 [allowed] §eTalk to the §r§bSummer Sloth §r§ein the §r§aHub!
18:59:55 [allowed] §cYou are sending commands too fast! Please slow down.
18:59:55 [allowed] §aDiDoIsDyinggg§r§a is now ready!
18:59:55 [allowed] §70xANZOx0§r§a is now ready!
18:59:55 [allowed] §aSpongeeBoi§r§a is now ready!
18:59:55 [allowed] §aIBeHunting§r§a is now ready!
18:59:55 [allowed] §bSebbebas§r§a is now ready!
18:59:56 [allowed] §aStarting in 4 seconds.
18:59:56 [allowed] §cThere are blocks in the way!
18:59:56 [allowed] §cThere are blocks in the way!
18:59:57 [allowed] §cThere are blocks in the way!
18:59:57 [allowed] §aStarting in 3 seconds.
18:59:58 [allowed] §aStarting in 2 seconds.
18:59:58 [allowed] §cThere are blocks in the way!
18:59:58 [allowed] §cThere are blocks in the way!
18:59:59 [allowed] §cThere are blocks in the way!
18:59:59 [allowed] §cThere are blocks in the way!
18:59:59 [allowed] §aStarting in 1 second.
18:59:59 [allowed] §cThere are blocks in the way!
19:00:00 [allowed] §6Your §r§aTank §r§6stats are doubled because you are the only player using this class!
19:00:00 [allowed] §a[Tank] §r§fDefense §r§c82§r§f -> §r§a132
19:00:00 [allowed] §a[Tank] §r§fTotal Defense §r§c31.4%§r§f -> §r§a56.4%
19:00:00 [allowed] §a[Tank] §r§fAbsorption Health §r§c520§r§f -> §r§a720
19:00:00 [allowed] §a[Tank] §r§fAbsorption Shield Health Required §r§c50%§r§f -> §r§a100%
19:00:00 [allowed] §a[Tank] §r§fAbsorption Shield Percentage §r§c10%§r§f -> §r§a20%
19:00:00 [allowed] §a[Tank] §r§fBarrier Cooldown §r§c90§r§f -> §r§a45
19:00:00 [allowed] §e[NPC] §bMort§f: §rHere, I found this map when I first entered the dungeon.
19:00:02 [allowed] §e[NPC] §bMort§f: §rYou should find it useful if you get lost.
19:00:03 [allowed] §e[NPC] §bMort§f: §rGood luck.
19:00:05 [allowed] §cThere are blocks in the way!
19:00:08 [allowed] §a[VIP§r§6+§r§a] SpongeeBoi§r§f §r§ehas obtained §r§a§r§9Superboom TNT§r§e!
19:00:09 [allowed] §e§lTank Milestone §r§e❶§r§7: You have tanked and dealt §r§c450,000§r§7 Total Damage so far! §r§a09s
19:00:09 [allowed] §e§lTank Milestone §r§e❷§r§7: You have tanked and dealt §r§c2,250,000§r§7 Total Damage so far! §r§a09s
19:00:10 [allowed] §7Your Giant's Sword hit §r§c4 §r§7enemies for §r§c6,944,960 §r§7damage.
19:00:11 [allowed] §b[MVP§r§9+§r§b] Sebbebas§r§f §r§ehas obtained §r§a§r§6Revive Stone§r§e!
19:00:12 [allowed] §b[MVP§r§9+§r§b] Sebbebas§r§f §r§ehas obtained §r§a§r§6§r§8Wither Key§r§e!
19:00:12 [allowed] §e§lRIGHT CLICK §r§7on §r§7a §r§8WITHER §r§7door§r§7 to open it. This key can only be used to open §r§a1§r§7 door!
19:00:12 [allowed] §b[MVP§r§9+§r§b] Sebbebas§r§f §r§ehas obtained §r§a§r§dBlessing of Wisdom§r§e!
19:00:12 [allowed] §6§lDUNGEON BUFF! §r§fYou found a §r§dBlessing of Wisdom V§r§f! (§r§a12s§r§f)
19:00:12 [allowed]      §r§7Granted you §r§a§r§a+30§r§7 & §r§a+1.15x §r§b✎ Intelligence §r§7and §r§a+24 §r§f✦ Speed§r§7.
19:00:15 [allowed] §6§lDUNGEON BUFF! §r§aDiDoIsDyinggg §r§ffound a §r§dBlessing of Power I§r§f!
19:00:15 [allowed]      §r§7Granted you §r§a§r§a+6§r§7 & §r§a+1.03x §r§c❁ Strength§r§7.
19:00:15 [allowed]      §r§7Also granted you §r§a§r§a+6§r§7 & §r§a+1.03x §r§9☠ Crit Damage§r§7.
19:00:17 [allowed] §a§l+5 Kill Combo §r§8§r§b+3✯ Magic Find
19:00:18 [allowed] §e§lTank Milestone §r§e❸§r§7: You have tanked and dealt §r§c9,000,000§r§7 Total Damage so far! §r§a18s
19:00:19 [allowed] §aThe §r§c§r§d§lFrozen Adventurer §r§aused §r§bIce Spray §r§aon you!
19:00:20 [allowed] §7A Crypt Wither Skull exploded, hitting you for §r§c26,400§r§7 damage.
19:00:21 [allowed] §a[VIP§r§6+§r§a] IBeHunting§r§f §r§ehas obtained §r§a§r§9Superboom TNT§r§e!
19:00:21 [allowed] §7A Crypt Wither Skull exploded, hitting you for §r§c26,400§r§7 damage.
19:00:22 [allowed] §6Castle of Stone§r§a is ready to use! Press §r§6§lDROP§r§a to activate it!
19:00:22 [allowed] §a§l+10 Kill Combo §r§8+§r§610 §r§7coins per kill
19:00:24 [allowed] §a§r§70xANZOx0§r§a opened a §r§8§lWITHER §r§adoor!
19:00:24 [allowed] §cThere are blocks in the way!
19:00:25 [allowed] §b[MVP§r§9+§r§b] Sebbebas§r§f §r§ehas obtained §r§a§r§6Revive Stone§r§e!
19:00:25 [allowed] §b[MVP§r§9+§r§b] Sebbebas§r§f §r§ehas obtained §r§a§r§dBlessing of Life§r§e!
19:00:25 [allowed] §6§lDUNGEON BUFF! §r§fYou found a §r§dBlessing of Life V§r§f! (§r§a24s§r§f)
19:00:25 [allowed]      §r§7Granted you §r§a§r§a+1.23x HP §r§7and §r§a§r§a+1.23x §r§c❣ Health Regen§r§7.
19:00:25 [allowed] §a[VIP§r§6+§r§a] DiDoIsDyinggg§r§f §r§ehas obtained §r§a§r§9Superboom TNT§r§e!
19:00:25 [allowed] §a[VIP§r§6+§r§a] DiDoIsDyinggg§r§f §r§ehas obtained §r§a§r§dBlessing of Life§r§e!
19:00:25 [allowed] §6§lDUNGEON BUFF! §r§aDiDoIsDyinggg §r§ffound a §r§dBlessing of Life V§r§f! (§r§a25s§r§f)
19:00:25 [allowed]      §r§7Granted you §r§a§r§a+1.23x HP §r§7and §r§a§r§a+1.23x §r§c❣ Health Regen§r§7.
19:00:29 [allowed] §cThis ability is on cooldown for 11s.
19:00:29 [allowed] §9§l+15 Kill Combo §r§8§r§b+3✯ Magic Find
19:00:30 [allowed] §e§lTank Milestone §r§e❹§r§7: You have tanked and dealt §r§c22,500,000§r§7 Total Damage so far! §r§a30s
19:00:31 [allowed] §a[VIP§r§6+§r§a] IBeHunting§r§f §r§ehas obtained §r§a§r§6Mythic Skeleton Master Boots§r§e!
19:00:33 [allowed] §e§lTank Milestone §r§e❺§r§7: You have tanked and dealt §r§c45,000,000§r§7 Total Damage so far! §r§a33s
19:00:33 [allowed] §5§l+20 Kill Combo §r§8§r§3+15☯ Combat Wisdom
19:00:35 [allowed] §b[MVP§r§9+§r§b] Sebbebas§r§f §r§ehas obtained §r§a§r§9Superboom TNT§r§e!
19:00:37 [allowed] §a[VIP§r§6+§r§a] IBeHunting§r§f §r§ehas obtained §r§a§r§9Superboom TNT§r§e!
19:00:39 [allowed] §cYour Kill Combo has expired! You reached a 22 Kill Combo!
19:00:45 [allowed] §b[MVP§r§9+§r§b] Sebbebas§r§f §r§ehas obtained §r§a§r§9Superboom TNT§r§e!
19:00:46 [allowed] §6§lDUNGEON BUFF! §r§aDiDoIsDyinggg §r§ffound a §r§dBlessing of Life I§r§f!
19:00:46 [allowed]      §r§7Granted you §r§a§r§a+1.04x HP §r§7and §r§a§r§a+1.04x §r§c❣ Health Regen§r§7.
19:00:48 [allowed] §cThe Stormy Zombie Knight§r§c struck you for 1,666.1 damage!
19:00:48 [allowed] §a§l+5 Kill Combo §r§8§r§b+3✯ Magic Find
19:00:48 [allowed] §cThe Stormy Zombie Knight§r§c struck you for 1,666.1 damage!
19:00:48 [allowed] §e§lTank Milestone §r§e❻§r§7: You have tanked and dealt §r§c67,500,000§r§7 Total Damage so far! §r§a48s
19:00:51 [allowed] §cThere are blocks in the way!
19:00:52 [allowed] §a§l+10 Kill Combo §r§8+§r§610 §r§7coins per kill
19:00:53 [allowed] §6Castle of Stone§r§a is ready to use! Press §r§6§lDROP§r§a to activate it!
19:00:53 [allowed] §a§r§6Mining Speed Boost §r§ais now available!
19:00:54 [allowed] §b[MVP§r§9+§r§b] Sebbebas§r§f §r§ehas obtained §r§a§r§9Superboom TNT§r§e!
19:00:56 [allowed] §6§lDUNGEON BUFF! §r§aSpongeeBoi §r§ffound a §r§dBlessing of Power II§r§f!
19:00:56 [allowed]      §r§7Granted you §r§a§r§a+12§r§7 & §r§a+1.06x §r§c❁ Strength§r§7.
19:00:56 [allowed]      §r§7Also granted you §r§a§r§a+12§r§7 & §r§a+1.06x §r§9☠ Crit Damage§r§7.
19:01:00 [allowed] §cThere are blocks in the way!
19:01:00 [allowed] §6§lDUNGEON BUFF! §r§aDiDoIsDyinggg §r§ffound a §r§dBlessing of Life II§r§f!
19:01:00 [allowed]      §r§7Granted you §r§a§r§a+1.09x HP §r§7and §r§a§r§a+1.09x §r§c❣ Health Regen§r§7.
19:01:00 [allowed] §cYour Kill Combo has expired! You reached a 13 Kill Combo!
19:01:00 [allowed] §cThere are blocks in the way!
19:01:02 [allowed] §a[VIP§r§6+§r§a] SpongeeBoi§r§f §r§ehas obtained §r§a§r§9Superboom TNT§r§e!
19:01:02 [allowed] §cThere are blocks in the way!
19:01:03 [allowed] §fYou found a §r§dWither Essence§r§f! Everyone gains an extra essence!
19:01:04 [allowed] §cThe Tripwire Trap hit you for 5,887.9 damage!
19:01:05 [allowed] §aYou defused a trap!
19:01:07 [allowed] §e§lTank Milestone §r§e❼§r§7: You have tanked and dealt §r§c90,000,000§r§7 Total Damage so far! §r§a01m 06s
19:01:08 [allowed] §a§l+5 Kill Combo §r§8§r§b+3✯ Magic Find
19:01:09 [allowed] §cThe Stormy Zombie Commander§r§c struck you for 1,766.4 damage!
19:01:09 [allowed] §cThe Stormy Crypt Lurker§r§c struck you for 1,766.4 damage!
19:01:10 [allowed] §cThe Stormy Crypt Lurker§r§c struck you for 1,766.4 damage!
19:01:10 [allowed] §e§lTank Milestone §r§e❽§r§7: You have tanked and dealt §r§c112,500,000§r§7 Total Damage so far! §r§a01m 10s
19:01:10 [allowed] §b[MVP§r§9+§r§b] Sebbebas§r§f §r§ehas obtained §r§a§r§9Superboom TNT§r§e!
19:01:11 [allowed] §cThe Tripwire Trap hit you for 5,887.9 damage!
19:01:13 [allowed] §aYou defused a trap!
19:01:15 [allowed] §e[NPC] §cMelrose§f: §rMy chest has the reward!
19:01:16 [allowed] §e[NPC] §cWinona§f: §r§c§cMelrose §ris telling the truth.
19:01:16 [allowed] §e[NPC] §cVirginia§f: §rBoth of them are telling the truth. Also, §c§cWinona §rhas the reward in their chest!
19:01:17 [allowed] §a§lPUZZLE SOLVED! §r§bSebbebas §r§ewasn't fooled by §r§cVirginia§r§e! §r§4G§r§co§r§6o§r§ed§r§a §r§2j§r§bo§r§3b§r§5!
19:01:18 [allowed] §6§lDUNGEON BUFF! §r§fYou found a §r§dBlessing of Power V§r§f!
19:01:18 [allowed]      §r§7Granted you §r§a§r§a+30§r§7 & §r§a+1.15x §r§c❁ Strength§r§7.
19:01:18 [allowed]      §r§7Also granted you §r§a§r§a+30§r§7 & §r§a+1.15x §r§9☠ Crit Damage§r§7.
19:01:18 [allowed] §cYour Kill Combo has expired! You reached a 8 Kill Combo!
19:01:21 [allowed] §aIBeHunting §r§ffound a §r§dWither Essence§r§f! Everyone gains an extra essence!
19:01:23 [allowed] §6Castle of Stone§r§a is ready to use! Press §r§6§lDROP§r§a to activate it!
19:01:24 [allowed] §cThere are blocks in the way!
19:01:36 [allowed] §cThere are blocks in the way!
19:01:37 [allowed] §cThere are blocks in the way!
19:01:39 [allowed] §6§lESSENCE! §r§fYou found §r§6x10 Gold Essence§r§f!
19:01:40 [allowed] §cThere are blocks in the way!
19:01:42 [allowed] §6§lDUNGEON BUFF! §r§aIBeHunting §r§ffound a §r§dBlessing of Stone I§r§f!
19:01:42 [allowed]      §r§7Granted you §r§a§r§a+6§r§7 & §r§a+1.03x §r§a❈ Defense §r§7and §r§a+7.2 §r§c❁ Damage§r§7.
19:01:42 [allowed] §aDiDoIsDyinggg §r§ffound a §r§dWither Essence§r§f! Everyone gains an extra essence!
19:01:42 [allowed] §aDiDoIsDyinggg §r§ffound a §r§dWither Essence§r§f! Everyone gains an extra essence!
19:01:47 [allowed] §cYou hear the sound of something opening...
19:01:53 [allowed] §6Castle of Stone§r§a is ready to use! Press §r§6§lDROP§r§a to activate it!
19:02:01 [allowed] §6§lDUNGEON BUFF! §r§aSpongeeBoi §r§ffound a §r§dBlessing of Power V§r§f!
19:02:01 [allowed]      §r§7Granted you §r§a§r§a+30§r§7 & §r§a+1.15x §r§c❁ Strength§r§7.
19:02:01 [allowed]      §r§7Also granted you §r§a§r§a+30§r§7 & §r§a+1.15x §r§9☠ Crit Damage§r§7.
19:02:03 [allowed] §cThere are blocks in the way!
19:02:05 [allowed] §cThere are blocks in the way!
19:02:05 [allowed] §6§lDUNGEON BUFF! §r§fYou found a §r§dBlessing of Stone II§r§f!
19:02:05 [allowed]      §r§7Granted you §r§a§r§a+12§r§7 & §r§a+1.06x §r§a❈ Defense §r§7and §r§a+14.4 §r§c❁ Damage§r§7.
19:02:06 [allowed] §cThere are blocks in the way!
19:02:15 [allowed] §aYou have teleported to §r§70xANZOx0§r§a!
19:02:19 [allowed] §cThere are blocks in the way!
19:02:20 [allowed] §6§lDUNGEON BUFF! §r§70xANZOx0 §r§ffound a §r§dBlessing of Stone I§r§f!
19:02:20 [allowed]      §r§7Granted you §r§a§r§a+6§r§7 & §r§a+1.03x §r§a❈ Defense §r§7and §r§a+7.2 §r§c❁ Damage§r§7.
19:02:20 [allowed] §cThere are blocks in the way!
19:02:21 [allowed] §cThere are blocks in the way!
19:02:21 [allowed] §cThere are blocks in the way!
19:02:23 [allowed] §7A Crypt Wither Skull exploded, hitting you for §r§c26,400§r§7 damage.
19:02:23 [allowed] §7A Crypt Wither Skull exploded, hitting you for §r§c26,400§r§7 damage.
19:02:25 [allowed] §6Castle of Stone§r§a is ready to use! Press §r§6§lDROP§r§a to activate it!
19:02:28 [allowed] §9Party §8> §b[MVP§9+§b] Sebbebas§f: §rNICE BLOOD RUSH IDIOT
19:02:29 [allowed] §cThere are blocks in the way!
19:02:30 [allowed] §cThere are blocks in the way!
19:02:32 [allowed] §a[VIP§r§6+§r§a] IBeHunting§r§f §r§ehas obtained §r§a§r§dBlessing of Life§r§e!
19:02:32 [allowed] §6§lDUNGEON BUFF! §r§aIBeHunting §r§ffound a §r§dBlessing of Life V§r§f! (§r§a02m 32s§r§f)
19:02:32 [allowed]      §r§7Granted you §r§a§r§a+1.23x HP §r§7and §r§a§r§a+1.23x §r§c❣ Health Regen§r§7.
19:02:32 [allowed] §a[VIP§r§6+§r§a] IBeHunting§r§f §r§ehas obtained §r§a§r§6Revive Stone§r§e!
19:02:35 [allowed] §70xANZOx0§r§7 §r§ehas obtained §r§a§r§6§r§8Wither Key§r§e!
19:02:35 [allowed] §e§lRIGHT CLICK §r§7on §r§7a §r§8WITHER §r§7door§r§7 to open it. This key can only be used to open §r§a1§r§7 door!
19:02:36 [allowed] §9Party §8> §70xANZOx0§f: §r270 Score!
19:02:37 [allowed] §cThere are blocks in the way!
19:02:38 [allowed] §cThere are blocks in the way!
19:02:39 [allowed] §cThere are blocks in the way!
19:02:40 [allowed] §a§r§aIBeHunting§r§a opened a §r§8§lWITHER §r§adoor!
19:02:45 [allowed] §cThere are blocks in the way!
19:02:46 [allowed] §cThere are blocks in the way!
19:02:47 [allowed] §cThere are blocks in the way!
19:02:55 [allowed] §6Castle of Stone§r§a is ready to use! Press §r§6§lDROP§r§a to activate it!
19:02:58 [allowed] §a[VIP§r§6+§r§a] IBeHunting§r§f §r§ehas obtained §r§a§r§6§r§8Wither Key§r§e!
19:02:58 [allowed] §e§lRIGHT CLICK §r§7on §r§7a §r§8WITHER §r§7door§r§7 to open it. This key can only be used to open §r§a1§r§7 door!
19:02:58 [allowed] §a[VIP§r§6+§r§a] IBeHunting§r§f §r§ehas obtained §r§a§r§dBlessing of Stone§r§e!
19:02:58 [allowed] §6§lDUNGEON BUFF! §r§aIBeHunting §r§ffound a §r§dBlessing of Stone V§r§f! (§r§a02m 58s§r§f)
19:02:58 [allowed]      §r§7Granted you §r§a§r§a+30§r§7 & §r§a+1.15x §r§a❈ Defense §r§7and §r§a+36 §r§c❁ Damage§r§7.
19:02:58 [allowed] §a[VIP§r§6+§r§a] IBeHunting§r§f §r§ehas obtained §r§a§r§9Superboom TNT§r§e!
19:03:03 [allowed] §a§r§aSpongeeBoi§r§a opened a §r§8§lWITHER §r§adoor!
19:03:12 [allowed] §eYou haven't claimed your §r§6Summer Rewards §r§eyet!
19:03:12 [allowed] §eTalk to the §r§bSummer Sloth §r§ein the §r§aHub!
19:03:14 [allowed] §cYou are sending commands too fast! Please slow down.
19:03:15 [allowed] §9§m-----------------------------------------------------
19:03:15 [allowed] §eYou left the party.
19:03:15 [allowed] §9§m-----------------------------------------------------
19:03:16 [allowed] §cThere are blocks in the way!
19:03:16 [allowed] §cThere are blocks in the way!
19:03:20 [allowed] §aAttempting to add you to the party...
19:03:20 [allowed] §dParty Finder §r§f> §r§bSebbebas §r§ejoined the dungeon group! (§r§bTank Level 32§r§e)
19:03:21 [allowed] §cThere are blocks in the way!
19:03:26 [allowed] §cThere are blocks in the way!
19:03:27 [allowed] §cThere are blocks in the way!
19:03:28 [allowed] §cThere are blocks in the way!
19:03:31 [allowed] §dParty Finder §r§f> §r§7deadend123 §r§ejoined the dungeon group! (§r§bBerserk Level 33§r§e)
19:03:42 [allowed] §9§m-----------------------------------------------------
19:03:42 [allowed] §7deadend123 §r§ehas been removed from the party.
19:03:42 [allowed] §9§m-----------------------------------------------------
19:03:45 [allowed] §dParty Finder §r§f> §r§bMinh_VN §r§ejoined the dungeon group! (§r§bArcher Level 31§r§e)
19:03:51 [allowed] §dParty Finder §r§f> §r§aJeffiTheWolf §r§ejoined the dungeon group! (§r§bArcher Level 32§r§e)
19:04:00 [allowed] §9§m-----------------------------
§r§a[VIP§r§6+§r§a] Czmbo§r§f §r§eentered §r§aThe Catacombs§r§e, §r§eFloor VII§r§e!
§r§9§m-----------------------------
19:04:05 [allowed] §eYou haven't claimed your §r§6Summer Rewards §r§eyet!
19:04:05 [allowed] §eTalk to the §r§bSummer Sloth §r§ein the §r§aHub!
19:04:06 [allowed] §cYou are sending commands too fast! Please slow down.
19:04:07 [allowed] §aCzmbo§r§a is now ready!
19:04:07 [allowed] §bMinh_VN§r§a is now ready!
19:04:07 [allowed] §aJeffiTheWolf§r§a is now ready!
19:04:07 [allowed] §bSebbebas§r§a is now ready!
19:04:07 [allowed] §aFlamingo130§r§a is now ready!
19:04:08 [allowed] §aStarting in 4 seconds.
19:04:09 [allowed] §aStarting in 3 seconds.
19:04:10 [allowed] §aStarting in 2 seconds.
19:04:11 [allowed] §aStarting in 1 second.
19:04:12 [allowed] §6Your §r§aTank §r§6stats are doubled because you are the only player using this class!
19:04:12 [allowed] §a[Tank] §r§fDefense §r§c82§r§f -> §r§a132
19:04:12 [allowed] §a[Tank] §r§fTotal Defense §r§c31.4%§r§f -> §r§a56.4%
19:04:12 [allowed] §a[Tank] §r§fAbsorption Health §r§c520§r§f -> §r§a720
19:04:12 [allowed] §a[Tank] §r§fAbsorption Shield Health Required §r§c50%§r§f -> §r§a100%
19:04:12 [allowed] §a[Tank] §r§fAbsorption Shield Percentage §r§c10%§r§f -> §r§a20%
19:04:12 [allowed] §a[Tank] §r§fBarrier Cooldown §r§c90§r§f -> §r§a45
19:04:12 [allowed] §e[NPC] §bMort§f: §rHere, I found this map when I first entered the dungeon.
19:04:14 [allowed] §e[NPC] §bMort§f: §rYou should find it useful if you get lost.
19:04:15 [allowed] §e[NPC] §bMort§f: §rGood luck.
19:04:18 [allowed] §cThere are blocks in the way!
19:04:18 [allowed] §cThere are blocks in the way!
19:04:24 [allowed] §e§lTank Milestone §r§e❶§r§7: You have tanked and dealt §r§c450,000§r§7 Total Damage so far! §r§a11s
19:04:25 [allowed] §e§lTank Milestone §r§e❷§r§7: You have tanked and dealt §r§c2,250,000§r§7 Total Damage so far! §r§a13s
19:04:26 [allowed] §b[MVP§r§9+§r§b] Sebbebas§r§f §r§ehas obtained §r§a§r§6§r§8Wither Key§r§e!
19:04:26 [allowed] §e§lRIGHT CLICK §r§7on §r§7a §r§8WITHER §r§7door§r§7 to open it. This key can only be used to open §r§a1§r§7 door!
19:04:26 [allowed] §b[MVP§r§9+§r§b] Sebbebas§r§f §r§ehas obtained §r§a§r§9Superboom TNT§r§e!
19:04:26 [allowed] §a§r§aCzmbo§r§a opened a §r§8§lWITHER §r§adoor!
19:04:29 [allowed] §a[VIP§r§6+§r§a] JeffiTheWolf§r§f §r§ehas obtained §r§a§r§9Premium Flesh§r§e!
19:04:29 [allowed] §6§lDUNGEON BUFF! §r§aFlamingo130 §r§ffound a §r§dBlessing of Wisdom I§r§f!
19:04:29 [allowed]      §r§7Granted you §r§a§r§a+6§r§7 & §r§a+1.03x §r§b✎ Intelligence §r§7and §r§a+4.8 §r§f✦ Speed§r§7.
19:04:29 [allowed] §a[VIP§r§6+§r§a] Czmbo§r§f §r§ehas obtained §r§a§r§dBlessing of Wisdom§r§e!
19:04:29 [allowed] §6§lDUNGEON BUFF! §r§aCzmbo §r§ffound a §r§dBlessing of Wisdom V§r§f! (§r§a17s§r§f)
19:04:29 [allowed]      §r§7Granted you §r§a§r§a+30§r§7 & §r§a+1.15x §r§b✎ Intelligence §r§7and §r§a+24 §r§f✦ Speed§r§7.
19:04:30 [allowed] §cThere are blocks in the way!
19:04:30 [allowed] §a[VIP§r§6+§r§a] Czmbo§r§f §r§ehas obtained §r§a§r§6§r§8Wither Key§r§e!
19:04:30 [allowed] §e§lRIGHT CLICK §r§7on §r§7a §r§8WITHER §r§7door§r§7 to open it. This key can only be used to open §r§a1§r§7 door!
19:04:30 [allowed] §a[VIP§r§6+§r§a] Czmbo§r§f §r§ehas obtained §r§a§r§9Superboom TNT§r§e!
19:04:32 [allowed] §a§r§aCzmbo§r§a opened a §r§8§lWITHER §r§adoor!
19:04:34 [allowed] §6Castle of Stone§r§a is ready to use! Press §r§6§lDROP§r§a to activate it!
19:04:36 [allowed] §cThere are blocks in the way!
19:04:36 [allowed] §bMinh_VN §r§ffound a §r§dWither Essence§r§f! Everyone gains an extra essence!
19:04:40 [allowed] §a[VIP§r§6+§r§a] Czmbo§r§f §r§ehas obtained §r§a§r§dBlessing of Wisdom§r§e!
19:04:40 [allowed] §6§lDUNGEON BUFF! §r§aCzmbo §r§ffound a §r§dBlessing of Wisdom V§r§f! (§r§a28s§r§f)
19:04:40 [allowed]      §r§7Granted you §r§a§r§a+30§r§7 & §r§a+1.15x §r§b✎ Intelligence §r§7and §r§a+24 §r§f✦ Speed§r§7.
19:04:40 [allowed] §e§lTank Milestone §r§e❸§r§7: You have tanked and dealt §r§c9,000,000§r§7 Total Damage so far! §r§a28s
19:04:40 [allowed] §a§l+5 Kill Combo §r§8§r§b+3✯ Magic Find
19:04:40 [allowed] §7Your Giant's Sword hit §r§c7 §r§7enemies for §r§c15,186,611 §r§7damage.
19:04:40 [allowed] §a[VIP§r§6+§r§a] Czmbo§r§f §r§ehas obtained §r§a§r§9Superboom TNT§r§e!
19:04:40 [allowed] §a[VIP§r§6+§r§a] Czmbo§r§f §r§ehas obtained §r§a§r§6§r§8Wither Key§r§e!
19:04:40 [allowed] §e§lRIGHT CLICK §r§7on §r§7a §r§8WITHER §r§7door§r§7 to open it. This key can only be used to open §r§a1§r§7 door!
19:04:41 [allowed] §b[MVP§r§9+§r§b] Sebbebas§r§f §r§ehas obtained §r§a§r§9Superboom TNT§r§e!
19:04:45 [allowed] §a§r§aCzmbo§r§a opened a §r§8§lWITHER §r§adoor!
19:04:46 [allowed] §a§l+10 Kill Combo §r§8+§r§610 §r§7coins per kill
19:04:47 [allowed] §e§lTank Milestone §r§e❹§r§7: You have tanked and dealt §r§c22,500,000§r§7 Total Damage so far! §r§a35s
19:04:49 [allowed] §9§l+15 Kill Combo §r§8§r§b+3✯ Magic Find
19:04:51 [allowed] §7A Crypt Wither Skull exploded, hitting you for §r§c26,400§r§7 damage.
19:04:52 [allowed] §a[VIP§r§6+§r§a] Czmbo§r§f §r§ehas obtained §r§a§r§6§r§8Wither Key§r§e!
19:04:52 [allowed] §e§lRIGHT CLICK §r§7on §r§7a §r§8WITHER §r§7door§r§7 to open it. This key can only be used to open §r§a1§r§7 door!
19:04:52 [allowed] §a[VIP§r§6+§r§a] Czmbo§r§f §r§ehas obtained §r§a§r§9Superboom TNT§r§e!
19:04:53 [allowed] §a§r§aCzmbo§r§a opened a §r§8§lWITHER §r§adoor!
19:04:53 [allowed] §e§lTank Milestone §r§e❺§r§7: You have tanked and dealt §r§c45,000,000§r§7 Total Damage so far! §r§a41s
19:04:53 [allowed] §5§l+20 Kill Combo §r§8§r§3+15☯ Combat Wisdom
19:04:55 [allowed] §7A Crypt Wither Skull exploded, hitting you for §r§c26,400§r§7 damage.
19:04:56 [allowed] §a[VIP§r§6+§r§a] Czmbo§r§f §r§ehas obtained §r§a§r§9Superboom TNT§r§e!
19:04:57 [allowed] §5§l+25 Kill Combo §r§8§r§b+3✯ Magic Find
19:04:57 [allowed] §a[VIP§r§6+§r§a] Czmbo§r§f §r§ehas obtained §r§a§r§6§r§8Wither Key§r§e!
19:04:57 [allowed] §e§lRIGHT CLICK §r§7on §r§7a §r§8WITHER §r§7door§r§7 to open it. This key can only be used to open §r§a1§r§7 door!
19:04:58 [allowed] §a§r§aCzmbo§r§a opened a §r§8§lWITHER §r§adoor!
19:04:59 [allowed] §6§l+30 Kill Combo §r§8+§r§610 §r§7coins per kill
19:05:01 [allowed] §e§lTank Milestone §r§e❻§r§7: You have tanked and dealt §r§c67,500,000§r§7 Total Damage so far! §r§a48s
19:05:02 [allowed] §a[VIP§r§6+§r§a] Czmbo§r§f §r§ehas obtained §r§a§r§c§r§cBlood Key§r§e!
19:05:02 [allowed] §e§lRIGHT CLICK §r§7on §r§7the §r§cBLOOD DOOR§r§7 to open it. This key can only be used to open §r§a1§r§7 door!
19:05:02 [allowed] §a[VIP§r§6+§r§a] Czmbo§r§f §r§ehas obtained §r§a§r§6Revive Stone§r§e!
19:05:03 [allowed] §cThe §r§c§lBLOOD DOOR§r§c has been opened!
19:05:03 [allowed] §5A shiver runs down your spine...
19:05:03 [allowed] §c[BOSS] The Watcher§r§f: Things feel a little more roomy now, eh?
19:05:03 [allowed] §7A Crypt Wither Skull exploded, hitting you for §r§c26,400§r§7 damage.
19:05:04 [allowed] §7A Crypt Wither Skull exploded, hitting you for §r§c26,400§r§7 damage.
19:05:04 [allowed] §6Castle of Stone§r§a is ready to use! Press §r§6§lDROP§r§a to activate it!
19:05:05 [allowed] §a§r§6Mining Speed Boost §r§ais now available!
19:05:06 [allowed] §6§lDUNGEON BUFF! §r§aFlamingo130 §r§ffound a §r§dBlessing of Power II§r§f!
19:05:06 [allowed]      §r§7Granted you §r§a§r§a+12§r§7 & §r§a+1.06x §r§c❁ Strength§r§7.
19:05:06 [allowed]      §r§7Also granted you §r§a§r§a+12§r§7 & §r§a+1.06x §r§9☠ Crit Damage§r§7.
19:05:07 [allowed] §c[BOSS] The Watcher§r§f: I've knocked down those pillars to go for a §r§fmore...open§r§f concept.
19:05:07 [allowed] §9Party §8> §a[VIP] Flamingo130§f: §rtrap cleared
19:05:08 [allowed] §b[MVP§r§9+§r§b] Sebbebas§r§f §r§ehas obtained §r§a§r§9Superboom TNT§r§e!
19:05:08 [allowed] §b[MVP§r§9+§r§b] Sebbebas§r§f §r§ehas obtained §r§a§r§dBlessing of Life§r§e!
19:05:08 [allowed] §6§lDUNGEON BUFF! §r§fYou found a §r§dBlessing of Life V§r§f! (§r§a56s§r§f)
19:05:08 [allowed]      §r§7Granted you §r§a§r§a+1.23x HP §r§7and §r§a§r§a+1.23x §r§c❣ Health Regen§r§7.
19:05:11 [allowed] §cYour Kill Combo has expired! You reached a 36 Kill Combo!
19:05:11 [allowed] §cThere are blocks in the way!
19:05:11 [allowed] §c[BOSS] The Watcher§r§f: Plus I needed to give my new friends some space to roam...
19:05:12 [allowed] §cThere are blocks in the way!
19:05:13 [allowed] §e§lTank Milestone §r§e❼§r§7: You have tanked and dealt §r§c90,000,000§r§7 Total Damage so far! §r§a01m 01s
19:05:16 [allowed] §a§l+5 Kill Combo §r§8§r§b+3✯ Magic Find
19:05:16 [allowed] §aCzmbo §r§ffound a §r§dWither Essence§r§f! Everyone gains an extra essence!
19:05:17 [allowed] §c[BOSS] The Watcher§r§f: You'll do.
19:05:17 [allowed] Unknown command. Type "/help" for help. ('uhfdsolguhkjdjfhgkjhdfdlgkjhldkjhlkjhsldkjfhldshkjf')
19:05:20 [allowed] §c[BOSS] The Watcher§r§f: This guy looks like a fighter.
19:05:20 [allowed] §e§lTank Milestone §r§e❽§r§7: You have tanked and dealt §r§c112,500,000§r§7 Total Damage so far! §r§a01m 08s
19:05:21 [allowed] §a§l+10 Kill Combo §r§8+§r§610 §r§7coins per kill
19:05:23 [allowed] §c[BOSS] The Watcher§r§f: Go and live again!
19:05:24 [allowed] §7A Crypt Wither Skull exploded, hitting you for §r§c26,400§r§7 damage.
19:05:24 [allowed] §e§lTank Milestone §r§e❾§r§7: You have tanked and dealt §r§c135,000,000§r§7 Total Damage so far! §r§a01m 12s
19:05:24 [allowed] §9§l+15 Kill Combo §r§8§r§b+3✯ Magic Find
19:05:26 [allowed] §c[BOSS] The Watcher§r§f: Let's see how you can handle this.
19:05:30 [allowed] §a[VIP§r§6+§r§a] Czmbo§r§f §r§ehas obtained §r§a§r§9Superboom TNT§r§e!
19:05:31 [allowed] §cYour Kill Combo has expired! You reached a 18 Kill Combo!
19:05:32 [allowed] §c[BOSS] The Watcher§r§f: Go and live again!
19:05:35 [allowed] §6Castle of Stone§r§a is ready to use! Press §r§6§lDROP§r§a to activate it!
19:05:37 [allowed] §a[VIP§r§6+§r§a] Czmbo§r§f §r§ehas obtained §r§a§r§dBlessing of Life§r§e!
19:05:37 [allowed] §6§lDUNGEON BUFF! §r§aCzmbo §r§ffound a §r§dBlessing of Life V§r§f! (§r§a01m 24s§r§f)
19:05:37 [allowed]      §r§7Granted you §r§a§r§a+1.23x HP §r§7and §r§a§r§a+1.23x §r§c❣ Health Regen§r§7.
19:05:37 [allowed] §a[VIP§r§6+§r§a] Czmbo§r§f §r§ehas obtained §r§a§r§9Superboom TNT§r§e!
19:05:38 [allowed] §c[BOSS] The Watcher§r§f: You'll do.
19:05:40 [allowed] §cThere are blocks in the way!
19:05:44 [allowed] §a§l+5 Kill Combo §r§8§r§b+3✯ Magic Find
19:05:46 [allowed] §a§l+10 Kill Combo §r§8+§r§610 §r§7coins per kill
19:05:49 [allowed] §b[MVP§r§9+§r§b] Sebbebas§r§f §r§ehas obtained §r§a§r§9Superboom TNT§r§e!
19:05:49 [allowed] §b[MVP§r§9+§r§b] Sebbebas§r§f §r§ehas obtained §r§a§r§dBlessing of Stone§r§e!
19:05:49 [allowed] §6§lDUNGEON BUFF! §r§fYou found a §r§dBlessing of Stone V§r§f! (§r§a01m 37s§r§f)
19:05:49 [allowed]      §r§7Granted you §r§a§r§a+30§r§7 & §r§a+1.15x §r§a❈ Defense §r§7and §r§a+36 §r§c❁ Damage§r§7.
19:05:51 [allowed] §4[STATUE] Oruo the Omniscient§r§f: §r§fI am §r§4Oruo the Omniscient§r§f. I have lived many lives. I have learned all there is to know.
19:05:52 [allowed] §c[BOSS] The Watcher§r§f: Go and live again!
19:05:52 [allowed] §b[MVP§r§2+§r§b] Minh_VN§r§f §r§ehas obtained §r§a§r§6Fierce Skeleton Soldier Helmet§r§e!
19:05:53 [allowed] §4[STATUE] Oruo the Omniscient§r§f: §r§fThough I sit stationary in this prison that is §r§cThe Catacombs§r§f, my knowledge knows no bounds.
19:05:55 [allowed] §c[BOSS] The Watcher§r§f: Go, fight!
19:05:55 [allowed] §cYour Kill Combo has expired! You reached a 13 Kill Combo!
19:05:55 [allowed] §4[STATUE] Oruo the Omniscient§r§f: §r§fProve your knowledge by answering 3 questions and I shall reward you in ways that transcend time!
19:05:57 [allowed] §4[STATUE] Oruo the Omniscient§r§f: §r§fAnswer incorrectly, and your moment of ineptitude will live on for generations.
19:05:57 [allowed] §6§lDUNGEON BUFF! §r§bMinh_VN §r§ffound a §r§dBlessing of Power I§r§f!
19:05:57 [allowed]      §r§7Granted you §r§a§r§a+6§r§7 & §r§a+1.03x §r§c❁ Strength§r§7.
19:05:57 [allowed]      §r§7Also granted you §r§a§r§a+6§r§7 & §r§a+1.03x §r§9☠ Crit Damage§r§7.
19:05:58 [allowed] §cThere are blocks in the way!
19:05:59 [allowed] §cThere are blocks in the way!
19:05:59 [allowed] §f                                §r§6§lQuestion #1
19:05:59 [allowed] §f      §r§6Which villager in the Village gives you a Rogue Sword?
19:05:59 [allowed]     §r§6 ⓐ §cFelix
19:05:59 [allowed]     §r§6 ⓑ §aJamie
19:05:59 [allowed]     §r§6 ⓒ §cJack
19:06:02 [allowed] §cThere are blocks in the way!
19:06:03 [allowed] §aCzmbo §r§ffound a §r§dWither Essence§r§f! Everyone gains an extra essence!
19:06:04 [allowed] §4[STATUE] Oruo the Omniscient§r§f: §r§aFlamingo130 §r§aanswered §r§6Question #1 §r§acorrectly!
19:06:04 [allowed] §7A Crypt Wither Skull exploded, hitting you for §r§c26,400§r§7 damage.
19:06:05 [allowed] §cThere are blocks in the way!
19:06:05 [allowed] §6Castle of Stone§r§a is ready to use! Press §r§6§lDROP§r§a to activate it!
19:06:05 [allowed] §cThere are blocks in the way!
19:06:05 [allowed] §a[VIP§r§6+§r§a] JeffiTheWolf§r§f §r§ehas obtained §r§a§r§9Superboom TNT§r§e!
19:06:06 [allowed] §4[STATUE] Oruo the Omniscient§r§f: §r§f2 questions left... Then you will have proven your worth to me!
19:06:07 [allowed] §c[BOSS] The Watcher§r§f: This guy looks like a fighter.
19:06:07 [allowed] §cThere are blocks in the way!
19:06:08 [allowed] §f                                §r§6§lQuestion #2
19:06:08 [allowed] §f          §r§6How many Fairy Souls are there in Dungeon Hub?
19:06:08 [allowed]     §r§6 ⓐ §c3 Fairy Souls
19:06:08 [allowed]     §r§6 ⓑ §c11 Fairy Souls
19:06:08 [allowed]     §r§6 ⓒ §a7 Fairy Souls
19:06:12 [allowed] §4[STATUE] Oruo the Omniscient§r§f: §r§aFlamingo130 §r§aanswered §r§6Question #2 §r§acorrectly!
19:06:14 [allowed] §cThere are blocks in the way!
19:06:14 [allowed] §cThere are blocks in the way!
19:06:14 [allowed] §4[STATUE] Oruo the Omniscient§r§f: §r§fOne more question!
19:06:15 [allowed] §cThere are blocks in the way!
19:06:15 [allowed] §cThere are blocks in the way!
19:06:16 [allowed] §f                                §r§6§lQuestion #3
19:06:16 [allowed] §f                  §r§6How many unique minions are there?
19:06:16 [allowed]     §r§6 ⓐ §c56 Minions
19:06:16 [allowed]     §r§6 ⓑ §c62 Minions
19:06:16 [allowed]     §r§6 ⓒ §a59 Minions
19:06:17 [allowed] §cThere are blocks in the way!
19:06:17 [allowed] §cThere are blocks in the way!
19:06:18 [allowed] §cThere are blocks in the way!
19:06:18 [allowed] §cThere are blocks in the way!
19:06:20 [allowed] Unknown command. Type "/help" for help. ('uhfdsolguhkjdjfhgkjhdfdlgkjhldkjhlkjhsldkjfhldshkjf')
19:06:20 [allowed] §7A Crypt Wither Skull exploded, hitting you for §r§c26,400§r§7 damage.
19:06:20 [allowed] §7A Crypt Wither Skull exploded, hitting you for §r§c26,400§r§7 damage.
19:06:20 [allowed] §6§lESSENCE! §r§aCzmbo §r§ffound §r§bx10 Diamond Essence§r§f!
19:06:20 [allowed] §7A Crypt Wither Skull exploded, hitting you for §r§c26,400§r§7 damage.
19:06:21 [allowed] §4[STATUE] Oruo the Omniscient§r§f: §r§aFlamingo130 §r§aanswered the final question correctly!
19:06:21 [allowed] §c[BOSS] The Watcher§r§f: That will be enough for now.
19:06:22 [allowed] §4[STATUE] Oruo the Omniscient§r§f: §r§fI bestow upon you all the power of a hundred years!
19:06:23 [allowed] §6§lDUNGEON BUFF! §r§aFlamingo130 §r§ffound a §r§dBlessing of Time V§r§f!
19:06:23 [allowed]      §r§7Granted you §r§a§r§a+30§r§7 & §r§a+1.15x HP§r§7, §r§a§r§a+30§r§7 & §r§a+1.15x §r§a❈ Defense§r§7, §r§a§r§a+30§r§7 & §r§a+1.15x §r§b✎ Intelligence§r§7, and §r§a§r§a+30§r§7 & §r§a+1.15x §r§c❁ Strength§r§7.
19:06:24 [allowed] §a§l+5 Kill Combo §r§8§r§b+3✯ Magic Find
19:06:28 [allowed] §cThere are blocks in the way!
19:06:28 [allowed] §cThere are blocks in the way!
19:06:29 [allowed] §cThere are blocks in the way!
19:06:29 [allowed] §cYou hear the sound of something opening...
19:06:29 [allowed] §6§lDUNGEON BUFF! §r§bMinh_VN §r§ffound a §r§dBlessing of Stone II§r§f!
19:06:29 [allowed]      §r§7Granted you §r§a§r§a+12§r§7 & §r§a+1.06x §r§a❈ Defense §r§7and §r§a+14.4 §r§c❁ Damage§r§7.
19:06:34 [allowed] §cYour Kill Combo has expired! You reached a 7 Kill Combo!
19:06:35 [allowed] §6Castle of Stone§r§a is ready to use! Press §r§6§lDROP§r§a to activate it!
19:06:36 [allowed] §6§lDUNGEON BUFF! §r§bMinh_VN §r§ffound a §r§dBlessing of Life I§r§f!
19:06:36 [allowed]      §r§7Granted you §r§a§r§a+1.04x HP §r§7and §r§a§r§a+1.04x §r§c❣ Health Regen§r§7.
19:06:39 [allowed] §6§lDUNGEON BUFF! §r§aCzmbo §r§ffound a §r§dBlessing of Life II§r§f!
19:06:39 [allowed]      §r§7Granted you §r§a§r§a+1.09x HP §r§7and §r§a§r§a+1.09x §r§c❣ Health Regen§r§7.
19:06:39 [allowed] §9Party §8> §a[VIP§6+§a] JeffiTheWolf§f: §rmb term arrow
19:06:42 [allowed] §9Party §8> §a[VIP] Flamingo130§f: §rsame
19:06:43 [allowed] §cThere are blocks in the way!
19:06:46 [allowed] §cThere are blocks in the way!
19:06:50 [allowed] §6§lDUNGEON BUFF! §r§fYou found a §r§dBlessing of Power I§r§f!
19:06:50 [allowed]      §r§7Granted you §r§a§r§a+6§r§7 & §r§a+1.03x §r§c❁ Strength§r§7.
19:06:50 [allowed]      §r§7Also granted you §r§a§r§a+6§r§7 & §r§a+1.03x §r§9☠ Crit Damage§r§7.
19:06:53 [allowed] §cThere are blocks in the way!
19:06:53 [allowed] §cThere are blocks in the way!
19:06:55 [allowed] §cThere are blocks in the way!
19:06:57 [allowed] §6§lDUNGEON BUFF! §r§aFlamingo130 §r§ffound a §r§dBlessing of Stone I§r§f!
19:06:57 [allowed]      §r§7Granted you §r§a§r§a+6§r§7 & §r§a+1.03x §r§a❈ Defense §r§7and §r§a+7.2 §r§c❁ Damage§r§7.
19:06:57 [allowed] §9Party §8> §a[VIP§6+§a] Czmbo§f: §rSkytils-SC > Your buy order for 270x S has filled!
19:06:58 [allowed] §a[VIP§r§6+§r§a] JeffiTheWolf§r§f §r§ehas obtained §r§a§r§dBlessing of Power§r§e!
19:06:58 [allowed] §6§lDUNGEON BUFF! §r§aJeffiTheWolf §r§ffound a §r§dBlessing of Power V§r§f! (§r§a02m 46s§r§f)
19:06:58 [allowed]      §r§7Granted you §r§a§r§a+30§r§7 & §r§a+1.15x §r§c❁ Strength§r§7.
19:06:58 [allowed]      §r§7Also granted you §r§a§r§a+30§r§7 & §r§a+1.15x §r§9☠ Crit Damage§r§7.
19:06:58 [allowed] §a[VIP§r§6+§r§a] JeffiTheWolf§r§f §r§ehas obtained §r§a§r§9Superboom TNT§r§e!
19:07:03 [allowed] §6§lDUNGEON BUFF! §r§aFlamingo130 §r§ffound a §r§dBlessing of Life V§r§f!
19:07:03 [allowed]      §r§7Granted you §r§a§r§a+1.23x HP §r§7and §r§a§r§a+1.23x §r§c❣ Health Regen§r§7.
19:07:05 [allowed] §6Castle of Stone§r§a is ready to use! Press §r§6§lDROP§r§a to activate it!
19:07:07 [allowed] §a[VIP§r§6+§r§a] JeffiTheWolf§r§f §r§ehas obtained §r§a§r§9Premium Flesh§r§e!
19:07:08 [allowed] §cThere are blocks in the way!
19:07:09 [allowed] §cThere are blocks in the way!
19:07:09 [allowed] §cThere are blocks in the way!
19:07:09 [allowed] §cThere are blocks in the way!
19:07:10 [allowed] §cThere are blocks in the way!
19:07:11 [allowed] §aYou used your §r§6Mining Speed Boost §r§aPickaxe Ability!
19:07:11 [allowed] §cThis chest has already been searched!
19:07:12 [allowed] §cThis ability is on cooldown for 120s.
19:07:17 [allowed] §cThere are blocks in the way!
19:07:17 [allowed] §cThere are blocks in the way!
19:07:17 [allowed] §cThere are blocks in the way!
19:07:22 [allowed] §cThere are blocks in the way!
19:07:22 [allowed] §cThere are blocks in the way!
19:07:22 [allowed] §cThere are blocks in the way!
19:07:23 [allowed] §cThere are blocks in the way!
19:07:23 [allowed] §cThere are blocks in the way!
19:07:23 [allowed] §cThere are blocks in the way!
19:07:23 [allowed] §cThere are blocks in the way!
19:07:32 [allowed] §cYour Mining Speed Boost has expired!
19:07:32 [allowed] §c[BOSS] The Watcher§r§f: Not bad.
19:07:33 [allowed] §6§lDUNGEON BUFF! §r§aCzmbo §r§ffound a §r§dBlessing of Life II§r§f!
19:07:33 [allowed]      §r§7Granted you §r§a§r§a+1.09x HP §r§7and §r§a§r§a+1.09x §r§c❣ Health Regen§r§7.
19:07:34 [allowed] §c[BOSS] The Watcher§r§f: That one was weak anyway.
19:07:36 [allowed] §6Castle of Stone§r§a is ready to use! Press §r§6§lDROP§r§a to activate it!
19:07:36 [allowed] §c[BOSS] The Watcher§r§f: That one was weak anyway.
19:07:37 [allowed] Unknown command. Type "/help" for help. ('uhfdsolguhkjdjfhgkjhdfdlgkjhldkjhlkjhsldkjfhldshkjf')
19:07:38 [allowed] §c[BOSS] The Watcher§r§f: Aw, I liked that one.
19:07:41 [allowed] §c[BOSS] The Watcher§r§f: Very nice.
19:07:43 [allowed] §c[BOSS] The Watcher§r§f: I'm impressed.
19:07:45 [allowed] §c[BOSS] The Watcher§r§f: You have proven yourself. You may pass.
19:07:50 [allowed] §cThere are blocks in the way!
19:07:50 [allowed] §a[VIP] Flamingo130§r§f §r§ehas obtained §r§a§r§dBlessing of Life§r§e!
19:07:50 [allowed] §6§lDUNGEON BUFF! §r§aFlamingo130 §r§ffound a §r§dBlessing of Life V§r§f! (§r§a03m 38s§r§f)
19:07:50 [allowed]      §r§7Granted you §r§a§r§a+1.23x HP §r§7and §r§a§r§a+1.23x §r§c❣ Health Regen§r§7.
19:07:51 [allowed] §a[VIP] Flamingo130§r§f §r§ehas obtained §r§a§r§dBlessing of Power§r§e!
19:07:51 [allowed] §6§lDUNGEON BUFF! §r§aFlamingo130 §r§ffound a §r§dBlessing of Power V§r§f! (§r§a03m 39s§r§f)
19:07:51 [allowed]      §r§7Granted you §r§a§r§a+30§r§7 & §r§a+1.15x §r§c❁ Strength§r§7.
19:07:51 [allowed]      §r§7Also granted you §r§a§r§a+30§r§7 & §r§a+1.15x §r§9☠ Crit Damage§r§7.
19:07:52 [allowed] §cThere are blocks in the way!
19:07:54 [allowed] §4[BOSS] Maxor§r§c: §r§cWELL! WELL! WELL! LOOK WHO'S HERE!
19:07:57 [allowed] §4[BOSS] Maxor§r§c: §r§cI'VE BEEN TOLD I COULD HAVE A BIT OF FUN WITH YOU.
19:08:00 [allowed] §4[BOSS] Maxor§r§c: §r§cDON'T DISAPPOINT ME, I HAVEN'T HAD A GOOD FIGHT IN A WHILE.
19:08:00 [allowed] §aCzmbo§r§a picked up an §r§bEnergy Crystal§r§a!
19:08:02 [allowed] §c1§r§a/2 Energy Crystals are now active!
19:08:06 [allowed] §7Your Giant's Sword hit §r§c14 §r§7enemies for §r§c26,447,292 §r§7damage.
19:08:07 [allowed] §6Castle of Stone§r§a is ready to use! Press §r§6§lDROP§r§a to activate it!
19:08:10 [allowed] §7Maxor's Wither TNT hit you for §r§c8000.0§r§7 damage.
19:08:13 [allowed] §4[BOSS] Maxor§r§c: §r§cI HOPE YOU LIKE EXPLOSIONS TOO!
19:08:15 [allowed] §7A Crypt Wither Skull exploded, hitting you for §r§c21,600§r§7 damage.
19:08:15 [allowed] §7A Crypt Wither Skull exploded, hitting you for §r§c21,600§r§7 damage.
19:08:15 [allowed] §7A Crypt Wither Skull exploded, hitting you for §r§c21,600§r§7 damage.
19:08:16 [allowed] §bMinh_VN§r§a picked up an §r§bEnergy Crystal§r§a!
19:08:16 [allowed] §7Maxor's Wither TNT hit you for §r§c8000.0§r§7 damage.
19:08:16 [allowed] §cMaxor's§r§7 Shadow Wave hit you for §r§c2,000§r§7 damage.
19:08:18 [allowed] §a2§r§a/2 Energy Crystals are now active!
19:08:20 [allowed] §aThe Energy Laser is charging up!
19:08:20 [allowed] §4[BOSS] Maxor§r§c: §r§cEat Wither Skulls, scum!
19:08:21 [allowed] §7Maxor's Wither TNT hit you for §r§c8000.0§r§7 damage.
19:08:22 [allowed] §7A Crypt Wither Skull exploded, hitting you for §r§c21,600§r§7 damage.
19:08:22 [allowed] §7A Crypt Wither Skull exploded, hitting you for §r§c21,600§r§7 damage.
19:08:22 [allowed] §7A Crypt Wither Skull exploded, hitting you for §r§c21,600§r§7 damage.
19:08:22 [allowed] §a§l+5 Kill Combo §r§8§r§b+3✯ Magic Find
19:08:28 [allowed] §cThis ability is on cooldown for 8s.
19:08:29 [allowed] §4[BOSS] Maxor§r§c: §r§cYOU TRICKED ME!
19:08:29 [allowed] §7A Crypt Wither Skull exploded, hitting you for §r§c21,600§r§7 damage.
19:08:29 [allowed] §7A Crypt Wither Skull exploded, hitting you for §r§c21,600§r§7 damage.
19:08:29 [allowed] §7A Crypt Wither Skull exploded, hitting you for §r§c21,600§r§7 damage.
19:08:29 [allowed] §c ☠ §r§7§r§aFlamingo130§r§7 burned to death and became a ghost§r§7.
19:08:30 [allowed] §7A Crypt Wither Skull exploded, hitting you for §r§c21,600§r§7 damage.
19:08:30 [allowed] §cYour Kill Combo has expired! You reached a 5 Kill Combo!
19:08:30 [allowed] §a ❣ §r§7§r§aFlamingo130 §r§7is reviving §r§aFlamingo130§r§7!
19:08:31 [allowed] §aCzmbo§r§a picked up an §r§bEnergy Crystal§r§a!
19:08:33 [allowed] §7A Crypt Wither Skull exploded, hitting you for §r§c21,600§r§7 damage.
19:08:33 [allowed] §7A Crypt Wither Skull exploded, hitting you for §r§c21,600§r§7 damage.
19:08:33 [allowed] §c1§r§a/2 Energy Crystals are now active!
19:08:34 [allowed] §cThis ability is on cooldown for 2s.
19:08:35 [allowed] §cThis ability is on cooldown for 2s.
19:08:36 [allowed] §a ❣ §r§7§r§aFlamingo130§r§a was revived by §r§aFlamingo130§r§a!
19:08:37 [allowed] §6Castle of Stone§r§a is ready to use! Press §r§6§lDROP§r§a to activate it!
19:08:39 [allowed] §aFlamingo130's §r§6Wish §r§ehealed you for §r§a0 §r§ehealth and granted you an absorption shield with §r§a28,059 §r§ehealth!
19:08:41 [allowed] §c⚠ Maxor is enraged! ⚠
19:08:41 [allowed] §cMaxor's§r§7 Frenzy hit you for §r§c27,883.1§r§7 damage.
19:08:41 [allowed] §cMaxor's§r§7 Frenzy hit you for §r§c33,668.6§r§7 damage.
19:08:41 [allowed] §cMaxor's§r§7 Shadow Wave hit you for §r§c2,000§r§7 damage.
19:08:41 [allowed] §cMaxor's§r§7 Shadow Wave hit you for §r§c2,000§r§7 damage.
19:08:42 [allowed] §cMaxor's§r§7 Frenzy hit you for §r§c38,216§r§7 damage.
19:08:42 [allowed] §4[BOSS] Maxor§r§c: §r§cHow about you taste some rapid fire Wither Skulls!
19:08:42 [allowed] §cMaxor's§r§7 Frenzy hit you for §r§c43,129.3§r§7 damage.
19:08:42 [allowed] §cMaxor's§r§7 Frenzy hit you for §r§c40,824§r§7 damage.
19:08:43 [allowed] §7A Crypt Wither Skull exploded, hitting you for §r§c21,600§r§7 damage.
19:08:43 [allowed] §cMaxor's§r§7 Frenzy hit you for §r§c34,987.6§r§7 damage.
19:08:43 [allowed] §7Maxor's Wither TNT hit you for §r§c8000.0§r§7 damage.
19:08:43 [allowed] §cThis ability is on cooldown for 28s.
19:08:43 [allowed] §cMaxor's§r§7 Frenzy hit you for §r§c16,182.9§r§7 damage.
19:08:43 [allowed] §aCzmbo§r§a picked up an §r§bEnergy Crystal§r§a!
19:08:44 [allowed] §cMaxor's§r§7 Frenzy hit you for §r§c2,429.8§r§7 damage.
19:08:44 [allowed] §cMaxor's§r§7 Frenzy hit you for §r§c7,477.2§r§7 damage.
19:08:45 [allowed] §cMaxor's§r§7 Frenzy hit you for §r§c9,485.5§r§7 damage.
19:08:45 [allowed] §cMaxor's§r§7 Frenzy hit you for §r§c8,992.4§r§7 damage.
19:08:46 [allowed] §cMaxor's§r§7 Frenzy hit you for §r§c34,598.3§r§7 damage.
19:08:46 [allowed] §cMaxor's§r§7 Frenzy hit you for §r§c2,429.8§r§7 damage.
19:08:47 [allowed] §a2§r§a/2 Energy Crystals are now active!
19:08:47 [allowed] §cMaxor's§r§7 Frenzy hit you for §r§c2,429.8§r§7 damage.
19:08:47 [allowed] §cMaxor's§r§7 Frenzy hit you for §r§c2,429.8§r§7 damage.
19:08:48 [allowed] §aThe Energy Laser is charging up!
19:08:48 [allowed] §4[BOSS] Maxor§r§c: §r§cTHAT BEAM! IT HURTS! IT HURTS!!
19:08:52 [allowed] §7A Crypt Wither Skull exploded, hitting you for §r§c21,600§r§7 damage.
19:08:53 [allowed] §4[BOSS] Maxor§r§c: §r§cI'M TOO YOUNG TO DIE AGAIN!
19:08:54 [allowed] §4[BOSS] Storm§r§c: §r§cPathetic Maxor, just like expected.
19:08:57 [allowed] §4[BOSS] Storm§r§c: §r§cDon't boast about beating this simple-minded Wither.
19:09:00 [allowed] §cStorm's§r§7 Lightning Fireball hit you for §r§c5,076.1§r§7 true damage.
19:09:00 [allowed] §cStorm's§r§7 Static Field hit you for §r§c12,000§r§7 damage.
19:09:01 [allowed] §4[BOSS] Storm§r§c: §r§cMy abilities are unparalleled, in many ways I am the last bastion.
19:09:02 [allowed] §eYour previous §r§5Overflux Power Orb §r§ewas removed!
19:09:04 [allowed] §4[BOSS] Storm§r§c: §r§cThe memory of your death will be your fondest, focus up!
19:09:05 [allowed] §7A Crypt Wither Skull exploded, hitting you for §r§c21,600§r§7 damage.
19:09:06 [allowed] §7A Crypt Wither Skull exploded, hitting you for §r§c21,600§r§7 damage.
19:09:08 [allowed] §6Castle of Stone§r§a is ready to use! Press §r§6§lDROP§r§a to activate it!
19:09:09 [allowed] §cStorm's§r§7 Lightning Fireball hit you for §r§c5,118.2§r§7 true damage.
19:09:09 [allowed] §cStorm's§r§7 Static Field hit you for §r§c12,000§r§7 damage.
19:09:12 [allowed] §cStorm's§r§7 Lightning Fireball hit you for §r§c5,067.6§r§7 true damage.
19:09:12 [allowed] §cStorm's§r§7 Static Field hit you for §r§c12,000§r§7 damage.
19:09:14 [allowed] §a§r§6Mining Speed Boost §r§ais now available!
19:09:16 [allowed] §4[BOSS] Storm§r§c: §r§cThe power of lightning is quite phenomenal. A single strike can vaporize a person whole.
19:09:16 [allowed] §cStorm's§r§7 Lightning Fireball hit you for §r§c5,153§r§7 true damage.
19:09:17 [allowed] §cStorm's§r§7 Static Field hit you for §r§c12,000§r§7 damage.
19:09:19 [allowed] §4[BOSS] Storm§r§c: §r§cI'd be happy to show you what that's like!
19:09:22 [allowed] §4[BOSS] Storm§r§c: §r§cENERGY HEED MY CALL!
19:09:38 [allowed] §6Castle of Stone§r§a is ready to use! Press §r§6§lDROP§r§a to activate it!
19:09:39 [allowed] §4[BOSS] Storm§r§c: §r§cThe days are numbered until I am finally unleashed again on the world!
19:09:39 [allowed] §cStorm's§r§7 Shadow Wave hit you for §r§c2,000§r§7 damage.
19:09:44 [allowed] §9Party §8> §a[VIP] Flamingo130§f: §rleap when done
19:09:53 [allowed] §dCreeper Veil §r§aActivated!
19:09:54 [allowed] §dCreeper Veil §r§cDe-activated!
19:10:04 [allowed] §dCreeper Veil §r§aActivated!
19:10:09 [allowed] §6Castle of Stone§r§a is ready to use! Press §r§6§lDROP§r§a to activate it!
19:10:09 [allowed] §cNot enough mana! §r§dCreeper Veil §r§cDe-activated!
19:10:15 [allowed] §4[BOSS] Storm§r§c: §r§cOuch, that hurt!
19:10:18 [allowed] §c⚠ Storm is enraged! ⚠
19:10:25 [allowed] §4[BOSS] Storm§r§c: §r§cThis factory is too small for me!
19:10:32 [allowed] §9§m-----------------------------------------------------
19:10:32 [allowed] §a[VIP§r§6+§r§a] Czmbo §r§ehas disbanded the party!
19:10:32 [allowed] §9§m-----------------------------------------------------
19:10:33 [allowed] §4[BOSS] Storm§r§c: §r§cOof
19:10:36 [allowed] §4[BOSS] Storm§r§c: §r§cI should have known that I stood no chance.
19:10:39 [allowed] §4[BOSS] Storm§r§c: §r§cAt least my son died by your hands.
19:10:39 [allowed] §aYou have teleported to §r§aFlamingo130§r§a!
19:10:39 [allowed] §6Castle of Stone§r§a is ready to use! Press §r§6§lDROP§r§a to activate it!
19:10:41 [allowed] §4[BOSS] Goldor§r§c: §r§cWho dares trespass into my domain?
19:10:41 [allowed] §aFlamingo130 §r§eformed a tether with you!
19:10:43 [allowed] §4[BOSS] Goldor§r§c: §r§cLittle ants, plotting and scheming, thinking they are invincible…
19:10:45 [allowed] §bSebbebas§r§a activated a lever! (§r§c1§r§a/7)
19:10:46 [allowed] §4[BOSS] Goldor§r§c: §r§cI won't let you break the factory core, I gave my life to my Master.
19:10:47 [allowed] §cThis ability is on cooldown for 1s.
19:10:47 [allowed] §cThis ability is on cooldown for 1s.
19:10:47 [allowed] §cThis ability is on cooldown for 1s.
19:10:47 [allowed] §aCzmbo§r§a activated a terminal! (§r§c2§r§a/7)
19:10:47 [allowed] §bSebbebas§r§a activated a lever! (§r§c3§r§a/7)
19:10:49 [allowed] §dCreeper Veil §r§aActivated!
19:10:49 [allowed] §4[BOSS] Goldor§r§c: §r§cNo one matches me in close quarters.
19:10:50 [allowed] §dCreeper Veil §r§cDe-activated!
19:10:52 [allowed] §4[BOSS] Goldor§r§c: §r§cCLOSER!
19:10:56 [allowed] §aYou sold §r§fStone Button§r§8 x1 §r§afor §r§61 Coin§r§a!
19:10:57 [allowed] §bMinh_VN§r§a activated a terminal! (§r§c4§r§a/7)
19:11:02 [allowed] §aFlamingo130§r§a completed a device! (§r§c5§r§a/7)
19:11:02 [allowed] §aJeffiTheWolf§r§a activated a terminal! (§r§c6§r§a/7)
19:11:05 [allowed] §aCzmbo§r§a activated a terminal! (§r§c7§r§a/7)
19:11:05 [allowed] §aThe gate will open in 5 seconds!
19:11:09 [allowed] §6Castle of Stone§r§a is ready to use! Press §r§6§lDROP§r§a to activate it!
19:11:11 [allowed] §aThe gate has been destroyed!
19:11:11 [allowed] §4[BOSS] Goldor§r§c: §r§cYOUR END IS NEAR!!
19:11:18 [allowed] §aFlamingo130§r§a completed a device! (§r§c1§r§a/8)
19:11:22 [allowed] §aFlamingo130§r§a activated a lever! (§r§c2§r§a/8)
19:11:24 [allowed] §aFlamingo130§r§a activated a lever! (§r§c3§r§a/8)
19:11:28 [allowed] §aJeffiTheWolf§r§a activated a terminal! (§r§c4§r§a/8)
19:11:28 [allowed] §dCreeper Veil §r§aActivated!
19:11:29 [allowed] §aThe gate has been destroyed!
19:11:30 [allowed] §dCreeper Veil §r§cDe-activated!
19:11:30 [allowed] §aCzmbo§r§a activated a terminal! (§r§c5§r§a/8)
19:11:33 [allowed] §bMinh_VN§r§a activated a terminal! (§r§c6§r§a/8)
19:11:33 [allowed] §4[BOSS] Goldor§r§c: §r§cCLOSER!
19:11:36 [allowed] §cAlready selected!
19:11:37 [allowed] §bSebbebas§r§a activated a terminal! (§r§c7§r§a/8)
19:11:37 [allowed] §4[BOSS] Goldor§r§c: §r§cYou can't damage me, you can barely slow me down!
19:11:39 [allowed] §aYou have teleported to §r§aFlamingo130§r§a!
19:11:40 [allowed] §6Castle of Stone§r§a is ready to use! Press §r§6§lDROP§r§a to activate it!
19:11:47 [allowed] §cGoldor's§r§7 Greatsword hit you for §r§c40,000§r§7 damage.
19:11:47 [allowed] §cGoldor's§r§7 Greatsword hit you for §r§c40,000§r§7 damage.
19:11:47 [allowed] §cGoldor's§r§7 Greatsword hit you for §r§c40,000§r§7 damage.
19:11:49 [allowed] §4[BOSS] Goldor§r§c: §r§cYou can't damage me, you can barely slow me down!
19:11:55 [allowed] §dCreeper Veil §r§aActivated!
19:12:00 [allowed] §4[BOSS] Goldor§r§c: §r§cStop touching those terminals!
19:12:02 [allowed] §bSebbebas§r§a activated a terminal! (§r§c8§r§a/8)
19:12:03 [allowed] §dCreeper Veil §r§cDe-activated!
19:12:03 [allowed] §4[BOSS] Goldor§r§c: §r§cI will replace that gate with a stronger one!
19:12:08 [allowed] §2Guild > §r§bLegohjalten §r§eleft.
19:12:10 [allowed] §6Castle of Stone§r§a is ready to use! Press §r§6§lDROP§r§a to activate it!
19:12:12 [allowed] §aFlamingo130§r§a activated a terminal! (§r§c1§r§a/7)
19:12:15 [allowed] §aCzmbo§r§a activated a terminal! (§r§c2§r§a/7)
19:12:19 [allowed] §aFlamingo130§r§a completed a device! (§r§c3§r§a/7)
19:12:23 [allowed] §aCzmbo§r§a activated a terminal! (§r§c4§r§a/7)
19:12:23 [allowed] §bSebbebas§r§a activated a terminal! (§r§c5§r§a/7)
19:12:23 [allowed] §aFlamingo130§r§a activated a lever! (§r§c6§r§a/7)
19:12:25 [allowed] §4[BOSS] Goldor§r§c: §r§cDo you really think we won't repair everything? Your impact will be minuscule!
19:12:26 [allowed] §aFlamingo130§r§a activated a lever! (§r§c7§r§a/7)
19:12:26 [allowed] §aThe gate will open in 5 seconds!
19:12:27 [allowed] §aThe gate has been destroyed!
19:12:28 [allowed] §4[BOSS] Goldor§r§c: §r§cThe little ants have a brain it seems.
19:12:31 [allowed] §dCreeper Veil §r§aActivated!
19:12:33 [allowed] §dCreeper Veil §r§cDe-activated!
19:12:39 [allowed] §bSebbebas§r§a activated a terminal! (§r§c1§r§a/7)
19:12:40 [allowed] §aJeffiTheWolf§r§a activated a terminal! (§r§c2§r§a/7)
19:12:40 [allowed] §6Castle of Stone§r§a is ready to use! Press §r§6§lDROP§r§a to activate it!
19:12:41 [allowed] §aCzmbo§r§a activated a terminal! (§r§c3§r§a/7)
19:12:43 [allowed] §dCreeper Veil §r§aActivated!
19:12:44 [allowed] §aJeffiTheWolf§r§a activated a lever! (§r§c4§r§a/7)
19:12:46 [allowed] §dCreeper Veil §r§cDe-activated!
19:12:52 [allowed] §aJeffiTheWolf§r§a activated a lever! (§r§c5§r§a/7)
19:12:53 [allowed] §aCzmbo§r§a activated a terminal! (§r§c6§r§a/7)
19:12:55 [allowed] §4[BOSS] Goldor§r§c: §r§cYou can't damage me, you can barely slow me down!
19:13:01 [allowed] §4[BOSS] Goldor§r§c: §r§cCloser to me!
19:13:04 [allowed] §bSebbebas§r§a completed a device! (§r§c7§r§a/7)
19:13:04 [allowed] §aThe Core entrance is opening!
19:13:05 [allowed] §4[BOSS] Goldor§r§c: §r§cThere is no stopping me down there!
19:13:09 [allowed] §4[BOSS] Goldor§r§c: §r§cYou have done it, you destroyed the factory…
19:13:11 [allowed] §6Castle of Stone§r§a is ready to use! Press §r§6§lDROP§r§a to activate it!
19:13:12 [allowed] §4[BOSS] Goldor§r§c: §r§cBut you have nowhere to hide anymore!
19:13:15 [allowed] §4[BOSS] Goldor§r§c: §r§cYOU ARE FACE TO FACE WITH GOLDOR!
19:13:21 [allowed] §4[BOSS] Goldor§r§c: §r§c....
19:13:26 [allowed] §4[BOSS] Goldor§r§c: §r§cNecron, forgive me.
19:13:26 [allowed] §4[BOSS] Necron§r§c: §r§cYou went further than any human before, congratulations.
19:13:28 [allowed] §4[BOSS] Necron§r§c: §r§cI'm afraid, your journey ends now.
19:13:31 [allowed] §4[BOSS] Necron§r§c: §r§cGoodbye.
19:13:32 [allowed] §dCreeper Veil §r§aActivated!
19:13:35 [allowed] §4[BOSS] Necron§r§c: §r§cThat's a very impressive trick. I guess I'll have to handle this myself.
19:13:35 [allowed] §cNot enough mana! §r§dCreeper Veil §r§cDe-activated!
19:13:38 [allowed] §4[BOSS] Necron§r§c: §r§cSometimes when you have a problem, you just need to destroy it all and start again.
19:13:38 [allowed] §cNot enough mana! §r§7(Costs 1,018 mana)
19:13:38 [allowed] §aFlamingo130's §r§6Wish §r§ehealed you for §r§a0 §r§ehealth and granted you an absorption shield with §r§a28,059 §r§ehealth!
19:13:39 [allowed] §aUsed §r§6Castle of Stone§r§a!
19:13:42 [allowed] §cYour Ultimate is currently on cooldown for 148 more seconds.
19:13:46 [allowed] §4[BOSS] Necron§r§c: §r§cARGH!
19:13:48 [allowed] §7Your Giant's Sword hit §r§c1 §r§7enemy for §r§c2,226,813 §r§7damage.
19:13:49 [allowed] §4[BOSS] Necron§r§c: §r§cLet's make some space!
19:13:53 [allowed] §4[BOSS] Necron§r§c: §r§cSometimes when you have a problem, you just need to destroy it all and start again.
19:14:00 [allowed] §4[BOSS] Necron§r§c: §r§cARGH!
19:14:03 [allowed] §4[BOSS] Necron§r§c: §r§cAll this, for nothing...
19:14:06 [allowed] §4[BOSS] Necron§r§c: §r§cI understand your words now, my master.
19:14:08 [allowed] §a§l▬▬▬▬▬▬▬▬▬▬▬▬▬▬▬▬▬▬▬▬▬▬▬▬▬▬▬▬▬▬▬▬▬▬▬▬▬▬▬▬▬▬▬▬▬▬▬▬▬▬▬▬▬▬▬▬▬▬▬▬▬▬▬▬
19:14:08 [allowed] §f                        §r§cThe Catacombs §r§8- §r§eFloor VII
19:14:08 [allowed] §f                           §r§fTeam Score: §r§a305 §r§f(§r§b§lS+§r§f)
19:14:08 [allowed] §f     §r§c☠ §r§eDefeated §r§cMaxor, Storm, Goldor, and Necron §r§ein §r§a09m 56s
19:14:08 [allowed] §f                             §6> §e§lEXTRA STATS §6<
19:14:08 [allowed] §f                    §r§8+§r§351,560.2 Catacombs Experience
19:14:08 [allowed] §f                        §r§8+§r§333,021.3 Tank Experience
19:14:08 [allowed] §f                §r§8+§r§38,113 Mage Experience §r§b(Team Bonus)
19:14:08 [allowed] §f               §r§8+§r§38,113 Healer Experience §r§b(Team Bonus)
19:14:08 [allowed] §f               §r§8+§r§38,113 Archer Experience §r§b(Team Bonus)
19:14:08 [allowed] §a§l▬▬▬▬▬▬▬▬▬▬▬▬▬▬▬▬▬▬▬▬▬▬▬▬▬▬▬▬▬▬▬▬▬▬▬▬▬▬▬▬▬▬▬▬▬▬▬▬▬▬▬▬▬▬▬▬▬▬▬▬▬▬▬▬
19:14:08 [allowed] §a§l▬▬▬▬▬▬▬▬▬▬▬▬▬▬▬▬▬▬▬▬▬▬▬▬▬▬▬▬▬▬▬▬▬▬▬▬▬▬▬▬▬▬▬▬▬▬▬▬▬▬▬▬▬▬▬▬▬▬▬▬▬▬▬▬
19:14:08 [allowed] §f                    §r§cThe Catacombs §r§8- §r§eFloor VII Stats
19:14:08 [allowed] §f                           §r§fTeam Score: §r§a305 §r§f(§r§b§lS+§r§f)
19:14:08 [allowed] §f     §r§c☠ §r§eDefeated §r§cMaxor, Storm, Goldor, and Necron §r§ein §r§a09m 56s
19:14:08 [allowed] §f                   §r§fTotal Damage as Tank: §r§a327,726,998
19:14:08 [allowed] §f                             §r§fAlly Healing: §r§a26,766
19:14:08 [allowed] §f                              §r§fEnemies Killed: §r§a95
19:14:08 [allowed] §f                                   §r§fDeaths: §r§c0
19:14:08 [allowed] §f                              §r§fSecrets Found: §r§b7
19:14:08 [allowed] §a§l▬▬▬▬▬▬▬▬▬▬▬▬▬▬▬▬▬▬▬▬▬▬▬▬▬▬▬▬▬▬▬▬▬▬▬▬▬▬▬▬▬▬▬▬▬▬▬▬▬▬▬▬▬▬▬▬▬▬▬▬▬▬▬▬
19:14:18 [allowed] §a[VIP§r§6+§r§a] Czmbo§r§f §r§eunlocked §r§dWither Essence §r§8x35§r§e!
19:14:18 [allowed] §a[VIP§r§6+§r§a] Czmbo§r§f §r§eunlocked §r§dUndead Essence §r§8x61§r§e!
19:14:23 [allowed] §a[VIP] Flamingo130§r§f §r§eunlocked §r§dUndead Essence §r§8x41§r§e!
19:14:23 [allowed] §a[VIP] Flamingo130§r§f §r§eunlocked §r§dWither Essence §r§8x28§r§e!
19:14:23 [allowed]   §r§f§lWOOD CHEST REWARDS
19:14:23 [allowed]     §r§aEnchanted Book (§r§d§lBank I§r§a)
19:14:23 [allowed]     §r§dUndead Essence §r§8x17
19:14:23 [allowed]     §r§dWither Essence §r§8x19
19:14:23 [allowed] §b[MVP§r§9+§r§b] Sebbebas§r§f §r§eunlocked §r§dUndead Essence §r§8x17§r§e!
19:14:24 [allowed] §b[MVP§r§9+§r§b] Sebbebas§r§f §r§eunlocked §r§dWither Essence §r§8x19§r§e!
19:14:28 [allowed] §cCouldn't warp you! Try again later. §r§7(PLAYER_TRANSFER_COOLDOWN)
19:14:28 [allowed] §cCouldn't warp you! Try again later. §r§7(PLAYER_TRANSFER_COOLDOWN)
19:14:28 [allowed] §cCouldn't warp you! Try again later. §r§7(PLAYER_TRANSFER_COOLDOWN)
19:14:29 [allowed] §eYou haven't claimed your §r§6Summer Rewards §r§eyet!
19:14:29 [allowed] §eTalk to the §r§bSummer Sloth §r§ein the §r§aHub!
19:14:29 [allowed] §9§m-----------------------------------------------------
19:14:29 [allowed] §cYou are not in a party right now.
19:14:29 [allowed] §9§m-----------------------------------------------------
19:14:31 [allowed] §cYou are sending commands too fast! Please slow down.
19:14:40 [allowed] §cWhoa! Slow down there!
19:14:41 [allowed] §cWhoa! Slow down there!
19:14:41 [allowed] §cWhoa! Slow down there!
19:14:42 [allowed] §cWhoa! Slow down there!
19:14:42 [allowed] §cWhoa! Slow down there!
19:14:43 [allowed] §5§lEXTRA! §r§a§lDOUBLED SALVAGED ESSENCE:
19:14:43 [allowed]    §r§f15x §r§dUndead Essence§r§f!
19:14:43 [allowed] §aYou salvaged §b10 §aitems for:
19:14:43 [allowed]    §r§f75x §r§dUndead Essence§r§f!
19:14:43 [allowed]    §r§f5x §r§dWither Essence§r§f!
19:14:45 [allowed] §aYou sold §r§4◆ Lava Rune I§r§8 x1 §r§afor §r§61 Coin§r§a!
19:14:45 [allowed] §aYou sold §r§c◆ Blood Rune I§r§8 x1 §r§afor §r§61 Coin§r§a!
19:14:45 [allowed] §aYou sold §r§5Healing VIII Splash Potion§r§8 x1 §r§afor §r§622,833 Coins§r§a!
19:15:10 [allowed] §eYou haven't claimed your §r§6Summer Rewards §r§eyet!
19:15:10 [allowed] §eTalk to the §r§bSummer Sloth §r§ein the §r§aHub!
19:15:12 [allowed] §cYou are sending commands too fast! Please slow down.
19:16:08 [allowed] §5§l✯ §r§eA §r§5Fallen Star §r§ehas crashed at §r§bCliffside Veins§r§e! Nearby ore and Powder drops are amplified!
19:16:12 [allowed] §a§r§6Mining Speed Boost §r§ais now available!
19:16:13 [allowed] §aThe wind has changed direction!
19:16:50 [allowed] §8[§r§2179§r§8] §r§b[MVP§9+§b] Drzymek §7♲§f§r§f: why isnt my night vision working
19:17:00 [allowed] §aThe wind has changed direction!
19:17:40 [allowed] §aThe wind has changed direction!
19:18:04 [allowed] §6The sound of pickaxes clashing against the rock has attracted the attention of the §r§6§lPOWDER GHAST!
19:18:04 [allowed] §eFind the §r§6Powder Ghast§r§e near the §r§bDivan's Gateway§r§e!
19:18:16 [allowed] §aThe wind has changed direction!
19:20:50 [allowed] §aThe wind has changed direction!
19:21:21 [allowed] §aThe wind has changed direction!
19:21:51 [allowed] §aThe wind has changed direction!
19:22:53 [allowed] §aThe wind has changed direction!
19:23:34 [allowed] §a§l▬▬▬▬▬▬▬▬▬▬▬▬▬▬▬▬▬▬▬▬▬▬▬▬▬▬▬▬▬▬▬▬▬▬▬▬▬▬▬▬▬▬▬▬▬▬▬▬▬▬▬▬▬▬▬▬▬▬▬▬▬▬▬▬
19:23:34 [allowed] §f                     §r§9§lGONE WITH THE WIND ENDED!
19:23:34 [allowed] §f                           §r§7Passive Active Event
19:23:34 [allowed] §f     The wind has died down leading to normal mining speeds.
19:23:34 [allowed] §a§l▬▬▬▬▬▬▬▬▬▬▬▬▬▬▬▬▬▬▬▬▬▬▬▬▬▬▬▬▬▬▬▬▬▬▬▬▬▬▬▬▬▬▬▬▬▬▬▬▬▬▬▬▬▬▬▬▬▬▬▬▬▬▬▬
19:24:40 [allowed]  §b⚑ §eThe §bMithril Gourmand §eevent starts in §a20 §eseconds!
 §aClick here §eto teleport to §bGarry §eand prepare!
19:25:00 [allowed] §a§l▬▬▬▬▬▬▬▬▬▬▬▬▬▬▬▬▬▬▬▬▬▬▬▬▬▬▬▬▬▬▬▬▬▬▬▬▬▬▬▬▬▬▬▬▬▬▬▬▬▬▬▬▬▬▬▬▬▬▬▬▬▬▬▬
19:25:00 [allowed] §f                    §r§b§lMITHRIL GOURMAND STARTED!
19:25:00 [allowed] §f                             §r§7Active Mining Event
19:25:00 [allowed] §f    Don Expresso wants some §r§aTasty Mithril §r§ffrom the §r§bRampart's
19:25:00 [allowed] §b§r§f  §r§bQuarry§r§f. Bring §r§c200 §r§f§r§aTasty Mithril §r§fto him at the §r§bDwarven Village§r§f!
19:25:00 [allowed] §f      Bring §r§c10 §r§fpersonally and you'll receive §r§6extra rewards§r§f.
19:25:00 [allowed] §f              Go to §r§bRampart's Quarry §r§7(or talk to Garry)
19:25:00 [allowed] §a§l▬▬▬▬▬▬▬▬▬▬▬▬▬▬▬▬▬▬▬▬▬▬▬▬▬▬▬▬▬▬▬▬▬▬▬▬▬▬▬▬▬▬▬▬▬▬▬▬▬▬▬▬▬▬▬▬▬▬▬▬▬▬▬▬
19:34:35 [allowed] §a§l▬▬▬▬▬▬▬▬▬▬▬▬▬▬▬▬▬▬▬▬▬▬▬▬▬▬▬▬▬▬▬▬▬▬▬▬▬▬▬▬▬▬▬▬▬▬▬▬▬▬▬▬▬▬▬▬▬▬▬▬▬▬▬▬
19:34:35 [allowed] §f                      §r§b§lMITHRIL GOURMAND ENDED!
19:34:35 [allowed] §f                             §r§7Active Mining Event
19:34:35 [allowed] §f                          §r§cYou didn't participate...
19:34:35 [allowed] §a§l▬▬▬▬▬▬▬▬▬▬▬▬▬▬▬▬▬▬▬▬▬▬▬▬▬▬▬▬▬▬▬▬▬▬▬▬▬▬▬▬▬▬▬▬▬▬▬▬▬▬▬▬▬▬▬▬▬▬▬▬▬▬▬▬
19:35:03 [allowed] §bNew day! §r§eYour §r§2Sky Mall §r§ebuff changed!
19:35:03 [allowed] §eNew buff§r§r§r: §r§fGain §r§a+15% §r§fmore Powder while mining.
19:35:44 [allowed] §8[§r§f49§r§8] §r§b[MVP] e0_L§f§r§f: how to i get hotm xp faster
19:36:11 [allowed] §8[§r§3270§r§8] §r§b[MVP§c+§b] CaptMonkeyBall §7♲§f§r§f: depends
19:36:14 [allowed] §8[§r§3270§r§8] §r§b[MVP§c+§b] CaptMonkeyBall §7♲§f§r§f: where u doing the quests
19:36:25 [allowed] §8[§r§f49§r§8] §r§b[MVP] e0_L§f§r§f: mithril
19:36:28 [allowed] §8[§r§3273§r§8] §r§b[MVP§c+§b] CaptMonkeyBall §7♲§f§r§f: heart of the mountain tier 9
19:36:38 [allowed] §8[§r§f49§r§8] §r§b[MVP] e0_L§f§r§f: ?
19:37:15 [allowed] §8[§r§f49§r§8] §r§b[MVP] e0_L§f§r§f: im doing commissions but its so slow
19:37:56 [allowed] §8[§r§b235§r§8] §r§7⸎ §r§b[MVP§3+§b] SuperiOreo§f§r§f: Going for daily comissions whilst powdergrinding the rest of the time is so much better
19:38:41 [allowed] §8[§r§b235§r§8] §r§7⸎ §r§b[MVP§3+§b] SuperiOreo§f§r§f: or are you going for hotm10?
19:38:58 [allowed] §8[§r§f50§r§8] §r§b[MVP] e0_L§f§r§f: for now im just tryna get 7
19:39:16 [allowed] §8[§r§b235§r§8] §r§7⸎ §r§b[MVP§3+§b] SuperiOreo§f§r§f: take 50m and spend it on talismans
19:39:19 [allowed] §8[§r§b235§r§8] §r§7⸎ §r§b[MVP§3+§b] SuperiOreo§f§r§f: wrong chat
19:39:28 [allowed] §8[§r§f50§r§8] §r§b[MVP] e0_L§f§r§f: k
19:39:44 [allowed] §8[§r§f50§r§8] §r§b[MVP] e0_L§f§r§f: but powder grinding does give hotm xp?
19:39:55 [allowed] §8[§r§f50§r§8] §r§b[MVP] e0_L§f§r§f: doesnt
19:42:03 [allowed] §6The sound of pickaxes clashing against the rock has attracted the attention of the §r§6§lPOWDER GHAST!
19:42:03 [allowed] §eFind the §r§6Powder Ghast§r§e near the §r§bDivan's Gateway§r§e!
19:44:03 [allowed] §aFriend > §r§bolleg2 §r§eleft.
19:44:36 [allowed]  §9⚑ §eThe §9Gone with the Wind §eevent starts in §a20 §eseconds!
 §eThis is a passive event! §bIt's happening everywhere in the §bDwarven Mines!
19:44:56 [allowed] §a§l▬▬▬▬▬▬▬▬▬▬▬▬▬▬▬▬▬▬▬▬▬▬▬▬▬▬▬▬▬▬▬▬▬▬▬▬▬▬▬▬▬▬▬▬▬▬▬▬▬▬▬▬▬▬▬▬▬▬▬▬▬▬▬▬
19:44:56 [allowed] §f                   §r§9§lGONE WITH THE WIND STARTED!
19:44:56 [allowed] §f                           §r§7Passive Active Event
19:44:56 [allowed] §f  The cavern is windy today! Mining in the direction of the wind
19:44:56 [allowed] §f§r§f                      will give §r§6+600⸕ Mining Speed§r§f.
19:44:56 [allowed] §a§l▬▬▬▬▬▬▬▬▬▬▬▬▬▬▬▬▬▬▬▬▬▬▬▬▬▬▬▬▬▬▬▬▬▬▬▬▬▬▬▬▬▬▬▬▬▬▬▬▬▬▬▬▬▬▬▬▬▬▬▬▬▬▬▬
19:48:02 [allowed] §aThe wind has changed direction!
19:48:23 [allowed] §2Guild > §r§bLegohjalten §r§ejoined.
19:48:57 [allowed] §aThe wind has changed direction!
19:50:40 [allowed] §aThe wind has changed direction!
19:50:46 [allowed] §2Guild > §r§bLegohjalten §r§eleft.
19:51:11 [allowed] §5§l✯ §r§eA §r§5Fallen Star §r§ehas crashed at §r§bCliffside Veins§r§e! Nearby ore and Powder drops are amplified!
19:51:26 [allowed] §aThe wind has changed direction!
19:52:41 [allowed] §6The sound of pickaxes clashing against the rock has attracted the attention of the §r§6§lPOWDER GHAST!
19:52:41 [allowed] §eFind the §r§6Powder Ghast§r§e near the §r§bCliffside Veins§r§e!
19:53:33 [allowed] §aYou used your §r§6Mining Speed Boost §r§aPickaxe Ability!
19:53:34 [allowed] §cThis ability is on cooldown for 120s.
19:53:54 [allowed] §cYour Mining Speed Boost has expired!
19:54:10 [allowed] §aThe wind has changed direction!
19:54:25 [allowed] §cThere are blocks in the way!
19:54:46 [allowed] §aThe wind has changed direction!
19:54:55 [allowed] §c ☠ §r§7§r§bpawelon10§r§7 was killed by Ghost§r§7§r§7.
19:55:02 [allowed] §bNew day! §r§eYour §r§2Sky Mall §r§ebuff changed!
19:55:02 [allowed] §eNew buff§r§r§r: §r§fReduce Pickaxe Ability cooldown by §r§a20%§r§f.
19:55:17 [allowed] §aThe wind has changed direction!
19:55:36 [allowed] §a§r§6Mining Speed Boost §r§ais now available!
19:56:48 [allowed] §aThe wind has changed direction!
19:57:48 [allowed] §aThe wind has changed direction!
19:58:19 [allowed] §aThe wind has changed direction!
20:00:50 [allowed] §aThe wind has changed direction!
20:01:21 [allowed] §aThe wind has changed direction!
20:01:49 [allowed] §8Withdrawing coins...
20:01:49 [allowed] §aWithdrew §r§680M coins§r§a! There's now §r§6400M coins §r§aleft in the account!
20:02:46 [allowed] §6[Bazaar] §r§c§r§cThis server is too laggy to use the Bazaar, sorry!
20:02:48 [allowed] §6[Bazaar] §r§c§r§cThis server is too laggy to use the Bazaar, sorry!
20:02:51 [allowed] §eYou haven't claimed your §r§6Summer Rewards §r§eyet!
20:02:51 [allowed] §eTalk to the §r§bSummer Sloth §r§ein the §r§aHub!
20:02:53 [allowed] §cYou are sending commands too fast! Please slow down.
20:02:55 [allowed] §eYou haven't claimed your §r§6Summer Rewards §r§eyet!
20:02:55 [allowed] §eTalk to the §r§bSummer Sloth §r§ein the §r§aHub!
20:02:57 [allowed] §cYou are sending commands too fast! Please slow down.
20:02:58 [allowed] §cYou may only use this command after 4s on the server!
20:02:58 [allowed] §cYou may only use this command after 4s on the server!
20:03:27 [allowed] §6[Bazaar] §r§7Putting goods in escrow...
20:03:27 [allowed] §6[Bazaar] §r§7Submitting buy order...
20:03:27 [allowed] §6[Bazaar] §r§7§r§eBuy Order Setup! §r§a1,296§r§7x §r§5Enchanted Titanium §r§7for §r§625,178,170 coins§r§7.
20:03:55 [allowed] §a§r§6Mining Speed Boost §r§ais now available!
20:04:21 [allowed] §6[Bazaar] §r§7Putting goods in escrow...
20:04:21 [allowed] §6[Bazaar] §r§7Submitting buy order...
20:04:21 [allowed] §6[Bazaar] §r§7§r§eBuy Order Setup! §r§a22,400§r§7x §r§9Enchanted Mithril §r§7for §r§641,556,480 coins§r§7.
20:04:24 [allowed] §8Depositing coins...
20:04:24 [allowed] §aDeposited §r§613M coins§r§a! There's now §r§6413M coins §r§ain the account!
20:04:27 [allowed] §cThere are blocks in the way!
20:06:07 [allowed] §8Withdrawing coins...
20:06:07 [allowed] §aWithdrew §r§615M coins§r§a! There's now §r§6398M coins §r§aleft in the account!
20:06:28 [allowed] §6[Bazaar] §r§7Putting goods in escrow...
20:06:28 [allowed] §6[Bazaar] §r§7Submitting buy order...
20:06:28 [allowed] §6[Bazaar] §r§7§r§eBuy Order Setup! §r§a70§r§7x §r§9Enchanted Diamond Block §r§7for §r§614,135,121 coins§r§7.
20:06:30 [allowed] §8Depositing coins...
20:06:30 [allowed] §aDeposited §r§6864k coins§r§a! There's now §r§6399M coins §r§ain the account!
20:06:36 [allowed] §6[Bazaar] §eYour §aBuy Order §efor §a70§7x §9Enchanted Diamond Block §ewas filled!
20:08:02 [allowed] §2Guild > §r§bLegohjalten §r§ejoined.
20:08:19 [allowed] §2Guild > §r§bLegohjalten §r§eleft.
20:09:20 [allowed] §aYou used your §r§6Mining Speed Boost §r§aPickaxe Ability!
20:09:23 [allowed] §cThere are blocks in the way!
20:09:25 [allowed] §cThis Teleport Pad does not have a destination set!
20:09:26 [allowed] §eYou haven't claimed your §r§6Summer Rewards §r§eyet!
20:09:26 [allowed] §eTalk to the §r§bSummer Sloth §r§ein the §r§aHub!
20:09:28 [allowed] §cYou are sending commands too fast! Please slow down.
20:10:27 [allowed] §a§r§6Mining Speed Boost §r§ais now available!
20:10:49 [allowed] §2Guild > §r§bLegohjalten §r§ejoined.
20:11:57 [allowed] §cThere are blocks in the way!
20:12:00 [allowed] §cThere are blocks in the way!
20:12:00 [allowed] §cThere are blocks in the way!
20:12:20 [allowed] §cThere are blocks in the way!
20:13:19 [allowed] §cThere are blocks in the way!
20:13:23 [allowed] §cThere are blocks in the way!
20:13:23 [allowed] §cThere are blocks in the way!
20:13:29 [allowed] §cThere are blocks in the way!
20:13:30 [allowed] §cThere are blocks in the way!
20:14:08 [allowed] §8Withdrawing coins...
20:14:08 [allowed] §aWithdrew §r§650M coins§r§a! There's now §r§6349M coins §r§aleft in the account!
20:14:35 [allowed] §6[Bazaar] §r§7Putting goods in escrow...
20:14:35 [allowed] §6[Bazaar] §r§7Submitting buy order...
20:14:35 [allowed] §6[Bazaar] §r§7§r§eBuy Order Setup! §r§a28§r§7x §r§9Enchanted Iron Block §r§7for §r§69,994,356 coins§r§7.
20:14:38 [allowed] §8Depositing coins...
20:14:38 [allowed] §aDeposited §r§640M coins§r§a! There's now §r§6389M coins §r§ain the account!
20:15:04 [allowed] §e[NPC] Jacob§f: §rMy contest has started!
20:15:12 [allowed] §6[Bazaar] §eYour §aBuy Order §efor §a1,296§7x §5Enchanted Titanium §ewas filled!
20:15:26 [allowed] §6[Bazaar] §r§7Claiming order...
20:15:26 [allowed] §6[Bazaar] §r§7§r§7Claimed §r§a1,296§r§7x §r§5Enchanted Titanium §r§7worth §r§625,178,170 coins §r§7bought for §r§619,428 §r§7each!
20:16:00 [allowed] §6[Bazaar] §r§7Claiming order...
20:16:00 [allowed] §6[Bazaar] §r§7§r§7Claimed §r§a70§r§7x §r§9Enchanted Diamond Block §r§7worth §r§614,135,121 coins §r§7bought for §r§6201,930 §r§7each!
20:19:11 [allowed] §eYou haven't claimed your §r§6Summer Rewards §r§eyet!
20:19:11 [allowed] §eTalk to the §r§bSummer Sloth §r§ein the §r§aHub!
20:19:13 [allowed] §cYou are sending commands too fast! Please slow down.
20:19:27 [allowed] §6[Bazaar] §eYour §aBuy Order §efor §a28§7x §9Enchanted Iron Block §ewas filled!
20:19:57 [allowed] §8Withdrawing coins...
20:19:57 [allowed] §aWithdrew §r§625M coins§r§a! There's now §r§6364M coins §r§aleft in the account!
20:20:11 [allowed] §a§r§6Mining Speed Boost §r§ais now available!
20:20:12 [allowed] §6[Bazaar] §r§7Putting goods in escrow...
20:20:12 [allowed] §6[Bazaar] §r§7Submitting buy order...
20:20:12 [allowed] §6[Bazaar] §r§7§r§eBuy Order Setup! §r§a50§r§7x §r§9Glacite Jewel §r§7for §r§62,827,545 coins§r§7.
20:20:31 [allowed] §6[Bazaar] §r§7Putting goods in escrow...
20:20:31 [allowed] §6[Bazaar] §r§7Submitting buy order...
20:20:31 [allowed] §6[Bazaar] §r§7§r§eBuy Order Setup! §r§a32§r§7x §r§9Enchanted Gold Block §r§7for §r§63,296,154 coins§r§7.
20:21:47 [allowed] §8[§r§737§r§8] §r§7MrCafeSuperHero§7§r§7: I just realized the commision said royal mines not lava springs
20:22:26 [allowed] §6[Bazaar] §eYour §6Sell Offer §efor §a9§7x §9Griffin Feather §ewas filled!
20:22:26 [allowed] §5§l✯ §r§eA §r§5Fallen Star §r§ehas crashed at §r§bGreat Ice Wall§r§e! Nearby ore and Powder drops are amplified!
20:23:04 [allowed] §6[Bazaar] §r§7Putting goods in escrow...
20:23:04 [allowed] §6[Bazaar] §r§7Submitting buy order...
20:23:04 [allowed] §6[Bazaar] §r§7§r§eBuy Order Setup! §r§a26§r§7x §r§9Enchanted Diamond Block §r§7for §r§65,247,655 coins§r§7.
20:23:08 [allowed] §8Depositing coins...
20:23:08 [allowed] §aDeposited §r§613M coins§r§a! There's now §r§6377M coins §r§ain the account!
20:23:18 [allowed] §6[Bazaar] §eYour §aBuy Order §efor §a26§7x §9Enchanted Diamond Block §ewas filled!
20:23:23 [allowed] §6[Bazaar] §r§7Claiming order...
20:23:23 [allowed] §6[Bazaar] §r§7§r§7Claimed §r§a26§r§7x §r§9Enchanted Diamond Block §r§7worth §r§65,247,655 coins §r§7bought for §r§6201,833 §r§7each!
20:23:27 [allowed] §6[Bazaar] §r§7Claiming order...
20:23:27 [allowed] §6[Bazaar] §r§7§r§7Claimed §r§a28§r§7x §r§9Enchanted Iron Block §r§7worth §r§69,994,356 coins §r§7bought for §r§6356,941 §r§7each!
20:24:05 [allowed] §6[Bazaar] §eYour §aBuy Order §efor §a50§7x §9Glacite Jewel §ewas filled!
20:25:11 [allowed] §6The sound of pickaxes clashing against the rock has attracted the attention of the §r§6§lPOWDER GHAST!
20:25:11 [allowed] §eFind the §r§6Powder Ghast§r§e near the §r§bDivan's Gateway§r§e!
20:27:13 [allowed] §8Withdrawing coins...
20:27:13 [allowed] §aWithdrew §r§610M coins§r§a! There's now §r§6367M coins §r§aleft in the account!
20:30:34 [allowed] §cThere are blocks in the way!
20:30:38 [allowed] §cThere are blocks in the way!
20:30:38 [allowed] §cThere are blocks in the way!
20:30:38 [allowed] §cThere are blocks in the way!
20:30:38 [allowed] §cThere are blocks in the way!
20:30:38 [allowed] §cThere are blocks in the way!
20:30:53 [allowed]  §b⚑ §eThe §b2x Powder §eevent starts in §a20 §eseconds!
 §eThis is a passive event! §bIt's happening everywhere in the §bDwarven Mines!
20:30:58 [allowed] §6[Bazaar] §r§7Putting goods in escrow...
20:30:58 [allowed] §6[Bazaar] §r§7Submitting buy order...
20:30:58 [allowed] §6[Bazaar] §r§7§r§eBuy Order Setup! §r§a6§r§7x §r§9Enchanted Diamond Block §r§7for §r§61,210,997 coins§r§7.
20:31:00 [allowed] §8Depositing coins...
20:31:00 [allowed] §aDeposited §r§68.7M coins§r§a! There's now §r§6376M coins §r§ain the account!
20:31:12 [allowed] §cAutopet §eequipped your §7[Lvl 100] §6Scatha§e! §a§lVIEW RULE
20:31:14 [allowed] §a§l▬▬▬▬▬▬▬▬▬▬▬▬▬▬▬▬▬▬▬▬▬▬▬▬▬▬▬▬▬▬▬▬▬▬▬▬▬▬▬▬▬▬▬▬▬▬▬▬▬▬▬▬▬▬▬▬▬▬▬▬▬▬▬▬
20:31:14 [allowed] §f                          §r§b§l2X POWDER STARTED!
20:31:14 [allowed] §f                           §r§7Passive Active Event
20:31:14 [allowed] §f        Everybody gets twice as much powder of all types!
20:31:14 [allowed] §a§l▬▬▬▬▬▬▬▬▬▬▬▬▬▬▬▬▬▬▬▬▬▬▬▬▬▬▬▬▬▬▬▬▬▬▬▬▬▬▬▬▬▬▬▬▬▬▬▬▬▬▬▬▬▬▬▬▬▬▬▬▬▬▬▬
20:31:19 [allowed] §aYou summoned your §r§6Mithril Golem§r§a!
20:31:19 [allowed] §9᠅ §r§fYou've earned §r§25,628 Mithril Powder §r§ffrom mining your first Mithril Ore of the day!
20:31:22 [allowed] §aYou summoned your §r§6Scatha§r§a!
20:31:27 [allowed] §9᠅ §r§fYou've earned §r§b5,628 Glacite Powder §r§ffrom mining your first Glacite of the day!
20:31:30 [allowed] §9᠅ §r§fYou've earned §r§d7,214 Gemstone Powder §r§ffrom mining your first Gemstone of the day!
20:31:36 [allowed] §6The warmth of the campfire reduced your §r§b❄ Cold §r§6to §r§a0§r§6!
20:31:41 [allowed] §cAutopet §eequipped your §7[Lvl 100] §6Blue Whale§e! §a§lVIEW RULE
20:32:00 [allowed] §8Withdrawing coins...
20:32:00 [allowed] §aWithdrew §r§625M coins§r§a! There's now §r§6351M coins §r§aleft in the account!
20:32:18 [allowed] §6[Bazaar] §r§7Putting goods in escrow...
20:32:18 [allowed] §6[Bazaar] §r§7Submitting buy order...
20:32:18 [allowed] §6[Bazaar] §r§7§r§eBuy Order Setup! §r§a1§r§7x §r§5❤ Flawless Ruby Gemstone §r§7for §r§61,426,474 coins§r§7.
20:32:20 [allowed] §8Depositing coins...
20:32:20 [allowed] §aDeposited §r§623M coins§r§a! There's now §r§6375M coins §r§ain the account!
20:32:34 [allowed] §6[Bazaar] §eYour §aBuy Order §efor §a6§7x §9Enchanted Diamond Block §ewas filled!
20:32:39 [allowed] §6[Bazaar] §eYour §aBuy Order §efor §a1§7x §5❤ Flawless Ruby Gemstone §ewas filled!
20:32:53 [allowed] §6[Bazaar] §r§7Claiming order...
20:32:53 [allowed] §6[Bazaar] §r§7§r§7Claimed §r§a1§r§7x §r§5❤ Flawless Ruby Gemstone §r§7worth §r§61,426,474 coins §r§7bought for §r§61,426,474 §r§7each!
20:32:55 [allowed] §6[Bazaar] §r§7Claiming order...
20:32:55 [allowed] §6[Bazaar] §r§7§r§7Claimed §r§a50§r§7x §r§9Glacite Jewel §r§7worth §r§62,827,545 coins §r§7bought for §r§656,551 §r§7each!
20:32:59 [allowed] §6[Bazaar] §r§7Claiming order...
20:32:59 [allowed] §6[Bazaar] §r§7§r§7Claimed §r§a6§r§7x §r§9Enchanted Diamond Block §r§7worth §r§61,210,997 coins §r§7bought for §r§6201,833 §r§7each!
20:33:58 [allowed] §c ☠ §r§7§r§7MiddleWestBomb§r§7 was killed by Ghost§r§7§r§7.
20:34:00 [allowed] §cThere are blocks in the way!
20:35:01 [allowed] §bNew day! §r§eYour §r§2Sky Mall §r§ebuff changed!
20:35:01 [allowed] §eNew buff§r§r§r: §r§fGain §r§a+15% §r§fmore Powder while mining.
20:35:06 [allowed] §cThere are blocks in the way!
20:35:07 [allowed] §cThere are blocks in the way!
20:35:11 [allowed] §cThere are blocks in the way!
20:35:14 [allowed] §2Guild > §r§bLegohjalten §r§eleft.
20:36:02 [allowed] §c ☠ §r§7§r§7bwrke§r§7 was killed by Knifethrower§r§7§r§7.
20:36:07 [allowed] §cThere are blocks in the way!
20:36:16 [allowed] §b§m--------------§r§f  §r§aGuild: Message Of The Day  §r§b§m--------------
20:36:16 [allowed] §b| §r§f[22] [MVP+] Sebbebas Ⓑ: you should give me foraging 50 on my main
20:36:16 [allowed] §b| §r§f[22] [MVP+] Sebbebas Ⓑ: wink wink
20:36:16 [allowed] §b| §r§f[300] [ADMIN] LadyBleu: you almost had iit until you winked
20:36:16 [allowed] §b| §r§f[22] [MVP+] Sebbebas Ⓑ: :(
20:36:16 [allowed] §b| §r§f[300] [ADMIN] LadyBleu: biig mistaake
20:36:16 [allowed] §b§m-----------------------------------------------------
20:36:18 [allowed] §eYou haven't claimed your §r§6Summer Rewards §r§eyet!
20:36:18 [allowed] §eTalk to the §r§bSummer Sloth §r§ein the §r§aHub!
20:36:20 [allowed] §cYou are sending commands too fast! Please slow down.
20:36:20 [allowed] §cYou may only use this command after 4s on the server!
20:36:20 [allowed] §cYou may only use this command after 4s on the server!
20:36:21 [allowed] §6§lBONUS! §r§bTemporarily earn §r§a5% §r§bmore skill experience!
20:36:21 [allowed] §eLatest update: §bSkyBlock v0.20.5 §e§lCLICK
20:36:21 [allowed] §cYou may only use this command after 4s on the server!
20:37:18 [allowed] §a§r§6Mining Speed Boost §r§ais now available!
20:37:44 [allowed] §8[§r§f73§r§8] §r§7Sixstatistic§7§r§7: bro im on my 2nd pickonimbus and its about to break
20:37:58 [allowed] §6[Bazaar] §r§7Claiming order...
20:37:59 [allowed] §6[Bazaar] §r§7§r§7Claimed §r§a16§r§7x §r§9Enchanted Gold Block §r§7worth §r§61,648,077 coins §r§7bought for §r§6103,005 §r§7each!
20:38:40 [allowed] §eYou haven't claimed your §r§6Summer Rewards §r§eyet!
20:38:40 [allowed] §eTalk to the §r§bSummer Sloth §r§ein the §r§aHub!
20:38:42 [allowed] §cYou are sending commands too fast! Please slow down.
20:38:42 [allowed] §6§lBONUS! §r§bTemporarily earn §r§a5% §r§bmore skill experience!
20:38:42 [allowed] §eLatest update: §bSkyBlock v0.20.5 §e§lCLICK
20:38:42 [allowed] §cCouldn't warp you! Try again later. §r§7(PLAYER_TRANSFER_COOLDOWN)
20:38:45 [allowed] §eYou haven't claimed your §r§6Summer Rewards §r§eyet!
20:38:45 [allowed] §eTalk to the §r§bSummer Sloth §r§ein the §r§aHub!
20:38:47 [allowed] §cYou are sending commands too fast! Please slow down.
20:38:48 [allowed] §aWarped from the §r§cRed Teleport Pad§r§a to the §r§dStorage Teleport Pad§r§a!
20:39:33 [allowed] §aYou have §b20 §aunclaimed leveling rewards!
20:39:33 [allowed] §eClick here to view them!
20:39:33 [allowed] §aYou have §67 §aunclaimed achievement rewards!
20:39:33 [allowed] §eClick here to view them!
20:39:35 [allowed] §cYou are sending commands too fast! Please slow down.
20:39:38 [allowed] §8[§r§717§r§8] §r§a[VIP] masterjaxster§f§r§f: how much does a level XI snow minion sell for?
20:39:38 [allowed] §cYou are sending commands too fast! Please slow down.
20:39:38 [allowed] §6§lBONUS! §r§bTemporarily earn §r§a5% §r§bmore skill experience!
20:39:38 [allowed] §eLatest update: §bSkyBlock v0.20.5 §e§lCLICK
20:39:40 [allowed] §6§lALLOWANCE! §r§eYou earned §r§650,000 coins§r§e!
20:39:46 [allowed] §8[§r§716§r§8] §r§a[VIP§6+§a] Rileyman987§f§r§f: 0 coins
20:39:47 [allowed] §8[§r§f47§r§8] §r§b[MVP§2+§b] jaconbacon14§f§r§f: 500k
20:39:50 [allowed] §8[§r§f47§r§8] §r§b[MVP§2+§b] jaconbacon14§f§r§f: or so
20:40:07 [allowed] §cThere are blocks in the way!
20:40:09 [allowed] §aYou gained §r§b179.6 Mining §r§aexperience from minions!
20:40:09 [allowed] §aYou gained §r§b7,480.6 Combat §r§aexperience from minions!
20:40:11 [allowed] §cYou are sending commands too fast! Please slow down.
20:40:12 [allowed] §aWarped from the §r§cRed Teleport Pad§r§a to the §r§dStorage Teleport Pad§r§a!
20:40:19 [allowed] §cYou are sending commands too fast! Please slow down.
20:40:25 [allowed] §aYou bought §r§cGod Potion§r§a!
20:40:26 [allowed] §8[§r§710§r§8] §r§7Rapidz1234§7§r§7: across bazaar
20:40:27 [allowed] §a§lGULP! §r§eThe §r§cGod Potion §r§egrants you powers for §r§916h 33m§r§e!
20:40:31 [allowed] §8[§r§f50§r§8] §r§7SAVAGECACTUS999§7§r§7: i have i just have to claim something and forgot
20:40:33 [allowed] §f§m-----------------------------------------------------
§r§cYou should NEVER enter your Microsoft account details anywhere but on official Microsoft services!

§r§cExternal links from untrusted sources should be avoided.
§r§f§m-----------------------------------------------------
20:40:34 [allowed] §cYou are sending commands too fast! Please slow down.
20:40:35 [allowed] §d§lYum! §r§eYou gain §r§f+10✦ Speed §r§efor §r§a48 §r§ehours!
20:40:36 [allowed] §d§lYum! §r§eYou gain §r§c+2❁ Strength §r§efor §r§a48 §r§ehours!
20:40:36 [allowed] §d§lYum! §r§eYou gain §r§c+2⫽ Ferocity §r§efor §r§a48 §r§ehours!
20:40:36 [allowed] §d§lYum! §r§eYou gain §r§6+5☘ Foraging Fortune §r§efor §r§a48 §r§ehours!
20:40:37 [allowed] §d§lYum! §r§eYou gain §r§f+1❂ True Defense §r§efor §r§a48 §r§ehours!
20:40:38 [allowed] §d§lYum! §r§eYou gain §r§b+1✯ Magic Find §r§efor §r§a48 §r§ehours!
20:40:38 [allowed] §d§lYum! §r§eYou gain §r§6+5☘ Farming Fortune §r§efor §r§a48 §r§ehours!
20:40:39 [allowed] §d§lYum! §r§eYou gain §r§4+1♨ Vitality §r§efor §r§a48 §r§ehours!
20:40:39 [allowed] §d§lYum! §r§eYou gain §r§6+5☘ Mining Fortune §r§efor §r§a48 §r§ehours!
20:40:40 [allowed] §d§lYum! §r§eYou gain §r§3+1α Sea Creature Chance §r§efor §r§a48 §r§ehours!
20:40:40 [allowed] §d§lYum! §r§eYou gain §r§d+1♣ Pet Luck §r§efor §r§a48 §r§ehours!
20:40:41 [allowed] §d§lYum! §r§eYou gain §r§c+10❤ Health §r§efor §r§a48 §r§ehours!
20:40:41 [allowed] §d§lYum! §r§eYou gain §r§b+5✎ Intelligence §r§efor §r§a48 §r§ehours!
20:40:42 [allowed] §d§lYum! §r§eYou gain §r§a+3❈ Defense §r§efor §r§a48 §r§ehours!
20:41:16 [allowed] §cYou are sending commands too fast! Please slow down.
20:41:29 [allowed] §cThis process is still running!
20:41:32 [allowed] §cThis process is still running!
20:41:43 [allowed] §cYou are sending commands too fast! Please slow down.
20:41:48 [allowed] §8[§r§a120§r§8] §r§a[VIP§6+§a] PhytoII §7♲§f§r§f: any ironman want some gifts?
20:41:48 [allowed] §aYou sold §r§aEnchanted Rotten Flesh§r§8 x1 §r§afor §r§6320 Coins§r§a!
20:41:49 [allowed] §aYou sold §r§9Rapid Soulstealer Bow§r§8 x1 §r§afor §r§638 Coins§r§a!
20:41:49 [allowed] §aYou sold §r§5Titanic Skeleton Soldier Helmet§r§8 x1 §r§afor §r§637 Coins§r§a!
20:41:49 [allowed] §aYou sold §r§aDefuse Kit§r§8 x1 §r§afor §r§61 Coin§r§a!
20:41:50 [allowed] §cThat item cannot be sold!
20:41:50 [allowed] §aYou sold §r§9The Expedition Volume 2§r§8 x2 §r§afor §r§62 Coins§r§a!
20:41:51 [allowed] §aYou sold §r§9Spirit Leap§r§8 x10 §r§afor §r§61,000 Coins§r§a!
20:41:51 [allowed] §aYou sold §r§5Heroic Earth Shard§r§8 x1 §r§afor §r§6219 Coins§r§a!
20:41:52 [allowed] §aYou sold §r§5Heavy Skeleton Master Chestplate§r§8 x1 §r§afor §r§637 Coins§r§a!
20:41:52 [allowed] §aYou sold §r§9Fair Conjuring§r§8 x1 §r§afor §r§62,116 Coins§r§a!
20:41:52 [allowed] §aYou sold §r§5Healing VIII Splash Potion§r§8 x1 §r§afor §r§622,833 Coins§r§a!
20:41:53 [allowed] §cThat item cannot be sold!
20:41:53 [allowed] §aYou sold §r§9Superboom TNT§r§8 x2 §r§afor §r§64 Coins§r§a!
20:41:53 [allowed] §aYou sold §r§aEnchanted Bone§r§8 x1 §r§afor §r§6320 Coins§r§a!
20:41:54 [allowed] §aYou sold §r§5Titanic Zombie Soldier Chestplate§r§8 x1 §r§afor §r§637 Coins§r§a!
20:41:54 [allowed] §aYou sold §r§5Healing VIII Splash Potion§r§8 x1 §r§afor §r§622,833 Coins§r§a!
20:41:55 [allowed] §cThat item cannot be sold!
20:42:00 [allowed] §cYou must double tap the drop button to drop this item!
20:42:00 [allowed] §cYou can disable this in the §r§fSettings§r§c in your §r§aSkyBlock Menu§r§c!
20:42:01 [allowed] §cYou must double tap the drop button to drop this item!
20:42:01 [allowed] §cYou can disable this in the §r§fSettings§r§c in your §r§aSkyBlock Menu§r§c!
20:42:05 [allowed] §cThere are blocks in the way!
