10:55:14 [EMPTY] §f §r§r§r§f §r§r§r§1 §r§r§r§0 §r§r§r§2 §r§r§r§f §r§r§r§f §r§r§r§2 §r§r§r§0 §r§r§r§4 §r§r§r§3 §r§r§r§9 §r§r§r§2 §r§r§r§0 §r§r§r§0 §r§r§r§3 §r§r§r§9 §r§r§r§2 §r§r§r§0 §r§r§r§0 §r§r§r§3 §r§r§r§9 §r§r§r§2 §r§r§r§0 §r§r§r§0 
10:55:14 [LOBBY] §b[MVP§9+§b] Sebbebas§f §6joined the lobby!
10:55:14 [LOBBY] §b[MVP§a+§b] ayananyan§f §6joined the lobby!
10:55:19 [LOBBY] §b[MVP§c+§b] GabeTheSavior§f §6joined the lobby!
10:55:21 [LOBBY] §b[MVP§2+§b] Hax_Alany§f §6joined the lobby!
10:55:26 [LOBBY]  §b>§c>§a>§r §r§6[MVP§c++§6] GeaBer§f §6joined the lobby!§r §a<§c<§b<
10:55:36 [LOBBY] §b[MVP§a+§b] 4cel§f §6joined the lobby!
10:55:51 [LOBBY] §b[MVP§c+§b] Chicken_777§f §6joined the lobby!
10:56:01 [WARPING] §7Sending to server mini26R...
10:56:02 [EMPTY] §8 §r§8 §r§1 §r§3 §r§3 §r§7 §r§8 
10:56:02 [allowed] §eYou haven't claimed your §r§6Summer Rewards §r§eyet!
10:56:02 [allowed] §eTalk to the §r§bSummer Sloth §r§ein the §r§aHub!
10:56:04 [EMPTY] 
10:56:04 [WELCOME] §eWelcome to §r§aHypixel SkyBlock§r§e!
10:56:04 [allowed] §6§lBONUS! §r§bTemporarily earn §r§a5% §r§bmore skill experience!
10:56:04 [EMPTY] 
10:56:04 [allowed] §eLatest update: §bSkyBlock v0.20.5 §e§lCLICK
10:56:04 [allowed] §cYou are sending commands too fast! Please slow down.
10:56:04 [allowed] §cYou are sending commands too fast! Please slow down.
10:56:05 [PROFILE_JOIN] §aYou are playing on profile: §eBanana§b (Co-op)
10:56:05 [PROFILE_JOIN] §8Profile ID: b1a71305-1956-42bf-90e4-bce6f7285754
10:56:06 [allowed] §6§lALLOWANCE! §r§eYou earned §r§650,000 coins§r§e!
10:56:06 [SKYMALL] §bNew day! §r§eYour §r§2Sky Mall §r§ebuff changed!
10:56:06 [SKYMALL] §eNew buff§r§r§r: §r§fGain §r§a+50 §r§6☘ Mining Fortune§r§f.
10:56:06 [SKYMALL] §8§oYou can disable this messaging by toggling Sky Mall in your /hotm!
10:56:38 [WARPING] §7Warping...
10:56:38 [WARPING] §7Sending to server mini181P...
10:56:39 [EMPTY] §8 §r§8 §r§1 §r§3 §r§3 §r§7 §r§8 
10:56:39 [allowed] §eYou haven't claimed your §r§6Summer Rewards §r§eyet!
10:56:39 [allowed] §eTalk to the §r§bSummer Sloth §r§ein the §r§aHub!
10:56:40 [allowed] §cYou may only use this command after 4s on the server!
10:56:41 [allowed] §cYou are sending commands too fast! Please slow down.
10:56:41 [allowed] §cYou may only use this command after 4s on the server!
10:56:43 [allowed] §cSlow down!
10:56:43 [PROFILE_JOIN] §aYou are playing on profile: §eBanana§b (Co-op)
10:56:43 [PROFILE_JOIN] §8Profile ID: b1a71305-1956-42bf-90e4-bce6f7285754
10:57:19 [allowed] §cThere are blocks in the way!
10:57:20 [allowed] §cThere are blocks in the way!
10:57:20 [allowed] §cThere are blocks in the way!
10:57:29 [allowed] §9§lCONGRATULATIONS! §r§7Your prehistoric egg hatched into an §r§aUncommon Armadillo§r§7!
10:57:34 [allowed] §cYou must double tap the drop button to drop this item!
10:57:34 [allowed] §cYou can disable this in the §r§fSettings§r§c in your §r§aSkyBlock Menu§r§c!
10:57:39 [allowed] §a§r§6Mining Speed Boost §r§ais now available!
10:57:44 [allowed] §6[Bazaar] §r§7Putting goods in escrow...
10:57:44 [allowed] §6[Bazaar] §r§7Submitting sell offer...
10:57:44 [allowed] §6[Bazaar] §r§7§r§eSell Offer Setup! §r§a5§r§7x §r§6Refined Titanium §r§7for §r§63,701,025 coins§r§7.
10:57:56 [allowed] §c ☠ §r§7§r§7shejiu§r§7 was killed by Glacite Walker§r§7§r§7.
10:57:57 [allowed] §cThere are blocks in the way!
10:58:09 [allowed] §cThere are blocks in the way!
10:58:40 [GUILD_EXP] §aYou earned §r§2105 GEXP §r§a+ §r§e315 Event EXP §r§afrom playing SkyBlock!
11:00:22 [allowed] §cThere are blocks in the way!
11:00:32 [allowed] §cThere are blocks in the way!
11:00:34 [allowed] §cThere are blocks in the way!
11:00:39 [allowed] §cThere are blocks in the way!
11:00:39 [allowed] §cThere are blocks in the way!
11:00:53 [allowed] §cThere are blocks in the way!
11:00:57 [allowed] §cThere are blocks in the way!
11:01:15 [allowed] §cThere are blocks in the way!
11:01:29 [allowed] §cThere are blocks in the way!
11:01:29 [allowed] §cThere are blocks in the way!
11:03:31 [WARPING] §7Finding player...
11:03:32 [WARPING] §7Sending a visit request...
11:03:32 [WARPING] §7Sending to server mini2K...
11:03:33 [EMPTY] §8 §r§8 §r§1 §r§3 §r§3 §r§7 §r§8 
11:03:33 [allowed] §eYou haven't claimed your §r§6Summer Rewards §r§eyet!
11:03:33 [allowed] §eTalk to the §r§bSummer Sloth §r§ein the §r§aHub!
11:03:33 [allowed] §f§m-----------------------------------------------------
§r§cYou should NEVER enter your Microsoft account details anywhere but on official Microsoft services!

§r§cExternal links from untrusted sources should be avoided.
§r§f§m-----------------------------------------------------
11:03:34 [allowed] §cYou are sending commands too fast! Please slow down.
11:03:35 [PROFILE_JOIN] §aYou are playing on profile: §eBanana§b (Co-op)
11:03:35 [PROFILE_JOIN] §8Profile ID: b1a71305-1956-42bf-90e4-bce6f7285754
11:03:36 [allowed] §d§lYum! §r§eYou gain §r§f+10✦ Speed §r§efor §r§a48 §r§ehours!
11:03:36 [allowed] §d§lYum! §r§eYou gain §r§c+2❁ Strength §r§efor §r§a48 §r§ehours!
11:03:37 [allowed] §d§lYum! §r§eYou gain §r§c+2⫽ Ferocity §r§efor §r§a48 §r§ehours!
11:03:38 [allowed] §d§lYum! §r§eYou gain §r§6+5☘ Foraging Fortune §r§efor §r§a48 §r§ehours!
11:03:39 [allowed] §d§lYum! §r§eYou gain §r§f+1❂ True Defense §r§efor §r§a48 §r§ehours!
11:03:39 [allowed] §d§lYum! §r§eYou gain §r§b+1✯ Magic Find §r§efor §r§a48 §r§ehours!
11:03:40 [allowed] §d§lYum! §r§eYou gain §r§6+5☘ Farming Fortune §r§efor §r§a48 §r§ehours!
11:03:40 [allowed] §d§lYum! §r§eYou gain §r§4+1♨ Vitality §r§efor §r§a48 §r§ehours!
11:03:41 [allowed] §d§lYum! §r§eYou gain §r§6+5☘ Mining Fortune §r§efor §r§a48 §r§ehours!
11:03:42 [allowed] §d§lYum! §r§eYou gain §r§3+1α Sea Creature Chance §r§efor §r§a48 §r§ehours!
11:03:43 [allowed] §d§lYum! §r§eYou gain §r§d+1♣ Pet Luck §r§efor §r§a48 §r§ehours!
11:03:43 [allowed] §d§lYum! §r§eYou gain §r§c+10❤ Health §r§efor §r§a48 §r§ehours!
11:03:44 [allowed] §d§lYum! §r§eYou gain §r§b+5✎ Intelligence §r§efor §r§a48 §r§ehours!
11:03:44 [allowed] §d§lYum! §r§eYou gain §r§a+3❈ Defense §r§efor §r§a48 §r§ehours!
11:03:58 [allowed] §c ☠ §r§7§r§ariverpig029§r§7 fell into the void§r§7.
11:04:13 [WARPING] §7Warping...
11:04:13 [WARPING] §7Sending to server mini196CG...
11:04:13 [EMPTY] §8 §r§8 §r§1 §r§3 §r§3 §r§7 §r§8 
11:04:13 [allowed] §eYou haven't claimed your §r§6Summer Rewards §r§eyet!
11:04:13 [allowed] §eTalk to the §r§bSummer Sloth §r§ein the §r§aHub!
11:04:15 [allowed] §cYou are sending commands too fast! Please slow down.
11:04:17 [PROFILE_JOIN] §aYou are playing on profile: §eBanana§b (Co-op)
11:04:17 [PROFILE_JOIN] §8Profile ID: b1a71305-1956-42bf-90e4-bce6f7285754
11:04:25 [allowed] §cThere are blocks in the way!
11:04:39 [allowed] §c ☠ §r§7§r§bFaonCiel§r§7 was killed by Inferno Demonlord§r§7§r§7.
11:04:54 [allowed] §cFind a way to reach the top of the stomach!
11:05:09 [allowed] §cThere are blocks in the way!
11:05:14 [allowed] §a§r§6Mining Speed Boost §r§ais now available!
11:05:22 [WARPING] §7Warping...
11:05:22 [WARPING] §7Sending to server mini212B...
11:05:23 [EMPTY] §8 §r§8 §r§1 §r§3 §r§3 §r§7 §r§8 
11:05:23 [allowed] §eYou haven't claimed your §r§6Summer Rewards §r§eyet!
11:05:23 [allowed] §eTalk to the §r§bSummer Sloth §r§ein the §r§aHub!
11:05:25 [allowed] §cYou are sending commands too fast! Please slow down.
11:05:26 [PROFILE_JOIN] §aYou are playing on profile: §eBanana§b (Co-op)
11:05:26 [PROFILE_JOIN] §8Profile ID: b1a71305-1956-42bf-90e4-bce6f7285754
11:05:30 [WARPING] §7Warping you to your SkyBlock island...
11:05:30 [WARPING] §7Sending to server mini31K...
11:05:31 [EMPTY] §8 §r§8 §r§1 §r§3 §r§3 §r§7 §r§8 
11:05:31 [allowed] §eYou haven't claimed your §r§6Summer Rewards §r§eyet!
11:05:31 [allowed] §eTalk to the §r§bSummer Sloth §r§ein the §r§aHub!
11:05:32 [allowed] §cYou are sending commands too fast! Please slow down.
11:05:33 [PROFILE_JOIN] §aYou are playing on profile: §eBanana§b (Co-op)
11:05:33 [PROFILE_JOIN] §8Profile ID: b1a71305-1956-42bf-90e4-bce6f7285754
11:06:30 [allowed] §a§r§6Mining Speed Boost §r§ais now available!
11:07:22 [allowed] §eYou claimed the §r§dChronomatron §r§erewards!
11:07:22 [allowed]  §r§8+§r§354,000 Enchanting Exp
11:07:22 [allowed] §8 +§r§d3 Superpairs clicks
11:08:31 [allowed] §eYou claimed the §r§dUltrasequencer §r§erewards!
11:08:31 [allowed]  §r§8+§r§342,000 Enchanting Exp
11:08:31 [allowed] §8 +§r§d3 Superpairs clicks
11:09:35 [allowed] §eYou claimed the §r§dSuperpairs §r§erewards!
11:09:35 [allowed] §8 +§r§3600k Enchanting Exp
11:09:35 [allowed]  §r§8+§r§fSyphon IV
11:09:35 [allowed]  §r§8+§r§fThorns III
11:09:35 [allowed]  §r§8+§r§9Titanic Experience Bottle
11:09:55 [allowed] §6[Bazaar] §r§7Putting goods in escrow...
11:09:55 [allowed] §6[Bazaar] §r§7Submitting sell offer...
11:09:55 [allowed] §6[Bazaar] §r§7§r§eSell Offer Setup! §r§a1§r§7x §r§fSyphon IV §r§7for §r§6561,149 coins§r§7.
11:10:23 [WARPING] §7Sending to server mini39BB...
11:10:24 [EMPTY] §8 §r§8 §r§1 §r§3 §r§3 §r§7 §r§8 
11:10:24 [allowed] §eYou haven't claimed your §r§6Summer Rewards §r§eyet!
11:10:24 [allowed] §eTalk to the §r§bSummer Sloth §r§ein the §r§aHub!
11:10:25 [allowed] §cYou are sending commands too fast! Please slow down.
11:10:27 [PROFILE_JOIN] §aYou are playing on profile: §eBanana§b (Co-op)
11:10:27 [PROFILE_JOIN] §8Profile ID: b1a71305-1956-42bf-90e4-bce6f7285754
11:10:29 [allowed] §cThere are blocks in the way!
11:10:29 [allowed] §cThere are blocks in the way!
11:11:05 [allowed] §cThere are blocks in the way!
11:11:25 [allowed] §a§r§6Mining Speed Boost §r§ais now available!
11:11:30 [WARPING] §7Warping...
11:11:30 [WARPING] §7Sending to server mini30BT...
11:11:31 [EMPTY] §8 §r§8 §r§1 §r§3 §r§3 §r§7 §r§8 
11:11:31 [allowed] §eYou haven't claimed your §r§6Summer Rewards §r§eyet!
11:11:31 [allowed] §eTalk to the §r§bSummer Sloth §r§ein the §r§aHub!
11:11:32 [allowed] §cYou are sending commands too fast! Please slow down.
11:11:34 [PROFILE_JOIN] §aYou are playing on profile: §eBanana§b (Co-op)
11:11:34 [PROFILE_JOIN] §8Profile ID: b1a71305-1956-42bf-90e4-bce6f7285754
11:11:40 [allowed] §aYou summoned your §r§6Mithril Golem§r§a!
11:11:40 [allowed] §9᠅ §r§fYou've earned §r§25,272 Mithril Powder §r§ffrom mining your first Mithril Ore of the day!
11:11:44 [allowed] §aYou summoned your §r§6Scatha§r§a!
11:11:48 [allowed] §9᠅ §r§fYou've earned §r§d6,857 Gemstone Powder §r§ffrom mining your first Gemstone of the day!
11:11:52 [allowed] §9᠅ §r§fYou've earned §r§b5,272 Glacite Powder §r§ffrom mining your first Glacite of the day!
11:11:54 [allowed] §6The warmth of the campfire reduced your §r§b❄ Cold §r§6to §r§a0§r§6!
11:12:06 [allowed] §c ☠ §r§7§r§bDrew_25§r§7 was killed by §r§5Star Sentry§r§7§r§7.
11:12:31 [allowed] §a§r§6Mining Speed Boost §r§ais now available!
11:12:35 [allowed] §6[Bazaar] §eYour §6Sell Offer §efor §a1§7x §fSyphon IV §ewas filled!
11:12:51 [allowed] §c ☠ §r§7§r§bDrew_25§r§7 was killed by Glacite Walker§r§7§r§7.
11:13:00 [GUILD_EXP] §aYou earned §r§268 GEXP §r§a+ §r§e204 Event EXP §r§afrom playing SkyBlock!
11:13:15 [allowed] §cThere are blocks in the way!
11:13:20 [allowed] §cThere are blocks in the way!
11:13:22 [allowed] §c ☠ §r§7§r§7DogBoy_VN§r§7 was killed by Ghost§r§7§r§7.
11:13:42 [allowed] §cThere are blocks in the way!
11:13:54 [WARPING] §7Warping you to your SkyBlock island...
11:13:55 [WARPING] §7Sending to server mini64AK...
11:13:55 [EMPTY] §8 §r§8 §r§1 §r§3 §r§3 §r§7 §r§8 
11:13:55 [allowed] §eYou haven't claimed your §r§6Summer Rewards §r§eyet!
11:13:55 [allowed] §eTalk to the §r§bSummer Sloth §r§ein the §r§aHub!
11:13:57 [allowed] §cYou are sending commands too fast! Please slow down.
11:13:58 [PROFILE_JOIN] §aYou are playing on profile: §eBanana§b (Co-op)
11:13:58 [PROFILE_JOIN] §8Profile ID: b1a71305-1956-42bf-90e4-bce6f7285754
11:14:55 [allowed] §a§r§6Mining Speed Boost §r§ais now available!
11:15:02 [allowed] §aYour §r§5Great Spook Tree §r§ahas just sprouted a fruit!
11:15:02 [SKYMALL] §bNew day! §r§eYour §r§2Sky Mall §r§ebuff changed!
11:15:02 [SKYMALL] §eNew buff§r§r§r: §r§fReduce Pickaxe Ability cooldown by §r§a20%§r§f.
11:15:02 [SKYMALL] §8§oYou can disable this messaging by toggling Sky Mall in your /hotm!
11:15:05 [allowed] §6You got §r§a1 Green Candy §r§6from the §r§5Great Spook Tree§r§6!
11:15:05 [allowed] §6You got §r§53 Purple Candy §r§6from the §r§5Great Spook Tree§r§6!
11:15:30 [allowed] §aYou despawned your §r§6Scatha§r§a!
11:15:31 [WARPING] §7Warping...
11:15:31 [WARPING] §7Sending to server mini240Q...
11:15:32 [EMPTY] §8 §r§8 §r§1 §r§3 §r§3 §r§7 §r§8 
11:15:32 [allowed] §eYou haven't claimed your §r§6Summer Rewards §r§eyet!
11:15:32 [allowed] §eTalk to the §r§bSummer Sloth §r§ein the §r§aHub!
11:15:34 [allowed] §cYou are sending commands too fast! Please slow down.
11:15:34 [WARPING] §7Warping...
11:15:34 [allowed] §cCouldn't warp you! Try again later. §r§7(PLAYER_TRANSFER_COOLDOWN)
11:15:35 [PROFILE_JOIN] §aYou are playing on profile: §eBanana§b (Co-op)
11:15:35 [PROFILE_JOIN] §8Profile ID: b1a71305-1956-42bf-90e4-bce6f7285754
11:15:36 [WARPING] §7Warping...
11:15:36 [WARPING] §7Sending to server mini181BA...
11:15:37 [EMPTY] §8 §r§8 §r§1 §r§3 §r§3 §r§7 §r§8 
11:15:37 [allowed] §eYou haven't claimed your §r§6Summer Rewards §r§eyet!
11:15:37 [allowed] §eTalk to the §r§bSummer Sloth §r§ein the §r§aHub!
11:15:39 [allowed] §cYou are sending commands too fast! Please slow down.
11:15:40 [PROFILE_JOIN] §aYou are playing on profile: §eBanana§b (Co-op)
11:15:40 [PROFILE_JOIN] §8Profile ID: b1a71305-1956-42bf-90e4-bce6f7285754
11:15:44 [allowed] §cAbilities are disabled in this area!
11:15:48 [allowed] §eMaster Tao §r§esees you getting ready to do the Dojo §r§eand grants you damage protection.
11:15:58 [allowed] §e[NPC] §eMaster Tao§f: §rAhhh, here we go! Let's get you into the Arena.
11:16:00 [allowed] §a§l▬▬▬▬▬▬▬▬▬▬▬▬▬▬▬▬▬▬▬▬▬▬▬▬▬▬▬▬▬▬▬▬▬▬▬▬▬▬▬▬▬▬▬▬▬▬▬▬▬▬▬▬▬▬▬▬▬▬▬▬▬▬▬▬
11:16:00 [allowed] §f                      §r§9Test of Control §r§e§lOBJECTIVES
11:16:00 [EMPTY] 
11:16:00 [allowed] §f                 §r§7§r§61. §r§7Stare directly at a moving skeleton.
11:16:00 [allowed] §f             §r§7§r§62. §r§7More accurate staring gives more points
11:16:00 [allowed] §f                           §r§7and time in the arena.
11:16:00 [allowed] §f            §r§7§r§63. §r§7Don't look away for too long or fall in the
11:16:00 [allowed] §f                                      §r§7lava!
11:16:00 [allowed] §a§l▬▬▬▬▬▬▬▬▬▬▬▬▬▬▬▬▬▬▬▬▬▬▬▬▬▬▬▬▬▬▬▬▬▬▬▬▬▬▬▬▬▬▬▬▬▬▬▬▬▬▬▬▬▬▬▬▬▬▬▬▬▬▬▬
11:16:01 [allowed] Unknown command. Type "/help" for help. ('uhfdsolguhkjdjfhgkjhdfdlgkjhldkjhlkjhsldkjfhldshkjf')
11:16:36 [allowed] §c ☠ §r§7§r§aVirusFeuer§r§7 was killed by §r§4§lMagma Boss§r§7§r§7.
11:16:39 [allowed] §a§r§6Mining Speed Boost §r§ais now available!
11:17:01 [allowed] Unknown command. Type "/help" for help. ('uhfdsolguhkjdjfhgkjhdfdlgkjhldkjhlkjhsldkjfhldshkjf')
11:17:02 [allowed] §a§l▬▬▬▬▬▬▬▬▬▬▬▬▬▬▬▬▬▬▬▬▬▬▬▬▬▬▬▬▬▬▬▬▬▬▬▬▬▬▬▬▬▬▬▬▬▬▬▬▬▬▬▬▬▬▬▬▬▬▬▬▬▬▬▬
11:17:02 [allowed] §f                        §r§a§lCHALLENGE COMPLETED
11:17:02 [allowed] §f                                    §r§9Control
11:17:02 [EMPTY] 
11:17:02 [allowed] §f                             §r§6Your Rank: §r§aD §r§8(247)
11:17:02 [allowed] §f                               §r§7Time: §r§b00:53:000
11:17:02 [allowed] §a§l▬▬▬▬▬▬▬▬▬▬▬▬▬▬▬▬▬▬▬▬▬▬▬▬▬▬▬▬▬▬▬▬▬▬▬▬▬▬▬▬▬▬▬▬▬▬▬▬▬▬▬▬▬▬▬▬▬▬▬▬▬▬▬▬
11:17:02 [allowed] §e[NPC] §eMaster Tao§f: §rHardly skilled, but I'll let it pass. Come talk to me for your next challenge, and do better in the future.
11:17:07 [allowed] §c ☠ §r§7§r§bRTX1650§r§7 was killed by §r§5§lMage Outlaw§r§7§r§7.
11:17:26 [allowed] §e[NPC] §eMaster Tao§f: §rAhhh, here we go! Let's get you into the Arena.
11:17:28 [allowed] §a§l▬▬▬▬▬▬▬▬▬▬▬▬▬▬▬▬▬▬▬▬▬▬▬▬▬▬▬▬▬▬▬▬▬▬▬▬▬▬▬▬▬▬▬▬▬▬▬▬▬▬▬▬▬▬▬▬▬▬▬▬▬▬▬▬
11:17:28 [allowed] §f                      §r§dTest of Stamina §r§e§lOBJECTIVES
11:17:28 [EMPTY] 
11:17:28 [allowed] §f            §r§7§r§61. §r§7Jump through the open holes in the moving
11:17:28 [allowed] §f                                     §r§7walls.
11:17:28 [allowed] §f              §r§7§r§62. §r§7Earn points by staying on the platform.
11:17:28 [allowed] §f                    §r§7§r§63. §r§7Don't get pushed into the lava!
11:17:28 [allowed] §a§l▬▬▬▬▬▬▬▬▬▬▬▬▬▬▬▬▬▬▬▬▬▬▬▬▬▬▬▬▬▬▬▬▬▬▬▬▬▬▬▬▬▬▬▬▬▬▬▬▬▬▬▬▬▬▬▬▬▬▬▬▬▬▬▬
11:18:01 [allowed] Unknown command. Type "/help" for help. ('uhfdsolguhkjdjfhgkjhdfdlgkjhldkjhlkjhsldkjfhldshkjf')
11:18:06 [allowed] §8[§r§b226§r§8] §r§7✎ §r§b[MVP] K4mil071§f§r§f: t
11:18:24 [allowed] §c ☠ §r§7§r§bAysila§r§7 was killed by Smoldering Blaze§r§7§r§7.
11:18:41 [GUILD_EXP] §aYou earned §r§2216 GEXP §r§a+ §r§e648 Event EXP §r§afrom playing SkyBlock!
11:19:01 [allowed] Unknown command. Type "/help" for help. ('uhfdsolguhkjdjfhgkjhdfdlgkjhldkjhlkjhsldkjfhldshkjf')
11:19:01 [allowed] §6[Bazaar] §eYour §6Sell Offer §efor §a5§7x §6Refined Titanium §ewas filled!
11:19:18 [allowed] §a§l▬▬▬▬▬▬▬▬▬▬▬▬▬▬▬▬▬▬▬▬▬▬▬▬▬▬▬▬▬▬▬▬▬▬▬▬▬▬▬▬▬▬▬▬▬▬▬▬▬▬▬▬▬▬▬▬▬▬▬▬▬▬▬▬
11:19:18 [allowed] §f                        §r§a§lCHALLENGE COMPLETED
11:19:18 [allowed] §f                                    §r§dStamina
11:19:18 [EMPTY] 
11:19:18 [allowed] §f                             §r§6Your Rank: §r§aC §r§8(468)
11:19:18 [allowed] §f                               §r§7Time: §r§b01:42:700
11:19:18 [allowed] §a§l▬▬▬▬▬▬▬▬▬▬▬▬▬▬▬▬▬▬▬▬▬▬▬▬▬▬▬▬▬▬▬▬▬▬▬▬▬▬▬▬▬▬▬▬▬▬▬▬▬▬▬▬▬▬▬▬▬▬▬▬▬▬▬▬
11:19:18 [allowed] §e[NPC] §eMaster Tao§f: §rRather average, I'd say. Speak to me again to try a new challenge, or improve on this one!
11:19:43 [allowed] §e[NPC] §eMaster Tao§f: §rAhhh, here we go! Let's get you into the Arena.
11:19:45 [allowed] §a§l▬▬▬▬▬▬▬▬▬▬▬▬▬▬▬▬▬▬▬▬▬▬▬▬▬▬▬▬▬▬▬▬▬▬▬▬▬▬▬▬▬▬▬▬▬▬▬▬▬▬▬▬▬▬▬▬▬▬▬▬▬▬▬▬
11:19:45 [allowed] §f                       §r§6Test of Force §r§e§lOBJECTIVES
11:19:45 [EMPTY] 
11:19:45 [allowed] §f                       §r§7§r§61. §r§7Knock mobs into the lava.
11:19:45 [allowed] §f             §r§7§r§62. §r§7Some mobs give more points than others.
11:19:45 [allowed] §f                       §r§7§r§63. §r§7Avoid negative point mobs!
11:19:45 [allowed] §a§l▬▬▬▬▬▬▬▬▬▬▬▬▬▬▬▬▬▬▬▬▬▬▬▬▬▬▬▬▬▬▬▬▬▬▬▬▬▬▬▬▬▬▬▬▬▬▬▬▬▬▬▬▬▬▬▬▬▬▬▬▬▬▬▬
11:20:01 [allowed] Unknown command. Type "/help" for help. ('uhfdsolguhkjdjfhgkjhdfdlgkjhldkjhlkjhsldkjfhldshkjf')
11:20:13 [allowed] §c ☠ §r§7§r§bAndiNoX§r§7 was killed by §r§5§lMage Outlaw§r§7§r§7.
11:20:52 [allowed] §eYou have §r§c60s §r§eremaining!
11:20:59 [allowed] §c ☠ §r§7§r§bSILVERPYTHON844§r§7 was killed by §r§8§lAshfang§r§7§r§7.
11:21:01 [allowed] Unknown command. Type "/help" for help. ('uhfdsolguhkjdjfhgkjhdfdlgkjhldkjhlkjhsldkjfhldshkjf')
11:21:22 [allowed] §eYou have §r§c30s §r§eremaining!
11:21:23 [allowed] §c ☠ §r§7§r§bfrederic_6§r§7 was killed by Inferno Demonlord§r§7§r§7.
11:21:43 [allowed] §eYou have §r§c10s §r§eremaining!
11:21:48 [allowed] §eYou have §r§c5s §r§eremaining!
11:21:49 [allowed] §eYou have §r§c4s §r§eremaining!
11:21:50 [allowed] §eYou have §r§c3s §r§eremaining!
11:21:51 [allowed] §eYou have §r§c2s §r§eremaining!
11:21:52 [allowed] §eYou have §r§c1s §r§eremaining!
11:21:53 [allowed] §a§l▬▬▬▬▬▬▬▬▬▬▬▬▬▬▬▬▬▬▬▬▬▬▬▬▬▬▬▬▬▬▬▬▬▬▬▬▬▬▬▬▬▬▬▬▬▬▬▬▬▬▬▬▬▬▬▬▬▬▬▬▬▬▬▬
11:21:53 [allowed] §f                        §r§a§lCHALLENGE COMPLETED
11:21:53 [allowed] §f                                     §r§6Force
11:21:53 [EMPTY] 
11:21:53 [allowed] §f                             §r§6Your Rank: §r§aB §r§8(790)
11:21:53 [allowed] §f                               §r§7Time: §r§b02:00:000
11:21:53 [allowed] §a§l▬▬▬▬▬▬▬▬▬▬▬▬▬▬▬▬▬▬▬▬▬▬▬▬▬▬▬▬▬▬▬▬▬▬▬▬▬▬▬▬▬▬▬▬▬▬▬▬▬▬▬▬▬▬▬▬▬▬▬▬▬▬▬▬
11:21:53 [allowed] §e[NPC] §eMaster Tao§f: §rThat was pretty good! Please come by again for a new challenge.
11:21:58 [allowed] §c ☠ §r§7§r§bSILVERPYTHON844§r§7 was killed by §r§8§lAshfang§r§7§r§7.
11:22:01 [allowed] Unknown command. Type "/help" for help. ('uhfdsolguhkjdjfhgkjhdfdlgkjhldkjhlkjhsldkjfhldshkjf')
11:22:09 [allowed] §e[NPC] §eMaster Tao§f: §rAhhh, here we go! Let's get you into the Arena.
11:22:10 [allowed] §a§l▬▬▬▬▬▬▬▬▬▬▬▬▬▬▬▬▬▬▬▬▬▬▬▬▬▬▬▬▬▬▬▬▬▬▬▬▬▬▬▬▬▬▬▬▬▬▬▬▬▬▬▬▬▬▬▬▬▬▬▬▬▬▬▬
11:22:10 [allowed] §f                       §r§6Test of Force §r§e§lOBJECTIVES
11:22:10 [EMPTY] 
11:22:10 [allowed] §f                       §r§7§r§61. §r§7Knock mobs into the lava.
11:22:10 [allowed] §f             §r§7§r§62. §r§7Some mobs give more points than others.
11:22:10 [allowed] §f                       §r§7§r§63. §r§7Avoid negative point mobs!
11:22:10 [allowed] §a§l▬▬▬▬▬▬▬▬▬▬▬▬▬▬▬▬▬▬▬▬▬▬▬▬▬▬▬▬▬▬▬▬▬▬▬▬▬▬▬▬▬▬▬▬▬▬▬▬▬▬▬▬▬▬▬▬▬▬▬▬▬▬▬▬
11:22:25 [allowed] §eYou will leave the challenge in 2 seconds! Click the clay again to cancel.
11:22:27 [allowed] §a§l▬▬▬▬▬▬▬▬▬▬▬▬▬▬▬▬▬▬▬▬▬▬▬▬▬▬▬▬▬▬▬▬▬▬▬▬▬▬▬▬▬▬▬▬▬▬▬▬▬▬▬▬▬▬▬▬▬▬▬▬▬▬▬▬
11:22:27 [allowed] §f                           §r§c§lCHALLENGE FAILED
11:22:27 [allowed] §f                                     §r§6Force
11:22:27 [EMPTY] 
11:22:27 [allowed] §f                        §r§6Your Rank: §r§aF §r§8(10) §r§c§lFAILED
11:22:27 [allowed] §f                               §r§7Time: §r§b00:10:150
11:22:27 [allowed] §a§l▬▬▬▬▬▬▬▬▬▬▬▬▬▬▬▬▬▬▬▬▬▬▬▬▬▬▬▬▬▬▬▬▬▬▬▬▬▬▬▬▬▬▬▬▬▬▬▬▬▬▬▬▬▬▬▬▬▬▬▬▬▬▬▬
11:22:27 [allowed] §e[NPC] §eMaster Tao§f: §rYou were not good enough. Come back when you've trained more.
11:22:29 [allowed] §e[NPC] §eMaster Tao§f: §rAhhh, here we go! Let's get you into the Arena.
11:22:30 [allowed] §8[§r§e113§r§8] §r§b[MVP§c+§b] SILVERPYTHON844 §5ቾ§f§r§f: paying for ashfang
11:22:31 [allowed] §a§l▬▬▬▬▬▬▬▬▬▬▬▬▬▬▬▬▬▬▬▬▬▬▬▬▬▬▬▬▬▬▬▬▬▬▬▬▬▬▬▬▬▬▬▬▬▬▬▬▬▬▬▬▬▬▬▬▬▬▬▬▬▬▬▬
11:22:31 [allowed] §f                       §r§6Test of Force §r§e§lOBJECTIVES
11:22:31 [EMPTY] 
11:22:31 [allowed] §f                       §r§7§r§61. §r§7Knock mobs into the lava.
11:22:31 [allowed] §f             §r§7§r§62. §r§7Some mobs give more points than others.
11:22:31 [allowed] §f                       §r§7§r§63. §r§7Avoid negative point mobs!
11:22:31 [allowed] §a§l▬▬▬▬▬▬▬▬▬▬▬▬▬▬▬▬▬▬▬▬▬▬▬▬▬▬▬▬▬▬▬▬▬▬▬▬▬▬▬▬▬▬▬▬▬▬▬▬▬▬▬▬▬▬▬▬▬▬▬▬▬▬▬▬
11:22:36 [allowed] §c ☠ §r§7§r§asolid2324§r§7 was killed by Chickzilla§r§7§r§7.
11:23:01 [allowed] Unknown command. Type "/help" for help. ('uhfdsolguhkjdjfhgkjhdfdlgkjhldkjhlkjhsldkjfhldshkjf')
11:23:25 [allowed] §8[§r§b217§r§8] §r§6✿ §r§b[MVP§c+§b] berczitomi79§f§r§f: TROPHY FISH! You caught a Sulphur Skitter DIAMOND.
11:23:32 [allowed] §8[§r§3245§r§8] §r§6ჶ §r§b[MVP§e+§b] sam_p08§f§r§f: gg
11:23:38 [allowed] §eYou have §r§c60s §r§eremaining!
11:23:48 [GUILD_EXP] §aYou earned §r§2560 GEXP §r§a+ §r§e1,680 Event EXP §r§afrom playing SkyBlock!
11:24:01 [allowed] Unknown command. Type "/help" for help. ('uhfdsolguhkjdjfhgkjhdfdlgkjhldkjhlkjhsldkjfhldshkjf')
11:24:02 [allowed] §c ☠ §r§7§r§aSotiris03GR§r§7 was killed by §r§8§lBarbarian Duke X§r§7§r§7.
11:24:08 [allowed] §eYou have §r§c30s §r§eremaining!
11:24:28 [allowed] §eYou have §r§c10s §r§eremaining!
11:24:34 [allowed] §eYou have §r§c5s §r§eremaining!
11:24:35 [allowed] §eYou have §r§c4s §r§eremaining!
11:24:36 [allowed] §eYou have §r§c3s §r§eremaining!
11:24:37 [allowed] §eYou have §r§c2s §r§eremaining!
11:24:38 [allowed] §eYou have §r§c1s §r§eremaining!
11:24:40 [allowed] §a§l▬▬▬▬▬▬▬▬▬▬▬▬▬▬▬▬▬▬▬▬▬▬▬▬▬▬▬▬▬▬▬▬▬▬▬▬▬▬▬▬▬▬▬▬▬▬▬▬▬▬▬▬▬▬▬▬▬▬▬▬▬▬▬▬
11:24:40 [allowed] §f                        §r§a§lCHALLENGE COMPLETED
11:24:40 [allowed] §f                                     §r§6Force
11:24:40 [EMPTY] 
11:24:40 [allowed] §f                             §r§6Your Rank: §r§aB §r§8(760)
11:24:40 [allowed] §f                               §r§7Time: §r§b02:00:000
11:24:40 [allowed] §a§l▬▬▬▬▬▬▬▬▬▬▬▬▬▬▬▬▬▬▬▬▬▬▬▬▬▬▬▬▬▬▬▬▬▬▬▬▬▬▬▬▬▬▬▬▬▬▬▬▬▬▬▬▬▬▬▬▬▬▬▬▬▬▬▬
11:24:40 [allowed] §e[NPC] §eMaster Tao§f: §rThat was pretty good! Please come by again for a new challenge.
11:25:01 [allowed] Unknown command. Type "/help" for help. ('uhfdsolguhkjdjfhgkjhdfdlgkjhldkjhlkjhsldkjfhldshkjf')
11:25:02 [allowed] §e[NPC] §eMaster Tao§f: §rAhhh, here we go! Let's get you into the Arena.
11:25:04 [allowed] §a§l▬▬▬▬▬▬▬▬▬▬▬▬▬▬▬▬▬▬▬▬▬▬▬▬▬▬▬▬▬▬▬▬▬▬▬▬▬▬▬▬▬▬▬▬▬▬▬▬▬▬▬▬▬▬▬▬▬▬▬▬▬▬▬▬
11:25:04 [allowed] §f                     §r§cTest of Discipline §r§e§lOBJECTIVES
11:25:04 [EMPTY] 
11:25:04 [allowed] §f                 §r§7§r§61. §r§7Hit the mob with the correct sword.
11:25:04 [allowed] §f           §r§7§r§62. §r§7Every 30 seconds, gain a new type of sword.
11:25:04 [allowed] §f               §r§7§r§63. §r§7Don't hit the mob with the wrong sword.
11:25:04 [allowed] §a§l▬▬▬▬▬▬▬▬▬▬▬▬▬▬▬▬▬▬▬▬▬▬▬▬▬▬▬▬▬▬▬▬▬▬▬▬▬▬▬▬▬▬▬▬▬▬▬▬▬▬▬▬▬▬▬▬▬▬▬▬▬▬▬▬
11:25:08 [allowed] §c ☠ §r§7§r§aSotiris03GR§r§7 was killed by §r§8§lBarbarian Duke X§r§7§r§7.
11:25:18 [allowed] §c ☠ §r§7§r§bfrederic_6§r§7 was killed by Inferno Demonlord§r§7§r§7.
11:25:25 [allowed] §eA new type of zombie can spawn...
11:25:33 [allowed] §c ☠ §r§7§r§bAndiNoX§r§7 was killed by §r§8§lBladesoul§r§7§r§7.
11:25:35 [allowed] §cThat was the wrong item for that zombie!
11:25:56 [allowed] §eA new type of zombie can spawn...
11:25:58 [allowed] §cThat was the wrong item for that zombie!
11:26:01 [allowed] Unknown command. Type "/help" for help. ('uhfdsolguhkjdjfhgkjhdfdlgkjhldkjhlkjhsldkjfhldshkjf')
11:26:09 [allowed] §cThat was the wrong item for that zombie!
11:26:11 [allowed] §eYou have §r§c60s §r§eremaining!
11:26:12 [allowed] §cThat was the wrong item for that zombie!
11:26:27 [allowed] §eA new type of zombie can spawn...
11:26:29 [allowed] §cThat was the wrong item for that zombie!
11:26:42 [allowed] §eYou have §r§c30s §r§eremaining!
11:26:50 [allowed] §cThat was the wrong item for that zombie!
11:26:56 [allowed] §cThat was the wrong item for that zombie!
11:27:02 [allowed] Unknown command. Type "/help" for help. ('uhfdsolguhkjdjfhgkjhdfdlgkjhldkjhlkjhsldkjfhldshkjf')
11:27:02 [allowed] §eYou have §r§c10s §r§eremaining!
11:27:07 [allowed] §eYou have §r§c5s §r§eremaining!
11:27:08 [allowed] §eYou have §r§c4s §r§eremaining!
11:27:10 [allowed] §eYou have §r§c3s §r§eremaining!
11:27:11 [allowed] §eYou have §r§c2s §r§eremaining!
11:27:12 [allowed] §eYou have §r§c1s §r§eremaining!
11:27:13 [allowed] §a§l▬▬▬▬▬▬▬▬▬▬▬▬▬▬▬▬▬▬▬▬▬▬▬▬▬▬▬▬▬▬▬▬▬▬▬▬▬▬▬▬▬▬▬▬▬▬▬▬▬▬▬▬▬▬▬▬▬▬▬▬▬▬▬▬
11:27:13 [allowed] §f                        §r§a§lCHALLENGE COMPLETED
11:27:13 [allowed] §f                                   §r§cDiscipline
11:27:13 [EMPTY] 
11:27:13 [allowed] §f                             §r§6Your Rank: §r§aB §r§8(696)
11:27:13 [allowed] §f                               §r§7Time: §r§b02:00:000
11:27:13 [allowed] §a§l▬▬▬▬▬▬▬▬▬▬▬▬▬▬▬▬▬▬▬▬▬▬▬▬▬▬▬▬▬▬▬▬▬▬▬▬▬▬▬▬▬▬▬▬▬▬▬▬▬▬▬▬▬▬▬▬▬▬▬▬▬▬▬▬
11:27:13 [allowed] §e[NPC] §eMaster Tao§f: §rThat was pretty good! Please come by again for a new challenge.
11:27:29 [allowed] §e[NPC] §eMaster Tao§f: §rAhhh, here we go! Let's get you into the Arena.
11:27:31 [allowed] §a§l▬▬▬▬▬▬▬▬▬▬▬▬▬▬▬▬▬▬▬▬▬▬▬▬▬▬▬▬▬▬▬▬▬▬▬▬▬▬▬▬▬▬▬▬▬▬▬▬▬▬▬▬▬▬▬▬▬▬▬▬▬▬▬▬
11:27:31 [allowed] §f                    §r§aTest of Swiftness §r§e§lOBJECTIVES
11:27:31 [EMPTY] 
11:27:31 [allowed] §f             §r§7§r§61. §r§7Temporary blocks will spawn to stand on.
11:27:31 [allowed] §f              §r§7§r§62. §r§7If the block is red it'll disappear soon!
11:27:31 [allowed] §f             §r§7§r§63. §r§7Don't stand around and fall into the lava.
11:27:31 [allowed] §a§l▬▬▬▬▬▬▬▬▬▬▬▬▬▬▬▬▬▬▬▬▬▬▬▬▬▬▬▬▬▬▬▬▬▬▬▬▬▬▬▬▬▬▬▬▬▬▬▬▬▬▬▬▬▬▬▬▬▬▬▬▬▬▬▬
11:27:46 [allowed] §8[§r§b217§r§8] §r§6✿ §r§b[MVP§c+§b] berczitomi79§f§r§f: UUUH
11:27:48 [allowed] §8[§r§b217§r§8] §r§6✿ §r§b[MVP§c+§b] berczitomi79§f§r§f: TROPHY FISH! You caught a Blobfish DIAMOND.
11:27:54 [allowed] §8[§r§6404§r§8] §r§6ௐ §r§6[MVP§6++§6] efanmlg12§f§r§f: gg!
11:28:00 [allowed] §8[§r§b217§r§8] §r§6✿ §r§b[MVP§c+§b] berczitomi79§f§r§f: got my last diamond 5 mina go xd
11:28:01 [allowed] Unknown command. Type "/help" for help. ('uhfdsolguhkjdjfhgkjhdfdlgkjhldkjhlkjhsldkjfhldshkjf')
11:28:36 [allowed] §a§l▬▬▬▬▬▬▬▬▬▬▬▬▬▬▬▬▬▬▬▬▬▬▬▬▬▬▬▬▬▬▬▬▬▬▬▬▬▬▬▬▬▬▬▬▬▬▬▬▬▬▬▬▬▬▬▬▬▬▬▬▬▬▬▬
11:28:36 [allowed] §f                        §r§a§lCHALLENGE COMPLETED
11:28:36 [allowed] §f                                   §r§aSwiftness
11:28:36 [EMPTY] 
11:28:36 [allowed] §f                             §r§6Your Rank: §r§aB §r§8(688)
11:28:36 [allowed] §f                               §r§7Time: §r§b00:57:700
11:28:36 [allowed] §a§l▬▬▬▬▬▬▬▬▬▬▬▬▬▬▬▬▬▬▬▬▬▬▬▬▬▬▬▬▬▬▬▬▬▬▬▬▬▬▬▬▬▬▬▬▬▬▬▬▬▬▬▬▬▬▬▬▬▬▬▬▬▬▬▬
11:28:36 [allowed] §e[NPC] §eMaster Tao§f: §rThat was pretty good! Please come by again for a new challenge.
11:28:55 [GUILD_EXP] §aYou earned §r§2750 GEXP §r§a+ §r§e2,250 Event EXP §r§afrom playing SkyBlock!
11:29:01 [allowed] Unknown command. Type "/help" for help. ('uhfdsolguhkjdjfhgkjhdfdlgkjhldkjhlkjhsldkjfhldshkjf')
11:30:01 [allowed] Unknown command. Type "/help" for help. ('uhfdsolguhkjdjfhgkjhdfdlgkjhldkjhlkjhsldkjfhldshkjf')
11:30:16 [allowed] §c ☠ §r§7§r§bAndiNoX§r§7 was killed by §r§cMagma Glare§r§7§r§7.
11:30:37 [allowed] §c ☠ §r§7§r§6efanmlg12§r§7 was killed by Inferno Demonlord§r§7§r§7.
11:30:46 [allowed] §8[§r§b217§r§8] §r§6✿ §r§b[MVP§c+§b] berczitomi79§f§r§f: TROPHY FISH! You caught an Obfuscated 1 DIAMOND.
11:31:01 [allowed] Unknown command. Type "/help" for help. ('uhfdsolguhkjdjfhgkjhdfdlgkjhldkjhlkjhsldkjfhldshkjf')
11:31:14 [allowed] §e[NPC] §eMaster Tao§f: §rAhhh, here we go! Let's get you into the Arena.
11:31:15 [allowed] §8[§r§6422§r§8] §r§b♔ §r§6[MVP§a++§6] ozdiak§f§r§f: berci vagy tomi
11:31:16 [allowed] §a§l▬▬▬▬▬▬▬▬▬▬▬▬▬▬▬▬▬▬▬▬▬▬▬▬▬▬▬▬▬▬▬▬▬▬▬▬▬▬▬▬▬▬▬▬▬▬▬▬▬▬▬▬▬▬▬▬▬▬▬▬▬▬▬▬
11:31:16 [allowed] §f                      §r§9Test of Control §r§e§lOBJECTIVES
11:31:16 [EMPTY] 
11:31:16 [allowed] §f                 §r§7§r§61. §r§7Stare directly at a moving skeleton.
11:31:16 [allowed] §f             §r§7§r§62. §r§7More accurate staring gives more points
11:31:16 [allowed] §f                           §r§7and time in the arena.
11:31:16 [allowed] §f            §r§7§r§63. §r§7Don't look away for too long or fall in the
11:31:16 [allowed] §f                                      §r§7lava!
11:31:16 [allowed] §a§l▬▬▬▬▬▬▬▬▬▬▬▬▬▬▬▬▬▬▬▬▬▬▬▬▬▬▬▬▬▬▬▬▬▬▬▬▬▬▬▬▬▬▬▬▬▬▬▬▬▬▬▬▬▬▬▬▬▬▬▬▬▬▬▬
11:31:20 [allowed] §8[§r§b217§r§8] §r§6✿ §r§b[MVP§c+§b] berczitomi79§f§r§f: aha
11:31:27 [allowed] §8[§r§b217§r§8] §r§6✿ §r§b[MVP§c+§b] berczitomi79§f§r§f: tomi
11:31:28 [allowed] §c ☠ §r§7§r§bAndiNoX§r§7 was killed by §r§cMagma Glare§r§7§r§7.
11:31:36 [allowed] §8[§r§b217§r§8] §r§6✿ §r§b[MVP§c+§b] berczitomi79§f§r§f: mizu ozdiak
11:31:37 [allowed] §8[§r§6422§r§8] §r§b♔ §r§6[MVP§a++§6] ozdiak§f§r§f: jo
11:31:39 [allowed] §8[§r§6422§r§8] §r§b♔ §r§6[MVP§a++§6] ozdiak§f§r§f: akkor gg
11:31:42 [allowed] §8[§r§b217§r§8] §r§6✿ §r§b[MVP§c+§b] berczitomi79§f§r§f: ty
11:31:51 [allowed] §8[§r§6422§r§8] §r§b♔ §r§6[MVP§a++§6] ozdiak§f§r§f: szopok blaze 9
11:31:53 [allowed] §8[§r§b217§r§8] §r§6✿ §r§b[MVP§c+§b] berczitomi79§f§r§f: már láttalak egy crystal hollows lobbyba is
11:31:56 [allowed] §c ☠ §r§7§r§6ozdiak§r§7 was killed by §r§4Burningsoul Demon§r§7§r§7.
11:32:00 [allowed] §8[§r§b217§r§8] §r§6✿ §r§b[MVP§c+§b] berczitomi79§f§r§f: ugyan ezt kérdezted
11:32:01 [allowed] Unknown command. Type "/help" for help. ('uhfdsolguhkjdjfhgkjhdfdlgkjhldkjhlkjhsldkjfhldshkjf')
11:32:03 [allowed] §8[§r§6422§r§8] §r§b♔ §r§6[MVP§a++§6] ozdiak§f§r§f: tudom
11:32:04 [allowed] §8[§r§2174§r§8] §r§a[VIP§6+§a] dede67 §c⚒§f§r§f: im a engish king
11:32:50 [allowed] §a§l▬▬▬▬▬▬▬▬▬▬▬▬▬▬▬▬▬▬▬▬▬▬▬▬▬▬▬▬▬▬▬▬▬▬▬▬▬▬▬▬▬▬▬▬▬▬▬▬▬▬▬▬▬▬▬▬▬▬▬▬▬▬▬▬
11:32:50 [allowed] §f                        §r§a§lCHALLENGE COMPLETED
11:32:50 [allowed] §f                                    §r§9Control
11:32:50 [EMPTY] 
11:32:50 [allowed] §f                             §r§6Your Rank: §r§aC §r§8(495)
11:32:50 [allowed] §f                               §r§7Time: §r§b01:27:000
11:32:50 [allowed] §a§l▬▬▬▬▬▬▬▬▬▬▬▬▬▬▬▬▬▬▬▬▬▬▬▬▬▬▬▬▬▬▬▬▬▬▬▬▬▬▬▬▬▬▬▬▬▬▬▬▬▬▬▬▬▬▬▬▬▬▬▬▬▬▬▬
11:32:50 [allowed] §e[NPC] §eMaster Tao§f: §rRather average, I'd say. Speak to me again to try a new challenge, or improve on this one!
11:33:01 [allowed] Unknown command. Type "/help" for help. ('uhfdsolguhkjdjfhgkjhdfdlgkjhldkjhlkjhsldkjfhldshkjf')
11:34:03 [allowed] Unknown command. Type "/help" for help. ('uhfdsolguhkjdjfhgkjhdfdlgkjhldkjhlkjhsldkjfhldshkjf')
11:34:03 [GUILD_EXP] §aYou earned §r§2263 GEXP §r§a+ §r§e789 Event EXP §r§afrom playing SkyBlock!
11:34:14 [allowed] §e[NPC] §eMaster Tao§f: §rAhhh, here we go! Let's get you into the Arena.
11:34:16 [allowed] §a§l▬▬▬▬▬▬▬▬▬▬▬▬▬▬▬▬▬▬▬▬▬▬▬▬▬▬▬▬▬▬▬▬▬▬▬▬▬▬▬▬▬▬▬▬▬▬▬▬▬▬▬▬▬▬▬▬▬▬▬▬▬▬▬▬
11:34:16 [allowed] §f                     §r§eTest of Mastery §r§e§lOBJECTIVES
11:34:16 [EMPTY] 
11:34:16 [allowed] §f             §r§7§r§61. §r§7Shoot the targets before they disappear.
11:34:16 [allowed] §f                 §r§7§r§62. §r§7§r§aGreen §r§7targets are worth §r§a8 §r§7points.
11:34:16 [allowed] §f                 §r§7§r§63. §r§7§r§eYellow §r§7targets are worth §r§a16 §r§7points.
11:34:16 [allowed] §f                  §r§7§r§64. §r§7§r§cRed §r§7targets are worth §r§a32 §r§7points.
11:34:16 [allowed] §a§l▬▬▬▬▬▬▬▬▬▬▬▬▬▬▬▬▬▬▬▬▬▬▬▬▬▬▬▬▬▬▬▬▬▬▬▬▬▬▬▬▬▬▬▬▬▬▬▬▬▬▬▬▬▬▬▬▬▬▬▬▬▬▬▬
11:34:36 [allowed] §eYou will leave the challenge in 2 seconds! Click the clay again to cancel.
11:34:38 [allowed] §a§l▬▬▬▬▬▬▬▬▬▬▬▬▬▬▬▬▬▬▬▬▬▬▬▬▬▬▬▬▬▬▬▬▬▬▬▬▬▬▬▬▬▬▬▬▬▬▬▬▬▬▬▬▬▬▬▬▬▬▬▬▬▬▬▬
11:34:38 [allowed] §f                           §r§c§lCHALLENGE FAILED
11:34:38 [allowed] §f                                   §r§eMastery
11:34:38 [EMPTY] 
11:34:38 [allowed] §f                        §r§6Your Rank: §r§aF §r§8(32) §r§c§lFAILED
11:34:38 [allowed] §f                               §r§7Time: §r§b00:16:350
11:34:38 [allowed] §a§l▬▬▬▬▬▬▬▬▬▬▬▬▬▬▬▬▬▬▬▬▬▬▬▬▬▬▬▬▬▬▬▬▬▬▬▬▬▬▬▬▬▬▬▬▬▬▬▬▬▬▬▬▬▬▬▬▬▬▬▬▬▬▬▬
11:34:38 [allowed] §e[NPC] §eMaster Tao§f: §rYou were not good enough. Come back when you've trained more.
11:34:39 [allowed] §c ☠ §r§7§r§6efanmlg12§r§7 was killed by Inferno Demonlord§r§7§r§7.
11:34:41 [allowed] §e[NPC] §eMaster Tao§f: §rAhhh, here we go! Let's get you into the Arena.
11:34:43 [allowed] §a§l▬▬▬▬▬▬▬▬▬▬▬▬▬▬▬▬▬▬▬▬▬▬▬▬▬▬▬▬▬▬▬▬▬▬▬▬▬▬▬▬▬▬▬▬▬▬▬▬▬▬▬▬▬▬▬▬▬▬▬▬▬▬▬▬
11:34:43 [allowed] §f                     §r§eTest of Mastery §r§e§lOBJECTIVES
11:34:43 [EMPTY] 
11:34:43 [allowed] §f             §r§7§r§61. §r§7Shoot the targets before they disappear.
11:34:43 [allowed] §f                 §r§7§r§62. §r§7§r§aGreen §r§7targets are worth §r§a8 §r§7points.
11:34:43 [allowed] §f                 §r§7§r§63. §r§7§r§eYellow §r§7targets are worth §r§a16 §r§7points.
11:34:43 [allowed] §f                  §r§7§r§64. §r§7§r§cRed §r§7targets are worth §r§a32 §r§7points.
11:34:43 [allowed] §a§l▬▬▬▬▬▬▬▬▬▬▬▬▬▬▬▬▬▬▬▬▬▬▬▬▬▬▬▬▬▬▬▬▬▬▬▬▬▬▬▬▬▬▬▬▬▬▬▬▬▬▬▬▬▬▬▬▬▬▬▬▬▬▬▬
11:35:01 [allowed] Unknown command. Type "/help" for help. ('uhfdsolguhkjdjfhgkjhdfdlgkjhldkjhlkjhsldkjfhldshkjf')
11:35:02 [SKYMALL] §bNew day! §r§eYour §r§2Sky Mall §r§ebuff changed!
11:35:02 [SKYMALL] §eNew buff§r§r§r: §r§fGain §r§a+50 §r§6☘ Mining Fortune§r§f.
11:35:02 [SKYMALL] §8§oYou can disable this messaging by toggling Sky Mall in your /hotm!
11:35:49 [allowed] §c ☠ §r§7§r§bAndiNoX§r§7 was killed by Mage Guard§r§7§r§7.
11:35:50 [allowed] §eYou have §r§c60s §r§eremaining!
11:36:01 [allowed] Unknown command. Type "/help" for help. ('uhfdsolguhkjdjfhgkjhdfdlgkjhldkjhlkjhsldkjfhldshkjf')
11:36:21 [allowed] §eYou have §r§c30s §r§eremaining!
11:36:41 [allowed] §eYou have §r§c10s §r§eremaining!
11:36:47 [allowed] §eYou have §r§c5s §r§eremaining!
11:36:48 [allowed] §eYou have §r§c4s §r§eremaining!
11:36:49 [allowed] §eYou have §r§c3s §r§eremaining!
11:36:50 [allowed] §eYou have §r§c2s §r§eremaining!
11:36:51 [allowed] §eYou have §r§c1s §r§eremaining!
11:36:52 [allowed] §a§l▬▬▬▬▬▬▬▬▬▬▬▬▬▬▬▬▬▬▬▬▬▬▬▬▬▬▬▬▬▬▬▬▬▬▬▬▬▬▬▬▬▬▬▬▬▬▬▬▬▬▬▬▬▬▬▬▬▬▬▬▬▬▬▬
11:36:52 [allowed] §f                        §r§a§lCHALLENGE COMPLETED
11:36:52 [allowed] §f                                   §r§eMastery
11:36:52 [EMPTY] 
11:36:52 [allowed] §f                             §r§6Your Rank: §r§aA §r§8(976)
11:36:52 [allowed] §f                               §r§7Time: §r§b02:00:000
11:36:52 [allowed] §a§l▬▬▬▬▬▬▬▬▬▬▬▬▬▬▬▬▬▬▬▬▬▬▬▬▬▬▬▬▬▬▬▬▬▬▬▬▬▬▬▬▬▬▬▬▬▬▬▬▬▬▬▬▬▬▬▬▬▬▬▬▬▬▬▬
11:36:52 [allowed] §e[NPC] §eMaster Tao§f: §rWow, that was really impressive. Come talk to me to view your next challenge.
11:37:01 [allowed] Unknown command. Type "/help" for help. ('uhfdsolguhkjdjfhgkjhdfdlgkjhldkjhlkjhsldkjfhldshkjf')
11:37:20 [allowed] §8[§r§b233§r§8] §r§7ᛃ §r§b[MVP§2+§b] AndiNoX§f§r§f: r
11:37:57 [allowed] §eAs you leave the Dojo§r§e, §r§eMaster Tao's §r§eprotection dissipates.
11:37:57 [allowed] §c ☠ §r§7§r§blegpet§r§7 was killed by §r§8§lBladesoul§r§7§r§7.
11:38:02 [allowed] Unknown command. Type "/help" for help. ('uhfdsolguhkjdjfhgkjhdfdlgkjhldkjhlkjhsldkjfhldshkjf')
11:38:04 [allowed] §eAs §r§eMaster Tao's §r§estudent, he protects you by preventing all damage in the Dojo§r§e.
11:38:20 [allowed] §e[NPC] §eMaster Tao§f: §rAhhh, here we go! Let's get you into the Arena.
11:38:22 [allowed] §a§l▬▬▬▬▬▬▬▬▬▬▬▬▬▬▬▬▬▬▬▬▬▬▬▬▬▬▬▬▬▬▬▬▬▬▬▬▬▬▬▬▬▬▬▬▬▬▬▬▬▬▬▬▬▬▬▬▬▬▬▬▬▬▬▬
11:38:22 [allowed] §f                      §r§9Test of Control §r§e§lOBJECTIVES
11:38:22 [EMPTY] 
11:38:22 [allowed] §f                 §r§7§r§61. §r§7Stare directly at a moving skeleton.
11:38:22 [allowed] §f             §r§7§r§62. §r§7More accurate staring gives more points
11:38:22 [allowed] §f                           §r§7and time in the arena.
11:38:22 [allowed] §f            §r§7§r§63. §r§7Don't look away for too long or fall in the
11:38:22 [allowed] §f                                      §r§7lava!
11:38:22 [allowed] §a§l▬▬▬▬▬▬▬▬▬▬▬▬▬▬▬▬▬▬▬▬▬▬▬▬▬▬▬▬▬▬▬▬▬▬▬▬▬▬▬▬▬▬▬▬▬▬▬▬▬▬▬▬▬▬▬▬▬▬▬▬▬▬▬▬
11:38:28 [allowed] §c ☠ §r§7§r§adede67§r§7 was killed by Smoldering Blaze§r§7§r§7.
11:38:30 [allowed] §c ☠ §r§7§r§bHelmior§r§7 was killed by §r§4Burningsoul Demon§r§7§r§7.
11:39:02 [allowed] Unknown command. Type "/help" for help. ('uhfdsolguhkjdjfhgkjhdfdlgkjhldkjhlkjhsldkjfhldshkjf')
11:39:10 [GUILD_EXP] §aYou earned §r§2211 GEXP §r§a+ §r§e633 Event EXP §r§afrom playing SkyBlock!
11:39:35 [allowed] §c ☠ §r§7§r§7BrainExE404§r§7 was digested by §r§6§lThe Matriarch§r§7§r§7.
11:40:02 [allowed] Unknown command. Type "/help" for help. ('uhfdsolguhkjdjfhgkjhdfdlgkjhldkjhlkjhsldkjfhldshkjf')
11:40:21 [allowed] §a§l▬▬▬▬▬▬▬▬▬▬▬▬▬▬▬▬▬▬▬▬▬▬▬▬▬▬▬▬▬▬▬▬▬▬▬▬▬▬▬▬▬▬▬▬▬▬▬▬▬▬▬▬▬▬▬▬▬▬▬▬▬▬▬▬
11:40:21 [allowed] §f                        §r§a§lCHALLENGE COMPLETED
11:40:21 [allowed] §f                                    §r§9Control
11:40:21 [EMPTY] 
11:40:21 [allowed] §f                             §r§6Your Rank: §r§aB §r§8(704)
11:40:21 [allowed] §f                               §r§7Time: §r§b01:51:000
11:40:21 [allowed] §a§l▬▬▬▬▬▬▬▬▬▬▬▬▬▬▬▬▬▬▬▬▬▬▬▬▬▬▬▬▬▬▬▬▬▬▬▬▬▬▬▬▬▬▬▬▬▬▬▬▬▬▬▬▬▬▬▬▬▬▬▬▬▬▬▬
11:40:21 [allowed] §e[NPC] §eMaster Tao§f: §rThat was pretty good! Please come by again for a new challenge.
11:41:02 [allowed] Unknown command. Type "/help" for help. ('uhfdsolguhkjdjfhgkjhdfdlgkjhldkjhlkjhsldkjfhldshkjf')
11:41:07 [allowed] §c ☠ §r§7§r§bMagmairom§r§7 was killed by §r§8§lBladesoul§r§7§r§7.
11:41:10 [allowed] §c ☠ §r§7§r§adede67§r§7 was killed by Smoldering Blaze§r§7§r§7.
11:41:47 [allowed] §c ☠ §r§7§r§bMagmairom§r§7 was killed by Magma Cube§r§7§r§7.
11:42:01 [allowed] §e[NPC] §eMaster Tao§f: §rAhhh, here we go! Let's get you into the Arena.
11:42:02 [allowed] Unknown command. Type "/help" for help. ('uhfdsolguhkjdjfhgkjhdfdlgkjhldkjhlkjhsldkjfhldshkjf')
11:42:03 [allowed] §a§l▬▬▬▬▬▬▬▬▬▬▬▬▬▬▬▬▬▬▬▬▬▬▬▬▬▬▬▬▬▬▬▬▬▬▬▬▬▬▬▬▬▬▬▬▬▬▬▬▬▬▬▬▬▬▬▬▬▬▬▬▬▬▬▬
11:42:03 [allowed] §f                      §r§dTest of Stamina §r§e§lOBJECTIVES
11:42:03 [EMPTY] 
11:42:03 [allowed] §f            §r§7§r§61. §r§7Jump through the open holes in the moving
11:42:03 [allowed] §f                                     §r§7walls.
11:42:03 [allowed] §f              §r§7§r§62. §r§7Earn points by staying on the platform.
11:42:03 [allowed] §f                    §r§7§r§63. §r§7Don't get pushed into the lava!
11:42:03 [allowed] §a§l▬▬▬▬▬▬▬▬▬▬▬▬▬▬▬▬▬▬▬▬▬▬▬▬▬▬▬▬▬▬▬▬▬▬▬▬▬▬▬▬▬▬▬▬▬▬▬▬▬▬▬▬▬▬▬▬▬▬▬▬▬▬▬▬
11:42:10 [allowed] §c ☠ §r§7§r§bMagmairom§r§7 burned to death§r§7.
11:42:22 [allowed] §c ☠ §r§7§r§adede67§r§7 was killed by Inferno Demonlord§r§7§r§7.
11:43:02 [allowed] Unknown command. Type "/help" for help. ('uhfdsolguhkjdjfhgkjhdfdlgkjhldkjhlkjhsldkjfhldshkjf')
11:43:19 [allowed] §c ☠ §r§7§r§bMagmairom§r§7 was killed by Magma Cube§r§7§r§7.
11:43:47 [allowed] §c ☠ §r§7§r§bMagmairom§r§7 was killed by §r§5Vanquisher§r§7§r§7.
11:44:02 [allowed] Unknown command. Type "/help" for help. ('uhfdsolguhkjdjfhgkjhdfdlgkjhldkjhlkjhsldkjfhldshkjf')
11:44:17 [GUILD_EXP] §aYou earned §r§2442 GEXP §r§a+ §r§e1,326 Event EXP §r§afrom playing SkyBlock!
11:44:22 [allowed] §c ☠ §r§7§r§bMagmairom§r§7 was killed by §r§5Vanquisher§r§7§r§7.
11:44:46 [allowed] §c ☠ §r§7§r§bMagmairom§r§7 was killed by §r§5Vanquisher§r§7§r§7.
11:44:59 [allowed] §c ☠ §r§7§r§bMagmairom§r§7 was killed by §r§5Vanquisher§r§7§r§7.
11:45:01 [allowed] §a§l▬▬▬▬▬▬▬▬▬▬▬▬▬▬▬▬▬▬▬▬▬▬▬▬▬▬▬▬▬▬▬▬▬▬▬▬▬▬▬▬▬▬▬▬▬▬▬▬▬▬▬▬▬▬▬▬▬▬▬▬▬▬▬▬
11:45:01 [allowed] §f                        §r§a§lCHALLENGE COMPLETED
11:45:01 [allowed] §f                                    §r§dStamina
11:45:01 [EMPTY] 
11:45:01 [allowed] §f                             §r§6Your Rank: §r§aB §r§8(765)
11:45:01 [allowed] §f                               §r§7Time: §r§b02:48:350
11:45:01 [allowed] §a§l▬▬▬▬▬▬▬▬▬▬▬▬▬▬▬▬▬▬▬▬▬▬▬▬▬▬▬▬▬▬▬▬▬▬▬▬▬▬▬▬▬▬▬▬▬▬▬▬▬▬▬▬▬▬▬▬▬▬▬▬▬▬▬▬
11:45:01 [allowed] §e[NPC] §eMaster Tao§f: §rThat was pretty good! Please come by again for a new challenge.
11:45:02 [allowed] Unknown command. Type "/help" for help. ('uhfdsolguhkjdjfhgkjhdfdlgkjhldkjhlkjhsldkjfhldshkjf')
11:45:13 [allowed] §e[NPC] §eMaster Tao§f: §rAhhh, here we go! Let's get you into the Arena.
11:45:15 [allowed] §a§l▬▬▬▬▬▬▬▬▬▬▬▬▬▬▬▬▬▬▬▬▬▬▬▬▬▬▬▬▬▬▬▬▬▬▬▬▬▬▬▬▬▬▬▬▬▬▬▬▬▬▬▬▬▬▬▬▬▬▬▬▬▬▬▬
11:45:15 [allowed] §f                     §r§cTest of Discipline §r§e§lOBJECTIVES
11:45:15 [EMPTY] 
11:45:15 [allowed] §f                 §r§7§r§61. §r§7Hit the mob with the correct sword.
11:45:15 [allowed] §f           §r§7§r§62. §r§7Every 30 seconds, gain a new type of sword.
11:45:15 [allowed] §f               §r§7§r§63. §r§7Don't hit the mob with the wrong sword.
11:45:15 [allowed] §a§l▬▬▬▬▬▬▬▬▬▬▬▬▬▬▬▬▬▬▬▬▬▬▬▬▬▬▬▬▬▬▬▬▬▬▬▬▬▬▬▬▬▬▬▬▬▬▬▬▬▬▬▬▬▬▬▬▬▬▬▬▬▬▬▬
11:45:36 [allowed] §eA new type of zombie can spawn...
11:46:02 [allowed] Unknown command. Type "/help" for help. ('uhfdsolguhkjdjfhgkjhdfdlgkjhldkjhlkjhsldkjfhldshkjf')
11:46:07 [allowed] §eA new type of zombie can spawn...
11:46:22 [allowed] §eYou have §r§c60s §r§eremaining!
11:46:28 [allowed] §cThat was the wrong item for that zombie!
11:46:35 [allowed] §c ☠ §r§7§r§bHelmior§r§7 was killed by §r§4Burningsoul Demon§r§7§r§7.
11:46:37 [allowed] §eA new type of zombie can spawn...
11:46:42 [allowed] §cThat was the wrong item for that zombie!
11:46:53 [allowed] §eYou have §r§c30s §r§eremaining!
11:47:02 [allowed] Unknown command. Type "/help" for help. ('uhfdsolguhkjdjfhgkjhdfdlgkjhldkjhlkjhsldkjfhldshkjf')
11:47:13 [allowed] §eYou have §r§c10s §r§eremaining!
11:47:18 [allowed] §eYou have §r§c5s §r§eremaining!
11:47:19 [allowed] §eYou have §r§c4s §r§eremaining!
11:47:20 [allowed] §eYou have §r§c3s §r§eremaining!
11:47:21 [allowed] §eYou have §r§c2s §r§eremaining!
11:47:22 [allowed] §eYou have §r§c1s §r§eremaining!
11:47:23 [allowed] §a§l▬▬▬▬▬▬▬▬▬▬▬▬▬▬▬▬▬▬▬▬▬▬▬▬▬▬▬▬▬▬▬▬▬▬▬▬▬▬▬▬▬▬▬▬▬▬▬▬▬▬▬▬▬▬▬▬▬▬▬▬▬▬▬▬
11:47:23 [allowed] §f                        §r§a§lCHALLENGE COMPLETED
11:47:23 [allowed] §f                                   §r§cDiscipline
11:47:23 [EMPTY] 
11:47:23 [allowed] §f                             §r§6Your Rank: §r§aA §r§8(824)
11:47:23 [allowed] §f                               §r§7Time: §r§b02:00:000
11:47:23 [allowed] §a§l▬▬▬▬▬▬▬▬▬▬▬▬▬▬▬▬▬▬▬▬▬▬▬▬▬▬▬▬▬▬▬▬▬▬▬▬▬▬▬▬▬▬▬▬▬▬▬▬▬▬▬▬▬▬▬▬▬▬▬▬▬▬▬▬
11:47:23 [allowed] §e[NPC] §eMaster Tao§f: §rWow, that was really impressive. Come talk to me to view your next challenge.
11:47:39 [allowed] §c ☠ §r§7§r§bMagmairom§r§7 was killed by Magma Cube§r§7§r§7.
11:47:43 [allowed] §e[NPC] §eMaster Tao§f: §rAhhh, here we go! Let's get you into the Arena.
11:47:44 [allowed] §a§l▬▬▬▬▬▬▬▬▬▬▬▬▬▬▬▬▬▬▬▬▬▬▬▬▬▬▬▬▬▬▬▬▬▬▬▬▬▬▬▬▬▬▬▬▬▬▬▬▬▬▬▬▬▬▬▬▬▬▬▬▬▬▬▬
11:47:44 [allowed] §f                     §r§eTest of Mastery §r§e§lOBJECTIVES
11:47:44 [EMPTY] 
11:47:44 [allowed] §f             §r§7§r§61. §r§7Shoot the targets before they disappear.
11:47:44 [allowed] §f                 §r§7§r§62. §r§7§r§aGreen §r§7targets are worth §r§a8 §r§7points.
11:47:44 [allowed] §f                 §r§7§r§63. §r§7§r§eYellow §r§7targets are worth §r§a16 §r§7points.
11:47:44 [allowed] §f                  §r§7§r§64. §r§7§r§cRed §r§7targets are worth §r§a32 §r§7points.
11:47:44 [allowed] §a§l▬▬▬▬▬▬▬▬▬▬▬▬▬▬▬▬▬▬▬▬▬▬▬▬▬▬▬▬▬▬▬▬▬▬▬▬▬▬▬▬▬▬▬▬▬▬▬▬▬▬▬▬▬▬▬▬▬▬▬▬▬▬▬▬
11:48:02 [allowed] Unknown command. Type "/help" for help. ('uhfdsolguhkjdjfhgkjhdfdlgkjhldkjhlkjhsldkjfhldshkjf')
11:48:50 [allowed] §eYou have §r§c60s §r§eremaining!
11:49:02 [allowed] Unknown command. Type "/help" for help. ('uhfdsolguhkjdjfhgkjhdfdlgkjhldkjhlkjhsldkjfhldshkjf')
11:49:21 [allowed] §eYou have §r§c30s §r§eremaining!
11:49:24 [GUILD_EXP] §aYou earned §r§2461 GEXP §r§a+ §r§e1,383 Event EXP §r§afrom playing SkyBlock!
11:49:42 [allowed] §eYou have §r§c10s §r§eremaining!
11:49:47 [allowed] §eYou have §r§c5s §r§eremaining!
11:49:48 [allowed] §eYou have §r§c4s §r§eremaining!
11:49:49 [allowed] §eYou have §r§c3s §r§eremaining!
11:49:50 [allowed] §eYou have §r§c2s §r§eremaining!
11:49:51 [allowed] §eYou have §r§c1s §r§eremaining!
11:49:52 [allowed] §a§l▬▬▬▬▬▬▬▬▬▬▬▬▬▬▬▬▬▬▬▬▬▬▬▬▬▬▬▬▬▬▬▬▬▬▬▬▬▬▬▬▬▬▬▬▬▬▬▬▬▬▬▬▬▬▬▬▬▬▬▬▬▬▬▬
11:49:52 [allowed] §f                        §r§a§lCHALLENGE COMPLETED
11:49:52 [allowed] §f                                   §r§eMastery
11:49:52 [EMPTY] 
11:49:52 [allowed] §f                             §r§6Your Rank: §r§aA §r§8(864)
11:49:52 [allowed] §f                               §r§7Time: §r§b02:00:000
11:49:52 [allowed] §a§l▬▬▬▬▬▬▬▬▬▬▬▬▬▬▬▬▬▬▬▬▬▬▬▬▬▬▬▬▬▬▬▬▬▬▬▬▬▬▬▬▬▬▬▬▬▬▬▬▬▬▬▬▬▬▬▬▬▬▬▬▬▬▬▬
11:49:52 [allowed] §e[NPC] §eMaster Tao§f: §rWow, that was really impressive. Come talk to me to view your next challenge.
11:50:03 [allowed] Unknown command. Type "/help" for help. ('uhfdsolguhkjdjfhgkjhdfdlgkjhldkjhlkjhsldkjfhldshkjf')
11:50:17 [allowed] §c ☠ §r§7§r§bMagmairom§r§7 was killed by Magma Cube§r§7§r§7.
11:50:19 [allowed] §e[NPC] §eMaster Tao§f: §rAhhh, here we go! Let's get you into the Arena.
11:50:21 [allowed] §a§l▬▬▬▬▬▬▬▬▬▬▬▬▬▬▬▬▬▬▬▬▬▬▬▬▬▬▬▬▬▬▬▬▬▬▬▬▬▬▬▬▬▬▬▬▬▬▬▬▬▬▬▬▬▬▬▬▬▬▬▬▬▬▬▬
11:50:21 [allowed] §f                       §r§6Test of Force §r§e§lOBJECTIVES
11:50:21 [EMPTY] 
11:50:21 [allowed] §f                       §r§7§r§61. §r§7Knock mobs into the lava.
11:50:21 [allowed] §f             §r§7§r§62. §r§7Some mobs give more points than others.
11:50:21 [allowed] §f                       §r§7§r§63. §r§7Avoid negative point mobs!
11:50:21 [allowed] §a§l▬▬▬▬▬▬▬▬▬▬▬▬▬▬▬▬▬▬▬▬▬▬▬▬▬▬▬▬▬▬▬▬▬▬▬▬▬▬▬▬▬▬▬▬▬▬▬▬▬▬▬▬▬▬▬▬▬▬▬▬▬▬▬▬
11:50:32 [allowed] §8[§r§b217§r§8] §r§6✿ §r§b[MVP§c+§b] berczitomi79§f§r§f: catRP ik
11:50:42 [allowed] §eYou will leave the challenge in 2 seconds! Click the clay again to cancel.
11:50:44 [allowed] §c ☠ §r§7§r§aRNgMaDd5y§r§7 was killed by Barbarian Guard§r§7§r§7.
11:50:44 [allowed] §a§l▬▬▬▬▬▬▬▬▬▬▬▬▬▬▬▬▬▬▬▬▬▬▬▬▬▬▬▬▬▬▬▬▬▬▬▬▬▬▬▬▬▬▬▬▬▬▬▬▬▬▬▬▬▬▬▬▬▬▬▬▬▬▬▬
11:50:44 [allowed] §f                           §r§c§lCHALLENGE FAILED
11:50:44 [allowed] §f                                     §r§6Force
11:50:44 [EMPTY] 
11:50:44 [allowed] §f                         §r§6Your Rank: §r§aF §r§8(0) §r§c§lFAILED
11:50:44 [allowed] §f                               §r§7Time: §r§b00:16:900
11:50:44 [allowed] §a§l▬▬▬▬▬▬▬▬▬▬▬▬▬▬▬▬▬▬▬▬▬▬▬▬▬▬▬▬▬▬▬▬▬▬▬▬▬▬▬▬▬▬▬▬▬▬▬▬▬▬▬▬▬▬▬▬▬▬▬▬▬▬▬▬
11:50:44 [allowed] §e[NPC] §eMaster Tao§f: §rYou were not good enough. Come back when you've trained more.
11:51:03 [allowed] Unknown command. Type "/help" for help. ('uhfdsolguhkjdjfhgkjhdfdlgkjhldkjhlkjhsldkjfhldshkjf')
11:51:24 [allowed] §c ☠ §r§7§r§boFory§r§7 was killed by §r§4Burningsoul Demon§r§7§r§7.
11:51:43 [allowed] §c ☠ §r§7§r§aRNgMaDd5y§r§7 was killed by Barbarian Guard§r§7§r§7.
11:52:03 [allowed] Unknown command. Type "/help" for help. ('uhfdsolguhkjdjfhgkjhdfdlgkjhldkjhlkjhsldkjfhldshkjf')
11:52:26 [allowed] §e[NPC] §eMaster Tao§f: §rAhhh, here we go! Let's get you into the Arena.
11:52:27 [allowed] §a§l▬▬▬▬▬▬▬▬▬▬▬▬▬▬▬▬▬▬▬▬▬▬▬▬▬▬▬▬▬▬▬▬▬▬▬▬▬▬▬▬▬▬▬▬▬▬▬▬▬▬▬▬▬▬▬▬▬▬▬▬▬▬▬▬
11:52:27 [allowed] §f                      §r§9Test of Control §r§e§lOBJECTIVES
11:52:27 [EMPTY] 
11:52:27 [allowed] §f                 §r§7§r§61. §r§7Stare directly at a moving skeleton.
11:52:27 [allowed] §f             §r§7§r§62. §r§7More accurate staring gives more points
11:52:27 [allowed] §f                           §r§7and time in the arena.
11:52:27 [allowed] §f            §r§7§r§63. §r§7Don't look away for too long or fall in the
11:52:27 [allowed] §f                                      §r§7lava!
11:52:27 [allowed] §a§l▬▬▬▬▬▬▬▬▬▬▬▬▬▬▬▬▬▬▬▬▬▬▬▬▬▬▬▬▬▬▬▬▬▬▬▬▬▬▬▬▬▬▬▬▬▬▬▬▬▬▬▬▬▬▬▬▬▬▬▬▬▬▬▬
11:53:03 [allowed] Unknown command. Type "/help" for help. ('uhfdsolguhkjdjfhgkjhdfdlgkjhldkjhlkjhsldkjfhldshkjf')
11:54:03 [allowed] Unknown command. Type "/help" for help. ('uhfdsolguhkjdjfhgkjhdfdlgkjhldkjhlkjhsldkjfhldshkjf')
11:54:05 [allowed] §a§l+5 Kill Combo §r§8§r§b+3✯ Magic Find
11:54:10 [allowed] §a§l▬▬▬▬▬▬▬▬▬▬▬▬▬▬▬▬▬▬▬▬▬▬▬▬▬▬▬▬▬▬▬▬▬▬▬▬▬▬▬▬▬▬▬▬▬▬▬▬▬▬▬▬▬▬▬▬▬▬▬▬▬▬▬▬
11:54:10 [allowed] §f                        §r§a§lCHALLENGE COMPLETED
11:54:10 [allowed] §f                                    §r§9Control
11:54:10 [EMPTY] 
11:54:10 [allowed] §f                             §r§6Your Rank: §r§aC §r§8(555)
11:54:10 [allowed] §f                               §r§7Time: §r§b01:34:000
11:54:10 [allowed] §a§l▬▬▬▬▬▬▬▬▬▬▬▬▬▬▬▬▬▬▬▬▬▬▬▬▬▬▬▬▬▬▬▬▬▬▬▬▬▬▬▬▬▬▬▬▬▬▬▬▬▬▬▬▬▬▬▬▬▬▬▬▬▬▬▬
11:54:10 [allowed] §e[NPC] §eMaster Tao§f: §rRather average, I'd say. Speak to me again to try a new challenge, or improve on this one!
11:54:13 [allowed] §cYour Kill Combo has expired! You reached a 5 Kill Combo!
11:54:31 [GUILD_EXP] §aYou earned §r§2417 GEXP §r§a+ §r§e1,251 Event EXP §r§afrom playing SkyBlock!
11:54:48 [allowed] §c ☠ §r§7§r§boFory§r§7 was killed by §r§4Burningsoul Demon§r§7§r§7.
11:55:01 [SKYMALL] §bNew day! §r§eYour §r§2Sky Mall §r§ebuff changed!
11:55:01 [SKYMALL] §eNew buff§r§r§r: §r§fGain §r§a+100 §r§6⸕ Mining Speed§r§f.
11:55:01 [SKYMALL] §8§oYou can disable this messaging by toggling Sky Mall in your /hotm!
11:55:03 [allowed] Unknown command. Type "/help" for help. ('uhfdsolguhkjdjfhgkjhdfdlgkjhldkjhlkjhsldkjfhldshkjf')
11:56:03 [allowed] Unknown command. Type "/help" for help. ('uhfdsolguhkjdjfhgkjhdfdlgkjhldkjhlkjhsldkjfhldshkjf')
11:56:28 [allowed] §c ☠ §r§7§r§bOsu7272727272§r§7 was killed by §r§4Burningsoul Demon§r§7§r§7.
11:56:38 [allowed] §c ☠ §r§7§r§7guransh8173§r§7 burned to death§r§7.
11:57:03 [allowed] Unknown command. Type "/help" for help. ('uhfdsolguhkjdjfhgkjhdfdlgkjhldkjhlkjhsldkjfhldshkjf')
11:58:03 [allowed] Unknown command. Type "/help" for help. ('uhfdsolguhkjdjfhgkjhdfdlgkjhldkjhlkjhsldkjfhldshkjf')
11:58:12 [allowed] §8[§r§b236§r§8] §r§6§lᛝ §r§a[VIP§6+§a] uwuMorps§f§r§f: finally spider 9
11:58:15 [allowed] §8[§r§b236§r§8] §r§6§lᛝ §r§a[VIP§6+§a] uwuMorps§f§r§f: acc so boring
11:58:39 [allowed] §c ☠ §r§7§r§bSolitudeClaRet§r§7 died§r§7.
11:59:03 [allowed] Unknown command. Type "/help" for help. ('uhfdsolguhkjdjfhgkjhdfdlgkjhldkjhlkjhsldkjfhldshkjf')
11:59:03 [allowed] §e[NPC] §eMaster Tao§f: §rAhhh, here we go! Let's get you into the Arena.
11:59:05 [allowed] §a§l▬▬▬▬▬▬▬▬▬▬▬▬▬▬▬▬▬▬▬▬▬▬▬▬▬▬▬▬▬▬▬▬▬▬▬▬▬▬▬▬▬▬▬▬▬▬▬▬▬▬▬▬▬▬▬▬▬▬▬▬▬▬▬▬
11:59:05 [allowed] §f                      §r§9Test of Control §r§e§lOBJECTIVES
11:59:05 [EMPTY] 
11:59:05 [allowed] §f                 §r§7§r§61. §r§7Stare directly at a moving skeleton.
11:59:05 [allowed] §f             §r§7§r§62. §r§7More accurate staring gives more points
11:59:05 [allowed] §f                           §r§7and time in the arena.
11:59:05 [allowed] §f            §r§7§r§63. §r§7Don't look away for too long or fall in the
11:59:05 [allowed] §f                                      §r§7lava!
11:59:05 [allowed] §a§l▬▬▬▬▬▬▬▬▬▬▬▬▬▬▬▬▬▬▬▬▬▬▬▬▬▬▬▬▬▬▬▬▬▬▬▬▬▬▬▬▬▬▬▬▬▬▬▬▬▬▬▬▬▬▬▬▬▬▬▬▬▬▬▬
11:59:08 [allowed] §c ☠ §r§7§r§6efanmlg12§r§7 was killed by Inferno Demonlord§r§7§r§7.
11:59:21 [allowed] §eYou will leave the challenge in 2 seconds! Click the clay again to cancel.
11:59:23 [allowed] §a§l▬▬▬▬▬▬▬▬▬▬▬▬▬▬▬▬▬▬▬▬▬▬▬▬▬▬▬▬▬▬▬▬▬▬▬▬▬▬▬▬▬▬▬▬▬▬▬▬▬▬▬▬▬▬▬▬▬▬▬▬▬▬▬▬
11:59:23 [allowed] §f                           §r§c§lCHALLENGE FAILED
11:59:23 [allowed] §f                                    §r§9Control
11:59:23 [EMPTY] 
11:59:23 [allowed] §f                        §r§6Your Rank: §r§aF §r§8(40) §r§c§lFAILED
11:59:23 [allowed] §f                               §r§7Time: §r§b00:12:150
11:59:23 [allowed] §a§l▬▬▬▬▬▬▬▬▬▬▬▬▬▬▬▬▬▬▬▬▬▬▬▬▬▬▬▬▬▬▬▬▬▬▬▬▬▬▬▬▬▬▬▬▬▬▬▬▬▬▬▬▬▬▬▬▬▬▬▬▬▬▬▬
11:59:23 [allowed] §e[NPC] §eMaster Tao§f: §rYou were not good enough. Come back when you've trained more.
11:59:27 [allowed] §c ☠ §r§7§r§7guransh8173§r§7 was killed by Magma Cube§r§7§r§7.
11:59:30 [allowed] §c ☠ §r§7§r§anemoistired12§r§7 was killed by Mage Guard§r§7§r§7.
11:59:37 [allowed] §e[NPC] §eMaster Tao§f: §rAhhh, here we go! Let's get you into the Arena.
11:59:37 [GUILD_EXP] §aYou earned §r§2103 GEXP §r§a+ §r§e309 Event EXP §r§afrom playing SkyBlock!
11:59:39 [allowed] §a§l▬▬▬▬▬▬▬▬▬▬▬▬▬▬▬▬▬▬▬▬▬▬▬▬▬▬▬▬▬▬▬▬▬▬▬▬▬▬▬▬▬▬▬▬▬▬▬▬▬▬▬▬▬▬▬▬▬▬▬▬▬▬▬▬
11:59:39 [allowed] §f                     §r§6Test of Tenacity §r§e§lOBJECTIVES
11:59:39 [EMPTY] 
11:59:39 [allowed] §f                   §r§7§r§61. §r§7A ghast shoots fireballs at you.
11:59:39 [allowed] §f            §r§7§r§62. §r§7Earn points by avoiding fireballs over time.
11:59:39 [allowed] §f                      §r§7§r§63. §r§7Don't trip and fall into lava!
11:59:39 [allowed] §a§l▬▬▬▬▬▬▬▬▬▬▬▬▬▬▬▬▬▬▬▬▬▬▬▬▬▬▬▬▬▬▬▬▬▬▬▬▬▬▬▬▬▬▬▬▬▬▬▬▬▬▬▬▬▬▬▬▬▬▬▬▬▬▬▬
12:00:02 [EMPTY] §f
12:00:02 [WATCHDOG] §4[WATCHDOG ANNOUNCEMENT]
12:00:02 [WATCHDOG] §fWatchdog has banned §r§c§l19,361§r§f players in the last 7 days.
12:00:02 [WATCHDOG] §fStaff have banned an additional §r§c§l17,762§r§f in the last 7 days.
12:00:02 [WATCHDOG] §cBlacklisted modifications are a bannable offense!
12:00:02 [WATCHDOG] §c
12:00:03 [allowed] Unknown command. Type "/help" for help. ('uhfdsolguhkjdjfhgkjhdfdlgkjhldkjhlkjhsldkjfhldshkjf')
12:00:15 [allowed] §eThe ghast is becoming more frustrated...
12:00:47 [allowed] §eThe ghasts are becoming more frustrated...
12:01:03 [allowed] Unknown command. Type "/help" for help. ('uhfdsolguhkjdjfhgkjhdfdlgkjhldkjhlkjhsldkjfhldshkjf')
12:01:17 [allowed] §eThe ghasts are becoming more frustrated...
12:01:22 [allowed] §c ☠ §r§7§r§boFory§r§7 was killed by §r§4Burningsoul Demon§r§7§r§7.
12:01:22 [allowed] §c ☠ §r§7§r§bOsu7272727272§r§7 was killed by §r§cKindleheart Demon§r§7§r§7.
12:01:48 [allowed] §eThe ghasts are becoming more frustrated...
12:02:03 [allowed] Unknown command. Type "/help" for help. ('uhfdsolguhkjdjfhgkjhdfdlgkjhldkjhlkjhsldkjfhldshkjf')
12:02:19 [allowed] §eThe ghasts are becoming more frustrated...
12:02:25 [allowed] §a§l▬▬▬▬▬▬▬▬▬▬▬▬▬▬▬▬▬▬▬▬▬▬▬▬▬▬▬▬▬▬▬▬▬▬▬▬▬▬▬▬▬▬▬▬▬▬▬▬▬▬▬▬▬▬▬▬▬▬▬▬▬▬▬▬
12:02:25 [allowed] §f                        §r§a§lCHALLENGE COMPLETED
12:02:25 [allowed] §f                                   §r§6Tenacity
12:02:25 [EMPTY] 
12:02:25 [allowed] §f                             §r§6Your Rank: §r§aB §r§8(785)
12:02:25 [allowed] §f                               §r§7Time: §r§b02:36:200
12:02:25 [allowed] §a§l▬▬▬▬▬▬▬▬▬▬▬▬▬▬▬▬▬▬▬▬▬▬▬▬▬▬▬▬▬▬▬▬▬▬▬▬▬▬▬▬▬▬▬▬▬▬▬▬▬▬▬▬▬▬▬▬▬▬▬▬▬▬▬▬
12:02:25 [allowed] §e[NPC] §eMaster Tao§f: §rThat was pretty good! Please come by again for a new challenge.
12:03:03 [allowed] Unknown command. Type "/help" for help. ('uhfdsolguhkjdjfhgkjhdfdlgkjhldkjhlkjhsldkjfhldshkjf')
12:03:49 [allowed] §c ☠ §r§7§r§bSolitudeClaRet§r§7 was killed by Typhoeus§r§7§r§7.
12:03:58 [allowed] §c ☠ §r§7§r§7guransh8173§r§7 was killed by §r§4§lMagma Boss§r§7§r§7.
12:04:03 [allowed] Unknown command. Type "/help" for help. ('uhfdsolguhkjdjfhgkjhdfdlgkjhldkjhlkjhsldkjfhldshkjf')
12:04:11 [allowed] §c ☠ §r§7§r§bMagmairom§r§7 was killed by Magma Cube§r§7§r§7.
12:04:18 [allowed] §e[NPC] §eMaster Tao§f: §rAhhh, here we go! Let's get you into the Arena.
12:04:20 [allowed] §a§l▬▬▬▬▬▬▬▬▬▬▬▬▬▬▬▬▬▬▬▬▬▬▬▬▬▬▬▬▬▬▬▬▬▬▬▬▬▬▬▬▬▬▬▬▬▬▬▬▬▬▬▬▬▬▬▬▬▬▬▬▬▬▬▬
12:04:20 [allowed] §f                      §r§9Test of Control §r§e§lOBJECTIVES
12:04:20 [EMPTY] 
12:04:20 [allowed] §f                 §r§7§r§61. §r§7Stare directly at a moving skeleton.
12:04:20 [allowed] §f             §r§7§r§62. §r§7More accurate staring gives more points
12:04:20 [allowed] §f                           §r§7and time in the arena.
12:04:20 [allowed] §f            §r§7§r§63. §r§7Don't look away for too long or fall in the
12:04:20 [allowed] §f                                      §r§7lava!
12:04:20 [allowed] §a§l▬▬▬▬▬▬▬▬▬▬▬▬▬▬▬▬▬▬▬▬▬▬▬▬▬▬▬▬▬▬▬▬▬▬▬▬▬▬▬▬▬▬▬▬▬▬▬▬▬▬▬▬▬▬▬▬▬▬▬▬▬▬▬▬
12:04:46 [GUILD_EXP] §aYou earned §r§2431 GEXP §r§a+ §r§e1,293 Event EXP §r§afrom playing SkyBlock!
12:04:48 [allowed] §c ☠ §r§7§r§7guransh8173§r§7 was killed by Barbarian Guard§r§7§r§7.
12:04:50 [allowed] §a§l+5 Kill Combo §r§8§r§b+3✯ Magic Find
12:04:58 [allowed] §cYour Kill Combo has expired! You reached a 5 Kill Combo!
12:05:03 [allowed] Unknown command. Type "/help" for help. ('uhfdsolguhkjdjfhgkjhdfdlgkjhldkjhlkjhsldkjfhldshkjf')
12:05:16 [allowed] §c ☠ §r§7§r§7guransh8173§r§7 was killed by Barbarian Guard§r§7§r§7.
12:05:49 [allowed] §a§l▬▬▬▬▬▬▬▬▬▬▬▬▬▬▬▬▬▬▬▬▬▬▬▬▬▬▬▬▬▬▬▬▬▬▬▬▬▬▬▬▬▬▬▬▬▬▬▬▬▬▬▬▬▬▬▬▬▬▬▬▬▬▬▬
12:05:49 [allowed] §f                        §r§a§lCHALLENGE COMPLETED
12:05:49 [allowed] §f                                    §r§9Control
12:05:49 [EMPTY] 
12:05:49 [allowed] §f                             §r§6Your Rank: §r§aC §r§8(425)
12:05:49 [allowed] §f                               §r§7Time: §r§b01:21:000
12:05:49 [allowed] §a§l▬▬▬▬▬▬▬▬▬▬▬▬▬▬▬▬▬▬▬▬▬▬▬▬▬▬▬▬▬▬▬▬▬▬▬▬▬▬▬▬▬▬▬▬▬▬▬▬▬▬▬▬▬▬▬▬▬▬▬▬▬▬▬▬
12:05:49 [allowed] §e[NPC] §eMaster Tao§f: §rRather average, I'd say. Speak to me again to try a new challenge, or improve on this one!
12:05:50 [allowed] §eYou will leave the challenge in 2 seconds! Click the clay again to cancel.
12:06:00 [allowed] §8[§r§9306§r§8] §r§b[MVP§c+§b] Runicsavage30 §c⚒§f§r§f: LVL UP! ➜ Blaze Slayer LVL 7!
12:06:03 [allowed] Unknown command. Type "/help" for help. ('uhfdsolguhkjdjfhgkjhdfdlgkjhldkjhlkjhsldkjfhldshkjf')
12:06:08 [allowed] §8[§r§6404§r§8] §r§6ௐ §r§6[MVP§6++§6] efanmlg12§f§r§f: proud of you runicsavage30
12:06:08 [allowed] §8[§r§e99§r§8] §r§a[VIP§6+§a] Himtave §5ቾ§f§r§f: help me please
12:06:08 [allowed] §e[NPC] §eMaster Tao§f: §rAhhh, here we go! Let's get you into the Arena.
12:06:10 [allowed] §a§l▬▬▬▬▬▬▬▬▬▬▬▬▬▬▬▬▬▬▬▬▬▬▬▬▬▬▬▬▬▬▬▬▬▬▬▬▬▬▬▬▬▬▬▬▬▬▬▬▬▬▬▬▬▬▬▬▬▬▬▬▬▬▬▬
12:06:10 [allowed] §f                     §r§eTest of Mastery §r§e§lOBJECTIVES
12:06:10 [EMPTY] 
12:06:10 [allowed] §f             §r§7§r§61. §r§7Shoot the targets before they disappear.
12:06:10 [allowed] §f                 §r§7§r§62. §r§7§r§aGreen §r§7targets are worth §r§a8 §r§7points.
12:06:10 [allowed] §f                 §r§7§r§63. §r§7§r§eYellow §r§7targets are worth §r§a16 §r§7points.
12:06:10 [allowed] §f                  §r§7§r§64. §r§7§r§cRed §r§7targets are worth §r§a32 §r§7points.
12:06:10 [allowed] §a§l▬▬▬▬▬▬▬▬▬▬▬▬▬▬▬▬▬▬▬▬▬▬▬▬▬▬▬▬▬▬▬▬▬▬▬▬▬▬▬▬▬▬▬▬▬▬▬▬▬▬▬▬▬▬▬▬▬▬▬▬▬▬▬▬
12:06:13 [allowed] §c ☠ §r§7§r§aMd_Abu_Suhan§r§7 was killed by Mutated Blaze§r§7§r§7.
12:06:15 [allowed] §8[§r§3258§r§8] §r§5§l࿇ §r§b[MVP§r§9+§r§b] Sebbebas§r§f: gg
12:06:20 [allowed] §8[§r§e99§r§8] §r§a[VIP§6+§a] Himtave §5ቾ§f§r§f: gg
12:06:29 [allowed] §eYou will leave the challenge in 2 seconds! Click the clay again to cancel.
12:06:31 [allowed] §a§l▬▬▬▬▬▬▬▬▬▬▬▬▬▬▬▬▬▬▬▬▬▬▬▬▬▬▬▬▬▬▬▬▬▬▬▬▬▬▬▬▬▬▬▬▬▬▬▬▬▬▬▬▬▬▬▬▬▬▬▬▬▬▬▬
12:06:31 [allowed] §f                           §r§c§lCHALLENGE FAILED
12:06:31 [allowed] §f                                   §r§eMastery
12:06:31 [EMPTY] 
12:06:31 [allowed] §f                        §r§6Your Rank: §r§aF §r§8(16) §r§c§lFAILED
12:06:31 [allowed] §f                               §r§7Time: §r§b00:15:450
12:06:31 [allowed] §a§l▬▬▬▬▬▬▬▬▬▬▬▬▬▬▬▬▬▬▬▬▬▬▬▬▬▬▬▬▬▬▬▬▬▬▬▬▬▬▬▬▬▬▬▬▬▬▬▬▬▬▬▬▬▬▬▬▬▬▬▬▬▬▬▬
12:06:31 [allowed] §e[NPC] §eMaster Tao§f: §rYou were not good enough. Come back when you've trained more.
12:06:35 [allowed] §c ☠ §r§7§r§aHimtave§r§7 was killed by Smoldering Blaze§r§7§r§7.
12:06:36 [allowed] §5Rabbit Uncle §r§7has been promoted to §r§7[154§r§7] §r§5Manager§r§7!
12:06:37 [allowed] §5Rabbit Granny §r§7has been promoted to §r§7[158§r§7] §r§5Manager§r§7!
12:06:38 [allowed] §6Rabbit Cousin §r§7has been promoted to §r§7[177§r§7] §r§6Director§r§7!
12:06:39 [allowed] §5Rabbit Daddy §r§7has been promoted to §r§7[163§r§7] §r§5Manager§r§7!
12:06:39 [allowed] §7You will now produce §r§6+2 Chocolate §r§7per click!
12:06:40 [allowed] §d§lTIME TOWER! §r§7Your §r§6Chocolate Factory §r§7production has increased by §r§6+0.3x §r§7for §r§a1h§r§7!
12:06:43 [allowed] §5Rabbit Sis §r§7has been promoted to §r§7[169§r§7] §r§5Manager§r§7!
12:06:44 [allowed] §5Rabbit Uncle §r§7has been promoted to §r§7[155§r§7] §r§5Manager§r§7!
12:06:45 [allowed] §5Rabbit Granny §r§7has been promoted to §r§7[159§r§7] §r§5Manager§r§7!
12:06:46 [allowed] §6Rabbit Cousin §r§7has been promoted to §r§7[178§r§7] §r§6Director§r§7!
12:06:46 [allowed] §5Rabbit Daddy §r§7has been promoted to §r§7[164§r§7] §r§5Manager§r§7!
12:06:47 [allowed] §5Rabbit Sis §r§7has been promoted to §r§7[170§r§7] §r§5Manager§r§7!
12:06:48 [allowed] §5Rabbit Uncle §r§7has been promoted to §r§7[156§r§7] §r§5Manager§r§7!
12:06:49 [allowed] §5Rabbit Dog §r§7has been promoted to §r§7[153§r§7] §r§5Manager§r§7!
12:06:50 [allowed] §5Rabbit Granny §r§7has been promoted to §r§7[160§r§7] §r§5Manager§r§7!
12:06:51 [allowed] §6Rabbit Bro §r§7has been promoted to §r§7[193§r§7] §r§6Director§r§7!
12:06:51 [allowed] §6Rabbit Cousin §r§7has been promoted to §r§7[179§r§7] §r§6Director§r§7!
12:06:53 [allowed] §5Rabbit Daddy §r§7has been promoted to §r§7[165§r§7] §r§5Manager§r§7!
12:06:54 [allowed] §5Rabbit Sis §r§7has been promoted to §r§7[171§r§7] §r§5Manager§r§7!
12:06:55 [allowed] §7You upgraded to §r§dCoach Jackrabbit XV§r§7!
12:06:56 [allowed] §5Rabbit Uncle §r§7has been promoted to §r§7[157§r§7] §r§5Manager§r§7!
12:06:56 [allowed] §5Rabbit Dog §r§7has been promoted to §r§7[154§r§7] §r§5Manager§r§7!
12:06:57 [allowed] §8[§r§e99§r§8] §r§a[VIP§6+§a] Himtave §5ቾ§f§r§f: i need to kill 2 inferno lvl2 and im good
12:06:58 [allowed] §c ☠ §r§7§r§boFory§r§7 was killed by §r§4Burningsoul Demon§r§7§r§7.
12:07:03 [allowed] Unknown command. Type "/help" for help. ('uhfdsolguhkjdjfhgkjhdfdlgkjhldkjhlkjhsldkjfhldshkjf')
12:08:03 [allowed] Unknown command. Type "/help" for help. ('uhfdsolguhkjdjfhgkjhdfdlgkjhldkjhlkjhsldkjfhldshkjf')
12:08:11 [allowed] §eAs you leave the Dojo§r§e, §r§eMaster Tao's §r§eprotection dissipates.
12:08:15 [allowed] §eAs §r§eMaster Tao's §r§estudent, he protects you by preventing all damage in the Dojo§r§e.
12:08:30 [allowed] §e[NPC] §eMaster Tao§f: §rAhhh, here we go! Let's get you into the Arena.
12:08:32 [allowed] §a§l▬▬▬▬▬▬▬▬▬▬▬▬▬▬▬▬▬▬▬▬▬▬▬▬▬▬▬▬▬▬▬▬▬▬▬▬▬▬▬▬▬▬▬▬▬▬▬▬▬▬▬▬▬▬▬▬▬▬▬▬▬▬▬▬
12:08:32 [allowed] §f                      §r§dTest of Stamina §r§e§lOBJECTIVES
12:08:32 [EMPTY] 
12:08:32 [allowed] §f            §r§7§r§61. §r§7Jump through the open holes in the moving
12:08:32 [allowed] §f                                     §r§7walls.
12:08:32 [allowed] §f              §r§7§r§62. §r§7Earn points by staying on the platform.
12:08:32 [allowed] §f                    §r§7§r§63. §r§7Don't get pushed into the lava!
12:08:32 [allowed] §a§l▬▬▬▬▬▬▬▬▬▬▬▬▬▬▬▬▬▬▬▬▬▬▬▬▬▬▬▬▬▬▬▬▬▬▬▬▬▬▬▬▬▬▬▬▬▬▬▬▬▬▬▬▬▬▬▬▬▬▬▬▬▬▬▬
12:09:03 [allowed] Unknown command. Type "/help" for help. ('uhfdsolguhkjdjfhgkjhdfdlgkjhldkjhlkjhsldkjfhldshkjf')
12:09:36 [allowed] §c ☠ §r§7§r§amldn§r§7 was killed by Inferno Demonlord§r§7§r§7.
12:09:53 [allowed] §c ☠ §r§7§r§bJudgementCores§r§7 was killed by Inferno Demonlord§r§7§r§7.
12:09:54 [GUILD_EXP] §aYou earned §r§2556 GEXP §r§a+ §r§e1,668 Event EXP §r§afrom playing SkyBlock!
12:10:03 [allowed] Unknown command. Type "/help" for help. ('uhfdsolguhkjdjfhgkjhdfdlgkjhldkjhlkjhsldkjfhldshkjf')
12:10:19 [allowed] §c ☠ §r§7§r§bAlycat420§r§7 was killed by §r§8§lBladesoul§r§7§r§7.
12:10:37 [allowed] §c ☠ §r§7§r§bAlycat420§r§7 was killed by §r§8§lBladesoul§r§7§r§7.
12:10:48 [allowed] §c ☠ §r§7§r§6efanmlg12§r§7 was killed by Inferno Demonlord§r§7§r§7.
12:10:56 [allowed] §a§l▬▬▬▬▬▬▬▬▬▬▬▬▬▬▬▬▬▬▬▬▬▬▬▬▬▬▬▬▬▬▬▬▬▬▬▬▬▬▬▬▬▬▬▬▬▬▬▬▬▬▬▬▬▬▬▬▬▬▬▬▬▬▬▬
12:10:56 [allowed] §f                        §r§a§lCHALLENGE COMPLETED
12:10:56 [allowed] §f                                    §r§dStamina
12:10:56 [EMPTY] 
12:10:56 [allowed] §f                             §r§6Your Rank: §r§aB §r§8(612)
12:10:56 [allowed] §f                               §r§7Time: §r§b02:14:400
12:10:56 [allowed] §a§l▬▬▬▬▬▬▬▬▬▬▬▬▬▬▬▬▬▬▬▬▬▬▬▬▬▬▬▬▬▬▬▬▬▬▬▬▬▬▬▬▬▬▬▬▬▬▬▬▬▬▬▬▬▬▬▬▬▬▬▬▬▬▬▬
12:10:56 [allowed] §e[NPC] §eMaster Tao§f: §rThat was pretty good! Please come by again for a new challenge.
