22:13:40 HUB
22:14:40 NONE
22:14:40 DWARVEN_MINES
22:16:11 NONE
22:16:12 HUB
22:16:36 NONE
22:16:37 PRIVATE_ISLAND
22:19:22 NONE
22:19:25 HUB
22:21:12 THE_FARMING_ISLANDS
22:21:57 NONE
22:21:58 HUB
22:22:10 NONE
22:22:11 THE_FARMING_ISLANDS
22:22:40 NONE
22:22:41 PRIVATE_ISLAND
22:22:46 NONE
22:22:47 THE_FARMING_ISLANDS
22:23:01 NONE
22:23:02 HUB
22:23:09 NONE
22:23:09 THE_FARMING_ISLANDS
22:23:59 HUB
22:26:59 NONE
22:26:59 PRIVATE_ISLAND
22:30:20 NONE
22:30:23 DWARVEN_MINES
22:30:46 NONE
22:30:47 CRYSTAL_HOLLOWS
22:43:48 NONE
22:43:48 HUB
22:43:59 NONE
22:44:00 DWARVEN_MINES
22:44:04 NONE
22:44:05 CRYSTAL_HOLLOWS
23:09:35 DWARVEN_MINES
23:10:51 NONE
23:10:51 CRYSTAL_HOLLOWS
23:22:10 NONE
23:22:10 HUB
23:22:15 NONE
23:22:15 PRIVATE_ISLAND
23:22:39 NONE
23:22:39 SPIDER_DEN
23:38:42 NONE
23:38:42 PRIVATE_ISLAND
23:38:56 NONE
23:38:57 HUB
23:40:57 NONE
23:40:57 PRIVATE_ISLAND
23:42:14 NONE
23:42:14 HUB
23:42:30 NONE
23:42:30 PRIVATE_ISLAND
23:46:19 NONE
23:46:20 HUB
23:49:08 NONE
23:49:09 THE_FARMING_ISLANDS
23:49:11 NONE
23:49:11 HUB
23:49:29 NONE
23:49:30 HUB
23:51:06 NONE
23:51:06 THE_FARMING_ISLANDS
23:58:52 NONE
23:58:52 HUB
23:58:55 NONE
23:58:55 THE_FARMING_ISLANDS
00:00:33 NONE
00:00:34 HUB
00:00:38 NONE
00:00:38 PRIVATE_ISLAND
00:02:17 NONE
00:02:17 CRYSTAL_HOLLOWS
00:12:06 NONE
00:12:07 CATACOMBS
00:13:56 NONE
00:13:56 DUNGEON_HUB
00:14:04 NONE
00:14:04 CATACOMBS
00:24:30 NONE
00:24:30 DUNGEON_HUB
00:26:08 NONE
00:26:08 CRYSTAL_HOLLOWS
00:44:29 NONE
00:44:30 HUB
00:44:34 NONE
00:44:34 PRIVATE_ISLAND
