12:29:55 [allowed] §b§m--------------§r§f  §r§aGuild: Message Of The Day  §r§b§m--------------
12:29:56 [allowed] §b| §r§fOlleg2 Left the guild
12:29:56 [allowed] §b§m-----------------------------------------------------
12:29:56 [allowed] §a§aAutomatically activated: §6Daily Quest: Duels Player
12:29:56 [allowed] §a§aAutomatically activated: §6Daily Quest: Duels Winner
12:29:58 [allowed] §cYou are sending commands too fast! Please slow down.
12:30:00 [allowed] §aSince you've been away you earned §r§64,038 coins §r§aas interest in your personal bank account!
12:30:02 [allowed] §eLatest update: §bSkyBlock v0.20.2 §e§lCLICK
12:30:02 [allowed] §cYou are sending commands too fast! Please slow down.
12:30:12 [allowed] §aYou have upgraded your Minion to Tier III
12:30:15 [allowed] §cYou don't have enough items to craft that tier! You need §r§6157 §r§cmore. §r§7(355/512)
12:30:18 [allowed] §aYou have upgraded your Minion to Tier III
12:30:46 [allowed] §aYou sold §r§fStone§r§8 x27 §r§afor §r§627 Coins§r§a!
12:30:46 [allowed] §aYou sold §r§fStone§r§8 x64 §r§afor §r§664 Coins§r§a!
12:30:47 [allowed] §aYou sold §r§fStone§r§8 x64 §r§afor §r§664 Coins§r§a!
12:30:47 [allowed] §aYou sold §r§fStone§r§8 x64 §r§afor §r§664 Coins§r§a!
12:30:48 [allowed] §aYou sold §r§fGold Nugget§r§8 x26 §r§afor §r§610.4 Coins§r§a!
12:30:48 [allowed] §aYou sold §r§fStone§r§8 x64 §r§afor §r§664 Coins§r§a!
12:30:48 [allowed] §aYou sold §r§fStone§r§8 x64 §r§afor §r§664 Coins§r§a!
12:31:06 [allowed] §eOne or more items didn't fit in your inventory and were added to your material stash! §6Click here §eto pick them up!
12:31:06 [allowed] §cYour inventory does not have enough free space to add all items!
12:31:09 [allowed] §aYou have upgraded your Minion to Tier IV
12:31:11 [allowed] §aYou have upgraded your Minion to Tier IV
12:31:14 [allowed] §aYou have upgraded your Minion to Tier IV
12:31:33 [allowed] §eOne or more items didn't fit in your inventory and were added to your material stash! §6Click here §eto pick them up!
12:31:33 [allowed] §cYour inventory does not have enough free space to add all items!
12:31:48 [allowed]   §r§b§lSKILL LEVEL UP §3Carpentry §8IX➜§3X
12:32:04 [allowed] §f                 §7You have §312 §7materials stashed away!
12:32:04 [allowed] §f              §8(This totals 2 types of materials stashed!)
12:32:04 [allowed] §f                §3§l>>> §3§lCLICK HERE§b to pick them up! §3§l<<<
12:32:14 [allowed] §aYou sold §r§fCobblestone§r§8 x9 §r§afor §r§69 Coins§r§a!
12:32:16 [allowed] §aYou bought back §r§fCobblestone§r§8 x9 §r§afor §r§69 Coins§r§a!
12:32:31 [allowed] §aYou crafted a §eTier V Diamond Minion§a! That's a new one!
 §aCraft 13 more unique Minions to unlock your 9th Minion slot!
12:32:31 [allowed] §aYou have upgraded your Minion to Tier V
12:33:55 [allowed] §aYou sold §r§fGunpowder§r§8 x2 §r§afor §r§68 Coins§r§a!
12:34:41 [allowed] §eYou claimed the §r§bSuperpairs §r§erewards!
12:34:41 [allowed] §6§lBINGO GOAL COMPLETE! §r§ePair Up!
12:34:41 [allowed]   §r§fFind §r§95 Pairs §r§fin the §r§9Experimentation Table§r§f.
12:34:41 [allowed]   §r§6§lREWARD
12:34:41 [allowed]   §r§7§r§61 Bingo Point
12:34:41 [allowed] §aYour §r§fBingo §r§aleveled up to level §r§970§r§a!
12:34:41 [allowed]   §r§b§lSKILL LEVEL UP §3Taming §8XVI➜§3XVII
12:34:41 [allowed]   §r§b§lSKILL LEVEL UP §3Enchanting §8XVII➜§3XVIII
12:34:41 [allowed]    §r§7§aSpiked Hook Enchantment
12:34:41 [allowed]    §r§7§a§d§lUltimate Jerry Enchantment
12:34:41 [allowed] §8 +§r§375k Enchanting Exp
12:34:41 [allowed]  §r§8+§r§313k Enchanting Exp
12:34:41 [allowed]  §r§8+§r§34k Enchanting Exp
12:34:41 [allowed]  §r§8+§r§fVenomous IV
12:34:41 [allowed]  §r§8+§r§fCubism IV
12:34:41 [allowed]  §r§8+§r§aGrand Experience Bottle
12:35:09 [allowed]   §r§3§lBESTIARY FAMILY UNLOCKED §bSpider
12:35:09 [allowed]   §r§6§lCOLLECTION UNLOCKED §eSpider Eye
12:35:09 [allowed]   §r§6§lCOLLECTION UNLOCKED §eString
12:35:27 [allowed] §aYou sold §r§fGunpowder§r§8 x1 §r§afor §r§64 Coins§r§a!
12:35:27 [allowed] §aYou sold §r§fBone§r§8 x2 §r§afor §r§64 Coins§r§a!
12:35:28 [allowed] §aYou sold §r§fString§r§8 x2 §r§afor §r§66 Coins§r§a!
12:35:28 [allowed] §aYou sold §r§fSpider Eye§r§8 x2 §r§afor §r§66 Coins§r§a!
12:35:29 [allowed] §aYou sold §r§fRotten Flesh§r§8 x1 §r§afor §r§62 Coins§r§a!
12:35:43 [allowed] §cYou are sending commands too fast! Please slow down.
12:35:46 [allowed] §c ☠ §r§7§r§7dogelot§r§7 was killed by Enderman§r§7§r§7.
12:35:47 [allowed] §c ☠ §r§7§r§aSimpCoins§r§7 was killed by Voidgloom Seraph§r§7§r§7.
12:35:54 [allowed] §c ☠ §r§7§r§7AwfullyUseless§r§7 was killed by Enderman§r§7§r§7.
12:35:58 [allowed] §c ☠ §r§7§r§7SimpleWizard§r§7 was killed by Enderman§r§7§r§7.
12:35:59 [allowed] §c ☠ §r§7§r§7River4life§r§7 was killed by Enderman§r§7§r§7.
12:36:00 [allowed] §a§l+5 Kill Combo §r§8§r§b+1✯ Magic Find
12:36:03 [allowed] §c ☠ §r§7§r§7dogelot§r§7 was killed by Enderman§r§7§r§7.
12:36:07 [allowed] §a§l+10 Kill Combo §r§8+§r§62 §r§7coins per kill
12:36:15 [allowed] §9§l+15 Kill Combo §r§8§r§b+1✯ Magic Find
12:36:19 [allowed] §cYour Kill Combo has expired! You reached a 16 Kill Combo!
12:36:27 [allowed] §a§l+5 Kill Combo §r§8§r§b+1✯ Magic Find
12:36:30 [allowed] §c ☠ §r§7§r§7SimpleWizard§r§7 was killed by Enderman§r§7§r§7.
12:36:31 [allowed] §c ☠ §r§7§r§7River4life§r§7 was killed by Enderman§r§7§r§7.
12:36:34 [allowed] §c ☠ §r§7§r§7KingEdo90§r§7 was killed by Enderman§r§7§r§7.
12:36:37 [allowed] §cYour Kill Combo has expired! You reached a 7 Kill Combo!
12:36:41 [allowed] §a§l+5 Kill Combo §r§8§r§b+1✯ Magic Find
12:36:42 [allowed] §c ☠ §r§7§r§7SimpleWizard§r§7 was killed by Enderman§r§7§r§7.
12:36:42 [allowed] §c ☠ §r§7§r§7AwfullyUseless§r§7 was killed by Nest Endermite§r§7§r§7.
12:36:46 [allowed] §6§lRARE DROP! §r§5Ender Boots §r§b(+§r§b55% §r§b✯ Magic Find§r§b)
12:36:47 [allowed] §aYour §r§fBingo §r§aleveled up to level §r§971§r§a!
12:36:51 [allowed] §a§l+10 Kill Combo §r§8+§r§62 §r§7coins per kill
12:36:51 [allowed] §c ☠ §r§7§r§7River4life§r§7 was killed by Enderman§r§7§r§7.
12:36:54 [allowed] §c ☠ §r§7§r§7_surpass_§r§7 was killed by Voidgloom Seraph§r§7§r§7.
12:36:55 [allowed] §cYour Kill Combo has expired! You reached a 10 Kill Combo!
12:36:58 [allowed] §a§l+5 Kill Combo §r§8§r§b+1✯ Magic Find
12:37:01 [allowed] §c ☠ §r§7§r§7dogelot§r§7 was killed by Enderman§r§7§r§7.
12:37:02 [allowed] §c ☠ §r§7§r§aarianmhd§r§7 was killed by Voidgloom Seraph§r§7§r§7.
12:37:05 [allowed] §a§l+10 Kill Combo §r§8+§r§62 §r§7coins per kill
12:37:10 [allowed] §9§l+15 Kill Combo §r§8§r§b+1✯ Magic Find
12:37:16 [allowed] §cYour Kill Combo has expired! You reached a 16 Kill Combo!
12:37:21 [allowed] §5§lENDER NODE! §r§fYou found §r§aEnchanted End Stone§r§f!
12:37:23 [allowed] §c ☠ §r§7§r§bBenjamin71§r§7 was killed by Voidgloom Seraph§r§7§r§7.
12:37:23 [allowed] §5§lENDER NODE! §r§fYou found §r§aEnchanted End Stone§r§f!
12:37:25 [allowed] §c ☠ §r§7§r§7River4life§r§7 was killed by Enderman§r§7§r§7.
12:37:26 [allowed] §5§lENDER NODE! §r§fYou found §r§cEndermite Nest§r§f!
12:37:34 [allowed] §5§lENDER NODE! §r§fYou found §r§cEndermite Nest§r§f!
12:37:36 [allowed]   §r§6§lCOLLECTION LEVEL UP §eEnd Stone §8V➜§eVI
12:37:36 [allowed]     §r§7§aHaste Block §7Recipe
12:37:37 [allowed] §a§l+5 Kill Combo §r§8§r§b+1✯ Magic Find
12:37:40 [allowed] §5§lENDER NODE! §r§fYou found §r§aEnchanted End Stone§r§f!
12:37:43 [allowed] §5§lENDER NODE! §r§fYou found 2x §r§aGrand Experience Bottle§r§f!
12:37:44 [allowed] §cYour Kill Combo has expired! You reached a 6 Kill Combo!
12:37:46 [allowed] §c ☠ §r§7§r§7dogelot§r§7 was killed by Enderman§r§7§r§7.
12:37:50 [allowed] §6§lRARE DROP! §r§aEnchanted Ender Pearl §r§b(+§r§b54% §r§b✯ Magic Find§r§b)
12:37:52 [allowed] §5§lENDER NODE! §r§fYou found §r§aEnchanted End Stone§r§f!
12:37:53 [allowed] §5§lENDER NODE! §r§fYou found §r§aEnchanted End Stone§r§f!
12:37:56 [allowed] §a§l+5 Kill Combo §r§8§r§b+1✯ Magic Find
12:38:01 [allowed] §c ☠ §r§7§r§7River4life§r§7 was killed by Enderman§r§7§r§7.
12:38:02 [allowed] §cYour Kill Combo has expired! You reached a 5 Kill Combo!
12:38:09 [allowed] §8Depositing coins...
12:38:09 [allowed] §aYou have deposited §r§6135k coins§r§a! You now have §r§6341k coins §r§ain your account!
12:38:13 [allowed] §aYou sold §r§fEnd Stone§r§8 x4 §r§afor §r§68 Coins§r§a!
12:38:13 [allowed] §aYou sold §r§fEnder Pearl§r§8 x16 §r§afor §r§6112 Coins§r§a!
12:38:13 [allowed] §aYou sold §r§fEnder Pearl§r§8 x16 §r§afor §r§6112 Coins§r§a!
12:38:14 [allowed] §aYou sold §r§fEnder Pearl§r§8 x16 §r§afor §r§6112 Coins§r§a!
12:38:14 [allowed] §c ☠ §r§7§r§7dogelot§r§7 was killed by Enderman§r§7§r§7.
12:38:14 [allowed] §aYou sold §r§fEnder Pearl§r§8 x11 §r§afor §r§677 Coins§r§a!
12:38:15 [allowed] §aYou sold §r§aEnchanted Ender Pearl§r§8 x1 §r§afor §r§6140 Coins§r§a!
12:38:15 [allowed] §aYou sold §r§fEnder Pearl§r§8 x16 §r§afor §r§6112 Coins§r§a!
12:38:15 [allowed] §aYou sold §r§5Ender Boots§r§8 x1 §r§afor §r§610,000 Coins§r§a!
12:38:16 [allowed] §aYou sold §r§aEnchanted End Stone§r§8 x16 §r§afor §r§65,120 Coins§r§a!
12:38:17 [allowed] §aYou bought back §r§aEnchanted End Stone§r§8 x16 §r§afor §r§65,120 Coins§r§a!
12:38:18 [allowed] §aYou sold §r§5Mite Gel§r§8 x11 §r§afor §r§622,000 Coins§r§a!
12:38:21 [allowed] §8Depositing coins...
12:38:21 [allowed] §aYou have deposited §r§632k coins§r§a! You now have §r§6373k coins §r§ain your account!
12:38:24 [allowed] §c ☠ §r§7§r§7arctic522§r§7 was killed by Voidgloom Seraph§r§7§r§7.
12:38:29 [allowed] §8[§r§f53§r§8] §r§a[VIP] Ra1s1n_ §7♲§f§r§f: anyone wanna place?
12:38:34 [allowed] §cYou are sending commands too fast! Please slow down.
12:39:04 [allowed] §cYou are sending commands too fast! Please slow down.
12:39:11 [allowed] §c ☠ §r§7§r§7EsteemedVapor§r§7 was killed by Nest Endermite§r§7§r§7.
12:39:13 [allowed] §cYou are sending commands too fast! Please slow down.
12:39:22 [allowed] §8[§r§2188§r§8] §r§7❁ §r§b[MVP§9+§b] Wr3ckw0lf§f§r§f: SELLING T4 EMAN CARRIES P ME or visit-----------------------------------------------------
12:39:30 [allowed] §5§lENDER NODE! §r§fYou found §r§aEnchanted Obsidian§r§f!
12:39:31 [allowed] §6§lRARE DROP! §r§aEnchanted Ender Pearl §r§b(+§r§b54% §r§b✯ Magic Find§r§b)
12:39:35 [allowed] §a§l+5 Kill Combo §r§8§r§b+1✯ Magic Find
12:39:46 [allowed] §5§lENDER NODE! §r§fYou found §r§aEnchanted Obsidian§r§f!
12:39:46 [allowed]   §r§6§lCOLLECTION LEVEL UP §eObsidian §8III➜§eIV
12:39:46 [allowed]     §r§7§aEnchanted Obsidian §7Recipe
12:39:47 [allowed] §cYour Kill Combo has expired! You reached a 9 Kill Combo!
12:39:53 [allowed] §5§lENDER NODE! §r§fYou found §r§aEnchanted End Stone§r§f!
12:39:54 [allowed] §8[§r§2188§r§8] §r§7❁ §r§b[MVP§9+§b] Wr3ckw0lf§f§r§f: cheers boss
12:39:55 [allowed] §5§lENDER NODE! §r§fYou found 5x §r§aEnchanted Ender Pearl§r§f!
12:39:59 [allowed] §a§l+5 Kill Combo §r§8§r§b+1✯ Magic Find
12:40:02 [allowed] §c ☠ §r§7§r§7EsteemedVapor§r§7 was killed by Enderman§r§7§r§7.
12:40:05 [allowed] §5§lENDER NODE! §r§fYou found §r§cEndermite Nest§r§f!
12:40:07 [allowed] §a§l+10 Kill Combo §r§8+§r§62 §r§7coins per kill
12:40:14 [allowed] §5§lENDER NODE! §r§fYou found §r§cEndermite Nest§r§f!
12:40:14 [allowed] §5☬ §r§bAfgepakt §r§dplaced a Summoning Eye! §r§7(§r§e1§r§7/§r§a8§r§7)
12:40:15 [allowed] §cYour Kill Combo has expired! You reached a 13 Kill Combo!
12:40:23 [allowed] §c ☠ §r§7§r§7Dias_07§r§7 was killed by Nest Endermite§r§7§r§7.
12:40:23 [allowed] §a§l+5 Kill Combo §r§8§r§b+1✯ Magic Find
12:40:30 [allowed] §6§lRARE DROP! §r§5Ender Chestplate §r§b(+§r§b59% §r§b✯ Magic Find§r§b)
12:40:31 [allowed] §5§lENDER NODE! §r§fYou found §r§aEnchanted End Stone§r§f!
12:40:32 [allowed] §a§l+10 Kill Combo §r§8+§r§62 §r§7coins per kill
12:40:40 [allowed] §cYour Kill Combo has expired! You reached a 13 Kill Combo!
12:40:42 [allowed] §cYou are sending commands too fast! Please slow down.
12:40:49 [allowed] §aYou sold §r§fEnder Pearl§r§8 x16 §r§afor §r§6112 Coins§r§a!
12:40:49 [allowed] §aYou sold §r§fEnder Pearl§r§8 x16 §r§afor §r§6112 Coins§r§a!
12:40:50 [allowed] §aYou sold §r§fEnder Pearl§r§8 x16 §r§afor §r§6112 Coins§r§a!
12:40:50 [allowed] §aYou sold §r§fEnder Pearl§r§8 x16 §r§afor §r§6112 Coins§r§a!
12:40:50 [allowed] §aYou sold §r§fEnder Pearl§r§8 x16 §r§afor §r§6112 Coins§r§a!
12:40:50 [allowed] §aYou sold §r§fEnder Pearl§r§8 x16 §r§afor §r§6112 Coins§r§a!
12:40:50 [allowed] §aYou sold §r§fEnder Pearl§r§8 x16 §r§afor §r§6112 Coins§r§a!
12:40:51 [allowed] §aYou sold §r§fEnd Stone§r§8 x4 §r§afor §r§68 Coins§r§a!
12:40:51 [allowed] §aYou sold §r§aEnchanted Obsidian§r§8 x2 §r§afor §r§62,880 Coins§r§a!
12:40:51 [allowed] §aYou sold §r§aEnchanted Ender Pearl§r§8 x6 §r§afor §r§6840 Coins§r§a!
12:40:51 [allowed] §aYou sold §r§5Ender Chestplate§r§8 x1 §r§afor §r§610,000 Coins§r§a!
12:40:52 [allowed] §aYou bought back §r§5Ender Chestplate§r§8 x1 §r§afor §r§610,000 Coins§r§a!
12:40:52 [allowed] §aYou bought back §r§aEnchanted Ender Pearl§r§8 x6 §r§afor §r§6840 Coins§r§a!
12:40:52 [allowed] §aYou bought back §r§aEnchanted Obsidian§r§8 x2 §r§afor §r§62,880 Coins§r§a!
12:40:53 [allowed] §aYou bought back §r§fEnd Stone§r§8 x4 §r§afor §r§68 Coins§r§a!
12:40:53 [allowed] §aYou bought back §r§fEnder Pearl§r§8 x16 §r§afor §r§6112 Coins§r§a!
12:40:54 [allowed] §aYou bought back §r§fEnder Pearl§r§8 x16 §r§afor §r§6112 Coins§r§a!
12:40:54 [allowed] §aYou bought back §r§fEnder Pearl§r§8 x16 §r§afor §r§6112 Coins§r§a!
12:40:54 [allowed] §aYou bought back §r§fEnder Pearl§r§8 x16 §r§afor §r§6112 Coins§r§a!
12:40:55 [allowed] §aYou bought back §r§fEnder Pearl§r§8 x16 §r§afor §r§6112 Coins§r§a!
12:40:55 [allowed] §aYou bought back §r§fEnder Pearl§r§8 x16 §r§afor §r§6112 Coins§r§a!
12:41:01 [allowed] §aYou sold §r§fEnder Pearl§r§8 x16 §r§afor §r§6112 Coins§r§a!
12:41:01 [allowed] §aYou sold §r§fEnder Pearl§r§8 x16 §r§afor §r§6112 Coins§r§a!
12:41:01 [allowed] §aYou sold §r§fEnder Pearl§r§8 x16 §r§afor §r§6112 Coins§r§a!
12:41:02 [allowed] §aYou sold §r§fEnder Pearl§r§8 x16 §r§afor §r§6112 Coins§r§a!
12:41:02 [allowed] §aYou sold §r§fEnder Pearl§r§8 x16 §r§afor §r§6112 Coins§r§a!
12:41:02 [allowed] §aYou sold §r§fEnder Pearl§r§8 x16 §r§afor §r§6112 Coins§r§a!
12:41:03 [allowed] §aYou sold §r§fEnder Pearl§r§8 x16 §r§afor §r§6112 Coins§r§a!
12:41:03 [allowed] §aYou sold §r§fEnder Pearl§r§8 x16 §r§afor §r§6112 Coins§r§a!
12:41:04 [allowed] §aYou sold §r§fEnder Pearl§r§8 x16 §r§afor §r§6112 Coins§r§a!
12:41:04 [allowed] §aYou sold §r§5Mite Gel§r§8 x8 §r§afor §r§616,000 Coins§r§a!
12:41:05 [allowed] §aYou sold §r§aEnchanted Obsidian§r§8 x2 §r§afor §r§62,880 Coins§r§a!
12:41:06 [allowed] §aYou bought back §r§aEnchanted Obsidian§r§8 x2 §r§afor §r§62,880 Coins§r§a!
12:41:08 [allowed] §aYou sold §r§fEnd Stone§r§8 x4 §r§afor §r§68 Coins§r§a!
12:41:08 [allowed] §aYou sold §r§aEnchanted Ender Pearl§r§8 x6 §r§afor §r§6840 Coins§r§a!
12:41:09 [allowed] §aYou sold §r§5Ender Chestplate§r§8 x1 §r§afor §r§610,000 Coins§r§a!
12:41:11 [allowed] §aYou bought back §r§5Ender Chestplate§r§8 x1 §r§afor §r§610,000 Coins§r§a!
12:41:11 [allowed] §aYou bought back §r§aEnchanted Ender Pearl§r§8 x6 §r§afor §r§6840 Coins§r§a!
12:41:12 [allowed] §aYou sold §r§5Ender Chestplate§r§8 x1 §r§afor §r§610,000 Coins§r§a!
12:41:24 [allowed] §aYou bought §r§fBlaze Powder§r§8 x64 §r§afor §r§6768 Coins§r§a!
12:41:25 [allowed] §aYou bought §r§fBlaze Powder§r§8 x64 §r§afor §r§6768 Coins§r§a!
12:41:25 [allowed] §aYou bought §r§fBlaze Powder§r§8 x64 §r§afor §r§6768 Coins§r§a!
12:41:25 [allowed] §aYou bought §r§fBlaze Powder§r§8 x64 §r§afor §r§6768 Coins§r§a!
12:41:25 [allowed] §aYou bought §r§fBlaze Powder§r§8 x64 §r§afor §r§6768 Coins§r§a!
12:41:26 [allowed] §aYou bought §r§fBlaze Powder§r§8 x64 §r§afor §r§6768 Coins§r§a!
12:41:26 [allowed] §aYou bought §r§fBlaze Powder§r§8 x64 §r§afor §r§6768 Coins§r§a!
12:41:26 [allowed] §aYou bought §r§fBlaze Powder§r§8 x64 §r§afor §r§6768 Coins§r§a!
12:41:26 [allowed] §aYou bought §r§fBlaze Powder§r§8 x64 §r§afor §r§6768 Coins§r§a!
12:41:27 [allowed] §aYou bought §r§fBlaze Powder§r§8 x64 §r§afor §r§6768 Coins§r§a!
12:41:27 [allowed] §cYou may only buy up to 640 of this item each day!
12:41:27 [allowed] §cYou may only buy up to 640 of this item each day!
12:41:27 [allowed] §cYou may only buy up to 640 of this item each day!
12:41:28 [allowed] §cYou may only buy up to 640 of this item each day!
12:41:28 [allowed] §cYou may only buy up to 640 of this item each day!
12:53:00 [allowed] §c ☠ §r§7§r§7PurpleIAngel§r§7 was killed by Zombie Villager§r§7§r§7.
12:57:35 [allowed] §eYou are being transferred to the §r§aPrototype Lobby §r§efor being §r§cAFK§r§e!
12:57:37 [allowed] §cYou are sending commands too fast! Please slow down.
12:58:09 [allowed] §2Guild > §r§bLegohjalten §r§ejoined.
12:58:33 [allowed] §aFriend > §r§b_Mel0ns_ §r§eleft.
12:59:36 [allowed] §cYou are AFK. Move around to return from AFK.
12:59:37 [allowed] §cYou are sending commands too fast! Please slow down.
13:07:29 [allowed] §aFriend > §r§bolleg2 §r§ejoined.
13:07:30 [allowed] §aFriend > §r§bolleg2 §r§eleft.
13:07:31 [allowed] §aFriend > §r§bolleg2 §r§eleft.
13:07:34 [allowed] §aFriend > §r§bolleg2 §r§ejoined.
13:42:17 [allowed] §cYou are sending commands too fast! Please slow down.
13:42:24 [allowed] §cYou are sending commands too fast! Please slow down.
13:42:24 [allowed] §eLatest update: §bSkyBlock v0.20.2 §e§lCLICK
13:43:06 [allowed] §aYou enchanted your §r§5Fierce Ender Helmet §r§awith Growth V§r§a!
13:44:04 [allowed] §e[NPC] Jack§f: §rYour §r§aSkyBlock Profile§r§f in your §r§aSkyBlock Menu§r§f shows details about your current stats!
13:44:06 [allowed] §e[NPC] Jack§f: §rThere are 7 stats in total, including §c❤ Health§f, §c❁ Strength§f, and §a❈ Defense§f.
13:44:09 [allowed] §cYou are sending commands too fast! Please slow down.
14:05:47 [allowed] §b§m--------------§r§f  §r§aGuild: Message Of The Day  §r§b§m--------------
14:05:47 [allowed] §b| §r§fOlleg2 Left the guild
14:05:47 [allowed] §b§m-----------------------------------------------------
14:05:49 [allowed] §cYou are sending commands too fast! Please slow down.
14:05:51 [allowed] §a[VIP§6+§a] SuperPig601§f§r§f: wtf
14:05:53 [allowed] §7kanzo5§7§r§7: xd
14:07:20 [allowed] §cYou are sending commands too fast! Please slow down.
14:07:20 [allowed] §eLatest update: §bSkyBlock v0.20.2 §e§lCLICK
14:07:28 [allowed] §8Depositing coins...
14:07:28 [allowed] §aYou have deposited §r§621k coins§r§a! You now have §r§6395k coins §r§ain your account!
14:07:33 [allowed] §cYou are sending commands too fast! Please slow down.
14:07:40 [allowed] §8Withdrawing coins...
14:07:40 [allowed] §aYou have withdrawn §r§679k coins§r§a! You now have §r§6316k coins §r§ain your account!
14:07:56 [allowed]   §r§5§lSLAYER QUEST STARTED!
14:07:56 [allowed]    §5§l» §7Slay §c250 Combat XP §7worth of Spiders§7.
14:08:16 [allowed] §cYou are sending commands too fast! Please slow down.
14:08:21 [allowed]  §r§6§lNEW AREA DISCOVERED!
14:08:21 [allowed] §7  ⏣ §r§b§r§cSpider Mound
14:08:23 [allowed]   §r§3§lBESTIARY FAMILY UNLOCKED §bWeaver Spider
14:08:25 [allowed]   §r§3§lBESTIARY FAMILY UNLOCKED §bSplitter Spider
14:08:27 [allowed]   §r§3§lBESTIARY FAMILY UNLOCKED §bSilverfish
14:08:27 [allowed] §a§l+5 Kill Combo §r§8§r§b+1✯ Magic Find
14:08:36 [allowed]   §r§3§lBESTIARY FAMILY UNLOCKED §bVoracious Spider
14:08:36 [allowed] §4☄ §r§ashoubby §r§eplaced an §r§9Arachne's Calling§r§e! (§r§a1§r§e/§r§a4§r§e)
14:08:37 [allowed] §a§l+10 Kill Combo §r§8+§r§62 §r§7coins per kill
14:08:39 [allowed]   §r§3§lBESTIARY FAMILY UNLOCKED §bDasher Spider
14:08:39 [allowed] §4☄ §r§ashoubby §r§eplaced an §r§9Arachne's Calling§r§e! (§r§a2§r§e/§r§a4§r§e)
14:08:42 [allowed] §4☄ §r§ashoubby §r§eplaced an §r§9Arachne's Calling§r§e! (§r§a3§r§e/§r§a4§r§e)
14:08:47 [allowed] §4☄ §r§ashoubby §r§eplaced an §r§9Arachne's Calling§r§e! Something is awakening! §r§e(§r§a4§r§e/§r§a4§r§e)
14:08:48 [allowed] §cYour Kill Combo has expired! You reached a 13 Kill Combo!
14:09:11 [allowed]  §r§6§lNEW AREA DISCOVERED!
14:09:11 [allowed] §7  ⏣ §r§b§r§4Arachne's Burrow
14:09:19 [allowed] §a§l+5 Kill Combo §r§8§r§b+1✯ Magic Find
14:09:22 [allowed]   §r§6§lNICE! SLAYER BOSS SLAIN!
14:09:22 [allowed]    §r§5§l» §r§7Talk to Maddox to claim your Spider Slayer XP!
14:09:23 [allowed] §f                          §r§3§lSKYBLOCK LEVEL UP
14:09:23 [allowed] §f                              §r§7Level §r§815 ➡ §r§8[§r§716§r§8]
14:09:23 [allowed] §f                                  §r§6§lREWARDS
14:09:23 [allowed] §f                                 §r§8+§r§a5 §r§c❤ Health
14:09:28 [allowed] §cYou are sending commands too fast! Please slow down.
