14:42:06 §f §r§r§r§f §r§r§r§1 §r§r§r§0 §r§r§r§2 §r§r§r§f §r§r§r§f §r§r§r§2 §r§r§r§0 §r§r§r§4 §r§r§r§3 §r§r§r§9 §r§r§r§2 §r§r§r§0 §r§r§r§0 §r§r§r§3 §r§r§r§9 §r§r§r§2 §r§r§r§0 §r§r§r§0 §r§r§r§3 §r§r§r§9 §r§r§r§2 §r§r§r§0 §r§r§r§0 
14:42:12 §8 §r§8 §r§1 §r§3 §r§3 §r§7 §r§8 
14:42:14 
14:42:14 
14:42:48 §8 §r§8 §r§1 §r§3 §r§3 §r§7 §r§8 
14:42:52 §8 §r§8 §r§1 §r§3 §r§3 §r§7 §r§8 
14:59:56 §8 §r§8 §r§1 §r§3 §r§3 §r§7 §r§8 
15:02:32 §8 §r§8 §r§1 §r§3 §r§3 §r§7 §r§8 
15:02:34 
15:02:34 
15:10:47 §8 §r§8 §r§1 §r§3 §r§3 §r§7 §r§8 
15:10:51 §f                                        
15:16:05 §8 §r§8 §r§1 §r§3 §r§3 §r§7 §r§8 
15:16:30 §8 §r§8 §r§1 §r§3 §r§3 §r§7 §r§8 
15:19:27 
15:21:05 §f                                        
15:21:05 §f                                        
15:27:59 §8 §r§8 §r§1 §r§3 §r§3 §r§7 §r§8 
15:29:17 §8 §r§8 §r§1 §r§3 §r§3 §r§7 §r§8 
15:30:16 §f                                        
15:30:16 §f                                        
15:36:07 §8 §r§8 §r§1 §r§3 §r§3 §r§7 §r§8 
15:36:09 
15:36:09 
15:36:18 
15:43:32 §8 §r§8 §r§1 §r§3 §r§3 §r§7 §r§8 
15:45:39 §f §r§r§r§f §r§r§r§1 §r§r§r§0 §r§r§r§2 §r§r§r§f §r§r§r§f §r§r§r§2 §r§r§r§0 §r§r§r§4 §r§r§r§3 §r§r§r§9 §r§r§r§2 §r§r§r§0 §r§r§r§0 §r§r§r§3 §r§r§r§9 §r§r§r§2 §r§r§r§0 §r§r§r§0 §r§r§r§3 §r§r§r§9 §r§r§r§2 §r§r§r§0 §r§r§r§0 
15:45:57 §f §r§r§r§f §r§r§r§1 §r§r§r§0 §r§r§r§2 §r§r§r§f §r§r§r§f §r§r§r§2 §r§r§r§0 §r§r§r§4 §r§r§r§3 §r§r§r§9 §r§r§r§2 §r§r§r§0 §r§r§r§0 §r§r§r§3 §r§r§r§9 §r§r§r§2 §r§r§r§0 §r§r§r§0 §r§r§r§3 §r§r§r§9 §r§r§r§2 §r§r§r§0 §r§r§r§0 
15:46:39 §8 §r§8 §r§1 §r§3 §r§3 §r§7 §r§8 
15:46:50 
15:46:50 
15:47:54 §8 §r§8 §r§1 §r§3 §r§3 §r§7 §r§8 
15:54:06 §f §r§r§r§f §r§r§r§1 §r§r§r§0 §r§r§r§2 §r§r§r§f §r§r§r§f §r§r§r§2 §r§r§r§0 §r§r§r§4 §r§r§r§3 §r§r§r§9 §r§r§r§2 §r§r§r§0 §r§r§r§0 §r§r§r§3 §r§r§r§9 §r§r§r§2 §r§r§r§0 §r§r§r§0 §r§r§r§3 §r§r§r§9 §r§r§r§2 §r§r§r§0 §r§r§r§0 
15:54:11 §8 §r§8 §r§1 §r§3 §r§3 §r§7 §r§8 
15:54:19 
15:54:19 
15:54:35 §f §r§r§r§f §r§r§r§1 §r§r§r§0 §r§r§r§2 §r§r§r§f §r§r§r§f §r§r§r§2 §r§r§r§0 §r§r§r§4 §r§r§r§3 §r§r§r§9 §r§r§r§2 §r§r§r§0 §r§r§r§0 §r§r§r§3 §r§r§r§9 §r§r§r§2 §r§r§r§0 §r§r§r§0 §r§r§r§3 §r§r§r§9 §r§r§r§2 §r§r§r§0 §r§r§r§0 
15:56:14 §f
15:57:55 §8 §r§8 §r§1 §r§3 §r§3 §r§7 §r§8 
15:58:04 
15:58:04 
16:00:15 §f
16:00:15 §f
16:00:28 
16:00:43 §f
16:01:16 §8 §r§8 §r§1 §r§3 §r§3 §r§7 §r§8 
16:02:48 §8 §r§8 §r§1 §r§3 §r§3 §r§7 §r§8 
16:03:10 §8 §r§8 §r§1 §r§3 §r§3 §r§7 §r§8 
16:12:40 
16:12:40 
16:12:40 
16:12:40 
16:12:41 
16:12:41 
16:13:12 
16:13:12 
16:13:21 §8 §r§8 §r§1 §r§3 §r§3 §r§7 §r§8 
16:15:54 §f §r§r§r§f §r§r§r§1 §r§r§r§0 §r§r§r§2 §r§r§r§f §r§r§r§f §r§r§r§2 §r§r§r§0 §r§r§r§4 §r§r§r§3 §r§r§r§9 §r§r§r§2 §r§r§r§0 §r§r§r§0 §r§r§r§3 §r§r§r§9 §r§r§r§2 §r§r§r§0 §r§r§r§0 §r§r§r§3 §r§r§r§9 §r§r§r§2 §r§r§r§0 §r§r§r§0 
16:16:16 §8 §r§8 §r§1 §r§3 §r§3 §r§7 §r§8 
16:16:21 
16:16:21 
16:16:30 §8 §r§8 §r§1 §r§3 §r§3 §r§7 §r§8 
16:19:38 
16:19:38 
16:19:38 
16:19:46 
16:19:46 
16:19:46 
16:19:58 
16:19:58 
16:19:58 
16:25:21 
16:25:21 
16:25:21 
16:25:21 
16:25:23 
16:25:23 
16:25:40 
16:25:40 
16:25:45 §8 §r§8 §r§1 §r§3 §r§3 §r§7 §r§8 
16:27:14 §8 §r§8 §r§1 §r§3 §r§3 §r§7 §r§8 
16:35:30 
16:35:31 
16:35:31 
16:35:31 
16:35:32 
16:35:32 
16:35:40 
16:35:40 
16:35:44 §8 §r§8 §r§1 §r§3 §r§3 §r§7 §r§8 
16:36:23 §8 §r§8 §r§1 §r§3 §r§3 §r§7 §r§8 
16:39:20  
16:50:54 
16:50:55 
16:50:55 
16:50:55 
16:50:56 
16:50:56 
16:51:16 
16:51:16 
16:52:45 §8 §r§8 §r§1 §r§3 §r§3 §r§7 §r§8 
16:56:35 §8 §r§8 §r§1 §r§3 §r§3 §r§7 §r§8 
16:59:15 §8 §r§8 §r§1 §r§3 §r§3 §r§7 §r§8 
17:00:14 
17:00:54 §f                                        
17:01:21 §8 §r§8 §r§1 §r§3 §r§3 §r§7 §r§8 
17:01:39 §8 §r§8 §r§1 §r§3 §r§3 §r§7 §r§8 
17:02:04 
17:02:59 §8 §r§8 §r§1 §r§3 §r§3 §r§7 §r§8 
17:03:57 §8 §r§8 §r§1 §r§3 §r§3 §r§7 §r§8 
17:07:22 §8 §r§8 §r§1 §r§3 §r§3 §r§7 §r§8 
17:08:03 
17:08:19 
17:08:29 
17:08:43 
17:08:57 
17:09:10 
17:09:27 
17:09:41 
17:09:55 
17:10:10 
17:10:24 
17:10:34 
17:10:47 
17:10:59 
17:11:12 
17:11:24 
17:11:37 
17:11:49 
17:12:01 
17:12:14 
17:12:26 
17:12:40 
17:12:53 
17:13:11 
17:13:27 
17:13:41 
17:13:52 
17:14:03 
17:14:20 
17:14:30 
17:14:44 
17:15:00 
17:15:15 
17:15:28 
17:15:40 
17:15:54 
17:16:06 
17:16:16 
17:16:26 
17:16:37 
17:16:50 
17:17:01 
17:17:17 
17:17:29 
17:17:42 
17:17:54 
17:18:08 
17:18:20 
17:18:31 
17:18:45 
17:18:54 
17:19:08 
17:19:18 
17:19:26 
17:19:28 
17:24:22 §f                                        
17:24:22 §f                                        
17:43:10 §8 §r§8 §r§1 §r§3 §r§3 §r§7 §r§8 
17:43:48 
17:44:25 
17:44:46  
17:45:13 §8 §r§8 §r§1 §r§3 §r§3 §r§7 §r§8 
17:53:16 §f                                        
17:55:25 §8 §r§8 §r§1 §r§3 §r§3 §r§7 §r§8 
17:55:25 §f                                        
17:55:33 
17:56:40 
18:00:30  
18:00:30   
18:00:41 
18:00:41 
18:00:43 §f
18:01:30  
18:01:30   
18:02:24 §8 §r§8 §r§1 §r§3 §r§3 §r§7 §r§8 
18:02:27  
18:02:27   
18:02:33  
18:02:33   
18:03:36  
18:03:36   
18:04:39  
18:04:39   
18:04:45 
18:05:40  
18:05:40   
18:05:59 §f                                        
18:05:59 §f                                        
18:06:42  
18:06:43   
18:07:44  
18:07:44   
18:08:46  
18:08:46   
18:09:49  
18:09:49   
18:10:51  
18:10:51   
18:11:53  
18:11:53   
18:12:21 §8 §r§8 §r§1 §r§3 §r§3 §r§7 §r§8 
18:12:22  
18:12:22   
18:12:24  
18:12:24   
18:12:41 §8 §r§8 §r§1 §r§3 §r§3 §r§7 §r§8 
18:12:44  
18:12:44   
18:12:53 §8 §r§8 §r§1 §r§3 §r§3 §r§7 §r§8 
18:12:56  
18:12:57   
18:12:57  
18:12:57   
18:13:58  
18:13:58   
18:14:58  
18:14:58   
18:15:59  
18:15:59   
18:16:59  
18:16:59   
18:17:59  
18:17:59   
18:18:59  
18:19:00   
18:20:00  
18:20:00   
18:20:04 §8 §r§8 §r§1 §r§3 §r§3 §r§7 §r§8 
18:20:08  
18:20:08   
18:20:34  
18:20:34   
18:21:36  
18:21:36   
18:22:39  
18:22:39   
18:22:47 §f                                        
18:23:40  
18:23:40   
18:24:42  
18:24:42   
18:25:45  
18:25:45   
18:26:47  
18:26:47   
18:27:49  
18:27:49   
18:28:51  
18:28:51   
18:29:52  
18:29:52   
18:30:54  
18:30:54   
18:31:56  
18:31:56   
18:32:24 §8 §r§8 §r§1 §r§3 §r§3 §r§7 §r§8 
18:32:27  
18:32:28   
18:32:28  
18:32:28   
18:33:29  
18:33:29   
18:34:03 
18:34:29  
18:34:29   
18:35:29  
18:35:30   
18:36:30  
18:36:30   
18:37:31  
18:37:31   
18:38:31  
18:38:31   
18:39:28 §8 §r§8 §r§1 §r§3 §r§3 §r§7 §r§8 
18:39:32  
18:39:32   
18:39:48 §8 §r§8 §r§1 §r§3 §r§3 §r§7 §r§8 
18:39:52  
18:39:52   
18:39:57  
18:39:57   
18:40:11 §8 §r§8 §r§1 §r§3 §r§3 §r§7 §r§8 
18:40:15  
18:40:15   
18:43:45 
18:44:49 §f                                        
18:44:49 §f                                        
18:45:03 §8 §r§8 §r§1 §r§3 §r§3 §r§7 §r§8 
18:45:34 §8 §r§8 §r§1 §r§3 §r§3 §r§7 §r§8 
18:50:31 §8 §r§8 §r§1 §r§3 §r§3 §r§7 §r§8 
18:50:54 §8 §r§8 §r§1 §r§3 §r§3 §r§7 §r§8 
18:51:53 §8 §r§8 §r§1 §r§3 §r§3 §r§7 §r§8 
18:51:57 §8 §r§8 §r§1 §r§3 §r§3 §r§7 §r§8 
18:52:43 
18:53:58 §f                                        
18:53:58 §f                                        
18:54:35 §8 §r§8 §r§1 §r§3 §r§3 §r§7 §r§8 
18:54:59 §8 §r§8 §r§1 §r§3 §r§3 §r§7 §r§8 
19:00:55 
19:00:55 
19:08:08 §8 §r§8 §r§1 §r§3 §r§3 §r§7 §r§8 
19:09:10 
19:12:13  
19:12:13   
19:13:14  
19:13:14   
19:14:14  
19:14:14   
19:15:13 §8 §r§8 §r§1 §r§3 §r§3 §r§7 §r§8 
19:15:16  
19:15:16   
19:16:04  
19:16:04   
19:17:06  
19:17:06   
19:18:07  
19:18:08   
19:19:09  
19:19:09   
19:20:11  
19:20:11   
19:21:12  
19:21:12   
19:21:45 
19:22:14  
19:22:15   
19:23:12 §f                                        
19:23:12 §f                                        
19:23:16  
19:23:16   
19:24:17  
19:24:17   
19:25:19  
19:25:19   
19:26:20  
19:26:21   
19:27:22  
19:27:22   
19:27:39 §8 §r§8 §r§1 §r§3 §r§3 §r§7 §r§8 
19:27:42  
19:27:42   
19:27:43  
19:27:43   
19:27:47 
19:28:41 
19:28:43  
19:28:43   
19:29:43  
19:29:43   
19:30:44  
19:30:44   
19:31:44  
19:31:44   
19:32:44  
19:32:44   
19:33:44  
19:33:45   
19:34:01 §8 §r§8 §r§1 §r§3 §r§3 §r§7 §r§8 
19:34:05  
19:34:05   
19:34:12  
19:34:12   
19:35:14  
19:35:14   
19:36:16  
19:36:16   
19:37:18  
19:37:18   
19:38:20  
19:38:20   
19:39:21  
19:39:21   
19:40:23  
19:40:23   
19:41:25  
19:41:25   
19:42:28  
19:42:28   
19:43:32  
19:43:32   
19:44:33  
19:44:33   
19:45:35  
19:45:35   
19:46:20 §8 §r§8 §r§1 §r§3 §r§3 §r§7 §r§8 
19:46:21 §f                                        
19:46:23  
19:46:24   
19:46:24  
19:46:24   
19:47:24  
19:47:25   
19:47:58 
19:48:25  
19:48:25   
19:49:25  
19:49:25   
19:50:25  
19:50:26   
19:51:26  
19:51:26   
19:51:32 §8 §r§8 §r§1 §r§3 §r§3 §r§7 §r§8 
19:51:36  
19:51:36   
19:51:48  
19:51:49   
19:52:50  
19:52:50   
19:53:51  
19:53:51   
19:54:52  
19:54:52   
19:55:53  
19:55:53   
19:56:54  
19:56:54   
19:57:26 
19:57:55  
19:57:55   
19:58:55  
19:58:56   
19:59:56  
19:59:56   
20:00:43 §f
20:00:55 
20:00:55 
20:00:56  
20:00:56   
20:01:52 §f                                        
20:01:52 §f                                        
20:01:57  
20:01:57   
20:02:57  
20:02:57   
20:03:57  
20:03:57   
20:04:57  
20:04:57   
20:05:58  
20:05:58   
20:06:58  
20:06:58   
20:07:58  
20:07:58   
20:08:58  
20:08:58   
20:09:58  
20:09:59   
20:10:59  
20:10:59   
20:11:59  
20:11:59   
20:12:59  
20:12:59   
20:13:59  
20:13:59   
20:14:59  
20:14:59   
20:15:59  
20:15:59   
20:16:59  
20:17:00   
20:18:00  
20:18:00   
20:19:00  
20:19:00   
20:20:00  
20:20:00   
20:21:00  
20:21:00   
20:21:56 §f                                        
20:22:00  
20:22:00   
20:23:00  
20:23:00   
20:24:00  
20:24:01   
20:25:01  
20:25:01   
20:26:01  
20:26:01   
20:27:01  
20:27:01   
20:28:01  
20:28:01   
20:29:01  
20:29:01   
20:30:01  
20:30:01   
20:31:01  
20:31:01   
20:32:02  
20:32:02   
20:33:02  
20:33:02   
20:34:02  
20:34:02   
20:35:02  
20:35:02   
20:36:02  
20:36:02   
20:36:58 
20:37:02  
20:37:02   
20:38:03  
20:38:03   
20:39:03  
20:39:03   
20:40:03  
20:40:03   
