14:42:11 §7Sending to server mini99CG...
14:42:47 §7Warping you to your SkyBlock island...
14:42:47 §7Sending to server mini20AF...
14:42:51 §7Sending to server mini22BD...
14:59:55 §7Warping...
14:59:55 §7Sending to server mini192DE...
15:02:31 §7Sending to server mini152AC...
15:10:46 §7Sending to server mini3AG...
15:13:46 §7Warping...
15:16:05 §7Warping...
15:16:05 §7Sending to server mini4AT...
15:16:30 §7Warping...
15:16:30 §7Sending to server mini1008F...
15:25:19 §7Warping...
15:27:24 §7Warping...
15:27:42 §7Warping...
15:27:55 §7Warping...
15:27:58 §7Warping...
15:27:58 §7Sending to server mini144DP...
15:29:16 §7Warping...
15:29:16 §7Sending to server mini152DV...
15:30:58 §7Warping...
15:36:06 §7Sending to server mini26Q...
15:43:31 §7Sending to server mini38BH...
15:46:39 §7Sending to server mini1008F...
15:47:53 §7Warping...
15:47:53 §7Sending to server mini4BM...
15:54:11 §7Sending to server mini230C...
15:57:54 §7Sending to server mini12AW...
16:01:15 §7Warping...
16:01:15 §7Sending to server mini62DM...
16:02:47 §7Warping...
16:02:48 §7Sending to server mini40Q...
16:03:09 §7Sending to server mini195CS...
16:13:20 §7Sending to server mini151DQ...
16:16:16 §7Sending to server mini1AS...
16:16:29 §7Sending to server mini33BV...
16:25:44 §7Sending to server mini69BG...
16:27:13 §7Sending to server mini200CJ...
16:35:44 §7Sending to server mini68G...
16:36:22 §7Sending to server mini4CV...
16:52:44 §7Sending to server mini85BR...
16:56:34 §7Warping...
16:56:34 §7Sending to server mini88CQ...
16:58:57 §7Warping...
16:59:14 §7Warping...
16:59:14 §7Sending to server mini93DR...
16:59:43 §7Warping...
17:01:19 §7Warping...
17:01:20 §7Sending to server mini84B...
17:01:38 §7Warping...
17:01:38 §7Sending to server mini93DR...
17:02:24 §7Warping...
17:02:58 §7Warping...
17:02:58 §7Sending to server mini194AK...
17:03:56 §7Warping...
17:03:56 §7Sending to server mini184BG...
17:07:21 §7Warping...
17:07:21 §7Sending to server mini85AM...
17:20:02 §7Warping...
17:20:35 §7Warping...
17:35:57 §7Warping...
17:42:29 §7Warping...
17:43:09 §7Sending to server mini86DT...
17:45:12 §7Sending to server mini73AK...
17:50:02 §7Warping...
17:53:50 §7Warping...
17:55:24 §7Sending to server mini18CN...
18:02:22 §7Sending to server mini3AB...
18:03:55 §7Warping...
18:05:47 §7Warping...
18:08:27 §7Warping...
18:08:38 §7Warping...
18:10:46 §7Warping...
18:12:19 §7Sending to server mini39H...
18:12:40 §7Sending to server mini154AU...
18:12:52 §7Sending to server mini39K...
18:20:03 §7Sending to server mini86CV...
18:25:30 §7Warping...
18:26:04 §7Warping...
18:30:00 §7Warping...
18:32:23 §7Sending to server mini23CF...
18:39:27 §7Sending to server mini66Q...
18:39:48 §7Warping...
18:39:48 §7Sending to server mini5E...
18:40:10 §7Warping...
18:40:10 §7Sending to server mini22DH...
18:45:03 §7Warping...
18:45:03 §7Sending to server mini19BD...
18:45:33 §7Warping...
18:45:33 §7Sending to server mini85CH...
18:50:30 §7Warping...
18:50:31 §7Sending to server mini22AT...
18:50:53 §7Warping...
18:50:53 §7Sending to server mini204P...
18:51:52 §7Warping...
18:51:52 §7Sending to server mini14BN...
18:51:56 §7Warping...
18:51:56 §7Sending to server mini143R...
18:53:35 §7Warping...
18:54:34 §7Sending to server mini155CN...
18:54:58 §7Sending to server mini194DS...
18:59:42 §7Warping...
19:06:39 §7Warping...
19:08:07 §7Sending to server mini144AN...
19:15:12 §7Sending to server mini185BW...
19:18:37 §7Warping...
19:24:23 §7Warping...
19:27:38 §7Sending to server mini198CQ...
19:34:01 §7Sending to server mini79CP...
19:39:57 §7Warping...
19:42:14 §7Warping...
19:46:19 §7Sending to server mini143AP...
19:51:32 §7Sending to server mini153DV...
19:52:12 §7Warping...
19:58:13 §7Warping...
