19:39:16 NONE
19:39:16 GARDEN
19:41:02 NONE
19:41:02 CATACOMBS
19:45:57 NONE
19:45:57 DUNGEON_HUB
19:46:21 NONE
19:46:21 CATACOMBS
19:50:52 NONE
19:50:52 DUNGEON_HUB
19:51:24 NONE
19:51:25 CATACOMBS
19:56:52 DUNGEON_HUB
19:57:49 NONE
19:57:49 CATACOMBS
20:02:55 NONE
20:02:55 CATACOMBS
20:10:08 NONE
20:10:08 CATACOMBS
20:18:38 NONE
20:18:38 PRIVATE_ISLAND
20:18:41 NONE
20:18:41 DUNGEON_HUB
20:20:10 NONE
20:20:11 CATACOMBS
20:25:51 NONE
20:25:52 DUNGEON_HUB
20:28:27 NONE
20:28:27 CATACOMBS
20:34:02 NONE
20:34:03 DUNGEON_HUB
20:40:18 NONE
20:40:19 PRIVATE_ISLAND
20:40:36 NONE
20:40:37 CRIMSON_ISLE
20:41:29 NONE
20:41:30 HUB
20:41:36 NONE
20:41:36 PRIVATE_ISLAND
20:41:40 NONE
20:41:41 HUB
20:41:59 NONE
20:41:59 PRIVATE_ISLAND
20:44:28 NONE
20:44:28 CRIMSON_ISLE
