19:04:37 OptiFine ConnectedTextures
19:04:37 OptiFine ConnectedTextures
19:04:37 OptiFine ConnectedTextures
19:04:37 OptiFine ConnectedTextures
19:04:37 OptiFine ConnectedTextures
19:04:37 OptiFine ConnectedTextures
19:04:37 OptiFine ConnectedTextures
19:04:37 OptiFine ConnectedTextures
19:04:37 OptiFine ConnectedTextures
19:04:37 OptiFine ConnectedTextures
19:04:37 OptiFine ConnectedTextures
19:04:37 OptiFine ConnectedTextures
19:04:37 OptiFine ConnectedTextures
19:04:37 OptiFine ConnectedTextures
19:04:37 OptiFine ConnectedTextures
19:04:37 OptiFine ConnectedTextures
19:04:37 OptiFine ConnectedTextures
19:04:37 OptiFine ConnectedTextures
19:04:37 OptiFine ConnectedTextures
19:04:37 OptiFine ConnectedTextures
19:04:37 OptiFine ConnectedTextures
19:04:37 OptiFine ConnectedTextures
19:04:37 OptiFine ConnectedTextures
19:04:37 OptiFine ConnectedTextures
19:04:37 OptiFine ConnectedTextures
19:04:37 OptiFine ConnectedTextures
19:04:37 OptiFine ConnectedTextures
19:04:37 OptiFine ConnectedTextures
19:04:37 OptiFine ConnectedTextures
19:04:37 OptiFine ConnectedTextures
19:04:37 OptiFine ConnectedTextures
19:04:37 OptiFine ConnectedTextures
19:04:37 OptiFine ConnectedTextures
19:04:37 OptiFine ConnectedTextures
19:04:37 OptiFine ConnectedTextures
19:04:37 OptiFine ConnectedTextures
19:04:37 OptiFine ConnectedTextures
19:04:37 OptiFine ConnectedTextures
19:04:37 OptiFine ConnectedTextures
19:04:37 OptiFine ConnectedTextures
19:04:37 OptiFine ConnectedTextures
19:04:38 OptiFine ConnectedTextures
19:04:38 OptiFine ConnectedTextures
19:04:38 OptiFine ConnectedTextures
19:04:38 OptiFine ConnectedTextures
19:04:38 OptiFine ConnectedTextures
19:04:38 OptiFine ConnectedTextures
19:04:38 OptiFine ConnectedTextures
19:04:38 OptiFine ConnectedTextures
19:04:38 OptiFine ConnectedTextures
19:04:38 OptiFine ConnectedTextures
19:04:38 OptiFine ConnectedTextures
19:04:38 OptiFine ConnectedTextures
19:04:38 OptiFine ConnectedTextures
19:04:38 OptiFine ConnectedTextures
19:04:38 OptiFine ConnectedTextures
19:04:38 OptiFine ConnectedTextures
19:05:54 AsmHelper Transforming
19:05:54 AsmHelper Applying AsmWriter
19:13:21 Grow BufferBuilder buffer
19:13:22 Grow BufferBuilder buffer
19:13:26 Grow BufferBuilder buffer
19:13:26 Grow BufferBuilder buffer
19:13:26 Grow BufferBuilder buffer
19:22:18 Biome ID bounds
