11:42:58 §7Sending to server mini25CP...
11:43:38 §7Warping...
11:45:09 §7Warping...
11:45:09 §7Sending to server mini63CF...
11:47:01 §7Warping...
11:47:01 §7Sending to server mini16G...
11:47:12 §7Warping...
11:47:12 §7Sending to server mini198BC...
11:47:45 §7Warping...
11:49:09 §7Sending to server mini62D...
11:49:12 §7Warping...
11:49:12 §7Sending to server mini14BB...
11:49:42 §7Sending to server mini160DT...
11:50:05 §7Sending to server mini160DT...
11:53:28 §7Sending to server mini1008A...
11:56:03 §7Warping...
11:56:03 §7Sending to server mini189K...
11:56:05 §7Warping...
11:56:26 §7Warping...
11:56:26 §7Sending to server mini145U...
11:58:58 §7Warping...
11:58:58 §7Sending to server mini142AA...
12:01:22 §7Warping...
12:01:22 §7Sending to server mini74BJ...
12:01:26 §7Warping...
12:01:26 §7Sending to server mini36AM...
12:02:13 §7Warping...
12:02:13 §7Sending to server mini63BE...
12:03:11 §7Warping...
12:05:41 §7Sending to server mini160DT...
12:06:05 §7Sending to server mini73CN...
12:06:13 §7Sending to server mini63BE...
12:07:12 §7Sending to server mini63BE...
12:19:31 §7Warping...
12:19:31 §7Sending to server mini3DR...
12:20:18 §7Sending to server mini33CJ...
12:21:05 §7Sending to server mini18AJ...
12:21:10 §7Warping...
12:21:10 §7Sending to server mini71DW...
12:22:34 §7Warping you to your SkyBlock island...
12:22:34 §7Sending to server mini77E...
12:22:36 §7Warping...
12:22:39 §7Warping...
12:22:39 §7Sending to server mini71DW...
12:26:37 §7Finding player...
12:26:38 §7Sending a visit request...
12:26:38 §7Sending to server mini141AW...
12:27:01 §7Finding player...
12:27:02 §7Sending a visit request...
12:27:02 §7Sending to server mini9DN...
12:27:22 §7Warping...
12:27:22 §7Sending to server mini189J...
12:34:16 §7Warping...
12:34:16 §7Sending to server mini67DG...
12:34:19 §7Warping...
12:35:27 §7Warping...
12:35:27 §7Sending to server mini81CK...
12:36:24 §7Warping...
12:36:24 §7Sending to server mini183CA...
12:37:29 §7Sending to server mini189BB...
12:37:57 §7Warping...
12:37:57 §7Sending to server mini95BU...
12:38:01 §7Request join for Hub #7 (mega37B)...
12:38:01 §7Sending to server mega37B...
12:39:48 §7Warping...
12:39:48 §7Sending to server mini63BE...
12:39:52 §7Warping...
12:39:52 §7Sending to server mini84BP...
12:40:34 §7Sending to server mini143J...
12:41:23 §7Sending to server mini143J...
12:41:31 §7Warping...
12:41:31 §7Sending to server mini154DR...
12:41:33 §7Warping...
12:41:35 §7Warping...
12:41:35 §7Sending to server mini1018E...
12:42:45 §7Warping...
12:42:45 §7Sending to server mini73W...
12:47:52 §7Warping you to your SkyBlock island...
12:47:53 §7Sending to server mini145DM...
12:47:57 §7Sending to server mini90M...
12:48:52 §7Warping...
12:48:52 §7Sending to server mini200CC...
12:49:44 §7Warping...
12:49:44 §7Sending to server mini99E...
12:49:48 §7Sending to server mini78CE...
12:49:52 §7Sending to server mini22DP...
12:50:16 §7Warping...
12:50:16 §7Sending to server mini1021T...
12:52:32 §7Warping you to your SkyBlock island...
12:52:32 §7Sending to server mini153DD...
12:52:36 §7Warping...
12:52:36 §7Sending to server mini266W...
13:01:40 §7Warping you to your SkyBlock island...
13:01:40 §7Sending to server mini64CA...
13:01:42 §7Warping...
13:01:45 §7Warping...
13:01:46 §7Sending to server mini97DT...
13:08:02 §7Warping...
13:12:41 §7Warping...
13:15:01 §7Warping...
13:15:01 §7Sending to server mini76BF...
13:17:38 §7Warping...
13:17:38 §7Sending to server mini2Q...
13:17:40 §7Warping...
13:18:00 §7Warping...
13:18:00 §7Sending to server mini76BF...
13:19:04 §7Warping...
13:19:05 §7Sending to server mini19CH...
13:19:07 §7Warping...
13:19:33 §7Sending to server mini100W...
13:37:33 §7Sending to server mini12B...
13:41:07 §7Sending to server mini6CR...
13:42:36 §7Warping...
13:42:36 §7Sending to server mini1CJ...
13:45:06 §7Sending to server mini71DC...
13:51:44 §7Sending to server mini5A...
13:51:48 §7Sending to server mini71K...
13:58:19 §7Warping...
13:58:19 §7Sending to server mini152BH...
13:59:24 §7Warping...
13:59:24 §7Sending to server mini1DG...
13:59:27 §7Warping...
14:00:28 §7Warping you to your SkyBlock island...
14:00:28 §7Sending to server mini25BV...
14:01:22 §7Sending to server mini95BU...
14:02:38 §7Sending to server mini81CB...
14:02:46 §7Warping...
14:02:46 §7Sending to server mini86CK...
14:06:47 §7Sending to server mini86CK...
14:15:33 §7Warping...
14:15:33 §7Sending to server mini12DN...
14:15:50 §7Warping...
14:15:50 §7Sending to server mini27DH...
14:15:53 §7Warping...
14:16:35 §7Warping...
14:16:36 §7Sending to server mini1008A...
14:16:37 §7Warping...
14:17:08 §7Warping...
14:17:08 §7Sending to server mini94AR...
14:17:10 §7Warping...
14:17:21 §7Warping...
14:17:21 §7Sending to server mini75DQ...
14:17:58 §7Warping...
14:17:58 §7Sending to server mini4DK...
14:18:00 §7Warping...
14:25:05 §7Warping...
14:31:11 §7Warping...
14:31:11 §7Sending to server mini71H...
14:37:00 §7Warping...
14:37:00 §7Sending to server mini95CK...
14:43:19 §7Warping...
14:43:19 §7Sending to server mini9H...
14:44:10 §7Warping...
14:44:10 §7Sending to server mini2G...
14:45:41 §7Warping...
14:45:43 §7Warping...
14:52:28 §7Sending to server mini95CK...
14:56:13 §7Request join for Hub #16 (mega17A)...
14:56:34 §7Warping...
14:56:34 §7Sending to server mini61BS...
14:57:19 §7Warping...
14:57:20 §7Sending to server mini95CD...
14:57:28 §7Request join for Hub #17 (mega30E)...
14:57:29 §7Sending to server mega30E...
14:58:04 §7Request join for Hub #15 (mega17A)...
14:58:04 §7Sending to server mega17A...
