21:47:06 [allowed] §b§m--------------§r§f  §r§aGuild: Message Of The Day  §r§b§m--------------
21:47:06 [allowed] §b| §r§fOlleg2 Left the guild
21:47:06 [allowed] §b§m-----------------------------------------------------
21:47:09 [allowed] §cYou are sending commands too fast! Please slow down.
21:47:19 [allowed] §cYou are sending commands too fast! Please slow down.
21:47:19 [allowed] §6§lRARE REWARD! §r§bxStqrmXx §r§efound a §r§5Fuming Potato Book §r§ein their Obsidian Chest§r§e!
21:47:19 [allowed] §eLatest update: §bSkyBlock v0.20.2 §e§lCLICK
21:47:33 [allowed] §6§lRARE REWARD! §r§bcheetah854 §r§efound a §r§6Recombobulator 3000 §r§ein their Obsidian Chest§r§e!
21:47:35 [allowed] §6§lRARE REWARD! §r§bcheetah854 §r§efound a §r§6Recombobulator 3000 §r§ein their Bedrock Chest§r§e!
21:48:17 [allowed] §a§r§6Mining Speed Boost §r§ais now available!
21:48:44 [allowed] §cYou are sending commands too fast! Please slow down.
21:49:02 [allowed] §2Guild > §r§bLegohjalten §r§ejoined.
21:49:42 [allowed] §a§r§6Mining Speed Boost §r§ais now available!
21:54:56 [allowed] §aYou summoned your §r§6Bee§r§5 ✦§r§a!
21:55:00 [allowed] §6§lOFFER ACCEPTED §r§8with §r§aFear Mongerer §r§8(§r§a§lUNCOMMON§r§8)
21:55:00 [allowed]   §r§a§lREWARDS
21:55:00 [allowed]     §r§8+§r§215 §r§7Garden Experience
21:55:00 [allowed]     §r§8+§r§35.4k §r§7Farming XP
21:55:00 [allowed]     §r§8+§r§c19 Copper
21:55:00 [allowed]     §r§8+§r§b7 Bits
21:55:00 [allowed]     §r§7§aGreen Candy
21:55:01 [allowed] §bNew day! §r§eYour §r§2Sky Mall §r§ebuff changed!
21:55:01 [allowed] §8§oYou can disable this messaging by toggling Sky Mall in your /hotm!
21:55:02 [allowed] §cYou don't have enough of the required item!
21:55:12 [allowed] §cYou don't have enough of the required item!
21:55:15 [allowed] §cYou don't have enough of the required item!
21:55:17 [allowed] §6§lOFFER ACCEPTED §r§8with §r§aBanker Broadjaw §r§8(§r§a§lUNCOMMON§r§8)
21:55:17 [allowed]   §r§a§lREWARDS
21:55:17 [allowed]     §r§8+§r§215 §r§7Garden Experience
21:55:17 [allowed]     §r§8+§r§34.3k §r§7Farming XP
21:55:17 [allowed]     §r§8+§r§c19 Copper
21:55:17 [allowed]     §r§8+§r§b7 Bits
21:55:20 [allowed] §cYou don't have enough of the required item!
