21:47:06 [EMPTY] §f §r§r§r§f §r§r§r§1 §r§r§r§0 §r§r§r§2 §r§r§r§f §r§r§r§f §r§r§r§2 §r§r§r§0 §r§r§r§4 §r§r§r§3 §r§r§r§9 §r§r§r§2 §r§r§r§0 §r§r§r§0 §r§r§r§3 §r§r§r§9 §r§r§r§2 §r§r§r§0 §r§r§r§0 §r§r§r§3 §r§r§r§9 §r§r§r§2 §r§r§r§0 §r§r§r§0 
21:47:06 [LOBBY] §b[MVP§e+§b] Sebbebas§f §6joined the lobby!
21:47:06 [LOBBY] §b[MVP§6+§b] TakingBiscuit43§f §6joined the lobby!
21:47:07 [LOBBY]   §r§f§l➤ §r§6You have reached your Hype limit! Add Hype to Prototype Lobby minigames by right-clicking with the Hype Diamond!
21:47:10 [LOBBY] §b[MVP§c+§b] ByPluxx§f §6joined the lobby!
21:47:14 [LOBBY] §b[MVP§a+§b] RoboBot007§f §6joined the lobby!
21:47:15 [LOBBY] §b[MVP§2+§b] chocolateglitter§f §6joined the lobby!
21:47:16 [WARPING] §7Sending to server mini71AN...
21:47:17 [EMPTY] §8 §r§8 §r§1 §r§3 §r§3 §r§7 §r§8 
21:47:19 [EMPTY] 
21:47:19 [WELCOME] §eWelcome to §r§aHypixel SkyBlock§r§e!
21:47:19 [EMPTY] 
21:47:20 [PROFILE_JOIN] §aYou are playing on profile: §eBanana§b (Co-op)
21:47:20 [PROFILE_JOIN] §8Profile ID: b1a71305-1956-42bf-90e4-bce6f7285754
21:48:41 [WARPING] §7Warping...
21:48:42 [WARPING] §7Sending to server mini96BN...
21:48:43 [EMPTY] §8 §r§8 §r§1 §r§3 §r§3 §r§7 §r§8 
21:48:46 [PROFILE_JOIN] §aYou are playing on profile: §eBanana§b (Co-op)
21:48:46 [PROFILE_JOIN] §8Profile ID: b1a71305-1956-42bf-90e4-bce6f7285754
21:54:53 [GARDEN_VISITOR_MESSAGE] §e[NPC] §aFear Mongerer§f: §r§fMortal, the time of reckoning is near. The Past will light the future.
21:55:00 [EMPTY] 
21:55:00 [EMPTY] 
21:55:00 [GARDEN_VISITOR_MESSAGE] §e[NPC] §aFear Mongerer§f: §r§fMay your destiny be ridded with fortune.
21:55:01 [GARDEN_VISITOR_MESSAGE] §e[NPC] §aMason§f: §r§fI paid for one of Treasure Hunter's tips today and again, it only led me to a dirty shoelace. His tips are just not worth it...
21:55:01 [SKYMALL] §eNew buff§r§r§r: §r§fGain §r§a+50 §r§6☘ Mining Fortune§r§f.
21:55:04 [NEW_VISITOR_ARRIVED] §a§r§aOdawa §r§ehas arrived on your §r§bGarden§r§e!
21:55:09 [GARDEN_VISITOR_MESSAGE] §e[NPC] §aMason§f: §r§fYou're no better than the Treasure Hunter...
21:55:11 [GARDEN_VISITOR_MESSAGE] §e[NPC] §aOdawa§f: §r§fI'm supposed to collect some food for the village, the Kalhuiki people have been through a tough time recently.
21:55:14 [GARDEN_VISITOR_MESSAGE] §e[NPC] §9Fragilis§f: §r§fHey you! Can you bring me the hardest block you can mine?
21:55:16 [GARDEN_VISITOR_MESSAGE] §e[NPC] §aBanker Broadjaw§f: §r§fStanding in that bank all day. Just me and the dwarves. But they are either all business, or drunk. Or both! I need better company!
21:55:17 [EMPTY] 
21:55:17 [EMPTY] 
21:55:17 [GARDEN_VISITOR_MESSAGE] §e[NPC] §aBanker Broadjaw§f: §r§fOh what a lovely specimen this is. I wonder, how should I name you?
21:55:18 [GARDEN_VISITOR_MESSAGE] §e[NPC] §6Sirius§f: §r§fI've always wanted to start a farm but instead I got sucked into this life of crim...I mean business!
