20:59:31 DUNGEON_HUB
20:59:36 NONE
20:59:37 PRIVATE_ISLAND
20:59:40 NONE
20:59:41 HUB
20:59:50 NONE
20:59:51 PRIVATE_ISLAND
21:01:07 NONE
21:01:08 HUB
21:07:14 NONE
21:07:15 SPIDER_DEN
21:09:25 NONE
21:09:25 HUB
21:16:19 NONE
21:16:19 DUNGEON_HUB
21:31:10 NONE
21:31:11 HUB
21:32:30 NONE
21:32:31 THE_FARMING_ISLANDS
21:41:37 NONE
21:41:37 PRIVATE_ISLAND
21:41:41 NONE
21:41:42 HUB
21:41:45 NONE
21:41:46 PRIVATE_ISLAND
21:41:50 NONE
21:41:50 HUB
21:46:04 NONE
21:46:04 GOLD_MINES
21:49:43 NONE
21:49:43 DEEP_CAVERNS
21:53:32 NONE
21:53:32 HUB
21:56:14 NONE
21:56:14 GOLD_MINES
21:56:55 NONE
21:56:56 DEEP_CAVERNS
21:59:04 NONE
21:59:05 HUB
22:00:44 NONE
22:00:45 GOLD_MINES
22:01:07 NONE
22:01:07 DEEP_CAVERNS
22:04:54 NONE
22:04:54 HUB
22:06:04 NONE
22:06:05 GOLD_MINES
22:07:12 NONE
22:07:12 DEEP_CAVERNS
22:10:51 NONE
22:10:52 HUB
22:11:07 NONE
22:11:07 GOLD_MINES
22:12:26 NONE
22:12:27 DEEP_CAVERNS
22:12:51 NONE
22:12:51 PRIVATE_ISLAND
22:13:18 NONE
22:13:19 GOLD_MINES
22:15:11 NONE
22:15:11 HUB
22:16:39 NONE
22:16:40 GOLD_MINES
22:17:14 NONE
22:17:14 DEEP_CAVERNS
22:33:53 NONE
22:33:53 PRIVATE_ISLAND
22:34:12 NONE
22:34:13 HUB
22:41:01 NONE
22:41:01 PRIVATE_ISLAND
22:43:25 NONE
22:43:25 HUB
22:44:43 NONE
22:44:44 GOLD_MINES
22:45:33 NONE
22:45:33 HUB
22:47:25 NONE
22:47:26 PRIVATE_ISLAND
22:47:28 NONE
22:47:28 HUB
22:49:19 NONE
22:49:20 SPIDER_DEN
22:54:21 NONE
22:54:21 PRIVATE_ISLAND
22:54:39 NONE
22:54:40 HUB
22:56:12 NONE
22:56:13 PRIVATE_ISLAND
23:06:08 NONE
23:06:08 SPIDER_DEN
23:13:26 NONE
23:13:26 PRIVATE_ISLAND
23:14:21 NONE
23:14:22 SPIDER_DEN
23:20:26 NONE
23:20:27 PRIVATE_ISLAND
23:21:55 NONE
23:21:56 HUB
23:22:38 NONE
23:22:38 GOLD_MINES
23:22:53 NONE
23:22:54 DEEP_CAVERNS
23:25:12 NONE
23:25:13 HUB
23:25:23 NONE
23:25:23 PRIVATE_ISLAND
23:25:29 NONE
23:25:29 DEEP_CAVERNS
23:40:46 NONE
23:40:47 HUB
23:43:02 NONE
23:43:02 DEEP_CAVERNS
23:55:21 NONE
23:55:22 GOLD_MINES
00:00:11 NONE
00:00:11 PRIVATE_ISLAND
00:00:17 NONE
00:00:17 GOLD_MINES
00:02:30 NONE
00:02:30 DEEP_CAVERNS
00:03:33 NONE
00:03:34 DWARVEN_MINES
00:14:52 NONE
00:14:52 PRIVATE_ISLAND
00:16:40 NONE
00:16:41 HUB
00:18:15 NONE
00:18:15 PRIVATE_ISLAND
00:21:12 NONE
00:21:12 HUB
00:21:43 NONE
00:21:43 PRIVATE_ISLAND
00:29:05 NONE
00:29:05 HUB
00:29:27 NONE
00:29:28 PRIVATE_ISLAND
00:35:06 NONE
00:35:07 HUB
00:35:44 NONE
00:35:44 PRIVATE_ISLAND
00:43:00 NONE
00:43:05 PRIVATE_ISLAND
00:43:51 NONE
00:43:51 GARDEN
00:44:00 NONE
00:44:00 PRIVATE_ISLAND
00:52:56 NONE
00:52:56 HUB
00:53:34 NONE
00:53:34 PRIVATE_ISLAND
00:56:10 NONE
00:56:10 HUB
00:56:53 NONE
00:56:53 PRIVATE_ISLAND
00:58:22 NONE
00:58:22 HUB
00:58:58 NONE
00:58:58 PRIVATE_ISLAND
01:00:35 NONE
01:00:35 HUB
01:01:03 NONE
01:01:03 PRIVATE_ISLAND
01:02:13 NONE
01:02:49 HUB
01:03:59 NONE
01:03:59 PRIVATE_ISLAND
01:05:28 NONE
01:05:29 HUB
01:05:40 NONE
01:05:40 PRIVATE_ISLAND
01:06:41 NONE
01:06:41 HUB
01:06:46 NONE
01:06:47 HUB
01:07:17 NONE
01:07:21 HUB
01:07:25 NONE
01:07:25 PRIVATE_ISLAND
01:11:56 NONE
01:11:57 DUNGEON_HUB
01:12:02 NONE
01:12:02 PRIVATE_ISLAND
01:13:37 NONE
01:13:38 DUNGEON_HUB
01:13:42 NONE
01:13:43 PRIVATE_ISLAND
01:20:18 NONE
01:20:18 DUNGEON_HUB
01:20:23 NONE
01:20:23 PRIVATE_ISLAND
01:23:18 NONE
01:23:18 DUNGEON_HUB
01:23:22 NONE
01:23:23 PRIVATE_ISLAND
01:27:26 NONE
01:27:26 DUNGEON_HUB
01:27:30 NONE
01:27:31 PRIVATE_ISLAND
01:31:45 NONE
01:32:24 HUB
01:32:29 NONE
01:32:29 PRIVATE_ISLAND
01:33:49 NONE
01:33:53 PRIVATE_ISLAND
01:43:52 NONE
01:43:52 DUNGEON_HUB
01:43:58 NONE
01:43:58 PRIVATE_ISLAND
01:45:16 NONE
01:45:16 DUNGEON_HUB
01:45:21 NONE
01:45:21 PRIVATE_ISLAND
01:53:08 NONE
01:53:08 DUNGEON_HUB
01:53:13 NONE
01:53:14 PRIVATE_ISLAND
01:58:10 NONE
01:58:17 PRIVATE_ISLAND
01:59:36 NONE
01:59:39 PRIVATE_ISLAND
02:06:52 NONE
02:06:52 DUNGEON_HUB
02:06:56 NONE
02:06:57 PRIVATE_ISLAND
02:08:36 NONE
02:08:36 DUNGEON_HUB
02:08:40 NONE
02:08:40 PRIVATE_ISLAND
02:11:45 NONE
02:11:45 DUNGEON_HUB
02:11:51 NONE
02:11:51 PRIVATE_ISLAND
02:14:49 NONE
02:14:50 DUNGEON_HUB
02:14:53 NONE
02:14:53 PRIVATE_ISLAND
02:16:18 NONE
02:16:19 HUB
02:16:50 NONE
02:16:50 DWARVEN_MINES
02:17:22 NONE
02:17:22 PRIVATE_ISLAND
02:20:23 NONE
02:20:24 DUNGEON_HUB
02:20:27 NONE
02:20:28 PRIVATE_ISLAND
02:22:10 NONE
02:22:10 DUNGEON_HUB
02:22:14 NONE
02:22:14 PRIVATE_ISLAND
02:23:43 NONE
02:23:43 HUB
02:25:50 NONE
02:25:51 PRIVATE_ISLAND
02:27:23 NONE
02:27:23 HUB
02:28:30 NONE
02:28:30 PRIVATE_ISLAND
02:29:25 NONE
02:29:26 HUB
02:29:38 NONE
02:29:38 PRIVATE_ISLAND
02:31:42 NONE
02:31:43 HUB
02:34:19 NONE
02:34:20 DWARVEN_MINES
02:36:54 NONE
02:36:54 HUB
02:37:41 NONE
02:37:52 PRIVATE_ISLAND
02:38:22 NONE
02:38:22 HUB
02:38:38 NONE
02:38:38 PRIVATE_ISLAND
02:38:54 NONE
02:38:59 PRIVATE_ISLAND
02:39:05 NONE
02:39:05 HUB
02:39:23 NONE
02:39:29 PRIVATE_ISLAND
02:39:32 NONE
02:39:33 HUB
