19:38:27 [EMPTY] §f §r§r§r§f §r§r§r§1 §r§r§r§0 §r§r§r§2 §r§r§r§f §r§r§r§f §r§r§r§2 §r§r§r§0 §r§r§r§4 §r§r§r§3 §r§r§r§9 §r§r§r§2 §r§r§r§0 §r§r§r§0 §r§r§r§3 §r§r§r§9 §r§r§r§2 §r§r§r§0 §r§r§r§0 §r§r§r§3 §r§r§r§9 §r§r§r§2 §r§r§r§0 §r§r§r§0 
19:38:27 [LOBBY]   §r§f§l➤ §r§6You have reached your Hype limit! Add Hype to Prototype Lobby minigames by right-clicking with the Hype Diamond!
19:38:28 [LOBBY] §b[MVP§3+§b] Galax_z§f §6joined the lobby!
19:38:30 [LOBBY] §b[MVP§0+§b] EpicSquirrel269§f §6joined the lobby!
19:38:30 [WARPING] §7Sending to server mini29S...
19:38:31 [EMPTY] §8 §r§8 §r§1 §r§3 §r§3 §r§7 §r§8 
19:38:33 [EMPTY] 
19:38:33 [WELCOME] §eWelcome to §r§aHypixel SkyBlock§r§e!
19:38:33 [EMPTY] 
19:38:34 [PROFILE_JOIN] §aYou are playing on profile: §eApple§b (Co-op)
19:38:34 [PROFILE_JOIN] §8Profile ID: b1a71305-1956-42bf-90e4-bce6f7285754
19:39:27 [EMPTY] §f §r§r§r§f §r§r§r§1 §r§r§r§0 §r§r§r§2 §r§r§r§f §r§r§r§f §r§r§r§2 §r§r§r§0 §r§r§r§4 §r§r§r§3 §r§r§r§9 §r§r§r§2 §r§r§r§0 §r§r§r§0 §r§r§r§3 §r§r§r§9 §r§r§r§2 §r§r§r§0 §r§r§r§0 §r§r§r§3 §r§r§r§9 §r§r§r§2 §r§r§r§0 §r§r§r§0 
19:39:27 [LOBBY] §b[MVP§9+§b] Sebbebas§f §6joined the lobby!
19:39:29 [LOBBY] §b[MVP§c+§b] IzDavid§f §6joined the lobby!
19:39:30 [LOBBY] §b[MVP§c+§b] RonnyRetro_§f §6joined the lobby!
19:39:32 [WARPING] §7Sending to server mini72AG...
19:39:33 [EMPTY] §8 §r§8 §r§1 §r§3 §r§3 §r§7 §r§8 
19:39:34 [EMPTY] 
19:39:34 [WELCOME] §eWelcome to §r§aHypixel SkyBlock§r§e!
19:39:34 [EMPTY] 
19:39:35 [PROFILE_JOIN] §aYou are playing on profile: §eBanana§b (Co-op)
19:39:35 [PROFILE_JOIN] §8Profile ID: b1a71305-1956-42bf-90e4-bce6f7285754
19:39:37 [SKYMALL] §bNew day! §r§eYour §r§2Sky Mall §r§ebuff changed!
19:39:37 [SKYMALL] §eNew buff§r§r§r: §r§fGain §r§a+50 §r§6☘ Mining Fortune§r§f.
19:39:37 [SKYMALL] §8§oYou can disable this messaging by toggling Sky Mall in your /hotm!
19:39:55 [WARPING] §7Warping...
19:39:55 [WARPING] §7Sending to server mini197CK...
19:39:55 [EMPTY] §8 §r§8 §r§1 §r§3 §r§3 §r§7 §r§8 
19:39:58 [WARPING] §7Warping you to your SkyBlock island...
19:39:58 [WARPING] §7Sending to server mini72AG...
19:39:59 [EMPTY] §8 §r§8 §r§1 §r§3 §r§3 §r§7 §r§8 
19:40:01 [PROFILE_JOIN] §aYou are playing on profile: §eBanana§b (Co-op)
19:40:02 [PROFILE_JOIN] §8Profile ID: b1a71305-1956-42bf-90e4-bce6f7285754
19:45:02 [WARPING] §7Warping...
19:45:52 [WARPING] §7Warping...
19:45:54 [WARPING] §7Warping...
19:45:54 [WARPING] §7Sending to server mini72BB...
19:45:55 [EMPTY] §8 §r§8 §r§1 §r§3 §r§3 §r§7 §r§8 
19:45:58 [PROFILE_JOIN] §aYou are playing on profile: §eBanana§b (Co-op)
19:45:58 [PROFILE_JOIN] §8Profile ID: b1a71305-1956-42bf-90e4-bce6f7285754
19:53:54 [WARPING] §7Warping you to your SkyBlock island...
19:53:54 [WARPING] §7Sending to server mini192W...
19:53:55 [EMPTY] §8 §r§8 §r§1 §r§3 §r§3 §r§7 §r§8 
19:53:58 [PROFILE_JOIN] §aYou are playing on profile: §eBanana§b (Co-op)
19:53:58 [PROFILE_JOIN] §8Profile ID: b1a71305-1956-42bf-90e4-bce6f7285754
19:54:02 [WARPING] §7Warping...
19:55:01 [SKYMALL] §bNew day! §r§eYour §r§2Sky Mall §r§ebuff changed!
19:55:01 [SKYMALL] §eNew buff§r§r§r: §r§fReduce Pickaxe Ability cooldown by §r§a20%§r§f.
19:55:01 [SKYMALL] §8§oYou can disable this messaging by toggling Sky Mall in your /hotm!
19:57:47 [WARPING] §7Warping...
20:00:40 [WARPING] §7Warping...
20:00:45 [EMPTY] §f
20:00:45 [WATCHDOG] §4[WATCHDOG ANNOUNCEMENT]
20:00:45 [WATCHDOG] §fWatchdog has banned §r§c§l15,730§r§f players in the last 7 days.
20:00:45 [WATCHDOG] §fStaff have banned an additional §r§c§l14,659§r§f in the last 7 days.
20:00:45 [WATCHDOG] §cBlacklisted modifications are a bannable offense!
20:00:45 [WATCHDOG] §c
20:07:07 [WARPING] §7Warping...
20:09:00 [GUILD_EXP] §aYou earned §r§2100 GEXP §r§a+ §r§e300 Event EXP §r§afrom playing SkyBlock!
20:10:58 [WARPING] §7Warping...
20:10:58 [WARPING] §7Sending to server mini16J...
20:10:59 [EMPTY] §8 §r§8 §r§1 §r§3 §r§3 §r§7 §r§8 
20:11:02 [PROFILE_JOIN] §aYou are playing on profile: §eBanana§b (Co-op)
20:11:02 [PROFILE_JOIN] §8Profile ID: b1a71305-1956-42bf-90e4-bce6f7285754
20:12:04 [WARPING] §7Warping you to your SkyBlock island...
20:12:05 [WARPING] §7Sending to server mini198BN...
20:12:06 [EMPTY] §8 §r§8 §r§1 §r§3 §r§3 §r§7 §r§8 
20:12:08 [PROFILE_JOIN] §aYou are playing on profile: §eBanana§b (Co-op)
20:12:08 [PROFILE_JOIN] §8Profile ID: b1a71305-1956-42bf-90e4-bce6f7285754
20:12:16 [WARPING] §7Warping...
20:12:44 [WARPING] §7Warping...
20:15:02 [SKYMALL] §bNew day! §r§eYour §r§2Sky Mall §r§ebuff changed!
20:15:02 [SKYMALL] §eNew buff§r§r§r: §r§fGain §r§a+100 §r§6⸕ Mining Speed§r§f.
20:15:02 [SKYMALL] §8§oYou can disable this messaging by toggling Sky Mall in your /hotm!
20:17:07 [GUILD_EXP] §aYou earned §r§2118 GEXP §r§a+ §r§e354 Event EXP §r§afrom playing SkyBlock!
20:17:47 [WARPING] §7Warping...
20:21:18 [WARPING] §7Warping...
20:21:56 [WARPING] §7Warping...
20:27:10 [GUILD_EXP] §aYou earned §r§285 GEXP §r§a+ §r§e255 Event EXP §r§afrom playing SkyBlock!
20:35:02 [SKYMALL] §bNew day! §r§eYour §r§2Sky Mall §r§ebuff changed!
20:35:02 [SKYMALL] §eNew buff§r§r§r: §r§fReduce Pickaxe Ability cooldown by §r§a20%§r§f.
20:35:02 [SKYMALL] §8§oYou can disable this messaging by toggling Sky Mall in your /hotm!
20:37:13 [GUILD_EXP] §aYou earned §r§2449 GEXP §r§a+ §r§e1,347 Event EXP §r§afrom playing SkyBlock!
20:38:08 [WARPING] §7Warping...
20:38:08 [WARPING] §7Sending to server mini142Q...
20:38:08 [EMPTY] §8 §r§8 §r§1 §r§3 §r§3 §r§7 §r§8 
20:38:11 [PROFILE_JOIN] §aYou are playing on profile: §eBanana§b (Co-op)
20:38:11 [PROFILE_JOIN] §8Profile ID: b1a71305-1956-42bf-90e4-bce6f7285754
20:39:12 [WARPING] §7Warping you to your SkyBlock island...
20:39:12 [WARPING] §7Sending to server mini13R...
20:39:13 [EMPTY] §8 §r§8 §r§1 §r§3 §r§3 §r§7 §r§8 
20:39:15 [PROFILE_JOIN] §aYou are playing on profile: §eBanana§b (Co-op)
20:39:15 [PROFILE_JOIN] §8Profile ID: b1a71305-1956-42bf-90e4-bce6f7285754
20:39:16 [WARPING] §7Warping...
20:39:43 [WARPING] §7Warping...
20:41:08 [WARPING] §7Warping...
20:43:49 [WARPING] §7Warping...
20:43:49 [WARPING] §7Sending to server mini33AS...
20:43:50 [EMPTY] §8 §r§8 §r§1 §r§3 §r§3 §r§7 §r§8 
20:43:53 [PROFILE_JOIN] §aYou are playing on profile: §eBanana§b (Co-op)
20:43:53 [PROFILE_JOIN] §8Profile ID: b1a71305-1956-42bf-90e4-bce6f7285754
20:46:12 [GUILD_EXP] §aYou earned §r§2193 GEXP §r§a+ §r§e579 Event EXP §r§afrom playing SkyBlock!
20:51:15 [GUILD_EXP] §aYou earned §r§2507 GEXP §r§a+ §r§e1,521 Event EXP §r§afrom playing SkyBlock!
20:55:01 [SKYMALL] §bNew day! §r§eYour §r§2Sky Mall §r§ebuff changed!
20:55:01 [SKYMALL] §eNew buff§r§r§r: §r§fGain §r§a+15% §r§fmore Powder while mining.
20:55:01 [SKYMALL] §8§oYou can disable this messaging by toggling Sky Mall in your /hotm!
20:56:18 [GUILD_EXP] §aYou earned §r§2148 GEXP §r§a+ §r§e444 Event EXP §r§afrom playing SkyBlock!
21:00:53 [WARPING] §7Warping...
21:00:53 [WARPING] §7Sending to server mini200T...
21:00:53 [EMPTY] §8 §r§8 §r§1 §r§3 §r§3 §r§7 §r§8 
21:00:54 [WARPING] §7Warping...
21:00:56 [PROFILE_JOIN] §aYou are playing on profile: §eBanana§b (Co-op)
21:00:56 [PROFILE_JOIN] §8Profile ID: b1a71305-1956-42bf-90e4-bce6f7285754
21:03:31 [WARPING] §7Warping...
21:03:31 [WARPING] §7Sending to server mini20BS...
21:03:31 [EMPTY] §8 §r§8 §r§1 §r§3 §r§3 §r§7 §r§8 
21:03:35 [PROFILE_JOIN] §aYou are playing on profile: §eBanana§b (Co-op)
21:03:35 [PROFILE_JOIN] §8Profile ID: b1a71305-1956-42bf-90e4-bce6f7285754
21:04:12 [WARPING] §7Warping...
21:06:38 [GUILD_EXP] §aYou earned §r§2305 GEXP §r§a+ §r§e915 Event EXP §r§afrom playing SkyBlock!
21:11:43 [GUILD_EXP] §aYou earned §r§2493 GEXP §r§a+ §r§e1,479 Event EXP §r§afrom playing SkyBlock!
21:13:32 [WARPING] §7Warping you to your SkyBlock island...
21:13:32 [WARPING] §7Sending to server mini191W...
21:13:33 [EMPTY] §8 §r§8 §r§1 §r§3 §r§3 §r§7 §r§8 
21:13:35 [WARPING] §7Warping...
21:13:35 [WARPING] §7Sending to server mini3J...
21:13:36 [EMPTY] §8 §r§8 §r§1 §r§3 §r§3 §r§7 §r§8 
21:13:39 [PROFILE_JOIN] §aYou are playing on profile: §eBanana§b (Co-op)
21:13:39 [PROFILE_JOIN] §8Profile ID: b1a71305-1956-42bf-90e4-bce6f7285754
21:15:01 [SKYMALL] §bNew day! §r§eYour §r§2Sky Mall §r§ebuff changed!
21:15:01 [SKYMALL] §eNew buff§r§r§r: §r§fGain §r§a5x §r§9Titanium §r§fdrops
21:15:01 [SKYMALL] §8§oYou can disable this messaging by toggling Sky Mall in your /hotm!
21:18:34 [WARPING] §7Warping you to your SkyBlock island...
21:18:34 [WARPING] §7Sending to server mini193AP...
21:18:35 [EMPTY] §8 §r§8 §r§1 §r§3 §r§3 §r§7 §r§8 
21:18:38 [PROFILE_JOIN] §aYou are playing on profile: §eBanana§b (Co-op)
21:18:38 [PROFILE_JOIN] §8Profile ID: b1a71305-1956-42bf-90e4-bce6f7285754
21:18:41 [WARPING] §7Warping...
21:18:41 [WARPING] §7Sending to server mini147A...
21:18:42 [EMPTY] §8 §r§8 §r§1 §r§3 §r§3 §r§7 §r§8 
21:18:44 [PROFILE_JOIN] §aYou are playing on profile: §eBanana§b (Co-op)
21:18:44 [PROFILE_JOIN] §8Profile ID: b1a71305-1956-42bf-90e4-bce6f7285754
21:18:59 [WARPING] §7Warping you to your SkyBlock island...
21:18:59 [WARPING] §7Sending to server mini98K...
21:19:00 [EMPTY] §8 §r§8 §r§1 §r§3 §r§3 §r§7 §r§8 
21:19:02 [WARPING] §7Warping...
21:19:03 [PROFILE_JOIN] §aYou are playing on profile: §eBanana§b (Co-op)
21:19:03 [PROFILE_JOIN] §8Profile ID: b1a71305-1956-42bf-90e4-bce6f7285754
21:19:06 [WARPING] §7Warping...
21:19:06 [WARPING] §7Sending to server mini79BR...
21:19:07 [EMPTY] §8 §r§8 §r§1 §r§3 §r§3 §r§7 §r§8 
21:19:10 [PROFILE_JOIN] §aYou are playing on profile: §eBanana§b (Co-op)
21:19:10 [PROFILE_JOIN] §8Profile ID: b1a71305-1956-42bf-90e4-bce6f7285754
21:20:30 [GUILD_EXP] §aYou earned §r§245 GEXP §r§a+ §r§e135 Event EXP §r§afrom playing SkyBlock!
21:23:35 [WARPING] §7Warping you to your SkyBlock island...
21:23:36 [WARPING] §7Sending to server mini92DK...
21:23:37 [EMPTY] §8 §r§8 §r§1 §r§3 §r§3 §r§7 §r§8 
21:23:39 [PROFILE_JOIN] §aYou are playing on profile: §eBanana§b (Co-op)
21:23:39 [PROFILE_JOIN] §8Profile ID: b1a71305-1956-42bf-90e4-bce6f7285754
21:23:40 [WARPING] §7Warping...
21:23:41 [WARPING] §7Sending to server mini144DJ...
21:23:41 [EMPTY] §8 §r§8 §r§1 §r§3 §r§3 §r§7 §r§8 
21:23:44 [PROFILE_JOIN] §aYou are playing on profile: §eBanana§b (Co-op)
21:23:44 [PROFILE_JOIN] §8Profile ID: b1a71305-1956-42bf-90e4-bce6f7285754
21:23:49 [WARPING] §7Warping...
21:23:49 [WARPING] §7Sending to server mini142Q...
21:23:51 [EMPTY] §8 §r§8 §r§1 §r§3 §r§3 §r§7 §r§8 
21:23:53 [PROFILE_JOIN] §aYou are playing on profile: §eBanana§b (Co-op)
21:23:53 [PROFILE_JOIN] §8Profile ID: b1a71305-1956-42bf-90e4-bce6f7285754
21:25:02 [WARPING] §7Warping...
21:29:25 [GUILD_EXP] §aYou earned §r§2668 GEXP §r§a+ §r§e2,004 Event EXP §r§afrom playing SkyBlock!
21:31:46 [EMPTY]  
21:31:46 [BESTIARY] §f                                  §6§lBESTIARY
21:31:46 [BESTIARY] §f                                  §b§lMoogma §7§bI
21:31:46 [BESTIARY] 
21:31:46 [BESTIARY] §f                                  §r§6§lREWARDS
21:31:46 [BESTIARY] §f                         §r§8+§r§a2 Moogma §r§b✯ Magic Find
21:31:46 [BESTIARY] §f                          §r§8+§r§a2 Moogma §r§c❁ Strength
21:31:46 [BESTIARY] §f                             §r§8+§r§62% §r§aMoogma §r§7coins
21:31:46 [BESTIARY] §f                    §r§8+§r§a50% §r§7chance for extra XP orbs
21:31:46 [BESTIARY] §f                               §r§8+§r§b1 SkyBlock XP
21:31:46 [BESTIARY] 
21:31:46 [BESTIARY] §3§l▬▬▬▬▬▬▬▬▬▬▬▬▬▬▬▬▬▬▬▬▬▬▬▬▬▬▬▬▬▬▬▬▬▬▬▬▬▬▬▬▬▬▬▬▬▬▬▬▬▬▬▬▬▬▬▬▬▬▬▬▬▬▬▬
21:34:32 [GUILD_EXP] §aYou earned §r§2594 GEXP §r§a+ §r§e1,782 Event EXP §r§afrom playing SkyBlock!
21:35:02 [SKYMALL] §bNew day! §r§eYour §r§2Sky Mall §r§ebuff changed!
21:35:02 [SKYMALL] §eNew buff§r§r§r: §r§fGain §r§a+100 §r§6⸕ Mining Speed§r§f.
21:35:02 [SKYMALL] §8§oYou can disable this messaging by toggling Sky Mall in your /hotm!
21:38:14 [EMPTY]  
21:38:14 [BESTIARY] §f                                  §6§lBESTIARY
21:38:14 [BESTIARY] §f                               §b§lMoogma §7§8I §8➡§b §bII
21:38:14 [BESTIARY] 
21:38:14 [BESTIARY] §f                                  §r§6§lREWARDS
21:38:14 [BESTIARY] §f                         §r§8+§r§a2 Moogma §r§b✯ Magic Find
21:38:14 [BESTIARY] §f                          §r§8+§r§a2 Moogma §r§c❁ Strength
21:38:14 [BESTIARY] §f                             §r§8+§r§62% §r§aMoogma §r§7coins
21:38:14 [BESTIARY] §f                    §r§8+§r§a50% §r§7chance for extra XP orbs
21:38:14 [BESTIARY] §f                               §r§8+§r§b1 SkyBlock XP
21:38:14 [BESTIARY] 
21:38:14 [BESTIARY] §3§l▬▬▬▬▬▬▬▬▬▬▬▬▬▬▬▬▬▬▬▬▬▬▬▬▬▬▬▬▬▬▬▬▬▬▬▬▬▬▬▬▬▬▬▬▬▬▬▬▬▬▬▬▬▬▬▬▬▬▬▬▬▬▬▬
21:39:39 [GUILD_EXP] §aYou earned §r§2450 GEXP §r§a+ §r§e1,350 Event EXP §r§afrom playing SkyBlock!
21:42:09 [DOUBLE_HOOK] §eIt's a §r§aDouble Hook§r§e!
21:42:40 [EMPTY]  
21:42:40 [BESTIARY] §f                                  §6§lBESTIARY
21:42:40 [BESTIARY] §f                                 §b§lThunder §7§bI
21:42:40 [BESTIARY] 
21:42:40 [BESTIARY] §f                                  §r§6§lREWARDS
21:42:40 [BESTIARY] §f                         §r§8+§r§a2 Thunder §r§b✯ Magic Find
21:42:40 [BESTIARY] §f                         §r§8+§r§a2 Thunder §r§c❁ Strength
21:42:40 [BESTIARY] §f                             §r§8+§r§62% §r§aThunder §r§7coins
21:42:40 [BESTIARY] §f                    §r§8+§r§a50% §r§7chance for extra XP orbs
21:42:40 [BESTIARY] §f                               §r§8+§r§b1 SkyBlock XP
21:42:40 [BESTIARY] 
21:42:40 [BESTIARY] §3§l▬▬▬▬▬▬▬▬▬▬▬▬▬▬▬▬▬▬▬▬▬▬▬▬▬▬▬▬▬▬▬▬▬▬▬▬▬▬▬▬▬▬▬▬▬▬▬▬▬▬▬▬▬▬▬▬▬▬▬▬▬▬▬▬
21:44:31 [DOUBLE_HOOK] §eIt's a §r§aDouble Hook§r§e!
21:44:35 [EMPTY] 
21:44:45 [GUILD_EXP] §aYou earned §r§2569 GEXP §r§a+ §r§e1,707 Event EXP §r§afrom playing SkyBlock!
21:45:39 [EMPTY]  
21:45:39 [BESTIARY] §f                                  §6§lBESTIARY
21:45:39 [BESTIARY] §f                          §b§lMagma Slug §7§8VI §8➡§b §bVII
21:45:39 [BESTIARY] 
21:45:39 [BESTIARY] §f                                  §r§6§lREWARDS
21:45:39 [BESTIARY] §f                       §r§8+§r§a3 Magma Slug §r§b✯ Magic Find
21:45:39 [BESTIARY] §f                        §r§8+§r§a3 Magma Slug §r§c❁ Strength
21:45:39 [BESTIARY] §f                           §r§8+§r§62% §r§aMagma Slug §r§7coins
21:45:39 [BESTIARY] §f                    §r§8+§r§a50% §r§7chance for extra XP orbs
21:45:39 [BESTIARY] §f                               §r§8+§r§b1 SkyBlock XP
21:45:39 [BESTIARY] 
21:45:39 [BESTIARY] §3§l▬▬▬▬▬▬▬▬▬▬▬▬▬▬▬▬▬▬▬▬▬▬▬▬▬▬▬▬▬▬▬▬▬▬▬▬▬▬▬▬▬▬▬▬▬▬▬▬▬▬▬▬▬▬▬▬▬▬▬▬▬▬▬▬
21:46:20 [EMPTY]  
21:46:20 [BESTIARY] §f                                  §6§lBESTIARY
21:46:20 [BESTIARY] §f                              §b§lMoogma §7§8II §8➡§b §bIII
21:46:20 [BESTIARY] 
21:46:20 [BESTIARY] §f                                  §r§6§lREWARDS
21:46:20 [BESTIARY] §f                         §r§8+§r§a2 Moogma §r§b✯ Magic Find
21:46:20 [BESTIARY] §f                          §r§8+§r§a2 Moogma §r§c❁ Strength
21:46:20 [BESTIARY] §f                             §r§8+§r§62% §r§aMoogma §r§7coins
21:46:20 [BESTIARY] §f                    §r§8+§r§a50% §r§7chance for extra XP orbs
21:46:20 [BESTIARY] §f                               §r§8+§r§b1 SkyBlock XP
21:46:20 [BESTIARY] 
21:46:20 [BESTIARY] §3§l▬▬▬▬▬▬▬▬▬▬▬▬▬▬▬▬▬▬▬▬▬▬▬▬▬▬▬▬▬▬▬▬▬▬▬▬▬▬▬▬▬▬▬▬▬▬▬▬▬▬▬▬▬▬▬▬▬▬▬▬▬▬▬▬
21:46:27 [EMPTY]  
21:46:27 [BESTIARY] §f                                  §6§lBESTIARY
21:46:27 [BESTIARY] §f                           §b§lVanquisher §7§8V §8➡§b §bVI
21:46:27 [BESTIARY] 
21:46:27 [BESTIARY] §f                                  §r§6§lREWARDS
21:46:27 [BESTIARY] §f                       §r§8+§r§a3 §r§5Vanquisher §r§b✯ Magic Find
21:46:27 [BESTIARY] §f                        §r§8+§r§a3 §r§5Vanquisher §r§c❁ Strength
21:46:27 [BESTIARY] §f                           §r§8+§r§62% §r§a§r§5Vanquisher §r§7coins
21:46:27 [BESTIARY] §f                    §r§8+§r§a50% §r§7chance for extra XP orbs
21:46:27 [BESTIARY] §f                               §r§8+§r§b1 SkyBlock XP
21:46:27 [BESTIARY] 
21:46:27 [BESTIARY] §3§l▬▬▬▬▬▬▬▬▬▬▬▬▬▬▬▬▬▬▬▬▬▬▬▬▬▬▬▬▬▬▬▬▬▬▬▬▬▬▬▬▬▬▬▬▬▬▬▬▬▬▬▬▬▬▬▬▬▬▬▬▬▬▬▬
21:49:50 [GUILD_EXP] §aYou earned §r§2218 GEXP §r§a+ §r§e654 Event EXP §r§afrom playing SkyBlock!
21:54:55 [GUILD_EXP] §aYou earned §r§2267 GEXP §r§a+ §r§e801 Event EXP §r§afrom playing SkyBlock!
21:55:02 [SKYMALL] §bNew day! §r§eYour §r§2Sky Mall §r§ebuff changed!
21:55:02 [SKYMALL] §eNew buff§r§r§r: §r§fGain §r§a+50 §r§6☘ Mining Fortune§r§f.
21:55:02 [SKYMALL] §8§oYou can disable this messaging by toggling Sky Mall in your /hotm!
21:56:28 [EMPTY]  
21:56:28 [BESTIARY] §f                                  §6§lBESTIARY
21:56:28 [BESTIARY] §f                              §b§lMoogma §7§8III §8➡§b §bIV
21:56:28 [BESTIARY] 
21:56:28 [BESTIARY] §f                                  §r§6§lREWARDS
21:56:28 [BESTIARY] §f                         §r§8+§r§a2 Moogma §r§b✯ Magic Find
21:56:28 [BESTIARY] §f                          §r§8+§r§a2 Moogma §r§c❁ Strength
21:56:28 [BESTIARY] §f                             §r§8+§r§62% §r§aMoogma §r§7coins
21:56:28 [BESTIARY] §f                    §r§8+§r§a50% §r§7chance for extra XP orbs
21:56:28 [BESTIARY] §f                               §r§8+§r§b1 SkyBlock XP
21:56:28 [BESTIARY] 
21:56:28 [BESTIARY] §3§l▬▬▬▬▬▬▬▬▬▬▬▬▬▬▬▬▬▬▬▬▬▬▬▬▬▬▬▬▬▬▬▬▬▬▬▬▬▬▬▬▬▬▬▬▬▬▬▬▬▬▬▬▬▬▬▬▬▬▬▬▬▬▬▬
21:59:59 [GUILD_EXP] §aYou earned §r§2163 GEXP §r§a+ §r§e489 Event EXP §r§afrom playing SkyBlock!
22:00:45 [EMPTY] §f
22:00:45 [WATCHDOG] §4[WATCHDOG ANNOUNCEMENT]
22:00:45 [WATCHDOG] §fWatchdog has banned §r§c§l15,716§r§f players in the last 7 days.
22:00:45 [WATCHDOG] §fStaff have banned an additional §r§c§l14,723§r§f in the last 7 days.
22:00:45 [WATCHDOG] §cBlacklisted modifications are a bannable offense!
22:00:45 [WATCHDOG] §c
22:03:44 [WARPING] §7Warping...
22:03:45 [WARPING] §7Sending to server mini197BU...
22:03:45 [EMPTY] §8 §r§8 §r§1 §r§3 §r§3 §r§7 §r§8 
22:03:48 [PROFILE_JOIN] §aYou are playing on profile: §eBanana§b (Co-op)
22:03:48 [PROFILE_JOIN] §8Profile ID: b1a71305-1956-42bf-90e4-bce6f7285754
22:05:10 [GUILD_EXP] §aYou earned §r§255 GEXP §r§a+ §r§e165 Event EXP §r§afrom playing SkyBlock!
22:05:37 [WARPING] §7Warping...
22:05:37 [WARPING] §7Sending to server mini4CU...
22:05:38 [EMPTY] §8 §r§8 §r§1 §r§3 §r§3 §r§7 §r§8 
22:05:41 [PROFILE_JOIN] §aYou are playing on profile: §eBanana§b (Co-op)
22:05:41 [PROFILE_JOIN] §8Profile ID: b1a71305-1956-42bf-90e4-bce6f7285754
22:07:12 [WARPING] §7Warping you to your SkyBlock island...
22:07:12 [WARPING] §7Sending to server mini1032V...
22:07:13 [EMPTY] §8 §r§8 §r§1 §r§3 §r§3 §r§7 §r§8 
22:07:15 [PROFILE_JOIN] §aYou are playing on profile: §eBanana§b (Co-op)
22:07:15 [PROFILE_JOIN] §8Profile ID: b1a71305-1956-42bf-90e4-bce6f7285754
22:11:17 [WARPING] §7Warping...
22:11:17 [WARPING] §7Sending to server mini1CS...
22:11:17 [EMPTY] §8 §r§8 §r§1 §r§3 §r§3 §r§7 §r§8 
22:11:20 [PROFILE_JOIN] §aYou are playing on profile: §eBanana§b (Co-op)
22:11:20 [PROFILE_JOIN] §8Profile ID: b1a71305-1956-42bf-90e4-bce6f7285754
22:16:18 [GUILD_EXP] §aYou earned §r§2345 GEXP §r§a+ §r§e1,035 Event EXP §r§afrom playing SkyBlock!
22:21:21 [GUILD_EXP] §aYou earned §r§2118 GEXP §r§a+ §r§e354 Event EXP §r§afrom playing SkyBlock!
22:23:44 [EMPTY] §f §r§r§r§f §r§r§r§1 §r§r§r§0 §r§r§r§2 §r§r§r§f §r§r§r§f §r§r§r§2 §r§r§r§0 §r§r§r§4 §r§r§r§3 §r§r§r§9 §r§r§r§2 §r§r§r§0 §r§r§r§0 §r§r§r§3 §r§r§r§9 §r§r§r§2 §r§r§r§0 §r§r§r§0 §r§r§r§3 §r§r§r§9 §r§r§r§2 §r§r§r§0 §r§r§r§0 
22:23:46 [LOBBY]   §r§f§l➤ §r§6You have reached your Hype limit! Add Hype to Prototype Lobby minigames by right-clicking with the Hype Diamond!
22:23:46 [LOBBY] §b[MVP§6+§b] isdisagudname§f §6joined the lobby!
22:23:48 [LOBBY] §b[MVP§f+§b] PartialBench184§f §6joined the lobby!
22:23:50 [LOBBY] §b[MVP§f+§b] MtnSchnauzer§f §6joined the lobby!
22:23:51 [WARPING] §7Sending to server mini155M...
22:23:52 [EMPTY] §8 §r§8 §r§1 §r§3 §r§3 §r§7 §r§8 
22:23:54 [EMPTY] 
22:23:54 [WELCOME] §eWelcome to §r§aHypixel SkyBlock§r§e!
22:23:54 [EMPTY] 
22:23:55 [PROFILE_JOIN] §aYou are playing on profile: §eApple§b (Co-op)
22:23:55 [PROFILE_JOIN] §8Profile ID: b1a71305-1956-42bf-90e4-bce6f7285754
22:25:29 [WARPING] §7Finding player...
22:25:30 [WARPING] §7Sending a visit request...
22:25:31 [WARPING] §7Sending to server mini40E...
22:25:31 [EMPTY] §8 §r§8 §r§1 §r§3 §r§3 §r§7 §r§8 
22:25:34 [PROFILE_JOIN] §aYou are playing on profile: §eApple§b (Co-op)
22:25:34 [PROFILE_JOIN] §8Profile ID: b1a71305-1956-42bf-90e4-bce6f7285754
22:25:49 [WARPING] §7Sending to server mini90AQ...
22:25:49 [EMPTY] §8 §r§8 §r§1 §r§3 §r§3 §r§7 §r§8 
22:25:53 [PROFILE_JOIN] §aYou are playing on profile: §eApple§b (Co-op)
22:25:53 [PROFILE_JOIN] §8Profile ID: b1a71305-1956-42bf-90e4-bce6f7285754
22:27:35 [WARPING] §7Finding player...
22:27:36 [WARPING] §7Sending a visit request...
22:27:36 [WARPING] §7Sending to server mini40E...
22:27:37 [EMPTY] §8 §r§8 §r§1 §r§3 §r§3 §r§7 §r§8 
22:27:40 [PROFILE_JOIN] §aYou are playing on profile: §eApple§b (Co-op)
22:27:40 [PROFILE_JOIN] §8Profile ID: b1a71305-1956-42bf-90e4-bce6f7285754
22:27:44 [WARPING] §7Sending to server mini16J...
22:27:44 [EMPTY] §8 §r§8 §r§1 §r§3 §r§3 §r§7 §r§8 
22:27:47 [PROFILE_JOIN] §aYou are playing on profile: §eApple§b (Co-op)
22:27:47 [PROFILE_JOIN] §8Profile ID: b1a71305-1956-42bf-90e4-bce6f7285754
22:29:24 [EMPTY] §f §r§r§r§f §r§r§r§1 §r§r§r§0 §r§r§r§2 §r§r§r§f §r§r§r§f §r§r§r§2 §r§r§r§0 §r§r§r§4 §r§r§r§3 §r§r§r§9 §r§r§r§2 §r§r§r§0 §r§r§r§0 §r§r§r§3 §r§r§r§9 §r§r§r§2 §r§r§r§0 §r§r§r§0 §r§r§r§3 §r§r§r§9 §r§r§r§2 §r§r§r§0 §r§r§r§0 
22:29:24 [LOBBY] §b[MVP§9+§b] Sebbebas§f §6joined the lobby!
22:29:29 [LOBBY] §b[MVP§f+§b] 420ethan§f §6joined the lobby!
22:29:29 [WARPING] §7Sending to server mini209R...
22:29:30 [EMPTY] §8 §r§8 §r§1 §r§3 §r§3 §r§7 §r§8 
22:29:32 [EMPTY] 
22:29:32 [WELCOME] §eWelcome to §r§aHypixel SkyBlock§r§e!
22:29:32 [EMPTY] 
22:29:34 [PROFILE_JOIN] §aYou are playing on profile: §eBanana§b (Co-op)
22:29:34 [PROFILE_JOIN] §8Profile ID: b1a71305-1956-42bf-90e4-bce6f7285754
22:31:20 [EMPTY] §f §r§r§r§f §r§r§r§1 §r§r§r§0 §r§r§r§2 §r§r§r§f §r§r§r§f §r§r§r§2 §r§r§r§0 §r§r§r§4 §r§r§r§3 §r§r§r§9 §r§r§r§2 §r§r§r§0 §r§r§r§0 §r§r§r§3 §r§r§r§9 §r§r§r§2 §r§r§r§0 §r§r§r§0 §r§r§r§3 §r§r§r§9 §r§r§r§2 §r§r§r§0 §r§r§r§0 
22:31:20 [LOBBY] §b[MVP§9+§b] Sebbebas§f §6joined the lobby!
22:31:26 [EMPTY] §f §r§r§r§f §r§r§r§1 §r§r§r§0 §r§r§r§2 §r§r§r§f §r§r§r§f §r§r§r§2 §r§r§r§0 §r§r§r§4 §r§r§r§3 §r§r§r§9 §r§r§r§2 §r§r§r§0 §r§r§r§0 §r§r§r§3 §r§r§r§9 §r§r§r§2 §r§r§r§0 §r§r§r§0 §r§r§r§3 §r§r§r§9 §r§r§r§2 §r§r§r§0 §r§r§r§0 
22:31:26 [LOBBY] §b[MVP§9+§b] Sebbebas§f §6joined the lobby!
22:31:27 [WARPING] §7Sending to server mini70CR...
22:31:28 [EMPTY] §8 §r§8 §r§1 §r§3 §r§3 §r§7 §r§8 
22:31:30 [EMPTY] 
22:31:30 [WELCOME] §eWelcome to §r§aHypixel SkyBlock§r§e!
22:31:30 [EMPTY] 
22:31:31 [PROFILE_JOIN] §aYou are playing on profile: §eBanana§b (Co-op)
22:31:31 [PROFILE_JOIN] §8Profile ID: b1a71305-1956-42bf-90e4-bce6f7285754
22:31:40 [WARPING] §7Warping...
22:31:51 [EMPTY] §f                                        
22:32:46 [WARPING] §7Warping you to your SkyBlock island...
22:32:46 [WARPING] §7Sending to server mini25AF...
22:32:47 [EMPTY] §8 §r§8 §r§1 §r§3 §r§3 §r§7 §r§8 
22:32:49 [PROFILE_JOIN] §aYou are playing on profile: §eBanana§b (Co-op)
22:32:49 [PROFILE_JOIN] §8Profile ID: b1a71305-1956-42bf-90e4-bce6f7285754
22:33:15 [WARPING] §7Warping...
22:34:06 [WARPING] §7Warping...
22:35:01 [SKYMALL] §bNew day! §r§eYour §r§2Sky Mall §r§ebuff changed!
22:35:01 [SKYMALL] §eNew buff§r§r§r: §r§fGain §r§a+100 §r§6⸕ Mining Speed§r§f.
22:35:01 [SKYMALL] §8§oYou can disable this messaging by toggling Sky Mall in your /hotm!
22:41:07 [WARPING] §7Warping...
22:42:49 [GUILD_EXP] §aYou earned §r§2110 GEXP §r§a+ §r§e330 Event EXP §r§afrom playing SkyBlock!
22:45:45 [WARPING] §7Warping...
22:47:50 [GUILD_EXP] §aYou earned §r§283 GEXP §r§a+ §r§e249 Event EXP §r§afrom playing SkyBlock!
22:50:15 [WARPING] §7Warping...
22:52:51 [GUILD_EXP] §aYou earned §r§283 GEXP §r§a+ §r§e249 Event EXP §r§afrom playing SkyBlock!
22:55:01 [SKYMALL] §bNew day! §r§eYour §r§2Sky Mall §r§ebuff changed!
22:55:01 [SKYMALL] §eNew buff§r§r§r: §r§fGain §r§a+50 §r§6☘ Mining Fortune§r§f.
22:55:01 [SKYMALL] §8§oYou can disable this messaging by toggling Sky Mall in your /hotm!
23:02:53 [GUILD_EXP] §aYou earned §r§2273 GEXP §r§a+ §r§e819 Event EXP §r§afrom playing SkyBlock!
