16:09:21 [EMPTY] §f §r§r§r§f §r§r§r§1 §r§r§r§0 §r§r§r§2 §r§r§r§f §r§r§r§f §r§r§r§2 §r§r§r§0 §r§r§r§4 §r§r§r§3 §r§r§r§9 §r§r§r§2 §r§r§r§0 §r§r§r§0 §r§r§r§3 §r§r§r§9 §r§r§r§2 §r§r§r§0 §r§r§r§0 §r§r§r§3 §r§r§r§9 §r§r§r§2 §r§r§r§0 §r§r§r§0 
16:09:21 [LOBBY] §b[MVP§e+§b] Sebbebas§f §6joined the lobby!
16:09:21 [LOBBY]   §r§f§l➤ §r§6You have reached your Hype limit! Add Hype to Prototype Lobby minigames by right-clicking with the Hype Diamond!
16:09:27 [LOBBY] §b[MVP§9+§b] MickyLuckyKiller§f §6joined the lobby!
16:09:29 [LOBBY] §b[MVP§2+§b] NeverLookBak§f §6joined the lobby!
16:09:34 [LOBBY] §b[MVP§0+§b] smithreer§f §6joined the lobby!
16:09:37 [LOBBY] §b[MVP§c+§b] Davcio__§f §6joined the lobby!
16:09:38 [LOBBY] §b[MVP§6+§b] Savage_ryn_§f §6joined the lobby!
16:09:42 [LOBBY] §b[MVP§0+§b] NekoAct§f §6joined the lobby!
16:09:46 [LOBBY] §b[MVP§f+§b] LukaSlave§f §6joined the lobby!
16:09:48 [LOBBY] §b[MVP§2+§b] _Bubul_§f §6joined the lobby!
16:09:50 [LOBBY]  §b>§c>§a>§r §r§6[MVP§3++§6] ReVeluv§f §6joined the lobby!§r §a<§c<§b<
16:09:52 [LOBBY] §b[MVP§d+§b] Renaz§f §6joined the lobby!
16:09:52 [LOBBY] §b[MVP§f+§b] Duolingo2049§f §6joined the lobby!
16:10:11 [LOBBY] §b[MVP§6+§b] lhhfurz§f §6joined the lobby!
16:10:17 [LOBBY] §b[MVP§2+§b] Rafies§f §6joined the lobby!
16:10:20 [LOBBY] §b[MVP§9+§b] Erkxalle§f §6joined the lobby!
16:10:24 [LOBBY] §b[MVP§d+§b] oRobin_§f §6joined the lobby!
16:10:25 [WARPING] §7Sending to server mini191BA...
16:10:25 [EMPTY] §8 §r§8 §r§1 §r§3 §r§3 §r§7 §r§8 
16:10:27 [EMPTY] 
16:10:27 [WELCOME] §eWelcome to §r§aHypixel SkyBlock§r§e!
16:10:27 [EMPTY] 
16:10:28 [PROFILE_JOIN] §aYou are playing on profile: §eStrawberry
16:10:28 [PROFILE_JOIN] §8Profile ID: 9c7a677f-93d6-4850-9874-f9768774af89
16:12:26 [WARPING] §7Warping you to your SkyBlock island...
16:12:26 [WARPING] §7Sending to server mini255K...
16:12:27 [EMPTY] §8 §r§8 §r§1 §r§3 §r§3 §r§7 §r§8 
16:12:29 [PROFILE_JOIN] §aYou are playing on profile: §eStrawberry
16:12:29 [PROFILE_JOIN] §8Profile ID: 9c7a677f-93d6-4850-9874-f9768774af89
16:12:55 [WARPING] §7Warping...
16:12:55 [WARPING] §7Sending to server mini93AC...
16:12:58 [EMPTY] §8 §r§8 §r§1 §r§3 §r§3 §r§7 §r§8 
16:12:59 [PROFILE_JOIN] §aYou are playing on profile: §eStrawberry
16:12:59 [PROFILE_JOIN] §8Profile ID: 9c7a677f-93d6-4850-9874-f9768774af89
16:13:00 [WARPING] §7Warping you to your SkyBlock island...
16:13:00 [WARPING] §7Sending to server mini255K...
16:13:01 [EMPTY] §8 §r§8 §r§1 §r§3 §r§3 §r§7 §r§8 
16:13:03 [WARPING] §7Warping...
16:13:03 [WARPING] §7Sending to server mini151DU...
16:13:04 [EMPTY] §8 §r§8 §r§1 §r§3 §r§3 §r§7 §r§8 
16:13:07 [PROFILE_JOIN] §aYou are playing on profile: §eStrawberry
16:13:07 [PROFILE_JOIN] §8Profile ID: 9c7a677f-93d6-4850-9874-f9768774af89
16:13:17 [WARPING] §7Warping you to your SkyBlock island...
16:13:17 [WARPING] §7Sending to server mini66CQ...
16:13:18 [EMPTY] §8 §r§8 §r§1 §r§3 §r§3 §r§7 §r§8 
16:13:21 [PROFILE_JOIN] §aYou are playing on profile: §eStrawberry
16:13:21 [PROFILE_JOIN] §8Profile ID: 9c7a677f-93d6-4850-9874-f9768774af89
16:14:14 [WARPING] §7Warping...
16:14:14 [WARPING] §7Sending to server mini92DB...
16:14:14 [EMPTY] §8 §r§8 §r§1 §r§3 §r§3 §r§7 §r§8 
16:14:17 [PROFILE_JOIN] §aYou are playing on profile: §eStrawberry
16:14:17 [PROFILE_JOIN] §8Profile ID: 9c7a677f-93d6-4850-9874-f9768774af89
16:14:33 [EMPTY] 
16:14:33 [EMPTY] 
16:14:33 [EMPTY] 
16:14:33 [EMPTY] 
16:15:16 [COMPACT_BINGO_BORDER] §3§l▬▬▬▬▬▬▬▬▬▬▬▬▬▬▬▬▬▬▬▬▬▬▬▬▬▬▬▬▬▬▬▬▬▬▬▬▬▬▬▬▬▬▬▬▬▬▬▬▬▬▬▬▬▬▬▬▬▬▬▬▬▬▬▬
16:15:16 [EMPTY]  
16:15:16 [BESTIARY] §f                                  §6§lBESTIARY
16:15:16 [BESTIARY] §f                          §b§lEnderman §7§8XIII §8➡§b §bXIV
16:15:16 [BESTIARY] 
16:15:16 [BESTIARY] §f                                  §r§6§lREWARDS
16:15:16 [BESTIARY] §f                        §r§8+§r§a4 Enderman §r§b✯ Magic Find
16:15:16 [BESTIARY] §f                         §r§8+§r§a4 Enderman §r§c❁ Strength
16:15:16 [BESTIARY] §f                            §r§8+§r§62% §r§aEnderman §r§7coins
16:15:16 [BESTIARY] §f                    §r§8+§r§a50% §r§7chance for extra XP orbs
16:15:16 [BESTIARY] §f                               §r§8+§r§b1 SkyBlock XP
16:15:16 [BESTIARY] 
16:15:16 [BESTIARY] §3§l▬▬▬▬▬▬▬▬▬▬▬▬▬▬▬▬▬▬▬▬▬▬▬▬▬▬▬▬▬▬▬▬▬▬▬▬▬▬▬▬▬▬▬▬▬▬▬▬▬▬▬▬▬▬▬▬▬▬▬▬▬▬▬▬
16:15:57 [WARPING] §7Warping you to your SkyBlock island...
16:15:57 [WARPING] §7Sending to server mini160P...
16:15:58 [EMPTY] §8 §r§8 §r§1 §r§3 §r§3 §r§7 §r§8 
16:16:01 [PROFILE_JOIN] §aYou are playing on profile: §eStrawberry
16:16:01 [PROFILE_JOIN] §8Profile ID: 9c7a677f-93d6-4850-9874-f9768774af89
16:16:10 [WARPING] §7Sending to server mini40DN...
16:16:11 [EMPTY] §8 §r§8 §r§1 §r§3 §r§3 §r§7 §r§8 
16:16:14 [PROFILE_JOIN] §aYou are playing on profile: §eStrawberry
16:16:14 [PROFILE_JOIN] §8Profile ID: 9c7a677f-93d6-4850-9874-f9768774af89
16:16:31 [WARPING] §7Warping...
16:16:34 [WARPING] §7Request join for Hub mini16DN...
16:16:34 [WARPING] §7Sending to server mini16DN...
16:16:35 [EMPTY] §8 §r§8 §r§1 §r§3 §r§3 §r§7 §r§8 
16:16:37 [WARPING] §7Request join for Hub mini157AR...
16:16:38 [WARPING] §7Sending to server mini157AR...
16:16:38 [PROFILE_JOIN] §aYou are playing on profile: §eStrawberry
16:16:38 [PROFILE_JOIN] §8Profile ID: 9c7a677f-93d6-4850-9874-f9768774af89
16:16:38 [EMPTY] §8 §r§8 §r§1 §r§3 §r§3 §r§7 §r§8 
16:16:41 [PROFILE_JOIN] §aYou are playing on profile: §eStrawberry
16:16:41 [PROFILE_JOIN] §8Profile ID: 9c7a677f-93d6-4850-9874-f9768774af89
16:16:42 [WARPING] §7Request join for Hub mini200DT...
16:16:43 [WARPING] §7Sending to server mini200DT...
16:16:43 [EMPTY] §8 §r§8 §r§1 §r§3 §r§3 §r§7 §r§8 
16:16:46 [PROFILE_JOIN] §aYou are playing on profile: §eStrawberry
16:16:46 [PROFILE_JOIN] §8Profile ID: 9c7a677f-93d6-4850-9874-f9768774af89
16:19:03 [GUILD_EXP] §aYou earned §r§2188 GEXP §r§afrom playing SkyBlock!
16:24:03 [GUILD_EXP] §aYou earned §r§2750 GEXP §r§afrom playing SkyBlock!
16:29:03 [GUILD_EXP] §aYou earned §r§2750 GEXP §r§afrom playing SkyBlock!
16:34:04 [GUILD_EXP] §aYou earned §r§2750 GEXP §r§afrom playing SkyBlock!
16:39:04 [GUILD_EXP] §aYou earned §r§2750 GEXP §r§afrom playing SkyBlock!
16:44:04 [GUILD_EXP] §aYou earned §r§2155 GEXP §r§afrom playing SkyBlock!
16:49:04 [GUILD_EXP] §aYou earned §r§2735 GEXP §r§afrom playing SkyBlock!
16:49:15 [WARPING] §7Warping...
16:49:39 [WARPING] §7Warping...
16:54:04 [GUILD_EXP] §aYou earned §r§2750 GEXP §r§afrom playing SkyBlock!
16:55:01 [COMPACT_BINGO_BORDER] §3§l▬▬▬▬▬▬▬▬▬▬▬▬▬▬▬▬▬▬▬▬▬▬▬▬▬▬▬▬▬▬▬▬▬▬▬▬▬▬▬▬▬▬▬▬▬▬▬▬▬▬▬▬▬▬▬▬▬▬▬▬▬▬▬▬
16:55:01 [EMPTY]  
16:55:01 [BESTIARY] §f                                  §6§lBESTIARY
16:55:01 [BESTIARY] §f                         §b§lMinos Hunter §7§8VIII §8➡§b §bIX
16:55:01 [BESTIARY] 
16:55:01 [BESTIARY] §f                                  §r§6§lREWARDS
16:55:01 [BESTIARY] §f                      §r§8+§r§a3 Minos Hunter §r§b✯ Magic Find
16:55:01 [BESTIARY] §f                       §r§8+§r§a3 Minos Hunter §r§c❁ Strength
16:55:01 [BESTIARY] §f                          §r§8+§r§62% §r§aMinos Hunter §r§7coins
16:55:01 [BESTIARY] §f                    §r§8+§r§a50% §r§7chance for extra XP orbs
16:55:01 [BESTIARY] §f                               §r§8+§r§b1 SkyBlock XP
16:55:01 [BESTIARY] 
16:55:01 [BESTIARY] §3§l▬▬▬▬▬▬▬▬▬▬▬▬▬▬▬▬▬▬▬▬▬▬▬▬▬▬▬▬▬▬▬▬▬▬▬▬▬▬▬▬▬▬▬▬▬▬▬▬▬▬▬▬▬▬▬▬▬▬▬▬▬▬▬▬
16:56:57 [COMPACT_BINGO_BORDER] §e§l▬▬▬▬▬▬▬▬▬▬▬▬▬▬▬▬▬▬▬▬▬▬▬▬▬▬▬▬▬▬▬▬▬▬▬▬▬▬▬▬▬▬▬▬▬▬▬▬▬▬▬▬▬▬▬▬▬▬▬▬▬▬▬▬
16:56:57 [COMPACT_COLLECTION_LEVEL_UP] 
16:56:57 [COMPACT_COLLECTION_LEVEL_UP]   §r§a§lREWARDS
16:56:57 [COMPACT_COLLECTION_LEVEL_UP]     §r§7§8+§b4 SkyBlock XP
16:56:57 [COMPACT_BINGO_BORDER] §e§l▬▬▬▬▬▬▬▬▬▬▬▬▬▬▬▬▬▬▬▬▬▬▬▬▬▬▬▬▬▬▬▬▬▬▬▬▬▬▬▬▬▬▬▬▬▬▬▬▬▬▬▬▬▬▬▬▬▬▬▬▬▬▬▬
16:59:04 [GUILD_EXP] §aYou earned §r§2750 GEXP §r§afrom playing SkyBlock!
17:00:22 [WARPING] §7Warping you to your SkyBlock island...
17:00:22 [WARPING] §7Sending to server mini185AB...
17:00:23 [EMPTY] §8 §r§8 §r§1 §r§3 §r§3 §r§7 §r§8 
17:00:26 [PROFILE_JOIN] §aYou are playing on profile: §eStrawberry
17:00:26 [PROFILE_JOIN] §8Profile ID: 9c7a677f-93d6-4850-9874-f9768774af89
