10:33:29 [EMPTY] §f §r§r§r§f §r§r§r§1 §r§r§r§0 §r§r§r§2 §r§r§r§f §r§r§r§f §r§r§r§2 §r§r§r§0 §r§r§r§4 §r§r§r§3 §r§r§r§9 §r§r§r§2 §r§r§r§0 §r§r§r§0 §r§r§r§3 §r§r§r§9 §r§r§r§2 §r§r§r§0 §r§r§r§0 §r§r§r§3 §r§r§r§9 §r§r§r§2 §r§r§r§0 §r§r§r§0 
10:33:29 [LOBBY] §b[MVP§f+§b] Sebbebas§f §6joined the lobby!
10:33:29 [LOBBY] §b[MVP§9+§b] SpxceDemon§f §6joined the lobby!
10:33:29 [LOBBY] §b[MVP§2+§b] Kiyuuta§f §6joined the lobby!
10:33:29 [LOBBY] §b[MVP§f+§b] C1orinde§f §6joined the lobby!
10:33:29 [LOBBY]   §r§f§l➤ §r§6You have reached your Hype limit! Add Hype to Prototype Lobby minigames by right-clicking with the Hype Diamond!
10:33:29 [LOBBY] §b[MVP§2+§b] Impected§f §6joined the lobby!
10:33:31 [LOBBY] §b[MVP§c+§b] tallkids§f §6joined the lobby!
10:33:35 [WARPING] §7Sending to server mini249Q...
10:33:36 [EMPTY] §8 §r§8 §r§1 §r§3 §r§3 §r§7 §r§8 
10:33:38 [EMPTY] 
10:33:38 [WELCOME] §eWelcome to §r§aHypixel SkyBlock§r§e!
10:33:38 [EMPTY] 
10:33:39 [PROFILE_JOIN] §aYou are playing on profile: §eMango
10:33:39 [PROFILE_JOIN] §8Profile ID: bd40f82a-2ef6-4a1d-8182-f2e9bca9703f
10:33:41 [WARPING] §7Sending to server mini149BD...
10:33:42 [EMPTY] §8 §r§8 §r§1 §r§3 §r§3 §r§7 §r§8 
10:33:45 [PROFILE_JOIN] §aYou are playing on profile: §eMango
10:33:45 [PROFILE_JOIN] §8Profile ID: bd40f82a-2ef6-4a1d-8182-f2e9bca9703f
10:33:51 [COMPACT_BINGO_BORDER] §e§l▬▬▬▬▬▬▬▬▬▬▬▬▬▬▬▬▬▬▬▬▬▬▬▬▬▬▬▬▬▬▬▬▬▬▬▬▬▬▬▬▬▬▬▬▬▬▬▬▬▬▬▬▬▬▬▬▬▬▬▬▬▬▬▬
10:33:51 [EMPTY] 
10:33:51 [COMPACT_COLLECTION_LEVEL_UP]   §r§a§lREWARDS
10:33:51 [COMPACT_COLLECTION_LEVEL_UP]     §r§7§8+§b4 SkyBlock XP
10:33:51 [COMPACT_BINGO_BORDER] §e§l▬▬▬▬▬▬▬▬▬▬▬▬▬▬▬▬▬▬▬▬▬▬▬▬▬▬▬▬▬▬▬▬▬▬▬▬▬▬▬▬▬▬▬▬▬▬▬▬▬▬▬▬▬▬▬▬▬▬▬▬▬▬▬▬
10:34:00 [COMPACT_BINGO_BORDER] §e§l▬▬▬▬▬▬▬▬▬▬▬▬▬▬▬▬▬▬▬▬▬▬▬▬▬▬▬▬▬▬▬▬▬▬▬▬▬▬▬▬▬▬▬▬▬▬▬▬▬▬▬▬▬▬▬▬▬▬▬▬▬▬▬▬
10:34:00 [EMPTY] 
10:34:00 [COMPACT_COLLECTION_LEVEL_UP]   §r§a§lREWARDS
10:34:00 [COMPACT_COLLECTION_LEVEL_UP]     §r§7§9Silk Touch §7Exp Discount §a(-25%)
10:34:00 [COMPACT_COLLECTION_LEVEL_UP]     §r§7§8+§b4 SkyBlock XP
10:34:00 [COMPACT_BINGO_BORDER] §e§l▬▬▬▬▬▬▬▬▬▬▬▬▬▬▬▬▬▬▬▬▬▬▬▬▬▬▬▬▬▬▬▬▬▬▬▬▬▬▬▬▬▬▬▬▬▬▬▬▬▬▬▬▬▬▬▬▬▬▬▬▬▬▬▬
10:34:46 [EMPTY]  
10:34:46 [EMPTY]   
10:34:51 [COMPACT_BINGO_BORDER] §e§l▬▬▬▬▬▬▬▬▬▬▬▬▬▬▬▬▬▬▬▬▬▬▬▬▬▬▬▬▬▬▬▬▬▬▬▬▬▬▬▬▬▬▬▬▬▬▬▬▬▬▬▬▬▬▬▬▬▬▬▬▬▬▬▬
10:34:51 [EMPTY] 
10:34:51 [COMPACT_COLLECTION_LEVEL_UP]   §r§a§lREWARDS
10:34:51 [COMPACT_COLLECTION_LEVEL_UP]     §r§7§9Bane of Arthropods §7Exp Discount §a(-25%)
10:34:51 [COMPACT_COLLECTION_LEVEL_UP]     §r§7§8+§b4 SkyBlock XP
10:34:51 [COMPACT_BINGO_BORDER] §e§l▬▬▬▬▬▬▬▬▬▬▬▬▬▬▬▬▬▬▬▬▬▬▬▬▬▬▬▬▬▬▬▬▬▬▬▬▬▬▬▬▬▬▬▬▬▬▬▬▬▬▬▬▬▬▬▬▬▬▬▬▬▬▬▬
10:35:46 [EMPTY]  
10:35:46 [EMPTY]   
10:38:42 [GUILD_EXP] §aYou earned §r§2506 GEXP §r§a+ §r§e1,518 Event EXP §r§afrom playing SkyBlock!
10:42:01 [WARPING] §7Warping...
10:42:01 [WARPING] §7Sending to server mini61CD...
10:42:01 [EMPTY] §8 §r§8 §r§1 §r§3 §r§3 §r§7 §r§8 
10:42:04 [PROFILE_JOIN] §aYou are playing on profile: §eMango
10:42:04 [PROFILE_JOIN] §8Profile ID: bd40f82a-2ef6-4a1d-8182-f2e9bca9703f
10:43:07 [WARPING] §7Warping...
10:43:07 [WARPING] §7Sending to server mini2DB...
10:43:08 [EMPTY] §8 §r§8 §r§1 §r§3 §r§3 §r§7 §r§8 
10:43:11 [PROFILE_JOIN] §aYou are playing on profile: §eMango
10:43:11 [PROFILE_JOIN] §8Profile ID: bd40f82a-2ef6-4a1d-8182-f2e9bca9703f
10:44:01 [EMPTY] 
10:44:01 [EMPTY] 
10:44:04 [WARPING] §7Warping...
10:44:04 [WARPING] §7Sending to server mini27BJ...
10:44:04 [EMPTY] §8 §r§8 §r§1 §r§3 §r§3 §r§7 §r§8 
10:44:07 [PROFILE_JOIN] §aYou are playing on profile: §eMango
10:44:07 [PROFILE_JOIN] §8Profile ID: bd40f82a-2ef6-4a1d-8182-f2e9bca9703f
10:44:38 [WARPING] §7Warping...
10:44:38 [WARPING] §7Sending to server mini196BW...
10:44:39 [EMPTY] §8 §r§8 §r§1 §r§3 §r§3 §r§7 §r§8 
10:44:42 [PROFILE_JOIN] §aYou are playing on profile: §eMango
10:44:42 [PROFILE_JOIN] §8Profile ID: bd40f82a-2ef6-4a1d-8182-f2e9bca9703f
10:44:43 [EMPTY] 
10:44:43 [EMPTY] 
10:44:43 [EMPTY] 
10:44:43 [EMPTY] 
10:44:45 [EMPTY] 
10:44:45 [EMPTY] 
10:45:05 [EMPTY] 
10:45:05 [EMPTY] 
10:45:14 [EMPTY] 
10:45:14 [EMPTY] 
10:45:17 [EMPTY] 
10:45:17 [EMPTY] 
10:45:27 [EMPTY] 
10:45:27 [EMPTY] 
10:45:27 [EMPTY] 
10:45:27 [EMPTY] 
10:45:29 [EMPTY] 
10:45:29 [EMPTY] 
10:45:51 [EMPTY] 
10:45:51 [EMPTY] 
10:46:16 [EMPTY] 
10:46:16 [EMPTY] 
10:46:21 [COMPACT_BINGO_BORDER] §3§l▬▬▬▬▬▬▬▬▬▬▬▬▬▬▬▬▬▬▬▬▬▬▬▬▬▬▬▬▬▬▬▬▬▬▬▬▬▬▬▬▬▬▬▬▬▬▬▬▬▬▬▬▬▬▬▬▬▬▬▬▬▬▬▬
10:46:21 [EMPTY] 
10:46:21 [COMPACT_SKILL_LEVEL_UP]   §r§a§lREWARDS
10:46:21 [COMPACT_SKILL_LEVEL_UP]    §r§eLogger VI
10:46:21 [COMPACT_SKILL_LEVEL_UP]    §r  §7§fGrants §a+§820➜§a24§f §6☘ Foraging Fortune§f, which increases your
10:46:21 [COMPACT_SKILL_LEVEL_UP]    §r  §fchance for multiple logs.
10:46:21 [COMPACT_SKILL_LEVEL_UP]    §r§7§8+§a1 §c❁ Strength
10:46:21 [COMPACT_SKILL_LEVEL_UP]    §r§7§8+§62,000 §7Coins
10:46:21 [COMPACT_SKILL_LEVEL_UP]    §r§7§8+§b5 SkyBlock XP
10:46:21 [COMPACT_BINGO_BORDER] §3§l▬▬▬▬▬▬▬▬▬▬▬▬▬▬▬▬▬▬▬▬▬▬▬▬▬▬▬▬▬▬▬▬▬▬▬▬▬▬▬▬▬▬▬▬▬▬▬▬▬▬▬▬▬▬▬▬▬▬▬▬▬▬▬▬
10:49:18 [COMPACT_BINGO_BORDER] §3§l▬▬▬▬▬▬▬▬▬▬▬▬▬▬▬▬▬▬▬▬▬▬▬▬▬▬▬▬▬▬▬▬▬▬▬▬▬▬▬▬▬▬▬▬▬▬▬▬▬▬▬▬▬▬▬▬▬▬▬▬▬▬▬▬
10:49:18 [EMPTY] 
10:49:18 [COMPACT_SKILL_LEVEL_UP]   §r§a§lREWARDS
10:49:18 [COMPACT_SKILL_LEVEL_UP]    §r§eLogger VII
10:49:18 [COMPACT_SKILL_LEVEL_UP]    §r  §7§fGrants §a+§824➜§a28§f §6☘ Foraging Fortune§f, which increases your
10:49:18 [COMPACT_SKILL_LEVEL_UP]    §r  §fchance for multiple logs.
10:49:18 [COMPACT_SKILL_LEVEL_UP]    §r§7§8+§a1 §c❁ Strength
10:49:18 [COMPACT_SKILL_LEVEL_UP]    §r§7§8+§63,000 §7Coins
10:49:18 [COMPACT_SKILL_LEVEL_UP]    §r§7§8+§b5 SkyBlock XP
10:49:18 [COMPACT_BINGO_BORDER] §3§l▬▬▬▬▬▬▬▬▬▬▬▬▬▬▬▬▬▬▬▬▬▬▬▬▬▬▬▬▬▬▬▬▬▬▬▬▬▬▬▬▬▬▬▬▬▬▬▬▬▬▬▬▬▬▬▬▬▬▬▬▬▬▬▬
10:49:39 [GUILD_EXP] §aYou earned §r§2570 GEXP §r§a+ §r§e1,710 Event EXP §r§afrom playing SkyBlock!
10:51:16 [COMPACT_BINGO_BORDER] §e§l▬▬▬▬▬▬▬▬▬▬▬▬▬▬▬▬▬▬▬▬▬▬▬▬▬▬▬▬▬▬▬▬▬▬▬▬▬▬▬▬▬▬▬▬▬▬▬▬▬▬▬▬▬▬▬▬▬▬▬▬▬▬▬▬
10:51:16 [EMPTY] 
10:51:16 [COMPACT_COLLECTION_LEVEL_UP]   §r§a§lREWARDS
10:51:16 [COMPACT_COLLECTION_LEVEL_UP]     §r§7§8+§b4 SkyBlock XP
10:51:16 [COMPACT_BINGO_BORDER] §e§l▬▬▬▬▬▬▬▬▬▬▬▬▬▬▬▬▬▬▬▬▬▬▬▬▬▬▬▬▬▬▬▬▬▬▬▬▬▬▬▬▬▬▬▬▬▬▬▬▬▬▬▬▬▬▬▬▬▬▬▬▬▬▬▬
10:52:25 [EMPTY] §f §r§r§r§f §r§r§r§1 §r§r§r§0 §r§r§r§2 §r§r§r§f §r§r§r§f §r§r§r§2 §r§r§r§0 §r§r§r§4 §r§r§r§3 §r§r§r§9 §r§r§r§2 §r§r§r§0 §r§r§r§0 §r§r§r§3 §r§r§r§9 §r§r§r§2 §r§r§r§0 §r§r§r§0 §r§r§r§3 §r§r§r§9 §r§r§r§2 §r§r§r§0 §r§r§r§0 
10:52:27 [LOBBY]   §r§f§l➤ §r§6You have reached your Hype limit! Add Hype to Prototype Lobby minigames by right-clicking with the Hype Diamond!
10:52:29 [WARPING] §7Sending to server mini18AK...
10:52:29 [EMPTY] §8 §r§8 §r§1 §r§3 §r§3 §r§7 §r§8 
10:52:32 [EMPTY] 
10:52:32 [WELCOME] §eWelcome to §r§aHypixel SkyBlock§r§e!
10:52:32 [EMPTY] 
10:52:33 [PROFILE_JOIN] §aYou are playing on profile: §eApple§b (Co-op)
10:52:33 [PROFILE_JOIN] §8Profile ID: b1a71305-1956-42bf-90e4-bce6f7285754
10:52:35 [WARPING] §7Sending to server mini233R...
10:52:36 [EMPTY] §8 §r§8 §r§1 §r§3 §r§3 §r§7 §r§8 
10:52:38 [PROFILE_JOIN] §aYou are playing on profile: §eApple§b (Co-op)
10:52:38 [PROFILE_JOIN] §8Profile ID: b1a71305-1956-42bf-90e4-bce6f7285754
