09:10:23 [allowed] §aYou have §b1 §aunclaimed leveling reward!
09:10:23 [allowed] §eClick here to view it!
09:10:27 [allowed] §aSince you've been away you earned §r§690,480 coins §r§aas interest in your personal bank account!
09:10:27 [allowed] §b-----------------------------------------------------
09:10:27 [allowed] §aYou have just received §r§6452,400 coins §r§aas interest in your co-op bank account!
09:10:27 [allowed] §b-----------------------------------------------------
09:10:29 [allowed] §eLatest update: §bSkyBlock v0.22.1 §e§lCLICK
09:10:30 [allowed] §eProfile ID: §r§ab1a71305-1956-42bf-90e4-bce6f7285754
09:10:30 [allowed] §e§lCLICK THIS TO SUGGEST IT IN CHAT §7§l[DASHES]
09:10:30 [allowed] §e§lCLICK THIS TO SUGGEST IT IN CHAT §7§l[NO DASHES]
09:10:31 [allowed] §6§lALLOWANCE! §r§eYou earned §r§650,000 coins§r§e!
09:11:32 [allowed] §c ☠ §r§7§r§7MimicED§r§7 was killed by §r§5Star Sentry§r§7§r§7.
09:11:38 [allowed] §6[Bazaar] §r§c§r§cYou cannot afford this!
09:11:43 [allowed] §8Withdrawing coins...
09:11:43 [allowed] §aWithdrew §r§65M coins§r§a! There's now §r§6203.7M coins §r§aleft in the account!
09:11:52 [allowed] §6[Bazaar] §r§7Executing instant buy...
09:11:52 [allowed] §6[Bazaar] §r§7Bought §r§a1§r§7x §r§9Enchanted Iron Block §r§7for §r§690,946 coins§r§7!
09:11:52 [allowed] §6[Bazaar] §r§7Executing instant buy...
09:11:53 [allowed] §6[Bazaar] §r§7Bought §r§a1§r§7x §r§9Enchanted Iron Block §r§7for §r§690,946 coins§r§7!
09:12:07 [allowed] §cThis process is still running!
09:12:11 [allowed] §cYou don't have the required materials!
09:12:32 [allowed] §aYou have §b15 §aunclaimed leveling rewards!
09:12:32 [allowed] §eClick here to view them!
09:12:32 [allowed] §aYou have §61 §aunclaimed achievement reward!
09:12:32 [allowed] §eClick here to view it!
09:12:32 [allowed] §e[NPC] Doorman Dave§f: §rHey JonathanLanunez, the §3Slumber Hotel §fis now accepting reservations!§r§7 [§71/§a2§7]
09:12:34 [allowed] §cYou are trying to do that too fast. Try again in a moment.
09:12:37 [allowed] §eLatest update: §bSkyBlock v0.22.1 §e§lCLICK
09:12:37 [allowed] §eProfile ID: §r§ab1a71305-1956-42bf-90e4-bce6f7285754
09:12:37 [allowed] §e§lCLICK THIS TO SUGGEST IT IN CHAT §7§l[DASHES]
09:12:37 [allowed] §e§lCLICK THIS TO SUGGEST IT IN CHAT §7§l[NO DASHES]
09:12:39 [allowed] §6§lALLOWANCE! §r§eYou earned §r§650,000 coins§r§e!
09:12:41 [allowed] §f§m-----------------------------------------------------
§r§cYou should NEVER enter your Microsoft account details anywhere but on official Microsoft services!

§r§cExternal links from untrusted sources should be avoided.
§r§f§m-----------------------------------------------------
