21:45:07 §7Sending to server mini154BF...
21:48:09 §7Warping...
21:48:10 §7Sending to server mini61DQ...
21:50:51 §7Warping...
21:50:56 §7Warping...
21:51:25 §7Warping...
22:01:42 §7Warping...
22:08:59 §7Warping...
22:13:37 §7Warping...
22:15:29 §7Warping...
22:36:29 §7Finding player...
22:36:30 §7Sending a visit request...
22:36:31 §7Sending to server mini188BF...
22:36:55 §7Warping...
22:36:55 §7Sending to server mini78BG...
22:36:59 §7Warping you to your SkyBlock island...
22:36:59 §7Sending to server mini67BH...
22:37:05 §7Warping...
22:37:05 §7Sending to server mini5DC...
22:52:48 §7Warping...
22:58:16 §7Warping...
23:00:55 §7Warping...
23:06:04 §7Warping...
23:07:50 §7Warping...
23:07:50 §7Sending to server mini188CK...
23:08:57 §7Sending to server mini88AQ...
23:10:29 §7Warping...
23:10:30 §7Sending to server mini69BF...
23:11:06 §7Warping...
23:11:06 §7Sending to server mini1021M...
23:11:36 §7Sending to server mini239P...
23:20:26 §7Sending to server mini218V...
23:20:52 §7Sending to server mini1028P...
23:28:25 §7Sending to server mini197DE...
23:28:32 §7Sending to server mini6BU...
23:32:53 §7Warping...
23:32:53 §7Sending to server mini256D...
23:34:03 §7Sending to server mini38AN...
23:34:53 §7Warping you to your SkyBlock island...
23:34:53 §7Sending to server mini72U...
23:36:03 §7Warping...
23:36:03 §7Sending to server mini254N...
23:37:01 §7Sending to server mini185DQ...
23:37:03 §7Warping...
23:38:28 §7Warping...
23:38:28 §7Sending to server mini188DA...
23:38:38 §7Sending to server mini191BG...
23:38:50 §7Warping...
23:38:50 §7Sending to server mini156Q...
23:39:46 §7Sending to server mini89AJ...
23:40:55 §7Warping...
23:40:55 §7Sending to server mini158AE...
23:41:53 §7Sending to server mini212G...
23:42:03 §7Sending to server mini91CG...
23:48:39 §7Sending to server mini71AH...
23:49:28 §7Sending to server mini27CW...
23:50:08 §7Warping...
23:50:09 §7Sending to server mini30CA...
23:50:31 §7Sending to server mini75W...
23:50:42 §7Warping...
23:50:42 §7Sending to server mini157CC...
23:52:04 §7Sending to server mini87CW...
00:03:19 §7Sending to server mini1014D...
00:04:20 §7Sending to server mini191H...
00:20:36 §7Warping...
00:20:36 §7Sending to server mini91DS...
00:22:36 §7Warping...
00:22:36 §7Sending to server mini147CR...
00:22:52 §7Warping...
00:22:52 §7Sending to server mini73BS...
00:24:01 §7Sending to server mini36CH...
00:35:10 §7Sending to server mini99P...
00:36:03 §7Sending to server mini160BP...
00:45:00 §7Warping...
00:45:00 §7Sending to server mini61AT...
00:45:28 §7Sending to server mini191AM...
00:45:31 §7Warping...
00:45:31 §7Sending to server mini149BM...
00:46:10 §7Sending to server mini91BR...
00:47:10 §7Warping...
00:47:11 §7Sending to server mini67N...
00:47:14 §7Warping...
00:47:14 §7Sending to server mini153AU...
00:53:12 §7Sending to server mini146B...
01:02:47 §7Sending to server mini215C...
01:04:44 §7Sending to server mini148DT...
01:13:15 §7Sending to server mini241V...
01:14:14 §7Sending to server mini70DC...
01:22:19 §7Warping...
01:22:19 §7Sending to server mini8Q...
01:24:07 §7Sending to server mini6BU...
01:26:22 §7Warping...
01:26:22 §7Sending to server mini96AB...
01:28:15 §7Sending to server mini151M...
01:36:09 §7Warping...
01:36:09 §7Sending to server mini99AT...
01:36:59 §7Sending to server mini90CV...
01:43:18 §7Warping...
01:43:19 §7Sending to server mini147DU...
01:43:43 §7Warping...
01:43:43 §7Sending to server mini6DF...
01:44:43 §7Sending to server mini9BV...
01:51:21 §7Warping...
01:51:22 §7Sending to server mini147AR...
01:51:47 §7Sending to server mini5AA...
01:53:24 §7Warping...
01:53:24 §7Sending to server mini147AR...
01:53:40 §7Sending to server mini143CP...
02:01:00 §7Warping...
02:01:00 §7Sending to server mini62DS...
02:02:22 §7Sending to server mini91BR...
02:09:42 §7Sending to server mini212G...
02:14:05 §7Sending to server mini255M...
02:23:01 §7Warping...
02:23:01 §7Sending to server mini153AU...
02:23:28 §7Warping...
02:23:28 §7Sending to server mini145CM...
02:23:39 §7Warping...
02:23:39 §7Sending to server mini15AC...
02:23:58 §7Warping...
02:23:58 §7Sending to server mini143BJ...
02:25:41 §7Warping...
02:25:41 §7Sending to server mini24M...
02:26:45 §7Warping you to your SkyBlock island...
02:26:45 §7Sending to server mini20BU...
02:26:48 §7Sending to server mega32A...
02:32:24 §7Warping you to your SkyBlock island...
02:32:24 §7Sending to server mini229N...
02:32:29 §7Sending to server mini4AV...
02:33:05 §7Warping...
02:33:05 §7Sending to server mini79BS...
02:34:46 §7Warping...
