22:02:28 [EMPTY] §f §r§r§r§f §r§r§r§1 §r§r§r§0 §r§r§r§2 §r§r§r§f §r§r§r§f §r§r§r§2 §r§r§r§0 §r§r§r§4 §r§r§r§3 §r§r§r§9 §r§r§r§2 §r§r§r§0 §r§r§r§0 §r§r§r§3 §r§r§r§9 §r§r§r§2 §r§r§r§0 §r§r§r§0 §r§r§r§3 §r§r§r§9 §r§r§r§2 §r§r§r§0 §r§r§r§0 
22:02:28 [LOBBY] §b[MVP§9+§b] Sebbebas§f §6joined the lobby!
22:02:28 [LOBBY]  §b>§c>§a>§r §r§6[MVP§2++§6] Zincky§f §6joined the lobby!§r §a<§c<§b<
22:02:28 [LOBBY] §b[MVP§6+§b] Hessel654321§f §6joined the lobby!
22:02:29 [LOBBY] §b[MVP§c+§b] _DanTDMM§f §6joined the lobby!
22:02:33 [LOBBY]  §b>§c>§a>§r §r§6[MVP§2++§6] idanc§f §6joined the lobby!§r §a<§c<§b<
22:02:36 [LOBBY]  §b>§c>§a>§r §r§6[MVP§1++§6] alhaamdulillah§f §6joined the lobby!§r §a<§c<§b<
22:02:36 [WARPING] §7Sending to server mini158J...
22:02:37 [EMPTY] §8 §r§8 §r§1 §r§3 §r§3 §r§7 §r§8 
22:02:39 [EMPTY] 
22:02:39 [WELCOME] §eWelcome to §r§aHypixel SkyBlock§r§e!
22:02:39 [EMPTY] 
22:02:40 [PROFILE_JOIN] §aYou are playing on profile: §eBanana§b (Co-op)
22:02:40 [PROFILE_JOIN] §8Profile ID: b1a71305-1956-42bf-90e4-bce6f7285754
22:02:41 [SKYMALL] §bNew day! §r§eYour §r§2Sky Mall §r§ebuff changed!
22:02:41 [SKYMALL] §eNew buff§r§r§r: §r§fReduce Pickaxe Ability cooldown by §r§a20%§r§f.
22:02:41 [SKYMALL] §8§oYou can disable this messaging by toggling Sky Mall in your /hotm!
22:02:49 [WARPING] §7Warping you to your SkyBlock island...
22:02:49 [WARPING] §7Sending to server mini242C...
22:02:50 [EMPTY] §8 §r§8 §r§1 §r§3 §r§3 §r§7 §r§8 
22:02:53 [PROFILE_JOIN] §aYou are playing on profile: §eBanana§b (Co-op)
22:02:53 [PROFILE_JOIN] §8Profile ID: b1a71305-1956-42bf-90e4-bce6f7285754
22:03:15 [WARPING] §7Warping...
22:03:16 [WARPING] §7Sending to server mini87CE...
22:03:17 [EMPTY] §8 §r§8 §r§1 §r§3 §r§3 §r§7 §r§8 
22:03:20 [PROFILE_JOIN] §aYou are playing on profile: §eBanana§b (Co-op)
22:03:20 [PROFILE_JOIN] §8Profile ID: b1a71305-1956-42bf-90e4-bce6f7285754
22:03:39 [EMPTY] §f §r§r§r§f §r§r§r§1 §r§r§r§0 §r§r§r§2 §r§r§r§f §r§r§r§f §r§r§r§2 §r§r§r§0 §r§r§r§4 §r§r§r§3 §r§r§r§9 §r§r§r§2 §r§r§r§0 §r§r§r§0 §r§r§r§3 §r§r§r§9 §r§r§r§2 §r§r§r§0 §r§r§r§0 §r§r§r§3 §r§r§r§9 §r§r§r§2 §r§r§r§0 §r§r§r§0 
22:03:40 [LOBBY] §b[MVP§c+§b] ViiLox91§f §6joined the lobby!
22:03:41 [LOBBY]   §r§f§l➤ §r§6You have reached your Hype limit! Add Hype to Prototype Lobby minigames by right-clicking with the Hype Diamond!
22:03:43 [LOBBY] §b[MVP§c+§b] LeBoostedGuy§f §6joined the lobby!
22:03:43 [LOBBY] §b[MVP§c+§b] MetaHuman§f §6joined the lobby!
22:03:47 [LOBBY] §b[MVP§2+§b] Soloish§f §6joined the lobby!
22:03:48 [WARPING] §7Sending to server mini8BP...
22:03:49 [EMPTY] §8 §r§8 §r§1 §r§3 §r§3 §r§7 §r§8 
22:03:51 [EMPTY] 
22:03:51 [WELCOME] §eWelcome to §r§aHypixel SkyBlock§r§e!
22:03:51 [EMPTY] 
22:03:51 [PROFILE_JOIN] §aYou are playing on profile: §eApple§b (Co-op)
22:03:51 [PROFILE_JOIN] §8Profile ID: b1a71305-1956-42bf-90e4-bce6f7285754
22:04:06 [WARPING] §7Finding player...
22:04:07 [WARPING] §7Sending a visit request...
22:04:07 [WARPING] §7Sending to server mini1013B...
22:04:08 [EMPTY] §8 §r§8 §r§1 §r§3 §r§3 §r§7 §r§8 
22:04:11 [PROFILE_JOIN] §aYou are playing on profile: §eApple§b (Co-op)
22:04:11 [PROFILE_JOIN] §8Profile ID: b1a71305-1956-42bf-90e4-bce6f7285754
22:04:13 [WARPING] §7Sending to server mini28M...
22:04:13 [EMPTY] §8 §r§8 §r§1 §r§3 §r§3 §r§7 §r§8 
22:04:16 [PROFILE_JOIN] §aYou are playing on profile: §eApple§b (Co-op)
22:04:16 [PROFILE_JOIN] §8Profile ID: b1a71305-1956-42bf-90e4-bce6f7285754
22:05:15 [WARPING] §7Warping you to your SkyBlock island...
22:05:16 [WARPING] §7Sending to server mini219V...
22:05:17 [EMPTY] §8 §r§8 §r§1 §r§3 §r§3 §r§7 §r§8 
22:05:19 [PROFILE_JOIN] §aYou are playing on profile: §eApple§b (Co-op)
22:05:19 [PROFILE_JOIN] §8Profile ID: b1a71305-1956-42bf-90e4-bce6f7285754
