14:40:12 [EMPTY] §f §r§r§r§f §r§r§r§1 §r§r§r§0 §r§r§r§2 §r§r§r§f §r§r§r§f §r§r§r§2 §r§r§r§0 §r§r§r§4 §r§r§r§3 §r§r§r§9 §r§r§r§2 §r§r§r§0 §r§r§r§0 §r§r§r§3 §r§r§r§9 §r§r§r§2 §r§r§r§0 §r§r§r§0 §r§r§r§3 §r§r§r§9 §r§r§r§2 §r§r§r§0 §r§r§r§0 
14:40:12 [LOBBY] §b[MVP§f+§b] Sebbebas§f §6joined the lobby!
14:40:12 [LOBBY]   §r§f§l➤ §r§6You have reached your Hype limit! Add Hype to Prototype Lobby minigames by right-clicking with the Hype Diamond!
14:40:13 [LOBBY] §b[MVP§c+§b] CB59§f §6joined the lobby!
14:40:13 [LOBBY] §b[MVP§c+§b] PyroKeqing§f §6joined the lobby!
14:40:13 [LOBBY] §b[MVP§f+§b] uberCego§f §6joined the lobby!
14:40:27 [LOBBY] §b[MVP§c+§b] Blackgallo1§f §6joined the lobby!
14:40:28 [LOBBY] §b[MVP§2+§b] Junchii§f §6joined the lobby!
14:40:29 [LOBBY] §b[MVP§5+§b] catboytim§f §6joined the lobby!
14:40:32 [WARPING] §7Sending to server mini1DU...
14:40:32 [EMPTY] §8 §r§8 §r§1 §r§3 §r§3 §r§7 §r§8 
14:40:34 [EMPTY] 
14:40:34 [WELCOME] §eWelcome to §r§aHypixel SkyBlock§r§e!
14:40:35 [EMPTY] 
14:40:36 [PROFILE_JOIN] §aYou are playing on profile: §eBanana§b (Co-op)
14:40:36 [PROFILE_JOIN] §8Profile ID: b1a71305-1956-42bf-90e4-bce6f7285754
14:40:37 [SKYMALL] §bNew day! §r§eYour §r§2Sky Mall §r§ebuff changed!
14:40:37 [SKYMALL] §eNew buff§r§r§r: §r§fGain §r§a+100 §r§6⸕ Mining Speed§r§f.
14:40:37 [SKYMALL] §8§oYou can disable this messaging by toggling Sky Mall in your /hotm!
14:41:47 [WARPING] §7Warping...
14:41:47 [WARPING] §7Sending to server mini84H...
14:41:48 [EMPTY] §8 §r§8 §r§1 §r§3 §r§3 §r§7 §r§8 
14:41:51 [PROFILE_JOIN] §aYou are playing on profile: §eBanana§b (Co-op)
14:41:51 [PROFILE_JOIN] §8Profile ID: b1a71305-1956-42bf-90e4-bce6f7285754
14:42:49 [WARPING] §7Warping...
14:42:49 [WARPING] §7Sending to server mini100P...
14:42:50 [EMPTY] §8 §r§8 §r§1 §r§3 §r§3 §r§7 §r§8 
14:42:53 [PROFILE_JOIN] §aYou are playing on profile: §eBanana§b (Co-op)
14:42:53 [PROFILE_JOIN] §8Profile ID: b1a71305-1956-42bf-90e4-bce6f7285754
14:45:50 [WARPING] §7Warping...
14:45:51 [WARPING] §7Sending to server mini94AQ...
14:45:51 [EMPTY] §8 §r§8 §r§1 §r§3 §r§3 §r§7 §r§8 
14:45:54 [PROFILE_JOIN] §aYou are playing on profile: §eBanana§b (Co-op)
14:45:54 [PROFILE_JOIN] §8Profile ID: b1a71305-1956-42bf-90e4-bce6f7285754
14:46:21 [POWDER_MINING] §aYou uncovered a treasure chest!
14:46:22 [POWDER_MINING] §aYou uncovered a treasure chest!
14:46:23 [POWDER_MINING] §6You have successfully picked the lock on this chest!
14:46:23 [EMPTY] 
14:46:26 [POWDER_MINING] §aYou uncovered a treasure chest!
14:46:30 [POWDER_MINING] §6You have successfully picked the lock on this chest!
14:46:30 [EMPTY] 
14:46:33 [POWDER_MINING] §aYou uncovered a treasure chest!
14:46:35 [POWDER_MINING] §6You have successfully picked the lock on this chest!
14:46:35 [EMPTY] 
14:46:45 [POWDER_MINING] §aYou uncovered a treasure chest!
14:46:45 [POWDER_MINING] §aYou uncovered a treasure chest!
14:46:48 [POWDER_MINING] §6You have successfully picked the lock on this chest!
14:46:48 [EMPTY] 
14:46:50 [POWDER_MINING] §6You have successfully picked the lock on this chest!
14:46:50 [EMPTY] 
14:46:51 [POWDER_MINING] §aYou uncovered a treasure chest!
14:46:53 [POWDER_MINING] §aYou uncovered a treasure chest!
14:46:57 [POWDER_MINING] §6You have successfully picked the lock on this chest!
14:46:57 [EMPTY] 
14:47:11 [POWDER_MINING] §aYou uncovered a treasure chest!
14:47:14 [POWDER_MINING] §6You have successfully picked the lock on this chest!
14:47:14 [EMPTY] 
14:47:19 [POWDER_MINING] §aYou uncovered a treasure chest!
14:47:22 [POWDER_MINING] §6You have successfully picked the lock on this chest!
14:47:22 [EMPTY] 
14:47:28 [POWDER_MINING] §aYou uncovered a treasure chest!
14:47:31 [POWDER_MINING] §6You have successfully picked the lock on this chest!
14:47:31 [EMPTY] 
14:47:34 [POWDER_MINING] §aYou uncovered a treasure chest!
14:47:39 [POWDER_MINING] §6You have successfully picked the lock on this chest!
14:47:39 [EMPTY] 
14:47:52 [POWDER_MINING] §aYou uncovered a treasure chest!
14:47:54 [POWDER_MINING] §6You have successfully picked the lock on this chest!
14:47:54 [EMPTY] 
14:48:05 [POWDER_MINING] §aYou uncovered a treasure chest!
14:48:11 [POWDER_MINING] §6You have successfully picked the lock on this chest!
14:48:11 [EMPTY] 
14:48:15 [POWDER_MINING] §aYou uncovered a treasure chest!
14:48:19 [POWDER_MINING] §6You have successfully picked the lock on this chest!
14:48:19 [EMPTY] 
14:48:21 [GUILD_EXP] §aYou earned §r§2210 GEXP §r§a+ §r§e630 Event EXP §r§afrom playing SkyBlock!
14:48:37 [POWDER_MINING] §aYou uncovered a treasure chest!
14:48:37 [POWDER_MINING] §aYou uncovered a treasure chest!
14:48:38 [POWDER_MINING] §aYou uncovered a treasure chest!
14:48:42 [POWDER_MINING] §6You have successfully picked the lock on this chest!
14:48:42 [EMPTY] 
14:48:44 [POWDER_MINING] §6You have successfully picked the lock on this chest!
14:48:44 [EMPTY] 
14:48:49 [POWDER_MINING] §6You have successfully picked the lock on this chest!
14:48:49 [EMPTY] 
14:49:00 [POWDER_MINING] §aYou uncovered a treasure chest!
14:49:07 [POWDER_MINING] §aYou uncovered a treasure chest!
14:49:17 [POWDER_MINING] §aYou uncovered a treasure chest!
14:49:24 [POWDER_MINING] §6You have successfully picked the lock on this chest!
14:49:24 [EMPTY] 
14:49:30 [POWDER_MINING] §6You have successfully picked the lock on this chest!
14:49:30 [EMPTY] 
14:49:31 [POWDER_MINING] §aYou uncovered a treasure chest!
14:49:34 [POWDER_MINING] §6You have successfully picked the lock on this chest!
14:49:34 [EMPTY] 
14:49:36 [POWDER_MINING] §6You have successfully picked the lock on this chest!
14:49:36 [EMPTY] 
14:49:40 [POWDER_MINING] §aYou uncovered a treasure chest!
14:49:41 [POWDER_MINING] §aYou uncovered a treasure chest!
14:49:42 [POWDER_MINING] §aYou uncovered a treasure chest!
14:49:43 [POWDER_MINING] §6You have successfully picked the lock on this chest!
14:49:43 [EMPTY] 
14:49:45 [POWDER_MINING] §6You have successfully picked the lock on this chest!
14:49:45 [EMPTY] 
14:49:48 [POWDER_MINING] §6You have successfully picked the lock on this chest!
14:49:48 [EMPTY] 
14:49:49 [POWDER_MINING] §aYou uncovered a treasure chest!
14:49:51 [POWDER_MINING] §aYou uncovered a treasure chest!
14:49:52 [POWDER_MINING] §aYou uncovered a treasure chest!
14:49:53 [POWDER_MINING] §6You have successfully picked the lock on this chest!
14:49:53 [EMPTY] 
14:49:54 [POWDER_MINING] §aYou uncovered a treasure chest!
14:50:08 [POWDER_MINING] §6You have successfully picked the lock on this chest!
14:50:08 [EMPTY] 
14:50:10 [POWDER_MINING] §6You have successfully picked the lock on this chest!
14:50:10 [EMPTY] 
14:50:17 [POWDER_MINING] §6You have successfully picked the lock on this chest!
14:50:17 [EMPTY] 
14:50:39 [POWDER_MINING] §aYou uncovered a treasure chest!
14:50:40 [POWDER_MINING] §aYou uncovered a treasure chest!
14:50:41 [POWDER_MINING] §6You have successfully picked the lock on this chest!
14:50:41 [EMPTY] 
14:50:45 [POWDER_MINING] §6You have successfully picked the lock on this chest!
14:50:45 [EMPTY] 
14:50:56 [POWDER_MINING] §aYou uncovered a treasure chest!
14:50:59 [POWDER_MINING] §6You have successfully picked the lock on this chest!
14:50:59 [EMPTY] 
14:51:32 [POWDER_MINING] §aYou uncovered a treasure chest!
14:51:34 [POWDER_MINING] §6You have successfully picked the lock on this chest!
14:51:34 [EMPTY] 
14:51:50 [POWDER_MINING] §aYou uncovered a treasure chest!
14:51:55 [POWDER_MINING] §6You have successfully picked the lock on this chest!
14:51:55 [EMPTY] 
14:52:05 [POWDER_MINING] §aYou uncovered a treasure chest!
14:52:06 [POWDER_MINING] §aYou uncovered a treasure chest!
14:52:08 [POWDER_MINING] §6You have successfully picked the lock on this chest!
14:52:08 [EMPTY] 
14:52:12 [POWDER_MINING] §6You have successfully picked the lock on this chest!
14:52:12 [EMPTY] 
14:52:34 [POWDER_MINING] §aYou uncovered a treasure chest!
14:52:39 [POWDER_MINING] §6You have successfully picked the lock on this chest!
14:52:39 [EMPTY] 
14:52:46 [POWDER_MINING] §aYou uncovered a treasure chest!
14:52:49 [POWDER_MINING] §6You have successfully picked the lock on this chest!
14:52:49 [EMPTY] 
14:52:56 [POWDER_MINING] §aYou uncovered a treasure chest!
14:53:00 [POWDER_MINING] §6You have successfully picked the lock on this chest!
14:53:00 [EMPTY] 
14:53:06 [POWDER_MINING] §aYou uncovered a treasure chest!
14:53:08 [POWDER_MINING] §6You have successfully picked the lock on this chest!
14:53:08 [EMPTY] 
14:53:14 [POWDER_MINING] §aYou uncovered a treasure chest!
14:53:17 [POWDER_MINING] §6You have successfully picked the lock on this chest!
14:53:17 [EMPTY] 
14:53:22 [POWDER_MINING] §aYou uncovered a treasure chest!
14:53:22 [POWDER_MINING] §aYou uncovered a treasure chest!
14:53:24 [GUILD_EXP] §aYou earned §r§2750 GEXP §r§a+ §r§e2,250 Event EXP §r§afrom playing SkyBlock!
14:53:26 [POWDER_MINING] §6You have successfully picked the lock on this chest!
14:53:26 [EMPTY] 
14:53:28 [POWDER_MINING] §6You have successfully picked the lock on this chest!
14:53:28 [EMPTY] 
14:53:31 [POWDER_MINING] §aYou uncovered a treasure chest!
14:53:41 [POWDER_MINING] §6You have successfully picked the lock on this chest!
14:53:41 [EMPTY] 
14:54:02 [POWDER_MINING] §aYou uncovered a treasure chest!
14:54:05 [POWDER_MINING] §6You have successfully picked the lock on this chest!
14:54:05 [EMPTY] 
14:54:07 [POWDER_MINING] §aYou uncovered a treasure chest!
14:54:08 [POWDER_MINING] §aYou uncovered a treasure chest!
14:54:11 [POWDER_MINING] §6You have successfully picked the lock on this chest!
14:54:11 [EMPTY] 
14:54:12 [POWDER_MINING] §6You have successfully picked the lock on this chest!
14:54:12 [EMPTY] 
14:54:20 [POWDER_MINING] §aYou uncovered a treasure chest!
14:54:21 [POWDER_MINING] §aYou uncovered a treasure chest!
14:54:23 [POWDER_MINING] §6You have successfully picked the lock on this chest!
14:54:23 [EMPTY] 
14:54:24 [POWDER_MINING] §6You have successfully picked the lock on this chest!
14:54:24 [EMPTY] 
14:54:25 [POWDER_MINING] §aYou uncovered a treasure chest!
14:54:28 [POWDER_MINING] §6You have successfully picked the lock on this chest!
14:54:28 [EMPTY] 
14:56:20 [POWDER_MINING] §aYou uncovered a treasure chest!
14:56:23 [POWDER_MINING] §6You have successfully picked the lock on this chest!
14:56:23 [EMPTY] 
14:56:32 [POWDER_MINING] §aYou uncovered a treasure chest!
14:56:35 [POWDER_MINING] §6You have successfully picked the lock on this chest!
14:56:35 [EMPTY] 
14:56:38 [POWDER_MINING] §aYou uncovered a treasure chest!
14:56:39 [POWDER_MINING] §aYou uncovered a treasure chest!
14:56:40 [POWDER_MINING] §aYou uncovered a treasure chest!
14:56:41 [POWDER_MINING] §6You have successfully picked the lock on this chest!
14:56:41 [EMPTY] 
14:56:43 [POWDER_MINING] §6You have successfully picked the lock on this chest!
14:56:43 [EMPTY] 
14:56:45 [POWDER_MINING] §6You have successfully picked the lock on this chest!
14:56:45 [EMPTY] 
14:56:50 [POWDER_MINING] §aYou uncovered a treasure chest!
14:56:55 [POWDER_MINING] §6You have successfully picked the lock on this chest!
14:56:55 [EMPTY] 
14:57:07 [POWDER_MINING] §aYou uncovered a treasure chest!
14:57:09 [POWDER_MINING] §aYou uncovered a treasure chest!
14:57:11 [POWDER_MINING] §6You have successfully picked the lock on this chest!
14:57:11 [EMPTY] 
14:57:13 [POWDER_MINING] §6You have successfully picked the lock on this chest!
14:57:13 [EMPTY] 
14:57:18 [POWDER_MINING] §aYou uncovered a treasure chest!
14:57:28 [POWDER_MINING] §6You have successfully picked the lock on this chest!
14:57:28 [EMPTY] 
14:57:31 [POWDER_MINING] §aYou uncovered a treasure chest!
14:57:34 [POWDER_MINING] §6You have successfully picked the lock on this chest!
14:57:34 [EMPTY] 
14:57:38 [POWDER_MINING] §aYou uncovered a treasure chest!
14:57:40 [POWDER_MINING] §aYou uncovered a treasure chest!
14:57:41 [POWDER_MINING] §6You have successfully picked the lock on this chest!
14:57:41 [EMPTY] 
14:57:43 [POWDER_MINING] §6You have successfully picked the lock on this chest!
14:57:43 [EMPTY] 
14:57:50 [POWDER_MINING] §aYou uncovered a treasure chest!
14:57:51 [POWDER_MINING] §aYou uncovered a treasure chest!
14:57:53 [POWDER_MINING] §6You have successfully picked the lock on this chest!
14:57:53 [EMPTY] 
14:57:55 [POWDER_MINING] §6You have successfully picked the lock on this chest!
14:57:55 [EMPTY] 
14:57:58 [POWDER_MINING] §aYou uncovered a treasure chest!
14:58:04 [POWDER_MINING] §6You have successfully picked the lock on this chest!
14:58:04 [EMPTY] 
14:58:06 [POWDER_MINING] §aYou uncovered a treasure chest!
14:58:08 [POWDER_MINING] §6You have successfully picked the lock on this chest!
14:58:08 [EMPTY] 
14:58:13 [POWDER_MINING] §aYou uncovered a treasure chest!
14:58:16 [POWDER_MINING] §6You have successfully picked the lock on this chest!
14:58:16 [EMPTY] 
14:58:22 [POWDER_MINING] §aYou uncovered a treasure chest!
14:58:25 [POWDER_MINING] §6You have successfully picked the lock on this chest!
14:58:25 [EMPTY] 
14:58:27 [GUILD_EXP] §aYou earned §r§2735 GEXP §r§a+ §r§e2,205 Event EXP §r§afrom playing SkyBlock!
14:58:54 [POWDER_MINING] §aYou uncovered a treasure chest!
14:58:54 [POWDER_MINING] §aYou uncovered a treasure chest!
14:58:56 [POWDER_MINING] §6You have successfully picked the lock on this chest!
14:58:56 [EMPTY] 
14:59:02 [POWDER_MINING] §6You have successfully picked the lock on this chest!
14:59:02 [EMPTY] 
14:59:18 [POWDER_MINING] §aYou uncovered a treasure chest!
14:59:21 [POWDER_MINING] §6You have successfully picked the lock on this chest!
14:59:21 [EMPTY] 
14:59:23 [POWDER_MINING] §aYou uncovered a treasure chest!
14:59:24 [POWDER_MINING] §aYou uncovered a treasure chest!
14:59:27 [POWDER_MINING] §6You have successfully picked the lock on this chest!
14:59:27 [EMPTY] 
14:59:29 [POWDER_MINING] §6You have successfully picked the lock on this chest!
14:59:29 [EMPTY] 
14:59:31 [POWDER_MINING] §aYou uncovered a treasure chest!
14:59:32 [POWDER_MINING] §aYou uncovered a treasure chest!
14:59:34 [POWDER_MINING] §6You have successfully picked the lock on this chest!
14:59:34 [EMPTY] 
14:59:35 [POWDER_MINING] §6You have successfully picked the lock on this chest!
14:59:35 [EMPTY] 
14:59:36 [POWDER_MINING] §aYou uncovered a treasure chest!
14:59:39 [POWDER_MINING] §6You have successfully picked the lock on this chest!
14:59:39 [EMPTY] 
14:59:40 [POWDER_MINING] §aYou uncovered a treasure chest!
14:59:42 [POWDER_MINING] §6You have successfully picked the lock on this chest!
14:59:42 [EMPTY] 
14:59:54 [POWDER_MINING] §aYou uncovered a treasure chest!
14:59:56 [POWDER_MINING] §6You have successfully picked the lock on this chest!
14:59:56 [EMPTY] 
15:00:02 [POWDER_MINING] §aYou uncovered a treasure chest!
15:00:03 [POWDER_MINING] §aYou uncovered a treasure chest!
15:00:05 [EMPTY] 
15:00:05 [POWDER_MINING] §6You have successfully picked the lock on this chest!
15:00:05 [EMPTY] 
15:00:07 [POWDER_MINING] §6You have successfully picked the lock on this chest!
15:00:07 [EMPTY] 
15:02:22 [POWDER_MINING] §aYou uncovered a treasure chest!
15:02:27 [POWDER_MINING] §6You have successfully picked the lock on this chest!
15:02:27 [EMPTY] 
15:03:31 [GUILD_EXP] §aYou earned §r§2513 GEXP §r§a+ §r§e1,539 Event EXP §r§afrom playing SkyBlock!
15:04:56 [EMPTY] §f                                        
15:06:27 [POWDER_MINING] §aYou uncovered a treasure chest!
15:06:30 [EMPTY] 
15:06:35 [POWDER_MINING] §aYou uncovered a treasure chest!
15:06:35 [POWDER_MINING] §aYou uncovered a treasure chest!
15:06:35 [POWDER_MINING] §aYou uncovered a treasure chest!
15:06:37 [POWDER_MINING] §aYou uncovered a treasure chest!
15:06:38 [EMPTY] 
15:06:38 [EMPTY] 
15:06:39 [EMPTY] 
15:06:40 [EMPTY] 
15:06:51 [POWDER_MINING] §aYou uncovered a treasure chest!
15:06:54 [POWDER_MINING] §aYou uncovered a treasure chest!
15:06:56 [EMPTY] 
15:06:57 [EMPTY] 
15:07:03 [POWDER_MINING] §aYou uncovered a treasure chest!
15:07:10 [POWDER_MINING] §aYou uncovered a treasure chest!
15:07:10 [POWDER_MINING] §aYou uncovered a treasure chest!
15:07:15 [EMPTY] 
15:07:15 [EMPTY] 
15:07:16 [EMPTY] 
15:07:50 [POWDER_MINING] §aYou uncovered a treasure chest!
15:07:52 [POWDER_MINING] §aYou uncovered a treasure chest!
15:08:02 [POWDER_MINING] §aYou uncovered a treasure chest!
15:08:02 [POWDER_MINING] §aYou uncovered a treasure chest!
15:08:03 [EMPTY] 
15:08:03 [EMPTY] 
15:08:04 [EMPTY] 
15:08:04 [EMPTY] 
15:08:33 [POWDER_MINING] §aYou uncovered a treasure chest!
15:08:34 [GUILD_EXP] §aYou earned §r§2408 GEXP §r§a+ §r§e1,224 Event EXP §r§afrom playing SkyBlock!
15:08:37 [EMPTY] 
15:08:46 [POWDER_MINING] §aYou uncovered a treasure chest!
15:08:47 [POWDER_MINING] §aYou uncovered a treasure chest!
15:08:50 [EMPTY] 
15:08:50 [EMPTY] 
15:08:56 [POWDER_MINING] §aYou uncovered a treasure chest!
15:08:56 [POWDER_MINING] §aYou uncovered a treasure chest!
15:08:58 [EMPTY] 
15:09:03 [EMPTY] 
15:09:05 [POWDER_MINING] §aYou uncovered a treasure chest!
15:09:15 [EMPTY] 
15:09:18 [POWDER_MINING] §aYou uncovered a treasure chest!
15:09:20 [EMPTY] 
15:09:23 [POWDER_MINING] §aYou uncovered a treasure chest!
15:09:23 [POWDER_MINING] §aYou uncovered a treasure chest!
15:09:26 [EMPTY] 
15:09:26 [EMPTY] 
15:09:31 [POWDER_MINING] §aYou uncovered a treasure chest!
15:09:33 [EMPTY] 
15:09:34 [POWDER_MINING] §aYou uncovered a treasure chest!
15:09:35 [POWDER_MINING] §aYou uncovered a treasure chest!
15:09:36 [POWDER_MINING] §aYou uncovered a treasure chest!
15:09:37 [EMPTY] 
15:09:37 [EMPTY] 
15:09:37 [EMPTY] 
15:09:40 [POWDER_MINING] §aYou uncovered a treasure chest!
15:09:40 [EMPTY]  
15:09:40 [EMPTY]  
15:09:40 [EMPTY]  
15:09:46 [EMPTY] 
15:09:52 [POWDER_MINING] §aYou uncovered a treasure chest!
15:09:52 [POWDER_MINING] §aYou uncovered a treasure chest!
15:09:56 [EMPTY] 
15:09:57 [EMPTY] 
15:10:00 [POWDER_MINING] §aYou uncovered a treasure chest!
15:10:01 [POWDER_MINING] §aYou uncovered a treasure chest!
15:10:02 [EMPTY] 
15:10:02 [EMPTY] 
15:10:06 [POWDER_MINING] §aYou uncovered a treasure chest!
15:10:08 [EMPTY] 
15:10:10 [POWDER_MINING] §aYou uncovered a treasure chest!
15:10:15 [EMPTY] 
15:10:18 [POWDER_MINING] §aYou uncovered a treasure chest!
15:10:21 [EMPTY] 
15:10:24 [POWDER_MINING] §aYou uncovered a treasure chest!
15:10:26 [EMPTY] 
15:10:33 [POWDER_MINING] §aYou uncovered a treasure chest!
15:10:35 [EMPTY] 
15:10:39 [POWDER_MINING] §aYou uncovered a treasure chest!
15:10:40 [POWDER_MINING] §aYou uncovered a treasure chest!
15:10:41 [EMPTY] 
15:10:41 [EMPTY] 
15:10:47 [POWDER_MINING] §aYou uncovered a treasure chest!
15:10:49 [EMPTY] 
15:11:33 [POWDER_MINING] §aYou uncovered a treasure chest!
15:11:41 [EMPTY] 
15:11:45 [POWDER_MINING] §aYou uncovered a treasure chest!
15:11:47 [EMPTY] 
15:11:48 [POWDER_MINING] §aYou uncovered a treasure chest!
15:11:51 [EMPTY] 
15:11:57 [POWDER_MINING] §aYou uncovered a treasure chest!
15:11:59 [EMPTY] 
15:12:03 [POWDER_MINING] §aYou uncovered a treasure chest!
15:12:05 [EMPTY] 
15:12:06 [POWDER_MINING] §aYou uncovered a treasure chest!
15:12:07 [POWDER_MINING] §aYou uncovered a treasure chest!
15:12:08 [EMPTY] 
15:12:08 [EMPTY] 
15:12:19 [POWDER_MINING] §aYou uncovered a treasure chest!
15:12:25 [POWDER_MINING] §aYou uncovered a treasure chest!
15:12:28 [EMPTY] 
15:12:28 [EMPTY] 
15:12:30 [POWDER_MINING] §aYou uncovered a treasure chest!
15:12:32 [POWDER_MINING] §aYou uncovered a treasure chest!
15:12:32 [POWDER_MINING] §aYou uncovered a treasure chest!
15:12:34 [POWDER_MINING] §aYou uncovered a treasure chest!
15:12:39 [POWDER_MINING] §aYou uncovered a treasure chest!
15:12:48 [POWDER_MINING] §aYou uncovered a treasure chest!
15:12:50 [EMPTY] 
15:12:50 [EMPTY] 
15:12:51 [EMPTY] 
15:12:52 [EMPTY] 
15:12:53 [EMPTY] 
15:12:54 [EMPTY] 
15:12:59 [POWDER_MINING] §aYou uncovered a treasure chest!
15:13:03 [EMPTY] 
15:13:05 [POWDER_MINING] §aYou uncovered a treasure chest!
15:13:07 [EMPTY] 
15:13:13 [POWDER_MINING] §aYou uncovered a treasure chest!
15:13:13 [POWDER_MINING] §aYou uncovered a treasure chest!
15:13:16 [POWDER_MINING] §aYou uncovered a treasure chest!
15:13:17 [EMPTY] 
15:13:18 [EMPTY] 
15:13:18 [EMPTY] 
15:13:30 [POWDER_MINING] §aYou uncovered a treasure chest!
15:13:37 [EMPTY] 
15:13:37 [GUILD_EXP] §aYou earned §r§2723 GEXP §r§a+ §r§e2,169 Event EXP §r§afrom playing SkyBlock!
15:13:43 [POWDER_MINING] §aYou uncovered a treasure chest!
15:13:44 [EMPTY] 
15:13:46 [POWDER_MINING] §aYou uncovered a treasure chest!
15:13:47 [EMPTY] 
15:13:49 [POWDER_MINING] §aYou uncovered a treasure chest!
15:13:52 [EMPTY] 
15:14:02 [POWDER_MINING] §aYou uncovered a treasure chest!
15:14:04 [EMPTY] 
15:14:08 [POWDER_MINING] §aYou uncovered a treasure chest!
15:14:10 [EMPTY] 
15:14:19 [POWDER_MINING] §aYou uncovered a treasure chest!
15:14:22 [POWDER_MINING] §aYou uncovered a treasure chest!
15:14:28 [EMPTY] 
15:14:28 [EMPTY] 
15:14:38 [EMPTY] 
15:14:38 [EMPTY] 
15:14:48 [POWDER_MINING] §aYou uncovered a treasure chest!
15:14:50 [EMPTY] 
15:15:11 [POWDER_MINING] §aYou uncovered a treasure chest!
15:15:13 [EMPTY] 
15:15:39 [POWDER_MINING] §aYou uncovered a treasure chest!
15:16:29 [POWDER_MINING] §aYou uncovered a treasure chest!
15:16:33 [POWDER_MINING] §aYou uncovered a treasure chest!
15:16:35 [POWDER_MINING] §aYou uncovered a treasure chest!
15:16:37 [POWDER_MINING] §aYou uncovered a treasure chest!
15:16:47 [POWDER_MINING] §aYou uncovered a treasure chest!
15:16:48 [POWDER_MINING] §aYou uncovered a treasure chest!
15:16:49 [POWDER_MINING] §aYou uncovered a treasure chest!
15:16:51 [EMPTY] 
15:16:52 [EMPTY] 
15:16:53 [EMPTY] 
15:16:53 [EMPTY] 
15:16:54 [EMPTY] 
15:16:54 [EMPTY] 
15:16:55 [EMPTY] 
15:16:56 [POWDER_MINING] §aYou uncovered a treasure chest!
15:16:59 [EMPTY] 
15:17:08 [POWDER_MINING] §aYou uncovered a treasure chest!
15:17:08 [POWDER_MINING] §aYou uncovered a treasure chest!
15:17:09 [EMPTY] 
15:17:10 [EMPTY] 
15:17:14 [POWDER_MINING] §aYou uncovered a treasure chest!
15:17:15 [EMPTY] 
15:17:18 [POWDER_MINING] §aYou uncovered a treasure chest!
15:17:19 [EMPTY] 
15:17:26 [POWDER_MINING] §aYou uncovered a treasure chest!
15:17:33 [EMPTY] 
15:17:38 [POWDER_MINING] §aYou uncovered a treasure chest!
15:17:39 [EMPTY] 
15:17:41 [POWDER_MINING] §aYou uncovered a treasure chest!
15:17:41 [POWDER_MINING] §aYou uncovered a treasure chest!
15:17:43 [EMPTY] 
15:17:43 [EMPTY] 
15:17:47 [POWDER_MINING] §aYou uncovered a treasure chest!
15:17:49 [EMPTY] 
15:17:52 [POWDER_MINING] §aYou uncovered a treasure chest!
15:17:55 [POWDER_MINING] §aYou uncovered a treasure chest!
15:17:55 [EMPTY] 
15:17:56 [EMPTY] 
15:17:57 [POWDER_MINING] §aYou uncovered a treasure chest!
15:17:57 [POWDER_MINING] §aYou uncovered a treasure chest!
15:17:58 [EMPTY] 
15:17:58 [EMPTY] 
15:17:59 [POWDER_MINING] §aYou uncovered a treasure chest!
15:18:12 [POWDER_MINING] §aYou uncovered a treasure chest!
15:18:15 [EMPTY] 
15:18:17 [POWDER_MINING] §aYou uncovered a treasure chest!
15:18:21 [EMPTY] 
15:18:23 [POWDER_MINING] §aYou uncovered a treasure chest!
15:18:23 [POWDER_MINING] §aYou uncovered a treasure chest!
15:18:40 [GUILD_EXP] §aYou earned §r§2703 GEXP §r§a+ §r§e2,109 Event EXP §r§afrom playing SkyBlock!
15:18:48 [EMPTY] 
15:19:02 [POWDER_MINING] §aYou uncovered a treasure chest!
15:19:05 [POWDER_MINING] §aYou uncovered a treasure chest!
15:19:13 [POWDER_MINING] §aYou uncovered a treasure chest!
15:19:25 [POWDER_MINING] §aYou uncovered a treasure chest!
15:19:29 [EMPTY] 
15:19:30 [EMPTY] 
15:19:31 [EMPTY] 
15:19:32 [EMPTY] 
15:19:59 [POWDER_MINING] §aYou uncovered a treasure chest!
15:20:04 [EMPTY] 
15:20:09 [POWDER_MINING] §aYou uncovered a treasure chest!
15:20:17 [POWDER_MINING] §aYou uncovered a treasure chest!
15:20:18 [POWDER_MINING] §aYou uncovered a treasure chest!
15:20:27 [POWDER_MINING] §aYou uncovered a treasure chest!
15:20:30 [POWDER_MINING] §aYou uncovered a treasure chest!
15:20:32 [POWDER_MINING] §aYou uncovered a treasure chest!
15:20:38 [POWDER_MINING] §aYou uncovered a treasure chest!
15:20:38 [POWDER_MINING] §aYou uncovered a treasure chest!
15:20:40 [EMPTY] 
15:20:41 [EMPTY] 
15:20:42 [EMPTY] 
15:20:42 [EMPTY] 
15:20:43 [EMPTY] 
15:20:44 [EMPTY] 
15:20:44 [EMPTY] 
15:20:45 [EMPTY] 
15:21:33 [POWDER_MINING] §aYou uncovered a treasure chest!
15:21:34 [POWDER_MINING] §aYou uncovered a treasure chest!
15:21:40 [EMPTY] 
15:21:41 [EMPTY] 
15:21:46 [POWDER_MINING] §aYou uncovered a treasure chest!
15:21:49 [EMPTY] 
15:22:55 [POWDER_MINING] §aYou uncovered a treasure chest!
15:22:59 [POWDER_MINING] §aYou uncovered a treasure chest!
15:23:00 [POWDER_MINING] §aYou uncovered a treasure chest!
15:23:07 [EMPTY] 
15:23:13 [EMPTY] 
15:23:13 [EMPTY] 
15:23:14 [EMPTY] 
15:23:20 [POWDER_MINING] §aYou uncovered a treasure chest!
15:23:21 [EMPTY] 
15:23:33 [POWDER_MINING] §aYou uncovered a treasure chest!
15:23:36 [EMPTY] 
15:23:43 [POWDER_MINING] §aYou uncovered a treasure chest!
15:23:44 [GUILD_EXP] §aYou earned §r§2750 GEXP §r§a+ §r§e2,250 Event EXP §r§afrom playing SkyBlock!
15:23:47 [POWDER_MINING] §aYou uncovered a treasure chest!
15:24:04 [POWDER_MINING] §aYou uncovered a treasure chest!
15:24:06 [EMPTY] 
15:24:30 [POWDER_MINING] §aYou uncovered a treasure chest!
15:24:36 [POWDER_MINING] §aYou uncovered a treasure chest!
15:24:57 [EMPTY] §f                                        
15:25:19 [EMPTY] 
15:25:20 [EMPTY] 
15:25:31 [POWDER_MINING] §aYou uncovered a treasure chest!
15:25:34 [POWDER_MINING] §aYou uncovered a treasure chest!
15:25:43 [EMPTY] 
15:25:44 [EMPTY] 
15:25:54 [POWDER_MINING] §aYou uncovered a treasure chest!
15:25:56 [EMPTY] 
15:26:00 [POWDER_MINING] §aYou uncovered a treasure chest!
15:26:01 [POWDER_MINING] §aYou uncovered a treasure chest!
15:26:02 [POWDER_MINING] §aYou uncovered a treasure chest!
15:26:02 [POWDER_MINING] §aYou uncovered a treasure chest!
15:26:16 [POWDER_MINING] §aYou uncovered a treasure chest!
15:26:16 [POWDER_MINING] §aYou uncovered a treasure chest!
15:26:18 [EMPTY] 
15:26:19 [EMPTY] 
15:26:19 [EMPTY] 
15:26:20 [EMPTY] 
15:26:21 [EMPTY] 
15:26:22 [EMPTY] 
15:26:22 [POWDER_MINING] §aYou uncovered a treasure chest!
15:26:23 [POWDER_MINING] §aYou uncovered a treasure chest!
15:26:24 [EMPTY] 
15:26:24 [EMPTY] 
15:26:29 [POWDER_MINING] §aYou uncovered a treasure chest!
15:26:32 [POWDER_MINING] §aYou uncovered a treasure chest!
15:26:34 [EMPTY] 
15:26:35 [EMPTY] 
15:26:38 [POWDER_MINING] §aYou uncovered a treasure chest!
15:26:39 [EMPTY] 
15:26:40 [POWDER_MINING] §aYou uncovered a treasure chest!
15:26:48 [POWDER_MINING] §aYou uncovered a treasure chest!
15:26:48 [POWDER_MINING] §aYou uncovered a treasure chest!
15:26:49 [EMPTY] 
15:26:50 [EMPTY] 
15:27:02 [POWDER_MINING] §aYou uncovered a treasure chest!
15:27:03 [EMPTY] 
15:27:07 [POWDER_MINING] §aYou uncovered a treasure chest!
15:27:25 [EMPTY] 
15:27:47 [POWDER_MINING] §aYou uncovered a treasure chest!
15:27:48 [POWDER_MINING] §aYou uncovered a treasure chest!
15:28:03 [EMPTY] 
15:28:04 [EMPTY] 
15:28:06 [POWDER_MINING] §aYou uncovered a treasure chest!
15:28:08 [EMPTY] 
15:28:24 [POWDER_MINING] §aYou uncovered a treasure chest!
15:28:25 [EMPTY] 
15:28:34 [POWDER_MINING] §aYou uncovered a treasure chest!
15:28:47 [GUILD_EXP] §aYou earned §r§2750 GEXP §r§a+ §r§e2,250 Event EXP §r§afrom playing SkyBlock!
15:28:48 [EMPTY] 
15:28:49 [POWDER_MINING] §aYou uncovered a treasure chest!
15:29:01 [EMPTY] 
15:29:09 [POWDER_MINING] §aYou uncovered a treasure chest!
15:29:13 [EMPTY] 
15:29:38 [POWDER_MINING] §aYou uncovered a treasure chest!
15:29:48 [POWDER_MINING] §aYou uncovered a treasure chest!
15:29:54 [POWDER_MINING] §aYou uncovered a treasure chest!
15:30:03 [EMPTY] 
15:30:04 [EMPTY] 
15:30:05 [EMPTY] 
15:30:06 [POWDER_MINING] §aYou uncovered a treasure chest!
15:30:08 [EMPTY] 
15:30:12 [POWDER_MINING] §aYou uncovered a treasure chest!
15:30:14 [EMPTY] 
15:30:25 [POWDER_MINING] §aYou uncovered a treasure chest!
15:30:27 [POWDER_MINING] §aYou uncovered a treasure chest!
15:30:29 [EMPTY] 
15:30:29 [EMPTY] 
15:30:31 [POWDER_MINING] §aYou uncovered a treasure chest!
15:30:36 [EMPTY] 
15:30:38 [POWDER_MINING] §aYou uncovered a treasure chest!
15:30:45 [EMPTY] 
15:30:47 [POWDER_MINING] §aYou uncovered a treasure chest!
15:30:49 [EMPTY] 
15:31:08 [POWDER_MINING] §aYou uncovered a treasure chest!
15:31:10 [EMPTY] 
15:31:21 [POWDER_MINING] §aYou uncovered a treasure chest!
15:31:23 [EMPTY] 
15:31:41 [POWDER_MINING] §aYou uncovered a treasure chest!
15:31:43 [EMPTY] 
15:31:54 [POWDER_MINING] §aYou uncovered a treasure chest!
15:31:55 [POWDER_MINING] §aYou uncovered a treasure chest!
15:31:57 [EMPTY] 
15:31:58 [EMPTY] 
15:32:08 [POWDER_MINING] §aYou uncovered a treasure chest!
15:32:13 [POWDER_MINING] §aYou uncovered a treasure chest!
15:32:15 [EMPTY] 
15:32:16 [POWDER_MINING] §aYou uncovered a treasure chest!
15:32:18 [EMPTY] 
15:32:19 [EMPTY] 
15:32:19 [POWDER_MINING] §aYou uncovered a treasure chest!
15:32:21 [EMPTY] 
15:32:23 [POWDER_MINING] §aYou uncovered a treasure chest!
15:32:28 [POWDER_MINING] §aYou uncovered a treasure chest!
15:32:32 [EMPTY] 
15:32:32 [EMPTY] 
15:32:35 [POWDER_MINING] §aYou uncovered a treasure chest!
15:32:38 [EMPTY] 
15:32:38 [POWDER_MINING] §aYou uncovered a treasure chest!
15:32:42 [POWDER_MINING] §aYou uncovered a treasure chest!
15:32:45 [EMPTY] 
15:32:45 [EMPTY] 
15:32:53 [POWDER_MINING] §aYou uncovered a treasure chest!
15:32:56 [EMPTY] 
15:32:58 [POWDER_MINING] §aYou uncovered a treasure chest!
15:33:03 [POWDER_MINING] §aYou uncovered a treasure chest!
15:33:04 [POWDER_MINING] §aYou uncovered a treasure chest!
15:33:18 [POWDER_MINING] §aYou uncovered a treasure chest!
15:33:29 [POWDER_MINING] §aYou uncovered a treasure chest!
15:33:33 [EMPTY] 
15:33:33 [EMPTY] 
15:33:35 [EMPTY] 
15:33:37 [EMPTY] 
15:33:38 [EMPTY] 
15:33:44 [POWDER_MINING] §aYou uncovered a treasure chest!
15:33:50 [GUILD_EXP] §aYou earned §r§2750 GEXP §r§a+ §r§e2,250 Event EXP §r§afrom playing SkyBlock!
15:34:08 [POWDER_MINING] §aYou uncovered a treasure chest!
15:34:09 [POWDER_MINING] §aYou uncovered a treasure chest!
15:34:10 [POWDER_MINING] §aYou uncovered a treasure chest!
15:34:42 [POWDER_MINING] §aYou uncovered a treasure chest!
15:34:45 [EMPTY] 
15:34:46 [EMPTY] 
15:34:47 [EMPTY] 
15:34:48 [EMPTY] 
15:34:59 [POWDER_MINING] §aYou uncovered a treasure chest!
15:35:06 [POWDER_MINING] §aYou uncovered a treasure chest!
15:35:08 [EMPTY] 
15:35:11 [EMPTY] 
15:35:27 [POWDER_MINING] §aYou uncovered a treasure chest!
15:35:29 [EMPTY] 
15:35:41 [POWDER_MINING] §aYou uncovered a treasure chest!
15:35:54 [POWDER_MINING] §aYou uncovered a treasure chest!
15:35:54 [EMPTY] 
15:35:55 [EMPTY] 
15:36:22 [POWDER_MINING] §aYou uncovered a treasure chest!
15:36:31 [POWDER_MINING] §aYou uncovered a treasure chest!
15:36:36 [EMPTY] 
15:36:38 [EMPTY] 
15:36:48 [POWDER_MINING] §aYou uncovered a treasure chest!
15:36:50 [POWDER_MINING] §aYou uncovered a treasure chest!
15:36:51 [EMPTY] 
15:36:52 [POWDER_MINING] §aYou uncovered a treasure chest!
15:36:53 [POWDER_MINING] §aYou uncovered a treasure chest!
15:37:07 [EMPTY] 
15:37:07 [EMPTY] 
15:37:08 [EMPTY] 
15:37:29 [POWDER_MINING] §aYou uncovered a treasure chest!
15:37:36 [EMPTY] 
15:37:50 [POWDER_MINING] §aYou uncovered a treasure chest!
15:37:50 [POWDER_MINING] §aYou uncovered a treasure chest!
15:37:52 [EMPTY] 
15:37:52 [EMPTY] 
15:37:54 [POWDER_MINING] §aYou uncovered a treasure chest!
15:37:55 [EMPTY] 
15:38:03 [POWDER_MINING] §aYou uncovered a treasure chest!
15:38:05 [POWDER_MINING] §aYou uncovered a treasure chest!
15:38:12 [POWDER_MINING] §aYou uncovered a treasure chest!
15:38:13 [POWDER_MINING] §aYou uncovered a treasure chest!
15:38:17 [EMPTY] 
15:38:18 [EMPTY] 
15:38:19 [EMPTY] 
15:38:20 [POWDER_MINING] §aYou uncovered a treasure chest!
15:38:21 [EMPTY] 
15:38:25 [POWDER_MINING] §aYou uncovered a treasure chest!
15:38:27 [EMPTY] 
15:38:33 [POWDER_MINING] §aYou uncovered a treasure chest!
15:38:35 [EMPTY] 
15:38:36 [POWDER_MINING] §aYou uncovered a treasure chest!
15:38:41 [POWDER_MINING] §aYou uncovered a treasure chest!
15:38:41 [POWDER_MINING] §aYou uncovered a treasure chest!
15:38:43 [EMPTY] 
15:38:43 [EMPTY] 
15:38:44 [POWDER_MINING] §aYou uncovered a treasure chest!
15:38:45 [POWDER_MINING] §aYou uncovered a treasure chest!
15:38:45 [EMPTY] 
15:38:47 [EMPTY] 
15:38:49 [POWDER_MINING] §aYou uncovered a treasure chest!
15:38:51 [EMPTY] 
15:38:53 [GUILD_EXP] §aYou earned §r§2750 GEXP §r§a+ §r§e2,250 Event EXP §r§afrom playing SkyBlock!
15:38:55 [POWDER_MINING] §aYou uncovered a treasure chest!
15:38:56 [EMPTY] 
15:39:02 [POWDER_MINING] §aYou uncovered a treasure chest!
15:39:04 [EMPTY] 
15:39:09 [POWDER_MINING] §aYou uncovered a treasure chest!
15:39:10 [EMPTY] 
15:39:10 [EMPTY] 
15:39:17 [POWDER_MINING] §aYou uncovered a treasure chest!
15:39:17 [POWDER_MINING] §aYou uncovered a treasure chest!
15:39:17 [POWDER_MINING] §aYou uncovered a treasure chest!
15:39:18 [POWDER_MINING] §aYou uncovered a treasure chest!
15:39:26 [EMPTY] 
15:39:27 [EMPTY] 
15:39:27 [EMPTY] 
15:39:29 [EMPTY] 
15:39:30 [POWDER_MINING] §aYou uncovered a treasure chest!
15:39:31 [POWDER_MINING] §aYou uncovered a treasure chest!
15:39:32 [POWDER_MINING] §aYou uncovered a treasure chest!
15:39:33 [EMPTY] 
15:39:34 [EMPTY] 
15:39:34 [EMPTY] 
15:39:38 [POWDER_MINING] §aYou uncovered a treasure chest!
15:39:40 [EMPTY] 
15:39:43 [POWDER_MINING] §aYou uncovered a treasure chest!
15:39:45 [EMPTY] 
15:39:46 [POWDER_MINING] §aYou uncovered a treasure chest!
15:39:48 [POWDER_MINING] §aYou uncovered a treasure chest!
15:39:52 [EMPTY] 
15:39:52 [EMPTY] 
15:39:55 [POWDER_MINING] §aYou uncovered a treasure chest!
15:39:56 [EMPTY] 
15:40:00 [POWDER_MINING] §aYou uncovered a treasure chest!
15:40:03 [EMPTY] 
15:40:05 [EMPTY] 
15:43:55 [GUILD_EXP] §aYou earned §r§2523 GEXP §r§a+ §r§e1,569 Event EXP §r§afrom playing SkyBlock!
15:44:20 [WARPING] §7Warping...
15:44:20 [WARPING] §7Sending to server mini8AC...
15:44:22 [EMPTY] §8 §r§8 §r§1 §r§3 §r§3 §r§7 §r§8 
15:44:24 [PROFILE_JOIN] §aYou are playing on profile: §eBanana§b (Co-op)
15:44:24 [PROFILE_JOIN] §8Profile ID: b1a71305-1956-42bf-90e4-bce6f7285754
15:46:42 [WARPING] §7Warping...
15:46:43 [WARPING] §7Sending to server mini79C...
15:46:43 [EMPTY] §8 §r§8 §r§1 §r§3 §r§3 §r§7 §r§8 
15:46:46 [PROFILE_JOIN] §aYou are playing on profile: §eBanana§b (Co-op)
15:46:46 [PROFILE_JOIN] §8Profile ID: b1a71305-1956-42bf-90e4-bce6f7285754
15:47:33 [WARPING] §7Finding player...
15:47:36 [WARPING] §7Sending a visit request...
15:47:36 [WARPING] §7Sending to server mini8AV...
15:47:37 [EMPTY] §8 §r§8 §r§1 §r§3 §r§3 §r§7 §r§8 
15:47:40 [PROFILE_JOIN] §aYou are playing on profile: §eBanana§b (Co-op)
15:47:40 [PROFILE_JOIN] §8Profile ID: b1a71305-1956-42bf-90e4-bce6f7285754
15:48:07 [WARPING] §7Warping...
15:48:07 [WARPING] §7Sending to server mini14G...
15:48:08 [EMPTY] §8 §r§8 §r§1 §r§3 §r§3 §r§7 §r§8 
15:48:11 [PROFILE_JOIN] §aYou are playing on profile: §eBanana§b (Co-op)
15:48:11 [PROFILE_JOIN] §8Profile ID: b1a71305-1956-42bf-90e4-bce6f7285754
15:48:28 [POWDER_MINING] §aYou uncovered a treasure chest!
15:48:30 [EMPTY] 
15:48:41 [POWDER_MINING] §aYou uncovered a treasure chest!
15:48:42 [EMPTY] 
15:48:49 [POWDER_MINING] §aYou uncovered a treasure chest!
15:49:52 [EMPTY] §f                                        
15:50:51 [GUILD_EXP] §aYou earned §r§2250 GEXP §r§a+ §r§e750 Event EXP §r§afrom playing SkyBlock!
15:51:32 [POWDER_MINING] §aYou uncovered a treasure chest!
15:54:06 [POWDER_MINING] §aYou uncovered a treasure chest!
15:54:22 [POWDER_MINING] §aYou uncovered a treasure chest!
15:55:48 [POWDER_MINING] §aYou uncovered a treasure chest!
15:55:54 [POWDER_MINING] §aYou uncovered a treasure chest!
15:55:56 [GUILD_EXP] §aYou earned §r§2750 GEXP §r§a+ §r§e2,250 Event EXP §r§afrom playing SkyBlock!
15:56:31 [POWDER_MINING] §aYou uncovered a treasure chest!
15:57:15 [POWDER_MINING] §aYou uncovered a treasure chest!
15:57:15 [POWDER_MINING] §aYou uncovered a treasure chest!
16:00:00 [POWDER_MINING] §aYou uncovered a treasure chest!
16:00:12 [EMPTY] §f
16:00:12 [WATCHDOG] §4[WATCHDOG ANNOUNCEMENT]
16:00:12 [WATCHDOG] §fWatchdog has banned §r§c§l16,697§r§f players in the last 7 days.
16:00:12 [WATCHDOG] §fStaff have banned an additional §r§c§l16,973§r§f in the last 7 days.
16:00:12 [WATCHDOG] §cBlacklisted modifications are a bannable offense!
16:00:12 [WATCHDOG] §c
16:01:01 [GUILD_EXP] §aYou earned §r§2750 GEXP §r§a+ §r§e2,250 Event EXP §r§afrom playing SkyBlock!
16:02:35 [POWDER_MINING] §aYou uncovered a treasure chest!
16:04:39 [POWDER_MINING] §aYou uncovered a treasure chest!
16:04:58 [POWDER_MINING] §aYou uncovered a treasure chest!
16:06:06 [GUILD_EXP] §aYou earned §r§2655 GEXP §r§a+ §r§e1,965 Event EXP §r§afrom playing SkyBlock!
16:08:10 [EMPTY] 
16:09:59 [EMPTY] §f                                        
16:11:10 [GUILD_EXP] §aYou earned §r§2490 GEXP §r§a+ §r§e1,470 Event EXP §r§afrom playing SkyBlock!
16:12:41 [POWDER_MINING] §aYou uncovered a treasure chest!
16:12:54 [POWDER_MINING] §aYou uncovered a treasure chest!
16:14:50 [POWDER_MINING] §aYou uncovered a treasure chest!
16:16:14 [GUILD_EXP] §aYou earned §r§2503 GEXP §r§a+ §r§e1,509 Event EXP §r§afrom playing SkyBlock!
16:18:12 [POWDER_MINING] §aYou uncovered a treasure chest!
16:19:31 [POWDER_MINING] §aYou uncovered a treasure chest!
16:21:18 [GUILD_EXP] §aYou earned §r§2750 GEXP §r§a+ §r§e2,250 Event EXP §r§afrom playing SkyBlock!
16:21:18 [EMPTY] 
16:21:18 [EMPTY] 
16:21:52 [POWDER_MINING] §aYou uncovered a treasure chest!
16:24:28 [POWDER_MINING] §aYou uncovered a treasure chest!
16:24:29 [POWDER_MINING] §aYou uncovered a treasure chest!
16:26:21 [GUILD_EXP] §aYou earned §r§2750 GEXP §r§a+ §r§e2,250 Event EXP §r§afrom playing SkyBlock!
16:26:39 [POWDER_MINING] §aYou uncovered a treasure chest!
16:28:12 [EMPTY] 
16:29:49 [EMPTY] §f                                        
16:30:27 [POWDER_MINING] §aYou uncovered a treasure chest!
16:30:56 [POWDER_MINING] §aYou uncovered a treasure chest!
16:31:14 [POWDER_MINING] §aYou uncovered a treasure chest!
16:31:25 [GUILD_EXP] §aYou earned §r§2658 GEXP §r§a+ §r§e1,974 Event EXP §r§afrom playing SkyBlock!
16:32:59 [POWDER_MINING] §aYou uncovered a treasure chest!
16:34:34 [POWDER_MINING] §aYou uncovered a treasure chest!
16:36:29 [GUILD_EXP] §aYou earned §r§2750 GEXP §r§a+ §r§e2,250 Event EXP §r§afrom playing SkyBlock!
16:36:30 [POWDER_MINING] §aYou uncovered a treasure chest!
16:36:34 [POWDER_MINING] §aYou uncovered a treasure chest!
16:37:14 [POWDER_MINING] §aYou uncovered a treasure chest!
16:37:15 [POWDER_MINING] §aYou uncovered a treasure chest!
16:37:51 [POWDER_MINING] §aYou uncovered a treasure chest!
16:41:32 [GUILD_EXP] §aYou earned §r§2453 GEXP §r§a+ §r§e1,359 Event EXP §r§afrom playing SkyBlock!
16:48:02 [EMPTY] 
16:49:51 [EMPTY] §f                                        
17:08:04 [EMPTY] 
17:09:54 [EMPTY] §f                                        
17:28:02 [EMPTY] 
17:29:50 [EMPTY] §f                                        
17:47:54 [EMPTY] 
17:49:55 [EMPTY] §f                                        
17:57:02 [WARPING] §7Sending to server mini94BP...
17:57:03 [EMPTY] §8 §r§8 §r§1 §r§3 §r§3 §r§7 §r§8 
17:57:06 [PROFILE_JOIN] §aYou are playing on profile: §eBanana§b (Co-op)
17:57:06 [PROFILE_JOIN] §8Profile ID: b1a71305-1956-42bf-90e4-bce6f7285754
18:00:13 [EMPTY] §f
18:00:13 [WATCHDOG] §4[WATCHDOG ANNOUNCEMENT]
18:00:13 [WATCHDOG] §fWatchdog has banned §r§c§l16,695§r§f players in the last 7 days.
18:00:13 [WATCHDOG] §fStaff have banned an additional §r§c§l17,047§r§f in the last 7 days.
18:00:13 [WATCHDOG] §cBlacklisted modifications are a bannable offense!
18:00:13 [WATCHDOG] §c
18:12:04 [EMPTY] §f §r§r§r§f §r§r§r§1 §r§r§r§0 §r§r§r§2 §r§r§r§f §r§r§r§f §r§r§r§2 §r§r§r§0 §r§r§r§4 §r§r§r§3 §r§r§r§9 §r§r§r§2 §r§r§r§0 §r§r§r§0 §r§r§r§3 §r§r§r§9 §r§r§r§2 §r§r§r§0 §r§r§r§0 §r§r§r§3 §r§r§r§9 §r§r§r§2 §r§r§r§0 §r§r§r§0 
18:12:04 [LOBBY] §b[MVP§f+§b] Sebbebas§f §6joined the lobby!
18:12:06 [LOBBY]   §r§f§l➤ §r§6You have reached your Hype limit! Add Hype to Prototype Lobby minigames by right-clicking with the Hype Diamond!
18:12:08 [LOBBY] §b[MVP§c+§b] Finnster95§f §6joined the lobby!
18:12:08 [LOBBY] §b[MVP§c+§b] SuperSlayer151§f §6joined the lobby!
18:12:26 [LOBBY] §b[MVP§d+§b] MrWealth§f §6joined the lobby!
18:12:27 [LOBBY] §b[MVP§c+§b] Axie69_§f §6joined the lobby!
18:12:32 [LOBBY] §b[MVP§c+§b] AhypixelPlayer§f §6joined the lobby!
18:12:37 [LOBBY] §b[MVP§4+§b] 7roger§f §6joined the lobby!
18:12:40 [LOBBY] §b[MVP§4+§b] kilua7000§f §6joined the lobby!
18:12:40 [LOBBY] §b[MVP§d+§b] BOSSDANIEL501§f §6joined the lobby!
18:12:46 [LOBBY] §b[MVP§d+§b] KaoriAsaka§f §6joined the lobby!
18:12:51 [LOBBY] §b[MVP§c+§b] Slayer0fPlayers_§f §6joined the lobby!
18:12:52 [LOBBY] §b[MVP§c+§b] got2beKD§f §6joined the lobby!
18:12:58 [LOBBY] §b[MVP§c+§b] Zeftabur§f §6joined the lobby!
18:13:01 [LOBBY] §b[MVP§d+§b] Cuide§f §6joined the lobby!
18:13:01 [LOBBY] §b[MVP§2+§b] Exxogenius§f §6joined the lobby!
18:13:03 [LOBBY] §b[MVP§d+§b] Leome124§f §6joined the lobby!
18:13:03 [LOBBY] §b[MVP§4+§b] messup§f §6joined the lobby!
18:13:08 [LOBBY] §b[MVP§6+§b] L4hna§f §6joined the lobby!
18:13:10 [LOBBY] §b[MVP§c+§b] El_Duck1232§f §6joined the lobby!
18:13:10 [LOBBY] §b[MVP§e+§b] Striker9799§f §6joined the lobby!
18:13:19 [LOBBY] §b[MVP§9+§b] 5orz§f §6joined the lobby!
18:13:19 [LOBBY]  §b>§c>§a>§r §r§6[MVP§d++§6] LXLE2057§f §6joined the lobby!§r §a<§c<§b<
18:13:19 [LOBBY] §b[MVP§2+§b] MrLilChase§f §6joined the lobby!
18:13:20 [LOBBY] §b[MVP§d+§b] Kristofe§f §6joined the lobby!
18:13:24 [LOBBY] §b[MVP§0+§b] hulien§f §6joined the lobby!
18:13:26 [LOBBY] §b[MVP§e+§b] POBO_TW§f §6joined the lobby!
18:13:29 [LOBBY] §b[MVP§6+§b] Penalizer46§f §6joined the lobby!
18:13:31 [LOBBY] §b[MVP§9+§b] mega_kaczka§f §6joined the lobby!
18:13:32 [LOBBY] §b[MVP§c+§b] z3nithium§f §6joined the lobby!
18:13:34 [LOBBY] §b[MVP§d+§b] LawyerMax§f §6joined the lobby!
18:13:39 [LOBBY] §b[MVP§c+§b] Spino_Heerah§f §6joined the lobby!
18:13:40 [LOBBY] §b[MVP§c+§b] SirBoros§f §6joined the lobby!
18:13:44 [LOBBY] §b[MVP§9+§b] Dzs1§f §6joined the lobby!
18:13:47 [LOBBY] §b[MVP§2+§b] ULT_Shark§f §6joined the lobby!
18:13:48 [LOBBY] §b[MVP§2+§b] filqcheto§f §6joined the lobby!
18:13:49 [LOBBY] §b[MVP§c+§b] 024DerpLore§f §6joined the lobby!
18:13:50 [LOBBY] §b[MVP§c+§b] Dosenzigarette§f §6joined the lobby!
18:13:56 [LOBBY] §b[MVP§c+§b] PoisonGalaxy§f §6joined the lobby!
18:13:57 [LOBBY] §b[MVP§8+§b] MarkIsCool§f §6joined the lobby!
18:13:57 [LOBBY] §b[MVP§2+§b] RMBA§f §6joined the lobby!
18:14:00 [LOBBY] §b[MVP§c+§b] DragonOderso§f §6joined the lobby!
18:14:01 [LOBBY] §b[MVP§d+§b] LordPharoh§f §6joined the lobby!
18:14:03 [LOBBY]  §b>§c>§a>§r §r§6[MVP§0++§6] xVapu§f §6joined the lobby!§r §a<§c<§b<
19:25:56 [EMPTY] §f §r§r§r§f §r§r§r§1 §r§r§r§0 §r§r§r§2 §r§r§r§f §r§r§r§f §r§r§r§2 §r§r§r§0 §r§r§r§4 §r§r§r§3 §r§r§r§9 §r§r§r§2 §r§r§r§0 §r§r§r§0 §r§r§r§3 §r§r§r§9 §r§r§r§2 §r§r§r§0 §r§r§r§0 §r§r§r§3 §r§r§r§9 §r§r§r§2 §r§r§r§0 §r§r§r§0 
19:25:56 [LOBBY] §b[MVP§f+§b] Sebbebas§f §6joined the lobby!
