13:59:01 §f §r§r§r§f §r§r§r§1 §r§r§r§0 §r§r§r§2 §r§r§r§f §r§r§r§f §r§r§r§2 §r§r§r§0 §r§r§r§4 §r§r§r§3 §r§r§r§9 §r§r§r§2 §r§r§r§0 §r§r§r§0 §r§r§r§3 §r§r§r§9 §r§r§r§2 §r§r§r§0 §r§r§r§0 §r§r§r§3 §r§r§r§9 §r§r§r§2 §r§r§r§0 §r§r§r§0 
13:59:09 §8 §r§8 §r§1 §r§3 §r§3 §r§7 §r§8 
13:59:11 
13:59:11 
14:00:23 §f
14:05:01 
14:09:44 §f                                        
14:09:44 §f                                        
14:15:06 §8 §r§8 §r§1 §r§3 §r§3 §r§7 §r§8 
14:15:23 
14:15:32 
14:15:44 
14:15:57 
14:16:28 
14:16:28 
14:16:29 
14:16:30 
14:16:30 
14:16:31 
14:16:32 
14:16:33 
14:16:33 
14:16:34 
14:16:36 
14:16:36 
14:16:37 
14:16:54 
14:16:54 
14:17:00 
14:17:01 
14:17:01 
14:17:06 
14:17:06 
14:17:14 
14:17:53 
14:17:56 
14:17:58 
14:18:05 
14:18:11 
14:18:27 
14:18:40 
14:18:43 
14:18:47 
14:19:06 
14:19:10 
14:19:14 
14:19:20 
14:19:21 
14:19:25 
14:19:36 
14:19:39 
14:19:42 
14:19:51 
14:20:35 
14:20:58 
14:21:04 
14:21:08 
14:21:08 
14:21:13 
14:21:14 
14:21:20 
14:21:21 
14:22:01 
14:22:09 
14:22:13 
14:22:33 
14:22:34 
14:22:39 
14:22:40 
14:22:50 
14:22:50 
14:22:56 
14:22:59 
14:22:59 
14:23:11 
14:23:11 
14:23:11 
14:23:12 
14:23:21 
14:23:25 
14:23:26 
14:23:30 
14:23:30 
14:23:32 
14:23:35 
14:24:44 
14:24:45 
14:24:45 
14:24:54 
14:24:58 
14:25:19 
14:25:25 
14:25:32 
14:25:34 
14:25:39 
14:25:47 
14:25:53 
14:26:03 
14:26:07  
14:26:07   
14:26:18  
14:26:18   
14:26:28 
14:26:33 
14:26:36 
14:26:44 
14:26:47 
14:26:53 
14:27:06 
14:27:19  
14:27:19   
14:27:24 
14:28:19  
14:28:19   
14:28:26 
14:28:34 
14:28:40 
14:28:42 
14:28:55 
14:28:57 
14:29:11 
14:29:12 
14:29:15 
14:29:20  
14:29:20   
14:30:21  
14:30:21   
14:31:21  
14:31:21   
14:32:22  
14:32:22   
14:33:22  
14:33:22   
14:34:03 §f                                        
14:34:10 
14:35:04 
14:35:39 
14:49:49 
14:50:18 
14:50:18 
14:50:39 
14:50:51 
14:50:55 
14:51:08 
14:51:09 
14:51:29 
14:51:34 
14:52:00 
14:52:02 
14:52:09 
14:52:18 
14:52:20 
14:52:55 
14:53:12 
14:53:21 
14:53:21 
14:54:08 §f                                        
14:54:26 
14:54:27 
14:54:30 
14:54:34 
14:54:35 
14:54:44 
14:54:49 
14:54:49 
14:55:06 
14:55:06 
14:55:07 
14:55:07 
14:55:11 
14:55:11 
14:55:17 
14:55:32 
14:55:37 
14:55:47 
14:55:48 
14:55:48 
14:55:59 
14:55:59 
14:56:11 
14:56:18 
14:56:24 
14:56:29 
14:56:55 
14:56:55 
14:57:04 
14:57:30 
14:57:44 
14:57:51 
14:58:12 
14:58:19 
14:58:37 
14:58:43 
14:58:45 
14:58:49 
14:58:50 
14:58:50 
14:58:58 
14:59:01 
14:59:34 
14:59:51 
14:59:57 
15:00:05 
15:00:07 
15:00:17 
15:00:33 
15:00:38 
15:00:38 
15:00:52 
15:00:59 
15:01:06 
15:01:11 
15:01:12 
15:01:19 
15:01:20 
15:01:30 
15:01:38 
15:01:47 
15:02:13 
15:02:16 
15:02:31 
15:02:35 
15:02:42 
15:02:51 
15:02:59 
15:03:35 
15:03:38 
15:03:39 
15:03:58 
15:04:11 
15:04:16 
15:04:18 
15:04:26 
15:04:35 
15:04:36 
15:04:45 
15:04:56 
15:05:18 
15:05:40 
15:05:41 
15:05:45 
15:05:58 
15:06:18 
15:06:43 
15:06:45 
15:06:50 
15:06:59 
15:07:14 
15:07:43 
15:08:00 
15:08:35 
15:08:46 
15:08:52 
15:09:10 
15:09:10 
15:09:11 
15:09:12 
15:09:13 
15:09:13 
15:09:14 
15:09:14 
15:09:18 
15:10:04 
15:10:07 
15:10:10 
15:10:11 
15:10:11 
15:10:16 
15:10:25 
15:10:25 
15:10:27 
15:10:35 
15:10:35 
15:10:39 
15:10:40 
15:10:45 
15:11:10 
15:11:16 
15:14:10 §f                                        
15:15:42 
15:15:42 
15:15:58 
15:16:01 
15:20:02 
15:20:02 
15:20:09 
15:20:11 
15:20:28 
15:20:31 
15:20:42 
15:20:42 
15:20:43 
15:20:47 
15:20:57 
15:21:05 
15:21:31 
15:21:34 
15:21:48 
15:21:48 
15:21:52 
15:22:01 
15:22:23 
15:22:29 
15:22:40 
15:22:43 
15:22:45 
15:22:55 
15:23:03 
15:23:11 
15:23:15 
15:25:43 
15:26:01 
15:26:13 
15:26:25 
15:26:33 
15:26:40 
15:26:54 
15:27:01 
15:27:02 
15:27:10 
15:27:10 
15:27:24 
15:27:39 
15:27:46 
15:27:53 
15:28:00 
15:28:00 
15:28:03 
15:28:10 
15:28:24 
15:28:28 
15:28:34 
15:28:46 
15:28:57 
15:29:47 
15:32:17 
15:34:05 §f                                        
15:35:54 
15:35:54 
15:35:59 
15:36:03 
15:36:07 
15:36:09 
15:36:14 
15:36:24 §8 §r§8 §r§1 §r§3 §r§3 §r§7 §r§8 
15:38:47  
15:38:47   
15:38:53  
15:38:53   
15:41:26 §8 §r§8 §r§1 §r§3 §r§3 §r§7 §r§8 
15:43:43 
15:43:43 
15:43:43 
15:57:37 
15:57:37 
15:57:37 
15:57:51 
15:57:51 
16:00:24 §f
16:07:15 §8 §r§8 §r§1 §r§3 §r§3 §r§7 §r§8 
16:07:45 
16:07:52 
16:09:07 
16:09:16 
16:12:55 
16:14:44 §f                                        
16:16:17 
16:16:20 
16:16:58 
16:21:16 
16:21:16 
16:21:22 
16:21:48 
16:21:57 
16:22:02 
16:22:02 
16:23:07 
16:23:32 
16:23:39 
16:23:45 
16:24:27 
16:24:29 
16:24:52 
16:24:57 
16:25:11 
16:25:17 
16:25:19 
16:25:32 
16:25:58 
16:25:59 
16:26:18 
16:27:11 
16:27:24 
16:27:25 
16:27:45 
16:27:46 
16:27:47 
16:28:42 
16:28:54 
16:28:58 
16:29:02 
16:29:14 
16:29:22 
16:29:48 
16:29:49 
16:29:53 
16:34:44 §f                                        
16:52:56 
16:54:46 §f                                        
17:12:57 
17:14:46 §f                                        
17:30:19 
17:30:30 
17:30:36 
17:30:39 
17:31:04 
17:31:04 
17:31:15 
17:31:16 
17:31:34 
17:31:40 
17:31:46 
17:31:51 
17:32:00 
17:32:28 
17:32:29 
17:32:31 
17:32:38 
17:32:54 
17:32:56 
17:33:23 
17:33:37 
17:34:44 §f                                        
17:34:52 
17:35:21 
17:36:11 
17:36:33 
17:37:02 
17:37:11 
17:37:11 
17:37:25 
17:37:37 
17:37:43 
17:37:57 
17:38:28 
17:38:29 
17:38:32 
17:38:47 
17:39:10 
17:39:17 
17:39:18 
17:39:27 
17:39:30 
17:39:45 
17:39:49 
17:39:54 
17:40:07 
17:40:19 
17:40:20 
17:40:22 
17:40:42 
17:40:47 
17:40:50 
17:40:56 
17:40:56 
17:41:06 
17:41:37 
17:42:04 
17:42:08 
17:42:22 
17:42:27 
17:42:34 
17:42:39 
17:42:43 
17:43:39 
17:43:42 
17:44:26 
17:44:29 
17:45:05 
17:45:10 
17:45:17 
17:45:17 
17:45:20 
17:45:21 
17:45:37 
17:45:42 
17:45:52 
17:46:03 
17:46:46 
17:46:47 
17:46:57 
17:47:20 
17:47:44 
17:47:54 
17:48:05 
17:48:06 
17:48:41 
17:48:53 
17:49:20 
17:49:22 
17:49:48 
17:49:50 
17:49:52 
17:50:00 
17:54:21 
17:54:32 
17:54:43 §f                                        
17:55:43 
17:55:43 
17:55:49 
17:56:00 
17:56:03 
17:56:58 
17:57:06 
17:57:06 
17:57:15 
17:57:15 
17:57:35 
17:57:55 
17:58:00 
17:58:06 
17:58:12 
17:58:24 
