17:51:39 [EMPTY] §f §r§r§r§f §r§r§r§1 §r§r§r§0 §r§r§r§2 §r§r§r§f §r§r§r§f §r§r§r§2 §r§r§r§0 §r§r§r§4 §r§r§r§3 §r§r§r§9 §r§r§r§2 §r§r§r§0 §r§r§r§0 §r§r§r§3 §r§r§r§9 §r§r§r§2 §r§r§r§0 §r§r§r§0 §r§r§r§3 §r§r§r§9 §r§r§r§2 §r§r§r§0 §r§r§r§0 
17:51:39 [LOBBY] §b[MVP§9+§b] Sebbebas§f §6joined the lobby!
17:51:41 [allowed] §cYou are sending commands too fast! Please slow down.
17:51:43 [LOBBY] §b[MVP§2+§b] TheChosenOne360§f §6joined the lobby!
17:51:46 [WARPING] §7Sending to server mini152BQ...
17:51:47 [EMPTY] §8 §r§8 §r§1 §r§3 §r§3 §r§7 §r§8 
17:51:47 [allowed] §eYou haven't claimed your §r§6Summer Rewards §r§eyet!
17:51:47 [allowed] §eTalk to the §r§bSummer Sloth §r§ein the §r§aHub!
17:51:47 [allowed] §aSince you've been away you earned §r§678,000 coins §r§aas interest in your personal bank account!
17:51:47 [allowed] §b-----------------------------------------------------
17:51:47 [allowed] §aYou have just received §r§6390,000 coins §r§aas interest in your co-op bank account!
17:51:47 [allowed] §b-----------------------------------------------------
17:51:49 [EMPTY] 
17:51:49 [WELCOME] §eWelcome to §r§aHypixel SkyBlock§r§e!
17:51:49 [allowed] §6§lBONUS! §r§bTemporarily earn §r§a5% §r§bmore skill experience!
17:51:49 [EMPTY] 
17:51:49 [allowed] §eLatest update: §bSkyBlock v0.20.5 §e§lCLICK
17:51:50 [PROFILE_JOIN] §aYou are playing on profile: §eBanana§b (Co-op)
17:51:50 [PROFILE_JOIN] §8Profile ID: b1a71305-1956-42bf-90e4-bce6f7285754
17:51:51 [allowed] §6§lALLOWANCE! §r§eYou earned §r§650,000 coins§r§e!
17:51:51 [allowed] §bNew day! §r§eYour §r§2Sky Mall §r§ebuff changed!
17:51:51 [allowed] §eNew buff§r§r§r: §r§fReduce Pickaxe Ability cooldown by §r§a20%§r§f.
17:51:54 [WARPING] §7Warping...
17:51:56 [allowed] §cThere are blocks in the way!
17:51:58 [allowed] §d§lHOPPITY'S HUNT §r§dYou found a §r§aChocolate Dinner Egg §r§dnear lava in §r§bThe Forge§r§d!
17:52:03 [allowed] §D§LHOPPITY'S HUNT §7You found §fMarlow §7(§F§LCOMMON§7)!
17:52:03 [allowed] §d§lNEW RABBIT! §6+1 Chocolate §7and §6+0.002x Chocolate §7per second!
17:52:08 [WARPING] §7Warping...
17:52:13 [allowed] §aEnabled Daily Powder
17:52:15 [allowed] §cThere are blocks in the way!
17:52:17 [allowed] §9᠅ §r§fYou've earned §r§b5,509 Glacite Powder §r§ffrom mining your first Glacite of the day!
17:52:22 [allowed] §9᠅ §r§fYou've earned §r§d7,095 Gemstone Powder §r§ffrom mining your first Gemstone of the day!
17:52:30 [allowed] §aYou summoned your §r§6Mithril Golem§r§a!
17:52:31 [allowed] §9᠅ §r§fYou've earned §r§25,509 Mithril Powder §r§ffrom mining your first Mithril Ore of the day!
17:52:32 [allowed] §d§lHOPPITY'S HUNT §r§dA §r§aChocolate Dinner Egg §r§dhas appeared!
17:52:47 [allowed] §a§r§6Mining Speed Boost §r§ais now available!
17:53:51 [WARPING] §7Warping...
17:54:04 [WARPING] §7Warping...
17:54:04 [WARPING] §7Sending to server mini193D...
17:54:05 [EMPTY] §8 §r§8 §r§1 §r§3 §r§3 §r§7 §r§8 
17:54:05 [allowed] §eYou haven't claimed your §r§6Summer Rewards §r§eyet!
17:54:05 [allowed] §eTalk to the §r§bSummer Sloth §r§ein the §r§aHub!
17:54:07 [allowed] §cYou are sending commands too fast! Please slow down.
17:54:08 [PROFILE_JOIN] §aYou are playing on profile: §eBanana§b (Co-op)
17:54:08 [PROFILE_JOIN] §8Profile ID: b1a71305-1956-42bf-90e4-bce6f7285754
17:54:13 [allowed] §8Withdrawing coins...
17:54:13 [allowed] §aWithdrew §r§685M coins§r§a! There's now §r§6340M coins §r§aleft in the account!
17:54:55 [allowed] §6[Bazaar] §r§7Executing instant buy...
17:54:55 [allowed] §6[Bazaar] §r§7Bought §r§a20§r§7x §r§5Refined Mithril §r§7for §r§612,799,986 coins§r§7!
17:54:59 [allowed] §6[Bazaar] §r§7Putting goods in escrow...
17:54:59 [allowed] §6[Bazaar] §r§7Submitting sell offer...
17:54:59 [allowed] §6[Bazaar] §r§7§r§eSell Offer Setup! §r§a4§r§7x §r§6Refined Titanium §r§7for §r§62,813,627 coins§r§7.
17:55:03 [SKYMALL] §bNew day! §r§eYour §r§2Sky Mall §r§ebuff changed!
17:55:03 [SKYMALL] §eNew buff§r§r§r: §r§fGain §r§a+100 §r§6⸕ Mining Speed§r§f.
17:55:03 [SKYMALL] §8§oYou can disable this messaging by toggling Sky Mall in your /hotm!
17:55:06 [allowed] §a§r§6Mining Speed Boost §r§ais now available!
17:55:07 [allowed] §6[Bazaar] §r§7Executing instant buy...
17:55:07 [allowed] §6[Bazaar] §r§7Bought §r§a1§r§7x §r§9Plasma §r§7for §r§620,630 coins§r§7!
17:55:15 [allowed] §6[Bazaar] §r§7Executing instant buy...
17:55:15 [allowed] §6[Bazaar] §r§7Bought §r§a64§r§7x §r§5Enchanted Titanium §r§7for §r§61,260,749 coins§r§7!
17:55:18 [allowed] §6[Bazaar] §eYour §6Sell Offer §efor §a4§7x §6Refined Titanium §ewas filled!
17:55:23 [allowed] §6[Bazaar] §r§7Executing instant buy...
17:55:23 [allowed] §6[Bazaar] §r§7Bought §r§a1§r§7x §r§6Booster Cookie §r§7for §r§612,998,885 coins§r§7!
17:55:32 [allowed] §8Depositing coins...
17:55:32 [allowed] §aDeposited §r§661M coins§r§a! There's now §r§6402M coins §r§ain the account!
17:55:46 [WARPING] §7Warping...
17:55:46 [WARPING] §7Sending to server mini87CS...
17:55:47 [EMPTY] §8 §r§8 §r§1 §r§3 §r§3 §r§7 §r§8 
17:55:47 [allowed] §eYou haven't claimed your §r§6Summer Rewards §r§eyet!
17:55:47 [allowed] §eTalk to the §r§bSummer Sloth §r§ein the §r§aHub!
17:55:48 [allowed] §cYou are sending commands too fast! Please slow down.
17:55:50 [PROFILE_JOIN] §aYou are playing on profile: §eBanana§b (Co-op)
17:55:50 [PROFILE_JOIN] §8Profile ID: b1a71305-1956-42bf-90e4-bce6f7285754
17:56:30 [allowed] §cThere are blocks in the way!
17:56:36 [allowed] §c§r§eYou need the §r§dCookie Buff §r§eto use this feature!
17:56:36 [allowed] §eObtain a §r§6Booster Cookie §r§efrom the community shop in the hub!
17:56:39 [WARPING] §7Warping you to your SkyBlock island...
17:56:39 [WARPING] §7Sending to server mini189AA...
17:56:41 [EMPTY] §8 §r§8 §r§1 §r§3 §r§3 §r§7 §r§8 
17:56:41 [allowed] §eYou haven't claimed your §r§6Summer Rewards §r§eyet!
17:56:41 [allowed] §eTalk to the §r§bSummer Sloth §r§ein the §r§aHub!
17:56:43 [PROFILE_JOIN] §aYou are playing on profile: §eBanana§b (Co-op)
17:56:43 [PROFILE_JOIN] §8Profile ID: b1a71305-1956-42bf-90e4-bce6f7285754
17:57:07 [WARPING] §7Sending to server mega29D...
17:57:09 [EMPTY] §8 §r§8 §r§1 §r§3 §r§3 §r§7 §r§8 
17:57:09 [allowed] §eYou haven't claimed your §r§6Summer Rewards §r§eyet!
17:57:09 [allowed] §eTalk to the §r§bSummer Sloth §r§ein the §r§aHub!
17:57:10 [allowed] §cYou are sending commands too fast! Please slow down.
17:57:13 [PROFILE_JOIN] §aYou are playing on profile: §eBanana§b (Co-op)
17:57:13 [PROFILE_JOIN] §8Profile ID: b1a71305-1956-42bf-90e4-bce6f7285754
17:57:19 [allowed] §8[§r§f70§r§8] §r§b[MVP§f+§b] Mursuinfo§f§r§f: mitä
17:57:24 [allowed] §cThere are blocks in the way!
17:57:28 [allowed] §8[§r§f74§r§8] §r§b[MVP§c+§b] TheBlondHaYn_§f§r§f: check out my ah for cheap sa leggings, ending soon
17:57:46 [allowed] §8[§r§78§r§8] §r§a[VIP] NoahSubway§f§r§f: would anyone want to give me 400k? if so im at map thanks
17:57:48 [allowed] §8[§r§e100§r§8] §r§b[MVP§a+§b] Jrmr4gs_007§f§r§f: Does anyone sell the t11 slime minion?.........
17:58:06 [allowed] §8[§r§b235§r§8] §r§6ჶ §r§a[VIP] L_sad§f§r§f: Lowballing 600m purse 60m+ items
17:58:07 [allowed] §8[§r§3254§r§8] §r§6§lӃ §r§b[MVP§3+§b] Potatoismycutie§f§r§f: LOWBALLING Dungeon equipment 400m purse /visit Potatoismycutie
17:58:12 [allowed] §8[§r§73§r§8] §r§6[MVP§2++§6] mvp__§f§r§f: Y
17:58:12 [allowed] §cThere are blocks in the way!
17:58:13 [allowed] §8[§r§5362§r§8] §r§7⸙ §r§b[MVP§d+§b] MoistBage1§f§r§f: lowballing 10b
17:58:14 [allowed] §cThere are blocks in the way!
17:58:15 [allowed] §8[§r§73§r§8] §r§6[MVP§2++§6] mvp__§f§r§f: ty !!
17:58:17 [allowed] §a§r§6Mining Speed Boost §r§ais now available!
17:58:22 [allowed] §8[§r§3254§r§8] §r§6§lӃ §r§b[MVP§3+§b] Potatoismycutie§f§r§f: LOWBALLING 400m purse /visit Me!
17:58:26 [allowed] §8[§r§f77§r§8] §r§b[MVP] monkey_loops§f§r§f: can someone carry me to e man 5
17:58:28 [allowed] §8[§r§78§r§8] §r§a[VIP] NoahSubway§f§r§f: could anyone give me 400k please? im at map if so
17:58:32 [allowed] §8[§r§a150§r§8] §r§7☠ §r§a[VIP] Oreodg§f§r§f: giving away 20m in a parkour challenge!!! party me and i will party you back!!!!!!!!!!!!!!!!!!!!!!!!!!!!!!!!!!!!!!!!!!!!!!!!!!!!!!!!!!!!!!!!!!!!
17:58:34 [allowed] §8[§r§f70§r§8] §r§a[VIP] carti456§f§r§f: can someone pls give me coins i got hacked===================
17:58:35 [allowed] §8[§r§f58§r§8] §r§a[VIP§6+§a] VMT66§f§r§f: I buy cow minion all tier /p me
17:58:39 [allowed] §8[§r§f70§r§8] §r§a[VIP] carti456§f§r§f: im at map
17:58:40 [allowed] §cThere are blocks in the way!
17:58:42 [allowed] §8[§r§722§r§8] §r§a[VIP] sunbuilder2020§f§r§f: visit my ah for 200k flip berberis!!!!!!!!
17:58:44 [allowed] §8[§r§f71§r§8] §r§a[VIP] MC_G4M3R§f§r§f: V
17:58:47 [allowed] §8[§r§3254§r§8] §r§6§lӃ §r§b[MVP§3+§b] Potatoismycutie§f§r§f: LOWBALLING 400m purse /visit potatoismycutie!
17:58:48 [allowed] §8[§r§f71§r§8] §r§a[VIP] MC_G4M3R§f§r§f: Lowballing 2.1b purse 100m+ /visit me
17:58:48 [allowed] §8[§r§f70§r§8] §r§a[VIP] carti456§f§r§f: can someone pls give me coins i got hacked------------------
17:58:54 [WARPING] §7Warping...
17:58:54 [WARPING] §7Sending to server mini31BQ...
17:58:55 [EMPTY] §8 §r§8 §r§1 §r§3 §r§3 §r§7 §r§8 
17:58:55 [allowed] §eYou haven't claimed your §r§6Summer Rewards §r§eyet!
17:58:55 [allowed] §eTalk to the §r§bSummer Sloth §r§ein the §r§aHub!
17:58:57 [allowed] §cYou are sending commands too fast! Please slow down.
17:58:58 [PROFILE_JOIN] §aYou are playing on profile: §eBanana§b (Co-op)
17:58:58 [PROFILE_JOIN] §8Profile ID: b1a71305-1956-42bf-90e4-bce6f7285754
17:59:07 [WARPING] §7Finding player...
17:59:08 [WARPING] §7Sending a visit request...
17:59:08 [WARPING] §7Sending to server mini150DG...
17:59:09 [EMPTY] §8 §r§8 §r§1 §r§3 §r§3 §r§7 §r§8 
17:59:09 [allowed] §eYou haven't claimed your §r§6Summer Rewards §r§eyet!
17:59:09 [allowed] §eTalk to the §r§bSummer Sloth §r§ein the §r§aHub!
17:59:10 [allowed] §f§m-----------------------------------------------------
§r§cYou should NEVER enter your Microsoft account details anywhere but on official Microsoft services!

§r§cExternal links from untrusted sources should be avoided.
§r§f§m-----------------------------------------------------
17:59:11 [allowed] §cYou are sending commands too fast! Please slow down.
17:59:12 [PROFILE_JOIN] §aYou are playing on profile: §eBanana§b (Co-op)
17:59:12 [PROFILE_JOIN] §8Profile ID: b1a71305-1956-42bf-90e4-bce6f7285754
17:59:12 [allowed] §d§lYum! §r§eYou gain §r§a+3❈ Defense §r§efor §r§a48 §r§ehours!
17:59:13 [allowed] §d§lYum! §r§eYou gain §r§b+5✎ Intelligence §r§efor §r§a48 §r§ehours!
17:59:14 [allowed] §d§lYum! §r§eYou gain §r§c+10❤ Health §r§efor §r§a48 §r§ehours!
17:59:14 [allowed] §d§lYum! §r§eYou gain §r§d+1♣ Pet Luck §r§efor §r§a48 §r§ehours!
17:59:15 [allowed] §d§lYum! §r§eYou gain §r§3+1α Sea Creature Chance §r§efor §r§a48 §r§ehours!
17:59:16 [allowed] §d§lYum! §r§eYou gain §r§6+5☘ Mining Fortune §r§efor §r§a48 §r§ehours!
17:59:17 [allowed] §d§lYum! §r§eYou gain §r§4+1♨ Vitality §r§efor §r§a48 §r§ehours!
17:59:17 [allowed] §d§lYum! §r§eYou gain §r§6+5☘ Farming Fortune §r§efor §r§a48 §r§ehours!
17:59:19 [allowed] §d§lYum! §r§eYou gain §r§b+1✯ Magic Find §r§efor §r§a48 §r§ehours!
17:59:19 [allowed] §d§lYum! §r§eYou gain §r§f+1❂ True Defense §r§efor §r§a48 §r§ehours!
17:59:20 [allowed] §d§lYum! §r§eYou gain §r§6+5☘ Foraging Fortune §r§efor §r§a48 §r§ehours!
17:59:21 [allowed] §d§lYum! §r§eYou gain §r§c+2⫽ Ferocity §r§efor §r§a48 §r§ehours!
17:59:21 [allowed] §d§lYum! §r§eYou gain §r§c+2❁ Strength §r§efor §r§a48 §r§ehours!
17:59:22 [allowed] §d§lYum! §r§eYou gain §r§f+10✦ Speed §r§efor §r§a48 §r§ehours!
17:59:30 [allowed] §cThis ability is disabled while guesting!
17:59:36 [WARPING] §7Warping...
17:59:36 [WARPING] §7Sending to server mini154CB...
17:59:37 [EMPTY] §8 §r§8 §r§1 §r§3 §r§3 §r§7 §r§8 
17:59:37 [allowed] §eYou haven't claimed your §r§6Summer Rewards §r§eyet!
17:59:37 [allowed] §eTalk to the §r§bSummer Sloth §r§ein the §r§aHub!
17:59:38 [allowed] §cYou may only use this command after 4s on the server!
17:59:38 [allowed] §cYou are sending commands too fast! Please slow down.
17:59:39 [allowed] §cYou may only use this command after 4s on the server!
17:59:40 [PROFILE_JOIN] §aYou are playing on profile: §eBanana§b (Co-op)
17:59:40 [PROFILE_JOIN] §8Profile ID: b1a71305-1956-42bf-90e4-bce6f7285754
18:00:24 [EMPTY] §f
18:00:24 [WATCHDOG] §4[WATCHDOG ANNOUNCEMENT]
18:00:24 [WATCHDOG] §fWatchdog has banned §r§c§l18,471§r§f players in the last 7 days.
18:00:24 [WATCHDOG] §fStaff have banned an additional §r§c§l16,081§r§f in the last 7 days.
18:00:24 [WATCHDOG] §cBlacklisted modifications are a bannable offense!
18:00:24 [WATCHDOG] §c
18:00:30 [allowed] §8[§r§b222§r§8] §r§b§lᛝ §r§b[MVP§d+§b] WolfPine§f§r§f: x: -486, y: 93, z: -723
18:00:38 [allowed] §a§r§6Mining Speed Boost §r§ais now available!
18:00:52 [allowed] §d§lHOPPITY'S HUNT §r§dA §r§6Chocolate Breakfast Egg §r§dhas appeared!
18:01:00 [allowed] §8[§r§b204§r§8] §r§6ᛃ §r§a[VIP] Speedwayyyy§f§r§f: DUDE
18:01:16 [allowed] §cThere are blocks in the way!
18:01:17 [allowed] §cThere are blocks in the way!
18:01:27 [allowed] §cThere are blocks in the way!
18:01:37 [allowed] §cThere are blocks in the way!
18:01:44 [allowed] §cThere are blocks in the way!
18:01:44 [allowed] §cThere are blocks in the way!
18:01:44 [allowed] §cThere are blocks in the way!
18:01:52 [allowed] §8[§r§b222§r§8] §r§b§lᛝ §r§b[MVP§d+§b] WolfPine§f§r§f: vanq burning
18:03:04 [allowed] §cThere are blocks in the way!
18:03:09 [allowed] §cThere are blocks in the way!
18:03:12 [allowed] §cAbilities are disabled in this area!
18:03:34 [GUILD_EXP] §aYou earned §r§2336 GEXP §r§a+ §r§e1,008 Event EXP §r§afrom playing SkyBlock!
18:03:37 [allowed] §cFind a way to reach the top of the stomach!
18:03:44 [allowed] §c ☠ §r§7§r§bClaspoke§r§7 was digested by §r§6§lThe Matriarch§r§7§r§7.
18:04:00 [allowed] §aYou summoned your §r§6Scatha§r§a!
18:04:14 [allowed] §cAbilities are disabled in this area!
18:04:14 [allowed] §cAbilities are disabled in this area!
18:04:22 [allowed] §c ☠ §r§7§r§aGurke52618§r§7 was killed by Fire Mage§r§7§r§7.
