14:40:18 §7Sending to server mini74AG...
14:40:33 §7Warping...
14:41:00 §7Warping...
14:41:00 §7Sending to server mini34BC...
14:43:26 §7Warping...
14:43:26 §7Sending to server mini61P...
15:40:07 §7Warping...
15:45:12 §7Warping...
15:55:43 §7Warping...
16:25:02 §7Warping...
17:37:47 §7Sending to server mini145K...
17:39:05 §7Warping...
17:39:05 §7Sending to server mini191CH...
21:51:37 §7Sending to server mini70CB...
21:54:09 §7Warping...
21:54:09 §7Sending to server mini155BP...
22:01:49 §7Warping...
22:01:49 §7Sending to server mini99G...
22:03:29 §7Warping...
22:03:29 §7Sending to server mini208M...
23:47:13 §7Warping...
23:48:48 §7Warping you to your SkyBlock island...
23:48:48 §7Sending to server mini28CK...
23:50:49 §7Warping...
23:50:50 §7Sending to server mini1026K...
00:00:12 §7Warping...
00:00:12 §7Sending to server mini90Q...
00:00:51 §7Warping...
00:00:51 §7Sending to server mini72CQ...
