17:12:39 DWARVEN_MINES
17:15:18 NONE
17:15:19 DUNGEON_HUB
17:18:55 NONE
17:18:56 CATACOMBS
17:29:36 NONE
17:29:37 DUNGEON_HUB
17:30:12 NONE
17:30:14 CATACOMBS
17:40:06 NONE
17:40:06 DUNGEON_HUB
17:42:58 NONE
17:42:59 CATACOMBS
17:50:50 NONE
17:50:53 DUNGEON_HUB
17:51:54 NONE
17:51:56 CATACOMBS
18:01:17 NONE
18:01:18 DUNGEON_HUB
18:01:40 NONE
18:01:42 CATACOMBS
18:10:30 NONE
18:10:30 DUNGEON_HUB
18:10:58 NONE
18:11:00 CATACOMBS
18:11:13 NONE
18:11:14 DUNGEON_HUB
18:13:28 NONE
18:13:28 PRIVATE_ISLAND_GUEST
18:14:13 NONE
18:14:13 CRIMSON_ISLE
18:15:47 NONE
18:15:47 CRYSTAL_HOLLOWS
18:15:51 NONE
18:15:51 CRIMSON_ISLE
18:18:24 NONE
18:18:24 DUNGEON_HUB
18:21:23 NONE
18:21:26 CATACOMBS
18:30:17 NONE
18:30:17 DUNGEON_HUB
18:32:32 NONE
18:32:32 CATACOMBS
18:44:53 NONE
18:44:54 DUNGEON_HUB
19:08:27 NONE
19:08:28 CATACOMBS
19:17:26 NONE
19:17:27 DUNGEON_HUB
19:17:52 NONE
19:17:52 CATACOMBS
19:27:38 NONE
19:27:38 DUNGEON_HUB
19:31:11 NONE
19:31:11 CATACOMBS
19:40:48 NONE
19:40:48 DUNGEON_HUB
19:41:19 NONE
19:42:24 DUNGEON_HUB
19:43:16 NONE
19:43:18 CATACOMBS
19:53:30 NONE
19:53:30 DUNGEON_HUB
19:55:50 NONE
19:55:52 CATACOMBS
20:05:09 NONE
20:05:09 DUNGEON_HUB
20:07:16 NONE
20:07:18 CATACOMBS
20:18:39 NONE
20:18:40 DUNGEON_HUB
20:19:47 NONE
20:19:48 PRIVATE_ISLAND
20:21:03 NONE
20:21:03 DUNGEON_HUB
20:21:32 NONE
20:21:33 CATACOMBS
20:32:33 NONE
20:32:34 DUNGEON_HUB
