19:24:27 [allowed] §eYou haven't claimed your §r§6Holidays Rewards §r§eyet!
19:24:27 [allowed] §eTalk to the §r§cGingerbread §r§fMan §r§ein the §r§aHub§r§e!
19:24:29 [allowed] §6§lBONUS! §r§bTemporarily earn §r§a5% §r§bmore skill experience!
19:24:29 [allowed] §eLatest update: §bSkyBlock v0.21 §e§lCLICK
19:24:31 [allowed] §6§lALLOWANCE! §r§eYou earned §r§650,000 coins§r§e!
19:24:32 [allowed] §6You have §e1 §6unclaimed delivery!
§eClick here or talk to Jerry to claim them!
19:25:37 [allowed] §eYou haven't claimed your §r§6Holidays Rewards §r§eyet!
19:25:37 [allowed] §eTalk to the §r§cGingerbread §r§fMan §r§ein the §r§aHub§r§e!
19:26:01 [allowed] §6[Bazaar] §r§7Putting goods in escrow...
19:26:01 [allowed] §6[Bazaar] §r§7Submitting sell offer...
19:26:01 [allowed] §6[Bazaar] §r§7§r§eSell Offer Setup! §r§a3§r§7x §r§6❤ Perfect Ruby Gemstone §r§7for §r§636,982,766 coins§r§7.
19:26:14 [allowed] §6[Bazaar] §r§7Cancelling order...
19:26:14 [allowed] §6[Bazaar] §r§7§r§cCancelled! §r§7Refunded §r§a3§r§7x §r§6❤ Perfect Ruby Gemstone §r§7from cancelling Sell Offer!
19:26:29 [allowed] §cThat item cannot be sold!
19:26:42 [allowed] §d§lHOPPITY'S HUNT §r§dA §r§9Chocolate Déjeuner Egg §r§dhas appeared!
19:26:43 [allowed] §6[Bazaar] §r§7Putting goods in escrow...
19:26:43 [allowed] §6[Bazaar] §r§7Submitting sell offer...
19:26:43 [allowed] §6[Bazaar] §r§7§r§eSell Offer Setup! §r§a3§r§7x §r§6❤ Perfect Ruby Gemstone §r§7for §r§636,982,766 coins§r§7.
19:26:52 [allowed] §6[Bazaar] §r§7Putting goods in escrow...
19:26:52 [allowed] §6[Bazaar] §r§7Submitting sell offer...
19:26:52 [allowed] §6[Bazaar] §r§7§r§eSell Offer Setup! §r§a3§r§7x §r§6✧ Perfect Topaz Gemstone §r§7for §r§650,664,818 coins§r§7.
19:27:10 [allowed] §6[Bazaar] §r§7Putting goods in escrow...
19:27:10 [allowed] §6[Bazaar] §r§7Submitting sell offer...
19:27:10 [allowed] §6[Bazaar] §r§7§r§eSell Offer Setup! §r§a1§r§7x §r§6❁ Perfect Jasper Gemstone §r§7for §r§638,747,212 coins§r§7.
19:27:20 [allowed] §6[Bazaar] §r§7Putting goods in escrow...
19:27:20 [allowed] §6[Bazaar] §r§7Submitting sell offer...
19:27:20 [allowed] §6[Bazaar] §r§7§r§eSell Offer Setup! §r§a1§r§7x §r§5Divan Fragment §r§7for §r§61,098,249 coins§r§7.
19:27:30 [allowed] §6[Bazaar] §r§7Putting goods in escrow...
19:27:30 [allowed] §6[Bazaar] §r§7Submitting sell offer...
19:27:30 [allowed] §6[Bazaar] §r§7§r§eSell Offer Setup! §r§a1§r§7x §r§5Glossy Gemstone §r§7for §r§64,185,093 coins§r§7.
19:27:59 [allowed] §6[Bazaar] §eYour §6Sell Offer §efor §a3§7x §6✧ Perfect Topaz Gemstone §ewas filled!
