08:22:57 [EMPTY] §f §r§r§r§f §r§r§r§1 §r§r§r§0 §r§r§r§2 §r§r§r§f §r§r§r§f §r§r§r§2 §r§r§r§0 §r§r§r§4 §r§r§r§3 §r§r§r§9 §r§r§r§2 §r§r§r§0 §r§r§r§0 §r§r§r§3 §r§r§r§9 §r§r§r§2 §r§r§r§0 §r§r§r§0 §r§r§r§3 §r§r§r§9 §r§r§r§2 §r§r§r§0 §r§r§r§0 
08:22:57 [LOBBY] §b[MVP§2+§b] balzer325§f §6joined the lobby!
08:22:57 [allowed] §aYou have §b17 §aunclaimed leveling rewards!
08:22:57 [allowed] §eClick here to view them!
08:22:57 [LOBBY]   §r§f§l➤ §r§6You have reached your Hype limit! Add Hype to Prototype Lobby minigames by right-clicking with the Hype Diamond!
08:22:58 [LOBBY] §b[MVP§d+§b] fatedgold6rwr§f §6joined the lobby!
08:22:59 [allowed] §cYou are sending commands too fast! Please slow down.
08:23:03 [WARPING] §7Sending to server mini88AU...
08:23:05 [EMPTY] §8 §r§8 §r§1 §r§3 §r§3 §r§7 §r§8 
08:23:07 [EMPTY] 
08:23:07 [WELCOME] §eWelcome to §r§aHypixel SkyBlock§r§e!
08:23:07 [EMPTY] 
08:23:07 [allowed] §eLatest update: §bSkyBlock v0.20.5 §e§lCLICK
08:23:07 [PROFILE_JOIN] §aYou are playing on profile: §eApple§b (Co-op)
08:23:07 [PROFILE_JOIN] §8Profile ID: b1a71305-1956-42bf-90e4-bce6f7285754
08:23:08 [allowed] §cYou are sending commands too fast! Please slow down.
08:23:08 [allowed] §6§lALLOWANCE! §r§eYou earned §r§650,000 coins§r§e!
08:23:18 [allowed] §cYou haven't unlocked this fast travel destination!
08:23:19 [WARPING] §7Finding player...
08:23:20 [WARPING] §7Sending a visit request...
08:23:21 [WARPING] §7Sending to server mini81DR...
08:23:22 [EMPTY] §8 §r§8 §r§1 §r§3 §r§3 §r§7 §r§8 
08:23:23 [allowed] §f§m-----------------------------------------------------
§r§cYou should NEVER enter your Microsoft account details anywhere but on official Microsoft services!

§r§cExternal links from untrusted sources should be avoided.
§r§f§m-----------------------------------------------------
08:23:24 [allowed] §cYou are sending commands too fast! Please slow down.
08:23:25 [PROFILE_JOIN] §aYou are playing on profile: §eApple§b (Co-op)
08:23:25 [PROFILE_JOIN] §8Profile ID: b1a71305-1956-42bf-90e4-bce6f7285754
08:23:27 [WARPING] §7Sending to server mini147AQ...
08:23:27 [EMPTY] §8 §r§8 §r§1 §r§3 §r§3 §r§7 §r§8 
08:23:29 [allowed] §cYou are sending commands too fast! Please slow down.
08:23:29 [allowed] §cYou are sending commands too fast! Please slow down.
08:23:30 [allowed] §cThere are blocks in the way!
08:23:30 [PROFILE_JOIN] §aYou are playing on profile: §eApple§b (Co-op)
08:23:30 [PROFILE_JOIN] §8Profile ID: b1a71305-1956-42bf-90e4-bce6f7285754
08:23:52 [EMPTY] §f §r§r§r§f §r§r§r§1 §r§r§r§0 §r§r§r§2 §r§r§r§f §r§r§r§f §r§r§r§2 §r§r§r§0 §r§r§r§4 §r§r§r§3 §r§r§r§9 §r§r§r§2 §r§r§r§0 §r§r§r§0 §r§r§r§3 §r§r§r§9 §r§r§r§2 §r§r§r§0 §r§r§r§0 §r§r§r§3 §r§r§r§9 §r§r§r§2 §r§r§r§0 §r§r§r§0 
08:23:52 [LOBBY] §b[MVP§9+§b] Sebbebas§f §6joined the lobby!
08:23:55 [allowed] §cYou are sending commands too fast! Please slow down.
08:24:03 [WARPING] §7Sending to server mini145AV...
08:24:03 [EMPTY] §8 §r§8 §r§1 §r§3 §r§3 §r§7 §r§8 
08:24:05 [allowed] §cYou are sending commands too fast! Please slow down.
08:24:06 [EMPTY] 
08:24:06 [WELCOME] §eWelcome to §r§aHypixel SkyBlock§r§e!
08:24:06 [EMPTY] 
08:24:06 [allowed] §eLatest update: §bSkyBlock v0.20.5 §e§lCLICK
08:24:06 [PROFILE_JOIN] §aYou are playing on profile: §eBanana§b (Co-op)
08:24:06 [PROFILE_JOIN] §8Profile ID: b1a71305-1956-42bf-90e4-bce6f7285754
08:24:07 [allowed] §6§lALLOWANCE! §r§eYou earned §r§650,000 coins§r§e!
08:24:08 [allowed] §bNew day! §r§eYour §r§2Sky Mall §r§ebuff changed!
08:24:08 [allowed] §eNew buff§r§r§r: §r§f§r§a10x §r§fchance to find Golden and Diamond Goblins.
08:24:09 [WARPING] §7Warping...
08:24:11 [allowed] §cThere are blocks in the way!
08:24:19 [allowed] §c ☠ §r§7§r§7mothgod9207§r§7 was killed by §r§5Star Sentry§r§7§r§7.
08:25:04 [allowed] §a§r§6Mining Speed Boost §r§ais now available!
08:25:23 [allowed] §7Switching to profile Grapes...
08:25:23 [WARPING] §7Sending to server mini68DH...
08:25:24 [EMPTY] §8 §r§8 §r§1 §r§3 §r§3 §r§7 §r§8 
08:25:25 [allowed] §cYou are sending commands too fast! Please slow down.
08:25:25 [allowed] §cYou are sending commands too fast! Please slow down.
08:25:27 [allowed] §aYour profile was changed to: §eGrapes
08:25:27 [PROFILE_JOIN] §8Profile ID: 2d4265f8-612d-4558-8dbb-5735217c0bd8
08:25:43 [allowed] §cThis Minion does not have any items stored!
08:26:09 [allowed] §aYou have upgraded your Minion to Tier VII
08:26:10 [allowed] §aYou have upgraded your Minion to Tier VII
08:26:20 [allowed] §7Switching to profile Banana...
08:26:20 [WARPING] §7Sending to server mini10AK...
08:26:21 [EMPTY] §8 §r§8 §r§1 §r§3 §r§3 §r§7 §r§8 
08:26:23 [allowed] §cYou are sending commands too fast! Please slow down.
08:26:24 [allowed] §aYour profile was changed to: §eBanana§b (Co-op)
08:26:24 [PROFILE_JOIN] §8Profile ID: b1a71305-1956-42bf-90e4-bce6f7285754
08:26:30 [allowed] §8Depositing coins...
08:26:30 [allowed] §aDeposited §r§6100k coins§r§a! There's now §r§6355M coins §r§ain the account!
08:26:37 [allowed] §6You got §r§a1 Green Candy §r§6from the §r§5Great Spook Tree§r§6!
08:26:50 [allowed] §cThere are blocks in the way!
08:26:53 [allowed] §aWarped from the §r§cRed Teleport Pad§r§a to the §r§dStorage Teleport Pad§r§a!
08:27:21 [allowed] §a§r§6Mining Speed Boost §r§ais now available!
08:27:44 [allowed] §cThere are blocks in the way!
08:27:45 [allowed] §cThere are blocks in the way!
