15:03:24 `u2ao568d9s`327 missed {
 is already Found: false).
 Position: LorenzVec{x=-10.0, y=68.0, z=-130.0}
 DistanceC: 19.653374414577826
Relative Position: LorenzVec{x=-13.878771373716887, y=-4.0625, z=-19.653374414577826}
 }
15:04:21 `Slime`7063 missed {
 is already Found: false).
 Position: LorenzVec{x=-540.125, y=33.75, z=-887.8125}
 DistanceC: 0.48559757752809674
Relative Position: LorenzVec{x=0.056062670821802385, y=4.662052556276777, z=0.48559757752809674}
 }
15:04:21 `Slime`7064 missed {
 is already Found: false).
 Position: LorenzVec{x=-541.28125, y=33.75, z=-888.9375}
 DistanceC: 1.1001873291781976
Relative Position: LorenzVec{x=-1.1001873291781976, y=4.662052556276777, z=-0.6394024224719033}
 }
15:04:21 `Slime`7065 missed {
 is already Found: false).
 Position: LorenzVec{x=-540.0, y=33.75, z=-889.0}
 DistanceC: 0.7019024224719033
Relative Position: LorenzVec{x=0.18106267082180239, y=4.662052556276777, z=-0.7019024224719033}
 }
15:04:21 `Slime`7066 missed {
 is already Found: false).
 Position: LorenzVec{x=-540.0, y=33.75, z=-888.71875}
 DistanceC: 0.4225548568647355
Relative Position: LorenzVec{x=0.11071280283749729, y=5.247061557785528, z=-0.4225548568647355}
 }
15:04:21 `Slime`7067 missed {
 is already Found: false).
 Position: LorenzVec{x=-540.3125, y=33.75, z=-888.84375}
 DistanceC: 0.5475548568647355
Relative Position: LorenzVec{x=-0.2017871971625027, y=5.247061557785528, z=-0.5475548568647355}
 }
15:04:21 `Slime`7068 missed {
 is already Found: false).
 Position: LorenzVec{x=-540.8125, y=33.75, z=-889.1875}
 DistanceC: 0.8913048568647355
Relative Position: LorenzVec{x=-0.7017871971625027, y=5.247061557785528, z=-0.8913048568647355}
 }
15:14:17 `Slime`3617213 missed {
 is already Found: false).
 Position: LorenzVec{x=8.40625, y=70.0, z=9.1875}
 DistanceC: 15.293749988079071
Relative Position: LorenzVec{x=-15.293749988079071, y=-30.262289536839234, z=0.8064247370518611}
 }
15:14:17 `Slime`3617214 missed {
 is already Found: false).
 Position: LorenzVec{x=5.239583333333334, y=71.14583333333334, z=8.78125}
 DistanceC: 18.460416654745735
Relative Position: LorenzVec{x=-18.460416654745735, y=-29.11645620350589, z=0.40017473705186113}
 }
15:14:41 `Slime`3619796 missed {
 is already Found: false).
 Position: LorenzVec{x=4.3125, y=70.0, z=6.381944444444445}
 DistanceC: 19.38749998807907
Relative Position: LorenzVec{x=-19.38749998807907, y=-30.262289536839234, z=-1.9991308185036942}
 }
15:14:43 `Slime`3620866 missed {
 is already Found: false).
 Position: LorenzVec{x=6.21875, y=70.0, z=9.78125}
 DistanceC: 17.48124998807907
Relative Position: LorenzVec{x=-17.48124998807907, y=-30.262289536839234, z=1.4001747370518611}
 }
15:14:43 `Slime`3623073 missed {
 is already Found: false).
 Position: LorenzVec{x=4.5, y=70.0, z=8.875}
 DistanceC: 19.19999998807907
Relative Position: LorenzVec{x=-19.19999998807907, y=-30.262289536839234, z=0.49392473705186113}
 }
15:14:43 `Slime`3623335 missed {
 is already Found: false).
 Position: LorenzVec{x=8.177083333333332, y=70.0, z=5.666666666666666}
 DistanceC: 15.522916654745739
Relative Position: LorenzVec{x=-15.522916654745739, y=-30.262289536839234, z=-2.714408596281473}
 }
15:14:45 `Slime`3625423 missed {
 is already Found: false).
 Position: LorenzVec{x=6.75, y=70.0, z=6.15625}
 DistanceC: 16.94999998807907
Relative Position: LorenzVec{x=-16.94999998807907, y=-30.262289536839234, z=-2.224825262948139}
 }
15:14:45 `Slime`3625424 missed {
 is already Found: false).
 Position: LorenzVec{x=8.34375, y=70.0, z=9.78125}
 DistanceC: 15.356249988079071
Relative Position: LorenzVec{x=-15.356249988079071, y=-30.262289536839234, z=1.4001747370518611}
 }
15:14:46 `Slime`3625686 missed {
 is already Found: false).
 Position: LorenzVec{x=6.8125, y=70.0, z=10.3125}
 DistanceC: 16.88749998807907
Relative Position: LorenzVec{x=-16.88749998807907, y=-30.262289536839234, z=1.9314247370518611}
 }
15:14:46 `Slime`3625919 missed {
 is already Found: false).
 Position: LorenzVec{x=8.25, y=70.0, z=10.03125}
 DistanceC: 15.449999988079071
Relative Position: LorenzVec{x=-15.449999988079071, y=-30.262289536839234, z=1.6501747370518611}
 }
15:14:47 `Slime`3626186 missed {
 is already Found: false).
 Position: LorenzVec{x=8.21875, y=70.0, z=6.5}
 DistanceC: 15.481249988079071
Relative Position: LorenzVec{x=-15.481249988079071, y=-30.262289536839234, z=-1.8810752629481389}
 }
15:14:47 `Slime`3626187 missed {
 is already Found: false).
 Position: LorenzVec{x=6.78125, y=70.0, z=9.78125}
 DistanceC: 16.91874998807907
Relative Position: LorenzVec{x=-16.91874998807907, y=-30.262289536839234, z=1.4001747370518611}
 }
15:14:48 `Slime`3626451 missed {
 is already Found: false).
 Position: LorenzVec{x=8.53125, y=70.0, z=6.53125}
 DistanceC: 15.168749988079071
Relative Position: LorenzVec{x=-15.168749988079071, y=-30.262289536839234, z=-1.8498252629481389}
 }
15:14:48 `Slime`3626807 missed {
 is already Found: false).
 Position: LorenzVec{x=7.84375, y=70.0, z=8.90625}
 DistanceC: 15.856249988079071
Relative Position: LorenzVec{x=-15.856249988079071, y=-30.262289536839234, z=0.5251747370518611}
 }
15:14:53 `Slime`3628301 missed {
 is already Found: false).
 Position: LorenzVec{x=7.6875, y=70.0, z=10.625}
 DistanceC: 16.561482720715386
Relative Position: LorenzVec{x=-16.561482720715386, y=-32.724371722573366, z=3.8399767138464416}
 }
15:14:54 `Slime`3628571 missed {
 is already Found: false).
 Position: LorenzVec{x=7.21875, y=70.0, z=10.375}
 DistanceC: 17.030232720715386
Relative Position: LorenzVec{x=-17.030232720715386, y=-32.724371722573366, z=3.5899767138464416}
 }
15:14:55 `Slime`3628895 missed {
 is already Found: false).
 Position: LorenzVec{x=5.864583333333333, y=70.0, z=8.989583333333334}
 DistanceC: 18.384399387382054
Relative Position: LorenzVec{x=-18.384399387382054, y=-32.724371722573366, z=2.2045600471797755}
 }
15:14:56 `Slime`3629460 missed {
 is already Found: false).
 Position: LorenzVec{x=8.5, y=70.0, z=9.541666666666666}
 DistanceC: 15.748982720715386
Relative Position: LorenzVec{x=-15.748982720715386, y=-32.724371722573366, z=2.7566433805131076}
 }
15:14:57 `Slime`3629696 missed {
 is already Found: false).
 Position: LorenzVec{x=6.21875, y=70.0, z=9.78125}
 DistanceC: 18.030232720715386
Relative Position: LorenzVec{x=-18.030232720715386, y=-32.724371722573366, z=2.9962267138464416}
 }
