21:58:58 `pw320490c5`174 missed {
 is already Found: false).
 Position: LorenzVec{x=-15.5, y=201.0, z=-98.5}
 DistanceC: 23.01542523932949
Relative Position: LorenzVec{x=16.37271487193418, y=1.0, z=23.01542523932949}
 }
21:58:59 `7g770wdr17`173 missed {
 is already Found: false).
 Position: LorenzVec{x=-10.5, y=201.0, z=-103.5}
 DistanceC: 21.37271487193418
Relative Position: LorenzVec{x=21.37271487193418, y=1.0, z=18.01542523932949}
 }
21:59:27 `Chicken`3991049 missed {
 is already Found: false).
 Position: LorenzVec{x=7.5, y=104.0, z=8.5}
 DistanceC: 20.69707403963297
Relative Position: LorenzVec{x=3.5522305857551215, y=4.0, z=-20.69707403963297}
 }
22:00:43 `69f75nhhxb`62915 missed {
 is already Found: false).
 Position: LorenzVec{x=7.0, y=70.0, z=-85.0}
 DistanceC: 22.611197404496053
Relative Position: LorenzVec{x=18.59948034080778, y=0.0, z=-22.611197404496053}
 }
22:00:45 `ยง7Villager`360 missed {
 is already Found: false).
 Position: LorenzVec{x=10.5, y=70.0, z=-41.5}
 DistanceC: 23.08972594377412
Relative Position: LorenzVec{x=23.08972594377412, y=0.0, z=12.053687227405064}
 }
22:02:05 `Bat`637756 missed {
 is already Found: false).
 Position: LorenzVec{x=-327.6875, y=87.29166666666666, z=-214.76041666666669}
 DistanceC: 15.810766304873681
Relative Position: LorenzVec{x=-8.611359144310654, y=-23.708333333333343, z=15.810766304873681}
 }
22:02:05 `Bat`637758 missed {
 is already Found: false).
 Position: LorenzVec{x=-327.6875, y=87.29166666666666, z=-213.76041666666669}
 DistanceC: 16.81076630487368
Relative Position: LorenzVec{x=-8.611359144310654, y=-23.708333333333343, z=16.81076630487368}
 }
22:02:05 `Bat`637762 missed {
 is already Found: false).
 Position: LorenzVec{x=-326.6875, y=87.29166666666666, z=-213.76041666666669}
 DistanceC: 16.81076630487368
Relative Position: LorenzVec{x=-7.611359144310654, y=-23.708333333333343, z=16.81076630487368}
 }
22:02:05 `Bat`637760 missed {
 is already Found: false).
 Position: LorenzVec{x=-327.6875, y=87.29166666666666, z=-212.76041666666669}
 DistanceC: 18.341114030599925
Relative Position: LorenzVec{x=-7.9002776336961915, y=-23.708333333333343, z=18.341114030599925}
 }
22:02:06 `Bat`637746 missed {
 is already Found: false).
 Position: LorenzVec{x=-328.6875, y=87.29166666666666, z=-215.76041666666669}
 DistanceC: 21.09632233624339
Relative Position: LorenzVec{x=-1.0076274832945273, y=-23.708333333333343, z=21.09632233624339}
 }
22:02:08 `Bat`637748 missed {
 is already Found: false).
 Position: LorenzVec{x=-328.6875, y=87.29166666666666, z=-214.76041666666669}
 DistanceC: 21.78266681691406
Relative Position: LorenzVec{x=14.680258913902946, y=-25.328333323200553, z=21.78266681691406}
 }
22:02:08 `Bat`637766 missed {
 is already Found: false).
 Position: LorenzVec{x=-328.6875, y=86.29166666666666, z=-214.76041666666669}
 DistanceC: 21.78266681691406
Relative Position: LorenzVec{x=14.680258913902946, y=-26.328333323200553, z=21.78266681691406}
 }
22:02:08 `Bat`637740 missed {
 is already Found: false).
 Position: LorenzVec{x=-329.6875, y=87.29166666666666, z=-214.76041666666669}
 DistanceC: 20.90335423390121
Relative Position: LorenzVec{x=16.287170028946832, y=-27.1021129361945, z=20.90335423390121}
 }
22:02:08 `Bat`637750 missed {
 is already Found: false).
 Position: LorenzVec{x=-328.6875, y=87.29166666666666, z=-213.76041666666669}
 DistanceC: 21.602727551556484
Relative Position: LorenzVec{x=18.185501307752872, y=-27.225127316547486, z=21.602727551556484}
 }
22:02:08 `Bat`637742 missed {
 is already Found: false).
 Position: LorenzVec{x=-329.6875, y=87.29166666666666, z=-213.76041666666669}
 DistanceC: 20.984770916095442
Relative Position: LorenzVec{x=19.194300630810687, y=-26.18025115320492, z=20.984770916095442}
 }
22:02:08 `Bat`637764 missed {
 is already Found: false).
 Position: LorenzVec{x=-329.6875, y=86.29166666666666, z=-213.76041666666669}
 DistanceC: 20.984770916095442
Relative Position: LorenzVec{x=19.194300630810687, y=-27.18025115320492, z=20.984770916095442}
 }
22:02:09 `Bat`637738 missed {
 is already Found: false).
 Position: LorenzVec{x=-330.6875, y=87.29166666666666, z=-213.76041666666669}
 DistanceC: 21.006812512261774
Relative Position: LorenzVec{x=21.006812512261774, y=-25.328333323200553, z=20.467520541127044}
 }
22:02:19 `Bat`638242 missed {
 is already Found: false).
 Position: LorenzVec{x=-330.40625, y=82.9375, z=-228.77083333333331}
 DistanceC: 21.421578857709108
Relative Position: LorenzVec{x=21.421578857709108, y=-35.17648354882154, z=15.173247594539362}
 }
22:02:20 `Bat`638374 missed {
 is already Found: false).
 Position: LorenzVec{x=-332.85416666666663, y=80.14583333333334, z=-234.65625}
 DistanceC: 18.86340123698369
Relative Position: LorenzVec{x=18.86340123698369, y=-36.85416666666666, z=8.046862134635148}
 }
22:02:20 `Bat`638396 missed {
 is already Found: false).
 Position: LorenzVec{x=-331.85416666666663, y=79.14583333333334, z=-234.65625}
 DistanceC: 20.473657938005033
Relative Position: LorenzVec{x=20.473657938005033, y=-37.85416666666666, z=8.279969266804386}
 }
22:02:21 `Bat`638398 missed {
 is already Found: false).
 Position: LorenzVec{x=-330.85416666666663, y=79.14583333333334, z=-235.65625}
 DistanceC: 21.219872742815824
Relative Position: LorenzVec{x=21.219872742815824, y=-37.85416666666666, z=7.802802348328811}
 }
22:02:21 `Bat`638400 missed {
 is already Found: false).
 Position: LorenzVec{x=-330.85416666666663, y=79.14583333333334, z=-234.65625}
 DistanceC: 21.219872742815824
Relative Position: LorenzVec{x=21.219872742815824, y=-37.85416666666666, z=8.802802348328811}
 }
22:02:21 `Bat`638402 missed {
 is already Found: false).
 Position: LorenzVec{x=-330.85416666666663, y=79.14583333333334, z=-233.65625}
 DistanceC: 21.219872742815824
Relative Position: LorenzVec{x=21.219872742815824, y=-37.85416666666666, z=9.802802348328811}
 }
22:02:22 `Bat`638392 missed {
 is already Found: false).
 Position: LorenzVec{x=-329.85416666666663, y=80.14583333333334, z=-233.65625}
 DistanceC: 21.846859883138904
Relative Position: LorenzVec{x=21.846859883138904, y=-36.85416666666666, z=9.950311186142414}
 }
22:02:22 `Bat`638404 missed {
 is already Found: false).
 Position: LorenzVec{x=-329.85416666666663, y=79.14583333333334, z=-234.65625}
 DistanceC: 21.846859883138904
Relative Position: LorenzVec{x=21.846859883138904, y=-37.85416666666666, z=8.950311186142414}
 }
22:02:23 `Bat`638673 missed {
 is already Found: false).
 Position: LorenzVec{x=-332.28125, y=81.02083333333334, z=-232.52083333333331}
 DistanceC: 19.851885129803634
Relative Position: LorenzVec{x=19.851885129803634, y=-35.97916666666666, z=11.173270226827725}
 }
22:02:23 `Bat`638675 missed {
 is already Found: false).
 Position: LorenzVec{x=-331.28125, y=81.02083333333334, z=-233.52083333333331}
 DistanceC: 21.30008362317426
Relative Position: LorenzVec{x=21.30008362317426, y=-35.97916666666666, z=9.740056009977792}
 }
22:02:23 `Bat`638677 missed {
 is already Found: false).
 Position: LorenzVec{x=-331.28125, y=81.02083333333334, z=-232.52083333333331}
 DistanceC: 21.30008362317426
Relative Position: LorenzVec{x=21.30008362317426, y=-35.97916666666666, z=10.740056009977792}
 }
22:02:23 `Bat`638679 missed {
 is already Found: false).
 Position: LorenzVec{x=-331.28125, y=81.02083333333334, z=-231.52083333333331}
 DistanceC: 21.30008362317426
Relative Position: LorenzVec{x=21.30008362317426, y=-35.97916666666666, z=11.740056009977792}
 }
22:02:23 `Bat`638699 missed {
 is already Found: false).
 Position: LorenzVec{x=-331.28125, y=80.02083333333334, z=-232.52083333333331}
 DistanceC: 21.30008362317426
Relative Position: LorenzVec{x=21.30008362317426, y=-36.97916666666666, z=10.740056009977792}
 }
22:02:23 `Bat`638553 missed {
 is already Found: false).
 Position: LorenzVec{x=-330.77083333333337, y=82.70833333333334, z=-231.125}
 DistanceC: 21.949579325935076
Relative Position: LorenzVec{x=21.949579325935076, y=-34.29166666666666, z=11.753790540932016}
 }
22:02:24 `Bat`638681 missed {
 is already Found: false).
 Position: LorenzVec{x=-330.28125, y=81.02083333333334, z=-234.52083333333331}
 DistanceC: 21.739281595554473
Relative Position: LorenzVec{x=21.739281595554473, y=-35.97916666666666, z=6.911687288355239}
 }
22:02:24 `Bat`638683 missed {
 is already Found: false).
 Position: LorenzVec{x=-330.28125, y=81.02083333333334, z=-233.52083333333331}
 DistanceC: 21.739281595554473
Relative Position: LorenzVec{x=21.739281595554473, y=-35.97916666666666, z=7.911687288355239}
 }
22:02:24 `Bat`638685 missed {
 is already Found: false).
 Position: LorenzVec{x=-330.28125, y=81.02083333333334, z=-232.52083333333331}
 DistanceC: 21.739281595554473
Relative Position: LorenzVec{x=21.739281595554473, y=-35.97916666666666, z=8.911687288355239}
 }
22:02:24 `Bat`638687 missed {
 is already Found: false).
 Position: LorenzVec{x=-330.28125, y=81.02083333333334, z=-231.52083333333331}
 DistanceC: 21.739281595554473
Relative Position: LorenzVec{x=21.739281595554473, y=-35.97916666666666, z=9.911687288355239}
 }
22:02:24 `Bat`638689 missed {
 is already Found: false).
 Position: LorenzVec{x=-330.28125, y=81.02083333333334, z=-230.52083333333331}
 DistanceC: 21.739281595554473
Relative Position: LorenzVec{x=21.739281595554473, y=-35.97916666666666, z=10.911687288355239}
 }
22:02:24 `Bat`638701 missed {
 is already Found: false).
 Position: LorenzVec{x=-330.28125, y=80.02083333333334, z=-233.52083333333331}
 DistanceC: 21.739281595554473
Relative Position: LorenzVec{x=21.739281595554473, y=-36.97916666666666, z=7.911687288355239}
 }
22:02:24 `Bat`638703 missed {
 is already Found: false).
 Position: LorenzVec{x=-330.28125, y=80.02083333333334, z=-232.52083333333331}
 DistanceC: 21.739281595554473
Relative Position: LorenzVec{x=21.739281595554473, y=-36.97916666666666, z=8.911687288355239}
 }
22:02:24 `Bat`638705 missed {
 is already Found: false).
 Position: LorenzVec{x=-330.28125, y=80.02083333333334, z=-231.52083333333331}
 DistanceC: 21.739281595554473
Relative Position: LorenzVec{x=21.739281595554473, y=-36.97916666666666, z=9.911687288355239}
 }
22:02:25 `Bat`638244 missed {
 is already Found: false).
 Position: LorenzVec{x=-329.40625, y=82.9375, z=-229.77083333333331}
 DistanceC: 13.599596878985267
Relative Position: LorenzVec{x=13.599596878985267, y=-31.11549031516803, z=7.357837445948235}
 }
22:02:25 `Bat`638246 missed {
 is already Found: false).
 Position: LorenzVec{x=-329.40625, y=82.9375, z=-228.77083333333331}
 DistanceC: 13.599596878985267
Relative Position: LorenzVec{x=13.599596878985267, y=-31.11549031516803, z=8.357837445948235}
 }
22:02:25 `Bat`638248 missed {
 is already Found: false).
 Position: LorenzVec{x=-329.40625, y=82.9375, z=-227.77083333333331}
 DistanceC: 13.599596878985267
Relative Position: LorenzVec{x=13.599596878985267, y=-31.11549031516803, z=9.357837445948235}
 }
22:02:25 `Bat`638268 missed {
 is already Found: false).
 Position: LorenzVec{x=-329.40625, y=81.9375, z=-228.77083333333331}
 DistanceC: 13.599596878985267
Relative Position: LorenzVec{x=13.599596878985267, y=-32.11549031516803, z=8.357837445948235}
 }
22:02:25 `Bat`638250 missed {
 is already Found: false).
 Position: LorenzVec{x=-328.40625, y=82.9375, z=-230.77083333333331}
 DistanceC: 14.010669330108385
Relative Position: LorenzVec{x=14.010669330108385, y=-29.276751688421, z=6.0826392073518605}
 }
22:02:25 `Bat`638252 missed {
 is already Found: false).
 Position: LorenzVec{x=-328.40625, y=82.9375, z=-229.77083333333331}
 DistanceC: 14.010669330108385
Relative Position: LorenzVec{x=14.010669330108385, y=-29.276751688421, z=7.0826392073518605}
 }
22:02:25 `Bat`638254 missed {
 is already Found: false).
 Position: LorenzVec{x=-328.40625, y=82.9375, z=-228.77083333333331}
 DistanceC: 14.010669330108385
Relative Position: LorenzVec{x=14.010669330108385, y=-29.276751688421, z=8.08263920735186}
 }
22:02:25 `Bat`638256 missed {
 is already Found: false).
 Position: LorenzVec{x=-328.40625, y=82.9375, z=-227.77083333333331}
 DistanceC: 14.010669330108385
Relative Position: LorenzVec{x=14.010669330108385, y=-29.276751688421, z=9.08263920735186}
 }
22:02:25 `Bat`638258 missed {
 is already Found: false).
 Position: LorenzVec{x=-328.40625, y=82.9375, z=-226.77083333333331}
 DistanceC: 14.010669330108385
Relative Position: LorenzVec{x=14.010669330108385, y=-29.276751688421, z=10.08263920735186}
 }
22:02:25 `Bat`638260 missed {
 is already Found: false).
 Position: LorenzVec{x=-327.40625, y=82.9375, z=-229.77083333333331}
 DistanceC: 13.02626479952238
Relative Position: LorenzVec{x=13.02626479952238, y=-30.651915999166718, z=6.089026905578436}
 }
22:02:25 `Bat`638262 missed {
 is already Found: false).
 Position: LorenzVec{x=-327.40625, y=82.9375, z=-228.77083333333331}
 DistanceC: 13.02626479952238
Relative Position: LorenzVec{x=13.02626479952238, y=-30.651915999166718, z=7.089026905578436}
 }
22:02:25 `Bat`638264 missed {
 is already Found: false).
 Position: LorenzVec{x=-327.40625, y=82.9375, z=-227.77083333333331}
 DistanceC: 13.02626479952238
Relative Position: LorenzVec{x=13.02626479952238, y=-30.651915999166718, z=8.089026905578436}
 }
22:02:26 `Bat`638266 missed {
 is already Found: false).
 Position: LorenzVec{x=-326.40625, y=82.9375, z=-228.77083333333331}
 DistanceC: 12.049535647861035
Relative Position: LorenzVec{x=12.049535647861035, y=-31.579293983214143, z=6.0970163358752245}
 }
22:02:26 `Bat`637752 missed {
 is already Found: false).
 Position: LorenzVec{x=-328.6875, y=87.29166666666666, z=-212.76041666666669}
 DistanceC: 21.937017426466525
Relative Position: LorenzVec{x=9.405153653729883, y=-27.16759146254742, z=21.937017426466525}
 }
22:02:26 `Bat`637744 missed {
 is already Found: false).
 Position: LorenzVec{x=-329.6875, y=87.29166666666666, z=-212.76041666666669}
 DistanceC: 21.33894602177574
Relative Position: LorenzVec{x=7.025487139440713, y=-26.18025115320492, z=21.33894602177574}
 }
22:02:26 `Bat`638555 missed {
 is already Found: false).
 Position: LorenzVec{x=-329.77083333333337, y=82.70833333333334, z=-232.125}
 DistanceC: 5.970131376317454
Relative Position: LorenzVec{x=5.970131376317454, y=-29.291666666666657, z=1.5835232698698576}
 }
22:02:26 `Bat`638557 missed {
 is already Found: false).
 Position: LorenzVec{x=-329.77083333333337, y=82.70833333333334, z=-231.125}
 DistanceC: 5.970131376317454
Relative Position: LorenzVec{x=5.970131376317454, y=-29.291666666666657, z=2.5835232698698576}
 }
22:02:26 `Bat`638559 missed {
 is already Found: false).
 Position: LorenzVec{x=-329.77083333333337, y=82.70833333333334, z=-230.125}
 DistanceC: 5.970131376317454
Relative Position: LorenzVec{x=5.970131376317454, y=-29.291666666666657, z=3.5835232698698576}
 }
22:02:26 `Bat`638579 missed {
 is already Found: false).
 Position: LorenzVec{x=-329.77083333333337, y=81.70833333333334, z=-231.125}
 DistanceC: 5.970131376317454
Relative Position: LorenzVec{x=5.970131376317454, y=-30.291666666666657, z=2.5835232698698576}
 }
22:02:26 `Bat`637754 missed {
 is already Found: false).
 Position: LorenzVec{x=-328.6875, y=87.29166666666666, z=-211.76041666666669}
 DistanceC: 21.047741838329443
Relative Position: LorenzVec{x=4.306973011235186, y=-26.91831249503879, z=21.047741838329443}
 }
22:02:27 `Bat`638394 missed {
 is already Found: false).
 Position: LorenzVec{x=-328.85416666666663, y=80.14583333333334, z=-234.65625}
 DistanceC: 3.0544380675042646
Relative Position: LorenzVec{x=-0.3340347159105477, y=-31.198125841387764, z=-3.0544380675042646}
 }
22:02:29 `Bat`638691 missed {
 is already Found: false).
 Position: LorenzVec{x=-329.28125, y=81.02083333333334, z=-233.52083333333331}
 DistanceC: 16.56412075825864
Relative Position: LorenzVec{x=-16.56412075825864, y=-32.30363965633738, z=-4.567761439099428}
 }
22:02:29 `Bat`638693 missed {
 is already Found: false).
 Position: LorenzVec{x=-329.28125, y=81.02083333333334, z=-232.52083333333331}
 DistanceC: 16.56412075825864
Relative Position: LorenzVec{x=-16.56412075825864, y=-32.30363965633738, z=-3.567761439099428}
 }
22:02:29 `Bat`638695 missed {
 is already Found: false).
 Position: LorenzVec{x=-329.28125, y=81.02083333333334, z=-231.52083333333331}
 DistanceC: 16.56412075825864
Relative Position: LorenzVec{x=-16.56412075825864, y=-32.30363965633738, z=-2.567761439099428}
 }
22:02:29 `Bat`638707 missed {
 is already Found: false).
 Position: LorenzVec{x=-329.28125, y=80.02083333333334, z=-232.52083333333331}
 DistanceC: 16.56412075825864
Relative Position: LorenzVec{x=-16.56412075825864, y=-33.30363965633738, z=-3.567761439099428}
 }
22:02:29 `Bat`638561 missed {
 is already Found: false).
 Position: LorenzVec{x=-328.77083333333337, y=82.70833333333334, z=-233.125}
 DistanceC: 16.36383157096833
Relative Position: LorenzVec{x=-16.36383157096833, y=-30.405650215488194, z=-4.365944468137627}
 }
22:02:29 `Bat`638563 missed {
 is already Found: false).
 Position: LorenzVec{x=-328.77083333333337, y=82.70833333333334, z=-232.125}
 DistanceC: 16.36383157096833
Relative Position: LorenzVec{x=-16.36383157096833, y=-30.405650215488194, z=-3.365944468137627}
 }
22:02:29 `Bat`638565 missed {
 is already Found: false).
 Position: LorenzVec{x=-328.77083333333337, y=82.70833333333334, z=-231.125}
 DistanceC: 16.36383157096833
Relative Position: LorenzVec{x=-16.36383157096833, y=-30.405650215488194, z=-2.365944468137627}
 }
22:02:29 `Bat`638567 missed {
 is already Found: false).
 Position: LorenzVec{x=-328.77083333333337, y=82.70833333333334, z=-230.125}
 DistanceC: 16.36383157096833
Relative Position: LorenzVec{x=-16.36383157096833, y=-30.405650215488194, z=-1.3659444681376272}
 }
22:02:29 `Bat`638569 missed {
 is already Found: false).
 Position: LorenzVec{x=-328.77083333333337, y=82.70833333333334, z=-229.125}
 DistanceC: 16.36383157096833
Relative Position: LorenzVec{x=-16.36383157096833, y=-30.405650215488194, z=-0.36594446813762715}
 }
22:02:29 `Bat`638697 missed {
 is already Found: false).
 Position: LorenzVec{x=-328.28125, y=81.02083333333334, z=-232.52083333333331}
 DistanceC: 15.874248237634959
Relative Position: LorenzVec{x=-15.874248237634959, y=-32.093150215488194, z=-3.7617778014709415}
 }
22:02:29 `Bat`638571 missed {
 is already Found: false).
 Position: LorenzVec{x=-327.77083333333337, y=82.70833333333334, z=-232.125}
 DistanceC: 15.669917336355468
Relative Position: LorenzVec{x=-15.669917336355468, y=-30.120970557915342, z=-3.551411408492612}
 }
22:02:29 `Bat`638573 missed {
 is already Found: false).
 Position: LorenzVec{x=-327.77083333333337, y=82.70833333333334, z=-231.125}
 DistanceC: 15.669917336355468
Relative Position: LorenzVec{x=-15.669917336355468, y=-30.120970557915342, z=-2.551411408492612}
 }
22:02:29 `Bat`638575 missed {
 is already Found: false).
 Position: LorenzVec{x=-327.77083333333337, y=82.70833333333334, z=-230.125}
 DistanceC: 15.669917336355468
Relative Position: LorenzVec{x=-15.669917336355468, y=-30.120970557915342, z=-1.551411408492612}
 }
22:02:29 `Bat`638577 missed {
 is already Found: false).
 Position: LorenzVec{x=-326.77083333333337, y=82.70833333333334, z=-231.125}
 DistanceC: 15.27129154544923
Relative Position: LorenzVec{x=-15.27129154544923, y=-29.334946128246187, z=-2.899954525986061}
 }
22:02:29 `Bat`638833 missed {
 is already Found: false).
 Position: LorenzVec{x=-326.01041666666663, y=80.22916666666666, z=-237.6875}
 DistanceC: 15.095648172417384
Relative Position: LorenzVec{x=-15.095648172417384, y=-30.748750894240644, z=-9.794317953415344}
 }
22:02:30 `Bat`638835 missed {
 is already Found: false).
 Position: LorenzVec{x=-325.01041666666663, y=80.22916666666666, z=-238.6875}
 DistanceC: 14.842544285173062
Relative Position: LorenzVec{x=-14.842544285173062, y=-30.390833323200553, z=-11.913739626326674}
 }
22:02:30 `Bat`638837 missed {
 is already Found: false).
 Position: LorenzVec{x=-325.01041666666663, y=80.22916666666666, z=-237.6875}
 DistanceC: 14.842544285173062
Relative Position: LorenzVec{x=-14.842544285173062, y=-30.390833323200553, z=-10.913739626326674}
 }
22:02:30 `Bat`638839 missed {
 is already Found: false).
 Position: LorenzVec{x=-325.01041666666663, y=80.22916666666666, z=-236.6875}
 DistanceC: 14.842544285173062
Relative Position: LorenzVec{x=-14.842544285173062, y=-30.390833323200553, z=-9.913739626326674}
 }
22:02:30 `Bat`638841 missed {
 is already Found: false).
 Position: LorenzVec{x=-324.01041666666663, y=80.22916666666666, z=-239.6875}
 DistanceC: 13.999719108996317
Relative Position: LorenzVec{x=-13.999719108996317, y=-31.36024933250006, z=-13.757768749328761}
 }
22:02:30 `Bat`638843 missed {
 is already Found: false).
 Position: LorenzVec{x=-324.01041666666663, y=80.22916666666666, z=-238.6875}
 DistanceC: 13.999719108996317
Relative Position: LorenzVec{x=-13.999719108996317, y=-31.36024933250006, z=-12.757768749328761}
 }
22:02:30 `Bat`638845 missed {
 is already Found: false).
 Position: LorenzVec{x=-324.01041666666663, y=80.22916666666666, z=-237.6875}
 DistanceC: 13.999719108996317
Relative Position: LorenzVec{x=-13.999719108996317, y=-31.36024933250006, z=-11.757768749328761}
 }
22:02:30 `Bat`638847 missed {
 is already Found: false).
 Position: LorenzVec{x=-324.01041666666663, y=80.22916666666666, z=-236.6875}
 DistanceC: 13.999719108996317
Relative Position: LorenzVec{x=-13.999719108996317, y=-31.36024933250006, z=-10.757768749328761}
 }
22:02:30 `Bat`638849 missed {
 is already Found: false).
 Position: LorenzVec{x=-324.01041666666663, y=80.22916666666666, z=-235.6875}
 DistanceC: 13.999719108996317
Relative Position: LorenzVec{x=-13.999719108996317, y=-31.36024933250006, z=-9.757768749328761}
 }
22:02:30 `Bat`638851 missed {
 is already Found: false).
 Position: LorenzVec{x=-323.01041666666663, y=80.22916666666666, z=-238.6875}
 DistanceC: 13.797246569077203
Relative Position: LorenzVec{x=-13.049992498656252, y=-32.1646129361945, z=-13.797246569077203}
 }
22:02:30 `Bat`638853 missed {
 is already Found: false).
 Position: LorenzVec{x=-323.01041666666663, y=80.22916666666666, z=-237.6875}
 DistanceC: 13.049992498656252
Relative Position: LorenzVec{x=-13.049992498656252, y=-32.1646129361945, z=-12.797246569077203}
 }
22:02:30 `Bat`638855 missed {
 is already Found: false).
 Position: LorenzVec{x=-323.01041666666663, y=80.22916666666666, z=-236.6875}
 DistanceC: 13.049992498656252
Relative Position: LorenzVec{x=-13.049992498656252, y=-32.1646129361945, z=-11.797246569077203}
 }
22:03:02 `Bat`640803 missed {
 is already Found: false).
 Position: LorenzVec{x=-330.625, y=44.5, z=-246.375}
 DistanceC: 19.414342571722443
Relative Position: LorenzVec{x=-3.961843262916375, y=-66.5, z=-19.414342571722443}
 }
22:03:02 `Bat`640805 missed {
 is already Found: false).
 Position: LorenzVec{x=-330.625, y=44.5, z=-245.375}
 DistanceC: 18.414342571722443
Relative Position: LorenzVec{x=-3.961843262916375, y=-66.5, z=-18.414342571722443}
 }
22:03:02 `Bat`640807 missed {
 is already Found: false).
 Position: LorenzVec{x=-329.625, y=44.5, z=-248.375}
 DistanceC: 21.414342571722443
Relative Position: LorenzVec{x=-2.961843262916375, y=-66.5, z=-21.414342571722443}
 }
22:03:02 `Bat`640809 missed {
 is already Found: false).
 Position: LorenzVec{x=-329.625, y=44.5, z=-247.375}
 DistanceC: 20.414342571722443
Relative Position: LorenzVec{x=-2.961843262916375, y=-66.5, z=-20.414342571722443}
 }
22:03:02 `Bat`640811 missed {
 is already Found: false).
 Position: LorenzVec{x=-329.625, y=44.5, z=-246.375}
 DistanceC: 19.414342571722443
Relative Position: LorenzVec{x=-2.961843262916375, y=-66.5, z=-19.414342571722443}
 }
22:03:02 `Bat`640813 missed {
 is already Found: false).
 Position: LorenzVec{x=-329.625, y=44.5, z=-245.375}
 DistanceC: 18.414342571722443
Relative Position: LorenzVec{x=-2.961843262916375, y=-66.5, z=-18.414342571722443}
 }
22:03:02 `Bat`640815 missed {
 is already Found: false).
 Position: LorenzVec{x=-329.625, y=44.5, z=-244.375}
 DistanceC: 17.414342571722443
Relative Position: LorenzVec{x=-2.961843262916375, y=-66.5, z=-17.414342571722443}
 }
22:03:02 `Bat`640817 missed {
 is already Found: false).
 Position: LorenzVec{x=-328.625, y=44.5, z=-247.375}
 DistanceC: 20.414342571722443
Relative Position: LorenzVec{x=-1.961843262916375, y=-66.5, z=-20.414342571722443}
 }
22:03:02 `Bat`640819 missed {
 is already Found: false).
 Position: LorenzVec{x=-328.625, y=44.5, z=-246.375}
 DistanceC: 19.414342571722443
Relative Position: LorenzVec{x=-1.961843262916375, y=-66.5, z=-19.414342571722443}
 }
22:03:02 `Bat`640821 missed {
 is already Found: false).
 Position: LorenzVec{x=-328.625, y=44.5, z=-245.375}
 DistanceC: 18.414342571722443
Relative Position: LorenzVec{x=-1.961843262916375, y=-66.5, z=-18.414342571722443}
 }
22:03:02 `Bat`640823 missed {
 is already Found: false).
 Position: LorenzVec{x=-327.625, y=44.5, z=-246.375}
 DistanceC: 19.414342571722443
Relative Position: LorenzVec{x=-0.9618432629163749, y=-66.5, z=-19.414342571722443}
 }
22:03:02 `Bat`640825 missed {
 is already Found: false).
 Position: LorenzVec{x=-330.625, y=43.5, z=-246.375}
 DistanceC: 19.414342571722443
Relative Position: LorenzVec{x=-3.961843262916375, y=-67.5, z=-19.414342571722443}
 }
22:03:02 `Bat`640827 missed {
 is already Found: false).
 Position: LorenzVec{x=-329.625, y=43.5, z=-247.375}
 DistanceC: 20.414342571722443
Relative Position: LorenzVec{x=-2.961843262916375, y=-67.5, z=-20.414342571722443}
 }
22:03:02 `Bat`640829 missed {
 is already Found: false).
 Position: LorenzVec{x=-329.625, y=43.5, z=-246.375}
 DistanceC: 19.414342571722443
Relative Position: LorenzVec{x=-2.961843262916375, y=-67.5, z=-19.414342571722443}
 }
22:03:02 `Bat`640831 missed {
 is already Found: false).
 Position: LorenzVec{x=-329.625, y=43.5, z=-245.375}
 DistanceC: 18.414342571722443
Relative Position: LorenzVec{x=-2.961843262916375, y=-67.5, z=-18.414342571722443}
 }
22:03:02 `Bat`640833 missed {
 is already Found: false).
 Position: LorenzVec{x=-328.625, y=43.5, z=-246.375}
 DistanceC: 19.414342571722443
Relative Position: LorenzVec{x=-1.961843262916375, y=-67.5, z=-19.414342571722443}
 }
22:04:17 `Skeleton`642984 missed {
 is already Found: false).
 Position: LorenzVec{x=-296.6875, y=95.0, z=-224.90625}
 DistanceC: 21.900627125102517
Relative Position: LorenzVec{x=21.900627125102517, y=-16.0, z=3.663575415074888}
 }
22:04:25 `Bat`644771 missed {
 is already Found: false).
 Position: LorenzVec{x=-310.90625, y=44.8125, z=-227.72916666666669}
 DistanceC: 7.681877125102517
Relative Position: LorenzVec{x=7.681877125102517, y=-66.1875, z=0.8406587484082024}
 }
22:04:25 `Bat`644773 missed {
 is already Found: false).
 Position: LorenzVec{x=-310.90625, y=44.8125, z=-226.72916666666669}
 DistanceC: 7.681877125102517
Relative Position: LorenzVec{x=7.681877125102517, y=-66.1875, z=1.8406587484082024}
 }
22:04:25 `Bat`644775 missed {
 is already Found: false).
 Position: LorenzVec{x=-310.90625, y=44.8125, z=-225.72916666666669}
 DistanceC: 7.681877125102517
Relative Position: LorenzVec{x=7.681877125102517, y=-66.1875, z=2.8406587484082024}
 }
22:04:25 `Bat`644777 missed {
 is already Found: false).
 Position: LorenzVec{x=-309.90625, y=44.8125, z=-226.72916666666669}
 DistanceC: 8.681877125102517
Relative Position: LorenzVec{x=8.681877125102517, y=-66.1875, z=1.8406587484082024}
 }
22:04:25 `Bat`644779 missed {
 is already Found: false).
 Position: LorenzVec{x=-312.90625, y=43.8125, z=-226.72916666666669}
 DistanceC: 5.681877125102517
Relative Position: LorenzVec{x=5.681877125102517, y=-67.1875, z=1.8406587484082024}
 }
22:04:25 `Bat`644781 missed {
 is already Found: false).
 Position: LorenzVec{x=-311.90625, y=43.8125, z=-227.72916666666669}
 DistanceC: 6.681877125102517
Relative Position: LorenzVec{x=6.681877125102517, y=-67.1875, z=0.8406587484082024}
 }
22:04:25 `Bat`644783 missed {
 is already Found: false).
 Position: LorenzVec{x=-311.90625, y=43.8125, z=-226.72916666666669}
 DistanceC: 6.681877125102517
Relative Position: LorenzVec{x=6.681877125102517, y=-67.1875, z=1.8406587484082024}
 }
22:04:25 `Bat`644785 missed {
 is already Found: false).
 Position: LorenzVec{x=-311.90625, y=43.8125, z=-225.72916666666669}
 DistanceC: 6.681877125102517
Relative Position: LorenzVec{x=6.681877125102517, y=-67.1875, z=2.8406587484082024}
 }
22:04:25 `Bat`644787 missed {
 is already Found: false).
 Position: LorenzVec{x=-310.90625, y=43.8125, z=-226.72916666666669}
 DistanceC: 7.681877125102517
Relative Position: LorenzVec{x=7.681877125102517, y=-67.1875, z=1.8406587484082024}
 }
22:04:27 `Bat`644823 missed {
 is already Found: false).
 Position: LorenzVec{x=-312.25, y=44.875, z=-235.53125}
 DistanceC: 6.961424584925112
Relative Position: LorenzVec{x=6.338127125102517, y=-66.125, z=-6.961424584925112}
 }
22:04:27 `Bat`644825 missed {
 is already Found: false).
 Position: LorenzVec{x=-311.25, y=44.875, z=-236.53125}
 DistanceC: 7.961424584925112
Relative Position: LorenzVec{x=7.338127125102517, y=-66.125, z=-7.961424584925112}
 }
22:04:27 `Bat`644827 missed {
 is already Found: false).
 Position: LorenzVec{x=-311.25, y=44.875, z=-235.53125}
 DistanceC: 7.338127125102517
Relative Position: LorenzVec{x=7.338127125102517, y=-66.125, z=-6.961424584925112}
 }
22:04:27 `Bat`644829 missed {
 is already Found: false).
 Position: LorenzVec{x=-311.25, y=44.875, z=-234.53125}
 DistanceC: 7.338127125102517
Relative Position: LorenzVec{x=7.338127125102517, y=-66.125, z=-5.961424584925112}
 }
22:04:27 `Bat`644831 missed {
 is already Found: false).
 Position: LorenzVec{x=-310.25, y=44.875, z=-237.53125}
 DistanceC: 8.961424584925112
Relative Position: LorenzVec{x=8.338127125102517, y=-66.125, z=-8.961424584925112}
 }
22:04:27 `Bat`644833 missed {
 is already Found: false).
 Position: LorenzVec{x=-310.25, y=44.875, z=-236.53125}
 DistanceC: 8.338127125102517
Relative Position: LorenzVec{x=8.338127125102517, y=-66.125, z=-7.961424584925112}
 }
22:04:27 `Bat`644835 missed {
 is already Found: false).
 Position: LorenzVec{x=-310.25, y=44.875, z=-235.53125}
 DistanceC: 8.338127125102517
Relative Position: LorenzVec{x=8.338127125102517, y=-66.125, z=-6.961424584925112}
 }
22:04:27 `Bat`644837 missed {
 is already Found: false).
 Position: LorenzVec{x=-310.25, y=44.875, z=-234.53125}
 DistanceC: 8.338127125102517
Relative Position: LorenzVec{x=8.338127125102517, y=-66.125, z=-5.961424584925112}
 }
22:04:27 `Bat`644839 missed {
 is already Found: false).
 Position: LorenzVec{x=-310.25, y=44.875, z=-233.53125}
 DistanceC: 8.338127125102517
Relative Position: LorenzVec{x=8.338127125102517, y=-66.125, z=-4.961424584925112}
 }
22:04:27 `Bat`644841 missed {
 is already Found: false).
 Position: LorenzVec{x=-309.25, y=44.875, z=-236.53125}
 DistanceC: 9.338127125102517
Relative Position: LorenzVec{x=9.338127125102517, y=-66.125, z=-7.961424584925112}
 }
22:04:27 `Bat`644843 missed {
 is already Found: false).
 Position: LorenzVec{x=-309.25, y=44.875, z=-235.53125}
 DistanceC: 9.338127125102517
Relative Position: LorenzVec{x=9.338127125102517, y=-66.125, z=-6.961424584925112}
 }
22:04:27 `Bat`644845 missed {
 is already Found: false).
 Position: LorenzVec{x=-309.25, y=44.875, z=-234.53125}
 DistanceC: 9.338127125102517
Relative Position: LorenzVec{x=9.338127125102517, y=-66.125, z=-5.961424584925112}
 }
22:04:27 `Bat`644847 missed {
 is already Found: false).
 Position: LorenzVec{x=-308.25, y=44.875, z=-235.53125}
 DistanceC: 10.338127125102517
Relative Position: LorenzVec{x=10.338127125102517, y=-66.125, z=-6.961424584925112}
 }
22:04:27 `Bat`644849 missed {
 is already Found: false).
 Position: LorenzVec{x=-311.25, y=43.875, z=-235.53125}
 DistanceC: 7.338127125102517
Relative Position: LorenzVec{x=7.338127125102517, y=-67.125, z=-6.961424584925112}
 }
22:04:27 `Bat`644851 missed {
 is already Found: false).
 Position: LorenzVec{x=-310.25, y=43.875, z=-236.53125}
 DistanceC: 8.338127125102517
Relative Position: LorenzVec{x=8.338127125102517, y=-67.125, z=-7.961424584925112}
 }
22:04:27 `Bat`644853 missed {
 is already Found: false).
 Position: LorenzVec{x=-310.25, y=43.875, z=-235.53125}
 DistanceC: 8.338127125102517
Relative Position: LorenzVec{x=8.338127125102517, y=-67.125, z=-6.961424584925112}
 }
22:04:27 `Bat`644855 missed {
 is already Found: false).
 Position: LorenzVec{x=-310.25, y=43.875, z=-234.53125}
 DistanceC: 8.338127125102517
Relative Position: LorenzVec{x=8.338127125102517, y=-67.125, z=-5.961424584925112}
 }
22:04:27 `Bat`644857 missed {
 is already Found: false).
 Position: LorenzVec{x=-309.25, y=43.875, z=-235.53125}
 DistanceC: 9.338127125102517
Relative Position: LorenzVec{x=9.338127125102517, y=-67.125, z=-6.961424584925112}
 }
22:04:48 `Bat`644938 missed {
 is already Found: false).
 Position: LorenzVec{x=-349.46875, y=50.0625, z=-236.0}
 DistanceC: 10.768759617834974
Relative Position: LorenzVec{x=10.768759617834974, y=-65.40941781987158, z=6.878686049028175}
 }
22:04:48 `Bat`644932 missed {
 is already Found: false).
 Position: LorenzVec{x=-350.46875, y=50.0625, z=-237.0}
 DistanceC: 9.819119821528318
Relative Position: LorenzVec{x=9.819119821528318, y=-64.98077946157953, z=6.040693395392964}
 }
22:04:48 `Bat`644934 missed {
 is already Found: false).
 Position: LorenzVec{x=-350.46875, y=50.0625, z=-236.0}
 DistanceC: 9.819119821528318
Relative Position: LorenzVec{x=9.819119821528318, y=-64.98077946157953, z=7.040693395392964}
 }
22:04:48 `Bat`644936 missed {
 is already Found: false).
 Position: LorenzVec{x=-350.46875, y=50.0625, z=-235.0}
 DistanceC: 9.819119821528318
Relative Position: LorenzVec{x=9.819119821528318, y=-64.98077946157953, z=8.040693395392964}
 }
22:04:48 `Bat`644922 missed {
 is already Found: false).
 Position: LorenzVec{x=-351.46875, y=50.0625, z=-238.0}
 DistanceC: 8.906650895292273
Relative Position: LorenzVec{x=8.906650895292273, y=-63.9375, z=5.322278376091219}
 }
22:04:48 `Bat`644924 missed {
 is already Found: false).
 Position: LorenzVec{x=-351.46875, y=50.0625, z=-237.0}
 DistanceC: 8.906650895292273
Relative Position: LorenzVec{x=8.906650895292273, y=-63.9375, z=6.322278376091219}
 }
22:04:48 `Bat`644926 missed {
 is already Found: false).
 Position: LorenzVec{x=-351.46875, y=50.0625, z=-236.0}
 DistanceC: 8.906650895292273
Relative Position: LorenzVec{x=8.906650895292273, y=-63.9375, z=7.322278376091219}
 }
22:04:48 `Bat`644928 missed {
 is already Found: false).
 Position: LorenzVec{x=-351.46875, y=50.0625, z=-235.0}
 DistanceC: 8.906650895292273
Relative Position: LorenzVec{x=8.906650895292273, y=-63.9375, z=8.32227837609122}
 }
22:04:48 `Bat`644930 missed {
 is already Found: false).
 Position: LorenzVec{x=-351.46875, y=50.0625, z=-234.0}
 DistanceC: 9.32227837609122
Relative Position: LorenzVec{x=8.906650895292273, y=-63.9375, z=9.32227837609122}
 }
22:04:48 `Bat`644942 missed {
 is already Found: false).
 Position: LorenzVec{x=-351.46875, y=49.0625, z=-237.0}
 DistanceC: 8.906650895292273
Relative Position: LorenzVec{x=8.906650895292273, y=-64.9375, z=6.322278376091219}
 }
22:04:48 `Bat`644944 missed {
 is already Found: false).
 Position: LorenzVec{x=-351.46875, y=49.0625, z=-236.0}
 DistanceC: 8.906650895292273
Relative Position: LorenzVec{x=8.906650895292273, y=-64.9375, z=7.322278376091219}
 }
22:04:48 `Bat`644916 missed {
 is already Found: false).
 Position: LorenzVec{x=-352.46875, y=50.0625, z=-237.0}
 DistanceC: 8.019568972323782
Relative Position: LorenzVec{x=8.019568972323782, y=-63.9375, z=6.499484945428605}
 }
22:04:48 `Bat`644918 missed {
 is already Found: false).
 Position: LorenzVec{x=-352.46875, y=50.0625, z=-236.0}
 DistanceC: 8.019568972323782
Relative Position: LorenzVec{x=8.019568972323782, y=-63.9375, z=7.499484945428605}
 }
22:04:48 `Bat`644920 missed {
 is already Found: false).
 Position: LorenzVec{x=-352.46875, y=50.0625, z=-235.0}
 DistanceC: 8.499484945428605
Relative Position: LorenzVec{x=8.019568972323782, y=-63.9375, z=8.499484945428605}
 }
22:04:48 `Bat`644940 missed {
 is already Found: false).
 Position: LorenzVec{x=-352.46875, y=49.0625, z=-236.0}
 DistanceC: 8.019568972323782
Relative Position: LorenzVec{x=8.019568972323782, y=-64.9375, z=7.499484945428605}
 }
22:04:48 `Bat`644914 missed {
 is already Found: false).
 Position: LorenzVec{x=-353.46875, y=50.0625, z=-236.0}
 DistanceC: 7.616592770213231
Relative Position: LorenzVec{x=7.172021260834242, y=-63.9375, z=7.616592770213231}
 }
22:04:49 `Bat`644995 missed {
 is already Found: false).
 Position: LorenzVec{x=-364.75, y=56.40625, z=-248.9375}
 DistanceC: 5.237500011920929
Relative Position: LorenzVec{x=-4.393319785371432, y=-57.59375, z=-5.237500011920929}
 }
22:04:49 `Bat`644989 missed {
 is already Found: false).
 Position: LorenzVec{x=-365.75, y=56.40625, z=-247.9375}
 DistanceC: 5.393319785371432
Relative Position: LorenzVec{x=-5.393319785371432, y=-57.59375, z=-4.237500011920929}
 }
22:04:49 `Bat`644991 missed {
 is already Found: false).
 Position: LorenzVec{x=-365.75, y=56.40625, z=-246.9375}
 DistanceC: 5.393319785371432
Relative Position: LorenzVec{x=-5.393319785371432, y=-57.59375, z=-3.237500011920929}
 }
22:04:49 `Bat`644993 missed {
 is already Found: false).
 Position: LorenzVec{x=-365.75, y=56.40625, z=-245.9375}
 DistanceC: 5.393319785371432
Relative Position: LorenzVec{x=-5.393319785371432, y=-57.59375, z=-2.237500011920929}
 }
22:04:49 `Bat`644987 missed {
 is already Found: false).
 Position: LorenzVec{x=-366.75, y=56.40625, z=-246.9375}
 DistanceC: 6.393319785371432
Relative Position: LorenzVec{x=-6.393319785371432, y=-57.59375, z=-3.237500011920929}
 }
22:05:05 `Bat`646466 missed {
 is already Found: false).
 Position: LorenzVec{x=-335.64583333333337, y=45.27083333333333, z=-239.89583333333331}
 DistanceC: 14.789817899972263
Relative Position: LorenzVec{x=-14.789817899972263, y=-63.72916666666667, z=12.254099192016326}
 }
22:05:06 `Bat`646458 missed {
 is already Found: false).
 Position: LorenzVec{x=-337.64583333333337, y=45.27083333333333, z=-237.89583333333331}
 DistanceC: 18.43916221810548
Relative Position: LorenzVec{x=-18.43916221810548, y=-63.72916666666667, z=11.60974093844996}
 }
22:05:06 `Bat`646460 missed {
 is already Found: false).
 Position: LorenzVec{x=-336.64583333333337, y=45.27083333333333, z=-238.89583333333331}
 DistanceC: 17.43916221810548
Relative Position: LorenzVec{x=-17.43916221810548, y=-63.72916666666667, z=10.60974093844996}
 }
22:05:06 `Bat`646468 missed {
 is already Found: false).
 Position: LorenzVec{x=-335.64583333333337, y=45.27083333333333, z=-238.89583333333331}
 DistanceC: 17.01496451388192
Relative Position: LorenzVec{x=-17.01496451388192, y=-63.72916666666667, z=8.063894239875822}
 }
22:05:06 `Bat`646486 missed {
 is already Found: false).
 Position: LorenzVec{x=-335.64583333333337, y=44.27083333333333, z=-238.89583333333331}
 DistanceC: 17.01496451388192
Relative Position: LorenzVec{x=-17.01496451388192, y=-64.72916666666667, z=8.063894239875822}
 }
22:05:06 `Bat`646462 missed {
 is already Found: false).
 Position: LorenzVec{x=-336.64583333333337, y=45.27083333333333, z=-237.89583333333331}
 DistanceC: 18.750923746491083
Relative Position: LorenzVec{x=-18.750923746491083, y=-64.87836665690342, z=6.378689209620177}
 }
22:05:06 `Bat`646476 missed {
 is already Found: false).
 Position: LorenzVec{x=-334.64583333333337, y=45.27083333333333, z=-238.89583333333331}
 DistanceC: 16.750923746491083
Relative Position: LorenzVec{x=-16.750923746491083, y=-64.87836665690342, z=5.378689209620177}
 }
22:05:06 `Bat`646484 missed {
 is already Found: false).
 Position: LorenzVec{x=-336.64583333333337, y=44.27083333333333, z=-237.89583333333331}
 DistanceC: 18.750923746491083
Relative Position: LorenzVec{x=-18.750923746491083, y=-65.87836665690342, z=6.378689209620177}
 }
22:05:06 `Bat`646470 missed {
 is already Found: false).
 Position: LorenzVec{x=-335.64583333333337, y=45.27083333333333, z=-237.89583333333331}
 DistanceC: 17.990470537599947
Relative Position: LorenzVec{x=-17.990470537599947, y=-65.93914582837212, z=6.189978315237056}
 }
22:05:06 `Bat`646488 missed {
 is already Found: false).
 Position: LorenzVec{x=-335.64583333333337, y=44.27083333333333, z=-237.89583333333331}
 DistanceC: 17.990470537599947
Relative Position: LorenzVec{x=-17.990470537599947, y=-66.93914582837212, z=6.189978315237056}
 }
22:05:06 `Bat`646464 missed {
 is already Found: false).
 Position: LorenzVec{x=-336.64583333333337, y=45.27083333333333, z=-236.89583333333331}
 DistanceC: 19.138144736444417
Relative Position: LorenzVec{x=-19.138144736444417, y=-66.18842479588075, z=6.703373556423884}
 }
22:05:06 `Bat`646478 missed {
 is already Found: false).
 Position: LorenzVec{x=-334.64583333333337, y=45.27083333333333, z=-237.89583333333331}
 DistanceC: 17.138144736444417
Relative Position: LorenzVec{x=-17.138144736444417, y=-66.18842479588075, z=5.703373556423884}
 }
22:05:06 `Bat`646492 missed {
 is already Found: false).
 Position: LorenzVec{x=-334.64583333333337, y=44.27083333333333, z=-237.89583333333331}
 DistanceC: 17.138144736444417
Relative Position: LorenzVec{x=-17.138144736444417, y=-67.18842479588075, z=5.703373556423884}
 }
22:05:07 `Bat`646472 missed {
 is already Found: false).
 Position: LorenzVec{x=-335.64583333333337, y=45.27083333333333, z=-236.89583333333331}
 DistanceC: 18.148407678511205
Relative Position: LorenzVec{x=-18.148407678511205, y=-65.55847055791536, z=6.210295732215457}
 }
22:05:07 `Bat`646490 missed {
 is already Found: false).
 Position: LorenzVec{x=-335.64583333333337, y=44.27083333333333, z=-236.89583333333331}
 DistanceC: 18.148407678511205
Relative Position: LorenzVec{x=-18.148407678511205, y=-66.55847055791536, z=6.210295732215457}
 }
22:05:07 `Bat`646482 missed {
 is already Found: false).
 Position: LorenzVec{x=-333.64583333333337, y=45.27083333333333, z=-237.89583333333331}
 DistanceC: 16.13524784444479
Relative Position: LorenzVec{x=-16.13524784444479, y=-65.20108448653825, z=5.027070964268489}
 }
22:05:07 `Bat`646480 missed {
 is already Found: false).
 Position: LorenzVec{x=-334.64583333333337, y=45.27083333333333, z=-236.89583333333331}
 DistanceC: 17.06354265152362
Relative Position: LorenzVec{x=-17.06354265152362, y=-63.72916666666667, z=5.431982852057956}
 }
22:05:07 `Bat`646474 missed {
 is already Found: false).
 Position: LorenzVec{x=-335.64583333333337, y=45.27083333333333, z=-235.89583333333331}
 DistanceC: 17.9458333452543
Relative Position: LorenzVec{x=-17.9458333452543, y=-64.34916665653388, z=6.404166678587615}
 }
22:05:10 `Bat`646397 missed {
 is already Found: false).
 Position: LorenzVec{x=-332.375, y=45.9375, z=-229.3125}
 DistanceC: 3.675337882255519
Relative Position: LorenzVec{x=-0.7989732647628216, y=-66.0625, z=-3.675337882255519}
 }
22:05:10 `Bat`646391 missed {
 is already Found: false).
 Position: LorenzVec{x=-333.375, y=45.9375, z=-228.3125}
 DistanceC: 2.8218431708703235
Relative Position: LorenzVec{x=-0.9400519318612055, y=-66.68249998986721, z=-2.8218431708703235}
 }
22:05:10 `Bat`646389 missed {
 is already Found: false).
 Position: LorenzVec{x=-334.375, y=45.9375, z=-227.3125}
 DistanceC: 2.0379177402434436
Relative Position: LorenzVec{x=-0.5120821854827682, y=-68.00492769478866, z=-2.0379177402434436}
 }
22:05:10 `Bat`646399 missed {
 is already Found: false).
 Position: LorenzVec{x=-332.375, y=45.9375, z=-228.3125}
 DistanceC: 3.0970608358756238
Relative Position: LorenzVec{x=1.9302775221353272, y=-68.27247916170545, z=-3.0970608358756238}
 }
22:05:10 `Bat`646415 missed {
 is already Found: false).
 Position: LorenzVec{x=-332.375, y=44.9375, z=-228.3125}
 DistanceC: 3.0970608358756238
Relative Position: LorenzVec{x=1.9302775221353272, y=-69.27247916170545, z=-3.0970608358756238}
 }
22:05:10 `Bat`646407 missed {
 is already Found: false).
 Position: LorenzVec{x=-331.375, y=45.9375, z=-228.3125}
 DistanceC: 3.77328898290466
Relative Position: LorenzVec{x=3.77328898290466, y=-68.55800403717359, z=-3.2001722653200773}
 }
22:05:10 `Bat`646393 missed {
 is already Found: false).
 Position: LorenzVec{x=-333.375, y=45.9375, z=-227.3125}
 DistanceC: 2.2443265332570945
Relative Position: LorenzVec{x=2.1763984188843892, y=-68.57929398321414, z=-2.2443265332570945}
 }
22:05:10 `Bat`646413 missed {
 is already Found: false).
 Position: LorenzVec{x=-333.375, y=44.9375, z=-227.3125}
 DistanceC: 2.2443265332570945
Relative Position: LorenzVec{x=2.1763984188843892, y=-69.57929398321414, z=-2.2443265332570945}
 }
22:05:10 `Bat`646401 missed {
 is already Found: false).
 Position: LorenzVec{x=-332.375, y=45.9375, z=-227.3125}
 DistanceC: 4.688559301762837
Relative Position: LorenzVec{x=4.688559301762837, y=-67.89180389124868, z=-2.358185451138212}
 }
22:05:10 `Bat`646417 missed {
 is already Found: false).
 Position: LorenzVec{x=-332.375, y=44.9375, z=-227.3125}
 DistanceC: 4.688559301762837
Relative Position: LorenzVec{x=4.688559301762837, y=-68.89180389124868, z=-2.358185451138212}
 }
22:05:10 `Bat`646409 missed {
 is already Found: false).
 Position: LorenzVec{x=-331.375, y=45.9375, z=-227.3125}
 DistanceC: 6.395970324521045
Relative Position: LorenzVec{x=6.395970324521045, y=-67.10577946157953, z=-2.382142060548091}
 }
22:05:10 `Bat`646421 missed {
 is already Found: false).
 Position: LorenzVec{x=-331.375, y=44.9375, z=-227.3125}
 DistanceC: 6.395970324521045
Relative Position: LorenzVec{x=6.395970324521045, y=-68.10577946157953, z=-2.382142060548091}
 }
22:05:10 `Bat`646395 missed {
 is already Found: false).
 Position: LorenzVec{x=-333.375, y=45.9375, z=-226.3125}
 DistanceC: 6.510512397143714
Relative Position: LorenzVec{x=6.510512397143714, y=-67.21169999023675, z=-1.326782138727964}
 }
22:05:11 `Bat`646403 missed {
 is already Found: false).
 Position: LorenzVec{x=-332.375, y=45.9375, z=-226.3125}
 DistanceC: 9.402162713361975
Relative Position: LorenzVec{x=9.402162713361975, y=-68.45627960286116, z=-1.236075027149809}
 }
22:05:11 `Bat`646419 missed {
 is already Found: false).
 Position: LorenzVec{x=-332.375, y=44.9375, z=-226.3125}
 DistanceC: 9.402162713361975
Relative Position: LorenzVec{x=9.402162713361975, y=-69.45627960286116, z=-1.236075027149809}
 }
22:05:11 `Bat`646411 missed {
 is already Found: false).
 Position: LorenzVec{x=-331.375, y=45.9375, z=-226.3125}
 DistanceC: 11.252860541288044
Relative Position: LorenzVec{x=11.252860541288044, y=-68.57929398321414, z=-1.1926193600013733}
 }
22:05:11 `Bat`646405 missed {
 is already Found: false).
 Position: LorenzVec{x=-332.375, y=45.9375, z=-225.3125}
 DistanceC: 11.054162225562436
Relative Position: LorenzVec{x=11.054162225562436, y=-68.38697298967072, z=-0.14772498586984284}
 }
22:05:13 `Bat`646606 missed {
 is already Found: false).
 Position: LorenzVec{x=-354.875, y=51.75, z=-238.59375}
 DistanceC: 2.497291912142714
Relative Position: LorenzVec{x=2.497291912142714, y=-62.64377960286116, z=-2.2964964002786417}
 }
22:05:13 `Bat`646616 missed {
 is already Found: false).
 Position: LorenzVec{x=-353.875, y=51.75, z=-237.59375}
 DistanceC: 4.827877647832054
Relative Position: LorenzVec{x=4.827877647832054, y=-62.574472989670724, z=-1.3457660116996237}
 }
22:05:13 `Bat`646608 missed {
 is already Found: false).
 Position: LorenzVec{x=-354.875, y=51.75, z=-237.59375}
 DistanceC: 4.373724419776863
Relative Position: LorenzVec{x=4.373724419776863, y=-62.079303891248685, z=-1.4991424080537001}
 }
22:05:13 `Bat`646626 missed {
 is already Found: false).
 Position: LorenzVec{x=-354.875, y=50.75, z=-237.59375}
 DistanceC: 4.373724419776863
Relative Position: LorenzVec{x=4.373724419776863, y=-63.079303891248685, z=-1.4991424080537001}
 }
22:05:13 `Bat`646622 missed {
 is already Found: false).
 Position: LorenzVec{x=-352.875, y=51.75, z=-236.59375}
 DistanceC: 6.858752662932432
Relative Position: LorenzVec{x=6.858752662932432, y=-61.29327946157953, z=-0.7198264244892414}
 }
22:05:13 `Bat`646600 missed {
 is already Found: false).
 Position: LorenzVec{x=-355.875, y=51.75, z=-237.59375}
 DistanceC: 4.307824432953282
Relative Position: LorenzVec{x=4.307824432953282, y=-60.25, z=-1.9826899943433318}
 }
22:05:13 `Bat`646618 missed {
 is already Found: false).
 Position: LorenzVec{x=-353.875, y=51.75, z=-236.59375}
 DistanceC: 7.911862683735649
Relative Position: LorenzVec{x=7.911862683735649, y=-61.83941599916672, z=-1.778425293668647}
 }
22:05:13 `Bat`646632 missed {
 is already Found: false).
 Position: LorenzVec{x=-353.875, y=50.75, z=-236.59375}
 DistanceC: 7.911862683735649
Relative Position: LorenzVec{x=7.911862683735649, y=-62.83941599916672, z=-1.778425293668647}
 }
22:05:13 `Bat`646628 missed {
 is already Found: false).
 Position: LorenzVec{x=-354.875, y=50.75, z=-236.59375}
 DistanceC: 7.709814728010031
Relative Position: LorenzVec{x=7.709814728010031, y=-63.45997916170545, z=-2.1576307574067926}
 }
22:05:14 `Bat`646602 missed {
 is already Found: false).
 Position: LorenzVec{x=-355.875, y=51.75, z=-236.59375}
 DistanceC: 8.184354902040411
Relative Position: LorenzVec{x=8.184354902040411, y=-62.70925812921408, z=-2.800133484013145}
 }
22:05:14 `Bat`646620 missed {
 is already Found: false).
 Position: LorenzVec{x=-353.875, y=51.75, z=-235.59375}
 DistanceC: 10.184354902040411
Relative Position: LorenzVec{x=10.184354902040411, y=-62.70925812921408, z=-1.8001334840131449}
 }
22:05:14 `Bat`646624 missed {
 is already Found: false).
 Position: LorenzVec{x=-355.875, y=50.75, z=-236.59375}
 DistanceC: 8.184354902040411
Relative Position: LorenzVec{x=8.184354902040411, y=-63.70925812921408, z=-2.800133484013145}
 }
22:05:14 `Bat`646612 missed {
 is already Found: false).
 Position: LorenzVec{x=-354.875, y=51.75, z=-235.59375}
 DistanceC: 9.53310171942644
Relative Position: LorenzVec{x=9.53310171942644, y=-62.574472989670724, z=-1.9399480103537599}
 }
22:05:14 `Bat`646630 missed {
 is already Found: false).
 Position: LorenzVec{x=-354.875, y=50.75, z=-235.59375}
 DistanceC: 9.53310171942644
Relative Position: LorenzVec{x=9.53310171942644, y=-63.574472989670724, z=-1.9399480103537599}
 }
22:05:14 `Bat`646598 missed {
 is already Found: false).
 Position: LorenzVec{x=-356.875, y=51.75, z=-236.59375}
 DistanceC: 8.212298372896726
Relative Position: LorenzVec{x=8.212298372896726, y=-62.079303891248685, z=-3.1954427269531323}
 }
22:05:14 `Bat`646614 missed {
 is already Found: false).
 Position: LorenzVec{x=-354.875, y=51.75, z=-234.59375}
 DistanceC: 10.212298372896726
Relative Position: LorenzVec{x=10.212298372896726, y=-62.079303891248685, z=-1.1954427269531323}
 }
22:05:14 `Bat`646604 missed {
 is already Found: false).
 Position: LorenzVec{x=-355.875, y=51.75, z=-235.59375}
 DistanceC: 9.538120560482696
Relative Position: LorenzVec{x=9.538120560482696, y=-61.72191781987158, z=-2.290237564791454}
 }
22:05:14 `Bat`646703 missed {
 is already Found: false).
 Position: LorenzVec{x=-363.53125, y=56.0, z=-246.40625}
 DistanceC: 14.169685511219285
Relative Position: LorenzVec{x=9.048888925464496, y=-55.0, z=-14.169685511219285}
 }
22:05:14 `Bat`646705 missed {
 is already Found: false).
 Position: LorenzVec{x=-363.53125, y=56.0, z=-245.40625}
 DistanceC: 13.169685511219285
Relative Position: LorenzVec{x=9.048888925464496, y=-55.0, z=-13.169685511219285}
 }
22:05:14 `Bat`646707 missed {
 is already Found: false).
 Position: LorenzVec{x=-363.53125, y=56.0, z=-244.40625}
 DistanceC: 12.169685511219285
Relative Position: LorenzVec{x=9.048888925464496, y=-55.0, z=-12.169685511219285}
 }
22:05:15 `Bat`646695 missed {
 is already Found: false).
 Position: LorenzVec{x=-364.53125, y=56.0, z=-246.40625}
 DistanceC: 15.694092859200197
Relative Position: LorenzVec{x=9.677301853192205, y=-54.231523797587016, z=-15.694092859200197}
 }
22:05:15 `Bat`646697 missed {
 is already Found: false).
 Position: LorenzVec{x=-364.53125, y=56.0, z=-245.40625}
 DistanceC: 14.694092859200197
Relative Position: LorenzVec{x=9.677301853192205, y=-54.231523797587016, z=-14.694092859200197}
 }
22:05:15 `Bat`646699 missed {
 is already Found: false).
 Position: LorenzVec{x=-364.53125, y=56.0, z=-244.40625}
 DistanceC: 13.694092859200197
Relative Position: LorenzVec{x=9.677301853192205, y=-54.231523797587016, z=-13.694092859200197}
 }
22:05:15 `Bat`646701 missed {
 is already Found: false).
 Position: LorenzVec{x=-364.53125, y=56.0, z=-243.40625}
 DistanceC: 12.694092859200197
Relative Position: LorenzVec{x=9.677301853192205, y=-54.231523797587016, z=-12.694092859200197}
 }
22:05:15 `Bat`646687 missed {
 is already Found: false).
 Position: LorenzVec{x=-365.53125, y=56.0, z=-246.40625}
 DistanceC: 18.555139723703206
Relative Position: LorenzVec{x=10.900365893110973, y=-54.0, z=-18.555139723703206}
 }
22:05:15 `Bat`646689 missed {
 is already Found: false).
 Position: LorenzVec{x=-365.53125, y=56.0, z=-245.40625}
 DistanceC: 17.555139723703206
Relative Position: LorenzVec{x=10.900365893110973, y=-54.0, z=-17.555139723703206}
 }
22:05:15 `Bat`646691 missed {
 is already Found: false).
 Position: LorenzVec{x=-365.53125, y=56.0, z=-244.40625}
 DistanceC: 16.555139723703206
Relative Position: LorenzVec{x=10.900365893110973, y=-54.0, z=-16.555139723703206}
 }
22:05:15 `Bat`646693 missed {
 is already Found: false).
 Position: LorenzVec{x=-364.53125, y=56.0, z=-247.40625}
 DistanceC: 21.238327231760763
Relative Position: LorenzVec{x=12.215624379828682, y=-54.0, z=-21.238327231760763}
 }
22:05:15 `Bat`646685 missed {
 is already Found: false).
 Position: LorenzVec{x=-366.53125, y=56.0, z=-245.40625}
 DistanceC: 20.108121367209577
Relative Position: LorenzVec{x=10.283819480653506, y=-54.0, z=-20.108121367209577}
 }
22:05:19 `Bat`646312 missed {
 is already Found: false).
 Position: LorenzVec{x=-317.40625, y=44.45833333333333, z=-225.21875}
 DistanceC: 18.14444370827232
Relative Position: LorenzVec{x=18.14444370827232, y=-70.01358448653825, z=-8.85917203897867}
 }
22:05:20 `Bat`646314 missed {
 is already Found: false).
 Position: LorenzVec{x=-316.40625, y=44.45833333333333, z=-226.21875}
 DistanceC: 18.057380400362945
Relative Position: LorenzVec{x=18.057380400362945, y=-68.54166666666667, z=-9.868914919917245}
 }
22:05:20 `Bat`646316 missed {
 is already Found: false).
 Position: LorenzVec{x=-316.40625, y=44.45833333333333, z=-225.21875}
 DistanceC: 17.48348804867709
Relative Position: LorenzVec{x=17.48348804867709, y=-68.54166666666667, z=-8.542854177777429}
 }
22:05:20 `Bat`646318 missed {
 is already Found: false).
 Position: LorenzVec{x=-316.40625, y=44.45833333333333, z=-224.21875}
 DistanceC: 17.081108990877453
Relative Position: LorenzVec{x=17.081108990877453, y=-68.54166666666667, z=-6.963118236729258}
 }
22:05:20 `Bat`646320 missed {
 is already Found: false).
 Position: LorenzVec{x=-315.40625, y=44.45833333333333, z=-227.21875}
 DistanceC: 17.62772579963905
Relative Position: LorenzVec{x=17.62772579963905, y=-68.54166666666667, z=-8.482152452584643}
 }
22:05:20 `Bat`646322 missed {
 is already Found: false).
 Position: LorenzVec{x=-315.40625, y=44.45833333333333, z=-226.21875}
 DistanceC: 17.2118457438429
Relative Position: LorenzVec{x=17.2118457438429, y=-69.16166665653388, z=-6.527206255498953}
 }
22:05:20 `Bat`646324 missed {
 is already Found: false).
 Position: LorenzVec{x=-315.40625, y=44.45833333333333, z=-225.21875}
 DistanceC: 16.973632208069546
Relative Position: LorenzVec{x=16.973632208069546, y=-69.69086665690342, z=-4.98289129766377}
 }
22:05:20 `Bat`646326 missed {
 is already Found: false).
 Position: LorenzVec{x=-315.40625, y=44.45833333333333, z=-224.21875}
 DistanceC: 16.74571488533462
Relative Position: LorenzVec{x=16.74571488533462, y=-70.13108266583339, z=-3.4646503980941645}
 }
22:05:20 `Bat`646328 missed {
 is already Found: false).
 Position: LorenzVec{x=-315.40625, y=44.45833333333333, z=-223.21875}
 DistanceC: 16.31714564264331
Relative Position: LorenzVec{x=16.31714564264331, y=-70.75164582837212, z=-1.4972153152602061}
 }
22:05:27 `Bat`647063 missed {
 is already Found: false).
 Position: LorenzVec{x=-359.8333333333333, y=69.34375, z=-264.6145833333333}
 DistanceC: 13.745449570295108
Relative Position: LorenzVec{x=7.892236520939775, y=-43.65625, z=-13.745449570295108}
 }
22:05:27 `Bat`647053 missed {
 is already Found: false).
 Position: LorenzVec{x=-360.8333333333333, y=69.34375, z=-265.6145833333333}
 DistanceC: 15.095932383053736
Relative Position: LorenzVec{x=7.1421070171431325, y=-43.65625, z=-15.095932383053736}
 }
22:05:27 `Bat`647061 missed {
 is already Found: false).
 Position: LorenzVec{x=-359.8333333333333, y=69.34375, z=-265.6145833333333}
 DistanceC: 15.095932383053736
Relative Position: LorenzVec{x=8.142107017143132, y=-43.65625, z=-15.095932383053736}
 }
22:05:27 `Bat`647069 missed {
 is already Found: false).
 Position: LorenzVec{x=-358.8333333333333, y=69.34375, z=-265.6145833333333}
 DistanceC: 15.095932383053736
Relative Position: LorenzVec{x=9.142107017143132, y=-43.65625, z=-15.095932383053736}
 }
22:05:27 `Bat`647079 missed {
 is already Found: false).
 Position: LorenzVec{x=-359.8333333333333, y=68.34375, z=-265.6145833333333}
 DistanceC: 15.095932383053736
Relative Position: LorenzVec{x=8.142107017143132, y=-44.65625, z=-15.095932383053736}
 }
22:05:27 `Bat`647051 missed {
 is already Found: false).
 Position: LorenzVec{x=-360.8333333333333, y=69.34375, z=-266.6145833333333}
 DistanceC: 16.287296021047325
Relative Position: LorenzVec{x=7.278536323916796, y=-43.57784999847412, z=-16.287296021047325}
 }
22:05:27 `Bat`647059 missed {
 is already Found: false).
 Position: LorenzVec{x=-359.8333333333333, y=69.34375, z=-266.6145833333333}
 DistanceC: 16.287296021047325
Relative Position: LorenzVec{x=8.278536323916796, y=-43.57784999847412, z=-16.287296021047325}
 }
22:05:27 `Bat`647067 missed {
 is already Found: false).
 Position: LorenzVec{x=-358.8333333333333, y=69.34375, z=-266.6145833333333}
 DistanceC: 16.287296021047325
Relative Position: LorenzVec{x=9.278536323916796, y=-43.57784999847412, z=-16.287296021047325}
 }
22:05:27 `Bat`647071 missed {
 is already Found: false).
 Position: LorenzVec{x=-357.8333333333333, y=69.34375, z=-266.6145833333333}
 DistanceC: 16.287296021047325
Relative Position: LorenzVec{x=10.278536323916796, y=-43.57784999847412, z=-16.287296021047325}
 }
22:05:27 `Bat`647073 missed {
 is already Found: false).
 Position: LorenzVec{x=-360.8333333333333, y=68.34375, z=-266.6145833333333}
 DistanceC: 16.287296021047325
Relative Position: LorenzVec{x=7.278536323916796, y=-44.57784999847412, z=-16.287296021047325}
 }
22:05:27 `Bat`647077 missed {
 is already Found: false).
 Position: LorenzVec{x=-359.8333333333333, y=68.34375, z=-266.6145833333333}
 DistanceC: 16.287296021047325
Relative Position: LorenzVec{x=8.278536323916796, y=-44.57784999847412, z=-16.287296021047325}
 }
22:05:27 `Bat`647081 missed {
 is already Found: false).
 Position: LorenzVec{x=-358.8333333333333, y=68.34375, z=-266.6145833333333}
 DistanceC: 16.287296021047325
Relative Position: LorenzVec{x=9.278536323916796, y=-44.57784999847412, z=-16.287296021047325}
 }
22:05:27 `Bat`647574 missed {
 is already Found: false).
 Position: LorenzVec{x=-357.0, y=68.60416666666667, z=-266.5729166666667}
 DistanceC: 16.245629354380696
Relative Position: LorenzVec{x=11.11186965725011, y=-44.31743333180745, z=-16.245629354380696}
 }
22:05:27 `Bat`647049 missed {
 is already Found: false).
 Position: LorenzVec{x=-360.8333333333333, y=69.34375, z=-267.6145833333333}
 DistanceC: 17.314583321412385
Relative Position: LorenzVec{x=7.353026734067441, y=-43.422617993957516, z=-17.314583321412385}
 }
22:05:27 `Bat`647057 missed {
 is already Found: false).
 Position: LorenzVec{x=-359.8333333333333, y=69.34375, z=-267.6145833333333}
 DistanceC: 17.314583321412385
Relative Position: LorenzVec{x=8.353026734067441, y=-43.422617993957516, z=-17.314583321412385}
 }
22:05:27 `Bat`647065 missed {
 is already Found: false).
 Position: LorenzVec{x=-358.8333333333333, y=69.34375, z=-267.6145833333333}
 DistanceC: 17.314583321412385
Relative Position: LorenzVec{x=9.353026734067441, y=-43.422617993957516, z=-17.314583321412385}
 }
22:05:27 `Bat`647075 missed {
 is already Found: false).
 Position: LorenzVec{x=-359.8333333333333, y=68.34375, z=-267.6145833333333}
 DistanceC: 17.314583321412385
Relative Position: LorenzVec{x=8.353026734067441, y=-44.422617993957516, z=-17.314583321412385}
 }
22:05:27 `Bat`647564 missed {
 is already Found: false).
 Position: LorenzVec{x=-358.0, y=68.60416666666667, z=-267.5729166666667}
 DistanceC: 17.272916654745757
Relative Position: LorenzVec{x=10.186360067400756, y=-44.162201327290845, z=-17.272916654745757}
 }
22:05:27 `Bat`647572 missed {
 is already Found: false).
 Position: LorenzVec{x=-357.0, y=68.60416666666667, z=-267.5729166666667}
 DistanceC: 17.272916654745757
Relative Position: LorenzVec{x=11.186360067400756, y=-44.162201327290845, z=-17.272916654745757}
 }
22:05:27 `Bat`647580 missed {
 is already Found: false).
 Position: LorenzVec{x=-356.0, y=68.60416666666667, z=-267.5729166666667}
 DistanceC: 17.272916654745757
Relative Position: LorenzVec{x=12.186360067400756, y=-44.162201327290845, z=-17.272916654745757}
 }
22:05:28 `Bat`647055 missed {
 is already Found: false).
 Position: LorenzVec{x=-359.8333333333333, y=69.34375, z=-268.6145833333333}
 DistanceC: 18.273496364926956
Relative Position: LorenzVec{x=8.578153966905745, y=-42.65625, z=-18.273496364926956}
 }
22:05:28 `Bat`647558 missed {
 is already Found: false).
 Position: LorenzVec{x=-359.0, y=68.60416666666667, z=-268.5729166666667}
 DistanceC: 18.231829698260327
Relative Position: LorenzVec{x=9.41148730023906, y=-43.39583333333333, z=-18.231829698260327}
 }
22:05:28 `Bat`647562 missed {
 is already Found: false).
 Position: LorenzVec{x=-358.0, y=68.60416666666667, z=-268.5729166666667}
 DistanceC: 18.231829698260327
Relative Position: LorenzVec{x=10.41148730023906, y=-43.39583333333333, z=-18.231829698260327}
 }
22:05:28 `Bat`647570 missed {
 is already Found: false).
 Position: LorenzVec{x=-357.0, y=68.60416666666667, z=-268.5729166666667}
 DistanceC: 18.231829698260327
Relative Position: LorenzVec{x=11.41148730023906, y=-43.39583333333333, z=-18.231829698260327}
 }
22:05:28 `Bat`647578 missed {
 is already Found: false).
 Position: LorenzVec{x=-356.0, y=68.60416666666667, z=-268.5729166666667}
 DistanceC: 18.231829698260327
Relative Position: LorenzVec{x=12.41148730023906, y=-43.39583333333333, z=-18.231829698260327}
 }
22:05:28 `Bat`647582 missed {
 is already Found: false).
 Position: LorenzVec{x=-355.0, y=68.60416666666667, z=-268.5729166666667}
 DistanceC: 18.231829698260327
Relative Position: LorenzVec{x=13.41148730023906, y=-43.39583333333333, z=-18.231829698260327}
 }
22:05:28 `Bat`647584 missed {
 is already Found: false).
 Position: LorenzVec{x=-358.0, y=67.60416666666667, z=-268.5729166666667}
 DistanceC: 18.231829698260327
Relative Position: LorenzVec{x=10.41148730023906, y=-44.39583333333333, z=-18.231829698260327}
 }
22:05:28 `Bat`647588 missed {
 is already Found: false).
 Position: LorenzVec{x=-357.0, y=67.60416666666667, z=-268.5729166666667}
 DistanceC: 18.231829698260327
Relative Position: LorenzVec{x=11.41148730023906, y=-44.39583333333333, z=-18.231829698260327}
 }
22:05:28 `Bat`647297 missed {
 is already Found: false).
 Position: LorenzVec{x=-356.25, y=68.5, z=-269.0625}
 DistanceC: 18.683056980263927
Relative Position: LorenzVec{x=12.276512635135589, y=-43.5, z=-18.683056980263927}
 }
22:05:28 `Bat`647238 missed {
 is already Found: false).
 Position: LorenzVec{x=-357.0, y=69.25, z=-269.4375}
 DistanceC: 19.050660761127148
Relative Position: LorenzVec{x=11.548693035715985, y=-42.75, z=-19.050660761127148}
 }
22:05:28 `Bat`647560 missed {
 is already Found: false).
 Position: LorenzVec{x=-358.0, y=68.60416666666667, z=-269.5729166666667}
 DistanceC: 19.186077427793833
Relative Position: LorenzVec{x=10.560803535839568, y=-43.39583333333333, z=-19.186077427793833}
 }
22:05:28 `Bat`647568 missed {
 is already Found: false).
 Position: LorenzVec{x=-357.0, y=68.60416666666667, z=-269.5729166666667}
 DistanceC: 19.186077427793833
Relative Position: LorenzVec{x=11.560803535839568, y=-43.39583333333333, z=-19.186077427793833}
 }
22:05:28 `Bat`647576 missed {
 is already Found: false).
 Position: LorenzVec{x=-356.0, y=68.60416666666667, z=-269.5729166666667}
 DistanceC: 19.186077427793833
Relative Position: LorenzVec{x=12.560803535839568, y=-43.39583333333333, z=-19.186077427793833}
 }
22:05:28 `Bat`647586 missed {
 is already Found: false).
 Position: LorenzVec{x=-357.0, y=67.60416666666667, z=-269.5729166666667}
 DistanceC: 19.186077427793833
Relative Position: LorenzVec{x=11.560803535839568, y=-44.39583333333333, z=-19.186077427793833}
 }
22:05:28 `Bat`647160 missed {
 is already Found: false).
 Position: LorenzVec{x=-356.98958333333337, y=68.58333333333334, z=-270.1875}
 DistanceC: 19.88749998807907
Relative Position: LorenzVec{x=11.7104166547457, y=-43.41666666666666, z=-19.88749998807907}
 }
22:05:28 `Bat`647287 missed {
 is already Found: false).
 Position: LorenzVec{x=-357.25, y=68.5, z=-270.0625}
 DistanceC: 19.76249998807907
Relative Position: LorenzVec{x=11.449999988079071, y=-43.5, z=-19.76249998807907}
 }
22:05:28 `Bat`647295 missed {
 is already Found: false).
 Position: LorenzVec{x=-356.25, y=68.5, z=-270.0625}
 DistanceC: 19.76249998807907
Relative Position: LorenzVec{x=12.449999988079071, y=-43.5, z=-19.76249998807907}
 }
22:05:28 `Bat`647303 missed {
 is already Found: false).
 Position: LorenzVec{x=-355.25, y=68.5, z=-270.0625}
 DistanceC: 19.76249998807907
Relative Position: LorenzVec{x=13.449999988079071, y=-43.5, z=-19.76249998807907}
 }
22:05:28 `Bat`647313 missed {
 is already Found: false).
 Position: LorenzVec{x=-356.25, y=67.5, z=-270.0625}
 DistanceC: 19.76249998807907
Relative Position: LorenzVec{x=12.449999988079071, y=-44.5, z=-19.76249998807907}
 }
22:05:28 `Bat`647362 missed {
 is already Found: false).
 Position: LorenzVec{x=-355.0, y=68.8125, z=-269.9270833333333}
 DistanceC: 19.627083321412385
Relative Position: LorenzVec{x=13.699999988079071, y=-43.1875, z=-19.627083321412385}
 }
22:05:28 `Bat`646909 missed {
 is already Found: false).
 Position: LorenzVec{x=-367.84375, y=64.84375, z=-267.3125}
 DistanceC: 17.01249998807907
Relative Position: LorenzVec{x=0.856249988079071, y=-47.77624998986721, z=-17.01249998807907}
 }
22:05:28 `Bat`646911 missed {
 is already Found: false).
 Position: LorenzVec{x=-367.84375, y=64.84375, z=-266.3125}
 DistanceC: 16.01249998807907
Relative Position: LorenzVec{x=0.856249988079071, y=-47.77624998986721, z=-16.01249998807907}
 }
22:05:28 `Bat`646913 missed {
 is already Found: false).
 Position: LorenzVec{x=-367.84375, y=64.84375, z=-265.3125}
 DistanceC: 15.012499988079071
Relative Position: LorenzVec{x=0.856249988079071, y=-47.77624998986721, z=-15.012499988079071}
 }
22:05:28 `Bat`646915 missed {
 is already Found: false).
 Position: LorenzVec{x=-367.84375, y=64.84375, z=-264.3125}
 DistanceC: 14.012499988079071
Relative Position: LorenzVec{x=0.856249988079071, y=-47.77624998986721, z=-14.012499988079071}
 }
22:05:28 `Bat`647228 missed {
 is already Found: false).
 Position: LorenzVec{x=-358.0, y=69.25, z=-270.4375}
 DistanceC: 20.13749998807907
Relative Position: LorenzVec{x=10.699999988079071, y=-43.36999998986721, z=-20.13749998807907}
 }
22:05:28 `Bat`647236 missed {
 is already Found: false).
 Position: LorenzVec{x=-357.0, y=69.25, z=-270.4375}
 DistanceC: 20.13749998807907
Relative Position: LorenzVec{x=11.699999988079071, y=-43.36999998986721, z=-20.13749998807907}
 }
22:05:28 `Bat`647242 missed {
 is already Found: false).
 Position: LorenzVec{x=-356.0, y=69.25, z=-270.4375}
 DistanceC: 20.13749998807907
Relative Position: LorenzVec{x=12.699999988079071, y=-43.36999998986721, z=-20.13749998807907}
 }
22:05:28 `Bat`647250 missed {
 is already Found: false).
 Position: LorenzVec{x=-357.0, y=68.25, z=-270.4375}
 DistanceC: 20.13749998807907
Relative Position: LorenzVec{x=11.699999988079071, y=-44.36999998986721, z=-20.13749998807907}
 }
22:05:28 `Bat`647281 missed {
 is already Found: false).
 Position: LorenzVec{x=-358.25, y=68.5, z=-271.0625}
 DistanceC: 20.76249998807907
Relative Position: LorenzVec{x=10.449999988079071, y=-44.11999998986721, z=-20.76249998807907}
 }
22:05:28 `Bat`647285 missed {
 is already Found: false).
 Position: LorenzVec{x=-357.25, y=68.5, z=-271.0625}
 DistanceC: 20.76249998807907
Relative Position: LorenzVec{x=11.449999988079071, y=-44.11999998986721, z=-20.76249998807907}
 }
22:05:28 `Bat`647293 missed {
 is already Found: false).
 Position: LorenzVec{x=-356.25, y=68.5, z=-271.0625}
 DistanceC: 20.76249998807907
Relative Position: LorenzVec{x=12.449999988079071, y=-44.11999998986721, z=-20.76249998807907}
 }
22:05:28 `Bat`647301 missed {
 is already Found: false).
 Position: LorenzVec{x=-355.25, y=68.5, z=-271.0625}
 DistanceC: 20.76249998807907
Relative Position: LorenzVec{x=13.449999988079071, y=-44.11999998986721, z=-20.76249998807907}
 }
22:05:28 `Bat`647305 missed {
 is already Found: false).
 Position: LorenzVec{x=-354.25, y=68.5, z=-271.0625}
 DistanceC: 20.76249998807907
Relative Position: LorenzVec{x=14.449999988079071, y=-44.11999998986721, z=-20.76249998807907}
 }
22:05:28 `Bat`647307 missed {
 is already Found: false).
 Position: LorenzVec{x=-357.25, y=67.5, z=-271.0625}
 DistanceC: 20.76249998807907
Relative Position: LorenzVec{x=11.449999988079071, y=-45.11999998986721, z=-20.76249998807907}
 }
22:05:28 `Bat`647311 missed {
 is already Found: false).
 Position: LorenzVec{x=-356.25, y=67.5, z=-271.0625}
 DistanceC: 20.76249998807907
Relative Position: LorenzVec{x=12.449999988079071, y=-45.11999998986721, z=-20.76249998807907}
 }
22:05:28 `Bat`647356 missed {
 is already Found: false).
 Position: LorenzVec{x=-356.0, y=68.8125, z=-270.9270833333333}
 DistanceC: 20.627083321412385
Relative Position: LorenzVec{x=12.699999988079071, y=-43.80749998986721, z=-20.627083321412385}
 }
22:05:28 `Bat`647360 missed {
 is already Found: false).
 Position: LorenzVec{x=-355.0, y=68.8125, z=-270.9270833333333}
 DistanceC: 20.627083321412385
Relative Position: LorenzVec{x=13.699999988079071, y=-43.80749998986721, z=-20.627083321412385}
 }
22:05:28 `Bat`647370 missed {
 is already Found: false).
 Position: LorenzVec{x=-355.0, y=67.8125, z=-270.9270833333333}
 DistanceC: 20.627083321412385
Relative Position: LorenzVec{x=13.699999988079071, y=-44.80749998986721, z=-20.627083321412385}
 }
22:05:28 `Bat`647566 missed {
 is already Found: false).
 Position: LorenzVec{x=-357.0, y=68.60416666666667, z=-270.5729166666667}
 DistanceC: 20.272916654745757
Relative Position: LorenzVec{x=11.699999988079071, y=-44.01583332320054, z=-20.272916654745757}
 }
22:05:28 `Bat`647150 missed {
 is already Found: false).
 Position: LorenzVec{x=-357.98958333333337, y=68.58333333333334, z=-271.1875}
 DistanceC: 20.88749998807907
Relative Position: LorenzVec{x=10.730008602763178, y=-44.56586665690341, z=-20.88749998807907}
 }
22:05:28 `Bat`647158 missed {
 is already Found: false).
 Position: LorenzVec{x=-356.98958333333337, y=68.58333333333334, z=-271.1875}
 DistanceC: 20.88749998807907
Relative Position: LorenzVec{x=11.730008602763178, y=-44.56586665690341, z=-20.88749998807907}
 }
22:05:28 `Bat`647222 missed {
 is already Found: false).
 Position: LorenzVec{x=-359.0, y=69.25, z=-271.4375}
 DistanceC: 21.13749998807907
Relative Position: LorenzVec{x=9.719591936096549, y=-43.89919999023675, z=-21.13749998807907}
 }
22:05:28 `Bat`647226 missed {
 is already Found: false).
 Position: LorenzVec{x=-358.0, y=69.25, z=-271.4375}
 DistanceC: 21.13749998807907
Relative Position: LorenzVec{x=10.719591936096549, y=-43.89919999023675, z=-21.13749998807907}
 }
22:05:28 `Bat`647234 missed {
 is already Found: false).
 Position: LorenzVec{x=-357.0, y=69.25, z=-271.4375}
 DistanceC: 21.13749998807907
Relative Position: LorenzVec{x=11.719591936096549, y=-43.89919999023675, z=-21.13749998807907}
 }
22:05:28 `Bat`647240 missed {
 is already Found: false).
 Position: LorenzVec{x=-356.0, y=69.25, z=-271.4375}
 DistanceC: 21.13749998807907
Relative Position: LorenzVec{x=12.719591936096549, y=-43.89919999023675, z=-21.13749998807907}
 }
22:05:28 `Bat`647244 missed {
 is already Found: false).
 Position: LorenzVec{x=-358.0, y=68.25, z=-271.4375}
 DistanceC: 21.13749998807907
Relative Position: LorenzVec{x=10.719591936096549, y=-44.89919999023675, z=-21.13749998807907}
 }
22:05:28 `Bat`647248 missed {
 is already Found: false).
 Position: LorenzVec{x=-357.0, y=68.25, z=-271.4375}
 DistanceC: 21.13749998807907
Relative Position: LorenzVec{x=11.719591936096549, y=-44.89919999023675, z=-21.13749998807907}
 }
22:05:28 `Bat`647252 missed {
 is already Found: false).
 Position: LorenzVec{x=-356.0, y=68.25, z=-271.4375}
 DistanceC: 21.13749998807907
Relative Position: LorenzVec{x=12.719591936096549, y=-44.89919999023675, z=-21.13749998807907}
 }
22:05:28 `Bat`647283 missed {
 is already Found: false).
 Position: LorenzVec{x=-357.25, y=68.5, z=-272.0625}
 DistanceC: 21.76249998807907
Relative Position: LorenzVec{x=11.487420609306298, y=-45.08941599916672, z=-21.76249998807907}
 }
22:05:28 `Bat`647291 missed {
 is already Found: false).
 Position: LorenzVec{x=-356.25, y=68.5, z=-272.0625}
 DistanceC: 21.76249998807907
Relative Position: LorenzVec{x=12.487420609306298, y=-45.08941599916672, z=-21.76249998807907}
 }
22:05:28 `Bat`647299 missed {
 is already Found: false).
 Position: LorenzVec{x=-355.25, y=68.5, z=-272.0625}
 DistanceC: 21.76249998807907
Relative Position: LorenzVec{x=13.487420609306298, y=-45.08941599916672, z=-21.76249998807907}
 }
22:05:28 `Bat`647309 missed {
 is already Found: false).
 Position: LorenzVec{x=-356.25, y=67.5, z=-272.0625}
 DistanceC: 21.76249998807907
Relative Position: LorenzVec{x=12.487420609306298, y=-46.08941599916672, z=-21.76249998807907}
 }
22:05:28 `Bat`647350 missed {
 is already Found: false).
 Position: LorenzVec{x=-357.0, y=68.8125, z=-271.9270833333333}
 DistanceC: 21.627083321412385
Relative Position: LorenzVec{x=11.737420609306298, y=-44.77691599916672, z=-21.627083321412385}
 }
22:05:28 `Bat`647354 missed {
 is already Found: false).
 Position: LorenzVec{x=-356.0, y=68.8125, z=-271.9270833333333}
 DistanceC: 21.627083321412385
Relative Position: LorenzVec{x=12.737420609306298, y=-44.77691599916672, z=-21.627083321412385}
 }
22:05:28 `Bat`647358 missed {
 is already Found: false).
 Position: LorenzVec{x=-355.0, y=68.8125, z=-271.9270833333333}
 DistanceC: 21.627083321412385
Relative Position: LorenzVec{x=13.737420609306298, y=-44.77691599916672, z=-21.627083321412385}
 }
22:05:28 `Bat`647364 missed {
 is already Found: false).
 Position: LorenzVec{x=-356.0, y=67.8125, z=-271.9270833333333}
 DistanceC: 21.627083321412385
Relative Position: LorenzVec{x=12.737420609306298, y=-45.77691599916672, z=-21.627083321412385}
 }
22:05:28 `Bat`647368 missed {
 is already Found: false).
 Position: LorenzVec{x=-355.0, y=67.8125, z=-271.9270833333333}
 DistanceC: 21.627083321412385
Relative Position: LorenzVec{x=13.737420609306298, y=-45.77691599916672, z=-21.627083321412385}
 }
22:05:28 `Bat`647372 missed {
 is already Found: false).
 Position: LorenzVec{x=-354.0, y=67.8125, z=-271.9270833333333}
 DistanceC: 21.627083321412385
Relative Position: LorenzVec{x=14.737420609306298, y=-45.77691599916672, z=-21.627083321412385}
 }
22:05:28 `Bat`647144 missed {
 is already Found: false).
 Position: LorenzVec{x=-358.98958333333337, y=68.58333333333334, z=-272.1875}
 DistanceC: 21.88749998807907
Relative Position: LorenzVec{x=9.764061369061324, y=-45.35909436145532, z=-21.88749998807907}
 }
22:05:28 `Bat`647148 missed {
 is already Found: false).
 Position: LorenzVec{x=-357.98958333333337, y=68.58333333333334, z=-272.1875}
 DistanceC: 21.88749998807907
Relative Position: LorenzVec{x=10.764061369061324, y=-45.35909436145532, z=-21.88749998807907}
 }
22:05:28 `Bat`647156 missed {
 is already Found: false).
 Position: LorenzVec{x=-356.98958333333337, y=68.58333333333334, z=-272.1875}
 DistanceC: 21.88749998807907
Relative Position: LorenzVec{x=11.764061369061324, y=-45.35909436145532, z=-21.88749998807907}
 }
22:05:28 `Bat`646903 missed {
 is already Found: false).
 Position: LorenzVec{x=-368.84375, y=64.84375, z=-266.3125}
 DistanceC: 16.014132933225483
Relative Position: LorenzVec{x=-0.030148334013631484, y=-49.65175403717359, z=-16.014132933225483}
 }
22:05:28 `Bat`646905 missed {
 is already Found: false).
 Position: LorenzVec{x=-368.84375, y=64.84375, z=-265.3125}
 DistanceC: 15.014132933225483
Relative Position: LorenzVec{x=-0.030148334013631484, y=-49.65175403717359, z=-15.014132933225483}
 }
22:05:28 `Bat`646907 missed {
 is already Found: false).
 Position: LorenzVec{x=-368.84375, y=64.84375, z=-264.3125}
 DistanceC: 14.014132933225483
Relative Position: LorenzVec{x=-0.030148334013631484, y=-49.65175403717359, z=-14.014132933225483}
 }
22:05:28 `Bat`646901 missed {
 is already Found: false).
 Position: LorenzVec{x=-369.84375, y=64.84375, z=-265.3125}
 DistanceC: 14.927092489625124
Relative Position: LorenzVec{x=-0.5970701818757789, y=-48.985553891248685, z=-14.927092489625124}
 }
22:05:45 `Bat`647224 missed {
 is already Found: false).
 Position: LorenzVec{x=-358.0, y=69.25, z=-272.4375}
 DistanceC: 21.276104025916027
Relative Position: LorenzVec{x=-6.300000011920929, y=-44.95997916170545, z=-21.276104025916027}
 }
22:05:45 `Bat`647232 missed {
 is already Found: false).
 Position: LorenzVec{x=-357.0, y=69.25, z=-272.4375}
 DistanceC: 21.276104025916027
Relative Position: LorenzVec{x=-5.300000011920929, y=-44.95997916170545, z=-21.276104025916027}
 }
22:05:45 `Bat`647246 missed {
 is already Found: false).
 Position: LorenzVec{x=-357.0, y=68.25, z=-272.4375}
 DistanceC: 21.276104025916027
Relative Position: LorenzVec{x=-5.300000011920929, y=-45.95997916170545, z=-21.276104025916027}
 }
22:06:11 `Bat`647352 missed {
 is already Found: false).
 Position: LorenzVec{x=-356.0, y=68.8125, z=-272.9270833333333}
 DistanceC: 21.52776333047845
Relative Position: LorenzVec{x=-5.996309707382579, y=-45.30148354882154, z=-21.52776333047845}
 }
22:06:11 `Bat`647366 missed {
 is already Found: false).
 Position: LorenzVec{x=-355.0, y=67.8125, z=-272.9270833333333}
 DistanceC: 21.52776333047845
Relative Position: LorenzVec{x=-4.996309707382579, y=-46.30148354882154, z=-21.52776333047845}
 }
22:06:12 `Bat`647289 missed {
 is already Found: false).
 Position: LorenzVec{x=-356.25, y=68.5, z=-273.0625}
 DistanceC: 21.15020363003876
Relative Position: LorenzVec{x=-5.372024819951889, y=-43.5, z=-21.15020363003876}
 }
22:06:12 `Bat`647146 missed {
 is already Found: false).
 Position: LorenzVec{x=-357.98958333333337, y=68.58333333333334, z=-273.1875}
 DistanceC: 20.219354986048444
Relative Position: LorenzVec{x=-6.7109855262858105, y=-44.56586665690341, z=-20.219354986048444}
 }
22:06:12 `Bat`647154 missed {
 is already Found: false).
 Position: LorenzVec{x=-356.98958333333337, y=68.58333333333334, z=-273.1875}
 DistanceC: 20.219354986048444
Relative Position: LorenzVec{x=-5.7109855262858105, y=-44.56586665690341, z=-20.219354986048444}
 }
22:06:12 `Bat`647230 missed {
 is already Found: false).
 Position: LorenzVec{x=-357.0, y=69.25, z=-273.4375}
 DistanceC: 17.64091846770583
Relative Position: LorenzVec{x=-4.9695192735447336, y=-45.074472989670724, z=-17.64091846770583}
 }
22:06:13 `Bat`647152 missed {
 is already Found: false).
 Position: LorenzVec{x=-356.98958333333337, y=68.58333333333334, z=-274.1875}
 DistanceC: 13.628261567464335
Relative Position: LorenzVec{x=-6.17189381715815, y=-45.810446269527816, z=-13.628261567464335}
 }
22:06:29 `Bat`646203 missed {
 is already Found: false).
 Position: LorenzVec{x=-300.52083333333337, y=44.35416666666667, z=-237.83333333333331}
 DistanceC: 21.222024456287386
Relative Position: LorenzVec{x=21.222024456287386, y=-66.47513722458201, z=10.466666678587615}
 }
22:06:32 `Bat`646205 missed {
 is already Found: false).
 Position: LorenzVec{x=-299.52083333333337, y=44.35416666666667, z=-238.83333333333331}
 DistanceC: 21.835654266537347
Relative Position: LorenzVec{x=21.835654266537347, y=-65.64583333333333, z=2.002714643893114}
 }
22:06:32 `Bat`646207 missed {
 is already Found: false).
 Position: LorenzVec{x=-299.52083333333337, y=44.35416666666667, z=-237.83333333333331}
 DistanceC: 21.835654266537347
Relative Position: LorenzVec{x=21.835654266537347, y=-65.64583333333333, z=3.002714643893114}
 }
22:06:32 `Bat`646209 missed {
 is already Found: false).
 Position: LorenzVec{x=-299.52083333333337, y=44.35416666666667, z=-236.83333333333331}
 DistanceC: 21.835654266537347
Relative Position: LorenzVec{x=21.835654266537347, y=-65.64583333333333, z=4.002714643893114}
 }
22:07:27 `Bat`653295 missed {
 is already Found: false).
 Position: LorenzVec{x=-283.6875, y=46.53125, z=-220.75}
 DistanceC: 18.53081713610908
Relative Position: LorenzVec{x=-10.561256252805435, y=-66.46875, z=-18.53081713610908}
 }
22:07:27 `Bat`653297 missed {
 is already Found: false).
 Position: LorenzVec{x=-282.6875, y=46.53125, z=-221.75}
 DistanceC: 19.53081713610908
Relative Position: LorenzVec{x=-9.561256252805435, y=-66.46875, z=-19.53081713610908}
 }
22:07:27 `Bat`653299 missed {
 is already Found: false).
 Position: LorenzVec{x=-282.6875, y=46.53125, z=-220.75}
 DistanceC: 18.53081713610908
Relative Position: LorenzVec{x=-9.561256252805435, y=-66.46875, z=-18.53081713610908}
 }
22:07:27 `Bat`653301 missed {
 is already Found: false).
 Position: LorenzVec{x=-282.6875, y=46.53125, z=-219.75}
 DistanceC: 17.53081713610908
Relative Position: LorenzVec{x=-9.561256252805435, y=-66.46875, z=-17.53081713610908}
 }
22:07:27 `Bat`653303 missed {
 is already Found: false).
 Position: LorenzVec{x=-281.6875, y=46.53125, z=-222.75}
 DistanceC: 20.53081713610908
Relative Position: LorenzVec{x=-8.561256252805435, y=-66.46875, z=-20.53081713610908}
 }
22:07:27 `Bat`653305 missed {
 is already Found: false).
 Position: LorenzVec{x=-281.6875, y=46.53125, z=-221.75}
 DistanceC: 19.53081713610908
Relative Position: LorenzVec{x=-8.561256252805435, y=-66.46875, z=-19.53081713610908}
 }
22:07:27 `Bat`653307 missed {
 is already Found: false).
 Position: LorenzVec{x=-281.6875, y=46.53125, z=-220.75}
 DistanceC: 18.53081713610908
Relative Position: LorenzVec{x=-8.561256252805435, y=-66.46875, z=-18.53081713610908}
 }
22:07:30 `Bat`653481 missed {
 is already Found: false).
 Position: LorenzVec{x=-287.76041666666663, y=45.27083333333333, z=-223.76041666666669}
 DistanceC: 21.541233802775764
Relative Position: LorenzVec{x=-14.634172919472064, y=-67.72916666666667, z=-21.541233802775764}
 }
22:08:06 `Bat`653001 missed {
 is already Found: false).
 Position: LorenzVec{x=-270.19791666666663, y=45.14583333333333, z=-233.0}
 DistanceC: 20.891765131648185
Relative Position: LorenzVec{x=-10.243695193061114, y=-51.85416666666667, z=-20.891765131648185}
 }
22:08:07 `Bat`652991 missed {
 is already Found: false).
 Position: LorenzVec{x=-271.19791666666663, y=45.14583333333333, z=-234.0}
 DistanceC: 21.891765131648185
Relative Position: LorenzVec{x=-11.243695193061114, y=-51.85416666666667, z=-21.891765131648185}
 }
22:08:07 `Bat`652999 missed {
 is already Found: false).
 Position: LorenzVec{x=-270.19791666666663, y=45.14583333333333, z=-234.0}
 DistanceC: 21.891765131648185
Relative Position: LorenzVec{x=-10.243695193061114, y=-51.85416666666667, z=-21.891765131648185}
 }
22:08:07 `Bat`653007 missed {
 is already Found: false).
 Position: LorenzVec{x=-269.19791666666663, y=45.14583333333333, z=-234.0}
 DistanceC: 21.891765131648185
Relative Position: LorenzVec{x=-9.243695193061114, y=-51.85416666666667, z=-21.891765131648185}
 }
22:08:07 `Bat`653017 missed {
 is already Found: false).
 Position: LorenzVec{x=-270.19791666666663, y=44.14583333333333, z=-234.0}
 DistanceC: 21.891765131648185
Relative Position: LorenzVec{x=-10.243695193061114, y=-52.85416666666667, z=-21.891765131648185}
 }
22:08:07 `Bat`656288 missed {
 is already Found: false).
 Position: LorenzVec{x=-281.71875, y=44.8125, z=-227.6875}
 DistanceC: 21.764528526394486
Relative Position: LorenzVec{x=-21.764528526394486, y=-52.1875, z=-15.579265131648185}
 }
22:08:26 `9656577525`562 missed {
 is already Found: false).
 Position: LorenzVec{x=-29.5, y=57.0, z=-90.5}
 DistanceC: 23.475831810424413
Relative Position: LorenzVec{x=-23.475831810424413, y=-13.0, z=-20.194854090123798}
 }
22:08:34 `ยง7Villager`360 missed {
 is already Found: false).
 Position: LorenzVec{x=10.5, y=70.0, z=-41.5}
 DistanceC: 23.993239851579574
Relative Position: LorenzVec{x=23.993239851579574, y=0.0, z=10.674066755105983}
 }
22:08:35 `ยง7Villager`364 missed {
 is already Found: false).
 Position: LorenzVec{x=-36.0, y=68.0, z=-39.0}
 DistanceC: 22.506760148420426
Relative Position: LorenzVec{x=-22.506760148420426, y=-2.0, z=13.174066755105983}
 }
22:09:42 `9656577525`562 missed {
 is already Found: false).
 Position: LorenzVec{x=-29.5, y=57.0, z=-90.5}
 DistanceC: 20.91929160988696
Relative Position: LorenzVec{x=-20.91929160988696, y=-13.0, z=0.42241090052951336}
 }
22:09:44 `ysueq901cw`409 missed {
 is already Found: false).
 Position: LorenzVec{x=14.0, y=72.0, z=-106.0}
 DistanceC: 22.58070839011304
Relative Position: LorenzVec{x=22.58070839011304, y=2.0, z=-15.077589099470487}
 }
22:29:07 `636gc374s8`542 missed {
 is already Found: false).
 Position: LorenzVec{x=-107.0, y=73.0, z=-2.0}
 DistanceC: 22.554677249203138
Relative Position: LorenzVec{x=22.554677249203138, y=0.0, z=18.749866355065013}
 }
22:32:35 `851fxr948g`541 missed {
 is already Found: false).
 Position: LorenzVec{x=-89.5, y=71.0, z=-18.5}
 DistanceC: 22.75593405754546
Relative Position: LorenzVec{x=22.75593405754546, y=-3.0, z=11.037202460628304}
 }
22:33:58 `Chicken`2742778 missed {
 is already Found: false).
 Position: LorenzVec{x=7.5, y=104.0, z=8.5}
 DistanceC: 15.107591462230928
Relative Position: LorenzVec{x=1.9934850726704223, y=4.0, z=-15.107591462230928}
 }
22:38:34 `47b63h9p28`412 missed {
 is already Found: false).
 Position: LorenzVec{x=-46.5, y=73.0, z=-90.5}
 DistanceC: 21.849337264454817
Relative Position: LorenzVec{x=-21.849337264454817, y=5.0, z=19.91322718010909}
 }
22:39:22 `55a347jt61`536 missed {
 is already Found: false).
 Position: LorenzVec{x=23.0, y=71.0, z=-69.0}
 DistanceC: 21.94999998807907
Relative Position: LorenzVec{x=20.48765933723135, y=-0.24918707874468282, z=21.94999998807907}
 }
22:39:22 `09mjl8ep41`537 missed {
 is already Found: false).
 Position: LorenzVec{x=23.0, y=77.0, z=-69.5}
 DistanceC: 21.44999998807907
Relative Position: LorenzVec{x=20.48765933723135, y=5.750812921255317, z=21.44999998807907}
 }
22:42:23 `Chicken`5173480 missed {
 is already Found: false).
 Position: LorenzVec{x=7.5, y=104.0, z=8.5}
 DistanceC: 21.556167677103904
Relative Position: LorenzVec{x=3.231627080152962, y=4.0, z=-21.556167677103904}
 }
22:42:48 `Chicken`5174590 missed {
 is already Found: false).
 Position: LorenzVec{x=7.5, y=104.0, z=8.5}
 DistanceC: 21.556167677103904
Relative Position: LorenzVec{x=3.231627080152962, y=4.0, z=-21.556167677103904}
 }
22:43:14 `Chicken`5175650 missed {
 is already Found: false).
 Position: LorenzVec{x=7.5, y=104.0, z=8.5}
 DistanceC: 21.556167677103904
Relative Position: LorenzVec{x=3.231627080152962, y=4.0, z=-21.556167677103904}
 }
22:45:23 `Chicken`1052536 missed {
 is already Found: false).
 Position: LorenzVec{x=7.5, y=104.0, z=8.5}
 DistanceC: 18.92427151397422
Relative Position: LorenzVec{x=-0.15027373837726277, y=4.0, z=-18.92427151397422}
 }
22:45:36 `Chicken`1054353 missed {
 is already Found: false).
 Position: LorenzVec{x=7.5, y=104.0, z=8.5}
 DistanceC: 21.588271316415057
Relative Position: LorenzVec{x=3.4675326513108544, y=4.0, z=-21.588271316415057}
 }
22:47:26 `ยง7Villager`320 missed {
 is already Found: false).
 Position: LorenzVec{x=56.5, y=70.0, z=-77.5}
 DistanceC: 23.481443336072644
Relative Position: LorenzVec{x=23.481443336072644, y=-0.0625, z=13.472106340384471}
 }
22:48:10 `3a0c6kd6w7`569 missed {
 is already Found: false).
 Position: LorenzVec{x=-6.5, y=55.0, z=-95.5}
 DistanceC: 21.389499780344252
Relative Position: LorenzVec{x=-6.668811654544966, y=-15.0, z=-21.389499780344252}
 }
22:49:05 `Zombie`120728 missed {
 is already Found: false).
 Position: LorenzVec{x=26.15625, y=72.0, z=-17.15625}
 DistanceC: 13.798842307913933
Relative Position: LorenzVec{x=1.856249988079071, y=1.5, z=13.798842307913933}
 }
22:49:15 `Zombie`120729 missed {
 is already Found: false).
 Position: LorenzVec{x=-7.15625, y=70.0, z=7.84375}
 DistanceC: 15.399652078561672
Relative Position: LorenzVec{x=-15.399652078561672, y=0.0, z=1.5144110890476181}
 }
22:49:48 `bgc1qc05zx`341 missed {
 is already Found: false).
 Position: LorenzVec{x=-10.0, y=70.0, z=-67.0}
 DistanceC: 21.132181564711843
Relative Position: LorenzVec{x=15.694538908178409, y=15.0, z=21.132181564711843}
 }
22:49:48 `ยง7Villager`344 missed {
 is already Found: false).
 Position: LorenzVec{x=-7.5, y=70.0, z=-75.5}
 DistanceC: 18.05220493870457
Relative Position: LorenzVec{x=18.05220493870457, y=15.0, z=12.41187682225636}
 }
22:56:49 `FlyingMadAndy`466971 missed {
 is already Found: false).
 Position: LorenzVec{x=166.90650720164606, y=75.07844650205762, z=-233.69470164609052}
 DistanceC: 16.989652662130283
Relative Position: LorenzVec{x=11.143942667861069, y=2.3120785081001003, z=-16.989652662130283}
 }
23:00:18 `Chicken`2235719 missed {
 is already Found: false).
 Position: LorenzVec{x=7.5, y=98.0, z=8.5}
 DistanceC: 21.469333094821067
Relative Position: LorenzVec{x=4.020254649057613, y=-2.0, z=-21.469333094821067}
 }
23:00:47 `Chicken`2240007 missed {
 is already Found: false).
 Position: LorenzVec{x=7.5, y=98.0, z=8.5}
 DistanceC: 18.931872390684156
Relative Position: LorenzVec{x=2.543286109808485, y=-2.0, z=-18.931872390684156}
 }
23:08:26 `5h1v771kbx`253 missed {
 is already Found: false).
 Position: LorenzVec{x=-74.0, y=65.0, z=-50.0}
 DistanceC: 22.75667352003638
Relative Position: LorenzVec{x=-22.75667352003638, y=-6.0, z=-20.676228510572017}
 }
23:14:21 `5kwpd4ml78`329 missed {
 is already Found: false).
 Position: LorenzVec{x=-37.5, y=68.0, z=-125.5}
 DistanceC: 23.64019856036593
Relative Position: LorenzVec{x=-23.64019856036593, y=0.0, z=-8.666685229004315}
 }
23:14:21 `s6h400jd79`539 missed {
 is already Found: false).
 Position: LorenzVec{x=5.5, y=61.0, z=-134.0}
 DistanceC: 19.35980143963407
Relative Position: LorenzVec{x=19.35980143963407, y=-7.0, z=-17.166685229004315}
 }
23:14:21 `ยง7Villager`243 missed {
 is already Found: false).
 Position: LorenzVec{x=-32.5, y=69.0, z=-135.5}
 DistanceC: 18.693759130248324
Relative Position: LorenzVec{x=-18.693759130248324, y=1.0, z=-18.315587824047498}
 }
23:14:56 `ยง7Villager`348 missed {
 is already Found: false).
 Position: LorenzVec{x=-25.6875, y=68.0, z=-103.09375}
 DistanceC: 22.174325317798
Relative Position: LorenzVec{x=-22.174325317798, y=-2.0, z=-20.600665886866295}
 }
23:14:56 `ยง7Villager`356 missed {
 is already Found: false).
 Position: LorenzVec{x=17.5, y=70.0, z=-99.0}
 DistanceC: 21.013174682202
Relative Position: LorenzVec{x=21.013174682202, y=0.0, z=-16.506915886866295}
 }
23:14:56 `126982kkv2`244 missed {
 is already Found: false).
 Position: LorenzVec{x=-24.5, y=71.0, z=-58.5}
 DistanceC: 23.993084113133705
Relative Position: LorenzVec{x=-20.986825317798, y=1.0, z=23.993084113133705}
 }
23:14:56 `3ref758fzf`409 missed {
 is already Found: false).
 Position: LorenzVec{x=14.0, y=72.0, z=-106.0}
 DistanceC: 23.506915886866295
Relative Position: LorenzVec{x=17.513174682202, y=2.0, z=-23.506915886866295}
 }
23:15:52 `iv11zn5mk4`329 missed {
 is already Found: false).
 Position: LorenzVec{x=-37.5, y=68.0, z=-125.5}
 DistanceC: 18.731812889110095
Relative Position: LorenzVec{x=-18.731812889110095, y=-5.393779602861159, z=16.637286039754088}
 }
23:26:59 `upkc84kh76`332 missed {
 is already Found: false).
 Position: LorenzVec{x=-41.5, y=70.0, z=-64.5}
 DistanceC: 23.090290571794597
Relative Position: LorenzVec{x=-15.84980353133886, y=2.0, z=-23.090290571794597}
 }
23:27:00 `k59f00f87y`249 missed {
 is already Found: false).
 Position: LorenzVec{x=-47.0, y=74.0, z=-30.5}
 DistanceC: 21.34980353133886
Relative Position: LorenzVec{x=-21.34980353133886, y=6.0, z=10.909709428205403}
 }
23:27:57 `Zombie`61619 missed {
 is already Found: false).
 Position: LorenzVec{x=-34.15625, y=57.0, z=-122.08333333333333}
 DistanceC: 1.5935072926596092
Relative Position: LorenzVec{x=0.21820183224743062, y=-20.39377960286116, z=1.5935072926596092}
 }
23:28:06 `2o3485368j`571 missed {
 is already Found: false).
 Position: LorenzVec{x=-39.5, y=70.0, z=-78.90625}
 DistanceC: 19.361639686135433
Relative Position: LorenzVec{x=-12.297807584034345, y=-15.0, z=19.361639686135433}
 }
23:28:06 `kcse6469k8`570 missed {
 is already Found: false).
 Position: LorenzVec{x=-32.5, y=71.0, z=-76.5}
 DistanceC: 21.767889686135433
Relative Position: LorenzVec{x=-5.297807584034345, y=-14.0, z=21.767889686135433}
 }
23:28:06 `ยง7Villager`344 missed {
 is already Found: false).
 Position: LorenzVec{x=-7.5, y=70.0, z=-75.5}
 DistanceC: 22.767889686135433
Relative Position: LorenzVec{x=19.702192415965655, y=-15.0, z=22.767889686135433}
 }
23:28:58 `a933p252fm`330 missed {
 is already Found: false).
 Position: LorenzVec{x=-9.0, y=68.0, z=-125.0}
 DistanceC: 18.253921288252073
Relative Position: LorenzVec{x=-18.253921288252073, y=-11.471917819871578, z=-17.857610241235776}
 }
