11:55:16 §e[SkyHanni] Reloaded 7437 items in the NEU repo§r
11:56:24 §c[SkyHanni] Your computer's clock is off by 15s.
§ePlease update your time settings. Many features may not function correctly until you do.
§eClick here for instructions on how to fix your clock.§r
11:58:55 §c[SkyHanni] Your computer's clock is off by 15s.
§ePlease update your time settings. Many features may not function correctly until you do.
§eClick here for instructions on how to fix your clock.§r
12:40:18 §e[SkyHanni] §b+2 SkyBlock XP §7(Bag Upgrades§7)§b (46/100)§r
12:45:12 §e[SkyHanni] You have gained §b378 §eBits.§r
12:45:24 §e[SkyHanni] You have gained §b8 §eBits.§r
12:46:08 §e[SkyHanni] You have gained §b8 §eBits.§r
12:47:24 §e[SkyHanni] You have gained §b8 §eBits.§r
12:48:03 §e[SkyHanni] You have gained §b8 §eBits.§r
12:49:31 §e[SkyHanni] You have gained §b16 §eBits.§r
12:50:11 §e[SkyHanni] You have gained §b16 §eBits.§r
12:51:22 §e[SkyHanni] You have gained §b8 §eBits.§r
12:54:58 §e[SkyHanni] You have gained §b8 §eBits.§r
12:55:45 §e[SkyHanni] You have gained §b8 §eBits.§r
12:57:01 §e[SkyHanni] You have gained §b16 §eBits.§r
12:57:32 §e[SkyHanni] You have gained §b8 §eBits.§r
12:57:56 §e[SkyHanni] You have gained §b8 §eBits.§r
12:58:37 §e[SkyHanni] You have gained §b8 §eBits.§r
13:01:02 §e[SkyHanni] Profit for §9Lapis Corpse§e: §638k§r
13:01:25 §e[SkyHanni] Profit for §9Lapis Corpse§e: §639k§r
13:01:26 §e[SkyHanni] §b+1 SkyBlock XP §7(HOTM Progression§7)§b (49/100)§r
13:07:17 §e[SkyHanni] §lCLICK HERE§r§e to grab §ax35 §9§aEnchanted Hard Stone§e from sacks!§r
13:07:57 §e[SkyHanni] You have gained §b48 §eBits.§r
13:08:48 §e[SkyHanni] You have gained §b8 §eBits.§r
13:09:35 §e[SkyHanni] You have gained §b8 §eBits.§r
13:10:30 §e[SkyHanni] You have gained §b8 §eBits.§r
13:10:59 §e[SkyHanni] You have gained §b8 §eBits.§r
13:11:47 §e[SkyHanni] You have gained §b8 §eBits.§r
13:12:16 §e[SkyHanni] You have gained §b8 §eBits.§r
13:15:43 §e[SkyHanni] You have gained §b378 §eBits.§r
13:15:50 §e[SkyHanni] You have gained §b8 §eBits.§r
13:16:42 §e[SkyHanni] §b+1 SkyBlock XP §7(HOTM Progression§7)§b (55/100)§r
13:18:48 §e[SkyHanni] You have gained §b8 §eBits.§r
13:21:07 §e[SkyHanni] Profit for §9Lapis Corpse§e: §612k§r
13:21:07 §e[SkyHanni] §b+1 SkyBlock XP §7(HOTM Progression§7)§b (56/100)§r
13:21:15 §e[SkyHanni] Profit for §9Lapis Corpse§e: §6382k§r
13:30:20 §e[SkyHanni] You have gained §b92 §eBits.§r
13:31:13 §e[SkyHanni] You have gained §b16 §eBits.§r
13:31:58 §e[SkyHanni] You have gained §b8 §eBits.§r
13:32:50 §e[SkyHanni] You have gained §b8 §eBits.§r
13:33:20 §e[SkyHanni] §b+4 SkyBlock XP §7(HOTM Progression§7)§b (56/100)§r
13:34:14 §6§lBESTIARY §r§b§lBlue Jerry §7§8IX §8➡§b §bX§r
13:34:40 §e[SkyHanni] §b+1 SkyBlock XP §7(HOTM Progression§7)§b (57/100)§r
13:35:13 §e[SkyHanni] You have gained §b8 §eBits.§r
13:35:42 §e[SkyHanni] You have gained §b8 §eBits.§r
13:36:26 §e[SkyHanni] You have gained §b16 §eBits.§r
13:36:59 §e[SkyHanni] You have gained §b8 §eBits.§r
13:37:35 §e[SkyHanni] You have gained §b8 §eBits.§r
13:39:51 §e[SkyHanni] You have gained §b8 §eBits.§r
13:40:22 §e[SkyHanni] You have gained §b8 §eBits.§r
13:41:28 §e[SkyHanni] Profit for §9Lapis Corpse§e: §645k§r
13:41:47 §e[SkyHanni] Profit for §9Lapis Corpse§e: §633k§r
13:41:47 §e[SkyHanni] §b+1 SkyBlock XP §7(HOTM Progression§7)§b (59/100)§r
13:47:17 §e[SkyHanni] §lCLICK HERE§r§e to grab §ax126 §9§9Enchanted Mithril§e from sacks!§r
13:47:21 §e[SkyHanni] §lCLICK HERE§r§e to grab §ax3 §9§aEnchanted Hard Stone§e from sacks!§r
13:50:08 §e[SkyHanni] You have gained §b418 §eBits.§r
13:51:34 §e[SkyHanni] You have gained §b8 §eBits.§r
13:52:35 §e[SkyHanni] You have gained §b8 §eBits.§r
13:53:26 §e[SkyHanni] You have gained §b8 §eBits.§r
13:55:47 §e[SkyHanni] You have gained §b8 §eBits.§r
13:56:05 §e[SkyHanni] You have gained §b8 §eBits.§r
13:56:55 §e[SkyHanni] You have gained §b8 §eBits.§r
13:58:37 §e[SkyHanni] §b+3 SkyBlock XP §7(HOTM Progression§7)§b (60/100)§r
13:58:42 §e[SkyHanni] You have gained §b8 §eBits.§r
13:58:54 §e[SkyHanni] §lCLICK HERE§r§e to grab §ax962 §9§a❂ Flawed Opal Gemstone§e from sacks!§r
13:58:57 §e[SkyHanni] §lCLICK HERE§r§e to grab §ax174 §9§9❂ Fine Opal Gemstone§e from sacks!§r
13:59:50 §e[SkyHanni] You have gained §b8 §eBits.§r
14:02:06 §e[SkyHanni] Profit for §9Lapis Corpse§e: §6306k§r
14:02:47 §e[SkyHanni] Profit for §9Lapis Corpse§e: §640k§r
14:14:09 §e[SkyHanni] §b+1 SkyBlock XP §7(HOTM Progression§7)§b (62/100)§r
14:14:10 §e[SkyHanni] You have gained §b61 §eBits.§r
14:15:09 §e[SkyHanni] §lCLICK HERE§r§e to grab §ax1 §9§9Enchanted Gold Block§e from sacks!§r
14:15:10 §e[SkyHanni] §lCLICK HERE§r§e to grab §ax1 §9§9Enchanted Gold Block§e from sacks!§r
14:15:11 §e[SkyHanni] §lCLICK HERE§r§e to grab §ax1 §9§9Enchanted Gold Block§e from sacks!§r
14:15:11 §e[SkyHanni] §lCLICK HERE§r§e to grab §ax1 §9§9Enchanted Gold Block§e from sacks!§r
14:15:12 §e[SkyHanni] §lCLICK HERE§r§e to grab §ax1 §9§9Enchanted Gold Block§e from sacks!§r
14:15:12 §e[SkyHanni] §lCLICK HERE§r§e to grab §ax1 §9§9Enchanted Gold Block§e from sacks!§r
14:15:13 §e[SkyHanni] §lCLICK HERE§r§e to grab §ax1 §9§9Enchanted Gold Block§e from sacks!§r
14:15:13 §e[SkyHanni] §lCLICK HERE§r§e to grab §ax1 §9§9Enchanted Gold Block§e from sacks!§r
14:15:14 §e[SkyHanni] §lCLICK HERE§r§e to grab §ax1 §9§9Enchanted Gold Block§e from sacks!§r
14:15:14 §e[SkyHanni] §lCLICK HERE§r§e to grab §ax1 §9§9Enchanted Gold Block§e from sacks!§r
14:15:15 §e[SkyHanni] §lCLICK HERE§r§e to grab §ax1 §9§9Enchanted Gold Block§e from sacks!§r
14:15:15 §e[SkyHanni] §lCLICK HERE§r§e to grab §ax1 §9§9Enchanted Gold Block§e from sacks!§r
14:15:16 §e[SkyHanni] §lCLICK HERE§r§e to grab §ax1 §9§9Enchanted Gold Block§e from sacks!§r
14:15:16 §e[SkyHanni] §lCLICK HERE§r§e to grab §ax1 §9§9Enchanted Gold Block§e from sacks!§r
14:15:17 §e[SkyHanni] §lCLICK HERE§r§e to grab §ax1 §9§9Enchanted Gold Block§e from sacks!§r
14:15:27 §e[SkyHanni] §lCLICK HERE§r§e to grab §ax1 §9§9Enchanted Gold Block§e from sacks!§r
14:16:12 §e[SkyHanni] §lCLICK HERE§r§e to grab §ax1 §9§9Concentrated Stone§e from sacks!§r
14:16:12 §e[SkyHanni] §lCLICK HERE§r§e to grab §ax1 §9§9Concentrated Stone§e from sacks!§r
14:16:13 §e[SkyHanni] §lCLICK HERE§r§e to grab §ax1 §9§9Concentrated Stone§e from sacks!§r
14:16:13 §e[SkyHanni] §lCLICK HERE§r§e to grab §ax1 §9§9Concentrated Stone§e from sacks!§r
14:16:13 §e[SkyHanni] §lCLICK HERE§r§e to grab §ax1 §9§9Concentrated Stone§e from sacks!§r
14:16:14 §e[SkyHanni] §lCLICK HERE§r§e to grab §ax1 §9§9Concentrated Stone§e from sacks!§r
14:16:14 §e[SkyHanni] §lCLICK HERE§r§e to grab §ax1 §9§9Concentrated Stone§e from sacks!§r
14:16:15 §e[SkyHanni] §lCLICK HERE§r§e to grab §ax1 §9§9Concentrated Stone§e from sacks!§r
14:16:16 §e[SkyHanni] §lCLICK HERE§r§e to grab §ax1 §9§9Concentrated Stone§e from sacks!§r
14:16:17 §e[SkyHanni] You have gained §b378 §eBits.§r
