13:23:57 Trying to load config from config\skyhanni\config.json
13:23:57 load-config-now
13:23:58 Loaded config from file
13:23:58 Trying to load sacks from config\skyhanni\sacks.json
13:23:58 load-sacks-now
13:23:58 Loaded sacks from file
13:23:58 Trying to load friends from config\skyhanni\friends.json
13:23:58 load-friends-now
13:23:58 Loaded friends from file
13:23:58 Trying to load known_features from config\skyhanni\known_features.json
13:23:58 load-known_features-now
13:23:58 Loaded known_features from file
13:23:58 Trying to load jacob_contests from config\skyhanni\jacob_contests.json
13:23:58 load-jacob_contests-now
13:23:58 Loaded jacob_contests from file
13:23:58 Trying to load visual_words from config\skyhanni\visual_words.json
13:23:58 Setting visual_words to be blank as it did not exist. It will be saved once something is written to it
13:24:58 saveConfig: auto-save-60s
13:24:58 Saving config file
13:25:58 saveConfig: auto-save-60s
13:25:58 Saving config file
13:26:58 saveConfig: auto-save-60s
13:26:58 Saving config file
13:27:58 saveConfig: auto-save-60s
13:27:58 Saving config file
13:28:58 saveConfig: auto-save-60s
13:28:58 Saving config file
13:29:58 saveConfig: auto-save-60s
13:29:58 Saving config file
13:30:58 saveConfig: auto-save-60s
13:30:58 Saving config file
13:31:58 saveConfig: auto-save-60s
13:31:58 Saving config file
13:32:58 saveConfig: auto-save-60s
13:32:58 Saving config file
13:33:58 saveConfig: auto-save-60s
13:33:58 Saving config file
13:34:58 saveConfig: auto-save-60s
13:34:58 Saving config file
13:35:58 saveConfig: auto-save-60s
13:35:58 Saving config file
13:36:58 saveConfig: auto-save-60s
13:36:58 Saving config file
13:37:58 saveConfig: auto-save-60s
13:37:58 Saving config file
13:38:58 saveConfig: auto-save-60s
13:38:58 Saving config file
13:39:32 saveConfig: Updated known feature flags
13:39:32 Saving known_features file
13:39:58 saveConfig: auto-save-60s
13:39:58 Saving config file
13:40:58 saveConfig: auto-save-60s
13:40:58 Saving config file
13:41:58 saveConfig: auto-save-60s
13:41:58 Saving config file
13:42:58 saveConfig: auto-save-60s
13:42:58 Saving config file
13:43:58 saveConfig: auto-save-60s
13:43:58 Saving config file
13:44:58 saveConfig: auto-save-60s
13:44:58 Saving config file
13:45:58 saveConfig: auto-save-60s
13:45:58 Saving config file
13:46:58 saveConfig: auto-save-60s
13:46:58 Saving config file
13:47:52 saveConfig: saving-data
13:47:52 Saving sacks file
13:47:58 saveConfig: auto-save-60s
13:47:58 Saving config file
13:48:58 saveConfig: auto-save-60s
13:48:58 Saving config file
13:49:58 saveConfig: auto-save-60s
13:49:58 Saving config file
13:50:58 saveConfig: auto-save-60s
13:50:58 Saving config file
13:51:58 saveConfig: auto-save-60s
13:51:58 Saving config file
13:52:58 saveConfig: auto-save-60s
13:52:58 Saving config file
13:53:58 saveConfig: auto-save-60s
13:53:58 Saving config file
13:54:58 saveConfig: auto-save-60s
13:54:58 Saving config file
13:55:58 saveConfig: auto-save-60s
13:55:58 Saving config file
13:56:58 saveConfig: auto-save-60s
13:56:58 Saving config file
13:57:58 saveConfig: auto-save-60s
13:57:58 Saving config file
13:58:58 saveConfig: auto-save-60s
13:58:58 Saving config file
13:59:58 saveConfig: auto-save-60s
13:59:58 Saving config file
14:00:58 saveConfig: auto-save-60s
14:00:58 Saving config file
14:01:58 saveConfig: auto-save-60s
14:01:58 Saving config file
14:02:58 saveConfig: auto-save-60s
14:02:58 Saving config file
14:03:58 saveConfig: auto-save-60s
14:03:58 Saving config file
14:04:58 saveConfig: auto-save-60s
14:04:58 Saving config file
14:05:58 saveConfig: auto-save-60s
14:05:58 Saving config file
14:06:58 saveConfig: auto-save-60s
14:06:58 Saving config file
14:07:58 saveConfig: auto-save-60s
14:07:58 Saving config file
14:08:58 saveConfig: auto-save-60s
14:08:58 Saving config file
14:09:58 saveConfig: auto-save-60s
14:09:58 Saving config file
14:10:58 saveConfig: auto-save-60s
14:10:58 Saving config file
14:11:34 saveConfig: close-gui
14:11:34 Saving config file
14:11:58 saveConfig: auto-save-60s
14:11:58 Saving config file
14:12:58 saveConfig: auto-save-60s
14:12:58 Saving config file
14:13:58 saveConfig: auto-save-60s
14:13:58 Saving config file
14:14:58 saveConfig: auto-save-60s
14:14:58 Saving config file
14:15:58 saveConfig: auto-save-60s
14:15:58 Saving config file
14:16:58 saveConfig: auto-save-60s
14:16:58 Saving config file
14:17:58 saveConfig: auto-save-60s
14:17:58 Saving config file
14:18:58 saveConfig: auto-save-60s
14:18:58 Saving config file
14:19:58 saveConfig: auto-save-60s
14:19:58 Saving config file
14:20:58 saveConfig: auto-save-60s
14:20:58 Saving config file
14:21:58 saveConfig: auto-save-60s
14:21:58 Saving config file
14:22:58 saveConfig: auto-save-60s
14:22:58 Saving config file
14:23:58 saveConfig: auto-save-60s
14:23:58 Saving config file
14:24:58 saveConfig: auto-save-60s
14:24:58 Saving config file
14:25:58 saveConfig: auto-save-60s
14:25:58 Saving config file
14:26:58 saveConfig: auto-save-60s
14:26:58 Saving config file
14:27:58 saveConfig: auto-save-60s
14:27:58 Saving config file
14:28:58 saveConfig: auto-save-60s
14:28:58 Saving config file
14:29:58 saveConfig: auto-save-60s
14:29:58 Saving config file
14:30:58 saveConfig: auto-save-60s
14:30:58 Saving config file
14:31:58 saveConfig: auto-save-60s
14:31:58 Saving config file
14:32:58 saveConfig: auto-save-60s
14:32:58 Saving config file
14:33:58 saveConfig: auto-save-60s
14:33:58 Saving config file
14:34:58 saveConfig: auto-save-60s
14:34:58 Saving config file
14:35:58 saveConfig: auto-save-60s
14:35:58 Saving config file
14:36:58 saveConfig: auto-save-60s
14:36:58 Saving config file
14:37:58 saveConfig: auto-save-60s
14:37:58 Saving config file
14:38:58 saveConfig: auto-save-60s
14:38:58 Saving config file
14:39:58 saveConfig: auto-save-60s
14:39:58 Saving config file
14:40:58 saveConfig: auto-save-60s
14:40:58 Saving config file
14:41:58 saveConfig: auto-save-60s
14:41:58 Saving config file
14:42:58 saveConfig: auto-save-60s
14:42:58 Saving config file
14:43:58 saveConfig: auto-save-60s
14:43:58 Saving config file
14:44:58 saveConfig: auto-save-60s
14:44:58 Saving config file
14:45:58 saveConfig: auto-save-60s
14:45:58 Saving config file
14:46:58 saveConfig: auto-save-60s
14:46:58 Saving config file
14:47:58 saveConfig: auto-save-60s
14:47:58 Saving config file
14:48:58 saveConfig: auto-save-60s
14:48:58 Saving config file
14:49:58 saveConfig: auto-save-60s
14:49:58 Saving config file
14:50:58 saveConfig: auto-save-60s
14:50:58 Saving config file
14:51:58 saveConfig: auto-save-60s
14:51:58 Saving config file
14:52:45 saveConfig: Save file
14:52:45 Saving friends file
14:52:58 saveConfig: auto-save-60s
14:52:58 Saving config file
14:53:29 saveConfig: close-gui
14:53:29 Saving config file
14:53:58 saveConfig: auto-save-60s
14:53:58 Saving config file
14:54:01 saveConfig: saving-data
14:54:01 Saving sacks file
14:54:58 saveConfig: auto-save-60s
14:54:58 Saving config file
14:55:58 saveConfig: auto-save-60s
14:55:58 Saving config file
14:56:58 saveConfig: auto-save-60s
14:56:58 Saving config file
14:57:58 saveConfig: auto-save-60s
14:57:58 Saving config file
14:58:58 saveConfig: auto-save-60s
14:58:58 Saving config file
14:59:58 saveConfig: auto-save-60s
14:59:58 Saving config file
15:00:58 saveConfig: auto-save-60s
15:00:58 Saving config file
15:01:58 saveConfig: auto-save-60s
15:01:58 Saving config file
15:02:58 saveConfig: auto-save-60s
15:02:58 Saving config file
15:03:58 saveConfig: auto-save-60s
15:03:58 Saving config file
15:04:58 saveConfig: auto-save-60s
15:04:58 Saving config file
15:05:58 saveConfig: auto-save-60s
15:05:58 Saving config file
15:06:58 saveConfig: auto-save-60s
15:06:58 Saving config file
15:07:58 saveConfig: auto-save-60s
15:07:58 Saving config file
15:08:58 saveConfig: auto-save-60s
15:08:58 Saving config file
15:09:58 saveConfig: auto-save-60s
15:09:58 Saving config file
15:10:58 saveConfig: auto-save-60s
15:10:58 Saving config file
15:11:58 saveConfig: auto-save-60s
15:11:58 Saving config file
15:12:58 saveConfig: auto-save-60s
15:12:58 Saving config file
15:13:58 saveConfig: auto-save-60s
15:13:58 Saving config file
15:14:58 saveConfig: auto-save-60s
15:14:58 Saving config file
15:15:58 saveConfig: auto-save-60s
15:15:58 Saving config file
15:16:58 saveConfig: auto-save-60s
15:16:58 Saving config file
15:17:58 saveConfig: auto-save-60s
15:17:58 Saving config file
15:18:58 saveConfig: auto-save-60s
15:18:58 Saving config file
15:19:58 saveConfig: auto-save-60s
15:19:58 Saving config file
15:20:58 saveConfig: auto-save-60s
15:20:58 Saving config file
15:21:58 saveConfig: auto-save-60s
15:21:58 Saving config file
15:22:58 saveConfig: auto-save-60s
15:22:58 Saving config file
15:23:58 saveConfig: auto-save-60s
15:23:58 Saving config file
15:24:58 saveConfig: auto-save-60s
15:24:58 Saving config file
15:25:58 saveConfig: auto-save-60s
15:25:58 Saving config file
15:26:58 saveConfig: auto-save-60s
15:26:58 Saving config file
15:27:58 saveConfig: auto-save-60s
15:27:58 Saving config file
15:28:58 saveConfig: auto-save-60s
15:28:58 Saving config file
15:29:58 saveConfig: auto-save-60s
15:29:58 Saving config file
15:30:58 saveConfig: auto-save-60s
15:30:58 Saving config file
15:31:58 saveConfig: auto-save-60s
15:31:58 Saving config file
15:32:58 saveConfig: auto-save-60s
15:32:58 Saving config file
15:33:58 saveConfig: auto-save-60s
15:33:58 Saving config file
15:34:58 saveConfig: auto-save-60s
15:34:58 Saving config file
15:35:58 saveConfig: auto-save-60s
15:35:58 Saving config file
15:36:58 saveConfig: auto-save-60s
15:36:58 Saving config file
15:37:58 saveConfig: auto-save-60s
15:37:58 Saving config file
15:38:58 saveConfig: auto-save-60s
15:38:58 Saving config file
15:39:58 saveConfig: auto-save-60s
15:39:58 Saving config file
15:40:58 saveConfig: auto-save-60s
15:40:58 Saving config file
15:41:58 saveConfig: auto-save-60s
15:41:58 Saving config file
15:42:03 saveConfig: saving-data
15:42:03 Saving sacks file
15:42:58 saveConfig: auto-save-60s
15:42:58 Saving config file
15:43:58 saveConfig: auto-save-60s
15:43:58 Saving config file
15:44:58 saveConfig: auto-save-60s
15:44:58 Saving config file
15:45:58 saveConfig: auto-save-60s
15:45:58 Saving config file
15:46:58 saveConfig: auto-save-60s
15:46:58 Saving config file
15:47:58 saveConfig: auto-save-60s
15:47:58 Saving config file
15:48:58 saveConfig: auto-save-60s
15:48:58 Saving config file
15:49:58 saveConfig: auto-save-60s
15:49:58 Saving config file
15:50:58 saveConfig: auto-save-60s
15:50:58 Saving config file
15:51:58 saveConfig: auto-save-60s
15:51:58 Saving config file
15:52:19 saveConfig: saving-data
15:52:19 Saving sacks file
15:52:58 saveConfig: auto-save-60s
15:52:58 Saving config file
15:53:58 saveConfig: auto-save-60s
15:53:58 Saving config file
15:54:58 saveConfig: auto-save-60s
15:54:58 Saving config file
15:55:58 saveConfig: auto-save-60s
15:55:58 Saving config file
15:56:58 saveConfig: auto-save-60s
15:56:58 Saving config file
15:57:58 saveConfig: auto-save-60s
15:57:58 Saving config file
15:58:58 saveConfig: auto-save-60s
15:58:58 Saving config file
15:59:58 saveConfig: auto-save-60s
15:59:58 Saving config file
16:00:58 saveConfig: auto-save-60s
16:00:58 Saving config file
16:01:58 saveConfig: auto-save-60s
16:01:58 Saving config file
16:02:58 saveConfig: auto-save-60s
16:02:58 Saving config file
16:03:58 saveConfig: auto-save-60s
16:03:58 Saving config file
16:04:58 saveConfig: auto-save-60s
16:04:58 Saving config file
16:05:58 saveConfig: auto-save-60s
16:05:58 Saving config file
16:06:58 saveConfig: auto-save-60s
16:06:58 Saving config file
16:07:58 saveConfig: auto-save-60s
16:07:58 Saving config file
16:08:58 saveConfig: auto-save-60s
16:08:58 Saving config file
16:09:58 saveConfig: auto-save-60s
16:09:58 Saving config file
16:10:58 saveConfig: auto-save-60s
16:10:58 Saving config file
16:11:58 saveConfig: auto-save-60s
16:11:58 Saving config file
16:12:27 saveConfig: saving-data
16:12:27 Saving sacks file
16:12:58 saveConfig: auto-save-60s
16:12:58 Saving config file
16:13:58 saveConfig: auto-save-60s
16:13:58 Saving config file
16:14:58 saveConfig: auto-save-60s
16:14:58 Saving config file
16:15:58 saveConfig: auto-save-60s
16:15:58 Saving config file
16:16:58 saveConfig: auto-save-60s
16:16:58 Saving config file
16:17:58 saveConfig: auto-save-60s
16:17:58 Saving config file
16:18:58 saveConfig: auto-save-60s
16:18:58 Saving config file
16:19:58 saveConfig: auto-save-60s
16:19:58 Saving config file
16:20:58 saveConfig: auto-save-60s
16:20:58 Saving config file
16:21:58 saveConfig: auto-save-60s
16:21:58 Saving config file
16:22:58 saveConfig: auto-save-60s
16:22:58 Saving config file
16:23:58 saveConfig: auto-save-60s
16:23:58 Saving config file
16:24:58 saveConfig: auto-save-60s
16:24:58 Saving config file
16:25:58 saveConfig: auto-save-60s
16:25:58 Saving config file
16:26:58 saveConfig: auto-save-60s
16:26:58 Saving config file
16:27:58 saveConfig: auto-save-60s
16:27:58 Saving config file
16:28:58 saveConfig: auto-save-60s
16:28:58 Saving config file
16:29:58 saveConfig: auto-save-60s
16:29:58 Saving config file
16:30:58 saveConfig: auto-save-60s
16:30:58 Saving config file
16:31:58 saveConfig: auto-save-60s
16:31:58 Saving config file
16:32:58 saveConfig: auto-save-60s
16:32:58 Saving config file
16:33:58 saveConfig: auto-save-60s
16:33:58 Saving config file
16:34:58 saveConfig: auto-save-60s
16:34:58 Saving config file
16:35:58 saveConfig: auto-save-60s
16:35:58 Saving config file
16:36:58 saveConfig: auto-save-60s
16:36:58 Saving config file
16:37:58 saveConfig: auto-save-60s
16:37:58 Saving config file
16:38:58 saveConfig: auto-save-60s
16:38:58 Saving config file
16:39:58 saveConfig: auto-save-60s
16:39:58 Saving config file
16:40:58 saveConfig: auto-save-60s
16:40:58 Saving config file
16:41:58 saveConfig: auto-save-60s
16:41:58 Saving config file
16:42:58 saveConfig: auto-save-60s
16:42:58 Saving config file
16:43:58 saveConfig: auto-save-60s
16:43:58 Saving config file
16:44:58 saveConfig: auto-save-60s
16:44:58 Saving config file
16:45:58 saveConfig: auto-save-60s
16:45:58 Saving config file
16:46:58 saveConfig: auto-save-60s
16:46:58 Saving config file
16:47:09 saveConfig: saving-data
16:47:09 Saving sacks file
16:47:58 saveConfig: auto-save-60s
16:47:58 Saving config file
16:48:58 saveConfig: auto-save-60s
16:48:58 Saving config file
16:49:58 saveConfig: auto-save-60s
16:49:58 Saving config file
16:50:58 saveConfig: auto-save-60s
16:50:58 Saving config file
16:51:58 saveConfig: auto-save-60s
16:51:58 Saving config file
16:52:58 saveConfig: auto-save-60s
16:52:58 Saving config file
16:53:58 saveConfig: auto-save-60s
16:53:58 Saving config file
16:54:58 saveConfig: auto-save-60s
16:54:58 Saving config file
16:55:58 saveConfig: auto-save-60s
16:55:58 Saving config file
16:56:58 saveConfig: auto-save-60s
16:56:58 Saving config file
16:57:58 saveConfig: auto-save-60s
16:57:58 Saving config file
16:58:58 saveConfig: auto-save-60s
16:58:58 Saving config file
16:59:58 saveConfig: auto-save-60s
16:59:58 Saving config file
17:00:58 saveConfig: auto-save-60s
17:00:58 Saving config file
17:01:58 saveConfig: auto-save-60s
17:01:58 Saving config file
17:02:58 saveConfig: auto-save-60s
17:02:58 Saving config file
17:03:58 saveConfig: auto-save-60s
17:03:58 Saving config file
17:04:58 saveConfig: auto-save-60s
17:04:58 Saving config file
17:05:58 saveConfig: auto-save-60s
17:05:58 Saving config file
17:06:58 saveConfig: auto-save-60s
17:06:58 Saving config file
17:07:58 saveConfig: auto-save-60s
17:07:58 Saving config file
17:08:58 saveConfig: auto-save-60s
17:08:58 Saving config file
17:09:32 saveConfig: saving-data
17:09:32 Saving sacks file
17:09:58 saveConfig: auto-save-60s
17:09:58 Saving config file
17:10:58 saveConfig: auto-save-60s
17:10:58 Saving config file
17:11:58 saveConfig: auto-save-60s
17:11:58 Saving config file
17:12:58 saveConfig: auto-save-60s
17:12:58 Saving config file
17:13:58 saveConfig: auto-save-60s
17:13:58 Saving config file
17:14:58 saveConfig: auto-save-60s
17:14:58 Saving config file
17:15:58 saveConfig: auto-save-60s
17:15:58 Saving config file
17:16:58 saveConfig: auto-save-60s
17:16:58 Saving config file
17:17:58 saveConfig: auto-save-60s
17:17:58 Saving config file
17:18:58 saveConfig: auto-save-60s
17:18:58 Saving config file
17:19:58 saveConfig: auto-save-60s
17:19:58 Saving config file
17:20:58 saveConfig: auto-save-60s
17:20:58 Saving config file
17:21:58 saveConfig: auto-save-60s
17:21:58 Saving config file
17:22:58 saveConfig: auto-save-60s
17:22:58 Saving config file
17:23:58 saveConfig: auto-save-60s
17:23:58 Saving config file
17:24:58 saveConfig: auto-save-60s
17:24:58 Saving config file
17:25:58 saveConfig: auto-save-60s
17:25:58 Saving config file
17:26:58 saveConfig: auto-save-60s
17:26:58 Saving config file
17:27:58 saveConfig: auto-save-60s
17:27:58 Saving config file
17:28:58 saveConfig: auto-save-60s
17:28:58 Saving config file
17:29:58 saveConfig: auto-save-60s
17:29:58 Saving config file
17:30:58 saveConfig: auto-save-60s
17:30:58 Saving config file
17:31:58 saveConfig: auto-save-60s
17:31:58 Saving config file
17:32:58 saveConfig: auto-save-60s
17:32:58 Saving config file
17:33:58 saveConfig: auto-save-60s
17:33:58 Saving config file
17:34:58 saveConfig: auto-save-60s
17:34:58 Saving config file
17:35:58 saveConfig: auto-save-60s
17:35:58 Saving config file
17:36:58 saveConfig: auto-save-60s
17:36:58 Saving config file
17:37:58 saveConfig: auto-save-60s
17:37:58 Saving config file
17:38:58 saveConfig: auto-save-60s
17:38:58 Saving config file
17:39:58 saveConfig: auto-save-60s
17:39:58 Saving config file
17:40:58 saveConfig: auto-save-60s
17:40:58 Saving config file
17:41:58 saveConfig: auto-save-60s
17:41:58 Saving config file
17:42:58 saveConfig: auto-save-60s
17:42:58 Saving config file
17:43:58 saveConfig: auto-save-60s
17:43:58 Saving config file
17:44:58 saveConfig: auto-save-60s
17:44:58 Saving config file
17:45:58 saveConfig: auto-save-60s
17:45:58 Saving config file
17:46:58 saveConfig: auto-save-60s
17:46:58 Saving config file
17:47:58 saveConfig: auto-save-60s
17:47:58 Saving config file
17:48:58 saveConfig: auto-save-60s
17:48:58 Saving config file
17:49:58 saveConfig: auto-save-60s
17:49:58 Saving config file
17:50:58 saveConfig: auto-save-60s
17:50:58 Saving config file
17:51:58 saveConfig: auto-save-60s
17:51:58 Saving config file
17:52:58 saveConfig: auto-save-60s
17:52:58 Saving config file
17:53:58 saveConfig: auto-save-60s
17:53:58 Saving config file
17:54:58 saveConfig: auto-save-60s
17:54:58 Saving config file
17:55:58 saveConfig: auto-save-60s
17:55:58 Saving config file
17:56:58 saveConfig: auto-save-60s
17:56:58 Saving config file
17:57:58 saveConfig: auto-save-60s
17:57:58 Saving config file
17:58:58 saveConfig: auto-save-60s
17:58:58 Saving config file
17:59:46 saveConfig: shutdown-hook
17:59:46 Saving config file
