12:45:59 §f §r§r§r§f §r§r§r§1 §r§r§r§0 §r§r§r§2 §r§r§r§f §r§r§r§f §r§r§r§2 §r§r§r§0 §r§r§r§4 §r§r§r§3 §r§r§r§9 §r§r§r§2 §r§r§r§0 §r§r§r§0 §r§r§r§3 §r§r§r§9 §r§r§r§2 §r§r§r§0 §r§r§r§0 §r§r§r§3 §r§r§r§9 §r§r§r§2 §r§r§r§0 §r§r§r§0 
12:46:20 §f §r§r§r§f §r§r§r§1 §r§r§r§0 §r§r§r§2 §r§r§r§f §r§r§r§f §r§r§r§2 §r§r§r§0 §r§r§r§4 §r§r§r§3 §r§r§r§9 §r§r§r§2 §r§r§r§0 §r§r§r§0 §r§r§r§3 §r§r§r§9 §r§r§r§2 §r§r§r§0 §r§r§r§0 §r§r§r§3 §r§r§r§9 §r§r§r§2 §r§r§r§0 §r§r§r§0 
12:46:25 §8 §r§8 §r§1 §r§3 §r§3 §r§7 §r§8 
12:46:27 
12:46:27 
12:46:31 §f                                        
12:46:31 §f                                        
12:46:52 §8 §r§8 §r§1 §r§3 §r§3 §r§7 §r§8 
12:46:57 §8 §r§8 §r§1 §r§3 §r§3 §r§7 §r§8 
12:48:26 §8 §r§8 §r§1 §r§3 §r§3 §r§7 §r§8 
12:53:04 §8 §r§8 §r§1 §r§3 §r§3 §r§7 §r§8 
12:53:17 §8 §r§8 §r§1 §r§3 §r§3 §r§7 §r§8 
12:57:17 §8 §r§8 §r§1 §r§3 §r§3 §r§7 §r§8 
12:58:44 §8 §r§8 §r§1 §r§3 §r§3 §r§7 §r§8 
13:01:53 §8 §r§8 §r§1 §r§3 §r§3 §r§7 §r§8 
13:09:08 §f                                        
13:27:18 
13:29:06 §f                                        
13:29:06 §f                                        
13:44:39  
13:44:39  
13:44:39  
13:49:03 §f                                        
