21:45:09 PRIVATE_ISLAND
21:48:10 NONE
21:48:11 DWARVEN_MINES
22:36:32 NONE
22:36:32 PRIVATE_ISLAND
22:36:56 NONE
22:36:56 GARDEN
22:37:01 NONE
22:37:01 PRIVATE_ISLAND
22:37:05 NONE
22:37:06 THE_END
23:07:51 NONE
23:07:51 DUNGEON_HUB
23:08:58 NONE
23:08:58 HUB
23:10:31 NONE
23:10:31 GARDEN
23:11:06 NONE
23:11:06 DUNGEON_HUB
23:11:37 NONE
23:11:40 CATACOMBS
23:20:26 NONE
23:20:27 DUNGEON_HUB
23:20:53 NONE
23:20:53 CATACOMBS
23:28:26 NONE
23:28:26 DUNGEON_HUB
23:28:33 NONE
23:28:33 CATACOMBS
23:32:54 NONE
23:32:55 DUNGEON_HUB
23:34:04 NONE
23:34:04 CATACOMBS
23:34:54 NONE
23:34:54 PRIVATE_ISLAND
23:36:04 NONE
23:36:04 DUNGEON_HUB
23:37:01 NONE
23:37:01 HUB
23:38:28 NONE
23:38:28 DUNGEON_HUB
23:38:39 NONE
23:38:39 CATACOMBS
23:38:51 NONE
23:38:52 DUNGEON_HUB
23:39:47 NONE
23:39:47 CATACOMBS
23:40:55 NONE
23:40:56 DUNGEON_HUB
23:41:54 NONE
23:41:55 DUNGEON_HUB
23:42:04 NONE
23:42:04 CATACOMBS
23:48:39 NONE
23:48:40 DUNGEON_HUB
23:49:29 NONE
23:49:29 HUB
23:50:09 NONE
23:50:09 DUNGEON_HUB
23:50:32 NONE
23:50:32 CATACOMBS
23:50:42 NONE
23:50:43 DUNGEON_HUB
23:52:05 NONE
23:52:05 CATACOMBS
00:03:20 DUNGEON_HUB
00:04:21 NONE
00:04:21 CATACOMBS
00:20:37 NONE
00:20:37 DUNGEON_HUB
00:22:37 NONE
00:22:37 THE_END
00:22:52 NONE
00:22:52 DUNGEON_HUB
00:24:02 NONE
00:24:02 CATACOMBS
00:35:10 NONE
00:35:11 DUNGEON_HUB
00:36:04 NONE
00:36:04 CATACOMBS
00:45:00 NONE
00:45:01 DUNGEON_HUB
00:45:28 NONE
00:45:30 CATACOMBS
00:45:31 NONE
00:45:32 DUNGEON_HUB
00:46:11 NONE
00:46:11 CATACOMBS
00:47:12 NONE
00:47:12 GARDEN
00:47:15 NONE
00:47:16 DUNGEON_HUB
00:53:13 NONE
00:53:14 CATACOMBS
01:02:47 NONE
01:02:47 DUNGEON_HUB
01:04:45 NONE
01:04:45 CATACOMBS
01:13:15 NONE
01:13:16 DUNGEON_HUB
01:14:15 NONE
01:14:15 CATACOMBS
01:22:19 NONE
01:22:20 DUNGEON_HUB
01:24:08 NONE
01:24:09 CATACOMBS
01:26:23 NONE
01:26:23 DUNGEON_HUB
01:28:16 NONE
01:28:16 CATACOMBS
01:36:10 NONE
01:36:11 DUNGEON_HUB
01:37:00 NONE
01:37:00 CATACOMBS
01:43:19 NONE
01:43:19 THE_END
01:43:44 NONE
01:43:45 DUNGEON_HUB
01:44:43 NONE
01:44:44 CATACOMBS
01:51:22 NONE
01:51:22 DUNGEON_HUB
01:51:48 NONE
01:51:48 HUB
01:53:24 NONE
01:53:24 DUNGEON_HUB
01:53:44 NONE
01:53:44 CATACOMBS
02:01:01 NONE
02:01:01 DUNGEON_HUB
02:02:23 NONE
02:02:23 CATACOMBS
02:09:42 NONE
02:09:42 DUNGEON_HUB
02:14:06 NONE
02:14:06 CATACOMBS
02:23:02 NONE
02:23:02 DUNGEON_HUB
02:23:28 NONE
02:23:29 HUB
02:23:40 NONE
02:23:41 DUNGEON_HUB
02:23:59 NONE
02:23:59 DWARVEN_MINES
02:25:42 NONE
02:25:42 THE_END
02:26:46 NONE
02:26:46 PRIVATE_ISLAND
02:26:49 NONE
02:26:49 HUB
02:32:25 NONE
02:32:25 PRIVATE_ISLAND
02:32:29 NONE
02:32:30 HUB
02:33:06 NONE
02:33:06 DWARVEN_MINES
