11:19:12 Trying to load config from config\skyhanni\config.json
11:19:12 load-config-now
11:19:13 Loaded config from file
11:19:13 Trying to load sacks from config\skyhanni\sacks.json
11:19:13 load-sacks-now
11:19:13 Loaded sacks from file
11:19:13 Trying to load friends from config\skyhanni\friends.json
11:19:13 load-friends-now
11:19:13 Loaded friends from file
11:19:13 Trying to load known_features from config\skyhanni\known_features.json
11:19:13 load-known_features-now
11:19:13 Loaded known_features from file
11:19:13 Trying to load jacob_contests from config\skyhanni\jacob_contests.json
11:19:13 load-jacob_contests-now
11:19:13 Loaded jacob_contests from file
11:19:13 Trying to load visual_words from config\skyhanni\visual_words.json
11:19:13 Setting visual_words to be blank as it did not exist. It will be saved once something is written to it
11:20:13 saveConfig: auto-save-60s
11:20:13 Saving config file
11:20:13 Saved config file successfully
11:20:13 saveConfig: auto-save-60s
11:20:13 Saving config file
11:20:13 Saved config file successfully
11:21:13 saveConfig: auto-save-60s
11:21:13 Saving config file
11:21:13 Saved config file successfully
11:21:13 saveConfig: auto-save-60s
11:21:13 Saving config file
11:21:13 Saved config file successfully
11:22:13 saveConfig: auto-save-60s
11:22:13 Saving config file
11:22:13 Saved config file successfully
11:22:13 saveConfig: auto-save-60s
11:22:13 Saving config file
11:22:13 Saved config file successfully
11:23:13 saveConfig: auto-save-60s
11:23:13 Saving config file
11:23:13 Saved config file successfully
11:23:13 saveConfig: auto-save-60s
11:23:13 Saving config file
11:23:13 Saved config file successfully
11:24:10 saveConfig: Updated known feature flags
11:24:10 Saving known_features file
11:24:10 Saved known_features file successfully
11:24:10 saveConfig: Updated known feature flags
11:24:10 Saving known_features file
11:24:10 Saved known_features file successfully
11:24:13 saveConfig: auto-save-60s
11:24:13 Saving config file
11:24:13 Saved config file successfully
11:24:13 saveConfig: auto-save-60s
11:24:13 Saving config file
11:24:13 Saved config file successfully
11:25:13 saveConfig: auto-save-60s
11:25:13 Saving config file
11:25:13 Saved config file successfully
11:25:13 saveConfig: auto-save-60s
11:25:13 Saving config file
11:25:13 Saved config file successfully
11:26:13 saveConfig: auto-save-60s
11:26:13 Saving config file
11:26:13 Saved config file successfully
11:26:13 saveConfig: auto-save-60s
11:26:13 Saving config file
11:26:13 Saved config file successfully
11:27:13 saveConfig: auto-save-60s
11:27:13 Saving config file
11:27:13 Saved config file successfully
11:27:13 saveConfig: auto-save-60s
11:27:13 Saving config file
11:27:13 Saved config file successfully
11:28:13 saveConfig: auto-save-60s
11:28:13 Saving config file
11:28:13 Saved config file successfully
11:28:13 saveConfig: auto-save-60s
11:28:13 Saving config file
11:28:13 Saved config file successfully
11:29:13 saveConfig: auto-save-60s
11:29:13 Saving config file
11:29:13 Saved config file successfully
11:29:13 saveConfig: auto-save-60s
11:29:13 Saving config file
11:29:13 Saved config file successfully
11:30:13 saveConfig: auto-save-60s
11:30:13 Saving config file
11:30:13 Saved config file successfully
11:30:13 saveConfig: auto-save-60s
11:30:13 Saving config file
11:30:13 Saved config file successfully
11:31:13 saveConfig: auto-save-60s
11:31:13 Saving config file
11:31:13 Saved config file successfully
11:31:13 saveConfig: auto-save-60s
11:31:13 Saving config file
11:31:13 Saved config file successfully
11:32:13 saveConfig: auto-save-60s
11:32:13 Saving config file
11:32:13 Saved config file successfully
11:32:13 saveConfig: auto-save-60s
11:32:13 Saving config file
11:32:13 Saved config file successfully
11:33:13 saveConfig: auto-save-60s
11:33:13 Saving config file
11:33:13 Saved config file successfully
11:33:13 saveConfig: auto-save-60s
11:33:13 Saving config file
11:33:13 Saved config file successfully
11:34:13 saveConfig: auto-save-60s
11:34:13 Saving config file
11:34:13 Saved config file successfully
11:34:13 saveConfig: auto-save-60s
11:34:13 Saving config file
11:34:13 Saved config file successfully
11:35:13 saveConfig: auto-save-60s
11:35:13 Saving config file
11:35:13 Saved config file successfully
11:35:13 saveConfig: auto-save-60s
11:35:13 Saving config file
11:35:13 Saved config file successfully
11:36:13 saveConfig: auto-save-60s
11:36:13 Saving config file
11:36:13 Saved config file successfully
11:36:13 saveConfig: auto-save-60s
11:36:13 Saving config file
11:36:13 Saved config file successfully
11:37:13 saveConfig: auto-save-60s
11:37:13 Saving config file
11:37:13 Saved config file successfully
11:37:13 saveConfig: auto-save-60s
11:37:13 Saving config file
11:37:13 Saved config file successfully
11:38:13 saveConfig: auto-save-60s
11:38:13 Saving config file
11:38:13 Saved config file successfully
11:38:13 saveConfig: auto-save-60s
11:38:13 Saving config file
11:38:13 Saved config file successfully
11:39:13 saveConfig: auto-save-60s
11:39:13 Saving config file
11:39:13 Saved config file successfully
11:39:13 saveConfig: auto-save-60s
11:39:13 Saving config file
11:39:13 Saved config file successfully
11:40:13 saveConfig: auto-save-60s
11:40:13 Saving config file
11:40:13 Saved config file successfully
11:40:13 saveConfig: auto-save-60s
11:40:13 Saving config file
11:40:13 Saved config file successfully
11:41:13 saveConfig: auto-save-60s
11:41:13 Saving config file
11:41:13 Saved config file successfully
11:41:13 saveConfig: auto-save-60s
11:41:13 Saving config file
11:41:13 Saved config file successfully
11:42:13 saveConfig: auto-save-60s
11:42:13 Saving config file
11:42:13 Saved config file successfully
11:42:13 saveConfig: auto-save-60s
11:42:13 Saving config file
11:42:13 Saved config file successfully
11:43:13 saveConfig: auto-save-60s
11:43:13 Saving config file
11:43:13 Saved config file successfully
11:43:13 saveConfig: auto-save-60s
11:43:13 Saving config file
11:43:13 Saved config file successfully
11:44:13 saveConfig: auto-save-60s
11:44:13 Saving config file
11:44:13 Saved config file successfully
11:44:13 saveConfig: auto-save-60s
11:44:13 Saving config file
11:44:13 Saved config file successfully
11:45:13 saveConfig: auto-save-60s
11:45:13 Saving config file
11:45:13 Saved config file successfully
11:45:13 saveConfig: auto-save-60s
11:45:13 Saving config file
11:45:13 Saved config file successfully
11:46:13 saveConfig: auto-save-60s
11:46:13 Saving config file
11:46:13 Saved config file successfully
11:46:13 saveConfig: auto-save-60s
11:46:13 Saving config file
11:46:13 Saved config file successfully
11:47:13 saveConfig: auto-save-60s
11:47:13 Saving config file
11:47:13 Saved config file successfully
11:47:13 saveConfig: auto-save-60s
11:47:13 Saving config file
11:47:13 Saved config file successfully
11:48:13 saveConfig: auto-save-60s
11:48:13 Saving config file
11:48:13 Saved config file successfully
11:48:13 saveConfig: auto-save-60s
11:48:13 Saving config file
11:48:13 Saved config file successfully
11:49:13 saveConfig: auto-save-60s
11:49:13 Saving config file
11:49:13 Saved config file successfully
11:49:13 saveConfig: auto-save-60s
11:49:13 Saving config file
11:49:13 Saved config file successfully
11:50:13 saveConfig: auto-save-60s
11:50:13 Saving config file
11:50:13 Saved config file successfully
11:50:13 saveConfig: auto-save-60s
11:50:13 Saving config file
11:50:13 Saved config file successfully
11:51:13 saveConfig: auto-save-60s
11:51:13 Saving config file
11:51:13 Saved config file successfully
11:51:13 saveConfig: auto-save-60s
11:51:13 Saving config file
11:51:13 Saved config file successfully
11:52:13 saveConfig: auto-save-60s
11:52:13 Saving config file
11:52:13 Saved config file successfully
11:52:13 saveConfig: auto-save-60s
11:52:13 Saving config file
11:52:13 Saved config file successfully
11:53:13 saveConfig: auto-save-60s
11:53:13 Saving config file
11:53:13 Saved config file successfully
11:53:13 saveConfig: auto-save-60s
11:53:13 Saving config file
11:53:13 Saved config file successfully
11:54:13 saveConfig: auto-save-60s
11:54:13 Saving config file
11:54:13 Saved config file successfully
11:54:13 saveConfig: auto-save-60s
11:54:13 Saving config file
11:54:13 Saved config file successfully
11:55:13 saveConfig: auto-save-60s
11:55:13 Saving config file
11:55:13 Saved config file successfully
11:55:13 saveConfig: auto-save-60s
11:55:13 Saving config file
11:55:13 Saved config file successfully
11:56:13 saveConfig: auto-save-60s
11:56:13 Saving config file
11:56:13 Saved config file successfully
11:56:13 saveConfig: auto-save-60s
11:56:13 Saving config file
11:56:13 Saved config file successfully
11:57:13 saveConfig: auto-save-60s
11:57:13 Saving config file
11:57:13 Saved config file successfully
11:57:13 saveConfig: auto-save-60s
11:57:13 Saving config file
11:57:13 Saved config file successfully
11:58:13 saveConfig: auto-save-60s
11:58:13 Saving config file
11:58:13 Saved config file successfully
11:58:13 saveConfig: auto-save-60s
11:58:13 Saving config file
11:58:13 Saved config file successfully
11:59:13 saveConfig: auto-save-60s
11:59:13 Saving config file
11:59:13 Saved config file successfully
11:59:13 saveConfig: auto-save-60s
11:59:13 Saving config file
11:59:13 Saved config file successfully
12:00:13 saveConfig: auto-save-60s
12:00:13 Saving config file
12:00:13 Saved config file successfully
12:00:13 saveConfig: auto-save-60s
12:00:13 Saving config file
12:00:13 Saved config file successfully
12:01:13 saveConfig: auto-save-60s
12:01:13 Saving config file
12:01:13 Saved config file successfully
12:01:13 saveConfig: auto-save-60s
12:01:13 Saving config file
12:01:13 Saved config file successfully
12:02:13 saveConfig: auto-save-60s
12:02:13 Saving config file
12:02:13 Saved config file successfully
12:02:13 saveConfig: auto-save-60s
12:02:13 Saving config file
12:02:13 Saved config file successfully
12:03:13 saveConfig: auto-save-60s
12:03:13 Saving config file
12:03:13 Saved config file successfully
12:03:13 saveConfig: auto-save-60s
12:03:13 Saving config file
12:03:13 Saved config file successfully
12:04:13 saveConfig: auto-save-60s
12:04:13 Saving config file
12:04:13 Saved config file successfully
12:04:13 saveConfig: auto-save-60s
12:04:13 Saving config file
12:04:13 Saved config file successfully
12:05:13 saveConfig: auto-save-60s
12:05:13 Saving config file
12:05:13 Saved config file successfully
12:05:13 saveConfig: auto-save-60s
12:05:13 Saving config file
12:05:13 Saved config file successfully
12:06:13 saveConfig: auto-save-60s
12:06:13 Saving config file
12:06:13 Saved config file successfully
12:06:13 saveConfig: auto-save-60s
12:06:13 Saving config file
12:06:13 Saved config file successfully
12:07:13 saveConfig: auto-save-60s
12:07:13 Saving config file
12:07:13 Saved config file successfully
12:07:13 saveConfig: auto-save-60s
12:07:13 Saving config file
12:07:13 Saved config file successfully
12:07:22 saveConfig: saving-data
12:07:22 Saving sacks file
12:07:22 Saved sacks file successfully
12:07:22 saveConfig: saving-data
12:07:22 Saving sacks file
12:07:22 Saved sacks file successfully
12:08:13 saveConfig: auto-save-60s
12:08:13 Saving config file
12:08:13 Saved config file successfully
12:08:13 saveConfig: auto-save-60s
12:08:13 Saving config file
12:08:13 Saved config file successfully
12:09:13 saveConfig: auto-save-60s
12:09:13 Saving config file
12:09:13 Saved config file successfully
12:09:13 saveConfig: auto-save-60s
12:09:13 Saving config file
12:09:13 Saved config file successfully
12:10:13 saveConfig: auto-save-60s
12:10:13 Saving config file
12:10:13 Saved config file successfully
12:10:13 saveConfig: auto-save-60s
12:10:13 Saving config file
12:10:13 Saved config file successfully
12:11:13 saveConfig: auto-save-60s
12:11:13 Saving config file
12:11:13 Saved config file successfully
12:11:13 saveConfig: auto-save-60s
12:11:13 Saving config file
12:11:13 Saved config file successfully
12:12:13 saveConfig: auto-save-60s
12:12:13 Saving config file
12:12:13 Saved config file successfully
12:12:13 saveConfig: auto-save-60s
12:12:13 Saving config file
12:12:13 Saved config file successfully
12:13:13 saveConfig: auto-save-60s
12:13:13 Saving config file
12:13:13 Saved config file successfully
12:13:13 saveConfig: auto-save-60s
12:13:13 Saving config file
12:13:13 Saved config file successfully
12:14:13 saveConfig: auto-save-60s
12:14:13 Saving config file
12:14:13 Saved config file successfully
12:14:13 saveConfig: auto-save-60s
12:14:13 Saving config file
12:14:13 Saved config file successfully
12:15:13 saveConfig: auto-save-60s
12:15:13 Saving config file
12:15:13 Saved config file successfully
12:15:13 saveConfig: auto-save-60s
12:15:13 Saving config file
12:15:13 Saved config file successfully
12:16:13 saveConfig: auto-save-60s
12:16:13 Saving config file
12:16:13 Saved config file successfully
12:16:13 saveConfig: auto-save-60s
12:16:13 Saving config file
12:16:13 Saved config file successfully
12:17:13 saveConfig: auto-save-60s
12:17:13 Saving config file
12:17:13 Saved config file successfully
12:17:13 saveConfig: auto-save-60s
12:17:13 Saving config file
12:17:13 Saved config file successfully
12:18:13 saveConfig: auto-save-60s
12:18:13 Saving config file
12:18:13 Saved config file successfully
12:18:13 saveConfig: auto-save-60s
12:18:13 Saving config file
12:18:13 Saved config file successfully
12:19:13 saveConfig: auto-save-60s
12:19:13 Saving config file
12:19:13 Saved config file successfully
12:19:13 saveConfig: auto-save-60s
12:19:13 Saving config file
12:19:13 Saved config file successfully
12:20:13 saveConfig: auto-save-60s
12:20:13 Saving config file
12:20:13 Saved config file successfully
12:20:13 saveConfig: auto-save-60s
12:20:13 Saving config file
12:20:13 Saved config file successfully
12:21:13 saveConfig: auto-save-60s
12:21:13 Saving config file
12:21:13 Saved config file successfully
12:21:13 saveConfig: auto-save-60s
12:21:13 Saving config file
12:21:13 Saved config file successfully
12:22:13 saveConfig: auto-save-60s
12:22:13 Saving config file
12:22:13 Saved config file successfully
12:22:13 saveConfig: auto-save-60s
12:22:13 Saving config file
12:22:13 Saved config file successfully
12:23:13 saveConfig: auto-save-60s
12:23:13 Saving config file
12:23:13 Saved config file successfully
12:23:13 saveConfig: auto-save-60s
12:23:13 Saving config file
12:23:13 Saved config file successfully
12:24:13 saveConfig: auto-save-60s
12:24:13 Saving config file
12:24:13 Saved config file successfully
12:24:13 saveConfig: auto-save-60s
12:24:13 Saving config file
12:24:13 Saved config file successfully
12:25:13 saveConfig: auto-save-60s
12:25:13 Saving config file
12:25:13 Saved config file successfully
12:25:13 saveConfig: auto-save-60s
12:25:13 Saving config file
12:25:13 Saved config file successfully
12:26:13 saveConfig: auto-save-60s
12:26:13 Saving config file
12:26:13 Saved config file successfully
12:26:13 saveConfig: auto-save-60s
12:26:13 Saving config file
12:26:13 Saved config file successfully
12:27:13 saveConfig: auto-save-60s
12:27:13 Saving config file
12:27:13 Saved config file successfully
12:27:13 saveConfig: auto-save-60s
12:27:13 Saving config file
12:27:13 Saved config file successfully
12:28:13 saveConfig: auto-save-60s
12:28:13 Saving config file
12:28:13 Saved config file successfully
12:28:13 saveConfig: auto-save-60s
12:28:13 Saving config file
12:28:13 Saved config file successfully
12:29:13 saveConfig: auto-save-60s
12:29:13 Saving config file
12:29:13 Saved config file successfully
12:29:13 saveConfig: auto-save-60s
12:29:13 Saving config file
12:29:13 Saved config file successfully
12:30:13 saveConfig: auto-save-60s
12:30:13 Saving config file
12:30:13 Saved config file successfully
12:30:13 saveConfig: auto-save-60s
12:30:13 Saving config file
12:30:13 Saved config file successfully
12:31:13 saveConfig: auto-save-60s
12:31:13 Saving config file
12:31:13 Saved config file successfully
12:31:13 saveConfig: auto-save-60s
12:31:13 Saving config file
12:31:13 Saved config file successfully
12:32:13 saveConfig: auto-save-60s
12:32:13 Saving config file
12:32:13 Saved config file successfully
12:32:13 saveConfig: auto-save-60s
12:32:13 Saving config file
12:32:13 Saved config file successfully
12:33:13 saveConfig: auto-save-60s
12:33:13 Saving config file
12:33:13 Saved config file successfully
12:33:13 saveConfig: auto-save-60s
12:33:13 Saving config file
12:33:13 Saved config file successfully
12:34:13 saveConfig: auto-save-60s
12:34:13 Saving config file
12:34:13 Saved config file successfully
12:34:13 saveConfig: auto-save-60s
12:34:13 Saving config file
12:34:13 Saved config file successfully
12:35:13 saveConfig: auto-save-60s
12:35:13 Saving config file
12:35:13 Saved config file successfully
12:35:13 saveConfig: auto-save-60s
12:35:13 Saving config file
12:35:13 Saved config file successfully
12:36:13 saveConfig: auto-save-60s
12:36:13 Saving config file
12:36:13 Saved config file successfully
12:36:13 saveConfig: auto-save-60s
12:36:13 Saving config file
12:36:13 Saved config file successfully
12:37:13 saveConfig: auto-save-60s
12:37:13 Saving config file
12:37:13 Saved config file successfully
12:37:13 saveConfig: auto-save-60s
12:37:13 Saving config file
12:37:13 Saved config file successfully
12:38:13 saveConfig: auto-save-60s
12:38:13 Saving config file
12:38:13 Saved config file successfully
12:38:13 saveConfig: auto-save-60s
12:38:13 Saving config file
12:38:13 Saved config file successfully
12:39:13 saveConfig: auto-save-60s
12:39:13 Saving config file
12:39:13 Saved config file successfully
12:39:13 saveConfig: auto-save-60s
12:39:13 Saving config file
12:39:13 Saved config file successfully
12:40:13 saveConfig: auto-save-60s
12:40:13 Saving config file
12:40:13 Saved config file successfully
12:40:13 saveConfig: auto-save-60s
12:40:13 Saving config file
12:40:13 Saved config file successfully
12:41:13 saveConfig: auto-save-60s
12:41:13 Saving config file
12:41:13 Saved config file successfully
12:41:13 saveConfig: auto-save-60s
12:41:13 Saving config file
12:41:13 Saved config file successfully
12:42:13 saveConfig: auto-save-60s
12:42:13 Saving config file
12:42:13 Saved config file successfully
12:42:13 saveConfig: auto-save-60s
12:42:13 Saving config file
12:42:13 Saved config file successfully
12:43:13 saveConfig: auto-save-60s
12:43:13 Saving config file
12:43:13 Saved config file successfully
12:43:13 saveConfig: auto-save-60s
12:43:13 Saving config file
12:43:13 Saved config file successfully
12:44:13 saveConfig: auto-save-60s
12:44:13 Saving config file
12:44:13 Saved config file successfully
12:44:13 saveConfig: auto-save-60s
12:44:13 Saving config file
12:44:13 Saved config file successfully
12:45:13 saveConfig: auto-save-60s
12:45:13 Saving config file
12:45:13 Saved config file successfully
12:45:13 saveConfig: auto-save-60s
12:45:13 Saving config file
12:45:13 Saved config file successfully
12:46:13 saveConfig: auto-save-60s
12:46:13 Saving config file
12:46:13 Saved config file successfully
12:46:13 saveConfig: auto-save-60s
12:46:13 Saving config file
12:46:13 Saved config file successfully
12:47:13 saveConfig: auto-save-60s
12:47:13 Saving config file
12:47:13 Saved config file successfully
12:47:13 saveConfig: auto-save-60s
12:47:13 Saving config file
12:47:13 Saved config file successfully
12:48:13 saveConfig: auto-save-60s
12:48:13 Saving config file
12:48:13 Saved config file successfully
12:48:13 saveConfig: auto-save-60s
12:48:13 Saving config file
12:48:13 Saved config file successfully
12:49:13 saveConfig: auto-save-60s
12:49:13 Saving config file
12:49:13 Saved config file successfully
12:49:13 saveConfig: auto-save-60s
12:49:13 Saving config file
12:49:13 Saved config file successfully
12:50:13 saveConfig: auto-save-60s
12:50:13 Saving config file
12:50:13 Saved config file successfully
12:50:13 saveConfig: auto-save-60s
12:50:13 Saving config file
12:50:13 Saved config file successfully
12:51:13 saveConfig: auto-save-60s
12:51:13 Saving config file
12:51:13 Saved config file successfully
12:51:13 saveConfig: auto-save-60s
12:51:13 Saving config file
12:51:13 Saved config file successfully
12:52:13 saveConfig: auto-save-60s
12:52:13 Saving config file
12:52:13 Saved config file successfully
12:52:13 saveConfig: auto-save-60s
12:52:13 Saving config file
12:52:13 Saved config file successfully
12:53:13 saveConfig: auto-save-60s
12:53:13 Saving config file
12:53:13 Saved config file successfully
12:53:13 saveConfig: auto-save-60s
12:53:13 Saving config file
12:53:13 Saved config file successfully
12:54:13 saveConfig: auto-save-60s
12:54:13 Saving config file
12:54:13 Saved config file successfully
12:54:13 saveConfig: auto-save-60s
12:54:13 Saving config file
12:54:13 Saved config file successfully
12:55:13 saveConfig: auto-save-60s
12:55:13 Saving config file
12:55:13 Saved config file successfully
12:55:13 saveConfig: auto-save-60s
12:55:13 Saving config file
12:55:13 Saved config file successfully
12:56:13 saveConfig: auto-save-60s
12:56:13 Saving config file
12:56:13 Saved config file successfully
12:56:13 saveConfig: auto-save-60s
12:56:13 Saving config file
12:56:13 Saved config file successfully
12:57:13 saveConfig: auto-save-60s
12:57:13 Saving config file
12:57:13 Saved config file successfully
12:57:13 saveConfig: auto-save-60s
12:57:13 Saving config file
12:57:13 Saved config file successfully
12:58:13 saveConfig: auto-save-60s
12:58:13 Saving config file
12:58:13 Saved config file successfully
12:58:13 saveConfig: auto-save-60s
12:58:13 Saving config file
12:58:13 Saved config file successfully
12:59:13 saveConfig: auto-save-60s
12:59:13 Saving config file
12:59:13 Saved config file successfully
12:59:13 saveConfig: auto-save-60s
12:59:13 Saving config file
12:59:13 Saved config file successfully
13:00:13 saveConfig: auto-save-60s
13:00:13 Saving config file
13:00:13 Saved config file successfully
13:00:13 saveConfig: auto-save-60s
13:00:13 Saving config file
13:00:13 Saved config file successfully
13:01:13 saveConfig: auto-save-60s
13:01:13 Saving config file
13:01:13 Saved config file successfully
13:01:13 saveConfig: auto-save-60s
13:01:13 Saving config file
13:01:13 Saved config file successfully
13:02:13 saveConfig: auto-save-60s
13:02:13 Saving config file
13:02:13 Saved config file successfully
13:02:13 saveConfig: auto-save-60s
13:02:13 Saving config file
13:02:13 Saved config file successfully
13:03:13 saveConfig: auto-save-60s
13:03:13 Saving config file
13:03:13 Saved config file successfully
13:03:13 saveConfig: auto-save-60s
13:03:13 Saving config file
13:03:13 Saved config file successfully
13:04:13 saveConfig: auto-save-60s
13:04:13 Saving config file
13:04:13 Saved config file successfully
13:04:13 saveConfig: auto-save-60s
13:04:13 Saving config file
13:04:13 Saved config file successfully
13:05:13 saveConfig: auto-save-60s
13:05:13 Saving config file
13:05:13 Saved config file successfully
13:05:13 saveConfig: auto-save-60s
13:05:13 Saving config file
13:05:13 Saved config file successfully
13:06:13 saveConfig: auto-save-60s
13:06:13 Saving config file
13:06:13 Saved config file successfully
13:06:13 saveConfig: auto-save-60s
13:06:13 Saving config file
13:06:13 Saved config file successfully
13:07:13 saveConfig: auto-save-60s
13:07:13 Saving config file
13:07:13 Saved config file successfully
13:07:13 saveConfig: auto-save-60s
13:07:13 Saving config file
13:07:13 Saved config file successfully
13:08:13 saveConfig: auto-save-60s
13:08:13 Saving config file
13:08:13 Saved config file successfully
13:08:13 saveConfig: auto-save-60s
13:08:13 Saving config file
13:08:13 Saved config file successfully
13:09:13 saveConfig: auto-save-60s
13:09:13 Saving config file
13:09:13 Saved config file successfully
13:09:13 saveConfig: auto-save-60s
13:09:13 Saving config file
13:09:13 Saved config file successfully
13:10:13 saveConfig: auto-save-60s
13:10:13 Saving config file
13:10:13 Saved config file successfully
13:10:13 saveConfig: auto-save-60s
13:10:13 Saving config file
13:10:13 Saved config file successfully
13:11:13 saveConfig: auto-save-60s
13:11:13 Saving config file
13:11:13 Saved config file successfully
13:11:13 saveConfig: auto-save-60s
13:11:13 Saving config file
13:11:13 Saved config file successfully
13:12:13 saveConfig: auto-save-60s
13:12:13 Saving config file
13:12:13 Saved config file successfully
13:12:13 saveConfig: auto-save-60s
13:12:13 Saving config file
13:12:13 Saved config file successfully
13:13:13 saveConfig: auto-save-60s
13:13:13 Saving config file
13:13:13 Saved config file successfully
13:13:13 saveConfig: auto-save-60s
13:13:13 Saving config file
13:13:13 Saved config file successfully
13:14:13 saveConfig: auto-save-60s
13:14:13 Saving config file
13:14:13 Saved config file successfully
13:14:13 saveConfig: auto-save-60s
13:14:13 Saving config file
13:14:13 Saved config file successfully
13:15:13 saveConfig: auto-save-60s
13:15:13 Saving config file
13:15:13 Saved config file successfully
13:15:13 saveConfig: auto-save-60s
13:15:13 Saving config file
13:15:13 Saved config file successfully
13:16:13 saveConfig: auto-save-60s
13:16:13 Saving config file
13:16:13 Saved config file successfully
13:16:13 saveConfig: auto-save-60s
13:16:13 Saving config file
13:16:13 Saved config file successfully
13:17:13 saveConfig: auto-save-60s
13:17:13 Saving config file
13:17:13 Saved config file successfully
13:17:13 saveConfig: auto-save-60s
13:17:13 Saving config file
13:17:13 Saved config file successfully
13:18:13 saveConfig: auto-save-60s
13:18:13 Saving config file
13:18:13 Saved config file successfully
13:18:13 saveConfig: auto-save-60s
13:18:13 Saving config file
13:18:13 Saved config file successfully
13:19:13 saveConfig: auto-save-60s
13:19:13 Saving config file
13:19:13 Saved config file successfully
13:19:13 saveConfig: auto-save-60s
13:19:13 Saving config file
13:19:13 Saved config file successfully
13:20:13 saveConfig: auto-save-60s
13:20:13 Saving config file
13:20:13 Saved config file successfully
13:20:13 saveConfig: auto-save-60s
13:20:13 Saving config file
13:20:13 Saved config file successfully
13:21:13 saveConfig: auto-save-60s
13:21:13 Saving config file
13:21:13 Saved config file successfully
13:21:13 saveConfig: auto-save-60s
13:21:13 Saving config file
13:21:13 Saved config file successfully
13:22:13 saveConfig: auto-save-60s
13:22:13 Saving config file
13:22:13 Saved config file successfully
13:22:13 saveConfig: auto-save-60s
13:22:13 Saving config file
13:22:13 Saved config file successfully
13:23:13 saveConfig: auto-save-60s
13:23:13 Saving config file
13:23:13 Saved config file successfully
13:23:13 saveConfig: auto-save-60s
13:23:13 Saving config file
13:23:13 Saved config file successfully
13:24:13 saveConfig: auto-save-60s
13:24:13 Saving config file
13:24:13 Saved config file successfully
13:24:13 saveConfig: auto-save-60s
13:24:13 Saving config file
13:24:13 Saved config file successfully
13:25:13 saveConfig: auto-save-60s
13:25:13 Saving config file
13:25:13 Saved config file successfully
13:25:13 saveConfig: auto-save-60s
13:25:13 Saving config file
13:25:13 Saved config file successfully
13:26:13 saveConfig: auto-save-60s
13:26:13 Saving config file
13:26:13 Saved config file successfully
13:26:13 saveConfig: auto-save-60s
13:26:13 Saving config file
13:26:13 Saved config file successfully
13:27:13 saveConfig: auto-save-60s
13:27:13 Saving config file
13:27:13 Saved config file successfully
13:27:13 saveConfig: auto-save-60s
13:27:13 Saving config file
13:27:13 Saved config file successfully
13:28:13 saveConfig: auto-save-60s
13:28:13 Saving config file
13:28:13 Saved config file successfully
13:28:13 saveConfig: auto-save-60s
13:28:13 Saving config file
13:28:13 Saved config file successfully
13:29:13 saveConfig: auto-save-60s
13:29:13 Saving config file
13:29:13 Saved config file successfully
13:29:13 saveConfig: auto-save-60s
13:29:13 Saving config file
13:29:13 Saved config file successfully
13:30:13 saveConfig: auto-save-60s
13:30:13 Saving config file
13:30:13 Saved config file successfully
13:30:13 saveConfig: auto-save-60s
13:30:13 Saving config file
13:30:13 Saved config file successfully
13:31:13 saveConfig: auto-save-60s
13:31:13 Saving config file
13:31:13 Saved config file successfully
13:31:13 saveConfig: auto-save-60s
13:31:13 Saving config file
13:31:13 Saved config file successfully
13:32:13 saveConfig: auto-save-60s
13:32:13 Saving config file
13:32:13 Saved config file successfully
13:32:13 saveConfig: auto-save-60s
13:32:13 Saving config file
13:32:13 Saved config file successfully
13:33:13 saveConfig: auto-save-60s
13:33:13 Saving config file
13:33:13 Saved config file successfully
13:33:13 saveConfig: auto-save-60s
13:33:13 Saving config file
13:33:13 Saved config file successfully
13:34:13 saveConfig: auto-save-60s
13:34:13 Saving config file
13:34:13 Saved config file successfully
13:34:13 saveConfig: auto-save-60s
13:34:13 Saving config file
13:34:13 Saved config file successfully
13:35:13 saveConfig: auto-save-60s
13:35:13 Saving config file
13:35:13 Saved config file successfully
13:35:13 saveConfig: auto-save-60s
13:35:13 Saving config file
13:35:13 Saved config file successfully
13:36:13 saveConfig: auto-save-60s
13:36:13 Saving config file
13:36:13 Saved config file successfully
13:36:13 saveConfig: auto-save-60s
13:36:13 Saving config file
13:36:13 Saved config file successfully
13:37:13 saveConfig: auto-save-60s
13:37:13 Saving config file
13:37:13 Saved config file successfully
13:37:13 saveConfig: auto-save-60s
13:37:13 Saving config file
13:37:13 Saved config file successfully
13:38:13 saveConfig: auto-save-60s
13:38:13 Saving config file
13:38:13 Saved config file successfully
13:38:13 saveConfig: auto-save-60s
13:38:13 Saving config file
13:38:13 Saved config file successfully
13:39:13 saveConfig: auto-save-60s
13:39:13 Saving config file
13:39:13 Saved config file successfully
13:39:13 saveConfig: auto-save-60s
13:39:13 Saving config file
13:39:13 Saved config file successfully
13:40:13 saveConfig: auto-save-60s
13:40:13 Saving config file
13:40:13 Saved config file successfully
13:40:13 saveConfig: auto-save-60s
13:40:13 Saving config file
13:40:13 Saved config file successfully
13:41:13 saveConfig: auto-save-60s
13:41:13 Saving config file
13:41:13 Saved config file successfully
13:41:13 saveConfig: auto-save-60s
13:41:13 Saving config file
13:41:13 Saved config file successfully
13:42:13 saveConfig: auto-save-60s
13:42:13 Saving config file
13:42:13 Saved config file successfully
13:42:13 saveConfig: auto-save-60s
13:42:13 Saving config file
13:42:13 Saved config file successfully
13:43:13 saveConfig: auto-save-60s
13:43:13 Saving config file
13:43:13 Saved config file successfully
13:43:13 saveConfig: auto-save-60s
13:43:13 Saving config file
13:43:13 Saved config file successfully
13:44:13 saveConfig: auto-save-60s
13:44:13 Saving config file
13:44:13 Saved config file successfully
13:44:13 saveConfig: auto-save-60s
13:44:13 Saving config file
13:44:13 Saved config file successfully
13:45:13 saveConfig: auto-save-60s
13:45:13 Saving config file
13:45:13 Saved config file successfully
13:45:13 saveConfig: auto-save-60s
13:45:13 Saving config file
13:45:13 Saved config file successfully
13:46:13 saveConfig: auto-save-60s
13:46:13 Saving config file
13:46:13 Saved config file successfully
13:46:13 saveConfig: auto-save-60s
13:46:13 Saving config file
13:46:13 Saved config file successfully
13:47:13 saveConfig: auto-save-60s
13:47:13 Saving config file
13:47:13 Saved config file successfully
13:47:13 saveConfig: auto-save-60s
13:47:13 Saving config file
13:47:13 Saved config file successfully
13:48:13 saveConfig: auto-save-60s
13:48:13 Saving config file
13:48:13 Saved config file successfully
13:48:13 saveConfig: auto-save-60s
13:48:13 Saving config file
13:48:13 Saved config file successfully
13:49:13 saveConfig: auto-save-60s
13:49:13 Saving config file
13:49:13 Saved config file successfully
13:49:13 saveConfig: auto-save-60s
13:49:13 Saving config file
13:49:13 Saved config file successfully
13:50:13 saveConfig: auto-save-60s
13:50:13 Saving config file
13:50:13 Saved config file successfully
13:50:13 saveConfig: auto-save-60s
13:50:13 Saving config file
13:50:13 Saved config file successfully
13:51:13 saveConfig: auto-save-60s
13:51:13 Saving config file
13:51:13 Saved config file successfully
13:51:13 saveConfig: auto-save-60s
13:51:13 Saving config file
13:51:13 Saved config file successfully
13:52:13 saveConfig: auto-save-60s
13:52:13 Saving config file
13:52:13 Saved config file successfully
13:52:13 saveConfig: auto-save-60s
13:52:13 Saving config file
13:52:13 Saved config file successfully
13:53:13 saveConfig: auto-save-60s
13:53:13 Saving config file
13:53:13 Saved config file successfully
13:53:13 saveConfig: auto-save-60s
13:53:13 Saving config file
13:53:13 Saved config file successfully
13:54:13 saveConfig: auto-save-60s
13:54:13 Saving config file
13:54:13 Saved config file successfully
13:54:13 saveConfig: auto-save-60s
13:54:13 Saving config file
13:54:13 Saved config file successfully
13:55:13 saveConfig: auto-save-60s
13:55:13 Saving config file
13:55:13 Saved config file successfully
13:55:13 saveConfig: auto-save-60s
13:55:13 Saving config file
13:55:13 Saved config file successfully
13:56:13 saveConfig: auto-save-60s
13:56:13 Saving config file
13:56:13 Saved config file successfully
13:56:13 saveConfig: auto-save-60s
13:56:13 Saving config file
13:56:13 Saved config file successfully
13:57:13 saveConfig: auto-save-60s
13:57:13 Saving config file
13:57:13 Saved config file successfully
13:57:13 saveConfig: auto-save-60s
13:57:13 Saving config file
13:57:13 Saved config file successfully
13:58:13 saveConfig: auto-save-60s
13:58:13 Saving config file
13:58:13 Saved config file successfully
13:58:13 saveConfig: auto-save-60s
13:58:13 Saving config file
13:58:13 Saved config file successfully
13:59:13 saveConfig: auto-save-60s
13:59:13 Saving config file
13:59:13 Saved config file successfully
13:59:13 saveConfig: auto-save-60s
13:59:13 Saving config file
13:59:13 Saved config file successfully
14:00:13 saveConfig: auto-save-60s
14:00:13 Saving config file
14:00:13 Saved config file successfully
14:00:13 saveConfig: auto-save-60s
14:00:13 Saving config file
14:00:13 Saved config file successfully
14:01:13 saveConfig: auto-save-60s
14:01:13 Saving config file
14:01:13 Saved config file successfully
14:01:13 saveConfig: auto-save-60s
14:01:13 Saving config file
14:01:13 Saved config file successfully
14:02:13 saveConfig: auto-save-60s
14:02:13 Saving config file
14:02:13 Saved config file successfully
14:02:13 saveConfig: auto-save-60s
14:02:13 Saving config file
14:02:13 Saved config file successfully
14:03:13 saveConfig: auto-save-60s
14:03:13 Saving config file
14:03:13 Saved config file successfully
14:03:13 saveConfig: auto-save-60s
14:03:13 Saving config file
14:03:13 Saved config file successfully
14:04:13 saveConfig: auto-save-60s
14:04:13 Saving config file
14:04:13 Saved config file successfully
14:04:13 saveConfig: auto-save-60s
14:04:13 Saving config file
14:04:13 Saved config file successfully
14:05:13 saveConfig: auto-save-60s
14:05:13 Saving config file
14:05:13 Saved config file successfully
14:05:13 saveConfig: auto-save-60s
14:05:13 Saving config file
14:05:13 Saved config file successfully
14:06:13 saveConfig: auto-save-60s
14:06:13 Saving config file
14:06:13 Saved config file successfully
14:06:13 saveConfig: auto-save-60s
14:06:13 Saving config file
14:06:13 Saved config file successfully
14:07:13 saveConfig: auto-save-60s
14:07:13 Saving config file
14:07:13 Saved config file successfully
14:07:13 saveConfig: auto-save-60s
14:07:13 Saving config file
14:07:13 Saved config file successfully
14:08:13 saveConfig: auto-save-60s
14:08:13 Saving config file
14:08:13 Saved config file successfully
14:08:13 saveConfig: auto-save-60s
14:08:13 Saving config file
14:08:13 Saved config file successfully
14:09:13 saveConfig: auto-save-60s
14:09:13 Saving config file
14:09:13 Saved config file successfully
14:09:13 saveConfig: auto-save-60s
14:09:13 Saving config file
14:09:13 Saved config file successfully
14:10:13 saveConfig: auto-save-60s
14:10:13 Saving config file
14:10:13 Saved config file successfully
14:10:13 saveConfig: auto-save-60s
14:10:13 Saving config file
14:10:13 Saved config file successfully
14:11:13 saveConfig: auto-save-60s
14:11:13 Saving config file
14:11:13 Saved config file successfully
14:11:13 saveConfig: auto-save-60s
14:11:13 Saving config file
14:11:13 Saved config file successfully
14:12:13 saveConfig: auto-save-60s
14:12:13 Saving config file
14:12:13 Saved config file successfully
14:12:13 saveConfig: auto-save-60s
14:12:13 Saving config file
14:12:13 Saved config file successfully
14:13:13 saveConfig: auto-save-60s
14:13:13 Saving config file
14:13:13 Saved config file successfully
14:13:13 saveConfig: auto-save-60s
14:13:13 Saving config file
14:13:13 Saved config file successfully
14:14:13 saveConfig: auto-save-60s
14:14:13 Saving config file
14:14:13 Saved config file successfully
14:14:13 saveConfig: auto-save-60s
14:14:13 Saving config file
14:14:13 Saved config file successfully
14:15:13 saveConfig: auto-save-60s
14:15:13 Saving config file
14:15:13 Saved config file successfully
14:15:13 saveConfig: auto-save-60s
14:15:13 Saving config file
14:15:13 Saved config file successfully
14:16:13 saveConfig: auto-save-60s
14:16:13 Saving config file
14:16:13 Saved config file successfully
14:16:13 saveConfig: auto-save-60s
14:16:13 Saving config file
14:16:13 Saved config file successfully
14:17:13 saveConfig: auto-save-60s
14:17:13 Saving config file
14:17:13 Saved config file successfully
14:17:13 saveConfig: auto-save-60s
14:17:13 Saving config file
14:17:13 Saved config file successfully
14:18:13 saveConfig: auto-save-60s
14:18:13 Saving config file
14:18:13 Saved config file successfully
14:18:13 saveConfig: auto-save-60s
14:18:13 Saving config file
14:18:13 Saved config file successfully
14:19:13 saveConfig: auto-save-60s
14:19:13 Saving config file
14:19:13 Saved config file successfully
14:19:13 saveConfig: auto-save-60s
14:19:13 Saving config file
14:19:13 Saved config file successfully
14:20:13 saveConfig: auto-save-60s
14:20:13 Saving config file
14:20:13 Saved config file successfully
14:20:13 saveConfig: auto-save-60s
14:20:13 Saving config file
14:20:13 Saved config file successfully
14:21:13 saveConfig: auto-save-60s
14:21:13 Saving config file
14:21:13 Saved config file successfully
14:21:13 saveConfig: auto-save-60s
14:21:13 Saving config file
14:21:13 Saved config file successfully
14:22:13 saveConfig: auto-save-60s
14:22:13 Saving config file
14:22:13 Saved config file successfully
14:22:13 saveConfig: auto-save-60s
14:22:13 Saving config file
14:22:13 Saved config file successfully
14:23:13 saveConfig: auto-save-60s
14:23:13 Saving config file
14:23:13 Saved config file successfully
14:23:13 saveConfig: auto-save-60s
14:23:13 Saving config file
14:23:13 Saved config file successfully
14:24:13 saveConfig: auto-save-60s
14:24:13 Saving config file
14:24:13 Saved config file successfully
14:24:13 saveConfig: auto-save-60s
14:24:13 Saving config file
14:24:13 Saved config file successfully
14:25:13 saveConfig: auto-save-60s
14:25:13 Saving config file
14:25:13 Saved config file successfully
14:25:13 saveConfig: auto-save-60s
14:25:13 Saving config file
14:25:13 Saved config file successfully
14:26:13 saveConfig: auto-save-60s
14:26:13 Saving config file
14:26:13 Saved config file successfully
14:26:13 saveConfig: auto-save-60s
14:26:13 Saving config file
14:26:13 Saved config file successfully
14:27:13 saveConfig: auto-save-60s
14:27:13 Saving config file
14:27:13 Saved config file successfully
14:27:13 saveConfig: auto-save-60s
14:27:13 Saving config file
14:27:13 Saved config file successfully
14:28:13 saveConfig: auto-save-60s
14:28:13 Saving config file
14:28:13 Saved config file successfully
14:28:13 saveConfig: auto-save-60s
14:28:13 Saving config file
14:28:13 Saved config file successfully
14:29:13 saveConfig: auto-save-60s
14:29:13 Saving config file
14:29:13 Saved config file successfully
14:29:13 saveConfig: auto-save-60s
14:29:13 Saving config file
14:29:13 Saved config file successfully
14:30:13 saveConfig: auto-save-60s
14:30:13 Saving config file
14:30:13 Saved config file successfully
14:30:13 saveConfig: auto-save-60s
14:30:13 Saving config file
14:30:13 Saved config file successfully
14:31:13 saveConfig: auto-save-60s
14:31:13 Saving config file
14:31:13 Saved config file successfully
14:31:13 saveConfig: auto-save-60s
14:31:13 Saving config file
14:31:13 Saved config file successfully
14:32:13 saveConfig: auto-save-60s
14:32:13 Saving config file
14:32:13 Saved config file successfully
14:32:13 saveConfig: auto-save-60s
14:32:13 Saving config file
14:32:13 Saved config file successfully
14:33:13 saveConfig: auto-save-60s
14:33:13 Saving config file
14:33:13 Saved config file successfully
14:33:13 saveConfig: auto-save-60s
14:33:13 Saving config file
14:33:13 Saved config file successfully
14:34:13 saveConfig: auto-save-60s
14:34:13 Saving config file
14:34:13 Saved config file successfully
14:34:13 saveConfig: auto-save-60s
14:34:13 Saving config file
14:34:13 Saved config file successfully
14:35:13 saveConfig: auto-save-60s
14:35:13 Saving config file
14:35:13 Saved config file successfully
14:35:13 saveConfig: auto-save-60s
14:35:13 Saving config file
14:35:13 Saved config file successfully
14:36:13 saveConfig: auto-save-60s
14:36:13 Saving config file
14:36:13 Saved config file successfully
14:36:13 saveConfig: auto-save-60s
14:36:13 Saving config file
14:36:13 Saved config file successfully
14:37:13 saveConfig: auto-save-60s
14:37:13 Saving config file
14:37:13 Saved config file successfully
14:37:13 saveConfig: auto-save-60s
14:37:13 Saving config file
14:37:13 Saved config file successfully
14:38:13 saveConfig: auto-save-60s
14:38:13 Saving config file
14:38:13 Saved config file successfully
14:38:13 saveConfig: auto-save-60s
14:38:13 Saving config file
14:38:13 Saved config file successfully
14:39:13 saveConfig: auto-save-60s
14:39:13 Saving config file
14:39:13 Saved config file successfully
14:39:13 saveConfig: auto-save-60s
14:39:13 Saving config file
14:39:13 Saved config file successfully
14:40:13 saveConfig: auto-save-60s
14:40:13 Saving config file
14:40:13 Saved config file successfully
14:40:13 saveConfig: auto-save-60s
14:40:13 Saving config file
14:40:13 Saved config file successfully
14:41:13 saveConfig: auto-save-60s
14:41:13 Saving config file
14:41:13 Saved config file successfully
14:41:13 saveConfig: auto-save-60s
14:41:13 Saving config file
14:41:13 Saved config file successfully
14:42:13 saveConfig: auto-save-60s
14:42:13 Saving config file
14:42:13 Saved config file successfully
14:42:13 saveConfig: auto-save-60s
14:42:13 Saving config file
14:42:13 Saved config file successfully
14:43:13 saveConfig: auto-save-60s
14:43:13 Saving config file
14:43:13 Saved config file successfully
14:43:13 saveConfig: auto-save-60s
14:43:13 Saving config file
14:43:13 Saved config file successfully
14:44:13 saveConfig: auto-save-60s
14:44:13 Saving config file
14:44:13 Saved config file successfully
14:44:13 saveConfig: auto-save-60s
14:44:13 Saving config file
14:44:13 Saved config file successfully
14:45:13 saveConfig: auto-save-60s
14:45:13 Saving config file
14:45:13 Saved config file successfully
14:45:13 saveConfig: auto-save-60s
14:45:13 Saving config file
14:45:13 Saved config file successfully
14:46:13 saveConfig: auto-save-60s
14:46:13 Saving config file
14:46:13 Saved config file successfully
14:46:13 saveConfig: auto-save-60s
14:46:13 Saving config file
14:46:13 Saved config file successfully
14:47:13 saveConfig: auto-save-60s
14:47:13 Saving config file
14:47:13 Saved config file successfully
14:47:13 saveConfig: auto-save-60s
14:47:13 Saving config file
14:47:13 Saved config file successfully
14:48:13 saveConfig: auto-save-60s
14:48:13 Saving config file
14:48:13 Saved config file successfully
14:48:13 saveConfig: auto-save-60s
14:48:13 Saving config file
14:48:13 Saved config file successfully
14:49:13 saveConfig: auto-save-60s
14:49:13 Saving config file
14:49:13 Saved config file successfully
14:49:13 saveConfig: auto-save-60s
14:49:13 Saving config file
14:49:13 Saved config file successfully
14:50:13 saveConfig: auto-save-60s
14:50:13 Saving config file
14:50:13 Saved config file successfully
14:50:13 saveConfig: auto-save-60s
14:50:13 Saving config file
14:50:13 Saved config file successfully
14:51:13 saveConfig: auto-save-60s
14:51:13 Saving config file
14:51:13 Saved config file successfully
14:51:13 saveConfig: auto-save-60s
14:51:13 Saving config file
14:51:13 Saved config file successfully
14:52:13 saveConfig: auto-save-60s
14:52:13 Saving config file
14:52:13 Saved config file successfully
14:52:13 saveConfig: auto-save-60s
14:52:13 Saving config file
14:52:13 Saved config file successfully
14:53:13 saveConfig: auto-save-60s
14:53:13 Saving config file
14:53:13 Saved config file successfully
14:53:13 saveConfig: auto-save-60s
14:53:13 Saving config file
14:53:13 Saved config file successfully
14:54:13 saveConfig: auto-save-60s
14:54:13 Saving config file
14:54:13 Saved config file successfully
14:54:13 saveConfig: auto-save-60s
14:54:13 Saving config file
14:54:13 Saved config file successfully
14:55:13 saveConfig: auto-save-60s
14:55:13 Saving config file
14:55:13 Saved config file successfully
14:55:13 saveConfig: auto-save-60s
14:55:13 Saving config file
14:55:13 Saved config file successfully
14:56:13 saveConfig: auto-save-60s
14:56:13 Saving config file
14:56:13 Saved config file successfully
14:56:13 saveConfig: auto-save-60s
14:56:13 Saving config file
14:56:13 Saved config file successfully
14:57:13 saveConfig: auto-save-60s
14:57:13 Saving config file
14:57:13 Saved config file successfully
14:57:13 saveConfig: auto-save-60s
14:57:13 Saving config file
14:57:13 Saved config file successfully
14:58:13 saveConfig: auto-save-60s
14:58:13 Saving config file
14:58:13 Saved config file successfully
14:58:13 saveConfig: auto-save-60s
14:58:13 Saving config file
14:58:13 Saved config file successfully
14:59:13 saveConfig: auto-save-60s
14:59:13 Saving config file
14:59:13 Saved config file successfully
14:59:13 saveConfig: auto-save-60s
14:59:13 Saving config file
14:59:13 Saved config file successfully
15:00:13 saveConfig: auto-save-60s
15:00:13 Saving config file
15:00:13 Saved config file successfully
15:00:13 saveConfig: auto-save-60s
15:00:13 Saving config file
15:00:13 Saved config file successfully
15:01:13 saveConfig: auto-save-60s
15:01:13 Saving config file
15:01:13 Saved config file successfully
15:01:13 saveConfig: auto-save-60s
15:01:13 Saving config file
15:01:13 Saved config file successfully
15:02:13 saveConfig: auto-save-60s
15:02:13 Saving config file
15:02:13 Saved config file successfully
15:02:13 saveConfig: auto-save-60s
15:02:13 Saving config file
15:02:13 Saved config file successfully
15:03:13 saveConfig: auto-save-60s
15:03:13 Saving config file
15:03:13 Saved config file successfully
15:03:13 saveConfig: auto-save-60s
15:03:13 Saving config file
15:03:13 Saved config file successfully
15:04:13 saveConfig: auto-save-60s
15:04:13 Saving config file
15:04:13 Saved config file successfully
15:04:13 saveConfig: auto-save-60s
15:04:13 Saving config file
15:04:13 Saved config file successfully
15:05:13 saveConfig: auto-save-60s
15:05:13 Saving config file
15:05:13 Saved config file successfully
15:05:13 saveConfig: auto-save-60s
15:05:13 Saving config file
15:05:13 Saved config file successfully
15:05:20 saveConfig: Save file
15:05:20 Saving friends file
15:05:20 Saved friends file successfully
15:05:20 saveConfig: Save file
15:05:20 Saving friends file
15:05:20 Saved friends file successfully
15:06:13 saveConfig: auto-save-60s
15:06:13 Saving config file
15:06:13 Saved config file successfully
15:06:13 saveConfig: auto-save-60s
15:06:13 Saving config file
15:06:13 Saved config file successfully
15:07:13 saveConfig: auto-save-60s
15:07:13 Saving config file
15:07:13 Saved config file successfully
15:07:13 saveConfig: auto-save-60s
15:07:13 Saving config file
15:07:13 Saved config file successfully
15:08:13 saveConfig: auto-save-60s
15:08:13 Saving config file
15:08:13 Saved config file successfully
15:08:13 saveConfig: auto-save-60s
15:08:13 Saving config file
15:08:13 Saved config file successfully
15:09:13 saveConfig: auto-save-60s
15:09:13 Saving config file
15:09:13 Saved config file successfully
15:09:13 saveConfig: auto-save-60s
15:09:13 Saving config file
15:09:13 Saved config file successfully
15:10:13 saveConfig: auto-save-60s
15:10:13 Saving config file
15:10:13 Saved config file successfully
15:10:13 saveConfig: auto-save-60s
15:10:13 Saving config file
15:10:13 Saved config file successfully
15:11:13 saveConfig: auto-save-60s
15:11:13 Saving config file
15:11:13 Saved config file successfully
15:11:13 saveConfig: auto-save-60s
15:11:13 Saving config file
15:11:13 Saved config file successfully
15:12:13 saveConfig: auto-save-60s
15:12:13 Saving config file
15:12:13 Saved config file successfully
15:12:13 saveConfig: auto-save-60s
15:12:13 Saving config file
15:12:13 Saved config file successfully
15:13:13 saveConfig: auto-save-60s
15:13:13 Saving config file
15:13:13 Saved config file successfully
15:13:13 saveConfig: auto-save-60s
15:13:13 Saving config file
15:13:13 Saved config file successfully
15:14:13 saveConfig: auto-save-60s
15:14:13 Saving config file
15:14:13 Saved config file successfully
15:14:13 saveConfig: auto-save-60s
15:14:13 Saving config file
15:14:13 Saved config file successfully
15:15:13 saveConfig: auto-save-60s
15:15:13 Saving config file
15:15:13 Saved config file successfully
15:15:13 saveConfig: auto-save-60s
15:15:13 Saving config file
15:15:13 Saved config file successfully
15:16:10 saveConfig: Save file
15:16:10 Saving friends file
15:16:10 Saved friends file successfully
15:16:10 saveConfig: Save file
15:16:10 Saving friends file
15:16:10 Saved friends file successfully
15:16:13 saveConfig: auto-save-60s
15:16:13 Saving config file
15:16:13 Saved config file successfully
15:16:13 saveConfig: auto-save-60s
15:16:13 Saving config file
15:16:13 Saved config file successfully
15:17:13 saveConfig: auto-save-60s
15:17:13 Saving config file
15:17:13 Saved config file successfully
15:17:13 saveConfig: auto-save-60s
15:17:13 Saving config file
15:17:13 Saved config file successfully
15:18:13 saveConfig: auto-save-60s
15:18:13 Saving config file
15:18:13 Saved config file successfully
15:18:13 saveConfig: auto-save-60s
15:18:13 Saving config file
15:18:13 Saved config file successfully
15:19:13 saveConfig: auto-save-60s
15:19:13 Saving config file
15:19:13 Saved config file successfully
15:19:13 saveConfig: auto-save-60s
15:19:13 Saving config file
15:19:13 Saved config file successfully
15:20:13 saveConfig: auto-save-60s
15:20:13 Saving config file
15:20:13 Saved config file successfully
15:20:13 saveConfig: auto-save-60s
15:20:13 Saving config file
15:20:13 Saved config file successfully
15:21:13 saveConfig: auto-save-60s
15:21:13 Saving config file
15:21:13 Saved config file successfully
15:21:13 saveConfig: auto-save-60s
15:21:13 Saving config file
15:21:13 Saved config file successfully
15:22:13 saveConfig: auto-save-60s
15:22:13 Saving config file
15:22:13 Saved config file successfully
15:22:13 saveConfig: auto-save-60s
15:22:13 Saving config file
15:22:13 Saved config file successfully
15:23:13 saveConfig: auto-save-60s
15:23:13 Saving config file
15:23:13 Saved config file successfully
15:23:13 saveConfig: auto-save-60s
15:23:13 Saving config file
15:23:13 Saved config file successfully
15:24:13 saveConfig: auto-save-60s
15:24:13 Saving config file
15:24:13 Saved config file successfully
15:24:13 saveConfig: auto-save-60s
15:24:13 Saving config file
15:24:13 Saved config file successfully
15:25:13 saveConfig: auto-save-60s
15:25:13 Saving config file
15:25:13 Saved config file successfully
15:25:13 saveConfig: auto-save-60s
15:25:13 Saving config file
15:25:13 Saved config file successfully
15:26:13 saveConfig: auto-save-60s
15:26:13 Saving config file
15:26:13 Saved config file successfully
15:26:13 saveConfig: auto-save-60s
15:26:13 Saving config file
15:26:13 Saved config file successfully
15:27:13 saveConfig: auto-save-60s
15:27:13 Saving config file
15:27:13 Saved config file successfully
15:27:13 saveConfig: auto-save-60s
15:27:13 Saving config file
15:27:13 Saved config file successfully
15:28:13 saveConfig: auto-save-60s
15:28:13 Saving config file
15:28:13 Saved config file successfully
15:28:13 saveConfig: auto-save-60s
15:28:13 Saving config file
15:28:13 Saved config file successfully
15:29:13 saveConfig: auto-save-60s
15:29:13 Saving config file
15:29:13 Saved config file successfully
15:29:13 saveConfig: auto-save-60s
15:29:13 Saving config file
15:29:13 Saved config file successfully
15:30:13 saveConfig: auto-save-60s
15:30:13 Saving config file
15:30:13 Saved config file successfully
15:30:13 saveConfig: auto-save-60s
15:30:13 Saving config file
15:30:13 Saved config file successfully
15:31:13 saveConfig: auto-save-60s
15:31:13 Saving config file
15:31:13 Saved config file successfully
15:31:13 saveConfig: auto-save-60s
15:31:13 Saving config file
15:31:13 Saved config file successfully
15:32:13 saveConfig: auto-save-60s
15:32:13 Saving config file
15:32:13 Saved config file successfully
15:32:13 saveConfig: auto-save-60s
15:32:13 Saving config file
15:32:13 Saved config file successfully
15:33:13 saveConfig: auto-save-60s
15:33:13 Saving config file
15:33:13 Saved config file successfully
15:33:13 saveConfig: auto-save-60s
15:33:13 Saving config file
15:33:13 Saved config file successfully
15:34:13 saveConfig: auto-save-60s
15:34:13 Saving config file
15:34:13 Saved config file successfully
15:34:13 saveConfig: auto-save-60s
15:34:13 Saving config file
15:34:13 Saved config file successfully
15:35:13 saveConfig: auto-save-60s
15:35:13 Saving config file
15:35:13 Saved config file successfully
15:35:13 saveConfig: auto-save-60s
15:35:13 Saving config file
15:35:13 Saved config file successfully
15:36:13 saveConfig: auto-save-60s
15:36:13 Saving config file
15:36:13 Saved config file successfully
15:36:13 saveConfig: auto-save-60s
15:36:13 Saving config file
15:36:13 Saved config file successfully
15:37:13 saveConfig: auto-save-60s
15:37:13 Saving config file
15:37:13 Saved config file successfully
15:37:13 saveConfig: auto-save-60s
15:37:13 Saving config file
15:37:13 Saved config file successfully
15:38:13 saveConfig: auto-save-60s
15:38:13 Saving config file
15:38:13 Saved config file successfully
15:38:13 saveConfig: auto-save-60s
15:38:13 Saving config file
15:38:13 Saved config file successfully
15:39:13 saveConfig: auto-save-60s
15:39:13 Saving config file
15:39:13 Saved config file successfully
15:39:13 saveConfig: auto-save-60s
15:39:13 Saving config file
15:39:13 Saved config file successfully
15:40:13 saveConfig: auto-save-60s
15:40:13 Saving config file
15:40:13 Saved config file successfully
15:40:13 saveConfig: auto-save-60s
15:40:13 Saving config file
15:40:13 Saved config file successfully
15:41:13 saveConfig: auto-save-60s
15:41:13 Saving config file
15:41:13 Saved config file successfully
15:41:13 saveConfig: auto-save-60s
15:41:13 Saving config file
15:41:13 Saved config file successfully
15:42:13 saveConfig: auto-save-60s
15:42:13 Saving config file
15:42:13 Saved config file successfully
15:42:13 saveConfig: auto-save-60s
15:42:13 Saving config file
15:42:13 Saved config file successfully
15:43:13 saveConfig: auto-save-60s
15:43:13 Saving config file
15:43:13 Saved config file successfully
15:43:13 saveConfig: auto-save-60s
15:43:13 Saving config file
15:43:13 Saved config file successfully
15:44:13 saveConfig: auto-save-60s
15:44:13 Saving config file
15:44:13 Saved config file successfully
15:44:13 saveConfig: auto-save-60s
15:44:13 Saving config file
15:44:13 Saved config file successfully
15:45:13 saveConfig: auto-save-60s
15:45:13 Saving config file
15:45:13 Saved config file successfully
15:45:13 saveConfig: auto-save-60s
15:45:13 Saving config file
15:45:13 Saved config file successfully
15:46:13 saveConfig: auto-save-60s
15:46:13 Saving config file
15:46:13 Saved config file successfully
15:46:13 saveConfig: auto-save-60s
15:46:13 Saving config file
15:46:13 Saved config file successfully
15:47:13 saveConfig: auto-save-60s
15:47:13 Saving config file
15:47:13 Saved config file successfully
15:47:13 saveConfig: auto-save-60s
15:47:13 Saving config file
15:47:13 Saved config file successfully
15:48:13 saveConfig: auto-save-60s
15:48:13 Saving config file
15:48:13 Saved config file successfully
15:48:13 saveConfig: auto-save-60s
15:48:13 Saving config file
15:48:13 Saved config file successfully
15:49:13 saveConfig: auto-save-60s
15:49:13 Saving config file
15:49:13 Saved config file successfully
15:49:13 saveConfig: auto-save-60s
15:49:13 Saving config file
15:49:13 Saved config file successfully
15:50:13 saveConfig: auto-save-60s
15:50:13 Saving config file
15:50:13 Saved config file successfully
15:50:13 saveConfig: auto-save-60s
15:50:13 Saving config file
15:50:13 Saved config file successfully
15:51:13 saveConfig: auto-save-60s
15:51:13 Saving config file
15:51:13 Saved config file successfully
15:51:13 saveConfig: auto-save-60s
15:51:13 Saving config file
15:51:13 Saved config file successfully
15:52:13 saveConfig: auto-save-60s
15:52:13 Saving config file
15:52:13 Saved config file successfully
15:52:13 saveConfig: auto-save-60s
15:52:13 Saving config file
15:52:13 Saved config file successfully
15:53:13 saveConfig: auto-save-60s
15:53:13 Saving config file
15:53:13 Saved config file successfully
15:53:13 saveConfig: auto-save-60s
15:53:13 Saving config file
15:53:13 Saved config file successfully
15:54:13 saveConfig: auto-save-60s
15:54:13 Saving config file
15:54:13 Saved config file successfully
15:54:13 saveConfig: auto-save-60s
15:54:13 Saving config file
15:54:13 Saved config file successfully
15:55:13 saveConfig: auto-save-60s
15:55:13 Saving config file
15:55:13 Saved config file successfully
15:55:13 saveConfig: auto-save-60s
15:55:13 Saving config file
15:55:13 Saved config file successfully
15:56:13 saveConfig: auto-save-60s
15:56:13 Saving config file
15:56:13 Saved config file successfully
15:56:13 saveConfig: auto-save-60s
15:56:13 Saving config file
15:56:13 Saved config file successfully
15:57:13 saveConfig: auto-save-60s
15:57:13 Saving config file
15:57:13 Saved config file successfully
15:57:13 saveConfig: auto-save-60s
15:57:13 Saving config file
15:57:13 Saved config file successfully
15:57:43 saveConfig: Save file
15:57:43 Saving friends file
15:57:43 Saved friends file successfully
15:57:43 saveConfig: Save file
15:57:43 Saving friends file
15:57:43 Saved friends file successfully
15:58:13 saveConfig: auto-save-60s
15:58:13 Saving config file
15:58:13 Saved config file successfully
15:58:13 saveConfig: auto-save-60s
15:58:13 Saving config file
15:58:13 Saved config file successfully
15:59:13 saveConfig: auto-save-60s
15:59:13 Saving config file
15:59:13 Saved config file successfully
15:59:13 saveConfig: auto-save-60s
15:59:13 Saving config file
15:59:13 Saved config file successfully
16:00:13 saveConfig: auto-save-60s
16:00:13 Saving config file
16:00:13 Saved config file successfully
16:00:13 saveConfig: auto-save-60s
16:00:13 Saving config file
16:00:13 Saved config file successfully
16:01:13 saveConfig: auto-save-60s
16:01:13 Saving config file
16:01:13 Saved config file successfully
16:01:13 saveConfig: auto-save-60s
16:01:13 Saving config file
16:01:13 Saved config file successfully
16:02:13 saveConfig: auto-save-60s
16:02:13 Saving config file
16:02:13 Saved config file successfully
16:02:13 saveConfig: auto-save-60s
16:02:13 Saving config file
16:02:13 Saved config file successfully
16:03:13 saveConfig: auto-save-60s
16:03:13 Saving config file
16:03:13 Saved config file successfully
16:03:13 saveConfig: auto-save-60s
16:03:13 Saving config file
16:03:13 Saved config file successfully
16:04:13 saveConfig: auto-save-60s
16:04:13 Saving config file
16:04:13 Saved config file successfully
16:04:13 saveConfig: auto-save-60s
16:04:13 Saving config file
16:04:13 Saved config file successfully
16:05:13 saveConfig: auto-save-60s
16:05:13 Saving config file
16:05:13 Saved config file successfully
16:05:13 saveConfig: auto-save-60s
16:05:13 Saving config file
16:05:13 Saved config file successfully
16:06:13 saveConfig: auto-save-60s
16:06:13 Saving config file
16:06:13 Saved config file successfully
16:06:13 saveConfig: auto-save-60s
16:06:13 Saving config file
16:06:13 Saved config file successfully
16:07:13 saveConfig: auto-save-60s
16:07:13 Saving config file
16:07:13 Saved config file successfully
16:07:13 saveConfig: auto-save-60s
16:07:13 Saving config file
16:07:13 Saved config file successfully
16:08:13 saveConfig: auto-save-60s
16:08:13 Saving config file
16:08:13 Saved config file successfully
16:08:13 saveConfig: auto-save-60s
16:08:13 Saving config file
16:08:13 Saved config file successfully
16:09:13 saveConfig: auto-save-60s
16:09:13 Saving config file
16:09:13 Saved config file successfully
16:09:13 saveConfig: auto-save-60s
16:09:13 Saving config file
16:09:13 Saved config file successfully
16:10:13 saveConfig: auto-save-60s
16:10:13 Saving config file
16:10:13 Saved config file successfully
16:10:13 saveConfig: auto-save-60s
16:10:13 Saving config file
16:10:13 Saved config file successfully
16:11:13 saveConfig: auto-save-60s
16:11:13 Saving config file
16:11:13 Saved config file successfully
16:11:13 saveConfig: auto-save-60s
16:11:13 Saving config file
16:11:13 Saved config file successfully
16:12:13 saveConfig: auto-save-60s
16:12:13 Saving config file
16:12:13 Saved config file successfully
16:12:13 saveConfig: auto-save-60s
16:12:13 Saving config file
16:12:13 Saved config file successfully
16:13:13 saveConfig: auto-save-60s
16:13:13 Saving config file
16:13:13 Saved config file successfully
16:13:13 saveConfig: auto-save-60s
16:13:13 Saving config file
16:13:13 Saved config file successfully
16:14:13 saveConfig: auto-save-60s
16:14:13 Saving config file
16:14:13 Saved config file successfully
16:14:13 saveConfig: auto-save-60s
16:14:13 Saving config file
16:14:13 Saved config file successfully
16:15:13 saveConfig: auto-save-60s
16:15:13 Saving config file
16:15:13 Saved config file successfully
16:15:13 saveConfig: auto-save-60s
16:15:13 Saving config file
16:15:13 Saved config file successfully
16:16:13 saveConfig: auto-save-60s
16:16:13 Saving config file
16:16:13 Saved config file successfully
16:16:13 saveConfig: auto-save-60s
16:16:13 Saving config file
16:16:13 Saved config file successfully
16:17:13 saveConfig: auto-save-60s
16:17:13 Saving config file
16:17:13 Saved config file successfully
16:17:13 saveConfig: auto-save-60s
16:17:13 Saving config file
16:17:13 Saved config file successfully
16:18:13 saveConfig: auto-save-60s
16:18:13 Saving config file
16:18:13 Saved config file successfully
16:18:13 saveConfig: auto-save-60s
16:18:13 Saving config file
16:18:13 Saved config file successfully
16:19:13 saveConfig: auto-save-60s
16:19:13 Saving config file
16:19:13 Saved config file successfully
16:19:13 saveConfig: auto-save-60s
16:19:13 Saving config file
16:19:13 Saved config file successfully
16:20:13 saveConfig: auto-save-60s
16:20:13 Saving config file
16:20:13 Saved config file successfully
16:20:13 saveConfig: auto-save-60s
16:20:13 Saving config file
16:20:13 Saved config file successfully
16:21:13 saveConfig: auto-save-60s
16:21:13 Saving config file
16:21:13 Saved config file successfully
16:21:13 saveConfig: auto-save-60s
16:21:13 Saving config file
16:21:13 Saved config file successfully
16:22:13 saveConfig: auto-save-60s
16:22:13 Saving config file
16:22:13 Saved config file successfully
16:22:13 saveConfig: auto-save-60s
16:22:13 Saving config file
16:22:13 Saved config file successfully
16:23:13 saveConfig: auto-save-60s
16:23:13 Saving config file
16:23:13 Saved config file successfully
16:23:13 saveConfig: auto-save-60s
16:23:13 Saving config file
16:23:13 Saved config file successfully
16:24:13 saveConfig: auto-save-60s
16:24:13 Saving config file
16:24:13 Saved config file successfully
16:24:13 saveConfig: auto-save-60s
16:24:13 Saving config file
16:24:13 Saved config file successfully
16:25:13 saveConfig: auto-save-60s
16:25:13 Saving config file
16:25:13 Saved config file successfully
16:25:13 saveConfig: auto-save-60s
16:25:13 Saving config file
16:25:13 Saved config file successfully
16:26:13 saveConfig: auto-save-60s
16:26:13 Saving config file
16:26:13 Saved config file successfully
16:26:13 saveConfig: auto-save-60s
16:26:13 Saving config file
16:26:13 Saved config file successfully
16:27:13 saveConfig: auto-save-60s
16:27:13 Saving config file
16:27:13 Saved config file successfully
16:27:13 saveConfig: auto-save-60s
16:27:13 Saving config file
16:27:13 Saved config file successfully
16:28:13 saveConfig: auto-save-60s
16:28:13 Saving config file
16:28:13 Saved config file successfully
16:28:13 saveConfig: auto-save-60s
16:28:13 Saving config file
16:28:13 Saved config file successfully
16:29:13 saveConfig: auto-save-60s
16:29:13 Saving config file
16:29:13 Saved config file successfully
16:29:13 saveConfig: auto-save-60s
16:29:13 Saving config file
16:29:13 Saved config file successfully
16:30:13 saveConfig: auto-save-60s
16:30:13 Saving config file
16:30:13 Saved config file successfully
16:30:13 saveConfig: auto-save-60s
16:30:13 Saving config file
16:30:13 Saved config file successfully
16:31:13 saveConfig: auto-save-60s
16:31:13 Saving config file
16:31:13 Saved config file successfully
16:31:13 saveConfig: auto-save-60s
16:31:13 Saving config file
16:31:13 Saved config file successfully
16:32:13 saveConfig: auto-save-60s
16:32:13 Saving config file
16:32:13 Saved config file successfully
16:32:13 saveConfig: auto-save-60s
16:32:13 Saving config file
16:32:13 Saved config file successfully
16:33:13 saveConfig: auto-save-60s
16:33:13 Saving config file
16:33:13 Saved config file successfully
16:33:13 saveConfig: auto-save-60s
16:33:13 Saving config file
16:33:13 Saved config file successfully
16:34:13 saveConfig: auto-save-60s
16:34:13 Saving config file
16:34:13 Saved config file successfully
16:34:13 saveConfig: auto-save-60s
16:34:13 Saving config file
16:34:13 Saved config file successfully
16:35:13 saveConfig: auto-save-60s
16:35:13 Saving config file
16:35:13 Saved config file successfully
16:35:13 saveConfig: auto-save-60s
16:35:13 Saving config file
16:35:13 Saved config file successfully
16:36:13 saveConfig: auto-save-60s
16:36:13 Saving config file
16:36:13 Saved config file successfully
16:36:13 saveConfig: auto-save-60s
16:36:13 Saving config file
16:36:13 Saved config file successfully
16:37:13 saveConfig: auto-save-60s
16:37:13 Saving config file
16:37:13 Saved config file successfully
16:37:13 saveConfig: auto-save-60s
16:37:13 Saving config file
16:37:13 Saved config file successfully
16:38:13 saveConfig: auto-save-60s
16:38:13 Saving config file
16:38:13 Saved config file successfully
16:38:13 saveConfig: auto-save-60s
16:38:13 Saving config file
16:38:13 Saved config file successfully
16:39:13 saveConfig: auto-save-60s
16:39:13 Saving config file
16:39:13 Saved config file successfully
16:39:13 saveConfig: auto-save-60s
16:39:13 Saving config file
16:39:13 Saved config file successfully
16:40:13 saveConfig: auto-save-60s
16:40:13 Saving config file
16:40:13 Saved config file successfully
16:40:13 saveConfig: auto-save-60s
16:40:13 Saving config file
16:40:13 Saved config file successfully
16:41:13 saveConfig: auto-save-60s
16:41:13 Saving config file
16:41:13 Saved config file successfully
16:41:13 saveConfig: auto-save-60s
16:41:13 Saving config file
16:41:13 Saved config file successfully
16:42:13 saveConfig: auto-save-60s
16:42:13 Saving config file
16:42:13 Saved config file successfully
16:42:13 saveConfig: auto-save-60s
16:42:13 Saving config file
16:42:13 Saved config file successfully
16:43:13 saveConfig: auto-save-60s
16:43:13 Saving config file
16:43:13 Saved config file successfully
16:43:13 saveConfig: auto-save-60s
16:43:13 Saving config file
16:43:13 Saved config file successfully
16:44:13 saveConfig: auto-save-60s
16:44:13 Saving config file
16:44:13 Saved config file successfully
16:44:13 saveConfig: auto-save-60s
16:44:13 Saving config file
16:44:13 Saved config file successfully
16:45:13 saveConfig: auto-save-60s
16:45:13 Saving config file
16:45:13 Saved config file successfully
16:45:13 saveConfig: auto-save-60s
16:45:13 Saving config file
16:45:13 Saved config file successfully
16:46:13 saveConfig: auto-save-60s
16:46:13 Saving config file
16:46:13 Saved config file successfully
16:46:13 saveConfig: auto-save-60s
16:46:13 Saving config file
16:46:13 Saved config file successfully
16:47:13 saveConfig: auto-save-60s
16:47:13 Saving config file
16:47:13 Saved config file successfully
16:47:13 saveConfig: auto-save-60s
16:47:13 Saving config file
16:47:13 Saved config file successfully
16:48:13 saveConfig: auto-save-60s
16:48:13 Saving config file
16:48:13 Saved config file successfully
16:48:13 saveConfig: auto-save-60s
16:48:13 Saving config file
16:48:13 Saved config file successfully
16:49:13 saveConfig: auto-save-60s
16:49:13 Saving config file
16:49:13 Saved config file successfully
16:49:13 saveConfig: auto-save-60s
16:49:13 Saving config file
16:49:13 Saved config file successfully
16:50:13 saveConfig: auto-save-60s
16:50:13 Saving config file
16:50:13 Saved config file successfully
16:50:13 saveConfig: auto-save-60s
16:50:13 Saving config file
16:50:13 Saved config file successfully
16:51:13 saveConfig: auto-save-60s
16:51:13 Saving config file
16:51:13 Saved config file successfully
16:51:13 saveConfig: auto-save-60s
16:51:13 Saving config file
16:51:13 Saved config file successfully
16:52:13 saveConfig: auto-save-60s
16:52:13 Saving config file
16:52:13 Saved config file successfully
16:52:13 saveConfig: auto-save-60s
16:52:13 Saving config file
16:52:13 Saved config file successfully
16:53:13 saveConfig: auto-save-60s
16:53:13 Saving config file
16:53:13 Saved config file successfully
16:53:13 saveConfig: auto-save-60s
16:53:13 Saving config file
16:53:13 Saved config file successfully
16:54:13 saveConfig: auto-save-60s
16:54:13 Saving config file
16:54:13 Saved config file successfully
16:54:13 saveConfig: auto-save-60s
16:54:13 Saving config file
16:54:13 Saved config file successfully
16:55:13 saveConfig: auto-save-60s
16:55:13 Saving config file
16:55:13 Saved config file successfully
16:55:13 saveConfig: auto-save-60s
16:55:13 Saving config file
16:55:13 Saved config file successfully
16:56:13 saveConfig: auto-save-60s
16:56:13 Saving config file
16:56:13 Saved config file successfully
16:56:13 saveConfig: auto-save-60s
16:56:13 Saving config file
16:56:13 Saved config file successfully
16:57:13 saveConfig: auto-save-60s
16:57:13 Saving config file
16:57:13 Saved config file successfully
16:57:13 saveConfig: auto-save-60s
16:57:13 Saving config file
16:57:13 Saved config file successfully
16:58:13 saveConfig: auto-save-60s
16:58:13 Saving config file
16:58:13 Saved config file successfully
16:58:13 saveConfig: auto-save-60s
16:58:13 Saving config file
16:58:13 Saved config file successfully
16:59:13 saveConfig: auto-save-60s
16:59:13 Saving config file
16:59:13 Saved config file successfully
16:59:13 saveConfig: auto-save-60s
16:59:13 Saving config file
16:59:13 Saved config file successfully
16:59:42 saveConfig: Save file
16:59:42 Saving friends file
16:59:42 Saved friends file successfully
16:59:42 saveConfig: Save file
16:59:42 Saving friends file
16:59:42 Saved friends file successfully
17:00:13 saveConfig: auto-save-60s
17:00:13 Saving config file
17:00:13 Saved config file successfully
17:00:13 saveConfig: auto-save-60s
17:00:13 Saving config file
17:00:13 Saved config file successfully
17:01:13 saveConfig: auto-save-60s
17:01:13 Saving config file
17:01:13 Saved config file successfully
17:01:13 saveConfig: auto-save-60s
17:01:13 Saving config file
17:01:13 Saved config file successfully
17:02:13 saveConfig: auto-save-60s
17:02:13 Saving config file
17:02:13 Saved config file successfully
17:02:13 saveConfig: auto-save-60s
17:02:13 Saving config file
17:02:13 Saved config file successfully
17:03:13 saveConfig: auto-save-60s
17:03:13 Saving config file
17:03:13 Saved config file successfully
17:03:13 saveConfig: auto-save-60s
17:03:13 Saving config file
17:03:13 Saved config file successfully
17:04:13 saveConfig: auto-save-60s
17:04:13 Saving config file
17:04:13 Saved config file successfully
17:04:13 saveConfig: auto-save-60s
17:04:13 Saving config file
17:04:13 Saved config file successfully
17:05:13 saveConfig: auto-save-60s
17:05:13 Saving config file
17:05:13 Saved config file successfully
17:05:13 saveConfig: auto-save-60s
17:05:13 Saving config file
17:05:13 Saved config file successfully
17:06:13 saveConfig: auto-save-60s
17:06:13 Saving config file
17:06:13 Saved config file successfully
17:06:13 saveConfig: auto-save-60s
17:06:13 Saving config file
17:06:13 Saved config file successfully
17:07:13 saveConfig: auto-save-60s
17:07:13 Saving config file
17:07:13 Saved config file successfully
17:07:13 saveConfig: auto-save-60s
17:07:13 Saving config file
17:07:13 Saved config file successfully
17:08:13 saveConfig: auto-save-60s
17:08:13 Saving config file
17:08:13 Saved config file successfully
17:08:13 saveConfig: auto-save-60s
17:08:13 Saving config file
17:08:13 Saved config file successfully
17:09:13 saveConfig: auto-save-60s
17:09:13 Saving config file
17:09:13 Saved config file successfully
17:09:13 saveConfig: auto-save-60s
17:09:13 Saving config file
17:09:13 Saved config file successfully
17:10:13 saveConfig: auto-save-60s
17:10:13 Saving config file
17:10:13 Saved config file successfully
17:10:13 saveConfig: auto-save-60s
17:10:13 Saving config file
17:10:13 Saved config file successfully
17:11:13 saveConfig: auto-save-60s
17:11:13 Saving config file
17:11:13 Saved config file successfully
17:11:13 saveConfig: auto-save-60s
17:11:13 Saving config file
17:11:13 Saved config file successfully
17:12:13 saveConfig: auto-save-60s
17:12:13 Saving config file
17:12:13 Saved config file successfully
17:12:13 saveConfig: auto-save-60s
17:12:13 Saving config file
17:12:13 Saved config file successfully
17:13:13 saveConfig: auto-save-60s
17:13:13 Saving config file
17:13:13 Saved config file successfully
17:13:13 saveConfig: auto-save-60s
17:13:13 Saving config file
17:13:13 Saved config file successfully
17:14:13 saveConfig: auto-save-60s
17:14:13 Saving config file
17:14:13 Saved config file successfully
17:14:13 saveConfig: auto-save-60s
17:14:13 Saving config file
17:14:13 Saved config file successfully
17:15:13 saveConfig: auto-save-60s
17:15:13 Saving config file
17:15:13 Saved config file successfully
17:15:13 saveConfig: auto-save-60s
17:15:13 Saving config file
17:15:13 Saved config file successfully
17:16:13 saveConfig: auto-save-60s
17:16:13 Saving config file
17:16:13 Saved config file successfully
17:16:13 saveConfig: auto-save-60s
17:16:13 Saving config file
17:16:13 Saved config file successfully
17:17:13 saveConfig: auto-save-60s
17:17:13 Saving config file
17:17:13 Saved config file successfully
17:17:13 saveConfig: auto-save-60s
17:17:13 Saving config file
17:17:13 Saved config file successfully
17:18:13 saveConfig: auto-save-60s
17:18:13 Saving config file
17:18:13 Saved config file successfully
17:18:13 saveConfig: auto-save-60s
17:18:13 Saving config file
17:18:13 Saved config file successfully
17:19:13 saveConfig: auto-save-60s
17:19:13 Saving config file
17:19:13 Saved config file successfully
17:19:13 saveConfig: auto-save-60s
17:19:13 Saving config file
17:19:13 Saved config file successfully
17:20:13 saveConfig: auto-save-60s
17:20:13 Saving config file
17:20:13 Saved config file successfully
17:20:13 saveConfig: auto-save-60s
17:20:13 Saving config file
17:20:13 Saved config file successfully
17:21:13 saveConfig: auto-save-60s
17:21:13 Saving config file
17:21:13 Saved config file successfully
17:21:13 saveConfig: auto-save-60s
17:21:13 Saving config file
17:21:13 Saved config file successfully
17:21:40 saveConfig: shutdown-hook
17:21:40 Saving config file
17:21:41 Saved config file successfully
17:21:41 saveConfig: shutdown-hook
17:21:41 Saving config file
