23:54:22 [EMPTY] §f §r§r§r§f §r§r§r§1 §r§r§r§0 §r§r§r§2 §r§r§r§f §r§r§r§f §r§r§r§2 §r§r§r§0 §r§r§r§4 §r§r§r§3 §r§r§r§9 §r§r§r§2 §r§r§r§0 §r§r§r§0 §r§r§r§3 §r§r§r§9 §r§r§r§2 §r§r§r§0 §r§r§r§0 §r§r§r§3 §r§r§r§9 §r§r§r§2 §r§r§r§0 §r§r§r§0 
23:54:22 [LOBBY] §b[MVP§e+§b] Sebbebas§f §6joined the lobby!
23:54:27 [WARPING] §7Sending to server mini34CV...
23:54:28 [EMPTY] §8 §r§8 §r§1 §r§3 §r§3 §r§7 §r§8 
23:54:30 [EMPTY] 
23:54:30 [WELCOME] §eWelcome to §r§aHypixel SkyBlock§r§e!
23:54:30 [EMPTY] 
23:54:31 [PROFILE_JOIN] §aYou are playing on profile: §eStrawberry
23:54:31 [PROFILE_JOIN] §8Profile ID: 9c7a677f-93d6-4850-9874-f9768774af89
23:54:37 [EMPTY] 
23:54:37 [EMPTY] 
00:00:34 [COMPACT_BINGO_BORDER] §3§l▬▬▬▬▬▬▬▬▬▬▬▬▬▬▬▬▬▬▬▬▬▬▬▬▬▬▬▬▬▬▬▬▬▬▬▬▬▬▬▬▬▬▬▬▬▬▬▬▬▬▬▬▬▬▬▬▬▬▬▬▬▬▬▬
00:00:34 [COMPACT_SKILL_LEVEL_UP] 
00:00:34 [COMPACT_SKILL_LEVEL_UP]   §r§a§lREWARDS
00:00:34 [COMPACT_SKILL_LEVEL_UP]    §r§eWarrior XV
00:00:34 [COMPACT_SKILL_LEVEL_UP]    §r  §7§fDeal §856➜§a60%§f more damage to mobs.
00:00:34 [COMPACT_SKILL_LEVEL_UP]    §r§7§8+§a0.5% §9☣ Crit Chance
00:00:34 [COMPACT_SKILL_LEVEL_UP]    §r§7Intermediate Accessory Bag Powers
00:00:34 [COMPACT_SKILL_LEVEL_UP]    §r§7§aLuxurious Spool §7Power Stone
00:00:34 [COMPACT_SKILL_LEVEL_UP]    §r§7§aRock Candy §7Power Stone
00:00:34 [COMPACT_SKILL_LEVEL_UP]    §r§7§9Ender Monocle §7Power Stone
00:00:34 [COMPACT_SKILL_LEVEL_UP]    §r§7§8+§630,000 §7Coins
00:00:34 [COMPACT_SKILL_LEVEL_UP]    §r§7§8+§b10 SkyBlock XP
00:00:34 [COMPACT_BINGO_BORDER] §3§l▬▬▬▬▬▬▬▬▬▬▬▬▬▬▬▬▬▬▬▬▬▬▬▬▬▬▬▬▬▬▬▬▬▬▬▬▬▬▬▬▬▬▬▬▬▬▬▬▬▬▬▬▬▬▬▬▬▬▬▬▬▬▬▬
00:00:36 [EMPTY] 
00:00:36 [EMPTY] 
00:00:40 [GUILD_EXP] §aYou earned §r§2416 GEXP §r§afrom playing SkyBlock!
00:01:04 [EMPTY] 
00:01:04 [EMPTY] 
00:01:15 [COMPACT_BINGO_BORDER] §3§l▬▬▬▬▬▬▬▬▬▬▬▬▬▬▬▬▬▬▬▬▬▬▬▬▬▬▬▬▬▬▬▬▬▬▬▬▬▬▬▬▬▬▬▬▬▬▬▬▬▬▬▬▬▬▬▬▬▬▬▬▬▬▬▬
00:01:15 [EMPTY]  
00:01:15 [BESTIARY] §f                                  §6§lBESTIARY
00:01:15 [BESTIARY] §f                              §b§lWatcher §7§8V §8➡§b §bVI
00:01:15 [BESTIARY] 
00:01:15 [BESTIARY] §f                                  §r§6§lREWARDS
00:01:15 [BESTIARY] §f                         §r§8+§r§a3 Watcher §r§b✯ Magic Find
00:01:15 [BESTIARY] §f                          §r§8+§r§a3 Watcher §r§c❁ Strength
00:01:15 [BESTIARY] §f                             §r§8+§r§62% §r§aWatcher §r§7coins
00:01:15 [BESTIARY] §f                    §r§8+§r§a50% §r§7chance for extra XP orbs
00:01:15 [BESTIARY] §f                               §r§8+§r§b1 SkyBlock XP
00:01:15 [BESTIARY] 
00:01:15 [BESTIARY] §3§l▬▬▬▬▬▬▬▬▬▬▬▬▬▬▬▬▬▬▬▬▬▬▬▬▬▬▬▬▬▬▬▬▬▬▬▬▬▬▬▬▬▬▬▬▬▬▬▬▬▬▬▬▬▬▬▬▬▬▬▬▬▬▬▬
00:01:28 [EMPTY] §f
00:01:28 [WATCHDOG] §4[WATCHDOG ANNOUNCEMENT]
00:01:28 [WATCHDOG] §fWatchdog has banned §r§c§l12,736§r§f players in the last 7 days.
00:01:28 [WATCHDOG] §fStaff have banned an additional §r§c§l14,026§r§f in the last 7 days.
00:01:28 [WATCHDOG] §cBlacklisted modifications are a bannable offense!
00:01:28 [WATCHDOG] §c
00:01:33 [EMPTY] 
00:01:33 [EMPTY] 
00:01:33 [EMPTY] 
00:01:37 [COMPACT_BINGO_BORDER] §3§l▬▬▬▬▬▬▬▬▬▬▬▬▬▬▬▬▬▬▬▬▬▬▬▬▬▬▬▬▬▬▬▬▬▬▬▬▬▬▬▬▬▬▬▬▬▬▬▬▬▬▬▬▬▬▬▬▬▬▬▬▬▬▬▬
00:01:37 [EMPTY]  
00:01:37 [BESTIARY] §f                                  §6§lBESTIARY
00:01:37 [BESTIARY] §f                                   §b§lZealot §7§bI
00:01:37 [BESTIARY] 
00:01:37 [BESTIARY] §f                                  §r§6§lREWARDS
00:01:37 [BESTIARY] §f                          §r§8+§r§a2 Zealot §r§b✯ Magic Find
00:01:37 [BESTIARY] §f                           §r§8+§r§a2 Zealot §r§c❁ Strength
00:01:37 [BESTIARY] §f                              §r§8+§r§62% §r§aZealot §r§7coins
00:01:37 [BESTIARY] §f                    §r§8+§r§a50% §r§7chance for extra XP orbs
00:01:37 [BESTIARY] §f                               §r§8+§r§b1 SkyBlock XP
00:01:37 [BESTIARY] 
00:01:37 [BESTIARY] §3§l▬▬▬▬▬▬▬▬▬▬▬▬▬▬▬▬▬▬▬▬▬▬▬▬▬▬▬▬▬▬▬▬▬▬▬▬▬▬▬▬▬▬▬▬▬▬▬▬▬▬▬▬▬▬▬▬▬▬▬▬▬▬▬▬
00:01:46 [COMPACT_BINGO_BORDER] §3§l▬▬▬▬▬▬▬▬▬▬▬▬▬▬▬▬▬▬▬▬▬▬▬▬▬▬▬▬▬▬▬▬▬▬▬▬▬▬▬▬▬▬▬▬▬▬▬▬▬▬▬▬▬▬▬▬▬▬▬▬▬▬▬▬
00:01:46 [EMPTY]  
00:01:46 [BESTIARY] §f                                  §6§lBESTIARY
00:01:46 [BESTIARY] §f                               §b§lZealot §7§8I §8➡§b §bII
00:01:46 [BESTIARY] 
00:01:46 [BESTIARY] §f                                  §r§6§lREWARDS
00:01:46 [BESTIARY] §f                          §r§8+§r§a2 Zealot §r§b✯ Magic Find
00:01:46 [BESTIARY] §f                           §r§8+§r§a2 Zealot §r§c❁ Strength
00:01:46 [BESTIARY] §f                              §r§8+§r§62% §r§aZealot §r§7coins
00:01:46 [BESTIARY] §f                    §r§8+§r§a50% §r§7chance for extra XP orbs
00:01:46 [BESTIARY] §f                               §r§8+§r§b1 SkyBlock XP
00:01:46 [BESTIARY] 
00:01:46 [BESTIARY]   §r§f                         §6§lBESTIARY MILESTONE
00:01:46 [BESTIARY]   §r§f                                    §8VI➡§eVII
00:01:46 [BESTIARY] 
00:01:46 [BESTIARY] §3§l▬▬▬▬▬▬▬▬▬▬▬▬▬▬▬▬▬▬▬▬▬▬▬▬▬▬▬▬▬▬▬▬▬▬▬▬▬▬▬▬▬▬▬▬▬▬▬▬▬▬▬▬▬▬▬▬▬▬▬▬▬▬▬▬
00:02:08 [COMPACT_BINGO_BORDER] §3§l▬▬▬▬▬▬▬▬▬▬▬▬▬▬▬▬▬▬▬▬▬▬▬▬▬▬▬▬▬▬▬▬▬▬▬▬▬▬▬▬▬▬▬▬▬▬▬▬▬▬▬▬▬▬▬▬▬▬▬▬▬▬▬▬
00:02:08 [EMPTY]  
00:02:08 [BESTIARY] §f                                  §6§lBESTIARY
00:02:08 [BESTIARY] §f                              §b§lZealot §7§8II §8➡§b §bIII
00:02:08 [BESTIARY] 
00:02:08 [BESTIARY] §f                                  §r§6§lREWARDS
00:02:08 [BESTIARY] §f                          §r§8+§r§a2 Zealot §r§b✯ Magic Find
00:02:08 [BESTIARY] §f                           §r§8+§r§a2 Zealot §r§c❁ Strength
00:02:08 [BESTIARY] §f                              §r§8+§r§62% §r§aZealot §r§7coins
00:02:08 [BESTIARY] §f                    §r§8+§r§a50% §r§7chance for extra XP orbs
00:02:08 [BESTIARY] §f                               §r§8+§r§b1 SkyBlock XP
00:02:08 [BESTIARY] 
00:02:08 [BESTIARY] §3§l▬▬▬▬▬▬▬▬▬▬▬▬▬▬▬▬▬▬▬▬▬▬▬▬▬▬▬▬▬▬▬▬▬▬▬▬▬▬▬▬▬▬▬▬▬▬▬▬▬▬▬▬▬▬▬▬▬▬▬▬▬▬▬▬
00:02:13 [WARPING] §7Warping you to your SkyBlock island...
00:02:13 [WARPING] §7Sending to server mini98J...
00:02:14 [EMPTY] §8 §r§8 §r§1 §r§3 §r§3 §r§7 §r§8 
00:02:15 [EMPTY]  
00:02:15 [EMPTY]   
00:02:17 [PROFILE_JOIN] §aYou are playing on profile: §eStrawberry
00:02:17 [PROFILE_JOIN] §8Profile ID: 9c7a677f-93d6-4850-9874-f9768774af89
00:02:19 [COMPACT_BINGO_BORDER] §e§l▬▬▬▬▬▬▬▬▬▬▬▬▬▬▬▬▬▬▬▬▬▬▬▬▬▬▬▬▬▬▬▬▬▬▬▬▬▬▬▬▬▬▬▬▬▬▬▬▬▬▬▬▬▬▬▬▬▬▬▬▬▬▬▬
00:02:19 [COMPACT_COLLECTION_LEVEL_UP] 
00:02:19 [COMPACT_COLLECTION_LEVEL_UP]   §r§a§lREWARDS
00:02:19 [COMPACT_COLLECTION_LEVEL_UP]     §r§7§8+§b4 SkyBlock XP
00:02:19 [COMPACT_BINGO_BORDER] §e§l▬▬▬▬▬▬▬▬▬▬▬▬▬▬▬▬▬▬▬▬▬▬▬▬▬▬▬▬▬▬▬▬▬▬▬▬▬▬▬▬▬▬▬▬▬▬▬▬▬▬▬▬▬▬▬▬▬▬▬▬▬▬▬▬
00:02:35 [COMPACT_BINGO_BORDER] §e§l▬▬▬▬▬▬▬▬▬▬▬▬▬▬▬▬▬▬▬▬▬▬▬▬▬▬▬▬▬▬▬▬▬▬▬▬▬▬▬▬▬▬▬▬▬▬▬▬▬▬▬▬▬▬▬▬▬▬▬▬▬▬▬▬
00:02:35 [COMPACT_COLLECTION_LEVEL_UP] 
00:02:35 [COMPACT_COLLECTION_LEVEL_UP]   §r§a§lREWARDS
00:02:35 [COMPACT_COLLECTION_LEVEL_UP]     §r§7§8+§b4 SkyBlock XP
00:02:35 [COMPACT_BINGO_BORDER] §e§l▬▬▬▬▬▬▬▬▬▬▬▬▬▬▬▬▬▬▬▬▬▬▬▬▬▬▬▬▬▬▬▬▬▬▬▬▬▬▬▬▬▬▬▬▬▬▬▬▬▬▬▬▬▬▬▬▬▬▬▬▬▬▬▬
00:02:51 [COMPACT_BINGO_BORDER] §e§l▬▬▬▬▬▬▬▬▬▬▬▬▬▬▬▬▬▬▬▬▬▬▬▬▬▬▬▬▬▬▬▬▬▬▬▬▬▬▬▬▬▬▬▬▬▬▬▬▬▬▬▬▬▬▬▬▬▬▬▬▬▬▬▬
00:02:51 [COMPACT_COLLECTION_LEVEL_UP] 
00:02:51 [COMPACT_COLLECTION_LEVEL_UP]   §r§a§lREWARDS
00:02:51 [COMPACT_COLLECTION_LEVEL_UP]     §r§7§8+§b4 SkyBlock XP
00:02:51 [COMPACT_BINGO_BORDER] §e§l▬▬▬▬▬▬▬▬▬▬▬▬▬▬▬▬▬▬▬▬▬▬▬▬▬▬▬▬▬▬▬▬▬▬▬▬▬▬▬▬▬▬▬▬▬▬▬▬▬▬▬▬▬▬▬▬▬▬▬▬▬▬▬▬
00:03:14 [COMPACT_BINGO_BORDER] §e§l▬▬▬▬▬▬▬▬▬▬▬▬▬▬▬▬▬▬▬▬▬▬▬▬▬▬▬▬▬▬▬▬▬▬▬▬▬▬▬▬▬▬▬▬▬▬▬▬▬▬▬▬▬▬▬▬▬▬▬▬▬▬▬▬
00:03:14 [COMPACT_COLLECTION_LEVEL_UP] 
00:03:14 [COMPACT_COLLECTION_LEVEL_UP]   §r§a§lREWARDS
00:03:14 [COMPACT_COLLECTION_LEVEL_UP]     §r§7§8+§b4 SkyBlock XP
00:03:14 [COMPACT_BINGO_BORDER] §e§l▬▬▬▬▬▬▬▬▬▬▬▬▬▬▬▬▬▬▬▬▬▬▬▬▬▬▬▬▬▬▬▬▬▬▬▬▬▬▬▬▬▬▬▬▬▬▬▬▬▬▬▬▬▬▬▬▬▬▬▬▬▬▬▬
00:05:27 [WARPING] §7Sending to server mini1003D...
00:05:28 [EMPTY] §8 §r§8 §r§1 §r§3 §r§3 §r§7 §r§8 
00:05:29 [EMPTY]  
00:05:29 [EMPTY]   
00:05:31 [PROFILE_JOIN] §aYou are playing on profile: §eStrawberry
00:05:31 [PROFILE_JOIN] §8Profile ID: 9c7a677f-93d6-4850-9874-f9768774af89
00:07:27 [WARPING] §7Sending to server mini154U...
00:07:27 [EMPTY] §8 §r§8 §r§1 §r§3 §r§3 §r§7 §r§8 
00:07:28 [EMPTY]  
00:07:28 [EMPTY]   
00:07:30 [PROFILE_JOIN] §aYou are playing on profile: §eStrawberry
00:07:30 [PROFILE_JOIN] §8Profile ID: 9c7a677f-93d6-4850-9874-f9768774af89
00:07:59 [WARPING] §7Sending to server mini195CM...
00:07:59 [EMPTY] §8 §r§8 §r§1 §r§3 §r§3 §r§7 §r§8 
00:08:00 [EMPTY]  
00:08:00 [EMPTY]   
00:08:02 [PROFILE_JOIN] §aYou are playing on profile: §eStrawberry
00:08:02 [PROFILE_JOIN] §8Profile ID: 9c7a677f-93d6-4850-9874-f9768774af89
00:08:04 [COMPACT_BINGO_BORDER] §3§l▬▬▬▬▬▬▬▬▬▬▬▬▬▬▬▬▬▬▬▬▬▬▬▬▬▬▬▬▬▬▬▬▬▬▬▬▬▬▬▬▬▬▬▬▬▬▬▬▬▬▬▬▬▬▬▬▬▬▬▬▬▬▬▬
00:08:04 [EMPTY]  
00:08:04 [EMPTY]  
00:08:04 [EMPTY]  
00:08:04 [COMPACT_BINGO_BORDER] §3§l▬▬▬▬▬▬▬▬▬▬▬▬▬▬▬▬▬▬▬▬▬▬▬▬▬▬▬▬▬▬▬▬▬▬▬▬▬▬▬▬▬▬▬▬▬▬▬▬▬▬▬▬▬▬▬▬▬▬▬▬▬▬▬▬
00:09:09 [WARPING] §7Warping...
00:09:09 [WARPING] §7Sending to server mini3BT...
00:09:09 [EMPTY] §8 §r§8 §r§1 §r§3 §r§3 §r§7 §r§8 
00:09:12 [PROFILE_JOIN] §aYou are playing on profile: §eStrawberry
00:09:12 [PROFILE_JOIN] §8Profile ID: 9c7a677f-93d6-4850-9874-f9768774af89
00:09:37 [WARPING] §7Warping you to your SkyBlock island...
00:09:37 [WARPING] §7Sending to server mini73CT...
00:09:38 [EMPTY] §8 §r§8 §r§1 §r§3 §r§3 §r§7 §r§8 
00:09:40 [PROFILE_JOIN] §aYou are playing on profile: §eStrawberry
00:09:40 [PROFILE_JOIN] §8Profile ID: 9c7a677f-93d6-4850-9874-f9768774af89
00:09:42 [WARPING] §7Sending to server mega1A...
00:09:42 [EMPTY] §8 §r§8 §r§1 §r§3 §r§3 §r§7 §r§8 
00:09:45 [PROFILE_JOIN] §aYou are playing on profile: §eStrawberry
00:09:45 [PROFILE_JOIN] §8Profile ID: 9c7a677f-93d6-4850-9874-f9768774af89
00:10:44 [WARPING] §7Warping...
00:10:44 [WARPING] §7Sending to server mini1BN...
00:10:44 [EMPTY] §8 §r§8 §r§1 §r§3 §r§3 §r§7 §r§8 
00:10:47 [PROFILE_JOIN] §aYou are playing on profile: §eStrawberry
00:10:47 [PROFILE_JOIN] §8Profile ID: 9c7a677f-93d6-4850-9874-f9768774af89
00:11:09 [EMPTY] §f                                        
00:11:09 [EMPTY] §f                                        
00:16:29 [GUILD_EXP] §aYou earned §r§2688 GEXP §r§afrom playing SkyBlock!
00:18:57 [WARPING] §7Warping you to your SkyBlock island...
00:18:57 [WARPING] §7Sending to server mini65DJ...
00:18:57 [EMPTY] §8 §r§8 §r§1 §r§3 §r§3 §r§7 §r§8 
00:19:00 [PROFILE_JOIN] §aYou are playing on profile: §eStrawberry
00:19:00 [PROFILE_JOIN] §8Profile ID: 9c7a677f-93d6-4850-9874-f9768774af89
00:21:37 [WARPING] §7Warping...
00:21:37 [WARPING] §7Sending to server mini3BT...
00:21:37 [EMPTY] §8 §r§8 §r§1 §r§3 §r§3 §r§7 §r§8 
00:21:40 [PROFILE_JOIN] §aYou are playing on profile: §eStrawberry
00:21:40 [PROFILE_JOIN] §8Profile ID: 9c7a677f-93d6-4850-9874-f9768774af89
00:23:22 [GUILD_EXP] §aYou earned §r§2103 GEXP §r§afrom playing SkyBlock!
00:25:42 [COMPACT_BINGO_BORDER] §3§l▬▬▬▬▬▬▬▬▬▬▬▬▬▬▬▬▬▬▬▬▬▬▬▬▬▬▬▬▬▬▬▬▬▬▬▬▬▬▬▬▬▬▬▬▬▬▬▬▬▬▬▬▬▬▬▬▬▬▬▬▬▬▬▬
00:25:42 [EMPTY]  
00:25:42 [BESTIARY] §f                                  §6§lBESTIARY
00:25:42 [BESTIARY] §f                         §b§lGlacite Walker §7§8IX §8➡§b §bX
00:25:42 [BESTIARY] 
00:25:42 [BESTIARY] §f                                  §r§6§lREWARDS
00:25:42 [BESTIARY] §f                     §r§8+§r§a3 Glacite Walker §r§b✯ Magic Find
00:25:42 [BESTIARY] §f                      §r§8+§r§a3 Glacite Walker §r§c❁ Strength
00:25:42 [BESTIARY] §f                         §r§8+§r§62% §r§aGlacite Walker §r§7coins
00:25:42 [BESTIARY] §f                    §r§8+§r§a50% §r§7chance for extra XP orbs
00:25:42 [BESTIARY] §f                               §r§8+§r§b1 SkyBlock XP
00:25:42 [BESTIARY] 
00:25:42 [BESTIARY] §3§l▬▬▬▬▬▬▬▬▬▬▬▬▬▬▬▬▬▬▬▬▬▬▬▬▬▬▬▬▬▬▬▬▬▬▬▬▬▬▬▬▬▬▬▬▬▬▬▬▬▬▬▬▬▬▬▬▬▬▬▬▬▬▬▬
00:27:07 [WARPING] §7Warping...
00:27:09 [WARPING] §7Warping...
00:27:09 [WARPING] §7Sending to server mini24AC...
00:27:09 [EMPTY] §8 §r§8 §r§1 §r§3 §r§3 §r§7 §r§8 
00:27:12 [PROFILE_JOIN] §aYou are playing on profile: §eStrawberry
00:27:12 [PROFILE_JOIN] §8Profile ID: 9c7a677f-93d6-4850-9874-f9768774af89
00:27:16 [WARPING] §7Warping...
00:27:16 [WARPING] §7Sending to server mini4BD...
00:27:17 [EMPTY] §8 §r§8 §r§1 §r§3 §r§3 §r§7 §r§8 
00:27:20 [PROFILE_JOIN] §aYou are playing on profile: §eStrawberry
00:27:20 [PROFILE_JOIN] §8Profile ID: 9c7a677f-93d6-4850-9874-f9768774af89
00:27:52 [EMPTY] §f                                        
00:31:43 [GUILD_EXP] §aYou earned §r§2501 GEXP §r§afrom playing SkyBlock!
00:34:39 [COMPACT_BINGO_BORDER] §3§l▬▬▬▬▬▬▬▬▬▬▬▬▬▬▬▬▬▬▬▬▬▬▬▬▬▬▬▬▬▬▬▬▬▬▬▬▬▬▬▬▬▬▬▬▬▬▬▬▬▬▬▬▬▬▬▬▬▬▬▬▬▬▬▬
00:34:39 [EMPTY]  
00:34:39 [BESTIARY] §f                                  §6§lBESTIARY
00:34:39 [BESTIARY] §f                         §b§lMinos Hunter §7§8III §8➡§b §bIV
00:34:39 [BESTIARY] 
00:34:39 [BESTIARY] §f                                  §r§6§lREWARDS
00:34:39 [BESTIARY] §f                      §r§8+§r§a2 Minos Hunter §r§b✯ Magic Find
00:34:39 [BESTIARY] §f                       §r§8+§r§a2 Minos Hunter §r§c❁ Strength
00:34:39 [BESTIARY] §f                          §r§8+§r§62% §r§aMinos Hunter §r§7coins
00:34:39 [BESTIARY] §f                    §r§8+§r§a50% §r§7chance for extra XP orbs
00:34:39 [BESTIARY] §f                               §r§8+§r§b1 SkyBlock XP
00:34:39 [BESTIARY] 
00:34:39 [BESTIARY] §3§l▬▬▬▬▬▬▬▬▬▬▬▬▬▬▬▬▬▬▬▬▬▬▬▬▬▬▬▬▬▬▬▬▬▬▬▬▬▬▬▬▬▬▬▬▬▬▬▬▬▬▬▬▬▬▬▬▬▬▬▬▬▬▬▬
00:36:45 [GUILD_EXP] §aYou earned §r§2750 GEXP §r§afrom playing SkyBlock!
00:39:06 [COMPACT_BINGO_BORDER] §3§l▬▬▬▬▬▬▬▬▬▬▬▬▬▬▬▬▬▬▬▬▬▬▬▬▬▬▬▬▬▬▬▬▬▬▬▬▬▬▬▬▬▬▬▬▬▬▬▬▬▬▬▬▬▬▬▬▬▬▬▬▬▬▬▬
00:39:06 [COMPACT_SKILL_LEVEL_UP] 
00:39:06 [COMPACT_SKILL_LEVEL_UP]   §r§a§lREWARDS
00:39:06 [COMPACT_SKILL_LEVEL_UP]    §r§eWarrior XVI
00:39:06 [COMPACT_SKILL_LEVEL_UP]    §r  §7§fDeal §860➜§a64%§f more damage to mobs.
00:39:06 [COMPACT_SKILL_LEVEL_UP]    §r§7§8+§a0.5% §9☣ Crit Chance
00:39:06 [COMPACT_SKILL_LEVEL_UP]    §r§7§8+§640,000 §7Coins
00:39:06 [COMPACT_SKILL_LEVEL_UP]    §r§7§8+§b10 SkyBlock XP
00:39:06 [COMPACT_BINGO_BORDER] §3§l▬▬▬▬▬▬▬▬▬▬▬▬▬▬▬▬▬▬▬▬▬▬▬▬▬▬▬▬▬▬▬▬▬▬▬▬▬▬▬▬▬▬▬▬▬▬▬▬▬▬▬▬▬▬▬▬▬▬▬▬▬▬▬▬
00:41:47 [GUILD_EXP] §aYou earned §r§2750 GEXP §r§afrom playing SkyBlock!
00:42:04 [WARPING] §7Warping...
00:42:04 [WARPING] §7Sending to server mini4AW...
00:42:05 [EMPTY] §8 §r§8 §r§1 §r§3 §r§3 §r§7 §r§8 
00:42:08 [PROFILE_JOIN] §aYou are playing on profile: §eStrawberry
00:42:08 [PROFILE_JOIN] §8Profile ID: 9c7a677f-93d6-4850-9874-f9768774af89
00:43:19 [WARPING] §7Finding player...
00:43:21 [WARPING] §7Sending a visit request...
00:43:21 [WARPING] §7Sending to server mini40DE...
00:43:21 [EMPTY] §8 §r§8 §r§1 §r§3 §r§3 §r§7 §r§8 
00:43:24 [PROFILE_JOIN] §aYou are playing on profile: §eStrawberry
00:43:24 [PROFILE_JOIN] §8Profile ID: 9c7a677f-93d6-4850-9874-f9768774af89
00:43:29 [WARPING] §7Sending to server mini198AV...
00:43:30 [EMPTY] §8 §r§8 §r§1 §r§3 §r§3 §r§7 §r§8 
00:43:33 [PROFILE_JOIN] §aYou are playing on profile: §eStrawberry
00:43:33 [PROFILE_JOIN] §8Profile ID: 9c7a677f-93d6-4850-9874-f9768774af89
00:43:58 [COMPACT_BINGO_BORDER] §3§l▬▬▬▬▬▬▬▬▬▬▬▬▬▬▬▬▬▬▬▬▬▬▬▬▬▬▬▬▬▬▬▬▬▬▬▬▬▬▬▬▬▬▬▬▬▬▬▬▬▬▬▬▬▬▬▬▬▬▬▬▬▬▬▬
00:43:58 [EMPTY]  
00:43:58 [BESTIARY] §f                                  §6§lBESTIARY
00:43:58 [BESTIARY] §f                         §b§lMiner Skeleton §7§8I §8➡§b §bII
00:43:58 [BESTIARY] 
00:43:58 [BESTIARY] §f                                  §r§6§lREWARDS
00:43:58 [BESTIARY] §f                     §r§8+§r§a2 Miner Skeleton §r§b✯ Magic Find
00:43:58 [BESTIARY] §f                      §r§8+§r§a2 Miner Skeleton §r§c❁ Strength
00:43:58 [BESTIARY] §f                         §r§8+§r§62% §r§aMiner Skeleton §r§7coins
00:43:58 [BESTIARY] §f                    §r§8+§r§a50% §r§7chance for extra XP orbs
00:43:58 [BESTIARY] §f                               §r§8+§r§b1 SkyBlock XP
00:43:58 [BESTIARY] 
00:43:58 [BESTIARY] §3§l▬▬▬▬▬▬▬▬▬▬▬▬▬▬▬▬▬▬▬▬▬▬▬▬▬▬▬▬▬▬▬▬▬▬▬▬▬▬▬▬▬▬▬▬▬▬▬▬▬▬▬▬▬▬▬▬▬▬▬▬▬▬▬▬
00:46:27 [COMPACT_BINGO_BORDER] §3§l▬▬▬▬▬▬▬▬▬▬▬▬▬▬▬▬▬▬▬▬▬▬▬▬▬▬▬▬▬▬▬▬▬▬▬▬▬▬▬▬▬▬▬▬▬▬▬▬▬▬▬▬▬▬▬▬▬▬▬▬▬▬▬▬
00:46:27 [EMPTY]  
00:46:27 [BESTIARY] §f                                  §6§lBESTIARY
00:46:27 [BESTIARY] §f                        §b§lMiner Skeleton §7§8II §8➡§b §bIII
00:46:27 [BESTIARY] 
00:46:27 [BESTIARY] §f                                  §r§6§lREWARDS
00:46:27 [BESTIARY] §f                     §r§8+§r§a2 Miner Skeleton §r§b✯ Magic Find
00:46:27 [BESTIARY] §f                      §r§8+§r§a2 Miner Skeleton §r§c❁ Strength
00:46:27 [BESTIARY] §f                         §r§8+§r§62% §r§aMiner Skeleton §r§7coins
00:46:27 [BESTIARY] §f                    §r§8+§r§a50% §r§7chance for extra XP orbs
00:46:27 [BESTIARY] §f                               §r§8+§r§b1 SkyBlock XP
00:46:27 [BESTIARY] 
00:46:27 [BESTIARY] §3§l▬▬▬▬▬▬▬▬▬▬▬▬▬▬▬▬▬▬▬▬▬▬▬▬▬▬▬▬▬▬▬▬▬▬▬▬▬▬▬▬▬▬▬▬▬▬▬▬▬▬▬▬▬▬▬▬▬▬▬▬▬▬▬▬
00:46:29 [COMPACT_BINGO_BORDER] §e§l▬▬▬▬▬▬▬▬▬▬▬▬▬▬▬▬▬▬▬▬▬▬▬▬▬▬▬▬▬▬▬▬▬▬▬▬▬▬▬▬▬▬▬▬▬▬▬▬▬▬▬▬▬▬▬▬▬▬▬▬▬▬▬▬
00:46:29 [COMPACT_COLLECTION_LEVEL_UP] 
00:46:29 [COMPACT_COLLECTION_LEVEL_UP]   §r§a§lREWARDS
00:46:29 [COMPACT_COLLECTION_LEVEL_UP]     §r§7§9Smite §7Exp Discount §a(-25%)
00:46:29 [COMPACT_COLLECTION_LEVEL_UP]     §r§7§8+§b4 SkyBlock XP
00:46:29 [COMPACT_BINGO_BORDER] §e§l▬▬▬▬▬▬▬▬▬▬▬▬▬▬▬▬▬▬▬▬▬▬▬▬▬▬▬▬▬▬▬▬▬▬▬▬▬▬▬▬▬▬▬▬▬▬▬▬▬▬▬▬▬▬▬▬▬▬▬▬▬▬▬▬
00:47:04 [COMPACT_BINGO_BORDER] §3§l▬▬▬▬▬▬▬▬▬▬▬▬▬▬▬▬▬▬▬▬▬▬▬▬▬▬▬▬▬▬▬▬▬▬▬▬▬▬▬▬▬▬▬▬▬▬▬▬▬▬▬▬▬▬▬▬▬▬▬▬▬▬▬▬
00:47:04 [EMPTY]  
00:47:04 [BESTIARY] §f                                  §6§lBESTIARY
00:47:04 [BESTIARY] §f                          §b§lMiner Zombie §7§8III §8➡§b §bIV
00:47:04 [BESTIARY] 
00:47:04 [BESTIARY] §f                                  §r§6§lREWARDS
00:47:04 [BESTIARY] §f                      §r§8+§r§a2 Miner Zombie §r§b✯ Magic Find
00:47:04 [BESTIARY] §f                       §r§8+§r§a2 Miner Zombie §r§c❁ Strength
00:47:04 [BESTIARY] §f                          §r§8+§r§62% §r§aMiner Zombie §r§7coins
00:47:04 [BESTIARY] §f                    §r§8+§r§a50% §r§7chance for extra XP orbs
00:47:04 [BESTIARY] §f                               §r§8+§r§b1 SkyBlock XP
00:47:04 [BESTIARY] 
00:47:04 [BESTIARY] §3§l▬▬▬▬▬▬▬▬▬▬▬▬▬▬▬▬▬▬▬▬▬▬▬▬▬▬▬▬▬▬▬▬▬▬▬▬▬▬▬▬▬▬▬▬▬▬▬▬▬▬▬▬▬▬▬▬▬▬▬▬▬▬▬▬
00:48:28 [COMPACT_BINGO_BORDER] §e§l▬▬▬▬▬▬▬▬▬▬▬▬▬▬▬▬▬▬▬▬▬▬▬▬▬▬▬▬▬▬▬▬▬▬▬▬▬▬▬▬▬▬▬▬▬▬▬▬▬▬▬▬▬▬▬▬▬▬▬▬▬▬▬▬
00:48:28 [COMPACT_COLLECTION_LEVEL_UP] 
00:48:28 [COMPACT_COLLECTION_LEVEL_UP]   §r§a§lREWARDS
00:48:28 [COMPACT_COLLECTION_LEVEL_UP]     §r§7§9Power §7Exp Discount §a(-25%)
00:48:28 [COMPACT_COLLECTION_LEVEL_UP]     §r§7§8+§b4 SkyBlock XP
00:48:28 [COMPACT_BINGO_BORDER] §e§l▬▬▬▬▬▬▬▬▬▬▬▬▬▬▬▬▬▬▬▬▬▬▬▬▬▬▬▬▬▬▬▬▬▬▬▬▬▬▬▬▬▬▬▬▬▬▬▬▬▬▬▬▬▬▬▬▬▬▬▬▬▬▬▬
00:48:30 [EMPTY]  
00:48:30 [EMPTY]  
00:48:30 [EMPTY]  
00:48:44 [GUILD_EXP] §aYou earned §r§2628 GEXP §r§afrom playing SkyBlock!
00:51:59 [COMPACT_BINGO_BORDER] §3§l▬▬▬▬▬▬▬▬▬▬▬▬▬▬▬▬▬▬▬▬▬▬▬▬▬▬▬▬▬▬▬▬▬▬▬▬▬▬▬▬▬▬▬▬▬▬▬▬▬▬▬▬▬▬▬▬▬▬▬▬▬▬▬▬
00:51:59 [EMPTY]  
00:51:59 [BESTIARY] §f                                  §6§lBESTIARY
00:51:59 [BESTIARY] §f                        §b§lMiner Skeleton §7§8III §8➡§b §bIV
00:51:59 [BESTIARY] 
00:51:59 [BESTIARY] §f                                  §r§6§lREWARDS
00:51:59 [BESTIARY] §f                     §r§8+§r§a2 Miner Skeleton §r§b✯ Magic Find
00:51:59 [BESTIARY] §f                      §r§8+§r§a2 Miner Skeleton §r§c❁ Strength
00:51:59 [BESTIARY] §f                         §r§8+§r§62% §r§aMiner Skeleton §r§7coins
00:51:59 [BESTIARY] §f                    §r§8+§r§a50% §r§7chance for extra XP orbs
00:51:59 [BESTIARY] §f                               §r§8+§r§b1 SkyBlock XP
00:51:59 [BESTIARY] 
00:51:59 [BESTIARY] §3§l▬▬▬▬▬▬▬▬▬▬▬▬▬▬▬▬▬▬▬▬▬▬▬▬▬▬▬▬▬▬▬▬▬▬▬▬▬▬▬▬▬▬▬▬▬▬▬▬▬▬▬▬▬▬▬▬▬▬▬▬▬▬▬▬
00:52:18 [COMPACT_BINGO_BORDER] §3§l▬▬▬▬▬▬▬▬▬▬▬▬▬▬▬▬▬▬▬▬▬▬▬▬▬▬▬▬▬▬▬▬▬▬▬▬▬▬▬▬▬▬▬▬▬▬▬▬▬▬▬▬▬▬▬▬▬▬▬▬▬▬▬▬
00:52:18 [EMPTY]  
00:52:18 [BESTIARY] §f                                  §6§lBESTIARY
00:52:18 [BESTIARY] §f                          §b§lMiner Zombie §7§8IV §8➡§b §bV
00:52:18 [BESTIARY] 
00:52:18 [BESTIARY] §f                                  §r§6§lREWARDS
00:52:18 [BESTIARY] §f                      §r§8+§r§a2 Miner Zombie §r§b✯ Magic Find
00:52:18 [BESTIARY] §f                       §r§8+§r§a2 Miner Zombie §r§c❁ Strength
00:52:18 [BESTIARY] §f                          §r§8+§r§62% §r§aMiner Zombie §r§7coins
00:52:18 [BESTIARY] §f                    §r§8+§r§a50% §r§7chance for extra XP orbs
00:52:18 [BESTIARY] §f                               §r§8+§r§b1 SkyBlock XP
00:52:18 [BESTIARY] 
00:52:18 [BESTIARY] §3§l▬▬▬▬▬▬▬▬▬▬▬▬▬▬▬▬▬▬▬▬▬▬▬▬▬▬▬▬▬▬▬▬▬▬▬▬▬▬▬▬▬▬▬▬▬▬▬▬▬▬▬▬▬▬▬▬▬▬▬▬▬▬▬▬
00:53:45 [GUILD_EXP] §aYou earned §r§2750 GEXP §r§afrom playing SkyBlock!
00:57:21 [COMPACT_BINGO_BORDER] §e§l▬▬▬▬▬▬▬▬▬▬▬▬▬▬▬▬▬▬▬▬▬▬▬▬▬▬▬▬▬▬▬▬▬▬▬▬▬▬▬▬▬▬▬▬▬▬▬▬▬▬▬▬▬▬▬▬▬▬▬▬▬▬▬▬
00:57:21 [COMPACT_COLLECTION_LEVEL_UP] 
00:57:21 [COMPACT_COLLECTION_LEVEL_UP]   §r§a§lREWARDS
00:57:21 [COMPACT_COLLECTION_LEVEL_UP]     §r§7§8+§b4 SkyBlock XP
00:57:21 [COMPACT_BINGO_BORDER] §e§l▬▬▬▬▬▬▬▬▬▬▬▬▬▬▬▬▬▬▬▬▬▬▬▬▬▬▬▬▬▬▬▬▬▬▬▬▬▬▬▬▬▬▬▬▬▬▬▬▬▬▬▬▬▬▬▬▬▬▬▬▬▬▬▬
00:58:25 [WARPING] §7Warping you to your SkyBlock island...
00:58:25 [WARPING] §7Sending to server mini28AJ...
00:58:26 [EMPTY] §8 §r§8 §r§1 §r§3 §r§3 §r§7 §r§8 
00:58:29 [PROFILE_JOIN] §aYou are playing on profile: §eStrawberry
00:58:29 [PROFILE_JOIN] §8Profile ID: 9c7a677f-93d6-4850-9874-f9768774af89
01:00:10 [WARPING] §7Sending to server mega29D...
01:00:10 [EMPTY] §8 §r§8 §r§1 §r§3 §r§3 §r§7 §r§8 
01:00:13 [PROFILE_JOIN] §aYou are playing on profile: §eStrawberry
01:00:13 [PROFILE_JOIN] §8Profile ID: 9c7a677f-93d6-4850-9874-f9768774af89
01:00:38 [WARPING] §7Finding player...
01:00:39 [WARPING] §7Sending a visit request...
01:00:39 [WARPING] §7Sending to server mini40DE...
01:00:40 [EMPTY] §8 §r§8 §r§1 §r§3 §r§3 §r§7 §r§8 
01:00:43 [PROFILE_JOIN] §aYou are playing on profile: §eStrawberry
01:00:43 [PROFILE_JOIN] §8Profile ID: 9c7a677f-93d6-4850-9874-f9768774af89
01:00:51 [WARPING] §7Sending to server mini264T...
01:00:52 [EMPTY] §8 §r§8 §r§1 §r§3 §r§3 §r§7 §r§8 
01:00:54 [PROFILE_JOIN] §aYou are playing on profile: §eStrawberry
01:00:55 [PROFILE_JOIN] §8Profile ID: 9c7a677f-93d6-4850-9874-f9768774af89
01:01:25 [COMPACT_BINGO_BORDER] §e§l▬▬▬▬▬▬▬▬▬▬▬▬▬▬▬▬▬▬▬▬▬▬▬▬▬▬▬▬▬▬▬▬▬▬▬▬▬▬▬▬▬▬▬▬▬▬▬▬▬▬▬▬▬▬▬▬▬▬▬▬▬▬▬▬
01:01:25 [COMPACT_COLLECTION_LEVEL_UP] 
01:01:25 [COMPACT_COLLECTION_LEVEL_UP]   §r§a§lREWARDS
01:01:25 [COMPACT_COLLECTION_LEVEL_UP]     §r§7§8+§b4 SkyBlock XP
01:01:25 [COMPACT_BINGO_BORDER] §e§l▬▬▬▬▬▬▬▬▬▬▬▬▬▬▬▬▬▬▬▬▬▬▬▬▬▬▬▬▬▬▬▬▬▬▬▬▬▬▬▬▬▬▬▬▬▬▬▬▬▬▬▬▬▬▬▬▬▬▬▬▬▬▬▬
01:01:40 [WARPING] §7Warping you to your SkyBlock island...
01:01:40 [WARPING] §7Sending to server mini63Q...
01:01:41 [EMPTY] §8 §r§8 §r§1 §r§3 §r§3 §r§7 §r§8 
01:01:43 [WARPING] §7Warping...
01:01:44 [PROFILE_JOIN] §aYou are playing on profile: §eStrawberry
01:01:44 [PROFILE_JOIN] §8Profile ID: 9c7a677f-93d6-4850-9874-f9768774af89
01:01:45 [WARPING] §7Warping...
01:01:46 [WARPING] §7Sending to server mini1CC...
01:01:46 [EMPTY] §8 §r§8 §r§1 §r§3 §r§3 §r§7 §r§8 
01:01:49 [PROFILE_JOIN] §aYou are playing on profile: §eStrawberry
01:01:49 [PROFILE_JOIN] §8Profile ID: 9c7a677f-93d6-4850-9874-f9768774af89
01:02:24 [EMPTY] 
01:02:24 [EMPTY] 
01:02:24 [COMPACT_BINGO_BORDER] §e§l▬▬▬▬▬▬▬▬▬▬▬▬▬▬▬▬▬▬▬▬▬▬▬▬▬▬▬▬▬▬▬▬▬▬▬▬▬▬▬▬▬▬▬▬▬▬▬▬▬▬▬▬▬▬▬▬▬▬▬▬▬▬▬▬
01:02:24 [COMPACT_COLLECTION_LEVEL_UP] 
01:02:24 [COMPACT_COLLECTION_LEVEL_UP]   §r§a§lREWARDS
01:02:24 [COMPACT_COLLECTION_LEVEL_UP]     §r§7§8+§b4 SkyBlock XP
01:02:24 [COMPACT_BINGO_BORDER] §e§l▬▬▬▬▬▬▬▬▬▬▬▬▬▬▬▬▬▬▬▬▬▬▬▬▬▬▬▬▬▬▬▬▬▬▬▬▬▬▬▬▬▬▬▬▬▬▬▬▬▬▬▬▬▬▬▬▬▬▬▬▬▬▬▬
01:02:28 [WARPING] §7Warping...
01:02:28 [EMPTY] 
01:02:28 [EMPTY] 
01:02:28 [COMPACT_NEW_AREA_DISCOVERED] §7   ■ §r§f§r§7§r§fParticipate in the §r§aMayor Elections§r§f.
01:02:28 [COMPACT_NEW_AREA_DISCOVERED] §7   ■ §r§f§r§7§r§fContribute to City Projects.
01:02:28 [COMPACT_NEW_AREA_DISCOVERED] §7   ■ §r§f§r§7§r§fUnlock upgrades, buffs, and cosmetics in the §r§bCommunity Shop§r§f.
01:02:28 [EMPTY] 
01:04:09 [GUILD_EXP] §aYou earned §r§2203 GEXP §r§afrom playing SkyBlock!
01:05:23 [WARPING] §7Sending to server mini264T...
01:05:24 [EMPTY] §8 §r§8 §r§1 §r§3 §r§3 §r§7 §r§8 
01:05:27 [PROFILE_JOIN] §aYou are playing on profile: §eStrawberry
01:05:27 [PROFILE_JOIN] §8Profile ID: 9c7a677f-93d6-4850-9874-f9768774af89
01:06:11 [GUILD_EXP] §aYou earned §r§228 GEXP §r§afrom playing SkyBlock!
01:06:40 [WARPING] §7Sending to server mega40A...
01:06:41 [EMPTY] §8 §r§8 §r§1 §r§3 §r§3 §r§7 §r§8 
01:06:44 [PROFILE_JOIN] §aYou are playing on profile: §eStrawberry
01:06:44 [PROFILE_JOIN] §8Profile ID: 9c7a677f-93d6-4850-9874-f9768774af89
01:06:59 [WARPING] §7Sending to server mini99BA...
01:07:00 [EMPTY] 
01:07:00 [EMPTY] 
01:07:00 [EMPTY] 
01:07:00 [EMPTY] 
01:07:00 [EMPTY] §8 §r§8 §r§1 §r§3 §r§3 §r§7 §r§8 
01:07:03 [PROFILE_JOIN] §aYou are playing on profile: §eStrawberry
01:07:03 [PROFILE_JOIN] §8Profile ID: 9c7a677f-93d6-4850-9874-f9768774af89
01:07:22 [COMPACT_BINGO_BORDER] §e§l▬▬▬▬▬▬▬▬▬▬▬▬▬▬▬▬▬▬▬▬▬▬▬▬▬▬▬▬▬▬▬▬▬▬▬▬▬▬▬▬▬▬▬▬▬▬▬▬▬▬▬▬▬▬▬▬▬▬▬▬▬▬▬▬
01:07:22 [COMPACT_COLLECTION_LEVEL_UP] 
01:07:22 [COMPACT_COLLECTION_LEVEL_UP]   §r§a§lREWARDS
01:07:22 [COMPACT_COLLECTION_LEVEL_UP]     §r§7§8+§b4 SkyBlock XP
01:07:22 [COMPACT_BINGO_BORDER] §e§l▬▬▬▬▬▬▬▬▬▬▬▬▬▬▬▬▬▬▬▬▬▬▬▬▬▬▬▬▬▬▬▬▬▬▬▬▬▬▬▬▬▬▬▬▬▬▬▬▬▬▬▬▬▬▬▬▬▬▬▬▬▬▬▬
01:07:57 [WARPING] §7Warping you to your SkyBlock island...
01:07:58 [WARPING] §7Sending to server mini99BS...
01:07:58 [EMPTY] §8 §r§8 §r§1 §r§3 §r§3 §r§7 §r§8 
01:08:01 [PROFILE_JOIN] §aYou are playing on profile: §eStrawberry
01:08:01 [PROFILE_JOIN] §8Profile ID: 9c7a677f-93d6-4850-9874-f9768774af89
01:08:03 [WARPING] §7Sending to server mega2D...
01:08:03 [EMPTY] §8 §r§8 §r§1 §r§3 §r§3 §r§7 §r§8 
01:08:06 [PROFILE_JOIN] §aYou are playing on profile: §eStrawberry
01:08:06 [PROFILE_JOIN] §8Profile ID: 9c7a677f-93d6-4850-9874-f9768774af89
01:09:02 [WARPING] §7Sending to server mini64DJ...
01:09:02 [EMPTY] §8 §r§8 §r§1 §r§3 §r§3 §r§7 §r§8 
01:09:05 [PROFILE_JOIN] §aYou are playing on profile: §eStrawberry
01:09:05 [PROFILE_JOIN] §8Profile ID: 9c7a677f-93d6-4850-9874-f9768774af89
01:09:15 [EMPTY] 
01:09:15 [EMPTY] 
01:09:15 [EMPTY] 
01:09:15 [EMPTY] 
01:09:15 [EMPTY] 
01:09:15 [EMPTY] 
01:10:22 [COMPACT_BINGO_BORDER] §3§l▬▬▬▬▬▬▬▬▬▬▬▬▬▬▬▬▬▬▬▬▬▬▬▬▬▬▬▬▬▬▬▬▬▬▬▬▬▬▬▬▬▬▬▬▬▬▬▬▬▬▬▬▬▬▬▬▬▬▬▬▬▬▬▬
01:10:22 [COMPACT_SKILL_LEVEL_UP] 
01:10:22 [COMPACT_SKILL_LEVEL_UP]   §r§a§lREWARDS
01:10:22 [COMPACT_SKILL_LEVEL_UP]    §r§eZoologist XVI
01:10:22 [COMPACT_SKILL_LEVEL_UP]    §r  §7§fGain §815➜§a16%§f extra pet exp.
01:10:22 [COMPACT_SKILL_LEVEL_UP]    §r§7§8+§a1 §d♣ Pet Luck
01:10:22 [COMPACT_SKILL_LEVEL_UP]    §r§7§8+§640,000 §7Coins
01:10:22 [COMPACT_SKILL_LEVEL_UP]    §r§7§8+§b10 SkyBlock XP
01:10:22 [COMPACT_BINGO_BORDER] §3§l▬▬▬▬▬▬▬▬▬▬▬▬▬▬▬▬▬▬▬▬▬▬▬▬▬▬▬▬▬▬▬▬▬▬▬▬▬▬▬▬▬▬▬▬▬▬▬▬▬▬▬▬▬▬▬▬▬▬▬▬▬▬▬▬
01:10:22 [COMPACT_BINGO_BORDER] §3§l▬▬▬▬▬▬▬▬▬▬▬▬▬▬▬▬▬▬▬▬▬▬▬▬▬▬▬▬▬▬▬▬▬▬▬▬▬▬▬▬▬▬▬▬▬▬▬▬▬▬▬▬▬▬▬▬▬▬▬▬▬▬▬▬
01:10:22 [COMPACT_SKILL_LEVEL_UP] 
01:10:22 [COMPACT_SKILL_LEVEL_UP]   §r§a§lREWARDS
01:10:22 [COMPACT_SKILL_LEVEL_UP]    §r§eConjurer XV
01:10:22 [COMPACT_SKILL_LEVEL_UP]    §r  §7§fGain §870➜§a75%§f more experience orbs from any source.
01:10:22 [COMPACT_SKILL_LEVEL_UP]    §r§7§8+§a0.5% §c๑ Ability Damage
01:10:22 [COMPACT_SKILL_LEVEL_UP]    §r§7§8+§a2 §b✎ Intelligence
01:10:22 [COMPACT_SKILL_LEVEL_UP]    §r§7§8+§630,000 §7Coins
01:10:22 [COMPACT_SKILL_LEVEL_UP]    §r§7§8+§b10 SkyBlock XP
01:10:22 [COMPACT_BINGO_BORDER] §3§l▬▬▬▬▬▬▬▬▬▬▬▬▬▬▬▬▬▬▬▬▬▬▬▬▬▬▬▬▬▬▬▬▬▬▬▬▬▬▬▬▬▬▬▬▬▬▬▬▬▬▬▬▬▬▬▬▬▬▬▬▬▬▬▬
01:10:22 [COMPACT_BINGO_BORDER] §3§l▬▬▬▬▬▬▬▬▬▬▬▬▬▬▬▬▬▬▬▬▬▬▬▬▬▬▬▬▬▬▬▬▬▬▬▬▬▬▬▬▬▬▬▬▬▬▬▬▬▬▬▬▬▬▬▬▬▬▬▬▬▬▬▬
01:10:22 [COMPACT_SKILL_LEVEL_UP] 
01:10:22 [COMPACT_SKILL_LEVEL_UP]   §r§a§lREWARDS
01:10:22 [COMPACT_SKILL_LEVEL_UP]    §r§eConjurer XVI
01:10:22 [COMPACT_SKILL_LEVEL_UP]    §r  §7§fGain §875➜§a80%§f more experience orbs from any source.
01:10:22 [COMPACT_SKILL_LEVEL_UP]    §r§7§8+§a0.5% §c๑ Ability Damage
01:10:22 [COMPACT_SKILL_LEVEL_UP]    §r§7§8+§a2 §b✎ Intelligence
01:10:22 [COMPACT_SKILL_LEVEL_UP]    §r§7§8+§640,000 §7Coins
01:10:22 [COMPACT_SKILL_LEVEL_UP]    §r§7§8+§b10 SkyBlock XP
01:10:22 [COMPACT_BINGO_BORDER] §3§l▬▬▬▬▬▬▬▬▬▬▬▬▬▬▬▬▬▬▬▬▬▬▬▬▬▬▬▬▬▬▬▬▬▬▬▬▬▬▬▬▬▬▬▬▬▬▬▬▬▬▬▬▬▬▬▬▬▬▬▬▬▬▬▬
01:10:22 [COMPACT_BINGO_BORDER] §3§l▬▬▬▬▬▬▬▬▬▬▬▬▬▬▬▬▬▬▬▬▬▬▬▬▬▬▬▬▬▬▬▬▬▬▬▬▬▬▬▬▬▬▬▬▬▬▬▬▬▬▬▬▬▬▬▬▬▬▬▬▬▬▬▬
01:10:22 [COMPACT_SKILL_LEVEL_UP] 
01:10:22 [COMPACT_SKILL_LEVEL_UP]   §r§a§lREWARDS
01:10:22 [COMPACT_SKILL_LEVEL_UP]    §r§eConjurer XVII
01:10:22 [COMPACT_SKILL_LEVEL_UP]    §r  §7§fGain §880➜§a85%§f more experience orbs from any source.
01:10:22 [COMPACT_SKILL_LEVEL_UP]    §r§7§8+§a0.5% §c๑ Ability Damage
01:10:22 [COMPACT_SKILL_LEVEL_UP]    §r§7§8+§a2 §b✎ Intelligence
01:10:22 [COMPACT_SKILL_LEVEL_UP]    §r§7§8+§650,000 §7Coins
01:10:22 [COMPACT_SKILL_LEVEL_UP]    §r§7§8+§b10 SkyBlock XP
01:10:22 [COMPACT_BINGO_BORDER] §3§l▬▬▬▬▬▬▬▬▬▬▬▬▬▬▬▬▬▬▬▬▬▬▬▬▬▬▬▬▬▬▬▬▬▬▬▬▬▬▬▬▬▬▬▬▬▬▬▬▬▬▬▬▬▬▬▬▬▬▬▬▬▬▬▬
01:12:02 [EMPTY] 
01:12:02 [EMPTY] 
01:12:26 [WARPING] §7Sending to server mini76BQ...
01:12:27 [EMPTY] §8 §r§8 §r§1 §r§3 §r§3 §r§7 §r§8 
01:12:30 [PROFILE_JOIN] §aYou are playing on profile: §eStrawberry
01:12:30 [PROFILE_JOIN] §8Profile ID: 9c7a677f-93d6-4850-9874-f9768774af89
01:13:35 [WARPING] §7Sending to server mini237F...
01:13:36 [EMPTY] §8 §r§8 §r§1 §r§3 §r§3 §r§7 §r§8 
01:13:39 [PROFILE_JOIN] §aYou are playing on profile: §eStrawberry
01:13:39 [PROFILE_JOIN] §8Profile ID: 9c7a677f-93d6-4850-9874-f9768774af89
01:14:25 [COMPACT_BINGO_BORDER] §3§l▬▬▬▬▬▬▬▬▬▬▬▬▬▬▬▬▬▬▬▬▬▬▬▬▬▬▬▬▬▬▬▬▬▬▬▬▬▬▬▬▬▬▬▬▬▬▬▬▬▬▬▬▬▬▬▬▬▬▬▬▬▬▬▬
01:14:25 [COMPACT_SKILL_LEVEL_UP] 
01:14:25 [COMPACT_SKILL_LEVEL_UP]   §r§a§lREWARDS
01:14:25 [COMPACT_SKILL_LEVEL_UP]    §r§7§9Agarimoo§3 Sea Creature
01:14:25 [COMPACT_SKILL_LEVEL_UP]    §r§7§fSquid§3 Sea Creature
01:14:25 [COMPACT_SKILL_LEVEL_UP]    §r§eTreasure Hunter I
01:14:25 [COMPACT_SKILL_LEVEL_UP]    §r  §7§fIncreases the chance to find treasure when fishing by §a0.2%§f.
01:14:25 [COMPACT_SKILL_LEVEL_UP]    §r§7§8+§a2 §c❤ Health
01:14:25 [COMPACT_SKILL_LEVEL_UP]    §r§7§8+§6100 §7Coins
01:14:25 [COMPACT_SKILL_LEVEL_UP]    §r§7§8+§b5 SkyBlock XP
01:14:25 [COMPACT_BINGO_BORDER] §3§l▬▬▬▬▬▬▬▬▬▬▬▬▬▬▬▬▬▬▬▬▬▬▬▬▬▬▬▬▬▬▬▬▬▬▬▬▬▬▬▬▬▬▬▬▬▬▬▬▬▬▬▬▬▬▬▬▬▬▬▬▬▬▬▬
01:15:32 [GUILD_EXP] §aYou earned §r§2105 GEXP §r§afrom playing SkyBlock!
01:15:40 [COMPACT_BINGO_BORDER] §3§l▬▬▬▬▬▬▬▬▬▬▬▬▬▬▬▬▬▬▬▬▬▬▬▬▬▬▬▬▬▬▬▬▬▬▬▬▬▬▬▬▬▬▬▬▬▬▬▬▬▬▬▬▬▬▬▬▬▬▬▬▬▬▬▬
01:15:40 [COMPACT_SKILL_LEVEL_UP] 
01:15:40 [COMPACT_SKILL_LEVEL_UP]   §r§a§lREWARDS
01:15:40 [COMPACT_SKILL_LEVEL_UP]    §r§7§fSea Walker§3 Sea Creature
01:15:40 [COMPACT_SKILL_LEVEL_UP]    §r§eTreasure Hunter II
01:15:40 [COMPACT_SKILL_LEVEL_UP]    §r  §7§fIncreases the chance to find treasure when fishing by
01:15:40 [COMPACT_SKILL_LEVEL_UP]    §r  §f§80.2➜§a0.4%§f.
01:15:40 [COMPACT_SKILL_LEVEL_UP]    §r§7§8+§a2 §c❤ Health
01:15:40 [COMPACT_SKILL_LEVEL_UP]    §r§7§8+§6250 §7Coins
01:15:40 [COMPACT_SKILL_LEVEL_UP]    §r§7§8+§b5 SkyBlock XP
01:15:40 [COMPACT_BINGO_BORDER] §3§l▬▬▬▬▬▬▬▬▬▬▬▬▬▬▬▬▬▬▬▬▬▬▬▬▬▬▬▬▬▬▬▬▬▬▬▬▬▬▬▬▬▬▬▬▬▬▬▬▬▬▬▬▬▬▬▬▬▬▬▬▬▬▬▬
01:17:40 [COMPACT_BINGO_BORDER] §3§l▬▬▬▬▬▬▬▬▬▬▬▬▬▬▬▬▬▬▬▬▬▬▬▬▬▬▬▬▬▬▬▬▬▬▬▬▬▬▬▬▬▬▬▬▬▬▬▬▬▬▬▬▬▬▬▬▬▬▬▬▬▬▬▬
01:17:40 [COMPACT_SKILL_LEVEL_UP] 
01:17:40 [COMPACT_SKILL_LEVEL_UP]   §r§a§lREWARDS
01:17:40 [COMPACT_SKILL_LEVEL_UP]    §r§7§fNight Squid§3 Sea Creature
01:17:40 [COMPACT_SKILL_LEVEL_UP]    §r§eTreasure Hunter III
01:17:40 [COMPACT_SKILL_LEVEL_UP]    §r  §7§fIncreases the chance to find treasure when fishing by
01:17:40 [COMPACT_SKILL_LEVEL_UP]    §r  §f§80.4➜§a0.6%§f.
01:17:40 [COMPACT_SKILL_LEVEL_UP]    §r§7§8+§a2 §c❤ Health
01:17:40 [COMPACT_SKILL_LEVEL_UP]    §r§7§8+§6500 §7Coins
01:17:40 [COMPACT_SKILL_LEVEL_UP]    §r§7§8+§b5 SkyBlock XP
01:17:40 [COMPACT_BINGO_BORDER] §3§l▬▬▬▬▬▬▬▬▬▬▬▬▬▬▬▬▬▬▬▬▬▬▬▬▬▬▬▬▬▬▬▬▬▬▬▬▬▬▬▬▬▬▬▬▬▬▬▬▬▬▬▬▬▬▬▬▬▬▬▬▬▬▬▬
01:20:02 [COMPACT_BINGO_BORDER] §3§l▬▬▬▬▬▬▬▬▬▬▬▬▬▬▬▬▬▬▬▬▬▬▬▬▬▬▬▬▬▬▬▬▬▬▬▬▬▬▬▬▬▬▬▬▬▬▬▬▬▬▬▬▬▬▬▬▬▬▬▬▬▬▬▬
01:20:02 [COMPACT_SKILL_LEVEL_UP] 
01:20:02 [COMPACT_SKILL_LEVEL_UP]   §r§a§lREWARDS
01:20:02 [COMPACT_SKILL_LEVEL_UP]    §r§7§fFrozen Steve§3 Sea Creature
01:20:02 [COMPACT_SKILL_LEVEL_UP]    §r§eTreasure Hunter IV
01:20:02 [COMPACT_SKILL_LEVEL_UP]    §r  §7§fIncreases the chance to find treasure when fishing by
01:20:02 [COMPACT_SKILL_LEVEL_UP]    §r  §f§80.6➜§a0.8%§f.
01:20:02 [COMPACT_SKILL_LEVEL_UP]    §r§7§8+§a2 §c❤ Health
01:20:02 [COMPACT_SKILL_LEVEL_UP]    §r§7§8+§6750 §7Coins
01:20:02 [COMPACT_SKILL_LEVEL_UP]    §r§7§8+§b5 SkyBlock XP
01:20:02 [COMPACT_BINGO_BORDER] §3§l▬▬▬▬▬▬▬▬▬▬▬▬▬▬▬▬▬▬▬▬▬▬▬▬▬▬▬▬▬▬▬▬▬▬▬▬▬▬▬▬▬▬▬▬▬▬▬▬▬▬▬▬▬▬▬▬▬▬▬▬▬▬▬▬
01:20:33 [GUILD_EXP] §aYou earned §r§2329 GEXP §r§afrom playing SkyBlock!
01:22:00 [COMPACT_BINGO_BORDER] §3§l▬▬▬▬▬▬▬▬▬▬▬▬▬▬▬▬▬▬▬▬▬▬▬▬▬▬▬▬▬▬▬▬▬▬▬▬▬▬▬▬▬▬▬▬▬▬▬▬▬▬▬▬▬▬▬▬▬▬▬▬▬▬▬▬
01:22:00 [COMPACT_SKILL_LEVEL_UP] 
01:22:00 [COMPACT_SKILL_LEVEL_UP]   §r§a§lREWARDS
01:22:00 [COMPACT_SKILL_LEVEL_UP]    §r§7§aNurse Shark§3 Sea Creature
01:22:00 [COMPACT_SKILL_LEVEL_UP]    §r§7§fSea Guardian§3 Sea Creature
01:22:00 [COMPACT_SKILL_LEVEL_UP]    §r§eTreasure Hunter V
01:22:00 [COMPACT_SKILL_LEVEL_UP]    §r  §7§fIncreases the chance to find treasure when fishing by
01:22:00 [COMPACT_SKILL_LEVEL_UP]    §r  §f§80.8➜§a1%§f.
01:22:00 [COMPACT_SKILL_LEVEL_UP]    §r§7§8+§a2 §c❤ Health
01:22:00 [COMPACT_SKILL_LEVEL_UP]    §r§7§8+§61,000 §7Coins
01:22:00 [COMPACT_SKILL_LEVEL_UP]    §r§7§8+§b5 SkyBlock XP
01:22:00 [COMPACT_BINGO_BORDER] §3§l▬▬▬▬▬▬▬▬▬▬▬▬▬▬▬▬▬▬▬▬▬▬▬▬▬▬▬▬▬▬▬▬▬▬▬▬▬▬▬▬▬▬▬▬▬▬▬▬▬▬▬▬▬▬▬▬▬▬▬▬▬▬▬▬
01:22:25 [COMPACT_BINGO_BORDER] §e§l▬▬▬▬▬▬▬▬▬▬▬▬▬▬▬▬▬▬▬▬▬▬▬▬▬▬▬▬▬▬▬▬▬▬▬▬▬▬▬▬▬▬▬▬▬▬▬▬▬▬▬▬▬▬▬▬▬▬▬▬▬▬▬▬
01:22:25 [COMPACT_COLLECTION_LEVEL_UP] 
01:22:25 [COMPACT_COLLECTION_LEVEL_UP]   §r§a§lREWARDS
01:22:25 [COMPACT_COLLECTION_LEVEL_UP]     §r§7§8+§b4 SkyBlock XP
01:22:25 [COMPACT_BINGO_BORDER] §e§l▬▬▬▬▬▬▬▬▬▬▬▬▬▬▬▬▬▬▬▬▬▬▬▬▬▬▬▬▬▬▬▬▬▬▬▬▬▬▬▬▬▬▬▬▬▬▬▬▬▬▬▬▬▬▬▬▬▬▬▬▬▬▬▬
01:23:41 [EMPTY] 
01:23:41 [EMPTY] 
01:23:57 [COMPACT_BINGO_BORDER] §3§l▬▬▬▬▬▬▬▬▬▬▬▬▬▬▬▬▬▬▬▬▬▬▬▬▬▬▬▬▬▬▬▬▬▬▬▬▬▬▬▬▬▬▬▬▬▬▬▬▬▬▬▬▬▬▬▬▬▬▬▬▬▬▬▬
01:23:57 [COMPACT_SKILL_LEVEL_UP] 
01:23:57 [COMPACT_SKILL_LEVEL_UP]   §r§a§lREWARDS
01:23:57 [COMPACT_SKILL_LEVEL_UP]    §r§7§fFrosty§3 Sea Creature
01:23:57 [COMPACT_SKILL_LEVEL_UP]    §r§eTreasure Hunter VI
01:23:57 [COMPACT_SKILL_LEVEL_UP]    §r  §7§fIncreases the chance to find treasure when fishing by
01:23:57 [COMPACT_SKILL_LEVEL_UP]    §r  §f§81➜§a1.2%§f.
01:23:57 [COMPACT_SKILL_LEVEL_UP]    §r§7§8+§a2 §c❤ Health
01:23:57 [COMPACT_SKILL_LEVEL_UP]    §r§7§8+§62,000 §7Coins
01:23:57 [COMPACT_SKILL_LEVEL_UP]    §r§7§8+§b5 SkyBlock XP
01:23:57 [COMPACT_BINGO_BORDER] §3§l▬▬▬▬▬▬▬▬▬▬▬▬▬▬▬▬▬▬▬▬▬▬▬▬▬▬▬▬▬▬▬▬▬▬▬▬▬▬▬▬▬▬▬▬▬▬▬▬▬▬▬▬▬▬▬▬▬▬▬▬▬▬▬▬
01:25:12 [COMPACT_BINGO_BORDER] §3§l▬▬▬▬▬▬▬▬▬▬▬▬▬▬▬▬▬▬▬▬▬▬▬▬▬▬▬▬▬▬▬▬▬▬▬▬▬▬▬▬▬▬▬▬▬▬▬▬▬▬▬▬▬▬▬▬▬▬▬▬▬▬▬▬
01:25:12 [EMPTY]  
01:25:12 [BESTIARY] §f                                  §6§lBESTIARY
01:25:12 [BESTIARY] §f                               §b§lNight Squid §7§bI
01:25:12 [BESTIARY] 
01:25:12 [BESTIARY] §f                                  §r§6§lREWARDS
01:25:12 [BESTIARY] §f                       §r§8+§r§a2 Night Squid §r§b✯ Magic Find
01:25:12 [BESTIARY] §f                        §r§8+§r§a2 Night Squid §r§c❁ Strength
01:25:12 [BESTIARY] §f                           §r§8+§r§62% §r§aNight Squid §r§7coins
01:25:12 [BESTIARY] §f                    §r§8+§r§a50% §r§7chance for extra XP orbs
01:25:12 [BESTIARY] §f                               §r§8+§r§b1 SkyBlock XP
01:25:12 [BESTIARY] 
01:25:12 [BESTIARY] §3§l▬▬▬▬▬▬▬▬▬▬▬▬▬▬▬▬▬▬▬▬▬▬▬▬▬▬▬▬▬▬▬▬▬▬▬▬▬▬▬▬▬▬▬▬▬▬▬▬▬▬▬▬▬▬▬▬▬▬▬▬▬▬▬▬
01:25:13 [COMPACT_BINGO_BORDER] §3§l▬▬▬▬▬▬▬▬▬▬▬▬▬▬▬▬▬▬▬▬▬▬▬▬▬▬▬▬▬▬▬▬▬▬▬▬▬▬▬▬▬▬▬▬▬▬▬▬▬▬▬▬▬▬▬▬▬▬▬▬▬▬▬▬
01:25:13 [EMPTY]  
01:25:13 [BESTIARY] §f                                  §6§lBESTIARY
01:25:13 [BESTIARY] §f                                   §b§lSquid §7§bI
01:25:13 [BESTIARY] 
01:25:13 [BESTIARY] §f                                  §r§6§lREWARDS
01:25:13 [BESTIARY] §f                           §r§8+§r§a2 Squid §r§b✯ Magic Find
01:25:13 [BESTIARY] §f                           §r§8+§r§a2 Squid §r§c❁ Strength
01:25:13 [BESTIARY] §f                               §r§8+§r§62% §r§aSquid §r§7coins
01:25:13 [BESTIARY] §f                    §r§8+§r§a50% §r§7chance for extra XP orbs
01:25:13 [BESTIARY] §f                               §r§8+§r§b1 SkyBlock XP
01:25:13 [BESTIARY] 
01:25:13 [BESTIARY]   §r§f                         §6§lBESTIARY MILESTONE
01:25:13 [BESTIARY]   §r§f                                   §8VII➡§eVIII
01:25:13 [BESTIARY] 
01:25:13 [BESTIARY] §3§l▬▬▬▬▬▬▬▬▬▬▬▬▬▬▬▬▬▬▬▬▬▬▬▬▬▬▬▬▬▬▬▬▬▬▬▬▬▬▬▬▬▬▬▬▬▬▬▬▬▬▬▬▬▬▬▬▬▬▬▬▬▬▬▬
01:25:13 [COMPACT_BINGO_BORDER] §e§l▬▬▬▬▬▬▬▬▬▬▬▬▬▬▬▬▬▬▬▬▬▬▬▬▬▬▬▬▬▬▬▬▬▬▬▬▬▬▬▬▬▬▬▬▬▬▬▬▬▬▬▬▬▬▬▬▬▬▬▬▬▬▬▬
01:25:13 [COMPACT_COLLECTION_LEVEL_UP] 
01:25:13 [COMPACT_COLLECTION_LEVEL_UP]   §r§a§lREWARDS
01:25:13 [COMPACT_COLLECTION_LEVEL_UP]     §r§7§8+§b4 SkyBlock XP
01:25:13 [COMPACT_BINGO_BORDER] §e§l▬▬▬▬▬▬▬▬▬▬▬▬▬▬▬▬▬▬▬▬▬▬▬▬▬▬▬▬▬▬▬▬▬▬▬▬▬▬▬▬▬▬▬▬▬▬▬▬▬▬▬▬▬▬▬▬▬▬▬▬▬▬▬▬
01:25:33 [GUILD_EXP] §aYou earned §r§288 GEXP §r§afrom playing SkyBlock!
01:25:48 [WARPING] §7Sending to server mini15AG...
01:25:48 [EMPTY] §8 §r§8 §r§1 §r§3 §r§3 §r§7 §r§8 
01:25:49 [EMPTY]  
01:25:49 [EMPTY]   
01:25:51 [PROFILE_JOIN] §aYou are playing on profile: §eStrawberry
01:25:51 [PROFILE_JOIN] §8Profile ID: 9c7a677f-93d6-4850-9874-f9768774af89
01:25:54 [COMPACT_BINGO_BORDER] §3§l▬▬▬▬▬▬▬▬▬▬▬▬▬▬▬▬▬▬▬▬▬▬▬▬▬▬▬▬▬▬▬▬▬▬▬▬▬▬▬▬▬▬▬▬▬▬▬▬▬▬▬▬▬▬▬▬▬▬▬▬▬▬▬▬
01:25:54 [EMPTY]  
01:25:54 [EMPTY]  
01:25:54 [EMPTY]  
01:25:54 [COMPACT_BINGO_BORDER] §3§l▬▬▬▬▬▬▬▬▬▬▬▬▬▬▬▬▬▬▬▬▬▬▬▬▬▬▬▬▬▬▬▬▬▬▬▬▬▬▬▬▬▬▬▬▬▬▬▬▬▬▬▬▬▬▬▬▬▬▬▬▬▬▬▬
01:25:55 [WARPING] §7Sending to server mini70N...
01:25:56 [EMPTY] §8 §r§8 §r§1 §r§3 §r§3 §r§7 §r§8 
01:25:59 [PROFILE_JOIN] §aYou are playing on profile: §eStrawberry
01:25:59 [PROFILE_JOIN] §8Profile ID: 9c7a677f-93d6-4850-9874-f9768774af89
01:28:16 [COMPACT_BINGO_BORDER] §e§l▬▬▬▬▬▬▬▬▬▬▬▬▬▬▬▬▬▬▬▬▬▬▬▬▬▬▬▬▬▬▬▬▬▬▬▬▬▬▬▬▬▬▬▬▬▬▬▬▬▬▬▬▬▬▬▬▬▬▬▬▬▬▬▬
01:28:16 [COMPACT_COLLECTION_LEVEL_UP] 
01:28:16 [COMPACT_COLLECTION_LEVEL_UP]   §r§a§lREWARDS
01:28:16 [COMPACT_COLLECTION_LEVEL_UP]     §r§7§8+§b4 SkyBlock XP
01:28:16 [COMPACT_BINGO_BORDER] §e§l▬▬▬▬▬▬▬▬▬▬▬▬▬▬▬▬▬▬▬▬▬▬▬▬▬▬▬▬▬▬▬▬▬▬▬▬▬▬▬▬▬▬▬▬▬▬▬▬▬▬▬▬▬▬▬▬▬▬▬▬▬▬▬▬
01:28:18 [EMPTY]  
01:28:18 [EMPTY]  
01:28:18 [EMPTY]  
01:28:23 [COMPACT_BINGO_BORDER] §3§l▬▬▬▬▬▬▬▬▬▬▬▬▬▬▬▬▬▬▬▬▬▬▬▬▬▬▬▬▬▬▬▬▬▬▬▬▬▬▬▬▬▬▬▬▬▬▬▬▬▬▬▬▬▬▬▬▬▬▬▬▬▬▬▬
01:28:23 [COMPACT_SKILL_LEVEL_UP] 
01:28:23 [COMPACT_SKILL_LEVEL_UP]   §r§a§lREWARDS
01:28:23 [COMPACT_SKILL_LEVEL_UP]    §r§7§aSea Witch§3 Sea Creature
01:28:23 [COMPACT_SKILL_LEVEL_UP]    §r§eTreasure Hunter VII
01:28:23 [COMPACT_SKILL_LEVEL_UP]    §r  §7§fIncreases the chance to find treasure when fishing by
01:28:23 [COMPACT_SKILL_LEVEL_UP]    §r  §f§81.2➜§a1.4%§f.
01:28:23 [COMPACT_SKILL_LEVEL_UP]    §r§7§8+§a2 §c❤ Health
01:28:23 [COMPACT_SKILL_LEVEL_UP]    §r§7§8+§63,000 §7Coins
01:28:23 [COMPACT_SKILL_LEVEL_UP]    §r§7§8+§b5 SkyBlock XP
01:28:23 [COMPACT_BINGO_BORDER] §3§l▬▬▬▬▬▬▬▬▬▬▬▬▬▬▬▬▬▬▬▬▬▬▬▬▬▬▬▬▬▬▬▬▬▬▬▬▬▬▬▬▬▬▬▬▬▬▬▬▬▬▬▬▬▬▬▬▬▬▬▬▬▬▬▬
01:28:26 [EMPTY] 
01:28:26 [EMPTY] 
01:29:14 [GUILD_EXP] §aYou earned §r§273 GEXP §r§afrom playing SkyBlock!
01:32:12 [WARPING] §7Sending to server mini31DU...
01:32:12 [EMPTY] §8 §r§8 §r§1 §r§3 §r§3 §r§7 §r§8 
01:32:15 [PROFILE_JOIN] §aYou are playing on profile: §eStrawberry
01:32:15 [PROFILE_JOIN] §8Profile ID: 9c7a677f-93d6-4850-9874-f9768774af89
01:32:41 [WARPING] §7Sending to server mini39A...
01:32:42 [EMPTY] §8 §r§8 §r§1 §r§3 §r§3 §r§7 §r§8 
01:32:45 [PROFILE_JOIN] §aYou are playing on profile: §eStrawberry
01:32:45 [PROFILE_JOIN] §8Profile ID: 9c7a677f-93d6-4850-9874-f9768774af89
01:33:34 [WARPING] §7Warping...
01:33:35 [WARPING] §7Sending to server mini16CM...
01:33:35 [EMPTY] §8 §r§8 §r§1 §r§3 §r§3 §r§7 §r§8 
01:33:38 [PROFILE_JOIN] §aYou are playing on profile: §eStrawberry
01:33:38 [PROFILE_JOIN] §8Profile ID: 9c7a677f-93d6-4850-9874-f9768774af89
01:34:41 [COMPACT_BINGO_BORDER] §e§l▬▬▬▬▬▬▬▬▬▬▬▬▬▬▬▬▬▬▬▬▬▬▬▬▬▬▬▬▬▬▬▬▬▬▬▬▬▬▬▬▬▬▬▬▬▬▬▬▬▬▬▬▬▬▬▬▬▬▬▬▬▬▬▬
01:34:41 [COMPACT_COLLECTION_LEVEL_UP] 
01:34:41 [COMPACT_COLLECTION_LEVEL_UP]   §r§a§lREWARDS
01:34:41 [COMPACT_COLLECTION_LEVEL_UP]     §r§7§8+§b4 SkyBlock XP
01:34:41 [COMPACT_BINGO_BORDER] §e§l▬▬▬▬▬▬▬▬▬▬▬▬▬▬▬▬▬▬▬▬▬▬▬▬▬▬▬▬▬▬▬▬▬▬▬▬▬▬▬▬▬▬▬▬▬▬▬▬▬▬▬▬▬▬▬▬▬▬▬▬▬▬▬▬
01:37:12 [GUILD_EXP] §aYou earned §r§2320 GEXP §r§afrom playing SkyBlock!
01:39:10 [COMPACT_BINGO_BORDER] §e§l▬▬▬▬▬▬▬▬▬▬▬▬▬▬▬▬▬▬▬▬▬▬▬▬▬▬▬▬▬▬▬▬▬▬▬▬▬▬▬▬▬▬▬▬▬▬▬▬▬▬▬▬▬▬▬▬▬▬▬▬▬▬▬▬
01:39:10 [COMPACT_COLLECTION_LEVEL_UP] 
01:39:10 [COMPACT_COLLECTION_LEVEL_UP]   §r§a§lREWARDS
01:39:10 [COMPACT_COLLECTION_LEVEL_UP]     §r§7§8+§b4 SkyBlock XP
01:39:10 [COMPACT_BINGO_BORDER] §e§l▬▬▬▬▬▬▬▬▬▬▬▬▬▬▬▬▬▬▬▬▬▬▬▬▬▬▬▬▬▬▬▬▬▬▬▬▬▬▬▬▬▬▬▬▬▬▬▬▬▬▬▬▬▬▬▬▬▬▬▬▬▬▬▬
01:42:06 [WARPING] §7Sending to server mini62DC...
01:42:07 [EMPTY] §8 §r§8 §r§1 §r§3 §r§3 §r§7 §r§8 
01:42:10 [PROFILE_JOIN] §aYou are playing on profile: §eStrawberry
01:42:10 [PROFILE_JOIN] §8Profile ID: 9c7a677f-93d6-4850-9874-f9768774af89
01:43:53 [GUILD_EXP] §aYou earned §r§2105 GEXP §r§afrom playing SkyBlock!
01:44:42 [COMPACT_BINGO_BORDER] §3§l▬▬▬▬▬▬▬▬▬▬▬▬▬▬▬▬▬▬▬▬▬▬▬▬▬▬▬▬▬▬▬▬▬▬▬▬▬▬▬▬▬▬▬▬▬▬▬▬▬▬▬▬▬▬▬▬▬▬▬▬▬▬▬▬
01:44:42 [EMPTY]  
01:44:42 [BESTIARY] §f                                  §6§lBESTIARY
01:44:42 [BESTIARY] §f                        §b§lRedstone Pigman §7§8I §8➡§b §bII
01:44:42 [BESTIARY] 
01:44:42 [BESTIARY] §f                                  §r§6§lREWARDS
01:44:42 [BESTIARY] §f                    §r§8+§r§a2 Redstone Pigman §r§b✯ Magic Find
01:44:42 [BESTIARY] §f                    §r§8+§r§a2 Redstone Pigman §r§c❁ Strength
01:44:42 [BESTIARY] §f                        §r§8+§r§62% §r§aRedstone Pigman §r§7coins
01:44:42 [BESTIARY] §f                    §r§8+§r§a50% §r§7chance for extra XP orbs
01:44:42 [BESTIARY] §f                               §r§8+§r§b1 SkyBlock XP
01:44:42 [BESTIARY] 
01:44:42 [BESTIARY] §3§l▬▬▬▬▬▬▬▬▬▬▬▬▬▬▬▬▬▬▬▬▬▬▬▬▬▬▬▬▬▬▬▬▬▬▬▬▬▬▬▬▬▬▬▬▬▬▬▬▬▬▬▬▬▬▬▬▬▬▬▬▬▬▬▬
01:44:51 [WARPING] §7Warping you to your SkyBlock island...
01:44:51 [WARPING] §7Sending to server mini35BN...
01:44:52 [EMPTY] §8 §r§8 §r§1 §r§3 §r§3 §r§7 §r§8 
