23:55:15 §e[SkyHanni] §cLucky Looter V: §620.36% §b-> §c25.21%§r
23:55:15 §e[SkyHanni] §cPet  V: §618.85% §b-> §622.30%§r
23:55:15 §e[SkyHanni] §cSkilled III: §617.88% §b-> §621.79%§r
23:55:15 §e[SkyHanni] §cRevenant Horror V: §c55.86% §b-> §c62.03%§r
23:55:15 §e[SkyHanni] §cCave Commodity V: §c58.08% §b-> §c62.76%§r
00:01:15 §6§lBESTIARY §r§b§lWatcher §7§8V §8➡§b §bVI§r
00:01:37 §6§lBESTIARY §r§b§lZealot §7§bI§r
00:01:46 §6§lBESTIARY §r§b§lZealot §7§8I §8➡§b §bII§r
00:02:08 §6§lBESTIARY §r§b§lZealot §7§8II §8➡§b §bIII§r
00:25:42 §6§lBESTIARY §r§b§lGlacite Walker §7§8IX §8➡§b §bX§r
00:34:39 §6§lBESTIARY §r§b§lMinos Hunter §7§8III §8➡§b §bIV§r
00:43:58 §6§lBESTIARY §r§b§lMiner Skeleton §7§8I §8➡§b §bII§r
00:46:27 §6§lBESTIARY §r§b§lMiner Skeleton §7§8II §8➡§b §bIII§r
00:46:29 §e[SkyHanni] §b+6 SkyBlock XP §7(Collections§7)§b (96/100)§r
00:47:04 §6§lBESTIARY §r§b§lMiner Zombie §7§8III §8➡§b §bIV§r
00:48:28 §e[SkyHanni] §b+5 SkyBlock XP §7(Collections§7)§b (1/100)§r
00:51:59 §6§lBESTIARY §r§b§lMiner Skeleton §7§8III §8➡§b §bIV§r
00:52:18 §6§lBESTIARY §r§b§lMiner Zombie §7§8IV §8➡§b §bV§r
00:53:39 §e[SkyHanni] §aLucky Looter V: §c25.21% §b-> §621.07%§r
00:53:39 §e[SkyHanni] §aPet  V: §622.30% §b-> §620.34%§r
00:53:39 §e[SkyHanni] §cSkilled III: §621.79% §b-> §622.31%§r
00:53:39 §e[SkyHanni] §cRevenant Horror V: §c62.03% §b-> §c62.45%§r
00:53:39 §e[SkyHanni] §cCave Commodity V: §c62.76% §b-> §c63.48%§r
00:57:22 §e[SkyHanni] §b+6 SkyBlock XP §7(Collections§7)§b (7/100)§r
01:09:28 §e[SkyHanni] §aLucky Looter V: §621.07% §b-> §620.43%§r
01:09:28 §e[SkyHanni] §aPet  V: §620.34% §b-> §620.32%§r
01:09:28 §e[SkyHanni] §aSkilled III: §622.31% §b-> §621.34%§r
01:09:28 §e[SkyHanni] §aRevenant Horror V: §c62.45% §b-> §c62.40%§r
01:09:28 §e[SkyHanni] §cCave Commodity V: §c63.48% §b-> §c63.55%§r
01:22:25 §e[SkyHanni] §b+4 SkyBlock XP §7(Collections§7)§b (88/100)§r
01:25:12 §6§lBESTIARY §r§b§lNight Squid §7§bI§r
01:25:13 §6§lBESTIARY §r§b§lSquid §7§bI§r
01:25:13 §e[SkyHanni] §b+6 SkyBlock XP §7(Collections§7)§b (99/100)§r
01:28:16 §e[SkyHanni] §b+4 SkyBlock XP §7(Collections§7)§b (3/100)§r
01:36:18 §e[SkyHanni] §b+3 SkyBlock XP §7(Pet Score§7)§b (35/100)§r
01:38:56 §e[SkyHanni] §lCLICK HERE§r§e to grab §ax1 §9§aEnchanted Cobblestone§e from sacks!§r
01:38:56 §e[SkyHanni] §lCLICK HERE§r§e to grab §ax1 §9§aEnchanted Cobblestone§e from sacks!§r
01:38:56 §e[SkyHanni] §lCLICK HERE§r§e to grab §ax1 §9§aEnchanted Cobblestone§e from sacks!§r
01:38:56 §e[SkyHanni] §lCLICK HERE§r§e to grab §ax1 §9§aEnchanted Cobblestone§e from sacks!§r
01:38:57 §e[SkyHanni] §lCLICK HERE§r§e to grab §ax1 §9§aEnchanted Cobblestone§e from sacks!§r
01:38:57 §e[SkyHanni] §lCLICK HERE§r§e to grab §ax1 §9§aEnchanted Cobblestone§e from sacks!§r
01:38:57 §e[SkyHanni] §lCLICK HERE§r§e to grab §ax1 §9§aEnchanted Cobblestone§e from sacks!§r
01:38:57 §e[SkyHanni] §lCLICK HERE§r§e to grab §ax1 §9§aEnchanted Cobblestone§e from sacks!§r
01:38:57 §e[SkyHanni] §lCLICK HERE§r§e to grab §ax1 §9§aEnchanted Cobblestone§e from sacks!§r
01:38:58 §e[SkyHanni] §lCLICK HERE§r§e to grab §ax1 §9§aEnchanted Cobblestone§e from sacks!§r
01:38:58 §e[SkyHanni] §lCLICK HERE§r§e to grab §ax1 §9§aEnchanted Cobblestone§e from sacks!§r
01:41:44 §e[SkyHanni] §lCLICK HERE§r§e to grab §ax1 §9§aEnchanted Cobblestone§e from sacks!§r
01:41:44 §e[SkyHanni] §lCLICK HERE§r§e to grab §ax1 §9§aEnchanted Cobblestone§e from sacks!§r
01:41:44 §e[SkyHanni] §lCLICK HERE§r§e to grab §ax1 §9§aEnchanted Cobblestone§e from sacks!§r
01:41:44 §e[SkyHanni] §lCLICK HERE§r§e to grab §ax1 §9§aEnchanted Cobblestone§e from sacks!§r
01:41:45 §e[SkyHanni] §lCLICK HERE§r§e to grab §ax1 §9§aEnchanted Cobblestone§e from sacks!§r
01:41:45 §e[SkyHanni] §lCLICK HERE§r§e to grab §ax1 §9§aEnchanted Cobblestone§e from sacks!§r
01:41:45 §e[SkyHanni] §lCLICK HERE§r§e to grab §ax1 §9§aEnchanted Cobblestone§e from sacks!§r
01:41:45 §e[SkyHanni] §lCLICK HERE§r§e to grab §ax1 §9§aEnchanted Cobblestone§e from sacks!§r
01:41:45 §e[SkyHanni] §lCLICK HERE§r§e to grab §ax1 §9§aEnchanted Cobblestone§e from sacks!§r
01:41:45 §e[SkyHanni] §lCLICK HERE§r§e to grab §ax1 §9§aEnchanted Cobblestone§e from sacks!§r
01:44:42 §6§lBESTIARY §r§b§lRedstone Pigman §7§8I §8➡§b §bII§r
