15:35:20 Trying to load config from config\skyhanni\config.json
15:35:20 load-config-now
15:35:21 Loaded config from file
15:35:21 Trying to load sacks from config\skyhanni\sacks.json
15:35:21 load-sacks-now
15:35:21 Loaded sacks from file
15:35:21 Trying to load friends from config\skyhanni\friends.json
15:35:21 load-friends-now
15:35:21 Loaded friends from file
15:35:21 Trying to load known_features from config\skyhanni\known_features.json
15:35:21 load-known_features-now
15:35:21 Loaded known_features from file
15:35:21 Trying to load jacob_contests from config\skyhanni\jacob_contests.json
15:35:21 load-jacob_contests-now
15:35:21 Loaded jacob_contests from file
15:35:21 Trying to load visual_words from config\skyhanni\visual_words.json
15:35:21 Setting visual_words to be blank as it did not exist. It will be saved once something is written to it
15:36:21 saveConfig: auto-save-60s
15:36:21 Saving config file
15:36:32 saveConfig: Updated known feature flags
15:36:32 Saving known_features file
15:37:21 saveConfig: auto-save-60s
15:37:21 Saving config file
15:38:21 saveConfig: auto-save-60s
15:38:21 Saving config file
15:39:21 saveConfig: auto-save-60s
15:39:21 Saving config file
15:40:21 saveConfig: auto-save-60s
15:40:21 Saving config file
15:41:21 saveConfig: auto-save-60s
15:41:21 Saving config file
15:42:21 saveConfig: auto-save-60s
15:42:21 Saving config file
15:43:21 saveConfig: auto-save-60s
15:43:21 Saving config file
15:44:21 saveConfig: auto-save-60s
15:44:21 Saving config file
15:45:21 saveConfig: auto-save-60s
15:45:21 Saving config file
15:46:21 saveConfig: auto-save-60s
15:46:21 Saving config file
15:47:21 saveConfig: auto-save-60s
15:47:21 Saving config file
15:48:21 saveConfig: auto-save-60s
15:48:21 Saving config file
15:49:21 saveConfig: auto-save-60s
15:49:21 Saving config file
15:50:21 saveConfig: auto-save-60s
15:50:21 Saving config file
15:51:21 saveConfig: auto-save-60s
15:51:21 Saving config file
15:52:21 saveConfig: auto-save-60s
15:52:21 Saving config file
15:53:21 saveConfig: auto-save-60s
15:53:21 Saving config file
15:54:21 saveConfig: auto-save-60s
15:54:21 Saving config file
15:55:21 saveConfig: auto-save-60s
15:55:21 Saving config file
15:56:21 saveConfig: auto-save-60s
15:56:21 Saving config file
15:57:21 saveConfig: auto-save-60s
15:57:21 Saving config file
15:58:21 saveConfig: auto-save-60s
15:58:21 Saving config file
15:59:21 saveConfig: auto-save-60s
15:59:21 Saving config file
16:00:21 saveConfig: auto-save-60s
16:00:21 Saving config file
16:01:21 saveConfig: auto-save-60s
16:01:21 Saving config file
16:02:21 saveConfig: auto-save-60s
16:02:21 Saving config file
16:03:21 saveConfig: auto-save-60s
16:03:21 Saving config file
16:04:21 saveConfig: auto-save-60s
16:04:21 Saving config file
16:05:21 saveConfig: auto-save-60s
16:05:21 Saving config file
16:06:21 saveConfig: auto-save-60s
16:06:21 Saving config file
16:07:21 saveConfig: auto-save-60s
16:07:21 Saving config file
16:08:21 saveConfig: auto-save-60s
16:08:21 Saving config file
16:09:21 saveConfig: auto-save-60s
16:09:21 Saving config file
16:10:21 saveConfig: auto-save-60s
16:10:21 Saving config file
16:11:21 saveConfig: auto-save-60s
16:11:21 Saving config file
16:12:21 saveConfig: auto-save-60s
16:12:21 Saving config file
16:13:21 saveConfig: auto-save-60s
16:13:21 Saving config file
16:14:21 saveConfig: auto-save-60s
16:14:21 Saving config file
16:15:21 saveConfig: auto-save-60s
16:15:21 Saving config file
16:16:21 saveConfig: auto-save-60s
16:16:21 Saving config file
16:17:21 saveConfig: auto-save-60s
16:17:21 Saving config file
16:17:56 saveConfig: close-gui
16:17:56 Saving config file
16:18:21 saveConfig: auto-save-60s
16:18:21 Saving config file
16:19:16 saveConfig: shutdown-hook
16:19:16 Saving config file
