11:49:10 §e[SkyHanni] §cCan not read profile name from tab list! Open /widget and enable Profile Widget. This is needed for the mod to function! And therefore this warning cannot be disabled§r
11:50:06 §e[SkyHanni] Your GhostCounter config has been automatically adjusted.§r
11:53:29 §e[SkyHanni] §b+5 SkyBlock XP §7(Skill Level Up§7)§b (49/100)§r
11:53:55 §e[SkyHanni] §b+1 SkyBlock XP §7(Crafted Minion§7)§b (60/100)§r
11:53:56 §e[SkyHanni] §b+1 SkyBlock XP §7(Crafted Minion§7)§b (66/100)§r
11:54:23 §e[SkyHanni] §b+1 SkyBlock XP §7(Crafted Minion§7)§b (76/100)§r
11:56:36 §e[SkyHanni] Automatically enabling Deep Caverns Guide, helping you find the way to the bottom of the Deep Caverns and the path to Rhys.§r
12:00:31 §e[SkyHanni] §b+5 SkyBlock XP §7(Complete Objective§7)§b (47/100)§r
12:05:41 §e[SkyHanni] §cCan not read profile name from tab list! Open /widget and enable Profile Widget. This is needed for the mod to function! And therefore this warning cannot be disabled§r
12:38:38 §e[SkyHanni] §b+1 SkyBlock XP §7(Crafted Minion§7)§b (48/100)§r
12:38:39 §e[SkyHanni] §b+1 SkyBlock XP §7(Crafted Minion§7)§b (49/100)§r
12:38:54 §a§lPotion Effect! §r§4Regeneration VIII §aby §bBeaudeclan§r
12:38:54 §a§lPotion Effect! §r§fTrue Resistance IV §aby §bBeaudeclan§r
12:38:54 §a§lPotion Effect! §r§9Dodge IV §aby §bBeaudeclan§r
12:38:54 §a§lPotion Effect! §r§9Experience IV §aby §bBeaudeclan§r
12:38:55 §a§lPotion Effect! §r§8Stun IV §aby §bBeaudeclan§r
12:38:55 §a§lPotion Effect! §r§5Agility IV §aby §bBeaudeclan§r
12:38:55 §a§lPotion Effect! §r§9Mana VIII §aby §bBeaudeclan§r
12:38:57 §a§lPotion Effect! §r§5Night Vision I §aby §bBeaudeclan§r
12:38:59 §a§lPotion Effect! §r§8Invisibility I §aby §bBeaudeclan§r
12:38:59 §a§lPotion Effect! §r§cFire Resistance I §aby §bBeaudeclan§r
12:39:00 §a§lPotion Effect! §r§cAdrenaline VIII §aby §bBeaudeclan§r
12:39:00 §a§lPotion Effect! §r§eHaste IV §aby §bBeaudeclan§r
12:39:01 §a§lPotion Effect! §r§aResistance VIII §aby §bBeaudeclan§r
12:39:01 §a§lPotion Effect! §r§aMining XP Boost III §aby §bBeaudeclan§r
12:39:01 §a§lPotion Effect! §r§aRabbit VI §aby §bBeaudeclan§r
12:39:02 §a§lPotion Effect! §r§aAlchemy XP Boost III §aby §bBeaudeclan§r
12:39:04 §a§lPotion Effect! §r§aForaging XP Boost III §aby §bBeaudeclan§r
12:39:04 §a§lPotion Effect! §r§4Critical IV §aby §bBeaudeclan§r
12:39:04 §a§lPotion Effect! §r§bArchery IV §aby §bBeaudeclan§r
12:39:05 §a§lPotion Effect! §r§9Water Breathing VI §aby §bBeaudeclan§r
12:39:05 §a§lPotion Effect! §r§9Speed VIII §aby §bBeaudeclan§r
12:39:07 §a§lPotion Effect! §r§aFishing XP Boost III §aby §bBeaudeclan§r
12:39:07 §a§lPotion Effect! §r§aEnchanting XP Boost III §aby §bBeaudeclan§r
12:39:07 §a§lPotion Effect! §r§aFarming XP Boost III §aby §bBeaudeclan§r
12:39:07 §a§lPotion Effect! §r§aCombat XP Boost III §aby §bBeaudeclan§r
12:39:07 §a§lPotion Effect! §r§2Mushed Glowy Tonic I §aby §bBeaudeclan§r
12:39:09 §a§lPotion Effect! §r§bSpirit IV §aby §bBeaudeclan§r
12:39:09 §a§lPotion Effect! §r§bSpelunker IV §aby §bBeaudeclan§r
12:39:11 §a§lPotion Effect! §r§bWisp's Ice-Flavored Water I §aby §bBeaudeclan§r
12:39:11 §a§lPotion Effect! §r§4Strength VIII §aby §bBeaudeclan§r
12:39:11 §a§lPotion Effect! §r§6Absorption VIII §aby §bBeaudeclan§r
12:39:12 §a§lPotion Effect! §r§bJump Boost IV §aby §bBeaudeclan§r
12:39:12 §a§lPotion Effect! §r§bMagic Find IV §aby §bBeaudeclan§r
12:39:12 §a§lPotion Effect! §r§bPet Luck IV §aby §bBeaudeclan§r
12:39:13 §a§lPotion Effect! §r§6Burning IV §aby §bBeaudeclan§r
12:40:35 §e[SkyHanni] §cCan not read profile name from tab list! Open /widget and enable Profile Widget. This is needed for the mod to function! And therefore this warning cannot be disabled§r
12:48:35 §e[SkyHanni] §b+1 SkyBlock XP §7(Crafted Minion§7)§b (19/100)§r
12:48:36 §e[SkyHanni] §b+1 SkyBlock XP §7(Crafted Minion§7)§b (20/100)§r
12:48:39 §e[SkyHanni] §b+1 SkyBlock XP §7(Crafted Minion§7)§b (21/100)§r
12:49:58 §e[SkyHanni] §aAgricultural Revolution: §c100.00% §b-> §c65.31%§r
12:49:58 §e[SkyHanni] §aOperation: Ore II: §c100.00% §b-> §611.88%§r
12:50:14 §e[SkyHanni] Click here to warp to Dwarven Mines!§r
12:50:17 §e[SkyHanni] Buy a §2Crystal Hollows Pass §efrom §5Gwendolyn§e!§r
13:14:25 §e[SkyHanni] §aLucky Looter I: §c100.00% §b-> §c36.60%§r
13:14:25 §e[SkyHanni] §cAgricultural Revolution: §c65.31% §b-> §c65.45%§r
13:14:25 §e[SkyHanni] §aOperation: Ore II: §611.88% §b-> §611.75%§r
13:18:07 §e[SkyHanni] §b+4 SkyBlock XP §7(Collections§7)§b (92/100)§r
13:42:29 §e[SkyHanni] §b+5 SkyBlock XP §7(Accessory Bag§7)§b (0/100)§r
13:42:45 §e[SkyHanni] §b+5 SkyBlock XP §7(Complete Objective§7)§b (5/100)§r
13:43:33 §e[SkyHanni] §b+3 SkyBlock XP §7(Accessory Bag§7)§b (8/100)§r
13:43:33 §e[SkyHanni] §b+3 SkyBlock XP §7(Accessory Bag§7)§b (11/100)§r
13:43:35 §e[SkyHanni] §b+3 SkyBlock XP §7(Accessory Bag§7)§b (17/100)§r
13:43:35 §e[SkyHanni] §b+3 SkyBlock XP §7(Accessory Bag§7)§b (20/100)§r
13:45:20 §e[SkyHanni] §b+3 SkyBlock XP §7(Accessory Bag§7)§b (23/100)§r
13:46:43 §e[SkyHanni] §b+3 SkyBlock XP §7(Accessory Bag§7)§b (30/100)§r
13:47:01 §e[SkyHanni] §b+1 SkyBlock XP §7(Crafted Minion§7)§b (36/100)§r
13:47:54 §e[SkyHanni] §b+1 SkyBlock XP §7(Crafted Minion§7)§b (54/100)§r
13:47:55 §e[SkyHanni] §b+1 SkyBlock XP §7(Crafted Minion§7)§b (55/100)§r
13:47:59 §e[SkyHanni] §b+1 SkyBlock XP §7(Crafted Minion§7)§b (56/100)§r
13:50:49 §e[SkyHanni] §b+1 SkyBlock XP §7(Crafted Minion§7)§b (79/100)§r
13:51:18 §e[SkyHanni] §b+1 SkyBlock XP §7(Crafted Minion§7)§b (80/100)§r
13:52:35 §e[SkyHanni] §b+1 SkyBlock XP §7(Crafted Minion§7)§b (89/100)§r
13:52:37 §e[SkyHanni] §b+1 SkyBlock XP §7(Crafted Minion§7)§b (90/100)§r
13:52:40 §e[SkyHanni] §b+1 SkyBlock XP §7(Crafted Minion§7)§b (91/100)§r
13:54:51 §e[SkyHanni] §b+1 SkyBlock XP §7(Crafted Minion§7)§b (2/100)§r
13:56:00 §e[SkyHanni] §b+1 SkyBlock XP §7(Crafted Minion§7)§b (12/100)§r
13:59:10 §e[SkyHanni] §b+3 SkyBlock XP §7(Pet Score§7)§b (15/100)§r
14:00:13 §e[SkyHanni] §b+5 SkyBlock XP §7(Complete Objective§7)§b (20/100)§r
14:02:38 §e[SkyHanni] §cCan not read profile name from tab list! Open /widget and enable Profile Widget. This is needed for the mod to function! And therefore this warning cannot be disabled§r
14:06:48 §e[SkyHanni] §cExtra Information from Tab list not found! Enable it: SkyBlock Menu ➜ Settings ➜ Personal ➜ User Interface ➜ Player List Info§r
14:11:02 §e[SkyHanni] §aPoseidon: §c100.00% §b-> §c30.11%§r
14:11:02 §e[SkyHanni] §aLucky Looter I: §c36.60% §b-> §c36.44%§r
14:11:02 §e[SkyHanni] §aAgricultural Revolution: §c65.45% §b-> §624.70%§r
14:11:02 §e[SkyHanni] §cOperation: Ore II: §611.75% §b-> §612.29%§r
14:19:44 §6§lBESTIARY §r§b§lZombie Villager §7§bI§r
14:19:49 §e[SkyHanni] §b+5 SkyBlock XP §7(Collections§7)§b (47/100)§r
14:20:44 §e[SkyHanni] Start a new slayer quest! You have no Auto-Slayer active!§r
14:23:57 §6§lBESTIARY §r§b§lGraveyard Zombie §7§bI§r
14:24:50 §e[SkyHanni] §b+26 SkyBlock XP §7(Slayer Level Up§7)§b (98/100)§r
14:25:00 §e[SkyHanni] §b+15 SkyBlock XP §7(Slayer Level Up§7)§b (13/100)§r
14:25:59 §6§lBESTIARY §r§b§lCrypt Ghoul §7§bI§r
14:32:40 §6§lBESTIARY §r§b§lEnderman §7§bI§r
14:33:39 §6§lBESTIARY §r§b§lEnderman §7§8I §8➡§b §bII§r
14:34:48 §6§lBESTIARY §r§b§lEnderman §7§8II §8➡§b §bIII§r
14:43:30 §6§lBESTIARY §r§b§lEnderman §7§8III §8➡§b §bIV§r
14:45:53 §e[SkyHanni] §cPoseidon: §c30.11% §b-> §c31.13%§r
14:45:53 §e[SkyHanni] §cLucky Looter I: §c36.44% §b-> §c37.01%§r
14:45:53 §e[SkyHanni] §cAgricultural Revolution: §624.70% §b-> §c25.21%§r
14:45:53 §e[SkyHanni] §cOperation: Ore II: §612.29% §b-> §612.50%§r
14:55:42 §e[SkyHanni] §aPoseidon: §c31.13% §b-> §c31.03%§r
14:55:42 §e[SkyHanni] §cLucky Looter I: §c37.01% §b-> §c37.36%§r
14:55:42 §e[SkyHanni] §aAgricultural Revolution: §c25.21% §b-> §c25.19%§r
14:55:42 §e[SkyHanni] §cOperation: Ore III: §612.50% §b-> §612.67%§r
