18:50:36 §f                                  §6§lBESTIARY
18:50:36 §f                                 §b§lBal §7§8X §8➡§b §bXI
18:50:36 
18:50:36 §f                                  §r§6§lREWARDS
18:50:36 §f                            §r§8+§r§a4 §r§c§lBal §r§b✯ Magic Find
18:50:36 §f                            §r§8+§r§a4 §r§c§lBal §r§c❁ Strength
18:50:36 §f                                §r§8+§r§62% §r§a§r§c§lBal §r§7coins
18:50:36 §f                    §r§8+§r§a50% §r§7chance for extra XP orbs
18:50:36 §f                               §r§8+§r§b1 SkyBlock XP
18:50:36 
18:50:36 §3§l▬▬▬▬▬▬▬▬▬▬▬▬▬▬▬▬▬▬▬▬▬▬▬▬▬▬▬▬▬▬▬▬▬▬▬▬▬▬▬▬▬▬▬▬▬▬▬▬▬▬▬▬▬▬▬▬▬▬▬▬▬▬▬▬
18:53:49 §f                                  §6§lBESTIARY
18:53:49 §f                                 §b§lYog §7§8X §8➡§b §bXI
18:53:49 
18:53:49 §f                                  §r§6§lREWARDS
18:53:49 §f                            §r§8+§r§a4 Yog §r§b✯ Magic Find
18:53:49 §f                            §r§8+§r§a4 Yog §r§c❁ Strength
18:53:49 §f                                §r§8+§r§62% §r§aYog §r§7coins
18:53:49 §f                    §r§8+§r§a50% §r§7chance for extra XP orbs
18:53:49 §f                               §r§8+§r§b1 SkyBlock XP
18:53:49 
18:53:49   §r§f                         §6§lBESTIARY MILESTONE
18:53:49   §r§f                               §8CXCVIII➡§eCXCIX
18:53:49 
18:53:49 §3§l▬▬▬▬▬▬▬▬▬▬▬▬▬▬▬▬▬▬▬▬▬▬▬▬▬▬▬▬▬▬▬▬▬▬▬▬▬▬▬▬▬▬▬▬▬▬▬▬▬▬▬▬▬▬▬▬▬▬▬▬▬▬▬▬
