14:13:55 PRIVATE_ISLAND
14:14:05 NONE
14:14:05 HUB
14:14:40 NONE
14:14:41 DUNGEON_HUB
14:15:41 NONE
14:15:41 CATACOMBS
14:17:46 NONE
14:17:47 DUNGEON_HUB
14:18:44 NONE
14:18:44 CATACOMBS
14:20:01 NONE
14:20:01 DUNGEON_HUB
14:20:11 NONE
14:20:13 CATACOMBS
14:21:37 NONE
14:21:37 DUNGEON_HUB
14:21:49 NONE
14:21:49 CATACOMBS
14:23:11 NONE
14:23:12 DUNGEON_HUB
14:23:26 NONE
14:23:26 CATACOMBS
14:24:55 NONE
14:24:55 DUNGEON_HUB
14:25:03 NONE
14:25:04 CATACOMBS
14:26:25 NONE
14:26:26 DUNGEON_HUB
14:26:51 NONE
14:26:51 CATACOMBS
14:28:29 NONE
14:28:30 DUNGEON_HUB
14:28:40 NONE
14:28:40 CATACOMBS
14:30:15 NONE
14:30:15 DUNGEON_HUB
14:30:24 NONE
14:30:24 CATACOMBS
14:31:56 NONE
14:31:56 DUNGEON_HUB
14:32:06 NONE
14:32:07 CATACOMBS
14:33:29 NONE
14:33:29 DUNGEON_HUB
14:33:41 NONE
14:33:41 CATACOMBS
14:35:36 NONE
14:35:36 DUNGEON_HUB
14:37:02 NONE
14:37:02 CATACOMBS
14:38:12 NONE
14:38:12 DUNGEON_HUB
14:39:09 NONE
14:39:10 HUB
14:41:17 NONE
14:41:22 HUB
14:41:51 NONE
14:41:58 HUB
14:42:14 NONE
14:42:14 DUNGEON_HUB
14:46:18 NONE
14:46:18 HUB
14:47:34 NONE
14:47:35 DUNGEON_HUB
14:48:50 NONE
14:48:51 CATACOMBS
14:49:20 NONE
14:49:20 DUNGEON_HUB
14:50:09 NONE
14:50:10 CATACOMBS
15:03:29 NONE
15:03:29 DUNGEON_HUB
15:04:21 NONE
15:04:22 CATACOMBS
15:16:13 NONE
15:16:14 DUNGEON_HUB
16:13:01 NONE
16:13:16 DUNGEON_HUB
16:16:38 NONE
16:16:39 CATACOMBS
16:19:29 NONE
16:19:29 DUNGEON_HUB
16:25:43 NONE
16:25:45 CATACOMBS
16:33:42 NONE
16:33:43 DUNGEON_HUB
16:34:18 NONE
16:34:19 CATACOMBS
16:42:37 NONE
16:42:40 DUNGEON_HUB
16:42:56 NONE
16:42:57 CATACOMBS
