18:46:31 [EMPTY] §f §r§r§r§f §r§r§r§1 §r§r§r§0 §r§r§r§2 §r§r§r§f §r§r§r§f §r§r§r§2 §r§r§r§0 §r§r§r§4 §r§r§r§3 §r§r§r§9 §r§r§r§2 §r§r§r§0 §r§r§r§0 §r§r§r§3 §r§r§r§9 §r§r§r§2 §r§r§r§0 §r§r§r§0 §r§r§r§3 §r§r§r§9 §r§r§r§2 §r§r§r§0 §r§r§r§0 
18:46:31 [LOBBY] §b[MVP§f+§b] Sebbebas§f §6joined the lobby!
18:46:35 [WARPING] §7Sending to server mini23W...
18:46:35 [EMPTY] §8 §r§8 §r§1 §r§3 §r§3 §r§7 §r§8 
18:46:37 [EMPTY] 
18:46:37 [WELCOME] §eWelcome to §r§aHypixel SkyBlock§r§e!
18:46:37 [EMPTY] 
18:46:38 [PROFILE_JOIN] §aYou are playing on profile: §eBanana§b (Co-op)
18:46:38 [PROFILE_JOIN] §8Profile ID: b1a71305-1956-42bf-90e4-bce6f7285754
18:46:40 [SKYMALL] §bNew day! §r§eYour §r§2Sky Mall §r§ebuff changed!
18:46:40 [SKYMALL] §eNew buff§r§r§r: §r§fGain §r§a+50 §r§6☘ Mining Fortune§r§f.
18:46:40 [SKYMALL] §8§oYou can disable this messaging by toggling Sky Mall in your /hotm!
18:47:05 [EMPTY] §f §r§r§r§f §r§r§r§1 §r§r§r§0 §r§r§r§2 §r§r§r§f §r§r§r§f §r§r§r§2 §r§r§r§0 §r§r§r§4 §r§r§r§3 §r§r§r§9 §r§r§r§2 §r§r§r§0 §r§r§r§0 §r§r§r§3 §r§r§r§9 §r§r§r§2 §r§r§r§0 §r§r§r§0 §r§r§r§3 §r§r§r§9 §r§r§r§2 §r§r§r§0 §r§r§r§0 
18:47:05 [LOBBY] §b[MVP§f+§b] Sebbebas§f §6joined the lobby!
18:47:09 [LOBBY] §b[MVP§e+§b] l3ggend_2317§f §6joined the lobby!
18:47:24 [LOBBY] §b[MVP§a+§b] Relyt01§f §6joined the lobby!
18:47:29 [LOBBY] §b[MVP§c+§b] LittleFrenchie14§f §6joined the lobby!
18:47:43 [LOBBY] §b[MVP§c+§b] Minishrubsplayz§f §6joined the lobby!
18:47:56 [LOBBY] §b[MVP§d+§b] Christiical§f §6joined the lobby!
18:48:14 [LOBBY] §b[MVP§2+§b] hongoGucci§f §6joined the lobby!
18:48:19 [LOBBY] §b[MVP§2+§b] 60fy§f §6joined the lobby!
18:48:25 [LOBBY] §b[MVP§f+§b] AR26710_§f §6joined the lobby!
18:48:36 [LOBBY] §b[MVP§2+§b] Monke78_§f §6joined the lobby!
18:48:47 [LOBBY] §b[MVP§3+§b] YoRaizu§f §6joined the lobby!
18:48:49 [LOBBY] §b[MVP§d+§b] Frut_§f §6joined the lobby!
18:48:51 [LOBBY]  §b>§c>§a>§r §r§6[MVP§4++§6] SakayanagiArisu§f §6joined the lobby!§r §a<§c<§b<
18:49:00 [LOBBY] §b[MVP§d+§b] Hattsvie§f §6joined the lobby!
18:49:10 [LOBBY] §b[MVP§d+§b] Christiical§f §6joined the lobby!
18:49:12 [LOBBY] §b[MVP§3+§b] W4dxz§f §6joined the lobby!
18:49:14 [LOBBY] §b[MVP§f+§b] IGotTools§f §6joined the lobby!
18:49:18 [WARPING] §7Sending to server mini230T...
18:49:19 [EMPTY] §8 §r§8 §r§1 §r§3 §r§3 §r§7 §r§8 
18:49:21 [EMPTY] 
18:49:21 [WELCOME] §eWelcome to §r§aHypixel SkyBlock§r§e!
18:49:21 [EMPTY] 
18:49:22 [PROFILE_JOIN] §aYou are playing on profile: §eBanana§b (Co-op)
18:49:22 [PROFILE_JOIN] §8Profile ID: b1a71305-1956-42bf-90e4-bce6f7285754
18:49:34 [WARPING] §7Warping...
18:49:34 [WARPING] §7Sending to server mini258R...
18:49:35 [EMPTY] §8 §r§8 §r§1 §r§3 §r§3 §r§7 §r§8 
18:49:38 [EMPTY] 
18:49:38 [PROFILE_JOIN] §aYou are playing on profile: §eBanana§b (Co-op)
18:49:38 [PROFILE_JOIN] §8Profile ID: b1a71305-1956-42bf-90e4-bce6f7285754
18:51:07 [EMPTY] §f                                        
18:51:07 [EMPTY] §f                                        
