10:33:25 `r0g766vgkj`1 missed {
 is already Found: false).
 Position: LorenzVec{x=-63.5, y=121.0, z=-6.5}
 DistanceC: 21.141722513385808
Relative Position: LorenzVec{x=-21.141722513385808, y=1.5, z=-15.634235945828953}
 }
10:38:49 `Slime`12709287 missed {
 is already Found: false).
 Position: LorenzVec{x=68.5, y=64.0, z=-0.21875}
 DistanceC: 18.7191318921421
Relative Position: LorenzVec{x=18.7191318921421, y=-5.843072539100518, z=4.455213725850143}
 }
10:38:49 `Slime`12709282 missed {
 is already Found: false).
 Position: LorenzVec{x=65.03125, y=64.0, z=-7.09375}
 DistanceC: 15.250381892142101
Relative Position: LorenzVec{x=15.250381892142101, y=-5.860505064820302, z=-2.419786274149857}
 }
10:38:49 `Slime`12698934 missed {
 is already Found: false).
 Position: LorenzVec{x=69.875, y=64.15625, z=-7.6875}
 DistanceC: 20.0941318921421
Relative Position: LorenzVec{x=20.0941318921421, y=-5.714714580252178, z=-3.013536274149857}
 }
10:38:49 `Slime`12698958 missed {
 is already Found: false).
 Position: LorenzVec{x=68.21875, y=64.27083333333334, z=-7.6875}
 DistanceC: 18.4378818921421
Relative Position: LorenzVec{x=18.4378818921421, y=-5.600131246918835, z=-3.013536274149857}
 }
10:38:49 `Slime`12768211 missed {
 is already Found: false).
 Position: LorenzVec{x=67.625, y=64.0, z=-2.3125}
 DistanceC: 17.8441318921421
Relative Position: LorenzVec{x=17.8441318921421, y=-5.870964580252178, z=2.361463725850143}
 }
10:38:49 `Slime`12698963 missed {
 is already Found: false).
 Position: LorenzVec{x=69.78125, y=64.09375, z=-0.21875}
 DistanceC: 20.0003818921421
Relative Position: LorenzVec{x=20.0003818921421, y=-5.783490289511306, z=4.455213725850143}
 }
10:38:49 `Slime`12698972 missed {
 is already Found: false).
 Position: LorenzVec{x=70.03125, y=64.09375, z=-6.9375}
 DistanceC: 20.2503818921421
Relative Position: LorenzVec{x=20.2503818921421, y=-5.783490289511306, z=-2.263536274149857}
 }
10:38:49 `Slime`12722262 missed {
 is already Found: false).
 Position: LorenzVec{x=69.60416666666666, y=64.03125, z=-6.458333333333334}
 DistanceC: 19.82329855880876
Relative Position: LorenzVec{x=19.82329855880876, y=-5.845990289511306, z=-1.7843696074831907}
 }
10:38:49 `Slime`12791047 missed {
 is already Found: false).
 Position: LorenzVec{x=67.78125, y=64.78125, z=0.09375}
 DistanceC: 18.0003818921421
Relative Position: LorenzVec{x=18.0003818921421, y=-5.095990289511306, z=4.767713725850143}
 }
10:38:49 `Slime`12698921 missed {
 is already Found: false).
 Position: LorenzVec{x=67.84375, y=64.09375, z=-7.375}
 DistanceC: 18.0628818921421
Relative Position: LorenzVec{x=18.0628818921421, y=-5.783490289511306, z=-2.701036274149857}
 }
10:38:49 `Slime`12698970 missed {
 is already Found: false).
 Position: LorenzVec{x=66.09375, y=64.0, z=-0.21875}
 DistanceC: 16.3128818921421
Relative Position: LorenzVec{x=16.3128818921421, y=-5.877240289511306, z=4.455213725850143}
 }
10:38:49 `Slime`12699017 missed {
 is already Found: false).
 Position: LorenzVec{x=65.61458333333333, y=65.14583333333333, z=-0.4479166666666667}
 DistanceC: 15.83371522547543
Relative Position: LorenzVec{x=15.83371522547543, y=-4.7314069561779775, z=4.226047059183476}
 }
10:38:49 `Slime`12735290 missed {
 is already Found: false).
 Position: LorenzVec{x=70.25, y=64.0, z=-7.6875}
 DistanceC: 20.4691318921421
Relative Position: LorenzVec{x=20.4691318921421, y=-5.877240289511306, z=-3.013536274149857}
 }
10:38:49 `Slime`12698962 missed {
 is already Found: false).
 Position: LorenzVec{x=65.375, y=64.0, z=-5.78125}
 DistanceC: 15.594131892142101
Relative Position: LorenzVec{x=15.594131892142101, y=-5.877240289511306, z=-1.1072862741498568}
 }
10:38:49 `Slime`12698896 missed {
 is already Found: false).
 Position: LorenzVec{x=66.3125, y=64.0, z=-1.59375}
 DistanceC: 16.5316318921421
Relative Position: LorenzVec{x=16.5316318921421, y=-5.877240289511306, z=3.080213725850143}
 }
10:38:49 `Slime`12698952 missed {
 is already Found: false).
 Position: LorenzVec{x=68.53125, y=64.0, z=-6.78125}
 DistanceC: 18.7503818921421
Relative Position: LorenzVec{x=18.7503818921421, y=-5.877240289511306, z=-2.107286274149857}
 }
10:38:49 `Slime`12715095 missed {
 is already Found: false).
 Position: LorenzVec{x=69.78125, y=64.26041666666666, z=-5.354166666666666}
 DistanceC: 20.0003818921421
Relative Position: LorenzVec{x=20.0003818921421, y=-5.616823622844649, z=-0.6802029408165229}
 }
10:38:49 `Slime`12698903 missed {
 is already Found: false).
 Position: LorenzVec{x=70.09375, y=64.0, z=0.09375}
 DistanceC: 20.3128818921421
Relative Position: LorenzVec{x=20.3128818921421, y=-5.877240289511306, z=4.767713725850143}
 }
10:38:49 `Slime`12698909 missed {
 is already Found: false).
 Position: LorenzVec{x=70.09375, y=64.52083333333333, z=-6.520833333333333}
 DistanceC: 20.3128818921421
Relative Position: LorenzVec{x=20.3128818921421, y=-5.3564069561779775, z=-1.8468696074831898}
 }
10:38:49 `Slime`12698941 missed {
 is already Found: false).
 Position: LorenzVec{x=67.33333333333333, y=64.0625, z=-6.489583333333333}
 DistanceC: 17.55246522547543
Relative Position: LorenzVec{x=17.55246522547543, y=-5.814740289511306, z=-1.8156196074831898}
 }
10:38:49 `Slime`12699005 missed {
 is already Found: false).
 Position: LorenzVec{x=70.09375, y=64.0, z=0.09375}
 DistanceC: 20.3128818921421
Relative Position: LorenzVec{x=20.3128818921421, y=-5.877240289511306, z=4.767713725850143}
 }
10:38:49 `Slime`12702763 missed {
 is already Found: false).
 Position: LorenzVec{x=70.09375, y=64.0, z=0.09375}
 DistanceC: 20.3128818921421
Relative Position: LorenzVec{x=20.3128818921421, y=-5.877240289511306, z=4.767713725850143}
 }
10:38:49 `Slime`12783117 missed {
 is already Found: false).
 Position: LorenzVec{x=67.3125, y=64.0, z=-7.09375}
 DistanceC: 17.5316318921421
Relative Position: LorenzVec{x=17.5316318921421, y=-5.877240289511306, z=-2.419786274149857}
 }
10:38:49 `Slime`12698917 missed {
 is already Found: false).
 Position: LorenzVec{x=70.375, y=64.26041666666666, z=-2.385416666666667}
 DistanceC: 20.5941318921421
Relative Position: LorenzVec{x=20.5941318921421, y=-5.616823622844649, z=2.2885470591834762}
 }
10:38:49 `Slime`12708465 missed {
 is already Found: false).
 Position: LorenzVec{x=70.375, y=65.21875, z=-0.1875}
 DistanceC: 20.5941318921421
Relative Position: LorenzVec{x=20.5941318921421, y=-4.658490289511306, z=4.486463725850143}
 }
10:38:49 `Slime`12722266 missed {
 is already Found: false).
 Position: LorenzVec{x=70.375, y=64.09375, z=0.375}
 DistanceC: 20.5941318921421
Relative Position: LorenzVec{x=20.5941318921421, y=-5.783490289511306, z=5.048963725850143}
 }
10:38:49 `Slime`12698923 missed {
 is already Found: false).
 Position: LorenzVec{x=70.6875, y=64.09375, z=0.6875}
 DistanceC: 20.9066318921421
Relative Position: LorenzVec{x=20.9066318921421, y=-5.783490289511306, z=5.361463725850143}
 }
10:38:49 `Slime`12699023 missed {
 is already Found: false).
 Position: LorenzVec{x=70.6875, y=64.0, z=0.5}
 DistanceC: 20.9066318921421
Relative Position: LorenzVec{x=20.9066318921421, y=-5.877240289511306, z=5.173963725850143}
 }
10:44:20 `Slime`12930943 missed {
 is already Found: false).
 Position: LorenzVec{x=60.385416666666664, y=64.13541666666667, z=0.6875}
 DistanceC: 15.36818816202134
Relative Position: LorenzVec{x=15.36818816202134, y=-9.658823269086483, z=-4.986277035586393}
 }
10:44:20 `Slime`12930944 missed {
 is already Found: false).
 Position: LorenzVec{x=63.84375, y=64.0, z=-0.25}
 DistanceC: 18.826521495354676
Relative Position: LorenzVec{x=18.826521495354676, y=-9.794239935753154, z=-5.923777035586393}
 }
10:44:20 `Slime`12930945 missed {
 is already Found: false).
 Position: LorenzVec{x=65.125, y=64.40625, z=-0.21875}
 DistanceC: 20.107771495354676
Relative Position: LorenzVec{x=20.107771495354676, y=-9.387989935753154, z=-5.892527035586393}
 }
10:44:20 `Slime`12930947 missed {
 is already Found: false).
 Position: LorenzVec{x=66.09375, y=64.0, z=-0.28125}
 DistanceC: 21.076521495354676
Relative Position: LorenzVec{x=21.076521495354676, y=-9.794239935753154, z=-5.955027035586393}
 }
10:44:38 `Slime`12939651 missed {
 is already Found: false).
 Position: LorenzVec{x=60.375, y=65.21875, z=0.375}
 DistanceC: 15.357771495354676
Relative Position: LorenzVec{x=15.357771495354676, y=-8.575489935753154, z=-5.298777035586393}
 }
10:44:38 `Slime`12939654 missed {
 is already Found: false).
 Position: LorenzVec{x=62.15625, y=64.0, z=0.375}
 DistanceC: 17.139021495354676
Relative Position: LorenzVec{x=17.139021495354676, y=-9.794239935753154, z=-5.298777035586393}
 }
10:44:42 `Slime`12939652 missed {
 is already Found: false).
 Position: LorenzVec{x=63.40625, y=64.0, z=-2.25}
 DistanceC: 18.389021495354676
Relative Position: LorenzVec{x=18.389021495354676, y=-9.794239935753154, z=-7.923777035586393}
 }
10:44:56 `Slime`12948085 missed {
 is already Found: false).
 Position: LorenzVec{x=65.1875, y=64.0, z=-3.28125}
 DistanceC: 20.170271495354676
Relative Position: LorenzVec{x=20.170271495354676, y=-9.794239935753154, z=-8.955027035586394}
 }
10:44:59 `Slime`12939653 missed {
 is already Found: false).
 Position: LorenzVec{x=65.62847222222223, y=65.02430555555556, z=-3.902777777777778}
 DistanceC: 20.611243717576905
Relative Position: LorenzVec{x=20.611243717576905, y=-8.769934380197597, z=-9.57655481336417}
 }
10:45:02 `Slime`12948083 missed {
 is already Found: false).
 Position: LorenzVec{x=63.90625, y=64.75, z=-0.21875}
 DistanceC: 18.889021495354676
Relative Position: LorenzVec{x=18.889021495354676, y=-9.044239935753154, z=-5.892527035586393}
 }
10:45:06 `Slime`12952775 missed {
 is already Found: false).
 Position: LorenzVec{x=64.23958333333334, y=64.03125, z=-0.9583333333333333}
 DistanceC: 19.22235482868802
Relative Position: LorenzVec{x=19.22235482868802, y=-9.762989935753154, z=-6.632110368919726}
 }
10:45:06 `Slime`12952778 missed {
 is already Found: false).
 Position: LorenzVec{x=64.65625, y=64.0, z=-0.3125}
 DistanceC: 19.639021495354676
Relative Position: LorenzVec{x=19.639021495354676, y=-9.794239935753154, z=-5.986277035586393}
 }
10:45:06 `Slime`12952779 missed {
 is already Found: false).
 Position: LorenzVec{x=63.0, y=64.0, z=-3.375}
 DistanceC: 17.982771495354676
Relative Position: LorenzVec{x=17.982771495354676, y=-9.794239935753154, z=-9.048777035586394}
 }
10:45:13 `Slime`12952780 missed {
 is already Found: false).
 Position: LorenzVec{x=63.25, y=64.0, z=-2.3125}
 DistanceC: 18.232771495354676
Relative Position: LorenzVec{x=18.232771495354676, y=-9.794239935753154, z=-7.986277035586393}
 }
10:45:24 `Slime`12961026 missed {
 is already Found: false).
 Position: LorenzVec{x=64.875, y=65.21875, z=0.375}
 DistanceC: 19.857771495354676
Relative Position: LorenzVec{x=19.857771495354676, y=-8.575489935753154, z=-5.298777035586393}
 }
10:45:24 `Slime`12961031 missed {
 is already Found: false).
 Position: LorenzVec{x=63.4375, y=65.15625, z=-1.25}
 DistanceC: 18.420271495354676
Relative Position: LorenzVec{x=18.420271495354676, y=-8.637989935753154, z=-6.923777035586393}
 }
10:45:43 `Slime`12969544 missed {
 is already Found: false).
 Position: LorenzVec{x=66.75, y=64.0, z=0.6875}
 DistanceC: 21.732771495354676
Relative Position: LorenzVec{x=21.732771495354676, y=-9.794239935753154, z=-4.986277035586393}
 }
10:45:43 `Slime`12969545 missed {
 is already Found: false).
 Position: LorenzVec{x=66.71875, y=65.21875, z=-0.6875}
 DistanceC: 21.701521495354676
Relative Position: LorenzVec{x=21.701521495354676, y=-8.575489935753154, z=-6.361277035586393}
 }
10:45:43 `Slime`12969546 missed {
 is already Found: false).
 Position: LorenzVec{x=63.375, y=64.0, z=-3.75}
 DistanceC: 18.357771495354676
Relative Position: LorenzVec{x=18.357771495354676, y=-9.794239935753154, z=-9.423777035586394}
 }
10:45:59 `Slime`12965370 missed {
 is already Found: false).
 Position: LorenzVec{x=63.447916666666664, y=64.52083333333333, z=-1.7708333333333333}
 DistanceC: 18.43068816202134
Relative Position: LorenzVec{x=18.43068816202134, y=-9.273406602419826, z=-7.444610368919726}
 }
10:46:07 `Slime`12978214 missed {
 is already Found: false).
 Position: LorenzVec{x=65.09375, y=64.0, z=-0.21875}
 DistanceC: 20.076521495354676
Relative Position: LorenzVec{x=20.076521495354676, y=-9.794239935753154, z=-5.892527035586393}
 }
10:46:10 `Slime`12982264 missed {
 is already Found: false).
 Position: LorenzVec{x=64.4375, y=64.40625, z=-2.34375}
 DistanceC: 19.420271495354676
Relative Position: LorenzVec{x=19.420271495354676, y=-9.387989935753154, z=-8.017527035586394}
 }
10:46:11 `Slime`12982266 missed {
 is already Found: false).
 Position: LorenzVec{x=65.40625, y=64.0, z=-3.15625}
 DistanceC: 20.389021495354676
Relative Position: LorenzVec{x=20.389021495354676, y=-9.794239935753154, z=-8.830027035586394}
 }
10:46:20 `Slime`12987219 missed {
 is already Found: false).
 Position: LorenzVec{x=65.71875, y=64.39583333333334, z=-1.0208333333333335}
 DistanceC: 20.701521495354676
Relative Position: LorenzVec{x=20.701521495354676, y=-9.398406602419811, z=-6.694610368919726}
 }
10:46:29 `Slime`12992547 missed {
 is already Found: false).
 Position: LorenzVec{x=60.15625, y=64.0, z=-3.875}
 DistanceC: 15.139021495354676
Relative Position: LorenzVec{x=15.139021495354676, y=-9.794239935753154, z=-9.548777035586394}
 }
10:46:29 `Slime`12992548 missed {
 is already Found: false).
 Position: LorenzVec{x=65.125, y=64.0, z=-2.625}
 DistanceC: 20.107771495354676
Relative Position: LorenzVec{x=20.107771495354676, y=-9.794239935753154, z=-8.298777035586394}
 }
10:46:29 `Slime`12992549 missed {
 is already Found: false).
 Position: LorenzVec{x=61.6875, y=64.0, z=0.09375}
 DistanceC: 16.670271495354676
Relative Position: LorenzVec{x=16.670271495354676, y=-9.794239935753154, z=-5.580027035586393}
 }
10:46:32 `Slime`12987220 missed {
 is already Found: false).
 Position: LorenzVec{x=66.58333333333333, y=64.0625, z=-7.375}
 DistanceC: 21.566104828688005
Relative Position: LorenzVec{x=21.566104828688005, y=-9.731739935753154, z=-13.048777035586394}
 }
10:46:38 `Slime`12998081 missed {
 is already Found: false).
 Position: LorenzVec{x=63.3125, y=64.69791666666666, z=-0.21875}
 DistanceC: 18.295271495354676
Relative Position: LorenzVec{x=18.295271495354676, y=-9.096323269086497, z=-5.892527035586393}
 }
10:46:47 `Slime`13003386 missed {
 is already Found: false).
 Position: LorenzVec{x=61.46875, y=64.46875, z=-1.25}
 DistanceC: 16.451521495354676
Relative Position: LorenzVec{x=16.451521495354676, y=-9.325489935753154, z=-6.923777035586393}
 }
10:46:47 `Slime`13003389 missed {
 is already Found: false).
 Position: LorenzVec{x=66.53125, y=64.0, z=-2.46875}
 DistanceC: 21.514021495354676
Relative Position: LorenzVec{x=21.514021495354676, y=-9.794239935753154, z=-8.142527035586394}
 }
10:46:56 `Slime`13008842 missed {
 is already Found: false).
 Position: LorenzVec{x=66.0625, y=64.0, z=-2.5625}
 DistanceC: 21.045271495354676
Relative Position: LorenzVec{x=21.045271495354676, y=-9.794239935753154, z=-8.236277035586394}
 }
10:47:03 `Slime`13008843 missed {
 is already Found: false).
 Position: LorenzVec{x=62.45833333333333, y=64.0, z=-0.3125}
 DistanceC: 17.441104828688005
Relative Position: LorenzVec{x=17.441104828688005, y=-9.794239935753154, z=-5.986277035586393}
 }
10:47:05 `Slime`13014317 missed {
 is already Found: false).
 Position: LorenzVec{x=64.9375, y=64.0, z=-0.21875}
 DistanceC: 19.920271495354676
Relative Position: LorenzVec{x=19.920271495354676, y=-9.794239935753154, z=-5.892527035586393}
 }
10:47:15 `Slime`13019627 missed {
 is already Found: false).
 Position: LorenzVec{x=62.71875, y=64.0, z=-1.40625}
 DistanceC: 17.701521495354676
Relative Position: LorenzVec{x=17.701521495354676, y=-9.794239935753154, z=-7.080027035586393}
 }
10:47:24 `Slime`13024757 missed {
 is already Found: false).
 Position: LorenzVec{x=65.96875, y=65.21875, z=-3.15625}
 DistanceC: 20.951521495354676
Relative Position: LorenzVec{x=20.951521495354676, y=-8.575489935753154, z=-8.830027035586394}
 }
10:47:33 `Slime`13030253 missed {
 is already Found: false).
 Position: LorenzVec{x=62.21875, y=64.0, z=-0.9375}
 DistanceC: 17.201521495354676
Relative Position: LorenzVec{x=17.201521495354676, y=-9.794239935753154, z=-6.611277035586393}
 }
10:47:33 `Slime`13030254 missed {
 is already Found: false).
 Position: LorenzVec{x=66.8125, y=64.09375, z=0.09375}
 DistanceC: 21.795271495354676
Relative Position: LorenzVec{x=21.795271495354676, y=-9.700489935753154, z=-5.580027035586393}
 }
10:47:42 `Slime`13035927 missed {
 is already Found: false).
 Position: LorenzVec{x=64.25, y=65.0, z=0.375}
 DistanceC: 19.232771495354676
Relative Position: LorenzVec{x=19.232771495354676, y=-8.794239935753154, z=-5.298777035586393}
 }
10:47:42 `Slime`13035930 missed {
 is already Found: false).
 Position: LorenzVec{x=65.46875, y=65.0, z=0.6875}
 DistanceC: 20.451521495354676
Relative Position: LorenzVec{x=20.451521495354676, y=-8.794239935753154, z=-4.986277035586393}
 }
10:47:42 `Slime`13035931 missed {
 is already Found: false).
 Position: LorenzVec{x=64.375, y=64.09375, z=0.09375}
 DistanceC: 19.357771495354676
Relative Position: LorenzVec{x=19.357771495354676, y=-9.700489935753154, z=-5.580027035586393}
 }
10:47:48 `Slime`13019628 missed {
 is already Found: false).
 Position: LorenzVec{x=63.3125, y=64.0, z=-5.75}
 DistanceC: 18.295271495354676
Relative Position: LorenzVec{x=18.295271495354676, y=-9.794239935753154, z=-11.423777035586394}
 }
10:47:51 `Slime`13041136 missed {
 is already Found: false).
 Position: LorenzVec{x=66.15625, y=64.0, z=0.09375}
 DistanceC: 21.139021495354676
Relative Position: LorenzVec{x=21.139021495354676, y=-9.794239935753154, z=-5.580027035586393}
 }
10:48:04 `Slime`13046187 missed {
 is already Found: false).
 Position: LorenzVec{x=63.78125, y=64.0, z=-1.03125}
 DistanceC: 18.764021495354676
Relative Position: LorenzVec{x=18.764021495354676, y=-9.794239935753154, z=-6.705027035586393}
 }
10:48:08 `Slime`13046188 missed {
 is already Found: false).
 Position: LorenzVec{x=62.427083333333336, y=64.90625, z=-0.21875}
 DistanceC: 17.40985482868801
Relative Position: LorenzVec{x=17.40985482868801, y=-8.887989935753154, z=-5.892527035586393}
 }
10:48:13 `Slime`13008844 missed {
 is already Found: false).
 Position: LorenzVec{x=65.75, y=65.21875, z=-6.78125}
 DistanceC: 20.732771495354676
Relative Position: LorenzVec{x=20.732771495354676, y=-8.575489935753154, z=-12.455027035586394}
 }
10:48:19 `Slime`13056980 missed {
 is already Found: false).
 Position: LorenzVec{x=64.46875, y=64.0, z=-0.3125}
 DistanceC: 19.451521495354676
Relative Position: LorenzVec{x=19.451521495354676, y=-9.794239935753154, z=-5.986277035586393}
 }
10:48:22 `Slime`13019629 missed {
 is already Found: false).
 Position: LorenzVec{x=65.71875, y=64.0, z=-5.9375}
 DistanceC: 20.701521495354676
Relative Position: LorenzVec{x=20.701521495354676, y=-9.794239935753154, z=-11.611277035586394}
 }
10:48:27 `Slime`13056981 missed {
 is already Found: false).
 Position: LorenzVec{x=63.5, y=65.21875, z=0.6875}
 DistanceC: 18.482771495354676
Relative Position: LorenzVec{x=18.482771495354676, y=-8.575489935753154, z=-4.986277035586393}
 }
10:48:28 `Slime`13062416 missed {
 is already Found: false).
 Position: LorenzVec{x=61.59375, y=64.0, z=0.6875}
 DistanceC: 16.576521495354676
Relative Position: LorenzVec{x=16.576521495354676, y=-9.794239935753154, z=-4.986277035586393}
 }
10:48:38 `Slime`13067694 missed {
 is already Found: false).
 Position: LorenzVec{x=61.6875, y=64.0, z=-3.15625}
 DistanceC: 16.670271495354676
Relative Position: LorenzVec{x=16.670271495354676, y=-9.794239935753154, z=-8.830027035586394}
 }
10:48:38 `Slime`13067695 missed {
 is already Found: false).
 Position: LorenzVec{x=60.52083333333333, y=64.39583333333334, z=0.26041666666666663}
 DistanceC: 15.503604828688005
Relative Position: LorenzVec{x=15.503604828688005, y=-9.398406602419811, z=-5.413360368919726}
 }
10:48:40 `Slime`13062414 missed {
 is already Found: false).
 Position: LorenzVec{x=63.4375, y=64.0, z=0.09375}
 DistanceC: 18.420271495354676
Relative Position: LorenzVec{x=18.420271495354676, y=-9.794239935753154, z=-5.580027035586393}
 }
10:49:14 `Slime`13089565 missed {
 is already Found: false).
 Position: LorenzVec{x=61.73958333333333, y=64.69791666666666, z=0.375}
 DistanceC: 16.722354828688005
Relative Position: LorenzVec{x=16.722354828688005, y=-9.096323269086497, z=-5.298777035586393}
 }
10:49:24 `Slime`13095117 missed {
 is already Found: false).
 Position: LorenzVec{x=60.125, y=64.0, z=-1.375}
 DistanceC: 15.107771495354676
Relative Position: LorenzVec{x=15.107771495354676, y=-9.794239935753154, z=-7.048777035586393}
 }
10:49:26 `Slime`13078602 missed {
 is already Found: false).
 Position: LorenzVec{x=64.0, y=64.09375, z=-7.09375}
 DistanceC: 18.982771495354676
Relative Position: LorenzVec{x=18.982771495354676, y=-9.700489935753154, z=-12.767527035586394}
 }
10:49:33 `Slime`13100359 missed {
 is already Found: false).
 Position: LorenzVec{x=62.9375, y=64.0, z=-0.625}
 DistanceC: 17.920271495354676
Relative Position: LorenzVec{x=17.920271495354676, y=-9.794239935753154, z=-6.298777035586393}
 }
10:49:33 `Slime`13100360 missed {
 is already Found: false).
 Position: LorenzVec{x=65.75, y=64.0, z=-0.21875}
 DistanceC: 20.732771495354676
Relative Position: LorenzVec{x=20.732771495354676, y=-9.794239935753154, z=-5.892527035586393}
 }
10:49:42 `Slime`13105705 missed {
 is already Found: false).
 Position: LorenzVec{x=62.6875, y=65.21875, z=-2.75}
 DistanceC: 17.670271495354676
Relative Position: LorenzVec{x=17.670271495354676, y=-8.575489935753154, z=-8.423777035586394}
 }
10:49:42 `Slime`13105706 missed {
 is already Found: false).
 Position: LorenzVec{x=64.21875, y=64.0, z=-1.1875}
 DistanceC: 19.201521495354676
Relative Position: LorenzVec{x=19.201521495354676, y=-9.794239935753154, z=-6.861277035586393}
 }
10:49:42 `Slime`13105708 missed {
 is already Found: false).
 Position: LorenzVec{x=60.625, y=64.0, z=0.375}
 DistanceC: 15.607771495354676
Relative Position: LorenzVec{x=15.607771495354676, y=-9.794239935753154, z=-5.298777035586393}
 }
10:50:26 `Zombie`13382 missed {
 is already Found: false).
 Position: LorenzVec{x=-540.5, y=41.0, z=-888.5}
 DistanceC: 6.654250829567786
Relative Position: LorenzVec{x=-6.654250829567786, y=-76.0, z=3.154829902199367}
 }
10:50:26 `Dinnerbone`13383 missed {
 is already Found: false).
 Position: LorenzVec{x=-536.0625, y=36.25, z=-888.5}
 DistanceC: 3.154829902199367
Relative Position: LorenzVec{x=-2.2167508295677862, y=-80.75, z=3.154829902199367}
 }
10:50:26 `Dinnerbone`13384 missed {
 is already Found: false).
 Position: LorenzVec{x=-537.75, y=36.25, z=-885.03125}
 DistanceC: 6.623579902199367
Relative Position: LorenzVec{x=-3.9042508295677862, y=-80.75, z=6.623579902199367}
 }
10:50:26 `Dinnerbone`13385 missed {
 is already Found: false).
 Position: LorenzVec{x=-541.46875, y=36.25, z=-884.15625}
 DistanceC: 7.623000829567786
Relative Position: LorenzVec{x=-7.623000829567786, y=-80.75, z=7.498579902199367}
 }
10:50:26 `Dinnerbone`13386 missed {
 is already Found: false).
 Position: LorenzVec{x=-544.53125, y=36.25, z=-886.59375}
 DistanceC: 10.685500829567786
Relative Position: LorenzVec{x=-10.685500829567786, y=-80.75, z=5.061079902199367}
 }
10:50:26 `Dinnerbone`13387 missed {
 is already Found: false).
 Position: LorenzVec{x=-544.53125, y=36.25, z=-890.40625}
 DistanceC: 10.685500829567786
Relative Position: LorenzVec{x=-10.685500829567786, y=-80.75, z=1.248579902199367}
 }
10:50:26 `Dinnerbone`13388 missed {
 is already Found: false).
 Position: LorenzVec{x=-541.46875, y=36.25, z=-892.84375}
 DistanceC: 7.623000829567786
Relative Position: LorenzVec{x=-7.623000829567786, y=-80.75, z=-1.188920097800633}
 }
10:50:26 `Dinnerbone`13389 missed {
 is already Found: false).
 Position: LorenzVec{x=-537.75, y=36.25, z=-891.96875}
 DistanceC: 3.9042508295677862
Relative Position: LorenzVec{x=-3.9042508295677862, y=-80.75, z=-0.3139200978006329}
 }
10:52:09 `Slime`1057082 missed {
 is already Found: false).
 Position: LorenzVec{x=-539.59375, y=34.239583333333336, z=-888.6666666666666}
 DistanceC: 0.90625
Relative Position: LorenzVec{x=0.90625, y=9.635904488174749, z=-0.16666666666662877}
 }
10:52:09 `Slime`1057083 missed {
 is already Found: false).
 Position: LorenzVec{x=-541.5208333333334, y=34.239583333333336, z=-888.3645833333334}
 DistanceC: 1.0208333333333712
Relative Position: LorenzVec{x=-1.0208333333333712, y=9.635904488174749, z=0.13541666666662877}
 }
10:52:09 `Slime`1057084 missed {
 is already Found: false).
 Position: LorenzVec{x=-540.96875, y=34.239583333333336, z=-889.1875}
 DistanceC: 0.6875
Relative Position: LorenzVec{x=-0.46875, y=9.635904488174749, z=-0.6875}
 }
10:52:09 `Slime`1057085 missed {
 is already Found: false).
 Position: LorenzVec{x=-539.7604166666666, y=34.239583333333336, z=-887.8333333333334}
 DistanceC: 0.7395833333333712
Relative Position: LorenzVec{x=0.7395833333333712, y=9.635904488174749, z=0.6666666666666288}
 }
10:52:09 `Slime`1057086 missed {
 is already Found: false).
 Position: LorenzVec{x=-540.6666666666666, y=34.239583333333336, z=-889.34375}
 DistanceC: 0.84375
Relative Position: LorenzVec{x=-0.16666666666662877, y=9.635904488174749, z=-0.84375}
 }
10:52:09 `Slime`1057087 missed {
 is already Found: false).
 Position: LorenzVec{x=-539.875, y=34.239583333333336, z=-887.9583333333334}
 DistanceC: 0.625
Relative Position: LorenzVec{x=0.625, y=9.635904488174749, z=0.5416666666666288}
 }
10:52:55 `u2ogb784rl`97 missed {
 is already Found: false).
 Position: LorenzVec{x=-131.5, y=101.0, z=-753.5}
 DistanceC: 10.35450014817718
Relative Position: LorenzVec{x=-10.35450014817718, y=9.0, z=1.5964782026015882}
 }
10:52:55 `4871ud8y7x`98 missed {
 is already Found: false).
 Position: LorenzVec{x=-131.5, y=101.0, z=-755.5}
 DistanceC: 10.35450014817718
Relative Position: LorenzVec{x=-10.35450014817718, y=9.0, z=-0.40352179739841176}
 }
10:52:55 `2903i47n92`121 missed {
 is already Found: false).
 Position: LorenzVec{x=-117.5, y=105.0, z=-754.5}
 DistanceC: 3.6454998518228194
Relative Position: LorenzVec{x=3.6454998518228194, y=13.0, z=0.5964782026015882}
 }
10:53:09 `871r93tcyh`128 missed {
 is already Found: false).
 Position: LorenzVec{x=-120.5, y=92.0, z=-751.5}
 DistanceC: 3.7768728112990857
Relative Position: LorenzVec{x=0.9052028757753874, y=0.0, z=3.7768728112990857}
 }
10:54:35 `u2ogb784rl`97 missed {
 is already Found: false).
 Position: LorenzVec{x=-131.5, y=101.0, z=-753.5}
 DistanceC: 0.6313508320181427
Relative Position: LorenzVec{x=-0.10588550134733055, y=9.0, z=-0.6313508320181427}
 }
10:54:35 `4871ud8y7x`98 missed {
 is already Found: false).
 Position: LorenzVec{x=-131.5, y=101.0, z=-755.5}
 DistanceC: 2.6313508320181427
Relative Position: LorenzVec{x=-0.10588550134733055, y=9.0, z=-2.6313508320181427}
 }
10:54:35 `871r93tcyh`128 missed {
 is already Found: false).
 Position: LorenzVec{x=-120.5, y=92.0, z=-751.5}
 DistanceC: 10.89411449865267
Relative Position: LorenzVec{x=10.89411449865267, y=0.0, z=1.3686491679818573}
 }
10:54:35 `2903i47n92`121 missed {
 is already Found: false).
 Position: LorenzVec{x=-117.5, y=105.0, z=-754.5}
 DistanceC: 13.89411449865267
Relative Position: LorenzVec{x=13.89411449865267, y=13.0, z=-1.6313508320181427}
 }
11:56:40 `Dinnerbone`13384 missed {
 is already Found: false).
 Position: LorenzVec{x=-537.75, y=36.25, z=-885.03125}
 DistanceC: 21.109304613694235
Relative Position: LorenzVec{x=-1.1008379159511605, y=-81.57225827982886, z=21.109304613694235}
 }
11:56:41 `Zombie`13382 missed {
 is already Found: false).
 Position: LorenzVec{x=-540.5, y=41.0, z=-888.5}
 DistanceC: 16.332233097597395
Relative Position: LorenzVec{x=-2.592220565442176, y=-76.0, z=16.332233097597395}
 }
11:56:41 `Dinnerbone`13383 missed {
 is already Found: false).
 Position: LorenzVec{x=-536.0625, y=36.25, z=-888.5}
 DistanceC: 16.332233097597395
Relative Position: LorenzVec{x=1.845279434557824, y=-80.75, z=16.332233097597395}
 }
11:56:41 `Dinnerbone`13386 missed {
 is already Found: false).
 Position: LorenzVec{x=-544.53125, y=36.25, z=-886.59375}
 DistanceC: 18.238483097597395
Relative Position: LorenzVec{x=-6.623470565442176, y=-80.75, z=18.238483097597395}
 }
11:56:41 `Dinnerbone`13387 missed {
 is already Found: false).
 Position: LorenzVec{x=-544.53125, y=36.25, z=-890.40625}
 DistanceC: 14.425983097597395
Relative Position: LorenzVec{x=-6.623470565442176, y=-80.75, z=14.425983097597395}
 }
11:56:41 `Dinnerbone`13388 missed {
 is already Found: false).
 Position: LorenzVec{x=-541.46875, y=36.25, z=-892.84375}
 DistanceC: 11.988483097597395
Relative Position: LorenzVec{x=-3.560970565442176, y=-80.75, z=11.988483097597395}
 }
11:56:41 `Dinnerbone`13389 missed {
 is already Found: false).
 Position: LorenzVec{x=-537.75, y=36.25, z=-891.96875}
 DistanceC: 12.863483097597395
Relative Position: LorenzVec{x=0.15777943455782406, y=-80.75, z=12.863483097597395}
 }
11:56:41 `Dinnerbone`13385 missed {
 is already Found: false).
 Position: LorenzVec{x=-541.46875, y=36.25, z=-884.15625}
 DistanceC: 18.389527298200846
Relative Position: LorenzVec{x=-3.2825743458419083, y=-80.75, z=18.389527298200846}
 }
11:57:26 `Slime`1304840 missed {
 is already Found: false).
 Position: LorenzVec{x=-533.75, y=41.40625, z=-892.09375}
 DistanceC: 16.58535729339758
Relative Position: LorenzVec{x=-3.720783858288314, y=-75.59375, z=16.58535729339758}
 }
11:57:26 `Slime`1304842 missed {
 is already Found: false).
 Position: LorenzVec{x=-532.28125, y=41.40625, z=-890.09375}
 DistanceC: 18.58535729339758
Relative Position: LorenzVec{x=-2.252033858288314, y=-75.59375, z=18.58535729339758}
 }
11:57:26 `Slime`1304844 missed {
 is already Found: false).
 Position: LorenzVec{x=-537.0625, y=41.40625, z=-888.8125}
 DistanceC: 19.86660729339758
Relative Position: LorenzVec{x=-7.033283858288314, y=-75.59375, z=19.86660729339758}
 }
11:57:36 `Slime`1305317 missed {
 is already Found: false).
 Position: LorenzVec{x=-540.53125, y=36.21875, z=-890.1875}
 DistanceC: 15.517854032178775
Relative Position: LorenzVec{x=-6.902752517625572, y=-80.78125, z=15.517854032178775}
 }
11:57:36 `Slime`1305318 missed {
 is already Found: false).
 Position: LorenzVec{x=-539.1875, y=36.21875, z=-886.78125}
 DistanceC: 18.924104032178775
Relative Position: LorenzVec{x=-5.559002517625572, y=-80.78125, z=18.924104032178775}
 }
11:57:36 `Slime`1305319 missed {
 is already Found: false).
 Position: LorenzVec{x=-538.3125, y=36.21875, z=-887.5625}
 DistanceC: 18.142854032178775
Relative Position: LorenzVec{x=-4.684002517625572, y=-80.78125, z=18.142854032178775}
 }
11:57:36 `Slime`1305320 missed {
 is already Found: false).
 Position: LorenzVec{x=-537.875, y=36.21875, z=-888.71875}
 DistanceC: 16.986604032178775
Relative Position: LorenzVec{x=-4.246502517625572, y=-80.78125, z=16.986604032178775}
 }
11:57:36 `Slime`1305321 missed {
 is already Found: false).
 Position: LorenzVec{x=-540.28125, y=36.21875, z=-886.28125}
 DistanceC: 19.424104032178775
Relative Position: LorenzVec{x=-6.652752517625572, y=-80.78125, z=19.424104032178775}
 }
11:57:36 `Slime`1305322 missed {
 is already Found: false).
 Position: LorenzVec{x=-538.875, y=36.21875, z=-887.1875}
 DistanceC: 18.517854032178775
Relative Position: LorenzVec{x=-5.246502517625572, y=-80.78125, z=18.517854032178775}
 }
11:57:40 `Slime`1305652 missed {
 is already Found: false).
 Position: LorenzVec{x=-540.5, y=27.5, z=-885.5}
 DistanceC: 13.370469907438178
Relative Position: LorenzVec{x=-8.464118387722692, y=-89.5, z=13.370469907438178}
 }
11:57:40 `Pig`1305657 missed {
 is already Found: false).
 Position: LorenzVec{x=-540.5, y=27.5, z=-885.5}
 DistanceC: 13.370469907438178
Relative Position: LorenzVec{x=-8.464118387722692, y=-89.5, z=13.370469907438178}
 }
11:57:40 `Slime`1305658 missed {
 is already Found: false).
 Position: LorenzVec{x=-537.5, y=27.5, z=-887.5}
 DistanceC: 11.370469907438178
Relative Position: LorenzVec{x=-5.464118387722692, y=-89.5, z=11.370469907438178}
 }
11:57:40 `Pig`1305663 missed {
 is already Found: false).
 Position: LorenzVec{x=-537.5, y=27.5, z=-887.5}
 DistanceC: 11.370469907438178
Relative Position: LorenzVec{x=-5.464118387722692, y=-89.5, z=11.370469907438178}
 }
11:57:40 `Slime`1305664 missed {
 is already Found: false).
 Position: LorenzVec{x=-542.5, y=27.5, z=-889.5}
 DistanceC: 10.464118387722692
Relative Position: LorenzVec{x=-10.464118387722692, y=-89.5, z=9.370469907438178}
 }
11:57:40 `Pig`1305669 missed {
 is already Found: false).
 Position: LorenzVec{x=-542.5, y=27.5, z=-889.5}
 DistanceC: 10.464118387722692
Relative Position: LorenzVec{x=-10.464118387722692, y=-89.5, z=9.370469907438178}
 }
11:57:40 `Slime`1305670 missed {
 is already Found: false).
 Position: LorenzVec{x=-539.5, y=27.5, z=-890.5}
 DistanceC: 8.370469907438178
Relative Position: LorenzVec{x=-7.464118387722692, y=-89.5, z=8.370469907438178}
 }
11:57:40 `Pig`1305675 missed {
 is already Found: false).
 Position: LorenzVec{x=-539.5, y=27.5, z=-890.5}
 DistanceC: 8.370469907438178
Relative Position: LorenzVec{x=-7.464118387722692, y=-89.5, z=8.370469907438178}
 }
11:58:22 `Bat`1306898 missed {
 is already Found: false).
 Position: LorenzVec{x=-302.0, y=135.4375, z=-540.0}
 DistanceC: 15.38546878724776
Relative Position: LorenzVec{x=-14.572758118153445, y=53.4375, z=-15.38546878724776}
 }
11:58:22 `Bat`1306928 missed {
 is already Found: false).
 Position: LorenzVec{x=-302.0, y=135.96875, z=-540.0}
 DistanceC: 15.38546878724776
Relative Position: LorenzVec{x=-14.572758118153445, y=53.96875, z=-15.38546878724776}
 }
11:58:22 `Bat`1306989 missed {
 is already Found: false).
 Position: LorenzVec{x=-301.98958333333337, y=136.90625, z=-540.9791666666667}
 DistanceC: 16.27566831643219
Relative Position: LorenzVec{x=-15.089170534047355, y=54.90625, z=-16.27566831643219}
 }
11:58:22 `Bat`1306896 missed {
 is already Found: false).
 Position: LorenzVec{x=-302.0, y=135.4375, z=-541.0}
 DistanceC: 16.1745160116958
Relative Position: LorenzVec{x=-15.819955941203375, y=53.4375, z=-16.1745160116958}
 }
11:58:22 `Bat`1306900 missed {
 is already Found: false).
 Position: LorenzVec{x=-301.0, y=135.4375, z=-541.0}
 DistanceC: 16.1745160116958
Relative Position: LorenzVec{x=-14.819955941203375, y=53.4375, z=-16.1745160116958}
 }
11:58:22 `Bat`1306902 missed {
 is already Found: false).
 Position: LorenzVec{x=-302.0, y=134.4375, z=-541.0}
 DistanceC: 16.1745160116958
Relative Position: LorenzVec{x=-15.819955941203375, y=52.4375, z=-16.1745160116958}
 }
11:58:22 `Bat`1306926 missed {
 is already Found: false).
 Position: LorenzVec{x=-302.0, y=135.96875, z=-541.0}
 DistanceC: 16.1745160116958
Relative Position: LorenzVec{x=-15.819955941203375, y=53.96875, z=-16.1745160116958}
 }
11:58:22 `Bat`1306930 missed {
 is already Found: false).
 Position: LorenzVec{x=-301.0, y=135.96875, z=-541.0}
 DistanceC: 16.1745160116958
Relative Position: LorenzVec{x=-14.819955941203375, y=53.96875, z=-16.1745160116958}
 }
11:58:22 `Bat`1306932 missed {
 is already Found: false).
 Position: LorenzVec{x=-302.0, y=134.96875, z=-541.0}
 DistanceC: 16.1745160116958
Relative Position: LorenzVec{x=-15.819955941203375, y=52.96875, z=-16.1745160116958}
 }
11:58:52 `Bat`1307809 missed {
 is already Found: false).
 Position: LorenzVec{x=-302.0, y=137.21875, z=-539.96875}
 DistanceC: 19.100274529230774
Relative Position: LorenzVec{x=-6.2868877126820735, y=55.21875, z=-19.100274529230774}
 }
11:58:53 `Bat`1307807 missed {
 is already Found: false).
 Position: LorenzVec{x=-302.0, y=137.21875, z=-540.96875}
 DistanceC: 20.063251972410512
Relative Position: LorenzVec{x=-3.939396039777762, y=55.21875, z=-20.063251972410512}
 }
11:58:53 `Bat`1307811 missed {
 is already Found: false).
 Position: LorenzVec{x=-301.0, y=137.21875, z=-540.96875}
 DistanceC: 20.063251972410512
Relative Position: LorenzVec{x=-2.939396039777762, y=55.21875, z=-20.063251972410512}
 }
11:58:53 `Bat`1307813 missed {
 is already Found: false).
 Position: LorenzVec{x=-302.0, y=136.21875, z=-540.96875}
 DistanceC: 20.063251972410512
Relative Position: LorenzVec{x=-3.939396039777762, y=54.21875, z=-20.063251972410512}
 }
11:59:02 `Bat`1311073 missed {
 is already Found: false).
 Position: LorenzVec{x=-302.0, y=137.3125, z=-539.96875}
 DistanceC: 18.302587985730497
Relative Position: LorenzVec{x=-4.779956760763355, y=55.3125, z=-18.302587985730497}
 }
11:59:02 `Bat`1311098 missed {
 is already Found: false).
 Position: LorenzVec{x=-302.0, y=136.46875, z=-540.9791666666667}
 DistanceC: 19.31300465239724
Relative Position: LorenzVec{x=-4.779956760763355, y=54.46875, z=-19.31300465239724}
 }
11:59:02 `Bat`1311071 missed {
 is already Found: false).
 Position: LorenzVec{x=-302.0, y=137.3125, z=-540.96875}
 DistanceC: 19.302587985730497
Relative Position: LorenzVec{x=-4.779956760763355, y=55.3125, z=-19.302587985730497}
 }
11:59:02 `Bat`1311075 missed {
 is already Found: false).
 Position: LorenzVec{x=-301.0, y=137.3125, z=-540.96875}
 DistanceC: 19.302587985730497
Relative Position: LorenzVec{x=-3.779956760763355, y=55.3125, z=-19.302587985730497}
 }
11:59:02 `Bat`1311077 missed {
 is already Found: false).
 Position: LorenzVec{x=-302.0, y=136.3125, z=-540.96875}
 DistanceC: 19.302587985730497
Relative Position: LorenzVec{x=-4.779956760763355, y=54.3125, z=-19.302587985730497}
 }
11:59:03 `Bat`1311185 missed {
 is already Found: false).
 Position: LorenzVec{x=-302.0, y=136.04166666666669, z=-540.9895833333333}
 DistanceC: 19.323421319063755
Relative Position: LorenzVec{x=-4.779956760763355, y=54.041666666666686, z=-19.323421319063755}
 }
11:59:34 `Zombie`13382 missed {
 is already Found: false).
 Position: LorenzVec{x=-540.5, y=41.0, z=-888.5}
 DistanceC: 19.816082524783496
Relative Position: LorenzVec{x=-10.274724634548079, y=-76.0, z=19.816082524783496}
 }
11:59:34 `Dinnerbone`13383 missed {
 is already Found: false).
 Position: LorenzVec{x=-536.0625, y=36.25, z=-888.5}
 DistanceC: 19.816082524783496
Relative Position: LorenzVec{x=-5.837224634548079, y=-80.75, z=19.816082524783496}
 }
11:59:34 `Dinnerbone`13386 missed {
 is already Found: false).
 Position: LorenzVec{x=-544.53125, y=36.25, z=-886.59375}
 DistanceC: 21.722332524783496
Relative Position: LorenzVec{x=-14.305974634548079, y=-80.75, z=21.722332524783496}
 }
11:59:34 `Dinnerbone`13387 missed {
 is already Found: false).
 Position: LorenzVec{x=-544.53125, y=36.25, z=-890.40625}
 DistanceC: 17.909832524783496
Relative Position: LorenzVec{x=-14.305974634548079, y=-80.75, z=17.909832524783496}
 }
11:59:34 `Dinnerbone`13388 missed {
 is already Found: false).
 Position: LorenzVec{x=-541.46875, y=36.25, z=-892.84375}
 DistanceC: 15.472332524783496
Relative Position: LorenzVec{x=-11.243474634548079, y=-80.75, z=15.472332524783496}
 }
11:59:34 `Dinnerbone`13389 missed {
 is already Found: false).
 Position: LorenzVec{x=-537.75, y=36.25, z=-891.96875}
 DistanceC: 16.347332524783496
Relative Position: LorenzVec{x=-7.524724634548079, y=-80.75, z=16.347332524783496}
 }
11:59:36 `Dinnerbone`13384 missed {
 is already Found: false).
 Position: LorenzVec{x=-537.75, y=36.25, z=-885.03125}
 DistanceC: 20.7335153522655
Relative Position: LorenzVec{x=1.2463728825131284, y=-85.42693221313013, z=20.7335153522655}
 }
11:59:36 `Dinnerbone`13385 missed {
 is already Found: false).
 Position: LorenzVec{x=-541.46875, y=36.25, z=-884.15625}
 DistanceC: 20.570591377564824
Relative Position: LorenzVec{x=-1.3539535983881024, y=-86.73301735129175, z=20.570591377564824}
 }
12:00:42 `Slime`1315390 missed {
 is already Found: false).
 Position: LorenzVec{x=-180.5, y=109.0, z=-859.5}
 DistanceC: 0.48130423769706
Relative Position: LorenzVec{x=-0.48130423769706, y=4.0, z=-0.18608788513142827}
 }
12:10:45 `u2ogb784rl`97 missed {
 is already Found: false).
 Position: LorenzVec{x=-131.5, y=101.0, z=-753.5}
 DistanceC: 10.503984487422372
Relative Position: LorenzVec{x=-10.503984487422372, y=9.0, z=0.8712993150766124}
 }
12:10:45 `4871ud8y7x`98 missed {
 is already Found: false).
 Position: LorenzVec{x=-131.5, y=101.0, z=-755.5}
 DistanceC: 10.503984487422372
Relative Position: LorenzVec{x=-10.503984487422372, y=9.0, z=-1.1287006849233876}
 }
12:10:45 `871r93tcyh`128 missed {
 is already Found: false).
 Position: LorenzVec{x=-120.5, y=92.0, z=-751.5}
 DistanceC: 2.8712993150766124
Relative Position: LorenzVec{x=0.4960155125776282, y=0.0, z=2.8712993150766124}
 }
12:10:45 `2903i47n92`121 missed {
 is already Found: false).
 Position: LorenzVec{x=-117.5, y=105.0, z=-754.5}
 DistanceC: 3.5260136133259437
Relative Position: LorenzVec{x=3.5260136133259437, y=13.0, z=1.5623427101874086}
 }
12:12:44 `Zombie`1392419 missed {
 is already Found: false).
 Position: LorenzVec{x=-204.09375, y=100.0, z=-605.125}
 DistanceC: 8.507389588028332
Relative Position: LorenzVec{x=5.698279401511229, y=-0.1040803780930446, z=-8.507389588028332}
 }
12:12:56 `Zombie`1392887 missed {
 is already Found: false).
 Position: LorenzVec{x=-206.5, y=100.0, z=-605.9375}
 DistanceC: 11.483538776578712
Relative Position: LorenzVec{x=5.01623989292213, y=-1.015555072702199, z=-11.483538776578712}
 }
12:13:06 `Zombie`1393203 missed {
 is already Found: false).
 Position: LorenzVec{x=-199.625, y=100.0, z=-594.84375}
 DistanceC: 7.253110699272838
Relative Position: LorenzVec{x=6.27443756628395, y=-0.7850277037892397, z=7.253110699272838}
 }
12:13:18 `Zombie`1393802 missed {
 is already Found: false).
 Position: LorenzVec{x=-206.125, y=100.0, z=-604.59375}
 DistanceC: 5.905040519824212
Relative Position: LorenzVec{x=5.905040519824212, y=-1.0013359791121417, z=-5.114754717562164}
 }
12:13:21 `Zombie`1393995 missed {
 is already Found: false).
 Position: LorenzVec{x=-209.65625, y=100.0, z=-602.0}
 DistanceC: 6.79626878902593
Relative Position: LorenzVec{x=5.772825339647625, y=0.0, z=-6.79626878902593}
 }
12:13:28 `Zombie`1394245 missed {
 is already Found: false).
 Position: LorenzVec{x=-201.0, y=100.0, z=-592.0}
 DistanceC: 11.010573400676208
Relative Position: LorenzVec{x=1.9839313227303421, y=-0.1040803780930446, z=11.010573400676208}
 }
12:13:37 `Zombie`1395346 missed {
 is already Found: false).
 Position: LorenzVec{x=-209.71875, y=100.0, z=-602.4375}
 DistanceC: 5.511401650396067
Relative Position: LorenzVec{x=5.511401650396067, y=0.0, z=-5.009180722639826}
 }
12:13:40 `Zombie`1395500 missed {
 is already Found: false).
 Position: LorenzVec{x=-198.59375, y=100.0, z=-597.375}
 DistanceC: 13.182468971747909
Relative Position: LorenzVec{x=13.182468971747909, y=0.0, z=1.4676935965671873}
 }
12:13:46 `Zombie`1396495 missed {
 is already Found: false).
 Position: LorenzVec{x=-197.84375, y=100.0, z=-601.65625}
 DistanceC: 11.579881353913265
Relative Position: LorenzVec{x=6.253846301039516, y=0.0, z=-11.579881353913265}
 }
12:13:55 `Zombie`1397071 missed {
 is already Found: false).
 Position: LorenzVec{x=-210.80208333333331, y=100.0, z=-599.1979166666667}
 DistanceC: 10.31378307397793
Relative Position: LorenzVec{x=-10.31378307397793, y=0.0, z=5.7324100918456224}
 }
12:13:58 `Zombie`1397151 missed {
 is already Found: false).
 Position: LorenzVec{x=-208.875, y=100.0, z=-604.34375}
 DistanceC: 2.4332848660009745
Relative Position: LorenzVec{x=-2.4332848660009745, y=0.0, z=2.343669099466865}
 }
12:14:08 `Zombie`1397486 missed {
 is already Found: false).
 Position: LorenzVec{x=-212.6875, y=100.0, z=-602.1875}
 DistanceC: 12.851081358258057
Relative Position: LorenzVec{x=-5.711002771749378, y=0.0, z=-12.851081358258057}
 }
12:14:17 `Zombie`1397959 missed {
 is already Found: false).
 Position: LorenzVec{x=-210.45833333333334, y=100.0, z=-591.4270833333334}
 DistanceC: 2.0314557999171257
Relative Position: LorenzVec{x=-1.7061860837112022, y=-1.0013359791121417, z=2.0314557999171257}
 }
12:14:23 `Zombie`1398137 missed {
 is already Found: false).
 Position: LorenzVec{x=-207.9375, y=100.0, z=-591.34375}
 DistanceC: 11.58231924971767
Relative Position: LorenzVec{x=-3.7165163677446458, y=0.0, z=11.58231924971767}
 }
12:14:29 `Zombie`1398333 missed {
 is already Found: false).
 Position: LorenzVec{x=-207.0, y=100.0, z=-600.53125}
 DistanceC: 6.52952227741946
Relative Position: LorenzVec{x=-5.496155568483118, y=0.0, z=-6.52952227741946}
 }
12:18:52 `Skeleton`1410607 missed {
 is already Found: false).
 Position: LorenzVec{x=-196.34375, y=100.8125, z=-612.5}
 DistanceC: 15.0
Relative Position: LorenzVec{x=10.15625, y=0.8125, z=-15.0}
 }
12:20:01 `u2ogb784rl`97 missed {
 is already Found: false).
 Position: LorenzVec{x=-131.5, y=101.0, z=-753.5}
 DistanceC: 10.706036100688479
Relative Position: LorenzVec{x=-10.706036100688479, y=9.0, z=0.7758822289393947}
 }
12:20:01 `4871ud8y7x`98 missed {
 is already Found: false).
 Position: LorenzVec{x=-131.5, y=101.0, z=-755.5}
 DistanceC: 10.706036100688479
Relative Position: LorenzVec{x=-10.706036100688479, y=9.0, z=-1.2241177710606053}
 }
12:20:01 `871r93tcyh`128 missed {
 is already Found: false).
 Position: LorenzVec{x=-120.5, y=92.0, z=-751.5}
 DistanceC: 2.7758822289393947
Relative Position: LorenzVec{x=0.293963899311521, y=0.0, z=2.7758822289393947}
 }
12:20:01 `2903i47n92`121 missed {
 is already Found: false).
 Position: LorenzVec{x=-117.5, y=105.0, z=-754.5}
 DistanceC: 3.308588919305322
Relative Position: LorenzVec{x=3.308588919305322, y=13.0, z=0.6223240839058235}
 }
12:20:50 `n92a289ie1`130 missed {
 is already Found: false).
 Position: LorenzVec{x=-624.5, y=120.0, z=-961.5}
 DistanceC: 2.3237281885365064
Relative Position: LorenzVec{x=2.3237281885365064, y=0.0, z=1.2658286916381485}
 }
12:21:21 `6404kekgej`71 missed {
 is already Found: false).
 Position: LorenzVec{x=-668.5, y=126.0, z=-924.5}
 DistanceC: 20.69572662074529
Relative Position: LorenzVec{x=9.098233394427211, y=0.8338907390617862, z=20.69572662074529}
 }
12:21:30 `3p75zn668m`161 missed {
 is already Found: false).
 Position: LorenzVec{x=-676.5, y=126.0, z=-985.5}
 DistanceC: 5.38648026227861
Relative Position: LorenzVec{x=2.505719704612602, y=-5.0, z=-5.38648026227861}
 }
12:21:44 `6404kekgej`71 missed {
 is already Found: false).
 Position: LorenzVec{x=-668.5, y=126.0, z=-924.5}
 DistanceC: 20.376577016676492
Relative Position: LorenzVec{x=20.376577016676492, y=-4.249187078744683, z=15.575407710999684}
 }
12:21:57 `rby1e2o301`160 missed {
 is already Found: false).
 Position: LorenzVec{x=-729.5, y=139.0, z=-975.5}
 DistanceC: 13.211780716669864
Relative Position: LorenzVec{x=-3.0693207806492637, y=1.984444927297801, z=-13.211780716669864}
 }
12:22:29 `3p75zn668m`161 missed {
 is already Found: false).
 Position: LorenzVec{x=-676.5, y=126.0, z=-985.5}
 DistanceC: 20.91386502716898
Relative Position: LorenzVec{x=-20.91386502716898, y=3.0, z=-19.747100209635732}
 }
12:22:39 `be4qu7gbux`158 missed {
 is already Found: false).
 Position: LorenzVec{x=-631.5, y=124.0, z=-999.5}
 DistanceC: 10.304671925718594
Relative Position: LorenzVec{x=-5.8478482806843886, y=-1.1661092609382138, z=-10.304671925718594}
 }
12:22:43 `n92a289ie1`130 missed {
 is already Found: false).
 Position: LorenzVec{x=-624.5, y=120.0, z=-961.5}
 DistanceC: 18.218535953202718
Relative Position: LorenzVec{x=-3.0463758295920798, y=-5.001335979112142, z=18.218535953202718}
 }
12:24:47 `u2ogb784rl`97 missed {
 is already Found: false).
 Position: LorenzVec{x=-131.5, y=101.0, z=-753.5}
 DistanceC: 0.28822387863294807
Relative Position: LorenzVec{x=0.22420247155011452, y=9.0, z=0.28822387863294807}
 }
12:24:47 `4871ud8y7x`98 missed {
 is already Found: false).
 Position: LorenzVec{x=-131.5, y=101.0, z=-755.5}
 DistanceC: 1.711776121367052
Relative Position: LorenzVec{x=0.22420247155011452, y=9.0, z=-1.711776121367052}
 }
12:24:47 `2903i47n92`121 missed {
 is already Found: false).
 Position: LorenzVec{x=-117.5, y=105.0, z=-754.5}
 DistanceC: 14.224202471550115
Relative Position: LorenzVec{x=14.224202471550115, y=13.0, z=-0.7117761213670519}
 }
12:24:47 `871r93tcyh`128 missed {
 is already Found: false).
 Position: LorenzVec{x=-120.5, y=92.0, z=-751.5}
 DistanceC: 11.224202471550115
Relative Position: LorenzVec{x=11.224202471550115, y=0.0, z=2.288223878632948}
 }
12:25:02 `Dinnerbone`13385 missed {
 is already Found: false).
 Position: LorenzVec{x=-541.46875, y=36.25, z=-884.15625}
 DistanceC: 9.883488924465155
Relative Position: LorenzVec{x=-3.9708904893848285, y=-80.75, z=9.883488924465155}
 }
12:25:02 `Dinnerbone`13384 missed {
 is already Found: false).
 Position: LorenzVec{x=-537.75, y=36.25, z=-885.03125}
 DistanceC: 6.315675062976311
Relative Position: LorenzVec{x=-0.09423670963633413, y=-80.75, z=6.315675062976311}
 }
12:25:02 `Zombie`13382 missed {
 is already Found: false).
 Position: LorenzVec{x=-540.5, y=41.0, z=-888.5}
 DistanceC: 2.447649746384741
Relative Position: LorenzVec{x=-1.8227439736074302, y=-76.0, z=2.447649746384741}
 }
12:25:02 `Dinnerbone`13383 missed {
 is already Found: false).
 Position: LorenzVec{x=-536.0625, y=36.25, z=-888.5}
 DistanceC: 2.6147560263925698
Relative Position: LorenzVec{x=2.6147560263925698, y=-80.75, z=2.447649746384741}
 }
12:25:03 `Dinnerbone`13386 missed {
 is already Found: false).
 Position: LorenzVec{x=-544.53125, y=36.25, z=-886.59375}
 DistanceC: 4.831250011920929
Relative Position: LorenzVec{x=-4.831250011920929, y=-80.75, z=4.419303824196959}
 }
12:25:03 `Dinnerbone`13387 missed {
 is already Found: false).
 Position: LorenzVec{x=-544.53125, y=36.25, z=-890.40625}
 DistanceC: 4.831250011920929
Relative Position: LorenzVec{x=-4.831250011920929, y=-80.75, z=0.6068038241969589}
 }
12:25:03 `Dinnerbone`13388 missed {
 is already Found: false).
 Position: LorenzVec{x=-541.46875, y=36.25, z=-892.84375}
 DistanceC: 0.8529418091932257
Relative Position: LorenzVec{x=-0.8529418091932257, y=-82.69120003917217, z=0.3601899620483664}
 }
12:25:03 `Dinnerbone`13389 missed {
 is already Found: false).
 Position: LorenzVec{x=-537.75, y=36.25, z=-891.96875}
 DistanceC: 2.8658081908067743
Relative Position: LorenzVec{x=2.8658081908067743, y=-82.69120003917217, z=1.2351899620483664}
 }
12:26:01 `u2ogb784rl`97 missed {
 is already Found: false).
 Position: LorenzVec{x=-131.5, y=101.0, z=-753.5}
 DistanceC: 11.173764281476878
Relative Position: LorenzVec{x=11.173764281476878, y=13.0, z=7.59013383781712}
 }
12:26:01 `4871ud8y7x`98 missed {
 is already Found: false).
 Position: LorenzVec{x=-131.5, y=101.0, z=-755.5}
 DistanceC: 11.173764281476878
Relative Position: LorenzVec{x=11.173764281476878, y=13.0, z=5.59013383781712}
 }
12:26:02 `871r93tcyh`128 missed {
 is already Found: false).
 Position: LorenzVec{x=-120.5, y=92.0, z=-751.5}
 DistanceC: 18.40992084145546
Relative Position: LorenzVec{x=18.40992084145546, y=-0.9215999984741217, z=5.102983227610935}
 }
12:26:04 `2903i47n92`121 missed {
 is already Found: false).
 Position: LorenzVec{x=-117.5, y=105.0, z=-754.5}
 DistanceC: 18.80000001192093
Relative Position: LorenzVec{x=18.80000001192093, y=13.0, z=-2.199999988079071}
 }
12:26:38 `n92a289ie1`130 missed {
 is already Found: false).
 Position: LorenzVec{x=-624.5, y=120.0, z=-961.5}
 DistanceC: 2.1834756996404394
Relative Position: LorenzVec{x=-1.1244218409418636, y=-0.7850277037892397, z=-2.1834756996404394}
 }
12:28:32 `83lunqmq1s`162 missed {
 is already Found: false).
 Position: LorenzVec{x=-652.5, y=124.0, z=-1053.5}
 DistanceC: 15.762542283439416
Relative Position: LorenzVec{x=-15.762542283439416, y=0.0, z=-15.497211498588513}
 }
12:29:21 `u2ogb784rl`97 missed {
 is already Found: false).
 Position: LorenzVec{x=-131.5, y=101.0, z=-753.5}
 DistanceC: 1.5326228075100516
Relative Position: LorenzVec{x=0.616814059604053, y=9.0, z=1.5326228075100516}
 }
12:29:21 `4871ud8y7x`98 missed {
 is already Found: false).
 Position: LorenzVec{x=-131.5, y=101.0, z=-755.5}
 DistanceC: 0.616814059604053
Relative Position: LorenzVec{x=0.616814059604053, y=9.0, z=-0.46737719248994836}
 }
12:29:22 `871r93tcyh`128 missed {
 is already Found: false).
 Position: LorenzVec{x=-120.5, y=92.0, z=-751.5}
 DistanceC: 1.5335667097679107
Relative Position: LorenzVec{x=0.9417168812012733, y=0.0, z=1.5335667097679107}
 }
12:29:23 `2903i47n92`121 missed {
 is already Found: false).
 Position: LorenzVec{x=-117.5, y=105.0, z=-754.5}
 DistanceC: 3.8159460705453654
Relative Position: LorenzVec{x=3.8159460705453654, y=13.0, z=-1.5418270495285924}
 }
12:30:38 `n92a289ie1`130 missed {
 is already Found: false).
 Position: LorenzVec{x=-624.5, y=120.0, z=-961.5}
 DistanceC: 8.06027121817624
Relative Position: LorenzVec{x=1.685765348652808, y=1.979999989271164, z=-8.06027121817624}
 }
12:32:11 `n92a289ie1`130 missed {
 is already Found: false).
 Position: LorenzVec{x=-624.5, y=120.0, z=-961.5}
 DistanceC: 16.899767358913664
Relative Position: LorenzVec{x=-16.899767358913664, y=-9.17078707721879, z=10.988259741097522}
 }
12:33:34 `8c8puccqm7`135 missed {
 is already Found: false).
 Position: LorenzVec{x=-635.5, y=160.0, z=-1056.5}
 DistanceC: 20.35034687479697
Relative Position: LorenzVec{x=-9.038552588693847, y=13.0, z=-20.35034687479697}
 }
12:33:52 `n92a289ie1`130 missed {
 is already Found: false).
 Position: LorenzVec{x=-624.5, y=120.0, z=-961.5}
 DistanceC: 1.108060175827518
Relative Position: LorenzVec{x=0.04145735331439937, y=-1.0013359791121417, z=1.108060175827518}
 }
12:34:39 `n92a289ie1`130 missed {
 is already Found: false).
 Position: LorenzVec{x=-624.5, y=120.0, z=-961.5}
 DistanceC: 16.45676960154219
Relative Position: LorenzVec{x=-1.3356662747828523, y=-0.1555217529431161, z=-16.45676960154219}
 }
12:36:06 `8c8puccqm7`135 missed {
 is already Found: false).
 Position: LorenzVec{x=-635.5, y=160.0, z=-1056.5}
 DistanceC: 18.467244326898708
Relative Position: LorenzVec{x=14.401931536220218, y=9.0, z=-18.467244326898708}
 }
12:37:38 `n92a289ie1`130 missed {
 is already Found: false).
 Position: LorenzVec{x=-624.5, y=120.0, z=-961.5}
 DistanceC: 9.202111173339063
Relative Position: LorenzVec{x=-2.6060591766099606, y=1.5800000131130219, z=-9.202111173339063}
 }
12:38:38 `8c8puccqm7`135 missed {
 is already Found: false).
 Position: LorenzVec{x=-635.5, y=160.0, z=-1056.5}
 DistanceC: 19.20246239297512
Relative Position: LorenzVec{x=19.20246239297512, y=11.0, z=-15.21004074359962}
 }
12:39:18 `8c8puccqm7`135 missed {
 is already Found: false).
 Position: LorenzVec{x=-635.5, y=160.0, z=-1056.5}
 DistanceC: 11.796589294306614
Relative Position: LorenzVec{x=11.625920425364143, y=16.0, z=-11.796589294306614}
 }
12:39:25 `83lunqmq1s`162 missed {
 is already Found: false).
 Position: LorenzVec{x=-652.5, y=124.0, z=-1053.5}
 DistanceC: 13.874730213634734
Relative Position: LorenzVec{x=-13.874730213634734, y=-3.0, z=-8.74312003812065}
 }
12:42:31 `n92a289ie1`130 missed {
 is already Found: false).
 Position: LorenzVec{x=-624.5, y=120.0, z=-961.5}
 DistanceC: 5.17952746848016
Relative Position: LorenzVec{x=5.17952746848016, y=1.2149722962107603, z=-3.254051527463048}
 }
12:43:33 `8c8puccqm7`135 missed {
 is already Found: false).
 Position: LorenzVec{x=-635.5, y=160.0, z=-1056.5}
 DistanceC: 18.296018204595157
Relative Position: LorenzVec{x=3.8569289611338036, y=12.0, z=-18.296018204595157}
 }
12:43:42 `83lunqmq1s`162 missed {
 is already Found: false).
 Position: LorenzVec{x=-652.5, y=124.0, z=-1053.5}
 DistanceC: 17.71918013913057
Relative Position: LorenzVec{x=-17.71918013913057, y=-3.0, z=-4.688379660037526}
 }
12:44:06 `8c8puccqm7`135 missed {
 is already Found: false).
 Position: LorenzVec{x=-635.5, y=160.0, z=-1056.5}
 DistanceC: 3.6790924597868297
Relative Position: LorenzVec{x=-3.6790924597868297, y=17.0, z=-2.169325174616233}
 }
12:44:52 `u2ogb784rl`97 missed {
 is already Found: false).
 Position: LorenzVec{x=-131.5, y=101.0, z=-753.5}
 DistanceC: 4.032352061547272
Relative Position: LorenzVec{x=-4.032352061547272, y=6.234423916908739, z=3.0969712330613675}
 }
12:44:52 `4871ud8y7x`98 missed {
 is already Found: false).
 Position: LorenzVec{x=-131.5, y=101.0, z=-755.5}
 DistanceC: 4.032352061547272
Relative Position: LorenzVec{x=-4.032352061547272, y=6.234423916908739, z=1.0969712330613675}
 }
12:44:52 `2903i47n92`121 missed {
 is already Found: false).
 Position: LorenzVec{x=-117.5, y=105.0, z=-754.5}
 DistanceC: 11.674336794336824
Relative Position: LorenzVec{x=11.674336794336824, y=7.867006340353512, z=3.23885254500874}
 }
12:45:00 `5Azax `1499205 missed {
 is already Found: false).
 Position: LorenzVec{x=-106.46875, y=98.63541666666666, z=-776.2604166666667}
 DistanceC: 23.23124998807907
Relative Position: LorenzVec{x=23.23124998807907, y=6.635416666666657, z=-16.40366546190569}
 }
12:46:29 `5Azax `1502871 missed {
 is already Found: false).
 Position: LorenzVec{x=-106.46875, y=98.96875, z=-776.6354166666666}
 DistanceC: 23.23124998807907
Relative Position: LorenzVec{x=23.23124998807907, y=6.96875, z=-16.778665461905575}
 }
12:47:18 `5Uvia `1502872 missed {
 is already Found: false).
 Position: LorenzVec{x=-107.125, y=99.0, z=-780.6875}
 DistanceC: 22.57499998807907
Relative Position: LorenzVec{x=22.57499998807907, y=7.0, z=-20.830748795238947}
 }
