21:27:24 §7Sending to server mini83AT...
21:27:33 §7Warping...
21:30:29 §7Finding player...
21:30:31 §7Sending a visit request...
21:30:31 §7Sending to server mini86BK...
21:31:25 §7Finding player...
21:31:27 §7Sending a visit request...
21:31:28 §7Sending to server mini185DB...
21:32:22 §7Warping you to your SkyBlock island...
21:32:22 §7Sending to server mini18H...
21:37:18 §7Warping...
21:37:18 §7Sending to server mini1027R...
21:42:46 §7Warping...
21:44:17 §7Warping...
21:45:00 §7Warping you to your SkyBlock island...
21:45:00 §7Sending to server mini238M...
21:45:16 §7Warping...
21:45:16 §7Sending to server mini76C...
21:51:13 §7Warping...
21:56:04 §7Warping...
22:27:12 §7Warping you to your SkyBlock island...
22:27:12 §7Sending to server mini77N...
22:27:16 §7Warping...
22:27:16 §7Sending to server mini1012E...
22:27:26 §7Warping...
22:47:37 §7Warping...
22:50:03 §7Warping...
22:50:03 §7Sending to server mini196DH...
22:54:34 §7Warping...
22:54:34 §7Sending to server mini12BC...
23:03:46 §7Warping...
23:04:54 §7Warping...
23:07:05 §7Warping...
23:08:59 §7Warping...
23:13:24 §7Warping...
23:17:10 §7Warping...
23:17:10 §7Sending to server mini259V...
23:17:53 §7Warping...
23:17:53 §7Sending to server mini93BA...
