18:25:36 [EMPTY] §f §r§r§r§f §r§r§r§1 §r§r§r§0 §r§r§r§2 §r§r§r§f §r§r§r§f §r§r§r§2 §r§r§r§0 §r§r§r§4 §r§r§r§3 §r§r§r§9 §r§r§r§2 §r§r§r§0 §r§r§r§0 §r§r§r§3 §r§r§r§9 §r§r§r§2 §r§r§r§0 §r§r§r§0 §r§r§r§3 §r§r§r§9 §r§r§r§2 §r§r§r§0 §r§r§r§0 
18:25:36 [LOBBY] §b[MVP§f+§b] Sebbebas§f §6joined the lobby!
18:25:36 [LOBBY] §b[MVP§c+§b] NotMelonKing§f §6joined the lobby!
18:25:36 [LOBBY] §b[MVP§9+§b] _GoodCombos§f §6joined the lobby!
18:25:36 [LOBBY] §b[MVP§f+§b] RIHO57§f §6joined the lobby!
18:25:36 [LOBBY] §b[MVP§d+§b] Sallasvve§f §6joined the lobby!
18:25:36 [LOBBY]   §r§f§l➤ §r§6You have reached your Hype limit! Add Hype to Prototype Lobby minigames by right-clicking with the Hype Diamond!
18:25:37 [LOBBY] §b[MVP§6+§b] Caleetelith§f §6joined the lobby!
18:25:38 [LOBBY] §b[MVP§d+§b] Velocity1357§f §6joined the lobby!
18:25:39 [LOBBY] §b[MVP§c+§b] FlamingoV1§f §6joined the lobby!
18:25:40 [LOBBY] §b[MVP§8+§b] Zeduh§f §6joined the lobby!
18:25:45 [LOBBY] §b[MVP§a+§b] THE__CRUSADER§f §6joined the lobby!
18:25:45 [LOBBY] §b[MVP§c+§b] Wipeyouall§f §6joined the lobby!
18:25:48 [LOBBY] §b[MVP§8+§b] Waldmuel§f §6joined the lobby!
18:25:51 [LOBBY] §b[MVP§d+§b] contan59§f §6joined the lobby!
18:25:52 [WARPING] §7Sending to server mini246J...
18:25:52 [EMPTY] §8 §r§8 §r§1 §r§3 §r§3 §r§7 §r§8 
18:25:55 [EMPTY] 
18:25:55 [WELCOME] §eWelcome to §r§aHypixel SkyBlock§r§e!
18:25:55 [EMPTY] 
18:25:55 [PROFILE_JOIN] §aYou are playing on profile: §eBanana§b (Co-op)
18:25:55 [PROFILE_JOIN] §8Profile ID: b1a71305-1956-42bf-90e4-bce6f7285754
18:26:02 [EMPTY] 
18:26:02 [EMPTY] 
18:26:43 [WARPING] §7Sending to server mini8CE...
18:26:43 [EMPTY] §8 §r§8 §r§1 §r§3 §r§3 §r§7 §r§8 
18:26:46 [PROFILE_JOIN] §aYou are playing on profile: §eBanana§b (Co-op)
18:26:46 [PROFILE_JOIN] §8Profile ID: b1a71305-1956-42bf-90e4-bce6f7285754
18:31:44 [GUILD_EXP] §aYou earned §r§2578 GEXP §r§afrom playing SkyBlock!
18:32:37 [EMPTY] 
18:32:38 [EMPTY] 
18:32:38 [EMPTY] 
18:32:38 [EMPTY] 
18:32:39 [EMPTY] 
18:32:39 [EMPTY] 
18:32:45 [EMPTY] 
18:32:45 [EMPTY] 
18:32:47 [WARPING] §7Sending to server mini97BC...
18:32:48 [EMPTY] §8 §r§8 §r§1 §r§3 §r§3 §r§7 §r§8 
18:32:51 [PROFILE_JOIN] §aYou are playing on profile: §eBanana§b (Co-op)
18:32:51 [PROFILE_JOIN] §8Profile ID: b1a71305-1956-42bf-90e4-bce6f7285754
18:33:52 [GUILD_EXP] §aYou earned §r§25 GEXP §r§afrom playing SkyBlock!
18:33:55 [EMPTY] 
18:33:55 [EMPTY] 
18:35:00 [SKYMALL] §bNew day! §r§eYour §r§2Sky Mall §r§ebuff changed!
18:35:00 [SKYMALL] §eNew buff§r§r§r: §r§f§r§a10x §r§fchance to find Golden and Diamond Goblins.
18:35:00 [SKYMALL] §8§oYou can disable this messaging by toggling Sky Mall in your /hotm!
18:37:27 [WARPING] §7Sending to server mini94A...
18:37:28 [EMPTY] §8 §r§8 §r§1 §r§3 §r§3 §r§7 §r§8 
18:37:31 [PROFILE_JOIN] §aYou are playing on profile: §eBanana§b (Co-op)
18:37:31 [PROFILE_JOIN] §8Profile ID: b1a71305-1956-42bf-90e4-bce6f7285754
18:40:47 [EMPTY] 
18:40:47 [EMPTY] 
18:40:47 [EMPTY] 
18:41:11 [EMPTY] 
18:41:11 [EMPTY] 
18:41:11 [EMPTY] 
18:41:20 [EMPTY] 
18:41:20 [EMPTY] 
18:41:20 [EMPTY] 
18:42:29 [GUILD_EXP] §aYou earned §r§2590 GEXP §r§afrom playing SkyBlock!
18:43:00 [EMPTY] 
18:43:00 [EMPTY] 
18:43:00 [EMPTY] 
18:43:00 [EMPTY] 
18:43:02 [EMPTY] 
18:43:02 [EMPTY] 
18:43:18 [EMPTY] 
18:43:18 [EMPTY] 
18:43:25 [WARPING] §7Warping...
18:43:26 [WARPING] §7Sending to server mini35CT...
18:43:26 [EMPTY] §8 §r§8 §r§1 §r§3 §r§3 §r§7 §r§8 
18:43:29 [PROFILE_JOIN] §aYou are playing on profile: §eBanana§b (Co-op)
18:43:29 [PROFILE_JOIN] §8Profile ID: b1a71305-1956-42bf-90e4-bce6f7285754
18:44:47 [WARPING] §7Sending to server mini73BM...
18:44:48 [EMPTY] §8 §r§8 §r§1 §r§3 §r§3 §r§7 §r§8 
18:44:51 [PROFILE_JOIN] §aYou are playing on profile: §eBanana§b (Co-op)
18:44:51 [PROFILE_JOIN] §8Profile ID: b1a71305-1956-42bf-90e4-bce6f7285754
18:45:50 [EMPTY]  
18:45:50 [BESTIARY] §f                                  §6§lBESTIARY
18:45:50 [BESTIARY] §f                      §b§lCrypt Dreadlord §7§8XX §8➡§b §bXXI
18:45:50 [BESTIARY] 
18:45:50 [BESTIARY] §f                                  §r§6§lREWARDS
18:45:50 [BESTIARY] §f                    §r§8+§r§a6 Crypt Dreadlord §r§b✯ Magic Find
18:45:50 [BESTIARY] §f                    §r§8+§r§a6 Crypt Dreadlord §r§c❁ Strength
18:45:50 [BESTIARY] §f                        §r§8+§r§62% §r§aCrypt Dreadlord §r§7coins
18:45:50 [BESTIARY] §f                    §r§8+§r§a50% §r§7chance for extra XP orbs
18:45:50 [BESTIARY] §f                               §r§8+§r§b1 SkyBlock XP
18:45:50 [BESTIARY] 
18:45:50 [BESTIARY] §3§l▬▬▬▬▬▬▬▬▬▬▬▬▬▬▬▬▬▬▬▬▬▬▬▬▬▬▬▬▬▬▬▬▬▬▬▬▬▬▬▬▬▬▬▬▬▬▬▬▬▬▬▬▬▬▬▬▬▬▬▬▬▬▬▬
18:49:29 [EMPTY] 
18:49:29 [EMPTY] 
18:49:29 [EMPTY] 
18:49:29 [EMPTY] 
18:49:31 [EMPTY] 
18:49:31 [EMPTY] 
18:49:45 [EMPTY] 
18:49:45 [EMPTY] 
18:49:50 [GUILD_EXP] §aYou earned §r§2573 GEXP §r§afrom playing SkyBlock!
18:50:43 [WARPING] §7Warping...
18:50:43 [WARPING] §7Sending to server mini80E...
18:50:44 [EMPTY] §8 §r§8 §r§1 §r§3 §r§3 §r§7 §r§8 
18:50:44 [WARPING] §7Warping...
18:50:47 [PROFILE_JOIN] §aYou are playing on profile: §eBanana§b (Co-op)
18:50:47 [PROFILE_JOIN] §8Profile ID: b1a71305-1956-42bf-90e4-bce6f7285754
18:50:47 [WARPING] §7Warping...
18:50:47 [WARPING] §7Sending to server mini193CQ...
18:50:48 [EMPTY] §8 §r§8 §r§1 §r§3 §r§3 §r§7 §r§8 
18:50:51 [PROFILE_JOIN] §aYou are playing on profile: §eBanana§b (Co-op)
18:50:51 [PROFILE_JOIN] §8Profile ID: b1a71305-1956-42bf-90e4-bce6f7285754
18:55:00 [SKYMALL] §bNew day! §r§eYour §r§2Sky Mall §r§ebuff changed!
18:55:00 [SKYMALL] §eNew buff§r§r§r: §r§fGain §r§a+50 §r§6☘ Mining Fortune§r§f.
18:55:00 [SKYMALL] §8§oYou can disable this messaging by toggling Sky Mall in your /hotm!
18:55:42 [GUILD_EXP] §aYou earned §r§2246 GEXP §r§afrom playing SkyBlock!
18:55:46 [EMPTY] 
18:55:46 [EMPTY] 
18:56:19 [WARPING] §7Warping...
18:56:19 [WARPING] §7Sending to server mini72P...
18:56:20 [EMPTY] §8 §r§8 §r§1 §r§3 §r§3 §r§7 §r§8 
18:56:23 [PROFILE_JOIN] §aYou are playing on profile: §eBanana§b (Co-op)
18:56:23 [PROFILE_JOIN] §8Profile ID: b1a71305-1956-42bf-90e4-bce6f7285754
18:56:23 [WARPING] §7Warping...
19:02:08 [GUILD_EXP] §aYou earned §r§2386 GEXP §r§afrom playing SkyBlock!
19:03:08 [EMPTY] 
19:03:08 [EMPTY] 
19:07:19 [EMPTY] §f                                        
19:25:08 [EMPTY] §f §r§r§r§f §r§r§r§1 §r§r§r§0 §r§r§r§2 §r§r§r§f §r§r§r§f §r§r§r§2 §r§r§r§0 §r§r§r§4 §r§r§r§3 §r§r§r§9 §r§r§r§2 §r§r§r§0 §r§r§r§0 §r§r§r§3 §r§r§r§9 §r§r§r§2 §r§r§r§0 §r§r§r§0 §r§r§r§3 §r§r§r§9 §r§r§r§2 §r§r§r§0 §r§r§r§0 
19:25:10 [LOBBY]   §r§f§l➤ §r§6You have reached your Hype limit! Add Hype to Prototype Lobby minigames by right-clicking with the Hype Diamond!
19:25:10 [LOBBY] §b[MVP§6+§b] FDFinland§f §6joined the lobby!
19:25:12 [WARPING] §7Sending to server mini14DE...
19:25:12 [EMPTY] §8 §r§8 §r§1 §r§3 §r§3 §r§7 §r§8 
19:25:14 [EMPTY] 
19:25:14 [WELCOME] §eWelcome to §r§aHypixel SkyBlock§r§e!
19:25:14 [EMPTY] 
19:25:15 [PROFILE_JOIN] §aYou are playing on profile: §eApple§b (Co-op)
19:25:15 [PROFILE_JOIN] §8Profile ID: b1a71305-1956-42bf-90e4-bce6f7285754
19:25:18 [WARPING] §7Finding player...
19:25:19 [WARPING] §7Sending a visit request...
19:25:20 [WARPING] §7Sending to server mini148CM...
19:25:20 [EMPTY] §8 §r§8 §r§1 §r§3 §r§3 §r§7 §r§8 
19:25:23 [PROFILE_JOIN] §aYou are playing on profile: §eApple§b (Co-op)
19:25:23 [PROFILE_JOIN] §8Profile ID: b1a71305-1956-42bf-90e4-bce6f7285754
19:25:45 [WARPING] §7Sending to server mini34CJ...
19:25:46 [EMPTY] §8 §r§8 §r§1 §r§3 §r§3 §r§7 §r§8 
19:25:49 [PROFILE_JOIN] §aYou are playing on profile: §eApple§b (Co-op)
19:25:49 [PROFILE_JOIN] §8Profile ID: b1a71305-1956-42bf-90e4-bce6f7285754
19:26:05 [EMPTY] 
19:26:31 [EMPTY] §f §r§r§r§f §r§r§r§1 §r§r§r§0 §r§r§r§2 §r§r§r§f §r§r§r§f §r§r§r§2 §r§r§r§0 §r§r§r§4 §r§r§r§3 §r§r§r§9 §r§r§r§2 §r§r§r§0 §r§r§r§0 §r§r§r§3 §r§r§r§9 §r§r§r§2 §r§r§r§0 §r§r§r§0 §r§r§r§3 §r§r§r§9 §r§r§r§2 §r§r§r§0 §r§r§r§0 
19:26:33 [LOBBY] §b[MVP§c+§b] xyphro2k§f §6joined the lobby!
19:26:33 [LOBBY]   §r§f§l➤ §r§6You have reached your Hype limit! Add Hype to Prototype Lobby minigames by right-clicking with the Hype Diamond!
19:26:38 [WARPING] §7Sending to server mini196BV...
19:26:38 [EMPTY] §8 §r§8 §r§1 §r§3 §r§3 §r§7 §r§8 
19:26:41 [EMPTY] 
19:26:41 [WELCOME] §eWelcome to §r§aHypixel SkyBlock§r§e!
19:26:41 [EMPTY] 
19:26:41 [PROFILE_JOIN] §aYou are playing on profile: §eApple§b (Co-op)
19:26:41 [PROFILE_JOIN] §8Profile ID: b1a71305-1956-42bf-90e4-bce6f7285754
19:26:42 [WARPING] §7Warping you to your SkyBlock island...
19:26:43 [WARPING] §7Sending to server mini67AN...
19:26:44 [EMPTY] §8 §r§8 §r§1 §r§3 §r§3 §r§7 §r§8 
19:26:46 [PROFILE_JOIN] §aYou are playing on profile: §eApple§b (Co-op)
19:26:46 [PROFILE_JOIN] §8Profile ID: b1a71305-1956-42bf-90e4-bce6f7285754
19:26:57 [EMPTY] §f §r§r§r§f §r§r§r§1 §r§r§r§0 §r§r§r§2 §r§r§r§f §r§r§r§f §r§r§r§2 §r§r§r§0 §r§r§r§4 §r§r§r§3 §r§r§r§9 §r§r§r§2 §r§r§r§0 §r§r§r§0 §r§r§r§3 §r§r§r§9 §r§r§r§2 §r§r§r§0 §r§r§r§0 §r§r§r§3 §r§r§r§9 §r§r§r§2 §r§r§r§0 §r§r§r§0 
19:26:57 [LOBBY] §b[MVP§f+§b] Sebbebas§f §6joined the lobby!
19:26:57 [LOBBY] §b[MVP§c+§b] Zoshc§f §6joined the lobby!
19:26:57 [LOBBY] §b[MVP§2+§b] MelondogUwU§f §6joined the lobby!
19:26:58 [LOBBY]   §r§f§l➤ §r§6You have reached your Hype limit! Add Hype to Prototype Lobby minigames by right-clicking with the Hype Diamond!
19:26:59 [LOBBY]  §b>§c>§a>§r §r§6[MVP§f++§6] imlosed§f §6joined the lobby!§r §a<§c<§b<
19:27:00 [LOBBY] §b[MVP§3+§b] Glardox§f §6joined the lobby!
19:27:00 [WARPING] §7Sending to server mini183DG...
19:27:01 [EMPTY] §8 §r§8 §r§1 §r§3 §r§3 §r§7 §r§8 
19:27:03 [EMPTY] 
19:27:03 [WELCOME] §eWelcome to §r§aHypixel SkyBlock§r§e!
19:27:03 [EMPTY] 
19:27:04 [PROFILE_JOIN] §aYou are playing on profile: §eBanana§b (Co-op)
19:27:04 [PROFILE_JOIN] §8Profile ID: b1a71305-1956-42bf-90e4-bce6f7285754
19:27:05 [WARPING] §7Warping you to your SkyBlock island...
19:27:07 [WARPING] §7Sending to server mini83CV...
19:27:09 [EMPTY] §8 §r§8 §r§1 §r§3 §r§3 §r§7 §r§8 
19:27:12 [EMPTY] 
19:27:12 [EMPTY] 
19:27:13 [PROFILE_JOIN] §aYou are playing on profile: §eBanana§b (Co-op)
19:27:13 [PROFILE_JOIN] §8Profile ID: b1a71305-1956-42bf-90e4-bce6f7285754
19:28:29 [EMPTY] §f §r§r§r§f §r§r§r§1 §r§r§r§0 §r§r§r§2 §r§r§r§f §r§r§r§f §r§r§r§2 §r§r§r§0 §r§r§r§4 §r§r§r§3 §r§r§r§9 §r§r§r§2 §r§r§r§0 §r§r§r§0 §r§r§r§3 §r§r§r§9 §r§r§r§2 §r§r§r§0 §r§r§r§0 §r§r§r§3 §r§r§r§9 §r§r§r§2 §r§r§r§0 §r§r§r§0 
19:28:29 [LOBBY] §b[MVP§f+§b] Sebbebas§f §6joined the lobby!
19:28:29 [LOBBY] §b[MVP§2+§b] floopey§f §6joined the lobby!
19:28:29 [LOBBY] §b[MVP§2+§b] BaltrazYT§f §6joined the lobby!
19:28:29 [LOBBY] §b[MVP§2+§b] Wambobob§f §6joined the lobby!
19:28:29 [LOBBY] §b[MVP§c+§b] Stardakilla§f §6joined the lobby!
19:28:30 [LOBBY]   §r§f§l➤ §r§6You have reached your Hype limit! Add Hype to Prototype Lobby minigames by right-clicking with the Hype Diamond!
19:28:31 [LOBBY] §b[MVP§6+§b] AlexH1901§f §6joined the lobby!
19:28:31 [LOBBY] §b[MVP§f+§b] Lama_mp7§f §6joined the lobby!
19:28:37 [EMPTY] §f §r§r§r§f §r§r§r§1 §r§r§r§0 §r§r§r§2 §r§r§r§f §r§r§r§f §r§r§r§2 §r§r§r§0 §r§r§r§4 §r§r§r§3 §r§r§r§9 §r§r§r§2 §r§r§r§0 §r§r§r§0 §r§r§r§3 §r§r§r§9 §r§r§r§2 §r§r§r§0 §r§r§r§0 §r§r§r§3 §r§r§r§9 §r§r§r§2 §r§r§r§0 §r§r§r§0 
19:28:39 [LOBBY]   §r§f§l➤ §r§6You have reached your Hype limit! Add Hype to Prototype Lobby minigames by right-clicking with the Hype Diamond!
19:28:41 [LOBBY] §b[MVP§3+§b] Astri_§f §6joined the lobby!
19:28:44 [LOBBY] §b[MVP§3+§b] 12Mike34§f §6joined the lobby!
19:28:44 [LOBBY] §b[MVP§2+§b] GAMEOVER555§f §6joined the lobby!
19:28:46 [LOBBY] §b[MVP§d+§b] SkippingSchool§f §6joined the lobby!
19:28:47 [LOBBY] §b[MVP§a+§b] JamesLikesMen247§f §6joined the lobby!
19:28:47 [LOBBY] §b[MVP§2+§b] RngWannaBe§f §6joined the lobby!
19:28:47 [EMPTY] 
19:28:47 [EMPTY] 
19:28:48 [LOBBY] §b[MVP§3+§b] YumiKyudo§f §6joined the lobby!
19:28:49 [LOBBY] §b[MVP§2+§b] SignorFior§f §6joined the lobby!
19:28:55 [LOBBY] §b[MVP§c+§b] QuantumViolet§f §6joined the lobby!
19:28:56 [LOBBY] §b[MVP§c+§b] shot_boi§f §6joined the lobby!
19:28:57 [LOBBY] §b[MVP§2+§b] JK_pro§f §6joined the lobby!
19:28:57 [LOBBY] §b[MVP§9+§b] LordFibshThe2st§f §6joined the lobby!
19:28:59 [LOBBY] §b[MVP§c+§b] F1nkku§f §6joined the lobby!
19:29:02 [LOBBY] §b[MVP§c+§b] Slyver_Black§f §6joined the lobby!
19:29:10 [LOBBY] §b[MVP§f+§b] Ahmyia§f §6joined the lobby!
19:29:11 [LOBBY] §b[MVP§9+§b] YoOliSupNr1§f §6joined the lobby!
19:29:11 [LOBBY] §b[MVP§6+§b] PhoenixPerson1§f §6joined the lobby!
19:29:13 [LOBBY] §b[MVP§e+§b] tindi45§f §6joined the lobby!
19:29:14 [LOBBY] §b[MVP§c+§b] Tiritof§f §6joined the lobby!
19:29:15 [LOBBY] §b[MVP§c+§b] Peores§f §6joined the lobby!
19:29:16 [LOBBY] §b[MVP§c+§b] swaet_§f §6joined the lobby!
19:29:16 [LOBBY] §b[MVP§c+§b] noobking29§f §6joined the lobby!
19:29:16 [LOBBY] §b[MVP§c+§b] ItsClashify§f §6joined the lobby!
19:29:17 [LOBBY] §b[MVP§6+§b] THAR1K§f §6joined the lobby!
19:29:18 [LOBBY] §b[MVP§d+§b] ctxs§f §6joined the lobby!
19:29:20 [WARPING] §7Sending to server mini1009F...
19:29:21 [LOBBY] §b[MVP§c+§b] Dari0ss§f §6joined the lobby!
19:29:22 [EMPTY] §8 §r§8 §r§1 §r§3 §r§3 §r§7 §r§8 
19:29:23 [EMPTY] 
19:29:23 [WELCOME] §eWelcome to §r§aHypixel SkyBlock§r§e!
19:29:23 [EMPTY] 
19:29:24 [PROFILE_JOIN] §aYou are playing on profile: §eApple§b (Co-op)
19:29:24 [PROFILE_JOIN] §8Profile ID: b1a71305-1956-42bf-90e4-bce6f7285754
19:29:25 [WARPING] §7Finding player...
19:29:28 [WARPING] §7Sending a visit request...
19:29:28 [WARPING] §7Sending to server mini148CM...
19:29:29 [EMPTY] §8 §r§8 §r§1 §r§3 §r§3 §r§7 §r§8 
19:29:31 [PROFILE_JOIN] §aYou are playing on profile: §eApple§b (Co-op)
19:29:31 [PROFILE_JOIN] §8Profile ID: b1a71305-1956-42bf-90e4-bce6f7285754
19:29:34 [WARPING] §7Sending to server mini85AG...
19:29:34 [EMPTY] §8 §r§8 §r§1 §r§3 §r§3 §r§7 §r§8 
19:29:37 [PROFILE_JOIN] §aYou are playing on profile: §eApple§b (Co-op)
19:29:37 [PROFILE_JOIN] §8Profile ID: b1a71305-1956-42bf-90e4-bce6f7285754
19:31:18 [WARPING] §7Warping...
19:31:18 [WARPING] §7Sending to server mega35C...
19:31:18 [EMPTY] §8 §r§8 §r§1 §r§3 §r§3 §r§7 §r§8 
19:31:22 [PROFILE_JOIN] §aYou are playing on profile: §eApple§b (Co-op)
19:31:22 [PROFILE_JOIN] §8Profile ID: b1a71305-1956-42bf-90e4-bce6f7285754
19:31:58 [EMPTY] §f §r§r§r§f §r§r§r§1 §r§r§r§0 §r§r§r§2 §r§r§r§f §r§r§r§f §r§r§r§2 §r§r§r§0 §r§r§r§4 §r§r§r§3 §r§r§r§9 §r§r§r§2 §r§r§r§0 §r§r§r§0 §r§r§r§3 §r§r§r§9 §r§r§r§2 §r§r§r§0 §r§r§r§0 §r§r§r§3 §r§r§r§9 §r§r§r§2 §r§r§r§0 §r§r§r§0 
19:31:58 [LOBBY] §b[MVP§f+§b] Sebbebas§f §6joined the lobby!
19:31:58 [LOBBY] §b[MVP§f+§b] PyrB§f §6joined the lobby!
19:31:58 [LOBBY] §b[MVP§9+§b] penzo7§f §6joined the lobby!
19:31:59 [LOBBY] §b[MVP§d+§b] kkutup§f §6joined the lobby!
19:31:59 [LOBBY] §b[MVP§5+§b] SleepyAmy§f §6joined the lobby!
19:32:00 [LOBBY]   §r§f§l➤ §r§6You have reached your Hype limit! Add Hype to Prototype Lobby minigames by right-clicking with the Hype Diamond!
19:32:01 [LOBBY] §b[MVP§c+§b] n6nSense§f §6joined the lobby!
19:32:02 [LOBBY] §b[MVP§c+§b] dynoTNTmaniac§f §6joined the lobby!
19:32:06 [LOBBY] §b[MVP§c+§b] LeeresInventar§f §6joined the lobby!
19:32:07 [LOBBY] §b[MVP§d+§b] HorseOfTheSea§f §6joined the lobby!
19:32:07 [LOBBY] §b[MVP§f+§b] Autumn_cherry§f §6joined the lobby!
19:32:07 [WARPING] §7Sending to server mini77AC...
19:32:08 [EMPTY] §8 §r§8 §r§1 §r§3 §r§3 §r§7 §r§8 
19:32:10 [EMPTY] 
19:32:10 [WELCOME] §eWelcome to §r§aHypixel SkyBlock§r§e!
19:32:10 [EMPTY] 
19:32:10 [PROFILE_JOIN] §aYou are playing on profile: §eBanana§b (Co-op)
19:32:10 [PROFILE_JOIN] §8Profile ID: b1a71305-1956-42bf-90e4-bce6f7285754
19:32:17 [EMPTY] 
19:32:17 [EMPTY] 
19:32:41 [WARPING] §7Sending to server mega35C...
19:32:41 [EMPTY] §8 §r§8 §r§1 §r§3 §r§3 §r§7 §r§8 
19:32:45 [PROFILE_JOIN] §aYou are playing on profile: §eBanana§b (Co-op)
19:32:45 [PROFILE_JOIN] §8Profile ID: b1a71305-1956-42bf-90e4-bce6f7285754
19:33:20 [WARPING] §7Warping...
19:33:45 [WARPING] §7Warping...
19:34:02 [WARPING] §7Warping...
19:35:04 [SKYMALL] §bNew day! §r§eYour §r§2Sky Mall §r§ebuff changed!
19:35:04 [SKYMALL] §eNew buff§r§r§r: §r§fGain §r§a5x §r§9Titanium §r§fdrops
19:35:04 [SKYMALL] §8§oYou can disable this messaging by toggling Sky Mall in your /hotm!
19:36:34 [GUILD_EXP] §aYou earned §r§2403 GEXP §r§afrom playing SkyBlock!
19:38:14 [WARPING] §7Warping...
19:38:14 [WARPING] §7Sending to server mini23C...
19:38:15 [EMPTY] §8 §r§8 §r§1 §r§3 §r§3 §r§7 §r§8 
19:38:17 [PROFILE_JOIN] §aYou are playing on profile: §eBanana§b (Co-op)
19:38:17 [PROFILE_JOIN] §8Profile ID: b1a71305-1956-42bf-90e4-bce6f7285754
19:38:29 [WARPING] §7Sending to server mini83BD...
19:38:30 [EMPTY] §8 §r§8 §r§1 §r§3 §r§3 §r§7 §r§8 
19:38:33 [PROFILE_JOIN] §aYou are playing on profile: §eBanana§b (Co-op)
19:38:33 [PROFILE_JOIN] §8Profile ID: b1a71305-1956-42bf-90e4-bce6f7285754
19:41:53 [EMPTY] 
19:41:53 [EMPTY] 
19:41:53 [EMPTY] 
19:42:11 [EMPTY] 
19:42:11 [EMPTY] 
19:42:11 [EMPTY] 
19:42:19 [EMPTY] 
19:42:19 [EMPTY] 
19:42:19 [EMPTY] 
19:43:31 [GUILD_EXP] §aYou earned §r§2593 GEXP §r§afrom playing SkyBlock!
19:44:30 [EMPTY] 
19:44:30 [EMPTY] 
19:44:30 [EMPTY] 
19:44:30 [EMPTY] 
19:44:32 [EMPTY] 
19:44:32 [EMPTY] 
19:44:44 [EMPTY] 
19:44:44 [EMPTY] 
19:44:54 [WARPING] §7Warping...
19:44:54 [WARPING] §7Sending to server mini12AH...
19:44:54 [EMPTY] §8 §r§8 §r§1 §r§3 §r§3 §r§7 §r§8 
19:44:57 [PROFILE_JOIN] §aYou are playing on profile: §eBanana§b (Co-op)
19:44:57 [PROFILE_JOIN] §8Profile ID: b1a71305-1956-42bf-90e4-bce6f7285754
19:46:41 [WARPING] §7Sending to server mini24DH...
19:46:43 [EMPTY] §8 §r§8 §r§1 §r§3 §r§3 §r§7 §r§8 
19:46:45 [PROFILE_JOIN] §aYou are playing on profile: §eBanana§b (Co-op)
19:46:45 [PROFILE_JOIN] §8Profile ID: b1a71305-1956-42bf-90e4-bce6f7285754
19:47:16 [WARPING] §7Warping...
19:47:16 [WARPING] §7Sending to server mini10DS...
19:47:16 [EMPTY] §8 §r§8 §r§1 §r§3 §r§3 §r§7 §r§8 
19:47:19 [PROFILE_JOIN] §aYou are playing on profile: §eBanana§b (Co-op)
19:47:19 [PROFILE_JOIN] §8Profile ID: b1a71305-1956-42bf-90e4-bce6f7285754
19:47:24 [WARPING] §7Sending to server mini146AN...
19:47:25 [EMPTY] §8 §r§8 §r§1 §r§3 §r§3 §r§7 §r§8 
19:47:28 [PROFILE_JOIN] §aYou are playing on profile: §eBanana§b (Co-op)
19:47:28 [PROFILE_JOIN] §8Profile ID: b1a71305-1956-42bf-90e4-bce6f7285754
19:47:48 [EMPTY] 
19:47:48 [EMPTY] 
19:47:48 [EMPTY] 
19:48:02 [EMPTY] 
19:48:02 [EMPTY] 
19:48:02 [EMPTY] 
19:48:12 [EMPTY] 
19:48:12 [EMPTY] 
19:48:12 [EMPTY] 
19:51:23 [EMPTY] 
19:51:23 [EMPTY] 
19:51:23 [EMPTY] 
19:51:23 [EMPTY] 
19:51:25 [EMPTY] 
19:51:25 [EMPTY] 
19:51:42 [EMPTY] 
19:51:42 [EMPTY] 
19:51:45 [WARPING] §7Warping...
19:51:45 [WARPING] §7Sending to server mini100CV...
19:51:45 [EMPTY] §8 §r§8 §r§1 §r§3 §r§3 §r§7 §r§8 
19:51:48 [PROFILE_JOIN] §aYou are playing on profile: §eBanana§b (Co-op)
19:51:48 [PROFILE_JOIN] §8Profile ID: b1a71305-1956-42bf-90e4-bce6f7285754
19:52:19 [WARPING] §7Sending to server mini96BD...
19:52:20 [EMPTY] §8 §r§8 §r§1 §r§3 §r§3 §r§7 §r§8 
19:52:25 [PROFILE_JOIN] §aYou are playing on profile: §eBanana§b (Co-op)
19:52:25 [PROFILE_JOIN] §8Profile ID: b1a71305-1956-42bf-90e4-bce6f7285754
19:52:39 [WARPING] §7Warping...
19:52:39 [WARPING] §7Sending to server mini181AR...
19:52:39 [EMPTY] §8 §r§8 §r§1 §r§3 §r§3 §r§7 §r§8 
19:52:42 [PROFILE_JOIN] §aYou are playing on profile: §eBanana§b (Co-op)
19:52:42 [PROFILE_JOIN] §8Profile ID: b1a71305-1956-42bf-90e4-bce6f7285754
19:53:58 [WARPING] §7Sending to server mini2DQ...
19:53:59 [EMPTY] §8 §r§8 §r§1 §r§3 §r§3 §r§7 §r§8 
19:54:01 [PROFILE_JOIN] §aYou are playing on profile: §eBanana§b (Co-op)
19:54:01 [PROFILE_JOIN] §8Profile ID: b1a71305-1956-42bf-90e4-bce6f7285754
19:55:05 [SKYMALL] §bNew day! §r§eYour §r§2Sky Mall §r§ebuff changed!
19:55:05 [SKYMALL] §eNew buff§r§r§r: §r§fGain §r§a+50 §r§6☘ Mining Fortune§r§f.
19:55:05 [SKYMALL] §8§oYou can disable this messaging by toggling Sky Mall in your /hotm!
19:55:43 [EMPTY] 
19:55:43 [EMPTY] 
19:55:43 [EMPTY] 
19:55:59 [EMPTY] 
19:55:59 [EMPTY] 
19:55:59 [EMPTY] 
19:56:08 [EMPTY] 
19:56:08 [EMPTY] 
19:56:08 [EMPTY] 
19:57:35 [WARPING] §7Warping...
19:57:36 [WARPING] §7Sending to server mini70AR...
19:57:36 [EMPTY] §8 §r§8 §r§1 §r§3 §r§3 §r§7 §r§8 
19:57:39 [PROFILE_JOIN] §aYou are playing on profile: §eBanana§b (Co-op)
19:57:39 [PROFILE_JOIN] §8Profile ID: b1a71305-1956-42bf-90e4-bce6f7285754
19:58:53 [WARPING] §7Sending to server mini31BC...
19:58:54 [EMPTY] §8 §r§8 §r§1 §r§3 §r§3 §r§7 §r§8 
19:58:57 [PROFILE_JOIN] §aYou are playing on profile: §eBanana§b (Co-op)
19:58:57 [PROFILE_JOIN] §8Profile ID: b1a71305-1956-42bf-90e4-bce6f7285754
19:59:23 [WARPING] §7Warping...
19:59:23 [WARPING] §7Sending to server mini224E...
19:59:24 [EMPTY] §8 §r§8 §r§1 §r§3 §r§3 §r§7 §r§8 
19:59:27 [PROFILE_JOIN] §aYou are playing on profile: §eBanana§b (Co-op)
19:59:27 [PROFILE_JOIN] §8Profile ID: b1a71305-1956-42bf-90e4-bce6f7285754
20:01:47 [EMPTY] §f
20:01:47 [WATCHDOG] §4[WATCHDOG ANNOUNCEMENT]
20:01:47 [WATCHDOG] §fWatchdog has banned §r§c§l14,413§r§f players in the last 7 days.
20:01:47 [WATCHDOG] §fStaff have banned an additional §r§c§l15,940§r§f in the last 7 days.
20:01:47 [WATCHDOG] §cBlacklisted modifications are a bannable offense!
20:01:47 [WATCHDOG] §c
20:02:01 [WARPING] §7Sending to server mini67DS...
20:02:02 [EMPTY] §8 §r§8 §r§1 §r§3 §r§3 §r§7 §r§8 
20:02:05 [PROFILE_JOIN] §aYou are playing on profile: §eBanana§b (Co-op)
20:02:05 [PROFILE_JOIN] §8Profile ID: b1a71305-1956-42bf-90e4-bce6f7285754
20:02:48 [EMPTY] 
20:02:48 [EMPTY] 
20:02:48 [EMPTY] 
20:02:57 [EMPTY] 
20:02:57 [EMPTY] 
20:02:57 [EMPTY] 
20:03:05 [EMPTY] 
20:03:05 [EMPTY] 
20:03:05 [EMPTY] 
20:07:05 [GUILD_EXP] §aYou earned §r§2295 GEXP §r§afrom playing SkyBlock!
20:07:23 [EMPTY] 
20:07:24 [EMPTY] 
20:07:24 [EMPTY] 
20:07:24 [EMPTY] 
20:07:25 [EMPTY] 
20:07:25 [EMPTY] 
20:07:42 [EMPTY] 
20:07:42 [EMPTY] 
20:07:46 [WARPING] §7Warping...
20:07:46 [WARPING] §7Sending to server mini36CN...
20:07:47 [EMPTY] §8 §r§8 §r§1 §r§3 §r§3 §r§7 §r§8 
20:07:50 [PROFILE_JOIN] §aYou are playing on profile: §eBanana§b (Co-op)
20:07:50 [PROFILE_JOIN] §8Profile ID: b1a71305-1956-42bf-90e4-bce6f7285754
20:09:57 [WARPING] §7Sending to server mini68B...
20:09:58 [EMPTY] §8 §r§8 §r§1 §r§3 §r§3 §r§7 §r§8 
20:10:01 [PROFILE_JOIN] §aYou are playing on profile: §eBanana§b (Co-op)
20:10:01 [PROFILE_JOIN] §8Profile ID: b1a71305-1956-42bf-90e4-bce6f7285754
20:13:08 [EMPTY]  
20:13:08 [BESTIARY] §f                                  §6§lBESTIARY
20:13:08 [BESTIARY] §f                                §b§lGolem §7§8X §8➡§b §bXI
20:13:08 [BESTIARY] 
20:13:08 [BESTIARY] §f                                  §r§6§lREWARDS
20:13:08 [BESTIARY] §f                           §r§8+§r§a4 Golem §r§b✯ Magic Find
20:13:08 [BESTIARY] §f                           §r§8+§r§a4 Golem §r§c❁ Strength
20:13:08 [BESTIARY] §f                               §r§8+§r§62% §r§aGolem §r§7coins
20:13:08 [BESTIARY] §f                    §r§8+§r§a50% §r§7chance for extra XP orbs
20:13:08 [BESTIARY] §f                               §r§8+§r§b1 SkyBlock XP
20:13:08 [BESTIARY] 
20:13:08 [BESTIARY] §3§l▬▬▬▬▬▬▬▬▬▬▬▬▬▬▬▬▬▬▬▬▬▬▬▬▬▬▬▬▬▬▬▬▬▬▬▬▬▬▬▬▬▬▬▬▬▬▬▬▬▬▬▬▬▬▬▬▬▬▬▬▬▬▬▬
20:14:15 [EMPTY] 
20:14:15 [EMPTY] 
20:14:15 [EMPTY] 
20:14:15 [EMPTY] 
20:14:17 [EMPTY] 
20:14:17 [EMPTY] 
20:14:34 [EMPTY] 
20:14:34 [EMPTY] 
20:14:38 [WARPING] §7Warping...
20:14:38 [WARPING] §7Sending to server mini36CN...
20:14:38 [EMPTY] §8 §r§8 §r§1 §r§3 §r§3 §r§7 §r§8 
20:14:41 [PROFILE_JOIN] §aYou are playing on profile: §eBanana§b (Co-op)
20:14:41 [PROFILE_JOIN] §8Profile ID: b1a71305-1956-42bf-90e4-bce6f7285754
20:15:01 [SKYMALL] §bNew day! §r§eYour §r§2Sky Mall §r§ebuff changed!
20:15:01 [SKYMALL] §eNew buff§r§r§r: §r§fReduce Pickaxe Ability cooldown by §r§a20%§r§f.
20:15:01 [SKYMALL] §8§oYou can disable this messaging by toggling Sky Mall in your /hotm!
20:15:04 [WARPING] §7Sending to server mini70BJ...
20:15:04 [EMPTY] §8 §r§8 §r§1 §r§3 §r§3 §r§7 §r§8 
20:15:07 [PROFILE_JOIN] §aYou are playing on profile: §eBanana§b (Co-op)
20:15:07 [PROFILE_JOIN] §8Profile ID: b1a71305-1956-42bf-90e4-bce6f7285754
20:15:40 [EMPTY] 
20:15:40 [EMPTY] 
20:15:40 [EMPTY] 
20:16:27 [EMPTY] 
20:16:27 [EMPTY] 
20:16:27 [EMPTY] 
20:16:36 [EMPTY] 
20:16:36 [EMPTY] 
20:16:36 [EMPTY] 
20:20:06 [GUILD_EXP] §aYou earned §r§2590 GEXP §r§afrom playing SkyBlock!
20:21:09 [EMPTY] 
20:21:09 [EMPTY] 
20:21:09 [EMPTY] 
20:21:09 [EMPTY] 
20:21:11 [EMPTY] 
20:21:11 [EMPTY] 
20:21:19 [EMPTY] 
20:21:19 [EMPTY] 
20:21:26 [WARPING] §7Warping...
20:21:26 [WARPING] §7Sending to server mini160AK...
20:21:26 [EMPTY] §8 §r§8 §r§1 §r§3 §r§3 §r§7 §r§8 
20:21:29 [PROFILE_JOIN] §aYou are playing on profile: §eBanana§b (Co-op)
20:21:29 [PROFILE_JOIN] §8Profile ID: b1a71305-1956-42bf-90e4-bce6f7285754
20:23:24 [WARPING] §7Sending to server mini153BG...
20:23:26 [EMPTY] §8 §r§8 §r§1 §r§3 §r§3 §r§7 §r§8 
20:23:28 [PROFILE_JOIN] §aYou are playing on profile: §eBanana§b (Co-op)
20:23:28 [PROFILE_JOIN] §8Profile ID: b1a71305-1956-42bf-90e4-bce6f7285754
20:28:27 [GUILD_EXP] §aYou earned §r§2593 GEXP §r§afrom playing SkyBlock!
20:28:35 [EMPTY] 
20:28:35 [EMPTY] 
20:28:35 [EMPTY] 
20:28:35 [EMPTY] 
20:28:37 [EMPTY] 
20:28:37 [EMPTY] 
20:28:53 [EMPTY] 
20:28:53 [EMPTY] 
20:28:56 [WARPING] §7Warping...
20:28:56 [WARPING] §7Sending to server mini142AC...
20:28:56 [EMPTY] §8 §r§8 §r§1 §r§3 §r§3 §r§7 §r§8 
20:28:59 [PROFILE_JOIN] §aYou are playing on profile: §eBanana§b (Co-op)
20:28:59 [PROFILE_JOIN] §8Profile ID: b1a71305-1956-42bf-90e4-bce6f7285754
20:29:37 [WARPING] §7Sending to server mini158DK...
20:29:38 [EMPTY] §8 §r§8 §r§1 §r§3 §r§3 §r§7 §r§8 
20:29:41 [PROFILE_JOIN] §aYou are playing on profile: §eBanana§b (Co-op)
20:29:41 [PROFILE_JOIN] §8Profile ID: b1a71305-1956-42bf-90e4-bce6f7285754
20:34:37 [EMPTY] 
20:34:37 [EMPTY] 
20:34:37 [EMPTY] 
20:34:37 [EMPTY] 
20:34:39 [EMPTY] 
20:34:39 [EMPTY] 
20:34:44 [GUILD_EXP] §aYou earned §r§2578 GEXP §r§afrom playing SkyBlock!
20:34:52 [EMPTY] 
20:34:52 [EMPTY] 
20:34:55 [WARPING] §7Warping...
20:34:55 [WARPING] §7Sending to server mini186BU...
20:34:56 [EMPTY] §8 §r§8 §r§1 §r§3 §r§3 §r§7 §r§8 
20:34:59 [PROFILE_JOIN] §aYou are playing on profile: §eBanana§b (Co-op)
20:34:59 [PROFILE_JOIN] §8Profile ID: b1a71305-1956-42bf-90e4-bce6f7285754
20:35:05 [SKYMALL] §bNew day! §r§eYour §r§2Sky Mall §r§ebuff changed!
20:35:05 [SKYMALL] §eNew buff§r§r§r: §r§fGain §r§a+15% §r§fmore Powder while mining.
20:35:05 [SKYMALL] §8§oYou can disable this messaging by toggling Sky Mall in your /hotm!
20:35:58 [WARPING] §7Sending to server mini66BA...
20:35:59 [EMPTY] §8 §r§8 §r§1 §r§3 §r§3 §r§7 §r§8 
20:36:01 [PROFILE_JOIN] §aYou are playing on profile: §eBanana§b (Co-op)
20:36:01 [PROFILE_JOIN] §8Profile ID: b1a71305-1956-42bf-90e4-bce6f7285754
20:37:31 [EMPTY] 
20:37:31 [EMPTY] 
20:41:01 [GUILD_EXP] §aYou earned §r§2590 GEXP §r§afrom playing SkyBlock!
20:41:52 [EMPTY] 
20:41:52 [EMPTY] 
20:41:52 [EMPTY] 
20:41:52 [EMPTY] 
20:41:54 [EMPTY] 
20:41:54 [EMPTY] 
20:42:15 [EMPTY] 
20:42:15 [EMPTY] 
20:42:20 [WARPING] §7Warping...
20:42:20 [WARPING] §7Sending to server mini70AJ...
20:42:21 [EMPTY] §8 §r§8 §r§1 §r§3 §r§3 §r§7 §r§8 
20:42:24 [PROFILE_JOIN] §aYou are playing on profile: §eBanana§b (Co-op)
20:42:24 [PROFILE_JOIN] §8Profile ID: b1a71305-1956-42bf-90e4-bce6f7285754
20:43:32 [WARPING] §7Sending to server mini73CT...
20:43:33 [EMPTY] §8 §r§8 §r§1 §r§3 §r§3 §r§7 §r§8 
20:43:36 [PROFILE_JOIN] §aYou are playing on profile: §eBanana§b (Co-op)
20:43:36 [PROFILE_JOIN] §8Profile ID: b1a71305-1956-42bf-90e4-bce6f7285754
20:44:23 [EMPTY] 
20:44:23 [EMPTY] 
20:48:36 [GUILD_EXP] §aYou earned §r§2580 GEXP §r§afrom playing SkyBlock!
20:49:43 [EMPTY] 
20:49:43 [EMPTY] 
20:49:43 [EMPTY] 
20:49:43 [EMPTY] 
20:50:01 [EMPTY] 
20:50:01 [EMPTY] 
