22:21:26  
22:21:26 [original] §r    §r§9Synthetic Heart§r
22:21:26 [modified] §a+§r §r§9Synthetic Heart§r
22:21:42  
22:21:42 [original] §r    §r§dDiamond Essence §r§8x5§r
22:21:42 [modified] §a+ §b5§r §r§dDiamond Essence§r
22:22:00  
22:22:00 [original] §r    §r§9Electron Transmitter§r
22:22:00 [modified] §a+§r §r§9Electron Transmitter§r
22:22:12  
22:22:12 [original] §r    §r§9Control Switch§r
22:22:12 [modified] §a+§r §r§9Control Switch§r
22:22:51  
22:22:51 [original] §r    §r§dGold Essence §r§8x6§r
22:22:51 [modified] §a+ §b6§r §r§dGold Essence§r
22:23:01  
22:23:01 [original] §r    §r§dGold Essence §r§8x6§r
22:23:01 [modified] §a+ §b6§r §r§dGold Essence§r
22:23:07  
22:23:07 [original] §r    §r§dGold Essence §r§8x7§r
22:23:07 [modified] §a+ §b7§r §r§dGold Essence§r
22:23:34  
22:23:34 [original] §r    §r§9Control Switch§r
22:23:34 [modified] §a+§r §r§9Control Switch§r
22:23:42  
22:23:42 [original] §r    §r§9Superlite Motor§r
22:23:42 [modified] §a+§r §r§9Superlite Motor§r
22:25:45  
22:25:45 [original] §r    §r§9Robotron Reflector§r
22:25:45 [modified] §a+§r §r§9Robotron Reflector§r
22:26:40  
22:26:40 [original] §r    §r§fPrehistoric Egg§r
22:26:40 [modified] §a+§r §r§fPrehistoric Egg§r
22:26:48  
22:26:48 [original] §r    §r§9FTX 3070§r
22:26:48 [modified] §a+§r §r§9FTX 3070§r
22:27:28  
22:27:28 [original] §r    §r§9Superlite Motor§r
22:27:28 [modified] §a+§r §r§9Superlite Motor§r
22:27:28  
22:27:28 [original] §r    §r§9Synthetic Heart§r
22:27:28 [modified] §a+§r §r§9Synthetic Heart§r
22:28:09  
22:28:09 [original] §r    §r§9FTX 3070§r
22:28:09 [modified] §a+§r §r§9FTX 3070§r
22:28:09  
22:28:09 [original] §r    §r§9Synthetic Heart§r
22:28:09 [modified] §a+§r §r§9Synthetic Heart§r
22:29:51  
22:29:51 [original] §r    §r§9FTX 3070§r
22:29:51 [modified] §a+§r §r§9FTX 3070§r
22:30:35  
22:30:35 [original] §r    §r§9Electron Transmitter§r
22:30:35 [modified] §a+§r §r§9Electron Transmitter§r
22:32:06  
22:32:06 [original] §r    §r§9FTX 3070§r
22:32:06 [modified] §a+§r §r§9FTX 3070§r
22:32:15  
22:32:15 [original] §r    §r§dDiamond Essence §r§8x5§r
22:32:15 [modified] §a+ §b5§r §r§dDiamond Essence§r
22:32:35  
22:32:35 [original] §r    §r§dGold Essence §r§8x5§r
22:32:35 [modified] §a+ §b5§r §r§dGold Essence§r
22:34:22  
22:34:22 [original] §r    §r§dGold Essence §r§8x5§r
22:34:22 [modified] §a+ §b5§r §r§dGold Essence§r
22:35:10  
22:35:10 [original] §r    §r§9Synthetic Heart§r
22:35:10 [modified] §a+§r §r§9Synthetic Heart§r
22:35:12  
22:35:12 [original] §r    §r§dGold Essence §r§8x6§r
22:35:12 [modified] §a+ §b6§r §r§dGold Essence§r
22:35:38  
22:35:38 [original] §r    §r§dGold Essence §r§8x5§r
22:35:38 [modified] §a+ §b5§r §r§dGold Essence§r
22:35:52  
22:35:52 [original] §r    §r§9Robotron Reflector§r
22:35:52 [modified] §a+§r §r§9Robotron Reflector§r
22:37:30  
22:37:30 [original] §r    §r§9Robotron Reflector§r
22:37:30 [modified] §a+§r §r§9Robotron Reflector§r
22:37:33  
22:37:33 [original] §r    §r§dGold Essence §r§8x5§r
22:37:33 [modified] §a+ §b5§r §r§dGold Essence§r
