16:43:51 [allowed] §b§m--------------§r§f  §r§aGuild: Message Of The Day  §r§b§m--------------
16:43:51 [allowed] §b| §r§f[22] [MVP+] Sebbebas Ⓑ: you should give me foraging 50 on my main
16:43:51 [allowed] §b| §r§f[22] [MVP+] Sebbebas Ⓑ: wink wink
16:43:51 [allowed] §b| §r§f[300] [ADMIN] LadyBleu: you almost had iit until you winked
16:43:51 [allowed] §b| §r§f[22] [MVP+] Sebbebas Ⓑ: :(
16:43:51 [allowed] §b| §r§f[300] [ADMIN] LadyBleu: biig mistaake
16:43:51 [allowed] §b§m-----------------------------------------------------
16:43:53 [EMPTY] §f §r§r§r§f §r§r§r§1 §r§r§r§0 §r§r§r§2 §r§r§r§f §r§r§r§f §r§r§r§2 §r§r§r§0 §r§r§r§4 §r§r§r§3 §r§r§r§9 §r§r§r§2 §r§r§r§0 §r§r§r§0 §r§r§r§3 §r§r§r§9 §r§r§r§2 §r§r§r§0 §r§r§r§0 §r§r§r§3 §r§r§r§9 §r§r§r§2 §r§r§r§0 §r§r§r§0 
16:43:53 [allowed] §aYou have §b20 §aunclaimed leveling rewards!
16:43:53 [allowed] §eClick here to view them!
16:43:53 [allowed] §aYou have §67 §aunclaimed achievement rewards!
16:43:53 [allowed] §eClick here to view them!
16:43:53 [LOBBY]   §r§f§l➤ §r§6You have reached your Hype limit! Add Hype to Prototype Lobby minigames by right-clicking with the Hype Diamond!
16:43:56 [allowed] §cYou are sending commands too fast! Please slow down.
16:43:58 [allowed] §cYou already claimed this reward!
16:43:59 [allowed] §cThere is a 1 second cooldown for reward claims!
16:44:00 [allowed] §aClaimed reward for §r§e3,300 §r§aachievement points!
16:44:01 [allowed] §cThere is a 1 second cooldown for reward claims!
16:44:01 [allowed] §aClaimed reward for §r§e3,400 §r§aachievement points!
16:44:02 [allowed] §cThere is a 1 second cooldown for reward claims!
16:44:02 [allowed] §cThere is a 1 second cooldown for reward claims!
16:44:03 [allowed] §aClaimed reward for §r§e3,200 §r§aachievement points!
16:44:04 [allowed] §aClaimed reward for §r§e3,500 §r§aachievement points!
16:44:09 [WARPING] §7Sending to server mini39CV...
16:44:10 [EMPTY] §8 §r§8 §r§1 §r§3 §r§3 §r§7 §r§8 
16:44:10 [allowed] §b-----------------------------------------------------
16:44:10 [allowed] §aYou have just received §r§6390,000 coins §r§aas interest in your co-op bank account!
16:44:10 [allowed] §b-----------------------------------------------------
16:44:12 [EMPTY] 
16:44:12 [WELCOME] §eWelcome to §r§aHypixel SkyBlock§r§e!
16:44:12 [allowed] §6§lBONUS! §r§bTemporarily earn §r§a5% §r§bmore skill experience!
16:44:12 [EMPTY] 
16:44:12 [allowed] §eLatest update: §bSkyBlock v0.20.5 §e§lCLICK
16:44:12 [allowed] §cYou are sending commands too fast! Please slow down.
16:44:13 [PROFILE_JOIN] §aYou are playing on profile: §eApple§b (Co-op)
16:44:13 [PROFILE_JOIN] §8Profile ID: b1a71305-1956-42bf-90e4-bce6f7285754
16:44:25 [allowed] §cThere are blocks in the way!
16:44:33 [allowed] §cYou don't have the required materials!
16:44:36 [allowed] §cThis process is still running!
16:44:49 [EMPTY] §f §r§r§r§f §r§r§r§1 §r§r§r§0 §r§r§r§2 §r§r§r§f §r§r§r§f §r§r§r§2 §r§r§r§0 §r§r§r§4 §r§r§r§3 §r§r§r§9 §r§r§r§2 §r§r§r§0 §r§r§r§0 §r§r§r§3 §r§r§r§9 §r§r§r§2 §r§r§r§0 §r§r§r§0 §r§r§r§3 §r§r§r§9 §r§r§r§2 §r§r§r§0 §r§r§r§0 
16:44:49 [LOBBY] §b[MVP§9+§b] Sebbebas§f §6joined the lobby!
16:44:50 [LOBBY] §b[MVP§5+§b] DarkestLariat§f §6joined the lobby!
16:44:51 [allowed] §cYou are sending commands too fast! Please slow down.
16:44:53 [WARPING] §7Sending to server mini99AF...
16:44:53 [EMPTY] §8 §r§8 §r§1 §r§3 §r§3 §r§7 §r§8 
16:44:53 [allowed] §eYou haven't claimed your §r§6Summer Rewards §r§eyet!
16:44:53 [allowed] §eTalk to the §r§bSummer Sloth §r§ein the §r§aHub!
16:44:53 [allowed] §aSince you've been away you earned §r§678,000 coins §r§aas interest in your personal bank account!
16:44:55 [allowed] §cYou are sending commands too fast! Please slow down.
16:44:55 [EMPTY] 
16:44:55 [WELCOME] §eWelcome to §r§aHypixel SkyBlock§r§e!
16:44:55 [allowed] §6§lBONUS! §r§bTemporarily earn §r§a5% §r§bmore skill experience!
16:44:55 [EMPTY] 
16:44:55 [allowed] §eLatest update: §bSkyBlock v0.20.5 §e§lCLICK
16:44:56 [PROFILE_JOIN] §aYou are playing on profile: §eBanana§b (Co-op)
16:44:56 [PROFILE_JOIN] §8Profile ID: b1a71305-1956-42bf-90e4-bce6f7285754
16:44:58 [allowed] §bNew day! §r§eYour §r§2Sky Mall §r§ebuff changed!
16:44:58 [allowed] §eNew buff§r§r§r: §r§fGain §r§a+100 §r§6⸕ Mining Speed§r§f.
16:45:36 [WARPING] §7Warping...
16:45:36 [WARPING] §7Sending to server mini3AS...
16:45:36 [EMPTY] §8 §r§8 §r§1 §r§3 §r§3 §r§7 §r§8 
16:45:36 [allowed] §eYou haven't claimed your §r§6Summer Rewards §r§eyet!
16:45:36 [allowed] §eTalk to the §r§bSummer Sloth §r§ein the §r§aHub!
16:45:38 [allowed] §cYou are sending commands too fast! Please slow down.
16:45:39 [PROFILE_JOIN] §aYou are playing on profile: §eBanana§b (Co-op)
16:45:39 [PROFILE_JOIN] §8Profile ID: b1a71305-1956-42bf-90e4-bce6f7285754
16:45:40 [allowed] §aYou summoned your §r§6Tiger§r§a!
16:45:49 [allowed] §8[§r§3252§r§8] §r§6§l⸕ §r§b[MVP§3+§b] _Hero§f§r§f: what the hell
16:45:54 [allowed] §8[§r§a124§r§8] §r§7☃ §r§a[VIP§6+§a] LOLTiko999§f§r§f: whatz
16:46:00 [allowed] §aFriend > §r§bolleg2 §r§eleft.
16:46:08 [allowed] §eYou consumed a §r§6Booster Cookie§r§e! §r§d
16:46:25 [allowed] §3§l▬▬▬▬▬▬▬▬▬▬▬▬▬▬▬▬▬▬▬▬▬▬▬▬▬▬▬▬▬▬▬▬▬▬▬▬▬▬▬▬▬▬▬▬▬▬▬▬▬▬▬▬▬▬▬▬▬▬▬▬▬▬▬▬
16:46:25 [EMPTY]  
16:46:25 [allowed] §f                         §r§6§lBESTIARY MILESTONE
16:46:25 [allowed] §f                             §r§8CLXXIV §r§8➡§r§e §r§eCLXXXIV
16:46:25 [EMPTY]  
16:46:25 [allowed] §f                                  §r§6§lREWARDS
16:46:25 [allowed] §f                                §r§8+§r§a10 §r§c❤ Health
16:46:25 [allowed] §f                      §r§8+§r§32,000,000 §r§7Combat Experience
16:46:25 [allowed] §f                              §r§8+§r§b10 SkyBlock XP
16:46:25 [EMPTY]  
16:46:25 [allowed] §3§l▬▬▬▬▬▬▬▬▬▬▬▬▬▬▬▬▬▬▬▬▬▬▬▬▬▬▬▬▬▬▬▬▬▬▬▬▬▬▬▬▬▬▬▬▬▬▬▬▬▬▬▬▬▬▬▬▬▬▬▬▬▬▬▬
16:46:25 [allowed] §aYour §r§fKuudra §r§aleveled up to level §r§994§r§a!
16:46:25 [allowed] §aYour §r§6Tiger §r§aleveled up to level §r§990§r§a!
16:46:37 [allowed] §a§r§6Mining Speed Boost §r§ais now available!
16:47:05 [allowed] §cAutopet §eequipped your §7[Lvl 77] §6Monkey§e! §a§lVIEW RULE
16:47:08 [WARPING] §7Warping you to your SkyBlock island...
16:47:08 [WARPING] §7Sending to server mini99AT...
16:47:09 [EMPTY] §8 §r§8 §r§1 §r§3 §r§3 §r§7 §r§8 
16:47:09 [allowed] §eYou haven't claimed your §r§6Summer Rewards §r§eyet!
16:47:09 [allowed] §eTalk to the §r§bSummer Sloth §r§ein the §r§aHub!
16:47:10 [allowed] §cYou are sending commands too fast! Please slow down.
16:47:12 [PROFILE_JOIN] §aYou are playing on profile: §eBanana§b (Co-op)
16:47:12 [PROFILE_JOIN] §8Profile ID: b1a71305-1956-42bf-90e4-bce6f7285754
16:47:29 [allowed] §aWarped from the §r§cRed Teleport Pad§r§a to the §r§dStorage Teleport Pad§r§a!
16:47:33 [allowed] §aWarped from the §r§dStorage Teleport Pad§r§a to the §r§6Spawn Teleport Pad§r§a!
16:47:35 [WARPING] §7Sending to server mini154DH...
16:47:35 [EMPTY] §8 §r§8 §r§1 §r§3 §r§3 §r§7 §r§8 
16:47:35 [allowed] §eYou haven't claimed your §r§6Summer Rewards §r§eyet!
16:47:36 [allowed] §eTalk to the §r§bSummer Sloth §r§ein the §r§aHub!
16:47:37 [allowed] §cYou are sending commands too fast! Please slow down.
16:47:39 [PROFILE_JOIN] §aYou are playing on profile: §eBanana§b (Co-op)
16:47:39 [PROFILE_JOIN] §8Profile ID: b1a71305-1956-42bf-90e4-bce6f7285754
16:47:52 [allowed] §aYou bought §r§fWhite Stained Glass§r§8 x64 §r§afor §r§61,024 Coins§r§a!
16:47:56 [WARPING] §7Warping you to your SkyBlock island...
16:47:56 [WARPING] §7Sending to server mini90BC...
16:47:57 [EMPTY] §8 §r§8 §r§1 §r§3 §r§3 §r§7 §r§8 
16:47:57 [allowed] §eYou haven't claimed your §r§6Summer Rewards §r§eyet!
16:47:57 [allowed] §eTalk to the §r§bSummer Sloth §r§ein the §r§aHub!
16:47:58 [allowed] §eYour §r§c1 §r§eextra Jerry packed his stuff and left!
16:47:58 [allowed] §cYou are sending commands too fast! Please slow down.
16:47:58 [allowed] §cYou are sending commands too fast! Please slow down.
16:48:00 [PROFILE_JOIN] §aYou are playing on profile: §eBanana§b (Co-op)
16:48:00 [PROFILE_JOIN] §8Profile ID: b1a71305-1956-42bf-90e4-bce6f7285754
16:48:26 [allowed] §aYou picked up a minion! You currently have 28 out of a maximum of 29 minions placed.
16:48:48 [allowed] §cThis ability is on cooldown for 29s.
16:48:57 [allowed] §a§r§6Mining Speed Boost §r§ais now available!
16:49:10 [allowed] §cThis ability is on cooldown for 7s.
16:51:26 [WARPING] §7Warping...
16:51:28 [WARPING] §7Sending to server mini1AF...
16:51:29 [EMPTY] §8 §r§8 §r§1 §r§3 §r§3 §r§7 §r§8 
16:51:29 [allowed] §eYou haven't claimed your §r§6Summer Rewards §r§eyet!
16:51:29 [allowed] §eTalk to the §r§bSummer Sloth §r§ein the §r§aHub!
16:51:31 [allowed] §cYou are sending commands too fast! Please slow down.
16:51:32 [PROFILE_JOIN] §aYou are playing on profile: §eBanana§b (Co-op)
16:51:32 [PROFILE_JOIN] §8Profile ID: b1a71305-1956-42bf-90e4-bce6f7285754
16:51:42 [allowed] §aYou bought §r§fWhite Stained Glass§r§8 x64 §r§afor §r§61,024 Coins§r§a!
16:51:59 [allowed] §e[NPC] Plumber Joe§f: §r§fWater troubles? No problem!
16:52:02 [allowed] §aYou bought §r§aPlumber's Sponge §r§afor §r§650 Coins§r§a!
16:52:02 [allowed] §aYou bought §r§aPlumber's Sponge §r§afor §r§650 Coins§r§a!
16:52:02 [allowed] §aYou bought §r§aPlumber's Sponge §r§afor §r§650 Coins§r§a!
16:52:09 [WARPING] §7Warping you to your SkyBlock island...
16:52:09 [WARPING] §7Sending to server mini228M...
16:52:10 [EMPTY] §8 §r§8 §r§1 §r§3 §r§3 §r§7 §r§8 
16:52:10 [allowed] §eYou haven't claimed your §r§6Summer Rewards §r§eyet!
16:52:10 [allowed] §eTalk to the §r§bSummer Sloth §r§ein the §r§aHub!
16:52:12 [allowed] §cYou are sending commands too fast! Please slow down.
16:52:12 [allowed] §cYou are sending commands too fast! Please slow down.
16:52:12 [allowed] §aWarped from the §r§cRed Teleport Pad§r§a to the §r§dStorage Teleport Pad§r§a!
16:52:13 [PROFILE_JOIN] §aYou are playing on profile: §eBanana§b (Co-op)
16:52:13 [PROFILE_JOIN] §8Profile ID: b1a71305-1956-42bf-90e4-bce6f7285754
16:52:32 [allowed] §7Your Giant's Sword hit §r§c25 §r§7enemies for §r§c16,212,650 §r§7damage.
16:53:10 [allowed] §a§r§6Mining Speed Boost §r§ais now available!
16:53:42 [allowed] §7[§bSkyblockAddons§7] §cDrop this item again to confirm!
16:53:47 [allowed] §bYou placed a minion! (29/29)
16:54:04 [allowed] §eYour Foraging Sack §r§eis full of §r§fDark Oak Sapling§r§e!
16:54:13 [allowed] §aYou sold §r§fWhite Stained Glass§r§8 x64 §r§afor §r§6128 Coins§r§a!
16:54:14 [allowed] §aYou sold §r§fSign§r§8 x14 §r§afor §r§614 Coins§r§a!
16:54:15 [allowed] §aYou bought back §r§fSign§r§8 x14 §r§afor §r§614 Coins§r§a!
16:55:00 [allowed] §aYour §r§5Great Spook Tree §r§ahas just sprouted a fruit!
16:55:00 [SKYMALL] §bNew day! §r§eYour §r§2Sky Mall §r§ebuff changed!
16:55:00 [SKYMALL] §eNew buff§r§r§r: §r§fGain §r§a+100 §r§6⸕ Mining Speed§r§f.
16:55:00 [SKYMALL] §8§oYou can disable this messaging by toggling Sky Mall in your /hotm!
16:55:08 [allowed] §7Your Giant's Sword hit §r§c42 §r§7enemies for §r§c28,334,670 §r§7damage.
16:55:55 [EMPTY] §f §r§r§r§f §r§r§r§1 §r§r§r§0 §r§r§r§2 §r§r§r§f §r§r§r§f §r§r§r§2 §r§r§r§0 §r§r§r§4 §r§r§r§3 §r§r§r§9 §r§r§r§2 §r§r§r§0 §r§r§r§0 §r§r§r§3 §r§r§r§9 §r§r§r§2 §r§r§r§0 §r§r§r§0 §r§r§r§3 §r§r§r§9 §r§r§r§2 §r§r§r§0 §r§r§r§0 
16:55:55 [LOBBY] §b[MVP§9+§b] Sebbebas§f §6joined the lobby!
16:55:57 [allowed] §cYou are sending commands too fast! Please slow down.
16:55:58 [LOBBY] §b[MVP§2+§b] Albv§f §6joined the lobby!
16:55:59 [LOBBY] §b[MVP§c+§b] PlsNoDowntime§f §6joined the lobby!
16:56:00 [LOBBY] §b[MVP§2+§b] wGOOB§f §6joined the lobby!
16:56:08 [WARPING] §7Sending to server mini91E...
16:56:09 [EMPTY] §8 §r§8 §r§1 §r§3 §r§3 §r§7 §r§8 
16:56:09 [allowed] §eYou haven't claimed your §r§6Summer Rewards §r§eyet!
16:56:09 [allowed] §eTalk to the §r§bSummer Sloth §r§ein the §r§aHub!
16:56:10 [EMPTY] 
16:56:10 [WELCOME] §eWelcome to §r§aHypixel SkyBlock§r§e!
16:56:10 [allowed] §6§lBONUS! §r§bTemporarily earn §r§a5% §r§bmore skill experience!
16:56:10 [EMPTY] 
16:56:10 [allowed] §eLatest update: §bSkyBlock v0.20.5 §e§lCLICK
16:56:11 [allowed] §cYou are sending commands too fast! Please slow down.
16:56:11 [allowed] §cYou are sending commands too fast! Please slow down.
16:56:11 [PROFILE_JOIN] §aYou are playing on profile: §eBanana§b (Co-op)
16:56:11 [PROFILE_JOIN] §8Profile ID: b1a71305-1956-42bf-90e4-bce6f7285754
16:56:30 [WARPING] §7Sending to server mini149BW...
16:56:30 [EMPTY] §8 §r§8 §r§1 §r§3 §r§3 §r§7 §r§8 
16:56:30 [allowed] §eYou haven't claimed your §r§6Summer Rewards §r§eyet!
16:56:30 [allowed] §eTalk to the §r§bSummer Sloth §r§ein the §r§aHub!
16:56:32 [allowed] §cYou are sending commands too fast! Please slow down.
16:56:33 [PROFILE_JOIN] §aYou are playing on profile: §eBanana§b (Co-op)
16:56:33 [PROFILE_JOIN] §8Profile ID: b1a71305-1956-42bf-90e4-bce6f7285754
16:56:51 [allowed] §aYou bought §r§fPrismarine§r§8 x64 §r§afor §r§6640 Coins§r§a!
16:56:54 [allowed] §aYou bought §r§fDark Prismarine§r§8 x64 §r§afor §r§6640 Coins§r§a!
16:57:03 [allowed] §aYou bought §r§fBlue Stained Glass§r§8 x64 §r§afor §r§61,024 Coins§r§a!
16:57:06 [allowed] §aYou bought §r§fBlue Stained Glass Pane§r§8 x64 §r§afor §r§61,024 Coins§r§a!
16:57:18 [allowed] §aYou bought §r§fPrismarine§r§8 x64 §r§afor §r§6640 Coins§r§a!
16:57:31 [allowed] §a§r§6Mining Speed Boost §r§ais now available!
16:57:37 [allowed] §aYou bought §r§fJungle Fence Gate §r§afor §r§62 Coins§r§a!
16:57:38 [allowed] §aYou sold §r§fJungle Fence Gate§r§8 x1 §r§afor §r§61 Coin§r§a!
16:57:58 [allowed] §6[Bazaar] §r§7Executing instant buy...
16:57:58 [allowed] §6[Bazaar] §r§7Bought §r§a10§r§7x §r§fPrismarine Crystals §r§7for §r§6108.0 coins§r§7!
16:58:09 [allowed] §aYou sold §r§fPrismarine Crystals§r§8 x10 §r§afor §r§650 Coins§r§a!
16:58:27 [WARPING] §7Sending to server mini142G...
16:58:28 [EMPTY] §8 §r§8 §r§1 §r§3 §r§3 §r§7 §r§8 
16:58:28 [allowed] §eYou haven't claimed your §r§6Summer Rewards §r§eyet!
16:58:28 [allowed] §eTalk to the §r§bSummer Sloth §r§ein the §r§aHub!
16:58:30 [allowed] §cYou are sending commands too fast! Please slow down.
16:58:31 [PROFILE_JOIN] §aYou are playing on profile: §eBanana§b (Co-op)
16:58:31 [PROFILE_JOIN] §8Profile ID: b1a71305-1956-42bf-90e4-bce6f7285754
16:59:28 [allowed] §a§r§6Mining Speed Boost §r§ais now available!
17:01:22 [allowed] §aYou enchanted your §r§aDiamond Pickaxe §r§awith Silk Touch I§r§a!
