16:43:53 [EMPTY] §f §r§r§r§f §r§r§r§1 §r§r§r§0 §r§r§r§2 §r§r§r§f §r§r§r§f §r§r§r§2 §r§r§r§0 §r§r§r§4 §r§r§r§3 §r§r§r§9 §r§r§r§2 §r§r§r§0 §r§r§r§0 §r§r§r§3 §r§r§r§9 §r§r§r§2 §r§r§r§0 §r§r§r§0 §r§r§r§3 §r§r§r§9 §r§r§r§2 §r§r§r§0 §r§r§r§0 
16:43:53 [LOBBY]   §r§f§l➤ §r§6You have reached your Hype limit! Add Hype to Prototype Lobby minigames by right-clicking with the Hype Diamond!
16:44:09 [WARPING] §7Sending to server mini39CV...
16:44:10 [EMPTY] §8 §r§8 §r§1 §r§3 §r§3 §r§7 §r§8 
16:44:12 [EMPTY] 
16:44:12 [WELCOME] §eWelcome to §r§aHypixel SkyBlock§r§e!
16:44:12 [EMPTY] 
16:44:13 [PROFILE_JOIN] §aYou are playing on profile: §eApple§b (Co-op)
16:44:13 [PROFILE_JOIN] §8Profile ID: b1a71305-1956-42bf-90e4-bce6f7285754
16:44:49 [EMPTY] §f §r§r§r§f §r§r§r§1 §r§r§r§0 §r§r§r§2 §r§r§r§f §r§r§r§f §r§r§r§2 §r§r§r§0 §r§r§r§4 §r§r§r§3 §r§r§r§9 §r§r§r§2 §r§r§r§0 §r§r§r§0 §r§r§r§3 §r§r§r§9 §r§r§r§2 §r§r§r§0 §r§r§r§0 §r§r§r§3 §r§r§r§9 §r§r§r§2 §r§r§r§0 §r§r§r§0 
16:44:49 [LOBBY] §b[MVP§9+§b] Sebbebas§f §6joined the lobby!
16:44:50 [LOBBY] §b[MVP§5+§b] DarkestLariat§f §6joined the lobby!
16:44:53 [WARPING] §7Sending to server mini99AF...
16:44:53 [EMPTY] §8 §r§8 §r§1 §r§3 §r§3 §r§7 §r§8 
16:44:55 [EMPTY] 
16:44:55 [WELCOME] §eWelcome to §r§aHypixel SkyBlock§r§e!
16:44:55 [EMPTY] 
16:44:56 [PROFILE_JOIN] §aYou are playing on profile: §eBanana§b (Co-op)
16:44:56 [PROFILE_JOIN] §8Profile ID: b1a71305-1956-42bf-90e4-bce6f7285754
16:45:36 [WARPING] §7Warping...
16:45:36 [WARPING] §7Sending to server mini3AS...
16:45:36 [EMPTY] §8 §r§8 §r§1 §r§3 §r§3 §r§7 §r§8 
16:45:39 [PROFILE_JOIN] §aYou are playing on profile: §eBanana§b (Co-op)
16:45:39 [PROFILE_JOIN] §8Profile ID: b1a71305-1956-42bf-90e4-bce6f7285754
16:46:25 [EMPTY]  
16:46:25 [EMPTY]  
16:46:25 [EMPTY]  
16:47:08 [WARPING] §7Warping you to your SkyBlock island...
16:47:08 [WARPING] §7Sending to server mini99AT...
16:47:09 [EMPTY] §8 §r§8 §r§1 §r§3 §r§3 §r§7 §r§8 
16:47:12 [PROFILE_JOIN] §aYou are playing on profile: §eBanana§b (Co-op)
16:47:12 [PROFILE_JOIN] §8Profile ID: b1a71305-1956-42bf-90e4-bce6f7285754
16:47:35 [WARPING] §7Sending to server mini154DH...
16:47:35 [EMPTY] §8 §r§8 §r§1 §r§3 §r§3 §r§7 §r§8 
16:47:39 [PROFILE_JOIN] §aYou are playing on profile: §eBanana§b (Co-op)
16:47:39 [PROFILE_JOIN] §8Profile ID: b1a71305-1956-42bf-90e4-bce6f7285754
16:47:56 [WARPING] §7Warping you to your SkyBlock island...
16:47:56 [WARPING] §7Sending to server mini90BC...
16:47:57 [EMPTY] §8 §r§8 §r§1 §r§3 §r§3 §r§7 §r§8 
16:48:00 [PROFILE_JOIN] §aYou are playing on profile: §eBanana§b (Co-op)
16:48:00 [PROFILE_JOIN] §8Profile ID: b1a71305-1956-42bf-90e4-bce6f7285754
16:51:26 [WARPING] §7Warping...
16:51:28 [WARPING] §7Sending to server mini1AF...
16:51:29 [EMPTY] §8 §r§8 §r§1 §r§3 §r§3 §r§7 §r§8 
16:51:32 [PROFILE_JOIN] §aYou are playing on profile: §eBanana§b (Co-op)
16:51:32 [PROFILE_JOIN] §8Profile ID: b1a71305-1956-42bf-90e4-bce6f7285754
16:52:09 [WARPING] §7Warping you to your SkyBlock island...
16:52:09 [WARPING] §7Sending to server mini228M...
16:52:10 [EMPTY] §8 §r§8 §r§1 §r§3 §r§3 §r§7 §r§8 
16:52:13 [PROFILE_JOIN] §aYou are playing on profile: §eBanana§b (Co-op)
16:52:13 [PROFILE_JOIN] §8Profile ID: b1a71305-1956-42bf-90e4-bce6f7285754
16:55:00 [SKYMALL] §bNew day! §r§eYour §r§2Sky Mall §r§ebuff changed!
16:55:00 [SKYMALL] §eNew buff§r§r§r: §r§fGain §r§a+100 §r§6⸕ Mining Speed§r§f.
16:55:00 [SKYMALL] §8§oYou can disable this messaging by toggling Sky Mall in your /hotm!
16:55:55 [EMPTY] §f §r§r§r§f §r§r§r§1 §r§r§r§0 §r§r§r§2 §r§r§r§f §r§r§r§f §r§r§r§2 §r§r§r§0 §r§r§r§4 §r§r§r§3 §r§r§r§9 §r§r§r§2 §r§r§r§0 §r§r§r§0 §r§r§r§3 §r§r§r§9 §r§r§r§2 §r§r§r§0 §r§r§r§0 §r§r§r§3 §r§r§r§9 §r§r§r§2 §r§r§r§0 §r§r§r§0 
16:55:55 [LOBBY] §b[MVP§9+§b] Sebbebas§f §6joined the lobby!
16:55:58 [LOBBY] §b[MVP§2+§b] Albv§f §6joined the lobby!
16:55:59 [LOBBY] §b[MVP§c+§b] PlsNoDowntime§f §6joined the lobby!
16:56:00 [LOBBY] §b[MVP§2+§b] wGOOB§f §6joined the lobby!
16:56:08 [WARPING] §7Sending to server mini91E...
16:56:09 [EMPTY] §8 §r§8 §r§1 §r§3 §r§3 §r§7 §r§8 
16:56:10 [EMPTY] 
16:56:10 [WELCOME] §eWelcome to §r§aHypixel SkyBlock§r§e!
16:56:10 [EMPTY] 
16:56:11 [PROFILE_JOIN] §aYou are playing on profile: §eBanana§b (Co-op)
16:56:11 [PROFILE_JOIN] §8Profile ID: b1a71305-1956-42bf-90e4-bce6f7285754
16:56:30 [WARPING] §7Sending to server mini149BW...
16:56:30 [EMPTY] §8 §r§8 §r§1 §r§3 §r§3 §r§7 §r§8 
16:56:33 [PROFILE_JOIN] §aYou are playing on profile: §eBanana§b (Co-op)
16:56:33 [PROFILE_JOIN] §8Profile ID: b1a71305-1956-42bf-90e4-bce6f7285754
16:58:27 [WARPING] §7Sending to server mini142G...
16:58:28 [EMPTY] §8 §r§8 §r§1 §r§3 §r§3 §r§7 §r§8 
16:58:31 [PROFILE_JOIN] §aYou are playing on profile: §eBanana§b (Co-op)
16:58:31 [PROFILE_JOIN] §8Profile ID: b1a71305-1956-42bf-90e4-bce6f7285754
