17:43:28 OptiFine ConnectedTextures
17:43:28 OptiFine ConnectedTextures
17:43:28 OptiFine ConnectedTextures
17:43:28 OptiFine ConnectedTextures
17:43:28 OptiFine ConnectedTextures
17:43:28 OptiFine ConnectedTextures
17:43:28 OptiFine ConnectedTextures
17:43:28 OptiFine ConnectedTextures
17:43:28 OptiFine ConnectedTextures
17:43:28 OptiFine ConnectedTextures
17:43:28 OptiFine ConnectedTextures
17:43:28 OptiFine ConnectedTextures
17:43:28 OptiFine ConnectedTextures
17:43:28 OptiFine ConnectedTextures
17:43:28 OptiFine ConnectedTextures
17:43:28 OptiFine ConnectedTextures
17:43:28 OptiFine ConnectedTextures
17:43:28 OptiFine ConnectedTextures
17:43:28 OptiFine ConnectedTextures
17:43:28 OptiFine ConnectedTextures
17:43:28 OptiFine ConnectedTextures
17:43:28 OptiFine ConnectedTextures
17:43:28 OptiFine ConnectedTextures
17:43:28 OptiFine ConnectedTextures
17:43:28 OptiFine ConnectedTextures
17:43:28 OptiFine ConnectedTextures
17:43:28 OptiFine ConnectedTextures
17:43:28 OptiFine ConnectedTextures
17:43:28 OptiFine ConnectedTextures
17:43:28 OptiFine ConnectedTextures
17:43:28 OptiFine ConnectedTextures
17:43:28 OptiFine ConnectedTextures
17:43:28 OptiFine ConnectedTextures
17:43:28 OptiFine ConnectedTextures
17:43:28 OptiFine ConnectedTextures
17:43:28 OptiFine ConnectedTextures
17:44:30 OptiFine ConnectedTextures
17:44:30 OptiFine ConnectedTextures
17:44:30 OptiFine ConnectedTextures
17:44:30 OptiFine ConnectedTextures
17:44:30 OptiFine ConnectedTextures
17:44:30 OptiFine ConnectedTextures
17:44:30 OptiFine ConnectedTextures
17:44:30 OptiFine ConnectedTextures
17:44:30 OptiFine ConnectedTextures
17:44:30 OptiFine ConnectedTextures
17:44:30 OptiFine ConnectedTextures
17:44:30 OptiFine ConnectedTextures
17:44:30 OptiFine ConnectedTextures
17:44:30 OptiFine ConnectedTextures
17:44:30 OptiFine ConnectedTextures
17:44:30 OptiFine ConnectedTextures
17:44:30 OptiFine ConnectedTextures
17:44:30 OptiFine ConnectedTextures
17:44:30 OptiFine ConnectedTextures
17:44:30 OptiFine ConnectedTextures
17:44:30 OptiFine ConnectedTextures
17:44:30 OptiFine ConnectedTextures
17:44:30 OptiFine ConnectedTextures
17:44:30 OptiFine ConnectedTextures
17:44:30 OptiFine ConnectedTextures
17:44:30 OptiFine ConnectedTextures
17:44:30 OptiFine ConnectedTextures
17:44:30 OptiFine ConnectedTextures
17:44:30 OptiFine ConnectedTextures
17:44:30 OptiFine ConnectedTextures
17:44:30 OptiFine ConnectedTextures
17:44:30 OptiFine ConnectedTextures
17:44:30 OptiFine ConnectedTextures
17:44:30 OptiFine ConnectedTextures
17:44:30 OptiFine ConnectedTextures
17:44:30 OptiFine ConnectedTextures
17:44:30 OptiFine ConnectedTextures
17:44:30 OptiFine ConnectedTextures
17:44:30 OptiFine ConnectedTextures
17:44:30 OptiFine ConnectedTextures
17:44:30 OptiFine ConnectedTextures
17:44:30 OptiFine ConnectedTextures
17:44:30 OptiFine ConnectedTextures
17:44:30 OptiFine ConnectedTextures
17:44:30 OptiFine ConnectedTextures
17:44:30 OptiFine ConnectedTextures
17:44:30 OptiFine ConnectedTextures
17:44:30 OptiFine ConnectedTextures
17:44:30 OptiFine ConnectedTextures
17:44:30 OptiFine ConnectedTextures
17:44:30 OptiFine ConnectedTextures
17:44:30 OptiFine ConnectedTextures
17:44:30 OptiFine ConnectedTextures
17:44:30 OptiFine ConnectedTextures
17:44:30 OptiFine ConnectedTextures
17:44:30 OptiFine ConnectedTextures
17:44:30 OptiFine ConnectedTextures
17:44:30 OptiFine ConnectedTextures
17:44:30 OptiFine ConnectedTextures
17:44:30 OptiFine ConnectedTextures
17:44:30 OptiFine ConnectedTextures
17:44:30 OptiFine ConnectedTextures
17:44:30 OptiFine ConnectedTextures
17:44:30 OptiFine ConnectedTextures
17:44:30 OptiFine ConnectedTextures
17:44:30 OptiFine ConnectedTextures
17:44:30 OptiFine ConnectedTextures
17:48:27 AsmHelper Transforming
17:48:27 AsmHelper Applying AsmWriter
17:49:11 Grow BufferBuilder buffer
17:49:11 Grow BufferBuilder buffer
17:49:11 Grow BufferBuilder buffer
17:49:11 Grow BufferBuilder buffer
17:49:11 Grow BufferBuilder buffer
18:22:55 Biome ID bounds
18:22:55 Biome ID bounds
18:22:55 Biome ID bounds
18:22:55 Biome ID bounds
18:22:55 Biome ID bounds
18:22:55 Biome ID bounds
18:22:55 Biome ID bounds
18:22:55 Biome ID bounds
18:22:55 Biome ID bounds
18:22:55 Biome ID bounds
18:22:55 Biome ID bounds
18:22:55 Biome ID bounds
18:22:55 Biome ID bounds
18:22:55 Biome ID bounds
18:22:55 Biome ID bounds
