18:36:22 §7Sending to server mini66BN...
18:41:31 §7Warping...
18:41:31 §7Sending to server mini30CP...
19:48:22 §7Sending to server mini30CP...
19:52:57 §7Sending to server mini30CP...
19:59:08 §7Sending to server mini142CT...
20:23:34 §7Sending to server mini24H...
20:33:23 §7Sending to server mini35E...
20:35:53 §7Sending to server mini1025T...
20:45:15 §7Sending to server mini1025V...
20:48:18 §7Sending to server mini154DH...
20:59:23 §7Sending to server mini192DP...
21:00:41 §7Warping...
21:00:41 §7Sending to server mini93CV...
21:01:06 §7Warping...
21:01:06 §7Sending to server mini265D...
21:01:57 §7Sending to server mini196CR...
21:12:52 §7Warping...
21:12:52 §7Sending to server mini13B...
21:13:35 §7Warping...
21:13:35 §7Sending to server mini24AF...
21:15:08 §7Sending to server mini25CG...
21:15:27 §7Warping...
21:15:28 §7Sending to server mini91BN...
21:16:11 §7Sending to server mini80DV...
21:23:04 §7Warping...
21:23:05 §7Sending to server mini12DU...
