17:48:27 §f §r§r§r§f §r§r§r§1 §r§r§r§0 §r§r§r§2 §r§r§r§f §r§r§r§f §r§r§r§2 §r§r§r§0 §r§r§r§4 §r§r§r§3 §r§r§r§9 §r§r§r§2 §r§r§r§0 §r§r§r§0 §r§r§r§3 §r§r§r§9 §r§r§r§2 §r§r§r§0 §r§r§r§0 §r§r§r§3 §r§r§r§9 §r§r§r§2 §r§r§r§0 §r§r§r§0 
17:48:35 §8 §r§8 §r§1 §r§3 §r§3 §r§7 §r§8 
17:48:37 
17:48:37 
17:49:00 §8 §r§8 §r§1 §r§3 §r§3 §r§7 §r§8 
17:53:50 §8 §r§8 §r§1 §r§3 §r§3 §r§7 §r§8 
17:55:40 §8 §r§8 §r§1 §r§3 §r§3 §r§7 §r§8 
17:56:37 §f §r§r§r§f §r§r§r§1 §r§r§r§0 §r§r§r§2 §r§r§r§f §r§r§r§f §r§r§r§2 §r§r§r§0 §r§r§r§4 §r§r§r§3 §r§r§r§9 §r§r§r§2 §r§r§r§0 §r§r§r§0 §r§r§r§3 §r§r§r§9 §r§r§r§2 §r§r§r§0 §r§r§r§0 §r§r§r§3 §r§r§r§9 §r§r§r§2 §r§r§r§0 §r§r§r§0 
17:56:41 §8 §r§8 §r§1 §r§3 §r§3 §r§7 §r§8 
17:56:44 
17:56:44 
17:58:03 §8 §r§8 §r§1 §r§3 §r§3 §r§7 §r§8 
18:01:06 §f
18:02:22 §8 §r§8 §r§1 §r§3 §r§3 §r§7 §r§8 
18:04:36 §8 §r§8 §r§1 §r§3 §r§3 §r§7 §r§8 
18:06:11 §8 §r§8 §r§1 §r§3 §r§3 §r§7 §r§8 
18:07:47 §8 §r§8 §r§1 §r§3 §r§3 §r§7 §r§8 
18:09:56 §8 §r§8 §r§1 §r§3 §r§3 §r§7 §r§8 
18:10:42 §8 §r§8 §r§1 §r§3 §r§3 §r§7 §r§8 
18:11:05 §8 §r§8 §r§1 §r§3 §r§3 §r§7 §r§8 
18:12:38 
18:14:07 §8 §r§8 §r§1 §r§3 §r§3 §r§7 §r§8 
18:16:41 §8 §r§8 §r§1 §r§3 §r§3 §r§7 §r§8 
18:19:50 §8 §r§8 §r§1 §r§3 §r§3 §r§7 §r§8 
18:20:40 §8 §r§8 §r§1 §r§3 §r§3 §r§7 §r§8 
18:22:23 §8 §r§8 §r§1 §r§3 §r§3 §r§7 §r§8 
18:22:54 §8 §r§8 §r§1 §r§3 §r§3 §r§7 §r§8 
18:24:19 §8 §r§8 §r§1 §r§3 §r§3 §r§7 §r§8 
18:24:38 §8 §r§8 §r§1 §r§3 §r§3 §r§7 §r§8 
18:26:05 §8 §r§8 §r§1 §r§3 §r§3 §r§7 §r§8 
18:26:13 §8 §r§8 §r§1 §r§3 §r§3 §r§7 §r§8 
18:28:55 §8 §r§8 §r§1 §r§3 §r§3 §r§7 §r§8 
18:29:05 §8 §r§8 §r§1 §r§3 §r§3 §r§7 §r§8 
18:31:25 §8 §r§8 §r§1 §r§3 §r§3 §r§7 §r§8 
18:31:54 §8 §r§8 §r§1 §r§3 §r§3 §r§7 §r§8 
18:33:33 §8 §r§8 §r§1 §r§3 §r§3 §r§7 §r§8 
18:33:42 §8 §r§8 §r§1 §r§3 §r§3 §r§7 §r§8 
18:34:48 §f §r§r§r§f §r§r§r§1 §r§r§r§0 §r§r§r§2 §r§r§r§f §r§r§r§f §r§r§r§2 §r§r§r§0 §r§r§r§4 §r§r§r§3 §r§r§r§9 §r§r§r§2 §r§r§r§0 §r§r§r§0 §r§r§r§3 §r§r§r§9 §r§r§r§2 §r§r§r§0 §r§r§r§0 §r§r§r§3 §r§r§r§9 §r§r§r§2 §r§r§r§0 §r§r§r§0 
18:34:51 §8 §r§8 §r§1 §r§3 §r§3 §r§7 §r§8 
18:34:54 
18:34:54 
18:34:56 §8 §r§8 §r§1 §r§3 §r§3 §r§7 §r§8 
18:35:12 §8 §r§8 §r§1 §r§3 §r§3 §r§7 §r§8 
18:37:44 §8 §r§8 §r§1 §r§3 §r§3 §r§7 §r§8 
18:38:26 §8 §r§8 §r§1 §r§3 §r§3 §r§7 §r§8 
18:40:14 §8 §r§8 §r§1 §r§3 §r§3 §r§7 §r§8 
18:40:25 §8 §r§8 §r§1 §r§3 §r§3 §r§7 §r§8 
18:41:59 §8 §r§8 §r§1 §r§3 §r§3 §r§7 §r§8 
18:42:31 §8 §r§8 §r§1 §r§3 §r§3 §r§7 §r§8 
18:43:49 §8 §r§8 §r§1 §r§3 §r§3 §r§7 §r§8 
18:44:06 §8 §r§8 §r§1 §r§3 §r§3 §r§7 §r§8 
18:46:20 §8 §r§8 §r§1 §r§3 §r§3 §r§7 §r§8 
18:46:55 §8 §r§8 §r§1 §r§3 §r§3 §r§7 §r§8 
18:48:27 §8 §r§8 §r§1 §r§3 §r§3 §r§7 §r§8 
18:48:56 §8 §r§8 §r§1 §r§3 §r§3 §r§7 §r§8 
18:50:43 §8 §r§8 §r§1 §r§3 §r§3 §r§7 §r§8 
18:51:00 §8 §r§8 §r§1 §r§3 §r§3 §r§7 §r§8 
18:52:03  
18:52:32 §f §r§r§r§f §r§r§r§1 §r§r§r§0 §r§r§r§2 §r§r§r§f §r§r§r§f §r§r§r§2 §r§r§r§0 §r§r§r§4 §r§r§r§3 §r§r§r§9 §r§r§r§2 §r§r§r§0 §r§r§r§0 §r§r§r§3 §r§r§r§9 §r§r§r§2 §r§r§r§0 §r§r§r§0 §r§r§r§3 §r§r§r§9 §r§r§r§2 §r§r§r§0 §r§r§r§0 
18:52:36 §8 §r§8 §r§1 §r§3 §r§3 §r§7 §r§8 
18:52:38 
18:52:38 
18:52:39 §8 §r§8 §r§1 §r§3 §r§3 §r§7 §r§8 
18:52:45 §8 §r§8 §r§1 §r§3 §r§3 §r§7 §r§8 
18:54:48 §8 §r§8 §r§1 §r§3 §r§3 §r§7 §r§8 
19:04:31 
19:04:47 
19:04:47 
19:04:51 §8 §r§8 §r§1 §r§3 §r§3 §r§7 §r§8 
19:06:07 §8 §r§8 §r§1 §r§3 §r§3 §r§7 §r§8 
19:07:25 
19:07:25 
19:07:25 
19:07:33 
19:07:33 
19:07:33 
19:07:43 
19:07:43 
19:07:43 
19:15:38 
19:15:49 
19:15:49 
19:15:52 §8 §r§8 §r§1 §r§3 §r§3 §r§7 §r§8 
19:16:32 §8 §r§8 §r§1 §r§3 §r§3 §r§7 §r§8 
19:27:12 
19:27:22 
19:27:22 
19:27:25 §8 §r§8 §r§1 §r§3 §r§3 §r§7 §r§8 
