22:08:20 `24bn02257s`571 missed {
 is already Found: false).
 Position: LorenzVec{x=-39.5, y=70.0, z=-78.90625}
 DistanceC: 19.60624998807907
Relative Position: LorenzVec{x=-16.80000001192093, y=-1.0, z=-19.60624998807907}
 }
22:08:42 `ยง7Villager`362 missed {
 is already Found: false).
 Position: LorenzVec{x=-11.3125, y=70.0, z=-95.6875}
 DistanceC: 21.94318516170152
Relative Position: LorenzVec{x=21.94318516170152, y=0.0, z=-20.98750001192093}
 }
22:08:44 `pv3xu87m98`239 missed {
 is already Found: false).
 Position: LorenzVec{x=-55.5, y=72.0, z=-56.5}
 DistanceC: 22.24431483829848
Relative Position: LorenzVec{x=-22.24431483829848, y=2.0, z=18.19999998807907}
 }
22:21:56 `bn812v9m1n`163 missed {
 is already Found: false).
 Position: LorenzVec{x=84.0, y=224.0, z=-118.0}
 DistanceC: 17.21699758201568
Relative Position: LorenzVec{x=-4.1170948202445175, y=2.593821145304645, z=-17.21699758201568}
 }
22:33:42 `Ghast`13433606 missed {
 is already Found: false).
 Position: LorenzVec{x=16.842665696620116, y=56.418276815900946, z=20.125342149844002}
 DistanceC: 18.969656884753107
Relative Position: LorenzVec{x=-18.969656884753107, y=22.477076776728772, z=-16.923699453478847}
 }
22:41:25 `Ghast`13550493 missed {
 is already Found: false).
 Position: LorenzVec{x=36.72725153040581, y=48.18957348722344, z=22.139405290150968}
 DistanceC: 15.060594697928103
Relative Position: LorenzVec{x=2.027251542326738, y=16.18957348722344, z=-15.060594697928103}
 }
