20:31:49 [allowed] §b§m--------------§r§f  §r§aGuild: Message Of The Day  §r§b§m--------------
20:31:49 [allowed] §b| §r§f[22] [MVP+] Sebbebas Ⓑ: you should give me foraging 50 on my main
20:31:49 [allowed] §b| §r§f[22] [MVP+] Sebbebas Ⓑ: wink wink
20:31:49 [allowed] §b| §r§f[300] [ADMIN] LadyBleu: you almost had iit until you winked
20:31:49 [allowed] §b| §r§f[22] [MVP+] Sebbebas Ⓑ: :(
20:31:49 [allowed] §b| §r§f[300] [ADMIN] LadyBleu: biig mistaake
20:31:49 [allowed] §b§m-----------------------------------------------------
20:31:50 [allowed] §aYou have §b1 §aunclaimed leveling reward!
20:31:50 [allowed] §eClick here to view it!
20:31:56 [allowed] §aSince you've been away you earned §r§688,920 coins §r§aas interest in your personal bank account!
20:31:56 [allowed] §b-----------------------------------------------------
20:31:56 [allowed] §aYou have just received §r§6444,600 coins §r§aas interest in your co-op bank account!
20:31:56 [allowed] §b-----------------------------------------------------
20:31:58 [allowed] §eLatest update: §bSkyBlock v0.21 §e§lCLICK
20:31:58 [allowed] §eProfile ID: §r§ab1a71305-1956-42bf-90e4-bce6f7285754
20:31:58 [allowed] §e§lCLICK THIS TO SUGGEST IT IN CHAT §7§l[DASHES]
20:31:58 [allowed] §e§lCLICK THIS TO SUGGEST IT IN CHAT §7§l[NO DASHES]
20:32:00 [allowed] §6§lALLOWANCE! §r§eYou earned §r§650,000 coins§r§e!
20:32:05 [allowed] §c§r§eYou need the §r§dCookie Buff §r§eto use this feature!
20:32:05 [allowed] §eObtain a §r§6Booster Cookie §r§efrom the community shop in the hub!
20:32:32 [allowed] §6§lRARE REWARD! §r§6Likely_to_throw §r§efound a §r§6Recombobulator 3000 §r§ein their Obsidian Chest§r§e!
20:32:36 [allowed] §6§lRARE REWARD! §r§6Likely_to_throw §r§efound a §r§5Fuming Potato Book §r§ein their Bedrock Chest§r§e!
20:32:48 [allowed] §cThere are blocks in the way!
20:32:53 [allowed] §cThere are blocks in the way!
20:32:56 [allowed] §6[Bazaar] §r§7Claiming order...
20:32:56 [allowed] §6[Bazaar] §r§7§r§7Claimed §r§61,924,127 coins §r§7from selling §r§a1§r§7x §r§5Diamante's Handle §r§7at §r§61,946,020 §r§7each!
20:34:34 [allowed] §cThere are blocks in the way!
20:35:17 [allowed] §f§m-----------------------------------------------------
§r§cYou should NEVER enter your Microsoft account details anywhere but on official Microsoft services!

§r§cExternal links from untrusted sources should be avoided.
§r§f§m-----------------------------------------------------
20:35:21 [allowed] §d§lYum! §r§eYou gain §r§f+10✦ Speed §r§efor §r§a48 §r§ehours!
20:35:22 [allowed] §d§lYum! §r§eYou gain §r§c+2⫽ Ferocity §r§efor §r§a48 §r§ehours!
20:35:22 [allowed] §d§lYum! §r§eYou gain §r§c+2❁ Strength §r§efor §r§a48 §r§ehours!
20:35:23 [allowed] §d§lYum! §r§eYou gain §r§6+5☘ Foraging Fortune §r§efor §r§a48 §r§ehours!
20:35:23 [allowed] §d§lYum! §r§eYou gain §r§f+1❂ True Defense §r§efor §r§a48 §r§ehours!
20:35:24 [allowed] §d§lYum! §r§eYou gain §r§b+1✯ Magic Find §r§efor §r§a48 §r§ehours!
20:35:25 [allowed] §d§lYum! §r§eYou gain §r§6+5☘ Farming Fortune §r§efor §r§a48 §r§ehours!
20:35:25 [allowed] §d§lYum! §r§eYou gain §r§4+1♨ Vitality §r§efor §r§a48 §r§ehours!
20:35:26 [allowed] §d§lYum! §r§eYou gain §r§6+5☘ Mining Fortune §r§efor §r§a48 §r§ehours!
20:35:26 [allowed] §d§lYum! §r§eYou gain §r§3+1α Sea Creature Chance §r§efor §r§a48 §r§ehours!
20:35:27 [allowed] §d§lYum! §r§eYou gain §r§d+1♣ Pet Luck §r§efor §r§a48 §r§ehours!
20:35:27 [allowed] §d§lYum! §r§eYou gain §r§c+10❤ Health §r§efor §r§a48 §r§ehours!
20:35:27 [allowed] §d§lYum! §r§eYou gain §r§a+3❈ Defense §r§efor §r§a48 §r§ehours!
20:35:29 [allowed] §cThis ability is disabled while guesting!
20:35:32 [allowed] §d§lYum! §r§eYou gain §r§b+5✎ Intelligence §r§efor §r§a48 §r§ehours!
20:35:39 [allowed] §cYou may only use this command after 4s on the server!
20:35:40 [allowed] §cYou may only use this command after 4s on the server!
20:35:41 [allowed] §6§lSPOOKY FESTIVAL §r§eThe event is active! Kill mobs to collect Candy, which can be traded in for cool items!
20:35:47 [allowed] §c ☠ §r§7§r§7sophigho§r§7 was killed by §r§6Wither Gourd§r§7§r§7.
20:36:07 [allowed] §aYou used your §r§6Mining Speed Boost §r§aPickaxe Ability!
20:36:22 [allowed] §cYour Mining Speed Boost has expired!
20:36:23 [allowed] §6[Bazaar] §r§7Putting goods in escrow...
20:36:23 [allowed] §6[Bazaar] §r§7Submitting buy order...
20:36:23 [allowed] §6[Bazaar] §r§7§r§eBuy Order Setup! §r§a1§r§7x §r§6Booster Cookie §r§7for §r§613,704,146 coins§r§7.
20:36:28 [allowed] §cThere are blocks in the way!
