21:59:47 [allowed] §eYou haven't claimed your §r§6Spooky Rewards §r§eyet!
21:59:47 [allowed] §b-----------------------------------------------------
21:59:47 [allowed] §aYou have just received §r§6390,000 coins §r§aas interest in your co-op bank account!
21:59:47 [allowed] §b-----------------------------------------------------
21:59:47 [allowed] §eTalk to the §r§bSpooky Man §r§ein the §r§aHub§r§e!
21:59:49 [allowed] §6§lMAINTENANCE!
21:59:49 [allowed] §7 SkyBlock will be temporarily unavailable on §r§eOctober 21st @ 12am EDT §r§7for maintenance.
21:59:49 [allowed] §7 Check the status page for more info: §r§b§nhttps://status.hypixel.net
21:59:49 [allowed] §eLatest update: §bSkyBlock v0.20.6 §e§lCLICK
21:59:49 [allowed] §f               §7You have §315,912 §7materials stashed away!
21:59:49 [allowed] §f              §8(This totals 3 types of materials stashed!)
21:59:49 [allowed] §f                §3§l>>> §3§lCLICK HERE§b to pick them up! §3§l<<<
22:00:26 [allowed] §eMaxed the Supercraft to §r§b127x crafts§r§e!
22:00:26 [allowed] §eYou Supercrafted §r§r§r§aEnchanted Iron §r§8x127§r§e!
22:00:37 [allowed] §eMaxed the Supercraft to §r§b126x crafts§r§e!
22:00:37 [allowed] §eYou Supercrafted §r§r§r§aEnchanted Coal §r§8x126§r§e!
22:00:45 [allowed] §f               §7You have §315,912 §7materials stashed away!
22:00:46 [allowed] §f              §8(This totals 3 types of materials stashed!)
22:00:46 [allowed] §f                §3§l>>> §3§lCLICK HERE§b to pick them up! §3§l<<<
22:01:41 [allowed] §eMaxed the Supercraft to §r§b126x crafts§r§e!
22:01:42 [allowed] §eYou Supercrafted §r§r§r§aEnchanted Redstone §r§8x126§r§e!
22:01:42 [allowed] §cYou are missing some ingredients to execute this Supercraft!
22:01:46 [allowed] §f               §7You have §315,912 §7materials stashed away!
22:01:46 [allowed] §f              §8(This totals 3 types of materials stashed!)
22:01:46 [allowed] §f                §3§l>>> §3§lCLICK HERE§b to pick them up! §3§l<<<
22:02:49 [allowed] §f               §7You have §315,912 §7materials stashed away!
22:02:49 [allowed] §f              §8(This totals 3 types of materials stashed!)
22:02:49 [allowed] §f                §3§l>>> §3§lCLICK HERE§b to pick them up! §3§l<<<
22:03:32 [allowed] §c ☠ §r§7§r§aEisenender05§r§7 was killed by Ghost§r§7§r§7.
22:03:36 [allowed]  §c⚑ §eThe §cGoblin Raid §eevent starts in §a20 §eseconds!
 §aClick here §eto teleport to §bGarry §eand prepare!
22:03:44 [allowed] §f                          §r§3§lSKYBLOCK LEVEL UP
22:03:44 [allowed] §f                             §r§3Level §r§8278 ➡ §r§8[§r§3279§r§8]
22:03:44 [allowed] §f                                  §r§6§lREWARDS
22:03:44 [allowed] §f                                 §r§8+§r§a5 §r§c❤ Health
22:03:48 [allowed] §f                          §r§3§lSKYBLOCK LEVEL UP
22:03:48 [allowed] §f                             §r§9Level §r§8279 ➡ §r§8[§r§9280§r§8]
22:03:48 [allowed] §f                                  §r§6§lREWARDS
22:03:48 [allowed] §f                              §r§9Blue Level Prefix
22:03:48 [allowed] §f                               §r§8+§r§a1 §r§c❁ Strength
22:03:48 [allowed] §f                                 §r§8+§r§a5 §r§c❤ Health
22:03:48 [allowed] §f               §7You have §315,912 §7materials stashed away!
22:03:48 [allowed] §f              §8(This totals 3 types of materials stashed!)
22:03:48 [allowed] §f                §3§l>>> §3§lCLICK HERE§b to pick them up! §3§l<<<
22:03:57 [allowed] §a§l▬▬▬▬▬▬▬▬▬▬▬▬▬▬▬▬▬▬▬▬▬▬▬▬▬▬▬▬▬▬▬▬▬▬▬▬▬▬▬▬▬▬▬▬▬▬▬▬▬▬▬▬▬▬▬▬▬▬▬▬▬▬▬▬
22:03:57 [allowed] §f                        §r§c§lGOBLIN RAID STARTED!
22:03:57 [allowed] §f                                 §r§7Mining Event
22:03:57 [allowed] §f                        Kill all §r§c1,000 §r§fgoblins to §r§awin§r§f!
22:03:57 [allowed] §f       Earn §r§6extra rewards §r§fby slaying at least §r§c25 §r§fyourself!
22:03:57 [allowed] §f               Go to §r§bGoblin Burrows §r§7(or talk to Garry)
22:03:57 [allowed] §a§l▬▬▬▬▬▬▬▬▬▬▬▬▬▬▬▬▬▬▬▬▬▬▬▬▬▬▬▬▬▬▬▬▬▬▬▬▬▬▬▬▬▬▬▬▬▬▬▬▬▬▬▬▬▬▬▬▬▬▬▬▬▬▬▬
22:04:35 [allowed] §6§lRARE DROP! §r§9Goblin Egg §r§b(+§r§b136% §r§b✯ Magic Find§r§b)
22:04:38 [allowed] §a§l+5 Kill Combo §r§8§r§b+3✯ Magic Find
22:04:49 [allowed] §f               §7You have §315,912 §7materials stashed away!
22:04:49 [allowed] §f              §8(This totals 3 types of materials stashed!)
22:04:49 [allowed] §f                §3§l>>> §3§lCLICK HERE§b to pick them up! §3§l<<<
22:04:49 [allowed] §a§l+10 Kill Combo §r§8+§r§610 §r§7coins per kill
22:04:50 [allowed] §7Your Giant's Sword hit §r§c3 §r§7enemies for §r§c19,445 §r§7damage.
22:04:53 [allowed] §9§l+15 Kill Combo §r§8§r§b+3✯ Magic Find
22:04:54 [allowed] ▬▬▬▬▬▬▬▬▬▬▬▬▬▬▬▬▬▬▬▬▬▬▬▬▬▬▬▬▬▬▬▬▬▬▬▬▬▬▬▬▬▬▬▬▬▬▬▬▬▬▬▬▬▬▬▬▬▬▬▬▬▬▬▬
22:04:54 [allowed] §f                                §r§6§k#§r§5 LEVEL UP! §r§6§k#
22:04:54 [allowed] §f                       §r§7You are now §r§6Event Level §r§52§r§7!
22:04:54 [allowed] §f                       §r§7You earned §r§f26 Event Silver§r§7!
22:04:54 [allowed] ▬▬▬▬▬▬▬▬▬▬▬▬▬▬▬▬▬▬▬▬▬▬▬▬▬▬▬▬▬▬▬▬▬▬▬▬▬▬▬▬▬▬▬▬▬▬▬▬▬▬▬▬▬▬▬▬▬▬▬▬▬▬▬▬
22:05:01 [allowed] §cYour Kill Combo has expired! You reached a 18 Kill Combo!
22:05:02 [allowed] §eA nearby §r§bSuperprotectron §r§edefends this goblin against ability damage!
22:05:04 [allowed] §eA nearby §r§bSuperprotectron §r§edefends this goblin against ranged damage!
22:05:09 [allowed] §eA nearby §r§bSuperprotectron §r§eis defending this goblin!
22:05:09 [allowed] §eA nearby §r§bSuperprotectron §r§edefends this goblin against ability damage!
22:05:13 [allowed] §eA nearby §r§bSuperprotectron §r§eis defending this goblin!
22:05:14 [allowed] §eA nearby §r§bSuperprotectron §r§eis defending this goblin!
22:05:16 [allowed] §eA nearby §r§bSuperprotectron §r§edefends this goblin against ability damage!
22:05:21 [allowed] §7Your Giant's Sword hit §r§c4 §r§7enemies for §r§c22,548 §r§7damage.
22:05:21 [allowed] §a§l+5 Kill Combo §r§8§r§b+3✯ Magic Find
22:05:29 [allowed] §cYour Kill Combo has expired! You reached a 5 Kill Combo!
22:05:30 [allowed] §6§lRARE DROP! §r§9Goblin Egg §r§b(+§r§b136% §r§b✯ Magic Find§r§b)
22:05:34 [allowed] §6§lRARE DROP! §r§9Goblin Egg §r§b(+§r§b136% §r§b✯ Magic Find§r§b)
22:05:52 [allowed] §f               §7You have §315,912 §7materials stashed away!
22:05:52 [allowed] §f              §8(This totals 3 types of materials stashed!)
22:05:52 [allowed] §f                §3§l>>> §3§lCLICK HERE§b to pick them up! §3§l<<<
22:06:52 [allowed] §f               §7You have §315,912 §7materials stashed away!
22:06:52 [allowed] §f              §8(This totals 3 types of materials stashed!)
22:06:52 [allowed] §f                §3§l>>> §3§lCLICK HERE§b to pick them up! §3§l<<<
22:07:14 [allowed] §c ☠ §r§7§r§bZenith6367§r§7 was killed by Knifethrower§r§7§r§7.
22:07:38 [allowed] §cYou cannot deal ranged damage to this enemy!
22:07:44 [allowed] §a§l+5 Kill Combo §r§8§r§b+3✯ Magic Find
22:07:48 [allowed] §a§l+10 Kill Combo §r§8+§r§610 §r§7coins per kill
22:07:49 [allowed] §9§l+15 Kill Combo §r§8§r§b+3✯ Magic Find
22:07:50 [allowed] §eA nearby §r§bSuperprotectron §r§edefends this goblin against ranged damage!
22:07:53 [allowed] §f               §7You have §315,912 §7materials stashed away!
22:07:53 [allowed] §f              §8(This totals 3 types of materials stashed!)
22:07:53 [allowed] §f                §3§l>>> §3§lCLICK HERE§b to pick them up! §3§l<<<
22:07:53 [allowed] §eA nearby §r§bSuperprotectron §r§eis defending this goblin!
22:07:53 [allowed] §eA nearby §r§bSuperprotectron §r§edefends this goblin against ability damage!
22:07:54 [allowed] §eA nearby §r§bSuperprotectron §r§eis defending this goblin!
22:07:54 [allowed] §5§l+20 Kill Combo §r§8§r§3+15☯ Combat Wisdom
22:07:54 [allowed] §7Your Giant's Sword hit §r§c5 §r§7enemies for §r§c30,080 §r§7damage.
22:07:59 [allowed] §a§l▬▬▬▬▬▬▬▬▬▬▬▬▬▬▬▬▬▬▬▬▬▬▬▬▬▬▬▬▬▬▬▬▬▬▬▬▬▬▬▬▬▬▬▬▬▬▬▬▬▬▬▬▬▬▬▬▬▬▬▬▬▬▬▬
22:07:59 [allowed] §f                          §r§c§lGOBLIN RAID ENDED!
22:07:59 [allowed] §f                                 §r§7Mining Event
22:07:59 [allowed] §f              §r§a§lWOW! §r§fAll §r§c1,000 §r§fgoblins were slain in §r§e03:57§r§f!
22:07:59 [allowed] §f                    §r§a§lBONUS! §r§fYou killed §r§a42/25 §r§fgoblins!
22:07:59 [allowed] §f                                   Rewards
22:07:59 [allowed] §f                        §r§8+§r§330,000 Mining Experience
22:07:59 [allowed] §f                           §r§8+§r§215,616 Mithril Powder
22:07:59 [allowed] §f                             §r§8+§r§9Mining Exp Boost
22:07:59 [allowed] §f                    §r§8+§r§aEnchanted Book (§r§d§lFlowstate I§r§a)
22:07:59 [allowed] §a§l▬▬▬▬▬▬▬▬▬▬▬▬▬▬▬▬▬▬▬▬▬▬▬▬▬▬▬▬▬▬▬▬▬▬▬▬▬▬▬▬▬▬▬▬▬▬▬▬▬▬▬▬▬▬▬▬▬▬▬▬▬▬▬▬
22:08:01 [allowed] §cYour Kill Combo has expired! You reached a 22 Kill Combo!
22:08:10 [allowed] §cYou must double tap the drop button to drop this item!
22:08:10 [allowed] §cYou can disable this in the §r§fSettings§r§c in your §r§aSkyBlock Menu§r§c!
22:08:12 [allowed] §cYou must double tap the drop button to drop this item!
22:08:12 [allowed] §cYou can disable this in the §r§fSettings§r§c in your §r§aSkyBlock Menu§r§c!
22:08:54 [allowed] §f               §7You have §315,912 §7materials stashed away!
22:08:54 [allowed] §f              §8(This totals 3 types of materials stashed!)
22:08:54 [allowed] §f                §3§l>>> §3§lCLICK HERE§b to pick them up! §3§l<<<
22:09:02 [allowed] §aYou have successfully transferred your items from this stash to your sacks!
22:09:07 [allowed] §eMaxed the Supercraft to §r§b58x crafts§r§e!
22:09:07 [allowed] §eYou Supercrafted §r§r§r§aEnchanted Redstone §r§8x58§r§e!
22:09:12 [allowed] §eMaxed the Supercraft to §r§b16x crafts§r§e!
22:09:12 [allowed] §eYou Supercrafted §r§r§r§aEnchanted Coal §r§8x16§r§e!
22:09:20 [allowed] §cYou don't have the ingredients required to craft even one of those!
22:09:32 [allowed] §c§r§eYou need the §r§dCookie Buff §r§eto use this feature!
22:09:32 [allowed] §eObtain a §r§6Booster Cookie §r§efrom the community shop in the hub!
22:09:47 [allowed] §cThere are blocks in the way!
22:10:08 [allowed] §cThere are blocks in the way!
22:10:21 [allowed] §cThere are blocks in the way!
22:10:21 [allowed] §cThere are blocks in the way!
22:10:21 [allowed] §cThere are blocks in the way!
22:10:22 [allowed] §cThere are blocks in the way!
22:10:22 [allowed] §cThere are blocks in the way!
22:10:23 [allowed] §cThere are blocks in the way!
22:10:23 [allowed] §cThere are blocks in the way!
22:10:33 [allowed] §eYou haven't claimed your §r§6Spooky Rewards §r§eyet!
22:10:33 [allowed] §eTalk to the §r§bSpooky Man §r§ein the §r§aHub§r§e!
22:10:40 [allowed] §cThere are blocks in the way!
22:10:41 [allowed] §cThere are blocks in the way!
22:10:42 [allowed] §cThere are blocks in the way!
22:10:42 [allowed] §cThere are blocks in the way!
22:10:43 [allowed] §cThere are blocks in the way!
22:10:43 [allowed] §cThere are blocks in the way!
22:10:44 [allowed] §cThere are blocks in the way!
22:10:45 [allowed] §cThere are blocks in the way!
22:10:45 [allowed] §cThere are blocks in the way!
22:10:45 [allowed] §cThere are blocks in the way!
22:10:45 [allowed] §cThere are blocks in the way!
22:10:45 [allowed] §cThere are blocks in the way!
22:10:46 [allowed] §cThere are blocks in the way!
22:10:46 [allowed] §cThere are blocks in the way!
22:10:46 [allowed] §cThere are blocks in the way!
22:10:51 [allowed] §cThere are blocks in the way!
22:11:03 [allowed]  §b⚑ §eThe §b2x Powder §eevent starts in §a20 §eseconds!
 §eThis is a passive event! §bIt's happening everywhere in the §bCrystal Hollows!
22:11:04 [allowed] §cThere are blocks in the way!
22:11:04 [allowed] §cThere are blocks in the way!
22:11:04 [allowed] §cThere are blocks in the way!
22:11:04 [allowed] §cThere are blocks in the way!
22:11:06 [allowed] §cAutopet §eequipped your §7[Lvl 100] §6Armadillo§e! §a§lVIEW RULE
22:11:07 [allowed] §b§lCOMPACT! §r§fYou found an §r§aEnchanted Hard Stone§r§f!
22:11:12 [allowed] §b§lCOMPACT! §r§fYou found an §r§aEnchanted Hard Stone§r§f!
22:11:12 [allowed] §b§lCOMPACT! §r§fYou found an §r§aEnchanted Hard Stone§r§f!
22:11:17 [allowed] §b§lCOMPACT! §r§fYou found an §r§aEnchanted Hard Stone§r§f!
22:11:22 [allowed] §b§lCOMPACT! §r§fYou found an §r§aEnchanted Hard Stone§r§f!
22:11:24 [allowed] §a§l▬▬▬▬▬▬▬▬▬▬▬▬▬▬▬▬▬▬▬▬▬▬▬▬▬▬▬▬▬▬▬▬▬▬▬▬▬▬▬▬▬▬▬▬▬▬▬▬▬▬▬▬▬▬▬▬▬▬▬▬▬▬▬▬
22:11:24 [allowed] §f                          §r§b§l2X POWDER STARTED!
22:11:24 [allowed] §f                           §r§7Passive Active Event
22:11:24 [allowed] §f        Everybody gets twice as much powder of all types!
22:11:24 [allowed] §a§l▬▬▬▬▬▬▬▬▬▬▬▬▬▬▬▬▬▬▬▬▬▬▬▬▬▬▬▬▬▬▬▬▬▬▬▬▬▬▬▬▬▬▬▬▬▬▬▬▬▬▬▬▬▬▬▬▬▬▬▬▬▬▬▬
22:11:29 [allowed] §b§lCOMPACT! §r§fYou found an §r§aEnchanted Hard Stone§r§f!
22:11:29 [allowed] §b§lCOMPACT! §r§fYou found an §r§aEnchanted Hard Stone§r§f!
22:11:30 [allowed] §b§lCOMPACT! §r§fYou found an §r§aEnchanted Hard Stone§r§f!
22:11:40 [allowed] §b§lCOMPACT! §r§fYou found an §r§aEnchanted Hard Stone§r§f!
22:11:44 [allowed] §cAutopet §eequipped your §7[Lvl 100] §6Scatha§e! §a§lVIEW RULE
22:11:44 [allowed]     §r§dGemstone Powder §r§8x478
22:11:45 [allowed]     §r§dGemstone Powder §r§8x187
22:11:46 [allowed]     §r§dGemstone Powder §r§8x1,317
22:11:46 [allowed]     §r§dGemstone Powder §r§8x106
22:11:47 [allowed]     §r§dGemstone Powder §r§8x132
22:11:48 [allowed]     §r§dGemstone Powder §r§8x444
22:11:49 [allowed]     §r§dGemstone Powder §r§8x228
22:11:50 [allowed]     §r§dGold Essence §r§8x7
22:11:51 [allowed]     §r§dGemstone Powder §r§8x192
22:11:52 [allowed]     §r§dGemstone Powder §r§8x302
22:11:52 [allowed] §aYou used your §r§6Mining Speed Boost §r§aPickaxe Ability!
22:11:53 [allowed] §cAutopet §eequipped your §7[Lvl 100] §6Armadillo§e! §a§lVIEW RULE
22:11:54 [allowed] §b§lCOMPACT! §r§fYou found an §r§aEnchanted Hard Stone§r§f!
22:11:55 [allowed] §b§lCOMPACT! §r§fYou found an §r§aEnchanted Hard Stone§r§f!
22:11:59 [allowed] §b§lCOMPACT! §r§fYou found an §r§aEnchanted Hard Stone§r§f!
22:11:59 [allowed] §b§lCOMPACT! §r§fYou found an §r§aEnchanted Hard Stone§r§f!
22:11:59 [allowed] §b§lCOMPACT! §r§fYou found an §r§aEnchanted Hard Stone§r§f!
22:12:06 [allowed] §b§lCOMPACT! §r§fYou found an §r§aEnchanted Hard Stone§r§f!
22:12:07 [allowed] §b§lCOMPACT! §r§fYou found an §r§aEnchanted Hard Stone§r§f!
22:12:07 [allowed] §b§lCOMPACT! §r§fYou found an §r§aEnchanted Hard Stone§r§f!
22:12:08 [allowed] §cYour Mining Speed Boost has expired!
22:12:09 [allowed] §b§lCOMPACT! §r§fYou found an §r§aEnchanted Hard Stone§r§f!
22:12:19 [allowed] §b§lCOMPACT! §r§fYou found an §r§aEnchanted Hard Stone§r§f!
22:12:20 [allowed] §b§lCOMPACT! §r§fYou found an §r§aEnchanted Hard Stone§r§f!
22:12:28 [allowed] §b§lCOMPACT! §r§fYou found an §r§aEnchanted Hard Stone§r§f!
22:12:30 [allowed] §b§lCOMPACT! §r§fYou found an §r§aEnchanted Hard Stone§r§f!
22:12:32 [allowed]     §r§dGemstone Powder §r§8x186
22:12:32 [allowed] §cAutopet §eequipped your §7[Lvl 100] §6Scatha§e! §a§lVIEW RULE
22:12:32 [allowed]     §r§dGemstone Powder §r§8x313
22:12:34 [allowed]     §r§dGemstone Powder §r§8x174
22:12:35 [allowed]     §r§dGemstone Powder §r§8x1,090
22:12:36 [allowed]     §r§dGemstone Powder §r§8x312
22:12:38 [allowed]     §r§9Control Switch
22:12:38 [allowed]     §r§dGemstone Powder §r§8x191
22:12:39 [allowed]     §r§dGemstone Powder §r§8x1,408
22:12:40 [allowed]     §r§dGemstone Powder §r§8x269
22:12:41 [allowed]     §r§dGemstone Powder §r§8x411
22:12:41 [allowed] §cYour pickaxe ability is on cooldown for 72s.
22:12:42 [allowed]     §r§dGemstone Powder §r§8x454
22:12:43 [allowed]     §r§dGemstone Powder §r§8x159
22:12:44 [allowed]     §r§dGemstone Powder §r§8x627
22:12:44 [allowed]     §r§9Superlite Motor
22:12:45 [allowed]     §r§dDiamond Essence §r§8x5
22:12:47 [allowed] §cAutopet §eequipped your §7[Lvl 100] §6Armadillo§e! §a§lVIEW RULE
22:13:04 [allowed] §b§lCOMPACT! §r§fYou found an §r§aEnchanted Hard Stone§r§f!
22:13:08 [allowed] §cAutopet §eequipped your §7[Lvl 100] §6Scatha§e! §a§lVIEW RULE
22:13:08 [allowed]     §r§dGemstone Powder §r§8x182
22:13:11 [allowed]     §r§dGemstone Powder §r§8x5,039
22:13:11 [allowed]     §r§dGemstone Powder §r§8x309
22:13:12 [allowed] §cAutopet §eequipped your §7[Lvl 100] §6Armadillo§e! §a§lVIEW RULE
22:13:12 [allowed] §b§lCOMPACT! §r§fYou found an §r§aEnchanted Hard Stone§r§f!
22:13:13 [allowed] §b§lCOMPACT! §r§fYou found an §r§aEnchanted Hard Stone§r§f!
22:13:17 [allowed] §cAutopet §eequipped your §7[Lvl 100] §6Scatha§e! §a§lVIEW RULE
22:13:17 [allowed]     §r§dGemstone Powder §r§8x148
22:13:17 [allowed] §cAutopet §eequipped your §7[Lvl 100] §6Armadillo§e! §a§lVIEW RULE
22:13:18 [allowed] §b§lCOMPACT! §r§fYou found an §r§aEnchanted Hard Stone§r§f!
22:13:20 [allowed] §cAutopet §eequipped your §7[Lvl 100] §6Scatha§e! §a§lVIEW RULE
22:13:20 [allowed]     §r§dGemstone Powder §r§8x1,528
22:13:21 [allowed] §cAutopet §eequipped your §7[Lvl 100] §6Armadillo§e! §a§lVIEW RULE
22:13:24 [allowed] §cAutopet §eequipped your §7[Lvl 100] §6Scatha§e! §a§lVIEW RULE
22:13:24 [allowed]     §r§dGemstone Powder §r§8x593
22:13:26 [allowed]     §r§dGemstone Powder §r§8x315
22:13:27 [allowed] §cAutopet §eequipped your §7[Lvl 100] §6Armadillo§e! §a§lVIEW RULE
22:13:29 [allowed] §b§lCOMPACT! §r§fYou found an §r§aEnchanted Hard Stone§r§f!
22:13:29 [allowed] §b§lCOMPACT! §r§fYou found an §r§aEnchanted Hard Stone§r§f!
22:13:33 [allowed] §cAutopet §eequipped your §7[Lvl 100] §6Scatha§e! §a§lVIEW RULE
22:13:33 [allowed]     §r§dGemstone Powder §r§8x98
22:13:34 [allowed] §cAutopet §eequipped your §7[Lvl 100] §6Armadillo§e! §a§lVIEW RULE
22:13:37 [allowed] §b§lCOMPACT! §r§fYou found an §r§aEnchanted Hard Stone§r§f!
22:13:39 [allowed]     §r§dGemstone Powder §r§8x309
22:13:42 [allowed] §b§lCOMPACT! §r§fYou found an §r§aEnchanted Hard Stone§r§f!
22:13:42 [allowed] §cAutopet §eequipped your §7[Lvl 100] §6Scatha§e! §a§lVIEW RULE
22:13:42 [allowed]     §r§dGemstone Powder §r§8x250
22:13:43 [allowed] §cAutopet §eequipped your §7[Lvl 100] §6Armadillo§e! §a§lVIEW RULE
22:13:48 [allowed] §cAutopet §eequipped your §7[Lvl 100] §6Scatha§e! §a§lVIEW RULE
22:13:48 [allowed]     §r§dGemstone Powder §r§8x1,092
22:13:48 [allowed] §cAutopet §eequipped your §7[Lvl 100] §6Armadillo§e! §a§lVIEW RULE
22:13:52 [allowed] §cAutopet §eequipped your §7[Lvl 100] §6Scatha§e! §a§lVIEW RULE
22:13:52 [allowed]     §r§dGemstone Powder §r§8x131
22:13:53 [allowed] §cAutopet §eequipped your §7[Lvl 100] §6Armadillo§e! §a§lVIEW RULE
22:13:53 [allowed] §b§lCOMPACT! §r§fYou found an §r§aEnchanted Hard Stone§r§f!
22:13:56 [allowed] §b§lCOMPACT! §r§fYou found an §r§aEnchanted Hard Stone§r§f!
22:13:56 [allowed] §a§r§6Mining Speed Boost §r§ais now available!
22:13:58 [allowed] §b§lCOMPACT! §r§fYou found an §r§aEnchanted Hard Stone§r§f!
22:13:59 [allowed] §b§lCOMPACT! §r§fYou found an §r§aEnchanted Hard Stone§r§f!
22:14:01 [allowed] §b§lCOMPACT! §r§fYou found an §r§aEnchanted Hard Stone§r§f!
22:14:05 [allowed] §b§lCOMPACT! §r§fYou found an §r§aEnchanted Hard Stone§r§f!
22:14:16 [allowed] §b§lCOMPACT! §r§fYou found an §r§aEnchanted Hard Stone§r§f!
22:14:22 [allowed] §b§lCOMPACT! §r§fYou found an §r§aEnchanted Hard Stone§r§f!
22:14:33 [allowed] §b§lCOMPACT! §r§fYou found an §r§aEnchanted Hard Stone§r§f!
22:14:36 [allowed] §b§lCOMPACT! §r§fYou found an §r§aEnchanted Hard Stone§r§f!
22:14:36 [allowed] §b§lCOMPACT! §r§fYou found an §r§aEnchanted Hard Stone§r§f!
22:14:41 [allowed] §cAutopet §eequipped your §7[Lvl 100] §6Scatha§e! §a§lVIEW RULE
22:14:41 [allowed]     §r§dGemstone Powder §r§8x232
22:14:42 [allowed]     §r§dGemstone Powder §r§8x638
22:14:43 [allowed]     §r§dGemstone Powder §r§8x554
22:14:44 [allowed]     §r§dGemstone Powder §r§8x202
22:14:45 [allowed]     §r§dGemstone Powder §r§8x439
22:14:46 [allowed]     §r§dGemstone Powder §r§8x318
22:14:47 [allowed]     §r§dGemstone Powder §r§8x645
22:14:48 [allowed]     §r§dGemstone Powder §r§8x249
22:14:50 [allowed]     §r§dGemstone Powder §r§8x301
22:14:51 [allowed]     §r§dGemstone Powder §r§8x1,038
22:14:51 [allowed] §aYou used your §r§6Mining Speed Boost §r§aPickaxe Ability!
22:14:52 [allowed] §cYour pickaxe ability is on cooldown for 120s.
22:14:52 [allowed]     §r§dGemstone Powder §r§8x263
22:14:54 [allowed]     §r§dGemstone Powder §r§8x319
22:14:55 [allowed]     §r§dGemstone Powder §r§8x288
22:14:55 [allowed]     §r§dGemstone Powder §r§8x414
22:14:56 [allowed] §cAutopet §eequipped your §7[Lvl 100] §6Armadillo§e! §a§lVIEW RULE
22:14:57 [allowed] §b§lCOMPACT! §r§fYou found an §r§aEnchanted Hard Stone§r§f!
22:15:02 [allowed] §b§lCOMPACT! §r§fYou found an §r§aEnchanted Hard Stone§r§f!
22:15:05 [allowed] §cAutopet §eequipped your §7[Lvl 100] §6Scatha§e! §a§lVIEW RULE
22:15:05 [allowed]     §r§dGemstone Powder §r§8x143
22:15:06 [allowed] §cAutopet §eequipped your §7[Lvl 100] §6Armadillo§e! §a§lVIEW RULE
22:15:06 [allowed] §cYour Mining Speed Boost has expired!
22:15:07 [allowed] §cAutopet §eequipped your §7[Lvl 100] §6Scatha§e! §a§lVIEW RULE
22:15:07 [allowed]     §r§dGemstone Powder §r§8x159
22:15:08 [allowed] §cAutopet §eequipped your §7[Lvl 100] §6Armadillo§e! §a§lVIEW RULE
22:15:11 [allowed] §b§lCOMPACT! §r§fYou found an §r§aEnchanted Hard Stone§r§f!
22:15:17 [allowed] §cAutopet §eequipped your §7[Lvl 100] §6Scatha§e! §a§lVIEW RULE
22:15:17 [allowed]     §r§dGemstone Powder §r§8x251
22:15:17 [allowed] §cAutopet §eequipped your §7[Lvl 100] §6Armadillo§e! §a§lVIEW RULE
22:15:23 [allowed]     §r§dGemstone Powder §r§8x238
22:15:24 [allowed] §cAutopet §eequipped your §7[Lvl 100] §6Scatha§e! §a§lVIEW RULE
22:15:24 [allowed] §cAutopet §eequipped your §7[Lvl 100] §6Armadillo§e! §a§lVIEW RULE
22:15:27 [allowed] §b§lCOMPACT! §r§fYou found an §r§aEnchanted Hard Stone§r§f!
22:15:29 [allowed] §cAutopet §eequipped your §7[Lvl 100] §6Scatha§e! §a§lVIEW RULE
22:15:30 [allowed] §cAutopet §eequipped your §7[Lvl 100] §6Armadillo§e! §a§lVIEW RULE
22:15:33 [allowed] §cAutopet §eequipped your §7[Lvl 100] §6Scatha§e! §a§lVIEW RULE
22:15:34 [allowed] §cAutopet §eequipped your §7[Lvl 100] §6Armadillo§e! §a§lVIEW RULE
22:15:34 [allowed] §b§lCOMPACT! §r§fYou found an §r§aEnchanted Hard Stone§r§f!
22:15:36 [allowed] §cAutopet §eequipped your §7[Lvl 100] §6Scatha§e! §a§lVIEW RULE
22:15:36 [allowed]     §r§dGemstone Powder §r§8x1,739
22:15:37 [allowed] §cAutopet §eequipped your §7[Lvl 100] §6Armadillo§e! §a§lVIEW RULE
22:15:39 [allowed] §b§lCOMPACT! §r§fYou found an §r§aEnchanted Hard Stone§r§f!
22:15:41 [allowed]     §r§9Synthetic Heart
22:15:42 [allowed] §cYour pickaxe ability is on cooldown for 70s.
22:15:42 [allowed] §cAutopet §eequipped your §7[Lvl 100] §6Scatha§e! §a§lVIEW RULE
22:15:42 [allowed]     §r§dGemstone Powder §r§8x258
22:15:43 [allowed]     §r§dGemstone Powder §r§8x5,637
22:15:44 [allowed] §cAutopet §eequipped your §7[Lvl 100] §6Armadillo§e! §a§lVIEW RULE
22:15:45 [allowed] §cAutopet §eequipped your §7[Lvl 100] §6Scatha§e! §a§lVIEW RULE
22:15:46 [allowed] §cAutopet §eequipped your §7[Lvl 100] §6Armadillo§e! §a§lVIEW RULE
22:15:47 [allowed] §b§lCOMPACT! §r§fYou found an §r§aEnchanted Hard Stone§r§f!
22:15:48 [allowed] §b§lCOMPACT! §r§fYou found an §r§aEnchanted Hard Stone§r§f!
22:15:50 [allowed] §b§lCOMPACT! §r§fYou found an §r§aEnchanted Hard Stone§r§f!
22:15:51 [allowed] §cAutopet §eequipped your §7[Lvl 100] §6Scatha§e! §a§lVIEW RULE
22:15:51 [allowed]     §r§dGemstone Powder §r§8x104
22:15:51 [allowed]     §r§dGemstone Powder §r§8x410
22:15:56 [allowed] §cAutopet §eequipped your §7[Lvl 100] §6Armadillo§e! §a§lVIEW RULE
22:15:57 [allowed] §b§lCOMPACT! §r§fYou found an §r§aEnchanted Hard Stone§r§f!
22:15:59 [allowed] §cAutopet §eequipped your §7[Lvl 100] §6Scatha§e! §a§lVIEW RULE
22:15:59 [allowed]     §r§dGemstone Powder §r§8x851
22:15:59 [allowed] §cAutopet §eequipped your §7[Lvl 100] §6Armadillo§e! §a§lVIEW RULE
22:16:06 [allowed] §cAutopet §eequipped your §7[Lvl 100] §6Scatha§e! §a§lVIEW RULE
22:16:06 [allowed]     §r§dGemstone Powder §r§8x273
22:16:06 [allowed] §cAutopet §eequipped your §7[Lvl 100] §6Armadillo§e! §a§lVIEW RULE
22:16:07 [allowed] §b§lCOMPACT! §r§fYou found an §r§aEnchanted Hard Stone§r§f!
22:16:07 [allowed] §b§lCOMPACT! §r§fYou found an §r§aEnchanted Hard Stone§r§f!
22:16:10 [allowed]     §r§dGemstone Powder §r§8x153
22:16:11 [allowed] §cAutopet §eequipped your §7[Lvl 100] §6Scatha§e! §a§lVIEW RULE
22:16:11 [allowed]     §r§dGemstone Powder §r§8x424
22:16:11 [allowed] §cAutopet §eequipped your §7[Lvl 100] §6Armadillo§e! §a§lVIEW RULE
22:16:12 [allowed] §b§lCOMPACT! §r§fYou found an §r§aEnchanted Hard Stone§r§f!
22:16:13 [allowed] §b§lCOMPACT! §r§fYou found an §r§aEnchanted Hard Stone§r§f!
22:16:14 [allowed] §b§lCOMPACT! §r§fYou found an §r§aEnchanted Hard Stone§r§f!
22:16:14 [allowed] §b§lCOMPACT! §r§fYou found an §r§aEnchanted Hard Stone§r§f!
22:16:15 [allowed] §b§lCOMPACT! §r§fYou found an §r§aEnchanted Hard Stone§r§f!
22:16:15 [allowed] §b§lCOMPACT! §r§fYou found an §r§aEnchanted Hard Stone§r§f!
22:16:17 [allowed]     §r§dGold Essence §r§8x5
22:16:17 [allowed]     §r§dGemstone Powder §r§8x290
22:16:19 [allowed] §b§lCOMPACT! §r§fYou found an §r§aEnchanted Hard Stone§r§f!
22:16:21 [allowed] §b§lCOMPACT! §r§fYou found an §r§aEnchanted Hard Stone§r§f!
22:16:22 [allowed] §cAutopet §eequipped your §7[Lvl 100] §6Scatha§e! §a§lVIEW RULE
22:16:22 [allowed]     §r§dGemstone Powder §r§8x183
22:16:23 [allowed] §cYour pickaxe ability is on cooldown for 29s.
22:16:29 [allowed] §cAutopet §eequipped your §7[Lvl 100] §6Armadillo§e! §a§lVIEW RULE
22:16:30 [allowed] §b§lCOMPACT! §r§fYou found an §r§aEnchanted Hard Stone§r§f!
22:16:32 [allowed] §cYour pickaxe ability is on cooldown for 20s.
22:16:32 [allowed]     §r§dGemstone Powder §r§8x146
22:16:37 [allowed] §b§lCOMPACT! §r§fYou found an §r§aEnchanted Hard Stone§r§f!
22:16:43 [allowed]     §r§dGemstone Powder §r§8x522
22:16:44 [allowed] §cAutopet §eequipped your §7[Lvl 100] §6Scatha§e! §a§lVIEW RULE
22:16:44 [allowed]     §r§dGemstone Powder §r§8x1,407
22:16:44 [allowed] §cAutopet §eequipped your §7[Lvl 100] §6Armadillo§e! §a§lVIEW RULE
22:16:45 [allowed] §b§lCOMPACT! §r§fYou found an §r§aEnchanted Hard Stone§r§f!
22:16:47 [allowed] §6A Golden Goblin has spawned!
22:16:51 [allowed] §cAutopet §eequipped your §7[Lvl 100] §6Scatha§e! §a§lVIEW RULE
22:16:51 [allowed]     §r§dGemstone Powder §r§8x600
22:16:52 [allowed] §cAutopet §eequipped your §7[Lvl 100] §6Armadillo§e! §a§lVIEW RULE
22:16:53 [allowed] §b§lCOMPACT! §r§fYou found an §r§aEnchanted Hard Stone§r§f!
22:16:54 [allowed] §a§r§6Mining Speed Boost §r§ais now available!
22:16:57 [allowed] §b§lCOMPACT! §r§fYou found an §r§aEnchanted Hard Stone§r§f!
22:17:02 [allowed] §b§lCOMPACT! §r§fYou found an §r§aEnchanted Hard Stone§r§f!
22:17:03 [allowed] §b§lCOMPACT! §r§fYou found an §r§aEnchanted Hard Stone§r§f!
22:17:06 [allowed] §cAutopet §eequipped your §7[Lvl 100] §6Scatha§e! §a§lVIEW RULE
22:17:07 [allowed]     §r§dGemstone Powder §r§8x800
22:17:08 [allowed]     §r§dGemstone Powder §r§8x1,499
22:17:09 [allowed] §cAutopet §eequipped your §7[Lvl 100] §6Armadillo§e! §a§lVIEW RULE
22:17:10 [allowed] §cAutopet §eequipped your §7[Lvl 100] §6Scatha§e! §a§lVIEW RULE
22:17:10 [allowed]     §r§dGemstone Powder §r§8x228
22:17:11 [allowed] §cAutopet §eequipped your §7[Lvl 100] §6Armadillo§e! §a§lVIEW RULE
22:17:11 [allowed] §b§lCOMPACT! §r§fYou found an §r§aEnchanted Iron§r§f!
22:17:11 [allowed] §b§lCOMPACT! §r§fYou found an §r§aEnchanted Hard Stone§r§f!
22:17:13 [allowed] §cAutopet §eequipped your §7[Lvl 100] §6Scatha§e! §a§lVIEW RULE
22:17:13 [allowed]     §r§dGemstone Powder §r§8x164
22:17:13 [allowed] §cAutopet §eequipped your §7[Lvl 100] §6Armadillo§e! §a§lVIEW RULE
22:17:14 [allowed] §cAutopet §eequipped your §7[Lvl 100] §6Scatha§e! §a§lVIEW RULE
22:17:15 [allowed]     §r§dGemstone Powder §r§8x229
22:17:16 [allowed] §cAutopet §eequipped your §7[Lvl 100] §6Armadillo§e! §a§lVIEW RULE
22:17:18 [allowed] §b§lCOMPACT! §r§fYou found an §r§aEnchanted Hard Stone§r§f!
22:17:21 [allowed] §b§lCOMPACT! §r§fYou found an §r§aEnchanted Hard Stone§r§f!
22:17:21 [allowed] §b§lCOMPACT! §r§fYou found an §r§aEnchanted Hard Stone§r§f!
22:17:25 [allowed] §cAutopet §eequipped your §7[Lvl 100] §6Scatha§e! §a§lVIEW RULE
22:17:25 [allowed]     §r§dGemstone Powder §r§8x293
22:17:29 [allowed] §cAutopet §eequipped your §7[Lvl 100] §6Armadillo§e! §a§lVIEW RULE
22:17:32 [allowed] §cAutopet §eequipped your §7[Lvl 100] §6Scatha§e! §a§lVIEW RULE
22:17:34 [allowed] §cAutopet §eequipped your §7[Lvl 100] §6Armadillo§e! §a§lVIEW RULE
22:17:36 [allowed] §cAutopet §eequipped your §7[Lvl 100] §6Scatha§e! §a§lVIEW RULE
22:17:36 [allowed]     §r§dGemstone Powder §r§8x3,694
22:17:37 [allowed] §cAutopet §eequipped your §7[Lvl 100] §6Armadillo§e! §a§lVIEW RULE
22:17:37 [allowed] §b§lCOMPACT! §r§fYou found an §r§aEnchanted Hard Stone§r§f!
22:17:38 [allowed] §b§lCOMPACT! §r§fYou found an §r§aEnchanted Hard Stone§r§f!
22:17:39 [allowed] §cAutopet §eequipped your §7[Lvl 100] §6Scatha§e! §a§lVIEW RULE
22:17:43 [allowed] §cAutopet §eequipped your §7[Lvl 100] §6Armadillo§e! §a§lVIEW RULE
22:17:52 [allowed] §cThere are blocks in the way!
22:17:52 [allowed] §cThere are blocks in the way!
22:17:52 [allowed] §cThere are blocks in the way!
22:17:52 [allowed] §cThere are blocks in the way!
22:17:53 [allowed] §cThere are blocks in the way!
22:17:55 [allowed] §cThere are blocks in the way!
22:17:55 [allowed] §cThere are blocks in the way!
22:17:55 [allowed] §cThere are blocks in the way!
22:17:55 [allowed] §cThere are blocks in the way!
22:17:55 [allowed] §cThere are blocks in the way!
22:17:55 [allowed] §cThere are blocks in the way!
22:17:55 [allowed] §cThere are blocks in the way!
22:17:55 [allowed] §cThere are blocks in the way!
22:17:56 [allowed] §cThere are blocks in the way!
22:17:56 [allowed] §cThere are blocks in the way!
22:18:01 [allowed] §cThere are blocks in the way!
22:18:04 [allowed] §cThere are blocks in the way!
22:18:04 [allowed] §cThere are blocks in the way!
22:18:05 [allowed] §c ☠ §r§7§r§7AbroadFox225921§r§7 was killed by Yog§r§7§r§7.
22:18:07 [allowed] §cThere are blocks in the way!
22:18:13 [allowed] §8[§r§2167§r§8] §r§7❂ §r§b[MVP§d+§b] Pixlecat16§f§r§f: mines of devan cords?
22:18:28 [allowed] §b§lCOMPACT! §r§fYou found an §r§aEnchanted Hard Stone§r§f!
22:18:29 [allowed] §b§lCOMPACT! §r§fYou found an §r§aEnchanted Hard Stone§r§f!
22:18:29 [allowed] §b§lCOMPACT! §r§fYou found an §r§aEnchanted Hard Stone§r§f!
22:18:30 [allowed] §b§lCOMPACT! §r§fYou found an §r§aEnchanted Hard Stone§r§f!
22:18:30 [allowed] §b§lCOMPACT! §r§fYou found an §r§aEnchanted Hard Stone§r§f!
22:18:33 [allowed]     §r§dGemstone Powder §r§8x241
22:18:34 [allowed] §aYou used your §r§6Mining Speed Boost §r§aPickaxe Ability!
22:18:35 [allowed] §cAutopet §eequipped your §7[Lvl 100] §6Scatha§e! §a§lVIEW RULE
22:18:35 [allowed]     §r§dGemstone Powder §r§8x84
22:18:35 [allowed]     §r§dGemstone Powder §r§8x1,202
22:18:36 [allowed]     §r§dGemstone Powder §r§8x933
22:18:39 [allowed]     §r§dGemstone Powder §r§8x176
22:18:40 [allowed] §cAutopet §eequipped your §7[Lvl 100] §6Armadillo§e! §a§lVIEW RULE
22:18:42 [allowed] §cAutopet §eequipped your §7[Lvl 100] §6Scatha§e! §a§lVIEW RULE
22:18:42 [allowed]     §r§dGold Essence §r§8x5
22:18:42 [allowed]     §r§dGemstone Powder §r§8x183
22:18:43 [allowed] §cAutopet §eequipped your §7[Lvl 100] §6Armadillo§e! §a§lVIEW RULE
22:18:45 [allowed] §b§lCOMPACT! §r§fYou found an §r§aEnchanted Hard Stone§r§f!
22:18:46 [allowed] §cAutopet §eequipped your §7[Lvl 100] §6Scatha§e! §a§lVIEW RULE
22:18:46 [allowed]     §r§dGemstone Powder §r§8x1,360
22:18:47 [allowed] §cAutopet §eequipped your §7[Lvl 100] §6Armadillo§e! §a§lVIEW RULE
22:18:47 [allowed] §b§lCOMPACT! §r§fYou found an §r§aEnchanted Hard Stone§r§f!
22:18:48 [allowed] §cAutopet §eequipped your §7[Lvl 100] §6Scatha§e! §a§lVIEW RULE
22:18:48 [allowed] §cAutopet §eequipped your §7[Lvl 100] §6Armadillo§e! §a§lVIEW RULE
22:18:49 [allowed] §cYour Mining Speed Boost has expired!
22:18:51 [allowed] §b§lCOMPACT! §r§fYou found an §r§aEnchanted Hard Stone§r§f!
22:18:54 [allowed] §cAutopet §eequipped your §7[Lvl 100] §6Scatha§e! §a§lVIEW RULE
22:18:55 [allowed] §cAutopet §eequipped your §7[Lvl 100] §6Armadillo§e! §a§lVIEW RULE
22:18:58 [allowed] §b§lCOMPACT! §r§fYou found an §r§aEnchanted Hard Stone§r§f!
22:18:59 [allowed] §b§lCOMPACT! §r§fYou found an §r§aEnchanted Hard Stone§r§f!
22:19:04 [allowed] §b§lCOMPACT! §r§fYou found an §r§aEnchanted Hard Stone§r§f!
22:19:08 [allowed] §b§lCOMPACT! §r§fYou found an §r§aEnchanted Hard Stone§r§f!
22:19:09 [allowed] §b§lCOMPACT! §r§fYou found an §r§aEnchanted Hard Stone§r§f!
22:19:10 [allowed] §b§lCOMPACT! §r§fYou found an §r§aEnchanted Hard Stone§r§f!
22:19:15 [allowed]     §r§dGemstone Powder §r§8x603
22:19:15 [allowed] §cAutopet §eequipped your §7[Lvl 100] §6Scatha§e! §a§lVIEW RULE
22:19:15 [allowed]     §r§dGemstone Powder §r§8x570
22:19:17 [allowed] §cYour pickaxe ability is on cooldown for 77s.
22:19:17 [allowed]     §r§dGemstone Powder §r§8x202
22:19:18 [allowed]     §r§dGemstone Powder §r§8x1,597
22:19:20 [allowed] §cAutopet §eequipped your §7[Lvl 100] §6Armadillo§e! §a§lVIEW RULE
22:19:21 [allowed] §b§lCOMPACT! §r§fYou found an §r§aEnchanted Hard Stone§r§f!
22:19:21 [allowed] §b§lCOMPACT! §r§fYou found an §r§aEnchanted Hard Stone§r§f!
22:19:22 [allowed] §b§lCOMPACT! §r§fYou found an §r§aEnchanted Hard Stone§r§f!
22:19:22 [allowed] §b§lCOMPACT! §r§fYou found an §r§aEnchanted Hard Stone§r§f!
22:19:27 [allowed] §b§lCOMPACT! §r§fYou found an §r§aEnchanted Hard Stone§r§f!
22:19:28 [allowed] §cAutopet §eequipped your §7[Lvl 100] §6Scatha§e! §a§lVIEW RULE
22:19:28 [allowed]     §r§dGold Essence §r§8x5
22:19:29 [allowed]     §r§dGemstone Powder §r§8x618
22:19:30 [allowed] §cAutopet §eequipped your §7[Lvl 100] §6Armadillo§e! §a§lVIEW RULE
22:19:31 [allowed] §b§lCOMPACT! §r§fYou found an §r§aEnchanted Hard Stone§r§f!
22:19:31 [allowed] §b§lCOMPACT! §r§fYou found an §r§aEnchanted Hard Stone§r§f!
22:19:37 [allowed] §cAutopet §eequipped your §7[Lvl 100] §6Scatha§e! §a§lVIEW RULE
22:19:37 [allowed] §cAutopet §eequipped your §7[Lvl 100] §6Armadillo§e! §a§lVIEW RULE
22:19:42 [allowed] §b§lCOMPACT! §r§fYou found an §r§aEnchanted Hard Stone§r§f!
22:19:43 [allowed] §cAutopet §eequipped your §7[Lvl 100] §6Scatha§e! §a§lVIEW RULE
22:19:43 [allowed]     §r§dGemstone Powder §r§8x298
22:19:43 [allowed] §cAutopet §eequipped your §7[Lvl 100] §6Armadillo§e! §a§lVIEW RULE
22:19:50 [allowed] §cAutopet §eequipped your §7[Lvl 100] §6Scatha§e! §a§lVIEW RULE
22:19:50 [allowed]     §r§dGemstone Powder §r§8x632
22:19:51 [allowed] §cAutopet §eequipped your §7[Lvl 100] §6Armadillo§e! §a§lVIEW RULE
22:19:51 [allowed] §b§lCOMPACT! §r§fYou found an §r§aEnchanted Hard Stone§r§f!
22:19:53 [allowed] §b§lCOMPACT! §r§fYou found an §r§aEnchanted Hard Stone§r§f!
22:19:53 [allowed] §b§lCOMPACT! §r§fYou found an §r§aEnchanted Hard Stone§r§f!
22:19:55 [allowed] §cAutopet §eequipped your §7[Lvl 100] §6Scatha§e! §a§lVIEW RULE
22:19:55 [allowed]     §r§dGemstone Powder §r§8x226
22:19:55 [allowed]     §r§dGemstone Powder §r§8x1,365
22:19:56 [allowed] §cAutopet §eequipped your §7[Lvl 100] §6Armadillo§e! §a§lVIEW RULE
22:19:59 [allowed] §cYour pickaxe ability is on cooldown for 36s.
22:19:59 [allowed] §cYour pickaxe ability is on cooldown for 35s.
22:20:00 [allowed] §cAutopet §eequipped your §7[Lvl 100] §6Scatha§e! §a§lVIEW RULE
22:20:00 [allowed] §cYour pickaxe ability is on cooldown for 34s.
22:20:01 [allowed] §c ☠ §r§7§r§blovric126§r§7 was killed by Automaton§r§7§r§7.
22:20:01 [allowed]     §r§dGemstone Powder §r§8x1,177
22:20:02 [allowed] §cAutopet §eequipped your §7[Lvl 100] §6Armadillo§e! §a§lVIEW RULE
22:20:04 [allowed] §b§lCOMPACT! §r§fYou found an §r§aEnchanted Hard Stone§r§f!
22:20:05 [allowed] §cAutopet §eequipped your §7[Lvl 100] §6Scatha§e! §a§lVIEW RULE
22:20:05 [allowed]     §r§dGemstone Powder §r§8x516
22:20:05 [allowed] §cAutopet §eequipped your §7[Lvl 100] §6Armadillo§e! §a§lVIEW RULE
22:20:05 [allowed] §b§lCOMPACT! §r§fYou found an §r§aEnchanted Hard Stone§r§f!
22:20:08 [allowed] §cAutopet §eequipped your §7[Lvl 100] §6Scatha§e! §a§lVIEW RULE
22:20:08 [allowed] §cAutopet §eequipped your §7[Lvl 100] §6Armadillo§e! §a§lVIEW RULE
22:20:17 [allowed] §cAutopet §eequipped your §7[Lvl 100] §6Scatha§e! §a§lVIEW RULE
22:20:17 [allowed]     §r§dGemstone Powder §r§8x273
22:20:18 [allowed] §cAutopet §eequipped your §7[Lvl 100] §6Armadillo§e! §a§lVIEW RULE
22:20:21 [allowed] §b§lCOMPACT! §r§fYou found an §r§aEnchanted Hard Stone§r§f!
22:20:24 [allowed] §cAutopet §eequipped your §7[Lvl 100] §6Scatha§e! §a§lVIEW RULE
22:20:24 [allowed]     §r§dGemstone Powder §r§8x308
22:20:24 [allowed] §cAutopet §eequipped your §7[Lvl 100] §6Armadillo§e! §a§lVIEW RULE
22:20:29 [allowed] §b§lCOMPACT! §r§fYou found an §r§aEnchanted Hard Stone§r§f!
22:20:29 [allowed] §b§lCOMPACT! §r§fYou found an §r§aEnchanted Hard Stone§r§f!
22:20:30 [allowed] §cAutopet §eequipped your §7[Lvl 100] §6Scatha§e! §a§lVIEW RULE
22:20:30 [allowed]     §r§dGemstone Powder §r§8x155
22:20:31 [allowed] §cAutopet §eequipped your §7[Lvl 100] §6Armadillo§e! §a§lVIEW RULE
22:20:32 [allowed] §b§lCOMPACT! §r§fYou found an §r§aEnchanted Hard Stone§r§f!
22:20:34 [allowed] §cAutopet §eequipped your §7[Lvl 100] §6Scatha§e! §a§lVIEW RULE
22:20:35 [allowed] §cAutopet §eequipped your §7[Lvl 100] §6Armadillo§e! §a§lVIEW RULE
22:20:38 [allowed] §a§r§6Mining Speed Boost §r§ais now available!
22:20:38 [allowed] §cAutopet §eequipped your §7[Lvl 100] §6Scatha§e! §a§lVIEW RULE
22:20:38 [allowed]     §r§dGemstone Powder §r§8x162
22:20:39 [allowed] §cAutopet §eequipped your §7[Lvl 100] §6Armadillo§e! §a§lVIEW RULE
22:20:41 [allowed] §b§lCOMPACT! §r§fYou found an §r§aEnchanted Hard Stone§r§f!
22:20:41 [allowed] §b§lCOMPACT! §r§fYou found an §r§aEnchanted Hard Stone§r§f!
22:20:44 [allowed] §cAutopet §eequipped your §7[Lvl 100] §6Scatha§e! §a§lVIEW RULE
22:20:45 [allowed]     §r§dGemstone Powder §r§8x702
22:20:47 [allowed] §cAutopet §eequipped your §7[Lvl 100] §6Armadillo§e! §a§lVIEW RULE
22:20:47 [allowed] §b§lCOMPACT! §r§fYou found an §r§aEnchanted Hard Stone§r§f!
22:20:49 [allowed] §b§lCOMPACT! §r§fYou found an §r§aEnchanted Hard Stone§r§f!
22:20:50 [allowed] §cAutopet §eequipped your §7[Lvl 100] §6Scatha§e! §a§lVIEW RULE
22:20:50 [allowed] §cAutopet §eequipped your §7[Lvl 100] §6Armadillo§e! §a§lVIEW RULE
22:20:51 [allowed] §b§lCOMPACT! §r§fYou found an §r§aEnchanted Hard Stone§r§f!
22:20:53 [allowed] §b§lCOMPACT! §r§fYou found an §r§aEnchanted Hard Stone§r§f!
22:20:54 [allowed] §cAutopet §eequipped your §7[Lvl 100] §6Scatha§e! §a§lVIEW RULE
22:20:54 [allowed]     §r§dGemstone Powder §r§8x279
22:20:55 [allowed] §cAutopet §eequipped your §7[Lvl 100] §6Armadillo§e! §a§lVIEW RULE
22:20:55 [allowed] §b§lCOMPACT! §r§fYou found an §r§aEnchanted Hard Stone§r§f!
22:20:56 [allowed] §b§lCOMPACT! §r§fYou found an §r§aEnchanted Hard Stone§r§f!
22:20:56 [allowed] §cAutopet §eequipped your §7[Lvl 100] §6Scatha§e! §a§lVIEW RULE
22:20:57 [allowed] §cAutopet §eequipped your §7[Lvl 100] §6Armadillo§e! §a§lVIEW RULE
22:20:58 [allowed] §b§lCOMPACT! §r§fYou found an §r§aEnchanted Hard Stone§r§f!
22:20:59 [allowed] §f                 §7You have §391 §7materials stashed away!
22:20:59 [allowed] §f               §8(This totals 1 type of material stashed!)
22:20:59 [allowed] §f                §3§l>>> §3§lCLICK HERE§b to pick them up! §3§l<<<
22:21:00 [allowed] §b§lCOMPACT! §r§fYou found an §r§aEnchanted Hard Stone§r§f!
22:21:01 [allowed] §cAutopet §eequipped your §7[Lvl 100] §6Scatha§e! §a§lVIEW RULE
22:21:01 [allowed]     §r§dGemstone Powder §r§8x970
22:21:02 [allowed] §cAutopet §eequipped your §7[Lvl 100] §6Armadillo§e! §a§lVIEW RULE
22:21:03 [allowed] §b§lCOMPACT! §r§fYou found an §r§aEnchanted Hard Stone§r§f!
22:21:06 [allowed] §b§lCOMPACT! §r§fYou found an §r§aEnchanted Hard Stone§r§f!
22:21:07 [allowed] §b§lCOMPACT! §r§fYou found an §r§aEnchanted Hard Stone§r§f!
22:21:09 [allowed] §cAutopet §eequipped your §7[Lvl 100] §6Scatha§e! §a§lVIEW RULE
22:21:09 [allowed]     §r§dGemstone Powder §r§8x375
22:21:09 [allowed] §cAutopet §eequipped your §7[Lvl 100] §6Armadillo§e! §a§lVIEW RULE
22:21:11 [allowed] §b§lCOMPACT! §r§fYou found an §r§aEnchanted Hard Stone§r§f!
22:21:12 [allowed] §cAutopet §eequipped your §7[Lvl 100] §6Scatha§e! §a§lVIEW RULE
22:21:12 [allowed]     §r§dGemstone Powder §r§8x1,013
22:21:13 [allowed] §cAutopet §eequipped your §7[Lvl 100] §6Armadillo§e! §a§lVIEW RULE
22:21:15 [allowed] §b§lCOMPACT! §r§fYou found an §r§aEnchanted Hard Stone§r§f!
22:21:17 [allowed] §b§lCOMPACT! §r§fYou found an §r§aEnchanted Hard Stone§r§f!
22:21:20 [allowed] §b§lCOMPACT! §r§fYou found an §r§aEnchanted Hard Stone§r§f!
22:21:21 [allowed] §b§lCOMPACT! §r§fYou found an §r§aEnchanted Hard Stone§r§f!
22:21:23 [allowed] §b§lCOMPACT! §r§fYou found an §r§aEnchanted Hard Stone§r§f!
22:21:25 [allowed] §b§lCOMPACT! §r§fYou found an §r§aEnchanted Hard Stone§r§f!
22:21:26 [allowed] §b§lCOMPACT! §r§fYou found an §r§aEnchanted Hard Stone§r§f!
22:21:31 [allowed] §cAutopet §eequipped your §7[Lvl 100] §6Scatha§e! §a§lVIEW RULE
22:21:31 [allowed]     §r§dGemstone Powder §r§8x318
22:21:33 [allowed]     §r§9Control Switch
22:21:33 [allowed]     §r§dGemstone Powder §r§8x157
22:21:33 [allowed]     §r§9Robotron Reflector
22:21:34 [allowed]     §r§dGemstone Powder §r§8x249
22:21:35 [allowed] §cAutopet §eequipped your §7[Lvl 100] §6Armadillo§e! §a§lVIEW RULE
22:21:37 [allowed] §cAutopet §eequipped your §7[Lvl 100] §6Scatha§e! §a§lVIEW RULE
22:21:37 [allowed]     §r§dGemstone Powder §r§8x135
22:21:37 [allowed] §cAutopet §eequipped your §7[Lvl 100] §6Armadillo§e! §a§lVIEW RULE
22:21:38 [allowed] §b§lCOMPACT! §r§fYou found an §r§aEnchanted Hard Stone§r§f!
22:21:38 [allowed] §b§lCOMPACT! §r§fYou found an §r§aEnchanted Hard Stone§r§f!
22:21:38 [allowed] §b§lCOMPACT! §r§fYou found an §r§aEnchanted Hard Stone§r§f!
22:21:40 [allowed] §cAutopet §eequipped your §7[Lvl 100] §6Scatha§e! §a§lVIEW RULE
22:21:41 [allowed] §cAutopet §eequipped your §7[Lvl 100] §6Armadillo§e! §a§lVIEW RULE
22:21:44 [allowed] §cAutopet §eequipped your §7[Lvl 100] §6Scatha§e! §a§lVIEW RULE
22:21:44 [allowed]     §r§dGemstone Powder §r§8x100
22:21:45 [allowed] §cAutopet §eequipped your §7[Lvl 100] §6Armadillo§e! §a§lVIEW RULE
22:21:47 [allowed] §b§lCOMPACT! §r§fYou found an §r§aEnchanted Hard Stone§r§f!
22:21:49 [allowed] §cAutopet §eequipped your §7[Lvl 100] §6Scatha§e! §a§lVIEW RULE
22:21:49 [allowed]     §r§dGemstone Powder §r§8x102
22:21:49 [allowed]     §r§dGemstone Powder §r§8x288
22:21:50 [allowed] §8[§r§e93§r§8] §r§7§l⚝ §r§7Warforged8§7§r§7: where on map is the mines of divan
22:21:50 [allowed] §cAutopet §eequipped your §7[Lvl 100] §6Armadillo§e! §a§lVIEW RULE
22:21:52 [allowed] §b§lCOMPACT! §r§fYou found an §r§aEnchanted Hard Stone§r§f!
22:21:52 [allowed] §b§lCOMPACT! §r§fYou found an §r§aEnchanted Hard Stone§r§f!
22:21:53 [allowed] §b§lCOMPACT! §r§fYou found an §r§aEnchanted Hard Stone§r§f!
22:21:54 [allowed] §cAutopet §eequipped your §7[Lvl 100] §6Scatha§e! §a§lVIEW RULE
22:21:54 [allowed]     §r§dGemstone Powder §r§8x690
22:21:54 [allowed] §cAutopet §eequipped your §7[Lvl 100] §6Armadillo§e! §a§lVIEW RULE
22:21:57 [allowed] §b§lCOMPACT! §r§fYou found an §r§aEnchanted Hard Stone§r§f!
22:21:59 [allowed] §b§lCOMPACT! §r§fYou found an §r§aEnchanted Hard Stone§r§f!
22:22:00 [allowed] §f                 §7You have §3345 §7materials stashed away!
22:22:00 [allowed] §f              §8(This totals 2 types of materials stashed!)
22:22:00 [allowed] §f                §3§l>>> §3§lCLICK HERE§b to pick them up! §3§l<<<
22:22:01 [allowed] §cAutopet §eequipped your §7[Lvl 100] §6Scatha§e! §a§lVIEW RULE
22:22:01 [allowed]     §r§dGemstone Powder §r§8x246
22:22:02 [allowed] §cAutopet §eequipped your §7[Lvl 100] §6Armadillo§e! §a§lVIEW RULE
22:22:03 [allowed] §cAutopet §eequipped your §7[Lvl 100] §6Scatha§e! §a§lVIEW RULE
22:22:04 [allowed] §cAutopet §eequipped your §7[Lvl 100] §6Armadillo§e! §a§lVIEW RULE
22:22:06 [allowed] §b§lCOMPACT! §r§fYou found an §r§aEnchanted Hard Stone§r§f!
22:22:10 [allowed] §cAutopet §eequipped your §7[Lvl 100] §6Scatha§e! §a§lVIEW RULE
22:22:10 [allowed]     §r§dGemstone Powder §r§8x1,207
22:22:10 [allowed] §cAutopet §eequipped your §7[Lvl 100] §6Armadillo§e! §a§lVIEW RULE
22:22:14 [allowed] §cAutopet §eequipped your §7[Lvl 100] §6Scatha§e! §a§lVIEW RULE
22:22:15 [allowed]     §r§dGemstone Powder §r§8x273
22:22:15 [allowed] §cAutopet §eequipped your §7[Lvl 100] §6Armadillo§e! §a§lVIEW RULE
22:22:20 [allowed]     §r§dGemstone Powder §r§8x392
22:22:21 [allowed] §b§lCOMPACT! §r§fYou found an §r§aEnchanted Hard Stone§r§f!
22:22:23 [allowed] §cAutopet §eequipped your §7[Lvl 100] §6Scatha§e! §a§lVIEW RULE
22:22:23 [allowed]     §r§dGemstone Powder §r§8x540
22:22:24 [allowed] §cAutopet §eequipped your §7[Lvl 100] §6Armadillo§e! §a§lVIEW RULE
22:22:26 [allowed]     §r§dGemstone Powder §r§8x1,363
22:22:27 [allowed]     §r§dGemstone Powder §r§8x200
22:22:28 [allowed] §b§lCOMPACT! §r§fYou found an §r§aEnchanted Hard Stone§r§f!
22:22:29 [allowed] §cAutopet §eequipped your §7[Lvl 100] §6Scatha§e! §a§lVIEW RULE
22:22:29 [allowed]     §r§dGemstone Powder §r§8x735
22:22:29 [allowed] §cAutopet §eequipped your §7[Lvl 100] §6Armadillo§e! §a§lVIEW RULE
22:22:34 [allowed] §cAutopet §eequipped your §7[Lvl 100] §6Scatha§e! §a§lVIEW RULE
22:22:34 [allowed]     §r§9Electron Transmitter
22:22:34 [allowed]     §r§dGemstone Powder §r§8x492
22:22:34 [allowed] §cAutopet §eequipped your §7[Lvl 100] §6Armadillo§e! §a§lVIEW RULE
22:22:36 [allowed] §cAutopet §eequipped your §7[Lvl 100] §6Scatha§e! §a§lVIEW RULE
22:22:37 [allowed] §cAutopet §eequipped your §7[Lvl 100] §6Armadillo§e! §a§lVIEW RULE
22:22:38 [allowed] §cAutopet §eequipped your §7[Lvl 100] §6Scatha§e! §a§lVIEW RULE
22:22:39 [allowed]     §r§dGemstone Powder §r§8x1,377
22:22:39 [allowed] §cAutopet §eequipped your §7[Lvl 100] §6Armadillo§e! §a§lVIEW RULE
22:22:41 [allowed] §cAutopet §eequipped your §7[Lvl 100] §6Scatha§e! §a§lVIEW RULE
22:22:42 [allowed] §cAutopet §eequipped your §7[Lvl 100] §6Armadillo§e! §a§lVIEW RULE
22:22:43 [allowed] §cAutopet §eequipped your §7[Lvl 100] §6Scatha§e! §a§lVIEW RULE
22:22:43 [allowed]     §r§dGemstone Powder §r§8x499
22:22:44 [allowed]     §r§dGemstone Powder §r§8x548
22:22:44 [allowed] §aYou used your §r§6Mining Speed Boost §r§aPickaxe Ability!
22:22:45 [allowed]     §r§dGemstone Powder §r§8x868
22:22:46 [allowed] §cAutopet §eequipped your §7[Lvl 100] §6Armadillo§e! §a§lVIEW RULE
22:22:46 [allowed] §b§lCOMPACT! §r§fYou found an §r§aEnchanted Hard Stone§r§f!
22:22:50 [allowed] §cAutopet §eequipped your §7[Lvl 100] §6Scatha§e! §a§lVIEW RULE
22:22:50 [allowed]     §r§dGemstone Powder §r§8x379
22:22:50 [allowed] §cAutopet §eequipped your §7[Lvl 100] §6Armadillo§e! §a§lVIEW RULE
22:22:51 [allowed] §b§lCOMPACT! §r§fYou found an §r§aEnchanted Hard Stone§r§f!
22:22:52 [allowed] §cAutopet §eequipped your §7[Lvl 100] §6Scatha§e! §a§lVIEW RULE
22:22:52 [allowed]     §r§dGemstone Powder §r§8x460
22:22:52 [allowed] §cAutopet §eequipped your §7[Lvl 100] §6Armadillo§e! §a§lVIEW RULE
22:22:53 [allowed] §b§lCOMPACT! §r§fYou found an §r§aEnchanted Hard Stone§r§f!
22:22:54 [allowed] §cAutopet §eequipped your §7[Lvl 100] §6Scatha§e! §a§lVIEW RULE
22:22:54 [allowed]     §r§9Electron Transmitter
22:22:54 [allowed]     §r§dGemstone Powder §r§8x270
22:22:55 [allowed] §cAutopet §eequipped your §7[Lvl 100] §6Armadillo§e! §a§lVIEW RULE
22:22:58 [allowed] §b§lCOMPACT! §r§fYou found an §r§aEnchanted Hard Stone§r§f!
22:23:00 [allowed] §cYour Mining Speed Boost has expired!
22:23:01 [allowed] §cAutopet §eequipped your §7[Lvl 100] §6Scatha§e! §a§lVIEW RULE
22:23:01 [allowed]     §r§dGemstone Powder §r§8x466
22:23:01 [allowed] §cAutopet §eequipped your §7[Lvl 100] §6Armadillo§e! §a§lVIEW RULE
22:23:02 [allowed] §f                 §7You have §3364 §7materials stashed away!
22:23:02 [allowed] §f              §8(This totals 2 types of materials stashed!)
22:23:02 [allowed] §f                §3§l>>> §3§lCLICK HERE§b to pick them up! §3§l<<<
22:23:03 [allowed] §b§lCOMPACT! §r§fYou found an §r§aEnchanted Hard Stone§r§f!
22:23:03 [allowed] §8[§r§b209§r§8] §r§b[MVP§c+§b] kimbo_a§f§r§f: key here for you
22:23:07 [allowed] §cYour pickaxe ability is on cooldown for 98s.
22:23:08 [allowed]     §r§dGemstone Powder §r§8x4,950
22:23:10 [allowed] §cAutopet §eequipped your §7[Lvl 100] §6Scatha§e! §a§lVIEW RULE
22:23:10 [allowed]     §r§9Robotron Reflector
22:23:10 [allowed]     §r§dGemstone Powder §r§8x120
22:23:11 [allowed] §cAutopet §eequipped your §7[Lvl 100] §6Armadillo§e! §a§lVIEW RULE
22:23:11 [allowed] §8[§r§b209§r§8] §r§b[MVP§c+§b] kimbo_a§f§r§f: on floor
22:23:11 [allowed] §b§lCOMPACT! §r§fYou found an §r§aEnchanted Hard Stone§r§f!
22:23:12 [allowed] §b§lCOMPACT! §r§fYou found an §r§aEnchanted Hard Stone§r§f!
22:23:13 [allowed] §cYour pickaxe ability is on cooldown for 92s.
22:23:14 [allowed] §cAutopet §eequipped your §7[Lvl 100] §6Scatha§e! §a§lVIEW RULE
22:23:14 [allowed]     §r§dGemstone Powder §r§8x163
22:23:14 [allowed] §cAutopet §eequipped your §7[Lvl 100] §6Armadillo§e! §a§lVIEW RULE
22:23:15 [allowed] §b§lCOMPACT! §r§fYou found an §r§aEnchanted Hard Stone§r§f!
22:23:18 [allowed] §b§lCOMPACT! §r§fYou found an §r§aEnchanted Hard Stone§r§f!
22:23:19 [allowed] §cAutopet §eequipped your §7[Lvl 100] §6Scatha§e! §a§lVIEW RULE
22:23:20 [allowed] §cAutopet §eequipped your §7[Lvl 100] §6Armadillo§e! §a§lVIEW RULE
22:23:21 [allowed] §cAutopet §eequipped your §7[Lvl 100] §6Scatha§e! §a§lVIEW RULE
22:23:21 [allowed]     §r§9Superlite Motor
22:23:21 [allowed]     §r§dGemstone Powder §r§8x202
22:23:23 [allowed] §cAutopet §eequipped your §7[Lvl 100] §6Armadillo§e! §a§lVIEW RULE
22:23:25 [allowed] §cAutopet §eequipped your §7[Lvl 100] §6Scatha§e! §a§lVIEW RULE
22:23:25 [allowed]     §r§dGemstone Powder §r§8x282
22:23:25 [allowed] §cAutopet §eequipped your §7[Lvl 100] §6Armadillo§e! §a§lVIEW RULE
22:23:28 [allowed] §b§lCOMPACT! §r§fYou found an §r§aEnchanted Hard Stone§r§f!
22:23:29 [allowed] §cAutopet §eequipped your §7[Lvl 100] §6Scatha§e! §a§lVIEW RULE
22:23:29 [allowed]     §r§dGemstone Powder §r§8x1,061
22:23:30 [allowed] §cAutopet §eequipped your §7[Lvl 100] §6Armadillo§e! §a§lVIEW RULE
22:23:32 [allowed] §b§lCOMPACT! §r§fYou found an §r§aEnchanted Hard Stone§r§f!
22:23:34 [allowed] §cYour pickaxe ability is on cooldown for 71s.
22:23:35 [allowed] §cYour pickaxe ability is on cooldown for 70s.
22:23:35 [allowed] §cAutopet §eequipped your §7[Lvl 100] §6Scatha§e! §a§lVIEW RULE
22:23:36 [allowed] §cAutopet §eequipped your §7[Lvl 100] §6Armadillo§e! §a§lVIEW RULE
22:23:38 [allowed] §cAutopet §eequipped your §7[Lvl 100] §6Scatha§e! §a§lVIEW RULE
22:23:38 [allowed]     §r§dDiamond Essence §r§8x5
22:23:38 [allowed]     §r§dGemstone Powder §r§8x299
22:23:38 [allowed] §cAutopet §eequipped your §7[Lvl 100] §6Armadillo§e! §a§lVIEW RULE
22:23:41 [allowed] §cAutopet §eequipped your §7[Lvl 100] §6Scatha§e! §a§lVIEW RULE
22:23:41 [allowed]     §r§dGemstone Powder §r§8x132
22:23:41 [allowed] §cAutopet §eequipped your §7[Lvl 100] §6Armadillo§e! §a§lVIEW RULE
22:23:42 [allowed] §b§lCOMPACT! §r§fYou found an §r§aEnchanted Hard Stone§r§f!
22:23:44 [allowed] §cAutopet §eequipped your §7[Lvl 100] §6Scatha§e! §a§lVIEW RULE
22:23:45 [allowed] §cAutopet §eequipped your §7[Lvl 100] §6Armadillo§e! §a§lVIEW RULE
22:23:48 [allowed] §b§lCOMPACT! §r§fYou found an §r§aEnchanted Hard Stone§r§f!
22:23:49 [allowed] §cAutopet §eequipped your §7[Lvl 100] §6Scatha§e! §a§lVIEW RULE
22:23:49 [allowed] §cYour pickaxe ability is on cooldown for 56s.
22:23:50 [allowed] §cAutopet §eequipped your §7[Lvl 100] §6Armadillo§e! §a§lVIEW RULE
22:23:53 [allowed] §cAutopet §eequipped your §7[Lvl 100] §6Scatha§e! §a§lVIEW RULE
22:23:53 [allowed] §cAutopet §eequipped your §7[Lvl 100] §6Armadillo§e! §a§lVIEW RULE
22:23:58 [allowed] §cAutopet §eequipped your §7[Lvl 100] §6Scatha§e! §a§lVIEW RULE
22:23:58 [allowed]     §r§dGemstone Powder §r§8x257
22:23:58 [allowed] §cAutopet §eequipped your §7[Lvl 100] §6Armadillo§e! §a§lVIEW RULE
22:24:00 [allowed] §b§lCOMPACT! §r§fYou found an §r§aEnchanted Hard Stone§r§f!
22:24:00 [allowed] §cAutopet §eequipped your §7[Lvl 100] §6Scatha§e! §a§lVIEW RULE
22:24:01 [allowed]     §r§dGemstone Powder §r§8x110
22:24:01 [allowed] §cYour pickaxe ability is on cooldown for 44s.
22:24:02 [allowed] §cAutopet §eequipped your §7[Lvl 100] §6Armadillo§e! §a§lVIEW RULE
22:24:02 [allowed] §cAutopet §eequipped your §7[Lvl 100] §6Scatha§e! §a§lVIEW RULE
22:24:02 [allowed]     §r§dGemstone Powder §r§8x654
22:24:03 [allowed] §cAutopet §eequipped your §7[Lvl 100] §6Armadillo§e! §a§lVIEW RULE
22:24:04 [allowed] §f                 §7You have §3737 §7materials stashed away!
22:24:04 [allowed] §f              §8(This totals 2 types of materials stashed!)
22:24:04 [allowed] §f                §3§l>>> §3§lCLICK HERE§b to pick them up! §3§l<<<
22:24:06 [allowed] §b§lCOMPACT! §r§fYou found an §r§aEnchanted Hard Stone§r§f!
22:24:07 [allowed] §b§lCOMPACT! §r§fYou found an §r§aEnchanted Hard Stone§r§f!
22:24:07 [allowed] §b§lCOMPACT! §r§fYou found an §r§aEnchanted Hard Stone§r§f!
22:24:07 [allowed] §b§lCOMPACT! §r§fYou found an §r§aEnchanted Hard Stone§r§f!
22:24:08 [allowed] §cAutopet §eequipped your §7[Lvl 100] §6Scatha§e! §a§lVIEW RULE
22:24:08 [allowed]     §r§9Electron Transmitter
22:24:08 [allowed]     §r§dGemstone Powder §r§8x144
22:24:09 [allowed]     §r§dGemstone Powder §r§8x592
22:24:09 [allowed] §cAutopet §eequipped your §7[Lvl 100] §6Armadillo§e! §a§lVIEW RULE
22:24:14 [allowed] §cAutopet §eequipped your §7[Lvl 100] §6Scatha§e! §a§lVIEW RULE
22:24:15 [allowed] §cAutopet §eequipped your §7[Lvl 100] §6Armadillo§e! §a§lVIEW RULE
22:24:21 [allowed] §cAutopet §eequipped your §7[Lvl 100] §6Scatha§e! §a§lVIEW RULE
22:24:21 [allowed]     §r§dGemstone Powder §r§8x273
22:24:21 [allowed] §cAutopet §eequipped your §7[Lvl 100] §6Armadillo§e! §a§lVIEW RULE
22:24:23 [allowed] §b§lCOMPACT! §r§fYou found an §r§aEnchanted Hard Stone§r§f!
22:24:25 [allowed] §cAutopet §eequipped your §7[Lvl 100] §6Scatha§e! §a§lVIEW RULE
22:24:25 [allowed]     §r§dGemstone Powder §r§8x1,161
22:24:25 [allowed] §cAutopet §eequipped your §7[Lvl 100] §6Armadillo§e! §a§lVIEW RULE
22:24:27 [allowed] §cAutopet §eequipped your §7[Lvl 100] §6Scatha§e! §a§lVIEW RULE
22:24:28 [allowed] §cAutopet §eequipped your §7[Lvl 100] §6Armadillo§e! §a§lVIEW RULE
22:24:30 [allowed] §cAutopet §eequipped your §7[Lvl 100] §6Scatha§e! §a§lVIEW RULE
22:24:31 [allowed] §cYour pickaxe ability is on cooldown for 14s.
22:24:31 [allowed]     §r§dGemstone Powder §r§8x621
22:24:32 [allowed] §cAutopet §eequipped your §7[Lvl 100] §6Armadillo§e! §a§lVIEW RULE
22:24:34 [allowed] §b§lCOMPACT! §r§fYou found an §r§aEnchanted Hard Stone§r§f!
22:24:36 [allowed] §cAutopet §eequipped your §7[Lvl 100] §6Scatha§e! §a§lVIEW RULE
22:24:36 [allowed]     §r§dGemstone Powder §r§8x308
22:24:37 [allowed] §cAutopet §eequipped your §7[Lvl 100] §6Armadillo§e! §a§lVIEW RULE
22:24:37 [allowed] §b§lCOMPACT! §r§fYou found an §r§aEnchanted Hard Stone§r§f!
22:24:46 [allowed] §b§lCOMPACT! §r§fYou found an §r§aEnchanted Hard Stone§r§f!
22:24:47 [allowed] §b§lCOMPACT! §r§fYou found an §r§aEnchanted Hard Stone§r§f!
22:24:47 [allowed]     §r§dGemstone Powder §r§8x146
22:24:48 [allowed] §cAutopet §eequipped your §7[Lvl 100] §6Scatha§e! §a§lVIEW RULE
22:24:48 [allowed] §cAutopet §eequipped your §7[Lvl 100] §6Armadillo§e! §a§lVIEW RULE
22:24:48 [allowed] §a§r§6Mining Speed Boost §r§ais now available!
22:24:50 [allowed] §b§lCOMPACT! §r§fYou found an §r§aEnchanted Hard Stone§r§f!
22:24:51 [allowed] §cAutopet §eequipped your §7[Lvl 100] §6Scatha§e! §a§lVIEW RULE
22:24:51 [allowed] §cAutopet §eequipped your §7[Lvl 100] §6Armadillo§e! §a§lVIEW RULE
22:24:58 [allowed]     §r§dGemstone Powder §r§8x92
22:25:02 [allowed] §cAutopet §eequipped your §7[Lvl 100] §6Scatha§e! §a§lVIEW RULE
22:25:02 [allowed] §c ☠ §r§7§r§bPixlecat16§r§7 was killed by Yog§r§7§r§7.
22:25:04 [allowed]     §r§dGemstone Powder §r§8x147
22:25:05 [allowed] §cAutopet §eequipped your §7[Lvl 100] §6Armadillo§e! §a§lVIEW RULE
22:25:05 [allowed] §f                 §7You have §3760 §7materials stashed away!
22:25:05 [allowed] §f              §8(This totals 2 types of materials stashed!)
22:25:05 [allowed] §f                §3§l>>> §3§lCLICK HERE§b to pick them up! §3§l<<<
22:25:07 [allowed] §cAutopet §eequipped your §7[Lvl 100] §6Scatha§e! §a§lVIEW RULE
22:25:07 [allowed]     §r§dGemstone Powder §r§8x687
22:25:07 [allowed]     §r§dGemstone Powder §r§8x998
22:25:08 [allowed] §cAutopet §eequipped your §7[Lvl 100] §6Armadillo§e! §a§lVIEW RULE
22:25:09 [allowed] §cAutopet §eequipped your §7[Lvl 100] §6Scatha§e! §a§lVIEW RULE
22:25:10 [allowed] §cAutopet §eequipped your §7[Lvl 100] §6Armadillo§e! §a§lVIEW RULE
22:25:11 [allowed] §b§lCOMPACT! §r§fYou found an §r§aEnchanted Hard Stone§r§f!
22:25:13 [allowed] §aYou used your §r§6Mining Speed Boost §r§aPickaxe Ability!
22:25:13 [allowed] §cAutopet §eequipped your §7[Lvl 100] §6Scatha§e! §a§lVIEW RULE
22:25:14 [allowed] §cAutopet §eequipped your §7[Lvl 100] §6Armadillo§e! §a§lVIEW RULE
22:25:15 [allowed] §b§lCOMPACT! §r§fYou found an §r§aEnchanted Hard Stone§r§f!
22:25:16 [allowed] §b§lCOMPACT! §r§fYou found an §r§aEnchanted Hard Stone§r§f!
22:25:17 [allowed] §cAutopet §eequipped your §7[Lvl 100] §6Scatha§e! §a§lVIEW RULE
22:25:17 [allowed]     §r§dGemstone Powder §r§8x257
22:25:17 [allowed] §cAutopet §eequipped your §7[Lvl 100] §6Armadillo§e! §a§lVIEW RULE
22:25:19 [allowed] §cAutopet §eequipped your §7[Lvl 100] §6Scatha§e! §a§lVIEW RULE
22:25:19 [allowed]     §r§dGemstone Powder §r§8x243
22:25:20 [allowed] §cAutopet §eequipped your §7[Lvl 100] §6Armadillo§e! §a§lVIEW RULE
22:25:22 [allowed] §cAutopet §eequipped your §7[Lvl 100] §6Scatha§e! §a§lVIEW RULE
22:25:23 [allowed] §cAutopet §eequipped your §7[Lvl 100] §6Armadillo§e! §a§lVIEW RULE
22:25:25 [allowed] §cAutopet §eequipped your §7[Lvl 100] §6Scatha§e! §a§lVIEW RULE
22:25:25 [allowed]     §r§dGemstone Powder §r§8x3,118
22:25:26 [allowed] §cAutopet §eequipped your §7[Lvl 100] §6Armadillo§e! §a§lVIEW RULE
22:25:28 [allowed] §cAutopet §eequipped your §7[Lvl 100] §6Scatha§e! §a§lVIEW RULE
22:25:28 [allowed]     §r§dGemstone Powder §r§8x1,721
22:25:28 [allowed]     §r§dGemstone Powder §r§8x194
22:25:29 [allowed] §cYour Mining Speed Boost has expired!
22:25:29 [allowed]     §r§dGemstone Powder §r§8x1,109
22:25:30 [allowed] §cAutopet §eequipped your §7[Lvl 100] §6Armadillo§e! §a§lVIEW RULE
22:25:31 [allowed] §cAutopet §eequipped your §7[Lvl 100] §6Scatha§e! §a§lVIEW RULE
22:25:31 [allowed]     §r§9FTX 3070
22:25:31 [allowed] §cAutopet §eequipped your §7[Lvl 100] §6Armadillo§e! §a§lVIEW RULE
22:25:32 [allowed] §cYour pickaxe ability is on cooldown for 102s.
22:25:34 [allowed] §cAutopet §eequipped your §7[Lvl 100] §6Scatha§e! §a§lVIEW RULE
22:25:34 [allowed]     §r§dGemstone Powder §r§8x290
22:25:35 [allowed] §cYour pickaxe ability is on cooldown for 99s.
22:25:35 [allowed]     §r§dGemstone Powder §r§8x746
22:25:36 [allowed] §cAutopet §eequipped your §7[Lvl 100] §6Armadillo§e! §a§lVIEW RULE
22:25:40 [allowed] §eYour armadillo is full of energy!
22:25:41 [allowed] §cAutopet §eequipped your §7[Lvl 100] §6Scatha§e! §a§lVIEW RULE
22:25:42 [allowed] §cAutopet §eequipped your §7[Lvl 100] §6Armadillo§e! §a§lVIEW RULE
22:25:42 [allowed] §cAutopet §eequipped your §7[Lvl 100] §6Scatha§e! §a§lVIEW RULE
22:25:42 [allowed]     §r§dGemstone Powder §r§8x1,141
22:25:44 [allowed] §cAutopet §eequipped your §7[Lvl 100] §6Armadillo§e! §a§lVIEW RULE
22:25:44 [allowed] §cAutopet §eequipped your §7[Lvl 100] §6Scatha§e! §a§lVIEW RULE
22:25:45 [allowed] §cAutopet §eequipped your §7[Lvl 100] §6Armadillo§e! §a§lVIEW RULE
22:25:46 [allowed] §b§lCOMPACT! §r§fYou found an §r§aEnchanted Hard Stone§r§f!
22:25:49 [allowed] §cAutopet §eequipped your §7[Lvl 100] §6Scatha§e! §a§lVIEW RULE
22:25:49 [allowed]     §r§dGemstone Powder §r§8x1,091
22:25:49 [allowed]     §r§dGemstone Powder §r§8x211
22:25:51 [allowed] §cAutopet §eequipped your §7[Lvl 100] §6Armadillo§e! §a§lVIEW RULE
22:25:53 [allowed] §cAutopet §eequipped your §7[Lvl 100] §6Scatha§e! §a§lVIEW RULE
22:25:53 [allowed]     §r§dGemstone Powder §r§8x500
22:25:53 [allowed] §cAutopet §eequipped your §7[Lvl 100] §6Armadillo§e! §a§lVIEW RULE
22:25:54 [allowed] §cAutopet §eequipped your §7[Lvl 100] §6Scatha§e! §a§lVIEW RULE
22:25:54 [allowed]     §r§dGemstone Powder §r§8x164
22:25:55 [allowed]     §r§dGemstone Powder §r§8x238
22:25:55 [allowed] §cAutopet §eequipped your §7[Lvl 100] §6Armadillo§e! §a§lVIEW RULE
22:25:59 [allowed] §cYour pickaxe ability is on cooldown for 74s.
22:26:00 [allowed] §cAutopet §eequipped your §7[Lvl 100] §6Scatha§e! §a§lVIEW RULE
22:26:00 [allowed]     §r§dGemstone Powder §r§8x212
22:26:00 [allowed] §cAutopet §eequipped your §7[Lvl 100] §6Armadillo§e! §a§lVIEW RULE
22:26:02 [allowed] §cAutopet §eequipped your §7[Lvl 100] §6Scatha§e! §a§lVIEW RULE
22:26:02 [allowed]     §r§9Robotron Reflector
22:26:02 [allowed]     §r§dGemstone Powder §r§8x534
22:26:02 [allowed] §cAutopet §eequipped your §7[Lvl 100] §6Armadillo§e! §a§lVIEW RULE
22:26:04 [allowed] §cAutopet §eequipped your §7[Lvl 100] §6Scatha§e! §a§lVIEW RULE
22:26:04 [allowed]     §r§dGemstone Powder §r§8x814
22:26:04 [allowed] §cAutopet §eequipped your §7[Lvl 100] §6Armadillo§e! §a§lVIEW RULE
22:26:06 [allowed] §b§lCOMPACT! §r§fYou found an §r§aEnchanted Hard Stone§r§f!
22:26:07 [allowed] §cAutopet §eequipped your §7[Lvl 100] §6Scatha§e! §a§lVIEW RULE
22:26:07 [allowed] §f                 §7You have §3760 §7materials stashed away!
22:26:07 [allowed] §f              §8(This totals 2 types of materials stashed!)
22:26:07 [allowed] §f                §3§l>>> §3§lCLICK HERE§b to pick them up! §3§l<<<
22:26:08 [allowed] §cAutopet §eequipped your §7[Lvl 100] §6Armadillo§e! §a§lVIEW RULE
22:26:14 [allowed] §b§lCOMPACT! §r§fYou found an §r§aEnchanted Hard Stone§r§f!
22:26:17 [allowed] §cAutopet §eequipped your §7[Lvl 100] §6Scatha§e! §a§lVIEW RULE
22:26:17 [allowed] §cYour pickaxe ability is on cooldown for 56s.
22:26:18 [allowed]     §r§dGemstone Powder §r§8x4,567
22:26:18 [allowed] §cYour pickaxe ability is on cooldown for 55s.
22:26:19 [allowed]     §r§dGemstone Powder §r§8x1,327
22:26:19 [allowed] §cAutopet §eequipped your §7[Lvl 100] §6Armadillo§e! §a§lVIEW RULE
22:26:20 [allowed] §b§lCOMPACT! §r§fYou found an §r§aEnchanted Hard Stone§r§f!
22:26:22 [allowed] §b§lCOMPACT! §r§fYou found an §r§aEnchanted Hard Stone§r§f!
22:26:25 [allowed] §cAutopet §eequipped your §7[Lvl 100] §6Scatha§e! §a§lVIEW RULE
22:26:25 [allowed] §cAutopet §eequipped your §7[Lvl 100] §6Armadillo§e! §a§lVIEW RULE
22:26:30 [allowed] §b§lCOMPACT! §r§fYou found an §r§aEnchanted Hard Stone§r§f!
22:26:32 [allowed] §cAutopet §eequipped your §7[Lvl 100] §6Scatha§e! §a§lVIEW RULE
22:26:32 [allowed] §cAutopet §eequipped your §7[Lvl 100] §6Armadillo§e! §a§lVIEW RULE
22:26:36 [allowed] §cAutopet §eequipped your §7[Lvl 100] §6Scatha§e! §a§lVIEW RULE
22:26:36 [allowed]     §r§dGemstone Powder §r§8x137
22:26:36 [allowed]     §r§dGemstone Powder §r§8x266
22:26:37 [allowed] §cAutopet §eequipped your §7[Lvl 100] §6Armadillo§e! §a§lVIEW RULE
22:26:41 [allowed] §cAutopet §eequipped your §7[Lvl 100] §6Scatha§e! §a§lVIEW RULE
22:26:42 [allowed]     §r§dGemstone Powder §r§8x137
22:26:42 [allowed]     §r§dGemstone Powder §r§8x142
22:26:43 [allowed] §cAutopet §eequipped your §7[Lvl 100] §6Armadillo§e! §a§lVIEW RULE
22:26:46 [allowed] §b§lCOMPACT! §r§fYou found an §r§aEnchanted Hard Stone§r§f!
22:26:46 [allowed] §b§lCOMPACT! §r§fYou found an §r§aEnchanted Hard Stone§r§f!
22:26:47 [allowed] §b§lCOMPACT! §r§fYou found an §r§aEnchanted Hard Stone§r§f!
22:26:49 [allowed] §cAutopet §eequipped your §7[Lvl 100] §6Scatha§e! §a§lVIEW RULE
22:26:49 [allowed]     §r§dGemstone Powder §r§8x263
22:26:50 [allowed] §cYour pickaxe ability is on cooldown for 24s.
22:26:50 [allowed]     §r§dGemstone Powder §r§8x99
22:26:51 [allowed] §a§l▬▬▬▬▬▬▬▬▬▬▬▬▬▬▬▬▬▬▬▬▬▬▬▬▬▬▬▬▬▬▬▬▬▬▬▬▬▬▬▬▬▬▬▬▬▬▬▬▬▬▬▬▬▬▬▬▬▬▬▬▬▬▬▬
22:26:51 [allowed] §f                           §r§b§l2X POWDER ENDED!
22:26:51 [allowed] §f                           §r§7Passive Active Event
22:26:51 [allowed] §f   Powder amount is back to normal, but there will be another
22:26:51 [allowed] §f§r§f                                 event soon!
22:26:51 [allowed] §a§l▬▬▬▬▬▬▬▬▬▬▬▬▬▬▬▬▬▬▬▬▬▬▬▬▬▬▬▬▬▬▬▬▬▬▬▬▬▬▬▬▬▬▬▬▬▬▬▬▬▬▬▬▬▬▬▬▬▬▬▬▬▬▬▬
22:26:51 [allowed] §cAutopet §eequipped your §7[Lvl 100] §6Armadillo§e! §a§lVIEW RULE
22:27:09 [allowed] §f                          §r§3§lSKYBLOCK LEVEL UP
22:27:09 [allowed] §f                             §r§9Level §r§8280 ➡ §r§8[§r§9281§r§8]
22:27:09 [allowed] §f                                  §r§6§lREWARDS
22:27:09 [allowed] §f                                 §r§8+§r§a5 §r§c❤ Health
22:27:09 [allowed] §f                 §7You have §3871 §7materials stashed away!
22:27:09 [allowed] §f              §8(This totals 2 types of materials stashed!)
22:27:09 [allowed] §f                §3§l>>> §3§lCLICK HERE§b to pick them up! §3§l<<<
22:27:17 [allowed] §a§r§6Mining Speed Boost §r§ais now available!
22:28:11 [allowed] §f                 §7You have §3871 §7materials stashed away!
22:28:11 [allowed] §f              §8(This totals 2 types of materials stashed!)
22:28:11 [allowed] §f                §3§l>>> §3§lCLICK HERE§b to pick them up! §3§l<<<
22:29:09 [allowed] §eMaxed the Supercraft to §r§b35x crafts§r§e!
22:29:09 [allowed] §eYou Supercrafted §r§r§r§aEnchanted Hard Stone §r§8x35§r§e!
22:29:12 [allowed] §f                 §7You have §3871 §7materials stashed away!
22:29:12 [allowed] §f              §8(This totals 2 types of materials stashed!)
22:29:12 [allowed] §f                §3§l>>> §3§lCLICK HERE§b to pick them up! §3§l<<<
22:29:23 [allowed] §c ☠ §r§7§r§blovric126§r§7 was killed by Automaton§r§7§r§7.
22:29:24 [allowed] §eYou haven't claimed your §r§6Spooky Rewards §r§eyet!
22:29:24 [allowed] §eTalk to the §r§bSpooky Man §r§ein the §r§aHub§r§e!
22:29:29 [allowed] §f                 §7You have §3871 §7materials stashed away!
22:29:29 [allowed] §f              §8(This totals 2 types of materials stashed!)
22:29:29 [allowed] §f                §3§l>>> §3§lCLICK HERE§b to pick them up! §3§l<<<
22:29:38 [allowed] §aThe wind has changed direction!
22:29:42 [allowed] §aYou summoned your §r§6Scatha§r§a!
22:29:50 [allowed] §eMaxed the Supercraft to §r§b126x crafts§r§e!
22:29:50 [allowed] §eYou Supercrafted §r§r§r§aEnchanted Coal §r§8x126§r§e!
22:30:10 [allowed] §cThere are blocks in the way!
22:30:24 [allowed] §f                 §7You have §3871 §7materials stashed away!
22:30:24 [allowed] §f              §8(This totals 2 types of materials stashed!)
22:30:24 [allowed] §f                §3§l>>> §3§lCLICK HERE§b to pick them up! §3§l<<<
22:30:59 [allowed] §8Depositing coins...
22:30:59 [allowed] §aDeposited §r§6105k coins§r§a! There's now §r§6306M coins §r§ain the account!
22:31:03 [allowed] §2Guild > §r§bLegohjalten §r§ejoined.
22:31:19 [allowed] §aThe wind has changed direction!
22:31:24 [allowed] §f                 §7You have §3871 §7materials stashed away!
22:31:24 [allowed] §f              §8(This totals 2 types of materials stashed!)
22:31:24 [allowed] §f                §3§l>>> §3§lCLICK HERE§b to pick them up! §3§l<<<
22:31:28 [allowed] ▬▬▬▬▬▬▬▬▬▬▬▬▬▬▬▬▬▬▬▬▬▬▬▬▬▬▬▬▬▬▬▬▬▬▬▬▬▬▬▬▬▬▬▬▬▬▬▬▬▬▬▬▬▬▬▬▬▬▬▬▬▬▬▬
22:31:28 [allowed] §f                                §r§6§k#§r§5 LEVEL UP! §r§6§k#
22:31:28 [allowed] §f                       §r§7You are now §r§6Event Level §r§53§r§7!
22:31:28 [allowed] §f                       §r§7You earned §r§f26 Event Silver§r§7!
22:31:28 [allowed] ▬▬▬▬▬▬▬▬▬▬▬▬▬▬▬▬▬▬▬▬▬▬▬▬▬▬▬▬▬▬▬▬▬▬▬▬▬▬▬▬▬▬▬▬▬▬▬▬▬▬▬▬▬▬▬▬▬▬▬▬▬▬▬▬
22:32:25 [allowed] §f                 §7You have §3871 §7materials stashed away!
22:32:25 [allowed] §f              §8(This totals 2 types of materials stashed!)
22:32:25 [allowed] §f                §3§l>>> §3§lCLICK HERE§b to pick them up! §3§l<<<
22:32:40 [allowed] §cYou don't have enough Mithril Powder!
22:32:48 [allowed] §cThere are blocks in the way!
22:32:49 [allowed] §aYou used your §r§6Mining Speed Boost §r§aPickaxe Ability!
22:32:50 [allowed] §aThe wind has changed direction!
22:33:04 [allowed] §cYour Mining Speed Boost has expired!
22:33:17 [allowed] §aYou summoned your §r§dMithril Golem§r§a!
22:33:26 [allowed] §f                 §7You have §3871 §7materials stashed away!
22:33:26 [allowed] §f              §8(This totals 2 types of materials stashed!)
22:33:26 [allowed] §f                §3§l>>> §3§lCLICK HERE§b to pick them up! §3§l<<<
22:33:31 [allowed] §aThe wind has changed direction!
22:33:36 [allowed] §cThere are blocks in the way!
22:34:27 [allowed] §f                 §7You have §3871 §7materials stashed away!
22:34:27 [allowed] §f              §8(This totals 2 types of materials stashed!)
22:34:27 [allowed] §f                §3§l>>> §3§lCLICK HERE§b to pick them up! §3§l<<<
22:34:38 [allowed] §a§r§6Mining Speed Boost §r§ais now available!
22:35:03 [allowed] §aYou used your §r§6Mining Speed Boost §r§aPickaxe Ability!
22:35:03 [allowed] §b§lCOMPACT! §r§fYou found an §r§9Enchanted Mithril§r§f!
22:35:18 [allowed] §cYour Mining Speed Boost has expired!
22:35:27 [allowed] §f                 §7You have §3871 §7materials stashed away!
22:35:27 [allowed] §f              §8(This totals 2 types of materials stashed!)
22:35:27 [allowed] §f                §3§l>>> §3§lCLICK HERE§b to pick them up! §3§l<<<
22:35:52 [allowed] §aThe wind has changed direction!
22:36:16 [allowed] §cThere are blocks in the way!
22:36:16 [allowed] §cThere are blocks in the way!
22:36:23 [allowed] §aThe wind has changed direction!
22:36:23 [allowed] §cThere are blocks in the way!
22:36:24 [allowed] §cThere are blocks in the way!
22:36:24 [allowed] §cThere are blocks in the way!
22:36:24 [allowed] §cThere are blocks in the way!
22:36:25 [allowed] §cThere are blocks in the way!
22:36:25 [allowed] §cThere are blocks in the way!
22:36:25 [allowed] §cThere are blocks in the way!
22:36:25 [allowed] §cThere are blocks in the way!
22:36:25 [allowed] §cThere are blocks in the way!
22:36:25 [allowed] §cThere are blocks in the way!
22:36:28 [allowed] §f                 §7You have §3871 §7materials stashed away!
22:36:28 [allowed] §f              §8(This totals 2 types of materials stashed!)
22:36:28 [allowed] §f                §3§l>>> §3§lCLICK HERE§b to pick them up! §3§l<<<
22:36:30 [allowed] §cThere are blocks in the way!
22:36:52 [allowed] §a§r§6Mining Speed Boost §r§ais now available!
22:36:53 [allowed] §aThe wind has changed direction!
22:37:29 [allowed] §f                 §7You have §3871 §7materials stashed away!
22:37:29 [allowed] §f              §8(This totals 2 types of materials stashed!)
22:37:29 [allowed] §f                §3§l>>> §3§lCLICK HERE§b to pick them up! §3§l<<<
22:38:24 [allowed] §aThe wind has changed direction!
22:38:29 [allowed] §f                 §7You have §3871 §7materials stashed away!
22:38:29 [allowed] §f              §8(This totals 2 types of materials stashed!)
22:38:29 [allowed] §f                §3§l>>> §3§lCLICK HERE§b to pick them up! §3§l<<<
22:38:54 [allowed] §aThe wind has changed direction!
22:39:24 [allowed] §aThe wind has changed direction!
22:39:30 [allowed] §f                 §7You have §3871 §7materials stashed away!
22:39:30 [allowed] §f              §8(This totals 2 types of materials stashed!)
22:39:30 [allowed] §f                §3§l>>> §3§lCLICK HERE§b to pick them up! §3§l<<<
22:39:47 [allowed] §eMaxed the Supercraft to §r§b126x crafts§r§e!
22:39:48 [allowed] §eYou Supercrafted §r§r§r§9Enchanted Mithril §r§8x126§r§e!
22:39:55 [allowed] §aThe wind has changed direction!
22:40:25 [allowed] §aThe wind has changed direction!
22:40:30 [allowed] §f                 §7You have §3871 §7materials stashed away!
22:40:30 [allowed] §f              §8(This totals 2 types of materials stashed!)
22:40:30 [allowed] §f                §3§l>>> §3§lCLICK HERE§b to pick them up! §3§l<<<
22:40:37 [allowed] §aYou have successfully transferred your items from this stash to your sacks!
22:40:47 [allowed] §aYou summoned your §r§6Scatha§r§a!
22:41:25 [allowed] §aThe wind has changed direction!
22:42:13 [allowed] §8Withdrawing coins...
22:42:13 [allowed] §aWithdrew §r§6100k coins§r§a! There's now §r§6306M coins §r§aleft in the account!
22:42:25 [allowed] §dRabbit Granny §r§7has been promoted to §r§7[209§r§7] §r§dExecutive§r§7!
22:42:26 [allowed] §d§lTIME TOWER! §r§7Your §r§6Chocolate Factory §r§7production has increased by §r§6+0.5x §r§7for §r§a1h§r§7!
22:42:27 [allowed] §bRabbit Sis §r§7has been promoted to §r§7[220§r§7] §r§bBoard Member§r§7!
22:42:27 [allowed] §aThe wind has changed direction!
22:42:28 [allowed] §dRabbit Uncle §r§7has been promoted to §r§7[206§r§7] §r§dExecutive§r§7!
22:42:29 [allowed] §dRabbit Dog §r§7has been promoted to §r§7[203§r§7] §r§dExecutive§r§7!
22:42:30 [allowed] §dRabbit Granny §r§7has been promoted to §r§7[210§r§7] §r§dExecutive§r§7!
22:42:31 [allowed] §dRabbit Daddy §r§7has been promoted to §r§7[215§r§7] §r§dExecutive§r§7!
22:42:33 [allowed] §dRabbit Uncle §r§7has been promoted to §r§7[207§r§7] §r§dExecutive§r§7!
22:42:34 [allowed] §dRabbit Dog §r§7has been promoted to §r§7[204§r§7] §r§dExecutive§r§7!
22:42:35 [allowed] §dRabbit Granny §r§7has been promoted to §r§7[211§r§7] §r§dExecutive§r§7!
22:42:35 [allowed] §dRabbit Daddy §r§7has been promoted to §r§7[216§r§7] §r§dExecutive§r§7!
22:42:36 [allowed] §dRabbit Uncle §r§7has been promoted to §r§7[208§r§7] §r§dExecutive§r§7!
22:42:37 [allowed] §dRabbit Dog §r§7has been promoted to §r§7[205§r§7] §r§dExecutive§r§7!
22:42:38 [allowed] §dRabbit Granny §r§7has been promoted to §r§7[212§r§7] §r§dExecutive§r§7!
22:42:39 [allowed] §dRabbit Daddy §r§7has been promoted to §r§7[217§r§7] §r§dExecutive§r§7!
22:42:40 [allowed] §dRabbit Uncle §r§7has been promoted to §r§7[209§r§7] §r§dExecutive§r§7!
22:42:41 [allowed] §dRabbit Dog §r§7has been promoted to §r§7[206§r§7] §r§dExecutive§r§7!
22:42:56 [allowed] §aThe wind has changed direction!
22:43:08 [allowed] §cThere are blocks in the way!
22:43:09 [allowed] §cThere are blocks in the way!
22:43:10 [allowed] §cThere are blocks in the way!
22:43:26 [allowed] §aThe wind has changed direction!
22:43:38 [allowed] §c ☠ §r§7§r§bnametaqs§r§7 was killed by Glacite Walker§r§7§r§7.
22:43:56 [allowed] §aThe wind has changed direction!
22:44:22 [allowed] §6The sound of pickaxes clashing against the rock has attracted the attention of the §r§6§lPOWDER GHAST!
22:44:22 [allowed] §eFind the §r§6Powder Ghast§r§e near the §r§bDivan's Gateway§r§e!
22:44:52 [allowed] §a§l▬▬▬▬▬▬▬▬▬▬▬▬▬▬▬▬▬▬▬▬▬▬▬▬▬▬▬▬▬▬▬▬▬▬▬▬▬▬▬▬▬▬▬▬▬▬▬▬▬▬▬▬▬▬▬▬▬▬▬▬▬▬▬▬
22:44:52 [allowed] §f                     §r§9§lGONE WITH THE WIND ENDED!
22:44:52 [allowed] §f                           §r§7Passive Active Event
22:44:52 [allowed] §f     The wind has died down leading to normal mining speeds.
22:44:52 [allowed] §a§l▬▬▬▬▬▬▬▬▬▬▬▬▬▬▬▬▬▬▬▬▬▬▬▬▬▬▬▬▬▬▬▬▬▬▬▬▬▬▬▬▬▬▬▬▬▬▬▬▬▬▬▬▬▬▬▬▬▬▬▬▬▬▬▬
22:44:58 [allowed] §8[§r§79§r§8] §r§b[MVP§6+§b] nametaqs§f§r§f: andtaff you got another one of those i mine slow asf
22:45:51 [allowed] §aReset your §r§5Heart of the Mountain§r§a! Your Perks and Abilities have been reset.
22:45:51 [allowed] §aThe following has been credited to your profile:
22:45:51 [allowed]     §r§522 Token of the Mountain
22:45:51 [allowed]     §r§b1,340,135 Glacite Powder
22:45:51 [allowed]     §r§24,902,743 Mithril Powder
22:45:51 [allowed]     §r§d7,277,522 Gemstone Powder
22:46:18 [allowed] §cThis menu has been throttled! Please slow down...
22:46:18 [allowed] §cThis menu has been throttled! Please slow down...
22:46:19 [allowed] §cThis menu has been throttled! Please slow down...
22:46:19 [allowed] §cThis menu has been throttled! Please slow down...
22:46:20 [allowed] §cThis menu has been throttled! Please slow down...
22:46:20 [allowed] §cThis menu has been throttled! Please slow down...
22:46:21 [allowed]  §c⚑ §eThe §cGoblin Raid §eevent starts in §a20 §eseconds!
 §aClick here §eto teleport to §bGarry §eand prepare!
22:46:21 [allowed] §cThis menu has been throttled! Please slow down...
22:46:22 [allowed] §cThis menu has been throttled! Please slow down...
22:46:41 [allowed] §a§l▬▬▬▬▬▬▬▬▬▬▬▬▬▬▬▬▬▬▬▬▬▬▬▬▬▬▬▬▬▬▬▬▬▬▬▬▬▬▬▬▬▬▬▬▬▬▬▬▬▬▬▬▬▬▬▬▬▬▬▬▬▬▬▬
22:46:41 [allowed] §f                        §r§c§lGOBLIN RAID STARTED!
22:46:41 [allowed] §f                                 §r§7Mining Event
22:46:41 [allowed] §f                        Kill all §r§c1,000 §r§fgoblins to §r§awin§r§f!
22:46:41 [allowed] §f       Earn §r§6extra rewards §r§fby slaying at least §r§c25 §r§fyourself!
22:46:41 [allowed] §f                  Go to §r§bThe Forge §r§7(or talk to Garry)
22:46:41 [allowed] §a§l▬▬▬▬▬▬▬▬▬▬▬▬▬▬▬▬▬▬▬▬▬▬▬▬▬▬▬▬▬▬▬▬▬▬▬▬▬▬▬▬▬▬▬▬▬▬▬▬▬▬▬▬▬▬▬▬▬▬▬▬▬▬▬▬
22:46:53 [allowed] §eA nearby §r§bSuperprotectron §r§edefends this goblin against ranged damage!
22:46:55 [allowed] §eA nearby §r§bSuperprotectron §r§eis defending this goblin!
22:46:55 [allowed] §eA nearby §r§bSuperprotectron §r§edefends this goblin against ability damage!
22:46:55 [allowed] §eA nearby §r§bSuperprotectron §r§eis defending this goblin!
22:46:57 [allowed] §eA nearby §r§bSuperprotectron §r§eis defending this goblin!
22:46:57 [allowed] §eA nearby §r§bSuperprotectron §r§eis defending this goblin!
22:46:58 [allowed] §eA nearby §r§bSuperprotectron §r§eis defending this goblin!
22:46:58 [allowed] §a§l+5 Kill Combo §r§8§r§b+3✯ Magic Find
22:47:01 [allowed] §a§l+10 Kill Combo §r§8+§r§610 §r§7coins per kill
22:47:03 [allowed] §eA nearby §r§bSuperprotectron §r§edefends this goblin against ability damage!
22:47:05 [allowed] §e[NPC] Fred§f: §r§fThese forges have been running at an endermite's pace!
22:47:06 [allowed] §eA nearby §r§bSuperprotectron §r§eis defending this goblin!
22:47:07 [allowed] §e[NPC] Fred§f: §r§fMy job here is to make sure the lava flows and that the titanium shines.
22:47:09 [allowed] §e[NPC] Fred§f: §r§fYep, it's mostly watching other people work!
22:47:13 [allowed] §9§l+15 Kill Combo §r§8§r§b+3✯ Magic Find
22:47:14 [allowed] §cThere are blocks in the way!
22:47:19 [allowed] §cYour Kill Combo has expired! You reached a 15 Kill Combo!
22:47:19 [allowed] §eA nearby §r§bSuperprotectron §r§edefends this goblin against ranged damage!
22:47:20 [allowed] §eA nearby §r§bSuperprotectron §r§eis defending this goblin!
22:47:20 [allowed] §eA nearby §r§bSuperprotectron §r§edefends this goblin against ability damage!
22:47:21 [allowed] §eA nearby §r§bSuperprotectron §r§eis defending this goblin!
22:47:28 [allowed] §a§l+5 Kill Combo §r§8§r§b+3✯ Magic Find
22:47:30 [allowed] §a§l+10 Kill Combo §r§8+§r§610 §r§7coins per kill
22:47:34 [allowed] §cThere are blocks in the way!
22:47:34 [allowed] §eA nearby §r§bSuperprotectron §r§eis defending this goblin!
22:47:34 [allowed] §eA nearby §r§bSuperprotectron §r§edefends this goblin against ability damage!
22:47:36 [allowed] §cYour Kill Combo has expired! You reached a 10 Kill Combo!
22:47:36 [allowed] §eA nearby §r§bSuperprotectron §r§eis defending this goblin!
22:47:37 [allowed] §eA nearby §r§bSuperprotectron §r§eis defending this goblin!
22:47:39 [allowed] §eA nearby §r§bSuperprotectron §r§edefends this goblin against ability damage!
22:47:41 [allowed] §eYou got §r§c+10 kills §r§efor helping to kill a §r§bSuperprotectron§r§e!
22:47:43 [allowed] §eA nearby §r§bSuperprotectron §r§eis defending this goblin!
22:47:43 [allowed] §eA nearby §r§bSuperprotectron §r§eis defending this goblin!
22:47:44 [allowed] §eA nearby §r§bSuperprotectron §r§edefends this goblin against ability damage!
22:47:46 [allowed] §a§l+5 Kill Combo §r§8§r§b+3✯ Magic Find
22:47:47 [allowed] §eA nearby §r§bSuperprotectron §r§eis defending this goblin!
22:47:48 [allowed] §eA nearby §r§bSuperprotectron §r§eis defending this goblin!
22:47:48 [allowed] §eA nearby §r§bSuperprotectron §r§eis defending this goblin!
22:47:48 [allowed] §eA nearby §r§bSuperprotectron §r§eis defending this goblin!
22:47:50 [allowed] §eA nearby §r§bSuperprotectron §r§edefends this goblin against ability damage!
22:47:52 [allowed] §cThere are blocks in the way!
22:47:54 [allowed] §cYour Kill Combo has expired! You reached a 6 Kill Combo!
22:48:10 [allowed] §c ☠ §r§7§r§bXenpai§r§7 was killed by §r§4Murderlover§r§7§r§7.
22:48:13 [allowed] §c ☠ §r§7§r§baqzswedx§r§7 was killed by §r§4Murderlover§r§7§r§7.
22:49:23 [allowed] §cThis menu has been throttled! Please slow down...
22:49:24 [allowed] §cThis menu has been throttled! Please slow down...
22:49:24 [allowed] §cThis menu has been throttled! Please slow down...
22:49:25 [allowed] §cThis menu has been throttled! Please slow down...
22:49:25 [allowed] §cThis menu has been throttled! Please slow down...
22:49:25 [allowed] §cThis menu has been throttled! Please slow down...
22:49:26 [allowed] §cThis menu has been throttled! Please slow down...
22:49:26 [allowed] §cThis menu has been throttled! Please slow down...
22:49:27 [allowed] §cThis menu has been throttled! Please slow down...
22:49:27 [allowed] §cThis menu has been throttled! Please slow down...
22:49:27 [allowed] §cThis menu has been throttled! Please slow down...
22:49:28 [allowed] §a§l▬▬▬▬▬▬▬▬▬▬▬▬▬▬▬▬▬▬▬▬▬▬▬▬▬▬▬▬▬▬▬▬▬▬▬▬▬▬▬▬▬▬▬▬▬▬▬▬▬▬▬▬▬▬▬▬▬▬▬▬▬▬▬▬
22:49:28 [allowed] §f                          §r§c§lGOBLIN RAID ENDED!
22:49:28 [allowed] §f                                 §r§7Mining Event
22:49:28 [allowed] §f              §r§a§lWOW! §r§fAll §r§c1,000 §r§fgoblins were slain in §r§e02:44§r§f!
22:49:28 [allowed] §f                    §r§a§lBONUS! §r§fYou killed §r§a39/25 §r§fgoblins!
22:49:28 [allowed] §f                                   Rewards
22:49:28 [allowed] §f                        §r§8+§r§330,000 Mining Experience
22:49:28 [allowed] §f                           §r§8+§r§215,472 Mithril Powder
22:49:28 [allowed] §f                    §r§8+§r§aEnchanted Book (§r§d§lFlowstate I§r§a)
22:49:28 [allowed] §f                          §r§8+§r§aDwarven O's Ore Oats
22:49:28 [allowed] §a§l▬▬▬▬▬▬▬▬▬▬▬▬▬▬▬▬▬▬▬▬▬▬▬▬▬▬▬▬▬▬▬▬▬▬▬▬▬▬▬▬▬▬▬▬▬▬▬▬▬▬▬▬▬▬▬▬▬▬▬▬▬▬▬▬
22:49:37 [allowed] §cThis menu has been throttled! Please slow down...
22:49:37 [allowed] §cThis menu has been throttled! Please slow down...
22:49:37 [allowed] §cThis menu has been throttled! Please slow down...
22:49:38 [allowed] §cThis menu has been throttled! Please slow down...
22:49:38 [allowed] §cThis menu has been throttled! Please slow down...
22:49:39 [allowed] §cThis menu has been throttled! Please slow down...
22:49:39 [allowed] §cThis menu has been throttled! Please slow down...
22:49:40 [allowed] §cThis menu has been throttled! Please slow down...
22:49:41 [allowed] §cThis menu has been throttled! Please slow down...
22:49:41 [allowed] §cThis menu has been throttled! Please slow down...
22:49:51 [allowed] §cThis menu has been throttled! Please slow down...
22:49:52 [allowed] §cThis menu has been throttled! Please slow down...
22:49:52 [allowed] §cThis menu has been throttled! Please slow down...
22:49:54 [allowed] §cThis menu has been throttled! Please slow down...
22:49:54 [allowed] §cThis menu has been throttled! Please slow down...
22:49:54 [allowed] §cThis menu has been throttled! Please slow down...
22:49:54 [allowed] §cThis menu has been throttled! Please slow down...
22:49:54 [allowed] §cThis menu has been throttled! Please slow down...
22:49:55 [allowed] §cThis menu has been throttled! Please slow down...
22:49:55 [allowed] §cThis menu has been throttled! Please slow down...
22:49:55 [allowed] §cYou have already purchased this!
22:50:20 [allowed] §cThis menu has been throttled! Please slow down...
22:50:20 [allowed] §cThis menu has been throttled! Please slow down...
22:50:21 [allowed] §cThis menu has been throttled! Please slow down...
22:50:21 [allowed] §cThis menu has been throttled! Please slow down...
22:50:21 [allowed] §cThis menu has been throttled! Please slow down...
22:50:22 [allowed] §cThis menu has been throttled! Please slow down...
22:50:22 [allowed] §cThis menu has been throttled! Please slow down...
22:50:23 [allowed] §cThis menu has been throttled! Please slow down...
22:50:23 [allowed] §cThis menu has been throttled! Please slow down...
22:50:23 [allowed] §cThis menu has been throttled! Please slow down...
22:50:24 [allowed] §cThis menu has been throttled! Please slow down...
22:50:34 [allowed] §cThis menu has been throttled! Please slow down...
22:50:34 [allowed] §cThis menu has been throttled! Please slow down...
22:50:35 [allowed] §cThis menu has been throttled! Please slow down...
22:50:36 [allowed] §cThis menu has been throttled! Please slow down...
22:50:36 [allowed] §cThis menu has been throttled! Please slow down...
22:50:36 [allowed] §cThis menu has been throttled! Please slow down...
22:50:37 [allowed] §cThis menu has been throttled! Please slow down...
22:50:37 [allowed] §cThis menu has been throttled! Please slow down...
22:50:38 [allowed] §cThis menu has been throttled! Please slow down...
22:50:58 [allowed] §cThis menu has been throttled! Please slow down...
22:50:59 [allowed] §cThis menu has been throttled! Please slow down...
22:50:59 [allowed] §cThis menu has been throttled! Please slow down...
22:50:59 [allowed] §cThis menu has been throttled! Please slow down...
22:51:00 [allowed] §cThis menu has been throttled! Please slow down...
22:51:00 [allowed] §cThis menu has been throttled! Please slow down...
22:51:01 [allowed] §cThis menu has been throttled! Please slow down...
22:51:01 [allowed] §cThis menu has been throttled! Please slow down...
22:51:01 [allowed] §cThis menu has been throttled! Please slow down...
22:51:02 [allowed] §cThis menu has been throttled! Please slow down...
22:51:02 [allowed] §cThis menu has been throttled! Please slow down...
22:51:11 [allowed] §cYou don't have enough Mithril Powder!
22:51:11 [allowed] §cYou don't have enough Mithril Powder!
22:51:27 [allowed] §cThis menu has been throttled! Please slow down...
22:51:28 [allowed] §cThis menu has been throttled! Please slow down...
22:51:28 [allowed] §cThis menu has been throttled! Please slow down...
22:51:29 [allowed] §cThis menu has been throttled! Please slow down...
22:51:29 [allowed] §cThis menu has been throttled! Please slow down...
22:51:30 [allowed] §cThis menu has been throttled! Please slow down...
22:51:30 [allowed] §cThis menu has been throttled! Please slow down...
22:51:31 [allowed] §cThis menu has been throttled! Please slow down...
22:51:31 [allowed] §cThis menu has been throttled! Please slow down...
22:51:32 [allowed] §cThis menu has been throttled! Please slow down...
22:52:17 [allowed] §cThis menu has been throttled! Please slow down...
22:52:17 [allowed] §cThis menu has been throttled! Please slow down...
22:52:18 [allowed] §cThis menu has been throttled! Please slow down...
22:52:18 [allowed] §cThis menu has been throttled! Please slow down...
22:52:18 [allowed] §cThis menu has been throttled! Please slow down...
22:52:19 [allowed] §cThis menu has been throttled! Please slow down...
22:52:19 [allowed] §cThis menu has been throttled! Please slow down...
22:52:20 [allowed] §cThis menu has been throttled! Please slow down...
22:52:20 [allowed] §cThis menu has been throttled! Please slow down...
22:52:21 [allowed] §cThis menu has been throttled! Please slow down...
22:52:21 [allowed] §cThis menu has been throttled! Please slow down...
22:54:31 [allowed] §cThis menu has been throttled! Please slow down...
22:54:31 [allowed] §cThis menu has been throttled! Please slow down...
22:54:32 [allowed] §cThis menu has been throttled! Please slow down...
22:54:32 [allowed] §cThis menu has been throttled! Please slow down...
22:54:33 [allowed] §cThis menu has been throttled! Please slow down...
22:54:33 [allowed] §cThis menu has been throttled! Please slow down...
22:54:34 [allowed] §cThis menu has been throttled! Please slow down...
22:54:34 [allowed] §cThis menu has been throttled! Please slow down...
22:54:35 [allowed] §cThis menu has been throttled! Please slow down...
22:54:35 [allowed] §cThis menu has been throttled! Please slow down...
22:54:35 [allowed] §cThis menu has been throttled! Please slow down...
22:55:04 [allowed] §b§lFISHING FESTIVAL §r§eThe festival has concluded! Time to dry off and repair your rods!
22:55:08 [allowed] §cYou don't have enough Gemstone Powder!
22:55:08 [allowed] §cYou don't have enough Gemstone Powder!
22:55:17 [allowed] §cThere are blocks in the way!
22:55:17 [allowed] §cThere are blocks in the way!
22:55:35 [allowed] §cYou don't have enough Gemstone Powder!
22:56:14 [allowed] §cThis menu has been throttled! Please slow down...
22:56:14 [allowed] §cThis menu has been throttled! Please slow down...
22:56:14 [allowed] §cThis menu has been throttled! Please slow down...
22:56:14 [allowed] §cThis menu has been throttled! Please slow down...
22:56:15 [allowed] §cThis menu has been throttled! Please slow down...
22:56:15 [allowed] §cThis menu has been throttled! Please slow down...
22:56:16 [allowed] §cThis menu has been throttled! Please slow down...
22:56:16 [allowed] §cThis menu has been throttled! Please slow down...
22:56:16 [allowed] §cThis menu has been throttled! Please slow down...
22:56:28 [allowed] §cThis menu has been throttled! Please slow down...
22:56:29 [allowed] §cThis menu has been throttled! Please slow down...
22:56:29 [allowed] §cThis menu has been throttled! Please slow down...
22:56:30 [allowed] §cThis menu has been throttled! Please slow down...
22:56:30 [allowed] §cThis menu has been throttled! Please slow down...
22:56:32 [allowed] §cThis menu has been throttled! Please slow down...
22:56:32 [allowed] §cThis menu has been throttled! Please slow down...
22:57:00 [allowed] §cThis menu has been throttled! Please slow down...
22:57:00 [allowed] §cThis menu has been throttled! Please slow down...
22:57:01 [allowed] §cThis menu has been throttled! Please slow down...
22:57:01 [allowed] §cThis menu has been throttled! Please slow down...
22:57:15 [allowed] §cYou don't have enough Glacite Powder!
22:57:15 [allowed] §cYou don't have enough Glacite Powder!
22:57:16 [allowed] §cYou don't have enough Glacite Powder!
22:57:23 [allowed] §5§l✯ §r§eA §r§5Fallen Star §r§ehas crashed at §r§bUpper Mines§r§e! Nearby ore and Powder drops are amplified!
22:58:49 [allowed] §6The sound of pickaxes clashing against the rock has attracted the attention of the §r§6§lPOWDER GHAST!
22:58:49 [allowed] §eFind the §r§6Powder Ghast§r§e near the §r§bForge Basin§r§e!
22:58:57 [allowed] §cThere are blocks in the way!
22:59:10 [allowed] §cThere are blocks in the way!
23:00:28 [allowed] §cYou have already selected this drop!
23:01:00 [allowed] §cThere are blocks in the way!
23:01:06 [allowed] §cThere are blocks in the way!
23:01:08 [allowed] §cThere are blocks in the way!
23:01:20 [allowed] §eYou haven't claimed your §r§6Spooky Rewards §r§eyet!
23:01:20 [allowed] §eTalk to the §r§bSpooky Man §r§ein the §r§aHub§r§e!
23:01:39 [allowed] §8Withdrawing coins...
23:01:39 [allowed] §aWithdrew §r§61M coins§r§a! There's now §r§6305M coins §r§aleft in the account!
23:01:43 [allowed] §6[Bazaar] §r§7Executing instant buy...
23:01:43 [allowed] §6[Bazaar] §r§7Bought §r§a3§r§7x §r§d§lFlowstate I §r§7for §r§6119,286 coins§r§7!
23:02:31 [allowed] §6[Bazaar] §r§7Executing instant buy...
23:02:31 [allowed] §6[Bazaar] §r§7Bought §r§a4§r§7x §r§d§lFlowstate I §r§7for §r§6159,049 coins§r§7!
23:02:34 [allowed] §cThere are blocks in the way!
23:02:47 [allowed] §cYou don't have enough Experience Levels!
23:02:49 [allowed] §cYou don't have enough Experience Levels!
23:03:05 [allowed] §6[Bazaar] §r§7Executing instant buy...
23:03:05 [allowed] §6[Bazaar] §r§7Bought §r§a1§r§7x §r§9Titanic Experience Bottle §r§7for §r§6607,729 coins§r§7!
23:03:12 [allowed] §cThere are blocks in the way!
23:03:13 [allowed] §cThere are blocks in the way!
23:03:13 [allowed] §cThere are blocks in the way!
23:03:32 [allowed] §cThere are blocks in the way!
23:03:32 [allowed] §cThere are blocks in the way!
23:03:33 [allowed] §cThere are blocks in the way!
23:03:48 [allowed] §8[§r§3279§r§8] §r§6❁ §r§a[VIP] Indigo_Banyan§f§r§f: lazzi
23:03:49 [allowed] §8[§r§730§r§8] §r§b[MVP] RicketyCover§f§r§f: trading full set of shadow asssian armour
23:03:57 [allowed] §8[§r§3279§r§8] §r§6❁ §r§a[VIP] Indigo_Banyan§f§r§f: cane milestone 46 when
23:03:58 [allowed] §8[§r§3249§r§8] §r§a[VIP§6+§a] Pugtato_§f§r§f: FOR
23:04:06 [allowed] §eYou haven't claimed your §r§6Spooky Rewards §r§eyet!
23:04:06 [allowed] §eTalk to the §r§bSpooky Man §r§ein the §r§aHub§r§e!
23:04:47 [allowed] §aThe wind has changed direction!
23:04:54 [allowed] §cThere are blocks in the way!
23:04:54 [allowed] §cThere are blocks in the way!
23:04:55 [allowed] §cThere are blocks in the way!
23:04:57 [allowed] §cThere are blocks in the way!
23:04:57 [allowed] §cThere are blocks in the way!
23:05:01 [allowed] §cAutopet §eequipped your §7[Lvl 100] §6Armadillo§e! §a§lVIEW RULE
23:05:05 [allowed] §cAutopet §eequipped your §7[Lvl 100] §6Scatha§e! §a§lVIEW RULE
23:05:06 [allowed] §cAutopet §eequipped your §7[Lvl 100] §6Armadillo§e! §a§lVIEW RULE
23:05:06 [allowed] §cAutopet §eequipped your §7[Lvl 100] §6Scatha§e! §a§lVIEW RULE
23:05:06 [allowed] §cAutopet §eequipped your §7[Lvl 100] §6Armadillo§e! §a§lVIEW RULE
23:05:06 [allowed] §cAutopet §eequipped your §7[Lvl 100] §6Scatha§e! §a§lVIEW RULE
23:05:07 [allowed] §cAutopet §eequipped your §7[Lvl 100] §6Armadillo§e! §a§lVIEW RULE
23:05:07 [allowed] §cAutopet §eequipped your §7[Lvl 100] §6Scatha§e! §a§lVIEW RULE
23:05:07 [allowed] §cAutopet §eequipped your §7[Lvl 100] §6Armadillo§e! §a§lVIEW RULE
23:05:07 [allowed] §cAutopet §eequipped your §7[Lvl 100] §6Scatha§e! §a§lVIEW RULE
23:05:07 [allowed] §cAutopet §eequipped your §7[Lvl 100] §6Armadillo§e! §a§lVIEW RULE
23:05:08 [allowed] §cAutopet §eequipped your §7[Lvl 100] §6Scatha§e! §a§lVIEW RULE
23:05:08 [allowed] §cAutopet §eequipped your §7[Lvl 100] §6Armadillo§e! §a§lVIEW RULE
23:05:08 [allowed] §cAutopet §eequipped your §7[Lvl 100] §6Scatha§e! §a§lVIEW RULE
23:05:09 [allowed] §cAutopet §eequipped your §7[Lvl 100] §6Armadillo§e! §a§lVIEW RULE
23:05:09 [allowed] §cAutopet §eequipped your §7[Lvl 100] §6Scatha§e! §a§lVIEW RULE
23:05:09 [allowed] §cAutopet §eequipped your §7[Lvl 100] §6Armadillo§e! §a§lVIEW RULE
23:05:09 [allowed] §cAutopet §eequipped your §7[Lvl 100] §6Scatha§e! §a§lVIEW RULE
23:05:10 [allowed] §cAutopet §eequipped your §7[Lvl 100] §6Armadillo§e! §a§lVIEW RULE
23:05:10 [allowed] §cAutopet §eequipped your §7[Lvl 100] §6Scatha§e! §a§lVIEW RULE
23:05:11 [allowed] §cAutopet §eequipped your §7[Lvl 100] §6Armadillo§e! §a§lVIEW RULE
23:05:11 [allowed] §cAutopet §eequipped your §7[Lvl 100] §6Scatha§e! §a§lVIEW RULE
23:05:11 [allowed] §cAutopet §eequipped your §7[Lvl 100] §6Armadillo§e! §a§lVIEW RULE
23:05:11 [allowed] §cAutopet §eequipped your §7[Lvl 100] §6Scatha§e! §a§lVIEW RULE
23:05:11 [allowed] §b§lCOMPACT! §r§fYou found an §r§aEnchanted Hard Stone§r§f!
23:05:12 [allowed] §cAutopet §eequipped your §7[Lvl 100] §6Armadillo§e! §a§lVIEW RULE
23:05:12 [allowed] §cAutopet §eequipped your §7[Lvl 100] §6Scatha§e! §a§lVIEW RULE
23:05:13 [allowed]     §r§dGemstone Powder §r§8x293
23:05:13 [allowed] §cAutopet §eequipped your §7[Lvl 100] §6Armadillo§e! §a§lVIEW RULE
23:05:13 [allowed] §cAutopet §eequipped your §7[Lvl 100] §6Scatha§e! §a§lVIEW RULE
23:05:14 [allowed] §cAutopet §eequipped your §7[Lvl 100] §6Armadillo§e! §a§lVIEW RULE
23:05:14 [allowed] §cAutopet §eequipped your §7[Lvl 100] §6Scatha§e! §a§lVIEW RULE
23:05:14 [allowed] §cAutopet §eequipped your §7[Lvl 100] §6Armadillo§e! §a§lVIEW RULE
23:05:14 [allowed] §cAutopet §eequipped your §7[Lvl 100] §6Scatha§e! §a§lVIEW RULE
23:05:15 [allowed] §cAutopet §eequipped your §7[Lvl 100] §6Armadillo§e! §a§lVIEW RULE
23:05:15 [allowed] §cAutopet §eequipped your §7[Lvl 100] §6Scatha§e! §a§lVIEW RULE
23:05:15 [allowed] §cAutopet §eequipped your §7[Lvl 100] §6Armadillo§e! §a§lVIEW RULE
23:05:15 [allowed] §cAutopet §eequipped your §7[Lvl 100] §6Scatha§e! §a§lVIEW RULE
23:05:15 [allowed] §cAutopet §eequipped your §7[Lvl 100] §6Armadillo§e! §a§lVIEW RULE
23:05:15 [allowed] §cAutopet §eequipped your §7[Lvl 100] §6Scatha§e! §a§lVIEW RULE
23:05:16 [allowed] §cAutopet §eequipped your §7[Lvl 100] §6Armadillo§e! §a§lVIEW RULE
23:05:16 [allowed] §cAutopet §eequipped your §7[Lvl 100] §6Scatha§e! §a§lVIEW RULE
23:05:17 [allowed] §aThe wind has changed direction!
23:05:26 [allowed] §b§lCOMPACT! §r§fYou found an §r§aEnchanted Hard Stone§r§f!
23:05:26 [allowed] §cAutopet §eequipped your §7[Lvl 100] §6Armadillo§e! §a§lVIEW RULE
23:05:32 [allowed] §cAutopet §eequipped your §7[Lvl 100] §6Scatha§e! §a§lVIEW RULE
23:05:32 [allowed]     §r§dGemstone Powder §r§8x428
23:05:32 [allowed]     §r§dGemstone Powder §r§8x523
23:05:35 [allowed] §cAutopet §eequipped your §7[Lvl 100] §6Armadillo§e! §a§lVIEW RULE
23:06:00 [allowed] §cAutopet §eequipped your §7[Lvl 100] §6Scatha§e! §a§lVIEW RULE
23:06:15 [allowed] §cThere are blocks in the way!
23:06:24 [allowed] §cAutopet §eequipped your §7[Lvl 100] §6Armadillo§e! §a§lVIEW RULE
23:06:33 [allowed] §a§l▬▬▬▬▬▬▬▬▬▬▬▬▬▬▬▬▬▬▬▬▬▬▬▬▬▬▬▬▬▬▬▬▬▬▬▬▬▬▬▬▬▬▬▬▬▬▬▬▬▬▬▬▬▬▬▬▬▬▬▬▬▬▬▬
23:06:33 [allowed] §f                     §r§9§lGONE WITH THE WIND ENDED!
23:06:33 [allowed] §f                           §r§7Passive Active Event
23:06:33 [allowed] §f     The wind has died down leading to normal mining speeds.
23:06:33 [allowed] §a§l▬▬▬▬▬▬▬▬▬▬▬▬▬▬▬▬▬▬▬▬▬▬▬▬▬▬▬▬▬▬▬▬▬▬▬▬▬▬▬▬▬▬▬▬▬▬▬▬▬▬▬▬▬▬▬▬▬▬▬▬▬▬▬▬
23:06:34 [allowed] §cThere are blocks in the way!
23:06:52 [allowed] §8[§r§3271§r§8] §r§b§lᛝ §r§b[MVP§6+§b] OmniPurpleDemon§f§r§f: just need me some sapphire
23:07:36 [allowed] §b§lCOMPACT! §r§fYou found an §r§aEnchanted Hard Stone§r§f!
23:07:44 [allowed] §cAutopet §eequipped your §7[Lvl 100] §6Scatha§e! §a§lVIEW RULE
23:07:44 [allowed]     §r§dGemstone Powder §r§8x159
23:07:49 [allowed] §cAutopet §eequipped your §7[Lvl 100] §6Armadillo§e! §a§lVIEW RULE
23:07:50 [allowed] §b§lCOMPACT! §r§fYou found an §r§aEnchanted Hard Stone§r§f!
