22:00:26 §e[SkyHanni] §lCLICK HERE§r§e to grab §ax127 §9§aEnchanted Iron§e from sacks!§r
22:00:37 §e[SkyHanni] §lCLICK HERE§r§e to grab §ax126 §9§aEnchanted Coal§e from sacks!§r
22:01:42 §e[SkyHanni] §lCLICK HERE§r§e to grab §ax126 §9§aEnchanted Redstone§e from sacks!§r
22:03:42 §e[SkyHanni] §b+65 SkyBlock XP §7(CotM§7)§b (50/100)§r
22:03:46 §e[SkyHanni] §b+75 SkyBlock XP §7(CotM§7)§b (22/100)§r
22:09:07 §e[SkyHanni] §lCLICK HERE§r§e to grab §ax58 §9§aEnchanted Redstone§e from sacks!§r
22:09:13 §e[SkyHanni] §lCLICK HERE§r§e to grab §ax16 §9§aEnchanted Coal§e from sacks!§r
22:17:11 §e[SkyHanni] §b+1 SkyBlock XP §7(HOTM Progression§7)§b (24/100)§r
22:21:50 §e[SkyHanni] §b+1 SkyBlock XP §7(HOTM Progression§7)§b (25/100)§r
22:25:07 §e[SkyHanni] §b+1 SkyBlock XP §7(HOTM Progression§7)§b (26/100)§r
22:27:07 §e[SkyHanni] §b+100 SkyBlock XP §7(CotM§7)§b (22/100)§r
22:29:09 §e[SkyHanni] §lCLICK HERE§r§e to grab §ax35 §9§aEnchanted Hard Stone§e from sacks!§r
22:29:50 §e[SkyHanni] §lCLICK HERE§r§e to grab §ax126 §9§aEnchanted Coal§e from sacks!§r
22:39:48 §e[SkyHanni] §lCLICK HERE§r§e to grab §ax126 §9§9Enchanted Mithril§e from sacks!§r
22:49:12 §e[SkyHanni] §b+3 SkyBlock XP §7(HOTM Progression§7)§b (22/100)§r
22:49:23 §e[SkyHanni] §b+1 SkyBlock XP §7(HOTM Progression§7)§b (22/100)§r
22:49:29 §e[SkyHanni] §b+1 SkyBlock XP §7(HOTM Progression§7)§b (23/100)§r
22:49:35 §e[SkyHanni] §b+10 SkyBlock XP §7(HOTM Progression§7)§b (21/100)§r
22:49:48 §e[SkyHanni] §b+3 SkyBlock XP §7(HOTM Progression§7)§b (23/100)§r
22:50:11 §e[SkyHanni] §b+1 SkyBlock XP §7(HOTM Progression§7)§b (23/100)§r
22:51:25 §e[SkyHanni] §b+2 SkyBlock XP §7(HOTM Progression§7)§b (22/100)§r
22:51:34 §e[SkyHanni] §b+4 SkyBlock XP §7(HOTM Progression§7)§b (22/100)§r
22:52:08 §e[SkyHanni] §b+1 SkyBlock XP §7(HOTM Progression§7)§b (23/100)§r
22:54:10 §e[SkyHanni] §b+4 SkyBlock XP §7(HOTM Progression§7)§b (23/100)§r
22:54:23 §e[SkyHanni] §b+1 SkyBlock XP §7(HOTM Progression§7)§b (23/100)§r
22:56:51 §e[SkyHanni] §b+5 SkyBlock XP §7(HOTM Progression§7)§b (23/100)§r
22:57:08 §e[SkyHanni] §b+2 SkyBlock XP §7(HOTM Progression§7)§b (23/100)§r
