22:37:31 [allowed] §b§m--------------§r§f  §r§aGuild: Message Of The Day  §r§b§m--------------
22:37:31 [allowed] §b| §r§f[22] [MVP+] Sebbebas Ⓑ: you should give me foraging 50 on my main
22:37:31 [allowed] §b| §r§f[22] [MVP+] Sebbebas Ⓑ: wink wink
22:37:31 [allowed] §b| §r§f[300] [ADMIN] LadyBleu: you almost had iit until you winked
22:37:31 [allowed] §b| §r§f[22] [MVP+] Sebbebas Ⓑ: :(
22:37:31 [allowed] §b| §r§f[300] [ADMIN] LadyBleu: biig mistaake
22:37:31 [allowed] §b§m-----------------------------------------------------
22:37:34 [allowed] §7Hyperard§7§r§7: how are u
22:37:57 [allowed] §eYou haven't claimed your §r§6Summer Rewards §r§eyet!
22:37:57 [allowed] §eTalk to the §r§bSummer Sloth §r§ein the §r§aHub!
22:37:59 [allowed] §cYou are sending commands too fast! Please slow down.
22:37:59 [allowed] §6§lBONUS! §r§bTemporarily earn §r§a5% §r§bmore skill experience!
22:37:59 [allowed] §eLatest update: §bSkyBlock v0.20.5 §e§lCLICK
22:38:40 [allowed] §c ☠ §r§7§r§bheCL§r§7 was killed by Smoldering Blaze§r§7§r§7.
22:38:53 [allowed] §c ☠ §r§7§r§bgameboysven§r§7 was killed by Dive Ghast§r§7§r§7.
22:38:55 [allowed] §eYou haven't claimed your §r§6Summer Rewards §r§eyet!
22:38:55 [allowed] §eTalk to the §r§bSummer Sloth §r§ein the §r§aHub!
22:38:57 [allowed] §cYou are sending commands too fast! Please slow down.
22:39:07 [allowed] §cThere are blocks in the way!
22:39:18 [allowed] §6[Bazaar] §r§7Claiming order...
22:39:18 [allowed] §6[Bazaar] §r§7§r§7Claimed §r§6996,429 coins §r§7from selling §r§a1§r§7x §r§9Giant Killer VI §r§7at §r§61,007,766 §r§7each!
22:39:19 [allowed] §6[Bazaar] §r§7Cancelling order...
22:39:19 [allowed] §6[Bazaar] §r§7§r§cCancelled! §r§7Refunded §r§a4§r§7x §r§6Refined Titanium §r§7from cancelling Sell Offer!
22:39:25 [allowed] §aThe wind has changed direction!
22:39:26 [allowed] §6[Bazaar] §r§7Putting goods in escrow...
22:39:26 [allowed] §6[Bazaar] §r§7Submitting sell offer...
22:39:26 [allowed] §6[Bazaar] §r§7§r§eSell Offer Setup! §r§a4§r§7x §r§6Refined Titanium §r§7for §r§62,864,586 coins§r§7.
22:39:35 [allowed] §8Withdrawing coins...
22:39:35 [allowed] §aWithdrew §r§63M coins§r§a! There's now §r§6425M coins §r§aleft in the account!
22:39:55 [allowed] §aThe wind has changed direction!
22:39:56 [allowed] §a§r§6Mining Speed Boost §r§ais now available!
22:40:05 [allowed] §6[Bazaar] §r§7Executing instant buy...
22:40:05 [allowed] §6[Bazaar] §r§7Bought §r§a64§r§7x §r§5Enchanted Titanium §r§7for §r§61,207,115 coins§r§7!
22:40:15 [allowed] §cThis process is still running!
22:40:41 [allowed] §6[Bazaar] §r§7Cancelling order...
22:40:41 [allowed] §6[Bazaar] §r§7§r§cCancelled! §r§7Refunded §r§a4§r§7x §r§6Refined Titanium §r§7from cancelling Sell Offer!
22:40:43 [allowed] §6[Bazaar] §r§7Putting goods in escrow...
22:40:43 [allowed] §6[Bazaar] §r§7Submitting sell offer...
22:40:43 [allowed] §6[Bazaar] §r§7§r§eSell Offer Setup! §r§a8§r§7x §r§6Refined Titanium §r§7for §r§65,729,169 coins§r§7.
22:40:53 [allowed] §c ☠ §r§7§r§aMycraft0301§r§7 was killed by Ghost§r§7§r§7.
22:40:56 [allowed] §aThe wind has changed direction!
22:41:26 [allowed] §aThe wind has changed direction!
22:41:56 [allowed] §aThe wind has changed direction!
22:42:29 [allowed] §6[Bazaar] §eYour §6Sell Offer §efor §a8§7x §6Refined Titanium §ewas filled!
22:42:58 [allowed] §aThe wind has changed direction!
22:43:17 [allowed] §c ☠ §r§7§r§aMycraft0301§r§7 was killed by Ghost§r§7§r§7.
22:43:29 [allowed] §aThe wind has changed direction!
22:44:14 [allowed] §a§l▬▬▬▬▬▬▬▬▬▬▬▬▬▬▬▬▬▬▬▬▬▬▬▬▬▬▬▬▬▬▬▬▬▬▬▬▬▬▬▬▬▬▬▬▬▬▬▬▬▬▬▬▬▬▬▬▬▬▬▬▬▬▬▬
22:44:14 [allowed] §f                     §r§9§lGONE WITH THE WIND ENDED!
22:44:14 [allowed] §f                           §r§7Passive Active Event
22:44:14 [allowed] §f     The wind has died down leading to normal mining speeds.
22:44:14 [allowed] §a§l▬▬▬▬▬▬▬▬▬▬▬▬▬▬▬▬▬▬▬▬▬▬▬▬▬▬▬▬▬▬▬▬▬▬▬▬▬▬▬▬▬▬▬▬▬▬▬▬▬▬▬▬▬▬▬▬▬▬▬▬▬▬▬▬
22:45:43 [allowed]  §b⚑ §eThe §bMithril Gourmand §eevent starts in §a20 §eseconds!
 §aClick here §eto teleport to §bGarry §eand prepare!
22:46:03 [allowed] §a§l▬▬▬▬▬▬▬▬▬▬▬▬▬▬▬▬▬▬▬▬▬▬▬▬▬▬▬▬▬▬▬▬▬▬▬▬▬▬▬▬▬▬▬▬▬▬▬▬▬▬▬▬▬▬▬▬▬▬▬▬▬▬▬▬
22:46:03 [allowed] §f                    §r§b§lMITHRIL GOURMAND STARTED!
22:46:03 [allowed] §f                             §r§7Active Mining Event
22:46:03 [allowed] §f  Don Expresso wants some §r§aTasty Mithril §r§ffrom the §r§bUpper Mines§r§f.
22:46:03 [allowed] §f§r§f        §r§fBring §r§c200 §r§f§r§aTasty Mithril §r§fto him at the §r§bDwarven Village§r§f!
22:46:03 [allowed] §f      Bring §r§c10 §r§fpersonally and you'll receive §r§6extra rewards§r§f.
22:46:03 [allowed] §f                 Go to §r§bUpper Mines §r§7(or talk to Garry)
22:46:03 [allowed] §a§l▬▬▬▬▬▬▬▬▬▬▬▬▬▬▬▬▬▬▬▬▬▬▬▬▬▬▬▬▬▬▬▬▬▬▬▬▬▬▬▬▬▬▬▬▬▬▬▬▬▬▬▬▬▬▬▬▬▬▬▬▬▬▬▬
22:47:17 [allowed] §c ☠ §r§7§r§7Lejzy_§r§7 was killed by Glacite Walker§r§7§r§7.
22:47:47 [allowed] §c ☠ §r§7§r§aMycraft0301§r§7 was killed by Ghost§r§7§r§7.
22:48:10 [allowed] §cThere are blocks in the way!
22:48:15 [allowed] §cThere are blocks in the way!
22:48:34 [allowed] §cThere are blocks in the way!
22:48:39 [allowed] §cThere are blocks in the way!
22:48:41 [allowed] §cThere are blocks in the way!
22:48:42 [allowed] §cThere are blocks in the way!
22:48:49 [allowed] §cThere are blocks in the way!
22:48:53 [allowed] §cThere are blocks in the way!
22:48:58 [allowed] §cThere are blocks in the way!
22:49:00 [allowed] §cThere are blocks in the way!
22:49:00 [allowed] §cThere are blocks in the way!
22:49:00 [allowed] §cThere are blocks in the way!
22:49:01 [allowed] §cThere are blocks in the way!
22:49:01 [allowed] §cThere are blocks in the way!
