22:37:33 [EMPTY] §f §r§r§r§f §r§r§r§1 §r§r§r§0 §r§r§r§2 §r§r§r§f §r§r§r§f §r§r§r§2 §r§r§r§0 §r§r§r§4 §r§r§r§3 §r§r§r§9 §r§r§r§2 §r§r§r§0 §r§r§r§0 §r§r§r§3 §r§r§r§9 §r§r§r§2 §r§r§r§0 §r§r§r§0 §r§r§r§3 §r§r§r§9 §r§r§r§2 §r§r§r§0 §r§r§r§0 
22:37:33 [LOBBY] §b[MVP§9+§b] Sebbebas§f §6joined the lobby!
22:37:35 [LOBBY] §b[MVP§0+§b] CostlierKnight§f §6joined the lobby!
22:37:56 [LOBBY] §b[MVP§d+§b] ZackPack§f §6joined the lobby!
22:37:56 [WARPING] §7Sending to server mini88BF...
22:37:57 [EMPTY] §8 §r§8 §r§1 §r§3 §r§3 §r§7 §r§8 
22:37:59 [EMPTY] 
22:37:59 [WELCOME] §eWelcome to §r§aHypixel SkyBlock§r§e!
22:37:59 [EMPTY] 
22:38:00 [PROFILE_JOIN] §aYou are playing on profile: §eBanana§b (Co-op)
22:38:00 [PROFILE_JOIN] §8Profile ID: b1a71305-1956-42bf-90e4-bce6f7285754
22:38:01 [SKYMALL] §bNew day! §r§eYour §r§2Sky Mall §r§ebuff changed!
22:38:01 [SKYMALL] §eNew buff§r§r§r: §r§fGain §r§a+15% §r§fmore Powder while mining.
22:38:01 [SKYMALL] §8§oYou can disable this messaging by toggling Sky Mall in your /hotm!
22:38:54 [WARPING] §7Warping...
22:38:55 [WARPING] §7Sending to server mini98AG...
22:38:55 [EMPTY] §8 §r§8 §r§1 §r§3 §r§3 §r§7 §r§8 
22:38:58 [PROFILE_JOIN] §aYou are playing on profile: §eBanana§b (Co-op)
22:38:58 [PROFILE_JOIN] §8Profile ID: b1a71305-1956-42bf-90e4-bce6f7285754
22:43:14 [GUILD_EXP] §aYou earned §r§2161 GEXP §r§a+ §r§e483 Event EXP §r§afrom playing SkyBlock!
22:44:14 [EMPTY] 
22:46:03 [EMPTY] §f                                        
22:46:03 [EMPTY] §f                                        
22:48:19 [GUILD_EXP] §aYou earned §r§275 GEXP §r§a+ §r§e225 Event EXP §r§afrom playing SkyBlock!
