22:36:20 NONE
22:36:20 GARDEN
23:08:50 NONE
23:08:50 DUNGEON_HUB
23:19:39 NONE
23:19:40 CATACOMBS
23:26:20 NONE
23:26:20 DUNGEON_HUB
23:27:17 NONE
23:27:17 CATACOMBS
23:32:58 NONE
23:32:58 DUNGEON_HUB
23:33:42 NONE
23:33:43 HUB
23:33:54 NONE
23:33:55 DUNGEON_HUB
23:34:45 NONE
23:34:46 CATACOMBS
23:41:31 NONE
23:41:32 DUNGEON_HUB
23:43:36 NONE
23:43:36 CATACOMBS
23:49:15 NONE
23:49:16 DUNGEON_HUB
23:50:36 NONE
23:50:37 CATACOMBS
23:55:37 NONE
23:55:37 DUNGEON_HUB
23:56:02 NONE
23:56:03 CATACOMBS
00:00:40 NONE
00:00:41 DUNGEON_HUB
00:02:00 NONE
00:02:00 CATACOMBS
00:06:37 NONE
00:06:38 DUNGEON_HUB
00:07:01 NONE
00:07:02 CATACOMBS
00:12:28 NONE
00:12:28 DUNGEON_HUB
00:13:16 NONE
00:13:16 CATACOMBS
00:18:29 NONE
00:18:30 DUNGEON_HUB
00:19:09 NONE
00:19:09 CATACOMBS
00:24:10 NONE
00:24:10 DUNGEON_HUB
00:25:04 NONE
00:25:04 CATACOMBS
00:30:10 NONE
00:30:10 DUNGEON_HUB
00:30:27 NONE
00:30:28 CATACOMBS
00:36:14 NONE
00:36:15 DUNGEON_HUB
00:36:47 NONE
00:36:47 CATACOMBS
00:41:53 NONE
00:41:53 DUNGEON_HUB
00:42:22 NONE
00:42:23 CATACOMBS
00:47:17 NONE
00:47:17 DUNGEON_HUB
00:48:59 NONE
00:48:59 DWARVEN_MINES
00:50:49 NONE
00:50:49 CRIMSON_ISLE
01:16:39 NONE
01:16:39 PRIVATE_ISLAND
01:16:42 NONE
01:16:42 HUB
01:17:33 NONE
01:17:33 PRIVATE_ISLAND
01:17:42 NONE
01:17:43 GARDEN
01:20:21 DUNGEON_HUB
