19:27:50 §f §r§r§r§f §r§r§r§1 §r§r§r§0 §r§r§r§2 §r§r§r§f §r§r§r§f §r§r§r§2 §r§r§r§0 §r§r§r§4 §r§r§r§3 §r§r§r§9 §r§r§r§2 §r§r§r§0 §r§r§r§0 §r§r§r§3 §r§r§r§9 §r§r§r§2 §r§r§r§0 §r§r§r§0 §r§r§r§3 §r§r§r§9 §r§r§r§2 §r§r§r§0 §r§r§r§0 
19:27:57 §8 §r§8 §r§1 §r§3 §r§3 §r§7 §r§8 
19:27:59 
19:27:59 
19:28:06 
19:28:06 
19:28:14 §8 §r§8 §r§1 §r§3 §r§3 §r§7 §r§8 
19:33:31 §8 §r§8 §r§1 §r§3 §r§3 §r§7 §r§8 
19:34:38 
19:34:38 
19:34:38 
19:34:40 
19:35:33 
19:35:33 
19:35:33 
19:35:35 
19:36:15 
19:36:15 
19:36:15 
19:36:17 
19:39:22 
19:39:22 
19:39:22 §f                                        
19:39:22 §f                                        
19:39:22 
19:39:24 
19:41:16 
19:41:16 
19:41:16 §f                                        
19:41:16 §f                                        
19:41:16 
19:41:18 
19:41:27 
19:41:27 
19:43:05 
19:43:05 
19:43:05 §f                                        
19:43:05 §f                                        
19:43:05 
19:43:07 
19:45:03 
19:45:03 
19:45:03 
19:45:05 
19:46:56 
19:46:56 
19:46:56 
19:48:33 
19:48:33 
19:49:48 
19:49:48 
19:49:48 
19:49:50 
20:01:45 
20:01:45 
20:05:45 §f §r§r§r§f §r§r§r§1 §r§r§r§0 §r§r§r§2 §r§r§r§f §r§r§r§f §r§r§r§2 §r§r§r§0 §r§r§r§4 §r§r§r§3 §r§r§r§9 §r§r§r§2 §r§r§r§0 §r§r§r§0 §r§r§r§3 §r§r§r§9 §r§r§r§2 §r§r§r§0 §r§r§r§0 §r§r§r§3 §r§r§r§9 §r§r§r§2 §r§r§r§0 §r§r§r§0 
21:01:00 §f
21:08:17 §f §r§r§r§f §r§r§r§1 §r§r§r§0 §r§r§r§2 §r§r§r§f §r§r§r§f §r§r§r§2 §r§r§r§0 §r§r§r§4 §r§r§r§3 §r§r§r§9 §r§r§r§2 §r§r§r§0 §r§r§r§0 §r§r§r§3 §r§r§r§9 §r§r§r§2 §r§r§r§0 §r§r§r§0 §r§r§r§3 §r§r§r§9 §r§r§r§2 §r§r§r§0 §r§r§r§0 
21:10:39 §8 §r§8 §r§1 §r§3 §r§3 §r§7 §r§8 
21:10:42 
21:10:42 
21:10:49 
21:10:49 
21:11:59 §8 §r§8 §r§1 §r§3 §r§3 §r§7 §r§8 
21:15:58 §8 §r§8 §r§1 §r§3 §r§3 §r§7 §r§8 
21:19:31 
21:19:31 
21:19:31 
21:19:31 
21:19:33 
21:19:33 
21:19:43 
21:19:43 
21:19:47 §8 §r§8 §r§1 §r§3 §r§3 §r§7 §r§8 
21:20:07 §8 §r§8 §r§1 §r§3 §r§3 §r§7 §r§8 
21:23:35 
21:23:36 
21:23:36 
21:23:36 
21:23:37 
21:23:37 
21:24:07 
21:24:07 
21:24:11 §8 §r§8 §r§1 §r§3 §r§3 §r§7 §r§8 
21:24:24 §8 §r§8 §r§1 §r§3 §r§3 §r§7 §r§8 
21:24:49  
21:28:06 
21:28:06 
21:28:06 
21:28:06 
21:28:08 
21:28:08 
21:28:25 
21:28:25 
21:28:29 §8 §r§8 §r§1 §r§3 §r§3 §r§7 §r§8 
21:29:25 §8 §r§8 §r§1 §r§3 §r§3 §r§7 §r§8 
21:33:16 
21:33:16 
21:33:16 
21:33:16 
21:33:18 
21:33:18 
21:33:26 
21:33:26 
21:33:30 §8 §r§8 §r§1 §r§3 §r§3 §r§7 §r§8 
21:34:02 §8 §r§8 §r§1 §r§3 §r§3 §r§7 §r§8 
21:34:28  
21:37:16 
21:37:16 
21:37:16 
21:37:16 
21:37:18 
21:37:18 
21:37:29 
21:37:29 
21:37:34 §8 §r§8 §r§1 §r§3 §r§3 §r§7 §r§8 
21:37:55 §8 §r§8 §r§1 §r§3 §r§3 §r§7 §r§8 
21:41:34 
21:41:34 
21:41:34 
21:41:34 
21:41:36 
21:41:36 
21:41:46 
21:41:46 
21:41:52 §8 §r§8 §r§1 §r§3 §r§3 §r§7 §r§8 
21:42:11 §8 §r§8 §r§1 §r§3 §r§3 §r§7 §r§8 
21:45:17 
21:45:18 
21:45:18 
21:45:18 
21:45:19 
21:45:19 
21:45:31 
21:45:31 
21:45:44 §8 §r§8 §r§1 §r§3 §r§3 §r§7 §r§8 
21:46:14 §8 §r§8 §r§1 §r§3 §r§3 §r§7 §r§8 
21:50:08 
21:50:08 
21:50:08 
21:50:08 
21:50:10 
21:50:10 
21:50:31 
21:50:31 
21:50:47 §8 §r§8 §r§1 §r§3 §r§3 §r§7 §r§8 
21:51:14 §f §r§r§r§f §r§r§r§1 §r§r§r§0 §r§r§r§2 §r§r§r§f §r§r§r§f §r§r§r§2 §r§r§r§0 §r§r§r§4 §r§r§r§3 §r§r§r§9 §r§r§r§2 §r§r§r§0 §r§r§r§0 §r§r§r§3 §r§r§r§9 §r§r§r§2 §r§r§r§0 §r§r§r§0 §r§r§r§3 §r§r§r§9 §r§r§r§2 §r§r§r§0 §r§r§r§0 
21:52:23 §8 §r§8 §r§1 §r§3 §r§3 §r§7 §r§8 
21:52:25 
21:52:25 
21:52:30 §8 §r§8 §r§1 §r§3 §r§3 §r§7 §r§8 
21:55:56 
21:55:57 
21:55:57 
21:55:57 
21:55:58 
21:55:58 
21:56:13 
21:56:13 
21:56:17 §8 §r§8 §r§1 §r§3 §r§3 §r§7 §r§8 
21:57:15 §8 §r§8 §r§1 §r§3 §r§3 §r§7 §r§8 
22:01:07 
22:01:07 
22:01:07 
22:01:07 
22:01:09 
22:01:09 
22:01:19 
22:01:19 
22:01:25 §8 §r§8 §r§1 §r§3 §r§3 §r§7 §r§8 
22:01:29 §8 §r§8 §r§1 §r§3 §r§3 §r§7 §r§8 
22:01:35 §8 §r§8 §r§1 §r§3 §r§3 §r§7 §r§8 
22:05:25 
22:05:25 
22:05:25 
22:05:25 
22:05:27 
22:05:27 
22:05:38 
22:05:38 
22:05:41 §8 §r§8 §r§1 §r§3 §r§3 §r§7 §r§8 
22:06:02 §8 §r§8 §r§1 §r§3 §r§3 §r§7 §r§8 
22:07:23  
22:10:05 
22:10:05 
22:10:05 
22:10:05 
22:10:07 
22:10:07 
22:10:25 
22:10:25 
22:10:30 §8 §r§8 §r§1 §r§3 §r§3 §r§7 §r§8 
22:11:01 §8 §r§8 §r§1 §r§3 §r§3 §r§7 §r§8 
22:14:54 
22:14:55 
22:14:55 
22:14:55 
22:14:56 
22:14:56 
22:15:09 
22:15:09 
22:15:13 §8 §r§8 §r§1 §r§3 §r§3 §r§7 §r§8 
22:15:21 §8 §r§8 §r§1 §r§3 §r§3 §r§7 §r§8 
22:18:53 
22:18:54 
22:18:54 
22:18:54 
22:18:55 
22:18:55 
22:19:09 
22:19:09 
22:19:17 §8 §r§8 §r§1 §r§3 §r§3 §r§7 §r§8 
22:52:30 §f
22:52:31 §f
22:52:34 §8 §r§8 §r§1 §r§3 §r§3 §r§7 §r§8 
22:54:00 
22:54:00 
22:54:00 
22:54:00 
22:54:34 §8 §r§8 §r§1 §r§3 §r§3 §r§7 §r§8 
22:54:57 §8 §r§8 §r§1 §r§3 §r§3 §r§7 §r§8 
22:57:57 
22:57:57 
22:57:57 
22:57:57 
22:58:25 §8 §r§8 §r§1 §r§3 §r§3 §r§7 §r§8 
22:59:42 §8 §r§8 §r§1 §r§3 §r§3 §r§7 §r§8 
23:00:15 §f
23:00:15 §f
