22:43:55 §e[SkyHanni] Reloaded 7436 items in the NEU repo§r
22:45:55 §c[SkyHanni] Your computer's clock is off by 9s.
§ePlease update your time settings. Many features may not function correctly until you do.
§eClick here for instructions on how to fix your clock.§r
22:49:09 §e[SkyHanni] Click here to share the location of this chocolate egg with the server!§r
23:00:32 §e[SkyHanni] Click here to share the location of this chocolate egg with the server!§r
23:08:58 §e[SkyHanni] §fYou were in Limbo for §e4s§f.§r
23:16:55 §e[SkyHanni] §b+1 SkyBlock XP §7(HOTM Progression§7)§b (74/100)§r
23:38:15 §e[SkyHanni] §lCLICK HERE§r§e to grab §ax1904 §9§a✎ Flawed Sapphire Gemstone§e from sacks!§r
23:38:19 §e[SkyHanni] §lCLICK HERE§r§e to grab §ax277 §9§9✎ Fine Sapphire Gemstone§e from sacks!§r
23:42:29 §e[SkyHanni] §lCLICK HERE§r§e to grab §ax189 §9§a✎ Flawed Sapphire Gemstone§e from sacks!§r
23:42:31 §e[SkyHanni] §lCLICK HERE§r§e to grab §ax30 §9§9✎ Fine Sapphire Gemstone§e from sacks!§r
23:42:56 §e[SkyHanni] §lCLICK HERE§r§e to grab §ax35 §9§aEnchanted Hard Stone§e from sacks!§r
23:50:51 §e[SkyHanni] §b+1 SkyBlock XP §7(HOTM Progression§7)§b (75/100)§r
23:52:47 §e[SkyHanni] §b+1 SkyBlock XP §7(HOTM Progression§7)§b (76/100)§r
00:01:11 §e[SkyHanni] §b+1 SkyBlock XP §7(HOTM Progression§7)§b (78/100)§r
00:02:59 §e[SkyHanni] §bYou have §341 §bmaterials in stash, §btotalling §31 type§b. §bClick to §3pickup §byour stash!§r
00:19:12 §e[SkyHanni] §lCLICK HERE§r§e to grab §ax837 §9§a✎ Flawed Sapphire Gemstone§e from sacks!§r
00:19:14 §e[SkyHanni] §lCLICK HERE§r§e to grab §ax103 §9§9✎ Fine Sapphire Gemstone§e from sacks!§r
00:22:26 §e[SkyHanni] §lCLICK HERE§r§e to grab §ax35 §9§aEnchanted Hard Stone§e from sacks!§r
00:23:09 §e[SkyHanni] §lCLICK HERE§r§e to grab §ax1 §9§9Concentrated Stone§e from sacks!§r
00:23:09 §e[SkyHanni] §lCLICK HERE§r§e to grab §ax1 §9§9Concentrated Stone§e from sacks!§r
00:23:09 §e[SkyHanni] §lCLICK HERE§r§e to grab §ax1 §9§9Concentrated Stone§e from sacks!§r
00:23:10 §e[SkyHanni] §lCLICK HERE§r§e to grab §ax1 §9§9Concentrated Stone§e from sacks!§r
00:23:10 §e[SkyHanni] §lCLICK HERE§r§e to grab §ax1 §9§9Concentrated Stone§e from sacks!§r
00:23:11 §e[SkyHanni] §lCLICK HERE§r§e to grab §ax1 §9§9Concentrated Stone§e from sacks!§r
00:23:11 §e[SkyHanni] §lCLICK HERE§r§e to grab §ax1 §9§9Concentrated Stone§e from sacks!§r
00:23:11 §e[SkyHanni] §lCLICK HERE§r§e to grab §ax1 §9§9Concentrated Stone§e from sacks!§r
00:23:12 §e[SkyHanni] §lCLICK HERE§r§e to grab §ax1 §9§9Concentrated Stone§e from sacks!§r
00:33:33 §e[SkyHanni] §lCLICK HERE§r§e to grab §ax484 §9§a✎ Flawed Sapphire Gemstone§e from sacks!§r
00:33:35 §e[SkyHanni] §lCLICK HERE§r§e to grab §ax75 §9§9✎ Fine Sapphire Gemstone§e from sacks!§r
00:40:39 §e[SkyHanni] §b+1 SkyBlock XP §7(HOTM Progression§7)§b (79/100)§r
00:43:34 §e[SkyHanni] §lCLICK HERE§r§e to grab §ax475 §9§a✎ Flawed Sapphire Gemstone§e from sacks!§r
00:43:36 §e[SkyHanni] §lCLICK HERE§r§e to grab §ax81 §9§9✎ Fine Sapphire Gemstone§e from sacks!§r
00:49:33 §e[SkyHanni] §bYou have §31.9k §bmaterials in stash, §btotalling §32 types§b. §bClick to §3pickup §byour stash!§r
00:50:34 §e[SkyHanni] §bYou have §32.3k §bmaterials in stash, §btotalling §33 types§b. §bClick to §3pickup §byour stash!§r
00:51:13 §e[SkyHanni] §lCLICK HERE§r§e to grab §ax35 §9§aEnchanted Hard Stone§e from sacks!§r
00:51:36 §e[SkyHanni] §bYou have §33.4k §bmaterials in stash, §btotalling §33 types§b. §bClick to §3pickup §byour stash!§r
00:52:37 §e[SkyHanni] §bYou have §33.5k §bmaterials in stash, §btotalling §33 types§b. §bClick to §3pickup §byour stash!§r
00:53:10 §e[SkyHanni] §lCLICK HERE§r§e to grab §ax35 §9§aEnchanted Hard Stone§e from sacks!§r
00:53:17 §e[SkyHanni] §lCLICK HERE§r§e to grab §ax126 §9§aEnchanted Coal§e from sacks!§r
00:53:38 §e[SkyHanni] §bYou have §33.6k §bmaterials in stash, §btotalling §33 types§b. §bClick to §3pickup §byour stash!§r
00:54:50 §e[SkyHanni] §b+1 SkyBlock XP §7(HOTM Progression§7)§b (81/100)§r
00:55:39 §e[SkyHanni] §bYou have §35.6k §bmaterials in stash, §btotalling §33 types§b. §bClick to §3pickup §byour stash!§r
00:56:39 §e[SkyHanni] §bYou have §35.9k §bmaterials in stash, §btotalling §33 types§b. §bClick to §3pickup §byour stash!§r
00:57:40 §e[SkyHanni] §bYou have §36.1k §bmaterials in stash, §btotalling §33 types§b. §bClick to §3pickup §byour stash!§r
00:58:41 §e[SkyHanni] §bYou have §36.2k §bmaterials in stash, §btotalling §33 types§b. §bClick to §3pickup §byour stash!§r
00:59:41 §e[SkyHanni] §bYou have §36.9k §bmaterials in stash, §btotalling §33 types§b. §bClick to §3pickup §byour stash!§r
01:01:42 §e[SkyHanni] §bYou have §37.5k §bmaterials in stash, §btotalling §33 types§b. §bClick to §3pickup §byour stash!§r
01:02:42 §e[SkyHanni] §bYou have §39.2k §bmaterials in stash, §btotalling §33 types§b. §bClick to §3pickup §byour stash!§r
01:03:30 §e[SkyHanni] §lCLICK HERE§r§e to grab §ax1 §9§aEnchanted Hard Stone§e from sacks!§r
01:03:35 §e[SkyHanni] §lCLICK HERE§r§e to grab §ax126 §9§aEnchanted Coal§e from sacks!§r
01:03:42 §e[SkyHanni] §lCLICK HERE§r§e to grab §ax126 §9§aEnchanted Redstone§e from sacks!§r
01:03:43 §e[SkyHanni] §bYou have §39.7k §bmaterials in stash, §btotalling §33 types§b. §bClick to §3pickup §byour stash!§r
01:03:47 §e[SkyHanni] §lCLICK HERE§r§e to grab §ax341 §9§a✎ Flawed Sapphire Gemstone§e from sacks!§r
01:03:50 §e[SkyHanni] §lCLICK HERE§r§e to grab §ax33 §9§9✎ Fine Sapphire Gemstone§e from sacks!§r
01:06:25 §e[SkyHanni] §lCLICK HERE§r§e to grab §ax35 §9§aEnchanted Hard Stone§e from sacks!§r
01:06:34 §e[SkyHanni] §lCLICK HERE§r§e to grab §ax126 §9§aEnchanted Iron§e from sacks!§r
01:14:43 §e[SkyHanni] §lCLICK HERE§r§e to grab §ax454 §9§a✎ Flawed Sapphire Gemstone§e from sacks!§r
01:14:45 §e[SkyHanni] §lCLICK HERE§r§e to grab §ax77 §9§9✎ Fine Sapphire Gemstone§e from sacks!§r
01:19:16 §e[SkyHanni] §lCLICK HERE§r§e to grab §ax253 §9§a✎ Flawed Sapphire Gemstone§e from sacks!§r
01:19:18 §e[SkyHanni] §lCLICK HERE§r§e to grab §ax33 §9§9✎ Fine Sapphire Gemstone§e from sacks!§r
01:19:48 §e[SkyHanni] §bYou have §311k §bmaterials in stash, §btotalling §35 types§b. §bClick to §3pickup §byour stash!§r
01:19:52 §e[SkyHanni] Click here to share the location of this chocolate egg with the server!§r
01:21:27 §e[SkyHanni] §bYou have §311k §bmaterials in stash, §btotalling §35 types§b. §bClick to §3pickup §byour stash!§r
01:21:56 §e[SkyHanni] §bYou have §311k §bmaterials in stash, §btotalling §35 types§b. §bClick to §3pickup §byour stash!§r
01:22:01 §e[SkyHanni] §bYou have §39.4k §bmaterials in stash, §btotalling §33 types§b. §bClick to §3pickup §byour stash!§r
01:22:19 §e[SkyHanni] §bYou have §37.6k §bmaterials in stash, §btotalling §33 types§b. §bClick to §3pickup §byour stash!§r
01:22:23 §e[SkyHanni] §bYou have §37.6k §bmaterials in stash, §btotalling §33 types§b. §bClick to §3pickup §byour stash!§r
01:22:49 §e[SkyHanni] §bYou have §34.3k §bmaterials in stash, §btotalling §33 types§b. §bClick to §3pickup §byour stash!§r
01:23:05 §e[SkyHanni] §bYou have §34.3k §bmaterials in stash, §btotalling §33 types§b. §bClick to §3pickup §byour stash!§r
01:23:12 §e[SkyHanni] §bYou have §34.3k §bmaterials in stash, §btotalling §33 types§b. §bClick to §3pickup §byour stash!§r
01:23:16 §e[SkyHanni] §bYou have §34.3k §bmaterials in stash, §btotalling §33 types§b. §bClick to §3pickup §byour stash!§r
01:23:38 §e[SkyHanni] §bYou have §34.3k §bmaterials in stash, §btotalling §33 types§b. §bClick to §3pickup §byour stash!§r
01:23:43 §e[SkyHanni] §bYou have §34.3k §bmaterials in stash, §btotalling §33 types§b. §bClick to §3pickup §byour stash!§r
01:23:56 §e[SkyHanni] §bYou have §34.3k §bmaterials in stash, §btotalling §33 types§b. §bClick to §3pickup §byour stash!§r
01:24:20 §e[SkyHanni] §lCLICK HERE§r§e to grab §ax275 §9§a☘ Flawed Citrine Gemstone§e from sacks!§r
01:24:22 §e[SkyHanni] §lCLICK HERE§r§e to grab §ax38 §9§9☘ Fine Citrine Gemstone§e from sacks!§r
01:25:10 §e[SkyHanni] §eNext egg available in §b1m 29s§e.§r
01:26:50 §e[SkyHanni] §bYou have §34.3k §bmaterials in stash, §btotalling §33 types§b. §bClick to §3pickup §byour stash!§r
01:27:08 §e[SkyHanni] §bYou have §34.3k §bmaterials in stash, §btotalling §33 types§b. §bClick to §3pickup §byour stash!§r
01:35:20 §e[SkyHanni] §bYou have §34.3k §bmaterials in stash, §btotalling §33 types§b. §bClick to §3pickup §byour stash!§r
01:35:25 §e[SkyHanni] §bYou have §34.3k §bmaterials in stash, §btotalling §33 types§b. §bClick to §3pickup §byour stash!§r
01:35:36 §e[SkyHanni] §cYour Time Tower just expired and has 2 charges remaining. Click here to open the Chocolate Factory Menu.§r
01:52:04 §e[SkyHanni] Gained §d75 motes §ethis Rift session! (§d278/h§e)§r
01:52:07 §e[SkyHanni] §bYou have §34.3k §bmaterials in stash, §btotalling §33 types§b. §bClick to §3pickup §byour stash!§r
01:54:25 §e[SkyHanni] Click here to share the location of this chocolate egg with the server!§r
01:59:28 §e[SkyHanni] §bYou have §34.3k §bmaterials in stash, §btotalling §33 types§b. §bClick to §3pickup §byour stash!§r
02:01:32 §e[SkyHanni] Click here to share the location of this chocolate egg with the server!§r
02:13:46 §e[SkyHanni] Click here to share the location of this chocolate egg with the server!§r
