08:48:51 §7Sending to server mini24DA...
08:49:11 §7Sending to server mini90H...
08:49:14 §7Warping...
08:49:17 §7Warping...
08:49:17 §7Sending to server mini72AK...
08:50:08 §7Warping...
08:50:08 §7Sending to server mini149DT...
08:51:04 §7Sending to server mini62BV...
08:51:29 §7Warping...
08:51:29 §7Sending to server mini24BR...
08:52:24 §7Sending to server mini24R...
08:53:59 §7Warping...
08:53:59 §7Sending to server mini225U...
08:54:20 §7Warping...
08:54:21 §7Sending to server mini145CE...
09:01:37 §7Warping you to your SkyBlock island...
09:01:37 §7Sending to server mini150DK...
09:19:06 §7Sending to server mini73R...
09:23:50 §7Warping...
09:23:51 §7Sending to server mini24AG...
09:28:30 §7Warping...
09:28:30 §7Sending to server mini26CA...
09:28:54 §7Warping...
09:28:54 §7Sending to server mini198D...
