19:14:45 §f                                  §6§lBESTIARY
19:14:45 §f                              §b§lChicken §7§8IV §8➡§b §bV
19:14:45 
19:14:45 §f                                  §r§6§lREWARDS
19:14:45 §f                         §r§8+§r§a2 Chicken §r§b✯ Magic Find
19:14:45 §f                          §r§8+§r§a2 Chicken §r§c❁ Strength
19:14:45 §f                             §r§8+§r§62% §r§aChicken §r§7coins
19:14:45 §f                    §r§8+§r§a50% §r§7chance for extra XP orbs
19:14:45 §f                               §r§8+§r§b1 SkyBlock XP
19:14:45 
19:14:45 §3§l▬▬▬▬▬▬▬▬▬▬▬▬▬▬▬▬▬▬▬▬▬▬▬▬▬▬▬▬▬▬▬▬▬▬▬▬▬▬▬▬▬▬▬▬▬▬▬▬▬▬▬▬▬▬▬▬▬▬▬▬▬▬▬▬
19:22:20 §f                                  §6§lBESTIARY
19:22:20 §f                                 §b§lPig §7§8IV §8➡§b §bV
19:22:20 
19:22:20 §f                                  §r§6§lREWARDS
19:22:20 §f                            §r§8+§r§a2 Pig §r§b✯ Magic Find
19:22:20 §f                             §r§8+§r§a2 Pig §r§c❁ Strength
19:22:20 §f                                §r§8+§r§62% §r§aPig §r§7coins
19:22:20 §f                    §r§8+§r§a50% §r§7chance for extra XP orbs
19:22:20 §f                               §r§8+§r§b1 SkyBlock XP
19:22:20 
19:22:20 §3§l▬▬▬▬▬▬▬▬▬▬▬▬▬▬▬▬▬▬▬▬▬▬▬▬▬▬▬▬▬▬▬▬▬▬▬▬▬▬▬▬▬▬▬▬▬▬▬▬▬▬▬▬▬▬▬▬▬▬▬▬▬▬▬▬
20:01:35 §f                                  §6§lBESTIARY
20:01:35 §f                            §b§lAutomaton §7§8V §8➡§b §bVI
20:01:35 
20:01:35 §f                                  §r§6§lREWARDS
20:01:35 §f                        §r§8+§r§a3 Automaton §r§b✯ Magic Find
20:01:35 §f                        §r§8+§r§a3 Automaton §r§c❁ Strength
20:01:35 §f                            §r§8+§r§62% §r§aAutomaton §r§7coins
20:01:35 §f                    §r§8+§r§a50% §r§7chance for extra XP orbs
20:01:35 §f                               §r§8+§r§b1 SkyBlock XP
20:01:35 
20:01:35 §3§l▬▬▬▬▬▬▬▬▬▬▬▬▬▬▬▬▬▬▬▬▬▬▬▬▬▬▬▬▬▬▬▬▬▬▬▬▬▬▬▬▬▬▬▬▬▬▬▬▬▬▬▬▬▬▬▬▬▬▬▬▬▬▬▬
20:17:39 §f                                  §6§lBESTIARY
20:17:39 §f                           §b§lAutomaton §7§8VI §8➡§b §bVII
20:17:39 
20:17:39 §f                                  §r§6§lREWARDS
20:17:39 §f                        §r§8+§r§a3 Automaton §r§b✯ Magic Find
20:17:39 §f                        §r§8+§r§a3 Automaton §r§c❁ Strength
20:17:39 §f                            §r§8+§r§62% §r§aAutomaton §r§7coins
20:17:39 §f                    §r§8+§r§a50% §r§7chance for extra XP orbs
20:17:39 §f                               §r§8+§r§b1 SkyBlock XP
20:17:39 
20:17:39 §3§l▬▬▬▬▬▬▬▬▬▬▬▬▬▬▬▬▬▬▬▬▬▬▬▬▬▬▬▬▬▬▬▬▬▬▬▬▬▬▬▬▬▬▬▬▬▬▬▬▬▬▬▬▬▬▬▬▬▬▬▬▬▬▬▬
20:48:35 §f                                  §6§lBESTIARY
20:48:35 §f                          §b§lAutomaton §7§8VII §8➡§b §bVIII
20:48:35 
20:48:35 §f                                  §r§6§lREWARDS
20:48:35 §f                        §r§8+§r§a3 Automaton §r§b✯ Magic Find
20:48:35 §f                        §r§8+§r§a3 Automaton §r§c❁ Strength
20:48:35 §f                            §r§8+§r§62% §r§aAutomaton §r§7coins
20:48:35 §f                    §r§8+§r§a50% §r§7chance for extra XP orbs
20:48:35 §f                               §r§8+§r§b1 SkyBlock XP
20:48:35 
20:48:35 §3§l▬▬▬▬▬▬▬▬▬▬▬▬▬▬▬▬▬▬▬▬▬▬▬▬▬▬▬▬▬▬▬▬▬▬▬▬▬▬▬▬▬▬▬▬▬▬▬▬▬▬▬▬▬▬▬▬▬▬▬▬▬▬▬▬
21:30:55 §f                                  §6§lBESTIARY
21:30:55 §f                                   §b§lRabbit §7§bI
21:30:55 
21:30:55 §f                                  §r§6§lREWARDS
21:30:55 §f                          §r§8+§r§a2 Rabbit §r§b✯ Magic Find
21:30:55 §f                           §r§8+§r§a2 Rabbit §r§c❁ Strength
21:30:55 §f                              §r§8+§r§62% §r§aRabbit §r§7coins
21:30:55 §f                    §r§8+§r§a50% §r§7chance for extra XP orbs
21:30:55 §f                               §r§8+§r§b1 SkyBlock XP
21:30:55 
21:30:55   §r§f                         §6§lBESTIARY MILESTONE
21:30:55   §r§f                                 §8XXVI➡§eXXVII
21:30:55 
21:30:55 §3§l▬▬▬▬▬▬▬▬▬▬▬▬▬▬▬▬▬▬▬▬▬▬▬▬▬▬▬▬▬▬▬▬▬▬▬▬▬▬▬▬▬▬▬▬▬▬▬▬▬▬▬▬▬▬▬▬▬▬▬▬▬▬▬▬
21:31:55 §f                                  §6§lBESTIARY
21:31:55 §f                                   §b§lSheep §7§bI
21:31:55 
21:31:55 §f                                  §r§6§lREWARDS
21:31:55 §f                          §r§8+§r§a2 Sheep §r§b✯ Magic Find
21:31:55 §f                           §r§8+§r§a2 Sheep §r§c❁ Strength
21:31:55 §f                              §r§8+§r§62% §r§aSheep §r§7coins
21:31:55 §f                    §r§8+§r§a50% §r§7chance for extra XP orbs
21:31:55 §f                               §r§8+§r§b1 SkyBlock XP
21:31:55 
21:31:55 §3§l▬▬▬▬▬▬▬▬▬▬▬▬▬▬▬▬▬▬▬▬▬▬▬▬▬▬▬▬▬▬▬▬▬▬▬▬▬▬▬▬▬▬▬▬▬▬▬▬▬▬▬▬▬▬▬▬▬▬▬▬▬▬▬▬
21:32:12 §f                                  §6§lBESTIARY
21:32:12 §f                                §b§lRabbit §7§8I §8➡§b §bII
21:32:12 
21:32:12 §f                                  §r§6§lREWARDS
21:32:12 §f                          §r§8+§r§a2 Rabbit §r§b✯ Magic Find
21:32:12 §f                           §r§8+§r§a2 Rabbit §r§c❁ Strength
21:32:12 §f                              §r§8+§r§62% §r§aRabbit §r§7coins
21:32:12 §f                    §r§8+§r§a50% §r§7chance for extra XP orbs
21:32:12 §f                               §r§8+§r§b1 SkyBlock XP
21:32:12 
21:32:12 §3§l▬▬▬▬▬▬▬▬▬▬▬▬▬▬▬▬▬▬▬▬▬▬▬▬▬▬▬▬▬▬▬▬▬▬▬▬▬▬▬▬▬▬▬▬▬▬▬▬▬▬▬▬▬▬▬▬▬▬▬▬▬▬▬▬
21:32:53 §f                                  §6§lBESTIARY
21:32:53 §f                                §b§lSheep §7§8I §8➡§b §bII
21:32:53 
21:32:53 §f                                  §r§6§lREWARDS
21:32:53 §f                          §r§8+§r§a2 Sheep §r§b✯ Magic Find
21:32:53 §f                           §r§8+§r§a2 Sheep §r§c❁ Strength
21:32:53 §f                              §r§8+§r§62% §r§aSheep §r§7coins
21:32:53 §f                    §r§8+§r§a50% §r§7chance for extra XP orbs
21:32:53 §f                               §r§8+§r§b1 SkyBlock XP
21:32:54 
21:32:54 §3§l▬▬▬▬▬▬▬▬▬▬▬▬▬▬▬▬▬▬▬▬▬▬▬▬▬▬▬▬▬▬▬▬▬▬▬▬▬▬▬▬▬▬▬▬▬▬▬▬▬▬▬▬▬▬▬▬▬▬▬▬▬▬▬▬
21:33:25 §f                                  §6§lBESTIARY
21:33:25 §f                               §b§lRabbit §7§8II §8➡§b §bIII
21:33:25 
21:33:25 §f                                  §r§6§lREWARDS
21:33:25 §f                          §r§8+§r§a2 Rabbit §r§b✯ Magic Find
21:33:25 §f                           §r§8+§r§a2 Rabbit §r§c❁ Strength
21:33:25 §f                              §r§8+§r§62% §r§aRabbit §r§7coins
21:33:25 §f                    §r§8+§r§a50% §r§7chance for extra XP orbs
21:33:25 §f                               §r§8+§r§b1 SkyBlock XP
21:33:25 
21:33:25 §3§l▬▬▬▬▬▬▬▬▬▬▬▬▬▬▬▬▬▬▬▬▬▬▬▬▬▬▬▬▬▬▬▬▬▬▬▬▬▬▬▬▬▬▬▬▬▬▬▬▬▬▬▬▬▬▬▬▬▬▬▬▬▬▬▬
21:44:40 §f                                  §6§lBESTIARY
21:44:40 §f                                 §b§lWorm §7§8I §8➡§b §bII
21:44:40 
21:44:40 §f                                  §r§6§lREWARDS
21:44:40 §f                           §r§8+§r§a2 Worm §r§b✯ Magic Find
21:44:40 §f                            §r§8+§r§a2 Worm §r§c❁ Strength
21:44:40 §f                               §r§8+§r§62% §r§aWorm §r§7coins
21:44:40 §f                    §r§8+§r§a50% §r§7chance for extra XP orbs
21:44:40 §f                               §r§8+§r§b1 SkyBlock XP
21:44:40 
21:44:40 §3§l▬▬▬▬▬▬▬▬▬▬▬▬▬▬▬▬▬▬▬▬▬▬▬▬▬▬▬▬▬▬▬▬▬▬▬▬▬▬▬▬▬▬▬▬▬▬▬▬▬▬▬▬▬▬▬▬▬▬▬▬▬▬▬▬
21:47:47 §f                                  §6§lBESTIARY
21:47:47 §f                           §b§lAutomaton §7§8VIII §8➡§b §bIX
21:47:47 
21:47:47 §f                                  §r§6§lREWARDS
21:47:47 §f                        §r§8+§r§a3 Automaton §r§b✯ Magic Find
21:47:47 §f                        §r§8+§r§a3 Automaton §r§c❁ Strength
21:47:47 §f                            §r§8+§r§62% §r§aAutomaton §r§7coins
21:47:47 §f                    §r§8+§r§a50% §r§7chance for extra XP orbs
21:47:47 §f                               §r§8+§r§b1 SkyBlock XP
21:47:47 
21:47:47 §3§l▬▬▬▬▬▬▬▬▬▬▬▬▬▬▬▬▬▬▬▬▬▬▬▬▬▬▬▬▬▬▬▬▬▬▬▬▬▬▬▬▬▬▬▬▬▬▬▬▬▬▬▬▬▬▬▬▬▬▬▬▬▬▬▬
22:00:44 §f                                  §6§lBESTIARY
22:00:44 §f                                     §b§lBal §7§bI
22:00:44 
22:00:44 §f                                  §r§6§lREWARDS
22:00:44 §f                            §r§8+§r§a2 §r§c§lBal §r§b✯ Magic Find
22:00:44 §f                            §r§8+§r§a2 §r§c§lBal §r§c❁ Strength
22:00:44 §f                                §r§8+§r§62% §r§a§r§c§lBal §r§7coins
22:00:44 §f                    §r§8+§r§a50% §r§7chance for extra XP orbs
22:00:44 §f                               §r§8+§r§b1 SkyBlock XP
22:00:44 
22:00:44 §3§l▬▬▬▬▬▬▬▬▬▬▬▬▬▬▬▬▬▬▬▬▬▬▬▬▬▬▬▬▬▬▬▬▬▬▬▬▬▬▬▬▬▬▬▬▬▬▬▬▬▬▬▬▬▬▬▬▬▬▬▬▬▬▬▬
23:24:44 §f                                  §6§lBESTIARY
23:24:44 §f                             §b§lDiamond Goblin §7§bI
23:24:44 
23:24:44 §f                                  §r§6§lREWARDS
23:24:44 §f                     §r§8+§r§a2 Diamond Goblin §r§b✯ Magic Find
23:24:44 §f                      §r§8+§r§a2 Diamond Goblin §r§c❁ Strength
23:24:44 §f                         §r§8+§r§62% §r§aDiamond Goblin §r§7coins
23:24:44 §f                    §r§8+§r§a50% §r§7chance for extra XP orbs
23:24:44 §f                               §r§8+§r§b1 SkyBlock XP
23:24:44 
23:24:44 §3§l▬▬▬▬▬▬▬▬▬▬▬▬▬▬▬▬▬▬▬▬▬▬▬▬▬▬▬▬▬▬▬▬▬▬▬▬▬▬▬▬▬▬▬▬▬▬▬▬▬▬▬▬▬▬▬▬▬▬▬▬▬▬▬▬
23:35:51 §f                                  §6§lBESTIARY
23:35:51 §f                          §b§lGolden Goblin §7§8I §8➡§b §bII
23:35:51 
23:35:51 §f                                  §r§6§lREWARDS
23:35:51 §f                      §r§8+§r§a2 Golden Goblin §r§b✯ Magic Find
23:35:51 §f                      §r§8+§r§a2 Golden Goblin §r§c❁ Strength
23:35:51 §f                          §r§8+§r§62% §r§aGolden Goblin §r§7coins
23:35:51 §f                    §r§8+§r§a50% §r§7chance for extra XP orbs
23:35:51 §f                               §r§8+§r§b1 SkyBlock XP
23:35:51 
23:35:51 §3§l▬▬▬▬▬▬▬▬▬▬▬▬▬▬▬▬▬▬▬▬▬▬▬▬▬▬▬▬▬▬▬▬▬▬▬▬▬▬▬▬▬▬▬▬▬▬▬▬▬▬▬▬▬▬▬▬▬▬▬▬▬▬▬▬
00:50:22 §f                                  §6§lBESTIARY
00:50:22 §f                       §b§lGoblin Raiders §7§8XII §8➡§b §bXIII
00:50:22 
00:50:22 §f                                  §r§6§lREWARDS
00:50:22 §f                     §r§8+§r§a4 Goblin Raiders §r§b✯ Magic Find
00:50:22 §f                      §r§8+§r§a4 Goblin Raiders §r§c❁ Strength
00:50:22 §f                         §r§8+§r§62% §r§aGoblin Raiders §r§7coins
00:50:22 §f                    §r§8+§r§a50% §r§7chance for extra XP orbs
00:50:22 §f                               §r§8+§r§b1 SkyBlock XP
00:50:22 
00:50:22   §r§f                         §6§lBESTIARY MILESTONE
00:50:22   §r§f                                §8XXVII➡§eXXVIII
00:50:22 
00:50:22 §3§l▬▬▬▬▬▬▬▬▬▬▬▬▬▬▬▬▬▬▬▬▬▬▬▬▬▬▬▬▬▬▬▬▬▬▬▬▬▬▬▬▬▬▬▬▬▬▬▬▬▬▬▬▬▬▬▬▬▬▬▬▬▬▬▬
00:54:49 §f                                  §6§lBESTIARY
00:54:49 §f                              §b§lStar Sentry §7§bI
00:54:49 
00:54:49 §f                                  §r§6§lREWARDS
00:54:49 §f                      §r§8+§r§a2 §r§5Star Sentry §r§b✯ Magic Find
00:54:49 §f                       §r§8+§r§a2 §r§5Star Sentry §r§c❁ Strength
00:54:49 §f                          §r§8+§r§62% §r§a§r§5Star Sentry §r§7coins
00:54:49 §f                    §r§8+§r§a50% §r§7chance for extra XP orbs
00:54:49 §f                               §r§8+§r§b1 SkyBlock XP
00:54:49 
00:54:49 §3§l▬▬▬▬▬▬▬▬▬▬▬▬▬▬▬▬▬▬▬▬▬▬▬▬▬▬▬▬▬▬▬▬▬▬▬▬▬▬▬▬▬▬▬▬▬▬▬▬▬▬▬▬▬▬▬▬▬▬▬▬▬▬▬▬
01:14:18 §f                                  §6§lBESTIARY
01:14:18 §f                          §b§lTank Zombie §7§8VI §8➡§b §bVII
01:14:18 
01:14:18 §f                                  §r§6§lREWARDS
01:14:18 §f                       §r§8+§r§a3 Tank Zombie §r§b✯ Magic Find
01:14:18 §f                       §r§8+§r§a3 Tank Zombie §r§c❁ Strength
01:14:18 §f                           §r§8+§r§62% §r§aTank Zombie §r§7coins
01:14:18 §f                    §r§8+§r§a50% §r§7chance for extra XP orbs
01:14:18 §f                               §r§8+§r§b1 SkyBlock XP
01:14:18 
01:14:18 §3§l▬▬▬▬▬▬▬▬▬▬▬▬▬▬▬▬▬▬▬▬▬▬▬▬▬▬▬▬▬▬▬▬▬▬▬▬▬▬▬▬▬▬▬▬▬▬▬▬▬▬▬▬▬▬▬▬▬▬▬▬▬▬▬▬
01:25:19 §f                                  §6§lBESTIARY
01:25:19 §f                                  §b§lBat §7§8I §8➡§b §bII
01:25:19 
01:25:19 §f                                  §r§6§lREWARDS
01:25:19 §f                            §r§8+§r§a2 Bat §r§b✯ Magic Find
01:25:19 §f                             §r§8+§r§a2 Bat §r§c❁ Strength
01:25:19 §f                                §r§8+§r§62% §r§aBat §r§7coins
01:25:19 §f                    §r§8+§r§a50% §r§7chance for extra XP orbs
01:25:19 §f                               §r§8+§r§b1 SkyBlock XP
01:25:19 
01:25:19 §3§l▬▬▬▬▬▬▬▬▬▬▬▬▬▬▬▬▬▬▬▬▬▬▬▬▬▬▬▬▬▬▬▬▬▬▬▬▬▬▬▬▬▬▬▬▬▬▬▬▬▬▬▬▬▬▬▬▬▬▬▬▬▬▬▬
01:30:08 §f                                  §6§lBESTIARY
01:30:08 §f                        §b§lZombie Grunt §7§8VII §8➡§b §bVIII
01:30:08 
01:30:08 §f                                  §r§6§lREWARDS
01:30:08 §f                      §r§8+§r§a3 Zombie Grunt §r§b✯ Magic Find
01:30:08 §f                       §r§8+§r§a3 Zombie Grunt §r§c❁ Strength
01:30:08 §f                          §r§8+§r§62% §r§aZombie Grunt §r§7coins
01:30:08 §f                    §r§8+§r§a50% §r§7chance for extra XP orbs
01:30:08 §f                               §r§8+§r§b1 SkyBlock XP
01:30:08 
01:30:08 §3§l▬▬▬▬▬▬▬▬▬▬▬▬▬▬▬▬▬▬▬▬▬▬▬▬▬▬▬▬▬▬▬▬▬▬▬▬▬▬▬▬▬▬▬▬▬▬▬▬▬▬▬▬▬▬▬▬▬▬▬▬▬▬▬▬
01:34:17 §f                                  §6§lBESTIARY
01:34:17 §f                      §b§lScared Skeleton §7§8VI §8➡§b §bVII
01:34:17 
01:34:17 §f                                  §r§6§lREWARDS
01:34:17 §f                    §r§8+§r§a3 Scared Skeleton §r§b✯ Magic Find
01:34:17 §f                    §r§8+§r§a3 Scared Skeleton §r§c❁ Strength
01:34:17 §f                        §r§8+§r§62% §r§aScared Skeleton §r§7coins
01:34:17 §f                    §r§8+§r§a50% §r§7chance for extra XP orbs
01:34:17 §f                               §r§8+§r§b1 SkyBlock XP
01:34:17 
01:34:17 §3§l▬▬▬▬▬▬▬▬▬▬▬▬▬▬▬▬▬▬▬▬▬▬▬▬▬▬▬▬▬▬▬▬▬▬▬▬▬▬▬▬▬▬▬▬▬▬▬▬▬▬▬▬▬▬▬▬▬▬▬▬▬▬▬▬
