19:01:18 §f §r§r§r§f §r§r§r§1 §r§r§r§0 §r§r§r§2 §r§r§r§f §r§r§r§f §r§r§r§2 §r§r§r§0 §r§r§r§4 §r§r§r§3 §r§r§r§9 §r§r§r§2 §r§r§r§0 §r§r§r§0 §r§r§r§3 §r§r§r§9 §r§r§r§2 §r§r§r§0 §r§r§r§0 §r§r§r§3 §r§r§r§9 §r§r§r§2 §r§r§r§0 §r§r§r§0 
19:01:25 §8 §r§8 §r§1 §r§3 §r§3 §r§7 §r§8 
19:01:27 
19:01:27 
19:01:35 §8 §r§8 §r§1 §r§3 §r§3 §r§7 §r§8 
19:01:53 §8 §r§8 §r§1 §r§3 §r§3 §r§7 §r§8 
19:02:02 §8 §r§8 §r§1 §r§3 §r§3 §r§7 §r§8 
19:02:25 §8 §r§8 §r§1 §r§3 §r§3 §r§7 §r§8 
19:02:25 
19:02:25 
19:02:25 
19:02:25 
19:02:25 
19:02:25 
19:02:57 §f §r§r§r§f §r§r§r§1 §r§r§r§0 §r§r§r§2 §r§r§r§f §r§r§r§f §r§r§r§2 §r§r§r§0 §r§r§r§4 §r§r§r§3 §r§r§r§9 §r§r§r§2 §r§r§r§0 §r§r§r§0 §r§r§r§3 §r§r§r§9 §r§r§r§2 §r§r§r§0 §r§r§r§0 §r§r§r§3 §r§r§r§9 §r§r§r§2 §r§r§r§0 §r§r§r§0 
19:03:16 §8 §r§8 §r§1 §r§3 §r§3 §r§7 §r§8 
19:03:18 
19:03:18 
19:03:22 §8 §r§8 §r§1 §r§3 §r§3 §r§7 §r§8 
19:03:32 §8 §r§8 §r§1 §r§3 §r§3 §r§7 §r§8 
19:03:48 §f §r§r§r§f §r§r§r§1 §r§r§r§0 §r§r§r§2 §r§r§r§f §r§r§r§f §r§r§r§2 §r§r§r§0 §r§r§r§4 §r§r§r§3 §r§r§r§9 §r§r§r§2 §r§r§r§0 §r§r§r§0 §r§r§r§3 §r§r§r§9 §r§r§r§2 §r§r§r§0 §r§r§r§0 §r§r§r§3 §r§r§r§9 §r§r§r§2 §r§r§r§0 §r§r§r§0 
19:03:51 §8 §r§8 §r§1 §r§3 §r§3 §r§7 §r§8 
19:03:53 
19:03:53 
19:04:07 
19:04:12 
19:04:41 
19:04:50 
19:05:31 
19:05:34 
19:07:12 
19:07:33 
19:10:07 
19:10:28 
19:10:34  
19:10:34  
19:10:38 §8 §r§8 §r§1 §r§3 §r§3 §r§7 §r§8 
19:10:42 §8 §r§8 §r§1 §r§3 §r§3 §r§7 §r§8 
19:11:14 §8 §r§8 §r§1 §r§3 §r§3 §r§7 §r§8 
19:13:18  
19:13:18   
19:14:28 §8 §r§8 §r§1 §r§3 §r§3 §r§7 §r§8 
19:14:38 §8 §r§8 §r§1 §r§3 §r§3 §r§7 §r§8 
19:14:45  
19:19:38 
19:19:38 
19:19:38 
19:19:40 
19:19:40 
19:19:41 
19:19:43  
19:19:43  
19:19:43  
19:22:20  
19:29:44 §8 §r§8 §r§1 §r§3 §r§3 §r§7 §r§8 
19:30:16 §8 §r§8 §r§1 §r§3 §r§3 §r§7 §r§8 
19:39:14 
19:39:39 
19:40:04 §8 §r§8 §r§1 §r§3 §r§3 §r§7 §r§8 
19:43:15 §8 §r§8 §r§1 §r§3 §r§3 §r§7 §r§8 
19:44:38 §8 §r§8 §r§1 §r§3 §r§3 §r§7 §r§8 
19:46:09 §8 §r§8 §r§1 §r§3 §r§3 §r§7 §r§8 
19:46:26 §8 §r§8 §r§1 §r§3 §r§3 §r§7 §r§8 
19:50:35 §8 §r§8 §r§1 §r§3 §r§3 §r§7 §r§8 
19:50:58 §8 §r§8 §r§1 §r§3 §r§3 §r§7 §r§8 
19:52:11 
19:52:11 
19:52:11 
19:52:11 
19:52:39 
19:54:29 §f                                        
19:54:41 
19:54:41 
19:54:41 
19:56:04 
19:56:29 
19:56:29 
20:00:29 §8 §r§8 §r§1 §r§3 §r§3 §r§7 §r§8 
20:00:32 §8 §r§8 §r§1 §r§3 §r§3 §r§7 §r§8 
20:00:40 §f
20:01:23 §8 §r§8 §r§1 §r§3 §r§3 §r§7 §r§8 
20:01:26 §8 §r§8 §r§1 §r§3 §r§3 §r§7 §r§8 
20:01:35  
20:01:43 
20:01:43 
20:02:09 §f                                        
20:02:28 
20:02:28 
20:13:22 §8 §r§8 §r§1 §r§3 §r§3 §r§7 §r§8 
20:13:53 §8 §r§8 §r§1 §r§3 §r§3 §r§7 §r§8 
20:14:18 §8 §r§8 §r§1 §r§3 §r§3 §r§7 §r§8 
20:14:27 §8 §r§8 §r§1 §r§3 §r§3 §r§7 §r§8 
20:14:53 §8 §r§8 §r§1 §r§3 §r§3 §r§7 §r§8 
20:14:59 §8 §r§8 §r§1 §r§3 §r§3 §r§7 §r§8 
20:16:00 §8 §r§8 §r§1 §r§3 §r§3 §r§7 §r§8 
20:16:17 §8 §r§8 §r§1 §r§3 §r§3 §r§7 §r§8 
20:17:39  
20:18:54 
20:19:58 
20:24:11 
20:28:00 §8 §r§8 §r§1 §r§3 §r§3 §r§7 §r§8 
20:29:11 §8 §r§8 §r§1 §r§3 §r§3 §r§7 §r§8 
20:29:21 
20:31:10 §f                                        
20:46:16 
20:48:35  
20:51:19 §f                                        
20:59:15 
21:01:05 
21:01:05 
21:02:03 
21:02:03 
21:02:44 
21:02:44 
21:03:45 
21:06:31 
21:11:10 §f                                        
21:14:38 
21:27:02 §8 §r§8 §r§1 §r§3 §r§3 §r§7 §r§8 
21:27:51 
21:28:51 §8 §r§8 §r§1 §r§3 §r§3 §r§7 §r§8 
21:30:55  
21:31:55  
21:31:56 
21:32:12  
21:32:18 
21:32:53  
21:33:25  
21:34:05 
21:35:04 §8 §r§8 §r§1 §r§3 §r§3 §r§7 §r§8 
21:35:04  
21:35:04   
21:37:05 §8 §r§8 §r§1 §r§3 §r§3 §r§7 §r§8 
21:37:05  
21:37:05   
21:37:08 §8 §r§8 §r§1 §r§3 §r§3 §r§7 §r§8 
21:37:09  
21:37:09   
21:37:14  
21:37:14  
21:37:14  
21:37:34 §8 §r§8 §r§1 §r§3 §r§3 §r§7 §r§8 
21:37:37 §8 §r§8 §r§1 §r§3 §r§3 §r§7 §r§8 
21:37:57 §8 §r§8 §r§1 §r§3 §r§3 §r§7 §r§8 
21:39:18 §8 §r§8 §r§1 §r§3 §r§3 §r§7 §r§8 
21:39:31 §8 §r§8 §r§1 §r§3 §r§3 §r§7 §r§8 
21:39:40 §8 §r§8 §r§1 §r§3 §r§3 §r§7 §r§8 
21:39:49 
21:39:49 
21:39:49 
21:43:20 
21:43:22  
21:43:22  
21:43:22  
21:44:00 §f                                        
21:44:40  
21:47:47  
21:51:29 
21:54:04 
21:54:08 
22:00:41 §f
22:00:44  
22:01:00 
22:02:19 
22:03:57 §f                                        
22:06:36 
22:06:42 
22:07:49 §8 §r§8 §r§1 §r§3 §r§3 §r§7 §r§8 
22:08:46 §8 §r§8 §r§1 §r§3 §r§3 §r§7 §r§8 
22:08:51 
22:08:55 §8 §r§8 §r§1 §r§3 §r§3 §r§7 §r§8 
22:08:59 §8 §r§8 §r§1 §r§3 §r§3 §r§7 §r§8 
22:09:23 §f §r§r§r§f §r§r§r§1 §r§r§r§0 §r§r§r§2 §r§r§r§f §r§r§r§f §r§r§r§2 §r§r§r§0 §r§r§r§4 §r§r§r§3 §r§r§r§9 §r§r§r§2 §r§r§r§0 §r§r§r§0 §r§r§r§3 §r§r§r§9 §r§r§r§2 §r§r§r§0 §r§r§r§0 §r§r§r§3 §r§r§r§9 §r§r§r§2 §r§r§r§0 §r§r§r§0 
22:10:17 §8 §r§8 §r§1 §r§3 §r§3 §r§7 §r§8 
22:10:19 
22:10:19 
22:10:25 §8 §r§8 §r§1 §r§3 §r§3 §r§7 §r§8 
22:10:39 
22:10:39 
22:10:39 
22:10:39 
22:10:39 
22:10:39 
22:10:39 
22:10:39 
22:10:39 
22:10:39 
22:10:39 
22:10:39 
22:10:59 §8 §r§8 §r§1 §r§3 §r§3 §r§7 §r§8 
22:11:06 §8 §r§8 §r§1 §r§3 §r§3 §r§7 §r§8 
22:11:28 §8 §r§8 §r§1 §r§3 §r§3 §r§7 §r§8 
22:11:37 §8 §r§8 §r§1 §r§3 §r§3 §r§7 §r§8 
22:12:05 §8 §r§8 §r§1 §r§3 §r§3 §r§7 §r§8 
22:12:11 §8 §r§8 §r§1 §r§3 §r§3 §r§7 §r§8 
22:16:05 §8 §r§8 §r§1 §r§3 §r§3 §r§7 §r§8 
22:16:08 §8 §r§8 §r§1 §r§3 §r§3 §r§7 §r§8 
22:17:14 §8 §r§8 §r§1 §r§3 §r§3 §r§7 §r§8 
22:17:18 §8 §r§8 §r§1 §r§3 §r§3 §r§7 §r§8 
22:17:25 §8 §r§8 §r§1 §r§3 §r§3 §r§7 §r§8 
22:17:29 §8 §r§8 §r§1 §r§3 §r§3 §r§7 §r§8 
22:19:26 §8 §r§8 §r§1 §r§3 §r§3 §r§7 §r§8 
22:19:30 §8 §r§8 §r§1 §r§3 §r§3 §r§7 §r§8 
22:22:45 §8 §r§8 §r§1 §r§3 §r§3 §r§7 §r§8 
22:22:49 §8 §r§8 §r§1 §r§3 §r§3 §r§7 §r§8 
22:24:29 
22:25:14  
22:25:14  
22:25:25 §8 §r§8 §r§1 §r§3 §r§3 §r§7 §r§8 
22:25:40 §f                                        
22:43:55 
22:45:44 §f                                        
22:45:44 §f                                        
22:48:46 
22:48:46 §f                                        
22:48:46 
22:54:19 §8 §r§8 §r§1 §r§3 §r§3 §r§7 §r§8 
22:54:27 §8 §r§8 §r§1 §r§3 §r§3 §r§7 §r§8 
22:56:25 §8 §r§8 §r§1 §r§3 §r§3 §r§7 §r§8 
22:56:31 §8 §r§8 §r§1 §r§3 §r§3 §r§7 §r§8 
23:05:34 §f                                        
23:05:46 
23:20:45 
23:24:44  
23:25:25 §f                                        
23:25:25 §f                                        
23:28:27 
23:28:28 §f                                        
23:28:28 
23:35:51  
23:36:02 §8 §r§8 §r§1 §r§3 §r§3 §r§7 §r§8 
23:37:21 §8 §r§8 §r§1 §r§3 §r§3 §r§7 §r§8 
23:43:06 §f                                        
23:58:14 
00:00:41 §f
00:03:05 §f                                        
00:03:05 §f                                        
00:16:55 §8 §r§8 §r§1 §r§3 §r§3 §r§7 §r§8 
00:16:59 §8 §r§8 §r§1 §r§3 §r§3 §r§7 §r§8 
00:21:07 §f                                        
00:21:08 §8 §r§8 §r§1 §r§3 §r§3 §r§7 §r§8 
00:21:12 §8 §r§8 §r§1 §r§3 §r§3 §r§7 §r§8 
00:23:08 
00:24:07 §8 §r§8 §r§1 §r§3 §r§3 §r§7 §r§8 
00:26:22 §8 §r§8 §r§1 §r§3 §r§3 §r§7 §r§8 
00:31:20 §8 §r§8 §r§1 §r§3 §r§3 §r§7 §r§8 
00:31:35 §8 §r§8 §r§1 §r§3 §r§3 §r§7 §r§8 
00:34:17 
00:34:19  
00:34:19  
00:34:19  
00:39:30 §8 §r§8 §r§1 §r§3 §r§3 §r§7 §r§8 
00:39:34 §8 §r§8 §r§1 §r§3 §r§3 §r§7 §r§8 
00:43:29 
00:47:28 
00:49:17 §f                                        
00:49:17 §f                                        
00:50:22  
00:54:20 
00:54:20 
00:54:49  
00:56:53 §8 §r§8 §r§1 §r§3 §r§3 §r§7 §r§8 
00:56:53  
00:56:53   
00:56:57 
00:56:57 
00:56:57 
00:56:57 
00:56:58  
00:56:58  
00:56:58  
00:57:10 §8 §r§8 §r§1 §r§3 §r§3 §r§7 §r§8 
01:08:53 §8 §r§8 §r§1 §r§3 §r§3 §r§7 §r§8 
01:10:11 §8 §r§8 §r§1 §r§3 §r§3 §r§7 §r§8 
01:10:16 §8 §r§8 §r§1 §r§3 §r§3 §r§7 §r§8 
01:10:56 §8 §r§8 §r§1 §r§3 §r§3 §r§7 §r§8 
01:12:44 §8 §r§8 §r§1 §r§3 §r§3 §r§7 §r§8 
01:13:28 
01:14:18  
01:20:44 
01:20:44 
01:22:31 
01:22:31 
01:22:31 
01:22:31 
01:22:31 
01:22:33 
01:22:33 
01:22:48 
01:22:48 
01:23:03 §8 §r§8 §r§1 §r§3 §r§3 §r§7 §r§8 
01:24:13 §8 §r§8 §r§1 §r§3 §r§3 §r§7 §r§8 
01:25:19  
01:30:08  
01:32:23 
01:32:23 
01:32:23 
01:32:23 
01:32:25 
01:32:25 
01:32:42 
01:32:42 
01:32:44 §8 §r§8 §r§1 §r§3 §r§3 §r§7 §r§8 
01:33:32 §8 §r§8 §r§1 §r§3 §r§3 §r§7 §r§8 
01:34:17  
01:35:03 §8 §r§8 §r§1 §r§3 §r§3 §r§7 §r§8 
01:35:12 §8 §r§8 §r§1 §r§3 §r§3 §r§7 §r§8 
01:37:16 §8 §r§8 §r§1 §r§3 §r§3 §r§7 §r§8 
