19:54:03 §aYou received §r§f40 §r§f✎ Rough Sapphire Gemstone§r§a.
19:54:03 §aYou received §r§b+734 §r§aGemstone Powder.
19:54:03 §aYou received §r§f16 §r§f❤ Rough Ruby Gemstone§r§a.
19:54:55 §aYou received §r§f56 §r§f⸕ Rough Amber Gemstone§r§a.
19:54:55 §aYou received §r§b+202 §r§aMithril Powder.
20:17:26 §aYou received §r§f24 §r§f✎ Rough Sapphire Gemstone§r§a.
20:17:26 §aYou received §r§b+573 §r§aGemstone Powder.
20:17:26 §aYou received §r§f8 §r§f❤ Rough Ruby Gemstone§r§a.
20:17:26 §aYou received §r§b+331 §r§aMithril Powder.
20:23:51 §aYou received §r§f32 §r§f✎ Rough Sapphire Gemstone§r§a.
20:23:51 §aYou received §r§b+414 §r§aGemstone Powder.
20:23:51 §aYou received §r§b+382 §r§aMithril Powder.
20:27:46 §aYou received §r§f24 §r§f✎ Rough Sapphire Gemstone§r§a.
20:27:46 §aYou received §r§f56 §r§f❤ Rough Ruby Gemstone§r§a.
20:33:17 §aYou received §r§f24 §r§f✎ Rough Sapphire Gemstone§r§a.
20:33:17 §aYou received §r§b+358 §r§aGemstone Powder.
20:33:17 §aYou received §r§f8 §r§f❤ Rough Ruby Gemstone§r§a.
20:40:03 §aYou received §r§f8 §r§f✎ Rough Sapphire Gemstone§r§a.
20:40:03 §aYou received §r§b+149 §r§aGemstone Powder.
20:40:03 §aYou received §r§f32 §r§f❤ Rough Ruby Gemstone§r§a.
21:54:08 §aYou received §r§b+146 §r§aGemstone Powder.
21:54:08 §aYou received §r§f4 §r§a❈ Flawed Amethyst Gemstone§r§a.
21:54:08 §aYou received §r§f32 §r§f❤ Rough Ruby Gemstone§r§a.
21:54:08 §aYou received §r§b+121 §r§aMithril Powder.
21:54:08 §aYou received §r§f1 §r§aOil Barrel§r§a.
21:54:08 §aYou received §r§f24 §r§f❈ Rough Amethyst Gemstone§r§a.
21:57:10 §aYou received §r§f112 §r§f⸕ Rough Amber Gemstone§r§a.
21:57:10 §aYou received §r§b+232 §r§aGemstone Powder.
22:16:28 §aYou received §r§f40 §r§f⸕ Rough Amber Gemstone§r§a.
22:16:28 §aYou received §r§b+166 §r§aMithril Powder.
22:19:09 §aYou received §r§f152 §r§f⸕ Rough Amber Gemstone§r§a.
22:19:09 §aYou received §r§b+518 §r§aMithril Powder.
