11:20:48 §e[SkyHanni] Reloaded 7436 items in the NEU repo§r
11:24:10 §e[SkyHanni] Looks like you updated SkyHanni. Click here to configure the newly introduced options, or run /shdefaultoptions 3.5.0 3.6.0.§r
11:24:22 §c[SkyHanni] Your computer's clock is off by 11s.
§ePlease update your time settings. Many features may not function correctly until you do.
§eClick here for instructions on how to fix your clock.§r
11:24:35 §e[SkyHanni] You have gained §b378 §eBits.§r
11:32:48 §e[SkyHanni] You have gained §b8 §eBits.§r
11:33:26 §e[SkyHanni] §lCLICK HERE§r§e to grab §ax35 §9§aEnchanted Hard Stone§e from sacks!§r
11:43:17 §e[SkyHanni] Profit for §9Lapis Corpse§e: §660k§r
11:47:04 §e[SkyHanni] §b+1 SkyBlock XP §7(Mining Fiesta§7)§b (37/100)§r
11:51:20 §e[SkyHanni] §b+2 SkyBlock XP §7(HOTM Progression§7)§b (37/100)§r
11:53:01 §e[SkyHanni] Profit for §9Lapis Corpse§e: §610k§r
11:53:28 §e[SkyHanni] Profit for §9Lapis Corpse§e: §6211k§r
11:53:28 §e[SkyHanni] §b+1 SkyBlock XP §7(HOTM Progression§7)§b (38/100)§r
11:59:54 §e[SkyHanni] §lCLICK HERE§r§e to grab §ax35 §9§aEnchanted Hard Stone§e from sacks!§r
12:01:00 §e[SkyHanni] §b+1 SkyBlock XP §7(Mining Fiesta§7)§b (39/100)§r
12:06:15 §e[SkyHanni] Profit for §9Lapis Corpse§e: §6280k§r
12:06:26 §e[SkyHanni] Profit for §9Lapis Corpse§e: §647k§r
12:06:36 §e[SkyHanni] Profit for §9Lapis Corpse§e: §6288k§r
12:15:39 §e[SkyHanni] §lCLICK HERE§r§e to grab §ax2568 §9§a☘ Flawed Citrine Gemstone§e from sacks!§r
12:15:42 §e[SkyHanni] §lCLICK HERE§r§e to grab §ax397 §9§9☘ Fine Citrine Gemstone§e from sacks!§r
12:16:37 §e[SkyHanni] §b+1 SkyBlock XP §7(Mining Fiesta§7)§b (41/100)§r
12:22:11 §e[SkyHanni] Profit for §9Lapis Corpse§e: §648k§r
12:29:59 §e[SkyHanni] §b+1 SkyBlock XP §7(Mining Fiesta§7)§b (42/100)§r
12:39:40 §e[SkyHanni] §lCLICK HERE§r§e to grab §ax55 §9§a☘ Flawed Citrine Gemstone§e from sacks!§r
12:39:47 §e[SkyHanni] §lCLICK HERE§r§e to grab §ax7 §9§9☘ Fine Citrine Gemstone§e from sacks!§r
12:40:18 §e[SkyHanni] §lCLICK HERE§r§e to grab §ax1 §9§9⸕ Fine Amber Gemstone§e from sacks!§r
12:40:18 §e[SkyHanni] §lCLICK HERE§r§e to grab §ax1 §9§9⸕ Fine Amber Gemstone§e from sacks!§r
12:40:18 §e[SkyHanni] §lCLICK HERE§r§e to grab §ax1 §9§9⸕ Fine Amber Gemstone§e from sacks!§r
12:40:18 §e[SkyHanni] §lCLICK HERE§r§e to grab §ax1 §9§9⸕ Fine Amber Gemstone§e from sacks!§r
12:40:18 §e[SkyHanni] §lCLICK HERE§r§e to grab §ax1 §9§9⸕ Fine Amber Gemstone§e from sacks!§r
12:40:18 §e[SkyHanni] §lCLICK HERE§r§e to grab §ax1 §9§9⸕ Fine Amber Gemstone§e from sacks!§r
12:40:20 §e[SkyHanni] §bYou have §3441 §bmaterials in stash, §btotalling §31 type§b. §bClick to §3pickup §byour stash!§r
12:40:20 §e[SkyHanni] §lCLICK HERE§r§e to grab §ax359 §9§9⸕ Fine Amber Gemstone§e from sacks!§r
12:40:22 §e[SkyHanni] §lCLICK HERE§r§e to grab §ax2631 §9§a⸕ Flawed Amber Gemstone§e from sacks!§r
12:40:24 §e[SkyHanni] §lCLICK HERE§r§e to grab §ax33 §9§9⸕ Fine Amber Gemstone§e from sacks!§r
12:42:35 §e[SkyHanni] §bYou have §3441 §bmaterials in stash, §btotalling §31 type§b. §bClick to §3pickup §byour stash!§r
12:45:02 §e[SkyHanni] Profit for §9Lapis Corpse§e: §629k§r
12:47:55 §e[SkyHanni] Profit for §9Lapis Corpse§e: §666k§r
12:55:44 §e[SkyHanni] You have gained §b1 166 §eBits.§r
13:00:55 §e[SkyHanni] §lCLICK HERE§r§e to grab §ax35 §9§aEnchanted Hard Stone§e from sacks!§r
13:01:07 §e[SkyHanni] Profit for §9Lapis Corpse§e: §651k§r
13:05:02 §e[SkyHanni] §b+1 SkyBlock XP §7(Mining Fiesta§7)§b (46/100)§r
13:15:18 §e[SkyHanni] §lCLICK HERE§r§e to grab §ax2704 §9§a⸕ Flawed Amber Gemstone§e from sacks!§r
13:15:20 §e[SkyHanni] §lCLICK HERE§r§e to grab §ax397 §9§9⸕ Fine Amber Gemstone§e from sacks!§r
13:17:56 §e[SkyHanni] §b+1 SkyBlock XP §7(Mining Fiesta§7)§b (47/100)§r
13:19:59 §e[SkyHanni] Profit for §9Lapis Corpse§e: §641k§r
13:24:38 §e[SkyHanni] §lCLICK HERE§r§e to grab §ax126 §9§9Enchanted Mithril§e from sacks!§r
13:25:18 §e[SkyHanni] §b+150 SkyBlock XP §7(CotM§7)§b (71/100)§r
13:25:51 §e[SkyHanni] You have gained §b386 §eBits.§r
13:30:13 §e[SkyHanni] §b+1 SkyBlock XP §7(Mining Fiesta§7)§b (72/100)§r
13:33:31 §e[SkyHanni] You have gained §b60 §eBits.§r
13:41:21 §e[SkyHanni] §b+1 SkyBlock XP §7(Mining Fiesta§7)§b (73/100)§r
13:46:44 §e[SkyHanni] You have gained §b16 §eBits.§r
13:46:52 §e[SkyHanni] §lCLICK HERE§r§e to grab §ax35 §9§aEnchanted Hard Stone§e from sacks!§r
13:47:44 §e[SkyHanni] §lCLICK HERE§r§e to grab §ax2580 §9§a⸕ Flawed Amber Gemstone§e from sacks!§r
13:47:47 §e[SkyHanni] §lCLICK HERE§r§e to grab §ax400 §9§9⸕ Fine Amber Gemstone§e from sacks!§r
13:52:03 §6§lBESTIARY §r§b§lGlacite Mage §7§8XI §8➡§b §bXII§r
13:52:03 §e[SkyHanni] §b+1 SkyBlock XP §7(HOTM Progression§7)§b (74/100)§r
13:52:29 §e[SkyHanni] Profit for §9Lapis Corpse§e: §6587k§r
13:52:29 §e[SkyHanni] §b+1 SkyBlock XP §7(HOTM Progression§7)§b (75/100)§r
13:52:37 §e[SkyHanni] Profit for §9Lapis Corpse§e: §665k§r
13:52:56 §e[SkyHanni] §b+1 SkyBlock XP §7(Mining Fiesta§7)§b (76/100)§r
13:56:12 §e[SkyHanni] You have gained §b764 §eBits.§r
14:03:33 §e[SkyHanni] §lCLICK HERE§r§e to grab §ax171 §9§a❤ Flawed Ruby Gemstone§e from sacks!§r
14:03:36 §e[SkyHanni] §lCLICK HERE§r§e to grab §ax7 §9§9❤ Fine Ruby Gemstone§e from sacks!§r
14:03:47 §e[SkyHanni] §lCLICK HERE§r§e to grab §ax966 §9§a❁ Flawed Jasper Gemstone§e from sacks!§r
14:03:51 §e[SkyHanni] §lCLICK HERE§r§e to grab §ax151 §9§9❁ Fine Jasper Gemstone§e from sacks!§r
14:11:40 §e[SkyHanni] §b+1 SkyBlock XP §7(HOTM Progression§7)§b (77/100)§r
14:14:42 §e[SkyHanni] §bYou have §316 §bmaterials in stash, §btotalling §31 type§b. §bClick to §3pickup §byour stash!§r
14:26:32 §e[SkyHanni] You have gained §b378 §eBits.§r
14:56:48 §e[SkyHanni] You have gained §b378 §eBits.§r
15:04:37 §e[SkyHanni] §cYour Time Tower just expired and has 2 charges remaining. Click here to open the Chocolate Factory Menu.§r
15:06:33 §e[SkyHanni] §lCLICK HERE§r§e to grab §ax35 §9§aEnchanted Hard Stone§e from sacks!§r
15:12:19 §e[SkyHanni] §lCLICK HERE§r§e to grab §ax126 §9§aEnchanted Coal§e from sacks!§r
15:27:02 §e[SkyHanni] You have gained §b378 §eBits.§r
15:33:26 §e[SkyHanni] §bYou have §3325 §bmaterials in stash, §btotalling §32 types§b. §bClick to §3pickup §byour stash!§r
15:36:27 §e[SkyHanni] §bYou have §31.4k §bmaterials in stash, §btotalling §33 types§b. §bClick to §3pickup §byour stash!§r
15:37:28 §e[SkyHanni] §bYou have §31.8k §bmaterials in stash, §btotalling §33 types§b. §bClick to §3pickup §byour stash!§r
15:38:29 §e[SkyHanni] §bYou have §3991 §bmaterials in stash, §btotalling §33 types§b. §bClick to §3pickup §byour stash!§r
15:39:30 §e[SkyHanni] §bYou have §31.2k §bmaterials in stash, §btotalling §33 types§b. §bClick to §3pickup §byour stash!§r
15:40:16 §e[SkyHanni] §lCLICK HERE§r§e to grab §ax128 §9§aEnchanted Iron§e from sacks!§r
15:40:20 §e[SkyHanni] §lCLICK HERE§r§e to grab §ax35 §9§aEnchanted Hard Stone§e from sacks!§r
15:40:31 §e[SkyHanni] §bYou have §31.9k §bmaterials in stash, §btotalling §33 types§b. §bClick to §3pickup §byour stash!§r
15:41:33 §e[SkyHanni] §bYou have §3581 §bmaterials in stash, §btotalling §32 types§b. §bClick to §3pickup §byour stash!§r
15:42:22 §e[SkyHanni] §b+1 SkyBlock XP §7(HOTM Progression§7)§b (81/100)§r
15:42:34 §e[SkyHanni] §bYou have §3724 §bmaterials in stash, §btotalling §32 types§b. §bClick to §3pickup §byour stash!§r
15:43:35 §e[SkyHanni] §bYou have §31.3k §bmaterials in stash, §btotalling §33 types§b. §bClick to §3pickup §byour stash!§r
15:44:36 §e[SkyHanni] §bYou have §3243 §bmaterials in stash, §btotalling §32 types§b. §bClick to §3pickup §byour stash!§r
15:45:37 §e[SkyHanni] §bYou have §3731 §bmaterials in stash, §btotalling §33 types§b. §bClick to §3pickup §byour stash!§r
15:46:34 §e[SkyHanni] §lCLICK HERE§r§e to grab §ax126 §9§aEnchanted Coal§e from sacks!§r
15:46:46 §e[SkyHanni] §lCLICK HERE§r§e to grab §ax126 §9§aEnchanted Redstone§e from sacks!§r
15:46:53 §e[SkyHanni] §lCLICK HERE§r§e to grab §ax35 §9§aEnchanted Hard Stone§e from sacks!§r
15:51:22 §e[SkyHanni] §b+1 SkyBlock XP §7(HOTM Progression§7)§b (82/100)§r
15:54:12 §e[SkyHanni] §b+1 SkyBlock XP §7(HOTM Progression§7)§b (83/100)§r
15:54:41 §e[SkyHanni] §bYou have §3848 §bmaterials in stash, §btotalling §33 types§b. §bClick to §3pickup §byour stash!§r
15:57:23 §e[SkyHanni] §bNo Bits Available! §eClick to buy booster cookies on the bazaar.§r
15:57:23 §e[SkyHanni] You have gained §b129 §eBits.§r
16:01:48 §e[SkyHanni] §bYou have §3462 §bmaterials in stash, §btotalling §31 type§b. §bClick to §3pickup §byour stash!§r
16:02:33 §e[SkyHanni] §b+1 SkyBlock XP §7(HOTM Progression§7)§b (85/100)§r
16:04:52 §e[SkyHanni] §bYou have §359 §bmaterials in stash, §btotalling §31 type§b. §bClick to §3pickup §byour stash!§r
16:05:12 §e[SkyHanni] §lCLICK HERE§r§e to grab §ax35 §9§aEnchanted Hard Stone§e from sacks!§r
16:05:17 §e[SkyHanni] §lCLICK HERE§r§e to grab §ax126 §9§aEnchanted Coal§e from sacks!§r
16:05:21 §e[SkyHanni] §lCLICK HERE§r§e to grab §ax126 §9§aEnchanted Redstone§e from sacks!§r
16:06:21 §e[SkyHanni] §bYou have §359 §bmaterials in stash, §btotalling §31 type§b. §bClick to §3pickup §byour stash!§r
16:09:10 §e[SkyHanni] §b+1 SkyBlock XP §7(HOTM Progression§7)§b (86/100)§r
16:39:18 §e[SkyHanni] §b+2 SkyBlock XP §7(HOTM Progression§7)§b (86/100)§r
17:01:29 §e[SkyHanni] §bYou have §359 §bmaterials in stash, §btotalling §31 type§b. §bClick to §3pickup §byour stash!§r
17:17:40 §e[SkyHanni] Profit for §9Lapis Corpse§e: §678k§r
17:17:40 §e[SkyHanni] §b+1 SkyBlock XP §7(HOTM Progression§7)§b (87/100)§r
