15:40:12 Trying to load config from config\skyhanni\config.json
15:40:12 load-config-now
15:40:13 Loaded config from file
15:40:13 Trying to load sacks from config\skyhanni\sacks.json
15:40:13 load-sacks-now
15:40:13 Loaded sacks from file
15:40:13 Trying to load friends from config\skyhanni\friends.json
15:40:13 load-friends-now
15:40:13 Loaded friends from file
15:40:13 Trying to load known_features from config\skyhanni\known_features.json
15:40:13 load-known_features-now
15:40:13 Loaded known_features from file
15:40:13 Trying to load jacob_contests from config\skyhanni\jacob_contests.json
15:40:13 load-jacob_contests-now
15:40:13 Loaded jacob_contests from file
15:40:13 Trying to load visual_words from config\skyhanni\visual_words.json
15:40:13 Setting visual_words to be blank as it did not exist. It will be saved once something is written to it
15:41:13 saveConfig: auto-save-60s
15:41:13 Saving config file
15:42:13 saveConfig: auto-save-60s
15:42:13 Saving config file
15:43:13 saveConfig: auto-save-60s
15:43:13 Saving config file
15:44:13 saveConfig: auto-save-60s
15:44:13 Saving config file
15:45:13 saveConfig: auto-save-60s
15:45:13 Saving config file
15:46:13 saveConfig: auto-save-60s
15:46:13 Saving config file
15:47:13 saveConfig: auto-save-60s
15:47:13 Saving config file
15:48:13 saveConfig: auto-save-60s
15:48:13 Saving config file
15:49:13 saveConfig: auto-save-60s
15:49:13 Saving config file
15:50:13 saveConfig: auto-save-60s
15:50:13 Saving config file
15:51:13 saveConfig: auto-save-60s
15:51:13 Saving config file
15:52:13 saveConfig: auto-save-60s
15:52:13 Saving config file
15:53:13 saveConfig: auto-save-60s
15:53:13 Saving config file
15:54:13 saveConfig: auto-save-60s
15:54:13 Saving config file
15:55:13 saveConfig: auto-save-60s
15:55:13 Saving config file
15:56:12 saveConfig: Updated known feature flags
15:56:12 Saving known_features file
15:56:13 saveConfig: auto-save-60s
15:56:13 Saving config file
15:57:13 saveConfig: auto-save-60s
15:57:13 Saving config file
15:57:58 saveConfig: Save file
15:57:58 Saving friends file
15:58:13 saveConfig: auto-save-60s
15:58:13 Saving config file
15:59:13 saveConfig: auto-save-60s
15:59:13 Saving config file
16:00:13 saveConfig: auto-save-60s
16:00:13 Saving config file
16:01:13 saveConfig: auto-save-60s
16:01:13 Saving config file
16:02:13 saveConfig: auto-save-60s
16:02:13 Saving config file
16:03:13 saveConfig: auto-save-60s
16:03:13 Saving config file
16:04:13 saveConfig: auto-save-60s
16:04:13 Saving config file
16:05:13 saveConfig: auto-save-60s
16:05:13 Saving config file
16:06:13 saveConfig: auto-save-60s
16:06:13 Saving config file
16:06:43 saveConfig: saving-data
16:06:43 Saving sacks file
16:07:04 saveConfig: saving-data
16:07:04 Saving sacks file
16:07:13 saveConfig: auto-save-60s
16:07:13 Saving config file
16:08:13 saveConfig: auto-save-60s
16:08:13 Saving config file
16:09:13 saveConfig: auto-save-60s
16:09:13 Saving config file
16:10:13 saveConfig: auto-save-60s
16:10:13 Saving config file
16:11:13 saveConfig: auto-save-60s
16:11:13 Saving config file
16:12:13 saveConfig: auto-save-60s
16:12:13 Saving config file
16:13:13 saveConfig: auto-save-60s
16:13:13 Saving config file
16:14:13 saveConfig: auto-save-60s
16:14:13 Saving config file
16:15:13 saveConfig: auto-save-60s
16:15:13 Saving config file
16:16:13 saveConfig: auto-save-60s
16:16:13 Saving config file
16:17:13 saveConfig: auto-save-60s
16:17:13 Saving config file
16:18:13 saveConfig: auto-save-60s
16:18:13 Saving config file
16:19:13 saveConfig: auto-save-60s
16:19:13 Saving config file
16:20:13 saveConfig: auto-save-60s
16:20:13 Saving config file
16:21:13 saveConfig: auto-save-60s
16:21:13 Saving config file
16:22:13 saveConfig: auto-save-60s
16:22:13 Saving config file
16:23:13 saveConfig: auto-save-60s
16:23:13 Saving config file
16:24:13 saveConfig: auto-save-60s
16:24:13 Saving config file
16:25:13 saveConfig: auto-save-60s
16:25:13 Saving config file
16:26:13 saveConfig: auto-save-60s
16:26:13 Saving config file
16:27:13 saveConfig: auto-save-60s
16:27:13 Saving config file
16:28:13 saveConfig: auto-save-60s
16:28:13 Saving config file
16:29:13 saveConfig: auto-save-60s
16:29:13 Saving config file
16:30:13 saveConfig: auto-save-60s
16:30:13 Saving config file
16:31:13 saveConfig: auto-save-60s
16:31:13 Saving config file
16:32:13 saveConfig: auto-save-60s
16:32:13 Saving config file
16:33:13 saveConfig: auto-save-60s
16:33:13 Saving config file
16:34:13 saveConfig: auto-save-60s
16:34:13 Saving config file
16:35:13 saveConfig: auto-save-60s
16:35:13 Saving config file
16:36:13 saveConfig: auto-save-60s
16:36:13 Saving config file
16:37:13 saveConfig: auto-save-60s
16:37:13 Saving config file
16:38:13 saveConfig: auto-save-60s
16:38:13 Saving config file
16:39:13 saveConfig: auto-save-60s
16:39:13 Saving config file
16:40:13 saveConfig: auto-save-60s
16:40:13 Saving config file
16:41:13 saveConfig: auto-save-60s
16:41:13 Saving config file
16:42:13 saveConfig: auto-save-60s
16:42:13 Saving config file
16:43:13 saveConfig: auto-save-60s
16:43:13 Saving config file
16:44:13 saveConfig: auto-save-60s
16:44:13 Saving config file
16:45:13 saveConfig: auto-save-60s
16:45:13 Saving config file
16:46:13 saveConfig: auto-save-60s
16:46:13 Saving config file
16:47:13 saveConfig: auto-save-60s
16:47:13 Saving config file
16:48:13 saveConfig: auto-save-60s
16:48:13 Saving config file
16:49:10 saveConfig: saving-data
16:49:10 Saving sacks file
16:49:13 saveConfig: auto-save-60s
16:49:13 Saving config file
16:49:49 saveConfig: saving-data
16:49:49 Saving sacks file
16:50:13 saveConfig: auto-save-60s
16:50:13 Saving config file
16:51:13 saveConfig: auto-save-60s
16:51:13 Saving config file
16:52:13 saveConfig: auto-save-60s
16:52:13 Saving config file
16:53:13 saveConfig: auto-save-60s
16:53:13 Saving config file
16:54:13 saveConfig: auto-save-60s
16:54:13 Saving config file
16:55:13 saveConfig: auto-save-60s
16:55:13 Saving config file
16:56:13 saveConfig: auto-save-60s
16:56:13 Saving config file
16:57:13 saveConfig: auto-save-60s
16:57:13 Saving config file
16:58:13 saveConfig: auto-save-60s
16:58:13 Saving config file
16:58:24 saveConfig: shutdown-hook
16:58:24 Saving config file
