17:01:42 Trying to load config from config\skyhanni\config.json
17:01:42 load-config-now
17:01:43 Loaded config from file
17:01:43 Trying to load sacks from config\skyhanni\sacks.json
17:01:43 load-sacks-now
17:01:43 Loaded sacks from file
17:01:43 Trying to load friends from config\skyhanni\friends.json
17:01:43 load-friends-now
17:01:43 Loaded friends from file
17:01:43 Trying to load known_features from config\skyhanni\known_features.json
17:01:43 load-known_features-now
17:01:43 Loaded known_features from file
17:01:43 Trying to load jacob_contests from config\skyhanni\jacob_contests.json
17:01:43 load-jacob_contests-now
17:01:43 Loaded jacob_contests from file
17:01:43 Trying to load visual_words from config\skyhanni\visual_words.json
17:01:43 Setting visual_words to be blank as it did not exist. It will be saved once something is written to it
17:02:43 saveConfig: auto-save-60s
17:02:43 Saving config file
17:02:56 saveConfig: Updated known feature flags
17:02:56 Saving known_features file
17:03:43 saveConfig: auto-save-60s
17:03:43 Saving config file
17:04:43 saveConfig: auto-save-60s
17:04:43 Saving config file
17:05:43 saveConfig: auto-save-60s
17:05:43 Saving config file
17:06:43 saveConfig: auto-save-60s
17:06:43 Saving config file
17:07:43 saveConfig: auto-save-60s
17:07:43 Saving config file
17:08:43 saveConfig: auto-save-60s
17:08:43 Saving config file
17:09:43 saveConfig: auto-save-60s
17:09:43 Saving config file
17:10:43 saveConfig: auto-save-60s
17:10:43 Saving config file
17:11:43 saveConfig: auto-save-60s
17:11:43 Saving config file
17:12:43 saveConfig: auto-save-60s
17:12:43 Saving config file
17:13:43 saveConfig: auto-save-60s
17:13:43 Saving config file
17:14:43 saveConfig: auto-save-60s
17:14:43 Saving config file
17:15:43 saveConfig: auto-save-60s
17:15:43 Saving config file
17:16:43 saveConfig: auto-save-60s
17:16:43 Saving config file
17:17:43 saveConfig: auto-save-60s
17:17:43 Saving config file
17:18:43 saveConfig: auto-save-60s
17:18:43 Saving config file
17:19:43 saveConfig: auto-save-60s
17:19:43 Saving config file
17:20:43 saveConfig: auto-save-60s
17:20:43 Saving config file
17:21:43 saveConfig: auto-save-60s
17:21:43 Saving config file
17:22:43 saveConfig: auto-save-60s
17:22:43 Saving config file
17:23:43 saveConfig: auto-save-60s
17:23:43 Saving config file
17:24:43 saveConfig: auto-save-60s
17:24:43 Saving config file
17:25:43 saveConfig: auto-save-60s
17:25:43 Saving config file
17:26:43 saveConfig: auto-save-60s
17:26:43 Saving config file
17:27:43 saveConfig: auto-save-60s
17:27:43 Saving config file
17:28:43 saveConfig: auto-save-60s
17:28:43 Saving config file
17:29:43 saveConfig: auto-save-60s
17:29:43 Saving config file
17:30:43 saveConfig: auto-save-60s
17:30:43 Saving config file
17:31:43 saveConfig: auto-save-60s
17:31:43 Saving config file
17:32:43 saveConfig: auto-save-60s
17:32:43 Saving config file
17:33:43 saveConfig: auto-save-60s
17:33:43 Saving config file
17:34:43 saveConfig: auto-save-60s
17:34:43 Saving config file
17:35:43 saveConfig: auto-save-60s
17:35:43 Saving config file
17:36:43 saveConfig: auto-save-60s
17:36:43 Saving config file
17:37:43 saveConfig: auto-save-60s
17:37:43 Saving config file
17:38:43 saveConfig: auto-save-60s
17:38:43 Saving config file
17:39:43 saveConfig: auto-save-60s
17:39:43 Saving config file
17:40:43 saveConfig: auto-save-60s
17:40:43 Saving config file
17:41:43 saveConfig: auto-save-60s
17:41:43 Saving config file
17:42:43 saveConfig: auto-save-60s
17:42:43 Saving config file
17:43:43 saveConfig: auto-save-60s
17:43:43 Saving config file
17:44:43 saveConfig: auto-save-60s
17:44:43 Saving config file
17:45:43 saveConfig: auto-save-60s
17:45:43 Saving config file
17:46:43 saveConfig: auto-save-60s
17:46:43 Saving config file
17:47:43 saveConfig: auto-save-60s
17:47:43 Saving config file
17:48:43 saveConfig: auto-save-60s
17:48:43 Saving config file
17:49:43 saveConfig: auto-save-60s
17:49:43 Saving config file
17:50:43 saveConfig: auto-save-60s
17:50:43 Saving config file
17:51:43 saveConfig: auto-save-60s
17:51:43 Saving config file
17:52:43 saveConfig: auto-save-60s
17:52:43 Saving config file
17:53:43 saveConfig: auto-save-60s
17:53:43 Saving config file
17:54:43 saveConfig: auto-save-60s
17:54:43 Saving config file
17:55:43 saveConfig: auto-save-60s
17:55:43 Saving config file
17:56:43 saveConfig: auto-save-60s
17:56:43 Saving config file
17:57:43 saveConfig: auto-save-60s
17:57:43 Saving config file
17:58:43 saveConfig: auto-save-60s
17:58:43 Saving config file
17:59:43 saveConfig: auto-save-60s
17:59:43 Saving config file
18:00:43 saveConfig: auto-save-60s
18:00:43 Saving config file
18:01:43 saveConfig: auto-save-60s
18:01:43 Saving config file
18:02:43 saveConfig: auto-save-60s
18:02:43 Saving config file
18:03:43 saveConfig: auto-save-60s
18:03:43 Saving config file
18:04:43 saveConfig: auto-save-60s
18:04:43 Saving config file
18:05:43 saveConfig: auto-save-60s
18:05:43 Saving config file
18:06:43 saveConfig: auto-save-60s
18:06:43 Saving config file
18:07:43 saveConfig: auto-save-60s
18:07:43 Saving config file
18:08:43 saveConfig: auto-save-60s
18:08:43 Saving config file
18:09:43 saveConfig: auto-save-60s
18:09:43 Saving config file
18:10:43 saveConfig: auto-save-60s
18:10:43 Saving config file
18:11:43 saveConfig: auto-save-60s
18:11:43 Saving config file
18:12:43 saveConfig: auto-save-60s
18:12:43 Saving config file
18:13:43 saveConfig: auto-save-60s
18:13:43 Saving config file
18:14:43 saveConfig: auto-save-60s
18:14:43 Saving config file
18:15:43 saveConfig: auto-save-60s
18:15:43 Saving config file
18:16:43 saveConfig: auto-save-60s
18:16:43 Saving config file
18:17:43 saveConfig: auto-save-60s
18:17:43 Saving config file
18:18:43 saveConfig: auto-save-60s
18:18:43 Saving config file
18:19:43 saveConfig: auto-save-60s
18:19:43 Saving config file
18:20:43 saveConfig: auto-save-60s
18:20:43 Saving config file
18:21:43 saveConfig: auto-save-60s
18:21:43 Saving config file
18:22:43 saveConfig: auto-save-60s
18:22:43 Saving config file
18:23:43 saveConfig: auto-save-60s
18:23:43 Saving config file
18:24:43 saveConfig: auto-save-60s
18:24:43 Saving config file
18:25:43 saveConfig: auto-save-60s
18:25:43 Saving config file
18:26:43 saveConfig: auto-save-60s
18:26:43 Saving config file
18:27:43 saveConfig: auto-save-60s
18:27:43 Saving config file
18:28:43 saveConfig: auto-save-60s
18:28:43 Saving config file
18:29:43 saveConfig: auto-save-60s
18:29:43 Saving config file
18:30:43 saveConfig: auto-save-60s
18:30:43 Saving config file
18:31:43 saveConfig: auto-save-60s
18:31:43 Saving config file
18:32:43 saveConfig: auto-save-60s
18:32:43 Saving config file
18:33:43 saveConfig: auto-save-60s
18:33:43 Saving config file
18:34:43 saveConfig: auto-save-60s
18:34:43 Saving config file
18:35:43 saveConfig: auto-save-60s
18:35:43 Saving config file
18:36:43 saveConfig: auto-save-60s
18:36:43 Saving config file
18:37:43 saveConfig: auto-save-60s
18:37:43 Saving config file
18:38:43 saveConfig: auto-save-60s
18:38:43 Saving config file
18:39:43 saveConfig: auto-save-60s
18:39:43 Saving config file
18:40:43 saveConfig: auto-save-60s
18:40:43 Saving config file
18:41:43 saveConfig: auto-save-60s
18:41:43 Saving config file
18:42:43 saveConfig: auto-save-60s
18:42:43 Saving config file
18:43:43 saveConfig: auto-save-60s
18:43:43 Saving config file
18:44:43 saveConfig: auto-save-60s
18:44:43 Saving config file
18:45:43 saveConfig: saving-data
18:45:43 Saving sacks file
18:45:43 saveConfig: auto-save-60s
18:45:43 Saving config file
18:46:43 saveConfig: auto-save-60s
18:46:43 Saving config file
18:47:43 saveConfig: auto-save-60s
18:47:43 Saving config file
18:48:43 saveConfig: auto-save-60s
18:48:43 Saving config file
18:49:43 saveConfig: auto-save-60s
18:49:43 Saving config file
18:50:43 saveConfig: auto-save-60s
18:50:43 Saving config file
18:51:43 saveConfig: auto-save-60s
18:51:43 Saving config file
18:52:43 saveConfig: auto-save-60s
18:52:43 Saving config file
18:53:43 saveConfig: auto-save-60s
18:53:43 Saving config file
18:54:43 saveConfig: auto-save-60s
18:54:43 Saving config file
18:55:43 saveConfig: auto-save-60s
18:55:43 Saving config file
18:56:43 saveConfig: auto-save-60s
18:56:43 Saving config file
18:57:43 saveConfig: auto-save-60s
18:57:43 Saving config file
18:58:43 saveConfig: auto-save-60s
18:58:43 Saving config file
18:59:43 saveConfig: auto-save-60s
18:59:43 Saving config file
19:00:43 saveConfig: auto-save-60s
19:00:43 Saving config file
19:01:43 saveConfig: auto-save-60s
19:01:43 Saving config file
19:02:43 saveConfig: auto-save-60s
19:02:43 Saving config file
19:03:43 saveConfig: auto-save-60s
19:03:43 Saving config file
19:04:43 saveConfig: auto-save-60s
19:04:43 Saving config file
19:05:43 saveConfig: auto-save-60s
19:05:43 Saving config file
19:06:43 saveConfig: auto-save-60s
19:06:43 Saving config file
19:07:43 saveConfig: auto-save-60s
19:07:43 Saving config file
19:08:43 saveConfig: auto-save-60s
19:08:43 Saving config file
19:09:43 saveConfig: auto-save-60s
19:09:43 Saving config file
19:10:24 saveConfig: shutdown-hook
19:10:24 Saving config file
