22:08:09 THE_END
22:21:36 NONE
22:21:36 PRIVATE_ISLAND
22:22:25 NONE
22:22:26 THE_END
22:46:15 NONE
22:46:15 PRIVATE_ISLAND
22:46:22 NONE
22:46:22 THE_END
23:19:27 NONE
23:19:28 HUB
23:20:28 NONE
23:20:28 THE_END
23:20:32 NONE
23:20:32 HUB
23:20:52 NONE
23:20:53 THE_END
23:21:16 NONE
23:21:17 PRIVATE_ISLAND
23:22:38 NONE
23:22:38 THE_END
23:36:02 NONE
23:36:02 PRIVATE_ISLAND
23:37:30 NONE
23:37:31 GARDEN
23:37:39 NONE
23:37:39 HUB
23:38:01 NONE
23:38:01 GARDEN
23:38:44 NONE
23:38:44 PRIVATE_ISLAND
