23:13:05 §f                                  §6§lBESTIARY
23:13:05 §f                                §b§lWorm §7§8X §8➡§b §bXI
23:13:05 
23:13:05 §f                                  §r§6§lREWARDS
23:13:05 §f                           §r§8+§r§a4 Worm §r§b✯ Magic Find
23:13:05 §f                            §r§8+§r§a4 Worm §r§c❁ Strength
23:13:05 §f                               §r§8+§r§62% §r§aWorm §r§7coins
23:13:05 §f                    §r§8+§r§a50% §r§7chance for extra XP orbs
23:13:05 §f                               §r§8+§r§b1 SkyBlock XP
23:13:05 
23:13:05 §3§l▬▬▬▬▬▬▬▬▬▬▬▬▬▬▬▬▬▬▬▬▬▬▬▬▬▬▬▬▬▬▬▬▬▬▬▬▬▬▬▬▬▬▬▬▬▬▬▬▬▬▬▬▬▬▬▬▬▬▬▬▬▬▬▬
00:14:58 §f                                  §6§lBESTIARY
00:14:58 §f                           §b§lMage Outlaw §7§8IX §8➡§b §bX
00:14:58 
00:14:58 §f                                  §r§6§lREWARDS
00:14:58 §f                     §r§8+§r§a3 §r§5§lMage Outlaw §r§b✯ Magic Find
00:14:58 §f                      §r§8+§r§a3 §r§5§lMage Outlaw §r§c❁ Strength
00:14:58 §f                         §r§8+§r§62% §r§a§r§5§lMage Outlaw §r§7coins
00:14:58 §f                    §r§8+§r§a50% §r§7chance for extra XP orbs
00:14:58 §f                               §r§8+§r§b1 SkyBlock XP
00:14:58 
00:14:58 §3§l▬▬▬▬▬▬▬▬▬▬▬▬▬▬▬▬▬▬▬▬▬▬▬▬▬▬▬▬▬▬▬▬▬▬▬▬▬▬▬▬▬▬▬▬▬▬▬▬▬▬▬▬▬▬▬▬▬▬▬▬▬▬▬▬
