21:09:42 `0qxbg4j41d`7 missed {
 is already Found: false).
 Position: LorenzVec{x=5.375, y=200.0, z=-109.21875}
 DistanceC: 22.740756787158404
Relative Position: LorenzVec{x=20.986141970916762, y=0.0, z=22.740756787158404}
 }
21:10:30 `7b4suo030j`184 missed {
 is already Found: false).
 Position: LorenzVec{x=35.5, y=201.93125, z=-148.5}
 DistanceC: 23.97463905477457
Relative Position: LorenzVec{x=18.000987876455447, y=1.4312500000000057, z=-23.97463905477457}
 }
21:11:36 `0vh9jue2r0`163 missed {
 is already Found: false).
 Position: LorenzVec{x=84.0, y=224.0, z=-118.0}
 DistanceC: 17.5
Relative Position: LorenzVec{x=17.5, y=0.0, z=8.5}
 }
21:13:46 `d7b032j7y9`173 missed {
 is already Found: false).
 Position: LorenzVec{x=-10.5, y=201.0, z=-103.5}
 DistanceC: 23.255441863055616
Relative Position: LorenzVec{x=-23.255441863055616, y=1.0, z=19.70671860412682}
 }
21:13:53 `803158c68f`187 missed {
 is already Found: false).
 Position: LorenzVec{x=33.5, y=201.93125, z=-139.5}
 DistanceC: 20.744558136944384
Relative Position: LorenzVec{x=20.744558136944384, y=1.9312500000000057, z=-16.29328139587318}
 }
21:15:13 `d7b032j7y9`173 missed {
 is already Found: false).
 Position: LorenzVec{x=-10.5, y=201.0, z=-103.5}
 DistanceC: 22.522158568968226
Relative Position: LorenzVec{x=-22.522158568968226, y=1.0, z=16.036588018537884}
 }
21:16:07 `r3tkj83f96`184 missed {
 is already Found: false).
 Position: LorenzVec{x=35.5, y=201.93125, z=-148.5}
 DistanceC: 24.0
Relative Position: LorenzVec{x=-24.0, y=-10.068749999999994, z=-17.0}
 }
21:16:07 `3t203bcr65`185 missed {
 is already Found: false).
 Position: LorenzVec{x=37.5, y=201.93125, z=-150.5}
 DistanceC: 22.0
Relative Position: LorenzVec{x=-22.0, y=-10.068749999999994, z=-19.0}
 }
21:16:08 `j924565idl`168 missed {
 is already Found: false).
 Position: LorenzVec{x=77.5, y=199.0, z=-110.5}
 DistanceC: 21.0
Relative Position: LorenzVec{x=18.0, y=-13.0, z=21.0}
 }
21:16:18 `998e399y0d`163 missed {
 is already Found: false).
 Position: LorenzVec{x=84.0, y=224.0, z=-118.0}
 DistanceC: 4.699999988079071
Relative Position: LorenzVec{x=4.699999988079071, y=0.0, z=2.92181479455553}
 }
21:21:48 `17kv6glcio`549 missed {
 is already Found: false).
 Position: LorenzVec{x=15.5, y=70.0, z=-71.8125}
 DistanceC: 21.352545717684826
Relative Position: LorenzVec{x=21.352545717684826, y=-6.134970081856068, z=13.296063497550136}
 }
21:21:54 `hi2590s8hm`564 missed {
 is already Found: false).
 Position: LorenzVec{x=-29.5, y=57.0, z=-90.5}
 DistanceC: 18.861039187964252
Relative Position: LorenzVec{x=-14.846614455842856, y=-13.0, z=-18.861039187964252}
 }
21:21:56 `pk9th21379`425 missed {
 is already Found: false).
 Position: LorenzVec{x=-36.0, y=73.0, z=-85.5}
 DistanceC: 19.61586945456372
Relative Position: LorenzVec{x=-17.087704479833185, y=2.5, z=-19.61586945456372}
 }
21:22:15 `2vkp9c1co4`426 missed {
 is already Found: false).
 Position: LorenzVec{x=-31.0, y=73.0, z=-95.5}
 DistanceC: 23.14426029804183
Relative Position: LorenzVec{x=-11.826666488983655, y=3.0, z=-23.14426029804183}
 }
21:22:15 `1k4xv570jp`427 missed {
 is already Found: false).
 Position: LorenzVec{x=-36.0, y=73.0, z=-95.5}
 DistanceC: 23.14426029804183
Relative Position: LorenzVec{x=-16.826666488983655, y=3.0, z=-23.14426029804183}
 }
21:22:16 `g6o6r7u4kq`571 missed {
 is already Found: false).
 Position: LorenzVec{x=-6.5, y=55.0, z=-95.5}
 DistanceC: 21.46591396222736
Relative Position: LorenzVec{x=18.33050121725736, y=-15.0, z=-21.46591396222736}
 }
21:24:48 `Slime`389576 missed {
 is already Found: false).
 Position: LorenzVec{x=-540.375, y=34.25, z=-889.03125}
 DistanceC: 0.535961032321211
Relative Position: LorenzVec{x=0.3857121731286952, y=8.740888802364129, z=-0.535961032321211}
 }
21:24:48 `Slime`389577 missed {
 is already Found: false).
 Position: LorenzVec{x=-541.6875, y=34.25, z=-887.78125}
 DistanceC: 0.9267878268713048
Relative Position: LorenzVec{x=-0.9267878268713048, y=8.740888802364129, z=0.714038967678789}
 }
21:24:48 `Slime`389578 missed {
 is already Found: false).
 Position: LorenzVec{x=-540.15625, y=34.25, z=-887.96875}
 DistanceC: 0.6044621731286952
Relative Position: LorenzVec{x=0.6044621731286952, y=8.740888802364129, z=0.526538967678789}
 }
21:24:48 `Slime`389579 missed {
 is already Found: false).
 Position: LorenzVec{x=-540.40625, y=34.25, z=-887.53125}
 DistanceC: 0.964038967678789
Relative Position: LorenzVec{x=0.3544621731286952, y=8.740888802364129, z=0.964038967678789}
 }
21:24:48 `Slime`389580 missed {
 is already Found: false).
 Position: LorenzVec{x=-539.65625, y=34.25, z=-889.59375}
 DistanceC: 1.1044621731286952
Relative Position: LorenzVec{x=1.1044621731286952, y=8.740888802364129, z=-1.098461032321211}
 }
21:24:48 `Slime`389581 missed {
 is already Found: false).
 Position: LorenzVec{x=-540.03125, y=34.25, z=-889.1875}
 DistanceC: 0.7294621731286952
Relative Position: LorenzVec{x=0.7294621731286952, y=8.740888802364129, z=-0.692211032321211}
 }
21:25:31 `Slime`391838 missed {
 is already Found: false).
 Position: LorenzVec{x=-538.4895833333333, y=36.71875, z=-886.9375}
 DistanceC: 19.65663888950189
Relative Position: LorenzVec{x=-19.65663888950189, y=-9.416220081856103, z=-1.3164796234286769}
 }
21:25:31 `Slime`391842 missed {
 is already Found: false).
 Position: LorenzVec{x=-539.9375, y=36.8125, z=-886.78125}
 DistanceC: 21.499263504655232
Relative Position: LorenzVec{x=-21.499263504655232, y=-9.27897078965254, z=-1.1816785282718456}
 }
21:30:19 `4w93su48j2`97 missed {
 is already Found: false).
 Position: LorenzVec{x=-131.5, y=101.0, z=-753.5}
 DistanceC: 10.784327264305219
Relative Position: LorenzVec{x=-10.784327264305219, y=9.0, z=1.7635205731799033}
 }
21:30:19 `b83uojml7i`98 missed {
 is already Found: false).
 Position: LorenzVec{x=-131.5, y=101.0, z=-755.5}
 DistanceC: 10.784327264305219
Relative Position: LorenzVec{x=-10.784327264305219, y=9.0, z=-0.2364794268200967}
 }
21:30:19 `6q153v36v2`121 missed {
 is already Found: false).
 Position: LorenzVec{x=-117.5, y=105.0, z=-754.5}
 DistanceC: 3.215672735694781
Relative Position: LorenzVec{x=3.215672735694781, y=13.0, z=0.7635205731799033}
 }
21:30:46 `Slime`414481 missed {
 is already Found: false).
 Position: LorenzVec{x=-180.5, y=109.0, z=-859.5}
 DistanceC: 5.023761086424656
Relative Position: LorenzVec{x=-4.405881665534423, y=4.0, z=-5.023761086424656}
 }
21:31:22 `Slime`10739318 missed {
 is already Found: false).
 Position: LorenzVec{x=8.78125, y=70.0, z=5.5}
 DistanceC: 17.994488847612132
Relative Position: LorenzVec{x=-0.7091622050858106, y=-30.739922333401864, z=-17.994488847612132}
 }
21:35:01 `Slime`10780081 missed {
 is already Found: false).
 Position: LorenzVec{x=8.75, y=70.0, z=6.21875}
 DistanceC: 16.619590339058547
Relative Position: LorenzVec{x=16.619590339058547, y=-30.0, z=0.5419411585461491}
 }
21:36:32 `Slime`10807040 missed {
 is already Found: false).
 Position: LorenzVec{x=7.375, y=70.0, z=5.78125}
 DistanceC: 15.796313011977585
Relative Position: LorenzVec{x=9.688610485180682, y=-30.0, z=-15.796313011977585}
 }
21:36:43 `Ghast`10812444 missed {
 is already Found: false).
 Position: LorenzVec{x=8.5, y=72.0, z=5.5}
 DistanceC: 16.077563011977585
Relative Position: LorenzVec{x=10.813610485180682, y=-28.0, z=-16.077563011977585}
 }
21:37:36 `Villager`375 missed {
 is already Found: false).
 Position: LorenzVec{x=-36.0, y=68.0, z=-39.0}
 DistanceC: 22.39109394457938
Relative Position: LorenzVec{x=-21.967415645459624, y=-2.0, z=22.39109394457938}
 }
21:37:38 `7u2k7tn61i`425 missed {
 is already Found: false).
 Position: LorenzVec{x=-36.0, y=73.0, z=-85.5}
 DistanceC: 23.987405408044623
Relative Position: LorenzVec{x=-22.802886677586287, y=3.0, z=-23.987405408044623}
 }
21:37:41 `Villager`371 missed {
 is already Found: false).
 Position: LorenzVec{x=10.5, y=70.0, z=-41.5}
 DistanceC: 23.697113322413713
Relative Position: LorenzVec{x=23.697113322413713, y=0.0, z=20.012594591955377}
 }
21:39:00 `t1z22161ds`547 missed {
 is already Found: false).
 Position: LorenzVec{x=23.0, y=71.0, z=-69.0}
 DistanceC: 23.964525192625374
Relative Position: LorenzVec{x=23.964525192625374, y=1.0, z=-14.365787598953041}
 }
21:39:00 `vo43ht4r85`548 missed {
 is already Found: false).
 Position: LorenzVec{x=23.0, y=77.0, z=-69.5}
 DistanceC: 23.964525192625374
Relative Position: LorenzVec{x=23.964525192625374, y=7.0, z=-14.865787598953041}
 }
21:39:16 `st66h3ek10`2929 missed {
 is already Found: false).
 Position: LorenzVec{x=-7.5, y=70.0, z=-92.5}
 DistanceC: 22.790230114590962
Relative Position: LorenzVec{x=-22.790230114590962, y=0.0, z=-20.80000001192093}
 }
21:39:17 `my2hz6s059`332 missed {
 is already Found: false).
 Position: LorenzVec{x=31.5, y=70.0, z=-94.5}
 DistanceC: 22.80000001192093
Relative Position: LorenzVec{x=16.209769885409038, y=0.0, z=-22.80000001192093}
 }
21:39:17 `90198n645s`333 missed {
 is already Found: false).
 Position: LorenzVec{x=38.5, y=70.0, z=-88.5}
 DistanceC: 23.209769885409038
Relative Position: LorenzVec{x=23.209769885409038, y=0.0, z=-16.80000001192093}
 }
21:39:18 `n124073l45`571 missed {
 is already Found: false).
 Position: LorenzVec{x=-6.5, y=55.0, z=-95.5}
 DistanceC: 23.80000001192093
Relative Position: LorenzVec{x=-21.790230114590962, y=-15.0, z=-23.80000001192093}
 }
21:39:23 `det7pv68di`330 missed {
 is already Found: false).
 Position: LorenzVec{x=34.5, y=71.0, z=-96.5}
 DistanceC: 18.67472648711705
Relative Position: LorenzVec{x=18.67472648711705, y=1.0, z=-17.453758166807347}
 }
21:39:23 `2v3t5bqdp7`329 missed {
 is already Found: false).
 Position: LorenzVec{x=39.5, y=71.0, z=-100.5}
 DistanceC: 23.67472648711705
Relative Position: LorenzVec{x=23.67472648711705, y=1.0, z=-21.453758166807347}
 }
21:39:23 `p590r41n4d`16 missed {
 is already Found: false).
 Position: LorenzVec{x=-3.5, y=72.0, z=-101.5}
 DistanceC: 22.453758166807347
Relative Position: LorenzVec{x=-19.32527351288295, y=2.0, z=-22.453758166807347}
 }
21:39:23 `u3co8fe653`331 missed {
 is already Found: false).
 Position: LorenzVec{x=31.5, y=71.0, z=-101.5}
 DistanceC: 22.453758166807347
Relative Position: LorenzVec{x=15.674726487117049, y=1.0, z=-22.453758166807347}
 }
21:39:25 `n124073l45`571 missed {
 is already Found: false).
 Position: LorenzVec{x=-6.5, y=55.0, z=-95.5}
 DistanceC: 22.32527351288295
Relative Position: LorenzVec{x=-22.32527351288295, y=-15.0, z=-16.453758166807347}
 }
21:39:53 `Villager`359 missed {
 is already Found: false).
 Position: LorenzVec{x=-25.6875, y=68.0, z=-103.09375}
 DistanceC: 17.121454480223605
Relative Position: LorenzVec{x=16.508469592887245, y=-18.625, z=-17.121454480223605}
 }
21:39:53 `y29nl78ke9`339 missed {
 is already Found: false).
 Position: LorenzVec{x=-49.5, y=70.0, z=-67.5}
 DistanceC: 18.472295519776395
Relative Position: LorenzVec{x=-7.304030407112755, y=-16.625, z=18.472295519776395}
 }
21:39:53 `1u7be2lvv2`340 missed {
 is already Found: false).
 Position: LorenzVec{x=-41.5, y=70.0, z=-64.5}
 DistanceC: 21.472295519776395
Relative Position: LorenzVec{x=0.6959695928872449, y=-16.625, z=21.472295519776395}
 }
21:40:23 `Villager`363 missed {
 is already Found: false).
 Position: LorenzVec{x=-16.5, y=70.0, z=-81.5}
 DistanceC: 21.931831194266323
Relative Position: LorenzVec{x=21.931831194266323, y=-24.091470789652504, z=8.199999988079071}
 }
21:40:23 `Villager`255 missed {
 is already Found: false).
 Position: LorenzVec{x=-35.5, y=69.0, z=-112.5}
 DistanceC: 22.80000001192093
Relative Position: LorenzVec{x=2.931831194266323, y=-24.970441480937453, z=-22.80000001192093}
 }
21:40:42 `Villager`359 missed {
 is already Found: false).
 Position: LorenzVec{x=-25.6875, y=68.0, z=-103.09375}
 DistanceC: 22.305902542181713
Relative Position: LorenzVec{x=22.305902542181713, y=-19.0, z=-15.700651660968305}
 }
21:40:43 `y29nl78ke9`339 missed {
 is already Found: false).
 Position: LorenzVec{x=-49.5, y=70.0, z=-67.5}
 DistanceC: 19.893098339031695
Relative Position: LorenzVec{x=-1.5065974578182875, y=-17.0, z=19.893098339031695}
 }
21:40:43 `1u7be2lvv2`340 missed {
 is already Found: false).
 Position: LorenzVec{x=-41.5, y=70.0, z=-64.5}
 DistanceC: 22.893098339031695
Relative Position: LorenzVec{x=6.4934025421817125, y=-17.0, z=22.893098339031695}
 }
21:42:05 `p590r41n4d`16 missed {
 is already Found: false).
 Position: LorenzVec{x=-3.5, y=72.0, z=-101.5}
 DistanceC: 19.977673881633052
Relative Position: LorenzVec{x=19.977673881633052, y=-14.0, z=-16.725701251742095}
 }
21:42:05 `1u7be2lvv2`340 missed {
 is already Found: false).
 Position: LorenzVec{x=-41.5, y=70.0, z=-64.5}
 DistanceC: 20.274298748257905
Relative Position: LorenzVec{x=-18.022326118366948, y=-16.0, z=20.274298748257905}
 }
21:42:05 `264y0hi74f`352 missed {
 is already Found: false).
 Position: LorenzVec{x=-10.0, y=70.0, z=-67.0}
 DistanceC: 17.774298748257905
Relative Position: LorenzVec{x=13.477673881633052, y=-16.0, z=17.774298748257905}
 }
21:42:05 `bf63hpev3f`423 missed {
 is already Found: false).
 Position: LorenzVec{x=-46.5, y=73.0, z=-90.5}
 DistanceC: 23.022326118366948
Relative Position: LorenzVec{x=-23.022326118366948, y=-13.0, z=-5.725701251742095}
 }
21:42:29 `u3co8fe653`331 missed {
 is already Found: false).
 Position: LorenzVec{x=31.5, y=71.0, z=-101.5}
 DistanceC: 23.389260009253462
Relative Position: LorenzVec{x=7.468540438908633, y=-0.6382227274985866, z=-23.389260009253462}
 }
21:44:28 `b46ycfu1y2`426 missed {
 is already Found: false).
 Position: LorenzVec{x=-31.0, y=73.0, z=-95.5}
 DistanceC: 19.33232223435823
Relative Position: LorenzVec{x=-19.33232223435823, y=3.0, z=-17.42110703926069}
 }
21:44:29 `Villager`369 missed {
 is already Found: false).
 Position: LorenzVec{x=-0.5, y=70.0, z=-54.5}
 DistanceC: 23.57889296073931
Relative Position: LorenzVec{x=11.16767776564177, y=0.0, z=23.57889296073931}
 }
21:46:07 `7jh8ksiwc5`251 missed {
 is already Found: false).
 Position: LorenzVec{x=-18.5, y=71.0, z=16.5}
 DistanceC: 21.714923782390702
Relative Position: LorenzVec{x=18.094377965665174, y=-11.5, z=21.714923782390702}
 }
21:46:07 `711liu461b`378 missed {
 is already Found: false).
 Position: LorenzVec{x=-59.5, y=89.0, z=-16.5}
 DistanceC: 22.905622034334826
Relative Position: LorenzVec{x=-22.905622034334826, y=6.5, z=-11.285076217609298}
 }
21:46:10 `0eozzb4mu8`258 missed {
 is already Found: false).
 Position: LorenzVec{x=-52.0, y=65.0, z=-29.0}
 DistanceC: 23.785076217609298
Relative Position: LorenzVec{x=-15.405622034334826, y=-17.5, z=-23.785076217609298}
 }
