17:03:42 `fd5we729o9`213 missed {
 is already Found: false).
 Position: LorenzVec{x=-22.5, y=151.0, z=-79.5}
 DistanceC: 21.28573833456391
Relative Position: LorenzVec{x=-13.628418692220425, y=2.0, z=-21.28573833456391}
 }
17:20:49 `895bbm3829`162 missed {
 is already Found: false).
 Position: LorenzVec{x=-6.5, y=145.0, z=-18.5}
 DistanceC: 23.80000001192093
Relative Position: LorenzVec{x=8.491888857645883, y=-7.0, z=23.80000001192093}
 }
17:38:52 `§bSam `97926 missed {
 is already Found: false).
 Position: LorenzVec{x=9.5, y=107.5, z=7.5}
 DistanceC: 6.430465027616769
Relative Position: LorenzVec{x=6.430465027616769, y=42.48721044441501, z=0.8429398631177296}
 }
17:38:53 `§7Villager`97557 missed {
 is already Found: false).
 Position: LorenzVec{x=5.5, y=107.5, z=7.5}
 DistanceC: 1.0847912006988274
Relative Position: LorenzVec{x=0.800000011920929, y=44.4375, z=1.0847912006988274}
 }
17:39:10 `i07b099glm`562 missed {
 is already Found: false).
 Position: LorenzVec{x=-29.5, y=57.0, z=-90.5}
 DistanceC: 19.19970866146967
Relative Position: LorenzVec{x=-12.015369160298448, y=-13.0, z=-19.19970866146967}
 }
17:39:33 `s3947fifkn`215 missed {
 is already Found: false).
 Position: LorenzVec{x=23.5, y=151.0, z=-87.5}
 DistanceC: 23.476307290557045
Relative Position: LorenzVec{x=10.429700593380218, y=2.0, z=-23.476307290557045}
 }
17:53:51 `970c3gzyg8`162 missed {
 is already Found: false).
 Position: LorenzVec{x=-6.5, y=145.0, z=-18.5}
 DistanceC: 23.064617136576608
Relative Position: LorenzVec{x=-14.568556173454839, y=-4.5, z=23.064617136576608}
 }
17:54:17 `qt9r970k7f`222 missed {
 is already Found: false).
 Position: LorenzVec{x=0.5, y=145.0, z=23.5}
 DistanceC: 22.922399701584133
Relative Position: LorenzVec{x=-21.43346258048948, y=1.0, z=22.922399701584133}
 }
17:54:20 `06551c6z03`178 missed {
 is already Found: false).
 Position: LorenzVec{x=42.5, y=134.5, z=22.5}
 DistanceC: 21.922399701584133
Relative Position: LorenzVec{x=20.56653741951052, y=-9.5, z=21.922399701584133}
 }
18:02:25 `Ghast`6443548 missed {
 is already Found: false).
 Position: LorenzVec{x=30.674932325700187, y=86.30831362644834, z=20.435904166823665}
 DistanceC: 21.239407556448118
Relative Position: LorenzVec{x=4.595743278812016, y=39.08134752496259, z=-21.239407556448118}
 }
18:13:49 `Ghast`6585702 missed {
 is already Found: false).
 Position: LorenzVec{x=17.486657663532192, y=81.45448682778036, z=23.69249667517933}
 DistanceC: 17.21334232454688
Relative Position: LorenzVec{x=-17.21334232454688, y=49.45448682778036, z=-13.50750331289974}
 }
18:14:50 `Ghast`6590357 missed {
 is already Found: false).
 Position: LorenzVec{x=13.984451570501315, y=37.81273935541751, z=16.688998803580194}
 DistanceC: 20.715548417577757
Relative Position: LorenzVec{x=-20.715548417577757, y=5.812739355417513, z=-20.511001184498877}
 }
18:15:40 `Ghast`6595121 missed {
 is already Found: false).
 Position: LorenzVec{x=17.575721525870758, y=76.63048616281623, z=29.27027767436756}
 DistanceC: 17.124278462208313
Relative Position: LorenzVec{x=-17.124278462208313, y=44.630486162816226, z=-7.929722313711512}
 }
18:18:08 `Ghast`6608971 missed {
 is already Found: false).
 Position: LorenzVec{x=14.761972692656922, y=65.60168985578473, z=18.56606478723962}
 DistanceC: 19.93802729542215
Relative Position: LorenzVec{x=-19.93802729542215, y=33.60168985578473, z=-18.633935200839453}
 }
18:24:47 `Ghast`6650019 missed {
 is already Found: false).
 Position: LorenzVec{x=16.637243322114745, y=85.76961340076136, z=41.134595670632024}
 DistanceC: 18.062756665964326
Relative Position: LorenzVec{x=-18.062756665964326, y=53.76961340076136, z=4.334595658711095}
 }
18:34:28 `Ghast`6699960 missed {
 is already Found: false).
 Position: LorenzVec{x=40.84696458717594, y=69.89428273050127, z=19.768104998408955}
 DistanceC: 17.031895013511974
Relative Position: LorenzVec{x=6.146964599096869, y=37.894282730501274, z=-17.031895013511974}
 }
18:40:08 `Ghast`6717581 missed {
 is already Found: false).
 Position: LorenzVec{x=24.03259769277994, y=66.93867206478042, z=16.641946051779655}
 DistanceC: 20.158053960141274
Relative Position: LorenzVec{x=-10.66740229529913, y=34.93867206478042, z=-20.158053960141274}
 }
18:44:05 `§7Villager`6425953 missed {
 is already Found: false).
 Position: LorenzVec{x=5.5, y=107.5, z=7.5}
 DistanceC: 19.04293237113926
Relative Position: LorenzVec{x=19.04293237113926, y=26.781452813893253, z=-1.4757792095194837}
 }
18:44:05 `§bSam `6426191 missed {
 is already Found: false).
 Position: LorenzVec{x=9.5, y=107.5, z=7.5}
 DistanceC: 23.04293237113926
Relative Position: LorenzVec{x=23.04293237113926, y=26.781452813893253, z=-1.4757792095194837}
 }
18:44:26 `88r34y003b`253 missed {
 is already Found: false).
 Position: LorenzVec{x=-74.0, y=65.0, z=-50.0}
 DistanceC: 23.260941038798634
Relative Position: LorenzVec{x=-23.260941038798634, y=-6.0, z=-20.69999998807907}
 }
18:51:11 `772710v7so`253 missed {
 is already Found: false).
 Position: LorenzVec{x=-74.0, y=65.0, z=-50.0}
 DistanceC: 23.117648187762583
Relative Position: LorenzVec{x=-23.117648187762583, y=-6.0, z=-20.699999988079067}
 }
18:56:26 `n9mdns1479`324 missed {
 is already Found: false).
 Position: LorenzVec{x=31.5, y=70.0, z=-94.5}
 DistanceC: 22.69308645406109
Relative Position: LorenzVec{x=16.514913428405503, y=0.0, z=-22.69308645406109}
 }
18:56:27 `rp99s3g30i`325 missed {
 is already Found: false).
 Position: LorenzVec{x=38.5, y=70.0, z=-88.5}
 DistanceC: 23.514913428405503
Relative Position: LorenzVec{x=23.514913428405503, y=0.0, z=-16.69308645406109}
 }
18:57:52 `Ghast`2219948 missed {
 is already Found: false).
 Position: LorenzVec{x=24.30208692560062, y=77.34871159741616, z=19.273573588670555}
 DistanceC: 17.526426423250374
Relative Position: LorenzVec{x=-10.397913062478452, y=45.348711597416155, z=-17.526426423250374}
 }
19:04:51 `§bSam `2218252 missed {
 is already Found: false).
 Position: LorenzVec{x=9.5, y=107.5, z=7.5}
 DistanceC: 23.442251270517914
Relative Position: LorenzVec{x=-23.442251270517914, y=97.7250020630319, z=-18.670640273693927}
 }
19:05:01 `§7Villager`2218115 missed {
 is already Found: false).
 Position: LorenzVec{x=5.5, y=107.5, z=7.5}
 DistanceC: 5.176446610646549
Relative Position: LorenzVec{x=-4.581748470263134, y=41.884183257002974, z=-5.176446610646549}
 }
19:05:57 `Slime`2232653 missed {
 is already Found: false).
 Position: LorenzVec{x=7.90625, y=55.0, z=8.8125}
 DistanceC: 6.843758960483342
Relative Position: LorenzVec{x=1.3285891379091446, y=-45.0, z=-6.843758960483342}
 }
19:07:03 `luj2n9698w`2218123 missed {
 is already Found: false).
 Position: LorenzVec{x=37.0, y=100.0, z=34.0}
 DistanceC: 23.119925074553528
Relative Position: LorenzVec{x=23.119925074553528, y=13.687840283645144, z=-19.658521480936926}
 }
19:10:11 `yz154p1692`326 missed {
 is already Found: false).
 Position: LorenzVec{x=15.5, y=72.0, z=-21.5}
 DistanceC: 22.59178341663946
Relative Position: LorenzVec{x=16.051570656134544, y=-5.0, z=22.59178341663946}
 }
