[00:00:38] [Client thread/INFO]: [CHAT] A Golden Goblin has spawned!
[00:00:41] [Client thread/INFO]: [CHAT] You received 200 ? Mithril Powder from killing a Golden Goblin!
[00:00:41] [Client thread/INFO]: [CHAT]   +2 Gold Essence
[00:00:58] [Client thread/INFO]: [CHAT] ROYAL MINES MITHRIL Commission Complete! Visit the King to claim your rewards!
[00:01:00] [Client thread/INFO]: [CHAT]  ? Bubbll3s was killed by Glacite Walker.
[00:01:03] [Client thread/INFO]: [CHAT] §e[SkyHanni] You have gained §b7 §eBits.
[00:01:11] [Client thread/INFO]: [CHAT] Mining Speed Boost is now available!
[00:01:21] [Client thread/INFO]: [CHAT] COMPACT! You found an Enchanted Mithril!
[00:01:23] [Client thread/INFO]: [CHAT] You used your Mining Speed Boost Pickaxe Ability!
[00:01:43] [Client thread/INFO]: [CHAT] Your Mining Speed Boost has expired!
[00:01:57] [Client thread/INFO]: [CHAT]  ? Bubbll3s was killed by Glacite Walker.§7 (2)
[00:02:24] [Client thread/INFO]: [CHAT] The sound of pickaxes clashing against the rock has attracted the attention of the POWDER GHAST!
[00:02:24] [Client thread/INFO]: [CHAT] Find the Powder Ghast near the Cliffside Veins!
[00:02:29] [Client thread/INFO]: [CHAT] RAMPART'S QUARRY TITANIUM Commission Complete! Visit the King to claim your rewards!
[00:02:33] [Client thread/INFO]: [CHAT] §e[SkyHanni] You have gained §b7 §eBits.
[00:02:37] [Client thread/INFO]: [CHAT] There are blocks in the way!
[00:02:39] [Client thread/INFO]: [CHAT] This ability is on cooldown for 44s.
[00:02:49] [Client thread/INFO]: [CHAT] [Important] This server will restart soon: Scheduled Reboot
[00:02:49] [Client thread/INFO]: [CHAT] §eYou have §a60 seconds §eto warp out! §a§l§nCLICK§e to warp now!
[00:02:53] [Client thread/INFO]: [CHAT] COMPACT! You found an Enchanted Mithril!
[00:03:03] [Client thread/INFO]: [CHAT] COMPACT! You found an Enchanted Mithril!§7 (2)
[00:03:24] [Client thread/INFO]: [CHAT] Mining Speed Boost is now available!
[00:03:47] [Client thread/INFO]: [CHAT] Evacuating to Hub...
[00:03:47] [Client thread/INFO]: [CHAT]  §9§l» §7GoldenAle7 §eis traveling to §aHub §e§lFOLLOW
[00:03:52] [Client thread/INFO]: [CHAT]  §9§l» §7GoldenAle7 §eis traveling to §aDwarven Mines §e§lFOLLOW
[00:03:58] [Client thread/INFO]: [CHAT] ? This server has not been restarted for §c31+ ingame days!
[00:04:00] [Client thread/INFO]: [CHAT] -----------------------------
[00:04:00] [Client thread/INFO]: [CHAT] SkyBlock Party Warp (1 player)
[00:04:00] [Client thread/INFO]: [CHAT] ? GoldenAle7 warped to your server
[00:04:00] [Client thread/INFO]: [CHAT] -----------------------------
[00:04:04] [Client thread/INFO]: [CHAT]  §6? §eThe §6Raffle §eevent starts in §a20 §eseconds!
 §aClick here §eto teleport to §bGarry §eand prepare!
[00:04:17] [Client thread/INFO]: [CHAT] There are blocks in the way!
[00:04:17] [Client thread/INFO]: [CHAT] There are blocks in the way!§7 (2)
[00:04:21] [Client thread/INFO]: [CHAT] This ability is on cooldown for 33s.
[00:04:24] [Client thread/INFO]: [CHAT] ????????????????????????????????????????????????????????????????
[00:04:24] [Client thread/INFO]: [CHAT]                             RAFFLE STARTED!
[00:04:24] [Client thread/INFO]: [CHAT]                              Active Mining Event
[00:04:24] [Client thread/INFO]: [CHAT]               Bring tickets from the ground to the box!
[00:04:24] [Client thread/INFO]: [CHAT]                     3 lucky players win 3x rewards!
[00:04:24] [Client thread/INFO]: [CHAT]             More tickets = more chances & more rewards!
[00:04:24] [Client thread/INFO]: [CHAT]                  Go to Royal Palace (or talk to Garry)
[00:04:24] [Client thread/INFO]: [CHAT] ????????????????????????????????????????????????????????????????
[00:04:28] [Thread-129/ERROR]: Error in class 'SourceLWJGL OpenAL'
[00:04:28] [Thread-129/ERROR]: Channel null in method 'stop'
[00:04:28] [Thread-129/ERROR]: Error in class 'SourceLWJGL OpenAL'
[00:04:28] [Thread-129/ERROR]: Channel null in method 'stop'
[00:04:32] [Thread-129/ERROR]: Error in class 'SourceLWJGL OpenAL'
[00:04:32] [Thread-129/ERROR]: Channel null in method 'stop'
[00:04:38] [Client thread/INFO]: [CHAT] TITANIUM MINER Commission Complete! Visit the King to claim your rewards!
[00:04:45] [Client thread/INFO]: [CHAT] §e[SkyHanni] You have gained §b7 §eBits.
[00:04:47] [Client thread/INFO]: [CHAT] There are blocks in the way!§7 (3)
[00:04:55] [Client thread/INFO]: [CHAT] Mining Speed Boost is now available!
[00:04:58] [Client thread/INFO]: [CHAT] There are blocks in the way!§7 (4)
[00:04:58] [Client thread/INFO]: [CHAT] There are blocks in the way!§7 (5)
[00:05:07] [Client thread/INFO]: [CHAT] There are blocks in the way!§7 (6)
[00:05:09] [Thread-129/ERROR]: Error in class 'SourceLWJGL OpenAL'
[00:05:09] [Thread-129/ERROR]: Channel null in method 'stop'
[00:05:13] [Client thread/INFO]: [CHAT]  ? william100905 was killed by Ghost.
[00:05:13] [Thread-129/ERROR]: Error in class 'SourceLWJGL OpenAL'
[00:05:13] [Thread-129/ERROR]: Channel null in method 'stop'
[00:05:17] [Thread-129/ERROR]: Error in class 'SourceLWJGL OpenAL'
[00:05:17] [Thread-129/ERROR]: Channel null in method 'stop'
[00:05:18] [Client thread/INFO]: [CHAT] §e[NPC] §eDalbrek§f: §fHave you heard of the §5Cult of the Fallen Star§f?
[00:05:20] [Client thread/INFO]: [CHAT] §e[NPC] §eDalbrek§f: §fI've never seen any members myself but I heard they were growing in numbers.
[00:05:21] [Thread-129/ERROR]: Error in class 'SourceLWJGL OpenAL'
[00:05:21] [Thread-129/ERROR]: Channel null in method 'stop'
[00:05:21] [Client thread/INFO]: [CHAT] There are blocks in the way!§7 (7)
[00:05:21] [Client thread/INFO]: [CHAT] §e[NPC] §eDalbrek§f: §fNot sure what the point of their cult is, but it worries me a bit.
[00:05:23] [Client thread/INFO]: [CHAT] §e[NPC] §eDalbrek§f: §fThey sometimes show up near the §5Fallen Star §fat night, as far as I know.
[00:05:30] [Client thread/INFO]: [CHAT] There are blocks in the way!§7 (8)
[00:05:30] [Client thread/INFO]: [CHAT] There are blocks in the way!§7 (9)
[00:05:32] [Client thread/INFO]: [CHAT] There are blocks in the way!§7 (10)
[00:05:34] [Client thread/INFO]: [CHAT] There are blocks in the way!§7 (11)
[00:05:35] [Client thread/INFO]: [CHAT] There are blocks in the way!§7 (12)
[00:05:40] [Client thread/INFO]: [CHAT]  ? Elpandagamer81 was killed by Glacite Walker.
[00:05:53] [Thread-129/ERROR]: Error in class 'SourceLWJGL OpenAL'
[00:05:53] [Thread-129/ERROR]: Channel null in method 'stop'
[00:05:54] [Client thread/INFO]: [CHAT] There are blocks in the way!§7 (13)
[00:05:55] [Client thread/INFO]: [CHAT] You registered 94 tickets in the raffle event!
[00:06:14] [Client thread/INFO]: [CHAT] There are blocks in the way!§7 (14)
[00:06:14] [Client thread/INFO]: [CHAT] There are blocks in the way!§7 (15)
[00:06:17] [Client thread/INFO]: [CHAT] There are blocks in the way!§7 (16)
[00:06:38] [Client thread/INFO]: [CHAT] You registered 52 tickets in the raffle event!
[00:06:44] [Client thread/INFO]: [CHAT] You registered 8 tickets in the raffle event!
[00:06:46] [Thread-129/ERROR]: Error in class 'SourceLWJGL OpenAL'
[00:06:46] [Thread-129/ERROR]: Channel null in method 'stop'
[00:06:46] [Client thread/INFO]: [CHAT] There are blocks in the way!§7 (17)
[00:06:48] [Client thread/INFO]: [CHAT] There are blocks in the way!§7 (18)
[00:06:49] [Client thread/INFO]: [CHAT] There are blocks in the way!§7 (19)
[00:06:49] [Client thread/INFO]: [CHAT] You registered 6 tickets in the raffle event!
[00:06:50] [Thread-129/ERROR]: Error in class 'SourceLWJGL OpenAL'
[00:06:50] [Thread-129/ERROR]: Channel null in method 'stop'
[00:06:56] [Client thread/INFO]: [CHAT]  ? william100905 was killed by Ghost.
[00:06:56] [Client thread/INFO]: [CHAT] RAFFLE CLOSING! in 10 seconds
[00:07:05] [Client thread/INFO]: [CHAT] You registered 16 tickets in the raffle event!
[00:07:08] [Client thread/INFO]: [CHAT] There are blocks in the way!§7 (20)
[00:07:10] [Client thread/INFO]: [CHAT] You registered 4 tickets in the raffle event!
[00:07:16] [Client thread/INFO]: [CHAT] §e[SkyHanni] You have gained §b350 §eBits.
[00:07:24] [Client thread/INFO]: [CHAT] [133] ? §b[MVP§c+§b] LvckyShisha§f: GG
[00:07:27] [Client thread/INFO]: [CHAT] ????????????????????????????????????????????????????????????????
[00:07:27] [Client thread/INFO]: [CHAT]                               RAFFLE ENDED!
[00:07:27] [Client thread/INFO]: [CHAT]                              Active Mining Event
[00:07:27] [Client thread/INFO]: [CHAT]                                 Lucky winners
[00:07:27] [Client thread/INFO]: [CHAT]                               [MVP+] Sebbebas
[00:07:27] [Client thread/INFO]: [CHAT]                               [MVP+] KeyGone_
[00:07:27] [Client thread/INFO]: [CHAT]                                    daczlajt
[00:07:27] [Client thread/INFO]: [CHAT]             NICE! Players pooled a total of 1,766 tickets!
[00:07:27] [Client thread/INFO]: [CHAT]              COOL! You personally collected 180 tickets!
[00:07:27] [Client thread/INFO]: [CHAT]                         +48,000 Mining Experience
[00:07:27] [Client thread/INFO]: [CHAT]                                +240 HOTM Exp
[00:07:27] [Client thread/INFO]: [CHAT]                            +3,000 Mithril Powder
[00:07:27] [Client thread/INFO]: [CHAT]                                    +42 Bits
[00:07:27] [Client thread/INFO]: [CHAT] ????????????????????????????????????????????????????????????????
[00:07:27] [Client thread/INFO]: [CHAT] §e[SkyHanni] §b+1 SkyBlock XP §7(HOTM Progression§7)§b (64/100)
[00:07:27] [Client thread/INFO]: [CHAT] §e[SkyHanni] You have gained §b42 §eBits.
[00:07:41] [Client thread/INFO]: [CHAT] [16] §7Swiftxyz§7: what is mithril power
[00:07:54] [Client thread/INFO]: [CHAT] You used your Mining Speed Boost Pickaxe Ability!
[00:08:09] [Client thread/INFO]: [CHAT] COMPACT! You found an Enchanted Mithril!
[00:08:14] [Client thread/INFO]: [CHAT] Your Mining Speed Boost has expired!
[00:08:38] [Client thread/INFO]: [CHAT] CLIFFSIDE VEINS MITHRIL Commission Complete! Visit the King to claim your rewards!
[00:08:42] [Client thread/INFO]: [CHAT] §e[SkyHanni] You have gained §b7 §eBits.
[00:08:57] [Client thread/INFO]: [CHAT] +5 Kill Combo +3? Magic Find
[00:09:00] [Client thread/INFO]: [CHAT] The Goblin was carrying a bag of coins! +8,998 Coins!
[00:09:00] [Client thread/INFO]: [CHAT] RARE DROP! Goblin Egg (+180% ? Magic Find)
[00:09:03] [Client thread/INFO]: [CHAT] +10 Kill Combo +10 coins per kill
[00:09:05] [Client thread/INFO]: [CHAT] RARE DROP! Goblin Chestplate (+180% ? Magic Find)
[00:09:06] [Client thread/INFO]: [CHAT] +15 Kill Combo +3? Magic Find
[00:09:12] [Client thread/INFO]: [CHAT] Your Kill Combo has expired! You reached a 18 Kill Combo!
[00:09:12] [Client thread/INFO]: [CHAT] You summoned your Bal!
[00:09:13] [Client thread/INFO]: [CHAT] RARE DROP! Goblin Boots (+175% ? Magic Find)
[00:09:13] [Client thread/INFO]: [CHAT] The Goblin was carrying a bag of coins! +3,431 Coins!
[00:09:14] [Client thread/INFO]: [CHAT] +5 Kill Combo +3? Magic Find§7 (2)
[00:09:18] [Client thread/INFO]: [CHAT] +10 Kill Combo +10 coins per kill§7 (2)
[00:09:26] [Client thread/INFO]: [CHAT] +15 Kill Combo +3? Magic Find§7 (2)
[00:09:27] [Client thread/INFO]: [CHAT] RARE DROP! Goblin Egg (+185% ? Magic Find)
[00:09:28] [Client thread/INFO]: [CHAT] +20 Kill Combo +15? Combat Wisdom
[00:09:31] [Client thread/INFO]: [CHAT] +25 Kill Combo +3? Magic Find
[00:09:37] [Client thread/INFO]: [CHAT] +30 Kill Combo +10 coins per kill
[00:09:37] [Client thread/INFO]: [CHAT] RARE DROP! Goblin Egg (+190% ? Magic Find)
[00:09:39] [Client thread/INFO]: [CHAT] RARE DROP! Goblin Egg (+190% ? Magic Find)§7 (2)
[00:09:53] [Client thread/INFO]: [CHAT] +50 Kill Combo
[00:09:54] [Client thread/INFO]: [CHAT] RARE DROP! Goblin Egg (+190% ? Magic Find)§7 (3)
[00:09:56] [Client thread/INFO]: [CHAT] Mining Speed Boost is now available!
[00:09:56] [Client thread/INFO]: [CHAT] RARE DROP! Goblin Egg (+190% ? Magic Find)§7 (4)
[00:10:00] [Client thread/INFO]: [CHAT] RARE DROP! Goblin Egg (+190% ? Magic Find)§7 (5)
[00:10:05] [Client thread/INFO]: [CHAT] RARE DROP! Goblin Egg (+190% ? Magic Find)§7 (6)
[00:10:05] [Client thread/INFO]: [CHAT] The Goblin was carrying a bag of coins! +4,048 Coins!
[00:10:07] [Client thread/INFO]: [CHAT] RARE DROP! Goblin Helmet (+190% ? Magic Find)
[00:10:12] [Client thread/INFO]: [CHAT] +75 Kill Combo
[00:10:13] [Client thread/INFO]: [CHAT] The Goblin was carrying a bag of coins! +1,602 Coins!
[00:10:15] [Client thread/INFO]: [CHAT] GOBLIN SLAYER Commission Complete! Visit the King to claim your rewards!
[00:10:23] [Client thread/INFO]: [CHAT] Your Kill Combo has expired! You reached a 89 Kill Combo!
[00:10:27] [Client thread/INFO]: [CHAT] You summoned your Mithril Golem!
[00:10:28] [Client thread/INFO]: [CHAT] The sound of pickaxes clashing against the rock has attracted the attention of the POWDER GHAST!
[00:10:28] [Client thread/INFO]: [CHAT] Find the Powder Ghast near the Cliffside Veins!
[00:10:29] [Client thread/INFO]: [CHAT] You sold Goblin Boots x1 for 1,500 Coins!
[00:10:29] [Client thread/INFO]: [CHAT] You sold Goblin Helmet x1 for 1,500 Coins!
[00:10:30] [Client thread/INFO]: [CHAT] You sold Goblin Chestplate x1 for 1,500 Coins!
[00:10:30] [Client thread/INFO]: [CHAT] You sold Goblin Egg x12 for 5,052 Coins!
[00:10:30] [Client thread/INFO]: [CHAT] You sold Salmon Opal x1 for 2,000 Coins!
[00:10:31] [Client thread/INFO]: [CHAT] You sold Salmon Opal x1 for 2,000 Coins!§7 (2)
[00:10:35] [Client thread/INFO]: [CHAT] [Bazaar] Executing instant sell...
[00:10:35] [Client thread/INFO]: [CHAT] [Bazaar] Sold 45x Mithril for 625.5 coins!
[00:10:37] [Client thread/INFO]: [CHAT] Guild > GoldenAle7 left.
[00:10:37] [Client thread/INFO]: [CHAT] -----------------------------------------------------
[00:10:37] [Client thread/INFO]: [CHAT] GoldenAle7 has disconnected, they have 5 minutes to rejoin before they are removed from the party.
[00:10:37] [Client thread/INFO]: [CHAT] -----------------------------------------------------
[00:10:37] [Client thread/INFO]: [CHAT] [Bazaar] Putting goods in escrow...
[00:10:37] [Client thread/INFO]: [CHAT] [Bazaar] Submitting sell offer...
[00:10:37] [Client thread/INFO]: [CHAT] [Bazaar] Sell Offer Setup! 241x Enchanted Mithril for 642,998 coins.
[00:10:47] [Client thread/INFO]: [CHAT] §e[SkyHanni] You have gained §b7 §eBits.
[00:11:06] [Client thread/INFO]: [CHAT] +5 Kill Combo +3? Magic Find
[00:11:10] [Client thread/INFO]: [CHAT] +10 Kill Combo +10 coins per kill
[00:11:10] [Client thread/INFO]: [CHAT] RARE DROP! Glacite Jewel (+176% ? Magic Find)
[00:11:17] [Client thread/INFO]: [CHAT] +15 Kill Combo +3? Magic Find
[00:11:27] [Client thread/INFO]: [CHAT] +20 Kill Combo +15? Combat Wisdom
[00:11:31] [Client thread/INFO]: [CHAT] +25 Kill Combo +3? Magic Find
[00:11:36] [Client thread/INFO]: [CHAT] §6[Bazaar] §eYour §6Sell Offer §efor §a241§7x §9Enchanted Mithril §ewas filled!
[00:11:37] [Client thread/INFO]: [CHAT] +30 Kill Combo +10 coins per kill
[00:12:00] [Client thread/INFO]: [CHAT] +50 Kill Combo
[00:12:00] [Client thread/INFO]: [CHAT] GLACITE WALKER SLAYER Commission Complete! Visit the King to claim your rewards!
[00:12:06] [Client thread/INFO]: [CHAT] Your Kill Combo has expired! You reached a 52 Kill Combo!
[00:12:06] [Client thread/INFO]: [CHAT] There are blocks in the way!
[00:12:08] [Client thread/INFO]: [CHAT] §e[SkyHanni] You have gained §b7 §eBits.
[00:12:15] [Client thread/INFO]: [CHAT] There are blocks in the way!§7 (2)
[00:12:20] [Client thread/INFO]: [CHAT] There are blocks in the way!§7 (3)
[00:12:20] [Client thread/INFO]: [CHAT] There are blocks in the way!§7 (4)
[00:12:21] [Client thread/INFO]: [CHAT] There are blocks in the way!§7 (5)
[00:12:32] [Client thread/INFO]: [CHAT] There are blocks in the way!§7 (6)
[00:12:33] [Client thread/INFO]: [CHAT] There are blocks in the way!§7 (7)
[00:12:49] [Client thread/INFO]: [CHAT] You used your Mining Speed Boost Pickaxe Ability!
[00:13:10] [Client thread/INFO]: [CHAT] Your Mining Speed Boost has expired!
[00:13:53] [Client thread/INFO]: [CHAT] [43] §b[MVP§c+§b] zaskodny§f: how to unlock more ec slots?
[00:14:05] [Client thread/INFO]: [CHAT] [120] ? §7Lannynn§7: elitzabeth
[00:14:16] [Client thread/INFO]: [CHAT] [120] ? §7Lannynn§7: the mayor lady in the lobby
[00:14:32] [Client thread/INFO]: [CHAT] [120] ? §7Lannynn§7: not mayor mb
[00:14:40] [Client thread/INFO]: [CHAT] Your Mithril Golem leveled up to level 86!
[00:14:41] [Client thread/INFO]: [CHAT] LAVA SPRINGS TITANIUM Commission Complete! Visit the King to claim your rewards!
[00:14:43] [Client thread/INFO]: [CHAT] [43] §b[MVP§c+§b] zaskodny§f: aight
[00:14:44] [Client thread/INFO]: [CHAT] [43] §b[MVP§c+§b] zaskodny§f: thanks
[00:14:45] [Client thread/INFO]: [CHAT] §e[SkyHanni] You have gained §b7 §eBits.
[00:14:50] [Client thread/INFO]: [CHAT] [120] ? §7Lannynn§7: np
[00:14:51] [Client thread/INFO]: [CHAT] Mining Speed Boost is now available!
[00:14:59] [Client thread/INFO]: [CHAT] +5 Kill Combo +3? Magic Find
[00:15:03] [Client thread/INFO]: [CHAT] New day! Your Sky Mall buff changed!
[00:15:03] [Client thread/INFO]: [CHAT] New buff: Gain +100 ? Mining Speed.
[00:15:04] [Client thread/INFO]: [CHAT] +10 Kill Combo +10 coins per kill
[00:15:09] [Client thread/INFO]: [CHAT] +15 Kill Combo +3? Magic Find
[00:15:16] [Client thread/INFO]: [CHAT] +20 Kill Combo +15? Combat Wisdom
[00:15:16] [Client thread/INFO]: [CHAT] RARE DROP! Glacite Jewel (+181% ? Magic Find)
[00:15:21] [Client thread/INFO]: [CHAT] +25 Kill Combo +3? Magic Find
[00:15:25] [Client thread/INFO]: [CHAT] Your Kill Combo has expired! You reached a 25 Kill Combo!
[00:15:29] [Client thread/INFO]: [CHAT] +5 Kill Combo +3? Magic Find§7 (2)
[00:15:32] [Client thread/INFO]: [CHAT] +10 Kill Combo +10 coins per kill§7 (2)
[00:15:36] [Client thread/INFO]: [CHAT] +15 Kill Combo +3? Magic Find§7 (2)
[00:15:37] [Client thread/INFO]: [CHAT] -----------------------------------------------------
[00:15:37] [Client thread/INFO]: [CHAT] The party was disbanded because all invites expired and the party was empty.
[00:15:37] [Client thread/INFO]: [CHAT] -----------------------------------------------------
[00:15:37] [Client thread/INFO]: [CHAT] -----------------------------------------------------
[00:15:37] [Client thread/INFO]: [CHAT] GoldenAle7 was removed from your party because they disconnected.
[00:15:37] [Client thread/INFO]: [CHAT] -----------------------------------------------------
[00:15:42] [Client thread/ERROR]: Signature is missing from textures payload
[00:15:45] [Client thread/INFO]: [CHAT] Your Kill Combo has expired! You reached a 18 Kill Combo!
[00:15:49] [Client thread/INFO]: [CHAT] +5 Kill Combo +3? Magic Find§7 (3)
[00:15:51] [Client thread/INFO]: [CHAT] GLACITE WALKER SLAYER Commission Complete! Visit the King to claim your rewards!
[00:15:55] [Client thread/INFO]: [CHAT] There are blocks in the way!
[00:15:57] [Client thread/INFO]: [CHAT] §e[SkyHanni] You have gained §b7 §eBits.
[00:15:59] [Client thread/INFO]: [CHAT] Your Kill Combo has expired! You reached a 7 Kill Combo!
[00:16:11] [Client thread/INFO]: [CHAT] You used your Mining Speed Boost Pickaxe Ability!
[00:16:31] [Client thread/INFO]: [CHAT] Your Mining Speed Boost has expired!
[00:16:45] [Client thread/INFO]: [CHAT] [101] ? §a[VIP§6+§a] _Master_Lee_§f: Sebbebas can you help me get 4 tita ?
[00:16:49] [Client thread/INFO]: [CHAT]  ? Alexvardini2 was killed by Glacite Walker.
[00:16:51] [Client thread/INFO]: [CHAT] [221] ? §b[MVP§e+§b] Sebbebas§f: ok
[00:16:57] [Client thread/INFO]: [CHAT] COMPACT! You found an Enchanted Mithril!
[00:17:14] [Client thread/INFO]: [CHAT] [101] ? §a[VIP§6+§a] _Master_Lee_§f: thanks
[00:17:16] [Client thread/INFO]: [CHAT] [221] ? §b[MVP§e+§b] Sebbebas§f: np
[00:18:12] [Client thread/INFO]: [CHAT] Mining Speed Boost is now available!
[00:18:20] [Client thread/INFO]: [CHAT] CLIFFSIDE VEINS TITANIUM Commission Complete! Visit the King to claim your rewards!
[00:18:23] [Client thread/INFO]: [CHAT] There are blocks in the way!
[00:18:25] [Client thread/INFO]: [CHAT] §e[SkyHanni] You have gained §b7 §eBits.
[00:18:36] [Client thread/INFO]: [CHAT] You summoned your Bal!
[00:18:42] [Client thread/INFO]: [CHAT] +5 Kill Combo +3? Magic Find
[00:18:44] [Client thread/INFO]: [CHAT]  ? Alexvardini2 was killed by Glacite Walker.
[00:18:45] [Client thread/INFO]: [CHAT] +10 Kill Combo +10 coins per kill
[00:18:49] [Client thread/INFO]: [CHAT] +15 Kill Combo +3? Magic Find
[00:18:56] [Client thread/INFO]: [CHAT] +20 Kill Combo +15? Combat Wisdom
[00:19:03] [Client thread/INFO]: [CHAT] +25 Kill Combo +3? Magic Find
[00:19:07] [Client thread/INFO]: [CHAT] Your Kill Combo has expired! You reached a 28 Kill Combo!
[00:19:11] [Client thread/INFO]: [CHAT] +5 Kill Combo +3? Magic Find§7 (2)
[00:19:15] [Client thread/INFO]: [CHAT] +10 Kill Combo +10 coins per kill§7 (2)
[00:19:21] [Client thread/INFO]: [CHAT] +15 Kill Combo +3? Magic Find§7 (2)
[00:19:23] [Client thread/INFO]: [CHAT] +20 Kill Combo +15? Combat Wisdom§7 (2)
[00:19:24] [Client thread/INFO]: [CHAT] RARE DROP! Goblin Egg (+185% ? Magic Find)
[00:19:27] [Client thread/INFO]: [CHAT] RARE DROP! Goblin Leggings (+185% ? Magic Find)
[00:19:27] [Client thread/INFO]: [CHAT] +25 Kill Combo +3? Magic Find§7 (2)
[00:19:29] [Client thread/INFO]: [CHAT] +30 Kill Combo +10 coins per kill
[00:19:32] [Client thread/INFO]: [CHAT] You sold Goblin Leggings x1 for 1,500 Coins!
[00:19:32] [Client thread/INFO]: [CHAT] You sold ? Snow Rune I x1 for 1 Coin!
[00:19:32] [Client thread/INFO]: [CHAT] Your Kill Combo has expired! You reached a 32 Kill Combo!
[00:19:33] [Client thread/INFO]: [CHAT] You sold Goblin Egg x2 for 842 Coins!
[00:19:40] [Client thread/INFO]: [CHAT] +5 Kill Combo +3? Magic Find§7 (3)
[00:19:42] [Client thread/INFO]: [CHAT] The Goblin was carrying a bag of coins! +6,415 Coins!
[00:19:42] [Client thread/INFO]: [CHAT] +10 Kill Combo +10 coins per kill§7 (3)
[00:19:42] [Client thread/INFO]: [CHAT] RARE DROP! Goblin Egg (+180% ? Magic Find)
[00:19:45] [Client thread/INFO]: [CHAT] +15 Kill Combo +3? Magic Find§7 (3)
[00:19:49] [Client thread/INFO]: [CHAT] +20 Kill Combo +15? Combat Wisdom§7 (3)
[00:19:51] [Client thread/INFO]: [CHAT] +25 Kill Combo +3? Magic Find§7 (3)
[00:19:52] [Client thread/INFO]: [CHAT] +30 Kill Combo +10 coins per kill§7 (2)
[00:19:55] [Client thread/INFO]: [CHAT] Your Kill Combo has expired! You reached a 30 Kill Combo!
[00:20:03] [Client thread/INFO]: [CHAT] +5 Kill Combo +3? Magic Find§7 (4)
[00:20:09] [Client thread/INFO]: [CHAT] +10 Kill Combo +10 coins per kill§7 (4)
[00:20:09] [Client thread/INFO]: [CHAT] GOBLIN SLAYER Commission Complete! Visit the King to claim your rewards!
[00:20:14] [Client thread/INFO]: [CHAT]  ? olmnjoor was killed by Glacite Walker.
[00:20:16] [Client thread/INFO]: [CHAT] You summoned your Mithril Golem!
[00:20:17] [Client thread/INFO]: [CHAT] Your Kill Combo has expired! You reached a 11 Kill Combo!
[00:20:18] [Client thread/INFO]: [CHAT] There are blocks in the way!
[00:20:18] [Client thread/INFO]: [CHAT] There are blocks in the way!§7 (2)
[00:20:18] [Client thread/INFO]: [CHAT] There are blocks in the way!§7 (3)
[00:20:23] [Client thread/INFO]: [CHAT] ? A Fallen Star has crashed at Rampart's Quarry! Nearby ore and Powder drops are amplified!
[00:20:24] [Client thread/INFO]: [CHAT] §e[SkyHanni] You have gained §b7 §eBits.
[00:20:29] [Client thread/INFO]: [CHAT] There are blocks in the way!§7 (4)
[00:20:29] [Client thread/INFO]: [CHAT] There are blocks in the way!§7 (5)
[00:20:29] [Client thread/INFO]: [CHAT] There are blocks in the way!§7 (6)
[00:20:30] [Client thread/INFO]: [CHAT] There are blocks in the way!§7 (7)
[00:20:32] [Client thread/INFO]: [CHAT] There are blocks in the way!§7 (8)
[00:20:33] [Client thread/INFO]: [CHAT] There are blocks in the way!§7 (9)
[00:20:33] [Client thread/INFO]: [CHAT] There are blocks in the way!§7 (10)
[00:20:46] [Client thread/INFO]: [CHAT] Couldn't warp you! Try again later. (PLAYER_TRANSFER_COOLDOWN)
[00:21:07] [Client thread/INFO]: [CHAT] This ability is on cooldown for 42s.
[00:21:23] [Client thread/INFO]: [CHAT] This ability is on cooldown for 26s.
[00:21:49] [Client thread/INFO]: [CHAT] Mining Speed Boost is now available!
[00:22:55] [Client thread/INFO]: [CHAT] RAMPART'S QUARRY MITHRIL Commission Complete! Visit the King to claim your rewards!
[00:22:59] [Client thread/INFO]: [CHAT] §e[SkyHanni] You have gained §b7 §eBits.
[00:23:06] [Client thread/INFO]: [CHAT] You used your Mining Speed Boost Pickaxe Ability!
[00:23:26] [Client thread/INFO]: [CHAT] Your Mining Speed Boost has expired!
[00:23:48] [Client thread/INFO]: [CHAT] You sold Goblin Egg x1 for 421 Coins!
[00:23:49] [Client thread/INFO]: [CHAT] You sold Glacite Jewel x2 for 4,000 Coins!
[00:23:50] [Client thread/INFO]: [CHAT] You bought back Glacite Jewel x2 for 4,000 Coins!
[00:23:54] [Client thread/INFO]: [CHAT] [Bazaar] Putting goods in escrow...
[00:23:54] [Client thread/INFO]: [CHAT] [Bazaar] Submitting sell offer...
[00:23:54] [Client thread/INFO]: [CHAT] [Bazaar] Sell Offer Setup! 2x Glacite Jewel for 194,096 coins.
[00:24:06] [Client thread/INFO]: [CHAT] There are blocks in the way!
[00:24:26] [Client thread/INFO]: [CHAT]  §d? §eThe §dBetter Together §eevent starts in §a20 §eseconds!
 §eThis is a passive event! §bIt's happening everywhere in the §bDwarven Mines!
[00:24:46] [Client thread/INFO]: [CHAT] ????????????????????????????????????????????????????????????????
[00:24:46] [Client thread/INFO]: [CHAT]                     BETTER TOGETHER STARTED!
[00:24:46] [Client thread/INFO]: [CHAT]                            Passive Active Event
[00:24:46] [Client thread/INFO]: [CHAT]      The Better Together festival is underway! Dwarves love
[00:24:46] [Client thread/INFO]: [CHAT]    working together, and this event celebrates friendship and
[00:24:46] [Client thread/INFO]: [CHAT]                              jolly cooperation.
[00:24:46] [Client thread/INFO]: [CHAT] ????????????????????????????????????????????????????????????????
[00:24:46] [Client thread/INFO]: [CHAT] You can hear cooperative chattering coming from town…
[00:24:46] [Client thread/INFO]: [CHAT] The Better Together festival is active for 20 minutes!
[00:24:49] [Client thread/INFO]: [CHAT] There are blocks in the way!§7 (2)
[00:24:50] [Client thread/INFO]: [CHAT] This ability is on cooldown for 17s.
[00:25:02] [Client thread/INFO]: [CHAT] UPPER MINES MITHRIL Commission Complete! Visit the King to claim your rewards!
[00:25:02] [Client thread/INFO]: [CHAT] ????????????????????????????????????????????????????????????????
[00:25:02] [Client thread/INFO]: [CHAT]   §9§lCOMMISSION MILESTONE §bTIER V
[00:25:02] [Client thread/INFO]: [CHAT]   REWARDS
[00:25:02] [Client thread/INFO]: [CHAT]     §7§6Royal Pigeon
[00:25:02] [Client thread/INFO]: [CHAT]     §7§8+§31,600,000 §7Mining Experience
[00:25:02] [Client thread/INFO]: [CHAT]     §7§8+§b50 SkyBlock XP
[00:25:02] [Client thread/INFO]: [CHAT] ????????????????????????????????????????????????????????????????
[00:25:07] [Client thread/INFO]: [CHAT] Mining Speed Boost is now available!
[00:25:10] [Client thread/INFO]: [CHAT] [221] ? §b[MVP§e+§b] Sebbebas§f: commission milestone tier v
[00:25:16] [Client thread/INFO]: [CHAT] §e[SkyHanni] You have gained §b7 §eBits.
[00:25:20] [Client thread/INFO]: [CHAT] Your Mithril Golem leveled up to level 92!
[00:25:20] [Client thread/INFO]: [CHAT] ????????????????????????????????????????????????????????????????
[00:25:20] [Client thread/INFO]: [CHAT]   §b§lSKILL LEVEL UP §3Mining §8XLVIII?§3XLIX
[00:25:20] [Client thread/INFO]: [CHAT]   REWARDS§7 (2)
[00:25:20] [Client thread/INFO]: [CHAT]    §eSpelunker XLIX
[00:25:20] [Client thread/INFO]: [CHAT]      §7§fGrants §a+§8192?§a196§f §6? Mining Fortune§f, which increases your
[00:25:20] [Client thread/INFO]: [CHAT]      §fchance for multiple ore drops.
[00:25:20] [Client thread/INFO]: [CHAT]    §7§8+§a2 §a? Defense
[00:25:20] [Client thread/INFO]: [CHAT]    §7§8+§61,000,000 §7Coins
[00:25:20] [Client thread/INFO]: [CHAT]    §7§8+§b20 SkyBlock XP
[00:25:20] [Client thread/INFO]: [CHAT] ????????????????????????????????????????????????????????????????
[00:25:20] [Client thread/INFO]: [CHAT] §e[SkyHanni] §b+50 SkyBlock XP §7(Commission Milestone§7)§b (35/100)
[00:25:21] [Client thread/INFO]: [CHAT] You claimed a Royal Pigeon!
[00:25:21] [Client thread/INFO]: [CHAT]                           SKYBLOCK LEVEL UP
[00:25:21] [Client thread/INFO]: [CHAT]                              Level 221 ? [222]
[00:25:21] [Client thread/INFO]: [CHAT]                                   REWARDS
[00:25:21] [Client thread/INFO]: [CHAT]                                  +5 ? Health
[00:25:33] [SkyblockAddons - #4/INFO]: [SkyblockAddons/PersistentValuesManager] Saving persistent values
[00:25:33] [SkyblockAddons - #4/INFO]: [SkyblockAddons/PersistentValuesManager] Persistent Values Saved
[00:25:46] [Client thread/INFO]: [CHAT] The sound of pickaxes clashing against the rock has attracted the attention of the POWDER GHAST!
[00:25:46] [Client thread/INFO]: [CHAT] Find the Powder Ghast near the Divan's Gateway!
[00:25:54] [SkyblockAddons - #4/INFO]: [SkyblockAddons/ConfigValues] Saving config
[00:25:54] [SkyblockAddons - #4/INFO]: [SkyblockAddons/ConfigValues] Config saved
[00:26:19] [Client thread/INFO]: [CHAT] Unknown command. Type "/help" for help. ('itemprotect')
[00:26:25] [Client thread/INFO]: [CHAT] §a§lSkytils §8» §aI will now protect your §6Royal Pigeon!
[00:26:36] [Client thread/ERROR]: Signature is missing from textures payload
[00:26:39] [Client thread/INFO]: [CHAT] Depositing coins...
[00:26:39] [Client thread/INFO]: [CHAT] Deposited 1M coins! There's now 386M coins in the account!
[00:26:43] [Client thread/INFO]: [CHAT] [Bazaar] Claiming order...
[00:26:43] [Client thread/INFO]: [CHAT] [Bazaar] Claimed 642,998 coins from selling 241x Enchanted Mithril at 2,698.4 each!
[00:26:44] [Client thread/INFO]: [CHAT] [Bazaar] Cancelling order...
[00:26:44] [Client thread/INFO]: [CHAT] [Bazaar] Cancelled! Refunded 2x Glacite Jewel from cancelling Sell Offer!
[00:26:48] [Client thread/INFO]: [CHAT] [Bazaar] Putting goods in escrow...
[00:26:48] [Client thread/INFO]: [CHAT] [Bazaar] Submitting sell offer...
[00:26:48] [Client thread/INFO]: [CHAT] [Bazaar] Sell Offer Setup! 2x Glacite Jewel for 193,315 coins.
[00:26:53] [Client thread/INFO]: [CHAT] [Bazaar] Putting goods in escrow...§7 (2)
[00:26:53] [Client thread/INFO]: [CHAT] [Bazaar] Submitting sell offer...§7 (2)
[00:26:53] [Client thread/INFO]: [CHAT] [Bazaar] Sell Offer Setup! 56x Enchanted Mithril for 147,722 coins.
[00:26:56] [Client thread/INFO]: [CHAT] You sold Mithril x64 for 512 Coins!
[00:26:56] [Client thread/INFO]: [CHAT] You sold Mithril x2 for 16 Coins!
[00:26:58] [Client thread/INFO]: [CHAT] §6[Bazaar] §eYour §6Sell Offer §efor §a56§7x §9Enchanted Mithril §ewas filled!
[00:27:00] [Client thread/INFO]: [CHAT] Depositing coins...§7 (2)
[00:27:00] [Client thread/INFO]: [CHAT] Deposited 643k coins! There's now 386M coins in the account!
[00:27:13] [Client thread/INFO]: [CHAT] [262] ? §b[MVP§d+§b] Alruba§f: dawg
[00:27:17] [Client thread/INFO]: [CHAT] [262] ? §b[MVP§d+§b] Alruba§f: perfec tyour armor
[00:27:23] [Client thread/INFO]: [CHAT] [262] ? §b[MVP§d+§b] Alruba§f: perf topaz b4 slots
[00:27:24] [Client thread/INFO]: [CHAT] [262] ? §b[MVP§d+§b] Alruba§f: amber slots
[00:27:40] [Client thread/INFO]: [CHAT] [104] §a[VIP] HibachiBeamz§f: im not affording that rn
[00:27:43] [Client thread/INFO]: [CHAT] [262] ? §b[MVP§d+§b] Alruba§f: gm
[00:27:44] [Client thread/INFO]: [CHAT] [262] ? §b[MVP§d+§b] Alruba§f: mh
[00:27:49] [Client thread/INFO]: [CHAT] You used your Mining Speed Boost Pickaxe Ability!
[00:27:58] [Client thread/INFO]: [CHAT] COMPACT! You found an Enchanted Mithril!
[00:28:04] [Client thread/INFO]: [CHAT] [220] ? §b[MVP§5+§b] Lilanen§f: 489k damage for ghost
[00:28:09] [Client thread/INFO]: [CHAT] Your Mining Speed Boost has expired!
[00:28:54] [Client thread/INFO]: [CHAT] §e[SkyHanni] §b+65 SkyBlock XP §7(PotM§7)§b (59/100)
[00:28:56] [Client thread/INFO]: [CHAT]                           SKYBLOCK LEVEL UP
[00:28:56] [Client thread/INFO]: [CHAT]                              Level 221 ? [222]
[00:28:56] [Client thread/INFO]: [CHAT]                                   REWARDS
[00:28:56] [Client thread/INFO]: [CHAT]                                  +5 ? Health
[00:29:41] [Client thread/ERROR]: Signature is missing from textures payload
[00:29:41] [Netty Client IO #1/INFO]: Leaving SkyBlock Dungeon!
[00:29:41] [Netty Client IO #1/INFO]: [SkyblockAddons/NetworkListener] Detected leaving skyblock!
[00:29:41] [Client thread/INFO]: Applying holder lookups
[00:29:41] [Client thread/INFO]: Holder lookups applied
[00:29:42] [Client thread/ERROR]: Signature is missing from textures payload
[00:29:42] [Client thread/INFO]: Stopping!
[00:29:42] [Client thread/INFO]: SoundSystem shutting down...
[00:29:42] [Client thread/WARN]: Author: Paul Lamb, www.paulscode.com
