17:39:32 Trying to load config from config\skyhanni\config.json
17:39:32 load-config-now
17:39:33 Loaded config from file
17:39:33 Trying to load sacks from config\skyhanni\sacks.json
17:39:33 load-sacks-now
17:39:33 Loaded sacks from file
17:39:33 Trying to load friends from config\skyhanni\friends.json
17:39:33 load-friends-now
17:39:33 Loaded friends from file
17:39:33 Trying to load known_features from config\skyhanni\known_features.json
17:39:33 load-known_features-now
17:39:33 Loaded known_features from file
17:39:33 Trying to load jacob_contests from config\skyhanni\jacob_contests.json
17:39:33 load-jacob_contests-now
17:39:33 Loaded jacob_contests from file
17:39:33 Trying to load visual_words from config\skyhanni\visual_words.json
17:39:33 Setting visual_words to be blank as it did not exist. It will be saved once something is written to it
17:39:58 saveConfig: Updated known feature flags
17:39:58 Saving known_features file
17:40:33 saveConfig: auto-save-60s
17:40:33 Saving config file
17:41:33 saveConfig: auto-save-60s
17:41:33 Saving config file
17:42:33 saveConfig: auto-save-60s
17:42:33 Saving config file
17:43:33 saveConfig: auto-save-60s
17:43:33 Saving config file
17:44:33 saveConfig: auto-save-60s
17:44:33 Saving config file
17:45:33 saveConfig: auto-save-60s
17:45:33 Saving config file
17:46:33 saveConfig: auto-save-60s
17:46:33 Saving config file
17:47:33 saveConfig: auto-save-60s
17:47:33 Saving config file
17:48:33 saveConfig: auto-save-60s
17:48:33 Saving config file
17:49:33 saveConfig: auto-save-60s
17:49:33 Saving config file
17:50:33 saveConfig: auto-save-60s
17:50:33 Saving config file
17:51:33 saveConfig: auto-save-60s
17:51:33 Saving config file
17:52:33 saveConfig: auto-save-60s
17:52:33 Saving config file
17:53:33 saveConfig: auto-save-60s
17:53:33 Saving config file
17:54:33 saveConfig: auto-save-60s
17:54:33 Saving config file
17:55:33 saveConfig: auto-save-60s
17:55:33 Saving config file
17:56:33 saveConfig: auto-save-60s
17:56:33 Saving config file
17:57:33 saveConfig: auto-save-60s
17:57:33 Saving config file
17:58:33 saveConfig: auto-save-60s
17:58:33 Saving config file
17:59:33 saveConfig: auto-save-60s
17:59:33 Saving config file
18:00:33 saveConfig: auto-save-60s
18:00:33 Saving config file
18:01:33 saveConfig: auto-save-60s
18:01:33 Saving config file
18:02:33 saveConfig: auto-save-60s
18:02:33 Saving config file
18:03:33 saveConfig: auto-save-60s
18:03:33 Saving config file
18:04:33 saveConfig: auto-save-60s
18:04:33 Saving config file
18:05:33 saveConfig: auto-save-60s
18:05:33 Saving config file
18:06:33 saveConfig: auto-save-60s
18:06:33 Saving config file
18:07:33 saveConfig: auto-save-60s
18:07:33 Saving config file
18:08:33 saveConfig: auto-save-60s
18:08:33 Saving config file
18:09:33 saveConfig: auto-save-60s
18:09:33 Saving config file
18:10:33 saveConfig: auto-save-60s
18:10:33 Saving config file
18:11:33 saveConfig: auto-save-60s
18:11:33 Saving config file
18:12:33 saveConfig: auto-save-60s
18:12:33 Saving config file
18:13:33 saveConfig: auto-save-60s
18:13:33 Saving config file
18:14:33 saveConfig: auto-save-60s
18:14:33 Saving config file
18:15:33 saveConfig: auto-save-60s
18:15:33 Saving config file
18:16:33 saveConfig: auto-save-60s
18:16:33 Saving config file
18:17:33 saveConfig: auto-save-60s
18:17:33 Saving config file
18:18:33 saveConfig: auto-save-60s
18:18:33 Saving config file
18:19:33 saveConfig: auto-save-60s
18:19:33 Saving config file
18:20:33 saveConfig: auto-save-60s
18:20:33 Saving config file
18:21:33 saveConfig: auto-save-60s
18:21:33 Saving config file
18:22:33 saveConfig: auto-save-60s
18:22:33 Saving config file
18:22:51 saveConfig: shutdown-hook
18:22:51 Saving config file
