18:31:03 [EMPTY] §f §r§r§r§f §r§r§r§1 §r§r§r§0 §r§r§r§2 §r§r§r§f §r§r§r§f §r§r§r§2 §r§r§r§0 §r§r§r§4 §r§r§r§3 §r§r§r§9 §r§r§r§2 §r§r§r§0 §r§r§r§0 §r§r§r§3 §r§r§r§9 §r§r§r§2 §r§r§r§0 §r§r§r§0 §r§r§r§3 §r§r§r§9 §r§r§r§2 §r§r§r§0 §r§r§r§0 
18:31:03 [LOBBY] §b✦ §r§7You earned §r§b18 §r§7Mystery Dust!
18:31:03 [allowed] §b§m--------------§r§f  §r§aGuild: Message Of The Day  §r§b§m--------------
18:31:03 [allowed] §b| §r§f[22] [MVP+] Sebbebas Ⓑ: you should give me foraging 50 on my main
18:31:03 [allowed] §b| §r§f[22] [MVP+] Sebbebas Ⓑ: wink wink
18:31:03 [allowed] §b| §r§f[300] [ADMIN] LadyBleu: you almost had iit until you winked
18:31:03 [allowed] §b| §r§f[22] [MVP+] Sebbebas Ⓑ: :(
18:31:03 [allowed] §b| §r§f[300] [ADMIN] LadyBleu: biig mistaake
18:31:03 [allowed] §b§m-----------------------------------------------------
18:31:03 [allowed] §aYou have §b15 §aunclaimed leveling rewards!
18:31:03 [allowed] §eClick here to view them!
18:31:03 [LOBBY] §b[MVP§c+§b] Sans_Funnybone§f §6joined the lobby!
18:31:03 [LOBBY] §b[MVP§c+§b] IW_Sterne§f §6joined the lobby!
18:31:03 [LOBBY] §b[MVP§2+§b] thetinystrider§f §6joined the lobby!
18:31:03 [LOBBY]   §r§f§l➤ §r§6You have reached your Hype limit! Add Hype to Prototype Lobby minigames by right-clicking with the Hype Diamond!
18:31:05 [LOBBY] §b[MVP§0+§b] Allphae§f §6joined the lobby!
18:31:09 [LOBBY] §b[MVP§9+§b] Lagoon_Runtz§f §6joined the lobby!
18:31:10 [LOBBY] §b[MVP§6+§b] Malebu§f §6joined the lobby!
18:31:15 [WARPING] §7Sending to server mini236C...
18:31:16 [EMPTY] §8 §r§8 §r§1 §r§3 §r§3 §r§7 §r§8 
18:31:18 [EMPTY] 
18:31:18 [WELCOME] §eWelcome to §r§aHypixel SkyBlock§r§e!
18:31:18 [EMPTY] 
18:31:18 [allowed] §eLatest update: §bSkyBlock v0.20.6 §e§lCLICK
18:31:19 [PROFILE_JOIN] §aYou are playing on profile: §eApple§b (Co-op)
18:31:21 [PROFILE_JOIN] §8Profile ID: b1a71305-1956-42bf-90e4-bce6f7285754
18:31:23 [WARPING] §7Sending to server mini13CS...
18:31:25 [EMPTY] §8 §r§8 §r§1 §r§3 §r§3 §r§7 §r§8 
18:31:29 [PROFILE_JOIN] §aYou are playing on profile: §eApple§b (Co-op)
18:31:29 [PROFILE_JOIN] §8Profile ID: b1a71305-1956-42bf-90e4-bce6f7285754
18:31:29 [allowed] §cYou are sending commands too fast! Please slow down.
18:31:42 [allowed] §8Withdrawing coins...
18:31:42 [allowed] §aWithdrew §r§64M coins§r§a! There's now §r§6315M coins §r§aleft in the account!
18:31:55 [allowed] §7Placing your bid...
18:31:55 [allowed] §aSuccessfully placed your Stonk bid of §r§62,000,000 Coins§r§a!
18:32:06 [EMPTY] §f §r§r§r§f §r§r§r§1 §r§r§r§0 §r§r§r§2 §r§r§r§f §r§r§r§f §r§r§r§2 §r§r§r§0 §r§r§r§4 §r§r§r§3 §r§r§r§9 §r§r§r§2 §r§r§r§0 §r§r§r§0 §r§r§r§3 §r§r§r§9 §r§r§r§2 §r§r§r§0 §r§r§r§0 §r§r§r§3 §r§r§r§9 §r§r§r§2 §r§r§r§0 §r§r§r§0 
18:32:06 [LOBBY] §b✦ §r§7You earned §r§b12 §r§7Mystery Dust!
18:32:06 [LOBBY] §b[MVP§9+§b] Sebbebas§f §6joined the lobby!
18:32:08 [LOBBY] §b[MVP§6+§b] Noobyse§f §6joined the lobby!
18:32:09 [LOBBY] §b[MVP§3+§b] Dmanskits§f §6joined the lobby!
18:32:13 [LOBBY] §b[MVP§c+§b] Suspectooth1§f §6joined the lobby!
18:32:13 [WARPING] §7Sending to server mini12DN...
18:32:14 [EMPTY] §8 §r§8 §r§1 §r§3 §r§3 §r§7 §r§8 
18:32:18 [EMPTY] 
18:32:18 [WELCOME] §eWelcome to §r§aHypixel SkyBlock§r§e!
18:32:18 [EMPTY] 
18:32:18 [allowed] §eLatest update: §bSkyBlock v0.20.6 §e§lCLICK
18:32:18 [PROFILE_JOIN] §aYou are playing on profile: §eBanana§b (Co-op)
18:32:18 [PROFILE_JOIN] §8Profile ID: b1a71305-1956-42bf-90e4-bce6f7285754
18:32:24 [EMPTY] 
18:32:24 [allowed] §6§k§lA§r §c§lFIRE SALE §r§6§k§lA
§r§c♨ §eSelling an item for a limited time!
§r§c   ♨ §dBlizzard Bal Skin §e(§e2,909 left§e)§c§r
§r§c♨ §a§l[WARP] §eTo Elizabeth in the next §c3d 23h 27m §eto grab yours!
18:32:24 [EMPTY] 
18:32:27 [WARPING] §7Warping...
18:32:27 [WARPING] §7Sending to server mini68DU...
18:32:29 [EMPTY] §8 §r§8 §r§1 §r§3 §r§3 §r§7 §r§8 
18:32:33 [PROFILE_JOIN] §aYou are playing on profile: §eBanana§b (Co-op)
18:32:33 [PROFILE_JOIN] §8Profile ID: b1a71305-1956-42bf-90e4-bce6f7285754
18:32:33 [allowed] §cYou are sending commands too fast! Please slow down.
18:32:49 [allowed] §8Withdrawing coins...
18:32:49 [allowed] §aWithdrew §r§64M coins§r§a! There's now §r§6311M coins §r§aleft in the account!
18:32:54 [allowed] §7Placing your bid...
18:32:54 [allowed] §aSuccessfully placed your Stonk bid of §r§62,000,000 Coins§r§a!
18:33:11 [allowed] §6[Bazaar] §r§7Claiming order...
18:33:11 [allowed] §6[Bazaar] §r§7§r§7Claimed §r§a640§r§7x §r§9Enchanted Mithril §r§7worth §r§61,366,080 coins §r§7bought for §r§62,134.5 §r§7each!
18:33:14 [WARPING] §7Warping...
18:33:14 [WARPING] §7Sending to server mini76BQ...
18:33:15 [EMPTY] §8 §r§8 §r§1 §r§3 §r§3 §r§7 §r§8 
18:33:18 [PROFILE_JOIN] §aYou are playing on profile: §eBanana§b (Co-op)
18:33:18 [PROFILE_JOIN] §8Profile ID: b1a71305-1956-42bf-90e4-bce6f7285754
18:33:19 [allowed] §8[§r§2194§r§8] §r§7HoBoonHow§7§r§7: can prob make 10 mil an hour
18:33:29 [allowed] §8[§r§2194§r§8] §r§7HoBoonHow§7§r§7: the expensive part would be from 13mil to 16 mil
18:33:35 [allowed] §8[§r§b220§r§8] §r§7✿ §r§a[VIP§6+§a] Kialas_§f§r§f: I also soulbounded the melon dicer btw
18:33:43 [allowed] §8[§r§79§r§8] §r§b[MVP§4+§b] HIMSEDI §7♲§f§r§f: gear means melon dicer and aroure
18:33:43 [allowed] §8[§r§b220§r§8] §r§7✿ §r§a[VIP§6+§a] Kialas_§f§r§f: armor isn't yet
18:33:45 [allowed] §8[§r§79§r§8] §r§b[MVP§4+§b] HIMSEDI §7♲§f§r§f: armour
18:33:47 [allowed] §8[§r§b220§r§8] §r§7✿ §r§a[VIP§6+§a] Kialas_§f§r§f: not sure if I do
18:33:53 [allowed] §c§r§eYou need the §r§dCookie Buff §r§eto use this feature!
18:33:53 [allowed] §eObtain a §r§6Booster Cookie §r§efrom the community shop in the hub!
18:34:03 [WARPING] §7Warping...
18:34:03 [WARPING] §7Sending to server mini28BP...
18:34:06 [EMPTY] §8 §r§8 §r§1 §r§3 §r§3 §r§7 §r§8 
18:34:07 [PROFILE_JOIN] §aYou are playing on profile: §eBanana§b (Co-op)
18:34:07 [PROFILE_JOIN] §8Profile ID: b1a71305-1956-42bf-90e4-bce6f7285754
18:34:07 [allowed] §cYou are sending commands too fast! Please slow down.
18:35:01 [allowed] §8Withdrawing coins...
18:35:01 [allowed] §aWithdrew §r§611M coins§r§a! There's now §r§6300M coins §r§aleft in the account!
18:36:55 [allowed] §6[Bazaar] §r§7Executing instant buy...
18:36:55 [allowed] §6[Bazaar] §r§cFailed to process order!
18:36:55 [allowed] §6[Bazaar] §r§cCouldn't match the quoted price!
18:36:55 [allowed] §6[Bazaar] §r§cThe Sell Offers for this item changed too much!
18:36:55 [allowed] §6[Bazaar] §r§cSeems like a volatile market!
18:36:55 [allowed] §7Checking escrow for recent transaction...
18:36:55 [allowed] §eEscrow refunded §r§65,616.9 coins §r§efor §r§bBazaar Instant Buy Submit§r§e!
18:37:02 [allowed] §6[Bazaar] §r§7Executing instant buy...
18:37:02 [allowed] §aYou applied a §r§9Dwarven Treasure §r§ato your §r§5Dwarven Handwarmers§r§a!
18:37:02 [allowed] §6[Bazaar] §r§7Bought §r§a1§r§7x §r§9Dwarven Treasure §r§7for §r§65,999.9 coins§r§7!
18:37:10 [allowed] §6[Bazaar] §r§7Executing instant buy...
18:37:10 [allowed] §aYou applied a §r§6Recombobulator 3000 §r§ato your §r§5Royal Dwarven Handwarmers§r§a!
18:37:10 [allowed] §6[Bazaar] §r§7Bought §r§a1§r§7x §r§6Recombobulator 3000 §r§7for §r§69,261,209 coins§r§7!
18:37:42 [allowed] §6[Bazaar] §r§7Executing instant buy...
18:37:42 [allowed] §aYou applied a §r§9Dwarven Treasure §r§ato your §r§5Glistening Titanium Gauntlet§r§a!
18:37:42 [allowed] §6[Bazaar] §r§7Bought §r§a1§r§7x §r§9Dwarven Treasure §r§7for §r§66,000 coins§r§7!
18:37:45 [allowed] §6[Bazaar] §r§7Executing instant buy...
18:37:45 [allowed] §aYou applied a §r§9Dwarven Treasure §r§ato your §r§5Glistening Titanium Belt§r§a!
18:37:45 [allowed] §6[Bazaar] §r§7Bought §r§a1§r§7x §r§9Dwarven Treasure §r§7for §r§66,000 coins§r§7!
18:37:50 [allowed] §6[Bazaar] §r§7Executing instant buy...
18:37:50 [allowed] §aYou applied a §r§9Dwarven Treasure §r§ato your §r§5Glistening Titanium Cloak§r§a!
18:37:50 [allowed] §6[Bazaar] §r§7Bought §r§a1§r§7x §r§9Dwarven Treasure §r§7for §r§66,000 coins§r§7!
18:37:54 [allowed] §6[Bazaar] §r§7Executing instant buy...
18:37:54 [allowed] §aYou applied a §r§9Dwarven Treasure §r§ato your §r§5Glistening Titanium Necklace§r§a!
18:37:54 [allowed] §6[Bazaar] §r§7Bought §r§a1§r§7x §r§9Dwarven Treasure §r§7for §r§65,999.9 coins§r§7!
18:38:41 [allowed] §8[§r§a132§r§8] §r§7ᛃ §r§a[VIP] TimelessOne343§f§r§f: -270 97 -1,000
18:40:01 [GUILD_EXP] §aYou earned §r§2158 GEXP §r§afrom playing SkyBlock!
18:41:03 [allowed] §8Depositing coins...
18:41:03 [allowed] §aDeposited §r§63M coins§r§a! There's now §r§6303M coins §r§ain the account!
18:41:07 [EMPTY] 
18:41:07 [allowed] §6§k§lA§r §c§lFIRE SALE §r§6§k§lA
§r§c♨ §eSelling an item for a limited time!
§r§c   ♨ §dBlizzard Bal Skin §e(§e2,847 left§e)§c§r
§r§c♨ §a§l[WARP] §eTo Elizabeth in the next §c3d 23h 18m §eto grab yours!
18:41:07 [EMPTY] 
18:41:20 [WARPING] §7Warping...
18:41:20 [WARPING] §7Sending to server mini65K...
18:41:22 [EMPTY] §8 §r§8 §r§1 §r§3 §r§3 §r§7 §r§8 
18:41:24 [PROFILE_JOIN] §aYou are playing on profile: §eBanana§b (Co-op)
18:41:24 [PROFILE_JOIN] §8Profile ID: b1a71305-1956-42bf-90e4-bce6f7285754
18:41:32 [WARPING] §7Warping...
18:41:58 [allowed] §d§lPRISTINE! §r§fYou found §r§aα Flawed Aquamarine Gemstone §r§8x36§r§f!
18:42:01 [allowed] §aThe wind has changed direction!
18:42:03 [allowed] §d§lPRISTINE! §r§fYou found §r§aα Flawed Aquamarine Gemstone §r§8x17§r§f!
18:42:07 [allowed] §d§lPRISTINE! §r§fYou found §r§aα Flawed Aquamarine Gemstone §r§8x18§r§f!
18:42:09 [allowed] §d§lPRISTINE! §r§fYou found §r§aα Flawed Aquamarine Gemstone §r§8x36§r§f!
18:42:17 [allowed] §d§lPRISTINE! §r§fYou found §r§aα Flawed Aquamarine Gemstone §r§8x18§r§f!
18:42:22 [WARPING] §7Warping...
18:42:24 [allowed] §cSlow down!
18:42:31 [allowed] §aThe wind has changed direction!
18:42:53 [WARPING] §7Warping...
18:43:00 [allowed] §cThere are blocks in the way!
18:43:09 [allowed] §aYou used your §r§6Mining Speed Boost §r§aPickaxe Ability!
18:43:12 [allowed] §d§lPRISTINE! §r§fYou found §r§aα Flawed Aquamarine Gemstone §r§8x36§r§f!
18:43:13 [allowed] §d§lPRISTINE! §r§fYou found §r§aα Flawed Aquamarine Gemstone §r§8x17§r§f!
18:43:14 [allowed] §d§lPRISTINE! §r§fYou found §r§aα Flawed Aquamarine Gemstone §r§8x18§r§f!
18:43:15 [allowed] §d§lPRISTINE! §r§fYou found §r§aα Flawed Aquamarine Gemstone §r§8x17§r§f!
18:43:15 [allowed] §a§lAQUAMARINE GEMSTONE COLLECTOR §r§eCommission Complete! Visit the King §r§eto claim your rewards!
18:43:16 [allowed] §d§lPRISTINE! §r§fYou found §r§aα Flawed Aquamarine Gemstone §r§8x17§r§f!
18:43:16 [allowed] §d§lPRISTINE! §r§fYou found §r§aα Flawed Aquamarine Gemstone §r§8x18§r§f!
18:43:19 [allowed] §d§lPRISTINE! §r§fYou found §r§aα Flawed Aquamarine Gemstone §r§8x18§r§f!
18:43:20 [allowed] §d§lPRISTINE! §r§fYou found §r§aα Flawed Aquamarine Gemstone §r§8x18§r§f!
18:43:21 [allowed] §d§lPRISTINE! §r§fYou found §r§aα Flawed Aquamarine Gemstone §r§8x18§r§f!
18:43:22 [allowed] §d§lPRISTINE! §r§fYou found §r§aα Flawed Aquamarine Gemstone §r§8x18§r§f!
18:43:23 [allowed] §cYour Mining Speed Boost has expired!
18:43:28 [WARPING] §7Warping...
18:43:29 [allowed] §6The warmth of the campfire reduced your §r§b❄ Cold §r§6to §r§a0§r§6!
18:43:32 [allowed] §aThe wind has changed direction!
18:43:36 [allowed] §c ☠ §r§7§r§btim1337§r§7 was killed by Treasure Hoarder§r§7§r§7.
18:43:42 [allowed] §cThere are blocks in the way!
18:43:43 [allowed] §cThere are blocks in the way!
18:43:43 [allowed] §cThere are blocks in the way!
18:44:00 [allowed] §d§lPRISTINE! §r§fYou found §r§a☘ Flawed Peridot Gemstone §r§8x17§r§f!
18:44:06 [allowed] §d§lPRISTINE! §r§fYou found §r§a☘ Flawed Peridot Gemstone §r§8x17§r§f!
18:44:08 [allowed] §d§lPRISTINE! §r§fYou found §r§a☘ Flawed Peridot Gemstone §r§8x17§r§f!
18:44:18 [allowed] §d§lPRISTINE! §r§fYou found §r§a☘ Flawed Peridot Gemstone §r§8x17§r§f!
18:44:27 [allowed] §d§lPRISTINE! §r§fYou found §r§a☘ Flawed Peridot Gemstone §r§8x17§r§f!
18:44:29 [allowed] §d§lPRISTINE! §r§fYou found §r§a☘ Flawed Peridot Gemstone §r§8x17§r§f!
18:44:31 [allowed] §c ☠ §r§7§r§7Slemiii§r§7 was killed by Ghost§r§7§r§7.
18:44:33 [allowed] §aThe wind has changed direction!
18:44:33 [allowed] §d§lPRISTINE! §r§fYou found §r§a☘ Flawed Peridot Gemstone §r§8x34§r§f!
18:44:36 [allowed] §d§lPRISTINE! §r§fYou found §r§a☘ Flawed Peridot Gemstone §r§8x17§r§f!
18:44:39 [allowed] §a§lPERIDOT GEMSTONE COLLECTOR §r§eCommission Complete! Visit the King §r§eto claim your rewards!
18:44:43 [allowed] §cThere are blocks in the way!
18:44:46 [allowed] §cThere are blocks in the way!
18:44:55 [allowed] §d§lPRISTINE! §r§fYou found §r§a☘ Flawed Citrine Gemstone §r§8x17§r§f!
18:45:02 [allowed] §d§lPRISTINE! §r§fYou found §r§a☘ Flawed Citrine Gemstone §r§8x18§r§f!
18:45:04 [allowed] §a§r§6Mining Speed Boost §r§ais now available!
18:45:09 [allowed] §d§lPRISTINE! §r§fYou found §r§a☘ Flawed Citrine Gemstone §r§8x17§r§f!
18:45:14 [allowed] §d§lPRISTINE! §r§fYou found §r§a☘ Flawed Citrine Gemstone §r§8x18§r§f!
18:45:15 [GUILD_EXP] §aYou earned §r§2400 GEXP §r§afrom playing SkyBlock!
18:45:25 [allowed] §d§lPRISTINE! §r§fYou found §r§a☘ Flawed Citrine Gemstone §r§8x17§r§f!
18:45:34 [allowed] §aThe wind has changed direction!
18:45:35 [allowed] §d§lPRISTINE! §r§fYou found §r§a☘ Flawed Citrine Gemstone §r§8x18§r§f!
18:45:37 [allowed] §d§lPRISTINE! §r§fYou found §r§a☘ Flawed Citrine Gemstone §r§8x17§r§f!
18:45:38 [allowed] §8[§r§2196§r§8] §r§6▒ §r§b[MVP§6+§b] TheRestlessSun§f§r§f: BESTIARY Glacite Walker XIII ➡ XIV
18:45:42 [allowed] §d§lPRISTINE! §r§fYou found §r§a☘ Flawed Citrine Gemstone §r§8x18§r§f!
18:45:44 [allowed] §a§lCITRINE GEMSTONE COLLECTOR §r§eCommission Complete! Visit the King §r§eto claim your rewards!
18:45:46 [allowed] §d§lPRISTINE! §r§fYou found §r§a☘ Flawed Citrine Gemstone §r§8x17§r§f!
18:45:53 [allowed] §aYou used your §r§6Mining Speed Boost §r§aPickaxe Ability!
18:45:56 [allowed] §5§lWOW! §r§aYou found a §r§bGlacite Mineshaft §r§aportal!
18:45:56 [allowed] §b§lMINESHAFT! §r§7A Mineshaft portal spawned nearby!
18:46:01 [allowed] §9§lBRRR! §r§bIt's getting really cold in here! But you've got to keep moving...
18:46:04 [allowed] §aThe wind has changed direction!
18:46:08 [allowed] §cYour Mining Speed Boost has expired!
18:46:16 [allowed] §a§lTUNGSTEN COLLECTOR §r§eCommission Complete! Visit the King §r§eto claim your rewards!
18:46:19 [allowed] §aSending to Mineshaft...
18:46:19 [allowed] §8Queuing... (Attempt 1/3)
18:46:19 [allowed] §9§m-----------------------------
§r§b[MVP§r§9+§r§b] Sebbebas§r§f §r§eentered §r§aGlacite Mineshafts§r§e!
§r§9§m-----------------------------
18:46:20 [WARPING] §7Sending to server mini82AK...
18:46:21 [EMPTY] §8 §r§8 §r§1 §r§3 §r§3 §r§7 §r§8 
18:46:21 [allowed] §a§r§6Mining Speed Boost §r§ais now available!
18:46:23 [EMPTY] 
18:46:23 [allowed] §b§lMINESHAFT MODIFIERS!
18:46:23 [allowed] §b§lMAYHEM! §r§7You received a §r§a§r§b❄ Cold Resistance §r§7buff from your §r§aMineshaft Mayhem §r§7perk!
18:46:23 [EMPTY] 
18:46:23 [PROFILE_JOIN] §aYou are playing on profile: §eBanana§b (Co-op)
18:46:24 [PROFILE_JOIN] §8Profile ID: b1a71305-1956-42bf-90e4-bce6f7285754
18:46:24 [allowed] §aYou summoned your §r§6Bat§r§a!
18:46:28 [allowed] §aYou summoned your §r§6Scatha§r§a!
18:46:40 [allowed] §a§l+5 Kill Combo §r§8§r§b+3✯ Magic Find
18:46:47 [allowed] §a§l+10 Kill Combo §r§8+§r§610 §r§7coins per kill
18:46:47 [allowed] §a§lMANIAC SLAYER §r§eCommission Complete! Visit the King §r§eto claim your rewards!
18:46:51 [allowed] §aYou summoned your §r§6Bat§r§a!
18:46:54 [allowed] §aYou summoned your §r§6Scatha§r§a!
18:46:54 [allowed] §cYour Kill Combo has expired! You reached a 13 Kill Combo!
18:47:00 [allowed] §b§lCOMPACT! §r§fYou found an §r§aEnchanted Gold§r§f!
18:47:03 [allowed] §b§lCOMPACT! §r§fYou found an §r§aEnchanted Gold§r§f!
18:47:07 [allowed] §b§lCOMPACT! §r§fYou found an §r§aEnchanted Gold§r§f!
18:47:19 [allowed] §b§lCOMPACT! §r§fYou found an §r§aEnchanted Hard Stone§r§f!
18:47:21 [allowed] §6§lEXCAVATOR! §r§fYou found a §r§9Suspicious Scrap§r§f!
18:47:21 [allowed] §a§lSCRAP COLLECTOR §r§eCommission Complete! Visit the King §r§eto claim your rewards!
18:47:21 [allowed] §b§lCOMPACT! §r§fYou found an §r§aEnchanted Gold§r§f!
18:47:21 [allowed] §7§oThe mineshaft entrance has caved in... it doesn't look like anyone else will be able to get in here.
18:47:25 [allowed] §b§lCOMPACT! §r§fYou found an §r§aEnchanted Gold§r§f!
18:47:26 [allowed] §b§lCOMPACT! §r§fYou found an §r§aEnchanted Hard Stone§r§f!
18:47:34 [allowed] §b§lCOMPACT! §r§fYou found an §r§aEnchanted Hard Stone§r§f!
18:47:57 [allowed] §6§lEXCAVATOR! §r§fYou found a §r§9Suspicious Scrap§r§f!
18:48:46 [allowed] §9§lBRRR! §r§bIt's getting really cold in here! But you've got to keep moving...
18:48:48 [allowed] §b§lCOMPACT! §r§fYou found an §r§aEnchanted Hard Stone§r§f!
18:48:51 [allowed] §b§lCOMPACT! §r§fYou found an §r§aEnchanted Hard Stone§r§f!
18:48:51 [allowed] §b§lBRRR! §r§aIt's getting colder in here...
18:48:57 [allowed] §b§lCOMPACT! §r§fYou found an §r§aEnchanted Gold§r§f!
18:48:58 [allowed] §aYou used your §r§6Mining Speed Boost §r§aPickaxe Ability!
18:49:13 [allowed] §cYour Mining Speed Boost has expired!
18:50:05 [allowed] §b§lCOMPACT! §r§fYou found an §r§aEnchanted Gold§r§f!
18:50:14 [allowed] §b§lCOMPACT! §r§fYou found an §r§aEnchanted Gold§r§f!
18:50:17 [allowed] §b§lCOMPACT! §r§fYou found an §r§aEnchanted Gold§r§f!
18:50:18 [allowed] §6§lEXCAVATOR! §r§fYou found a §r§9Suspicious Scrap§r§f!
18:50:25 [allowed] §b§lCOMPACT! §r§fYou found an §r§aEnchanted Gold§r§f!
18:50:26 [allowed] §6§lEXCAVATOR! §r§fYou found a §r§9Suspicious Scrap§r§f!
18:50:36 [allowed] §b§lCOMPACT! §r§fYou found an §r§aEnchanted Gold§r§f!
18:50:53 [allowed] §9§lBRRR! §r§bIt's so cold that you can barely feel your fingers. Moving is getting difficult...
18:50:53 [allowed] §a§r§6Mining Speed Boost §r§ais now available!
18:51:00 [allowed] §aYou used your §r§6Mining Speed Boost §r§aPickaxe Ability!
18:51:15 [allowed] §cYour Mining Speed Boost has expired!
18:51:21 [GUILD_EXP] §aYou earned §r§2580 GEXP §r§afrom playing SkyBlock!
18:51:22 [allowed] §b§lBRRR! §r§aIt's getting colder in here...
18:51:34 [allowed] §b§lCOMPACT! §r§fYou found an §r§aEnchanted Hard Stone§r§f!
18:52:42 [allowed] §9§lBRRR! §r§bYour movement slows to a crawl as the cold threatens to take over. Time to get out of here...
18:52:44 [allowed] §b§lCOMPACT! §r§fYou found an §r§aEnchanted Gold§r§f!
18:52:46 [allowed] §b§lCOMPACT! §r§fYou found an §r§aEnchanted Gold§r§f!
18:52:51 [allowed] §9Compact VI §r§eon your §r§dAuspicious Titanium Drill DR-X655 §r§ehas been upgraded to §r§9Compact VII§r§e!
18:52:55 [allowed] §a§r§6Mining Speed Boost §r§ais now available!
18:53:02 [allowed] §aYou used your §r§6Mining Speed Boost §r§aPickaxe Ability!
18:53:17 [allowed] §cYour Mining Speed Boost has expired!
18:53:45 [allowed] §9§lBRRR! §r§bYou're freezing! All you can think about is getting out of here to a warm campfire...
18:53:47 [allowed] §b§lCOMPACT! §r§fYou found an §r§aEnchanted Hard Stone§r§f!
18:53:52 [allowed] §b§lBRRR! §r§aIt's getting colder in here...
18:53:57 [allowed] §b§lBYE! §r§aYou got a §r§b+3,910 §r§bGlacite Powder §r§aand §r§5+500 HOTM EXP §r§abonus for leaving a Mineshaft before you died!
18:53:57 [WARPING] §7Sending to server mini1020C...
18:53:57 [EMPTY] §8 §r§8 §r§1 §r§3 §r§3 §r§7 §r§8 
18:54:01 [allowed] §aFriend > §r§bolleg2 §r§ejoined.
18:54:02 [PROFILE_JOIN] §aYou are playing on profile: §eBanana§b (Co-op)
18:54:02 [PROFILE_JOIN] §8Profile ID: b1a71305-1956-42bf-90e4-bce6f7285754
18:54:10 [allowed] §eMaxed the Supercraft to §r§b35x crafts§r§e!
18:54:11 [allowed] §eYou Supercrafted §r§r§r§aEnchanted Hard Stone §r§8x35§r§e!
18:54:17 [allowed] §eMaxed the Supercraft to §r§b126x crafts§r§e!
18:54:17 [allowed] §eYou Supercrafted §r§r§r§aEnchanted Gold §r§8x126§r§e!
18:54:45 [allowed] §aYou summoned your §r§6Bat§r§a!
18:54:49 [allowed] §aYou summoned your §r§6Scatha§r§a!
18:55:02 [WARPING] §7Warping...
18:55:16 [allowed] §cThere are blocks in the way!
18:55:27 [allowed] §7Your Giant's Sword hit §r§c5 §r§7enemies for §r§c27,030 §r§7damage.
18:55:28 [allowed] §a§l+5 Kill Combo §r§8§r§b+3✯ Magic Find
18:55:32 [allowed] §cThere are blocks in the way!
18:55:35 [allowed] §eA nearby §r§bSuperprotectron §r§eis defending this goblin!
18:55:35 [allowed] §eA nearby §r§bSuperprotectron §r§edefends this goblin against ability damage!
18:55:36 [allowed] §eA nearby §r§bSuperprotectron §r§eis defending this goblin!
18:55:38 [allowed] §eA nearby §r§bSuperprotectron §r§eis defending this goblin!
18:55:42 [allowed] §eA nearby §r§bSuperprotectron §r§eis defending this goblin!
18:55:42 [allowed] §eA nearby §r§bSuperprotectron §r§edefends this goblin against ability damage!
18:55:42 [allowed] §eA nearby §r§bSuperprotectron §r§eis defending this goblin!
18:55:42 [allowed] §eA nearby §r§bSuperprotectron §r§eis defending this goblin!
18:55:43 [allowed] §a§l▬▬▬▬▬▬▬▬▬▬▬▬▬▬▬▬▬▬▬▬▬▬▬▬▬▬▬▬▬▬▬▬▬▬▬▬▬▬▬▬▬▬▬▬▬▬▬▬▬▬▬▬▬▬▬▬▬▬▬▬▬▬▬▬
18:55:43 [allowed] §f                          §r§c§lGOBLIN RAID ENDED!
18:55:43 [allowed] §f                                 §r§7Mining Event
18:55:43 [EMPTY] 
18:55:43 [allowed] §f              §r§a§lWOW! §r§fAll §r§c1,000 §r§fgoblins were slain in §r§e02:14§r§f!
18:55:43 [allowed] §f    §r§cYou killed 9/25 goblins required for the personal bonus!
18:55:43 [EMPTY] 
18:55:43 [allowed] §f                                   Rewards
18:55:43 [allowed] §f                        §r§8+§r§310,000 Mining Experience
18:55:43 [allowed] §f                                §r§8+§r§550 HOTM Exp
18:55:43 [allowed] §f                           §r§8+§r§21,632 Mithril Powder
18:55:43 [allowed] §a§l▬▬▬▬▬▬▬▬▬▬▬▬▬▬▬▬▬▬▬▬▬▬▬▬▬▬▬▬▬▬▬▬▬▬▬▬▬▬▬▬▬▬▬▬▬▬▬▬▬▬▬▬▬▬▬▬▬▬▬▬▬▬▬▬
18:55:48 [allowed] §8[§r§b215§r§8] §r§6§lᛝ §r§b[MVP] darkpheonix23910§f§r§f: +Titanium Minecart
18:55:50 [allowed] §cYour Kill Combo has expired! You reached a 9 Kill Combo!
18:56:06 [allowed] §a§l+5 Kill Combo §r§8§r§b+3✯ Magic Find
18:56:12 [allowed] §6§lRARE DROP! §r§9Kaleidoscopic Mineral §r§b(+§r§b133% §r§b✯ Magic Find§r§b)
18:56:21 [allowed] §cYour Kill Combo has expired! You reached a 7 Kill Combo!
18:56:21 [allowed] §7[§bSkyblockAddons§7] §cDrop this item again to confirm!
18:56:23 [allowed] §c ☠ §r§7§r§bMulchMain§r§7 was killed by Treasure Hoarder§r§7§r§7.
18:56:35 [allowed] §9§lCONGRATULATIONS! §r§7Your prehistoric egg hatched into a §r§fCommon Armadillo§r§7!
18:56:37 [allowed] §7[§bSkyblockAddons§7] §cDrop this item again to confirm!
18:56:39 [allowed] §cYou must double tap the drop button to drop this item!
18:56:39 [allowed] §cYou can disable this in the §r§fSettings§r§c in your §r§aSkyBlock Menu§r§c!
18:56:47 [allowed] §8[§r§f68§r§8] §r§b[MVP§c+§b] SingingFlyfish§f§r§f: FINALLY
18:56:56 [allowed] §6The sound of pickaxes clashing against the rock has attracted the attention of the §r§6§lPOWDER GHAST!
18:56:56 [allowed] §eFind the §r§6Powder Ghast§r§e near the §r§bRampart's Quarry§r§e!
18:57:18 [allowed] §8[§r§f68§r§8] §r§b[MVP§c+§b] SingingFlyfish§f§r§f: I got my 5th glacite jewel
18:57:43 [allowed] §8[§r§f68§r§8] §r§b[MVP§c+§b] SingingFlyfish§f§r§f: after 14 armor peices
18:58:04 [allowed] §cThere are blocks in the way!
18:58:05 [allowed] §cThere are blocks in the way!
18:58:06 [allowed] §cThere are blocks in the way!
18:58:07 [allowed] §cThere are blocks in the way!
18:58:09 [allowed] §cThere are blocks in the way!
18:58:09 [GUILD_EXP] §aYou earned §r§2423 GEXP §r§afrom playing SkyBlock!
18:58:09 [allowed] §cThere are blocks in the way!
18:58:10 [allowed] §cThere are blocks in the way!
18:58:11 [allowed] §cThere are blocks in the way!
18:58:11 [allowed] §cThere are blocks in the way!
18:58:12 [allowed] §cThere are blocks in the way!
18:58:13 [allowed] §cThere are blocks in the way!
18:58:14 [allowed] §cThere are blocks in the way!
18:58:14 [allowed] §cThere are blocks in the way!
18:58:14 [allowed] §cThere are blocks in the way!
18:58:14 [allowed] §cThere are blocks in the way!
18:58:14 [allowed] §cThere are blocks in the way!
18:58:17 [allowed] §cThere are blocks in the way!
18:58:17 [allowed] §cThere are blocks in the way!
18:58:17 [allowed] §cThere are blocks in the way!
18:58:17 [allowed] §cThere are blocks in the way!
18:58:17 [allowed] §cThere are blocks in the way!
18:58:18 [allowed] §cThere are blocks in the way!
18:59:14 [allowed] §8[§r§e98§r§8] §r§7▒ §r§a[VIP] Dragonguy1234§f§r§f: sir
18:59:15 [allowed] §8[§r§e98§r§8] §r§7▒ §r§a[VIP] Dragonguy1234§f§r§f: ask
