10:40:32 §b[MVP§f+§b] Sebbebas§f §6joined the lobby!
10:40:33   §r§f§l➤ §r§6You have reached your Hype limit! Add Hype to Prototype Lobby minigames by right-clicking with the Hype Diamond!
10:40:36 §b[MVP§d+§b] Melouiiy§f §6joined the lobby!
10:40:38 §b[MVP§c+§b] IIviveII§f §6joined the lobby!
10:40:38 §b[MVP§a+§b] Ciesol§f §6joined the lobby!
10:40:39 §b[MVP§d+§b] EvieBay_§f §6joined the lobby!
10:40:41 §b[MVP§9+§b] sean20000§f §6joined the lobby!
10:40:42 §b[MVP§c+§b] Apokiloops§f §6joined the lobby!
10:40:42 §b[MVP§c+§b] TheAymeno13§f §6joined the lobby!
10:40:42  §b>§c>§a>§r §r§6[MVP§d++§6] DianasGoodGirl§f §6joined the lobby!§r §a<§c<§b<
10:40:45 §b[MVP§c+§b] 95_fov§f §6joined the lobby!
13:58:50 §b[MVP§f+§b] Sebbebas§f §6joined the lobby!
13:58:51   §r§f§l➤ §r§6You have reached your Hype limit! Add Hype to Prototype Lobby minigames by right-clicking with the Hype Diamond!
13:58:52 §b[MVP§2+§b] CalMWolfs§f §6joined the lobby!
13:58:53 §b[MVP§d+§b] bobbymilo12§f §6joined the lobby!
13:58:56 §b[MVP§a+§b] AlexWarlord1234§f §6joined the lobby!
13:58:56 §b[MVP§2+§b] Smitty_OG§f §6joined the lobby!
13:58:57 §b[MVP§6+§b] SlumyOnTop7§f §6joined the lobby!
13:58:58 §b[MVP§c+§b] avivb26§f §6joined the lobby!
13:58:58 §b[MVP§f+§b] toupie54§f §6joined the lobby!
13:59:04 §b[MVP§c+§b] TheLittleSpeed§f §6joined the lobby!
13:59:04 §b[MVP§d+§b] YuuMinimi§f §6joined the lobby!
13:59:04 §b[MVP§2+§b] Lesherr§f §6joined the lobby!
13:59:08 §b[MVP§2+§b] Ken__Carson§f §6joined the lobby!
13:59:09 §b[MVP§c+§b] aujwdbiuaw§f §6joined the lobby!
13:59:11 §b[MVP§9+§b] Trxilblazer§f §6joined the lobby!
13:59:11 §b[MVP§d+§b] owoToro§f §6joined the lobby!
13:59:12 §b[MVP§c+§b] MarviDash§f §6joined the lobby!
13:59:12 §b[MVP§6+§b] MrPsykoz§f §6joined the lobby!
13:59:13 §b[MVP§2+§b] ImJamesTheCowboy§f §6joined the lobby!
13:59:13 §b[MVP§2+§b] xM_A_Dx§f §6joined the lobby!
13:59:13 §b[MVP§2+§b] aahhhhhhhhhhh§f §6joined the lobby!
13:59:14  §b>§c>§a>§r §r§6[MVP§f++§6] Gurkumber§f §6joined the lobby!§r §a<§c<§b<
13:59:16 §b[MVP§2+§b] FatSnapCat§f §6joined the lobby!
13:59:17 §b[MVP§9+§b] Dee_Unicorn§f §6joined the lobby!
13:59:20 §b[MVP§2+§b] WitheredAway§f §6joined the lobby!
13:59:21 §b[MVP§9+§b] JianBing155§f §6joined the lobby!
13:59:22 §b[MVP§e+§b] Shuter_§f §6joined the lobby!
13:59:23  §b>§c>§a>§r §r§6[MVP§3++§6] ARCADlA§f §6joined the lobby!§r §a<§c<§b<
13:59:24 §b[MVP§c+§b] sharp_turpa§f §6joined the lobby!
13:59:24 §b[MVP§6+§b] T0n1C_§f §6joined the lobby!
13:59:24 §b[MVP§e+§b] TheShadowKingXIV§f §6joined the lobby!
13:59:25 §b[MVP§9+§b] N4OG4§f §6joined the lobby!
13:59:26 §b[MVP§c+§b] Kutka0528§f §6joined the lobby!
13:59:28 §b[MVP§2+§b] Sumisa§f §6joined the lobby!
13:59:29 §b[MVP§2+§b] ttvDevi1boy69§f §6joined the lobby!
13:59:29 §b[MVP§c+§b] CrossFaded§f §6joined the lobby!
13:59:31 §b[MVP§2+§b] KonKonBunBun§f §6joined the lobby!
13:59:33 §b[MVP§f+§b] lolof69000§f §6joined the lobby!
13:59:33 §b[MVP§8+§b] Rift_Prism§f §6joined the lobby!
13:59:34 §b[MVP§c+§b] ender_king5000§f §6joined the lobby!
13:59:37 §b[MVP§c+§b] Hycold§f §6joined the lobby!
13:59:40  §b>§c>§a>§r §r§6[MVP§6++§6] xMarthosx§f §6joined the lobby!§r §a<§c<§b<
13:59:42 §b[MVP§e+§b] GabrielRS52§f §6joined the lobby!
13:59:43 §b[MVP§c+§b] TaT23§f §6joined the lobby!
13:59:44 §b[MVP§3+§b] mafths§f §6joined the lobby!
13:59:45 §b[MVP§9+§b] Sombian§f §6joined the lobby!
13:59:46 §b[MVP§d+§b] SandiBandy§f §6joined the lobby!
13:59:46 §b[MVP§c+§b] Jupiter5280§f §6joined the lobby!
13:59:47 §b[MVP§4+§b] croawl§f §6joined the lobby!
13:59:48 §b[MVP§f+§b] iMarci§f §6joined the lobby!
13:59:49 §b[MVP§2+§b] BigBrainDavee§f §6joined the lobby!
13:59:50 §b[MVP§9+§b] GameRudra§f §6joined the lobby!
13:59:52 §b[MVP§4+§b] Boundless§f §6joined the lobby!
13:59:55 §b[MVP§f+§b] Silberno01§f §6joined the lobby!
13:59:56 §b[MVP§2+§b] Ameno2§f §6joined the lobby!
13:59:57 §b[MVP§2+§b] ICrazyslime33§f §6joined the lobby!
13:59:58 §b[MVP§c+§b] Darkfinst_12§f §6joined the lobby!
13:59:58 §b[MVP§2+§b] Chub24§f §6joined the lobby!
14:00:07 §b[MVP§d+§b] NonoKilla§f §6joined the lobby!
14:00:09 §b[MVP§d+§b] NikiLV§f §6joined the lobby!
14:00:13 §b[MVP§f+§b] Annlex007§f §6joined the lobby!
14:00:15 §b[MVP§d+§b] WookieeClan§f §6joined the lobby!
14:00:16 §b[MVP§c+§b] Sainx_§f §6joined the lobby!
14:00:16 §b[MVP§6+§b] EmyZas§f §6joined the lobby!
14:00:18 §b[MVP§d+§b] AZetscy§f §6joined the lobby!
14:00:18 §b[MVP§9+§b] 6qIQ§f §6joined the lobby!
14:00:19 §b[MVP§9+§b] Gillthunder§f §6joined the lobby!
14:00:23 §b[MVP§6+§b] twitch_xTimHSVx§f §6joined the lobby!
14:00:27 §b[MVP§9+§b] highchiwawa§f §6joined the lobby!
14:00:31 §b[MVP§2+§b] HearMeOut§f §6joined the lobby!
14:00:31 §b[MVP§d+§b] IronWischer§f §6joined the lobby!
14:00:34 §b[MVP§9+§b] Contraa§f §6joined the lobby!
14:00:36 §b[MVP§d+§b] Croakkesphi§f §6joined the lobby!
14:00:43 §b[MVP§f+§b] I_Need_Handle_§f §6joined the lobby!
14:00:47 §b[MVP§c+§b] krimzon1337§f §6joined the lobby!
14:00:50 §b[MVP§c+§b] Elroy2002_nl§f §6joined the lobby!
14:00:56 §b[MVP§5+§b] supernika123§f §6joined the lobby!
14:00:58 §b[MVP§c+§b] Sisuplayer98§f §6joined the lobby!
14:08:43 §b[MVP§f+§b] Sebbebas§f §6joined the lobby!
14:08:44 §b[MVP§d+§b] AZetscy§f §6joined the lobby!
