18:14:05 [EMPTY] §f §r§r§r§f §r§r§r§1 §r§r§r§0 §r§r§r§2 §r§r§r§f §r§r§r§f §r§r§r§2 §r§r§r§0 §r§r§r§4 §r§r§r§3 §r§r§r§9 §r§r§r§2 §r§r§r§0 §r§r§r§0 §r§r§r§3 §r§r§r§9 §r§r§r§2 §r§r§r§0 §r§r§r§0 §r§r§r§3 §r§r§r§9 §r§r§r§2 §r§r§r§0 §r§r§r§0 
18:14:05 [LOBBY] §b[MVP§e+§b] Sebbebas§f §6joined the lobby!
18:14:05 [allowed] §aYou have §b1 §aunclaimed leveling reward!
18:14:05 [allowed] §eClick here to view it!
18:14:05 [allowed] §b§m--------------§r§f  §r§aGuild: Message Of The Day  §r§b§m--------------
18:14:05 [allowed] §b| §r§f[22] [MVP+] Sebbebas Ⓑ: you should give me foraging 50 on my main
18:14:05 [allowed] §b| §r§f[22] [MVP+] Sebbebas Ⓑ: wink wink
18:14:05 [allowed] §b| §r§f[300] [ADMIN] LadyBleu: you almost had iit until you winked
18:14:05 [allowed] §b| §r§f[22] [MVP+] Sebbebas Ⓑ: :(
18:14:05 [allowed] §b| §r§f[300] [ADMIN] LadyBleu: biig mistaake
18:14:05 [allowed] §b§m-----------------------------------------------------
18:14:05 [LOBBY] §b[MVP§a+§b] SaltZeWound§f §6joined the lobby!
18:14:05 [LOBBY] §b[MVP§2+§b] cen8§f §6joined the lobby!
18:14:05 [LOBBY]   §r§f§l➤ §r§6You have reached your Hype limit! Add Hype to Prototype Lobby minigames by right-clicking with the Hype Diamond!
18:14:07 [LOBBY] §b[MVP§3+§b] Dwater_Toad§f §6joined the lobby!
18:14:07 [allowed] §cYou are sending commands too fast! Please slow down.
18:14:08 [LOBBY] §b[MVP§6+§b] __JOHS__§f §6joined the lobby!
18:14:08 [LOBBY] §b[MVP§2+§b] ActualAngel§f §6joined the lobby!
18:14:09 [LOBBY] §b[MVP§4+§b] Brunted§f §6joined the lobby!
18:14:12 [LOBBY] §b[MVP§5+§b] PlasticGerm8702§f §6joined the lobby!
18:14:12 [LOBBY] §b[MVP§6+§b] Megellda§f §6joined the lobby!
18:14:13 [LOBBY] §b[MVP§c+§b] _gogokim_§f §6joined the lobby!
18:14:19 [LOBBY] §b[MVP§4+§b] AmongNine§f §6joined the lobby!
18:14:19 [LOBBY]  §b>§c>§a>§r §r§6[MVP§2++§6] RaeScqthe§f §6joined the lobby!§r §a<§c<§b<
18:14:20 [LOBBY] §b[MVP§c+§b] Enterbter§f §6joined the lobby!
18:14:21 [LOBBY] §b[MVP§c+§b] varioquesto§f §6joined the lobby!
18:14:22 [LOBBY] §b[MVP§c+§b] KingTolen§f §6joined the lobby!
18:14:23 [LOBBY] §b[MVP§c+§b] Law_light§f §6joined the lobby!
18:14:23 [LOBBY] §b[MVP§c+§b] Maxomuch§f §6joined the lobby!
18:14:26 [LOBBY] §b[MVP§3+§b] applq§f §6joined the lobby!
18:14:28 [LOBBY] §b[MVP§2+§b] mossycow5§f §6joined the lobby!
18:14:34 [LOBBY] §b[MVP§0+§b] Accendium§f §6joined the lobby!
