14:42:13 DUNGEON_HUB
14:42:48 NONE
14:42:49 PRIVATE_ISLAND
14:42:52 NONE
14:42:53 HUB
14:59:56 NONE
14:59:56 DWARVEN_MINES
15:02:32 NONE
15:02:32 MINESHAFT
15:10:47 NONE
15:10:47 DWARVEN_MINES
15:16:28 HUB
15:16:31 DWARVEN_MINES
15:27:59 NONE
15:27:59 CRYSTAL_HOLLOWS
15:29:17 NONE
15:29:17 DWARVEN_MINES
15:36:07 NONE
15:36:07 MINESHAFT
15:43:32 NONE
15:43:46 DWARVEN_MINES
15:45:33 NONE
15:46:42 DWARVEN_MINES
15:48:12 HUB
15:48:55 NONE
15:54:15 HUB
15:58:01 HUB
16:01:16 NONE
16:01:18 DWARVEN_MINES
16:02:48 NONE
16:02:49 DUNGEON_HUB
16:03:10 NONE
16:03:11 CATACOMBS
16:13:21 NONE
16:13:23 DUNGEON_HUB
16:15:54 NONE
16:16:20 DUNGEON_HUB
16:16:30 NONE
16:16:32 CATACOMBS
16:25:45 NONE
16:25:45 DUNGEON_HUB
16:27:14 NONE
16:27:14 CATACOMBS
16:35:44 NONE
16:35:45 DUNGEON_HUB
16:36:23 NONE
16:36:24 CATACOMBS
16:52:45 NONE
16:52:45 DUNGEON_HUB
16:56:35 NONE
16:56:35 DWARVEN_MINES
16:59:15 NONE
16:59:15 CRYSTAL_HOLLOWS
17:01:21 NONE
17:01:21 DWARVEN_MINES
17:01:39 NONE
17:01:39 CRYSTAL_HOLLOWS
17:02:59 NONE
17:02:59 DWARVEN_MINES
17:03:57 NONE
17:03:58 CRYSTAL_HOLLOWS
17:07:22 NONE
17:07:22 DWARVEN_MINES
17:43:10 NONE
17:43:10 MINESHAFT
17:45:13 NONE
17:45:13 DWARVEN_MINES
17:55:25 NONE
17:55:25 MINESHAFT
18:02:24 NONE
18:02:24 DWARVEN_MINES
18:12:20 NONE
18:12:21 MINESHAFT
18:12:41 NONE
18:12:41 DWARVEN_MINES
18:12:53 NONE
18:12:54 MINESHAFT
18:20:04 NONE
18:20:04 DWARVEN_MINES
18:32:24 NONE
18:32:27 MINESHAFT
18:39:28 NONE
18:39:29 DWARVEN_MINES
18:39:49 NONE
18:39:49 HUB
18:40:11 NONE
18:40:11 DWARVEN_MINES
18:45:04 NONE
18:45:04 HUB
18:45:34 NONE
18:45:35 DWARVEN_MINES
18:50:31 NONE
18:50:31 HUB
18:50:54 NONE
18:50:55 DWARVEN_MINES
18:51:53 NONE
18:51:54 HUB
18:51:57 NONE
18:51:57 DWARVEN_MINES
18:54:35 NONE
18:54:35 MINESHAFT
18:54:59 NONE
18:55:00 DWARVEN_MINES
19:08:08 MINESHAFT
19:15:13 NONE
19:15:13 DWARVEN_MINES
19:27:39 NONE
19:27:39 MINESHAFT
19:34:01 NONE
19:34:02 DWARVEN_MINES
19:46:20 NONE
19:46:21 MINESHAFT
19:51:32 NONE
19:51:32 DWARVEN_MINES
