22:18:06 §f                                  §6§lBESTIARY
22:18:06 §f                         §b§lAbyssal Miner §7§8III §8➡§b §bIV
22:18:06 
22:18:06 §f                                  §r§6§lREWARDS
22:18:06 §f                     §r§8+§r§a2 Abyssal Miner §r§b✯ Magic Find
22:18:06 §f                      §r§8+§r§a2 Abyssal Miner §r§c❁ Strength
22:18:06 §f                         §r§8+§r§62% §r§aAbyssal Miner §r§7coins
22:18:06 §f                    §r§8+§r§a50% §r§7chance for extra XP orbs
22:18:06 §f                               §r§8+§r§b1 SkyBlock XP
22:18:06 
22:18:06 §3§l▬▬▬▬▬▬▬▬▬▬▬▬▬▬▬▬▬▬▬▬▬▬▬▬▬▬▬▬▬▬▬▬▬▬▬▬▬▬▬▬▬▬▬▬▬▬▬▬▬▬▬▬▬▬▬▬▬▬▬▬▬▬▬▬
22:19:04 §f                                  §6§lBESTIARY
22:19:04 §f                         §b§lAbyssal Miner §7§8IV §8➡§b §bV
22:19:04 
22:19:04 §f                                  §r§6§lREWARDS
22:19:04 §f                     §r§8+§r§a2 Abyssal Miner §r§b✯ Magic Find
22:19:04 §f                      §r§8+§r§a2 Abyssal Miner §r§c❁ Strength
22:19:04 §f                         §r§8+§r§62% §r§aAbyssal Miner §r§7coins
22:19:04 §f                    §r§8+§r§a50% §r§7chance for extra XP orbs
22:19:04 §f                               §r§8+§r§b1 SkyBlock XP
22:19:04 
22:19:04 §3§l▬▬▬▬▬▬▬▬▬▬▬▬▬▬▬▬▬▬▬▬▬▬▬▬▬▬▬▬▬▬▬▬▬▬▬▬▬▬▬▬▬▬▬▬▬▬▬▬▬▬▬▬▬▬▬▬▬▬▬▬▬▬▬▬
22:31:21 §f                                  §6§lBESTIARY
22:31:21 §f                         §b§lAbyssal Miner §7§8V §8➡§b §bVI
22:31:21 
22:31:21 §f                                  §r§6§lREWARDS
22:31:21 §f                     §r§8+§r§a3 Abyssal Miner §r§b✯ Magic Find
22:31:21 §f                      §r§8+§r§a3 Abyssal Miner §r§c❁ Strength
22:31:21 §f                         §r§8+§r§62% §r§aAbyssal Miner §r§7coins
22:31:21 §f                    §r§8+§r§a50% §r§7chance for extra XP orbs
22:31:21 §f                               §r§8+§r§b1 SkyBlock XP
22:31:21 
22:31:21 §3§l▬▬▬▬▬▬▬▬▬▬▬▬▬▬▬▬▬▬▬▬▬▬▬▬▬▬▬▬▬▬▬▬▬▬▬▬▬▬▬▬▬▬▬▬▬▬▬▬▬▬▬▬▬▬▬▬▬▬▬▬▬▬▬▬
22:50:34 §f                                  §6§lBESTIARY
22:50:34 §f                             §b§lSea Witch §7§8X §8➡§b §bXI
22:50:34 
22:50:34 §f                                  §r§6§lREWARDS
22:50:34 §f                        §r§8+§r§a4 Sea Witch §r§b✯ Magic Find
22:50:34 §f                         §r§8+§r§a4 Sea Witch §r§c❁ Strength
22:50:34 §f                            §r§8+§r§62% §r§aSea Witch §r§7coins
22:50:34 §f                    §r§8+§r§a50% §r§7chance for extra XP orbs
22:50:34 §f                               §r§8+§r§b1 SkyBlock XP
22:50:34 
22:50:34 §3§l▬▬▬▬▬▬▬▬▬▬▬▬▬▬▬▬▬▬▬▬▬▬▬▬▬▬▬▬▬▬▬▬▬▬▬▬▬▬▬▬▬▬▬▬▬▬▬▬▬▬▬▬▬▬▬▬▬▬▬▬▬▬▬▬
23:00:52 §f                                  §6§lBESTIARY
23:00:52 §f                        §b§lAbyssal Miner §7§8VI §8➡§b §bVII
23:00:52 
23:00:52 §f                                  §r§6§lREWARDS
23:00:52 §f                     §r§8+§r§a3 Abyssal Miner §r§b✯ Magic Find
23:00:52 §f                      §r§8+§r§a3 Abyssal Miner §r§c❁ Strength
23:00:52 §f                         §r§8+§r§62% §r§aAbyssal Miner §r§7coins
23:00:52 §f                    §r§8+§r§a50% §r§7chance for extra XP orbs
23:00:52 §f                               §r§8+§r§b1 SkyBlock XP
23:00:52 
23:00:52 §3§l▬▬▬▬▬▬▬▬▬▬▬▬▬▬▬▬▬▬▬▬▬▬▬▬▬▬▬▬▬▬▬▬▬▬▬▬▬▬▬▬▬▬▬▬▬▬▬▬▬▬▬▬▬▬▬▬▬▬▬▬▬▬▬▬
23:35:42 §f                                  §6§lBESTIARY
23:35:42 §f                         §b§lGlacite Caver §7§8XI §8➡§b §bXII
23:35:42 
23:35:42 §f                                  §r§6§lREWARDS
23:35:42 §f                      §r§8+§r§a4 Glacite Caver §r§b✯ Magic Find
23:35:42 §f                      §r§8+§r§a4 Glacite Caver §r§c❁ Strength
23:35:42 §f                          §r§8+§r§62% §r§aGlacite Caver §r§7coins
23:35:42 §f                    §r§8+§r§a50% §r§7chance for extra XP orbs
23:35:42 §f                               §r§8+§r§b1 SkyBlock XP
23:35:42 
23:35:42 §3§l▬▬▬▬▬▬▬▬▬▬▬▬▬▬▬▬▬▬▬▬▬▬▬▬▬▬▬▬▬▬▬▬▬▬▬▬▬▬▬▬▬▬▬▬▬▬▬▬▬▬▬▬▬▬▬▬▬▬▬▬▬▬▬▬
00:22:48 §f                                  §6§lBESTIARY
00:22:48 §f                          §b§lGlacite Mutt §7§8XI §8➡§b §bXII
00:22:48 
00:22:48 §f                                  §r§6§lREWARDS
00:22:48 §f                       §r§8+§r§a4 Glacite Mutt §r§b✯ Magic Find
00:22:48 §f                        §r§8+§r§a4 Glacite Mutt §r§c❁ Strength
00:22:48 §f                           §r§8+§r§62% §r§aGlacite Mutt §r§7coins
00:22:48 §f                    §r§8+§r§a50% §r§7chance for extra XP orbs
00:22:48 §f                               §r§8+§r§b1 SkyBlock XP
00:22:48 
00:22:48 §3§l▬▬▬▬▬▬▬▬▬▬▬▬▬▬▬▬▬▬▬▬▬▬▬▬▬▬▬▬▬▬▬▬▬▬▬▬▬▬▬▬▬▬▬▬▬▬▬▬▬▬▬▬▬▬▬▬▬▬▬▬▬▬▬▬
