18:14:15 [EMPTY] §f §r§r§r§f §r§r§r§1 §r§r§r§0 §r§r§r§2 §r§r§r§f §r§r§r§f §r§r§r§2 §r§r§r§0 §r§r§r§4 §r§r§r§3 §r§r§r§9 §r§r§r§2 §r§r§r§0 §r§r§r§0 §r§r§r§3 §r§r§r§9 §r§r§r§2 §r§r§r§0 §r§r§r§0 §r§r§r§3 §r§r§r§9 §r§r§r§2 §r§r§r§0 §r§r§r§0 
18:14:15 [LOBBY] §b[MVP§9+§b] Sebbebas§f §6joined the lobby!
18:14:19 [WARPING] §7Sending to server mini13CC...
18:14:21 [EMPTY] §8 §r§8 §r§1 §r§3 §r§3 §r§7 §r§8 
18:14:22 [EMPTY] 
18:14:22 [WELCOME] §eWelcome to §r§aHypixel SkyBlock§r§e!
18:14:22 [EMPTY] 
18:14:23 [PROFILE_JOIN] §aYou are playing on profile: §eBanana§b (Co-op)
18:14:23 [PROFILE_JOIN] §8Profile ID: b1a71305-1956-42bf-90e4-bce6f7285754
18:14:25 [SKYMALL] §bNew day! §r§eYour §r§2Sky Mall §r§ebuff changed!
18:14:25 [SKYMALL] §eNew buff§r§r§r: §r§fReduce Pickaxe Ability cooldown by §r§a20%§r§f.
18:14:25 [SKYMALL] §8§oYou can disable this messaging by toggling Sky Mall in your /hotm!
18:14:26 [WARPING] §7Warping...
18:14:26 [WARPING] §7Sending to server mini33AS...
18:14:26 [EMPTY] §8 §r§8 §r§1 §r§3 §r§3 §r§7 §r§8 
18:14:29 [PROFILE_JOIN] §aYou are playing on profile: §eBanana§b (Co-op)
18:14:29 [PROFILE_JOIN] §8Profile ID: b1a71305-1956-42bf-90e4-bce6f7285754
18:15:49 [WARPING] §7Warping you to your SkyBlock island...
18:15:49 [WARPING] §7Sending to server mini25DJ...
18:15:50 [EMPTY] §8 §r§8 §r§1 §r§3 §r§3 §r§7 §r§8 
18:15:53 [PROFILE_JOIN] §aYou are playing on profile: §eBanana§b (Co-op)
18:15:53 [PROFILE_JOIN] §8Profile ID: b1a71305-1956-42bf-90e4-bce6f7285754
18:15:58 [WARPING] §7Warping...
18:19:52 [WARPING] §7Warping...
18:20:05 [WARPING] §7Warping...
18:20:32 [WARPING] §7Warping...
18:25:51 [GUILD_EXP] §aYou earned §r§275 GEXP §r§a+ §r§e225 Event EXP §r§afrom playing SkyBlock!
18:35:01 [SKYMALL] §bNew day! §r§eYour §r§2Sky Mall §r§ebuff changed!
18:35:01 [SKYMALL] §eNew buff§r§r§r: §r§fGain §r§a+15% §r§fmore Powder while mining.
18:35:01 [SKYMALL] §8§oYou can disable this messaging by toggling Sky Mall in your /hotm!
18:40:00 [WARPING] §7Warping...
18:40:11 [WARPING] §7Warping...
18:40:53 [GUILD_EXP] §aYou earned §r§2193 GEXP §r§a+ §r§e579 Event EXP §r§afrom playing SkyBlock!
18:55:01 [SKYMALL] §bNew day! §r§eYour §r§2Sky Mall §r§ebuff changed!
18:55:01 [SKYMALL] §eNew buff§r§r§r: §r§fGain §r§a+100 §r§6⸕ Mining Speed§r§f.
18:55:01 [SKYMALL] §8§oYou can disable this messaging by toggling Sky Mall in your /hotm!
18:56:17 [WARPING] §7Warping...
19:00:55 [GUILD_EXP] §aYou earned §r§275 GEXP §r§a+ §r§e225 Event EXP §r§afrom playing SkyBlock!
19:04:51 [WARPING] §7Warping...
19:05:56 [GUILD_EXP] §aYou earned §r§2308 GEXP §r§a+ §r§e924 Event EXP §r§afrom playing SkyBlock!
19:10:57 [GUILD_EXP] §aYou earned §r§255 GEXP §r§a+ §r§e165 Event EXP §r§afrom playing SkyBlock!
19:15:01 [SKYMALL] §bNew day! §r§eYour §r§2Sky Mall §r§ebuff changed!
19:15:01 [SKYMALL] §eNew buff§r§r§r: §r§fGain §r§a+15% §r§fmore Powder while mining.
19:15:01 [SKYMALL] §8§oYou can disable this messaging by toggling Sky Mall in your /hotm!
19:21:22 [WARPING] §7Warping...
19:22:00 [EMPTY] 
19:35:01 [SKYMALL] §bNew day! §r§eYour §r§2Sky Mall §r§ebuff changed!
19:35:01 [SKYMALL] §eNew buff§r§r§r: §r§fReduce Pickaxe Ability cooldown by §r§a20%§r§f.
19:35:01 [SKYMALL] §8§oYou can disable this messaging by toggling Sky Mall in your /hotm!
