09:30:05 §e[SkyHanni] Reloaded 7436 items in the NEU repo§r
09:32:36 §d§l▬▬▬▬▬▬▬▬▬▬▬▬▬▬▬▬▬▬▬▬▬▬▬▬▬▬▬▬▬▬▬▬▬▬▬▬▬▬▬▬▬▬▬▬▬▬▬▬▬▬▬▬▬▬▬▬▬▬▬▬▬▬▬▬
                          §d§lHoppity's Hunt #79 Stats


    §c§lNothing to show!
    §c§oFind some eggs in the future!
§d§l▬▬▬▬▬▬▬▬▬▬▬▬▬▬▬▬▬▬▬▬▬▬▬▬▬▬▬▬▬▬▬▬▬▬▬▬▬▬▬▬▬▬▬▬▬▬▬▬▬▬▬▬▬▬▬▬▬▬▬▬▬▬▬▬§r
09:32:37 §d§l▬▬▬▬▬▬▬▬▬▬▬▬▬▬▬▬▬▬▬▬▬▬▬▬▬▬▬▬▬▬▬▬▬▬▬▬▬▬▬▬▬▬▬▬▬▬▬▬▬▬▬▬▬▬▬▬▬▬▬▬▬▬▬▬
                          §d§lHoppity's Hunt #80 Stats


    §c§lNothing to show!
    §c§oFind some eggs in the future!
§d§l▬▬▬▬▬▬▬▬▬▬▬▬▬▬▬▬▬▬▬▬▬▬▬▬▬▬▬▬▬▬▬▬▬▬▬▬▬▬▬▬▬▬▬▬▬▬▬▬▬▬▬▬▬▬▬▬▬▬▬▬▬▬▬▬§r
09:32:37 §e[SkyHanni] §bYou have §39.5k §bmaterials in stash, §btotalling §31 type§b. §bClick to §3pickup §byour stash!§r
09:32:41 §c[SkyHanni] Your computer's clock is off by 15s.
§ePlease update your time settings. Many features may not function correctly until you do.
§eClick here for instructions on how to fix your clock.§r
09:33:02 §e[SkyHanni] You have gained §b14 800 §eBits.§r
09:33:13 §e[SkyHanni] §bYou have §39.5k §bmaterials in stash, §btotalling §31 type§b. §bClick to §3pickup §byour stash!§r
09:33:56 §e[SkyHanni] §bYou have §39.5k §bmaterials in stash, §btotalling §31 type§b. §bClick to §3pickup §byour stash!§r
09:35:03 §c[SkyHanni] Your computer's clock is off by 15s.
§ePlease update your time settings. Many features may not function correctly until you do.
§eClick here for instructions on how to fix your clock.§r
09:35:30 §6§lBESTIARY §r§b§lDiamond Goblin §7§8II §8➡§b §bIII§r
09:36:29 §e[SkyHanni] §b+1 SkyBlock XP §7(HOTM Progression§7)§b (50/100)§r
09:37:58 §e[SkyHanni] §b+1 SkyBlock XP §7(HOTM Progression§7)§b (53/100)§r
09:38:05 §e[SkyHanni] §b+1 SkyBlock XP §7(HOTM Progression§7)§b (54/100)§r
09:39:04 §e[SkyHanni] §b+1 SkyBlock XP §7(HOTM Progression§7)§b (56/100)§r
09:39:08 §e[SkyHanni] §b+2 SkyBlock XP §7(HOTM Progression§7)§b (58/100)§r
09:39:11 §e[SkyHanni] §b+1 SkyBlock XP §7(HOTM Progression§7)§b (59/100)§r
09:41:52 §e[SkyHanni] §b+1 SkyBlock XP §7(HOTM Progression§7)§b (61/100)§r
09:43:10 §e[SkyHanni] §b+1 SkyBlock XP §7(HOTM Progression§7)§b (65/100)§r
09:43:43 §e[SkyHanni] §bYou have §39.5k §bmaterials in stash, §btotalling §31 type§b. §bClick to §3pickup §byour stash!§r
09:44:48 §e[SkyHanni] §bYou have §39.5k §bmaterials in stash, §btotalling §31 type§b. §bClick to §3pickup §byour stash!§r
09:45:51 §e[SkyHanni] §b+1 SkyBlock XP §7(HOTM Progression§7)§b (66/100)§r
09:45:58 §e[SkyHanni] §b+1 SkyBlock XP §7(HOTM Progression§7)§b (67/100)§r
09:47:28 §e[SkyHanni] §b+1 SkyBlock XP §7(HOTM Progression§7)§b (69/100)§r
09:48:07 §e[SkyHanni] §b+2 SkyBlock XP §7(HOTM Progression§7)§b (71/100)§r
09:48:18 §e[SkyHanni] §b+1 SkyBlock XP §7(HOTM Progression§7)§b (72/100)§r
09:48:28 §e[SkyHanni] §b+1 SkyBlock XP §7(HOTM Progression§7)§b (73/100)§r
09:48:46 §e[SkyHanni] §b+1 SkyBlock XP §7(HOTM Progression§7)§b (75/100)§r
09:49:42 §e[SkyHanni] §b+1 SkyBlock XP §7(HOTM Progression§7)§b (76/100)§r
09:49:59 §e[SkyHanni] §b+1 SkyBlock XP §7(HOTM Progression§7)§b (77/100)§r
09:50:33 §e[SkyHanni] §b+1 SkyBlock XP §7(HOTM Progression§7)§b (78/100)§r
09:51:03 §e[SkyHanni] §b+1 SkyBlock XP §7(HOTM Progression§7)§b (79/100)§r
09:51:42 §e[SkyHanni] §b+1 SkyBlock XP §7(HOTM Progression§7)§b (80/100)§r
09:51:58 §e[SkyHanni] §b+1 SkyBlock XP §7(HOTM Progression§7)§b (81/100)§r
09:52:59 §e[SkyHanni] §b+2 SkyBlock XP §7(HOTM Progression§7)§b (84/100)§r
09:53:06 §e[SkyHanni] §b+1 SkyBlock XP §7(HOTM Progression§7)§b (85/100)§r
09:54:35 §e[SkyHanni] §b+1 SkyBlock XP §7(HOTM Progression§7)§b (87/100)§r
09:55:03 §e[SkyHanni] §b+1 SkyBlock XP §7(HOTM Progression§7)§b (88/100)§r
09:55:32 §e[SkyHanni] §b+1 SkyBlock XP §7(HOTM Progression§7)§b (90/100)§r
09:56:58 §e[SkyHanni] §b+25 SkyBlock XP §7(HOTM Progression§7)§b (90/100)§r
09:57:02 §e[SkyHanni] §b+1 SkyBlock XP §7(HOTM Progression§7)§b (91/100)§r
09:57:23 §e[SkyHanni] §b+1 SkyBlock XP §7(HOTM Progression§7)§b (92/100)§r
09:58:07 §e[SkyHanni] §b+1 SkyBlock XP §7(HOTM Progression§7)§b (93/100)§r
10:00:24 §e[SkyHanni] §b+1 SkyBlock XP §7(HOTM Progression§7)§b (96/100)§r
10:01:20 §e[SkyHanni] §b+1 SkyBlock XP §7(HOTM Progression§7)§b (97/100)§r
10:02:40 §6§lBESTIARY §r§b§lBlue Jerry §7§8VII §8➡§b §bVIII§r
10:03:19 §e[SkyHanni] You have gained §b275 §eBits.§r
10:05:42 §e[SkyHanni] §b+1 SkyBlock XP §7(HOTM Progression§7)§b (2/100)§r
10:06:48 §e[SkyHanni] §b+1 SkyBlock XP §7(HOTM Progression§7)§b (3/100)§r
10:08:26 §e[SkyHanni] §b+1 SkyBlock XP §7(HOTM Progression§7)§b (4/100)§r
10:11:06 §e[SkyHanni] §b+1 SkyBlock XP §7(HOTM Progression§7)§b (5/100)§r
10:12:36 §e[SkyHanni] §b+1 SkyBlock XP §7(HOTM Progression§7)§b (6/100)§r
10:14:44 §e[SkyHanni] §b+1 SkyBlock XP §7(HOTM Progression§7)§b (9/100)§r
10:21:10 §e[SkyHanni] §b+1 SkyBlock XP §7(HOTM Progression§7)§b (10/100)§r
10:21:24 §6§lBESTIARY §r§b§lGolden Jerry §7§8III §8➡§b §bIV§r
10:21:32 §e[SkyHanni] §b+1 SkyBlock XP §7(HOTM Progression§7)§b (11/100)§r
10:22:47 §e[SkyHanni] §b+1 SkyBlock XP §7(HOTM Progression§7)§b (12/100)§r
10:23:32 §e[SkyHanni] §b+20 SkyBlock XP §7(HOTM Progression§7)§b (12/100)§r
10:26:50 §e[SkyHanni] §b+1 SkyBlock XP §7(HOTM Progression§7)§b (16/100)§r
10:27:16 §e[SkyHanni] §b+2 SkyBlock XP §7(HOTM Progression§7)§b (18/100)§r
10:27:58 §e[SkyHanni] §b+1 SkyBlock XP §7(HOTM Progression§7)§b (19/100)§r
10:28:58 §e[SkyHanni] §b+1 SkyBlock XP §7(HOTM Progression§7)§b (20/100)§r
10:29:44 §e[SkyHanni] §b+1 SkyBlock XP §7(HOTM Progression§7)§b (22/100)§r
10:30:16 §e[SkyHanni] §b+1 SkyBlock XP §7(HOTM Progression§7)§b (23/100)§r
10:30:25 §e[SkyHanni] §b+1 SkyBlock XP §7(HOTM Progression§7)§b (24/100)§r
10:30:31 §e[SkyHanni] §b+1 SkyBlock XP §7(HOTM Progression§7)§b (25/100)§r
10:31:09 §e[SkyHanni] §b+1 SkyBlock XP §7(HOTM Progression§7)§b (26/100)§r
10:33:52 §e[SkyHanni] You have gained §b275 §eBits.§r
10:36:41 §e[SkyHanni] §b+1 SkyBlock XP §7(HOTM Progression§7)§b (28/100)§r
10:38:42 §e[SkyHanni] §b+1 SkyBlock XP §7(HOTM Progression§7)§b (31/100)§r
10:39:19 §e[SkyHanni] §b+1 SkyBlock XP §7(HOTM Progression§7)§b (32/100)§r
10:39:59 §e[SkyHanni] §b+1 SkyBlock XP §7(HOTM Progression§7)§b (33/100)§r
10:40:43 §e[SkyHanni] §b+1 SkyBlock XP §7(HOTM Progression§7)§b (35/100)§r
10:40:47 §e[SkyHanni] §b+1 SkyBlock XP §7(HOTM Progression§7)§b (36/100)§r
10:40:59 §e[SkyHanni] §b+1 SkyBlock XP §7(HOTM Progression§7)§b (37/100)§r
10:42:27 §e[SkyHanni] §b+1 SkyBlock XP §7(HOTM Progression§7)§b (38/100)§r
10:44:09 §e[SkyHanni] §b+1 SkyBlock XP §7(HOTM Progression§7)§b (39/100)§r
10:44:23 §c[SkyHanni-3.7.0]: Caught a NoSuchElementException in at.hannibal2.skyhanni.features.mining.powdertracker.PowderChestTimer.onRenderWorld(at.hannibal2.skyhanni.events.minecraft.SkyHanniRenderWorldEvent) at SkyHanniRenderWorldEvent: null§c. Click here to copy the error into the clipboard.§r
10:46:12 §e[SkyHanni] §bYou have §39.5k §bmaterials in stash, §btotalling §31 type§b. §bClick to §3pickup §byour stash!§r
10:46:28 §e[SkyHanni] §bYou have §39.5k §bmaterials in stash, §btotalling §31 type§b. §bClick to §3pickup §byour stash!§r
10:46:51 §e[SkyHanni] §bYou have §39.5k §bmaterials in stash, §btotalling §31 type§b. §bClick to §3pickup §byour stash!§r
10:47:12 §e[SkyHanni] §bYou have §39.5k §bmaterials in stash, §btotalling §31 type§b. §bClick to §3pickup §byour stash!§r
10:48:18 §e[SkyHanni] §bYou have §39.5k §bmaterials in stash, §btotalling §31 type§b. §bClick to §3pickup §byour stash!§r
10:48:23 §e[SkyHanni] §bYou have §39.5k §bmaterials in stash, §btotalling §31 type§b. §bClick to §3pickup §byour stash!§r
10:48:51 §6§lBESTIARY §r§b§lPurple Jerry §7§8VII §8➡§b §bVIII§r
10:48:54 §e[SkyHanni] §b+1 SkyBlock XP §7(HOTM Progression§7)§b (41/100)§r
10:48:57 §e[SkyHanni] §b+1 SkyBlock XP §7(HOTM Progression§7)§b (42/100)§r
10:49:59 §e[SkyHanni] You have gained §b6 §eBits.§r
10:51:19 §e[SkyHanni] §b+1 SkyBlock XP §7(HOTM Progression§7)§b (45/100)§r
10:52:09 §e[SkyHanni] §b+1 SkyBlock XP §7(HOTM Progression§7)§b (46/100)§r
10:52:17 §e[SkyHanni] §b+1 SkyBlock XP §7(HOTM Progression§7)§b (47/100)§r
10:52:57 §e[SkyHanni] §b+1 SkyBlock XP §7(HOTM Progression§7)§b (48/100)§r
10:53:35 §e[SkyHanni] §b+1 SkyBlock XP §7(HOTM Progression§7)§b (49/100)§r
10:53:56 §e[SkyHanni] §b+1 SkyBlock XP §7(HOTM Progression§7)§b (50/100)§r
10:54:27 §e[SkyHanni] §b+1 SkyBlock XP §7(HOTM Progression§7)§b (51/100)§r
10:55:04 §6§lBESTIARY §r§b§lGreen Jerry §7§8VIII §8➡§b §bIX§r
10:55:07 §e[SkyHanni] §b+1 SkyBlock XP §7(HOTM Progression§7)§b (52/100)§r
10:57:27 §e[SkyHanni] §b+1 SkyBlock XP §7(HOTM Progression§7)§b (54/100)§r
10:58:22 §e[SkyHanni] §b+1 SkyBlock XP §7(HOTM Progression§7)§b (55/100)§r
11:00:34 §e[SkyHanni] §b+1 SkyBlock XP §7(HOTM Progression§7)§b (58/100)§r
11:01:10 §e[SkyHanni] §b+1 SkyBlock XP §7(HOTM Progression§7)§b (59/100)§r
11:02:49 §e[SkyHanni] §b+1 SkyBlock XP §7(HOTM Progression§7)§b (61/100)§r
11:04:08 §e[SkyHanni] §b+1 SkyBlock XP §7(HOTM Progression§7)§b (62/100)§r
11:04:22 §e[SkyHanni] You have gained §b275 §eBits.§r
11:05:02 §e[SkyHanni] §b+65 SkyBlock XP §7(CotM§7)§b (18/100)§r
11:05:36 §e[SkyHanni] §bYou have §39.5k §bmaterials in stash, §btotalling §31 type§b. §bClick to §3pickup §byour stash!§r
11:15:00 §e[SkyHanni] The Perkpocalypse Mayor has expired! Click here to update the new temporary Mayor.§r
11:17:13 §e[SkyHanni] §bYou have §39.5k §bmaterials in stash, §btotalling §31 type§b. §bClick to §3pickup §byour stash!§r
11:41:24 §e[SkyHanni] §fYou were in Limbo for §e6m 4s§f.§r
11:41:49 §e[SkyHanni] §bYou have §39.5k §bmaterials in stash, §btotalling §31 type§b. §bClick to §3pickup §byour stash!§r
11:42:16 §e[SkyHanni] You have gained §b275 §eBits.§r
11:42:49 §e[SkyHanni] §bYou have §39.5k §bmaterials in stash, §btotalling §31 type§b. §bClick to §3pickup §byour stash!§r
11:48:03 §d§l▬▬▬▬▬▬▬▬▬▬▬▬▬▬▬▬▬▬▬▬▬▬▬▬▬▬▬▬▬▬▬▬▬▬▬▬▬▬▬▬▬▬▬▬▬▬▬▬▬▬▬▬▬▬▬▬▬▬▬▬▬▬▬▬
                          §d§lHoppity's Hunt #80 Stats

    §7You found §b3§7/§a279 §6Chocolate Meal Eggs§7.

    §7Unique Rabbits: §f3
     §f1 §7- §a2 §7- §90 §7- §50 §7- §60 §7- §d0 §7- §b0

    §7Duplicate Rabbits: §f7
     §f3 §7- §a2 §7- §92 §7- §50 §7- §60 §7- §d0 §7- §b0
     §6+72 687 648 Chocolate
§d§l▬▬▬▬▬▬▬▬▬▬▬▬▬▬▬▬▬▬▬▬▬▬▬▬▬▬▬▬▬▬▬▬▬▬▬▬▬▬▬▬▬▬▬▬▬▬▬▬▬▬▬▬▬▬▬▬▬▬▬▬▬▬▬▬§r
11:48:08 §c[SkyHanni] Your computer's clock is off by 15s.
§ePlease update your time settings. Many features may not function correctly until you do.
§eClick here for instructions on how to fix your clock.§r
11:51:01 §e[SkyHanni] §bYou have §39.5k §bmaterials in stash, §btotalling §31 type§b. §bClick to §3pickup §byour stash!§r
11:51:03 §c[SkyHanni] Your computer's clock is off by 15s.
§ePlease update your time settings. Many features may not function correctly until you do.
§eClick here for instructions on how to fix your clock.§r
11:51:10 §e[SkyHanni] §bYou have §39.5k §bmaterials in stash, §btotalling §31 type§b. §bClick to §3pickup §byour stash!§r
11:51:10 §e[SkyHanni] §b+18 SkyBlock XP §7(Pet Score§7)§b (37/100)§r
11:51:48 §e[SkyHanni] §bYou have §39.5k §bmaterials in stash, §btotalling §31 type§b. §bClick to §3pickup §byour stash!§r
11:51:58 §e[SkyHanni] §bYou have §39.5k §bmaterials in stash, §btotalling §31 type§b. §bClick to §3pickup §byour stash!§r
11:52:32 §e[SkyHanni] §bYou have §39.5k §bmaterials in stash, §btotalling §31 type§b. §bClick to §3pickup §byour stash!§r
11:52:38 §e[SkyHanni] §bYou have §39.5k §bmaterials in stash, §btotalling §31 type§b. §bClick to §3pickup §byour stash!§r
11:58:45 §c§l1. DEATH!§r
11:58:53 §e[SkyHanni] §bYou have §39.5k §bmaterials in stash, §btotalling §31 type§b. §bClick to §3pickup §byour stash!§r
11:59:41 §e[SkyHanni] §bYou have §39.5k §bmaterials in stash, §btotalling §31 type§b. §bClick to §3pickup §byour stash!§r
11:59:55 §e[SkyHanni] §bYou have §39.5k §bmaterials in stash, §btotalling §31 type§b. §bClick to §3pickup §byour stash!§r
12:01:36 §c[SkyHanni-3.7.0]: Caught a NoSuchElementException in at.hannibal2.skyhanni.features.mining.powdertracker.PowderChestTimer.onRenderWorld(at.hannibal2.skyhanni.events.minecraft.SkyHanniRenderWorldEvent) at SkyHanniRenderWorldEvent: null§c. Click here to copy the error into the clipboard.§r
12:03:17 §e[SkyHanni] You have gained §b11 §eBits.§r
12:03:36 §e[SkyHanni] §bYou have §39.5k §bmaterials in stash, §btotalling §31 type§b. §bClick to §3pickup §byour stash!§r
12:03:46 §e[SkyHanni] §bYou have §39.5k §bmaterials in stash, §btotalling §31 type§b. §bClick to §3pickup §byour stash!§r
12:05:28 §e[SkyHanni] §bYou have §39.5k §bmaterials in stash, §btotalling §31 type§b. §bClick to §3pickup §byour stash!§r
12:05:34 §e[SkyHanni] §bYou have §39.5k §bmaterials in stash, §btotalling §31 type§b. §bClick to §3pickup §byour stash!§r
12:07:26 §e[SkyHanni] §bYou have §39.5k §bmaterials in stash, §btotalling §31 type§b. §bClick to §3pickup §byour stash!§r
12:07:31 §e[SkyHanni] §bYou have §39.5k §bmaterials in stash, §btotalling §31 type§b. §bClick to §3pickup §byour stash!§r
12:09:16 §e[SkyHanni] §bYou have §39.5k §bmaterials in stash, §btotalling §31 type§b. §bClick to §3pickup §byour stash!§r
12:09:21 §e[SkyHanni] §bYou have §39.5k §bmaterials in stash, §btotalling §31 type§b. §bClick to §3pickup §byour stash!§r
12:12:47 §e[SkyHanni] You have gained §b275 §eBits.§r
12:14:06 §e[SkyHanni] §bYou have §39.5k §bmaterials in stash, §btotalling §31 type§b. §bClick to §3pickup §byour stash!§r
12:14:10 §e[SkyHanni] §bYou have §39.5k §bmaterials in stash, §btotalling §31 type§b. §bClick to §3pickup §byour stash!§r
12:14:17 §e[SkyHanni] Profit for Crystal Nucleus Run§e: §c-838k§r
12:14:18 §e[SkyHanni] You have gained §b22 §eBits.§r
