01:35:26 [EMPTY] §f §r§r§r§f §r§r§r§1 §r§r§r§0 §r§r§r§2 §r§r§r§f §r§r§r§f §r§r§r§2 §r§r§r§0 §r§r§r§4 §r§r§r§3 §r§r§r§9 §r§r§r§2 §r§r§r§0 §r§r§r§0 §r§r§r§3 §r§r§r§9 §r§r§r§2 §r§r§r§0 §r§r§r§0 §r§r§r§3 §r§r§r§9 §r§r§r§2 §r§r§r§0 §r§r§r§0 
01:35:27 [LOBBY]   §r§f§l➤ §r§6You have reached your Hype limit! Add Hype to Prototype Lobby minigames by right-clicking with the Hype Diamond!
01:35:27 [LOBBY] §b[MVP§c+§b] NamesSat§f §6joined the lobby!
01:35:27 [LOBBY] §b[MVP§d+§b] malasata§f §6joined the lobby!
01:35:27 [LOBBY] §b[MVP§c+§b] TheObtuseyGoosey§f §6joined the lobby!
01:35:27 [LOBBY] §b[MVP§f+§b] Lxxny§f §6joined the lobby!
01:35:28 [LOBBY] §b[MVP§2+§b] LimaColo§f §6joined the lobby!
01:35:30 [WARPING] §7Sending to server mini95BP...
01:35:32 [EMPTY] §8 §r§8 §r§1 §r§3 §r§3 §r§7 §r§8 
01:35:34 [EMPTY]  
01:35:34 [EMPTY]   
01:35:34 [REWARD_WRAPPER] §e§l▬▬▬▬▬▬▬▬▬▬▬▬▬▬▬▬▬▬▬▬▬▬▬▬▬▬▬▬▬▬▬▬▬▬▬▬▬▬▬▬▬▬▬▬▬▬▬▬▬▬▬▬▬▬▬▬▬▬▬▬▬▬▬▬
01:35:34 [EMPTY] 
01:35:34 [POWDER_REWARD_HEADER]   §r§a§lREWARDS
01:35:34 [REWARD_WRAPPER] §e§l▬▬▬▬▬▬▬▬▬▬▬▬▬▬▬▬▬▬▬▬▬▬▬▬▬▬▬▬▬▬▬▬▬▬▬▬▬▬▬▬▬▬▬▬▬▬▬▬▬▬▬▬▬▬▬▬▬▬▬▬▬▬▬▬
01:35:34 [EMPTY] 
01:35:34 [WELCOME] §eWelcome to §r§aHypixel SkyBlock§r§e!
01:35:34 [EMPTY] 
01:35:34 [PROFILE_JOIN] §aYou are playing on profile: §eApple§b (Co-op)
01:35:34 [PROFILE_JOIN] §8Profile ID: b1a71305-1956-42bf-90e4-bce6f7285754
01:36:26 [WARPING] §7Warping you to your SkyBlock island...
01:36:27 [WARPING] §7Sending to server mini141DE...
01:36:28 [EMPTY] §8 §r§8 §r§1 §r§3 §r§3 §r§7 §r§8 
01:36:28 [EMPTY]  
01:36:28 [EMPTY]   
01:36:30 [PROFILE_JOIN] §aYou are playing on profile: §eApple§b (Co-op)
01:36:30 [PROFILE_JOIN] §8Profile ID: b1a71305-1956-42bf-90e4-bce6f7285754
01:36:44 [EMPTY] §f §r§r§r§f §r§r§r§1 §r§r§r§0 §r§r§r§2 §r§r§r§f §r§r§r§f §r§r§r§2 §r§r§r§0 §r§r§r§4 §r§r§r§3 §r§r§r§9 §r§r§r§2 §r§r§r§0 §r§r§r§0 §r§r§r§3 §r§r§r§9 §r§r§r§2 §r§r§r§0 §r§r§r§0 §r§r§r§3 §r§r§r§9 §r§r§r§2 §r§r§r§0 §r§r§r§0 
01:36:44 [LOBBY] §b✦ §r§7You earned §r§b35 §r§7Mystery Dust!
01:36:44 [LOBBY] §b[MVP§9+§b] Sebbebas§f §6joined the lobby!
01:36:48 [LOBBY] §b[MVP§d+§b] oklopfer§f §6joined the lobby!
01:36:50 [WARPING] §7Sending to server mini77DJ...
01:36:51 [EMPTY] §8 §r§8 §r§1 §r§3 §r§3 §r§7 §r§8 
01:36:53 [EMPTY] 
01:36:53 [WELCOME] §eWelcome to §r§aHypixel SkyBlock§r§e!
01:36:53 [EMPTY] 
01:36:55 [PROFILE_JOIN] §aYou are playing on profile: §eBanana§b (Co-op)
01:36:55 [PROFILE_JOIN] §8Profile ID: b1a71305-1956-42bf-90e4-bce6f7285754
01:37:04 [WARPING] §7Warping...
01:39:48 [GUILD_EXP] §aYou earned §r§2208 GEXP §r§afrom playing SkyBlock!
01:40:50 [WARPING] §7Warping...
01:41:25 [EMPTY] §f                                        
01:41:42 [WARPING] §7Warping you to your SkyBlock island...
01:41:42 [WARPING] §7Sending to server mini248M...
01:41:43 [EMPTY] §8 §r§8 §r§1 §r§3 §r§3 §r§7 §r§8 
01:41:45 [PROFILE_JOIN] §aYou are playing on profile: §eBanana§b (Co-op)
01:41:45 [PROFILE_JOIN] §8Profile ID: b1a71305-1956-42bf-90e4-bce6f7285754
01:41:55 [WARPING] §7Warping...
01:41:55 [WARPING] §7Sending to server mini71AB...
01:41:55 [EMPTY] §8 §r§8 §r§1 §r§3 §r§3 §r§7 §r§8 
01:41:58 [PROFILE_JOIN] §aYou are playing on profile: §eBanana§b (Co-op)
01:41:58 [PROFILE_JOIN] §8Profile ID: b1a71305-1956-42bf-90e4-bce6f7285754
01:42:41 [WARPING] §7Sending to server mini1001M...
01:42:42 [EMPTY] §8 §r§8 §r§1 §r§3 §r§3 §r§7 §r§8 
01:42:44 [EMPTY] 
01:42:44 [EMPTY] 
01:42:45 [PROFILE_JOIN] §aYou are playing on profile: §eBanana§b (Co-op)
01:42:45 [PROFILE_JOIN] §8Profile ID: b1a71305-1956-42bf-90e4-bce6f7285754
01:43:01 [EMPTY] 
01:43:07 [EMPTY] 
01:47:42 [GUILD_EXP] §aYou earned §r§2501 GEXP §r§afrom playing SkyBlock!
01:50:00 [WARPING] §7Sending to server mini97BJ...
01:50:01 [EMPTY] §8 §r§8 §r§1 §r§3 §r§3 §r§7 §r§8 
01:50:04 [PROFILE_JOIN] §aYou are playing on profile: §eBanana§b (Co-op)
01:50:04 [PROFILE_JOIN] §8Profile ID: b1a71305-1956-42bf-90e4-bce6f7285754
01:51:14 [EMPTY] §f                                        
01:52:28 [WARPING] §7Sending to server mini86CR...
01:52:30 [EMPTY] §8 §r§8 §r§1 §r§3 §r§3 §r§7 §r§8 
01:52:32 [EMPTY] §f                                        
01:52:35 [EMPTY] 
01:52:35 [EMPTY] 
01:52:35 [PROFILE_JOIN] §aYou are playing on profile: §eBanana§b (Co-op)
01:52:35 [PROFILE_JOIN] §8Profile ID: b1a71305-1956-42bf-90e4-bce6f7285754
01:52:47 [EMPTY] 
01:53:01 [EMPTY] 
01:56:13 [REWARD_WRAPPER] §e§l▬▬▬▬▬▬▬▬▬▬▬▬▬▬▬▬▬▬▬▬▬▬▬▬▬▬▬▬▬▬▬▬▬▬▬▬▬▬▬▬▬▬▬▬▬▬▬▬▬▬▬▬▬▬▬▬▬▬▬▬▬▬▬▬
01:56:13 [EMPTY] 
01:56:13 [POWDER_REWARD_HEADER]   §r§a§lREWARDS
01:56:13 [REWARD_WRAPPER] §e§l▬▬▬▬▬▬▬▬▬▬▬▬▬▬▬▬▬▬▬▬▬▬▬▬▬▬▬▬▬▬▬▬▬▬▬▬▬▬▬▬▬▬▬▬▬▬▬▬▬▬▬▬▬▬▬▬▬▬▬▬▬▬▬▬
01:56:35 [WARPING] §7Sending to server mini1014A...
01:56:36 [EMPTY] §8 §r§8 §r§1 §r§3 §r§3 §r§7 §r§8 
01:56:39 [PROFILE_JOIN] §aYou are playing on profile: §eBanana§b (Co-op)
01:56:39 [PROFILE_JOIN] §8Profile ID: b1a71305-1956-42bf-90e4-bce6f7285754
01:57:06 [WARPING] §7Warping...
