13:26:55 PRIVATE_ISLAND
13:27:03 NONE
13:27:04 HUB
13:27:37 NONE
13:27:39 DWARVEN_MINES
13:32:16 NONE
13:32:16 CRYSTAL_HOLLOWS
13:48:25 NONE
13:48:25 DWARVEN_MINES
13:48:30 NONE
13:48:30 CRYSTAL_HOLLOWS
13:48:41 NONE
13:48:42 PRIVATE_ISLAND
13:48:46 NONE
13:48:47 CRYSTAL_HOLLOWS
14:15:49 NONE
14:15:49 PRIVATE_ISLAND_GUEST
14:16:06 NONE
14:16:07 CRIMSON_ISLE
14:17:48 NONE
14:17:49 CRYSTAL_HOLLOWS
14:21:01 NONE
14:21:01 DWARVEN_MINES
14:31:22 NONE
14:31:23 PRIVATE_ISLAND
14:31:27 NONE
14:31:27 CRYSTAL_HOLLOWS
14:31:31 NONE
14:31:31 DWARVEN_MINES
14:33:48 NONE
14:33:48 HUB
14:40:01 NONE
14:40:02 CRYSTAL_HOLLOWS
15:04:58 NONE
15:04:58 DWARVEN_MINES
15:05:07 NONE
15:05:07 CRYSTAL_HOLLOWS
15:05:21 NONE
15:05:21 DWARVEN_MINES
15:18:07 NONE
15:18:07 CRYSTAL_HOLLOWS
15:21:11 NONE
15:21:11 PRIVATE_ISLAND
15:21:19 NONE
15:21:19 CRYSTAL_HOLLOWS
16:29:36 NONE
16:29:36 DWARVEN_MINES
16:32:00 NONE
16:32:00 CRYSTAL_HOLLOWS
16:34:00 NONE
16:34:01 DWARVEN_MINES
16:35:05 NONE
16:35:05 CRYSTAL_HOLLOWS
