16:26:49 Removed old visitor: '§aLynn'
16:26:59 Removed old visitor: '§aJack'
17:11:16 Removed old visitor: '§9Lumina'
17:11:35 Removed old visitor: '§aAlchemist'
17:12:54 Removed old visitor: '§aShaggy'
17:12:57 Removed old visitor: '§aJamie'
17:12:57 Removed old visitor: '§aEmissary Carlton'
17:13:58 Removed old visitor: '§9Rusty'
17:38:58 Removed old visitor: '§aOdawa'
17:39:10 Removed old visitor: '§aXalx'
17:40:02 Removed old visitor: '§9Lazy Miner'
17:40:05 Removed old visitor: '§9Emissary Sisko'
17:40:08 Removed old visitor: '§aBanker Broadjaw'
17:48:08 Removed old visitor: '§aTarwen'
17:56:56 Removed old visitor: '§aGeonathan Greatforge'
18:41:31 Removed old visitor: '§aAdventurer'
18:41:43 Removed old visitor: '§9Shifty'
18:41:46 Removed old visitor: '§9Tia the Fairy'
18:41:49 Removed old visitor: '§aEmissary Fraiser'
18:42:41 Removed old visitor: '§aDuke'
19:02:24 Removed old visitor: '§aAlchemist'
19:09:01 Removed old visitor: '§aEmissary Carlton'
