12:12:17 §f §r§r§r§f §r§r§r§1 §r§r§r§0 §r§r§r§2 §r§r§r§f §r§r§r§f §r§r§r§2 §r§r§r§0 §r§r§r§4 §r§r§r§3 §r§r§r§9 §r§r§r§2 §r§r§r§0 §r§r§r§0 §r§r§r§3 §r§r§r§9 §r§r§r§2 §r§r§r§0 §r§r§r§0 §r§r§r§3 §r§r§r§9 §r§r§r§2 §r§r§r§0 §r§r§r§0 
12:12:35 §f §r§r§r§f §r§r§r§1 §r§r§r§0 §r§r§r§2 §r§r§r§f §r§r§r§f §r§r§r§2 §r§r§r§0 §r§r§r§4 §r§r§r§3 §r§r§r§9 §r§r§r§2 §r§r§r§0 §r§r§r§0 §r§r§r§3 §r§r§r§9 §r§r§r§2 §r§r§r§0 §r§r§r§0 §r§r§r§3 §r§r§r§9 §r§r§r§2 §r§r§r§0 §r§r§r§0 
12:12:38 §8 §r§8 §r§1 §r§3 §r§3 §r§7 §r§8 
12:12:40 
12:12:40 
12:18:07 
12:18:07 
12:19:03 §8 §r§8 §r§1 §r§3 §r§3 §r§7 §r§8 
12:27:25 §8 §r§8 §r§1 §r§3 §r§3 §r§7 §r§8 
12:36:50 §8 §r§8 §r§1 §r§3 §r§3 §r§7 §r§8 
12:44:40 §8 §r§8 §r§1 §r§3 §r§3 §r§7 §r§8 
12:50:52  
12:55:33  
12:56:08  
12:59:17  
13:01:07 §8 §r§8 §r§1 §r§3 §r§3 §r§7 §r§8 
13:01:12 §8 §r§8 §r§1 §r§3 §r§3 §r§7 §r§8 
13:01:32 §8 §r§8 §r§1 §r§3 §r§3 §r§7 §r§8 
13:01:39 §8 §r§8 §r§1 §r§3 §r§3 §r§7 §r§8 
13:03:02 §8 §r§8 §r§1 §r§3 §r§3 §r§7 §r§8 
13:08:13 §8 §r§8 §r§1 §r§3 §r§3 §r§7 §r§8 
13:10:44  
13:11:43 §8 §r§8 §r§1 §r§3 §r§3 §r§7 §r§8 
13:11:57 §8 §r§8 §r§1 §r§3 §r§3 §r§7 §r§8 
13:13:56  
13:21:03  
13:23:27 §8 §r§8 §r§1 §r§3 §r§3 §r§7 §r§8 
13:23:27  
13:23:27   
13:23:31  
13:23:31  
13:23:31  
13:23:34 §8 §r§8 §r§1 §r§3 §r§3 §r§7 §r§8 
13:27:25  
13:45:19  
13:49:11  
14:01:37 §f
14:02:28  
14:08:23 §8 §r§8 §r§1 §r§3 §r§3 §r§7 §r§8 
14:10:23 §8 §r§8 §r§1 §r§3 §r§3 §r§7 §r§8 
14:11:17 §8 §r§8 §r§1 §r§3 §r§3 §r§7 §r§8 
14:11:22 §8 §r§8 §r§1 §r§3 §r§3 §r§7 §r§8 
14:16:05 §8 §r§8 §r§1 §r§3 §r§3 §r§7 §r§8 
14:16:48 §8 §r§8 §r§1 §r§3 §r§3 §r§7 §r§8 
14:17:56 §f §r§r§r§f §r§r§r§1 §r§r§r§0 §r§r§r§2 §r§r§r§f §r§r§r§f §r§r§r§2 §r§r§r§0 §r§r§r§4 §r§r§r§3 §r§r§r§9 §r§r§r§2 §r§r§r§0 §r§r§r§0 §r§r§r§3 §r§r§r§9 §r§r§r§2 §r§r§r§0 §r§r§r§0 §r§r§r§3 §r§r§r§9 §r§r§r§2 §r§r§r§0 §r§r§r§0 
14:17:59 §8 §r§8 §r§1 §r§3 §r§3 §r§7 §r§8 
14:18:01 
14:18:01 
14:18:09 §8 §r§8 §r§1 §r§3 §r§3 §r§7 §r§8 
14:18:32 §8 §r§8 §r§1 §r§3 §r§3 §r§7 §r§8 
