18:42:02 §b[MVP§f+§b] Sebbebas§f §6joined the lobby!
18:42:02 §b[MVP§9+§b] MrPouceBleu§f §6joined the lobby!
18:42:03   §r§f§l➤ §r§6You have reached your Hype limit! Add Hype to Prototype Lobby minigames by right-clicking with the Hype Diamond!
18:42:09 §b[MVP§2+§b] Ab1lity§f §6joined the lobby!
18:42:09 §b[MVP§c+§b] JazzyAthenian§f §6joined the lobby!
18:42:09 §b[MVP§c+§b] jonizocker§f §6joined the lobby!
18:42:13 §b[MVP§d+§b] notTCG§f §6joined the lobby!
18:42:14 §b[MVP§c+§b] Yumshi§f §6joined the lobby!
18:42:14 §b[MVP§d+§b] shon123§f §6joined the lobby!
18:42:15 §b[MVP§9+§b] Virsanov§f §6joined the lobby!
18:42:18 §b[MVP§c+§b] Tester120§f §6joined the lobby!
18:42:21 §b[MVP§c+§b] IMIGHTY607§f §6joined the lobby!
18:42:26 §b[MVP§c+§b] Cowarted§f §6joined the lobby!
18:42:26 §b[MVP§2+§b] x3lp§f §6joined the lobby!
18:42:33 §b[MVP§6+§b] SylexBlahajowner§f §6joined the lobby!
18:42:34 §b[MVP§c+§b] GDog8000§f §6joined the lobby!
18:42:35 §b[MVP§c+§b] victorvi§f §6joined the lobby!
18:42:35 §b[MVP§a+§b] xNatteNatasha§f §6joined the lobby!
18:42:36 §b[MVP§d+§b] napalenie§f §6joined the lobby!
18:42:40 §b[MVP§f+§b] AxosaurusRex§f §6joined the lobby!
18:42:41 §b[MVP§a+§b] GrizleeRain§f §6joined the lobby!
18:42:46  §b>§c>§a>§r §r§6[MVP§f++§6] juddloe§f §6joined the lobby!§r §a<§c<§b<
18:42:47 §b[MVP§a+§b] StahlGenltal187§f §6joined the lobby!
18:42:48 §b[MVP§d+§b] beco13§f §6joined the lobby!
18:42:50 §b[MVP§d+§b] Filo4444§f §6joined the lobby!
18:42:52 §b[MVP§9+§b] poopsock420§f §6joined the lobby!
18:42:53 §b[MVP§9+§b] __BLYNK__§f §6joined the lobby!
18:42:53 §b[MVP§f+§b] alwjr§f §6joined the lobby!
18:42:59 §b[MVP§f+§b] CaelestisRl§f §6joined the lobby!
18:42:59 §b[MVP§6+§b] Lavarite§f §6joined the lobby!
18:43:05 §b[MVP§f+§b] Epun_§f §6joined the lobby!
18:43:06 §b[MVP§c+§b] BKK146§f §6joined the lobby!
18:43:07 §b[MVP§c+§b] Harteliuss§f §6joined the lobby!
18:43:08 §b[MVP§4+§b] Fuze_Tea_§f §6joined the lobby!
18:43:10 §b[MVP§9+§b] DarkGladiator§f §6joined the lobby!
18:43:11 §b[MVP§f+§b] G4xy§f §6joined the lobby!
18:43:12 §b[MVP§2+§b] tmrz§f §6joined the lobby!
18:43:13 §b[MVP§e+§b] razvannQR§f §6joined the lobby!
18:43:17 §b[MVP§9+§b] Ax3r§f §6joined the lobby!
18:43:18 §b[MVP§c+§b] TheWeeDs§f §6joined the lobby!
18:43:21 §b[MVP§2+§b] 187ner§f §6joined the lobby!
18:43:25 §b[MVP§a+§b] Vo1dgloom§f §6joined the lobby!
18:43:25 §b[MVP§9+§b] Stick44§f §6joined the lobby!
18:43:25 §b[MVP§c+§b] Arxv§f §6joined the lobby!
18:43:25 §b[MVP§c+§b] Lunarkiller317§f §6joined the lobby!
18:43:30 §b[MVP§0+§b] AdamCraftPC§f §6joined the lobby!
18:43:30 §b[MVP§c+§b] dxath_Cxmbo§f §6joined the lobby!
18:43:32 §b[MVP§c+§b] P00P0O§f §6joined the lobby!
18:43:34 §b[MVP§e+§b] HypixelGods§f §6joined the lobby!
18:43:34 §b[MVP§2+§b] xSlein§f §6joined the lobby!
18:43:35 §b[MVP§c+§b] Hakapit§f §6joined the lobby!
18:43:35 §b[MVP§c+§b] Supr3me_YT§f §6joined the lobby!
18:43:35 §b[MVP§c+§b] bewilderedd§f §6joined the lobby!
18:43:35 §b[MVP§2+§b] yuvalking12§f §6joined the lobby!
18:43:36 §b[MVP§d+§b] Daniyal§f §6joined the lobby!
18:43:41 §b[MVP§c+§b] Davcio__§f §6joined the lobby!
18:43:46 §b[MVP§2+§b] Deleted09§f §6joined the lobby!
18:43:47 §b[MVP§c+§b] DJORIAN§f §6joined the lobby!
18:43:50 §b[MVP§9+§b] DarkElements§f §6joined the lobby!
18:43:52 §b[MVP§6+§b] hiraginoyuki§f §6joined the lobby!
18:43:54 §b[MVP§2+§b] P4nos§f §6joined the lobby!
18:44:03 §b[MVP§d+§b] Irob1§f §6joined the lobby!
18:44:14 §b[MVP§4+§b] Lyhan§f §6joined the lobby!
18:44:17 §b[MVP§e+§b] TylrrOnArch§f §6joined the lobby!
18:44:17 §b[MVP§d+§b] Daniflytrap§f §6joined the lobby!
18:44:19 §b[MVP§d+§b] CatGirlFroggy§f §6joined the lobby!
18:44:27 §b[MVP§2+§b] Seldood§f §6joined the lobby!
18:44:27 §b[MVP§2+§b] Capitaine_V_YT§f §6joined the lobby!
18:44:28 §b[MVP§c+§b] shoesIAte§f §6joined the lobby!
18:44:29 §b[MVP§c+§b] OrangeShark7534§f §6joined the lobby!
18:44:37 §b[MVP§c+§b] TheClapp3r§f §6joined the lobby!
18:44:39 §b[MVP§4+§b] ActuallyStecky§f §6joined the lobby!
18:44:41 §b[MVP§c+§b] BadlionDev1§f §6joined the lobby!
18:44:41 §b[MVP§c+§b] aniqwer§f §6joined the lobby!
18:44:45 §b[MVP§c+§b] ravenclaw6666§f §6joined the lobby!
18:44:47 §b[MVP§a+§b] CPTLoZ§f §6joined the lobby!
18:44:47 §b[MVP§9+§b] PiwkoTesco_§f §6joined the lobby!
18:44:50  §b>§c>§a>§r §r§6[MVP§0++§6] texly§f §6joined the lobby!§r §a<§c<§b<
18:44:50 §b[MVP§a+§b] 1cy__§f §6joined the lobby!
18:44:52 §b[MVP§c+§b] AemosewA§f §6joined the lobby!
18:44:52 §b[MVP§c+§b] Toderek§f §6joined the lobby!
18:44:54  §b>§c>§a>§r §r§6[MVP§0++§6] Drayyvon§f §6joined the lobby!§r §a<§c<§b<
18:44:55 §b[MVP§3+§b] BananasInPajama§f §6joined the lobby!
18:44:57 §b[MVP§c+§b] TheMuffinMan37§f §6joined the lobby!
18:44:57 §b[MVP§4+§b] Endray§f §6joined the lobby!
18:44:59 §b[MVP§c+§b] Xollo_§f §6joined the lobby!
19:13:16 §b[MVP§f+§b] Sebbebas§f §6joined the lobby!
19:13:19   §r§f§l➤ §r§6You have reached your Hype limit! Add Hype to Prototype Lobby minigames by right-clicking with the Hype Diamond!
19:13:23 §b[MVP§f+§b] Impastaaaaa§f §6joined the lobby!
19:13:24 §b[MVP§f+§b] MyGunzAreBroke§f §6joined the lobby!
19:13:25 §b[MVP§0+§b] cernio§f §6joined the lobby!
19:13:28 §b[MVP§f+§b] Stars_alfred§f §6joined the lobby!
19:13:29 §b[MVP§d+§b] xpanter§f §6joined the lobby!
19:13:30 §b[MVP§9+§b] AresMCpro§f §6joined the lobby!
19:13:35 §b[MVP§9+§b] PiggieD§f §6joined the lobby!
19:13:49 §b[MVP§a+§b] FRM_SLADE§f §6joined the lobby!
19:13:49 §b[MVP§9+§b] EVA_707§f §6joined the lobby!
19:14:03 §b[MVP§2+§b] 3_swordstyle§f §6joined the lobby!
19:14:14 §b[MVP§d+§b] Teemp§f §6joined the lobby!
19:14:22 §b[MVP§0+§b] shuiqwe§f §6joined the lobby!
19:14:28 §b[MVP§c+§b] NasenSprayy§f §6joined the lobby!
19:14:30 §b[MVP§c+§b] HahGn§f §6joined the lobby!
19:14:30 §b[MVP§c+§b] Waanti§f §6joined the lobby!
19:14:30 §b[MVP§4+§b] RolfOfHouseRolf§f §6joined the lobby!
19:14:30 §b[MVP§c+§b] JagBrandeFisken§f §6joined the lobby!
19:14:39 §b[MVP§d+§b] MonkeyLover985§f §6joined the lobby!
19:15:07 §b[MVP§d+§b] Gen0cid§f §6joined the lobby!
19:15:07 §b[MVP§f+§b] Velrie§f §6joined the lobby!
19:15:12 §b[MVP§6+§b] Hansli01§f §6joined the lobby!
19:15:13  §b>§c>§a>§r §r§6[MVP§d++§6] _ILeoI_§f §6joined the lobby!§r §a<§c<§b<
19:22:51 §b[MVP§f+§b] Sebbebas§f §6joined the lobby!
19:22:52   §r§f§l➤ §r§6You have reached your Hype limit! Add Hype to Prototype Lobby minigames by right-clicking with the Hype Diamond!
