20:38:50 [allowed] §aYou have §b15 §aunclaimed leveling rewards!
20:38:50 [allowed] §eClick here to view them!
20:39:03 [allowed] §eLatest update: §bSkyBlock v0.20.6 §e§lCLICK
20:39:16 [allowed] §cThere are blocks in the way!
20:40:20 [allowed] §cYou haven't unlocked this fast travel destination!
20:40:26 [allowed] §f§m-----------------------------------------------------
§r§cYou should NEVER enter your Microsoft account details anywhere but on official Microsoft services!

§r§cExternal links from untrusted sources should be avoided.
§r§f§m-----------------------------------------------------
20:41:01 [allowed] §cYou don't have the required materials!
20:42:17 [allowed] §eLatest update: §bSkyBlock v0.20.6 §e§lCLICK
20:42:33 [allowed] §6[Bazaar] §r§7Executing instant sell...
20:42:33 [allowed] §6[Bazaar] §r§7Sold §r§a4§r§7x §r§a§r§aGreen Goblin Egg §r§7for §r§618,846 coins§r§7!
20:42:34 [allowed] §6[Bazaar] §r§7Executing instant sell...
20:42:34 [allowed] §6[Bazaar] §r§7Sold §r§a2§r§7x §r§9Goblin Egg §r§7for §r§68,086.6 coins§r§7!
20:42:35 [allowed] §6[Bazaar] §r§7Executing instant sell...
20:42:35 [allowed] §6[Bazaar] §r§7Sold §r§a1§r§7x §r§9§r§eYellow Goblin Egg §r§7for §r§67,000.1 coins§r§7!
20:42:49 [allowed] §c ☠ §r§7§r§bTheGalacticSpy§r§7 was killed by §r§8§lBarbarian Duke X§r§7§r§7.
20:43:06 [allowed] §dRabbit Uncle §r§7has been promoted to §r§7[204§r§7] §r§dExecutive§r§7!
20:43:08 [allowed] §d§lTIME TOWER! §r§7Your §r§6Chocolate Factory §r§7production has increased by §r§6+0.5x §r§7for §r§a1h§r§7!
20:43:09 [allowed] §dRabbit Dog §r§7has been promoted to §r§7[201§r§7] §r§dExecutive§r§7!
20:43:10 [allowed] §dRabbit Granny §r§7has been promoted to §r§7[208§r§7] §r§dExecutive§r§7!
20:43:13 [allowed] §dRabbit Daddy §r§7has been promoted to §r§7[213§r§7] §r§dExecutive§r§7!
20:43:13 [allowed] §dRabbit Daddy §r§7has been promoted to §r§7[214§r§7] §r§dExecutive§r§7!
20:43:14 [allowed] §dRabbit Sis §r§7has been promoted to §r§7[219§r§7] §r§dExecutive§r§7!
20:43:15 [allowed] §dRabbit Uncle §r§7has been promoted to §r§7[205§r§7] §r§dExecutive§r§7!
20:43:23 [allowed] §8[§r§5394§r§8] §r§6〣 §r§b[MVP§3+§b] Xephor_EX§f§r§f: lmao
20:43:41 [allowed] §c ☠ §r§7§r§bVelo02§r§7 was killed by §r§4Burningsoul Demon§r§7§r§7.
20:45:43 [allowed] §c ☠ §r§7§r§bbresxD§r§7 was killed by §r§cMagma Glare§r§7§r§7.
20:46:23 [allowed] §8[§r§9306§r§8] §r§6♫ §r§b[MVP§d+§b] LPW_YT§f§r§f: magma boss 70%
20:47:02 [allowed] §c ☠ §r§7§r§b187i§r§7 was crushed§r§7.
20:47:39 [allowed] §c ☠ §r§7§r§bOLlVE§r§7 was killed by §r§cMagma Glare§r§7§r§7.
20:47:41 [allowed] §c ☠ §r§7§r§bmizer727§r§7 was killed by §r§8§lBladesoul§r§7§r§7.
20:47:42 [allowed] §8[§r§9306§r§8] §r§6♫ §r§b[MVP§d+§b] LPW_YT§f§r§f: 100%
20:48:05 [allowed] §8[§r§9304§r§8] §r§6♫ §r§b[MVP§f+§b] 187i§f§r§f: warum bist du 2 level über mir grrr
20:48:07 [allowed] §c ☠ §r§7§r§bmizer727§r§7 was killed by §r§8§lBladesoul§r§7§r§7.
20:50:33 [allowed] §cPlease input a valid number!
20:50:43 [allowed] §8Withdrawing coins...
20:50:43 [allowed] §aWithdrew §r§62M coins§r§a! There's now §r§6303M coins §r§aleft in the account!
20:50:53 [allowed] §6[Bazaar] §r§7Executing instant buy...
20:50:53 [allowed] §6[Bazaar] §r§7Bought §r§a1§r§7x §r§9Synthetic Heart §r§7for §r§6151,881 coins§r§7!
20:51:38 [allowed] §6The sound of pickaxes clashing against the rock has attracted the attention of the §r§6§lPOWDER GHAST!
20:51:38 [allowed] §eFind the §r§6Powder Ghast§r§e near the §r§bForge Basin§r§e!
20:52:02 [allowed] §c ☠ §r§7§r§7Ten_Rook§r§7 was killed by Knifethrower§r§7§r§7.
20:52:55 [allowed] §cThere are blocks in the way!
20:52:58 [allowed] §aYou removed the §r§6Fuel Tank §r§aon your §r§6Titanium Drill DR-X655§r§a!
20:53:24 [allowed] §5§l✯ §r§eA §r§5Fallen Star §r§ehas crashed at §r§bRampart's Quarry§r§e! Nearby ore and Powder drops are amplified!
20:53:41 [allowed] §cThere are blocks in the way!
20:53:54 [allowed] §c ☠ §r§7§r§7Ten_Rook§r§7 was killed by Ghost§r§7§r§7.
20:53:56 [allowed] §6[Bazaar] §r§7Executing instant buy...
20:53:56 [allowed] §6[Bazaar] §r§7Bought §r§a32§r§7x §r§9Plasma §r§7for §r§6677,091 coins§r§7!
20:58:42 [allowed] §eYou Supercrafted §r§r§r§9Enchanted Gold Block§r§e!
20:58:43 [allowed] §eYou Supercrafted §r§r§r§9Enchanted Gold Block§r§e!
20:58:43 [allowed] §eYou Supercrafted §r§r§r§9Enchanted Gold Block§r§e!
20:58:45 [allowed] §eYou Supercrafted §r§r§r§9Enchanted Gold Block§r§e!
20:58:46 [allowed] §eYou Supercrafted §r§r§r§9Enchanted Gold Block§r§e!
20:58:46 [allowed] §eYou Supercrafted §r§r§r§9Enchanted Gold Block§r§e!
20:58:47 [allowed] §eYou Supercrafted §r§r§r§9Enchanted Gold Block§r§e!
20:58:47 [allowed] §eYou Supercrafted §r§r§r§9Enchanted Gold Block§r§e!
20:58:48 [allowed] §eYou Supercrafted §r§r§r§9Enchanted Gold Block§r§e!
20:58:48 [allowed] §eYou Supercrafted §r§r§r§9Enchanted Gold Block§r§e!
20:58:49 [allowed] §eYou Supercrafted §r§r§r§9Enchanted Gold Block§r§e!
20:58:49 [allowed] §eYou Supercrafted §r§r§r§9Enchanted Gold Block§r§e!
20:58:51 [allowed] §aMoved §r§e1 Enchanted Gold Block§r§a from your Sacks to your inventory.
20:58:53 [allowed] §aMoved §r§e1 Enchanted Gold Block§r§a from your Sacks to your inventory.
20:58:55 [allowed] §aMoved §r§e1 Enchanted Gold Block§r§a from your Sacks to your inventory.
20:58:56 [allowed] §aMoved §r§e1 Enchanted Gold Block§r§a from your Sacks to your inventory.
20:58:58 [allowed] §aMoved §r§e1 Enchanted Gold Block§r§a from your Sacks to your inventory.
20:59:00 [allowed] §cYou have no Enchanted Gold Block in your Sacks!
20:59:01 [allowed] §cYou have no Enchanted Gold Block in your Sacks!
20:59:03 [allowed] §cYou have no Enchanted Gold Block in your Sacks!
20:59:56 [allowed] §8Withdrawing coins...
20:59:56 [allowed] §aWithdrew §r§630M coins§r§a! There's now §r§6273M coins §r§aleft in the account!
21:00:17 [allowed] §6[Bazaar] §r§7Putting goods in escrow...
21:00:17 [allowed] §6[Bazaar] §r§7Submitting buy order...
21:00:17 [allowed] §6[Bazaar] §r§7§r§eBuy Order Setup! §r§a22§r§7x §r§9Enchanted Diamond Block §r§7for §r§64,467,393 coins§r§7.
21:00:33 [allowed] §c ☠ §r§7§r§7Ten_Rook§r§7 was killed by Ghost§r§7§r§7.
21:00:34 [allowed] §8Depositing coins...
21:00:34 [allowed] §aDeposited §r§626M coins§r§a! There's now §r§6300M coins §r§ain the account!
21:00:38 [allowed] §cYou don't have the required materials!
21:00:40 [allowed] §6[Bazaar] §eYour §aBuy Order §efor §a22§7x §9Enchanted Diamond Block §ewas filled!
21:00:47 [allowed] §6[Bazaar] §r§7Claiming order...
21:00:47 [allowed] §6[Bazaar] §r§7§r§7Claimed §r§a22§r§7x §r§9Enchanted Diamond Block §r§7worth §r§64,467,393 coins §r§7bought for §r§6203,063 §r§7each!
21:01:46 [allowed] §c ☠ §r§7§r§7Ten_Rook§r§7 was killed by Ghost§r§7§r§7.
21:04:16 [allowed]  §b⚑ §eThe §b2x Powder §eevent starts in §a20 §eseconds!
 §eThis is a passive event! §bIt's happening everywhere in the §bDwarven Mines!
21:04:21 [allowed] §cThere are blocks in the way!
21:04:21 [allowed] §cThere are blocks in the way!
21:04:21 [allowed] §cThere are blocks in the way!
21:04:21 [allowed] §cThere are blocks in the way!
21:04:22 [allowed] §cThere are blocks in the way!
21:04:22 [allowed] §cThere are blocks in the way!
21:04:23 [allowed] §cThere are blocks in the way!
21:04:23 [allowed] §cThere are blocks in the way!
21:04:23 [allowed] §cThere are blocks in the way!
21:04:24 [allowed] §cThere are blocks in the way!
21:04:24 [allowed] §cThere are blocks in the way!
21:04:24 [allowed] §cThere are blocks in the way!
21:04:24 [allowed] §cThere are blocks in the way!
21:04:25 [allowed] §cThere are blocks in the way!
21:04:25 [allowed] §cThere are blocks in the way!
21:04:26 [allowed] §cThere are blocks in the way!
21:04:26 [allowed] §cThere are blocks in the way!
21:04:27 [allowed] §cThere are blocks in the way!
21:04:27 [allowed] §cThere are blocks in the way!
21:04:28 [allowed] §cThere are blocks in the way!
21:04:28 [allowed] §cThere are blocks in the way!
21:04:28 [allowed] §cThere are blocks in the way!
21:04:28 [allowed] §cThere are blocks in the way!
21:04:28 [allowed] §cThere are blocks in the way!
21:04:29 [allowed] §cThere are blocks in the way!
21:04:29 [allowed] §cThere are blocks in the way!
21:04:29 [allowed] §cThere are blocks in the way!
21:04:29 [allowed] §cThere are blocks in the way!
21:04:31 [allowed] §cThere are blocks in the way!
21:04:35 [allowed] §cThere are blocks in the way!
21:04:36 [allowed] §cThere are blocks in the way!
21:04:36 [allowed] §a§l▬▬▬▬▬▬▬▬▬▬▬▬▬▬▬▬▬▬▬▬▬▬▬▬▬▬▬▬▬▬▬▬▬▬▬▬▬▬▬▬▬▬▬▬▬▬▬▬▬▬▬▬▬▬▬▬▬▬▬▬▬▬▬▬
21:04:36 [allowed] §f                          §r§b§l2X POWDER STARTED!
21:04:36 [allowed] §f                           §r§7Passive Active Event
21:04:36 [allowed] §f        Everybody gets twice as much powder of all types!
21:04:36 [allowed] §a§l▬▬▬▬▬▬▬▬▬▬▬▬▬▬▬▬▬▬▬▬▬▬▬▬▬▬▬▬▬▬▬▬▬▬▬▬▬▬▬▬▬▬▬▬▬▬▬▬▬▬▬▬▬▬▬▬▬▬▬▬▬▬▬▬
21:04:37 [allowed] §cThere are blocks in the way!
21:04:37 [allowed] §cThere are blocks in the way!
21:04:38 [allowed] §cThere are blocks in the way!
21:04:39 [allowed] §cThere are blocks in the way!
21:04:39 [allowed] §cThere are blocks in the way!
21:04:40 [allowed] §cThere are blocks in the way!
21:13:56 [allowed] §c ☠ §r§7§r§7Fr3shCr3sh§r§7 was killed by Knifethrower§r§7§r§7.
21:14:30 [allowed] §5§l✯ §r§eA §r§5Fallen Star §r§ehas crashed at §r§bRampart's Quarry§r§e! Nearby ore and Powder drops are amplified!
21:16:06 [allowed] §cA disconnect occurred in your connection, so you were put in the SkyBlock Lobby!
21:16:11 [allowed] §b[MVP§d+§b] Jaykurii§f§r§f: what
21:16:26 [allowed] §cCannot join SkyBlock for a moment! (Queue join in cooldown)
21:16:26 [allowed] §cCould not connect you to that server!
21:16:33 [allowed] §eLatest update: §bSkyBlock v0.20.6 §e§lCLICK
21:16:53 [allowed] §8[§r§a149§r§8] §r§b[MVP§c+§b] Aurora_Collie§f§r§f: Hypixel Lagging?
21:17:09 [allowed] §e[NPC] §dPuzzler§f: §r§b◀§a▼§b◀§a▼§5▶§d▲§5▶§5▶§5▶§5▶
21:17:13 [allowed] §e[NPC] §dPuzzler§f: §r§a✌✓
21:17:13 [allowed] §e[NPC] §dPuzzler§f: §r▶▶Nice!  ▲Here, ◀have ▼some◀ ▶Mithril Powder!▲
21:17:13 [allowed] §dPuzzler§r§6 gave you §r§21,500 Mithril Powder §r§6for solving the puzzle!
21:20:05 [allowed] §6[Bazaar] §r§7Putting goods in escrow...
21:20:05 [allowed] §6[Bazaar] §r§7Submitting sell offer...
21:20:05 [allowed] §6[Bazaar] §r§7§r§eSell Offer Setup! §r§a3§r§7x §r§6Refined Titanium §r§7for §r§62,601,994 coins§r§7.
21:20:14 [allowed] §b§m--------------§r§f  §r§aGuild: Message Of The Day  §r§b§m--------------
21:20:14 [allowed] §b| §r§f[22] [MVP+] Sebbebas Ⓑ: you should give me foraging 50 on my main
21:20:14 [allowed] §b| §r§f[22] [MVP+] Sebbebas Ⓑ: wink wink
21:20:14 [allowed] §b| §r§f[300] [ADMIN] LadyBleu: you almost had iit until you winked
21:20:14 [allowed] §b| §r§f[22] [MVP+] Sebbebas Ⓑ: :(
21:20:14 [allowed] §b| §r§f[300] [ADMIN] LadyBleu: biig mistaake
21:20:14 [allowed] §b§m-----------------------------------------------------
21:20:21 [allowed] §eLatest update: §bSkyBlock v0.20.6 §e§lCLICK
21:20:28 [allowed] §f§m-----------------------------------------------------
§r§cYou should NEVER enter your Microsoft account details anywhere but on official Microsoft services!

§r§cExternal links from untrusted sources should be avoided.
§r§f§m-----------------------------------------------------
21:20:50 [allowed] §aYou have §b15 §aunclaimed leveling rewards!
21:20:50 [allowed] §eClick here to view them!
21:20:54 [allowed] §eLatest update: §bSkyBlock v0.20.6 §e§lCLICK
21:21:05 [allowed] §f§m-----------------------------------------------------
§r§cYou should NEVER enter your Microsoft account details anywhere but on official Microsoft services!

§r§cExternal links from untrusted sources should be avoided.
§r§f§m-----------------------------------------------------
21:21:30 [allowed] §cThere are blocks in the way!
21:21:30 [allowed] §cThere are blocks in the way!
21:21:31 [allowed] §cThere are blocks in the way!
21:21:31 [allowed] §cThere are blocks in the way!
21:21:32 [allowed] §c ☠ §r§7§r§aphyja§r§7 was killed by Ghost§r§7§r§7.
21:22:45 [allowed] §eLatest update: §bSkyBlock v0.20.6 §e§lCLICK
21:23:17 [allowed] §e[NPC] §bDon Expresso§f: §rDO YOU EVEN KNOW WHO I AM
21:23:33 [allowed] §e[NPC] §bDon Expresso§f: §rI MIGHT JUST STAY HERE FOREVER THEN
21:23:47 [allowed] §b§lCOMPACT! §r§fYou found an §r§9Enchanted Mithril§r§f!
21:23:51 [allowed] §e[NPC] §bDon Expresso§f: §rI DON'T HAVE ALL DAY, I ONLY WANT THE BEST LOOKING MITHRIL PIECES!
21:24:06 [allowed] §a§lCLIFFSIDE VEINS MITHRIL §r§eCommission Complete! Visit the King §r§eto claim your rewards!
21:24:15 [allowed] §e[NPC] §bDon Expresso§f: §rFEED ME
21:24:17 [allowed] §eYou fed §r§b71 Tasty Mithril §r§eto §r§bDon Expresso§r§e!
21:24:18 [allowed] §e[NPC] §bDon Expresso§f: §rEWWW WHAT IS THIS?
21:24:36 [allowed] §e[NPC] §bDon Expresso§f: §rDO YOU EVEN KNOW WHO I AM
21:24:40 [allowed] §aYou used your §r§6Mining Speed Boost §r§aPickaxe Ability!
21:24:53 [allowed] §e[NPC] §bDon Expresso§f: §rI AM LEAVING A BAD RATING FOR THIS PLACE ON MINEADVISOR
21:24:55 [allowed] §cYour Mining Speed Boost has expired!
21:25:03 [allowed] §eYou fed §r§b28 Tasty Mithril §r§eto §r§bDon Expresso§r§e!
21:25:03 [allowed] §e[NPC] §bDon Expresso§f: §rI DON'T FEEL SO GOOD...
21:25:03 [allowed] §e§oDon Expresso is leaving in 1 minute! Make sure to feed him everything you have before he leaves!
21:25:04 [allowed] §e[NPC] §bDon Expresso§f: §rEWWW WHAT IS THIS?
21:25:04 [allowed] §e[NPC] §bDon Expresso§f: §rDISGUSTING! I'M GONNA GET YOU FIRED FOR FEEDING ME THIS GARBAGE!
21:26:04 [allowed] §a§l▬▬▬▬▬▬▬▬▬▬▬▬▬▬▬▬▬▬▬▬▬▬▬▬▬▬▬▬▬▬▬▬▬▬▬▬▬▬▬▬▬▬▬▬▬▬▬▬▬▬▬▬▬▬▬▬▬▬▬▬▬▬▬▬
21:26:04 [allowed] §f                      §r§b§lMITHRIL GOURMAND ENDED!
21:26:04 [allowed] §f                                 §r§7Mining Event
21:26:04 [allowed] §f         §r§aDon Expresso has eaten enough Mithril. Good job!
21:26:04 [allowed] §f           §r§a§lBONUS! §r§fYou gave Don Expresso 99/10 Mithril!
21:26:04 [allowed] §f                                   Rewards
21:26:04 [allowed] §f                        §r§8+§r§325,000 Mining Experience
21:26:04 [allowed] §f                           §r§8+§r§27,840 Mithril Powder
21:26:04 [allowed] §f                                   §r§8+§r§b56 Bits
21:26:04 [allowed] §f                          §r§8+§r§aDwarven O's Ore Oats
21:26:04 [allowed] §f                    §r§8+§r§aEnchanted Book (§r§d§lFlowstate I§r§a)
21:26:04 [allowed] §a§l▬▬▬▬▬▬▬▬▬▬▬▬▬▬▬▬▬▬▬▬▬▬▬▬▬▬▬▬▬▬▬▬▬▬▬▬▬▬▬▬▬▬▬▬▬▬▬▬▬▬▬▬▬▬▬▬▬▬▬▬▬▬▬▬
21:26:12 [allowed] §cI think you should leave some for the rest of the players.
21:26:23 [allowed] §6[Bazaar] §r§7Putting goods in escrow...
21:26:23 [allowed] §6[Bazaar] §r§7Submitting sell offer...
21:26:23 [allowed] §6[Bazaar] §r§7§r§eSell Offer Setup! §r§a1§r§7x §r§d§lFlowstate I §r§7for §r§6236,475 coins§r§7.
21:26:27 [allowed] §6[Bazaar] §r§7Putting goods in escrow...
21:26:27 [allowed] §6[Bazaar] §r§7Submitting sell offer...
21:26:27 [allowed] §6[Bazaar] §r§7§r§eSell Offer Setup! §r§a1§r§7x §r§aDwarven O's Ore Oats §r§7for §r§6118,648 coins§r§7.
21:26:37 [allowed] §6[Bazaar] §eYour §6Sell Offer §efor §a1§7x §d§lFlowstate I §ewas filled!
21:26:41 [allowed] §a§r§6Mining Speed Boost §r§ais now available!
21:26:47 [allowed] §6[Bazaar] §eYour §6Sell Offer §efor §a1§7x §aDwarven O's Ore Oats §ewas filled!
21:26:54 [allowed] §cThere are blocks in the way!
21:26:55 [allowed] §cThere are blocks in the way!
21:26:56 [allowed] §aYou used your §r§6Mining Speed Boost §r§aPickaxe Ability!
21:27:11 [allowed] §cYour Mining Speed Boost has expired!
21:27:40 [allowed] §a§lGLACITE COLLECTOR §r§eCommission Complete! Visit the King §r§eto claim your rewards!
21:27:47 [allowed] §b§lCOMPACT! §r§fYou found an §r§9Enchanted Glacite§r§f!
21:28:12 [allowed] §cYou cannot put this item in the Accessory Bag!
21:28:18 [allowed] §6The warmth of the campfire reduced your §r§b❄ Cold §r§6to §r§a0§r§6!
21:28:48 [allowed] §eMaxed the Supercraft to §r§b126x crafts§r§e!
21:28:49 [allowed] §eYou Supercrafted §r§r§r§9Enchanted Glacite §r§8x126§r§e!
21:28:58 [allowed] §a§r§6Mining Speed Boost §r§ais now available!
21:29:56 [allowed] §aYou summoned your §r§6Bat§r§a!
21:30:00 [allowed] §aYou summoned your §r§6Scatha§r§a!
21:30:09 [allowed] §cThere are blocks in the way!
21:30:10 [allowed] §cThere are blocks in the way!
21:30:10 [allowed] §cThere are blocks in the way!
21:30:12 [allowed] §cThere are blocks in the way!
21:31:24 [allowed] §5§l✯ §r§eA §r§5Fallen Star §r§ehas crashed at §r§bRoyal Mines§r§e! Nearby ore and Powder drops are amplified!
21:34:22 [allowed] §c ☠ §r§7§r§aRaptorMenace11§r§7 was killed by Ghost§r§7§r§7.
21:35:55 [allowed] §8[§r§739§r§8] §r§b[MVP§e+§b] iTzMikeZ_§f§r§f: raffle?
21:37:52 [allowed] §aYou used your §r§6Mining Speed Boost §r§aPickaxe Ability!
21:38:07 [allowed] §cYour Mining Speed Boost has expired!
21:38:18 [allowed] §a§lTUNGSTEN COLLECTOR §r§eCommission Complete! Visit the King §r§eto claim your rewards!
21:38:21 [allowed] §6The warmth of the campfire reduced your §r§b❄ Cold §r§6to §r§a0§r§6!
21:38:26 [allowed] §8[§r§730§r§8] §r§b[MVP§c+§b] uwtf§f§r§f: ?
21:38:28 [allowed] §aYou summoned your §r§6Bat§r§a!
21:38:29 [allowed] §8[§r§f67§r§8] §r§a[VIP§6+§a] Cinderplasm§f§r§f: what?
21:38:33 [allowed] §aYou summoned your §r§6Scatha§r§a!
21:39:54 [allowed] §a§r§6Mining Speed Boost §r§ais now available!
