00:31:17 §bNew day! §r§eYour §r§2Sky Mall §r§ebuff changed!
00:31:17 §eNew buff§r§r§r: §r§fGain §r§a+50 §r§6☘ Mining Fortune§r§f.
00:31:17 §8§oYou can disable this messaging by toggling Sky Mall in your /hotm!
00:35:01 §bNew day! §r§eYour §r§2Sky Mall §r§ebuff changed!
00:35:01 §eNew buff§r§r§r: §r§fGain §r§a+15% §r§fmore Powder while mining.
00:35:01 §8§oYou can disable this messaging by toggling Sky Mall in your /hotm!
00:55:00 §bNew day! §r§eYour §r§2Sky Mall §r§ebuff changed!
00:55:00 §eNew buff§r§r§r: §r§fReduce Pickaxe Ability cooldown by §r§a20%§r§f.
00:55:00 §8§oYou can disable this messaging by toggling Sky Mall in your /hotm!
01:46:29 §bNew day! §r§eYour §r§2Sky Mall §r§ebuff changed!
01:46:29 §eNew buff§r§r§r: §r§f§r§a10x §r§fchance to find Golden and Diamond Goblins.
01:46:29 §8§oYou can disable this messaging by toggling Sky Mall in your /hotm!
01:55:02 §bNew day! §r§eYour §r§2Sky Mall §r§ebuff changed!
01:55:02 §eNew buff§r§r§r: §r§fGain §r§a5x §r§9Titanium §r§fdrops
01:55:02 §8§oYou can disable this messaging by toggling Sky Mall in your /hotm!
02:15:02 §bNew day! §r§eYour §r§2Sky Mall §r§ebuff changed!
02:15:02 §eNew buff§r§r§r: §r§fGain §r§a+50 §r§6☘ Mining Fortune§r§f.
02:15:02 §8§oYou can disable this messaging by toggling Sky Mall in your /hotm!
02:35:01 §bNew day! §r§eYour §r§2Sky Mall §r§ebuff changed!
02:35:01 §eNew buff§r§r§r: §r§fGain §r§a+15% §r§fmore Powder while mining.
02:35:01 §8§oYou can disable this messaging by toggling Sky Mall in your /hotm!
