12:48:41 [EMPTY] §f §r§r§r§f §r§r§r§1 §r§r§r§0 §r§r§r§2 §r§r§r§f §r§r§r§f §r§r§r§2 §r§r§r§0 §r§r§r§4 §r§r§r§3 §r§r§r§9 §r§r§r§2 §r§r§r§0 §r§r§r§0 §r§r§r§3 §r§r§r§9 §r§r§r§2 §r§r§r§0 §r§r§r§0 §r§r§r§3 §r§r§r§9 §r§r§r§2 §r§r§r§0 §r§r§r§0 
12:48:41 [LOBBY] §b✦ §r§7You earned §r§b27 §r§7Mystery Dust!
12:48:41 [LOBBY] §b[MVP§f+§b] Sebbebas§f §6joined the lobby!
12:48:41 [allowed] §b§m--------------§r§f  §r§aGuild: Message Of The Day  §r§b§m--------------
12:48:41 [allowed] §b| §r§f[22] [MVP+] Sebbebas Ⓑ: you should give me foraging 50 on my main
12:48:41 [allowed] §b| §r§f[22] [MVP+] Sebbebas Ⓑ: wink wink
12:48:41 [allowed] §b| §r§f[300] [ADMIN] LadyBleu: you almost had iit until you winked
12:48:41 [allowed] §b| §r§f[22] [MVP+] Sebbebas Ⓑ: :(
12:48:41 [allowed] §b| §r§f[300] [ADMIN] LadyBleu: biig mistaake
12:48:41 [allowed] §b§m-----------------------------------------------------
12:48:41 [allowed] §aYou have §b2 §aunclaimed leveling rewards!
12:48:41 [allowed] §eClick here to view them!
12:48:41 [LOBBY] §b[MVP§a+§b] TMarioC§f §6joined the lobby!
12:48:41 [LOBBY]   §r§f§l➤ §r§6You have reached your Hype limit! Add Hype to Prototype Lobby minigames by right-clicking with the Hype Diamond!
12:48:42 [LOBBY] §b[MVP§c+§b] Shaucko§f §6joined the lobby!
12:48:43 [LOBBY]  §b>§c>§a>§r §r§6[MVP§1++§6] wtfAri§f §6joined the lobby!§r §a<§c<§b<
12:48:43 [allowed] §cYou are sending commands too fast! Please slow down.
12:48:46 [LOBBY] §b[MVP§c+§b] Kawa_GP§f §6joined the lobby!
12:48:46 [WARPING] §7Sending to server mini188AV...
12:48:46 [EMPTY] §8 §r§8 §r§1 §r§3 §r§3 §r§7 §r§8 
12:48:46 [allowed] §eYou haven't claimed your §r§6Summer Rewards §r§eyet!
12:48:46 [allowed] §eTalk to the §r§bSummer Sloth §r§ein the §r§aHub!
12:48:46 [allowed] §aSince you've been away you earned §r§678,000 coins §r§aas interest in your personal bank account!
12:48:46 [allowed] §b-----------------------------------------------------
12:48:46 [allowed] §aYou have just received §r§6390,000 coins §r§aas interest in your co-op bank account!
12:48:46 [allowed] §b-----------------------------------------------------
12:48:49 [EMPTY] 
12:48:49 [WELCOME] §eWelcome to §r§aHypixel SkyBlock§r§e!
12:48:49 [allowed] §6§lBONUS! §r§bTemporarily earn §r§a5% §r§bmore skill experience!
12:48:49 [EMPTY] 
12:48:49 [allowed] §eLatest update: §bSkyBlock v0.20.5 §e§lCLICK
12:48:49 [allowed] §cYou are sending commands too fast! Please slow down.
12:48:49 [PROFILE_JOIN] §aYou are playing on profile: §eBanana§b (Co-op)
12:48:49 [PROFILE_JOIN] §8Profile ID: b1a71305-1956-42bf-90e4-bce6f7285754
12:48:50 [allowed] §6§lALLOWANCE! §r§eYou earned §r§650,000 coins§r§e!
12:48:51 [allowed] §bNew day! §r§eYour §r§2Sky Mall §r§ebuff changed!
12:48:51 [allowed] §eNew buff§r§r§r: §r§fGain §r§a+100 §r§6⸕ Mining Speed§r§f.
12:49:21 [allowed] §8Withdrawing coins...
12:49:21 [allowed] §aWithdrew §r§62M coins§r§a! There's now §r§6364M coins §r§aleft in the account!
12:49:24 [WARPING] §7Warping...
12:49:46 [allowed] §a§r§6Mining Speed Boost §r§ais now available!
12:50:10 [allowed] §6[Bazaar] §r§7Executing instant buy...
12:50:10 [allowed] §6[Bazaar] §r§7Bought §r§a80§r§7x §r§5Enchanted Titanium §r§7for §r§61,439,520 coins§r§7!
12:50:44 [allowed] §6[Bazaar] §r§7Putting goods in escrow...
12:50:44 [allowed] §6[Bazaar] §r§7Submitting sell offer...
12:50:44 [allowed] §6[Bazaar] §r§7§r§eSell Offer Setup! §r§a5§r§7x §r§6Refined Titanium §r§7for §r§63,797,384 coins§r§7.
12:50:54 [allowed] §8Depositing coins...
12:50:54 [allowed] §aDeposited §r§6658k coins§r§a! There's now §r§6365M coins §r§ain the account!
12:51:01 [allowed] §c§lRAFFLE CLOSING! §r§7in 10 seconds
12:51:20 [GUILD_EXP] §aYou earned §r§2103 GEXP §r§a+ §r§e309 Event EXP §r§afrom playing SkyBlock!
12:51:31 [allowed] §a§l▬▬▬▬▬▬▬▬▬▬▬▬▬▬▬▬▬▬▬▬▬▬▬▬▬▬▬▬▬▬▬▬▬▬▬▬▬▬▬▬▬▬▬▬▬▬▬▬▬▬▬▬▬▬▬▬▬▬▬▬▬▬▬▬
12:51:31 [allowed] §f                              §r§6§lRAFFLE ENDED!
12:51:31 [allowed] §f                             §r§7Active Mining Event
12:51:31 [allowed] §f                          §r§cYou didn't participate...
12:51:31 [allowed] §a§l▬▬▬▬▬▬▬▬▬▬▬▬▬▬▬▬▬▬▬▬▬▬▬▬▬▬▬▬▬▬▬▬▬▬▬▬▬▬▬▬▬▬▬▬▬▬▬▬▬▬▬▬▬▬▬▬▬▬▬▬▬▬▬▬
12:51:35 [allowed] §cThere are blocks in the way!
12:51:37 [allowed] §cThere are blocks in the way!
12:51:41 [allowed] §cThere are blocks in the way!
12:51:43 [allowed] §cThere are blocks in the way!
12:52:30 [allowed] §d§lHOPPITY'S HUNT §r§dA §r§aChocolate Dinner Egg §r§dhas appeared!
12:52:33 [allowed] §5§l✯ §r§eA §r§5Fallen Star §r§ehas crashed at §r§bRampart's Quarry§r§e! Nearby ore and Powder drops are amplified!
12:53:38 [allowed] §6[Bazaar] §eYour §6Sell Offer §efor §a5§7x §6Refined Titanium §ewas filled!
12:54:42 [WARPING] §7Warping...
12:54:42 [WARPING] §7Sending to server mini160AV...
12:54:43 [EMPTY] §8 §r§8 §r§1 §r§3 §r§3 §r§7 §r§8 
12:54:43 [allowed] §eYou haven't claimed your §r§6Summer Rewards §r§eyet!
12:54:43 [allowed] §eTalk to the §r§bSummer Sloth §r§ein the §r§aHub!
12:54:44 [allowed] §8[§r§e87§r§8] §r§a[VIP] Al3cs32§f§r§f: sorry i was afk ...
12:54:45 [allowed] §cYou are sending commands too fast! Please slow down.
12:54:46 [PROFILE_JOIN] §aYou are playing on profile: §eBanana§b (Co-op)
12:54:46 [PROFILE_JOIN] §8Profile ID: b1a71305-1956-42bf-90e4-bce6f7285754
12:54:49 [allowed] §aYou have sent a trade request to §r§brivercave§r§a.
12:54:51 [allowed] §8[§r§2185§r§8] §r§7Rainbow_69§7§r§7: np
12:54:59 [allowed] §cYour /trade request to §r§b[MVP§r§4+§r§b] rivercave§r§f §r§cexpired!
12:55:00 [allowed] §bNew day! §r§eYour §r§2Sky Mall §r§ebuff changed!
12:55:00 [allowed] §eNew buff§r§r§r: §r§fGain §r§a+50 §r§6☘ Mining Fortune§r§f.
12:55:01 [WARPING] §7Warping...
12:55:01 [WARPING] §7Sending to server mini81CN...
12:55:02 [EMPTY] §8 §r§8 §r§1 §r§3 §r§3 §r§7 §r§8 
12:55:02 [allowed] §eYou haven't claimed your §r§6Summer Rewards §r§eyet!
12:55:02 [allowed] §eTalk to the §r§bSummer Sloth §r§ein the §r§aHub!
12:55:03 [allowed] §c ☠ §r§7§r§bBaumeister_112§r§7 was killed by Inferno Demonlord§r§7§r§7.
12:55:03 [allowed] §cYou are sending commands too fast! Please slow down.
12:55:05 [PROFILE_JOIN] §aYou are playing on profile: §eBanana§b (Co-op)
12:55:05 [PROFILE_JOIN] §8Profile ID: b1a71305-1956-42bf-90e4-bce6f7285754
12:55:13 [allowed] §cThe Magma Boss angers! §r§7(§r§7+20% §r§7Damage)
12:55:13 [allowed] §cThere are blocks in the way!
12:55:16 [allowed] §cThere are blocks in the way!
12:55:27 [allowed] §c ☠ §r§7§r§7Rin_714§r§7 was killed by §r§4§lMagma Boss§r§7§r§7.
12:55:28 [allowed] §c ☠ §r§7§r§aAndy1sfishy§r§7 was killed by §r§8§lBladesoul§r§7§r§7.
12:55:41 [allowed] §cFind a way to reach the top of the stomach!
12:56:03 [allowed] §a§r§6Mining Speed Boost §r§ais now available!
12:56:08 [allowed] §c ☠ §r§7§r§7Rin_714§r§7 was killed by §r§4§lMagma Boss§r§7§r§7.
