15:56:21 DUNGEON_HUB
16:02:07 NONE
16:02:08 CATACOMBS
16:05:39 NONE
16:05:40 DUNGEON_HUB
16:05:47 NONE
16:05:48 CATACOMBS
16:08:28 NONE
16:08:29 DUNGEON_HUB
16:09:34 NONE
16:09:34 CATACOMBS
16:19:58 NONE
16:19:59 DUNGEON_HUB
16:20:55 NONE
16:20:55 CATACOMBS
16:30:46 NONE
16:30:47 DUNGEON_HUB
16:31:19 NONE
16:31:19 CATACOMBS
16:39:11 NONE
16:39:12 DUNGEON_HUB
16:39:53 NONE
16:39:55 CATACOMBS
16:48:32 NONE
16:48:32 DUNGEON_HUB
16:48:40 NONE
16:48:40 HUB
16:48:49 NONE
16:48:50 DUNGEON_HUB
16:49:48 NONE
16:49:50 CATACOMBS
16:58:17 NONE
16:58:17 DUNGEON_HUB
16:59:00 NONE
16:59:01 DWARVEN_MINES
16:59:34 NONE
16:59:34 DUNGEON_HUB
16:59:42 NONE
16:59:42 CATACOMBS
17:00:06 NONE
17:00:06 PRIVATE_ISLAND
17:00:11 NONE
17:00:13 DUNGEON_HUB
17:00:59 NONE
17:00:59 CRIMSON_ISLE
17:03:05 NONE
17:03:05 DUNGEON_HUB
17:03:51 NONE
17:03:52 CATACOMBS
17:12:53 NONE
17:12:53 DUNGEON_HUB
17:14:06 NONE
17:14:07 CATACOMBS
17:23:27 NONE
17:23:28 DUNGEON_HUB
