08:18:18 §e[SkyHanni] Reloaded 7436 items in the NEU repo§r
08:19:02 §c[SkyHanni] Your computer's clock is off by 13s.
§ePlease update your time settings. Many features may not function correctly until you do.
§eClick here for instructions on how to fix your clock.§r
08:21:12 §c[SkyHanni] Your computer's clock is off by 13s.
§ePlease update your time settings. Many features may not function correctly until you do.
§eClick here for instructions on how to fix your clock.§r
08:22:31 §e[SkyHanni] Click here to share the location of this chocolate egg with the server!§r
08:22:47 §e[SkyHanni] §b+1 SkyBlock XP §7(HOTM Progression§7)§b (29/100)§r
08:30:50 §e[SkyHanni] Profit for §9Lapis Corpse§e: §6241k§r
09:05:03 §e[SkyHanni] §b+1 SkyBlock XP §7(HOTM Progression§7)§b (34/100)§r
09:08:28 §e[SkyHanni] §lCLICK HERE§r§e to grab §ax126 §9§aEnchanted Gold§e from sacks!§r
09:08:36 §e[SkyHanni] §lCLICK HERE§r§e to grab §ax35 §9§aEnchanted Hard Stone§e from sacks!§r
09:08:40 §e[SkyHanni] §lCLICK HERE§r§e to grab §ax1007 §9§a☂ Flawed Aquamarine Gemstone§e from sacks!§r
09:08:44 §e[SkyHanni] §lCLICK HERE§r§e to grab §ax187 §9§9☂ Fine Aquamarine Gemstone§e from sacks!§r
09:17:49 §e[SkyHanni] Profit for §9Lapis Corpse§e: §6289k§r
09:46:41 §e[SkyHanni] Profit for §9Lapis Corpse§e: §6231k§r
09:47:08 §e[SkyHanni] Profit for §9Lapis Corpse§e: §669k§r
09:47:09 §e[SkyHanni] §b+1 SkyBlock XP §7(HOTM Progression§7)§b (39/100)§r
09:49:55 §e[SkyHanni] §lCLICK HERE§r§e to grab §ax126 §9§9Enchanted Umber§e from sacks!§r
09:56:22 §e[SkyHanni] §lCLICK HERE§r§e to grab §ax10 §9§9Enchanted Umber§e from sacks!§r
09:56:29 §e[SkyHanni] §lCLICK HERE§r§e to grab §ax96 §9§9Enchanted Tungsten§e from sacks!§r
10:12:10 §e[SkyHanni] §b+1 SkyBlock XP §7(HOTM Progression§7)§b (42/100)§r
10:13:48 §e[SkyHanni] §lCLICK HERE§r§e to grab §ax1610 §9§a☘ Flawed Citrine Gemstone§e from sacks!§r
10:13:54 §e[SkyHanni] §lCLICK HERE§r§e to grab §ax285 §9§9☘ Fine Citrine Gemstone§e from sacks!§r
10:14:12 §e[SkyHanni] Click here to share the location of this chocolate egg with the server!§r
10:20:54 §e[SkyHanni] Profit for §9Lapis Corpse§e: §681k§r
10:21:27 §e[SkyHanni] Profit for §9Lapis Corpse§e: §672k§r
10:26:54 §e[SkyHanni] §b+1 SkyBlock XP §7(HOTM Progression§7)§b (44/100)§r
10:27:12 §e[SkyHanni] §lCLICK HERE§r§e to grab §ax126 §9§9Enchanted Glacite§e from sacks!§r
