12:40:20 §f                 §7You have §3441 §7materials stashed away!
12:40:20 §f               §8(This totals 1 type of material stashed!)
12:40:20 §f                §3§l>>> §3§lCLICK HERE§b to pick them up! §3§l<<<
12:41:20 §f                 §7You have §3441 §7materials stashed away!
12:41:20 §f               §8(This totals 1 type of material stashed!)
12:41:20 §f                §3§l>>> §3§lCLICK HERE§b to pick them up! §3§l<<<
12:42:20 §f                 §7You have §3441 §7materials stashed away!
12:42:20 §f               §8(This totals 1 type of material stashed!)
12:42:20 §f                §3§l>>> §3§lCLICK HERE§b to pick them up! §3§l<<<
12:42:35 §f                 §7You have §3441 §7materials stashed away!
12:42:35 §f               §8(This totals 1 type of material stashed!)
12:42:35 §f                §3§l>>> §3§lCLICK HERE§b to pick them up! §3§l<<<
14:14:42 §f                 §7You have §316 §7materials stashed away!
14:14:42 §f               §8(This totals 1 type of material stashed!)
14:14:42 §f                §3§l>>> §3§lCLICK HERE§b to pick them up! §3§l<<<
14:15:43 §f                 §7You have §316 §7materials stashed away!
14:15:43 §f               §8(This totals 1 type of material stashed!)
14:15:43 §f                §3§l>>> §3§lCLICK HERE§b to pick them up! §3§l<<<
14:16:44 §f                 §7You have §316 §7materials stashed away!
14:16:44 §f               §8(This totals 1 type of material stashed!)
14:16:44 §f                §3§l>>> §3§lCLICK HERE§b to pick them up! §3§l<<<
14:17:44 §f                 §7You have §316 §7materials stashed away!
14:17:44 §f               §8(This totals 1 type of material stashed!)
14:17:44 §f                §3§l>>> §3§lCLICK HERE§b to pick them up! §3§l<<<
14:18:45 §f                 §7You have §316 §7materials stashed away!
14:18:45 §f               §8(This totals 1 type of material stashed!)
14:18:45 §f                §3§l>>> §3§lCLICK HERE§b to pick them up! §3§l<<<
14:19:46 §f                 §7You have §316 §7materials stashed away!
14:19:46 §f               §8(This totals 1 type of material stashed!)
14:19:46 §f                §3§l>>> §3§lCLICK HERE§b to pick them up! §3§l<<<
14:20:47 §f                 §7You have §316 §7materials stashed away!
14:20:47 §f               §8(This totals 1 type of material stashed!)
14:20:47 §f                §3§l>>> §3§lCLICK HERE§b to pick them up! §3§l<<<
14:21:48 §f                 §7You have §316 §7materials stashed away!
14:21:48 §f               §8(This totals 1 type of material stashed!)
14:21:48 §f                §3§l>>> §3§lCLICK HERE§b to pick them up! §3§l<<<
14:22:49 §f                 §7You have §316 §7materials stashed away!
14:22:49 §f               §8(This totals 1 type of material stashed!)
14:22:49 §f                §3§l>>> §3§lCLICK HERE§b to pick them up! §3§l<<<
14:23:50 §f                 §7You have §316 §7materials stashed away!
14:23:50 §f               §8(This totals 1 type of material stashed!)
14:23:50 §f                §3§l>>> §3§lCLICK HERE§b to pick them up! §3§l<<<
14:24:51 §f                 §7You have §316 §7materials stashed away!
14:24:51 §f               §8(This totals 1 type of material stashed!)
14:24:51 §f                §3§l>>> §3§lCLICK HERE§b to pick them up! §3§l<<<
14:25:52 §f                 §7You have §316 §7materials stashed away!
14:25:52 §f               §8(This totals 1 type of material stashed!)
14:25:52 §f                §3§l>>> §3§lCLICK HERE§b to pick them up! §3§l<<<
14:26:53 §f                 §7You have §316 §7materials stashed away!
14:26:53 §f               §8(This totals 1 type of material stashed!)
14:26:53 §f                §3§l>>> §3§lCLICK HERE§b to pick them up! §3§l<<<
14:27:53 §f                 §7You have §316 §7materials stashed away!
14:27:53 §f               §8(This totals 1 type of material stashed!)
14:27:53 §f                §3§l>>> §3§lCLICK HERE§b to pick them up! §3§l<<<
14:28:54 §f                 §7You have §316 §7materials stashed away!
14:28:54 §f               §8(This totals 1 type of material stashed!)
14:28:54 §f                §3§l>>> §3§lCLICK HERE§b to pick them up! §3§l<<<
14:29:54 §f                 §7You have §316 §7materials stashed away!
14:29:54 §f               §8(This totals 1 type of material stashed!)
14:29:54 §f                §3§l>>> §3§lCLICK HERE§b to pick them up! §3§l<<<
14:30:55 §f                 §7You have §316 §7materials stashed away!
14:30:55 §f               §8(This totals 1 type of material stashed!)
14:30:55 §f                §3§l>>> §3§lCLICK HERE§b to pick them up! §3§l<<<
14:31:55 §f                 §7You have §316 §7materials stashed away!
14:31:55 §f               §8(This totals 1 type of material stashed!)
14:31:55 §f                §3§l>>> §3§lCLICK HERE§b to pick them up! §3§l<<<
14:32:55 §f                 §7You have §316 §7materials stashed away!
14:32:55 §f               §8(This totals 1 type of material stashed!)
14:32:55 §f                §3§l>>> §3§lCLICK HERE§b to pick them up! §3§l<<<
14:33:56 §f                 §7You have §316 §7materials stashed away!
14:33:56 §f               §8(This totals 1 type of material stashed!)
14:33:56 §f                §3§l>>> §3§lCLICK HERE§b to pick them up! §3§l<<<
14:34:57 §f                 §7You have §316 §7materials stashed away!
14:34:57 §f               §8(This totals 1 type of material stashed!)
14:34:57 §f                §3§l>>> §3§lCLICK HERE§b to pick them up! §3§l<<<
14:35:57 §f                 §7You have §316 §7materials stashed away!
14:35:57 §f               §8(This totals 1 type of material stashed!)
14:35:57 §f                §3§l>>> §3§lCLICK HERE§b to pick them up! §3§l<<<
14:36:58 §f                 §7You have §316 §7materials stashed away!
14:36:58 §f               §8(This totals 1 type of material stashed!)
14:36:58 §f                §3§l>>> §3§lCLICK HERE§b to pick them up! §3§l<<<
14:37:58 §f                 §7You have §316 §7materials stashed away!
14:37:58 §f               §8(This totals 1 type of material stashed!)
14:37:58 §f                §3§l>>> §3§lCLICK HERE§b to pick them up! §3§l<<<
14:38:59 §f                 §7You have §316 §7materials stashed away!
14:38:59 §f               §8(This totals 1 type of material stashed!)
14:38:59 §f                §3§l>>> §3§lCLICK HERE§b to pick them up! §3§l<<<
14:39:59 §f                 §7You have §316 §7materials stashed away!
14:40:00 §f               §8(This totals 1 type of material stashed!)
14:40:00 §f                §3§l>>> §3§lCLICK HERE§b to pick them up! §3§l<<<
14:41:00 §f                 §7You have §316 §7materials stashed away!
14:41:00 §f               §8(This totals 1 type of material stashed!)
14:41:00 §f                §3§l>>> §3§lCLICK HERE§b to pick them up! §3§l<<<
14:42:01 §f                 §7You have §316 §7materials stashed away!
14:42:01 §f               §8(This totals 1 type of material stashed!)
14:42:01 §f                §3§l>>> §3§lCLICK HERE§b to pick them up! §3§l<<<
14:43:01 §f                 §7You have §316 §7materials stashed away!
14:43:01 §f               §8(This totals 1 type of material stashed!)
14:43:01 §f                §3§l>>> §3§lCLICK HERE§b to pick them up! §3§l<<<
14:44:01 §f                 §7You have §316 §7materials stashed away!
14:44:01 §f               §8(This totals 1 type of material stashed!)
14:44:01 §f                §3§l>>> §3§lCLICK HERE§b to pick them up! §3§l<<<
14:45:02 §f                 §7You have §316 §7materials stashed away!
14:45:02 §f               §8(This totals 1 type of material stashed!)
14:45:02 §f                §3§l>>> §3§lCLICK HERE§b to pick them up! §3§l<<<
14:46:02 §f                 §7You have §316 §7materials stashed away!
14:46:02 §f               §8(This totals 1 type of material stashed!)
14:46:02 §f                §3§l>>> §3§lCLICK HERE§b to pick them up! §3§l<<<
14:47:02 §f                 §7You have §316 §7materials stashed away!
14:47:02 §f               §8(This totals 1 type of material stashed!)
14:47:02 §f                §3§l>>> §3§lCLICK HERE§b to pick them up! §3§l<<<
14:48:03 §f                 §7You have §316 §7materials stashed away!
14:48:03 §f               §8(This totals 1 type of material stashed!)
14:48:03 §f                §3§l>>> §3§lCLICK HERE§b to pick them up! §3§l<<<
14:49:03 §f                 §7You have §316 §7materials stashed away!
14:49:03 §f               §8(This totals 1 type of material stashed!)
14:49:03 §f                §3§l>>> §3§lCLICK HERE§b to pick them up! §3§l<<<
14:50:04 §f                 §7You have §316 §7materials stashed away!
14:50:04 §f               §8(This totals 1 type of material stashed!)
14:50:04 §f                §3§l>>> §3§lCLICK HERE§b to pick them up! §3§l<<<
14:51:04 §f                 §7You have §316 §7materials stashed away!
14:51:04 §f               §8(This totals 1 type of material stashed!)
14:51:04 §f                §3§l>>> §3§lCLICK HERE§b to pick them up! §3§l<<<
14:52:05 §f                 §7You have §316 §7materials stashed away!
14:52:05 §f               §8(This totals 1 type of material stashed!)
14:52:05 §f                §3§l>>> §3§lCLICK HERE§b to pick them up! §3§l<<<
14:53:05 §f                 §7You have §316 §7materials stashed away!
14:53:05 §f               §8(This totals 1 type of material stashed!)
14:53:05 §f                §3§l>>> §3§lCLICK HERE§b to pick them up! §3§l<<<
14:54:06 §f                 §7You have §316 §7materials stashed away!
14:54:06 §f               §8(This totals 1 type of material stashed!)
14:54:06 §f                §3§l>>> §3§lCLICK HERE§b to pick them up! §3§l<<<
14:55:07 §f                 §7You have §316 §7materials stashed away!
14:55:07 §f               §8(This totals 1 type of material stashed!)
14:55:07 §f                §3§l>>> §3§lCLICK HERE§b to pick them up! §3§l<<<
14:56:08 §f                 §7You have §316 §7materials stashed away!
14:56:08 §f               §8(This totals 1 type of material stashed!)
14:56:08 §f                §3§l>>> §3§lCLICK HERE§b to pick them up! §3§l<<<
14:57:09 §f                 §7You have §316 §7materials stashed away!
14:57:09 §f               §8(This totals 1 type of material stashed!)
14:57:09 §f                §3§l>>> §3§lCLICK HERE§b to pick them up! §3§l<<<
14:58:09 §f                 §7You have §316 §7materials stashed away!
14:58:09 §f               §8(This totals 1 type of material stashed!)
14:58:09 §f                §3§l>>> §3§lCLICK HERE§b to pick them up! §3§l<<<
14:59:10 §f                 §7You have §316 §7materials stashed away!
14:59:10 §f               §8(This totals 1 type of material stashed!)
14:59:10 §f                §3§l>>> §3§lCLICK HERE§b to pick them up! §3§l<<<
15:00:10 §f                 §7You have §316 §7materials stashed away!
15:00:10 §f               §8(This totals 1 type of material stashed!)
15:00:10 §f                §3§l>>> §3§lCLICK HERE§b to pick them up! §3§l<<<
15:01:11 §f                 §7You have §316 §7materials stashed away!
15:01:11 §f               §8(This totals 1 type of material stashed!)
15:01:11 §f                §3§l>>> §3§lCLICK HERE§b to pick them up! §3§l<<<
15:02:11 §f                 §7You have §316 §7materials stashed away!
15:02:11 §f               §8(This totals 1 type of material stashed!)
15:02:11 §f                §3§l>>> §3§lCLICK HERE§b to pick them up! §3§l<<<
15:03:12 §f                 §7You have §316 §7materials stashed away!
15:03:12 §f               §8(This totals 1 type of material stashed!)
15:03:12 §f                §3§l>>> §3§lCLICK HERE§b to pick them up! §3§l<<<
15:04:13 §f                 §7You have §316 §7materials stashed away!
15:04:13 §f               §8(This totals 1 type of material stashed!)
15:04:13 §f                §3§l>>> §3§lCLICK HERE§b to pick them up! §3§l<<<
15:05:13 §f                 §7You have §316 §7materials stashed away!
15:05:13 §f               §8(This totals 1 type of material stashed!)
15:05:13 §f                §3§l>>> §3§lCLICK HERE§b to pick them up! §3§l<<<
15:06:14 §f                 §7You have §316 §7materials stashed away!
15:06:14 §f               §8(This totals 1 type of material stashed!)
15:06:14 §f                §3§l>>> §3§lCLICK HERE§b to pick them up! §3§l<<<
15:07:14 §f                 §7You have §316 §7materials stashed away!
15:07:14 §f               §8(This totals 1 type of material stashed!)
15:07:14 §f                §3§l>>> §3§lCLICK HERE§b to pick them up! §3§l<<<
15:08:14 §f                 §7You have §316 §7materials stashed away!
15:08:14 §f               §8(This totals 1 type of material stashed!)
15:08:14 §f                §3§l>>> §3§lCLICK HERE§b to pick them up! §3§l<<<
15:09:15 §f                 §7You have §316 §7materials stashed away!
15:09:15 §f               §8(This totals 1 type of material stashed!)
15:09:15 §f                §3§l>>> §3§lCLICK HERE§b to pick them up! §3§l<<<
15:10:15 §f                 §7You have §316 §7materials stashed away!
15:10:15 §f               §8(This totals 1 type of material stashed!)
15:10:15 §f                §3§l>>> §3§lCLICK HERE§b to pick them up! §3§l<<<
15:11:16 §f                 §7You have §316 §7materials stashed away!
15:11:16 §f               §8(This totals 1 type of material stashed!)
15:11:16 §f                §3§l>>> §3§lCLICK HERE§b to pick them up! §3§l<<<
15:12:16 §f                 §7You have §316 §7materials stashed away!
15:12:16 §f               §8(This totals 1 type of material stashed!)
15:12:16 §f                §3§l>>> §3§lCLICK HERE§b to pick them up! §3§l<<<
15:13:16 §f                 §7You have §316 §7materials stashed away!
15:13:16 §f               §8(This totals 1 type of material stashed!)
15:13:16 §f                §3§l>>> §3§lCLICK HERE§b to pick them up! §3§l<<<
15:14:17 §f                 §7You have §316 §7materials stashed away!
15:14:17 §f               §8(This totals 1 type of material stashed!)
15:14:17 §f                §3§l>>> §3§lCLICK HERE§b to pick them up! §3§l<<<
15:15:17 §f                 §7You have §316 §7materials stashed away!
15:15:17 §f               §8(This totals 1 type of material stashed!)
15:15:17 §f                §3§l>>> §3§lCLICK HERE§b to pick them up! §3§l<<<
15:16:17 §f                 §7You have §316 §7materials stashed away!
15:16:17 §f               §8(This totals 1 type of material stashed!)
15:16:17 §f                §3§l>>> §3§lCLICK HERE§b to pick them up! §3§l<<<
15:17:18 §f                 §7You have §316 §7materials stashed away!
15:17:18 §f               §8(This totals 1 type of material stashed!)
15:17:18 §f                §3§l>>> §3§lCLICK HERE§b to pick them up! §3§l<<<
15:18:18 §f                 §7You have §316 §7materials stashed away!
15:18:18 §f               §8(This totals 1 type of material stashed!)
15:18:18 §f                §3§l>>> §3§lCLICK HERE§b to pick them up! §3§l<<<
15:19:19 §f                 §7You have §316 §7materials stashed away!
15:19:19 §f               §8(This totals 1 type of material stashed!)
15:19:19 §f                §3§l>>> §3§lCLICK HERE§b to pick them up! §3§l<<<
15:20:19 §f                 §7You have §316 §7materials stashed away!
15:20:19 §f               §8(This totals 1 type of material stashed!)
15:20:19 §f                §3§l>>> §3§lCLICK HERE§b to pick them up! §3§l<<<
15:21:20 §f                 §7You have §316 §7materials stashed away!
15:21:20 §f               §8(This totals 1 type of material stashed!)
15:21:20 §f                §3§l>>> §3§lCLICK HERE§b to pick them up! §3§l<<<
15:22:20 §f                 §7You have §316 §7materials stashed away!
15:22:20 §f               §8(This totals 1 type of material stashed!)
15:22:20 §f                §3§l>>> §3§lCLICK HERE§b to pick them up! §3§l<<<
15:23:21 §f                 §7You have §316 §7materials stashed away!
15:23:21 §f               §8(This totals 1 type of material stashed!)
15:23:21 §f                §3§l>>> §3§lCLICK HERE§b to pick them up! §3§l<<<
15:24:21 §f                 §7You have §316 §7materials stashed away!
15:24:21 §f               §8(This totals 1 type of material stashed!)
15:24:21 §f                §3§l>>> §3§lCLICK HERE§b to pick them up! §3§l<<<
15:25:22 §f                 §7You have §316 §7materials stashed away!
15:25:22 §f               §8(This totals 1 type of material stashed!)
15:25:22 §f                §3§l>>> §3§lCLICK HERE§b to pick them up! §3§l<<<
15:26:22 §f                 §7You have §316 §7materials stashed away!
15:26:22 §f               §8(This totals 1 type of material stashed!)
15:26:22 §f                §3§l>>> §3§lCLICK HERE§b to pick them up! §3§l<<<
15:27:23 §f                 §7You have §316 §7materials stashed away!
15:27:23 §f               §8(This totals 1 type of material stashed!)
15:27:23 §f                §3§l>>> §3§lCLICK HERE§b to pick them up! §3§l<<<
15:28:23 §f                 §7You have §316 §7materials stashed away!
15:28:23 §f               §8(This totals 1 type of material stashed!)
15:28:23 §f                §3§l>>> §3§lCLICK HERE§b to pick them up! §3§l<<<
15:29:23 §f                 §7You have §316 §7materials stashed away!
15:29:23 §f               §8(This totals 1 type of material stashed!)
15:29:23 §f                §3§l>>> §3§lCLICK HERE§b to pick them up! §3§l<<<
15:30:24 §f                 §7You have §316 §7materials stashed away!
15:30:24 §f               §8(This totals 1 type of material stashed!)
15:30:24 §f                §3§l>>> §3§lCLICK HERE§b to pick them up! §3§l<<<
15:31:25 §f                 §7You have §316 §7materials stashed away!
15:31:25 §f               §8(This totals 1 type of material stashed!)
15:31:25 §f                §3§l>>> §3§lCLICK HERE§b to pick them up! §3§l<<<
15:32:25 §f                 §7You have §316 §7materials stashed away!
15:32:25 §f               §8(This totals 1 type of material stashed!)
15:32:25 §f                §3§l>>> §3§lCLICK HERE§b to pick them up! §3§l<<<
15:33:26 §f                 §7You have §3325 §7materials stashed away!
15:33:26 §f              §8(This totals 2 types of materials stashed!)
15:33:26 §f                §3§l>>> §3§lCLICK HERE§b to pick them up! §3§l<<<
15:34:26 §f                 §7You have §3325 §7materials stashed away!
15:34:26 §f              §8(This totals 2 types of materials stashed!)
15:34:26 §f                §3§l>>> §3§lCLICK HERE§b to pick them up! §3§l<<<
15:35:27 §f                 §7You have §3325 §7materials stashed away!
15:35:27 §f              §8(This totals 2 types of materials stashed!)
15:35:27 §f                §3§l>>> §3§lCLICK HERE§b to pick them up! §3§l<<<
15:36:27 §f                §7You have §31,462 §7materials stashed away!
15:36:27 §f              §8(This totals 3 types of materials stashed!)
15:36:27 §f                §3§l>>> §3§lCLICK HERE§b to pick them up! §3§l<<<
15:37:28 §f                §7You have §31,816 §7materials stashed away!
15:37:28 §f              §8(This totals 3 types of materials stashed!)
15:37:28 §f                §3§l>>> §3§lCLICK HERE§b to pick them up! §3§l<<<
15:38:29 §f                 §7You have §3991 §7materials stashed away!
15:38:29 §f              §8(This totals 3 types of materials stashed!)
15:38:29 §f                §3§l>>> §3§lCLICK HERE§b to pick them up! §3§l<<<
15:39:30 §f                §7You have §31,216 §7materials stashed away!
15:39:30 §f              §8(This totals 3 types of materials stashed!)
15:39:30 §f                §3§l>>> §3§lCLICK HERE§b to pick them up! §3§l<<<
15:40:31 §f                §7You have §31,934 §7materials stashed away!
15:40:31 §f              §8(This totals 3 types of materials stashed!)
15:40:31 §f                §3§l>>> §3§lCLICK HERE§b to pick them up! §3§l<<<
15:41:33 §f                 §7You have §3581 §7materials stashed away!
15:41:33 §f              §8(This totals 2 types of materials stashed!)
15:41:33 §f                §3§l>>> §3§lCLICK HERE§b to pick them up! §3§l<<<
15:42:34 §f                 §7You have §3724 §7materials stashed away!
15:42:34 §f              §8(This totals 2 types of materials stashed!)
15:42:34 §f                §3§l>>> §3§lCLICK HERE§b to pick them up! §3§l<<<
15:43:35 §f                §7You have §31,318 §7materials stashed away!
15:43:35 §f              §8(This totals 3 types of materials stashed!)
15:43:35 §f                §3§l>>> §3§lCLICK HERE§b to pick them up! §3§l<<<
15:44:36 §f                 §7You have §3243 §7materials stashed away!
15:44:36 §f              §8(This totals 2 types of materials stashed!)
15:44:36 §f                §3§l>>> §3§lCLICK HERE§b to pick them up! §3§l<<<
15:45:37 §f                 §7You have §3731 §7materials stashed away!
15:45:37 §f              §8(This totals 3 types of materials stashed!)
15:45:37 §f                §3§l>>> §3§lCLICK HERE§b to pick them up! §3§l<<<
15:46:37 §f                 §7You have §3731 §7materials stashed away!
15:46:37 §f              §8(This totals 3 types of materials stashed!)
15:46:37 §f                §3§l>>> §3§lCLICK HERE§b to pick them up! §3§l<<<
15:47:37 §f                 §7You have §3731 §7materials stashed away!
15:47:37 §f              §8(This totals 3 types of materials stashed!)
15:47:37 §f                §3§l>>> §3§lCLICK HERE§b to pick them up! §3§l<<<
15:48:38 §f                 §7You have §3731 §7materials stashed away!
15:48:38 §f              §8(This totals 3 types of materials stashed!)
15:48:38 §f                §3§l>>> §3§lCLICK HERE§b to pick them up! §3§l<<<
15:49:38 §f                 §7You have §3731 §7materials stashed away!
15:49:38 §f              §8(This totals 3 types of materials stashed!)
15:49:38 §f                §3§l>>> §3§lCLICK HERE§b to pick them up! §3§l<<<
15:50:39 §f                 §7You have §3731 §7materials stashed away!
15:50:39 §f              §8(This totals 3 types of materials stashed!)
15:50:39 §f                §3§l>>> §3§lCLICK HERE§b to pick them up! §3§l<<<
15:51:40 §f                 §7You have §3731 §7materials stashed away!
15:51:40 §f              §8(This totals 3 types of materials stashed!)
15:51:40 §f                §3§l>>> §3§lCLICK HERE§b to pick them up! §3§l<<<
15:52:40 §f                 §7You have §3731 §7materials stashed away!
15:52:40 §f              §8(This totals 3 types of materials stashed!)
15:52:40 §f                §3§l>>> §3§lCLICK HERE§b to pick them up! §3§l<<<
15:53:41 §f                 §7You have §3731 §7materials stashed away!
15:53:41 §f              §8(This totals 3 types of materials stashed!)
15:53:41 §f                §3§l>>> §3§lCLICK HERE§b to pick them up! §3§l<<<
15:54:41 §f                 §7You have §3848 §7materials stashed away!
15:54:41 §f              §8(This totals 3 types of materials stashed!)
15:54:41 §f                §3§l>>> §3§lCLICK HERE§b to pick them up! §3§l<<<
16:01:48 §f                 §7You have §3462 §7materials stashed away!
16:01:48 §f               §8(This totals 1 type of material stashed!)
16:01:48 §f                §3§l>>> §3§lCLICK HERE§b to pick them up! §3§l<<<
16:04:52 §f                 §7You have §359 §7materials stashed away!
16:04:52 §f               §8(This totals 1 type of material stashed!)
16:04:52 §f                §3§l>>> §3§lCLICK HERE§b to pick them up! §3§l<<<
16:05:53 §f                 §7You have §359 §7materials stashed away!
16:05:53 §f               §8(This totals 1 type of material stashed!)
16:05:53 §f                §3§l>>> §3§lCLICK HERE§b to pick them up! §3§l<<<
16:06:21 §f                 §7You have §359 §7materials stashed away!
16:06:21 §f               §8(This totals 1 type of material stashed!)
16:06:21 §f                §3§l>>> §3§lCLICK HERE§b to pick them up! §3§l<<<
16:06:51 §f                 §7You have §359 §7materials stashed away!
16:06:51 §f               §8(This totals 1 type of material stashed!)
16:06:51 §f                §3§l>>> §3§lCLICK HERE§b to pick them up! §3§l<<<
16:07:52 §f                 §7You have §359 §7materials stashed away!
16:07:52 §f               §8(This totals 1 type of material stashed!)
16:07:52 §f                §3§l>>> §3§lCLICK HERE§b to pick them up! §3§l<<<
16:08:53 §f                 §7You have §359 §7materials stashed away!
16:08:53 §f               §8(This totals 1 type of material stashed!)
16:08:53 §f                §3§l>>> §3§lCLICK HERE§b to pick them up! §3§l<<<
16:09:55 §f                 §7You have §359 §7materials stashed away!
16:09:55 §f               §8(This totals 1 type of material stashed!)
16:09:55 §f                §3§l>>> §3§lCLICK HERE§b to pick them up! §3§l<<<
16:10:56 §f                 §7You have §359 §7materials stashed away!
16:10:56 §f               §8(This totals 1 type of material stashed!)
16:10:56 §f                §3§l>>> §3§lCLICK HERE§b to pick them up! §3§l<<<
16:11:56 §f                 §7You have §359 §7materials stashed away!
16:11:56 §f               §8(This totals 1 type of material stashed!)
16:11:56 §f                §3§l>>> §3§lCLICK HERE§b to pick them up! §3§l<<<
16:12:57 §f                 §7You have §359 §7materials stashed away!
16:12:57 §f               §8(This totals 1 type of material stashed!)
16:12:57 §f                §3§l>>> §3§lCLICK HERE§b to pick them up! §3§l<<<
16:13:58 §f                 §7You have §359 §7materials stashed away!
16:13:58 §f               §8(This totals 1 type of material stashed!)
16:13:58 §f                §3§l>>> §3§lCLICK HERE§b to pick them up! §3§l<<<
16:14:59 §f                 §7You have §359 §7materials stashed away!
16:14:59 §f               §8(This totals 1 type of material stashed!)
16:14:59 §f                §3§l>>> §3§lCLICK HERE§b to pick them up! §3§l<<<
16:15:59 §f                 §7You have §359 §7materials stashed away!
16:15:59 §f               §8(This totals 1 type of material stashed!)
16:15:59 §f                §3§l>>> §3§lCLICK HERE§b to pick them up! §3§l<<<
16:17:00 §f                 §7You have §359 §7materials stashed away!
16:17:00 §f               §8(This totals 1 type of material stashed!)
16:17:00 §f                §3§l>>> §3§lCLICK HERE§b to pick them up! §3§l<<<
16:18:01 §f                 §7You have §359 §7materials stashed away!
16:18:01 §f               §8(This totals 1 type of material stashed!)
16:18:01 §f                §3§l>>> §3§lCLICK HERE§b to pick them up! §3§l<<<
16:19:02 §f                 §7You have §359 §7materials stashed away!
16:19:02 §f               §8(This totals 1 type of material stashed!)
16:19:02 §f                §3§l>>> §3§lCLICK HERE§b to pick them up! §3§l<<<
16:20:03 §f                 §7You have §359 §7materials stashed away!
16:20:03 §f               §8(This totals 1 type of material stashed!)
16:20:03 §f                §3§l>>> §3§lCLICK HERE§b to pick them up! §3§l<<<
16:21:05 §f                 §7You have §359 §7materials stashed away!
16:21:05 §f               §8(This totals 1 type of material stashed!)
16:21:05 §f                §3§l>>> §3§lCLICK HERE§b to pick them up! §3§l<<<
16:22:06 §f                 §7You have §359 §7materials stashed away!
16:22:06 §f               §8(This totals 1 type of material stashed!)
16:22:06 §f                §3§l>>> §3§lCLICK HERE§b to pick them up! §3§l<<<
16:23:07 §f                 §7You have §359 §7materials stashed away!
16:23:07 §f               §8(This totals 1 type of material stashed!)
16:23:07 §f                §3§l>>> §3§lCLICK HERE§b to pick them up! §3§l<<<
16:24:08 §f                 §7You have §359 §7materials stashed away!
16:24:08 §f               §8(This totals 1 type of material stashed!)
16:24:08 §f                §3§l>>> §3§lCLICK HERE§b to pick them up! §3§l<<<
16:25:09 §f                 §7You have §359 §7materials stashed away!
16:25:09 §f               §8(This totals 1 type of material stashed!)
16:25:09 §f                §3§l>>> §3§lCLICK HERE§b to pick them up! §3§l<<<
16:26:11 §f                 §7You have §359 §7materials stashed away!
16:26:11 §f               §8(This totals 1 type of material stashed!)
16:26:11 §f                §3§l>>> §3§lCLICK HERE§b to pick them up! §3§l<<<
16:27:12 §f                 §7You have §359 §7materials stashed away!
16:27:12 §f               §8(This totals 1 type of material stashed!)
16:27:12 §f                §3§l>>> §3§lCLICK HERE§b to pick them up! §3§l<<<
16:28:13 §f                 §7You have §359 §7materials stashed away!
16:28:13 §f               §8(This totals 1 type of material stashed!)
16:28:13 §f                §3§l>>> §3§lCLICK HERE§b to pick them up! §3§l<<<
16:29:14 §f                 §7You have §359 §7materials stashed away!
16:29:14 §f               §8(This totals 1 type of material stashed!)
16:29:14 §f                §3§l>>> §3§lCLICK HERE§b to pick them up! §3§l<<<
16:30:15 §f                 §7You have §359 §7materials stashed away!
16:30:15 §f               §8(This totals 1 type of material stashed!)
16:30:15 §f                §3§l>>> §3§lCLICK HERE§b to pick them up! §3§l<<<
16:31:17 §f                 §7You have §359 §7materials stashed away!
16:31:17 §f               §8(This totals 1 type of material stashed!)
16:31:17 §f                §3§l>>> §3§lCLICK HERE§b to pick them up! §3§l<<<
16:32:18 §f                 §7You have §359 §7materials stashed away!
16:32:18 §f               §8(This totals 1 type of material stashed!)
16:32:18 §f                §3§l>>> §3§lCLICK HERE§b to pick them up! §3§l<<<
16:33:19 §f                 §7You have §359 §7materials stashed away!
16:33:19 §f               §8(This totals 1 type of material stashed!)
16:33:19 §f                §3§l>>> §3§lCLICK HERE§b to pick them up! §3§l<<<
16:34:21 §f                 §7You have §359 §7materials stashed away!
16:34:21 §f               §8(This totals 1 type of material stashed!)
16:34:21 §f                §3§l>>> §3§lCLICK HERE§b to pick them up! §3§l<<<
16:35:22 §f                 §7You have §359 §7materials stashed away!
16:35:22 §f               §8(This totals 1 type of material stashed!)
16:35:22 §f                §3§l>>> §3§lCLICK HERE§b to pick them up! §3§l<<<
16:36:23 §f                 §7You have §359 §7materials stashed away!
16:36:23 §f               §8(This totals 1 type of material stashed!)
16:36:23 §f                §3§l>>> §3§lCLICK HERE§b to pick them up! §3§l<<<
16:37:24 §f                 §7You have §359 §7materials stashed away!
16:37:24 §f               §8(This totals 1 type of material stashed!)
16:37:24 §f                §3§l>>> §3§lCLICK HERE§b to pick them up! §3§l<<<
16:38:25 §f                 §7You have §359 §7materials stashed away!
16:38:25 §f               §8(This totals 1 type of material stashed!)
16:38:25 §f                §3§l>>> §3§lCLICK HERE§b to pick them up! §3§l<<<
16:39:26 §f                 §7You have §359 §7materials stashed away!
16:39:26 §f               §8(This totals 1 type of material stashed!)
16:39:26 §f                §3§l>>> §3§lCLICK HERE§b to pick them up! §3§l<<<
16:40:27 §f                 §7You have §359 §7materials stashed away!
16:40:27 §f               §8(This totals 1 type of material stashed!)
16:40:27 §f                §3§l>>> §3§lCLICK HERE§b to pick them up! §3§l<<<
16:41:29 §f                 §7You have §359 §7materials stashed away!
16:41:29 §f               §8(This totals 1 type of material stashed!)
16:41:29 §f                §3§l>>> §3§lCLICK HERE§b to pick them up! §3§l<<<
16:42:30 §f                 §7You have §359 §7materials stashed away!
16:42:30 §f               §8(This totals 1 type of material stashed!)
16:42:30 §f                §3§l>>> §3§lCLICK HERE§b to pick them up! §3§l<<<
16:43:32 §f                 §7You have §359 §7materials stashed away!
16:43:32 §f               §8(This totals 1 type of material stashed!)
16:43:32 §f                §3§l>>> §3§lCLICK HERE§b to pick them up! §3§l<<<
16:44:33 §f                 §7You have §359 §7materials stashed away!
16:44:33 §f               §8(This totals 1 type of material stashed!)
16:44:33 §f                §3§l>>> §3§lCLICK HERE§b to pick them up! §3§l<<<
16:45:35 §f                 §7You have §359 §7materials stashed away!
16:45:35 §f               §8(This totals 1 type of material stashed!)
16:45:35 §f                §3§l>>> §3§lCLICK HERE§b to pick them up! §3§l<<<
16:46:36 §f                 §7You have §359 §7materials stashed away!
16:46:36 §f               §8(This totals 1 type of material stashed!)
16:46:36 §f                §3§l>>> §3§lCLICK HERE§b to pick them up! §3§l<<<
16:47:37 §f                 §7You have §359 §7materials stashed away!
16:47:37 §f               §8(This totals 1 type of material stashed!)
16:47:37 §f                §3§l>>> §3§lCLICK HERE§b to pick them up! §3§l<<<
16:48:38 §f                 §7You have §359 §7materials stashed away!
16:48:38 §f               §8(This totals 1 type of material stashed!)
16:48:38 §f                §3§l>>> §3§lCLICK HERE§b to pick them up! §3§l<<<
16:49:39 §f                 §7You have §359 §7materials stashed away!
16:49:39 §f               §8(This totals 1 type of material stashed!)
16:49:39 §f                §3§l>>> §3§lCLICK HERE§b to pick them up! §3§l<<<
16:50:40 §f                 §7You have §359 §7materials stashed away!
16:50:40 §f               §8(This totals 1 type of material stashed!)
16:50:40 §f                §3§l>>> §3§lCLICK HERE§b to pick them up! §3§l<<<
16:51:42 §f                 §7You have §359 §7materials stashed away!
16:51:42 §f               §8(This totals 1 type of material stashed!)
16:51:42 §f                §3§l>>> §3§lCLICK HERE§b to pick them up! §3§l<<<
16:52:43 §f                 §7You have §359 §7materials stashed away!
16:52:43 §f               §8(This totals 1 type of material stashed!)
16:52:43 §f                §3§l>>> §3§lCLICK HERE§b to pick them up! §3§l<<<
16:53:45 §f                 §7You have §359 §7materials stashed away!
16:53:45 §f               §8(This totals 1 type of material stashed!)
16:53:45 §f                §3§l>>> §3§lCLICK HERE§b to pick them up! §3§l<<<
16:54:46 §f                 §7You have §359 §7materials stashed away!
16:54:46 §f               §8(This totals 1 type of material stashed!)
16:54:46 §f                §3§l>>> §3§lCLICK HERE§b to pick them up! §3§l<<<
16:55:53 §f                 §7You have §359 §7materials stashed away!
16:55:53 §f               §8(This totals 1 type of material stashed!)
16:55:53 §f                §3§l>>> §3§lCLICK HERE§b to pick them up! §3§l<<<
16:56:54 §f                 §7You have §359 §7materials stashed away!
16:56:54 §f               §8(This totals 1 type of material stashed!)
16:56:54 §f                §3§l>>> §3§lCLICK HERE§b to pick them up! §3§l<<<
16:57:56 §f                 §7You have §359 §7materials stashed away!
16:57:56 §f               §8(This totals 1 type of material stashed!)
16:57:56 §f                §3§l>>> §3§lCLICK HERE§b to pick them up! §3§l<<<
16:58:57 §f                 §7You have §359 §7materials stashed away!
16:58:57 §f               §8(This totals 1 type of material stashed!)
16:58:57 §f                §3§l>>> §3§lCLICK HERE§b to pick them up! §3§l<<<
16:59:59 §f                 §7You have §359 §7materials stashed away!
16:59:59 §f               §8(This totals 1 type of material stashed!)
16:59:59 §f                §3§l>>> §3§lCLICK HERE§b to pick them up! §3§l<<<
17:01:00 §f                 §7You have §359 §7materials stashed away!
17:01:00 §f               §8(This totals 1 type of material stashed!)
17:01:00 §f                §3§l>>> §3§lCLICK HERE§b to pick them up! §3§l<<<
17:01:29 §f                 §7You have §359 §7materials stashed away!
17:01:29 §f               §8(This totals 1 type of material stashed!)
17:01:29 §f                §3§l>>> §3§lCLICK HERE§b to pick them up! §3§l<<<
