15:36:31 [EMPTY] §f §r§r§r§f §r§r§r§1 §r§r§r§0 §r§r§r§2 §r§r§r§f §r§r§r§f §r§r§r§2 §r§r§r§0 §r§r§r§4 §r§r§r§3 §r§r§r§9 §r§r§r§2 §r§r§r§0 §r§r§r§0 §r§r§r§3 §r§r§r§9 §r§r§r§2 §r§r§r§0 §r§r§r§0 §r§r§r§3 §r§r§r§9 §r§r§r§2 §r§r§r§0 §r§r§r§0 
15:36:31 [LOBBY] §b✦ §r§7You earned §r§b17 §r§7Mystery Dust!
15:36:31 [LOBBY] §b[MVP§f+§b] Sebbebas§f §6joined the lobby!
15:36:31 [LOBBY] §b[MVP§9+§b] Surveiller§f §6joined the lobby!
15:36:31 [LOBBY] §b[MVP§c+§b] _S4m1§f §6joined the lobby!
15:36:31 [LOBBY]   §r§f§l➤ §r§6You have reached your Hype limit! Add Hype to Prototype Lobby minigames by right-clicking with the Hype Diamond!
15:36:31 [LOBBY] §b[MVP§9+§b] ShadowKiller0u0§f §6joined the lobby!
15:36:31 [LOBBY] §b[MVP§2+§b] theyluvraph§f §6joined the lobby!
15:36:33 [LOBBY] §b[MVP§3+§b] name72§f §6joined the lobby!
15:36:33 [LOBBY] §b[MVP§2+§b] AllayBoy§f §6joined the lobby!
15:36:33 [LOBBY] §b[MVP§2+§b] Err_mono§f §6joined the lobby!
15:36:34 [LOBBY] §b[MVP§c+§b] ChanclaSlapper§f §6joined the lobby!
15:36:35 [LOBBY] §b[MVP§c+§b] xX33yqXx§f §6joined the lobby!
15:36:38 [LOBBY] §b[MVP§c+§b] AzaelDubs§f §6joined the lobby!
15:36:40 [LOBBY] §b[MVP§c+§b] Plaitegeier§f §6joined the lobby!
15:36:41 [WARPING] §7Sending to server mini154DH...
15:36:42 [EMPTY] §8 §r§8 §r§1 §r§3 §r§3 §r§7 §r§8 
15:36:44 [EMPTY] 
15:36:44 [WELCOME] §eWelcome to §r§aHypixel SkyBlock§r§e!
15:36:44 [EMPTY] 
15:36:45 [PROFILE_JOIN] §aYou are playing on profile: §eMango
15:36:45 [PROFILE_JOIN] §8Profile ID: bd40f82a-2ef6-4a1d-8182-f2e9bca9703f
15:37:03 [WARPING] §7Warping you to your SkyBlock island...
15:37:03 [WARPING] §7Sending to server mini38BU...
15:37:04 [EMPTY] §8 §r§8 §r§1 §r§3 §r§3 §r§7 §r§8 
15:37:07 [PROFILE_JOIN] §aYou are playing on profile: §eMango
15:37:07 [PROFILE_JOIN] §8Profile ID: bd40f82a-2ef6-4a1d-8182-f2e9bca9703f
15:37:35 [COMPACT_BINGO_BORDER] §3§l▬▬▬▬▬▬▬▬▬▬▬▬▬▬▬▬▬▬▬▬▬▬▬▬▬▬▬▬▬▬▬▬▬▬▬▬▬▬▬▬▬▬▬▬▬▬▬▬▬▬▬▬▬▬▬▬▬▬▬▬▬▬▬▬
15:37:35 [EMPTY] 
15:37:35 [COMPACT_SKILL_LEVEL_UP]   §r§a§lREWARDS
15:37:35 [COMPACT_SKILL_LEVEL_UP]    §r§eConjurer XIX
15:37:35 [COMPACT_SKILL_LEVEL_UP]    §r  §7§fGain §890➜§a95%§f more experience orbs from any source.
15:37:35 [COMPACT_SKILL_LEVEL_UP]    §r§7§8+§a0.5% §c๑ Ability Damage
15:37:35 [COMPACT_SKILL_LEVEL_UP]    §r§7§8+§a2 §b✎ Intelligence
15:37:35 [COMPACT_SKILL_LEVEL_UP]    §r§7§8+§680,000 §7Coins
15:37:35 [COMPACT_SKILL_LEVEL_UP]    §r§7§8+§b10 SkyBlock XP
15:37:35 [COMPACT_BINGO_BORDER] §3§l▬▬▬▬▬▬▬▬▬▬▬▬▬▬▬▬▬▬▬▬▬▬▬▬▬▬▬▬▬▬▬▬▬▬▬▬▬▬▬▬▬▬▬▬▬▬▬▬▬▬▬▬▬▬▬▬▬▬▬▬▬▬▬▬
15:37:51 [WARPING] §7Warping...
15:37:51 [WARPING] §7Sending to server mini26BE...
15:37:52 [EMPTY] §8 §r§8 §r§1 §r§3 §r§3 §r§7 §r§8 
15:37:55 [PROFILE_JOIN] §aYou are playing on profile: §eMango
15:37:55 [PROFILE_JOIN] §8Profile ID: bd40f82a-2ef6-4a1d-8182-f2e9bca9703f
15:38:07 [WARPING] §7Warping you to your SkyBlock island...
15:38:08 [WARPING] §7Sending to server mini67AT...
15:38:09 [EMPTY] §8 §r§8 §r§1 §r§3 §r§3 §r§7 §r§8 
15:38:12 [PROFILE_JOIN] §aYou are playing on profile: §eMango
15:38:12 [PROFILE_JOIN] §8Profile ID: bd40f82a-2ef6-4a1d-8182-f2e9bca9703f
15:38:15 [COMPACT_BINGO_BORDER] §e§l▬▬▬▬▬▬▬▬▬▬▬▬▬▬▬▬▬▬▬▬▬▬▬▬▬▬▬▬▬▬▬▬▬▬▬▬▬▬▬▬▬▬▬▬▬▬▬▬▬▬▬▬▬▬▬▬▬▬▬▬▬▬▬▬
15:38:15 [EMPTY] 
15:38:15 [COMPACT_COLLECTION_LEVEL_UP]   §r§a§lREWARDS
15:38:15 [COMPACT_COLLECTION_LEVEL_UP]     §r§7§8+§b4 SkyBlock XP
15:38:15 [COMPACT_BINGO_BORDER] §e§l▬▬▬▬▬▬▬▬▬▬▬▬▬▬▬▬▬▬▬▬▬▬▬▬▬▬▬▬▬▬▬▬▬▬▬▬▬▬▬▬▬▬▬▬▬▬▬▬▬▬▬▬▬▬▬▬▬▬▬▬▬▬▬▬
15:38:15 [COMPACT_BINGO_BORDER] §e§l▬▬▬▬▬▬▬▬▬▬▬▬▬▬▬▬▬▬▬▬▬▬▬▬▬▬▬▬▬▬▬▬▬▬▬▬▬▬▬▬▬▬▬▬▬▬▬▬▬▬▬▬▬▬▬▬▬▬▬▬▬▬▬▬
15:38:15 [EMPTY] 
15:38:15 [COMPACT_COLLECTION_LEVEL_UP]   §r§a§lREWARDS
15:38:15 [COMPACT_COLLECTION_LEVEL_UP]     §r§7§8+§b4 SkyBlock XP
15:38:15 [COMPACT_BINGO_BORDER] §e§l▬▬▬▬▬▬▬▬▬▬▬▬▬▬▬▬▬▬▬▬▬▬▬▬▬▬▬▬▬▬▬▬▬▬▬▬▬▬▬▬▬▬▬▬▬▬▬▬▬▬▬▬▬▬▬▬▬▬▬▬▬▬▬▬
15:39:15 [WARPING] §7Sending to server mini15AN...
15:39:15 [EMPTY] §8 §r§8 §r§1 §r§3 §r§3 §r§7 §r§8 
15:39:18 [PROFILE_JOIN] §aYou are playing on profile: §eMango
15:39:18 [PROFILE_JOIN] §8Profile ID: bd40f82a-2ef6-4a1d-8182-f2e9bca9703f
15:39:52 [WARPING] §7Warping you to your SkyBlock island...
15:39:53 [WARPING] §7Sending to server mini255E...
15:39:54 [EMPTY] §8 §r§8 §r§1 §r§3 §r§3 §r§7 §r§8 
15:39:57 [PROFILE_JOIN] §aYou are playing on profile: §eMango
15:39:57 [PROFILE_JOIN] §8Profile ID: bd40f82a-2ef6-4a1d-8182-f2e9bca9703f
15:41:18 [COMPACT_BINGO_BORDER] §3§l▬▬▬▬▬▬▬▬▬▬▬▬▬▬▬▬▬▬▬▬▬▬▬▬▬▬▬▬▬▬▬▬▬▬▬▬▬▬▬▬▬▬▬▬▬▬▬▬▬▬▬▬▬▬▬▬▬▬▬▬▬▬▬▬
15:41:18 [EMPTY] 
15:41:18 [COMPACT_SKILL_LEVEL_UP]   §r§a§lREWARDS
15:41:18 [COMPACT_SKILL_LEVEL_UP]    §r§eBrewer I
15:41:18 [COMPACT_SKILL_LEVEL_UP]    §r  §7§fPotions that you brew have a §a1%§f longer duration.
15:41:18 [COMPACT_SKILL_LEVEL_UP]    §r§7§8+§a1 §b✎ Intelligence
15:41:18 [COMPACT_SKILL_LEVEL_UP]    §r§7§8+§6100 §7Coins
15:41:18 [COMPACT_SKILL_LEVEL_UP]    §r§7§8+§b5 SkyBlock XP
15:41:18 [COMPACT_BINGO_BORDER] §3§l▬▬▬▬▬▬▬▬▬▬▬▬▬▬▬▬▬▬▬▬▬▬▬▬▬▬▬▬▬▬▬▬▬▬▬▬▬▬▬▬▬▬▬▬▬▬▬▬▬▬▬▬▬▬▬▬▬▬▬▬▬▬▬▬
15:41:18 [COMPACT_BINGO_BORDER] §3§l▬▬▬▬▬▬▬▬▬▬▬▬▬▬▬▬▬▬▬▬▬▬▬▬▬▬▬▬▬▬▬▬▬▬▬▬▬▬▬▬▬▬▬▬▬▬▬▬▬▬▬▬▬▬▬▬▬▬▬▬▬▬▬▬
15:41:18 [EMPTY] 
15:41:18 [COMPACT_SKILL_LEVEL_UP]   §r§a§lREWARDS
15:41:18 [COMPACT_SKILL_LEVEL_UP]    §r§eBrewer II
15:41:18 [COMPACT_SKILL_LEVEL_UP]    §r  §7§fPotions that you brew have a §81➜§a2%§f longer duration.
15:41:18 [COMPACT_SKILL_LEVEL_UP]    §r§7§8+§a1 §b✎ Intelligence
15:41:18 [COMPACT_SKILL_LEVEL_UP]    §r§7§8+§6250 §7Coins
15:41:18 [COMPACT_SKILL_LEVEL_UP]    §r§7§8+§b5 SkyBlock XP
15:41:18 [COMPACT_BINGO_BORDER] §3§l▬▬▬▬▬▬▬▬▬▬▬▬▬▬▬▬▬▬▬▬▬▬▬▬▬▬▬▬▬▬▬▬▬▬▬▬▬▬▬▬▬▬▬▬▬▬▬▬▬▬▬▬▬▬▬▬▬▬▬▬▬▬▬▬
15:41:18 [COMPACT_BINGO_BORDER] §3§l▬▬▬▬▬▬▬▬▬▬▬▬▬▬▬▬▬▬▬▬▬▬▬▬▬▬▬▬▬▬▬▬▬▬▬▬▬▬▬▬▬▬▬▬▬▬▬▬▬▬▬▬▬▬▬▬▬▬▬▬▬▬▬▬
15:41:18 [EMPTY] 
15:41:18 [COMPACT_SKILL_LEVEL_UP]   §r§a§lREWARDS
15:41:18 [COMPACT_SKILL_LEVEL_UP]    §r§eBrewer III
15:41:18 [COMPACT_SKILL_LEVEL_UP]    §r  §7§fPotions that you brew have a §82➜§a3%§f longer duration.
15:41:18 [COMPACT_SKILL_LEVEL_UP]    §r§7§8+§a1 §b✎ Intelligence
15:41:18 [COMPACT_SKILL_LEVEL_UP]    §r§7§8+§6500 §7Coins
15:41:18 [COMPACT_SKILL_LEVEL_UP]    §r§7§8+§b5 SkyBlock XP
15:41:18 [COMPACT_BINGO_BORDER] §3§l▬▬▬▬▬▬▬▬▬▬▬▬▬▬▬▬▬▬▬▬▬▬▬▬▬▬▬▬▬▬▬▬▬▬▬▬▬▬▬▬▬▬▬▬▬▬▬▬▬▬▬▬▬▬▬▬▬▬▬▬▬▬▬▬
15:41:19 [COMPACT_BINGO_BORDER] §3§l▬▬▬▬▬▬▬▬▬▬▬▬▬▬▬▬▬▬▬▬▬▬▬▬▬▬▬▬▬▬▬▬▬▬▬▬▬▬▬▬▬▬▬▬▬▬▬▬▬▬▬▬▬▬▬▬▬▬▬▬▬▬▬▬
15:41:19 [EMPTY] 
15:41:19 [COMPACT_SKILL_LEVEL_UP]   §r§a§lREWARDS
15:41:19 [COMPACT_SKILL_LEVEL_UP]    §r§eBrewer IV
15:41:19 [COMPACT_SKILL_LEVEL_UP]    §r  §7§fPotions that you brew have a §83➜§a4%§f longer duration.
15:41:19 [COMPACT_SKILL_LEVEL_UP]    §r§7§8+§a1 §b✎ Intelligence
15:41:19 [COMPACT_SKILL_LEVEL_UP]    §r§7§8+§6750 §7Coins
15:41:19 [COMPACT_SKILL_LEVEL_UP]    §r§7§8+§b5 SkyBlock XP
15:41:19 [COMPACT_BINGO_BORDER] §3§l▬▬▬▬▬▬▬▬▬▬▬▬▬▬▬▬▬▬▬▬▬▬▬▬▬▬▬▬▬▬▬▬▬▬▬▬▬▬▬▬▬▬▬▬▬▬▬▬▬▬▬▬▬▬▬▬▬▬▬▬▬▬▬▬
15:41:19 [COMPACT_BINGO_BORDER] §3§l▬▬▬▬▬▬▬▬▬▬▬▬▬▬▬▬▬▬▬▬▬▬▬▬▬▬▬▬▬▬▬▬▬▬▬▬▬▬▬▬▬▬▬▬▬▬▬▬▬▬▬▬▬▬▬▬▬▬▬▬▬▬▬▬
15:41:19 [EMPTY] 
15:41:19 [COMPACT_SKILL_LEVEL_UP]   §r§a§lREWARDS
15:41:19 [COMPACT_SKILL_LEVEL_UP]    §r§eBrewer V
15:41:19 [COMPACT_SKILL_LEVEL_UP]    §r  §7§fPotions that you brew have a §84➜§a5%§f longer duration.
15:41:19 [COMPACT_SKILL_LEVEL_UP]    §r§7§8+§a1 §b✎ Intelligence
15:41:19 [COMPACT_SKILL_LEVEL_UP]    §r§7§8+§61,000 §7Coins
15:41:19 [COMPACT_SKILL_LEVEL_UP]    §r§7§8+§b5 SkyBlock XP
15:41:19 [COMPACT_BINGO_BORDER] §3§l▬▬▬▬▬▬▬▬▬▬▬▬▬▬▬▬▬▬▬▬▬▬▬▬▬▬▬▬▬▬▬▬▬▬▬▬▬▬▬▬▬▬▬▬▬▬▬▬▬▬▬▬▬▬▬▬▬▬▬▬▬▬▬▬
15:41:22 [COMPACT_BINGO_BORDER] §3§l▬▬▬▬▬▬▬▬▬▬▬▬▬▬▬▬▬▬▬▬▬▬▬▬▬▬▬▬▬▬▬▬▬▬▬▬▬▬▬▬▬▬▬▬▬▬▬▬▬▬▬▬▬▬▬▬▬▬▬▬▬▬▬▬
15:41:22 [EMPTY] 
15:41:22 [COMPACT_SKILL_LEVEL_UP]   §r§a§lREWARDS
15:41:22 [COMPACT_SKILL_LEVEL_UP]    §r§eBrewer VI
15:41:22 [COMPACT_SKILL_LEVEL_UP]    §r  §7§fPotions that you brew have a §85➜§a6%§f longer duration.
15:41:22 [COMPACT_SKILL_LEVEL_UP]    §r§7§8+§a1 §b✎ Intelligence
15:41:22 [COMPACT_SKILL_LEVEL_UP]    §r§7§8+§62,000 §7Coins
15:41:22 [COMPACT_SKILL_LEVEL_UP]    §r§7§8+§b5 SkyBlock XP
15:41:22 [COMPACT_BINGO_BORDER] §3§l▬▬▬▬▬▬▬▬▬▬▬▬▬▬▬▬▬▬▬▬▬▬▬▬▬▬▬▬▬▬▬▬▬▬▬▬▬▬▬▬▬▬▬▬▬▬▬▬▬▬▬▬▬▬▬▬▬▬▬▬▬▬▬▬
15:41:22 [EMPTY] 
15:41:22 [EMPTY] 
15:41:22 [EMPTY] 
15:41:22 [EMPTY] 
15:41:22 [EMPTY] 
15:41:22 [EMPTY] 
15:41:22 [EMPTY] 
15:41:22 [EMPTY] 
15:41:22 [EMPTY] 
15:41:22 [EMPTY] 
15:41:22 [EMPTY] 
15:41:22 [EMPTY] 
15:41:24 [COMPACT_BINGO_BORDER] §3§l▬▬▬▬▬▬▬▬▬▬▬▬▬▬▬▬▬▬▬▬▬▬▬▬▬▬▬▬▬▬▬▬▬▬▬▬▬▬▬▬▬▬▬▬▬▬▬▬▬▬▬▬▬▬▬▬▬▬▬▬▬▬▬▬
15:41:24 [EMPTY] 
15:41:24 [COMPACT_SKILL_LEVEL_UP]   §r§a§lREWARDS
15:41:24 [COMPACT_SKILL_LEVEL_UP]    §r§eBrewer VII
15:41:24 [COMPACT_SKILL_LEVEL_UP]    §r  §7§fPotions that you brew have a §86➜§a7%§f longer duration.
15:41:24 [COMPACT_SKILL_LEVEL_UP]    §r§7§8+§a1 §b✎ Intelligence
15:41:24 [COMPACT_SKILL_LEVEL_UP]    §r§7§8+§63,000 §7Coins
15:41:24 [COMPACT_SKILL_LEVEL_UP]    §r§7§8+§b5 SkyBlock XP
15:41:24 [COMPACT_BINGO_BORDER] §3§l▬▬▬▬▬▬▬▬▬▬▬▬▬▬▬▬▬▬▬▬▬▬▬▬▬▬▬▬▬▬▬▬▬▬▬▬▬▬▬▬▬▬▬▬▬▬▬▬▬▬▬▬▬▬▬▬▬▬▬▬▬▬▬▬
15:42:23 [WARPING] §7Sending to server mini78V...
15:42:24 [EMPTY] §8 §r§8 §r§1 §r§3 §r§3 §r§7 §r§8 
15:42:26 [PROFILE_JOIN] §aYou are playing on profile: §eMango
15:42:26 [PROFILE_JOIN] §8Profile ID: bd40f82a-2ef6-4a1d-8182-f2e9bca9703f
15:44:29 [WARPING] §7Warping...
15:44:29 [WARPING] §7Sending to server mini157CA...
15:44:30 [EMPTY] §8 §r§8 §r§1 §r§3 §r§3 §r§7 §r§8 
15:44:33 [PROFILE_JOIN] §aYou are playing on profile: §eMango
15:44:33 [PROFILE_JOIN] §8Profile ID: bd40f82a-2ef6-4a1d-8182-f2e9bca9703f
15:44:38 [WARPING] §7Warping...
15:44:38 [WARPING] §7Sending to server mini199T...
15:44:38 [EMPTY] §8 §r§8 §r§1 §r§3 §r§3 §r§7 §r§8 
15:44:41 [PROFILE_JOIN] §aYou are playing on profile: §eMango
15:44:41 [PROFILE_JOIN] §8Profile ID: bd40f82a-2ef6-4a1d-8182-f2e9bca9703f
15:45:03 [WARPING] §7Warping...
15:45:03 [WARPING] §7Sending to server mini97BH...
15:45:03 [EMPTY] §8 §r§8 §r§1 §r§3 §r§3 §r§7 §r§8 
15:45:07 [PROFILE_JOIN] §aYou are playing on profile: §eMango
15:45:07 [PROFILE_JOIN] §8Profile ID: bd40f82a-2ef6-4a1d-8182-f2e9bca9703f
15:46:05 [WARPING] §7Warping...
15:46:34 [COMPACT_BINGO_BORDER] §3§l▬▬▬▬▬▬▬▬▬▬▬▬▬▬▬▬▬▬▬▬▬▬▬▬▬▬▬▬▬▬▬▬▬▬▬▬▬▬▬▬▬▬▬▬▬▬▬▬▬▬▬▬▬▬▬▬▬▬▬▬▬▬▬▬
15:46:34 [EMPTY]  
15:46:34 [BESTIARY] §f                                  §6§lBESTIARY
15:46:34 [BESTIARY] §f                                §b§lAutomaton §7§bI
15:46:34 [BESTIARY] 
15:46:34 [BESTIARY] §f                                  §r§6§lREWARDS
15:46:34 [BESTIARY] §f                        §r§8+§r§a2 Automaton §r§b✯ Magic Find
15:46:34 [BESTIARY] §f                        §r§8+§r§a2 Automaton §r§c❁ Strength
15:46:34 [BESTIARY] §f                            §r§8+§r§62% §r§aAutomaton §r§7coins
15:46:34 [BESTIARY] §f                    §r§8+§r§a50% §r§7chance for extra XP orbs
15:46:34 [BESTIARY] §f                               §r§8+§r§b1 SkyBlock XP
15:46:34 [BESTIARY] 
15:46:34 [BESTIARY] §3§l▬▬▬▬▬▬▬▬▬▬▬▬▬▬▬▬▬▬▬▬▬▬▬▬▬▬▬▬▬▬▬▬▬▬▬▬▬▬▬▬▬▬▬▬▬▬▬▬▬▬▬▬▬▬▬▬▬▬▬▬▬▬▬▬
15:46:50 [COMPACT_BINGO_BORDER] §3§l▬▬▬▬▬▬▬▬▬▬▬▬▬▬▬▬▬▬▬▬▬▬▬▬▬▬▬▬▬▬▬▬▬▬▬▬▬▬▬▬▬▬▬▬▬▬▬▬▬▬▬▬▬▬▬▬▬▬▬▬▬▬▬▬
15:46:50 [EMPTY]  
15:46:50 [BESTIARY] §f                                  §6§lBESTIARY
15:46:50 [BESTIARY] §f                             §b§lAutomaton §7§8I §8➡§b §bII
15:46:50 [BESTIARY] 
15:46:50 [BESTIARY] §f                                  §r§6§lREWARDS
15:46:50 [BESTIARY] §f                        §r§8+§r§a2 Automaton §r§b✯ Magic Find
15:46:50 [BESTIARY] §f                        §r§8+§r§a2 Automaton §r§c❁ Strength
15:46:50 [BESTIARY] §f                            §r§8+§r§62% §r§aAutomaton §r§7coins
15:46:50 [BESTIARY] §f                    §r§8+§r§a50% §r§7chance for extra XP orbs
15:46:50 [BESTIARY] §f                               §r§8+§r§b1 SkyBlock XP
15:46:50 [BESTIARY] 
15:46:50 [BESTIARY] §3§l▬▬▬▬▬▬▬▬▬▬▬▬▬▬▬▬▬▬▬▬▬▬▬▬▬▬▬▬▬▬▬▬▬▬▬▬▬▬▬▬▬▬▬▬▬▬▬▬▬▬▬▬▬▬▬▬▬▬▬▬▬▬▬▬
15:47:05 [COMPACT_BINGO_BORDER] §3§l▬▬▬▬▬▬▬▬▬▬▬▬▬▬▬▬▬▬▬▬▬▬▬▬▬▬▬▬▬▬▬▬▬▬▬▬▬▬▬▬▬▬▬▬▬▬▬▬▬▬▬▬▬▬▬▬▬▬▬▬▬▬▬▬
15:47:05 [EMPTY]  
15:47:05 [BESTIARY] §f                                  §6§lBESTIARY
15:47:05 [BESTIARY] §f                            §b§lAutomaton §7§8II §8➡§b §bIII
15:47:05 [BESTIARY] 
15:47:05 [BESTIARY] §f                                  §r§6§lREWARDS
15:47:05 [BESTIARY] §f                        §r§8+§r§a2 Automaton §r§b✯ Magic Find
15:47:05 [BESTIARY] §f                        §r§8+§r§a2 Automaton §r§c❁ Strength
15:47:05 [BESTIARY] §f                            §r§8+§r§62% §r§aAutomaton §r§7coins
15:47:05 [BESTIARY] §f                    §r§8+§r§a50% §r§7chance for extra XP orbs
15:47:05 [BESTIARY] §f                               §r§8+§r§b1 SkyBlock XP
15:47:05 [BESTIARY] 
15:47:05 [BESTIARY] §3§l▬▬▬▬▬▬▬▬▬▬▬▬▬▬▬▬▬▬▬▬▬▬▬▬▬▬▬▬▬▬▬▬▬▬▬▬▬▬▬▬▬▬▬▬▬▬▬▬▬▬▬▬▬▬▬▬▬▬▬▬▬▬▬▬
15:47:30 [COMPACT_BINGO_BORDER] §e§l▬▬▬▬▬▬▬▬▬▬▬▬▬▬▬▬▬▬▬▬▬▬▬▬▬▬▬▬▬▬▬▬▬▬▬▬▬▬▬▬▬▬▬▬▬▬▬▬▬▬▬▬▬▬▬▬▬▬▬▬▬▬▬▬
15:47:30 [EMPTY] 
15:47:30 [COMPACT_COLLECTION_LEVEL_UP]   §r§a§lREWARDS
15:47:30 [COMPACT_COLLECTION_LEVEL_UP]     §r§7§8+§b4 SkyBlock XP
15:47:30 [COMPACT_BINGO_BORDER] §e§l▬▬▬▬▬▬▬▬▬▬▬▬▬▬▬▬▬▬▬▬▬▬▬▬▬▬▬▬▬▬▬▬▬▬▬▬▬▬▬▬▬▬▬▬▬▬▬▬▬▬▬▬▬▬▬▬▬▬▬▬▬▬▬▬
15:48:14 [WARPING] §7Warping...
15:48:59 [COMPACT_BINGO_BORDER] §3§l▬▬▬▬▬▬▬▬▬▬▬▬▬▬▬▬▬▬▬▬▬▬▬▬▬▬▬▬▬▬▬▬▬▬▬▬▬▬▬▬▬▬▬▬▬▬▬▬▬▬▬▬▬▬▬▬▬▬▬▬▬▬▬▬
15:48:59 [EMPTY]  
15:48:59 [BESTIARY] §f                                  §6§lBESTIARY
15:48:59 [BESTIARY] §f                           §b§lAutomaton §7§8III §8➡§b §bIV
15:48:59 [BESTIARY] 
15:48:59 [BESTIARY] §f                                  §r§6§lREWARDS
15:48:59 [BESTIARY] §f                        §r§8+§r§a2 Automaton §r§b✯ Magic Find
15:48:59 [BESTIARY] §f                        §r§8+§r§a2 Automaton §r§c❁ Strength
15:48:59 [BESTIARY] §f                            §r§8+§r§62% §r§aAutomaton §r§7coins
15:48:59 [BESTIARY] §f                    §r§8+§r§a50% §r§7chance for extra XP orbs
15:48:59 [BESTIARY] §f                               §r§8+§r§b1 SkyBlock XP
15:48:59 [BESTIARY] 
15:48:59 [BESTIARY] §3§l▬▬▬▬▬▬▬▬▬▬▬▬▬▬▬▬▬▬▬▬▬▬▬▬▬▬▬▬▬▬▬▬▬▬▬▬▬▬▬▬▬▬▬▬▬▬▬▬▬▬▬▬▬▬▬▬▬▬▬▬▬▬▬▬
15:49:11 [WARPING] §7Warping...
15:49:51 [WARPING] §7Warping...
15:50:41 [GUILD_EXP] §aYou earned §r§2675 GEXP §r§a+ §r§e2,025 Event EXP §r§afrom playing SkyBlock!
15:50:53 [EMPTY] 
15:51:53 [WARPING] §7Warping...
15:52:42 [EMPTY] §f                                        
15:52:47 [WARPING] §7Warping...
15:52:47 [WARPING] §7Sending to server mini80BB...
15:52:48 [EMPTY] §8 §r§8 §r§1 §r§3 §r§3 §r§7 §r§8 
15:52:50 [PROFILE_JOIN] §aYou are playing on profile: §eMango
15:52:50 [PROFILE_JOIN] §8Profile ID: bd40f82a-2ef6-4a1d-8182-f2e9bca9703f
15:53:00 [WARPING] §7Warping...
15:53:00 [WARPING] §7Sending to server mini1005E...
15:53:00 [EMPTY] §8 §r§8 §r§1 §r§3 §r§3 §r§7 §r§8 
15:53:03 [PROFILE_JOIN] §aYou are playing on profile: §eMango
15:53:03 [PROFILE_JOIN] §8Profile ID: bd40f82a-2ef6-4a1d-8182-f2e9bca9703f
15:53:27 [EMPTY] 
15:53:27 [EMPTY] 
15:53:32 [COMPACT_BINGO_BORDER] §3§l▬▬▬▬▬▬▬▬▬▬▬▬▬▬▬▬▬▬▬▬▬▬▬▬▬▬▬▬▬▬▬▬▬▬▬▬▬▬▬▬▬▬▬▬▬▬▬▬▬▬▬▬▬▬▬▬▬▬▬▬▬▬▬▬
15:53:32 [EMPTY]  
15:53:32 [BESTIARY] §f                                  §6§lBESTIARY
15:53:32 [BESTIARY] §f                        §b§lZombie Villager §7§8II §8➡§b §bIII
15:53:32 [BESTIARY] 
15:53:32 [BESTIARY] §f                                  §r§6§lREWARDS
15:53:32 [BESTIARY] §f                     §r§8+§r§a2 Zombie Villager §r§b✯ Magic Find
15:53:32 [BESTIARY] §f                     §r§8+§r§a2 Zombie Villager §r§c❁ Strength
15:53:32 [BESTIARY] §f                         §r§8+§r§62% §r§aZombie Villager §r§7coins
15:53:32 [BESTIARY] §f                    §r§8+§r§a50% §r§7chance for extra XP orbs
15:53:32 [BESTIARY] §f                               §r§8+§r§b1 SkyBlock XP
15:53:32 [BESTIARY] 
15:53:32 [BESTIARY] §3§l▬▬▬▬▬▬▬▬▬▬▬▬▬▬▬▬▬▬▬▬▬▬▬▬▬▬▬▬▬▬▬▬▬▬▬▬▬▬▬▬▬▬▬▬▬▬▬▬▬▬▬▬▬▬▬▬▬▬▬▬▬▬▬▬
15:53:47 [EMPTY] 
15:53:47 [EMPTY] 
15:53:47 [EMPTY] 
15:53:49 [EMPTY] 
15:53:49 [EMPTY] 
15:53:58 [EMPTY] 
15:53:58 [EMPTY] 
15:53:58 [EMPTY] 
15:54:29 [GUILD_EXP] §aYou earned §r§263 GEXP §r§a+ §r§e189 Event EXP §r§afrom playing SkyBlock!
15:54:40 [COMPACT_BINGO_BORDER] §3§l▬▬▬▬▬▬▬▬▬▬▬▬▬▬▬▬▬▬▬▬▬▬▬▬▬▬▬▬▬▬▬▬▬▬▬▬▬▬▬▬▬▬▬▬▬▬▬▬▬▬▬▬▬▬▬▬▬▬▬▬▬▬▬▬
15:54:40 [EMPTY]  
15:54:40 [BESTIARY] §f                                  §6§lBESTIARY
15:54:40 [BESTIARY] §f                        §b§lZombie Villager §7§8III §8➡§b §bIV
15:54:40 [BESTIARY] 
15:54:40 [BESTIARY] §f                                  §r§6§lREWARDS
15:54:40 [BESTIARY] §f                     §r§8+§r§a2 Zombie Villager §r§b✯ Magic Find
15:54:40 [BESTIARY] §f                     §r§8+§r§a2 Zombie Villager §r§c❁ Strength
15:54:40 [BESTIARY] §f                         §r§8+§r§62% §r§aZombie Villager §r§7coins
15:54:40 [BESTIARY] §f                    §r§8+§r§a50% §r§7chance for extra XP orbs
15:54:40 [BESTIARY] §f                               §r§8+§r§b1 SkyBlock XP
15:54:40 [BESTIARY] 
15:54:40 [BESTIARY] §3§l▬▬▬▬▬▬▬▬▬▬▬▬▬▬▬▬▬▬▬▬▬▬▬▬▬▬▬▬▬▬▬▬▬▬▬▬▬▬▬▬▬▬▬▬▬▬▬▬▬▬▬▬▬▬▬▬▬▬▬▬▬▬▬▬
15:54:56 [EMPTY]  
15:54:56 [EMPTY]  
15:54:56 [EMPTY]  
15:56:00 [COMPACT_BINGO_BORDER] §3§l▬▬▬▬▬▬▬▬▬▬▬▬▬▬▬▬▬▬▬▬▬▬▬▬▬▬▬▬▬▬▬▬▬▬▬▬▬▬▬▬▬▬▬▬▬▬▬▬▬▬▬▬▬▬▬▬▬▬▬▬▬▬▬▬
15:56:00 [EMPTY]  
15:56:00 [BESTIARY] §f                                  §6§lBESTIARY
15:56:00 [BESTIARY] §f                               §b§lCrypt Ghoul §7§bI
15:56:00 [BESTIARY] 
15:56:00 [BESTIARY] §f                                  §r§6§lREWARDS
15:56:00 [BESTIARY] §f                       §r§8+§r§a2 Crypt Ghoul §r§b✯ Magic Find
15:56:00 [BESTIARY] §f                       §r§8+§r§a2 Crypt Ghoul §r§c❁ Strength
15:56:00 [BESTIARY] §f                           §r§8+§r§62% §r§aCrypt Ghoul §r§7coins
15:56:00 [BESTIARY] §f                    §r§8+§r§a50% §r§7chance for extra XP orbs
15:56:00 [BESTIARY] §f                               §r§8+§r§b1 SkyBlock XP
15:56:00 [BESTIARY] 
15:56:00 [BESTIARY] §3§l▬▬▬▬▬▬▬▬▬▬▬▬▬▬▬▬▬▬▬▬▬▬▬▬▬▬▬▬▬▬▬▬▬▬▬▬▬▬▬▬▬▬▬▬▬▬▬▬▬▬▬▬▬▬▬▬▬▬▬▬▬▬▬▬
15:56:39 [COMPACT_BINGO_BORDER] §3§l▬▬▬▬▬▬▬▬▬▬▬▬▬▬▬▬▬▬▬▬▬▬▬▬▬▬▬▬▬▬▬▬▬▬▬▬▬▬▬▬▬▬▬▬▬▬▬▬▬▬▬▬▬▬▬▬▬▬▬▬▬▬▬▬
15:56:39 [EMPTY]  
15:56:39 [BESTIARY] §f                                  §6§lBESTIARY
15:56:39 [BESTIARY] §f                           §b§lCrypt Ghoul §7§8I §8➡§b §bII
15:56:39 [BESTIARY] 
15:56:39 [BESTIARY] §f                                  §r§6§lREWARDS
15:56:39 [BESTIARY] §f                       §r§8+§r§a2 Crypt Ghoul §r§b✯ Magic Find
15:56:39 [BESTIARY] §f                       §r§8+§r§a2 Crypt Ghoul §r§c❁ Strength
15:56:39 [BESTIARY] §f                           §r§8+§r§62% §r§aCrypt Ghoul §r§7coins
15:56:39 [BESTIARY] §f                    §r§8+§r§a50% §r§7chance for extra XP orbs
15:56:39 [BESTIARY] §f                               §r§8+§r§b1 SkyBlock XP
15:56:39 [BESTIARY] 
15:56:39 [BESTIARY]   §r§f                         §6§lBESTIARY MILESTONE
15:56:39 [BESTIARY]   §r§f                                  §8XXV➡§eXXVI
15:56:39 [BESTIARY] 
15:56:39 [BESTIARY] §3§l▬▬▬▬▬▬▬▬▬▬▬▬▬▬▬▬▬▬▬▬▬▬▬▬▬▬▬▬▬▬▬▬▬▬▬▬▬▬▬▬▬▬▬▬▬▬▬▬▬▬▬▬▬▬▬▬▬▬▬▬▬▬▬▬
15:56:55 [WARPING] §7Warping...
15:56:55 [WARPING] §7Sending to server mini78CG...
15:56:56 [EMPTY] §8 §r§8 §r§1 §r§3 §r§3 §r§7 §r§8 
15:56:56 [EMPTY]  
15:56:56 [EMPTY]   
15:56:59 [PROFILE_JOIN] §aYou are playing on profile: §eMango
15:56:59 [PROFILE_JOIN] §8Profile ID: bd40f82a-2ef6-4a1d-8182-f2e9bca9703f
15:57:28 [COMPACT_BINGO_BORDER] §3§l▬▬▬▬▬▬▬▬▬▬▬▬▬▬▬▬▬▬▬▬▬▬▬▬▬▬▬▬▬▬▬▬▬▬▬▬▬▬▬▬▬▬▬▬▬▬▬▬▬▬▬▬▬▬▬▬▬▬▬▬▬▬▬▬
15:57:28 [EMPTY]  
15:57:28 [BESTIARY] §f                                  §6§lBESTIARY
15:57:28 [BESTIARY] §f                            §b§lAutomaton §7§8IV §8➡§b §bV
15:57:28 [BESTIARY] 
15:57:28 [BESTIARY] §f                                  §r§6§lREWARDS
15:57:28 [BESTIARY] §f                        §r§8+§r§a2 Automaton §r§b✯ Magic Find
15:57:28 [BESTIARY] §f                        §r§8+§r§a2 Automaton §r§c❁ Strength
15:57:28 [BESTIARY] §f                            §r§8+§r§62% §r§aAutomaton §r§7coins
15:57:28 [BESTIARY] §f                    §r§8+§r§a50% §r§7chance for extra XP orbs
15:57:28 [BESTIARY] §f                               §r§8+§r§b1 SkyBlock XP
15:57:28 [BESTIARY] 
15:57:28 [BESTIARY] §3§l▬▬▬▬▬▬▬▬▬▬▬▬▬▬▬▬▬▬▬▬▬▬▬▬▬▬▬▬▬▬▬▬▬▬▬▬▬▬▬▬▬▬▬▬▬▬▬▬▬▬▬▬▬▬▬▬▬▬▬▬▬▬▬▬
15:58:17 [WARPING] §7Warping...
15:58:18 [WARPING] §7Sending to server mini3AP...
15:58:19 [EMPTY] §8 §r§8 §r§1 §r§3 §r§3 §r§7 §r§8 
15:58:19 [EMPTY]  
15:58:19 [EMPTY]   
15:58:20 [WARPING] §7Warping...
15:58:22 [PROFILE_JOIN] §aYou are playing on profile: §eMango
15:58:22 [PROFILE_JOIN] §8Profile ID: bd40f82a-2ef6-4a1d-8182-f2e9bca9703f
15:58:23 [COMPACT_BINGO_BORDER] §3§l▬▬▬▬▬▬▬▬▬▬▬▬▬▬▬▬▬▬▬▬▬▬▬▬▬▬▬▬▬▬▬▬▬▬▬▬▬▬▬▬▬▬▬▬▬▬▬▬▬▬▬▬▬▬▬▬▬▬▬▬▬▬▬▬
15:58:23 [EMPTY]  
15:58:23 [EMPTY]  
15:58:23 [EMPTY]  
15:58:23 [COMPACT_BINGO_BORDER] §3§l▬▬▬▬▬▬▬▬▬▬▬▬▬▬▬▬▬▬▬▬▬▬▬▬▬▬▬▬▬▬▬▬▬▬▬▬▬▬▬▬▬▬▬▬▬▬▬▬▬▬▬▬▬▬▬▬▬▬▬▬▬▬▬▬
15:58:25 [WARPING] §7Warping...
15:58:26 [WARPING] §7Sending to server mini158DF...
15:58:26 [EMPTY] §8 §r§8 §r§1 §r§3 §r§3 §r§7 §r§8 
15:58:29 [PROFILE_JOIN] §aYou are playing on profile: §eMango
15:58:29 [PROFILE_JOIN] §8Profile ID: bd40f82a-2ef6-4a1d-8182-f2e9bca9703f
15:59:49 [WARPING] §7Warping...
16:00:14 [WARPING] §7Warping...
16:00:40 [EMPTY] §f
16:00:40 [WATCHDOG] §4[WATCHDOG ANNOUNCEMENT]
16:00:40 [WATCHDOG] §fWatchdog has banned §r§c§l14,716§r§f players in the last 7 days.
16:00:40 [WATCHDOG] §fStaff have banned an additional §r§c§l15,070§r§f in the last 7 days.
16:00:40 [WATCHDOG] §cBlacklisted modifications are a bannable offense!
16:00:40 [WATCHDOG] §c
16:01:00 [WARPING] §7Warping...
16:02:02 [WARPING] §7Warping...
16:02:02 [WARPING] §7Sending to server mini35AA...
16:02:03 [EMPTY] §8 §r§8 §r§1 §r§3 §r§3 §r§7 §r§8 
16:02:05 [WARPING] §7Warping...
16:02:06 [WARPING] §7Sending to server mini6BC...
16:02:06 [EMPTY] §8 §r§8 §r§1 §r§3 §r§3 §r§7 §r§8 
16:02:09 [PROFILE_JOIN] §aYou are playing on profile: §eMango
16:02:09 [PROFILE_JOIN] §8Profile ID: bd40f82a-2ef6-4a1d-8182-f2e9bca9703f
16:03:22 [EMPTY] §f                                        
16:03:28 [WARPING] §7Warping...
16:03:28 [WARPING] §7Sending to server mini94BW...
16:03:29 [EMPTY] §8 §r§8 §r§1 §r§3 §r§3 §r§7 §r§8 
16:03:32 [PROFILE_JOIN] §aYou are playing on profile: §eMango
16:03:32 [PROFILE_JOIN] §8Profile ID: bd40f82a-2ef6-4a1d-8182-f2e9bca9703f
16:03:53 [EMPTY] 
16:04:44 [WARPING] §7Warping...
16:04:44 [WARPING] §7Sending to server mini182E...
16:04:44 [EMPTY] §8 §r§8 §r§1 §r§3 §r§3 §r§7 §r§8 
16:04:47 [PROFILE_JOIN] §aYou are playing on profile: §eMango
16:04:47 [PROFILE_JOIN] §8Profile ID: bd40f82a-2ef6-4a1d-8182-f2e9bca9703f
16:06:02 [COMPACT_BINGO_BORDER] §3§l▬▬▬▬▬▬▬▬▬▬▬▬▬▬▬▬▬▬▬▬▬▬▬▬▬▬▬▬▬▬▬▬▬▬▬▬▬▬▬▬▬▬▬▬▬▬▬▬▬▬▬▬▬▬▬▬▬▬▬▬▬▬▬▬
16:06:02 [EMPTY]  
16:06:02 [BESTIARY] §f                                  §6§lBESTIARY
16:06:02 [BESTIARY] §f                           §b§lEnderman §7§8XII §8➡§b §bXIII
16:06:02 [BESTIARY] 
16:06:02 [BESTIARY] §f                                  §r§6§lREWARDS
16:06:02 [BESTIARY] §f                        §r§8+§r§a4 Enderman §r§b✯ Magic Find
16:06:02 [BESTIARY] §f                         §r§8+§r§a4 Enderman §r§c❁ Strength
16:06:02 [BESTIARY] §f                            §r§8+§r§62% §r§aEnderman §r§7coins
16:06:02 [BESTIARY] §f                    §r§8+§r§a50% §r§7chance for extra XP orbs
16:06:02 [BESTIARY] §f                               §r§8+§r§b1 SkyBlock XP
16:06:02 [BESTIARY] 
16:06:02 [BESTIARY] §3§l▬▬▬▬▬▬▬▬▬▬▬▬▬▬▬▬▬▬▬▬▬▬▬▬▬▬▬▬▬▬▬▬▬▬▬▬▬▬▬▬▬▬▬▬▬▬▬▬▬▬▬▬▬▬▬▬▬▬▬▬▬▬▬▬
16:06:38 [GUILD_EXP] §aYou earned §r§285 GEXP §r§a+ §r§e255 Event EXP §r§afrom playing SkyBlock!
16:06:38 [EMPTY] 
16:06:38 [EMPTY] 
16:06:50 [WARPING] §7Warping...
16:06:58 [EMPTY] 
16:06:58 [EMPTY] 
16:06:58 [EMPTY] 
16:06:58 [EMPTY] 
16:06:58 [COMPACT_BINGO_BORDER] §3§l▬▬▬▬▬▬▬▬▬▬▬▬▬▬▬▬▬▬▬▬▬▬▬▬▬▬▬▬▬▬▬▬▬▬▬▬▬▬▬▬▬▬▬▬▬▬▬▬▬▬▬▬▬▬▬▬▬▬▬▬▬▬▬▬
16:06:58 [EMPTY]  
16:06:58 [BESTIARY] §f                                  §6§lBESTIARY
16:06:58 [BESTIARY] §f                              §b§lDragon §7§8III §8➡§b §bIV
16:06:58 [BESTIARY] 
16:06:58 [BESTIARY] §f                                  §r§6§lREWARDS
16:06:58 [BESTIARY] §f                         §r§8+§r§a2 Dragon §r§b✯ Magic Find
16:06:58 [BESTIARY] §f                          §r§8+§r§a2 Dragon §r§c❁ Strength
16:06:58 [BESTIARY] §f                             §r§8+§r§62% §r§aDragon §r§7coins
16:06:58 [BESTIARY] §f                    §r§8+§r§a50% §r§7chance for extra XP orbs
16:06:58 [BESTIARY] §f                               §r§8+§r§b1 SkyBlock XP
16:06:58 [BESTIARY] 
16:06:58 [BESTIARY] §3§l▬▬▬▬▬▬▬▬▬▬▬▬▬▬▬▬▬▬▬▬▬▬▬▬▬▬▬▬▬▬▬▬▬▬▬▬▬▬▬▬▬▬▬▬▬▬▬▬▬▬▬▬▬▬▬▬▬▬▬▬▬▬▬▬
16:11:42 [GUILD_EXP] §aYou earned §r§2743 GEXP §r§a+ §r§e2,229 Event EXP §r§afrom playing SkyBlock!
16:12:56 [COMPACT_BINGO_BORDER] §3§l▬▬▬▬▬▬▬▬▬▬▬▬▬▬▬▬▬▬▬▬▬▬▬▬▬▬▬▬▬▬▬▬▬▬▬▬▬▬▬▬▬▬▬▬▬▬▬▬▬▬▬▬▬▬▬▬▬▬▬▬▬▬▬▬
16:12:56 [EMPTY]  
16:12:56 [BESTIARY] §f                                  §6§lBESTIARY
16:12:56 [BESTIARY] §f                          §b§lEnderman §7§8XIII §8➡§b §bXIV
16:12:56 [BESTIARY] 
16:12:56 [BESTIARY] §f                                  §r§6§lREWARDS
16:12:56 [BESTIARY] §f                        §r§8+§r§a4 Enderman §r§b✯ Magic Find
16:12:56 [BESTIARY] §f                         §r§8+§r§a4 Enderman §r§c❁ Strength
16:12:56 [BESTIARY] §f                            §r§8+§r§62% §r§aEnderman §r§7coins
16:12:56 [BESTIARY] §f                    §r§8+§r§a50% §r§7chance for extra XP orbs
16:12:56 [BESTIARY] §f                               §r§8+§r§b1 SkyBlock XP
16:12:56 [BESTIARY] 
16:12:56 [BESTIARY] §3§l▬▬▬▬▬▬▬▬▬▬▬▬▬▬▬▬▬▬▬▬▬▬▬▬▬▬▬▬▬▬▬▬▬▬▬▬▬▬▬▬▬▬▬▬▬▬▬▬▬▬▬▬▬▬▬▬▬▬▬▬▬▬▬▬
16:16:44 [GUILD_EXP] §aYou earned §r§2740 GEXP §r§a+ §r§e2,220 Event EXP §r§afrom playing SkyBlock!
16:17:19 [COMPACT_BINGO_BORDER] §e§l▬▬▬▬▬▬▬▬▬▬▬▬▬▬▬▬▬▬▬▬▬▬▬▬▬▬▬▬▬▬▬▬▬▬▬▬▬▬▬▬▬▬▬▬▬▬▬▬▬▬▬▬▬▬▬▬▬▬▬▬▬▬▬▬
16:17:19 [EMPTY] 
16:17:19 [COMPACT_COLLECTION_LEVEL_UP]   §r§a§lREWARDS
16:17:19 [COMPACT_COLLECTION_LEVEL_UP]     §r§7§8+§b4 SkyBlock XP
16:17:19 [COMPACT_BINGO_BORDER] §e§l▬▬▬▬▬▬▬▬▬▬▬▬▬▬▬▬▬▬▬▬▬▬▬▬▬▬▬▬▬▬▬▬▬▬▬▬▬▬▬▬▬▬▬▬▬▬▬▬▬▬▬▬▬▬▬▬▬▬▬▬▬▬▬▬
