22:14:37 Trying to load config from config\skyhanni\config.json
22:14:37 load-config-now
22:14:38 Loaded config from file
22:14:38 Trying to load sacks from config\skyhanni\sacks.json
22:14:38 load-sacks-now
22:14:38 Loaded sacks from file
22:14:38 Trying to load friends from config\skyhanni\friends.json
22:14:38 load-friends-now
22:14:38 Loaded friends from file
22:14:38 Trying to load known_features from config\skyhanni\known_features.json
22:14:38 load-known_features-now
22:14:38 Loaded known_features from file
22:14:38 Trying to load jacob_contests from config\skyhanni\jacob_contests.json
22:14:38 load-jacob_contests-now
22:14:38 Loaded jacob_contests from file
22:14:38 Trying to load visual_words from config\skyhanni\visual_words.json
22:14:38 Setting visual_words to be blank as it did not exist. It will be saved once something is written to it
22:15:38 saveConfig: auto-save-60s
22:15:38 Saving config file
22:15:57 saveConfig: Updated known feature flags
22:15:57 Saving known_features file
22:16:38 saveConfig: auto-save-60s
22:16:38 Saving config file
22:17:38 saveConfig: auto-save-60s
22:17:38 Saving config file
22:18:38 saveConfig: auto-save-60s
22:18:38 Saving config file
22:19:38 saveConfig: auto-save-60s
22:19:38 Saving config file
22:20:38 saveConfig: auto-save-60s
22:20:38 Saving config file
22:21:38 saveConfig: auto-save-60s
22:21:38 Saving config file
22:22:38 saveConfig: auto-save-60s
22:22:38 Saving config file
22:23:38 saveConfig: auto-save-60s
22:23:38 Saving config file
22:24:38 saveConfig: auto-save-60s
22:24:38 Saving config file
22:25:38 saveConfig: auto-save-60s
22:25:38 Saving config file
22:26:38 saveConfig: auto-save-60s
22:26:38 Saving config file
22:27:38 saveConfig: auto-save-60s
22:27:38 Saving config file
22:28:38 saveConfig: auto-save-60s
22:28:38 Saving config file
22:29:38 saveConfig: auto-save-60s
22:29:38 Saving config file
22:30:38 saveConfig: auto-save-60s
22:30:38 Saving config file
22:31:38 saveConfig: auto-save-60s
22:31:38 Saving config file
22:32:38 saveConfig: auto-save-60s
22:32:38 Saving config file
22:33:38 saveConfig: auto-save-60s
22:33:38 Saving config file
22:34:38 saveConfig: auto-save-60s
22:34:38 Saving config file
22:35:38 saveConfig: auto-save-60s
22:35:38 Saving config file
22:36:38 saveConfig: auto-save-60s
22:36:38 Saving config file
22:37:38 saveConfig: auto-save-60s
22:37:38 Saving config file
22:38:38 saveConfig: auto-save-60s
22:38:38 Saving config file
22:39:38 saveConfig: auto-save-60s
22:39:38 Saving config file
22:40:38 saveConfig: auto-save-60s
22:40:38 Saving config file
22:41:38 saveConfig: auto-save-60s
22:41:38 Saving config file
22:42:38 saveConfig: auto-save-60s
22:42:38 Saving config file
22:43:38 saveConfig: auto-save-60s
22:43:38 Saving config file
22:44:38 saveConfig: auto-save-60s
22:44:38 Saving config file
22:45:38 saveConfig: auto-save-60s
22:45:38 Saving config file
22:46:38 saveConfig: auto-save-60s
22:46:38 Saving config file
22:47:38 saveConfig: auto-save-60s
22:47:38 Saving config file
22:48:38 saveConfig: auto-save-60s
22:48:38 Saving config file
22:49:38 saveConfig: auto-save-60s
22:49:38 Saving config file
22:50:38 saveConfig: auto-save-60s
22:50:38 Saving config file
22:51:38 saveConfig: auto-save-60s
22:51:38 Saving config file
22:52:38 saveConfig: auto-save-60s
22:52:38 Saving config file
22:53:38 saveConfig: auto-save-60s
22:53:38 Saving config file
22:54:38 saveConfig: auto-save-60s
22:54:38 Saving config file
22:55:38 saveConfig: auto-save-60s
22:55:38 Saving config file
22:56:38 saveConfig: auto-save-60s
22:56:38 Saving config file
22:57:38 saveConfig: auto-save-60s
22:57:38 Saving config file
22:58:38 saveConfig: auto-save-60s
22:58:38 Saving config file
22:59:38 saveConfig: auto-save-60s
22:59:38 Saving config file
23:00:38 saveConfig: auto-save-60s
23:00:38 Saving config file
23:01:38 saveConfig: auto-save-60s
23:01:38 Saving config file
23:02:38 saveConfig: auto-save-60s
23:02:38 Saving config file
23:03:38 saveConfig: auto-save-60s
23:03:38 Saving config file
23:04:38 saveConfig: auto-save-60s
23:04:38 Saving config file
23:05:38 saveConfig: auto-save-60s
23:05:38 Saving config file
23:06:38 saveConfig: auto-save-60s
23:06:38 Saving config file
23:07:38 saveConfig: auto-save-60s
23:07:38 Saving config file
23:08:38 saveConfig: auto-save-60s
23:08:38 Saving config file
23:09:38 saveConfig: auto-save-60s
23:09:38 Saving config file
23:10:38 saveConfig: auto-save-60s
23:10:38 Saving config file
23:11:38 saveConfig: auto-save-60s
23:11:38 Saving config file
23:12:38 saveConfig: auto-save-60s
23:12:38 Saving config file
23:13:38 saveConfig: auto-save-60s
23:13:38 Saving config file
23:14:38 saveConfig: auto-save-60s
23:14:38 Saving config file
23:15:38 saveConfig: auto-save-60s
23:15:38 Saving config file
23:16:38 saveConfig: auto-save-60s
23:16:38 Saving config file
23:17:38 saveConfig: auto-save-60s
23:17:38 Saving config file
23:18:38 saveConfig: auto-save-60s
23:18:38 Saving config file
23:19:38 saveConfig: auto-save-60s
23:19:38 Saving config file
23:20:38 saveConfig: auto-save-60s
23:20:38 Saving config file
23:21:38 saveConfig: auto-save-60s
23:21:38 Saving config file
23:22:38 saveConfig: auto-save-60s
23:22:38 Saving config file
23:23:38 saveConfig: auto-save-60s
23:23:38 Saving config file
23:24:38 saveConfig: auto-save-60s
23:24:38 Saving config file
23:25:38 saveConfig: auto-save-60s
23:25:38 Saving config file
23:26:38 saveConfig: auto-save-60s
23:26:38 Saving config file
23:27:38 saveConfig: auto-save-60s
23:27:38 Saving config file
23:28:38 saveConfig: auto-save-60s
23:28:38 Saving config file
23:29:38 saveConfig: auto-save-60s
23:29:38 Saving config file
23:30:38 saveConfig: auto-save-60s
23:30:38 Saving config file
23:31:38 saveConfig: auto-save-60s
23:31:38 Saving config file
23:32:38 saveConfig: auto-save-60s
23:32:38 Saving config file
23:33:38 saveConfig: auto-save-60s
23:33:38 Saving config file
23:34:38 saveConfig: auto-save-60s
23:34:38 Saving config file
23:35:38 saveConfig: auto-save-60s
23:35:38 Saving config file
23:36:38 saveConfig: auto-save-60s
23:36:38 Saving config file
23:37:38 saveConfig: auto-save-60s
23:37:38 Saving config file
23:38:38 saveConfig: auto-save-60s
23:38:38 Saving config file
23:39:38 saveConfig: auto-save-60s
23:39:38 Saving config file
23:40:38 saveConfig: auto-save-60s
23:40:38 Saving config file
23:41:38 saveConfig: auto-save-60s
23:41:38 Saving config file
23:42:38 saveConfig: auto-save-60s
23:42:38 Saving config file
23:43:38 saveConfig: auto-save-60s
23:43:38 Saving config file
23:44:38 saveConfig: auto-save-60s
23:44:38 Saving config file
23:45:38 saveConfig: auto-save-60s
23:45:38 Saving config file
23:46:38 saveConfig: auto-save-60s
23:46:38 Saving config file
23:47:38 saveConfig: auto-save-60s
23:47:38 Saving config file
23:48:38 saveConfig: auto-save-60s
23:48:38 Saving config file
23:49:38 saveConfig: auto-save-60s
23:49:38 Saving config file
23:50:38 saveConfig: auto-save-60s
23:50:38 Saving config file
23:51:38 saveConfig: auto-save-60s
23:51:38 Saving config file
23:52:38 saveConfig: auto-save-60s
23:52:38 Saving config file
23:53:38 saveConfig: auto-save-60s
23:53:38 Saving config file
23:54:38 saveConfig: auto-save-60s
23:54:38 Saving config file
23:55:38 saveConfig: auto-save-60s
23:55:38 Saving config file
23:56:38 saveConfig: auto-save-60s
23:56:38 Saving config file
23:57:38 saveConfig: auto-save-60s
23:57:38 Saving config file
23:58:38 saveConfig: auto-save-60s
23:58:38 Saving config file
23:59:38 saveConfig: auto-save-60s
23:59:38 Saving config file
00:00:38 saveConfig: auto-save-60s
00:00:38 Saving config file
00:01:38 saveConfig: auto-save-60s
00:01:38 Saving config file
00:02:38 saveConfig: auto-save-60s
00:02:38 Saving config file
00:03:38 saveConfig: auto-save-60s
00:03:38 Saving config file
00:04:38 saveConfig: auto-save-60s
00:04:38 Saving config file
00:05:38 saveConfig: auto-save-60s
00:05:38 Saving config file
00:06:38 saveConfig: auto-save-60s
00:06:38 Saving config file
00:07:38 saveConfig: auto-save-60s
00:07:38 Saving config file
00:08:38 saveConfig: auto-save-60s
00:08:38 Saving config file
00:09:38 saveConfig: auto-save-60s
00:09:38 Saving config file
00:10:38 saveConfig: auto-save-60s
00:10:38 Saving config file
00:11:38 saveConfig: auto-save-60s
00:11:38 Saving config file
00:12:38 saveConfig: auto-save-60s
00:12:38 Saving config file
00:13:38 saveConfig: auto-save-60s
00:13:38 Saving config file
00:14:38 saveConfig: auto-save-60s
00:14:38 Saving config file
00:15:38 saveConfig: auto-save-60s
00:15:38 Saving config file
00:16:38 saveConfig: auto-save-60s
00:16:38 Saving config file
00:17:38 saveConfig: auto-save-60s
00:17:38 Saving config file
00:18:38 saveConfig: auto-save-60s
00:18:38 Saving config file
00:19:38 saveConfig: auto-save-60s
00:19:38 Saving config file
00:20:38 saveConfig: auto-save-60s
00:20:38 Saving config file
00:21:38 saveConfig: auto-save-60s
00:21:38 Saving config file
00:22:38 saveConfig: auto-save-60s
00:22:38 Saving config file
00:23:38 saveConfig: auto-save-60s
00:23:38 Saving config file
00:24:38 saveConfig: auto-save-60s
00:24:38 Saving config file
00:25:38 saveConfig: auto-save-60s
00:25:38 Saving config file
00:26:38 saveConfig: auto-save-60s
00:26:38 Saving config file
00:27:38 saveConfig: auto-save-60s
00:27:38 Saving config file
00:28:38 saveConfig: auto-save-60s
00:28:38 Saving config file
00:29:38 saveConfig: auto-save-60s
00:29:38 Saving config file
00:30:38 saveConfig: auto-save-60s
00:30:38 Saving config file
00:31:38 saveConfig: auto-save-60s
00:31:38 Saving config file
00:32:38 saveConfig: auto-save-60s
00:32:38 Saving config file
00:33:05 saveConfig: close-gui
00:33:05 Saving config file
00:33:38 saveConfig: auto-save-60s
00:33:38 Saving config file
00:34:38 saveConfig: auto-save-60s
00:34:38 Saving config file
00:35:38 saveConfig: auto-save-60s
00:35:38 Saving config file
00:36:38 saveConfig: auto-save-60s
00:36:38 Saving config file
00:37:38 saveConfig: auto-save-60s
00:37:38 Saving config file
00:38:38 saveConfig: auto-save-60s
00:38:38 Saving config file
00:39:38 saveConfig: auto-save-60s
00:39:38 Saving config file
00:40:38 saveConfig: auto-save-60s
00:40:38 Saving config file
00:41:38 saveConfig: auto-save-60s
00:41:38 Saving config file
00:42:38 saveConfig: auto-save-60s
00:42:38 Saving config file
00:43:38 saveConfig: auto-save-60s
00:43:38 Saving config file
00:44:38 saveConfig: auto-save-60s
00:44:38 Saving config file
00:45:38 saveConfig: auto-save-60s
00:45:38 Saving config file
00:46:38 saveConfig: auto-save-60s
00:46:38 Saving config file
00:47:38 saveConfig: auto-save-60s
00:47:38 Saving config file
00:48:38 saveConfig: auto-save-60s
00:48:38 Saving config file
00:49:22 saveConfig: shutdown-hook
00:49:22 Saving config file
