19:46:34 §f                                  §6§lBESTIARY
19:46:34 §f                                 §b§lTentacle §7§bI
19:46:34 
19:46:34 §f                                  §r§6§lREWARDS
19:46:34 §f                         §r§8+§r§a2 §r§aTentacle §r§b✯ Magic Find
19:46:34 §f                         §r§8+§r§a2 §r§aTentacle §r§c❁ Strength
19:46:34 §f                             §r§8+§r§62% §r§a§r§aTentacle §r§7coins
19:46:34 §f                    §r§8+§r§a50% §r§7chance for extra XP orbs
19:46:34 §f                               §r§8+§r§b1 SkyBlock XP
19:46:34 
19:46:34 §3§l▬▬▬▬▬▬▬▬▬▬▬▬▬▬▬▬▬▬▬▬▬▬▬▬▬▬▬▬▬▬▬▬▬▬▬▬▬▬▬▬▬▬▬▬▬▬▬▬▬▬▬▬▬▬▬▬▬▬▬▬▬▬▬▬
20:01:48 §f                                  §6§lBESTIARY
20:01:48 §f                              §b§lMatcho §7§8II §8➡§b §bIII
20:01:48 
20:01:48 §f                                  §r§6§lREWARDS
20:01:48 §f                          §r§8+§r§a2 Matcho §r§b✯ Magic Find
20:01:48 §f                          §r§8+§r§a2 Matcho §r§c❁ Strength
20:01:48 §f                              §r§8+§r§62% §r§aMatcho §r§7coins
20:01:48 §f                    §r§8+§r§a50% §r§7chance for extra XP orbs
20:01:48 §f                               §r§8+§r§b1 SkyBlock XP
20:01:48 
20:01:48 §3§l▬▬▬▬▬▬▬▬▬▬▬▬▬▬▬▬▬▬▬▬▬▬▬▬▬▬▬▬▬▬▬▬▬▬▬▬▬▬▬▬▬▬▬▬▬▬▬▬▬▬▬▬▬▬▬▬▬▬▬▬▬▬▬▬
