11:01:53   §r§a§lREWARDS
11:01:53    §r§eLogger I
11:01:53    §r  §7§fGrants §a+§a4§f §6☘ Foraging Fortune§f, which increases your
11:01:53    §r  §fchance for multiple logs.
11:01:53    §r§7§8+§a1 §c❁ Strength
11:01:53    §r§7§8+§6100 §7Coins
11:01:53    §r§7§8+§b5 SkyBlock XP
11:03:02   §r§a§lREWARDS
11:03:02    §r§eFarmhand I
11:03:02    §r  §7§fGrants §a+§a4§f §6☘ Farming Fortune§f, which increases your chance
11:03:02    §r  §ffor multiple crops.
11:03:02    §r§7§8+§a2 §c❤ Health
11:03:02    §r§7§8+§6100 §7Coins
11:03:03    §r§7§8+§b5 SkyBlock XP
11:03:04   §r§a§lREWARDS
11:03:04    §r§eZoologist I
11:03:04    §r  §7§fGain §a1%§f extra pet exp.
11:03:04    §r§7§8+§fGain §a0.2% §fExp Share rate.
11:03:04    §r§7§8+§a1 §d♣ Pet Luck
11:03:04    §r§7§8+§6100 §7Coins
11:03:04    §r§7§8+§b5 SkyBlock XP
11:03:04   §r§a§lREWARDS
11:03:04    §r§eFarmhand II
11:03:04    §r  §7§fGrants §a+§84➜§a8§f §6☘ Farming Fortune§f, which increases your
11:03:04    §r  §fchance for multiple crops.
11:03:04    §r§7§8+§a2 §c❤ Health
11:03:04    §r§7§8+§6250 §7Coins
11:03:04    §r§7§8+§b5 SkyBlock XP
11:03:14   §r§a§lREWARDS
11:03:14    §r§eFarmhand III
11:03:14    §r  §7§fGrants §a+§88➜§a12§f §6☘ Farming Fortune§f, which increases your
11:03:14    §r  §fchance for multiple crops.
11:03:14    §r§7§8+§a2 §c❤ Health
11:03:14    §r§7§8+§6500 §7Coins
11:03:14    §r§7§8+§b5 SkyBlock XP
11:03:25   §r§a§lREWARDS
11:03:25    §r§eZoologist II
11:03:25    §r  §7§fGain §81➜§a2%§f extra pet exp.
11:03:25    §r§7§8+§fGain §80.2➜§a0.4% §fExp Share rate.
11:03:25    §r§7§8+§a1 §d♣ Pet Luck
11:03:25    §r§7§8+§6250 §7Coins
11:03:25    §r§7§8+§b5 SkyBlock XP
11:03:26   §r§a§lREWARDS
11:03:26    §r§eFarmhand IV
11:03:26    §r  §7§fGrants §a+§812➜§a16§f §6☘ Farming Fortune§f, which increases your
11:03:26    §r  §fchance for multiple crops.
11:03:26    §r§7§8+§a2 §c❤ Health
11:03:26    §r§7§8+§6750 §7Coins
11:03:26    §r§7§8+§b5 SkyBlock XP
11:03:31   §r§a§lREWARDS
11:03:31    §r§eFarmhand V
11:03:31    §r  §7§fGrants §a+§816➜§a20§f §6☘ Farming Fortune§f, which increases your
11:03:31    §r  §fchance for multiple crops.
11:03:31    §r§7§8+§a2 §c❤ Health
11:03:31    §r§7§8+§61,000 §7Coins
11:03:31    §r§7§8+§b5 SkyBlock XP
11:03:35   §r§a§lREWARDS
11:03:35    §r§eZoologist III
11:03:35    §r  §7§fGain §82➜§a3%§f extra pet exp.
11:03:35    §r§7§8+§fGain §80.4➜§a0.6% §fExp Share rate.
11:03:35    §r§7§8+§a1 §d♣ Pet Luck
11:03:35    §r§7§8+§6500 §7Coins
11:03:35    §r§7§8+§b5 SkyBlock XP
11:03:49   §r§a§lREWARDS
11:03:49    §r§eFarmhand VI
11:03:49    §r  §7§fGrants §a+§820➜§a24§f §6☘ Farming Fortune§f, which increases your
11:03:49    §r  §fchance for multiple crops.
11:03:49    §r§7§8+§a2 §c❤ Health
11:03:49    §r§7§8+§62,000 §7Coins
11:03:49    §r§7§8+§b5 SkyBlock XP
11:07:16   §r§a§lREWARDS
11:07:16    §r§eZoologist IV
11:07:16    §r  §7§fGain §83➜§a4%§f extra pet exp.
11:07:16    §r§7§8+§fGain §80.6➜§a0.8% §fExp Share rate.
11:07:16    §r§7§8+§a1 §d♣ Pet Luck
11:07:16    §r§7§8+§6750 §7Coins
11:07:16    §r§7§8+§b5 SkyBlock XP
11:07:23   §r§a§lREWARDS
11:07:23    §r§eFarmhand VII
11:07:23    §r  §7§fGrants §a+§824➜§a28§f §6☘ Farming Fortune§f, which increases your
11:07:23    §r  §fchance for multiple crops.
11:07:23    §r§7§8+§a2 §c❤ Health
11:07:23    §r§7§8+§63,000 §7Coins
11:07:23    §r§7§8+§b5 SkyBlock XP
11:08:14   §r§a§lREWARDS
11:08:14    §r§7§8+§a1 §c❤ Health
11:08:14    §r§7§fMinion Chair §7Furniture Recipe
11:08:14    §r§7§fDark Oak Chair §7Furniture Recipe
11:08:14    §r§7§8+§6100 §7Coins
11:08:14    §r§7§8+§b5 SkyBlock XP
11:09:41   §r§a§lREWARDS
11:09:41    §r§eZoologist V
11:09:41    §r  §7§fGain §84➜§a5%§f extra pet exp.
11:09:41    §r§7§8+§fGain §80.8➜§a1% §fExp Share rate.
11:09:41    §r§7§8+§a1 §d♣ Pet Luck
11:09:41    §r§7§8+§61,000 §7Coins
11:09:41    §r§7§8+§b5 SkyBlock XP
11:09:41   §r§a§lREWARDS
11:09:41    §r§eConjurer I
11:09:41    §r  §7§fGain §a5%§f more experience orbs from any source.
11:09:41    §r§7§8+§a0.5% §c๑ Ability Damage
11:09:41    §r§7§8+§a1 §b✎ Intelligence
11:09:41    §r§7§8+§6100 §7Coins
11:09:41    §r§7§8+§b5 SkyBlock XP
11:09:41   §r§a§lREWARDS
11:09:41    §r§eConjurer II
11:09:41    §r  §7§fGain §85➜§a10%§f more experience orbs from any source.
11:09:41    §r§7§8+§a0.5% §c๑ Ability Damage
11:09:41    §r§7§8+§a1 §b✎ Intelligence
11:09:41    §r§7§8+§6250 §7Coins
11:09:41    §r§7§8+§b5 SkyBlock XP
11:09:41   §r§a§lREWARDS
11:09:41    §r§eConjurer III
11:09:41    §r  §7§fGain §810➜§a15%§f more experience orbs from any source.
11:09:41    §r§7§8+§a0.5% §c๑ Ability Damage
11:09:41    §r§7§8+§a1 §b✎ Intelligence
11:09:41    §r§7§8+§6500 §7Coins
11:09:41    §r§7§8+§b5 SkyBlock XP
11:09:41   §r§a§lREWARDS
11:09:41    §r§eConjurer IV
11:09:41    §r  §7§fGain §815➜§a20%§f more experience orbs from any source.
11:09:41    §r§7§8+§a0.5% §c๑ Ability Damage
11:09:41    §r§7§8+§a1 §b✎ Intelligence
11:09:41    §r§7§8+§6750 §7Coins
11:09:41    §r§7§8+§b5 SkyBlock XP
11:09:48   §r§a§lREWARDS
11:09:48    §r§eConjurer V
11:09:48    §r  §7§fGain §820➜§a25%§f more experience orbs from any source.
11:09:48    §r§7§8+§a0.5% §c๑ Ability Damage
11:09:48    §r§7§8+§a1 §b✎ Intelligence
11:09:48    §r§7§8+§61,000 §7Coins
11:09:48    §r§7§8+§b5 SkyBlock XP
11:09:57   §r§a§lREWARDS
11:09:57    §r§eConjurer VI
11:09:57    §r  §7§fGain §825➜§a30%§f more experience orbs from any source.
11:09:57    §r§7§8+§a0.5% §c๑ Ability Damage
11:09:57    §r§7§8+§a1 §b✎ Intelligence
11:09:57    §r§7§8+§62,000 §7Coins
11:09:57    §r§7§8+§b5 SkyBlock XP
11:10:03   §r§a§lREWARDS
11:10:03    §r§eZoologist VI
11:10:03    §r  §7§fGain §85➜§a6%§f extra pet exp.
11:10:03    §r§7§8+§fGain §81➜§a1.2% §fExp Share rate.
11:10:03    §r§7§8+§a1 §d♣ Pet Luck
11:10:03    §r§7§8+§62,000 §7Coins
11:10:03    §r§7§8+§b5 SkyBlock XP
11:10:03   §r§a§lREWARDS
11:10:03    §r§eConjurer VII
11:10:03    §r  §7§fGain §830➜§a35%§f more experience orbs from any source.
11:10:03    §r§7§8+§a0.5% §c๑ Ability Damage
11:10:03    §r§7§8+§a1 §b✎ Intelligence
11:10:03    §r§7§8+§63,000 §7Coins
11:10:03    §r§7§8+§b5 SkyBlock XP
11:10:06   §r§a§lREWARDS
11:10:06    §r§eConjurer VIII
11:10:06    §r  §7§fGain §835➜§a40%§f more experience orbs from any source.
11:10:06    §r§7§8+§a0.5% §c๑ Ability Damage
11:10:06    §r§7§8+§a1 §b✎ Intelligence
11:10:06    §r§7§8+§64,000 §7Coins
11:10:06    §r§7§8+§b5 SkyBlock XP
11:11:07   §r§a§lREWARDS
11:11:07    §r§eSpelunker I
11:11:07    §r  §7§fGrants §a+§a4§f §6☘ Mining Fortune§f, which increases your chance
11:11:07    §r  §ffor multiple ore drops.
11:11:07    §r§7§8+§a1 §a❈ Defense
11:11:07    §r§7§9Jerry Stone §7Reforge
11:11:07    §r§7§8+§6100 §7Coins
11:11:07    §r§7§8+§b5 SkyBlock XP
11:11:09   §r§a§lREWARDS
11:11:09    §r§eSpelunker II
11:11:09    §r  §7§fGrants §a+§84➜§a8§f §6☘ Mining Fortune§f, which increases your
11:11:09    §r  §fchance for multiple ore drops.
11:11:09    §r§7§8+§a1 §a❈ Defense
11:11:09    §r§7§9Black Diamond §7Reforge
11:11:09    §r§7§8+§6250 §7Coins
11:11:09    §r§7§8+§b5 SkyBlock XP
11:11:11   §r§a§lREWARDS
11:11:11    §r§eSpelunker III
11:11:11    §r  §7§fGrants §a+§88➜§a12§f §6☘ Mining Fortune§f, which increases your
11:11:11    §r  §fchance for multiple ore drops.
11:11:11    §r§7§8+§a1 §a❈ Defense
11:11:11    §r§7§8+§6500 §7Coins
11:11:11    §r§7§8+§b5 SkyBlock XP
11:11:12   §r§a§lREWARDS
11:11:12    §r§eSpelunker IV
11:11:12    §r  §7§fGrants §a+§812➜§a16§f §6☘ Mining Fortune§f, which increases your
11:11:12    §r  §fchance for multiple ore drops.
11:11:12    §r§7§8+§a1 §a❈ Defense
11:11:12    §r§7§8+§6750 §7Coins
11:11:12    §r§7§8+§b5 SkyBlock XP
11:11:15   §r§a§lREWARDS
11:11:15    §r§eZoologist VII
11:11:15    §r  §7§fGain §86➜§a7%§f extra pet exp.
11:11:15    §r§7§8+§fGain §81.2➜§a1.4% §fExp Share rate.
11:11:15    §r§7§8+§a1 §d♣ Pet Luck
11:11:15    §r§7§8+§63,000 §7Coins
11:11:15    §r§7§8+§b5 SkyBlock XP
11:11:18   §r§a§lREWARDS
11:11:18    §r§eSpelunker V
11:11:18    §r  §7§fGrants §a+§816➜§a20§f §6☘ Mining Fortune§f, which increases your
11:11:18    §r  §fchance for multiple ore drops.
11:11:18    §r§7§8+§a1 §a❈ Defense
11:11:18    §r§7§9Lapis Crystal §7Reforge
11:11:18    §r§7§aMoil Log §7Reforge
11:11:18    §r§7§8+§61,000 §7Coins
11:11:18    §r§7§8+§b5 SkyBlock XP
11:11:30   §r§a§lREWARDS
11:11:30    §r§eSpelunker VI
11:11:30    §r  §7§fGrants §a+§820➜§a24§f §6☘ Mining Fortune§f, which increases your
11:11:30    §r  §fchance for multiple ore drops.
11:11:30    §r§7§8+§a1 §a❈ Defense
11:11:30    §r§7§8+§62,000 §7Coins
11:11:30    §r§7§8+§b5 SkyBlock XP
11:13:50   §r§a§lREWARDS
11:13:50    §r§7§8+§a1 §c❤ Health
11:13:50    §r§7§fFlower Pot §7Furniture Recipe
11:13:50    §r§7§8+§6250 §7Coins
11:13:50    §r§7§8+§b5 SkyBlock XP
11:18:29   §r§a§lREWARDS
11:18:29    §r§eSpelunker VII
11:18:29    §r  §7§fGrants §a+§824➜§a28§f §6☘ Mining Fortune§f, which increases your
11:18:29    §r  §fchance for multiple ore drops.
11:18:29    §r§7§8+§a1 §a❈ Defense
11:18:29    §r§7§8+§63,000 §7Coins
11:18:29    §r§7§8+§b5 SkyBlock XP
11:19:39   §r§a§lREWARDS
11:19:39    §r§eWarrior I
11:19:39    §r  §7§fDeal §a4%§f more damage to mobs.
11:19:39    §r§7§8+§a0.5% §9☣ Crit Chance
11:19:39    §r§7§8+§6100 §7Coins
11:19:39    §r§7§8+§b5 SkyBlock XP
11:21:09   §r§a§lREWARDS
11:21:09    §r§eConjurer IX
11:21:09    §r  §7§fGain §840➜§a45%§f more experience orbs from any source.
11:21:09    §r§7§8+§a0.5% §c๑ Ability Damage
11:21:09    §r§7§8+§a1 §b✎ Intelligence
11:21:09    §r§7§8+§65,000 §7Coins
11:21:09    §r§7§8+§b5 SkyBlock XP
11:21:11   §r§a§lREWARDS
11:21:11    §r§eZoologist VIII
11:21:11    §r  §7§fGain §87➜§a8%§f extra pet exp.
11:21:11    §r§7§8+§fGain §81.4➜§a1.6% §fExp Share rate.
11:21:11    §r§7§8+§a1 §d♣ Pet Luck
11:21:11    §r§7§8+§64,000 §7Coins
11:21:11    §r§7§8+§b5 SkyBlock XP
11:23:57   §r§a§lREWARDS
11:23:57    §r§eSpelunker VIII
11:23:57    §r  §7§fGrants §a+§828➜§a32§f §6☘ Mining Fortune§f, which increases your
11:23:57    §r  §fchance for multiple ore drops.
11:23:57    §r§7§8+§a1 §a❈ Defense
11:23:57    §r§7§9Rare Diamond §7Reforge
11:23:57    §r§7§8+§64,000 §7Coins
11:23:57    §r§7§8+§b5 SkyBlock XP
11:28:22   §r§a§lREWARDS
11:28:22    §r§eSpelunker IX
11:28:22    §r  §7§fGrants §a+§832➜§a36§f §6☘ Mining Fortune§f, which increases your
11:28:22    §r  §fchance for multiple ore drops.
11:28:22    §r§7§8+§a1 §a❈ Defense
11:28:22    §r§7§9SkyMart Brochure §7Reforge
11:28:22    §r§7§8+§65,000 §7Coins
11:28:22    §r§7§8+§b5 SkyBlock XP
11:29:44   §r§a§lREWARDS
11:29:44    §r§eZoologist IX
11:29:44    §r  §7§fGain §88➜§a9%§f extra pet exp.
11:29:44    §r§7§8+§fGain §81.6➜§a1.8% §fExp Share rate.
11:29:44    §r§7§8+§a1 §d♣ Pet Luck
11:29:44    §r§7§8+§65,000 §7Coins
11:29:44    §r§7§8+§b5 SkyBlock XP
11:36:08   §r§a§lREWARDS
11:36:08    §r§eWarrior II
11:36:08    §r  §7§fDeal §84➜§a8%§f more damage to mobs.
11:36:08    §r§7§8+§a0.5% §9☣ Crit Chance
11:36:08    §r§7§8+§6250 §7Coins
11:36:08    §r§7§8+§b5 SkyBlock XP
11:39:22   §r§a§lREWARDS
11:39:22    §r§7§8+§a1 §c❤ Health
11:39:22    §r§7§fDark Oak Bench §7Furniture Recipe
11:39:22    §r§7§8+§6500 §7Coins
11:39:22    §r§7§8+§b5 SkyBlock XP
11:42:30   §r§a§lREWARDS
11:42:30    §r§eSpelunker X
11:42:30    §r  §7§fGrants §a+§836➜§a40§f §6☘ Mining Fortune§f, which increases your
11:42:30    §r  §fchance for multiple ore drops.
11:42:30    §r§7§8+§a1 §a❈ Defense
11:42:30    §r§7§9Dirt Bottle §7Reforge
11:42:30    §r§7§8+§67,500 §7Coins
11:42:30    §r§7§8+§b5 SkyBlock XP
11:45:29   §r§a§lREWARDS
11:45:29    §r§eConjurer X
11:45:29    §r  §7§fGain §845➜§a50%§f more experience orbs from any source.
11:45:29    §r§7§8+§a0.5% §c๑ Ability Damage
11:45:29    §r§7§8+§a1 §b✎ Intelligence
11:45:29    §r§7§9Experimentation Table §7Recipe
11:45:29    §r§7§8+§67,500 §7Coins
11:45:29    §r§7§8+§b5 SkyBlock XP
11:52:57   §r§a§lREWARDS
11:52:57    §r§eZoologist X
11:52:57    §r  §7§fGain §89➜§a10%§f extra pet exp.
11:52:57    §r§7§8+§fGain §81.8➜§a2% §fExp Share rate.
11:52:57    §r§7§8+§a1 §d♣ Pet Luck
11:52:57    §r§7§8+§fFree Training Session at Fann
11:52:57    §r§7§8+§67,500 §7Coins
11:52:57    §r§7§8+§b5 SkyBlock XP
11:57:47   §r§a§lREWARDS
11:57:47    §r§eSpelunker XI
11:57:47    §r  §7§fGrants §a+§840➜§a44§f §6☘ Mining Fortune§f, which increases your
11:57:47    §r  §fchance for multiple ore drops.
11:57:47    §r§7§8+§a1 §a❈ Defense
11:57:47    §r§7§8+§610,000 §7Coins
11:57:47    §r§7§8+§b10 SkyBlock XP
11:59:21   §r§a§lREWARDS
11:59:21    §r§7§8+§a1 §c❤ Health
11:59:21    §r§7§fDark Oak Table §7Furniture Recipe
11:59:21    §r§7§8+§6750 §7Coins
11:59:21    §r§7§8+§b5 SkyBlock XP
12:00:13   §r§a§lREWARDS
12:00:13    §r§eSpelunker XII
12:00:13    §r  §7§fGrants §a+§844➜§a48§f §6☘ Mining Fortune§f, which increases your
12:00:13    §r  §fchance for multiple ore drops.
12:00:13    §r§7§8+§a1 §a❈ Defense
12:00:13    §r§7§aHardened Wood §7Reforge
12:00:13    §r§7§9Large Walnut §7Reforge
12:00:13    §r§7§8+§615,000 §7Coins
12:00:13    §r§7§8+§b10 SkyBlock XP
