10:37:33 Trying to load config from config\skyhanni\config.json
10:37:33 load-config-now
10:37:33 Loaded config from file
10:37:33 Trying to load sacks from config\skyhanni\sacks.json
10:37:33 load-sacks-now
10:37:33 Loaded sacks from file
10:37:33 Trying to load friends from config\skyhanni\friends.json
10:37:33 load-friends-now
10:37:33 Loaded friends from file
10:37:33 Trying to load known_features from config\skyhanni\known_features.json
10:37:33 load-known_features-now
10:37:33 Loaded known_features from file
10:37:33 Trying to load jacob_contests from config\skyhanni\jacob_contests.json
10:37:33 load-jacob_contests-now
10:37:33 Loaded jacob_contests from file
10:37:33 Trying to load visual_words from config\skyhanni\visual_words.json
10:37:33 Setting visual_words to be blank as it did not exist. It will be saved once something is written to it
10:38:33 saveConfig: auto-save-60s
10:38:33 Saving config file
10:38:54 saveConfig: Updated known feature flags
10:38:54 Saving known_features file
10:39:33 saveConfig: auto-save-60s
10:39:33 Saving config file
10:40:33 saveConfig: auto-save-60s
10:40:33 Saving config file
10:41:33 saveConfig: auto-save-60s
10:41:33 Saving config file
10:42:33 saveConfig: auto-save-60s
10:42:33 Saving config file
10:43:33 saveConfig: auto-save-60s
10:43:33 Saving config file
10:44:34 saveConfig: auto-save-60s
10:44:34 Saving config file
10:45:33 saveConfig: auto-save-60s
10:45:33 Saving config file
10:46:33 saveConfig: auto-save-60s
10:46:33 Saving config file
10:47:33 saveConfig: auto-save-60s
10:47:33 Saving config file
10:48:33 saveConfig: auto-save-60s
10:48:33 Saving config file
10:49:33 saveConfig: auto-save-60s
10:49:33 Saving config file
10:50:33 saveConfig: auto-save-60s
10:50:33 Saving config file
10:51:33 saveConfig: auto-save-60s
10:51:33 Saving config file
10:52:33 saveConfig: auto-save-60s
10:52:33 Saving config file
10:53:33 saveConfig: auto-save-60s
10:53:33 Saving config file
10:54:33 saveConfig: auto-save-60s
10:54:33 Saving config file
10:55:33 saveConfig: auto-save-60s
10:55:33 Saving config file
10:56:33 saveConfig: auto-save-60s
10:56:33 Saving config file
10:57:33 saveConfig: auto-save-60s
10:57:33 Saving config file
10:58:33 saveConfig: auto-save-60s
10:58:33 Saving config file
10:59:33 saveConfig: auto-save-60s
10:59:33 Saving config file
11:00:33 saveConfig: auto-save-60s
11:00:33 Saving config file
11:01:33 saveConfig: auto-save-60s
11:01:33 Saving config file
11:02:33 saveConfig: auto-save-60s
11:02:33 Saving config file
11:03:33 saveConfig: auto-save-60s
11:03:33 Saving config file
11:04:33 saveConfig: auto-save-60s
11:04:33 Saving config file
11:05:33 saveConfig: auto-save-60s
11:05:33 Saving config file
11:06:06 saveConfig: saving-data
11:06:06 Saving sacks file
11:06:33 saveConfig: auto-save-60s
11:06:33 Saving config file
11:07:33 saveConfig: auto-save-60s
11:07:33 Saving config file
11:08:33 saveConfig: auto-save-60s
11:08:33 Saving config file
11:09:33 saveConfig: auto-save-60s
11:09:33 Saving config file
11:10:33 saveConfig: auto-save-60s
11:10:33 Saving config file
11:11:33 saveConfig: auto-save-60s
11:11:33 Saving config file
11:12:33 saveConfig: auto-save-60s
11:12:33 Saving config file
11:13:33 saveConfig: auto-save-60s
11:13:33 Saving config file
11:14:33 saveConfig: auto-save-60s
11:14:33 Saving config file
11:15:33 saveConfig: auto-save-60s
11:15:33 Saving config file
11:16:33 saveConfig: auto-save-60s
11:16:33 Saving config file
11:17:33 saveConfig: auto-save-60s
11:17:33 Saving config file
11:18:33 saveConfig: auto-save-60s
11:18:33 Saving config file
11:19:33 saveConfig: auto-save-60s
11:19:33 Saving config file
11:20:33 saveConfig: auto-save-60s
11:20:33 Saving config file
11:21:33 saveConfig: auto-save-60s
11:21:33 Saving config file
11:22:33 saveConfig: auto-save-60s
11:22:33 Saving config file
11:23:33 saveConfig: auto-save-60s
11:23:33 Saving config file
11:24:33 saveConfig: auto-save-60s
11:24:33 Saving config file
11:25:33 saveConfig: auto-save-60s
11:25:33 Saving config file
11:26:33 saveConfig: auto-save-60s
11:26:33 Saving config file
11:27:33 saveConfig: auto-save-60s
11:27:33 Saving config file
11:28:33 saveConfig: auto-save-60s
11:28:33 Saving config file
11:29:21 saveConfig: saving-data
11:29:21 Saving sacks file
11:29:33 saveConfig: auto-save-60s
11:29:33 Saving config file
11:30:33 saveConfig: auto-save-60s
11:30:33 Saving config file
11:30:40 saveConfig: saving-data
11:30:40 Saving sacks file
11:31:33 saveConfig: auto-save-60s
11:31:33 Saving config file
11:32:33 saveConfig: auto-save-60s
11:32:33 Saving config file
11:33:33 saveConfig: auto-save-60s
11:33:33 Saving config file
11:34:33 saveConfig: auto-save-60s
11:34:33 Saving config file
11:35:33 saveConfig: auto-save-60s
11:35:33 Saving config file
11:36:33 saveConfig: auto-save-60s
11:36:33 Saving config file
11:37:33 saveConfig: auto-save-60s
11:37:33 Saving config file
11:38:33 saveConfig: auto-save-60s
11:38:33 Saving config file
11:39:33 saveConfig: auto-save-60s
11:39:33 Saving config file
11:40:33 saveConfig: auto-save-60s
11:40:33 Saving config file
11:41:33 saveConfig: auto-save-60s
11:41:33 Saving config file
11:42:33 saveConfig: auto-save-60s
11:42:33 Saving config file
11:43:33 saveConfig: auto-save-60s
11:43:33 Saving config file
11:44:33 saveConfig: auto-save-60s
11:44:33 Saving config file
11:45:33 saveConfig: auto-save-60s
11:45:33 Saving config file
11:46:33 saveConfig: auto-save-60s
11:46:33 Saving config file
11:47:33 saveConfig: auto-save-60s
11:47:33 Saving config file
11:48:33 saveConfig: auto-save-60s
11:48:33 Saving config file
11:49:33 saveConfig: auto-save-60s
11:49:33 Saving config file
11:50:33 saveConfig: auto-save-60s
11:50:33 Saving config file
11:51:33 saveConfig: auto-save-60s
11:51:33 Saving config file
11:52:33 saveConfig: auto-save-60s
11:52:33 Saving config file
11:53:33 saveConfig: auto-save-60s
11:53:33 Saving config file
11:54:33 saveConfig: auto-save-60s
11:54:33 Saving config file
11:55:33 saveConfig: auto-save-60s
11:55:33 Saving config file
11:56:33 saveConfig: auto-save-60s
11:56:33 Saving config file
11:57:33 saveConfig: auto-save-60s
11:57:33 Saving config file
11:58:33 saveConfig: auto-save-60s
11:58:33 Saving config file
11:59:33 saveConfig: auto-save-60s
11:59:33 Saving config file
12:00:33 saveConfig: auto-save-60s
12:00:33 Saving config file
12:01:33 saveConfig: auto-save-60s
12:01:33 Saving config file
12:02:33 saveConfig: auto-save-60s
12:02:33 Saving config file
12:03:33 saveConfig: auto-save-60s
12:03:33 Saving config file
12:04:33 saveConfig: auto-save-60s
12:04:33 Saving config file
12:05:33 saveConfig: auto-save-60s
12:05:33 Saving config file
12:06:33 saveConfig: auto-save-60s
12:06:33 Saving config file
12:07:33 saveConfig: auto-save-60s
12:07:33 Saving config file
12:08:33 saveConfig: auto-save-60s
12:08:33 Saving config file
12:09:33 saveConfig: auto-save-60s
12:09:33 Saving config file
12:10:33 saveConfig: auto-save-60s
12:10:33 Saving config file
12:11:33 saveConfig: auto-save-60s
12:11:33 Saving config file
12:12:33 saveConfig: auto-save-60s
12:12:33 Saving config file
12:13:33 saveConfig: auto-save-60s
12:13:33 Saving config file
12:14:33 saveConfig: auto-save-60s
12:14:33 Saving config file
12:15:33 saveConfig: auto-save-60s
12:15:33 Saving config file
12:16:33 saveConfig: auto-save-60s
12:16:33 Saving config file
12:17:33 saveConfig: auto-save-60s
12:17:33 Saving config file
12:18:33 saveConfig: auto-save-60s
12:18:33 Saving config file
12:19:33 saveConfig: auto-save-60s
12:19:33 Saving config file
12:20:33 saveConfig: auto-save-60s
12:20:33 Saving config file
12:21:33 saveConfig: auto-save-60s
12:21:33 Saving config file
12:22:33 saveConfig: auto-save-60s
12:22:33 Saving config file
12:23:33 saveConfig: auto-save-60s
12:23:33 Saving config file
12:24:33 saveConfig: auto-save-60s
12:24:33 Saving config file
12:25:33 saveConfig: auto-save-60s
12:25:33 Saving config file
12:26:33 saveConfig: auto-save-60s
12:26:33 Saving config file
12:27:33 saveConfig: auto-save-60s
12:27:33 Saving config file
12:28:33 saveConfig: auto-save-60s
12:28:33 Saving config file
12:29:33 saveConfig: auto-save-60s
12:29:33 Saving config file
12:30:33 saveConfig: auto-save-60s
12:30:33 Saving config file
12:31:33 saveConfig: auto-save-60s
12:31:33 Saving config file
12:32:33 saveConfig: auto-save-60s
12:32:33 Saving config file
12:33:33 saveConfig: auto-save-60s
12:33:33 Saving config file
12:34:33 saveConfig: auto-save-60s
12:34:33 Saving config file
12:35:33 saveConfig: auto-save-60s
12:35:33 Saving config file
12:36:33 saveConfig: auto-save-60s
12:36:33 Saving config file
12:37:33 saveConfig: auto-save-60s
12:37:33 Saving config file
12:38:33 saveConfig: auto-save-60s
12:38:33 Saving config file
12:39:33 saveConfig: auto-save-60s
12:39:33 Saving config file
12:40:33 saveConfig: auto-save-60s
12:40:33 Saving config file
12:41:33 saveConfig: auto-save-60s
12:41:33 Saving config file
12:42:33 saveConfig: auto-save-60s
12:42:33 Saving config file
12:43:33 saveConfig: auto-save-60s
12:43:33 Saving config file
12:44:33 saveConfig: auto-save-60s
12:44:33 Saving config file
12:45:33 saveConfig: auto-save-60s
12:45:33 Saving config file
12:46:13 saveConfig: saving-data
12:46:13 Saving sacks file
12:46:33 saveConfig: auto-save-60s
12:46:33 Saving config file
12:47:33 saveConfig: auto-save-60s
12:47:33 Saving config file
12:48:33 saveConfig: auto-save-60s
12:48:33 Saving config file
12:49:33 saveConfig: auto-save-60s
12:49:33 Saving config file
12:50:33 saveConfig: auto-save-60s
12:50:33 Saving config file
12:51:33 saveConfig: auto-save-60s
12:51:33 Saving config file
12:52:33 saveConfig: auto-save-60s
12:52:33 Saving config file
12:53:33 saveConfig: auto-save-60s
12:53:33 Saving config file
12:54:33 saveConfig: auto-save-60s
12:54:33 Saving config file
12:55:33 saveConfig: auto-save-60s
12:55:33 Saving config file
12:56:33 saveConfig: auto-save-60s
12:56:33 Saving config file
12:57:33 saveConfig: auto-save-60s
12:57:33 Saving config file
12:58:33 saveConfig: auto-save-60s
12:58:33 Saving config file
12:59:33 saveConfig: auto-save-60s
12:59:33 Saving config file
13:00:33 saveConfig: auto-save-60s
13:00:33 Saving config file
13:01:33 saveConfig: auto-save-60s
13:01:33 Saving config file
13:02:33 saveConfig: auto-save-60s
13:02:33 Saving config file
13:03:33 saveConfig: auto-save-60s
13:03:33 Saving config file
13:04:33 saveConfig: auto-save-60s
13:04:33 Saving config file
13:05:33 saveConfig: auto-save-60s
13:05:33 Saving config file
13:06:33 saveConfig: auto-save-60s
13:06:33 Saving config file
13:07:33 saveConfig: auto-save-60s
13:07:33 Saving config file
13:08:33 saveConfig: auto-save-60s
13:08:33 Saving config file
13:09:33 saveConfig: auto-save-60s
13:09:33 Saving config file
13:10:33 saveConfig: auto-save-60s
13:10:33 Saving config file
13:11:33 saveConfig: auto-save-60s
13:11:33 Saving config file
13:12:33 saveConfig: auto-save-60s
13:12:33 Saving config file
13:13:33 saveConfig: auto-save-60s
13:13:33 Saving config file
13:14:33 saveConfig: auto-save-60s
13:14:33 Saving config file
13:15:33 saveConfig: auto-save-60s
13:15:33 Saving config file
13:16:33 saveConfig: auto-save-60s
13:16:33 Saving config file
13:17:33 saveConfig: auto-save-60s
13:17:33 Saving config file
13:18:33 saveConfig: auto-save-60s
13:18:33 Saving config file
13:19:33 saveConfig: auto-save-60s
13:19:33 Saving config file
13:20:33 saveConfig: auto-save-60s
13:20:33 Saving config file
13:21:33 saveConfig: auto-save-60s
13:21:33 Saving config file
13:22:33 saveConfig: auto-save-60s
13:22:33 Saving config file
13:23:33 saveConfig: auto-save-60s
13:23:33 Saving config file
13:24:33 saveConfig: auto-save-60s
13:24:33 Saving config file
13:24:34 saveConfig: saving-data
13:24:34 Saving sacks file
13:24:36 saveConfig: saving-data
13:24:36 Saving sacks file
13:25:33 saveConfig: auto-save-60s
13:25:33 Saving config file
13:26:33 saveConfig: auto-save-60s
13:26:33 Saving config file
13:27:33 saveConfig: auto-save-60s
13:27:33 Saving config file
13:28:33 saveConfig: auto-save-60s
13:28:33 Saving config file
13:29:33 saveConfig: auto-save-60s
13:29:33 Saving config file
13:30:33 saveConfig: auto-save-60s
13:30:33 Saving config file
13:31:33 saveConfig: auto-save-60s
13:31:33 Saving config file
13:32:33 saveConfig: auto-save-60s
13:32:33 Saving config file
13:33:33 saveConfig: auto-save-60s
13:33:33 Saving config file
13:34:33 saveConfig: auto-save-60s
13:34:33 Saving config file
13:35:33 saveConfig: auto-save-60s
13:35:33 Saving config file
13:36:33 saveConfig: auto-save-60s
13:36:33 Saving config file
13:37:33 saveConfig: auto-save-60s
13:37:33 Saving config file
13:38:33 saveConfig: auto-save-60s
13:38:33 Saving config file
13:39:33 saveConfig: auto-save-60s
13:39:33 Saving config file
13:40:33 saveConfig: auto-save-60s
13:40:33 Saving config file
13:41:33 saveConfig: auto-save-60s
13:41:33 Saving config file
13:42:33 saveConfig: auto-save-60s
13:42:33 Saving config file
13:43:10 saveConfig: Save file
13:43:10 Saving friends file
13:43:33 saveConfig: auto-save-60s
13:43:33 Saving config file
13:44:33 saveConfig: auto-save-60s
13:44:33 Saving config file
13:45:33 saveConfig: auto-save-60s
13:45:33 Saving config file
13:46:01 saveConfig: saving-data
13:46:01 Saving sacks file
13:46:33 saveConfig: auto-save-60s
13:46:33 Saving config file
13:47:33 saveConfig: auto-save-60s
13:47:33 Saving config file
13:48:33 saveConfig: auto-save-60s
13:48:33 Saving config file
13:49:33 saveConfig: auto-save-60s
13:49:33 Saving config file
13:50:33 saveConfig: auto-save-60s
13:50:33 Saving config file
13:51:33 saveConfig: auto-save-60s
13:51:33 Saving config file
13:52:33 saveConfig: auto-save-60s
13:52:33 Saving config file
13:53:33 saveConfig: auto-save-60s
13:53:33 Saving config file
13:54:33 saveConfig: auto-save-60s
13:54:33 Saving config file
13:55:33 saveConfig: auto-save-60s
13:55:33 Saving config file
13:56:33 saveConfig: auto-save-60s
13:56:33 Saving config file
13:57:33 saveConfig: auto-save-60s
13:57:33 Saving config file
13:58:33 saveConfig: auto-save-60s
13:58:33 Saving config file
13:59:33 saveConfig: auto-save-60s
13:59:33 Saving config file
14:00:33 saveConfig: auto-save-60s
14:00:33 Saving config file
14:01:33 saveConfig: auto-save-60s
14:01:33 Saving config file
14:02:33 saveConfig: auto-save-60s
14:02:33 Saving config file
14:03:33 saveConfig: auto-save-60s
14:03:33 Saving config file
14:04:33 saveConfig: auto-save-60s
14:04:33 Saving config file
14:05:33 saveConfig: auto-save-60s
14:05:33 Saving config file
14:06:33 saveConfig: auto-save-60s
14:06:33 Saving config file
14:07:33 saveConfig: auto-save-60s
14:07:33 Saving config file
14:08:33 saveConfig: auto-save-60s
14:08:33 Saving config file
14:09:33 saveConfig: auto-save-60s
14:09:33 Saving config file
14:10:33 saveConfig: auto-save-60s
14:10:33 Saving config file
14:11:33 saveConfig: auto-save-60s
14:11:33 Saving config file
14:12:33 saveConfig: auto-save-60s
14:12:33 Saving config file
14:13:33 saveConfig: auto-save-60s
14:13:33 Saving config file
14:14:33 saveConfig: auto-save-60s
14:14:33 Saving config file
14:15:33 saveConfig: auto-save-60s
14:15:33 Saving config file
14:16:33 saveConfig: auto-save-60s
14:16:33 Saving config file
14:17:33 saveConfig: auto-save-60s
14:17:33 Saving config file
14:18:33 saveConfig: auto-save-60s
14:18:33 Saving config file
14:19:33 saveConfig: auto-save-60s
14:19:33 Saving config file
14:20:33 saveConfig: auto-save-60s
14:20:33 Saving config file
14:21:33 saveConfig: auto-save-60s
14:21:33 Saving config file
14:22:33 saveConfig: auto-save-60s
14:22:33 Saving config file
14:23:33 saveConfig: auto-save-60s
14:23:33 Saving config file
14:24:33 saveConfig: auto-save-60s
14:24:33 Saving config file
14:25:33 saveConfig: auto-save-60s
14:25:33 Saving config file
14:26:33 saveConfig: auto-save-60s
14:26:33 Saving config file
14:26:52 saveConfig: Save file
14:26:52 Saving friends file
14:27:33 saveConfig: auto-save-60s
14:27:33 Saving config file
14:28:33 saveConfig: auto-save-60s
14:28:33 Saving config file
14:29:33 saveConfig: auto-save-60s
14:29:33 Saving config file
14:30:33 saveConfig: auto-save-60s
14:30:33 Saving config file
14:31:33 saveConfig: auto-save-60s
14:31:33 Saving config file
14:32:33 saveConfig: auto-save-60s
14:32:33 Saving config file
14:33:33 saveConfig: auto-save-60s
14:33:33 Saving config file
14:34:33 saveConfig: auto-save-60s
14:34:33 Saving config file
14:35:33 saveConfig: auto-save-60s
14:35:33 Saving config file
14:36:33 saveConfig: auto-save-60s
14:36:33 Saving config file
14:37:33 saveConfig: auto-save-60s
14:37:33 Saving config file
14:38:33 saveConfig: auto-save-60s
14:38:33 Saving config file
14:39:31 saveConfig: saving-data
14:39:31 Saving sacks file
14:39:33 saveConfig: auto-save-60s
14:39:33 Saving config file
14:39:35 saveConfig: saving-data
14:39:35 Saving sacks file
14:40:33 saveConfig: auto-save-60s
14:40:33 Saving config file
14:41:33 saveConfig: auto-save-60s
14:41:33 Saving config file
14:42:33 saveConfig: auto-save-60s
14:42:33 Saving config file
14:43:33 saveConfig: auto-save-60s
14:43:33 Saving config file
14:44:33 saveConfig: auto-save-60s
14:44:33 Saving config file
14:45:33 saveConfig: auto-save-60s
14:45:33 Saving config file
14:46:33 saveConfig: auto-save-60s
14:46:33 Saving config file
14:47:33 saveConfig: auto-save-60s
14:47:33 Saving config file
14:48:33 saveConfig: auto-save-60s
14:48:33 Saving config file
14:49:33 saveConfig: auto-save-60s
14:49:33 Saving config file
14:50:33 saveConfig: auto-save-60s
14:50:33 Saving config file
14:51:33 saveConfig: auto-save-60s
14:51:33 Saving config file
14:52:33 saveConfig: auto-save-60s
14:52:33 Saving config file
14:53:33 saveConfig: auto-save-60s
14:53:33 Saving config file
14:53:38 saveConfig: saving-data
14:53:38 Saving sacks file
14:54:33 saveConfig: auto-save-60s
14:54:33 Saving config file
14:55:33 saveConfig: auto-save-60s
14:55:33 Saving config file
14:56:33 saveConfig: auto-save-60s
14:56:33 Saving config file
14:57:33 saveConfig: auto-save-60s
14:57:33 Saving config file
14:58:33 saveConfig: auto-save-60s
14:58:33 Saving config file
14:59:33 saveConfig: auto-save-60s
14:59:33 Saving config file
15:00:33 saveConfig: auto-save-60s
15:00:33 Saving config file
15:01:33 saveConfig: auto-save-60s
15:01:33 Saving config file
15:02:33 saveConfig: auto-save-60s
15:02:33 Saving config file
15:03:33 saveConfig: auto-save-60s
15:03:33 Saving config file
15:04:33 saveConfig: auto-save-60s
15:04:33 Saving config file
15:05:33 saveConfig: auto-save-60s
15:05:33 Saving config file
15:06:33 saveConfig: auto-save-60s
15:06:33 Saving config file
15:07:33 saveConfig: auto-save-60s
15:07:33 Saving config file
15:08:33 saveConfig: auto-save-60s
15:08:33 Saving config file
15:09:33 saveConfig: auto-save-60s
15:09:33 Saving config file
15:10:33 saveConfig: auto-save-60s
15:10:33 Saving config file
15:11:33 saveConfig: auto-save-60s
15:11:33 Saving config file
15:12:33 saveConfig: auto-save-60s
15:12:33 Saving config file
15:13:33 saveConfig: auto-save-60s
15:13:33 Saving config file
15:14:33 saveConfig: auto-save-60s
15:14:33 Saving config file
15:15:33 saveConfig: auto-save-60s
15:15:33 Saving config file
15:16:33 saveConfig: auto-save-60s
15:16:33 Saving config file
15:17:33 saveConfig: auto-save-60s
15:17:33 Saving config file
15:18:33 saveConfig: auto-save-60s
15:18:33 Saving config file
15:19:33 saveConfig: auto-save-60s
15:19:33 Saving config file
15:20:33 saveConfig: auto-save-60s
15:20:33 Saving config file
15:21:33 saveConfig: auto-save-60s
15:21:33 Saving config file
15:22:33 saveConfig: auto-save-60s
15:22:33 Saving config file
15:23:33 saveConfig: auto-save-60s
15:23:33 Saving config file
15:24:33 saveConfig: auto-save-60s
15:24:33 Saving config file
15:25:33 saveConfig: auto-save-60s
15:25:33 Saving config file
15:26:33 saveConfig: auto-save-60s
15:26:33 Saving config file
15:27:33 saveConfig: auto-save-60s
15:27:33 Saving config file
15:28:33 saveConfig: auto-save-60s
15:28:33 Saving config file
15:29:33 saveConfig: auto-save-60s
15:29:33 Saving config file
15:30:33 saveConfig: auto-save-60s
15:30:33 Saving config file
15:31:33 saveConfig: auto-save-60s
15:31:33 Saving config file
15:32:33 saveConfig: auto-save-60s
15:32:33 Saving config file
15:33:33 saveConfig: auto-save-60s
15:33:33 Saving config file
15:34:33 saveConfig: auto-save-60s
15:34:33 Saving config file
15:35:33 saveConfig: auto-save-60s
15:35:33 Saving config file
15:36:33 saveConfig: auto-save-60s
15:36:33 Saving config file
15:37:33 saveConfig: auto-save-60s
15:37:33 Saving config file
15:38:33 saveConfig: auto-save-60s
15:38:33 Saving config file
15:39:33 saveConfig: auto-save-60s
15:39:33 Saving config file
15:40:33 saveConfig: auto-save-60s
15:40:33 Saving config file
15:41:33 saveConfig: auto-save-60s
15:41:33 Saving config file
15:42:33 saveConfig: auto-save-60s
15:42:33 Saving config file
15:43:33 saveConfig: auto-save-60s
15:43:33 Saving config file
15:44:33 saveConfig: auto-save-60s
15:44:33 Saving config file
15:45:33 saveConfig: auto-save-60s
15:45:33 Saving config file
15:46:33 saveConfig: auto-save-60s
15:46:33 Saving config file
15:47:33 saveConfig: auto-save-60s
15:47:33 Saving config file
15:48:33 saveConfig: auto-save-60s
15:48:33 Saving config file
15:49:33 saveConfig: auto-save-60s
15:49:33 Saving config file
15:50:33 saveConfig: auto-save-60s
15:50:33 Saving config file
15:51:33 saveConfig: auto-save-60s
15:51:33 Saving config file
15:52:33 saveConfig: auto-save-60s
15:52:33 Saving config file
15:53:33 saveConfig: auto-save-60s
15:53:33 Saving config file
15:54:33 saveConfig: auto-save-60s
15:54:33 Saving config file
15:55:33 saveConfig: auto-save-60s
15:55:33 Saving config file
15:56:33 saveConfig: auto-save-60s
15:56:33 Saving config file
15:57:33 saveConfig: auto-save-60s
15:57:33 Saving config file
15:58:33 saveConfig: auto-save-60s
15:58:33 Saving config file
15:59:33 saveConfig: auto-save-60s
15:59:33 Saving config file
16:00:33 saveConfig: auto-save-60s
16:00:33 Saving config file
16:01:33 saveConfig: auto-save-60s
16:01:33 Saving config file
16:02:33 saveConfig: auto-save-60s
16:02:33 Saving config file
16:03:33 saveConfig: auto-save-60s
16:03:33 Saving config file
16:04:33 saveConfig: auto-save-60s
16:04:33 Saving config file
16:05:33 saveConfig: auto-save-60s
16:05:33 Saving config file
16:06:33 saveConfig: auto-save-60s
16:06:33 Saving config file
16:07:33 saveConfig: auto-save-60s
16:07:33 Saving config file
16:08:33 saveConfig: auto-save-60s
16:08:33 Saving config file
16:09:33 saveConfig: auto-save-60s
16:09:33 Saving config file
16:10:33 saveConfig: auto-save-60s
16:10:33 Saving config file
16:11:33 saveConfig: auto-save-60s
16:11:33 Saving config file
16:12:33 saveConfig: auto-save-60s
16:12:33 Saving config file
16:13:33 saveConfig: auto-save-60s
16:13:33 Saving config file
16:14:33 saveConfig: auto-save-60s
16:14:33 Saving config file
16:15:33 saveConfig: auto-save-60s
16:15:33 Saving config file
16:16:33 saveConfig: auto-save-60s
16:16:33 Saving config file
16:17:33 saveConfig: auto-save-60s
16:17:33 Saving config file
16:18:33 saveConfig: auto-save-60s
16:18:33 Saving config file
16:19:33 saveConfig: auto-save-60s
16:19:33 Saving config file
16:20:33 saveConfig: auto-save-60s
16:20:33 Saving config file
16:21:33 saveConfig: auto-save-60s
16:21:33 Saving config file
16:22:33 saveConfig: auto-save-60s
16:22:33 Saving config file
16:23:33 saveConfig: auto-save-60s
16:23:33 Saving config file
16:24:33 saveConfig: auto-save-60s
16:24:33 Saving config file
16:25:33 saveConfig: auto-save-60s
16:25:33 Saving config file
16:26:33 saveConfig: auto-save-60s
16:26:33 Saving config file
16:27:33 saveConfig: auto-save-60s
16:27:33 Saving config file
16:28:33 saveConfig: auto-save-60s
16:28:33 Saving config file
16:29:33 saveConfig: auto-save-60s
16:29:33 Saving config file
16:30:33 saveConfig: auto-save-60s
16:30:33 Saving config file
16:31:33 saveConfig: auto-save-60s
16:31:33 Saving config file
16:32:33 saveConfig: auto-save-60s
16:32:33 Saving config file
16:33:33 saveConfig: auto-save-60s
16:33:33 Saving config file
16:34:33 saveConfig: auto-save-60s
16:34:33 Saving config file
16:35:33 saveConfig: auto-save-60s
16:35:33 Saving config file
16:36:33 saveConfig: auto-save-60s
16:36:33 Saving config file
16:37:33 saveConfig: auto-save-60s
16:37:33 Saving config file
16:38:33 saveConfig: auto-save-60s
16:38:33 Saving config file
16:39:33 saveConfig: auto-save-60s
16:39:33 Saving config file
16:40:33 saveConfig: auto-save-60s
16:40:33 Saving config file
16:41:33 saveConfig: auto-save-60s
16:41:33 Saving config file
16:42:33 saveConfig: auto-save-60s
16:42:33 Saving config file
16:43:33 saveConfig: auto-save-60s
16:43:33 Saving config file
16:44:33 saveConfig: auto-save-60s
16:44:33 Saving config file
16:45:33 saveConfig: auto-save-60s
16:45:33 Saving config file
16:46:33 saveConfig: auto-save-60s
16:46:33 Saving config file
16:47:33 saveConfig: auto-save-60s
16:47:33 Saving config file
16:48:33 saveConfig: auto-save-60s
16:48:33 Saving config file
16:49:33 saveConfig: auto-save-60s
16:49:33 Saving config file
16:50:33 saveConfig: auto-save-60s
16:50:33 Saving config file
16:51:33 saveConfig: auto-save-60s
16:51:33 Saving config file
16:52:33 saveConfig: auto-save-60s
16:52:33 Saving config file
16:53:33 saveConfig: auto-save-60s
16:53:33 Saving config file
16:54:33 saveConfig: auto-save-60s
16:54:33 Saving config file
16:55:33 saveConfig: auto-save-60s
16:55:33 Saving config file
16:56:33 saveConfig: auto-save-60s
16:56:33 Saving config file
16:57:33 saveConfig: auto-save-60s
16:57:33 Saving config file
16:58:17 saveConfig: shutdown-hook
16:58:17 Saving config file
