12:48:20 [EMPTY] §f §r§r§r§f §r§r§r§1 §r§r§r§0 §r§r§r§2 §r§r§r§f §r§r§r§f §r§r§r§2 §r§r§r§0 §r§r§r§4 §r§r§r§3 §r§r§r§9 §r§r§r§2 §r§r§r§0 §r§r§r§0 §r§r§r§3 §r§r§r§9 §r§r§r§2 §r§r§r§0 §r§r§r§0 §r§r§r§3 §r§r§r§9 §r§r§r§2 §r§r§r§0 §r§r§r§0 
12:48:20 [LOBBY] §b[MVP§9+§b] Sebbebas§f §6joined the lobby!
12:48:23 [allowed] §cYou are sending commands too fast! Please slow down.
12:48:24 [LOBBY] §b[MVP§3+§b] hardenings§f §6joined the lobby!
12:48:26 [LOBBY] §b[MVP§a+§b] ggnekito_DWv31§f §6joined the lobby!
12:48:26 [WARPING] §7Sending to server mini158BK...
12:48:27 [EMPTY] §8 §r§8 §r§1 §r§3 §r§3 §r§7 §r§8 
12:48:27 [allowed] §eYou haven't claimed your §r§6Summer Rewards §r§eyet!
12:48:27 [allowed] §eTalk to the §r§bSummer Sloth §r§ein the §r§aHub!
12:48:27 [allowed] §aSince you've been away you earned §r§678,000 coins §r§aas interest in your personal bank account!
12:48:27 [allowed] §b-----------------------------------------------------
12:48:27 [allowed] §aYou have just received §r§6390,000 coins §r§aas interest in your co-op bank account!
12:48:27 [allowed] §b-----------------------------------------------------
12:48:29 [EMPTY] 
12:48:29 [WELCOME] §eWelcome to §r§aHypixel SkyBlock§r§e!
12:48:29 [allowed] §6§lBONUS! §r§bTemporarily earn §r§a5% §r§bmore skill experience!
12:48:29 [EMPTY] 
12:48:29 [allowed] §eLatest update: §bSkyBlock v0.20.5 §e§lCLICK
12:48:29 [allowed] §cYou are sending commands too fast! Please slow down.
12:48:29 [PROFILE_JOIN] §aYou are playing on profile: §eBanana§b (Co-op)
12:48:29 [PROFILE_JOIN] §8Profile ID: b1a71305-1956-42bf-90e4-bce6f7285754
12:48:31 [allowed] §6§lALLOWANCE! §r§eYou earned §r§650,000 coins§r§e!
12:48:31 [SKYMALL] §bNew day! §r§eYour §r§2Sky Mall §r§ebuff changed!
12:48:31 [SKYMALL] §eNew buff§r§r§r: §r§fReduce Pickaxe Ability cooldown by §r§a20%§r§f.
12:48:31 [SKYMALL] §8§oYou can disable this messaging by toggling Sky Mall in your /hotm!
12:49:27 [allowed] §a§r§6Mining Speed Boost §r§ais now available!
12:49:34 [allowed] §c ☠ §r§7§r§bQw3rtyyy§r§7 was killed by Thunder§r§7§r§7.
12:49:48 [WARPING] §7Warping...
12:49:54 [allowed] §cThere are blocks in the way!
12:50:12 [allowed] §6§lTROPHY FISH! §r§bYou caught an §r§a§kObfuscated 2 §r§8§lBRONZE§r§b.
12:50:25 [allowed] §6§lTROPHY FISH! §r§bYou caught a §r§fBlobfish §r§7§lSILVER§r§b.
12:50:44 [allowed] §8[§b218§8] §6ჶ §r§a[VIP] M0LIX§f§7 is holding §r§8[§9Taurus Helmet§8]
12:50:45 [allowed] §8[§r§b218§r§8] §r§6ჶ §r§a[VIP] M0LIX§f§r§f: shii
12:50:49 [allowed] §8[§r§9310§r§8] §r§6ௐ §r§b[MVP§c+§b] Qw3rtyyy§f§r§f: gg
12:50:50 [allowed] §6§lTROPHY FISH! §r§bYou caught a §r§9Mana Ray §r§7§lSILVER§r§b.
12:51:14 [allowed] §6§lTROPHY FISH! §r§bYou caught a §r§fBlobfish §r§7§lSILVER§r§b.
12:51:30 [allowed] §c ☠ §r§7§r§boliverwinther§r§7 was killed by §r§8§lBladesoul§r§7§r§7.
12:51:35 [GUILD_EXP] §aYou earned §r§2260 GEXP §r§a+ §r§e780 Event EXP §r§afrom playing SkyBlock!
12:52:21 [allowed] §c ☠ §r§7§r§bAlpinoxi§r§7 was killed by §r§8§lBladesoul§r§7§r§7.
12:52:37 [allowed] §aYour Blessing enchant got you double drops!
12:52:52 [allowed] §c ☠ §r§7§r§bAlpinoxi§r§7 was killed by Matcho§r§7§r§7.
12:52:59 [allowed] §6§lTROPHY FISH! §r§bYou caught a §r§fBlobfish §r§7§lSILVER§r§b.
12:53:23 [allowed] §6§lTROPHY FISH! §r§bYou caught a §r§fBlobfish §r§8§lBRONZE§r§b.
12:53:46 [allowed] §aYour Blessing enchant got you double drops!
12:53:58 [allowed] §aYour Blessing enchant got you double drops!
12:54:24 [allowed] §6§lTROPHY FISH! §r§bYou caught a §r§fBlobfish §r§8§lBRONZE§r§b.
12:54:52 [allowed] §6§lTROPHY FISH! §r§bYou caught a §r§fBlobfish §r§7§lSILVER§r§b.
12:55:01 [SKYMALL] §bNew day! §r§eYour §r§2Sky Mall §r§ebuff changed!
12:55:01 [SKYMALL] §eNew buff§r§r§r: §r§fReduce Pickaxe Ability cooldown by §r§a20%§r§f.
12:55:01 [SKYMALL] §8§oYou can disable this messaging by toggling Sky Mall in your /hotm!
12:55:08 [allowed] §aYour Blessing enchant got you double drops!
12:55:12 [allowed] §cThere are blocks in the way!
12:55:28 [allowed] §aYour Blessing enchant got you double drops!
12:56:04 [allowed] §6§lTROPHY FISH! §r§bYou caught an §r§a§kObfuscated 2 §r§8§lBRONZE§r§b.
12:56:30 [allowed] §aYour Blessing enchant got you double drops!
12:56:39 [GUILD_EXP] §aYou earned §r§2324 GEXP §r§a+ §r§e972 Event EXP §r§afrom playing SkyBlock!
12:56:42 [allowed] §aYour Blessing enchant got you double drops!
12:56:51 [allowed] §6§lTROPHY FISH! §r§bYou caught a §r§fBlobfish §r§7§lSILVER§r§b.
12:57:02 [allowed] §6§lTROPHY FISH! §r§bYou caught an §r§a§kObfuscated 2 §r§7§lSILVER§r§b.
12:57:27 [allowed] §6§lGOOD CATCH! §r§bYou found a §r§aGrand Experience Bottle§r§b.
12:57:40 [allowed] §aYour Blessing enchant got you double drops!
12:57:53 [allowed] §6§lTROPHY FISH! §r§bYou caught a §r§fBlobfish §r§8§lBRONZE§r§b.
12:58:08 [allowed] §6§lTROPHY FISH! §r§bYou caught a §r§fBlobfish §r§8§lBRONZE§r§b.
12:58:13 [allowed] §c ☠ §r§7§r§bOccyy§r§7 was killed by §r§8§lBladesoul§r§7§r§7.
12:58:47 [allowed] §c ☠ §r§7§r§bOccyy§r§7 was killed by §r§8§lBladesoul§r§7§r§7.
12:58:51 [allowed] §6§lTROPHY FISH! §r§bYou caught an §r§a§kObfuscated 2 §r§8§lBRONZE§r§b.
12:59:13 [allowed] §c ☠ §r§7§r§bOccyy§r§7 was killed by §r§8§lBladesoul§r§7§r§7.
12:59:26 [allowed] §6§lTROPHY FISH! §r§bYou caught a §r§fBlobfish §r§8§lBRONZE§r§b.
12:59:38 [allowed] §6§lTROPHY FISH! §r§bYou caught an §r§a§kObfuscated 2 §r§8§lBRONZE§r§b.
13:00:11 [allowed] §5Rabbit Uncle §r§7has been promoted to §r§7[165§r§7] §r§5Manager§r§7!
13:00:12 [allowed] §5Rabbit Dog §r§7has been promoted to §r§7[162§r§7] §r§5Manager§r§7!
13:00:13 [allowed] §5Rabbit Granny §r§7has been promoted to §r§7[169§r§7] §r§5Manager§r§7!
13:00:14 [allowed] §d§lTIME TOWER! §r§7Your §r§6Chocolate Factory §r§7production has increased by §r§6+0.3x §r§7for §r§a1h§r§7!
13:00:14 [allowed] §dRabbit Bro §r§7has been promoted to §r§7[202§r§7] §r§dExecutive§r§7!
13:00:15 [allowed] §6Rabbit Cousin §r§7has been promoted to §r§7[188§r§7] §r§6Director§r§7!
13:00:16 [allowed] §5Rabbit Daddy §r§7has been promoted to §r§7[174§r§7] §r§5Manager§r§7!
13:00:16 [allowed] §6Rabbit Sis §r§7has been promoted to §r§7[180§r§7] §r§6Director§r§7!
13:00:17 [allowed] §5Rabbit Uncle §r§7has been promoted to §r§7[166§r§7] §r§5Manager§r§7!
13:00:18 [allowed] §5Rabbit Dog §r§7has been promoted to §r§7[163§r§7] §r§5Manager§r§7!
13:00:19 [allowed] §dRabbit Bro §r§7has been promoted to §r§7[203§r§7] §r§dExecutive§r§7!
13:00:42 [allowed] §aYour Blessing enchant got you double drops!
13:00:56 [allowed] §aYour Blessing enchant got you double drops!
13:01:10 [allowed] §6§lTROPHY FISH! §r§bYou caught an §r§a§kObfuscated 2 §r§8§lBRONZE§r§b.
13:01:42 [allowed] §6§lTROPHY FISH! §r§bYou caught a §r§fBlobfish §r§8§lBRONZE§r§b.
13:01:44 [GUILD_EXP] §aYou earned §r§298 GEXP §r§a+ §r§e294 Event EXP §r§afrom playing SkyBlock!
13:01:55 [allowed] §6§lTROPHY FISH! §r§bYou caught a §r§9Lavahorse §r§8§lBRONZE§r§b.
13:02:11 [allowed] §6§lTROPHY FISH! §r§bYou caught an §r§a§kObfuscated 2 §r§8§lBRONZE§r§b.
13:02:24 [allowed] §aYour Blessing enchant got you double drops!
13:02:24 [allowed] §6§lGOOD CATCH! §r§bYou found a §r§5Silver Magmafish§r§b.
13:03:04 [allowed] §6§lTROPHY FISH! §r§bYou caught a §r§aSlugfish §r§8§lBRONZE§r§b.
13:03:16 [allowed] §6§lTROPHY FISH! §r§bYou caught a §r§9Lavahorse §r§8§lBRONZE§r§b.
13:03:32 [allowed] §aYour Blessing enchant got you double drops!
13:03:36 [allowed] §cThere are blocks in the way!
13:03:36 [allowed] §cThere are blocks in the way!
13:03:43 [allowed] §cThere are blocks in the way!
13:03:44 [allowed] §cThere are blocks in the way!
13:03:44 [allowed] §cThere are blocks in the way!
13:03:45 [allowed] §cThere are blocks in the way!
13:04:25 [allowed] §6§lTROPHY FISH! §r§bYou caught a §r§fBlobfish §r§8§lBRONZE§r§b.
13:04:38 [allowed] §6§lGOOD CATCH! §r§bYou found §r§618,976 Coins§r§b.
13:05:05 [allowed] §6§lTROPHY FISH! §r§bYou caught a §r§fBlobfish §r§8§lBRONZE§r§b.
13:05:16 [allowed] §6§lTROPHY FISH! §r§bYou caught a §r§fBlobfish §r§7§lSILVER§r§b.
13:05:27 [allowed] §c ☠ §r§7§r§6Nei1§r§7 was killed by Lord Jawbus§r§7§r§7.
13:05:28 [allowed] §aYour Blessing enchant got you double drops!
13:05:39 [allowed] §6§lTROPHY FISH! §r§bYou caught a §r§9Lavahorse §r§8§lBRONZE§r§b.
13:05:42 [allowed] §cThere are blocks in the way!
13:05:42 [allowed] §8[§r§3263§r§8] §r§6✎ §r§b[MVP§c+§b] kcaj7§f§r§f: jawbus at stronghold
13:05:42 [allowed] §cThere are blocks in the way!
13:05:42 [allowed] §cThere are blocks in the way!
13:05:56 [allowed] §aYour Blessing enchant got you double drops!
13:06:01 [allowed] §6[Bazaar] §r§7Executing instant sell...
13:06:01 [allowed] §6[Bazaar] §r§7Sold §r§a1§r§7x §r§aGrand Experience Bottle §r§7for §r§66,053.5 coins§r§7!
13:06:07 [allowed] §6§lTROPHY FISH! §r§bYou caught an §r§a§kObfuscated 2 §r§8§lBRONZE§r§b.
13:06:07 [allowed] §c ☠ §r§7§r§bbartekk55§r§7 was killed by Lord Jawbus§r§7§r§7.
13:06:08 [allowed] §c ☠ §r§7§r§bchocochippu§r§7 was killed by Lord Jawbus§r§7§r§7.
13:06:18 [allowed] §c ☠ §r§7§r§bbartekk55§r§7 was killed by Lord Jawbus§r§7§r§7.
13:06:19 [allowed] §c ☠ §r§7§r§76per§r§7 was killed by Lord Jawbus§r§7§r§7.
13:06:21 [allowed] §c ☠ §r§7§r§bchocochippu§r§7 was killed by Lord Jawbus§r§7§r§7.
13:06:22 [allowed] §6§lTROPHY FISH! §r§bYou caught a §r§fBlobfish §r§8§lBRONZE§r§b.
13:06:29 [allowed] §c ☠ §r§7§r§bbartekk55§r§7 was killed by Lord Jawbus§r§7§r§7.
13:06:30 [allowed] §c ☠ §r§7§r§bchocochippu§r§7 was killed by Lord Jawbus§r§7§r§7.
13:06:35 [allowed] §c ☠ §r§7§r§76per§r§7 was killed by Lord Jawbus§r§7§r§7.
13:06:48 [GUILD_EXP] §aYou earned §r§2289 GEXP §r§a+ §r§e867 Event EXP §r§afrom playing SkyBlock!
13:07:00 [allowed] §6§lTROPHY FISH! §r§bYou caught a §r§fBlobfish §r§8§lBRONZE§r§b.
13:07:00 [allowed] §c ☠ §r§7§r§76per§r§7 was killed by Lord Jawbus§r§7§r§7.
13:07:00 [allowed] §c ☠ §r§7§r§bbartekk55§r§7 was killed by Lord Jawbus§r§7§r§7.
13:07:11 [allowed] §8[§r§3261§r§8] §r§5§l࿇ §r§b[MVP§r§9+§r§b] Sebbebas§r§f: where lord jawbus?
13:07:16 [allowed] §c ☠ §r§7§r§bKoTelKa§r§7 was killed by Lord Jawbus§r§7§r§7.
13:07:17 [allowed] §c ☠ §r§7§r§bbartekk55§r§7 was killed by Lord Jawbus§r§7§r§7.
13:07:17 [allowed] §c ☠ §r§7§r§76per§r§7 was killed by Lord Jawbus§r§7§r§7.
13:07:25 [allowed] §6§lTROPHY FISH! §r§bYou caught a §r§fBlobfish §r§8§lBRONZE§r§b.
13:07:38 [allowed] §6§lTROPHY FISH! §r§bYou caught a §r§fBlobfish §r§8§lBRONZE§r§b.
13:08:17 [allowed] §6§lTROPHY FISH! §r§bYou caught a §r§fBlobfish §r§8§lBRONZE§r§b.
13:10:33 [allowed] §aYour Blessing enchant got you double drops!
13:11:07 [allowed] §6§lGOOD CATCH! §r§bYou found a §r§5Silver Magmafish§r§b.
13:11:30 [allowed] §6§lTROPHY FISH! §r§bYou caught a §r§fBlobfish §r§8§lBRONZE§r§b.
13:11:51 [GUILD_EXP] §aYou earned §r§263 GEXP §r§a+ §r§e189 Event EXP §r§afrom playing SkyBlock!
13:12:06 [allowed] §6§lGOOD CATCH! §r§bYou found a §r§aBlessed Bait§r§b.
13:12:18 [allowed] §6§lTROPHY FISH! §r§bYou caught a §r§fBlobfish §r§7§lSILVER§r§b.
13:12:28 [allowed] §aYour Blessing enchant got you double drops!
13:12:40 [allowed] §c ☠ §r§7§r§bKoTelKa§r§7 was killed by Thunder§r§7§r§7.
13:12:40 [allowed] §c ☠ §r§7§r§bbartekk55§r§7 was killed by Thunder§r§7§r§7.
13:12:40 [allowed] §6§lTROPHY FISH! §r§bYou caught a §r§fBlobfish §r§7§lSILVER§r§b.
13:12:55 [allowed] §6§lTROPHY FISH! §r§bYou caught a §r§9Lavahorse §r§8§lBRONZE§r§b.
13:13:05 [allowed] §aYour Blessing enchant got you double drops!
13:13:17 [allowed] §6§lGOOD CATCH! §r§bYou found a §r§fCarrot Bait§r§b.
13:13:20 [allowed] §aYou sold §r§fCarrot Bait§r§8 x16 §r§afor §r§6112 Coins§r§a!
13:13:26 [allowed] §aYour Blessing enchant got you double drops!
13:13:26 [allowed] §6§lGOOD CATCH! §r§bYou found a §r§aWorm Bait§r§b.
13:13:31 [allowed] §aYou sold §r§aWorm Bait§r§8 x16 §r§afor §r§6400 Coins§r§a!
13:13:48 [allowed] §aYour Blessing enchant got you double drops!
13:14:26 [allowed] §aYour Blessing enchant got you double drops!
13:14:42 [allowed] §c ☠ §r§7§r§bbartekk55§r§7 was killed by Thunder§r§7§r§7.
13:14:48 [allowed] §c ☠ §r§7§r§bKoTelKa§r§7 was killed by Thunder§r§7§r§7.
13:15:01 [SKYMALL] §bNew day! §r§eYour §r§2Sky Mall §r§ebuff changed!
13:15:01 [SKYMALL] §eNew buff§r§r§r: §r§fGain §r§a+15% §r§fmore Powder while mining.
13:15:01 [SKYMALL] §8§oYou can disable this messaging by toggling Sky Mall in your /hotm!
13:15:06 [allowed] §5§lGREAT CATCH! §r§bYou found an §r§aEnchanted Blaze Powder§r§b.
13:15:25 [allowed] §c ☠ §r§7§r§bTrannel_20§r§7 was digested by §r§6§lThe Matriarch§r§7§r§7.
13:16:03 [allowed] §6§lTROPHY FISH! §r§bYou caught an §r§a§kObfuscated 2 §r§8§lBRONZE§r§b.
13:16:08 [allowed] §c ☠ §r§7§r§adotanl§r§7 was killed by Barbarian Guard§r§7§r§7.
13:16:17 [allowed] §5§lGREAT CATCH! §r§bYou found an §r§aEnchanted Blaze Powder§r§b.
13:16:34 [allowed] §c ☠ §r§7§r§bSammeMMII§r§7 was killed by Moogma§r§7§r§7.
13:16:54 [allowed] §c ☠ §r§7§r§76per§r§7 was killed by Thunder§r§7§r§7.
13:16:58 [allowed] §6§lTROPHY FISH! §r§bYou caught a §r§9Lavahorse §r§8§lBRONZE§r§b.
13:18:00 [allowed] §6§lTROPHY FISH! §r§bYou caught a §r§9Lavahorse §r§8§lBRONZE§r§b.
13:18:15 [allowed] §6§lTROPHY FISH! §r§bYou caught a §r§fBlobfish §r§8§lBRONZE§r§b.
13:18:43 [allowed] §6§lTROPHY FISH! §r§bYou caught a §r§aSlugfish §r§8§lBRONZE§r§b.
13:19:34 [allowed] §6§lTROPHY FISH! §r§bYou caught an §r§a§kObfuscated 2 §r§8§lBRONZE§r§b.
13:20:21 [allowed] §a§l+5 Kill Combo §r§8§r§b+3✯ Magic Find
13:20:23 [allowed] §3§l▬▬▬▬▬▬▬▬▬▬▬▬▬▬▬▬▬▬▬▬▬▬▬▬▬▬▬▬▬▬▬▬▬▬▬▬▬▬▬▬▬▬▬▬▬▬▬▬▬▬▬▬▬▬▬▬▬▬▬▬▬▬▬▬
13:20:23 [EMPTY]  
13:20:23 [BESTIARY] §f                                  §6§lBESTIARY
13:20:23 [BESTIARY] §f                        §b§lWither Spectre §7§8II §8➡§b §bIII
13:20:23 [BESTIARY] 
13:20:23 [BESTIARY] §f                                  §r§6§lREWARDS
13:20:23 [BESTIARY] §f                     §r§8+§r§a2 Wither Spectre §r§b✯ Magic Find
13:20:23 [BESTIARY] §f                     §r§8+§r§a2 Wither Spectre §r§c❁ Strength
13:20:23 [BESTIARY] §f                         §r§8+§r§62% §r§aWither Spectre §r§7coins
13:20:23 [BESTIARY] §f                    §r§8+§r§a50% §r§7chance for extra XP orbs
13:20:23 [BESTIARY] §f                               §r§8+§r§b1 SkyBlock XP
13:20:23 [BESTIARY] 
13:20:23 [BESTIARY] §3§l▬▬▬▬▬▬▬▬▬▬▬▬▬▬▬▬▬▬▬▬▬▬▬▬▬▬▬▬▬▬▬▬▬▬▬▬▬▬▬▬▬▬▬▬▬▬▬▬▬▬▬▬▬▬▬▬▬▬▬▬▬▬▬▬
13:20:28 [allowed] §a§l+10 Kill Combo §r§8+§r§610 §r§7coins per kill
13:20:28 [allowed] §3§l▬▬▬▬▬▬▬▬▬▬▬▬▬▬▬▬▬▬▬▬▬▬▬▬▬▬▬▬▬▬▬▬▬▬▬▬▬▬▬▬▬▬▬▬▬▬▬▬▬▬▬▬▬▬▬▬▬▬▬▬▬▬▬▬
13:20:28 [EMPTY]  
13:20:28 [BESTIARY] §f                                  §6§lBESTIARY
13:20:28 [BESTIARY] §f                        §b§lWither Spectre §7§8III §8➡§b §bIV
13:20:28 [BESTIARY] 
13:20:28 [BESTIARY] §f                                  §r§6§lREWARDS
13:20:28 [BESTIARY] §f                     §r§8+§r§a2 Wither Spectre §r§b✯ Magic Find
13:20:28 [BESTIARY] §f                     §r§8+§r§a2 Wither Spectre §r§c❁ Strength
13:20:28 [BESTIARY] §f                         §r§8+§r§62% §r§aWither Spectre §r§7coins
13:20:28 [BESTIARY] §f                    §r§8+§r§a50% §r§7chance for extra XP orbs
13:20:28 [BESTIARY] §f                               §r§8+§r§b1 SkyBlock XP
13:20:28 [BESTIARY] 
13:20:28 [BESTIARY] §3§l▬▬▬▬▬▬▬▬▬▬▬▬▬▬▬▬▬▬▬▬▬▬▬▬▬▬▬▬▬▬▬▬▬▬▬▬▬▬▬▬▬▬▬▬▬▬▬▬▬▬▬▬▬▬▬▬▬▬▬▬▬▬▬▬
13:20:31 [allowed] §3§l▬▬▬▬▬▬▬▬▬▬▬▬▬▬▬▬▬▬▬▬▬▬▬▬▬▬▬▬▬▬▬▬▬▬▬▬▬▬▬▬▬▬▬▬▬▬▬▬▬▬▬▬▬▬▬▬▬▬▬▬▬▬▬▬
13:20:31 [EMPTY]  
13:20:31 [BESTIARY] §f                                  §6§lBESTIARY
13:20:31 [BESTIARY] §f                         §b§lWither Spectre §7§8IV §8➡§b §bV
13:20:31 [BESTIARY] 
13:20:31 [BESTIARY] §f                                  §r§6§lREWARDS
13:20:31 [BESTIARY] §f                     §r§8+§r§a2 Wither Spectre §r§b✯ Magic Find
13:20:31 [BESTIARY] §f                     §r§8+§r§a2 Wither Spectre §r§c❁ Strength
13:20:31 [BESTIARY] §f                         §r§8+§r§62% §r§aWither Spectre §r§7coins
13:20:31 [BESTIARY] §f                    §r§8+§r§a50% §r§7chance for extra XP orbs
13:20:31 [BESTIARY] §f                               §r§8+§r§b1 SkyBlock XP
13:20:31 [BESTIARY] 
13:20:31 [BESTIARY]   §r§f                         §6§lBESTIARY MILESTONE
13:20:31 [BESTIARY]   §r§f                              §8CLXXXI➡§eCLXXXII
13:20:31 [BESTIARY] 
13:20:31 [BESTIARY] §3§l▬▬▬▬▬▬▬▬▬▬▬▬▬▬▬▬▬▬▬▬▬▬▬▬▬▬▬▬▬▬▬▬▬▬▬▬▬▬▬▬▬▬▬▬▬▬▬▬▬▬▬▬▬▬▬▬▬▬▬▬▬▬▬▬
13:20:32 [allowed] §9§l+15 Kill Combo §r§8§r§b+3✯ Magic Find
13:20:38 [allowed] §5§l+20 Kill Combo §r§8§r§3+15☯ Combat Wisdom
13:20:41 [allowed] §cThere are blocks in the way!
13:20:44 [allowed] §cYour Kill Combo has expired! You reached a 21 Kill Combo!
13:20:45 [allowed] §cThere are blocks in the way!
13:20:50 [allowed] §6§lRARE DROP! §r§9Rampart Helmet §r§b(+§r§b126% §r§b✯ Magic Find§r§b)
13:20:51 [allowed] §a§l+5 Kill Combo §r§8§r§b+3✯ Magic Find
13:20:58 [allowed] §cYou must double tap the drop button to drop this item!
13:20:58 [allowed] §cYou can disable this in the §r§fSettings§r§c in your §r§aSkyBlock Menu§r§c!
13:20:59 [allowed] §cYou must double tap the drop button to drop this item!
13:20:59 [allowed] §cYou can disable this in the §r§fSettings§r§c in your §r§aSkyBlock Menu§r§c!
13:21:02 [allowed] §cYour Kill Combo has expired! You reached a 6 Kill Combo!
13:21:14 [allowed] §cThere are blocks in the way!
13:21:39 [allowed] §6§lTROPHY FISH! §r§bYou caught an §r§a§kObfuscated 2 §r§8§lBRONZE§r§b.
13:21:53 [allowed] §6§lTROPHY FISH! §r§bYou caught an §r§a§kObfuscated 2 §r§8§lBRONZE§r§b.
13:21:57 [GUILD_EXP] §aYou earned §r§2261 GEXP §r§a+ §r§e783 Event EXP §r§afrom playing SkyBlock!
13:22:07 [allowed] §6§lTROPHY FISH! §r§bYou caught a §r§9Lavahorse §r§8§lBRONZE§r§b.
13:22:18 [allowed] §aYour Blessing enchant got you double drops!
13:22:29 [allowed] §6§lGOOD CATCH! §r§bYou found a §r§fFish Bait§r§b.
13:22:29 [allowed] §8[§r§d340§r§8] §r§7⸙ §r§76per§7§r§7: Mleczasty can you leave
13:22:37 [allowed] §6§lGOOD CATCH! §r§bYou found §r§615,171 Coins§r§b.
13:22:41 [allowed] §8[§r§d340§r§8] §r§7⸙ §r§76per§7§r§7: thank you
13:22:50 [allowed] §8[§r§2178§r§8] §r§b[MVP§6+§b] Mleczasty §5ቾ§f§r§f: np
13:23:41 [allowed] §a§lNEW DISCOVERY: §r§5Soul Fish§r§7 §r§8Bronze
13:23:41 [allowed] §6§lTROPHY FISH! §r§bYou caught a §r§5Soul Fish §r§8§lBRONZE§r§b.
13:23:49 [allowed] §c ☠ §r§7§r§7kosmen70§r§7 was killed by Wither Spectre§r§7§r§7.
13:23:54 [allowed] §6§lTROPHY FISH! §r§bYou caught a §r§fBlobfish §r§8§lBRONZE§r§b.
13:23:56 [allowed] §c ☠ §r§7§r§aninjapl23§r§7 was killed by §r§8§lBladesoul§r§7§r§7.
13:24:04 [allowed] §c ☠ §r§7§r§7kosmen70§r§7 was killed by Mutated Blaze§r§7§r§7.
13:24:09 [allowed] §6§lTROPHY FISH! §r§bYou caught a §r§fBlobfish §r§8§lBRONZE§r§b.
13:24:15 [allowed] §c ☠ §r§7§r§aninjapl23§r§7 was killed by §r§8§lBladesoul§r§7§r§7.
13:24:20 [allowed] §aYour Blessing enchant got you double drops!
13:24:20 [allowed] §c ☠ §r§7§r§7kosmen70§r§7 was killed by Mutated Blaze§r§7§r§7.
13:24:31 [allowed] §6§lTROPHY FISH! §r§bYou caught a §r§fBlobfish §r§8§lBRONZE§r§b.
13:24:43 [allowed] §c ☠ §r§7§r§7kosmen70§r§7 was killed by §r§8§lBladesoul§r§7§r§7.
13:25:05 [allowed] §aYour Blessing enchant got you double drops!
13:25:06 [allowed] §c ☠ §r§7§r§7kosmen70§r§7 was killed by §r§8§lBladesoul§r§7§r§7.
13:25:43 [allowed] §6§lGOOD CATCH! §r§bYou found a §r§aGrand Experience Bottle§r§b.
13:25:47 [allowed] §6[Bazaar] §r§7Executing instant sell...
13:25:47 [allowed] §6[Bazaar] §r§7Sold §r§a1§r§7x §r§aGrand Experience Bottle §r§7for §r§66,050.5 coins§r§7!
13:25:55 [allowed] §6§lTROPHY FISH! §r§bYou caught a §r§9Lavahorse §r§7§lSILVER§r§b.
13:25:59 [allowed] §c ☠ §r§7§r§7kosmen70§r§7 was killed by Mutated Blaze§r§7§r§7.
13:26:10 [allowed] §6§lTROPHY FISH! §r§bYou caught a §r§5Soul Fish §r§8§lBRONZE§r§b.
13:26:23 [allowed] §aYour Blessing enchant got you double drops!
13:26:37 [allowed] §6§lTROPHY FISH! §r§bYou caught a §r§fBlobfish §r§7§lSILVER§r§b.
13:27:01 [GUILD_EXP] §aYou earned §r§2655 GEXP §r§a+ §r§e1,965 Event EXP §r§afrom playing SkyBlock!
13:27:05 [allowed] §a§lNEW DISCOVERY: §r§9§kObfuscated 3§r§7 §r§7Silver
13:27:05 [allowed] §e§ka§a>>   §aAchievement Unlocked: §6§r§6Humble Beginnings§r§a   <<§e§ka
13:27:05 [allowed] §6§lTROPHY FISH! §r§bYou caught an §r§9§kObfuscated 3 §r§7§lSILVER§r§b.
13:27:17 [allowed] §aYour Blessing enchant got you double drops!
13:27:32 [allowed] §a§lNEW DISCOVERY: §r§9§kObfuscated 3§r§7 §r§8Bronze
13:27:32 [allowed] §6§lTROPHY FISH! §r§bYou caught an §r§9§kObfuscated 3 §r§8§lBRONZE§r§b.
13:27:57 [allowed] §aYour Blessing enchant got you double drops!
13:28:10 [allowed] §aYour Blessing enchant got you double drops!
13:28:22 [allowed] §6§lTROPHY FISH! §r§bYou caught a §r§fBlobfish §r§7§lSILVER§r§b.
13:28:27 [allowed] §c ☠ §r§7§r§7kosmen70§r§7 was killed by Magma Cube§r§7§r§7.
13:28:45 [allowed] §c ☠ §r§7§r§bAlkayr§r§7 was killed by Inferno Demonlord§r§7§r§7.
13:28:46 [allowed] §aYour Blessing enchant got you double drops!
13:28:46 [allowed] §5§lGREAT CATCH! §r§bYou found an §r§aEnchanted Magma Cream§r§b.
13:30:28 [allowed] §cThere are blocks in the way!
13:30:37 [allowed] §aYou bought §r§aStarter Lava Rod §r§afor §r§610,000 Coins§r§a!
13:31:12 [allowed] §c ☠ §r§7§r§bAlkayr§r§7 was killed by Smoldering Blaze§r§7§r§7.
13:32:02 [allowed] §dYou have already found that Fairy Soul!
13:32:03 [allowed] §cThere are blocks in the way!
13:32:03 [allowed] §cThere are blocks in the way!
13:32:06 [GUILD_EXP] §aYou earned §r§2406 GEXP §r§a+ §r§e1,218 Event EXP §r§afrom playing SkyBlock!
13:32:11 [allowed] §cThere are blocks in the way!
13:32:29 [allowed] §cThere are blocks in the way!
13:32:37 [allowed] §cThere are blocks in the way!
13:32:51 [allowed] §cThere are blocks in the way!
13:33:14 [allowed] §aYour Blessing enchant got you double drops!
13:33:30 [allowed] §c ☠ §r§7§r§bAlkayr§r§7 was killed by Inferno Demonlord§r§7§r§7.
13:33:43 [allowed] §6§lTROPHY FISH! §r§bYou caught a §r§fBlobfish §r§8§lBRONZE§r§b.
13:33:58 [allowed] §5§lGREAT CATCH! §r§bYou found a §r§5Lava Shell§r§b.
13:34:27 [allowed] §6§lGOOD CATCH! §r§bYou found §r§623,952 Coins§r§b.
13:34:51 [allowed] §6§lTROPHY FISH! §r§bYou caught a §r§fBlobfish §r§8§lBRONZE§r§b.
13:35:02 [SKYMALL] §bNew day! §r§eYour §r§2Sky Mall §r§ebuff changed!
13:35:02 [SKYMALL] §eNew buff§r§r§r: §r§fGain §r§a+15% §r§fmore Powder while mining.
13:35:02 [SKYMALL] §8§oYou can disable this messaging by toggling Sky Mall in your /hotm!
13:35:13 [allowed] §6§lTROPHY FISH! §r§bYou caught a §r§fBlobfish §r§8§lBRONZE§r§b.
13:35:25 [allowed] §aYour Blessing enchant got you double drops!
13:35:37 [allowed] §aYour Blessing enchant got you double drops!
13:35:37 [allowed] §6§lGOOD CATCH! §r§bYou found a §r§aHot Bait§r§b.
13:36:04 [allowed] §6§lGOOD CATCH! §r§bYou found §r§6115,266 Coins§r§b.
13:36:06 [allowed] §aYou sold §r§aHot Bait§r§8 x16 §r§afor §r§6480 Coins§r§a!
13:36:37 [allowed] §6§lGOOD CATCH! §r§bYou found §r§69,489 Coins§r§b.
13:36:47 [allowed] §aYour Blessing enchant got you double drops!
13:36:52 [allowed] §cThere are blocks in the way!
13:37:08 [GUILD_EXP] §aYou earned §r§2266 GEXP §r§a+ §r§e798 Event EXP §r§afrom playing SkyBlock!
13:37:14 [allowed] §c ☠ §r§7§r§bAlkayr§r§7 was killed by Inferno Demonlord§r§7§r§7.
13:37:28 [allowed] §e[NPC] §eRescue Recruiter§f: §rYou want to help us rescue a hostage from those filthy brutes over there?
13:37:31 [allowed] §e[NPC] §eRescue Recruiter§f: §rPerfect! Go see our §eUndercover Agent §rat §2The Bastion §rarea in §cBarbarian §rterritory to get started.
13:37:46 [allowed] §e[NPC] §eRescue Recruiter§f: §rThank you for your help! Go see the §eUndercover Agent §rfor details.
13:38:09 [allowed] §e[NPC] §eUndercover Agent§f: §rPst, hey Sebbebas! You must be the one they sent to get our guy back.
13:38:10 [allowed] §e[NPC] §eUndercover Agent§f: §rHere's what you need to do.
13:38:12 [allowed] §e[NPC] §eUndercover Agent§f: §rYou need to sneak through this area and avoid the guards.
13:38:14 [allowed] §e[NPC] §eUndercover Agent§f: §rYou need to stay out of their §esight§r.
13:38:16 [allowed] §e[NPC] §eUndercover Agent§f: §rThey also have remarkable §ehearing§r. §eSneaking §rwill be much harder for them to detect than §esprinting§r.
13:38:19 [allowed] §e[NPC] §eUndercover Agent§f: §rIf you're observant, you might be able to §edistract §rsome of them.
13:38:21 [allowed] §e[NPC] §eUndercover Agent§f: §rIf it's too dangerous for you, tell me. If you leave the area, we'll assume you've abandoned the mission and find someone else instead.
13:38:24 [allowed] §e[NPC] §eUndercover Agent§f: §rGood luck out there!
13:39:02 [allowed] §e[NPC] §eHostage§f: §rOh, thank goodness! They sent someone to get me out of here.
13:39:02 [allowed] §aYou completed your rescue quest! Visit the Town Board to claim the rewards.
13:39:03 [allowed] §e[NPC] §eHostage§f: §rDo you know what they would've done if they found me?
13:39:24 [allowed] §a+50 Mage Reputation
13:39:24 [allowed] §3+5,000 Combat XP
13:39:24 [allowed] §b+30 Bits
13:40:29 [allowed] §cThere are blocks in the way!
13:40:47 [allowed] §c ☠ §r§7§r§7HeeZiUnicorn§r§7 was killed by Moogma§r§7§r§7.
13:41:21 [allowed] §cThere are blocks in the way!
13:41:21 [allowed] §cThere are blocks in the way!
13:41:33 [allowed] §cThere are blocks in the way!
13:41:34 [allowed] §cThere are blocks in the way!
13:41:39 [allowed] §cThere are blocks in the way!
13:41:42 [allowed] §cThere are blocks in the way!
13:41:43 [allowed] §c ☠ §r§7§r§bHoverboarder999§r§7 was killed by §r§8§lBladesoul§r§7§r§7.
13:41:50 [allowed] §cThere are blocks in the way!
13:41:51 [allowed] §cThere are blocks in the way!
13:41:54 [allowed] §c ☠ §r§7§r§bHoverboarder999§r§7 was killed by §r§8§lBladesoul§r§7§r§7.
13:41:55 [allowed] §c ☠ §r§7§r§7kosmen70§r§7 was killed by Flare§r§7§r§7.
13:42:13 [GUILD_EXP] §aYou earned §r§2618 GEXP §r§a+ §r§e1,854 Event EXP §r§afrom playing SkyBlock!
13:42:14 [allowed] §c ☠ §r§7§r§bHoverboarder999§r§7 was killed by §r§8§lBladesoul§r§7§r§7.
13:42:16 [allowed] §c ☠ §r§7§r§7kosmen70§r§7 was killed by §r§8§lBladesoul§r§7§r§7.
13:42:17 [allowed] §c ☠ §r§7§r§bElectric_FightYT§r§7 was killed by Inferno Demonlord§r§7§r§7.
13:42:34 [allowed] §cThere are blocks in the way!
13:42:39 [allowed] §cThere are blocks in the way!
13:42:39 [allowed] §cThere are blocks in the way!
13:42:39 [allowed] §cThere are blocks in the way!
13:42:40 [allowed] §cThere are blocks in the way!
13:42:49 [allowed] §cThere are blocks in the way!
13:42:54 [allowed] §cThere are blocks in the way!
13:42:57 [allowed] §cThere are blocks in the way!
13:43:02 [allowed] §c ☠ §r§7§r§7kosmen70§r§7 was killed by Blaze§r§7§r§7.
13:43:04 [allowed] §cThere are blocks in the way!
13:43:05 [allowed] §cThere are blocks in the way!
13:43:14 [allowed] §c ☠ §r§7You were killed by Barbarian Guard§r§7§r§7.
13:43:29 [allowed] §c ☠ §r§7§r§aTrilogiaPaoliana§r§7 was killed by §r§8§lBarbarian Duke X§r§7§r§7.
13:43:46 [allowed] §cThere are blocks in the way!
13:44:04 [allowed] §a§lNEW DISCOVERY: §r§9Mana Ray§r§7 §r§8Bronze
13:44:04 [allowed] §6§lTROPHY FISH! §r§bYou caught a §r§9Mana Ray §r§8§lBRONZE§r§b.
13:44:09 [allowed] §c ☠ §r§7§r§bElectric_FightYT§r§7 was killed by Quazii§r§7§r§7.
13:44:27 [allowed] §6§lTROPHY FISH! §r§bYou caught a §r§fGusher §r§8§lBRONZE§r§b.
13:44:49 [allowed] §aYour Blessing enchant got you double drops!
13:44:59 [allowed] §6§lTROPHY FISH! §r§bYou caught a §r§9Mana Ray §r§7§lSILVER§r§b.
13:45:12 [allowed] §6§lTROPHY FISH! §r§bYou caught a §r§fBlobfish §r§8§lBRONZE§r§b.
13:45:24 [allowed] §6§lTROPHY FISH! §r§bYou caught a §r§fBlobfish §r§7§lSILVER§r§b.
13:45:25 [allowed] §cThere are blocks in the way!
13:45:25 [allowed] §cThere are blocks in the way!
13:45:26 [allowed] §cThere are blocks in the way!
13:45:26 [allowed] §cThere are blocks in the way!
13:45:26 [allowed] §cThere are blocks in the way!
13:45:39 [allowed] §6§lTROPHY FISH! §r§bYou caught a §r§fBlobfish §r§7§lSILVER§r§b.
13:46:02 [allowed] §aYour Blessing enchant got you double drops!
13:46:02 [allowed] §6§lGOOD CATCH! §r§bYou found a §r§fMinnow Bait§r§b.
13:46:06 [allowed] §aYou sold §r§fMinnow Bait§r§8 x16 §r§afor §r§6192 Coins§r§a!
13:46:13 [allowed] §6§lTROPHY FISH! §r§bYou caught a §r§fGusher §r§8§lBRONZE§r§b.
13:46:23 [allowed] §6§lGOOD CATCH! §r§bYou found §r§663,768 Coins§r§b.
13:46:31 [allowed] §6§lTROPHY FISH! §r§bYou caught a §r§9Lavahorse §r§7§lSILVER§r§b.
13:46:41 [allowed] §6§lTROPHY FISH! §r§bYou caught a §r§fSulphur Skitter §r§8§lBRONZE§r§b.
13:46:52 [allowed] §aYour Blessing enchant got you double drops!
13:47:01 [allowed] §6§lTROPHY FISH! §r§bYou caught a §r§fGusher §r§7§lSILVER§r§b.
13:47:17 [GUILD_EXP] §aYou earned §r§2606 GEXP §r§a+ §r§e1,818 Event EXP §r§afrom playing SkyBlock!
13:47:18 [allowed] §aYour Blessing enchant got you double drops!
13:47:18 [allowed] §6§lGOOD CATCH! §r§bYou found a §r§fLight Bait§r§b.
13:47:22 [allowed] §aYou sold §r§fLight Bait§r§8 x16 §r§afor §r§6256 Coins§r§a!
13:47:29 [allowed] §6§lGOOD CATCH! §r§bYou found §r§649,484 Coins§r§b.
13:47:39 [allowed] §6§lTROPHY FISH! §r§bYou caught a §r§fBlobfish §r§8§lBRONZE§r§b.
13:47:50 [allowed] §6§lGOOD CATCH! §r§bYou found a §r§fLight Bait§r§b.
13:47:53 [allowed] §8Depositing coins...
13:47:53 [allowed] §aDeposited §r§6352k coins§r§a! There's now §r§6447M coins §r§ain the account!
13:47:56 [allowed] §aYou sold §r§fLight Bait§r§8 x16 §r§afor §r§6256 Coins§r§a!
13:47:57 [allowed] §aYou bought back §r§fLight Bait§r§8 x16 §r§afor §r§6256 Coins§r§a!
13:47:57 [allowed] §cYou don't have enough Coins!
13:47:59 [allowed] §6§lTROPHY FISH! §r§bYou caught a §r§fBlobfish §r§7§lSILVER§r§b.
13:48:01 [allowed] §8[§r§3252§r§8] §r§b[MVP§c+§b] sabusann §5ቾ§f§r§f: SKILL LEVEL UP Fishing XLVII➜XLVIII
13:48:01 [allowed] §aYou sold §r§fLight Bait§r§8 x16 §r§afor §r§6256 Coins§r§a!
13:48:03 [allowed] §8[§r§3252§r§8] §r§b[MVP§c+§b] sabusann §5ቾ§f§r§f: :)
13:48:07 [allowed] §8[§r§5371§r§8] §r§b[MVP§2+§b] JaggeXD §5ቾ§f§r§f: gg
13:48:09 [allowed] §8[§r§9305§r§8] §r§7α §r§b[MVP§f+§b] uywi§f§r§f: gg
13:48:13 [allowed] §6§lTROPHY FISH! §r§bYou caught a §r§fSulphur Skitter §r§8§lBRONZE§r§b.
13:48:16 [allowed] §8[§r§b215§r§8] §r§6✿ §r§b[MVP§d+§b] TheKasztan§f§r§f: nice
13:48:22 [allowed] §6§lTROPHY FISH! §r§bYou caught a §r§fGusher §r§7§lSILVER§r§b.
13:48:35 [allowed] §6§lTROPHY FISH! §r§bYou caught a §r§fBlobfish §r§8§lBRONZE§r§b.
13:48:54 [allowed] §6§lTROPHY FISH! §r§bYou caught a §r§fSulphur Skitter §r§8§lBRONZE§r§b.
13:49:19 [allowed] §6§lGOOD CATCH! §r§bYou found a §r§9Whale Bait§r§b.
13:49:31 [allowed] §6§lTROPHY FISH! §r§bYou caught a §r§fGusher §r§7§lSILVER§r§b.
13:49:40 [allowed] §6§lTROPHY FISH! §r§bYou caught a §r§fGusher §r§7§lSILVER§r§b.
13:50:28 [allowed] §c ☠ §r§7§r§aKawakie§r§7 was killed by §r§8§lBladesoul§r§7§r§7.
13:50:29 [allowed] §c ☠ §r§7§r§aHanko08§r§7 was killed by §r§8§lBladesoul§r§7§r§7.
13:50:29 [allowed] §a§lNEW DISCOVERY: §r§fSulphur Skitter§r§7 §r§7Silver
13:50:29 [allowed] §6§lTROPHY FISH! §r§bYou caught a §r§fSulphur Skitter §r§7§lSILVER§r§b.
13:50:31 [EMPTY]  
13:50:31 [allowed] §f                          §r§3§lSKYBLOCK LEVEL UP
13:50:31 [allowed] §f                             §r§3Level §r§8261 ➡ §r§8[§r§3262§r§8]
13:50:31 [EMPTY]  
13:50:31 [allowed] §f                                  §r§6§lREWARDS
13:50:31 [allowed] §f                                 §r§8+§r§a5 §r§c❤ Health
13:50:31 [EMPTY]  
13:50:53 [allowed] §6§lTROPHY FISH! §r§bYou caught a §r§fGusher §r§8§lBRONZE§r§b.
13:50:56 [allowed] §c ☠ §r§7§r§abipp_§r§7 was killed by §r§8§lBladesoul§r§7§r§7.
13:51:36 [allowed] §c ☠ §r§7§r§aKawakie§r§7 was killed by Wither Spectre§r§7§r§7.
13:51:48 [allowed] §c ☠ §r§7§r§abipp_§r§7 was killed by §r§8§lBladesoul§r§7§r§7.
13:52:08 [allowed] §c ☠ §r§7§r§aKawakie§r§7 was killed by Wither Spectre§r§7§r§7.
13:52:21 [GUILD_EXP] §aYou earned §r§2158 GEXP §r§a+ §r§e474 Event EXP §r§afrom playing SkyBlock!
13:52:35 [allowed] §c ☠ §r§7§r§aHanko08§r§7 was killed by Wither Spectre§r§7§r§7.
13:52:55 [allowed] §6§lTROPHY FISH! §r§bYou caught a §r§fSulphur Skitter §r§7§lSILVER§r§b.
13:53:04 [allowed] §c ☠ §r§7§r§aHanko08§r§7 was killed by Wither Spectre§r§7§r§7.
13:53:06 [allowed] §6§lTROPHY FISH! §r§bYou caught a §r§fGusher §r§7§lSILVER§r§b.
13:53:26 [allowed] §c ☠ §r§7§r§aHanko08§r§7 was killed by Wither Spectre§r§7§r§7.
13:54:03 [allowed] §c ☠ §r§7§r§aHanko08§r§7 was killed by Mutated Blaze§r§7§r§7.
13:54:09 [allowed] §c ☠ §r§7§r§abipp_§r§7 was digested by §r§6§lThe Matriarch§r§7§r§7.
13:54:40 [allowed] §c ☠ §r§7§r§aHanko08§r§7 was killed by Blaze§r§7§r§7.
13:55:01 [SKYMALL] §bNew day! §r§eYour §r§2Sky Mall §r§ebuff changed!
13:55:01 [SKYMALL] §eNew buff§r§r§r: §r§fGain §r§a+100 §r§6⸕ Mining Speed§r§f.
13:55:01 [SKYMALL] §8§oYou can disable this messaging by toggling Sky Mall in your /hotm!
13:55:14 [allowed] §6§lTROPHY FISH! §r§bYou caught a §r§fBlobfish §r§8§lBRONZE§r§b.
13:55:15 [allowed] §c ☠ §r§7§r§aKawakie§r§7 was killed by Mutated Blaze§r§7§r§7.
13:55:19 [allowed] §c ☠ §r§7§r§aHanko08§r§7 was killed by Mutated Blaze§r§7§r§7.
13:55:30 [allowed] §6§lTROPHY FISH! §r§bYou caught a §r§9Vanille §r§8§lBRONZE§r§b.
13:56:00 [allowed] §6§lTROPHY FISH! §r§bYou caught a §r§fBlobfish §r§8§lBRONZE§r§b.
13:56:05 [allowed] §c ☠ §r§7§r§aHanko08§r§7 was killed by Mutated Blaze§r§7§r§7.
13:56:10 [allowed] §6§lTROPHY FISH! §r§bYou caught a §r§fSulphur Skitter §r§8§lBRONZE§r§b.
13:56:32 [allowed] §c ☠ §r§7§r§bNsv7a§r§7 was killed by §r§8§lBladesoul§r§7§r§7.
13:56:41 [allowed] §cThere are blocks in the way!
13:56:41 [allowed] §cThere are blocks in the way!
13:56:41 [allowed] §cThere are blocks in the way!
13:56:46 [allowed] §c ☠ §r§7§r§aHanko08§r§7 was killed by Bezal§r§7§r§7.
13:56:52 [allowed] §c ☠ §r§7§r§bNsv7a§r§7 was killed by Wither Guard§r§7§r§7.
13:56:57 [allowed] §6§lTROPHY FISH! §r§bYou caught a §r§fBlobfish §r§8§lBRONZE§r§b.
13:56:58 [allowed] §c ☠ §r§7§r§bNsv7a§r§7 was killed by §r§8§lBladesoul§r§7§r§7.
13:57:25 [GUILD_EXP] §aYou earned §r§2278 GEXP §r§a+ §r§e834 Event EXP §r§afrom playing SkyBlock!
13:57:29 [allowed] §6§lGOOD CATCH! §r§bYou found §r§6113,534 Coins§r§b.
13:57:30 [allowed] §c ☠ §r§7§r§aHanko08§r§7 was killed by Mutated Blaze§r§7§r§7.
13:57:45 [allowed] §6§lGOOD CATCH! §r§bYou found an §r§aIce Bait§r§b.
13:57:55 [allowed] §c ☠ §r§7§r§aHanko08§r§7 was killed by Mutated Blaze§r§7§r§7.
13:57:57 [allowed] §aYou sold §r§aIce Bait§r§8 x16 §r§afor §r§648 Coins§r§a!
13:58:08 [allowed] §c ☠ §r§7§r§ashi6b§r§7 was killed by Smoldering Blaze§r§7§r§7.
13:58:08 [allowed] §6§lTROPHY FISH! §r§bYou caught a §r§fBlobfish §r§8§lBRONZE§r§b.
13:58:18 [allowed] §c ☠ §r§7§r§aHanko08§r§7 was killed by Mutated Blaze§r§7§r§7.
13:58:34 [allowed] §6§lTROPHY FISH! §r§bYou caught a §r§9Mana Ray §r§8§lBRONZE§r§b.
13:58:44 [allowed] §c ☠ §r§7§r§bTheKasztan§r§7 was killed by Moogma§r§7§r§7.
13:58:49 [allowed] §6§lTROPHY FISH! §r§bYou caught a §r§fBlobfish §r§8§lBRONZE§r§b.
13:59:05 [allowed] §6§lTROPHY FISH! §r§bYou caught a §r§fGusher §r§8§lBRONZE§r§b.
13:59:19 [allowed] §6§lTROPHY FISH! §r§bYou caught a §r§fSulphur Skitter §r§8§lBRONZE§r§b.
13:59:21 [allowed] §c ☠ §r§7§r§aHanko08§r§7 was killed by Bezal§r§7§r§7.
13:59:28 [allowed] §8[§r§b201§r§8] §r§6✎ §r§b[MVP§f+§b] fumasssa§f§r§f: hello
13:59:30 [allowed] §9You spot a §r§6Golden Fish §r§9surface from beneath the lava!
13:59:31 [allowed] §6§lTROPHY FISH! §r§bYou caught a §r§fSulphur Skitter §r§8§lBRONZE§r§b.
13:59:32 [allowed] §8[§r§5371§r§8] §r§b[MVP§2+§b] JaggeXD §5ቾ§f§r§f: o/
13:59:37 [allowed] §9The §r§6Golden Fish §r§9is resisting...
13:59:40 [allowed] §9The §r§6Golden Fish §r§9escapes your hook but looks weakened.
13:59:45 [allowed] §9The §r§6Golden Fish §r§9escapes your hook but looks weakened.
13:59:50 [allowed] §9The §r§6Golden Fish §r§9escapes your hook but looks weakened.
13:59:54 [allowed] §9The §r§6Golden Fish §r§9is weak!
14:00:05 [allowed] §6§lTROPHY FISH! §r§bYou caught a §r§6Golden Fish §r§8§lBRONZE§r§b.
14:00:13 [EMPTY] §f
14:00:13 [WATCHDOG] §4[WATCHDOG ANNOUNCEMENT]
14:00:13 [WATCHDOG] §fWatchdog has banned §r§c§l19,582§r§f players in the last 7 days.
14:00:13 [WATCHDOG] §fStaff have banned an additional §r§c§l16,285§r§f in the last 7 days.
14:00:13 [WATCHDOG] §cBlacklisted modifications are a bannable offense!
14:00:13 [WATCHDOG] §c
14:00:21 [allowed] §c ☠ §r§7§r§aHanko08§r§7 was killed by Mutated Blaze§r§7§r§7.
14:00:28 [allowed] §6§lTROPHY FISH! §r§bYou caught a §r§fGusher §r§7§lSILVER§r§b.
14:00:50 [allowed] §c ☠ §r§7§r§aHanko08§r§7 was killed by Mutated Blaze§r§7§r§7.
14:01:07 [allowed] §c ☠ §r§7§r§ashi6b§r§7 was killed by Inferno Demonlord§r§7§r§7.
14:01:13 [allowed] §6§lTROPHY FISH! §r§bYou caught a §r§fBlobfish §r§8§lBRONZE§r§b.
14:01:19 [allowed] §c ☠ §r§7§r§aHanko08§r§7 was killed by Bezal§r§7§r§7.
14:01:25 [allowed] §6§lTROPHY FISH! §r§bYou caught a §r§9Vanille §r§8§lBRONZE§r§b.
14:01:58 [allowed] §c ☠ §r§7§r§aHanko08§r§7 was killed by Blaze§r§7§r§7.
14:02:06 [allowed] §c ☠ §r§7§r§bJeff23333§r§7 was killed by Smoldering Blaze§r§7§r§7.
14:02:13 [allowed] §6§lTROPHY FISH! §r§bYou caught a §r§fGusher §r§8§lBRONZE§r§b.
14:02:23 [allowed] §c ☠ §r§7§r§bGoldenShulker§r§7 was killed by Inferno Demonlord§r§7§r§7.
14:02:23 [allowed] §c ☠ §r§7§r§aHanko08§r§7 was killed by Mutated Blaze§r§7§r§7.
14:02:24 [allowed] §6§lTROPHY FISH! §r§bYou caught a §r§fGusher §r§7§lSILVER§r§b.
14:02:30 [GUILD_EXP] §aYou earned §r§2451 GEXP §r§a+ §r§e1,353 Event EXP §r§afrom playing SkyBlock!
14:02:33 [allowed] §6§lTROPHY FISH! §r§bYou caught a §r§9Vanille §r§8§lBRONZE§r§b.
14:02:49 [allowed] §6§lGOOD CATCH! §r§bYou found a §r§5Silver Magmafish§r§b.
14:02:51 [allowed] §c ☠ §r§7§r§aHanko08§r§7 was killed by Mutated Blaze§r§7§r§7.
14:04:19 [allowed] §6§lGOOD CATCH! §r§bYou found §r§634,788 Coins§r§b.
14:04:39 [allowed] §c ☠ §r§7§r§bdalezas§r§7 was killed by §r§8§lAshfang§r§7§r§7.
14:04:48 [allowed] §8[§r§5371§r§8] §r§b[MVP§2+§b] JaggeXD §5ቾ§f§r§f: x: 14, y: 157, z: -564
14:04:52 [allowed] §8[§r§5371§r§8] §r§b[MVP§2+§b] JaggeXD §5ቾ§f§r§f: wc
14:05:14 [allowed] §cThere are blocks in the way!
14:05:22 [allowed] §3§l▬▬▬▬▬▬▬▬▬▬▬▬▬▬▬▬▬▬▬▬▬▬▬▬▬▬▬▬▬▬▬▬▬▬▬▬▬▬▬▬▬▬▬▬▬▬▬▬▬▬▬▬▬▬▬▬▬▬▬▬▬▬▬▬
14:05:22 [EMPTY]  
14:05:22 [BESTIARY] §f                                  §6§lBESTIARY
14:05:22 [BESTIARY] §f                           §b§lVanquisher §7§8IV §8➡§b §bV
14:05:22 [BESTIARY] 
14:05:22 [BESTIARY] §f                                  §r§6§lREWARDS
14:05:22 [BESTIARY] §f                       §r§8+§r§a2 §r§5Vanquisher §r§b✯ Magic Find
14:05:22 [BESTIARY] §f                        §r§8+§r§a2 §r§5Vanquisher §r§c❁ Strength
14:05:22 [BESTIARY] §f                           §r§8+§r§62% §r§a§r§5Vanquisher §r§7coins
14:05:22 [BESTIARY] §f                    §r§8+§r§a50% §r§7chance for extra XP orbs
14:05:22 [BESTIARY] §f                               §r§8+§r§b1 SkyBlock XP
14:05:22 [BESTIARY] 
14:05:22 [BESTIARY] §3§l▬▬▬▬▬▬▬▬▬▬▬▬▬▬▬▬▬▬▬▬▬▬▬▬▬▬▬▬▬▬▬▬▬▬▬▬▬▬▬▬▬▬▬▬▬▬▬▬▬▬▬▬▬▬▬▬▬▬▬▬▬▬▬▬
14:05:22 [allowed] §e§lLOOT SHARE §r§r§r§fYou received loot for assisting §r§bJaggeXD§r§f!
14:05:41 [allowed] §c ☠ §r§7§r§bGoldenShulker§r§7 was killed by §r§4Burningsoul Demon§r§7§r§7.
14:06:03 [allowed] §aFrom beneath the lava appears a Magma Slug.
14:06:05 [allowed] §7Your Giant's Sword hit §r§c1 §r§7enemy for §r§c1,282,437 §r§7damage.
