11:43:47 §c§l1. DEATH!§r
11:49:10 §c§l1. DEATH!§r
11:52:36 §c§l2. DEATH!§r
11:54:11 §e[SkyHanni] You are close to the Croesus Limit. Please open your chests!§r
12:00:03 §c§l1. DEATH!§r
12:00:24 §c§l2. DEATH!§r
12:11:36 §e[SkyHanni] You are close to the Croesus Limit. Please open your chests!§r
12:20:52 §c§l1. DEATH!§r
12:22:56 §e[SkyHanni] You are close to the Croesus Limit. Please open your chests!§r
12:56:34 §e[SkyHanni] §cYour Time Tower just expired and has 2 charges remaining. Click here to use one.§r
13:01:38 §e[SkyHanni] Click here to share the location of this chocolate egg with the server!§r
13:05:32 §e[SkyHanni] §b+5 SkyBlock XP §7(Accessory Bag§7)§b (65/100)§r
13:06:53 §e[SkyHanni] Reset Reputation Helper.§r
13:16:51 §a§lPotion Effect! §r§4Regeneration IV§r
13:16:51 §a§lPotion Effect! §r§4Strength V§r
13:16:51 §a§lPotion Effect! §r§4Critical III§r
13:16:51 §a§lPotion Effect! §r§9Speed III§r
13:16:51 §a§lPotion Effect! §r§aResistance V§r
13:16:51 §a§lPotion Effect! §r§bArchery III§r
13:23:04 §c§l1. DEATH!§r
13:27:18 §e[SkyHanni] You are close to the Croesus Limit. Please open your chests!§r
13:33:53 §c§l1. DEATH!§r
13:36:51 §e[SkyHanni] You are close to the Croesus Limit. Please open your chests!§r
