21:13:24   §r§a§lREWARDS
21:13:24     §r§7§8+§b4 SkyBlock XP
21:13:25   §r§a§lREWARDS
21:13:25     §r§7§8+§b4 SkyBlock XP
21:13:28   §r§a§lREWARDS
21:13:28     §r§7§8+§b4 SkyBlock XP
21:13:33   §r§a§lREWARDS
21:13:33     §r§7§9Harvesting §7Exp Discount §a(-25%)
21:13:33     §r§7§8+§b4 SkyBlock XP
21:13:45   §r§a§lREWARDS
21:13:45     §r§7§8+§b4 SkyBlock XP
21:14:23   §r§a§lREWARDS
21:14:23     §r§7§8+§b4 SkyBlock XP
21:32:49   §r§a§lREWARDS
21:32:49     §r§7§8+§b4 SkyBlock XP
21:33:03   §r§a§lREWARDS
21:33:03     §r§7§8+§b4 SkyBlock XP
21:33:10   §r§a§lREWARDS
21:33:10     §r§7§8+§b4 SkyBlock XP
21:33:36   §r§a§lREWARDS
21:33:36     §r§7§8+§b4 SkyBlock XP
21:34:13   §r§a§lREWARDS
21:34:13     §r§7§8+§b4 SkyBlock XP
21:35:56   §r§a§lREWARDS
21:35:56     §r§7§8+§b4 SkyBlock XP
21:36:54   §r§a§lREWARDS
21:36:54     §r§7§8+§b4 SkyBlock XP
21:39:40   §r§a§lREWARDS
21:39:40     §r§7§8+§b4 SkyBlock XP
21:41:48   §r§a§lREWARDS
21:41:48     §r§7§8+§b4 SkyBlock XP
21:48:52   §r§a§lREWARDS
21:48:52     §r§7§8+§b4 SkyBlock XP
21:48:53   §r§a§lREWARDS
21:48:53     §r§7§8+§b4 SkyBlock XP
21:49:57   §r§a§lREWARDS
21:49:57     §r§7§8+§b4 SkyBlock XP
21:50:28   §r§a§lREWARDS
21:50:28     §r§7§9Smelting Touch §7Exp Discount §a(-25%)
21:50:28     §r§7§8+§b4 SkyBlock XP
21:51:30   §r§a§lREWARDS
21:51:30     §r§7§8+§b4 SkyBlock XP
22:01:27   §r§a§lREWARDS
22:01:27     §r§7§8+§b4 SkyBlock XP
22:01:29   §r§a§lREWARDS
22:01:29     §r§7§8+§b4 SkyBlock XP
22:02:27   §r§a§lREWARDS
22:02:27     §r§7§8+§b4 SkyBlock XP
22:02:42   §r§a§lREWARDS
22:02:42     §r§7§8+§b4 SkyBlock XP
22:03:47   §r§a§lREWARDS
22:03:47     §r§7§8+§b4 SkyBlock XP
22:04:00   §r§a§lREWARDS
22:04:00     §r§7§9Protection §7Exp Discount §a(-25%)
22:04:00     §r§7§8+§b4 SkyBlock XP
22:04:08   §r§a§lREWARDS
22:04:08     §r§7§8+§b4 SkyBlock XP
22:09:34   §r§a§lREWARDS
22:09:34     §r§7§9Looting §7Exp Discount §a(-25%)
22:09:34     §r§7§8+§b4 SkyBlock XP
22:14:51   §r§a§lREWARDS
22:14:51     §r§7§8+§b4 SkyBlock XP
22:19:16   §r§a§lREWARDS
22:19:16     §r§7§8+§b4 SkyBlock XP
22:19:51   §r§a§lREWARDS
22:19:51     §r§7§9Experience §7Exp Discount §a(-25%)
22:19:51     §r§7§8+§b4 SkyBlock XP
22:24:23   §r§a§lREWARDS
22:24:23     §r§7§8+§b4 SkyBlock XP
22:24:31   §r§a§lREWARDS
22:24:31     §r§7§8+§b4 SkyBlock XP
22:25:44   §r§a§lREWARDS
22:25:44     §r§7§8+§b4 SkyBlock XP
22:26:43   §r§a§lREWARDS
22:26:43     §r§7§aSmall Accessory Bag
22:26:43     §r§7§8+§b4 SkyBlock XP
22:29:30   §r§a§lREWARDS
22:29:30     §r§7§9Efficiency §7Exp Discount §a(-25%)
22:29:30     §r§7§8+§b4 SkyBlock XP
22:33:47   §r§a§lREWARDS
22:33:47     §r§7§8+§b4 SkyBlock XP
22:38:06   §r§a§lREWARDS
22:38:06     §r§7§8+§b4 SkyBlock XP
22:38:27   §r§a§lREWARDS
22:38:27     §r§7§8+§b4 SkyBlock XP
22:39:33   §r§a§lREWARDS
22:39:33     §r§7§8+§b4 SkyBlock XP
22:50:14   §r§a§lREWARDS
22:50:14     §r§7§8+§b4 SkyBlock XP
22:51:25   §r§a§lREWARDS
22:51:25     §r§7§8+§b4 SkyBlock XP
22:51:25     §r§7§8+§b4 SkyBlock XP
22:52:00   §r§a§lREWARDS
22:52:00     §r§7§8+§b4 SkyBlock XP
23:08:35   §r§a§lREWARDS
23:08:35     §r§7§aQuiver
23:08:35     §r§7§8+§b4 SkyBlock XP
23:13:37   §r§a§lREWARDS
23:13:37     §r§7§8+§b4 SkyBlock XP
23:18:13   §r§a§lREWARDS
23:18:13     §r§7§8+§b4 SkyBlock XP
23:24:36   §r§a§lREWARDS
23:24:36     §r§7§8+§b4 SkyBlock XP
23:26:05   §r§a§lREWARDS
23:26:05     §r§7§9Execute §7Exp Discount §a(-25%)
23:26:05     §r§7§8+§b4 SkyBlock XP
23:27:03   §r§a§lREWARDS
23:27:03     §r§7§8+§b4 SkyBlock XP
23:30:19   §r§a§lREWARDS
23:30:19     §r§7§8+§b4 SkyBlock XP
23:35:24   §r§a§lREWARDS
23:35:24     §r§7§8+§b4 SkyBlock XP
00:32:58   §r§a§lREWARDS
00:32:58     §r§7§8+§b4 SkyBlock XP
01:08:31   §r§a§lREWARDS
01:08:31     §r§7§8+§b4 SkyBlock XP
01:10:19   §r§a§lREWARDS
01:10:19     §r§7§8+§b4 SkyBlock XP
01:15:28   §r§a§lREWARDS
01:15:28     §r§7§8+§b4 SkyBlock XP
01:28:17   §r§a§lREWARDS
01:28:17     §r§7§8+§b4 SkyBlock XP
01:42:20   §r§a§lREWARDS
01:42:20     §r§7§8+§b4 SkyBlock XP
02:08:45   §r§a§lREWARDS
02:08:45     §r§7§8+§b4 SkyBlock XP
02:25:56   §r§a§lREWARDS
02:25:56     §r§7§8+§b4 SkyBlock XP
