21:02:27 §a§lBUFF! §fYou have gained §r§9Speed III§r§f! Press TAB or type /effects to view your active effects!
21:02:27 §a§lBUFF! §fYou have gained §r§aRabbit I§r§f! Press TAB or type /effects to view your active effects!
21:02:27 §a§lBUFF! §fYou have gained §r§6Absorption III§r§f! Press TAB or type /effects to view your active effects!
21:02:27 §a§lBUFF! §fYou have gained §r§bMagic Find I§r§f! Press TAB or type /effects to view your active effects!
21:02:28 §a§lBUFF! §fYou have gained §r§bArchery I§r§f! Press TAB or type /effects to view your active effects!
21:02:28 §a§lBUFF! §fYou have gained §r§bPet Luck I§r§f! Press TAB or type /effects to view your active effects!
21:02:29 §a§lBUFF! §fYou have gained §r§9Water Breathing I§r§f! Press TAB or type /effects to view your active effects!
21:02:29 §a§lBUFF! §fYou have gained §r§4Regeneration II§r§f! Press TAB or type /effects to view your active effects!
21:02:29 §a§lBUFF! §fYou have gained §r§cAdrenaline III§r§f! Press TAB or type /effects to view your active effects!
21:02:30 §a§lBUFF! §fYou have gained §r§9Dodge I§r§f! Press TAB or type /effects to view your active effects!
21:02:30 §a§lBUFF! §fYou have gained §r§cFire Resistance I§r§f! Press TAB or type /effects to view your active effects!
21:02:30 §a§lBUFF! §fYou have gained §r§aResistance III§r§f! Press TAB or type /effects to view your active effects!
21:02:31 §a§lBUFF! §fYou have gained §r§4Strength III§r§f! Press TAB or type /effects to view your active effects!
21:02:31 §a§lBUFF! §fYou have gained §r§9Experience II§r§f! Press TAB or type /effects to view your active effects!
21:02:31 §a§lBUFF! §fYou have gained §r§9Mana III§r§f! Press TAB or type /effects to view your active effects!
21:02:32 §a§lBUFF! §fYou have gained §r§eHaste I§r§f! Press TAB or type /effects to view your active effects!
21:02:32 §a§lBUFF! §fYou have gained §r§5Night Vision I§r§f! Press TAB or type /effects to view your active effects!
21:02:33 §a§lBUFF! §fYou have gained §r§4Critical I§r§f! Press TAB or type /effects to view your active effects!
01:06:54 §a§lBUFF! §fYou splashed yourself with §r§eHaste III§r§f! Press TAB or type /effects to view your active effects!
02:33:08 §a§lBUFF! §fYou have gained §r§9Water Breathing I§r§f! Press TAB or type /effects to view your active effects!
02:33:08 §a§lBUFF! §fYou have gained §r§bMagic Find I§r§f! Press TAB or type /effects to view your active effects!
02:33:08 §a§lBUFF! §fYou have gained §r§9Speed III§r§f! Press TAB or type /effects to view your active effects!
02:33:09 §a§lBUFF! §fYou have gained §r§9Experience II§r§f! Press TAB or type /effects to view your active effects!
02:33:09 §a§lBUFF! §fYou have gained §r§9Dodge I§r§f! Press TAB or type /effects to view your active effects!
02:33:10 §a§lBUFF! §fYou have gained §r§bArchery I§r§f! Press TAB or type /effects to view your active effects!
02:33:10 §a§lBUFF! §fYou have gained §r§9Mana III§r§f! Press TAB or type /effects to view your active effects!
02:33:10 §a§lBUFF! §fYou have gained §r§4Strength III§r§f! Press TAB or type /effects to view your active effects!
02:33:11 §a§lBUFF! §fYou have gained §r§5Night Vision I§r§f! Press TAB or type /effects to view your active effects!
02:33:11 §a§lBUFF! §fYou have gained §r§6Absorption III§r§f! Press TAB or type /effects to view your active effects!
02:33:11 §a§lBUFF! §fYou have gained §r§aResistance III§r§f! Press TAB or type /effects to view your active effects!
02:33:12 §a§lBUFF! §fYou have gained §r§4Regeneration II§r§f! Press TAB or type /effects to view your active effects!
02:33:12 §a§lBUFF! §fYou have gained §r§eHaste I§r§f! Press TAB or type /effects to view your active effects!
02:33:12 §a§lBUFF! §fYou have gained §r§aRabbit I§r§f! Press TAB or type /effects to view your active effects!
02:33:13 §a§lBUFF! §fYou have gained §r§4Critical I§r§f! Press TAB or type /effects to view your active effects!
02:33:13 §a§lBUFF! §fYou have gained §r§cAdrenaline III§r§f! Press TAB or type /effects to view your active effects!
02:33:13 §a§lBUFF! §fYou have gained §r§cFire Resistance I§r§f! Press TAB or type /effects to view your active effects!
02:33:14 §a§lBUFF! §fYou have gained §r§bPet Luck I§r§f! Press TAB or type /effects to view your active effects!
