16:35:37 §7Sending to server mini196AF...
16:39:52 §7Sending to server mini66K...
16:40:10 §7Warping...
16:43:05 §7Warping...
16:49:08 §7Warping...
16:56:16 §7Warping...
16:58:47 §7Warping...
17:02:11 §7Warping...
17:04:05 §7Sending to server mini91N...
17:11:16 §7Sending to server mini10AU...
17:15:21 §7Warping...
17:15:55 §7Sending to server mini92DF...
17:22:55 §7Sending to server mini25M...
17:24:07 §7Warping you to your SkyBlock island...
17:24:08 §7Sending to server mini83AT...
17:27:05 §7Warping...
17:27:05 §7Sending to server mini9CA...
17:27:07 §7Warping...
17:36:54 §7Sending to server mini77DP...
17:37:05 §7Finding player...
17:37:06 §7Sending a visit request...
17:37:07 §7Sending to server mini195DR...
17:37:13 §7Sending to server mini10V...
17:37:22 §7Warping you to your SkyBlock island...
17:37:22 §7Sending to server mini157DN...
17:37:53 §7Sending to server mini95AS...
17:39:01 §7Sending to server mega15A...
17:39:12 §7Finding player...
17:39:13 §7Sending a visit request...
17:39:13 §7Sending to server mini195DR...
17:39:28 §7Sending to server mini86BS...
17:39:45 §7Warping you to your SkyBlock island...
17:39:46 §7Sending to server mini157DG...
