17:28:31 Trying to load config from config\skyhanni\config.json
17:28:31 load-config-now
17:28:32 Loaded config from file
17:28:32 Trying to load sacks from config\skyhanni\sacks.json
17:28:32 load-sacks-now
17:28:32 Loaded sacks from file
17:28:32 Trying to load friends from config\skyhanni\friends.json
17:28:32 load-friends-now
17:28:32 Loaded friends from file
17:28:32 Trying to load known_features from config\skyhanni\known_features.json
17:28:32 load-known_features-now
17:28:32 Loaded known_features from file
17:28:32 Trying to load jacob_contests from config\skyhanni\jacob_contests.json
17:28:32 load-jacob_contests-now
17:28:32 Loaded jacob_contests from file
17:28:32 Trying to load visual_words from config\skyhanni\visual_words.json
17:28:32 Setting visual_words to be blank as it did not exist. It will be saved once something is written to it
17:29:32 saveConfig: auto-save-60s
17:29:32 Saving config file
17:29:32 Saved config file successfully
17:29:32 saveConfig: auto-save-60s
17:29:32 Saving config file
17:29:32 Saved config file successfully
17:30:32 saveConfig: auto-save-60s
17:30:32 Saving config file
17:30:32 Saved config file successfully
17:30:32 saveConfig: auto-save-60s
17:30:32 Saving config file
17:30:32 Saved config file successfully
17:31:32 saveConfig: auto-save-60s
17:31:32 Saving config file
17:31:32 Saved config file successfully
17:31:32 saveConfig: auto-save-60s
17:31:32 Saving config file
17:31:32 Saved config file successfully
17:32:32 saveConfig: auto-save-60s
17:32:32 Saving config file
17:32:32 Saved config file successfully
17:32:32 saveConfig: auto-save-60s
17:32:32 Saving config file
17:32:32 Saved config file successfully
17:33:32 saveConfig: auto-save-60s
17:33:32 Saving config file
17:33:32 Saved config file successfully
17:33:32 saveConfig: auto-save-60s
17:33:32 Saving config file
17:33:32 Saved config file successfully
17:34:23 saveConfig: Updated known feature flags
17:34:23 Saving known_features file
17:34:23 Saved known_features file successfully
17:34:23 saveConfig: Updated known feature flags
17:34:23 Saving known_features file
17:34:23 Saved known_features file successfully
17:34:32 saveConfig: auto-save-60s
17:34:32 Saving config file
17:34:32 Saved config file successfully
17:34:32 saveConfig: auto-save-60s
17:34:32 Saving config file
17:34:32 Saved config file successfully
17:35:32 saveConfig: auto-save-60s
17:35:32 Saving config file
17:35:32 Saved config file successfully
17:35:32 saveConfig: auto-save-60s
17:35:32 Saving config file
17:35:32 Saved config file successfully
17:36:32 saveConfig: auto-save-60s
17:36:32 Saving config file
17:36:32 Saved config file successfully
17:36:32 saveConfig: auto-save-60s
17:36:32 Saving config file
17:36:32 Saved config file successfully
17:37:32 saveConfig: auto-save-60s
17:37:32 Saving config file
17:37:32 Saved config file successfully
17:37:32 saveConfig: auto-save-60s
17:37:32 Saving config file
17:37:32 Saved config file successfully
17:38:32 saveConfig: auto-save-60s
17:38:32 Saving config file
17:38:32 Saved config file successfully
17:38:32 saveConfig: auto-save-60s
17:38:32 Saving config file
17:38:32 Saved config file successfully
17:39:32 saveConfig: auto-save-60s
17:39:32 Saving config file
17:39:32 Saved config file successfully
17:39:32 saveConfig: auto-save-60s
17:39:32 Saving config file
17:39:32 Saved config file successfully
17:40:32 saveConfig: auto-save-60s
17:40:32 Saving config file
17:40:32 Saved config file successfully
17:40:32 saveConfig: auto-save-60s
17:40:32 Saving config file
17:40:32 Saved config file successfully
17:41:32 saveConfig: auto-save-60s
17:41:32 Saving config file
17:41:32 Saved config file successfully
17:41:32 saveConfig: auto-save-60s
17:41:32 Saving config file
17:41:32 Saved config file successfully
17:42:32 saveConfig: auto-save-60s
17:42:32 Saving config file
17:42:32 Saved config file successfully
17:42:32 saveConfig: auto-save-60s
17:42:32 Saving config file
17:42:32 Saved config file successfully
17:43:32 saveConfig: auto-save-60s
17:43:32 Saving config file
17:43:32 Saved config file successfully
17:43:32 saveConfig: auto-save-60s
17:43:32 Saving config file
17:43:32 Saved config file successfully
17:44:32 saveConfig: auto-save-60s
17:44:32 Saving config file
17:44:32 Saved config file successfully
17:44:32 saveConfig: auto-save-60s
17:44:32 Saving config file
17:44:32 Saved config file successfully
17:45:32 saveConfig: auto-save-60s
17:45:32 Saving config file
17:45:32 Saved config file successfully
17:45:32 saveConfig: auto-save-60s
17:45:32 Saving config file
17:45:32 Saved config file successfully
17:46:32 saveConfig: auto-save-60s
17:46:32 Saving config file
17:46:32 Saved config file successfully
17:46:32 saveConfig: auto-save-60s
17:46:32 Saving config file
17:46:32 Saved config file successfully
17:47:32 saveConfig: auto-save-60s
17:47:32 Saving config file
17:47:32 Saved config file successfully
17:47:32 saveConfig: auto-save-60s
17:47:32 Saving config file
17:47:32 Saved config file successfully
17:48:32 saveConfig: auto-save-60s
17:48:32 Saving config file
17:48:32 Saved config file successfully
17:48:32 saveConfig: auto-save-60s
17:48:32 Saving config file
17:48:32 Saved config file successfully
17:49:32 saveConfig: auto-save-60s
17:49:32 Saving config file
17:49:32 Saved config file successfully
17:49:32 saveConfig: auto-save-60s
17:49:32 Saving config file
17:49:32 Saved config file successfully
17:50:32 saveConfig: auto-save-60s
17:50:32 Saving config file
17:50:32 Saved config file successfully
17:50:32 saveConfig: auto-save-60s
17:50:32 Saving config file
17:50:32 Saved config file successfully
17:51:32 saveConfig: auto-save-60s
17:51:32 Saving config file
17:51:32 Saved config file successfully
17:51:32 saveConfig: auto-save-60s
17:51:32 Saving config file
17:51:32 Saved config file successfully
17:52:32 saveConfig: auto-save-60s
17:52:32 Saving config file
17:52:32 Saved config file successfully
17:52:32 saveConfig: auto-save-60s
17:52:32 Saving config file
17:52:32 Saved config file successfully
17:53:32 saveConfig: auto-save-60s
17:53:32 Saving config file
17:53:32 Saved config file successfully
17:53:32 saveConfig: auto-save-60s
17:53:32 Saving config file
17:53:32 Saved config file successfully
17:54:32 saveConfig: auto-save-60s
17:54:32 Saving config file
17:54:32 Saved config file successfully
17:54:32 saveConfig: auto-save-60s
17:54:32 Saving config file
17:54:32 Saved config file successfully
17:55:32 saveConfig: auto-save-60s
17:55:32 Saving config file
17:55:32 Saved config file successfully
17:55:32 saveConfig: auto-save-60s
17:55:32 Saving config file
17:55:32 Saved config file successfully
17:56:32 saveConfig: auto-save-60s
17:56:32 Saving config file
17:56:32 Saved config file successfully
17:56:32 saveConfig: auto-save-60s
17:56:32 Saving config file
17:56:32 Saved config file successfully
17:57:32 saveConfig: auto-save-60s
17:57:32 Saving config file
17:57:32 Saved config file successfully
17:57:32 saveConfig: auto-save-60s
17:57:32 Saving config file
17:57:32 Saved config file successfully
17:58:32 saveConfig: auto-save-60s
17:58:32 Saving config file
17:58:32 Saved config file successfully
17:58:32 saveConfig: auto-save-60s
17:58:32 Saving config file
17:58:32 Saved config file successfully
17:59:32 saveConfig: auto-save-60s
17:59:32 Saving config file
17:59:32 Saved config file successfully
17:59:32 saveConfig: auto-save-60s
17:59:32 Saving config file
17:59:32 Saved config file successfully
18:00:32 saveConfig: auto-save-60s
18:00:32 Saving config file
18:00:32 Saved config file successfully
18:00:32 saveConfig: auto-save-60s
18:00:32 Saving config file
18:00:32 Saved config file successfully
18:01:32 saveConfig: auto-save-60s
18:01:32 Saving config file
18:01:32 Saved config file successfully
18:01:32 saveConfig: auto-save-60s
18:01:32 Saving config file
18:01:32 Saved config file successfully
18:02:32 saveConfig: auto-save-60s
18:02:32 Saving config file
18:02:32 Saved config file successfully
18:02:32 saveConfig: auto-save-60s
18:02:32 Saving config file
18:02:32 Saved config file successfully
18:03:32 saveConfig: auto-save-60s
18:03:32 Saving config file
18:03:32 Saved config file successfully
18:03:32 saveConfig: auto-save-60s
18:03:32 Saving config file
18:03:32 Saved config file successfully
18:04:32 saveConfig: auto-save-60s
18:04:32 Saving config file
18:04:32 Saved config file successfully
18:04:32 saveConfig: auto-save-60s
18:04:32 Saving config file
18:04:32 Saved config file successfully
18:05:32 saveConfig: auto-save-60s
18:05:32 Saving config file
18:05:32 Saved config file successfully
18:05:32 saveConfig: auto-save-60s
18:05:32 Saving config file
18:05:32 Saved config file successfully
18:06:32 saveConfig: auto-save-60s
18:06:32 Saving config file
18:06:32 Saved config file successfully
18:06:32 saveConfig: auto-save-60s
18:06:32 Saving config file
18:06:32 Saved config file successfully
18:07:32 saveConfig: auto-save-60s
18:07:32 Saving config file
18:07:32 Saved config file successfully
18:07:32 saveConfig: auto-save-60s
18:07:32 Saving config file
18:07:32 Saved config file successfully
18:08:32 saveConfig: auto-save-60s
18:08:32 Saving config file
18:08:32 Saved config file successfully
18:08:32 saveConfig: auto-save-60s
18:08:32 Saving config file
18:08:32 Saved config file successfully
18:09:32 saveConfig: auto-save-60s
18:09:32 Saving config file
18:09:32 Saved config file successfully
18:09:32 saveConfig: auto-save-60s
18:09:32 Saving config file
18:09:32 Saved config file successfully
18:10:32 saveConfig: auto-save-60s
18:10:32 Saving config file
18:10:32 Saved config file successfully
18:10:32 saveConfig: auto-save-60s
18:10:32 Saving config file
18:10:32 Saved config file successfully
18:11:32 saveConfig: auto-save-60s
18:11:32 Saving config file
18:11:32 Saved config file successfully
18:11:32 saveConfig: auto-save-60s
18:11:32 Saving config file
18:11:32 Saved config file successfully
18:12:32 saveConfig: auto-save-60s
18:12:32 Saving config file
18:12:32 Saved config file successfully
18:12:32 saveConfig: auto-save-60s
18:12:32 Saving config file
18:12:32 Saved config file successfully
18:13:32 saveConfig: auto-save-60s
18:13:32 Saving config file
18:13:32 Saved config file successfully
18:13:32 saveConfig: auto-save-60s
18:13:32 Saving config file
18:13:32 Saved config file successfully
18:14:32 saveConfig: auto-save-60s
18:14:32 Saving config file
18:14:32 Saved config file successfully
18:14:32 saveConfig: auto-save-60s
18:14:32 Saving config file
18:14:32 Saved config file successfully
18:15:32 saveConfig: auto-save-60s
18:15:32 Saving config file
18:15:32 Saved config file successfully
18:15:32 saveConfig: auto-save-60s
18:15:32 Saving config file
18:15:32 Saved config file successfully
18:16:32 saveConfig: auto-save-60s
18:16:32 Saving config file
18:16:32 Saved config file successfully
18:16:32 saveConfig: auto-save-60s
18:16:32 Saving config file
18:16:32 Saved config file successfully
18:17:32 saveConfig: auto-save-60s
18:17:32 Saving config file
18:17:32 Saved config file successfully
18:17:32 saveConfig: auto-save-60s
18:17:32 Saving config file
18:17:32 Saved config file successfully
18:18:32 saveConfig: auto-save-60s
18:18:32 Saving config file
18:18:32 Saved config file successfully
18:18:32 saveConfig: auto-save-60s
18:18:32 Saving config file
18:18:32 Saved config file successfully
18:19:32 saveConfig: auto-save-60s
18:19:32 Saving config file
18:19:32 Saved config file successfully
18:19:32 saveConfig: auto-save-60s
18:19:32 Saving config file
18:19:32 Saved config file successfully
18:20:32 saveConfig: auto-save-60s
18:20:32 Saving config file
18:20:32 Saved config file successfully
18:20:32 saveConfig: auto-save-60s
18:20:32 Saving config file
18:20:32 Saved config file successfully
18:21:32 saveConfig: auto-save-60s
18:21:32 Saving config file
18:21:32 Saved config file successfully
18:21:32 saveConfig: auto-save-60s
18:21:32 Saving config file
18:21:32 Saved config file successfully
18:22:32 saveConfig: auto-save-60s
18:22:32 Saving config file
18:22:32 Saved config file successfully
18:22:32 saveConfig: auto-save-60s
18:22:32 Saving config file
18:22:32 Saved config file successfully
18:23:32 saveConfig: auto-save-60s
18:23:32 Saving config file
18:23:32 Saved config file successfully
18:23:32 saveConfig: auto-save-60s
18:23:32 Saving config file
18:23:32 Saved config file successfully
18:24:32 saveConfig: auto-save-60s
18:24:32 Saving config file
18:24:32 Saved config file successfully
18:24:32 saveConfig: auto-save-60s
18:24:32 Saving config file
18:24:32 Saved config file successfully
18:25:32 saveConfig: auto-save-60s
18:25:32 Saving config file
18:25:32 Saved config file successfully
18:25:32 saveConfig: auto-save-60s
18:25:32 Saving config file
18:25:32 Saved config file successfully
18:26:32 saveConfig: auto-save-60s
18:26:32 Saving config file
18:26:32 Saved config file successfully
18:26:32 saveConfig: auto-save-60s
18:26:32 Saving config file
18:26:32 Saved config file successfully
18:27:32 saveConfig: auto-save-60s
18:27:32 Saving config file
18:27:32 Saved config file successfully
18:27:32 saveConfig: auto-save-60s
18:27:32 Saving config file
18:27:32 Saved config file successfully
18:28:32 saveConfig: auto-save-60s
18:28:32 Saving config file
18:28:32 Saved config file successfully
18:28:32 saveConfig: auto-save-60s
18:28:32 Saving config file
18:28:32 Saved config file successfully
18:29:32 saveConfig: auto-save-60s
18:29:32 Saving config file
18:29:32 Saved config file successfully
18:29:32 saveConfig: auto-save-60s
18:29:32 Saving config file
18:29:32 Saved config file successfully
18:30:24 saveConfig: Save file
18:30:24 Saving friends file
18:30:24 Saved friends file successfully
18:30:24 saveConfig: Save file
18:30:24 Saving friends file
18:30:24 Saved friends file successfully
18:30:32 saveConfig: auto-save-60s
18:30:32 Saving config file
18:30:32 Saved config file successfully
18:30:32 saveConfig: auto-save-60s
18:30:32 Saving config file
18:30:32 Saved config file successfully
18:31:32 saveConfig: auto-save-60s
18:31:32 Saving config file
18:31:32 Saved config file successfully
18:31:32 saveConfig: auto-save-60s
18:31:32 Saving config file
18:31:32 Saved config file successfully
18:32:32 saveConfig: auto-save-60s
18:32:32 Saving config file
18:32:32 Saved config file successfully
18:32:32 saveConfig: auto-save-60s
18:32:32 Saving config file
18:32:32 Saved config file successfully
18:33:32 saveConfig: auto-save-60s
18:33:32 Saving config file
18:33:32 Saved config file successfully
18:33:32 saveConfig: auto-save-60s
18:33:32 Saving config file
18:33:32 Saved config file successfully
18:34:32 saveConfig: auto-save-60s
18:34:32 Saving config file
18:34:32 Saved config file successfully
18:34:32 saveConfig: auto-save-60s
18:34:32 Saving config file
18:34:32 Saved config file successfully
18:35:32 saveConfig: auto-save-60s
18:35:32 Saving config file
18:35:32 Saved config file successfully
18:35:32 saveConfig: auto-save-60s
18:35:32 Saving config file
18:35:32 Saved config file successfully
18:36:32 saveConfig: auto-save-60s
18:36:32 Saving config file
18:36:32 Saved config file successfully
18:36:32 saveConfig: auto-save-60s
18:36:32 Saving config file
18:36:32 Saved config file successfully
18:37:32 saveConfig: auto-save-60s
18:37:32 Saving config file
18:37:32 Saved config file successfully
18:37:32 saveConfig: auto-save-60s
18:37:32 Saving config file
18:37:32 Saved config file successfully
18:38:32 saveConfig: auto-save-60s
18:38:32 Saving config file
18:38:32 Saved config file successfully
18:38:32 saveConfig: auto-save-60s
18:38:32 Saving config file
18:38:32 Saved config file successfully
18:39:32 saveConfig: auto-save-60s
18:39:32 Saving config file
18:39:32 Saved config file successfully
18:39:32 saveConfig: auto-save-60s
18:39:32 Saving config file
18:39:32 Saved config file successfully
18:40:32 saveConfig: auto-save-60s
18:40:32 Saving config file
18:40:32 Saved config file successfully
18:40:32 saveConfig: auto-save-60s
18:40:32 Saving config file
18:40:32 Saved config file successfully
18:41:32 saveConfig: auto-save-60s
18:41:32 Saving config file
18:41:32 Saved config file successfully
18:41:32 saveConfig: auto-save-60s
18:41:32 Saving config file
18:41:32 Saved config file successfully
18:42:32 saveConfig: auto-save-60s
18:42:32 Saving config file
18:42:32 Saved config file successfully
18:42:32 saveConfig: auto-save-60s
18:42:32 Saving config file
18:42:32 Saved config file successfully
18:43:32 saveConfig: auto-save-60s
18:43:32 Saving config file
18:43:32 Saved config file successfully
18:43:32 saveConfig: auto-save-60s
18:43:32 Saving config file
18:43:32 Saved config file successfully
18:44:32 saveConfig: auto-save-60s
18:44:32 Saving config file
18:44:32 Saved config file successfully
18:44:32 saveConfig: auto-save-60s
18:44:32 Saving config file
18:44:32 Saved config file successfully
18:45:32 saveConfig: auto-save-60s
18:45:32 Saving config file
18:45:32 Saved config file successfully
18:45:32 saveConfig: auto-save-60s
18:45:32 Saving config file
18:45:32 Saved config file successfully
18:46:32 saveConfig: auto-save-60s
18:46:32 Saving config file
18:46:32 Saved config file successfully
18:46:32 saveConfig: auto-save-60s
18:46:32 Saving config file
18:46:32 Saved config file successfully
18:47:32 saveConfig: auto-save-60s
18:47:32 Saving config file
18:47:32 Saved config file successfully
18:47:32 saveConfig: auto-save-60s
18:47:32 Saving config file
18:47:32 Saved config file successfully
18:48:32 saveConfig: auto-save-60s
18:48:32 Saving config file
18:48:32 Saved config file successfully
18:48:32 saveConfig: auto-save-60s
18:48:32 Saving config file
18:48:32 Saved config file successfully
18:49:32 saveConfig: auto-save-60s
18:49:32 Saving config file
18:49:32 Saved config file successfully
18:49:32 saveConfig: auto-save-60s
18:49:32 Saving config file
18:49:32 Saved config file successfully
18:50:32 saveConfig: auto-save-60s
18:50:32 Saving config file
18:50:32 Saved config file successfully
18:50:32 saveConfig: auto-save-60s
18:50:32 Saving config file
18:50:32 Saved config file successfully
18:51:32 saveConfig: auto-save-60s
18:51:32 Saving config file
18:51:32 Saved config file successfully
18:51:32 saveConfig: auto-save-60s
18:51:32 Saving config file
18:51:32 Saved config file successfully
18:52:32 saveConfig: auto-save-60s
18:52:32 Saving config file
18:52:32 Saved config file successfully
18:52:32 saveConfig: auto-save-60s
18:52:32 Saving config file
18:52:32 Saved config file successfully
18:53:32 saveConfig: auto-save-60s
18:53:32 Saving config file
18:53:32 Saved config file successfully
18:53:32 saveConfig: auto-save-60s
18:53:32 Saving config file
18:53:32 Saved config file successfully
18:54:32 saveConfig: auto-save-60s
18:54:32 Saving config file
18:54:32 Saved config file successfully
18:54:32 saveConfig: auto-save-60s
18:54:32 Saving config file
18:54:32 Saved config file successfully
18:55:32 saveConfig: auto-save-60s
18:55:32 Saving config file
18:55:32 Saved config file successfully
18:55:32 saveConfig: auto-save-60s
18:55:32 Saving config file
18:55:32 Saved config file successfully
18:56:32 saveConfig: auto-save-60s
18:56:32 Saving config file
18:56:32 Saved config file successfully
18:56:32 saveConfig: auto-save-60s
18:56:32 Saving config file
18:56:32 Saved config file successfully
18:57:32 saveConfig: auto-save-60s
18:57:32 Saving config file
18:57:32 Saved config file successfully
18:57:32 saveConfig: auto-save-60s
18:57:32 Saving config file
18:57:32 Saved config file successfully
18:58:32 saveConfig: auto-save-60s
18:58:32 Saving config file
18:58:32 Saved config file successfully
18:58:32 saveConfig: auto-save-60s
18:58:32 Saving config file
18:58:32 Saved config file successfully
18:59:32 saveConfig: auto-save-60s
18:59:32 Saving config file
18:59:32 Saved config file successfully
18:59:32 saveConfig: auto-save-60s
18:59:32 Saving config file
18:59:32 Saved config file successfully
19:00:32 saveConfig: auto-save-60s
19:00:32 Saving config file
19:00:32 Saved config file successfully
19:00:32 saveConfig: auto-save-60s
19:00:32 Saving config file
19:00:32 Saved config file successfully
19:01:32 saveConfig: auto-save-60s
19:01:32 Saving config file
19:01:32 Saved config file successfully
19:01:32 saveConfig: auto-save-60s
19:01:32 Saving config file
19:01:32 Saved config file successfully
19:02:32 saveConfig: auto-save-60s
19:02:32 Saving config file
19:02:32 Saved config file successfully
19:02:32 saveConfig: auto-save-60s
19:02:32 Saving config file
19:02:32 Saved config file successfully
19:03:32 saveConfig: auto-save-60s
19:03:32 Saving config file
19:03:32 Saved config file successfully
19:03:32 saveConfig: auto-save-60s
19:03:32 Saving config file
19:03:32 Saved config file successfully
19:04:32 saveConfig: auto-save-60s
19:04:32 Saving config file
19:04:32 Saved config file successfully
19:04:32 saveConfig: auto-save-60s
19:04:32 Saving config file
19:04:32 Saved config file successfully
19:05:32 saveConfig: auto-save-60s
19:05:32 Saving config file
19:05:32 Saved config file successfully
19:05:32 saveConfig: auto-save-60s
19:05:32 Saving config file
19:05:32 Saved config file successfully
19:06:32 saveConfig: auto-save-60s
19:06:32 Saving config file
19:06:32 Saved config file successfully
19:06:32 saveConfig: auto-save-60s
19:06:32 Saving config file
19:06:32 Saved config file successfully
19:07:32 saveConfig: auto-save-60s
19:07:32 Saving config file
19:07:32 Saved config file successfully
19:07:32 saveConfig: auto-save-60s
19:07:32 Saving config file
19:07:32 Saved config file successfully
19:08:32 saveConfig: auto-save-60s
19:08:32 Saving config file
19:08:32 Saved config file successfully
19:08:32 saveConfig: auto-save-60s
19:08:32 Saving config file
19:08:32 Saved config file successfully
19:09:32 saveConfig: auto-save-60s
19:09:32 Saving config file
19:09:32 Saved config file successfully
19:09:32 saveConfig: auto-save-60s
19:09:32 Saving config file
19:09:32 Saved config file successfully
19:10:32 saveConfig: auto-save-60s
19:10:32 Saving config file
19:10:32 Saved config file successfully
19:10:32 saveConfig: auto-save-60s
19:10:32 Saving config file
19:10:32 Saved config file successfully
19:11:32 saveConfig: auto-save-60s
19:11:32 Saving config file
19:11:32 Saved config file successfully
19:11:32 saveConfig: auto-save-60s
19:11:32 Saving config file
19:11:32 Saved config file successfully
19:12:32 saveConfig: auto-save-60s
19:12:32 Saving config file
19:12:32 Saved config file successfully
19:12:32 saveConfig: auto-save-60s
19:12:32 Saving config file
19:12:32 Saved config file successfully
19:13:32 saveConfig: auto-save-60s
19:13:32 Saving config file
19:13:32 Saved config file successfully
19:13:32 saveConfig: auto-save-60s
19:13:32 Saving config file
19:13:32 Saved config file successfully
19:14:32 saveConfig: auto-save-60s
19:14:32 Saving config file
19:14:32 Saved config file successfully
19:14:32 saveConfig: auto-save-60s
19:14:32 Saving config file
19:14:32 Saved config file successfully
19:15:32 saveConfig: auto-save-60s
19:15:32 Saving config file
19:15:32 Saved config file successfully
19:15:32 saveConfig: auto-save-60s
19:15:32 Saving config file
19:15:32 Saved config file successfully
19:16:32 saveConfig: auto-save-60s
19:16:32 Saving config file
19:16:32 Saved config file successfully
19:16:32 saveConfig: auto-save-60s
19:16:32 Saving config file
19:16:32 Saved config file successfully
19:17:32 saveConfig: auto-save-60s
19:17:32 Saving config file
19:17:32 Saved config file successfully
19:17:32 saveConfig: auto-save-60s
19:17:32 Saving config file
19:17:32 Saved config file successfully
19:18:32 saveConfig: auto-save-60s
19:18:32 Saving config file
19:18:32 Saved config file successfully
19:18:32 saveConfig: auto-save-60s
19:18:32 Saving config file
19:18:32 Saved config file successfully
19:19:32 saveConfig: auto-save-60s
19:19:32 Saving config file
19:19:32 Saved config file successfully
19:19:32 saveConfig: auto-save-60s
19:19:32 Saving config file
19:19:32 Saved config file successfully
19:20:32 saveConfig: auto-save-60s
19:20:32 Saving config file
19:20:32 Saved config file successfully
19:20:32 saveConfig: auto-save-60s
19:20:32 Saving config file
19:20:32 Saved config file successfully
19:21:32 saveConfig: auto-save-60s
19:21:32 Saving config file
19:21:32 Saved config file successfully
19:21:32 saveConfig: auto-save-60s
19:21:32 Saving config file
19:21:32 Saved config file successfully
19:22:32 saveConfig: auto-save-60s
19:22:32 Saving config file
19:22:32 Saved config file successfully
19:22:32 saveConfig: auto-save-60s
19:22:32 Saving config file
19:22:32 Saved config file successfully
19:23:32 saveConfig: auto-save-60s
19:23:32 Saving config file
19:23:32 Saved config file successfully
19:23:32 saveConfig: auto-save-60s
19:23:32 Saving config file
19:23:32 Saved config file successfully
19:24:32 saveConfig: auto-save-60s
19:24:32 Saving config file
19:24:32 Saved config file successfully
19:24:32 saveConfig: auto-save-60s
19:24:32 Saving config file
19:24:32 Saved config file successfully
19:25:32 saveConfig: auto-save-60s
19:25:32 Saving config file
19:25:32 Saved config file successfully
19:25:32 saveConfig: auto-save-60s
19:25:32 Saving config file
19:25:32 Saved config file successfully
19:26:32 saveConfig: auto-save-60s
19:26:32 Saving config file
19:26:32 Saved config file successfully
19:26:32 saveConfig: auto-save-60s
19:26:32 Saving config file
19:26:32 Saved config file successfully
19:27:32 saveConfig: auto-save-60s
19:27:32 Saving config file
19:27:32 Saved config file successfully
19:27:32 saveConfig: auto-save-60s
19:27:32 Saving config file
19:27:32 Saved config file successfully
19:28:32 saveConfig: auto-save-60s
19:28:32 Saving config file
19:28:32 Saved config file successfully
19:28:32 saveConfig: auto-save-60s
19:28:32 Saving config file
19:28:32 Saved config file successfully
19:29:32 saveConfig: auto-save-60s
19:29:32 Saving config file
19:29:32 Saved config file successfully
19:29:32 saveConfig: auto-save-60s
19:29:32 Saving config file
19:29:32 Saved config file successfully
19:30:32 saveConfig: auto-save-60s
19:30:32 Saving config file
19:30:32 Saved config file successfully
19:30:32 saveConfig: auto-save-60s
19:30:32 Saving config file
19:30:32 Saved config file successfully
19:31:32 saveConfig: auto-save-60s
19:31:32 Saving config file
19:31:32 Saved config file successfully
19:31:32 saveConfig: auto-save-60s
19:31:32 Saving config file
19:31:32 Saved config file successfully
19:32:32 saveConfig: auto-save-60s
19:32:32 Saving config file
19:32:32 Saved config file successfully
19:32:32 saveConfig: auto-save-60s
19:32:32 Saving config file
19:32:32 Saved config file successfully
19:33:32 saveConfig: auto-save-60s
19:33:32 Saving config file
19:33:32 Saved config file successfully
19:33:32 saveConfig: auto-save-60s
19:33:32 Saving config file
19:33:32 Saved config file successfully
19:34:32 saveConfig: auto-save-60s
19:34:32 Saving config file
19:34:32 Saved config file successfully
19:34:32 saveConfig: auto-save-60s
19:34:32 Saving config file
19:34:32 Saved config file successfully
19:35:32 saveConfig: auto-save-60s
19:35:32 Saving config file
19:35:32 Saved config file successfully
19:35:32 saveConfig: auto-save-60s
19:35:32 Saving config file
19:35:32 Saved config file successfully
19:36:32 saveConfig: auto-save-60s
19:36:32 Saving config file
19:36:32 Saved config file successfully
19:36:32 saveConfig: auto-save-60s
19:36:32 Saving config file
19:36:32 Saved config file successfully
19:37:32 saveConfig: auto-save-60s
19:37:32 Saving config file
19:37:32 Saved config file successfully
19:37:32 saveConfig: auto-save-60s
19:37:32 Saving config file
19:37:32 Saved config file successfully
19:38:32 saveConfig: auto-save-60s
19:38:32 Saving config file
19:38:32 Saved config file successfully
19:38:32 saveConfig: auto-save-60s
19:38:32 Saving config file
19:38:32 Saved config file successfully
19:39:32 saveConfig: auto-save-60s
19:39:32 Saving config file
19:39:32 Saved config file successfully
19:39:32 saveConfig: auto-save-60s
19:39:32 Saving config file
19:39:32 Saved config file successfully
19:40:32 saveConfig: auto-save-60s
19:40:32 Saving config file
19:40:32 Saved config file successfully
19:40:32 saveConfig: auto-save-60s
19:40:32 Saving config file
19:40:32 Saved config file successfully
19:41:32 saveConfig: auto-save-60s
19:41:32 Saving config file
19:41:32 Saved config file successfully
19:41:32 saveConfig: auto-save-60s
19:41:32 Saving config file
19:41:32 Saved config file successfully
19:42:32 saveConfig: auto-save-60s
19:42:32 Saving config file
19:42:32 Saved config file successfully
19:42:32 saveConfig: auto-save-60s
19:42:32 Saving config file
19:42:32 Saved config file successfully
19:43:32 saveConfig: auto-save-60s
19:43:32 Saving config file
19:43:32 Saved config file successfully
19:43:32 saveConfig: auto-save-60s
19:43:32 Saving config file
19:43:32 Saved config file successfully
19:44:32 saveConfig: auto-save-60s
19:44:32 Saving config file
19:44:32 Saved config file successfully
19:44:32 saveConfig: auto-save-60s
19:44:32 Saving config file
19:44:32 Saved config file successfully
19:45:32 saveConfig: auto-save-60s
19:45:32 Saving config file
19:45:32 Saved config file successfully
19:45:32 saveConfig: auto-save-60s
19:45:32 Saving config file
19:45:32 Saved config file successfully
19:46:32 saveConfig: auto-save-60s
19:46:32 Saving config file
19:46:32 Saved config file successfully
19:46:32 saveConfig: auto-save-60s
19:46:32 Saving config file
19:46:32 Saved config file successfully
19:47:32 saveConfig: auto-save-60s
19:47:32 Saving config file
19:47:32 Saved config file successfully
19:47:32 saveConfig: auto-save-60s
19:47:32 Saving config file
19:47:32 Saved config file successfully
19:48:32 saveConfig: auto-save-60s
19:48:32 Saving config file
19:48:32 Saved config file successfully
19:48:32 saveConfig: auto-save-60s
19:48:32 Saving config file
19:48:32 Saved config file successfully
19:49:32 saveConfig: auto-save-60s
19:49:32 Saving config file
19:49:32 Saved config file successfully
19:49:32 saveConfig: auto-save-60s
19:49:32 Saving config file
19:49:32 Saved config file successfully
19:50:32 saveConfig: auto-save-60s
19:50:32 Saving config file
19:50:32 Saved config file successfully
19:50:32 saveConfig: auto-save-60s
19:50:32 Saving config file
19:50:32 Saved config file successfully
19:51:32 saveConfig: auto-save-60s
19:51:32 Saving config file
19:51:32 Saved config file successfully
19:51:32 saveConfig: auto-save-60s
19:51:32 Saving config file
19:51:32 Saved config file successfully
19:52:32 saveConfig: auto-save-60s
19:52:32 Saving config file
19:52:32 Saved config file successfully
19:52:32 saveConfig: auto-save-60s
19:52:32 Saving config file
19:52:32 Saved config file successfully
19:53:32 saveConfig: auto-save-60s
19:53:32 Saving config file
19:53:32 Saved config file successfully
19:53:32 saveConfig: auto-save-60s
19:53:32 Saving config file
19:53:32 Saved config file successfully
19:54:32 saveConfig: auto-save-60s
19:54:32 Saving config file
19:54:32 Saved config file successfully
19:54:32 saveConfig: auto-save-60s
19:54:32 Saving config file
19:54:32 Saved config file successfully
19:55:32 saveConfig: auto-save-60s
19:55:32 Saving config file
19:55:32 Saved config file successfully
19:55:32 saveConfig: auto-save-60s
19:55:32 Saving config file
19:55:32 Saved config file successfully
19:56:32 saveConfig: auto-save-60s
19:56:32 Saving config file
19:56:32 Saved config file successfully
19:56:32 saveConfig: auto-save-60s
19:56:32 Saving config file
19:56:32 Saved config file successfully
19:57:32 saveConfig: auto-save-60s
19:57:32 Saving config file
19:57:32 Saved config file successfully
19:57:32 saveConfig: auto-save-60s
19:57:32 Saving config file
19:57:32 Saved config file successfully
19:58:32 saveConfig: auto-save-60s
19:58:32 Saving config file
19:58:32 Saved config file successfully
19:58:32 saveConfig: auto-save-60s
19:58:32 Saving config file
19:58:32 Saved config file successfully
19:59:32 saveConfig: auto-save-60s
19:59:32 Saving config file
19:59:32 Saved config file successfully
19:59:32 saveConfig: auto-save-60s
19:59:32 Saving config file
19:59:32 Saved config file successfully
20:00:32 saveConfig: auto-save-60s
20:00:32 Saving config file
20:00:32 Saved config file successfully
20:00:32 saveConfig: auto-save-60s
20:00:32 Saving config file
20:00:32 Saved config file successfully
20:01:32 saveConfig: auto-save-60s
20:01:32 Saving config file
20:01:32 Saved config file successfully
20:01:32 saveConfig: auto-save-60s
20:01:32 Saving config file
20:01:32 Saved config file successfully
20:02:32 saveConfig: auto-save-60s
20:02:32 Saving config file
20:02:32 Saved config file successfully
20:02:32 saveConfig: auto-save-60s
20:02:32 Saving config file
20:02:32 Saved config file successfully
20:03:32 saveConfig: auto-save-60s
20:03:32 Saving config file
20:03:32 Saved config file successfully
20:03:32 saveConfig: auto-save-60s
20:03:32 Saving config file
20:03:32 Saved config file successfully
20:04:32 saveConfig: auto-save-60s
20:04:32 Saving config file
20:04:32 Saved config file successfully
20:04:32 saveConfig: auto-save-60s
20:04:32 Saving config file
20:04:32 Saved config file successfully
20:05:32 saveConfig: auto-save-60s
20:05:32 Saving config file
20:05:32 Saved config file successfully
20:05:32 saveConfig: auto-save-60s
20:05:32 Saving config file
20:05:32 Saved config file successfully
20:06:32 saveConfig: auto-save-60s
20:06:32 Saving config file
20:06:32 Saved config file successfully
20:06:32 saveConfig: auto-save-60s
20:06:32 Saving config file
20:06:32 Saved config file successfully
20:07:32 saveConfig: auto-save-60s
20:07:32 Saving config file
20:07:32 Saved config file successfully
20:07:32 saveConfig: auto-save-60s
20:07:32 Saving config file
20:07:32 Saved config file successfully
20:08:32 saveConfig: auto-save-60s
20:08:32 Saving config file
20:08:32 Saved config file successfully
20:08:32 saveConfig: auto-save-60s
20:08:32 Saving config file
20:08:32 Saved config file successfully
20:09:32 saveConfig: auto-save-60s
20:09:32 Saving config file
20:09:32 Saved config file successfully
20:09:32 saveConfig: auto-save-60s
20:09:32 Saving config file
20:09:32 Saved config file successfully
20:10:32 saveConfig: auto-save-60s
20:10:32 Saving config file
20:10:32 Saved config file successfully
20:10:32 saveConfig: auto-save-60s
20:10:32 Saving config file
20:10:32 Saved config file successfully
20:11:32 saveConfig: auto-save-60s
20:11:32 Saving config file
20:11:32 Saved config file successfully
20:11:32 saveConfig: auto-save-60s
20:11:32 Saving config file
20:11:32 Saved config file successfully
20:12:32 saveConfig: auto-save-60s
20:12:32 Saving config file
20:12:32 Saved config file successfully
20:12:32 saveConfig: auto-save-60s
20:12:32 Saving config file
20:12:32 Saved config file successfully
20:12:41 saveConfig: Save file
20:12:41 Saving friends file
20:12:41 Saved friends file successfully
20:12:41 saveConfig: Save file
20:12:41 Saving friends file
20:12:41 Saved friends file successfully
20:13:32 saveConfig: auto-save-60s
20:13:32 Saving config file
20:13:32 Saved config file successfully
20:13:32 saveConfig: auto-save-60s
20:13:32 Saving config file
20:13:32 Saved config file successfully
20:14:32 saveConfig: auto-save-60s
20:14:32 Saving config file
20:14:32 Saved config file successfully
20:14:32 saveConfig: auto-save-60s
20:14:32 Saving config file
20:14:32 Saved config file successfully
20:15:32 saveConfig: auto-save-60s
20:15:32 Saving config file
20:15:32 Saved config file successfully
20:15:32 saveConfig: auto-save-60s
20:15:32 Saving config file
20:15:32 Saved config file successfully
20:16:32 saveConfig: auto-save-60s
20:16:32 Saving config file
20:16:32 Saved config file successfully
20:16:32 saveConfig: auto-save-60s
20:16:32 Saving config file
20:16:32 Saved config file successfully
20:17:32 saveConfig: auto-save-60s
20:17:32 Saving config file
20:17:32 Saved config file successfully
20:17:32 saveConfig: auto-save-60s
20:17:32 Saving config file
20:17:32 Saved config file successfully
20:18:32 saveConfig: auto-save-60s
20:18:32 Saving config file
20:18:32 Saved config file successfully
20:18:32 saveConfig: auto-save-60s
20:18:32 Saving config file
20:18:32 Saved config file successfully
20:19:32 saveConfig: auto-save-60s
20:19:32 Saving config file
20:19:32 Saved config file successfully
20:19:32 saveConfig: auto-save-60s
20:19:32 Saving config file
20:19:32 Saved config file successfully
20:20:32 saveConfig: auto-save-60s
20:20:32 Saving config file
20:20:32 Saved config file successfully
20:20:32 saveConfig: auto-save-60s
20:20:32 Saving config file
20:20:32 Saved config file successfully
20:21:32 saveConfig: auto-save-60s
20:21:32 Saving config file
20:21:32 Saved config file successfully
20:21:32 saveConfig: auto-save-60s
20:21:32 Saving config file
20:21:32 Saved config file successfully
20:22:32 saveConfig: auto-save-60s
20:22:32 Saving config file
20:22:32 Saved config file successfully
20:22:32 saveConfig: auto-save-60s
20:22:32 Saving config file
20:22:32 Saved config file successfully
20:23:32 saveConfig: auto-save-60s
20:23:32 Saving config file
20:23:32 Saved config file successfully
20:23:32 saveConfig: auto-save-60s
20:23:32 Saving config file
20:23:32 Saved config file successfully
20:24:32 saveConfig: auto-save-60s
20:24:32 Saving config file
20:24:32 Saved config file successfully
20:24:32 saveConfig: auto-save-60s
20:24:32 Saving config file
20:24:32 Saved config file successfully
20:25:32 saveConfig: auto-save-60s
20:25:32 Saving config file
20:25:32 Saved config file successfully
20:25:32 saveConfig: auto-save-60s
20:25:32 Saving config file
20:25:32 Saved config file successfully
20:26:32 saveConfig: auto-save-60s
20:26:32 Saving config file
20:26:32 Saved config file successfully
20:26:32 saveConfig: auto-save-60s
20:26:32 Saving config file
20:26:32 Saved config file successfully
20:27:32 saveConfig: auto-save-60s
20:27:32 Saving config file
20:27:32 Saved config file successfully
20:27:32 saveConfig: auto-save-60s
20:27:32 Saving config file
20:27:32 Saved config file successfully
20:28:32 saveConfig: auto-save-60s
20:28:32 Saving config file
20:28:32 Saved config file successfully
20:28:32 saveConfig: auto-save-60s
20:28:32 Saving config file
20:28:32 Saved config file successfully
20:29:32 saveConfig: auto-save-60s
20:29:32 Saving config file
20:29:32 Saved config file successfully
20:29:32 saveConfig: auto-save-60s
20:29:32 Saving config file
20:29:32 Saved config file successfully
20:30:32 saveConfig: auto-save-60s
20:30:32 Saving config file
20:30:32 Saved config file successfully
20:30:32 saveConfig: auto-save-60s
20:30:32 Saving config file
20:30:32 Saved config file successfully
20:31:32 saveConfig: auto-save-60s
20:31:32 Saving config file
20:31:32 Saved config file successfully
20:31:32 saveConfig: auto-save-60s
20:31:32 Saving config file
20:31:32 Saved config file successfully
20:32:32 saveConfig: auto-save-60s
20:32:32 Saving config file
20:32:32 Saved config file successfully
20:32:32 saveConfig: auto-save-60s
20:32:32 Saving config file
20:32:32 Saved config file successfully
20:33:32 saveConfig: auto-save-60s
20:33:32 Saving config file
20:33:32 Saved config file successfully
20:33:32 saveConfig: auto-save-60s
20:33:32 Saving config file
20:33:32 Saved config file successfully
20:34:32 saveConfig: auto-save-60s
20:34:32 Saving config file
20:34:32 Saved config file successfully
20:34:32 saveConfig: auto-save-60s
20:34:32 Saving config file
20:34:32 Saved config file successfully
20:35:32 saveConfig: auto-save-60s
20:35:32 Saving config file
20:35:32 Saved config file successfully
20:35:32 saveConfig: auto-save-60s
20:35:32 Saving config file
20:35:32 Saved config file successfully
20:36:32 saveConfig: auto-save-60s
20:36:32 Saving config file
20:36:32 Saved config file successfully
20:36:32 saveConfig: auto-save-60s
20:36:32 Saving config file
20:36:32 Saved config file successfully
20:37:32 saveConfig: auto-save-60s
20:37:32 Saving config file
20:37:32 Saved config file successfully
20:37:32 saveConfig: auto-save-60s
20:37:32 Saving config file
20:37:32 Saved config file successfully
20:38:32 saveConfig: auto-save-60s
20:38:32 Saving config file
20:38:32 Saved config file successfully
20:38:32 saveConfig: auto-save-60s
20:38:32 Saving config file
20:38:32 Saved config file successfully
20:39:32 saveConfig: auto-save-60s
20:39:32 Saving config file
20:39:32 Saved config file successfully
20:39:32 saveConfig: auto-save-60s
20:39:32 Saving config file
20:39:32 Saved config file successfully
20:40:32 saveConfig: auto-save-60s
20:40:32 Saving config file
20:40:32 Saved config file successfully
20:40:32 saveConfig: auto-save-60s
20:40:32 Saving config file
20:40:32 Saved config file successfully
20:41:32 saveConfig: auto-save-60s
20:41:32 Saving config file
20:41:32 Saved config file successfully
20:41:32 saveConfig: auto-save-60s
20:41:32 Saving config file
20:41:32 Saved config file successfully
20:42:32 saveConfig: auto-save-60s
20:42:32 Saving config file
20:42:32 Saved config file successfully
20:42:32 saveConfig: auto-save-60s
20:42:32 Saving config file
20:42:32 Saved config file successfully
20:43:32 saveConfig: auto-save-60s
20:43:32 Saving config file
20:43:32 Saved config file successfully
20:43:32 saveConfig: auto-save-60s
20:43:32 Saving config file
20:43:32 Saved config file successfully
20:44:32 saveConfig: auto-save-60s
20:44:32 Saving config file
20:44:32 Saved config file successfully
20:44:32 saveConfig: auto-save-60s
20:44:32 Saving config file
20:44:32 Saved config file successfully
20:45:32 saveConfig: auto-save-60s
20:45:32 Saving config file
20:45:32 Saved config file successfully
20:45:32 saveConfig: auto-save-60s
20:45:32 Saving config file
20:45:32 Saved config file successfully
20:46:32 saveConfig: auto-save-60s
20:46:32 Saving config file
20:46:32 Saved config file successfully
20:46:32 saveConfig: auto-save-60s
20:46:32 Saving config file
20:46:32 Saved config file successfully
20:47:32 saveConfig: auto-save-60s
20:47:32 Saving config file
20:47:32 Saved config file successfully
20:47:32 saveConfig: auto-save-60s
20:47:32 Saving config file
20:47:32 Saved config file successfully
20:48:32 saveConfig: auto-save-60s
20:48:32 Saving config file
20:48:32 Saved config file successfully
20:48:32 saveConfig: auto-save-60s
20:48:32 Saving config file
20:48:32 Saved config file successfully
20:49:32 saveConfig: auto-save-60s
20:49:32 Saving config file
20:49:32 Saved config file successfully
20:49:32 saveConfig: auto-save-60s
20:49:32 Saving config file
20:49:32 Saved config file successfully
20:50:32 saveConfig: auto-save-60s
20:50:32 Saving config file
20:50:32 Saved config file successfully
20:50:32 saveConfig: auto-save-60s
20:50:32 Saving config file
20:50:32 Saved config file successfully
20:51:32 saveConfig: auto-save-60s
20:51:32 Saving config file
20:51:32 Saved config file successfully
20:51:32 saveConfig: auto-save-60s
20:51:32 Saving config file
20:51:32 Saved config file successfully
20:52:32 saveConfig: auto-save-60s
20:52:32 Saving config file
20:52:32 Saved config file successfully
20:52:32 saveConfig: auto-save-60s
20:52:32 Saving config file
20:52:32 Saved config file successfully
20:53:32 saveConfig: auto-save-60s
20:53:32 Saving config file
20:53:32 Saved config file successfully
20:53:32 saveConfig: auto-save-60s
20:53:32 Saving config file
20:53:32 Saved config file successfully
20:54:32 saveConfig: auto-save-60s
20:54:32 Saving config file
20:54:32 Saved config file successfully
20:54:32 saveConfig: auto-save-60s
20:54:32 Saving config file
20:54:32 Saved config file successfully
20:55:32 saveConfig: auto-save-60s
20:55:32 Saving config file
20:55:32 Saved config file successfully
20:55:32 saveConfig: auto-save-60s
20:55:32 Saving config file
20:55:32 Saved config file successfully
20:56:32 saveConfig: auto-save-60s
20:56:32 Saving config file
20:56:32 Saved config file successfully
20:56:32 saveConfig: auto-save-60s
20:56:32 Saving config file
20:56:32 Saved config file successfully
20:57:32 saveConfig: auto-save-60s
20:57:32 Saving config file
20:57:32 Saved config file successfully
20:57:32 saveConfig: auto-save-60s
20:57:32 Saving config file
20:57:32 Saved config file successfully
20:58:32 saveConfig: auto-save-60s
20:58:32 Saving config file
20:58:32 Saved config file successfully
20:58:32 saveConfig: auto-save-60s
20:58:32 Saving config file
20:58:32 Saved config file successfully
20:59:32 saveConfig: auto-save-60s
20:59:32 Saving config file
20:59:32 Saved config file successfully
20:59:32 saveConfig: auto-save-60s
20:59:32 Saving config file
20:59:32 Saved config file successfully
21:00:32 saveConfig: auto-save-60s
21:00:32 Saving config file
21:00:32 Saved config file successfully
21:00:32 saveConfig: auto-save-60s
21:00:32 Saving config file
21:00:32 Saved config file successfully
21:01:32 saveConfig: auto-save-60s
21:01:32 Saving config file
21:01:32 Saved config file successfully
21:01:32 saveConfig: auto-save-60s
21:01:32 Saving config file
21:01:32 Saved config file successfully
21:02:32 saveConfig: auto-save-60s
21:02:32 Saving config file
21:02:32 Saved config file successfully
21:02:32 saveConfig: auto-save-60s
21:02:32 Saving config file
21:02:32 Saved config file successfully
21:03:32 saveConfig: auto-save-60s
21:03:32 Saving config file
21:03:32 Saved config file successfully
21:03:32 saveConfig: auto-save-60s
21:03:32 Saving config file
21:03:32 Saved config file successfully
21:04:32 saveConfig: auto-save-60s
21:04:32 Saving config file
21:04:32 Saved config file successfully
21:04:32 saveConfig: auto-save-60s
21:04:32 Saving config file
21:04:32 Saved config file successfully
21:05:32 saveConfig: auto-save-60s
21:05:32 Saving config file
21:05:32 Saved config file successfully
21:05:32 saveConfig: auto-save-60s
21:05:32 Saving config file
21:05:32 Saved config file successfully
21:06:32 saveConfig: auto-save-60s
21:06:32 Saving config file
21:06:32 Saved config file successfully
21:06:32 saveConfig: auto-save-60s
21:06:32 Saving config file
21:06:32 Saved config file successfully
21:07:32 saveConfig: auto-save-60s
21:07:32 Saving config file
21:07:32 Saved config file successfully
21:07:32 saveConfig: auto-save-60s
21:07:32 Saving config file
21:07:32 Saved config file successfully
21:08:32 saveConfig: auto-save-60s
21:08:32 Saving config file
21:08:32 Saved config file successfully
21:08:32 saveConfig: auto-save-60s
21:08:32 Saving config file
21:08:32 Saved config file successfully
21:09:32 saveConfig: auto-save-60s
21:09:32 Saving config file
21:09:32 Saved config file successfully
21:09:32 saveConfig: auto-save-60s
21:09:32 Saving config file
21:09:32 Saved config file successfully
21:10:32 saveConfig: auto-save-60s
21:10:32 Saving config file
21:10:32 Saved config file successfully
21:10:32 saveConfig: auto-save-60s
21:10:32 Saving config file
21:10:32 Saved config file successfully
21:11:32 saveConfig: auto-save-60s
21:11:32 Saving config file
21:11:32 Saved config file successfully
21:11:32 saveConfig: auto-save-60s
21:11:32 Saving config file
21:11:32 Saved config file successfully
21:12:32 saveConfig: auto-save-60s
21:12:32 Saving config file
21:12:32 Saved config file successfully
21:12:32 saveConfig: auto-save-60s
21:12:32 Saving config file
21:12:32 Saved config file successfully
21:13:14 saveConfig: shutdown-hook
21:13:14 Saving config file
21:13:15 Saved config file successfully
21:13:15 saveConfig: shutdown-hook
21:13:15 Saving config file
21:13:15 Saved config file successfully
