13:07:58 Trying to load config from config\skyhanni\config.json
13:07:58 load-config-now
13:07:59 Loaded config from file
13:07:59 Trying to load sacks from config\skyhanni\sacks.json
13:07:59 load-sacks-now
13:07:59 Loaded sacks from file
13:07:59 Trying to load friends from config\skyhanni\friends.json
13:07:59 load-friends-now
13:07:59 Loaded friends from file
13:07:59 Trying to load known_features from config\skyhanni\known_features.json
13:07:59 load-known_features-now
13:07:59 Loaded known_features from file
13:07:59 Trying to load jacob_contests from config\skyhanni\jacob_contests.json
13:07:59 load-jacob_contests-now
13:07:59 Loaded jacob_contests from file
13:07:59 Trying to load visual_words from config\skyhanni\visual_words.json
13:07:59 Setting visual_words to be blank as it did not exist. It will be saved once something is written to it
13:08:59 saveConfig: auto-save-60s
13:08:59 Saving config file
13:09:59 saveConfig: auto-save-60s
13:09:59 Saving config file
13:10:07 saveConfig: Updated known feature flags
13:10:07 Saving known_features file
13:11:00 saveConfig: auto-save-60s
13:11:00 Saving config file
13:11:59 saveConfig: auto-save-60s
13:11:59 Saving config file
13:12:59 saveConfig: auto-save-60s
13:12:59 Saving config file
13:13:59 saveConfig: auto-save-60s
13:13:59 Saving config file
13:14:59 saveConfig: auto-save-60s
13:14:59 Saving config file
13:15:59 saveConfig: auto-save-60s
13:15:59 Saving config file
13:16:59 saveConfig: auto-save-60s
13:16:59 Saving config file
13:17:59 saveConfig: auto-save-60s
13:17:59 Saving config file
13:18:59 saveConfig: auto-save-60s
13:18:59 Saving config file
13:19:59 saveConfig: auto-save-60s
13:19:59 Saving config file
13:20:59 saveConfig: auto-save-60s
13:20:59 Saving config file
13:21:59 saveConfig: auto-save-60s
13:21:59 Saving config file
13:22:59 saveConfig: auto-save-60s
13:22:59 Saving config file
13:23:59 saveConfig: auto-save-60s
13:23:59 Saving config file
13:24:59 saveConfig: auto-save-60s
13:24:59 Saving config file
13:25:59 saveConfig: auto-save-60s
13:25:59 Saving config file
13:26:59 saveConfig: auto-save-60s
13:26:59 Saving config file
13:27:27 saveConfig: saving-data
13:27:27 Saving sacks file
13:27:59 saveConfig: auto-save-60s
13:27:59 Saving config file
13:28:08 saveConfig: saving-data
13:28:08 Saving sacks file
13:28:09 saveConfig: saving-data
13:28:09 Saving sacks file
13:28:13 saveConfig: saving-data
13:28:13 Saving sacks file
13:28:14 saveConfig: saving-data
13:28:14 Saving sacks file
13:28:59 saveConfig: auto-save-60s
13:28:59 Saving config file
13:29:59 saveConfig: auto-save-60s
13:29:59 Saving config file
13:30:12 saveConfig: saving-data
13:30:12 Saving sacks file
13:30:59 saveConfig: auto-save-60s
13:30:59 Saving config file
13:31:38 saveConfig: saving-data
13:31:38 Saving sacks file
13:31:45 saveConfig: saving-data
13:31:45 Saving sacks file
13:31:59 saveConfig: auto-save-60s
13:31:59 Saving config file
13:32:59 saveConfig: auto-save-60s
13:32:59 Saving config file
13:33:59 saveConfig: auto-save-60s
13:33:59 Saving config file
13:34:59 saveConfig: auto-save-60s
13:34:59 Saving config file
13:35:59 saveConfig: auto-save-60s
13:35:59 Saving config file
13:36:59 saveConfig: auto-save-60s
13:36:59 Saving config file
13:37:59 saveConfig: auto-save-60s
13:37:59 Saving config file
13:38:59 saveConfig: auto-save-60s
13:38:59 Saving config file
13:39:59 saveConfig: auto-save-60s
13:39:59 Saving config file
13:40:59 saveConfig: auto-save-60s
13:40:59 Saving config file
13:41:59 saveConfig: auto-save-60s
13:41:59 Saving config file
13:42:59 saveConfig: auto-save-60s
13:42:59 Saving config file
13:43:59 saveConfig: auto-save-60s
13:43:59 Saving config file
13:44:59 saveConfig: auto-save-60s
13:44:59 Saving config file
13:45:59 saveConfig: auto-save-60s
13:45:59 Saving config file
13:46:59 saveConfig: auto-save-60s
13:46:59 Saving config file
13:47:59 saveConfig: auto-save-60s
13:47:59 Saving config file
13:48:59 saveConfig: auto-save-60s
13:48:59 Saving config file
13:49:59 saveConfig: auto-save-60s
13:49:59 Saving config file
13:50:59 saveConfig: auto-save-60s
13:50:59 Saving config file
13:51:59 saveConfig: auto-save-60s
13:51:59 Saving config file
13:52:59 saveConfig: auto-save-60s
13:52:59 Saving config file
13:53:59 saveConfig: auto-save-60s
13:53:59 Saving config file
13:54:59 saveConfig: auto-save-60s
13:54:59 Saving config file
13:55:59 saveConfig: auto-save-60s
13:55:59 Saving config file
13:56:59 saveConfig: auto-save-60s
13:56:59 Saving config file
13:57:59 saveConfig: auto-save-60s
13:57:59 Saving config file
13:58:59 saveConfig: auto-save-60s
13:58:59 Saving config file
13:59:59 saveConfig: auto-save-60s
13:59:59 Saving config file
14:00:59 saveConfig: auto-save-60s
14:00:59 Saving config file
14:01:59 saveConfig: auto-save-60s
14:01:59 Saving config file
14:02:59 saveConfig: auto-save-60s
14:02:59 Saving config file
14:03:59 saveConfig: auto-save-60s
14:03:59 Saving config file
14:04:59 saveConfig: auto-save-60s
14:04:59 Saving config file
14:05:59 saveConfig: auto-save-60s
14:05:59 Saving config file
14:06:59 saveConfig: auto-save-60s
14:06:59 Saving config file
14:07:59 saveConfig: auto-save-60s
14:07:59 Saving config file
14:08:59 saveConfig: auto-save-60s
14:08:59 Saving config file
14:09:59 saveConfig: auto-save-60s
14:09:59 Saving config file
14:10:59 saveConfig: auto-save-60s
14:10:59 Saving config file
14:11:59 saveConfig: auto-save-60s
14:11:59 Saving config file
14:12:59 saveConfig: auto-save-60s
14:12:59 Saving config file
14:13:59 saveConfig: auto-save-60s
14:13:59 Saving config file
14:14:59 saveConfig: auto-save-60s
14:14:59 Saving config file
14:15:59 saveConfig: auto-save-60s
14:15:59 Saving config file
14:16:59 saveConfig: auto-save-60s
14:16:59 Saving config file
14:17:59 saveConfig: auto-save-60s
14:17:59 Saving config file
14:18:59 saveConfig: auto-save-60s
14:18:59 Saving config file
14:19:59 saveConfig: auto-save-60s
14:19:59 Saving config file
14:20:59 saveConfig: auto-save-60s
14:20:59 Saving config file
14:21:59 saveConfig: auto-save-60s
14:21:59 Saving config file
14:22:59 saveConfig: auto-save-60s
14:22:59 Saving config file
14:23:59 saveConfig: auto-save-60s
14:23:59 Saving config file
14:24:59 saveConfig: auto-save-60s
14:24:59 Saving config file
14:25:59 saveConfig: auto-save-60s
14:25:59 Saving config file
14:26:59 saveConfig: auto-save-60s
14:26:59 Saving config file
14:27:59 saveConfig: auto-save-60s
14:27:59 Saving config file
14:28:59 saveConfig: auto-save-60s
14:28:59 Saving config file
14:29:59 saveConfig: auto-save-60s
14:29:59 Saving config file
14:30:59 saveConfig: auto-save-60s
14:30:59 Saving config file
14:31:59 saveConfig: auto-save-60s
14:31:59 Saving config file
14:32:59 saveConfig: auto-save-60s
14:32:59 Saving config file
14:33:59 saveConfig: auto-save-60s
14:33:59 Saving config file
14:34:59 saveConfig: auto-save-60s
14:34:59 Saving config file
14:35:59 saveConfig: auto-save-60s
14:35:59 Saving config file
14:36:59 saveConfig: auto-save-60s
14:36:59 Saving config file
14:37:59 saveConfig: auto-save-60s
14:37:59 Saving config file
14:38:59 saveConfig: auto-save-60s
14:38:59 Saving config file
14:39:59 saveConfig: auto-save-60s
14:39:59 Saving config file
14:40:59 saveConfig: auto-save-60s
14:40:59 Saving config file
14:41:59 saveConfig: auto-save-60s
14:41:59 Saving config file
14:42:59 saveConfig: auto-save-60s
14:42:59 Saving config file
14:43:59 saveConfig: auto-save-60s
14:43:59 Saving config file
14:44:59 saveConfig: auto-save-60s
14:44:59 Saving config file
14:45:59 saveConfig: auto-save-60s
14:45:59 Saving config file
14:46:59 saveConfig: auto-save-60s
14:46:59 Saving config file
14:47:59 saveConfig: auto-save-60s
14:47:59 Saving config file
14:48:59 saveConfig: auto-save-60s
14:48:59 Saving config file
14:49:59 saveConfig: auto-save-60s
14:49:59 Saving config file
14:50:59 saveConfig: auto-save-60s
14:50:59 Saving config file
14:51:59 saveConfig: auto-save-60s
14:51:59 Saving config file
14:52:59 saveConfig: auto-save-60s
14:52:59 Saving config file
14:53:59 saveConfig: auto-save-60s
14:53:59 Saving config file
14:54:59 saveConfig: auto-save-60s
14:54:59 Saving config file
14:55:59 saveConfig: auto-save-60s
14:55:59 Saving config file
14:56:59 saveConfig: auto-save-60s
14:56:59 Saving config file
14:57:59 saveConfig: auto-save-60s
14:57:59 Saving config file
14:58:59 saveConfig: auto-save-60s
14:58:59 Saving config file
14:59:59 saveConfig: auto-save-60s
14:59:59 Saving config file
15:00:59 saveConfig: auto-save-60s
15:00:59 Saving config file
15:01:59 saveConfig: auto-save-60s
15:01:59 Saving config file
15:02:59 saveConfig: auto-save-60s
15:02:59 Saving config file
15:03:59 saveConfig: auto-save-60s
15:03:59 Saving config file
15:04:59 saveConfig: auto-save-60s
15:04:59 Saving config file
15:05:59 saveConfig: auto-save-60s
15:05:59 Saving config file
15:06:59 saveConfig: auto-save-60s
15:06:59 Saving config file
15:07:59 saveConfig: auto-save-60s
15:07:59 Saving config file
15:08:59 saveConfig: auto-save-60s
15:08:59 Saving config file
15:09:59 saveConfig: auto-save-60s
15:09:59 Saving config file
15:10:59 saveConfig: auto-save-60s
15:10:59 Saving config file
15:11:59 saveConfig: auto-save-60s
15:11:59 Saving config file
15:12:59 saveConfig: auto-save-60s
15:12:59 Saving config file
15:13:59 saveConfig: auto-save-60s
15:13:59 Saving config file
15:14:59 saveConfig: auto-save-60s
15:14:59 Saving config file
15:15:59 saveConfig: auto-save-60s
15:15:59 Saving config file
15:16:59 saveConfig: auto-save-60s
15:16:59 Saving config file
15:17:59 saveConfig: auto-save-60s
15:17:59 Saving config file
15:18:59 saveConfig: auto-save-60s
15:18:59 Saving config file
15:19:59 saveConfig: auto-save-60s
15:19:59 Saving config file
15:20:59 saveConfig: auto-save-60s
15:20:59 Saving config file
15:21:59 saveConfig: auto-save-60s
15:21:59 Saving config file
15:22:59 saveConfig: auto-save-60s
15:22:59 Saving config file
15:23:59 saveConfig: auto-save-60s
15:23:59 Saving config file
15:24:59 saveConfig: auto-save-60s
15:24:59 Saving config file
15:25:59 saveConfig: auto-save-60s
15:25:59 Saving config file
15:26:59 saveConfig: auto-save-60s
15:26:59 Saving config file
15:27:59 saveConfig: auto-save-60s
15:27:59 Saving config file
15:28:59 saveConfig: auto-save-60s
15:28:59 Saving config file
15:29:59 saveConfig: auto-save-60s
15:29:59 Saving config file
15:30:59 saveConfig: auto-save-60s
15:30:59 Saving config file
15:31:59 saveConfig: auto-save-60s
15:31:59 Saving config file
15:32:59 saveConfig: auto-save-60s
15:32:59 Saving config file
15:33:59 saveConfig: auto-save-60s
15:33:59 Saving config file
15:34:59 saveConfig: auto-save-60s
15:34:59 Saving config file
15:35:59 saveConfig: auto-save-60s
15:35:59 Saving config file
15:36:59 saveConfig: auto-save-60s
15:36:59 Saving config file
15:37:59 saveConfig: auto-save-60s
15:37:59 Saving config file
15:38:59 saveConfig: auto-save-60s
15:38:59 Saving config file
15:39:59 saveConfig: auto-save-60s
15:39:59 Saving config file
15:40:59 saveConfig: auto-save-60s
15:40:59 Saving config file
15:41:59 saveConfig: auto-save-60s
15:41:59 Saving config file
15:42:59 saveConfig: auto-save-60s
15:42:59 Saving config file
15:43:59 saveConfig: auto-save-60s
15:43:59 Saving config file
15:44:59 saveConfig: auto-save-60s
15:44:59 Saving config file
15:45:59 saveConfig: auto-save-60s
15:45:59 Saving config file
15:46:59 saveConfig: auto-save-60s
15:46:59 Saving config file
15:47:59 saveConfig: auto-save-60s
15:47:59 Saving config file
15:48:59 saveConfig: auto-save-60s
15:48:59 Saving config file
15:49:59 saveConfig: auto-save-60s
15:49:59 Saving config file
15:50:59 saveConfig: auto-save-60s
15:50:59 Saving config file
15:51:59 saveConfig: auto-save-60s
15:51:59 Saving config file
15:52:59 saveConfig: auto-save-60s
15:52:59 Saving config file
15:53:59 saveConfig: auto-save-60s
15:53:59 Saving config file
15:54:59 saveConfig: auto-save-60s
15:54:59 Saving config file
15:55:59 saveConfig: auto-save-60s
15:55:59 Saving config file
15:56:59 saveConfig: auto-save-60s
15:56:59 Saving config file
15:57:59 saveConfig: auto-save-60s
15:57:59 Saving config file
15:58:59 saveConfig: auto-save-60s
15:58:59 Saving config file
15:59:59 saveConfig: auto-save-60s
15:59:59 Saving config file
16:00:57 saveConfig: shutdown-hook
16:00:57 Saving config file
