13:16:40 `f0b811oakt`162 missed {
 is already Found: false).
 Position: LorenzVec{x=-6.5, y=145.0, z=-18.5}
 DistanceC: 21.29277596544251
Relative Position: LorenzVec{x=-21.29277596544251, y=-0.9442131040233619, z=-4.779429631897052}
 }
13:16:53 `uj22s8y373`165 missed {
 is already Found: false).
 Position: LorenzVec{x=-15.25, y=136.43125, z=217.25}
 DistanceC: 16.9878401993299
Relative Position: LorenzVec{x=-16.9878401993299, y=12.931250000000006, z=6.653805166168837}
 }
13:16:53 `c5206cn8d7`167 missed {
 is already Found: false).
 Position: LorenzVec{x=15.5, y=128.0, z=206.5}
 DistanceC: 13.762159800670101
Relative Position: LorenzVec{x=13.762159800670101, y=4.5, z=-4.096194833831163}
 }
13:16:53 `rw1gbe4lb2`224 missed {
 is already Found: false).
 Position: LorenzVec{x=23.5, y=128.0, z=207.5}
 DistanceC: 21.7621598006701
Relative Position: LorenzVec{x=21.7621598006701, y=4.5, z=-3.096194833831163}
 }
13:16:53 `vg0a4m7710`236 missed {
 is already Found: false).
 Position: LorenzVec{x=-16.5, y=121.0, z=232.5}
 DistanceC: 21.903805166168837
Relative Position: LorenzVec{x=-18.2378401993299, y=-2.5, z=21.903805166168837}
 }
13:20:00 `uj22s8y373`165 missed {
 is already Found: false).
 Position: LorenzVec{x=-15.25, y=136.43125, z=217.25}
 DistanceC: 16.867433298010212
Relative Position: LorenzVec{x=-16.867433298010212, y=15.431250000000006, z=-9.483557847738211}
 }
13:20:00 `c5206cn8d7`167 missed {
 is already Found: false).
 Position: LorenzVec{x=15.5, y=128.0, z=206.5}
 DistanceC: 20.23355784773821
Relative Position: LorenzVec{x=13.882566701989788, y=7.0, z=-20.23355784773821}
 }
13:20:00 `vg0a4m7710`236 missed {
 is already Found: false).
 Position: LorenzVec{x=-16.5, y=121.0, z=232.5}
 DistanceC: 18.117433298010212
Relative Position: LorenzVec{x=-18.117433298010212, y=0.0, z=5.766442152261789}
 }
13:20:00 `6mc36xr191`183 missed {
 is already Found: false).
 Position: LorenzVec{x=2.5, y=120.775, z=237.5}
 DistanceC: 10.766442152261789
Relative Position: LorenzVec{x=0.8825667019897883, y=-0.22499999999999432, z=10.766442152261789}
 }
13:20:01 `i0ue2uh34v`235 missed {
 is already Found: false).
 Position: LorenzVec{x=10.0, y=121.0, z=245.0}
 DistanceC: 18.26644215226179
Relative Position: LorenzVec{x=8.382566701989788, y=0.0, z=18.26644215226179}
 }
13:20:02 `rw1gbe4lb2`224 missed {
 is already Found: false).
 Position: LorenzVec{x=23.5, y=128.0, z=207.5}
 DistanceC: 21.882566701989788
Relative Position: LorenzVec{x=21.882566701989788, y=7.0, z=-19.23355784773821}
 }
13:25:56 `uj22s8y373`165 missed {
 is already Found: false).
 Position: LorenzVec{x=-15.25, y=136.43125, z=217.25}
 DistanceC: 16.75
Relative Position: LorenzVec{x=-15.75, y=8.431250000000006, z=16.75}
 }
13:25:56 `c5206cn8d7`167 missed {
 is already Found: false).
 Position: LorenzVec{x=15.5, y=128.0, z=206.5}
 DistanceC: 15.0
Relative Position: LorenzVec{x=15.0, y=0.0, z=6.0}
 }
13:25:56 `rw1gbe4lb2`224 missed {
 is already Found: false).
 Position: LorenzVec{x=23.5, y=128.0, z=207.5}
 DistanceC: 23.0
Relative Position: LorenzVec{x=23.0, y=0.0, z=7.0}
 }
13:25:57 `Ice Walker`318964 missed {
 is already Found: false).
 Position: LorenzVec{x=-15.46875, y=128.0, z=178.875}
 DistanceC: 21.625
Relative Position: LorenzVec{x=-15.96875, y=0.0, z=-21.625}
 }
13:26:37 `Slime`614654 missed {
 is already Found: false).
 Position: LorenzVec{x=-540.0, y=33.75, z=-888.59375}
 DistanceC: 9.775477815379759
Relative Position: LorenzVec{x=-9.775477815379759, y=-6.25, z=0.5160453337779245}
 }
13:26:37 `Slime`614655 missed {
 is already Found: false).
 Position: LorenzVec{x=-540.1875, y=33.75, z=-888.0}
 DistanceC: 9.962977815379759
Relative Position: LorenzVec{x=-9.962977815379759, y=-6.25, z=1.1097953337779245}
 }
13:26:37 `Slime`614656 missed {
 is already Found: false).
 Position: LorenzVec{x=-540.9166666666666, y=33.916666666666664, z=-888.6145833333334}
 DistanceC: 10.692144482046388
Relative Position: LorenzVec{x=-10.692144482046388, y=-6.083333333333336, z=0.49521200044455327}
 }
13:26:37 `Slime`614657 missed {
 is already Found: false).
 Position: LorenzVec{x=-540.75, y=33.916666666666664, z=-887.9791666666666}
 DistanceC: 10.525477815379759
Relative Position: LorenzVec{x=-10.525477815379759, y=-6.083333333333336, z=1.1306286671112957}
 }
13:26:37 `Slime`614658 missed {
 is already Found: false).
 Position: LorenzVec{x=-540.0520833333334, y=33.916666666666664, z=-888.4583333333334}
 DistanceC: 9.82756114871313
Relative Position: LorenzVec{x=-9.82756114871313, y=-6.083333333333336, z=0.6514620004445533}
 }
13:26:37 `Slime`614659 missed {
 is already Found: false).
 Position: LorenzVec{x=-540.3541666666666, y=33.916666666666664, z=-888.1458333333334}
 DistanceC: 10.129644482046388
Relative Position: LorenzVec{x=-10.129644482046388, y=-6.083333333333336, z=0.9639620004445533}
 }
13:26:42 `Slime`615109 missed {
 is already Found: false).
 Position: LorenzVec{x=-540.5, y=27.5, z=-885.5}
 DistanceC: 10.275477815379759
Relative Position: LorenzVec{x=-10.275477815379759, y=-12.5, z=3.6097953337779245}
 }
13:26:42 `Pig`615114 missed {
 is already Found: false).
 Position: LorenzVec{x=-540.5, y=27.5, z=-885.5}
 DistanceC: 10.275477815379759
Relative Position: LorenzVec{x=-10.275477815379759, y=-12.5, z=3.6097953337779245}
 }
13:26:42 `Slime`615115 missed {
 is already Found: false).
 Position: LorenzVec{x=-537.5, y=27.5, z=-887.5}
 DistanceC: 7.275477815379759
Relative Position: LorenzVec{x=-7.275477815379759, y=-12.5, z=1.6097953337779245}
 }
13:26:42 `Pig`615120 missed {
 is already Found: false).
 Position: LorenzVec{x=-537.5, y=27.5, z=-887.5}
 DistanceC: 7.275477815379759
Relative Position: LorenzVec{x=-7.275477815379759, y=-12.5, z=1.6097953337779245}
 }
13:26:42 `Slime`615121 missed {
 is already Found: false).
 Position: LorenzVec{x=-542.5, y=27.5, z=-889.5}
 DistanceC: 12.275477815379759
Relative Position: LorenzVec{x=-12.275477815379759, y=-12.5, z=-0.3902046662220755}
 }
13:26:42 `Pig`615126 missed {
 is already Found: false).
 Position: LorenzVec{x=-542.5, y=27.5, z=-889.5}
 DistanceC: 12.275477815379759
Relative Position: LorenzVec{x=-12.275477815379759, y=-12.5, z=-0.3902046662220755}
 }
13:26:42 `Slime`615127 missed {
 is already Found: false).
 Position: LorenzVec{x=-539.5, y=27.5, z=-890.5}
 DistanceC: 9.275477815379759
Relative Position: LorenzVec{x=-9.275477815379759, y=-12.5, z=-1.3902046662220755}
 }
13:26:42 `Pig`615132 missed {
 is already Found: false).
 Position: LorenzVec{x=-539.5, y=27.5, z=-890.5}
 DistanceC: 9.275477815379759
Relative Position: LorenzVec{x=-9.275477815379759, y=-12.5, z=-1.3902046662220755}
 }
13:27:13 `Slime`616515 missed {
 is already Found: false).
 Position: LorenzVec{x=-540.5104166666667, y=32.5625, z=-888.5104166666667}
 DistanceC: 0.010416666666742458
Relative Position: LorenzVec{x=-0.010416666666742458, y=1.5986320155792235, z=-0.010416666666742458}
 }
13:27:13 `Slime`616516 missed {
 is already Found: false).
 Position: LorenzVec{x=-540.5104166666667, y=32.5625, z=-888.5104166666667}
 DistanceC: 0.010416666666742458
Relative Position: LorenzVec{x=-0.010416666666742458, y=1.5986320155792235, z=-0.010416666666742458}
 }
13:27:13 `Slime`616517 missed {
 is already Found: false).
 Position: LorenzVec{x=-540.5104166666667, y=32.5625, z=-888.5104166666667}
 DistanceC: 0.010416666666742458
Relative Position: LorenzVec{x=-0.010416666666742458, y=1.5986320155792235, z=-0.010416666666742458}
 }
13:27:13 `Slime`616518 missed {
 is already Found: false).
 Position: LorenzVec{x=-540.5104166666667, y=32.5625, z=-888.5104166666667}
 DistanceC: 0.010416666666742458
Relative Position: LorenzVec{x=-0.010416666666742458, y=1.5986320155792235, z=-0.010416666666742458}
 }
13:27:13 `Slime`616519 missed {
 is already Found: false).
 Position: LorenzVec{x=-540.5104166666667, y=32.5625, z=-888.5104166666667}
 DistanceC: 0.010416666666742458
Relative Position: LorenzVec{x=-0.010416666666742458, y=1.5986320155792235, z=-0.010416666666742458}
 }
13:27:13 `Slime`616520 missed {
 is already Found: false).
 Position: LorenzVec{x=-540.5104166666667, y=32.5625, z=-888.5104166666667}
 DistanceC: 0.010416666666742458
Relative Position: LorenzVec{x=-0.010416666666742458, y=1.5986320155792235, z=-0.010416666666742458}
 }
13:28:19 `nn7lc8a027`235 missed {
 is already Found: false).
 Position: LorenzVec{x=10.0, y=121.0, z=245.0}
 DistanceC: 23.245997238636164
Relative Position: LorenzVec{x=-21.310556370315833, y=4.5, z=-23.245997238636164}
 }
13:30:33 `436u5b9k8m`165 missed {
 is already Found: false).
 Position: LorenzVec{x=-15.25, y=136.43125, z=217.25}
 DistanceC: 21.378566809603655
Relative Position: LorenzVec{x=-5.4115947572681495, y=15.431250000000006, z=-21.378566809603655}
 }
13:35:04 `436u5b9k8m`165 missed {
 is already Found: false).
 Position: LorenzVec{x=-15.25, y=136.43125, z=217.25}
 DistanceC: 16.75
Relative Position: LorenzVec{x=-15.75, y=8.431250000000006, z=16.75}
 }
13:35:04 `40f2odb8m0`167 missed {
 is already Found: false).
 Position: LorenzVec{x=15.5, y=128.0, z=206.5}
 DistanceC: 15.0
Relative Position: LorenzVec{x=15.0, y=0.0, z=6.0}
 }
13:35:04 `722cgaht30`224 missed {
 is already Found: false).
 Position: LorenzVec{x=23.5, y=128.0, z=207.5}
 DistanceC: 23.0
Relative Position: LorenzVec{x=23.0, y=0.0, z=7.0}
 }
13:36:21 `92263bvoj0`236 missed {
 is already Found: false).
 Position: LorenzVec{x=-16.5, y=121.0, z=232.5}
 DistanceC: 20.12189520496123
Relative Position: LorenzVec{x=-20.12189520496123, y=-1.9412000391721733, z=3.555460920221293}
 }
13:36:22 `4lys596av7`183 missed {
 is already Found: false).
 Position: LorenzVec{x=2.5, y=120.775, z=237.5}
 DistanceC: 5.02154123224318
Relative Position: LorenzVec{x=5.02154123224318, y=-15.224999999999994, z=4.986390971578658}
 }
13:43:01 `4lys596av7`183 missed {
 is already Found: false).
 Position: LorenzVec{x=2.5, y=120.775, z=237.5}
 DistanceC: 21.791990145280465
Relative Position: LorenzVec{x=-11.200497877860604, y=-7.224999999999994, z=-21.791990145280465}
 }
13:43:02 `nn7lc8a027`235 missed {
 is already Found: false).
 Position: LorenzVec{x=10.0, y=121.0, z=245.0}
 DistanceC: 13.688803236767967
Relative Position: LorenzVec{x=-4.393098432123921, y=-7.0, z=-13.688803236767967}
 }
13:52:21 `292b112n98`165 missed {
 is already Found: false).
 Position: LorenzVec{x=-15.25, y=136.43125, z=217.25}
 DistanceC: 15.746897525637905
Relative Position: LorenzVec{x=-15.746897525637905, y=12.931250000000006, z=6.299683028687525}
 }
13:52:21 `1847874of8`167 missed {
 is already Found: false).
 Position: LorenzVec{x=15.5, y=128.0, z=206.5}
 DistanceC: 15.003102474362095
Relative Position: LorenzVec{x=15.003102474362095, y=4.5, z=-4.450316971312475}
 }
13:52:21 `i984qxs0ur`224 missed {
 is already Found: false).
 Position: LorenzVec{x=23.5, y=128.0, z=207.5}
 DistanceC: 23.003102474362095
Relative Position: LorenzVec{x=23.003102474362095, y=4.5, z=-3.450316971312475}
 }
13:52:21 `y0j655rp2v`236 missed {
 is already Found: false).
 Position: LorenzVec{x=-16.5, y=121.0, z=232.5}
 DistanceC: 21.549683028687525
Relative Position: LorenzVec{x=-16.996897525637905, y=-2.5, z=21.549683028687525}
 }
13:52:46 `z7h62d53h4`183 missed {
 is already Found: false).
 Position: LorenzVec{x=2.5, y=120.775, z=237.5}
 DistanceC: 17.467662657061553
Relative Position: LorenzVec{x=-17.467662657061553, y=0.7125000000000057, z=7.513048062900566}
 }
13:52:46 `4n48q4u9h2`235 missed {
 is already Found: false).
 Position: LorenzVec{x=10.0, y=121.0, z=245.0}
 DistanceC: 15.013048062900566
Relative Position: LorenzVec{x=-9.967662657061553, y=0.9375, z=15.013048062900566}
 }
13:55:26 `y0j655rp2v`236 missed {
 is already Found: false).
 Position: LorenzVec{x=-16.5, y=121.0, z=232.5}
 DistanceC: 15.072368972596962
Relative Position: LorenzVec{x=-13.080019807475274, y=-5.98301735129175, z=15.072368972596962}
 }
13:55:26 `292b112n98`165 missed {
 is already Found: false).
 Position: LorenzVec{x=-15.25, y=136.43125, z=217.25}
 DistanceC: 13.09148040226344
Relative Position: LorenzVec{x=-13.09148040226344, y=10.689675412194859, z=0.536755654249248}
 }
13:55:29 `z7h62d53h4`183 missed {
 is already Found: false).
 Position: LorenzVec{x=2.5, y=120.775, z=237.5}
 DistanceC: 21.147593910315692
Relative Position: LorenzVec{x=4.012876043713023, y=-0.22499999999999432, z=21.147593910315692}
 }
13:55:30 `1847874of8`167 missed {
 is already Found: false).
 Position: LorenzVec{x=15.5, y=128.0, z=206.5}
 DistanceC: 17.01287604371302
Relative Position: LorenzVec{x=17.01287604371302, y=7.0, z=-9.852406089684308}
 }
13:57:18 `1847874of8`167 missed {
 is already Found: false).
 Position: LorenzVec{x=15.5, y=128.0, z=206.5}
 DistanceC: 19.36489126544183
Relative Position: LorenzVec{x=19.36489126544183, y=-3.0, z=-18.947190896179535}
 }
13:57:18 `z7h62d53h4`183 missed {
 is already Found: false).
 Position: LorenzVec{x=2.5, y=120.775, z=237.5}
 DistanceC: 12.052809103820465
Relative Position: LorenzVec{x=6.36489126544183, y=-10.224999999999994, z=12.052809103820465}
 }
13:57:18 `4n48q4u9h2`235 missed {
 is already Found: false).
 Position: LorenzVec{x=10.0, y=121.0, z=245.0}
 DistanceC: 19.552809103820465
Relative Position: LorenzVec{x=13.86489126544183, y=-10.0, z=19.552809103820465}
 }
13:57:18 `y0j655rp2v`236 missed {
 is already Found: false).
 Position: LorenzVec{x=-16.5, y=121.0, z=232.5}
 DistanceC: 12.63510873455817
Relative Position: LorenzVec{x=-12.63510873455817, y=-10.0, z=7.052809103820465}
 }
