15:42:15 §e[SkyHanni] §cYour Organic Matter is low!§r
15:42:15 §e[SkyHanni] §cYour Fuel is low!§r
15:42:15 §e[SkyHanni] §9Tia the Fairy §eis visiting your garden!§r
15:42:15 §e[SkyHanni] §aAdventurer §eis visiting your garden!§r
15:42:15 §e[SkyHanni] §9Grandma Wolf §eis visiting your garden!§r
15:42:15 §e[SkyHanni] §aWeaponsmith §eis visiting your garden!§r
15:42:36 §e[SkyHanni] §aKABOOM! II: §e2.81% §b-> §e2.80%§r
15:42:36 §e[SkyHanni] §cGoblin Slayer IV: §611.91% §b-> §611.96%§r
15:42:36 §e[SkyHanni] §aSkilled V: §c25.21% §b-> §c25.19%§r
15:42:36 §e[SkyHanni] §cHunter V: §c77.75% §b-> §c77.81%§r
15:45:03 §e[SkyHanni] Loaded Potato milestone data from level up chat message!§r
15:46:40 §e[SkyHanni] §aSkilled V: §c25.19% §b-> §624.04%§r
15:46:40 §e[SkyHanni] §cHunter V: §c77.81% §b-> §c77.83%§r
15:48:35 §e[SkyHanni] Saved Jacob NPC location. Real Jacob visitors are now getting detected correctly.§r
15:48:38 §e[SkyHanni] Saved Anita NPC location. Real Anita visitors are now getting detected correctly.§r
15:48:45 §e[SkyHanni] §cGoblin Slayer IV: §611.96% §b-> §611.99%§r
15:48:45 §e[SkyHanni] §aSkilled V: §624.04% §b-> §624.00%§r
15:48:45 §e[SkyHanni] §cHunter V: §c77.83% §b-> §c77.86%§r
15:52:13 §e[SkyHanni] §aKABOOM! II: §e2.80% §b-> §e2.79%§r
15:52:13 §e[SkyHanni] §cGoblin Slayer IV: §611.99% §b-> §612.02%§r
15:52:13 §e[SkyHanni] §cSkilled V: §624.00% §b-> §624.02%§r
15:52:13 §e[SkyHanni] §aHunter V: §c77.86% §b-> §c77.84%§r
15:53:34 §6§lBESTIARY §r§b§lMosquito §7§bI§r
15:53:35 §e[SkyHanni] §b+4 SkyBlock XP §7(Collections§7)§b (78/100)§r
15:54:52 §e[SkyHanni] §aEmissary Ceanna §eis visiting your garden!§r
15:58:51 §e[SkyHanni] §aGoblin Slayer IV: §612.02% §b-> §612.01%§r
15:58:51 §e[SkyHanni] §aSkilled V: §624.02% §b-> §620.82%§r
15:58:51 §e[SkyHanni] §cHunter V: §c77.84% §b-> §c77.85%§r
15:59:11 §e[SkyHanni] §cYour Organic Matter is low!§r
15:59:11 §e[SkyHanni] §cYour Fuel is low!§r
16:06:19 §e[SkyHanni] §aLibrarian §eis visiting your garden!§r
16:06:56 §6§lBESTIARY §r§b§lLocust §7§bI§r
16:10:28 §e[SkyHanni] §aKABOOM! II: §e2.79% §b-> §e2.78%§r
16:10:28 §e[SkyHanni] §cGoblin Slayer IV: §612.01% §b-> §612.02%§r
16:10:28 §e[SkyHanni] §aSkilled V: §620.82% §b-> §614.61%§r
16:10:28 §e[SkyHanni] §aHunter V: §c77.85% §b-> §c77.84%§r
16:29:09 §e[SkyHanni] §cYour Organic Matter is low!§r
16:29:09 §e[SkyHanni] §cYour Fuel is low!§r
16:29:09 §e[SkyHanni] §9Puzzler §eis visiting your garden!§r
16:43:17 §e[SkyHanni] §aKABOOM! II: §e2.78% §b-> §e2.77%§r
16:43:17 §e[SkyHanni] §cGoblin Slayer IV: §612.02% §b-> §612.12%§r
16:43:17 §e[SkyHanni] §cSkilled V: §614.61% §b-> §614.64%§r
16:43:17 §e[SkyHanni] §cHunter V: §c77.84% §b-> §c77.89%§r
16:45:54 §6§lBESTIARY §r§b§lGoblin §7§8IX §8➡§b §bX§r
16:46:30 §e[SkyHanni] §aGoblin Slayer IV: §612.12% §b-> §610.49%§r
16:46:30 §e[SkyHanni] §aSkilled V: §614.64% §b-> §614.63%§r
16:46:30 §e[SkyHanni] §aHunter V: §c77.89% §b-> §c77.88%§r
17:00:07 §e[SkyHanni] §aKABOOM! II: §e2.77% §b-> §e2.76%§r
17:00:07 §e[SkyHanni] §aGoblin Slayer IV: §610.49% §b-> §e4.72%§r
17:00:07 §e[SkyHanni] §aHunter V: §c77.88% §b-> §c77.86%§r
17:02:05 §a§lPotion Effect! §r§cAdrenaline III§r
17:02:05 §a§lPotion Effect! §r§aResistance III§r
17:02:06 §a§lPotion Effect! §r§5Night Vision I§r
17:02:06 §a§lPotion Effect! §r§eHaste I§r
17:02:06 §a§lPotion Effect! §r§4Regeneration II§r
17:02:07 §a§lPotion Effect! §r§bPet Luck I§r
17:02:07 §a§lPotion Effect! §r§aRabbit I§r
17:02:07 §a§lPotion Effect! §r§9Experience II§r
17:02:08 §a§lPotion Effect! §r§6Absorption III§r
17:02:08 §a§lPotion Effect! §r§cFire Resistance I§r
17:02:08 §a§lPotion Effect! §r§9Water Breathing I§r
17:02:09 §a§lPotion Effect! §r§4Critical I§r
17:02:10 §a§lPotion Effect! §r§9Speed III§r
17:02:10 §a§lPotion Effect! §r§bMagic Find I§r
17:02:10 §a§lPotion Effect! §r§4Strength III§r
17:02:10 §a§lPotion Effect! §r§bArchery I§r
17:02:11 §a§lPotion Effect! §r§9Dodge I§r
17:02:11 §a§lPotion Effect! §r§9Mana III§r
17:06:02 §6§lBESTIARY §r§b§lMiner Zombie §7§8I §8➡§b §bII§r
17:06:53 §6§lBESTIARY §r§b§lMiner Skeleton §7§bI§r
17:07:34 §6§lBESTIARY §r§b§lMiner Zombie §7§8II §8➡§b §bIII§r
17:09:42 §6§lBESTIARY §r§b§lMiner Skeleton §7§8I §8➡§b §bII§r
17:10:26 §6§lBESTIARY §r§b§lMiner Zombie §7§8III §8➡§b §bIV§r
17:11:00 §e[SkyHanni] §cGoblin Slayer IV: §e4.72% §b-> §e4.73%§r
17:11:00 §e[SkyHanni] §aSkilled V: §614.63% §b-> §614.62%§r
17:11:00 §e[SkyHanni] §cHunter V: §c77.86% §b-> §c77.88%§r
17:11:50 §6§lBESTIARY §r§b§lMiner Skeleton §7§8II §8➡§b §bIII§r
17:17:16 §e[SkyHanni] §cKABOOM! II: §e2.76% §b-> §e2.78%§r
17:17:16 §e[SkyHanni] §cGoblin Slayer IV: §e4.73% §b-> §e4.76%§r
17:17:16 §e[SkyHanni] §cSkilled V: §614.62% §b-> §614.63%§r
17:17:16 §e[SkyHanni] §cHunter V: §c77.88% §b-> §c77.90%§r
17:19:59 §e[SkyHanni] §cSkilled V: §614.63% §b-> §614.64%§r
17:19:59 §e[SkyHanni] §aHunter V: §c77.90% §b-> §c77.88%§r
17:22:27 §e[SkyHanni] §aHunter V: §c77.88% §b-> §c77.87%§r
19:12:49 §e[SkyHanni] §fYou were in Limbo for §e23m 18s§f.§r
19:12:54 §e[SkyHanni] §cExtra Information from Tab list not found! Enable it: SkyBlock Menu ➜ Settings ➜ Personal ➜ User Interface ➜ Player List Info§r
19:13:04 §e[SkyHanni] §cKABOOM! II: §e2.78% §b-> §e2.94%§r
19:13:04 §e[SkyHanni] §cGoblin Slayer IV: §e4.76% §b-> §e4.96%§r
19:13:04 §e[SkyHanni] §cOperation: Ore V: §a0.14% §b-> §a0.15%§r
19:13:04 §e[SkyHanni] §cSkilled V: §614.64% §b-> §614.79%§r
19:13:04 §e[SkyHanni] §cHunter V: §c77.87% §b-> §c77.93%§r
19:14:46 §6§lBESTIARY §r§b§lMiner Skeleton §7§8III §8➡§b §bIV§r
19:17:11 §6§lBESTIARY §r§b§lMiner Zombie §7§8IV §8➡§b §bV§r
19:23:09 §6§lBESTIARY §r§b§lMiner Skeleton §7§8IV §8➡§b §bV§r
19:25:54 §e[SkyHanni] §cKABOOM! II: §e2.94% §b-> §e2.97%§r
19:25:54 §e[SkyHanni] §aGoblin Slayer IV: §e4.96% §b-> §e4.95%§r
19:25:54 §e[SkyHanni] §cHunter V: §c77.93% §b-> §c77.99%§r
19:29:56 §6§lBESTIARY §r§b§lGoblin Raiders §7§8X §8➡§b §bXI§r
19:29:59 §6§lBESTIARY §r§b§lGoblin Raiders §7§8XI §8➡§b §bXII§r
19:32:00 §e[SkyHanni] §b+12 SkyBlock XP §7(HOTM Progression§7)§b (76/100)§r
19:32:17 §e[SkyHanni] §cKABOOM! II: §e2.97% §b-> §e2.99%§r
19:32:17 §e[SkyHanni] §aGoblin Slayer IV: §e4.95% §b-> §e4.90%§r
19:32:17 §e[SkyHanni] §aSkilled V: §614.79% §b-> §614.78%§r
19:45:27 §e[SkyHanni] §aKABOOM! II: §e2.99% §b-> §e2.98%§r
19:45:27 §e[SkyHanni] §aGoblin Slayer IV: §e4.90% §b-> §e4.75%§r
19:45:27 §e[SkyHanni] §cSkilled V: §614.78% §b-> §614.83%§r
19:45:27 §e[SkyHanni] §aHunter V: §c77.99% §b-> §c77.97%§r
20:11:05 §e[SkyHanni] §cKABOOM! II: §e2.98% §b-> §e3.01%§r
20:11:05 §e[SkyHanni] §cGoblin Slayer IV: §e4.75% §b-> §e4.83%§r
20:11:05 §e[SkyHanni] §aOperation: Ore V: §a0.15% §b-> §a0.14%§r
20:11:05 §e[SkyHanni] §cSkilled V: §614.83% §b-> §614.87%§r
20:11:05 §e[SkyHanni] §cHunter V: §c77.97% §b-> §c78.00%§r
20:17:45 §e[SkyHanni] §b+1 SkyBlock XP §7(HOTM Progression§7)§b (92/100)§r
20:19:08 §e[SkyHanni] §cKABOOM! II: §e3.01% §b-> §e3.04%§r
20:19:08 §e[SkyHanni] §cGoblin Slayer IV: §e4.83% §b-> §e4.84%§r
20:19:08 §e[SkyHanni] §cSkilled V: §614.87% §b-> §614.89%§r
20:19:08 §e[SkyHanni] §aHunter V: §c78.00% §b-> §c77.95%§r
20:24:15 §e[SkyHanni] §cSkilled V: §614.89% §b-> §614.90%§r
20:24:15 §e[SkyHanni] §aHunter V: §c77.95% §b-> §c77.94%§r
20:26:46 §e[SkyHanni] Talk to Maxwell and open the Tuning Page again to update the tuning data in scoreboard.§r
20:26:46 §e[SkyHanni] §b+3 SkyBlock XP §7(Accessory Bag§7)§b (55/100)§r
20:52:10 §e[SkyHanni] §cKABOOM! II: §e3.04% §b-> §e3.07%§r
20:52:10 §e[SkyHanni] §aGoblin Slayer IV: §e4.84% §b-> §e4.67%§r
20:52:10 §e[SkyHanni] §cSkilled V: §614.90% §b-> §614.95%§r
20:52:10 §e[SkyHanni] §cHunter V: §c77.94% §b-> §c77.96%§r
21:40:44 §e[SkyHanni] §cExtra Information from Tab list not found! Enable it: SkyBlock Menu ➜ Settings ➜ Personal ➜ User Interface ➜ Player List Info§r
21:40:50 §e[SkyHanni] §cKABOOM! II: §e3.07% §b-> §e3.08%§r
21:40:50 §e[SkyHanni] §cGoblin Slayer IV: §e4.67% §b-> §e4.68%§r
21:40:50 §e[SkyHanni] §cOperation: Ore V: §a0.14% §b-> §a0.15%§r
21:40:50 §e[SkyHanni] §cSkilled V: §614.95% §b-> §615.00%§r
21:40:50 §e[SkyHanni] §aHunter V: §c77.96% §b-> §c77.90%§r
21:45:56 §6§lBESTIARY §r§b§lGoblin §7§8X §8➡§b §bXI§r
21:49:20 §6§lBESTIARY §r§b§lGolden Goblin §7§bI§r
21:49:20 §e[SkyHanni] §b+1 SkyBlock XP §7(HOTM Progression§7)§b (68/100)§r
22:19:42 §e[SkyHanni] §cKABOOM! II: §e3.08% §b-> §e3.16%§r
22:19:42 §e[SkyHanni] §aGoblin Slayer IV: §e4.68% §b-> §e3.95%§r
22:19:42 §e[SkyHanni] §cSkilled V: §615.00% §b-> §615.03%§r
22:19:42 §e[SkyHanni] §cHunter V: §c77.90% §b-> §c77.91%§r
