21:21:59 Trying to load config from config\skyhanni\config.json
21:21:59 load-config-now
21:22:00 Loaded config from file
21:22:00 Trying to load sacks from config\skyhanni\sacks.json
21:22:00 load-sacks-now
21:22:00 Loaded sacks from file
21:22:00 Trying to load friends from config\skyhanni\friends.json
21:22:00 load-friends-now
21:22:00 Loaded friends from file
21:22:00 Trying to load known_features from config\skyhanni\known_features.json
21:22:00 load-known_features-now
21:22:00 Loaded known_features from file
21:22:00 Trying to load jacob_contests from config\skyhanni\jacob_contests.json
21:22:00 load-jacob_contests-now
21:22:00 Loaded jacob_contests from file
21:22:00 Trying to load visual_words from config\skyhanni\visual_words.json
21:22:00 Setting visual_words to be blank as it did not exist. It will be saved once something is written to it
21:23:00 saveConfig: auto-save-60s
21:23:00 Saving config file
21:23:00 Saved config file successfully
21:23:00 saveConfig: auto-save-60s
21:23:00 Saving config file
21:23:00 Saved config file successfully
