17:14:12 §f §r§r§r§f §r§r§r§1 §r§r§r§0 §r§r§r§2 §r§r§r§f §r§r§r§f §r§r§r§2 §r§r§r§0 §r§r§r§4 §r§r§r§3 §r§r§r§9 §r§r§r§2 §r§r§r§0 §r§r§r§0 §r§r§r§3 §r§r§r§9 §r§r§r§2 §r§r§r§0 §r§r§r§0 §r§r§r§3 §r§r§r§9 §r§r§r§2 §r§r§r§0 §r§r§r§0 
17:15:35 §8 §r§8 §r§1 §r§3 §r§3 §r§7 §r§8 
17:15:37 
17:15:37 
17:15:44 
17:15:44 
17:16:36 §8 §r§8 §r§1 §r§3 §r§3 §r§7 §r§8 
17:17:39 §8 §r§8 §r§1 §r§3 §r§3 §r§7 §r§8 
17:17:42 
17:17:42 
17:17:43 
17:18:45 §8 §r§8 §r§1 §r§3 §r§3 §r§7 §r§8 
17:21:41 
17:21:41 
17:25:41 §8 §r§8 §r§1 §r§3 §r§3 §r§7 §r§8 
17:26:12 §8 §r§8 §r§1 §r§3 §r§3 §r§7 §r§8 
17:27:45 §8 §r§8 §r§1 §r§3 §r§3 §r§7 §r§8 
17:28:56 
17:28:56 
17:28:56 
17:29:05 
17:29:05 
17:29:05 
17:29:21 
17:29:21 
17:29:21 
17:32:26 
17:32:26 
17:32:26 
17:32:26 
17:32:27 
17:32:27 
17:32:42 
17:32:42 
17:32:58 §8 §r§8 §r§1 §r§3 §r§3 §r§7 §r§8 
17:33:32 §8 §r§8 §r§1 §r§3 §r§3 §r§7 §r§8 
17:33:40 §8 §r§8 §r§1 §r§3 §r§3 §r§7 §r§8 
17:34:05 §8 §r§8 §r§1 §r§3 §r§3 §r§7 §r§8 
17:34:50  
17:35:04 
17:35:04 
17:35:04 
17:35:12 
17:35:12 
17:35:12 
17:35:21 
17:35:21 
17:35:21 
17:39:22 
17:39:22 
17:39:22 
17:39:22 
17:39:41 
17:39:41 
17:39:44 §8 §r§8 §r§1 §r§3 §r§3 §r§7 §r§8 
17:40:27 §8 §r§8 §r§1 §r§3 §r§3 §r§7 §r§8 
17:45:37 
17:45:37 
17:45:37 
17:45:37 
17:45:38 
17:45:38 
17:45:51 
17:45:51 
17:45:55 §8 §r§8 §r§1 §r§3 §r§3 §r§7 §r§8 
17:47:06 §8 §r§8 §r§1 §r§3 §r§3 §r§7 §r§8 
17:53:59 
17:54:00 
17:54:00 
17:54:00 
17:54:01 
17:54:01 
17:54:17 
17:54:17 
17:54:23 §8 §r§8 §r§1 §r§3 §r§3 §r§7 §r§8 
17:56:54 §8 §r§8 §r§1 §r§3 §r§3 §r§7 §r§8 
18:00:52 
18:00:52 
18:00:52 
18:00:52 
18:00:54 
18:00:54 
18:01:10 
18:01:10 
18:01:24 §8 §r§8 §r§1 §r§3 §r§3 §r§7 §r§8 
18:01:48 §f
18:03:07 §8 §r§8 §r§1 §r§3 §r§3 §r§7 §r§8 
18:04:06  
18:07:38 
18:07:38 
18:07:38 
18:07:38 
18:07:40 
18:07:40 
18:07:45 
18:07:45 
18:08:14 
18:08:14 
18:08:17 §8 §r§8 §r§1 §r§3 §r§3 §r§7 §r§8 
18:10:40 §8 §r§8 §r§1 §r§3 §r§3 §r§7 §r§8 
18:17:04 
18:17:04 
18:22:53 
18:22:53 
18:22:53 
18:22:53 
18:22:55 
18:22:55 
18:23:10 
18:23:10 
18:23:18 §8 §r§8 §r§1 §r§3 §r§3 §r§7 §r§8 
18:23:33 §8 §r§8 §r§1 §r§3 §r§3 §r§7 §r§8 
18:24:45 §8 §r§8 §r§1 §r§3 §r§3 §r§7 §r§8 
18:31:35 
18:31:35 
18:37:11 
18:37:11 
18:37:11 
18:37:11 
18:37:13 
18:37:13 
18:37:28 §8 §r§8 §r§1 §r§3 §r§3 §r§7 §r§8 
18:38:58 §8 §r§8 §r§1 §r§3 §r§3 §r§7 §r§8 
18:40:58 §8 §r§8 §r§1 §r§3 §r§3 §r§7 §r§8 
18:42:52 §8 §r§8 §r§1 §r§3 §r§3 §r§7 §r§8 
18:49:10 
18:49:10 
18:57:37 
18:57:37 
18:57:37 
18:57:37 
18:57:39 
18:57:39 
18:57:59 
18:57:59 
18:58:14 §8 §r§8 §r§1 §r§3 §r§3 §r§7 §r§8 
18:58:51 §f
18:59:45 §8 §r§8 §r§1 §r§3 §r§3 §r§7 §r§8 
18:59:51 §8 §r§8 §r§1 §r§3 §r§3 §r§7 §r§8 
19:02:33 §8 §r§8 §r§1 §r§3 §r§3 §r§7 §r§8 
19:14:18 
19:14:19 
19:14:19 
19:14:19 
19:14:20 
19:14:20 
19:14:30 
19:14:30 
19:14:44 §8 §r§8 §r§1 §r§3 §r§3 §r§7 §r§8 
19:16:15 §f
19:16:15 §f
19:16:15 §f
19:16:15 §f
19:17:14 §8 §r§8 §r§1 §r§3 §r§3 §r§7 §r§8 
19:17:37 §8 §r§8 §r§1 §r§3 §r§3 §r§7 §r§8 
19:18:39 §8 §r§8 §r§1 §r§3 §r§3 §r§7 §r§8 
19:30:27 
19:30:27 
19:30:27 
19:30:27 
19:30:28 
19:30:28 
19:30:47 
19:30:47 
19:30:53 §8 §r§8 §r§1 §r§3 §r§3 §r§7 §r§8 
19:34:33 §8 §r§8 §r§1 §r§3 §r§3 §r§7 §r§8 
19:37:03 
19:37:03 
19:37:31 §8 §r§8 §r§1 §r§3 §r§3 §r§7 §r§8 
19:42:29 §8 §r§8 §r§1 §r§3 §r§3 §r§7 §r§8 
