10:06:12 [EMPTY] §f §r§r§r§f §r§r§r§1 §r§r§r§0 §r§r§r§2 §r§r§r§f §r§r§r§f §r§r§r§2 §r§r§r§0 §r§r§r§4 §r§r§r§3 §r§r§r§9 §r§r§r§2 §r§r§r§0 §r§r§r§0 §r§r§r§3 §r§r§r§9 §r§r§r§2 §r§r§r§0 §r§r§r§0 §r§r§r§3 §r§r§r§9 §r§r§r§2 §r§r§r§0 §r§r§r§0 
10:06:12 [LOBBY] §b[MVP§2+§b] TheImperialEarl§f §6joined the lobby!
10:06:12 [LOBBY]   §r§f§l➤ §r§6You have reached your Hype limit! Add Hype to Prototype Lobby minigames by right-clicking with the Hype Diamond!
10:06:17 [WARPING] §7Sending to server mini94DF...
10:06:17 [EMPTY] §8 §r§8 §r§1 §r§3 §r§3 §r§7 §r§8 
10:06:20 [EMPTY] 
10:06:20 [WELCOME] §eWelcome to §r§aHypixel SkyBlock§r§e!
10:06:20 [EMPTY] 
10:06:20 [PROFILE_JOIN] §aYou are playing on profile: §eApple§b (Co-op)
10:06:20 [PROFILE_JOIN] §8Profile ID: b1a71305-1956-42bf-90e4-bce6f7285754
10:07:04 [EMPTY] §f §r§r§r§f §r§r§r§1 §r§r§r§0 §r§r§r§2 §r§r§r§f §r§r§r§f §r§r§r§2 §r§r§r§0 §r§r§r§4 §r§r§r§3 §r§r§r§9 §r§r§r§2 §r§r§r§0 §r§r§r§0 §r§r§r§3 §r§r§r§9 §r§r§r§2 §r§r§r§0 §r§r§r§0 §r§r§r§3 §r§r§r§9 §r§r§r§2 §r§r§r§0 §r§r§r§0 
10:07:04 [LOBBY] §b✦ §r§7You earned §r§b55 §r§7Mystery Dust!
10:07:04 [LOBBY] §b[MVP§9+§b] Sebbebas§f §6joined the lobby!
10:07:04 [LOBBY] §b[MVP§2+§b] x123_§f §6joined the lobby!
10:07:07 [WARPING] §7Sending to server mini187CQ...
10:07:08 [EMPTY] §8 §r§8 §r§1 §r§3 §r§3 §r§7 §r§8 
10:07:10 [EMPTY] 
10:07:10 [WELCOME] §eWelcome to §r§aHypixel SkyBlock§r§e!
10:07:10 [EMPTY] 
10:07:11 [PROFILE_JOIN] §aYou are playing on profile: §eBanana§b (Co-op)
10:07:11 [PROFILE_JOIN] §8Profile ID: b1a71305-1956-42bf-90e4-bce6f7285754
10:07:19 [WARPING] §7Warping...
10:07:19 [WARPING] §7Sending to server mini99E...
10:07:20 [EMPTY] §8 §r§8 §r§1 §r§3 §r§3 §r§7 §r§8 
10:07:23 [PROFILE_JOIN] §aYou are playing on profile: §eBanana§b (Co-op)
10:07:23 [PROFILE_JOIN] §8Profile ID: b1a71305-1956-42bf-90e4-bce6f7285754
10:07:44 [WARPING] §dWarped to Election Room§r§d!
10:08:33 [WARPING] §dWarped to Community Center§r§d!
10:08:47 [WARPING] §7Warping...
10:08:47 [WARPING] §7Sending to server mini88CG...
10:08:48 [EMPTY] §8 §r§8 §r§1 §r§3 §r§3 §r§7 §r§8 
10:08:51 [PROFILE_JOIN] §aYou are playing on profile: §eBanana§b (Co-op)
10:08:51 [PROFILE_JOIN] §8Profile ID: b1a71305-1956-42bf-90e4-bce6f7285754
10:09:16 [WARPING] §7Warping you to your SkyBlock island...
10:09:17 [WARPING] §7Sending to server mini211K...
10:09:18 [EMPTY] §8 §r§8 §r§1 §r§3 §r§3 §r§7 §r§8 
10:09:20 [PROFILE_JOIN] §aYou are playing on profile: §eBanana§b (Co-op)
10:09:20 [PROFILE_JOIN] §8Profile ID: b1a71305-1956-42bf-90e4-bce6f7285754
10:11:19 [WARPING] §7Warping...
10:11:19 [WARPING] §7Sending to server mini61CF...
10:11:20 [EMPTY] §8 §r§8 §r§1 §r§3 §r§3 §r§7 §r§8 
10:11:23 [PROFILE_JOIN] §aYou are playing on profile: §eBanana§b (Co-op)
10:11:23 [PROFILE_JOIN] §8Profile ID: b1a71305-1956-42bf-90e4-bce6f7285754
10:12:48 [GUILD_EXP] §aYou earned §r§255 GEXP §r§a+ §r§e165 Event EXP §r§afrom playing SkyBlock!
10:17:52 [GUILD_EXP] §aYou earned §r§215 GEXP §r§a+ §r§e45 Event EXP §r§afrom playing SkyBlock!
10:26:55 [EMPTY] §f                                        
10:42:09 [EMPTY] 
10:44:52 [WARPING] §7Warping you to your SkyBlock island...
10:44:53 [WARPING] §7Sending to server mini186BF...
10:44:53 [EMPTY] §8 §r§8 §r§1 §r§3 §r§3 §r§7 §r§8 
10:44:56 [PROFILE_JOIN] §aYou are playing on profile: §eBanana§b (Co-op)
10:44:56 [PROFILE_JOIN] §8Profile ID: b1a71305-1956-42bf-90e4-bce6f7285754
10:45:13 [WARPING] §7Warping...
10:45:14 [WARPING] §7Sending to server mini80AT...
10:45:14 [EMPTY] §8 §r§8 §r§1 §r§3 §r§3 §r§7 §r§8 
10:45:17 [PROFILE_JOIN] §aYou are playing on profile: §eBanana§b (Co-op)
10:45:17 [PROFILE_JOIN] §8Profile ID: b1a71305-1956-42bf-90e4-bce6f7285754
10:46:02 [WARPING] §7Sending to server mini2D...
10:46:02 [EMPTY] §8 §r§8 §r§1 §r§3 §r§3 §r§7 §r§8 
10:46:05 [PROFILE_JOIN] §aYou are playing on profile: §eBanana§b (Co-op)
10:46:05 [PROFILE_JOIN] §8Profile ID: b1a71305-1956-42bf-90e4-bce6f7285754
10:46:48 [WARPING] §7Warping...
10:46:48 [WARPING] §7Sending to server mini144F...
10:46:49 [EMPTY] §8 §r§8 §r§1 §r§3 §r§3 §r§7 §r§8 
10:46:52 [PROFILE_JOIN] §aYou are playing on profile: §eBanana§b (Co-op)
10:46:52 [PROFILE_JOIN] §8Profile ID: b1a71305-1956-42bf-90e4-bce6f7285754
10:48:33 [WARPING] §7Warping...
10:49:02 [GUILD_EXP] §aYou earned §r§2120 GEXP §r§a+ §r§e360 Event EXP §r§afrom playing SkyBlock!
10:54:04 [GUILD_EXP] §aYou earned §r§2604 GEXP §r§a+ §r§e1,812 Event EXP §r§afrom playing SkyBlock!
10:55:08 [WARPING] §7Warping...
10:59:07 [GUILD_EXP] §aYou earned §r§2630 GEXP §r§a+ §r§e1,890 Event EXP §r§afrom playing SkyBlock!
11:02:32 [EMPTY] §f                                        
11:02:51 [WARPING] §7Warping...
11:02:59 [WARPING] §7Warping you to your SkyBlock island...
11:02:59 [WARPING] §7Sending to server mini186BF...
11:03:00 [EMPTY] §8 §r§8 §r§1 §r§3 §r§3 §r§7 §r§8 
11:03:03 [PROFILE_JOIN] §aYou are playing on profile: §eBanana§b (Co-op)
11:03:03 [PROFILE_JOIN] §8Profile ID: b1a71305-1956-42bf-90e4-bce6f7285754
11:03:28 [WARPING] §7Warping...
11:03:32 [WARPING] §7Warping...
11:03:33 [WARPING] §7Sending to server mini141BF...
11:03:33 [EMPTY] §8 §r§8 §r§1 §r§3 §r§3 §r§7 §r§8 
11:03:35 [PROFILE_JOIN] §aYou are playing on profile: §eBanana§b (Co-op)
11:03:35 [PROFILE_JOIN] §8Profile ID: b1a71305-1956-42bf-90e4-bce6f7285754
11:05:39 [WARPING] §7Sending to server mini151DF...
11:05:39 [EMPTY] §8 §r§8 §r§1 §r§3 §r§3 §r§7 §r§8 
11:05:40 [EMPTY] §f                                        
11:05:42 [EMPTY] 
11:05:42 [EMPTY] 
11:05:42 [PROFILE_JOIN] §aYou are playing on profile: §eBanana§b (Co-op)
11:05:42 [PROFILE_JOIN] §8Profile ID: b1a71305-1956-42bf-90e4-bce6f7285754
11:05:47 [EMPTY]  
11:05:47 [BESTIARY] §f                                  §6§lBESTIARY
11:05:47 [BESTIARY] §f                         §b§lGlacite Mage §7§8VIII §8➡§b §bIX
11:05:47 [BESTIARY] 
11:05:47 [BESTIARY] §f                                  §r§6§lREWARDS
11:05:47 [BESTIARY] §f                      §r§8+§r§a3 Glacite Mage §r§b✯ Magic Find
11:05:47 [BESTIARY] §f                       §r§8+§r§a3 Glacite Mage §r§c❁ Strength
11:05:47 [BESTIARY] §f                          §r§8+§r§62% §r§aGlacite Mage §r§7coins
11:05:47 [BESTIARY] §f                    §r§8+§r§a50% §r§7chance for extra XP orbs
11:05:47 [BESTIARY] §f                               §r§8+§r§b1 SkyBlock XP
11:05:47 [BESTIARY] 
11:05:47 [BESTIARY] §3§l▬▬▬▬▬▬▬▬▬▬▬▬▬▬▬▬▬▬▬▬▬▬▬▬▬▬▬▬▬▬▬▬▬▬▬▬▬▬▬▬▬▬▬▬▬▬▬▬▬▬▬▬▬▬▬▬▬▬▬▬▬▬▬▬
11:06:18 [EMPTY] 
11:10:40 [GUILD_EXP] §aYou earned §r§2583 GEXP §r§a+ §r§e1,749 Event EXP §r§afrom playing SkyBlock!
11:12:46 [WARPING] §7Sending to server mini28DD...
11:12:47 [EMPTY] §8 §r§8 §r§1 §r§3 §r§3 §r§7 §r§8 
11:12:50 [PROFILE_JOIN] §aYou are playing on profile: §eBanana§b (Co-op)
11:12:50 [PROFILE_JOIN] §8Profile ID: b1a71305-1956-42bf-90e4-bce6f7285754
11:14:31 [GUILD_EXP] §aYou earned §r§2103 GEXP §r§a+ §r§e309 Event EXP §r§afrom playing SkyBlock!
11:19:36 [GUILD_EXP] §aYou earned §r§2221 GEXP §r§a+ §r§e663 Event EXP §r§afrom playing SkyBlock!
11:22:36 [EMPTY] 
11:24:14 [EMPTY] §f                                        
11:24:14 [EMPTY] §f                                        
11:42:40 [WARPING] §7Warping...
11:44:22 [EMPTY] §f                                        
11:45:00 [GUILD_EXP] §aYou earned §r§2486 GEXP §r§a+ §r§e1,458 Event EXP §r§afrom playing SkyBlock!
11:45:33 [WARPING] §7Warping...
11:50:05 [GUILD_EXP] §aYou earned §r§2396 GEXP §r§a+ §r§e1,188 Event EXP §r§afrom playing SkyBlock!
11:52:47 [WARPING] §7Warping...
11:53:58 [WARPING] §7Warping...
11:55:09 [GUILD_EXP] §aYou earned §r§2686 GEXP §r§a+ §r§e2,058 Event EXP §r§afrom playing SkyBlock!
11:57:36 [WARPING] §7Warping...
11:59:13 [WARPING] §7Warping...
12:00:12 [GUILD_EXP] §aYou earned §r§2535 GEXP §r§a+ §r§e1,605 Event EXP §r§afrom playing SkyBlock!
12:00:56 [EMPTY] §f
12:00:56 [WATCHDOG] §4[WATCHDOG ANNOUNCEMENT]
12:00:56 [WATCHDOG] §fWatchdog has banned §r§c§l16,720§r§f players in the last 7 days.
12:00:56 [WATCHDOG] §fStaff have banned an additional §r§c§l15,339§r§f in the last 7 days.
12:00:56 [WATCHDOG] §cBlacklisted modifications are a bannable offense!
12:00:56 [WATCHDOG] §c
12:02:36 [EMPTY] 
12:03:49 [WARPING] §7Warping...
12:04:13 [EMPTY] §f                                        
12:04:13 [EMPTY] §f                                        
12:05:16 [GUILD_EXP] §aYou earned §r§2531 GEXP §r§a+ §r§e1,593 Event EXP §r§afrom playing SkyBlock!
12:06:02 [WARPING] §7Warping...
12:09:24 [WARPING] §7Warping...
12:10:21 [GUILD_EXP] §aYou earned §r§2665 GEXP §r§a+ §r§e1,995 Event EXP §r§afrom playing SkyBlock!
12:11:56 [WARPING] §7Sending to server mini183S...
12:11:57 [EMPTY] §8 §r§8 §r§1 §r§3 §r§3 §r§7 §r§8 
12:11:59 [EMPTY] 
12:11:59 [EMPTY] 
12:12:00 [PROFILE_JOIN] §aYou are playing on profile: §eBanana§b (Co-op)
12:12:00 [PROFILE_JOIN] §8Profile ID: b1a71305-1956-42bf-90e4-bce6f7285754
12:16:57 [GUILD_EXP] §aYou earned §r§2498 GEXP §r§a+ §r§e1,494 Event EXP §r§afrom playing SkyBlock!
12:18:30 [WARPING] §7Sending to server mini14AR...
12:18:31 [EMPTY] §8 §r§8 §r§1 §r§3 §r§3 §r§7 §r§8 
12:18:35 [PROFILE_JOIN] §aYou are playing on profile: §eBanana§b (Co-op)
12:18:35 [PROFILE_JOIN] §8Profile ID: b1a71305-1956-42bf-90e4-bce6f7285754
12:22:49 [WARPING] §7Warping...
12:23:18 [GUILD_EXP] §aYou earned §r§2525 GEXP §r§a+ §r§e1,575 Event EXP §r§afrom playing SkyBlock!
12:24:51 [EMPTY] §f                                        
12:26:51 [WARPING] §7Warping you to your SkyBlock island...
12:26:52 [WARPING] §7Sending to server mini27CC...
12:26:52 [EMPTY] §8 §r§8 §r§1 §r§3 §r§3 §r§7 §r§8 
12:26:55 [PROFILE_JOIN] §aYou are playing on profile: §eBanana§b (Co-op)
12:26:55 [PROFILE_JOIN] §8Profile ID: b1a71305-1956-42bf-90e4-bce6f7285754
12:29:42 [WARPING] §7Sending to server mini38CB...
12:29:43 [EMPTY] §8 §r§8 §r§1 §r§3 §r§3 §r§7 §r§8 
12:29:43 [EMPTY] 
12:29:43 [EMPTY] 
12:29:43 [EMPTY] 
12:29:43 [EMPTY] 
12:29:43 [EMPTY]  
12:29:43 [EMPTY]   
12:29:44 [REWARD_WRAPPER] §e§l▬▬▬▬▬▬▬▬▬▬▬▬▬▬▬▬▬▬▬▬▬▬▬▬▬▬▬▬▬▬▬▬▬▬▬▬▬▬▬▬▬▬▬▬▬▬▬▬▬▬▬▬▬▬▬▬▬▬▬▬▬▬▬▬
12:29:44 [EMPTY] 
12:29:44 [POWDER_REWARD_HEADER]   §r§a§lREWARDS
12:29:44 [REWARD_WRAPPER] §e§l▬▬▬▬▬▬▬▬▬▬▬▬▬▬▬▬▬▬▬▬▬▬▬▬▬▬▬▬▬▬▬▬▬▬▬▬▬▬▬▬▬▬▬▬▬▬▬▬▬▬▬▬▬▬▬▬▬▬▬▬▬▬▬▬
12:29:44 [EMPTY]  
12:29:44 [EMPTY]  
12:29:44 [EMPTY]  
12:29:44 [REWARD_WRAPPER] §e§l▬▬▬▬▬▬▬▬▬▬▬▬▬▬▬▬▬▬▬▬▬▬▬▬▬▬▬▬▬▬▬▬▬▬▬▬▬▬▬▬▬▬▬▬▬▬▬▬▬▬▬▬▬▬▬▬▬▬▬▬▬▬▬▬
12:29:44 [EMPTY] 
12:29:44 [POWDER_REWARD_HEADER]   §r§a§lREWARDS
12:29:44 [REWARD_WRAPPER] §e§l▬▬▬▬▬▬▬▬▬▬▬▬▬▬▬▬▬▬▬▬▬▬▬▬▬▬▬▬▬▬▬▬▬▬▬▬▬▬▬▬▬▬▬▬▬▬▬▬▬▬▬▬▬▬▬▬▬▬▬▬▬▬▬▬
12:29:45 [REWARD_WRAPPER] §e§l▬▬▬▬▬▬▬▬▬▬▬▬▬▬▬▬▬▬▬▬▬▬▬▬▬▬▬▬▬▬▬▬▬▬▬▬▬▬▬▬▬▬▬▬▬▬▬▬▬▬▬▬▬▬▬▬▬▬▬▬▬▬▬▬
12:29:45 [EMPTY] 
12:29:45 [POWDER_REWARD_HEADER]   §r§a§lREWARDS
12:29:45 [REWARD_WRAPPER] §e§l▬▬▬▬▬▬▬▬▬▬▬▬▬▬▬▬▬▬▬▬▬▬▬▬▬▬▬▬▬▬▬▬▬▬▬▬▬▬▬▬▬▬▬▬▬▬▬▬▬▬▬▬▬▬▬▬▬▬▬▬▬▬▬▬
12:29:47 [PROFILE_JOIN] §8Profile ID: 8eba49d2-942a-4019-ad0e-afb5ccda2e13
12:30:08 [EMPTY] 
12:31:59 [EMPTY] 
12:32:11 [WARPING] §7Sending to server mini143DE...
12:32:12 [EMPTY] §8 §r§8 §r§1 §r§3 §r§3 §r§7 §r§8 
12:32:15 [PROFILE_JOIN] §8Profile ID: b1a71305-1956-42bf-90e4-bce6f7285754
12:32:18 [WARPING] §7Warping...
12:32:18 [WARPING] §7Sending to server mini61CF...
12:32:19 [EMPTY] §8 §r§8 §r§1 §r§3 §r§3 §r§7 §r§8 
12:32:22 [PROFILE_JOIN] §aYou are playing on profile: §eBanana§b (Co-op)
12:32:22 [PROFILE_JOIN] §8Profile ID: b1a71305-1956-42bf-90e4-bce6f7285754
12:34:41 [GUILD_EXP] §aYou earned §r§2188 GEXP §r§a+ §r§e564 Event EXP §r§afrom playing SkyBlock!
12:35:06 [WARPING] §7Warping...
12:36:44 [WARPING] §7Warping...
12:38:15 [WARPING] §7Warping...
12:39:46 [GUILD_EXP] §aYou earned §r§2748 GEXP §r§a+ §r§e2,244 Event EXP §r§afrom playing SkyBlock!
12:40:31 [EMPTY] 
12:41:06 [EMPTY]  
12:41:06 [EMPTY]  
12:41:06 [EMPTY]  
12:42:53 [WARPING] §7Warping...
12:44:49 [GUILD_EXP] §aYou earned §r§2715 GEXP §r§a+ §r§e2,145 Event EXP §r§afrom playing SkyBlock!
12:45:09 [EMPTY] 
12:46:58 [EMPTY] §f                                        
12:46:58 [EMPTY] §f                                        
12:48:08 [WARPING] §7Warping...
12:49:12 [WARPING] §7Warping...
12:49:52 [GUILD_EXP] §aYou earned §r§2543 GEXP §r§a+ §r§e1,629 Event EXP §r§afrom playing SkyBlock!
12:50:19 [WARPING] §7Sending to server mini146DP...
12:50:20 [EMPTY] §8 §r§8 §r§1 §r§3 §r§3 §r§7 §r§8 
12:50:20 [EMPTY] §f                                        
12:50:22 [EMPTY] 
12:50:22 [EMPTY] 
12:50:22 [PROFILE_JOIN] §aYou are playing on profile: §eBanana§b (Co-op)
12:50:22 [PROFILE_JOIN] §8Profile ID: b1a71305-1956-42bf-90e4-bce6f7285754
12:50:37 [EMPTY]  
12:50:37 [BESTIARY] §f                                  §6§lBESTIARY
12:50:37 [BESTIARY] §f                       §b§lGlacite Bowman §7§8VII §8➡§b §bVIII
12:50:37 [BESTIARY] 
12:50:37 [BESTIARY] §f                                  §r§6§lREWARDS
12:50:37 [BESTIARY] §f                     §r§8+§r§a3 Glacite Bowman §r§b✯ Magic Find
12:50:37 [BESTIARY] §f                      §r§8+§r§a3 Glacite Bowman §r§c❁ Strength
12:50:37 [BESTIARY] §f                         §r§8+§r§62% §r§aGlacite Bowman §r§7coins
12:50:37 [BESTIARY] §f                    §r§8+§r§a50% §r§7chance for extra XP orbs
12:50:37 [BESTIARY] §f                               §r§8+§r§b1 SkyBlock XP
12:50:37 [BESTIARY] 
12:50:37 [BESTIARY] §3§l▬▬▬▬▬▬▬▬▬▬▬▬▬▬▬▬▬▬▬▬▬▬▬▬▬▬▬▬▬▬▬▬▬▬▬▬▬▬▬▬▬▬▬▬▬▬▬▬▬▬▬▬▬▬▬▬▬▬▬▬▬▬▬▬
12:50:40 [EMPTY] 
12:50:53 [EMPTY]  
12:50:53 [BESTIARY] §f                                  §6§lBESTIARY
12:50:53 [BESTIARY] §f                           §b§lGlacite Mutt §7§8IX §8➡§b §bX
12:50:53 [BESTIARY] 
12:50:53 [BESTIARY] §f                                  §r§6§lREWARDS
12:50:53 [BESTIARY] §f                       §r§8+§r§a3 Glacite Mutt §r§b✯ Magic Find
12:50:53 [BESTIARY] §f                        §r§8+§r§a3 Glacite Mutt §r§c❁ Strength
12:50:53 [BESTIARY] §f                           §r§8+§r§62% §r§aGlacite Mutt §r§7coins
12:50:53 [BESTIARY] §f                    §r§8+§r§a50% §r§7chance for extra XP orbs
12:50:53 [BESTIARY] §f                               §r§8+§r§b1 SkyBlock XP
12:50:53 [BESTIARY] 
12:50:53 [BESTIARY] §3§l▬▬▬▬▬▬▬▬▬▬▬▬▬▬▬▬▬▬▬▬▬▬▬▬▬▬▬▬▬▬▬▬▬▬▬▬▬▬▬▬▬▬▬▬▬▬▬▬▬▬▬▬▬▬▬▬▬▬▬▬▬▬▬▬
12:50:57 [EMPTY] 
12:55:20 [GUILD_EXP] §aYou earned §r§2573 GEXP §r§a+ §r§e1,719 Event EXP §r§afrom playing SkyBlock!
12:56:42 [WARPING] §7Sending to server mini39AM...
12:56:42 [EMPTY] §8 §r§8 §r§1 §r§3 §r§3 §r§7 §r§8 
12:56:45 [PROFILE_JOIN] §aYou are playing on profile: §eBanana§b (Co-op)
12:56:45 [PROFILE_JOIN] §8Profile ID: b1a71305-1956-42bf-90e4-bce6f7285754
13:01:32 [GUILD_EXP] §aYou earned §r§2160 GEXP §r§a+ §r§e480 Event EXP §r§afrom playing SkyBlock!
13:05:59 [EMPTY] §f                                        
13:06:35 [GUILD_EXP] §aYou earned §r§298 GEXP §r§a+ §r§e294 Event EXP §r§afrom playing SkyBlock!
13:13:07 [WARPING] §7Warping you to your SkyBlock island...
13:13:07 [WARPING] §7Sending to server mini7W...
13:13:08 [EMPTY] §8 §r§8 §r§1 §r§3 §r§3 §r§7 §r§8 
13:13:11 [PROFILE_JOIN] §aYou are playing on profile: §eBanana§b (Co-op)
13:13:11 [PROFILE_JOIN] §8Profile ID: b1a71305-1956-42bf-90e4-bce6f7285754
13:13:19 [WARPING] §7Sending to server mini236H...
13:13:19 [EMPTY] §8 §r§8 §r§1 §r§3 §r§3 §r§7 §r§8 
13:13:23 [PROFILE_JOIN] §aYou are playing on profile: §eBanana§b (Co-op)
13:13:23 [PROFILE_JOIN] §8Profile ID: b1a71305-1956-42bf-90e4-bce6f7285754
13:13:23 [WARPING] §dWarped to Election Room§r§d!
13:14:20 [WARPING] §dWarped to Community Center§r§d!
13:14:33 [WARPING] §dWarped to Election Room§r§d!
13:14:47 [WARPING] §dWarped to Community Center§r§d!
13:15:01 [SKYMALL] §bNew day! §r§eYour §r§2Sky Mall §r§ebuff changed!
13:15:01 [SKYMALL] §eNew buff§r§r§r: §r§f§r§a10x §r§fchance to find Golden and Diamond Goblins.
13:15:01 [SKYMALL] §8§oYou can disable this messaging by toggling Sky Mall in your /hotm!
13:15:09 [EMPTY] 
13:15:54 [EMPTY] 
13:19:12 [GUILD_EXP] §aYou earned §r§2301 GEXP §r§a+ §r§e903 Event EXP §r§afrom playing SkyBlock!
