13:57:15 §b[MVP§f+§b] Sebbebas§f §6joined the lobby!
13:57:15  §b>§c>§a>§r §r§6[MVP§0++§6] TTMaLong§f §6joined the lobby!§r §a<§c<§b<
13:57:18 §b[MVP§c+§b] EitanTheMighty§f §6joined the lobby!
13:57:19 §b[MVP§c+§b] g27a§f §6joined the lobby!
13:59:33 §b[MVP§f+§b] Sebbebas§f §6joined the lobby!
18:35:15 §b[MVP§f+§b] Sebbebas§f §6joined the lobby!
18:35:16 §b[MVP§d+§b] ItzRisee§f §6joined the lobby!
18:35:18   §r§f§l➤ §r§6You have reached your Hype limit! Add Hype to Prototype Lobby minigames by right-clicking with the Hype Diamond!
18:35:19 §b[MVP§d+§b] Poggerchen§f §6joined the lobby!
18:35:21 §b[MVP§9+§b] WolfSoul2042§f §6joined the lobby!
18:35:22 §b[MVP§c+§b] OwlPharaohRL§f §6joined the lobby!
18:35:26 §b[MVP§c+§b] NGDruzzo§f §6joined the lobby!
18:35:26 §b[MVP§d+§b] Poggets§f §6joined the lobby!
18:35:27 §b[MVP§6+§b] Burgr127§f §6joined the lobby!
18:35:30 §b[MVP§2+§b] ItalianJesus§f §6joined the lobby!
18:35:30 §b[MVP§d+§b] ranover3§f §6joined the lobby!
18:35:37 §b[MVP§2+§b] nicktherich§f §6joined the lobby!
18:35:41 §b[MVP§c+§b] RaylessIsBest§f §6joined the lobby!
18:35:42 §b[MVP§f+§b] CorruptBmsYt§f §6joined the lobby!
18:35:44 §b[MVP§2+§b] sillykitty1§f §6joined the lobby!
18:35:44 §b[MVP§d+§b] ImPowful§f §6joined the lobby!
18:35:46 §b[MVP§f+§b] F1800§f §6joined the lobby!
18:35:47 §b[MVP§e+§b] lefw§f §6joined the lobby!
18:35:48 §b[MVP§2+§b] DogBridge§f §6joined the lobby!
18:35:49 §b[MVP§4+§b] SuuerSindre§f §6joined the lobby!
18:35:52 §b[MVP§c+§b] Burstat§f §6joined the lobby!
18:35:52 §b[MVP§9+§b] Cheerful_Blah§f §6joined the lobby!
18:35:58 §b[MVP§6+§b] Jegfff§f §6joined the lobby!
18:35:59 §b[MVP§f+§b] CeeperTerceiro§f §6joined the lobby!
18:36:01 §b[MVP§c+§b] boah7§f §6joined the lobby!
18:36:02 §b[MVP§a+§b] DerKorrekte187§f §6joined the lobby!
18:36:06 §b[MVP§c+§b] bonkatz§f §6joined the lobby!
18:36:10  §b>§c>§a>§r §r§6[MVP§c++§6] MinnieJen§f §6joined the lobby!§r §a<§c<§b<
18:36:10  §b>§c>§a>§r §r§6[MVP§d++§6] ToyaXo§f §6joined the lobby!§r §a<§c<§b<
18:36:12 §b[MVP§2+§b] Akame9090§f §6joined the lobby!
18:36:12 §b[MVP§c+§b] RicerGrower6996§f §6joined the lobby!
18:36:13 §b[MVP§e+§b] KinGFr0sT§f §6joined the lobby!
18:36:14 §b[MVP§f+§b] KoolBoiAlex§f §6joined the lobby!
18:36:14 §b[MVP§c+§b] Lascap03§f §6joined the lobby!
18:36:15 §b[MVP§2+§b] XProKappaX§f §6joined the lobby!
18:36:20  §b>§c>§a>§r §r§6[MVP§9++§6] DisneyLite§f §6joined the lobby!§r §a<§c<§b<
18:36:29 §b[MVP§f+§b] pandoro02§f §6joined the lobby!
18:36:33 §b[MVP§3+§b] embbo§f §6joined the lobby!
18:36:36 §b[MVP§a+§b] NotGenamin§f §6joined the lobby!
18:36:39 §b[MVP§2+§b] SnowDroper§f §6joined the lobby!
18:36:40 §b[MVP§9+§b] TSQN§f §6joined the lobby!
18:36:43 §b[MVP§2+§b] Clouudyy§f §6joined the lobby!
18:36:47 §b[MVP§c+§b] Kiwidirektsaft§f §6joined the lobby!
18:36:47 §b[MVP§2+§b] btks§f §6joined the lobby!
18:36:51 §b[MVP§c+§b] Roosey_§f §6joined the lobby!
18:36:51 §b[MVP§a+§b] shadxw_08§f §6joined the lobby!
18:36:53 §b[MVP§0+§b] Epicolly3031§f §6joined the lobby!
18:36:54 §b[MVP§f+§b] I_Normal_Person§f §6joined the lobby!
18:36:54 §b[MVP§c+§b] NeXuS15§f §6joined the lobby!
18:36:54 §b[MVP§c+§b] Arthuriscool1§f §6joined the lobby!
18:36:56 §b[MVP§c+§b] csmithers934§f §6joined the lobby!
18:36:57 §b[MVP§2+§b] ItsLeafachu§f §6joined the lobby!
18:36:58 §b[MVP§f+§b] lout0§f §6joined the lobby!
18:36:59 §b[MVP§9+§b] Weebsause§f §6joined the lobby!
18:36:59 §b[MVP§c+§b] ProlinePlus§f §6joined the lobby!
18:37:10 §b[MVP§c+§b] junseo_j§f §6joined the lobby!
18:37:10 §b[MVP§2+§b] einfachwolfi§f §6joined the lobby!
18:37:11 §b[MVP§f+§b] ThatVeenex§f §6joined the lobby!
18:37:12  §b>§c>§a>§r §r§6[MVP§f++§6] Code90§f §6joined the lobby!§r §a<§c<§b<
