21:21:47 `Skeleton`1276225 missed {
 is already Found: false).
 Position: LorenzVec{x=-85.5, y=69.0, z=-159.5}
 DistanceC: 13.333856937339334
Relative Position: LorenzVec{x=1.7434065071269345, y=0.0, z=13.333856937339334}
 }
21:21:47 `Skeleton`1276229 missed {
 is already Found: false).
 Position: LorenzVec{x=-87.96875, y=69.0, z=-163.34375}
 DistanceC: 9.490106937339334
Relative Position: LorenzVec{x=-0.7253434928730655, y=0.0, z=9.490106937339334}
 }
21:21:47 `Skeleton`1276231 missed {
 is already Found: false).
 Position: LorenzVec{x=-87.96875, y=69.0, z=-160.34375}
 DistanceC: 12.490106937339334
Relative Position: LorenzVec{x=-0.7253434928730655, y=0.0, z=12.490106937339334}
 }
21:21:47 `Skeleton`1276233 missed {
 is already Found: false).
 Position: LorenzVec{x=-85.5, y=69.0, z=-159.5}
 DistanceC: 13.333856937339334
Relative Position: LorenzVec{x=1.7434065071269345, y=0.0, z=13.333856937339334}
 }
21:21:47 `Dinnerbone`1276235 missed {
 is already Found: false).
 Position: LorenzVec{x=-86.5, y=69.0, z=-159.5}
 DistanceC: 13.333856937339334
Relative Position: LorenzVec{x=0.7434065071269345, y=0.0, z=13.333856937339334}
 }
21:21:47 `Skeleton`1276237 missed {
 is already Found: false).
 Position: LorenzVec{x=-87.03125, y=69.0, z=-163.34375}
 DistanceC: 9.490106937339334
Relative Position: LorenzVec{x=0.21215650712693446, y=0.0, z=9.490106937339334}
 }
21:21:47 `Zombie`1276342 missed {
 is already Found: false).
 Position: LorenzVec{x=-98.5, y=66.0, z=-160.5}
 DistanceC: 12.333856937339334
Relative Position: LorenzVec{x=-11.256593492873066, y=-3.0, z=12.333856937339334}
 }
21:21:47 `Zombie`1276344 missed {
 is already Found: false).
 Position: LorenzVec{x=-96.5, y=48.0, z=-160.5}
 DistanceC: 12.333856937339334
Relative Position: LorenzVec{x=-9.256593492873066, y=-21.0, z=12.333856937339334}
 }
21:21:47 `Skeleton`1276346 missed {
 is already Found: false).
 Position: LorenzVec{x=-95.6875, y=48.0, z=-163.21875}
 DistanceC: 9.615106937339334
Relative Position: LorenzVec{x=-8.444093492873066, y=-21.0, z=9.615106937339334}
 }
21:21:47 `Zombie`1276348 missed {
 is already Found: false).
 Position: LorenzVec{x=-101.25, y=48.0, z=-159.625}
 DistanceC: 14.006593492873066
Relative Position: LorenzVec{x=-14.006593492873066, y=-21.0, z=13.208856937339334}
 }
21:32:25 `Skeleton`1276303 missed {
 is already Found: false).
 Position: LorenzVec{x=-100.53125, y=59.0, z=-87.0625}
 DistanceC: 21.845536862895955
Relative Position: LorenzVec{x=-2.1420745023476258, y=-10.0, z=-21.845536862895955}
 }
21:38:04 `Skeleton`1276258 missed {
 is already Found: false).
 Position: LorenzVec{x=-85.15625, y=54.0, z=-101.53125}
 DistanceC: 8.793749988079071
Relative Position: LorenzVec{x=8.793749988079071, y=-16.249187078744683, z=-8.343957309649753}
 }
21:38:20 `Skeleton`1276258 missed {
 is already Found: false).
 Position: LorenzVec{x=-85.15625, y=54.0, z=-101.53125}
 DistanceC: 5.669505743465919
Relative Position: LorenzVec{x=-0.9384375230818449, y=0.0, z=5.669505743465919}
 }
21:38:29 `Bat`1301552 missed {
 is already Found: false).
 Position: LorenzVec{x=-73.5, y=64.28125, z=-153.5}
 DistanceC: 18.137666820526533
Relative Position: LorenzVec{x=-18.137666820526533, y=-4.640349998474122, z=-3.2645424229845332}
 }
21:38:29 `Bat`1301554 missed {
 is already Found: false).
 Position: LorenzVec{x=-73.5, y=64.28125, z=-152.5}
 DistanceC: 18.137666820526533
Relative Position: LorenzVec{x=-18.137666820526533, y=-4.640349998474122, z=-2.2645424229845332}
 }
21:38:29 `Bat`1301556 missed {
 is already Found: false).
 Position: LorenzVec{x=-73.5, y=64.28125, z=-151.5}
 DistanceC: 18.137666820526533
Relative Position: LorenzVec{x=-18.137666820526533, y=-4.640349998474122, z=-1.2645424229845332}
 }
21:38:29 `Bat`1301558 missed {
 is already Found: false).
 Position: LorenzVec{x=-73.5, y=65.28125, z=-153.5}
 DistanceC: 18.137666820526533
Relative Position: LorenzVec{x=-18.137666820526533, y=-3.6403499984741217, z=-3.2645424229845332}
 }
21:38:29 `Bat`1301560 missed {
 is already Found: false).
 Position: LorenzVec{x=-73.5, y=65.28125, z=-152.5}
 DistanceC: 18.137666820526533
Relative Position: LorenzVec{x=-18.137666820526533, y=-3.6403499984741217, z=-2.2645424229845332}
 }
21:38:29 `Bat`1301562 missed {
 is already Found: false).
 Position: LorenzVec{x=-73.5, y=65.28125, z=-151.5}
 DistanceC: 18.137666820526533
Relative Position: LorenzVec{x=-18.137666820526533, y=-3.6403499984741217, z=-1.2645424229845332}
 }
21:38:29 `Bat`1301564 missed {
 is already Found: false).
 Position: LorenzVec{x=-73.5, y=66.28125, z=-153.5}
 DistanceC: 18.137666820526533
Relative Position: LorenzVec{x=-18.137666820526533, y=-2.6403499984741217, z=-3.2645424229845332}
 }
21:38:29 `Bat`1301566 missed {
 is already Found: false).
 Position: LorenzVec{x=-73.5, y=66.28125, z=-152.5}
 DistanceC: 18.137666820526533
Relative Position: LorenzVec{x=-18.137666820526533, y=-2.6403499984741217, z=-2.2645424229845332}
 }
21:38:29 `Bat`1301568 missed {
 is already Found: false).
 Position: LorenzVec{x=-73.5, y=66.28125, z=-151.5}
 DistanceC: 18.137666820526533
Relative Position: LorenzVec{x=-18.137666820526533, y=-2.6403499984741217, z=-1.2645424229845332}
 }
21:38:29 `Bat`1301570 missed {
 is already Found: false).
 Position: LorenzVec{x=-73.5, y=67.28125, z=-153.5}
 DistanceC: 18.137666820526533
Relative Position: LorenzVec{x=-18.137666820526533, y=-1.6403499984741217, z=-3.2645424229845332}
 }
21:38:29 `Bat`1301572 missed {
 is already Found: false).
 Position: LorenzVec{x=-73.5, y=67.28125, z=-152.5}
 DistanceC: 18.137666820526533
Relative Position: LorenzVec{x=-18.137666820526533, y=-1.6403499984741217, z=-2.2645424229845332}
 }
21:38:29 `Bat`1301574 missed {
 is already Found: false).
 Position: LorenzVec{x=-73.5, y=67.28125, z=-151.5}
 DistanceC: 18.137666820526533
Relative Position: LorenzVec{x=-18.137666820526533, y=-1.6403499984741217, z=-1.2645424229845332}
 }
21:38:29 `Bat`1301576 missed {
 is already Found: false).
 Position: LorenzVec{x=-72.5, y=64.28125, z=-153.5}
 DistanceC: 17.137666820526533
Relative Position: LorenzVec{x=-17.137666820526533, y=-4.640349998474122, z=-3.2645424229845332}
 }
21:38:29 `Bat`1301578 missed {
 is already Found: false).
 Position: LorenzVec{x=-72.5, y=64.28125, z=-152.5}
 DistanceC: 17.137666820526533
Relative Position: LorenzVec{x=-17.137666820526533, y=-4.640349998474122, z=-2.2645424229845332}
 }
21:38:29 `Bat`1301580 missed {
 is already Found: false).
 Position: LorenzVec{x=-72.5, y=64.28125, z=-151.5}
 DistanceC: 17.137666820526533
Relative Position: LorenzVec{x=-17.137666820526533, y=-4.640349998474122, z=-1.2645424229845332}
 }
21:38:29 `Bat`1301582 missed {
 is already Found: false).
 Position: LorenzVec{x=-72.5, y=65.28125, z=-153.5}
 DistanceC: 17.137666820526533
Relative Position: LorenzVec{x=-17.137666820526533, y=-3.6403499984741217, z=-3.2645424229845332}
 }
21:38:29 `Bat`1301584 missed {
 is already Found: false).
 Position: LorenzVec{x=-72.5, y=65.28125, z=-152.5}
 DistanceC: 17.137666820526533
Relative Position: LorenzVec{x=-17.137666820526533, y=-3.6403499984741217, z=-2.2645424229845332}
 }
21:38:29 `Bat`1301586 missed {
 is already Found: false).
 Position: LorenzVec{x=-72.5, y=65.28125, z=-151.5}
 DistanceC: 17.137666820526533
Relative Position: LorenzVec{x=-17.137666820526533, y=-3.6403499984741217, z=-1.2645424229845332}
 }
21:38:29 `Bat`1301588 missed {
 is already Found: false).
 Position: LorenzVec{x=-72.5, y=66.28125, z=-153.5}
 DistanceC: 17.137666820526533
Relative Position: LorenzVec{x=-17.137666820526533, y=-2.6403499984741217, z=-3.2645424229845332}
 }
21:38:29 `Bat`1301590 missed {
 is already Found: false).
 Position: LorenzVec{x=-72.5, y=66.28125, z=-152.5}
 DistanceC: 17.137666820526533
Relative Position: LorenzVec{x=-17.137666820526533, y=-2.6403499984741217, z=-2.2645424229845332}
 }
21:38:29 `Bat`1301592 missed {
 is already Found: false).
 Position: LorenzVec{x=-72.5, y=66.28125, z=-151.5}
 DistanceC: 17.137666820526533
Relative Position: LorenzVec{x=-17.137666820526533, y=-2.6403499984741217, z=-1.2645424229845332}
 }
21:38:29 `Bat`1301594 missed {
 is already Found: false).
 Position: LorenzVec{x=-72.5, y=67.28125, z=-153.5}
 DistanceC: 17.137666820526533
Relative Position: LorenzVec{x=-17.137666820526533, y=-1.6403499984741217, z=-3.2645424229845332}
 }
21:38:29 `Bat`1301596 missed {
 is already Found: false).
 Position: LorenzVec{x=-72.5, y=67.28125, z=-152.5}
 DistanceC: 17.137666820526533
Relative Position: LorenzVec{x=-17.137666820526533, y=-1.6403499984741217, z=-2.2645424229845332}
 }
21:38:29 `Bat`1301598 missed {
 is already Found: false).
 Position: LorenzVec{x=-72.5, y=67.28125, z=-151.5}
 DistanceC: 17.137666820526533
Relative Position: LorenzVec{x=-17.137666820526533, y=-1.6403499984741217, z=-1.2645424229845332}
 }
21:38:29 `Bat`1301600 missed {
 is already Found: false).
 Position: LorenzVec{x=-71.5, y=64.28125, z=-153.5}
 DistanceC: 16.137666820526533
Relative Position: LorenzVec{x=-16.137666820526533, y=-4.640349998474122, z=-3.2645424229845332}
 }
21:38:29 `Bat`1301602 missed {
 is already Found: false).
 Position: LorenzVec{x=-71.5, y=64.28125, z=-152.5}
 DistanceC: 16.137666820526533
Relative Position: LorenzVec{x=-16.137666820526533, y=-4.640349998474122, z=-2.2645424229845332}
 }
21:38:29 `Bat`1301604 missed {
 is already Found: false).
 Position: LorenzVec{x=-71.5, y=64.28125, z=-151.5}
 DistanceC: 16.137666820526533
Relative Position: LorenzVec{x=-16.137666820526533, y=-4.640349998474122, z=-1.2645424229845332}
 }
21:38:29 `Bat`1301606 missed {
 is already Found: false).
 Position: LorenzVec{x=-71.5, y=65.28125, z=-153.5}
 DistanceC: 16.137666820526533
Relative Position: LorenzVec{x=-16.137666820526533, y=-3.6403499984741217, z=-3.2645424229845332}
 }
21:38:29 `Bat`1301608 missed {
 is already Found: false).
 Position: LorenzVec{x=-71.5, y=65.28125, z=-152.5}
 DistanceC: 16.137666820526533
Relative Position: LorenzVec{x=-16.137666820526533, y=-3.6403499984741217, z=-2.2645424229845332}
 }
21:38:29 `Bat`1301610 missed {
 is already Found: false).
 Position: LorenzVec{x=-71.5, y=65.28125, z=-151.5}
 DistanceC: 16.137666820526533
Relative Position: LorenzVec{x=-16.137666820526533, y=-3.6403499984741217, z=-1.2645424229845332}
 }
21:38:29 `Bat`1301612 missed {
 is already Found: false).
 Position: LorenzVec{x=-71.5, y=66.28125, z=-153.5}
 DistanceC: 16.137666820526533
Relative Position: LorenzVec{x=-16.137666820526533, y=-2.6403499984741217, z=-3.2645424229845332}
 }
21:38:29 `Bat`1301614 missed {
 is already Found: false).
 Position: LorenzVec{x=-71.5, y=66.28125, z=-152.5}
 DistanceC: 16.137666820526533
Relative Position: LorenzVec{x=-16.137666820526533, y=-2.6403499984741217, z=-2.2645424229845332}
 }
21:38:29 `Bat`1301616 missed {
 is already Found: false).
 Position: LorenzVec{x=-71.5, y=66.28125, z=-151.5}
 DistanceC: 16.137666820526533
Relative Position: LorenzVec{x=-16.137666820526533, y=-2.6403499984741217, z=-1.2645424229845332}
 }
21:39:08 `Bat`1306783 missed {
 is already Found: false).
 Position: LorenzVec{x=-57.5, y=64.28125, z=-137.5}
 DistanceC: 15.800000011920929
Relative Position: LorenzVec{x=8.181980735840554, y=-10.71875, z=-15.800000011920929}
 }
21:39:08 `Bat`1306785 missed {
 is already Found: false).
 Position: LorenzVec{x=-57.5, y=64.28125, z=-136.5}
 DistanceC: 14.800000011920929
Relative Position: LorenzVec{x=8.181980735840554, y=-10.71875, z=-14.800000011920929}
 }
21:39:08 `Bat`1306787 missed {
 is already Found: false).
 Position: LorenzVec{x=-57.5, y=64.28125, z=-135.5}
 DistanceC: 13.800000011920929
Relative Position: LorenzVec{x=8.181980735840554, y=-10.71875, z=-13.800000011920929}
 }
21:39:08 `Bat`1306789 missed {
 is already Found: false).
 Position: LorenzVec{x=-57.5, y=65.28125, z=-137.5}
 DistanceC: 15.800000011920929
Relative Position: LorenzVec{x=8.181980735840554, y=-9.71875, z=-15.800000011920929}
 }
21:39:08 `Bat`1306791 missed {
 is already Found: false).
 Position: LorenzVec{x=-57.5, y=65.28125, z=-136.5}
 DistanceC: 14.800000011920929
Relative Position: LorenzVec{x=8.181980735840554, y=-9.71875, z=-14.800000011920929}
 }
21:39:08 `Bat`1306793 missed {
 is already Found: false).
 Position: LorenzVec{x=-57.5, y=65.28125, z=-135.5}
 DistanceC: 13.800000011920929
Relative Position: LorenzVec{x=8.181980735840554, y=-9.71875, z=-13.800000011920929}
 }
21:39:08 `Bat`1306795 missed {
 is already Found: false).
 Position: LorenzVec{x=-57.5, y=66.28125, z=-137.5}
 DistanceC: 15.800000011920929
Relative Position: LorenzVec{x=8.181980735840554, y=-8.71875, z=-15.800000011920929}
 }
21:39:08 `Bat`1306797 missed {
 is already Found: false).
 Position: LorenzVec{x=-57.5, y=66.28125, z=-136.5}
 DistanceC: 14.800000011920929
Relative Position: LorenzVec{x=8.181980735840554, y=-8.71875, z=-14.800000011920929}
 }
21:39:08 `Bat`1306799 missed {
 is already Found: false).
 Position: LorenzVec{x=-57.5, y=66.28125, z=-135.5}
 DistanceC: 13.800000011920929
Relative Position: LorenzVec{x=8.181980735840554, y=-8.71875, z=-13.800000011920929}
 }
21:39:08 `Bat`1306801 missed {
 is already Found: false).
 Position: LorenzVec{x=-57.5, y=67.28125, z=-137.5}
 DistanceC: 15.800000011920929
Relative Position: LorenzVec{x=8.181980735840554, y=-7.71875, z=-15.800000011920929}
 }
21:39:08 `Bat`1306803 missed {
 is already Found: false).
 Position: LorenzVec{x=-57.5, y=67.28125, z=-136.5}
 DistanceC: 14.800000011920929
Relative Position: LorenzVec{x=8.181980735840554, y=-7.71875, z=-14.800000011920929}
 }
21:39:08 `Bat`1306805 missed {
 is already Found: false).
 Position: LorenzVec{x=-57.5, y=67.28125, z=-135.5}
 DistanceC: 13.800000011920929
Relative Position: LorenzVec{x=8.181980735840554, y=-7.71875, z=-13.800000011920929}
 }
21:39:08 `Bat`1306807 missed {
 is already Found: false).
 Position: LorenzVec{x=-56.5, y=64.28125, z=-137.5}
 DistanceC: 15.800000011920929
Relative Position: LorenzVec{x=9.181980735840554, y=-10.71875, z=-15.800000011920929}
 }
21:39:08 `Bat`1306809 missed {
 is already Found: false).
 Position: LorenzVec{x=-56.5, y=64.28125, z=-136.5}
 DistanceC: 14.800000011920929
Relative Position: LorenzVec{x=9.181980735840554, y=-10.71875, z=-14.800000011920929}
 }
21:39:08 `Bat`1306811 missed {
 is already Found: false).
 Position: LorenzVec{x=-56.5, y=64.28125, z=-135.5}
 DistanceC: 13.800000011920929
Relative Position: LorenzVec{x=9.181980735840554, y=-10.71875, z=-13.800000011920929}
 }
21:39:08 `Bat`1306813 missed {
 is already Found: false).
 Position: LorenzVec{x=-56.5, y=65.28125, z=-137.5}
 DistanceC: 15.800000011920929
Relative Position: LorenzVec{x=9.181980735840554, y=-9.71875, z=-15.800000011920929}
 }
21:39:08 `Bat`1306815 missed {
 is already Found: false).
 Position: LorenzVec{x=-56.5, y=65.28125, z=-136.5}
 DistanceC: 14.800000011920929
Relative Position: LorenzVec{x=9.181980735840554, y=-9.71875, z=-14.800000011920929}
 }
21:39:08 `Bat`1306817 missed {
 is already Found: false).
 Position: LorenzVec{x=-56.5, y=65.28125, z=-135.5}
 DistanceC: 13.800000011920929
Relative Position: LorenzVec{x=9.181980735840554, y=-9.71875, z=-13.800000011920929}
 }
21:39:08 `Bat`1306819 missed {
 is already Found: false).
 Position: LorenzVec{x=-56.5, y=66.28125, z=-137.5}
 DistanceC: 15.800000011920929
Relative Position: LorenzVec{x=9.181980735840554, y=-8.71875, z=-15.800000011920929}
 }
21:39:08 `Bat`1306821 missed {
 is already Found: false).
 Position: LorenzVec{x=-56.5, y=66.28125, z=-136.5}
 DistanceC: 14.800000011920929
Relative Position: LorenzVec{x=9.181980735840554, y=-8.71875, z=-14.800000011920929}
 }
21:39:08 `Bat`1306823 missed {
 is already Found: false).
 Position: LorenzVec{x=-56.5, y=66.28125, z=-135.5}
 DistanceC: 13.800000011920929
Relative Position: LorenzVec{x=9.181980735840554, y=-8.71875, z=-13.800000011920929}
 }
21:39:08 `Bat`1306825 missed {
 is already Found: false).
 Position: LorenzVec{x=-56.5, y=67.28125, z=-137.5}
 DistanceC: 15.800000011920929
Relative Position: LorenzVec{x=9.181980735840554, y=-7.71875, z=-15.800000011920929}
 }
21:39:08 `Bat`1306827 missed {
 is already Found: false).
 Position: LorenzVec{x=-56.5, y=67.28125, z=-136.5}
 DistanceC: 14.800000011920929
Relative Position: LorenzVec{x=9.181980735840554, y=-7.71875, z=-14.800000011920929}
 }
21:39:08 `Bat`1306829 missed {
 is already Found: false).
 Position: LorenzVec{x=-56.5, y=67.28125, z=-135.5}
 DistanceC: 13.800000011920929
Relative Position: LorenzVec{x=9.181980735840554, y=-7.71875, z=-13.800000011920929}
 }
21:39:08 `Bat`1306831 missed {
 is already Found: false).
 Position: LorenzVec{x=-55.5, y=64.28125, z=-137.5}
 DistanceC: 15.800000011920929
Relative Position: LorenzVec{x=10.181980735840554, y=-10.71875, z=-15.800000011920929}
 }
21:39:08 `Bat`1306833 missed {
 is already Found: false).
 Position: LorenzVec{x=-55.5, y=64.28125, z=-136.5}
 DistanceC: 14.800000011920929
Relative Position: LorenzVec{x=10.181980735840554, y=-10.71875, z=-14.800000011920929}
 }
21:39:08 `Bat`1306835 missed {
 is already Found: false).
 Position: LorenzVec{x=-55.5, y=64.28125, z=-135.5}
 DistanceC: 13.800000011920929
Relative Position: LorenzVec{x=10.181980735840554, y=-10.71875, z=-13.800000011920929}
 }
21:39:08 `Bat`1306837 missed {
 is already Found: false).
 Position: LorenzVec{x=-55.5, y=65.28125, z=-137.5}
 DistanceC: 15.800000011920929
Relative Position: LorenzVec{x=10.181980735840554, y=-9.71875, z=-15.800000011920929}
 }
21:39:08 `Bat`1306839 missed {
 is already Found: false).
 Position: LorenzVec{x=-55.5, y=65.28125, z=-136.5}
 DistanceC: 14.800000011920929
Relative Position: LorenzVec{x=10.181980735840554, y=-9.71875, z=-14.800000011920929}
 }
21:39:08 `Bat`1306841 missed {
 is already Found: false).
 Position: LorenzVec{x=-55.5, y=65.28125, z=-135.5}
 DistanceC: 13.800000011920929
Relative Position: LorenzVec{x=10.181980735840554, y=-9.71875, z=-13.800000011920929}
 }
21:39:08 `Bat`1306843 missed {
 is already Found: false).
 Position: LorenzVec{x=-55.5, y=66.28125, z=-137.5}
 DistanceC: 15.800000011920929
Relative Position: LorenzVec{x=10.181980735840554, y=-8.71875, z=-15.800000011920929}
 }
21:39:08 `Bat`1306845 missed {
 is already Found: false).
 Position: LorenzVec{x=-55.5, y=66.28125, z=-136.5}
 DistanceC: 14.800000011920929
Relative Position: LorenzVec{x=10.181980735840554, y=-8.71875, z=-14.800000011920929}
 }
21:39:08 `Bat`1306847 missed {
 is already Found: false).
 Position: LorenzVec{x=-55.5, y=66.28125, z=-135.5}
 DistanceC: 13.800000011920929
Relative Position: LorenzVec{x=10.181980735840554, y=-8.71875, z=-13.800000011920929}
 }
21:39:08 `Bat`1306849 missed {
 is already Found: false).
 Position: LorenzVec{x=-55.5, y=67.28125, z=-137.5}
 DistanceC: 15.800000011920929
Relative Position: LorenzVec{x=10.181980735840554, y=-7.71875, z=-15.800000011920929}
 }
21:39:08 `Bat`1306851 missed {
 is already Found: false).
 Position: LorenzVec{x=-55.5, y=67.28125, z=-136.5}
 DistanceC: 14.800000011920929
Relative Position: LorenzVec{x=10.181980735840554, y=-7.71875, z=-14.800000011920929}
 }
21:39:08 `Bat`1306853 missed {
 is already Found: false).
 Position: LorenzVec{x=-55.5, y=67.28125, z=-135.5}
 DistanceC: 13.800000011920929
Relative Position: LorenzVec{x=10.181980735840554, y=-7.71875, z=-13.800000011920929}
 }
21:39:20 `Bat`1308300 missed {
 is already Found: false).
 Position: LorenzVec{x=-57.5, y=64.28125, z=-105.5}
 DistanceC: 7.471502993313635
Relative Position: LorenzVec{x=-3.013423866578826, y=-4.71875, z=-7.471502993313635}
 }
21:39:20 `Bat`1308302 missed {
 is already Found: false).
 Position: LorenzVec{x=-57.5, y=64.28125, z=-104.5}
 DistanceC: 6.471502993313635
Relative Position: LorenzVec{x=-3.013423866578826, y=-4.71875, z=-6.471502993313635}
 }
21:39:20 `Bat`1308304 missed {
 is already Found: false).
 Position: LorenzVec{x=-57.5, y=64.28125, z=-103.5}
 DistanceC: 5.471502993313635
Relative Position: LorenzVec{x=-3.013423866578826, y=-4.71875, z=-5.471502993313635}
 }
21:39:20 `Bat`1308306 missed {
 is already Found: false).
 Position: LorenzVec{x=-57.5, y=65.28125, z=-105.5}
 DistanceC: 7.471502993313635
Relative Position: LorenzVec{x=-3.013423866578826, y=-3.71875, z=-7.471502993313635}
 }
21:39:20 `Bat`1308308 missed {
 is already Found: false).
 Position: LorenzVec{x=-57.5, y=65.28125, z=-104.5}
 DistanceC: 6.471502993313635
Relative Position: LorenzVec{x=-3.013423866578826, y=-3.71875, z=-6.471502993313635}
 }
21:39:20 `Bat`1308310 missed {
 is already Found: false).
 Position: LorenzVec{x=-57.5, y=65.28125, z=-103.5}
 DistanceC: 5.471502993313635
Relative Position: LorenzVec{x=-3.013423866578826, y=-3.71875, z=-5.471502993313635}
 }
21:39:20 `Bat`1308312 missed {
 is already Found: false).
 Position: LorenzVec{x=-57.5, y=66.28125, z=-105.5}
 DistanceC: 7.471502993313635
Relative Position: LorenzVec{x=-3.013423866578826, y=-2.71875, z=-7.471502993313635}
 }
21:39:20 `Bat`1308314 missed {
 is already Found: false).
 Position: LorenzVec{x=-57.5, y=66.28125, z=-104.5}
 DistanceC: 6.471502993313635
Relative Position: LorenzVec{x=-3.013423866578826, y=-2.71875, z=-6.471502993313635}
 }
21:39:20 `Bat`1308316 missed {
 is already Found: false).
 Position: LorenzVec{x=-57.5, y=66.28125, z=-103.5}
 DistanceC: 5.471502993313635
Relative Position: LorenzVec{x=-3.013423866578826, y=-2.71875, z=-5.471502993313635}
 }
21:39:20 `Bat`1308318 missed {
 is already Found: false).
 Position: LorenzVec{x=-57.5, y=67.28125, z=-105.5}
 DistanceC: 7.471502993313635
Relative Position: LorenzVec{x=-3.013423866578826, y=-1.71875, z=-7.471502993313635}
 }
21:39:20 `Bat`1308320 missed {
 is already Found: false).
 Position: LorenzVec{x=-57.5, y=67.28125, z=-104.5}
 DistanceC: 6.471502993313635
Relative Position: LorenzVec{x=-3.013423866578826, y=-1.71875, z=-6.471502993313635}
 }
21:39:20 `Bat`1308322 missed {
 is already Found: false).
 Position: LorenzVec{x=-57.5, y=67.28125, z=-103.5}
 DistanceC: 5.471502993313635
Relative Position: LorenzVec{x=-3.013423866578826, y=-1.71875, z=-5.471502993313635}
 }
21:39:20 `Bat`1308324 missed {
 is already Found: false).
 Position: LorenzVec{x=-56.5, y=64.28125, z=-105.5}
 DistanceC: 7.471502993313635
Relative Position: LorenzVec{x=-2.013423866578826, y=-4.71875, z=-7.471502993313635}
 }
21:39:20 `Bat`1308326 missed {
 is already Found: false).
 Position: LorenzVec{x=-56.5, y=64.28125, z=-104.5}
 DistanceC: 6.471502993313635
Relative Position: LorenzVec{x=-2.013423866578826, y=-4.71875, z=-6.471502993313635}
 }
21:39:20 `Bat`1308328 missed {
 is already Found: false).
 Position: LorenzVec{x=-56.5, y=64.28125, z=-103.5}
 DistanceC: 5.471502993313635
Relative Position: LorenzVec{x=-2.013423866578826, y=-4.71875, z=-5.471502993313635}
 }
21:39:20 `Bat`1308330 missed {
 is already Found: false).
 Position: LorenzVec{x=-56.5, y=65.28125, z=-105.5}
 DistanceC: 7.471502993313635
Relative Position: LorenzVec{x=-2.013423866578826, y=-3.71875, z=-7.471502993313635}
 }
21:39:20 `Bat`1308332 missed {
 is already Found: false).
 Position: LorenzVec{x=-56.5, y=65.28125, z=-104.5}
 DistanceC: 6.471502993313635
Relative Position: LorenzVec{x=-2.013423866578826, y=-3.71875, z=-6.471502993313635}
 }
21:39:20 `Bat`1308334 missed {
 is already Found: false).
 Position: LorenzVec{x=-56.5, y=65.28125, z=-103.5}
 DistanceC: 5.471502993313635
Relative Position: LorenzVec{x=-2.013423866578826, y=-3.71875, z=-5.471502993313635}
 }
21:39:20 `Bat`1308336 missed {
 is already Found: false).
 Position: LorenzVec{x=-56.5, y=66.28125, z=-105.5}
 DistanceC: 7.471502993313635
Relative Position: LorenzVec{x=-2.013423866578826, y=-2.71875, z=-7.471502993313635}
 }
21:39:20 `Bat`1308338 missed {
 is already Found: false).
 Position: LorenzVec{x=-56.5, y=66.28125, z=-104.5}
 DistanceC: 6.471502993313635
Relative Position: LorenzVec{x=-2.013423866578826, y=-2.71875, z=-6.471502993313635}
 }
21:39:20 `Bat`1308340 missed {
 is already Found: false).
 Position: LorenzVec{x=-56.5, y=66.28125, z=-103.5}
 DistanceC: 5.471502993313635
Relative Position: LorenzVec{x=-2.013423866578826, y=-2.71875, z=-5.471502993313635}
 }
21:39:20 `Bat`1308342 missed {
 is already Found: false).
 Position: LorenzVec{x=-56.5, y=67.28125, z=-105.5}
 DistanceC: 7.471502993313635
Relative Position: LorenzVec{x=-2.013423866578826, y=-1.71875, z=-7.471502993313635}
 }
21:39:20 `Bat`1308344 missed {
 is already Found: false).
 Position: LorenzVec{x=-56.5, y=67.28125, z=-104.5}
 DistanceC: 6.471502993313635
Relative Position: LorenzVec{x=-2.013423866578826, y=-1.71875, z=-6.471502993313635}
 }
21:39:20 `Bat`1308346 missed {
 is already Found: false).
 Position: LorenzVec{x=-56.5, y=67.28125, z=-103.5}
 DistanceC: 5.471502993313635
Relative Position: LorenzVec{x=-2.013423866578826, y=-1.71875, z=-5.471502993313635}
 }
21:39:20 `Bat`1308348 missed {
 is already Found: false).
 Position: LorenzVec{x=-55.5, y=64.28125, z=-105.5}
 DistanceC: 7.471502993313635
Relative Position: LorenzVec{x=-1.013423866578826, y=-4.71875, z=-7.471502993313635}
 }
21:39:20 `Bat`1308350 missed {
 is already Found: false).
 Position: LorenzVec{x=-55.5, y=64.28125, z=-104.5}
 DistanceC: 6.471502993313635
Relative Position: LorenzVec{x=-1.013423866578826, y=-4.71875, z=-6.471502993313635}
 }
21:39:20 `Bat`1308352 missed {
 is already Found: false).
 Position: LorenzVec{x=-55.5, y=64.28125, z=-103.5}
 DistanceC: 5.471502993313635
Relative Position: LorenzVec{x=-1.013423866578826, y=-4.71875, z=-5.471502993313635}
 }
21:39:20 `Bat`1308354 missed {
 is already Found: false).
 Position: LorenzVec{x=-55.5, y=65.28125, z=-105.5}
 DistanceC: 7.471502993313635
Relative Position: LorenzVec{x=-1.013423866578826, y=-3.71875, z=-7.471502993313635}
 }
21:39:20 `Bat`1308356 missed {
 is already Found: false).
 Position: LorenzVec{x=-55.5, y=65.28125, z=-104.5}
 DistanceC: 6.471502993313635
Relative Position: LorenzVec{x=-1.013423866578826, y=-3.71875, z=-6.471502993313635}
 }
21:39:20 `Bat`1308358 missed {
 is already Found: false).
 Position: LorenzVec{x=-55.5, y=65.28125, z=-103.5}
 DistanceC: 5.471502993313635
Relative Position: LorenzVec{x=-1.013423866578826, y=-3.71875, z=-5.471502993313635}
 }
21:39:20 `Bat`1308360 missed {
 is already Found: false).
 Position: LorenzVec{x=-55.5, y=66.28125, z=-105.5}
 DistanceC: 7.471502993313635
Relative Position: LorenzVec{x=-1.013423866578826, y=-2.71875, z=-7.471502993313635}
 }
21:39:20 `Bat`1308362 missed {
 is already Found: false).
 Position: LorenzVec{x=-55.5, y=66.28125, z=-104.5}
 DistanceC: 6.471502993313635
Relative Position: LorenzVec{x=-1.013423866578826, y=-2.71875, z=-6.471502993313635}
 }
21:39:20 `Bat`1308364 missed {
 is already Found: false).
 Position: LorenzVec{x=-55.5, y=66.28125, z=-103.5}
 DistanceC: 5.471502993313635
Relative Position: LorenzVec{x=-1.013423866578826, y=-2.71875, z=-5.471502993313635}
 }
21:39:20 `Bat`1308366 missed {
 is already Found: false).
 Position: LorenzVec{x=-55.5, y=67.28125, z=-105.5}
 DistanceC: 7.471502993313635
Relative Position: LorenzVec{x=-1.013423866578826, y=-1.71875, z=-7.471502993313635}
 }
21:39:20 `Bat`1308368 missed {
 is already Found: false).
 Position: LorenzVec{x=-55.5, y=67.28125, z=-104.5}
 DistanceC: 6.471502993313635
Relative Position: LorenzVec{x=-1.013423866578826, y=-1.71875, z=-6.471502993313635}
 }
21:39:20 `Bat`1308370 missed {
 is already Found: false).
 Position: LorenzVec{x=-55.5, y=67.28125, z=-103.5}
 DistanceC: 5.471502993313635
Relative Position: LorenzVec{x=-1.013423866578826, y=-1.71875, z=-5.471502993313635}
 }
21:39:53 `Bat`1311527 missed {
 is already Found: false).
 Position: LorenzVec{x=-25.5, y=64.28125, z=-41.5}
 DistanceC: 20.724238179453444
Relative Position: LorenzVec{x=0.9322263073283281, y=-3.71875, z=-20.724238179453444}
 }
21:39:53 `Bat`1311529 missed {
 is already Found: false).
 Position: LorenzVec{x=-25.5, y=64.28125, z=-40.5}
 DistanceC: 19.724238179453444
Relative Position: LorenzVec{x=0.9322263073283281, y=-3.71875, z=-19.724238179453444}
 }
21:39:53 `Bat`1311531 missed {
 is already Found: false).
 Position: LorenzVec{x=-25.5, y=64.28125, z=-39.5}
 DistanceC: 18.724238179453444
Relative Position: LorenzVec{x=0.9322263073283281, y=-3.71875, z=-18.724238179453444}
 }
21:39:53 `Bat`1311533 missed {
 is already Found: false).
 Position: LorenzVec{x=-25.5, y=65.28125, z=-41.5}
 DistanceC: 20.724238179453444
Relative Position: LorenzVec{x=0.9322263073283281, y=-2.71875, z=-20.724238179453444}
 }
21:39:53 `Bat`1311535 missed {
 is already Found: false).
 Position: LorenzVec{x=-25.5, y=65.28125, z=-40.5}
 DistanceC: 19.724238179453444
Relative Position: LorenzVec{x=0.9322263073283281, y=-2.71875, z=-19.724238179453444}
 }
21:39:53 `Bat`1311537 missed {
 is already Found: false).
 Position: LorenzVec{x=-25.5, y=65.28125, z=-39.5}
 DistanceC: 18.724238179453444
Relative Position: LorenzVec{x=0.9322263073283281, y=-2.71875, z=-18.724238179453444}
 }
21:39:53 `Bat`1311539 missed {
 is already Found: false).
 Position: LorenzVec{x=-25.5, y=66.28125, z=-41.5}
 DistanceC: 20.724238179453444
Relative Position: LorenzVec{x=0.9322263073283281, y=-1.71875, z=-20.724238179453444}
 }
21:39:53 `Bat`1311541 missed {
 is already Found: false).
 Position: LorenzVec{x=-25.5, y=66.28125, z=-40.5}
 DistanceC: 19.724238179453444
Relative Position: LorenzVec{x=0.9322263073283281, y=-1.71875, z=-19.724238179453444}
 }
21:39:53 `Bat`1311543 missed {
 is already Found: false).
 Position: LorenzVec{x=-25.5, y=66.28125, z=-39.5}
 DistanceC: 18.724238179453444
Relative Position: LorenzVec{x=0.9322263073283281, y=-1.71875, z=-18.724238179453444}
 }
21:39:53 `Bat`1311545 missed {
 is already Found: false).
 Position: LorenzVec{x=-25.5, y=67.28125, z=-41.5}
 DistanceC: 20.724238179453444
Relative Position: LorenzVec{x=0.9322263073283281, y=-0.71875, z=-20.724238179453444}
 }
21:39:53 `Bat`1311547 missed {
 is already Found: false).
 Position: LorenzVec{x=-25.5, y=67.28125, z=-40.5}
 DistanceC: 19.724238179453444
Relative Position: LorenzVec{x=0.9322263073283281, y=-0.71875, z=-19.724238179453444}
 }
21:39:53 `Bat`1311549 missed {
 is already Found: false).
 Position: LorenzVec{x=-25.5, y=67.28125, z=-39.5}
 DistanceC: 18.724238179453444
Relative Position: LorenzVec{x=0.9322263073283281, y=-0.71875, z=-18.724238179453444}
 }
21:39:53 `Bat`1311551 missed {
 is already Found: false).
 Position: LorenzVec{x=-24.5, y=64.28125, z=-41.5}
 DistanceC: 20.724238179453444
Relative Position: LorenzVec{x=1.9322263073283281, y=-3.71875, z=-20.724238179453444}
 }
21:39:53 `Bat`1311553 missed {
 is already Found: false).
 Position: LorenzVec{x=-24.5, y=64.28125, z=-40.5}
 DistanceC: 19.724238179453444
Relative Position: LorenzVec{x=1.9322263073283281, y=-3.71875, z=-19.724238179453444}
 }
21:39:53 `Bat`1311555 missed {
 is already Found: false).
 Position: LorenzVec{x=-24.5, y=64.28125, z=-39.5}
 DistanceC: 18.724238179453444
Relative Position: LorenzVec{x=1.9322263073283281, y=-3.71875, z=-18.724238179453444}
 }
21:39:53 `Bat`1311557 missed {
 is already Found: false).
 Position: LorenzVec{x=-24.5, y=65.28125, z=-41.5}
 DistanceC: 20.724238179453444
Relative Position: LorenzVec{x=1.9322263073283281, y=-2.71875, z=-20.724238179453444}
 }
21:39:53 `Bat`1311559 missed {
 is already Found: false).
 Position: LorenzVec{x=-24.5, y=65.28125, z=-40.5}
 DistanceC: 19.724238179453444
Relative Position: LorenzVec{x=1.9322263073283281, y=-2.71875, z=-19.724238179453444}
 }
21:39:53 `Bat`1311561 missed {
 is already Found: false).
 Position: LorenzVec{x=-24.5, y=65.28125, z=-39.5}
 DistanceC: 18.724238179453444
Relative Position: LorenzVec{x=1.9322263073283281, y=-2.71875, z=-18.724238179453444}
 }
21:39:53 `Bat`1311563 missed {
 is already Found: false).
 Position: LorenzVec{x=-24.5, y=66.28125, z=-41.5}
 DistanceC: 20.724238179453444
Relative Position: LorenzVec{x=1.9322263073283281, y=-1.71875, z=-20.724238179453444}
 }
21:39:53 `Bat`1311565 missed {
 is already Found: false).
 Position: LorenzVec{x=-24.5, y=66.28125, z=-40.5}
 DistanceC: 19.724238179453444
Relative Position: LorenzVec{x=1.9322263073283281, y=-1.71875, z=-19.724238179453444}
 }
21:39:53 `Bat`1311567 missed {
 is already Found: false).
 Position: LorenzVec{x=-24.5, y=66.28125, z=-39.5}
 DistanceC: 18.724238179453444
Relative Position: LorenzVec{x=1.9322263073283281, y=-1.71875, z=-18.724238179453444}
 }
21:39:53 `Bat`1311569 missed {
 is already Found: false).
 Position: LorenzVec{x=-24.5, y=67.28125, z=-41.5}
 DistanceC: 20.724238179453444
Relative Position: LorenzVec{x=1.9322263073283281, y=-0.71875, z=-20.724238179453444}
 }
21:39:53 `Bat`1311571 missed {
 is already Found: false).
 Position: LorenzVec{x=-24.5, y=67.28125, z=-40.5}
 DistanceC: 19.724238179453444
Relative Position: LorenzVec{x=1.9322263073283281, y=-0.71875, z=-19.724238179453444}
 }
21:39:53 `Bat`1311573 missed {
 is already Found: false).
 Position: LorenzVec{x=-24.5, y=67.28125, z=-39.5}
 DistanceC: 18.724238179453444
Relative Position: LorenzVec{x=1.9322263073283281, y=-0.71875, z=-18.724238179453444}
 }
21:39:53 `Bat`1311575 missed {
 is already Found: false).
 Position: LorenzVec{x=-23.5, y=64.28125, z=-41.5}
 DistanceC: 20.724238179453444
Relative Position: LorenzVec{x=2.932226307328328, y=-3.71875, z=-20.724238179453444}
 }
21:39:53 `Bat`1311577 missed {
 is already Found: false).
 Position: LorenzVec{x=-23.5, y=64.28125, z=-40.5}
 DistanceC: 19.724238179453444
Relative Position: LorenzVec{x=2.932226307328328, y=-3.71875, z=-19.724238179453444}
 }
21:39:53 `Bat`1311579 missed {
 is already Found: false).
 Position: LorenzVec{x=-23.5, y=64.28125, z=-39.5}
 DistanceC: 18.724238179453444
Relative Position: LorenzVec{x=2.932226307328328, y=-3.71875, z=-18.724238179453444}
 }
21:39:53 `Bat`1311581 missed {
 is already Found: false).
 Position: LorenzVec{x=-23.5, y=65.28125, z=-41.5}
 DistanceC: 20.724238179453444
Relative Position: LorenzVec{x=2.932226307328328, y=-2.71875, z=-20.724238179453444}
 }
21:39:53 `Bat`1311583 missed {
 is already Found: false).
 Position: LorenzVec{x=-23.5, y=65.28125, z=-40.5}
 DistanceC: 19.724238179453444
Relative Position: LorenzVec{x=2.932226307328328, y=-2.71875, z=-19.724238179453444}
 }
21:39:53 `Bat`1311585 missed {
 is already Found: false).
 Position: LorenzVec{x=-23.5, y=65.28125, z=-39.5}
 DistanceC: 18.724238179453444
Relative Position: LorenzVec{x=2.932226307328328, y=-2.71875, z=-18.724238179453444}
 }
21:39:53 `Bat`1311587 missed {
 is already Found: false).
 Position: LorenzVec{x=-23.5, y=66.28125, z=-41.5}
 DistanceC: 20.724238179453444
Relative Position: LorenzVec{x=2.932226307328328, y=-1.71875, z=-20.724238179453444}
 }
21:39:53 `Bat`1311589 missed {
 is already Found: false).
 Position: LorenzVec{x=-23.5, y=66.28125, z=-40.5}
 DistanceC: 19.724238179453444
Relative Position: LorenzVec{x=2.932226307328328, y=-1.71875, z=-19.724238179453444}
 }
21:39:53 `Bat`1311591 missed {
 is already Found: false).
 Position: LorenzVec{x=-23.5, y=66.28125, z=-39.5}
 DistanceC: 18.724238179453444
Relative Position: LorenzVec{x=2.932226307328328, y=-1.71875, z=-18.724238179453444}
 }
21:39:53 `Bat`1311593 missed {
 is already Found: false).
 Position: LorenzVec{x=-23.5, y=67.28125, z=-41.5}
 DistanceC: 20.724238179453444
Relative Position: LorenzVec{x=2.932226307328328, y=-0.71875, z=-20.724238179453444}
 }
21:39:53 `Bat`1311595 missed {
 is already Found: false).
 Position: LorenzVec{x=-23.5, y=67.28125, z=-40.5}
 DistanceC: 19.724238179453444
Relative Position: LorenzVec{x=2.932226307328328, y=-0.71875, z=-19.724238179453444}
 }
21:39:53 `Bat`1311597 missed {
 is already Found: false).
 Position: LorenzVec{x=-23.5, y=67.28125, z=-39.5}
 DistanceC: 18.724238179453444
Relative Position: LorenzVec{x=2.932226307328328, y=-0.71875, z=-18.724238179453444}
 }
21:40:31 `Bat`1313889 missed {
 is already Found: false).
 Position: LorenzVec{x=-105.5, y=64.28125, z=-25.5}
 DistanceC: 9.06308757541963
Relative Position: LorenzVec{x=-9.06308757541963, y=-4.71875, z=-3.9180744336332154}
 }
21:40:31 `Bat`1313891 missed {
 is already Found: false).
 Position: LorenzVec{x=-105.5, y=64.28125, z=-24.5}
 DistanceC: 9.06308757541963
Relative Position: LorenzVec{x=-9.06308757541963, y=-4.71875, z=-2.9180744336332154}
 }
21:40:31 `Bat`1313893 missed {
 is already Found: false).
 Position: LorenzVec{x=-105.5, y=64.28125, z=-23.5}
 DistanceC: 9.06308757541963
Relative Position: LorenzVec{x=-9.06308757541963, y=-4.71875, z=-1.9180744336332154}
 }
21:40:31 `Bat`1313895 missed {
 is already Found: false).
 Position: LorenzVec{x=-105.5, y=65.28125, z=-25.5}
 DistanceC: 9.06308757541963
Relative Position: LorenzVec{x=-9.06308757541963, y=-3.71875, z=-3.9180744336332154}
 }
21:40:31 `Bat`1313897 missed {
 is already Found: false).
 Position: LorenzVec{x=-105.5, y=65.28125, z=-24.5}
 DistanceC: 9.06308757541963
Relative Position: LorenzVec{x=-9.06308757541963, y=-3.71875, z=-2.9180744336332154}
 }
21:40:31 `Bat`1313899 missed {
 is already Found: false).
 Position: LorenzVec{x=-105.5, y=65.28125, z=-23.5}
 DistanceC: 9.06308757541963
Relative Position: LorenzVec{x=-9.06308757541963, y=-3.71875, z=-1.9180744336332154}
 }
21:40:31 `Bat`1313901 missed {
 is already Found: false).
 Position: LorenzVec{x=-105.5, y=66.28125, z=-25.5}
 DistanceC: 9.06308757541963
Relative Position: LorenzVec{x=-9.06308757541963, y=-2.71875, z=-3.9180744336332154}
 }
21:40:31 `Bat`1313903 missed {
 is already Found: false).
 Position: LorenzVec{x=-105.5, y=66.28125, z=-24.5}
 DistanceC: 9.06308757541963
Relative Position: LorenzVec{x=-9.06308757541963, y=-2.71875, z=-2.9180744336332154}
 }
21:40:31 `Bat`1313905 missed {
 is already Found: false).
 Position: LorenzVec{x=-105.5, y=66.28125, z=-23.5}
 DistanceC: 9.06308757541963
Relative Position: LorenzVec{x=-9.06308757541963, y=-2.71875, z=-1.9180744336332154}
 }
21:40:31 `Bat`1313907 missed {
 is already Found: false).
 Position: LorenzVec{x=-105.5, y=67.28125, z=-25.5}
 DistanceC: 9.06308757541963
Relative Position: LorenzVec{x=-9.06308757541963, y=-1.71875, z=-3.9180744336332154}
 }
21:40:31 `Bat`1313909 missed {
 is already Found: false).
 Position: LorenzVec{x=-105.5, y=67.28125, z=-24.5}
 DistanceC: 9.06308757541963
Relative Position: LorenzVec{x=-9.06308757541963, y=-1.71875, z=-2.9180744336332154}
 }
21:40:31 `Bat`1313911 missed {
 is already Found: false).
 Position: LorenzVec{x=-105.5, y=67.28125, z=-23.5}
 DistanceC: 9.06308757541963
Relative Position: LorenzVec{x=-9.06308757541963, y=-1.71875, z=-1.9180744336332154}
 }
21:40:31 `Bat`1313913 missed {
 is already Found: false).
 Position: LorenzVec{x=-104.5, y=64.28125, z=-25.5}
 DistanceC: 8.06308757541963
Relative Position: LorenzVec{x=-8.06308757541963, y=-4.71875, z=-3.9180744336332154}
 }
21:40:31 `Bat`1313915 missed {
 is already Found: false).
 Position: LorenzVec{x=-104.5, y=64.28125, z=-24.5}
 DistanceC: 8.06308757541963
Relative Position: LorenzVec{x=-8.06308757541963, y=-4.71875, z=-2.9180744336332154}
 }
21:40:31 `Bat`1313917 missed {
 is already Found: false).
 Position: LorenzVec{x=-104.5, y=64.28125, z=-23.5}
 DistanceC: 8.06308757541963
Relative Position: LorenzVec{x=-8.06308757541963, y=-4.71875, z=-1.9180744336332154}
 }
21:40:31 `Bat`1313919 missed {
 is already Found: false).
 Position: LorenzVec{x=-104.5, y=65.28125, z=-25.5}
 DistanceC: 8.06308757541963
Relative Position: LorenzVec{x=-8.06308757541963, y=-3.71875, z=-3.9180744336332154}
 }
21:40:31 `Bat`1313921 missed {
 is already Found: false).
 Position: LorenzVec{x=-104.5, y=65.28125, z=-24.5}
 DistanceC: 8.06308757541963
Relative Position: LorenzVec{x=-8.06308757541963, y=-3.71875, z=-2.9180744336332154}
 }
21:40:31 `Bat`1313923 missed {
 is already Found: false).
 Position: LorenzVec{x=-104.5, y=65.28125, z=-23.5}
 DistanceC: 8.06308757541963
Relative Position: LorenzVec{x=-8.06308757541963, y=-3.71875, z=-1.9180744336332154}
 }
21:40:31 `Bat`1313925 missed {
 is already Found: false).
 Position: LorenzVec{x=-104.5, y=66.28125, z=-25.5}
 DistanceC: 8.06308757541963
Relative Position: LorenzVec{x=-8.06308757541963, y=-2.71875, z=-3.9180744336332154}
 }
21:40:31 `Bat`1313927 missed {
 is already Found: false).
 Position: LorenzVec{x=-104.5, y=66.28125, z=-24.5}
 DistanceC: 8.06308757541963
Relative Position: LorenzVec{x=-8.06308757541963, y=-2.71875, z=-2.9180744336332154}
 }
21:40:31 `Bat`1313929 missed {
 is already Found: false).
 Position: LorenzVec{x=-104.5, y=66.28125, z=-23.5}
 DistanceC: 8.06308757541963
Relative Position: LorenzVec{x=-8.06308757541963, y=-2.71875, z=-1.9180744336332154}
 }
21:40:31 `Bat`1313931 missed {
 is already Found: false).
 Position: LorenzVec{x=-104.5, y=67.28125, z=-25.5}
 DistanceC: 8.06308757541963
Relative Position: LorenzVec{x=-8.06308757541963, y=-1.71875, z=-3.9180744336332154}
 }
21:40:31 `Bat`1313933 missed {
 is already Found: false).
 Position: LorenzVec{x=-104.5, y=67.28125, z=-24.5}
 DistanceC: 8.06308757541963
Relative Position: LorenzVec{x=-8.06308757541963, y=-1.71875, z=-2.9180744336332154}
 }
21:40:31 `Bat`1313935 missed {
 is already Found: false).
 Position: LorenzVec{x=-104.5, y=67.28125, z=-23.5}
 DistanceC: 8.06308757541963
Relative Position: LorenzVec{x=-8.06308757541963, y=-1.71875, z=-1.9180744336332154}
 }
21:40:31 `Bat`1313937 missed {
 is already Found: false).
 Position: LorenzVec{x=-103.5, y=64.28125, z=-25.5}
 DistanceC: 7.06308757541963
Relative Position: LorenzVec{x=-7.06308757541963, y=-4.71875, z=-3.9180744336332154}
 }
21:40:31 `Bat`1313939 missed {
 is already Found: false).
 Position: LorenzVec{x=-103.5, y=64.28125, z=-24.5}
 DistanceC: 7.06308757541963
Relative Position: LorenzVec{x=-7.06308757541963, y=-4.71875, z=-2.9180744336332154}
 }
21:40:31 `Bat`1313941 missed {
 is already Found: false).
 Position: LorenzVec{x=-103.5, y=64.28125, z=-23.5}
 DistanceC: 7.06308757541963
Relative Position: LorenzVec{x=-7.06308757541963, y=-4.71875, z=-1.9180744336332154}
 }
21:40:31 `Bat`1313943 missed {
 is already Found: false).
 Position: LorenzVec{x=-103.5, y=65.28125, z=-25.5}
 DistanceC: 7.06308757541963
Relative Position: LorenzVec{x=-7.06308757541963, y=-3.71875, z=-3.9180744336332154}
 }
21:40:31 `Bat`1313945 missed {
 is already Found: false).
 Position: LorenzVec{x=-103.5, y=65.28125, z=-24.5}
 DistanceC: 7.06308757541963
Relative Position: LorenzVec{x=-7.06308757541963, y=-3.71875, z=-2.9180744336332154}
 }
21:40:31 `Bat`1313947 missed {
 is already Found: false).
 Position: LorenzVec{x=-103.5, y=65.28125, z=-23.5}
 DistanceC: 7.06308757541963
Relative Position: LorenzVec{x=-7.06308757541963, y=-3.71875, z=-1.9180744336332154}
 }
21:40:31 `Bat`1313949 missed {
 is already Found: false).
 Position: LorenzVec{x=-103.5, y=66.28125, z=-25.5}
 DistanceC: 7.06308757541963
Relative Position: LorenzVec{x=-7.06308757541963, y=-2.71875, z=-3.9180744336332154}
 }
21:40:31 `Bat`1313951 missed {
 is already Found: false).
 Position: LorenzVec{x=-103.5, y=66.28125, z=-24.5}
 DistanceC: 7.06308757541963
Relative Position: LorenzVec{x=-7.06308757541963, y=-2.71875, z=-2.9180744336332154}
 }
21:40:31 `Bat`1313953 missed {
 is already Found: false).
 Position: LorenzVec{x=-103.5, y=66.28125, z=-23.5}
 DistanceC: 7.06308757541963
Relative Position: LorenzVec{x=-7.06308757541963, y=-2.71875, z=-1.9180744336332154}
 }
21:40:31 `Bat`1313955 missed {
 is already Found: false).
 Position: LorenzVec{x=-103.5, y=67.28125, z=-25.5}
 DistanceC: 7.06308757541963
Relative Position: LorenzVec{x=-7.06308757541963, y=-1.71875, z=-3.9180744336332154}
 }
21:40:31 `Bat`1313957 missed {
 is already Found: false).
 Position: LorenzVec{x=-103.5, y=67.28125, z=-24.5}
 DistanceC: 7.06308757541963
Relative Position: LorenzVec{x=-7.06308757541963, y=-1.71875, z=-2.9180744336332154}
 }
21:40:31 `Bat`1313959 missed {
 is already Found: false).
 Position: LorenzVec{x=-103.5, y=67.28125, z=-23.5}
 DistanceC: 7.06308757541963
Relative Position: LorenzVec{x=-7.06308757541963, y=-1.71875, z=-1.9180744336332154}
 }
21:41:39 `ยง7Villager`365 missed {
 is already Found: false).
 Position: LorenzVec{x=-11.3125, y=70.0, z=-95.6875}
 DistanceC: 20.98750001192093
Relative Position: LorenzVec{x=20.08868541513156, y=0.0, z=-20.98750001192093}
 }
21:41:42 `767jzl03q8`134834 missed {
 is already Found: false).
 Position: LorenzVec{x=-7.5, y=70.0, z=-92.5}
 DistanceC: 23.90118541513156
Relative Position: LorenzVec{x=23.90118541513156, y=0.0, z=-17.80000001192093}
 }
21:42:02 `9xq5ehjxtj`225 missed {
 is already Found: false).
 Position: LorenzVec{x=22.0, y=71.0, z=-45.5}
 DistanceC: 11.81377224119558
Relative Position: LorenzVec{x=11.81377224119558, y=1.0, z=5.076580675652991}
 }
21:42:16 `Witch`338 missed {
 is already Found: false).
 Position: LorenzVec{x=41.5, y=70.0, z=-63.5}
 DistanceC: 21.156269343581478
Relative Position: LorenzVec{x=21.156269343581478, y=-18.5, z=-18.822451338949087}
 }
21:44:38 `s34ks37no8`241 missed {
 is already Found: false).
 Position: LorenzVec{x=-55.5, y=72.0, z=-56.5}
 DistanceC: 21.03925600944021
Relative Position: LorenzVec{x=-19.43205013387385, y=2.0, z=21.03925600944021}
 }
21:45:35 `450ct81ky6`329 missed {
 is already Found: false).
 Position: LorenzVec{x=15.5, y=72.0, z=-21.5}
 DistanceC: 22.086879827625083
Relative Position: LorenzVec{x=22.086879827625083, y=-5.0, z=21.368577961281346}
 }
