17:04:16 [allowed] §cYou are sending commands too fast! Please slow down.
17:04:42 [allowed] §eYou haven't claimed your §r§6Summer Rewards §r§eyet!
17:04:42 [allowed] §eTalk to the §r§bSummer Sloth §r§ein the §r§aHub!
17:04:44 [allowed] §cYou are sending commands too fast! Please slow down.
17:04:44 [allowed] §6§lBONUS! §r§bTemporarily earn §r§a5% §r§bmore skill experience!
17:04:44 [allowed] §eLatest update: §bSkyBlock v0.20.4 §e§lCLICK
17:04:45 [allowed] §cYou are sending commands too fast! Please slow down.
17:06:07 [allowed] §eYou haven't claimed your §r§6Summer Rewards §r§eyet!
17:06:07 [allowed] §eTalk to the §r§bSummer Sloth §r§ein the §r§aHub!
17:06:08 [allowed] §8[§r§b220§r§8] §r§6§lᛝ §r§b[MVP§f+§b] RoadToTerm§f§r§f: in bestiary it says 0.25%
17:06:09 [allowed] §cYou are sending commands too fast! Please slow down.
17:06:28 [allowed] §8[§r§76§r§8] §r§a[VIP] Taksil §7Ⓑ§f§r§f: ok thank you
17:06:31 [allowed] §c ☠ §r§7§r§aTaksil§r§7 was killed by Glacite Walker§r§7§r§7.
17:06:35 [allowed] §eYou haven't claimed your §r§6Summer Rewards §r§eyet!
17:06:35 [allowed] §eTalk to the §r§bSummer Sloth §r§ein the §r§aHub!
17:06:37 [allowed] §cYou are sending commands too fast! Please slow down.
17:06:37 [allowed] §5☬ §r§aZyphx__ §r§ddestroyed an §r§5Ender Crystal§r§d!
17:06:39 [allowed] §c ☠ §r§7You were killed by Enderman§r§7§r§7.
17:06:39 [allowed] §cYou died and lost 305.1 coins!
17:06:47 [allowed] §c ☠ §r§7You were killed by Enderman§r§7§r§7.
17:06:47 [allowed] §cYou died and lost 204.3 coins!
17:06:49 [allowed] §a§l▬▬▬▬▬▬▬▬▬▬▬▬▬▬▬▬▬▬▬▬▬▬▬▬▬▬▬▬▬▬▬▬▬▬▬▬▬▬▬▬▬▬▬▬▬▬▬▬▬▬▬▬▬▬▬▬▬▬▬▬▬▬▬▬
17:06:49 [allowed] §f                           §r§6§lOLD DRAGON DOWN!
17:06:49 [allowed] §f                       §r§7SidEkita§r§7 §r§7dealt the final blow.
17:06:49 [allowed] §f                 §r§e§l1st Damager §r§7- §r§7SidEkita§r§7 §r§7- §r§e7,633,723
17:06:49 [allowed] §f             §r§6§l2nd Damager §r§7- §r§b[MVP§r§c+§r§b] Bendikt§r§f §r§7- §r§e6,730,465
17:06:49 [allowed] §f              §r§c§l3rd Damager §r§7- §r§7Ghostboy523§r§7 §r§7- §r§e2,723,183
17:06:49 [allowed] §f                      §r§eYour Damage: §r§a0 §r§7(Position #25)
17:06:49 [allowed] §a§l▬▬▬▬▬▬▬▬▬▬▬▬▬▬▬▬▬▬▬▬▬▬▬▬▬▬▬▬▬▬▬▬▬▬▬▬▬▬▬▬▬▬▬▬▬▬▬▬▬▬▬▬▬▬▬▬▬▬▬▬▬▬▬▬
17:06:52 [allowed] §c ☠ §r§7You were killed by Enderman§r§7§r§7.
17:06:52 [allowed] §cYou died and lost 102.2 coins!
17:07:04 [allowed] §c ☠ §r§7You were killed by Enderman§r§7§r§7.
17:07:04 [allowed] §cYou died and lost 102.8 coins!
17:07:08 [allowed] §c ☠ §r§7You were killed by Enderman§r§7§r§7.
17:07:08 [allowed] §cYou died and lost 51.4 coins!
17:07:13 [allowed] §8[§r§e96§r§8] §r§b[MVP§2+§b] SHnoozy5§f§r§f: all this for 6 frag lol
17:07:25 [allowed] §e[NPC] §6Lone Adventurer§f: §rAlright, not bad, not bad!
17:07:26 [allowed] §e[NPC] §6Lone Adventurer§f: §rIt took me a while to get that strong.
17:07:27 [allowed] §c ☠ §r§7You were killed by Enderman§r§7§r§7.
17:07:27 [allowed] §cYou died and lost 234.8 coins!
17:07:28 [allowed] §e[NPC] §6Lone Adventurer§f: §rI use a §5Void Sword§r, it's a very powerful weapon.
17:07:30 [allowed] §e[NPC] §6Lone Adventurer§f: §rIt gets stronger with each piece of §5Ender Armor §ryou are wearing.
17:07:33 [allowed] §c ☠ §r§7You were killed by Enderman§r§7§r§7.
17:07:33 [allowed] §cYou died and lost 169.6 coins!
17:07:34 [allowed] §e[NPC] §6Lone Adventurer§f: §rI have an extremely strong emotional attachment to this item so...
17:07:36 [allowed] §c ☠ §r§7You were killed by Enderman§r§7§r§7.
17:07:36 [allowed] §cYou died and lost 84.8 coins!
17:07:36 [allowed] §e[NPC] §6Lone Adventurer§f: §rI'm willing to sell it to you for the modest sum of §6200,000 coins§r.
17:07:39 [allowed] §e[NPC] §6Lone Adventurer§f: §rWhat do you say?
17:07:39 [allowed] §eSelect an option: §r§a§l[YES] §r§c§l[NO] 
17:07:39 [allowed] §c ☠ §r§7You were killed by Enderman§r§7§r§7.
17:07:39 [allowed] §cYou died and lost 42.4 coins!
17:07:44 [allowed] §c ☠ §r§7You were killed by Enderman§r§7§r§7.
17:07:44 [allowed] §cYou died and lost 21.2 coins!
17:07:44 [allowed] §6§lRARE DROP! §r§5Ender Helmet §r§b(+§r§b35% §r§b✯ Magic Find§r§b)
17:07:49 [allowed] §5☬ §r§dThe Dragon Egg has spawned!
17:07:50 [allowed] §cYou cannot modify your equipped armor set!
17:08:00 [allowed] §c ☠ §r§7You were killed by Enderman§r§7§r§7.
17:08:00 [allowed] §cYou died and lost 63.9 coins!
17:08:04 [allowed]   §r§6§lCOLLECTION LEVEL UP §eEnder Pearl §eI
17:08:04 [allowed]     §r§7§9Enderman Minion §7Recipes
17:08:04 [allowed]     §r§7§aSilent Pearl §7Recipe
17:08:07 [allowed] §c ☠ §r§7You were killed by Enderman§r§7§r§7.
17:08:07 [allowed] §cYou died and lost 85.2 coins!
17:08:09 [allowed] §8[§r§e96§r§8] §r§b[MVP§2+§b] SHnoozy5§f§r§f: 1200 bruised zealot and still no eye
17:08:11 [allowed] §eYou haven't claimed your §r§6Summer Rewards §r§eyet!
17:08:11 [allowed] §eTalk to the §r§bSummer Sloth §r§ein the §r§aHub!
17:08:13 [allowed] §cYou are sending commands too fast! Please slow down.
17:08:21 [allowed] §cThis server is full!
17:08:23 [allowed] §cThis server is full!
17:08:25 [allowed] §cThis server is full!
17:08:26 [allowed] §cThis server is full!
17:08:27 [allowed] §cThis server is full!
17:08:29 [allowed] §cThis server is full!
17:08:30 [allowed] §cThis server is full!
17:08:31 [allowed] §cThis server is full!
17:08:37 [allowed] §cThis server is full!
17:08:38 [allowed] §cThis server is full!
17:08:40 [allowed] §cThis server is full!
17:08:42 [allowed] §cThis server is full!
17:08:44 [allowed] §cThis server is full!
17:08:45 [allowed] §cThis server is full!
17:08:46 [allowed] §cThis server is full!
17:08:48 [allowed] §cThis server is full!
17:08:49 [allowed] §cThis server is full!
17:08:50 [allowed] §cThis server is full!
17:08:52 [allowed] §cThis server is full!
17:08:53 [allowed] §cThis server is full!
17:08:55 [allowed] §eYou haven't claimed your §r§6Summer Rewards §r§eyet!
17:08:55 [allowed] §eTalk to the §r§bSummer Sloth §r§ein the §r§aHub!
17:08:55 [allowed] §8[§r§73§r§8] §r§b[MVP§c+§b] Yoda3point0 §7Ⓑ§f§r§f: ty
17:08:55 [allowed] §8[§r§74§r§8] §r§a[VIP] GlitchyVillager §5Ⓑ§f§r§f: ty
17:08:55 [allowed] §8[§r§74§r§8] §r§b[MVP§0+§b] Shmylblock §6Ⓑ§f§r§f: ty
17:08:56 [allowed] §8[§r§73§r§8] §r§b[MVP§2+§b] Rexynest§f§r§f: ty
17:08:57 [allowed] §cYou are sending commands too fast! Please slow down.
17:08:57 [allowed] §8[§r§718§r§8] §r§b[MVP§9+§b] Moinsen86 §aⒷ§f§r§f: ty
17:09:00 [allowed] §8[§r§73§r§8] §r§a[VIP§6+§a] oCyroStan4Ever §5Ⓑ§f§r§f: ty
17:09:04 [allowed] §8[§r§711§r§8] §r§b[MVP§d+§b] Cryptidzilla §9Ⓑ§f§r§f: bingobrewers
17:09:09 [allowed] §8Withdrawing coins...
17:09:09 [allowed] §aYou have withdrawn §r§6176k coins§r§a! You now have §r§60 coins §r§ain your account!
17:09:13 [allowed] §8[§r§a130§r§8] §r§b[MVP§f+§b] skywarsonly§f§r§f: selling 18 tier 11 enderman minions for 1m the raw price is 1.2m visit me
17:09:17 [allowed] §8[§r§a128§r§8] §r§7§l⚝ §r§b[MVP§2+§b] KickSmash§f§r§f: why so many bingos
17:09:17 [allowed] §8[§r§73§r§8] §r§7Shaughtyy§7§r§7: WHAT IS THIS
17:09:17 [allowed] §8[§r§2193§r§8] §r§6ௐ §r§b[MVP§c+§b] GoatedJerry§f§r§f: [!] LOWBALLING [!] 200m PURSE /visit goatedjerry 10m+//////////////////////////////////////////////////////////
17:09:18 [allowed] §8[§r§713§r§8] §r§a[VIP] phyross55 §7Ⓑ§f§r§f: have splash?
17:09:26 [allowed] §8[§r§72§r§8] §r§b[MVP§d+§b] ItzNitin_ §7Ⓑ§f§r§f: splash plss
17:09:29 [allowed] §8[§r§a128§r§8] §r§7§l⚝ §r§b[MVP§2+§b] KickSmash§f§r§f: why are there so many bingos
17:09:31 [allowed] §8[§r§a142§r§8] §r§b[MVP§c+§b] r_vi§f§r§f: lowballing 150m purse
17:09:32 [allowed] §aYou reforged your §r§5Ender Helmet §r§ainto a §r§5Fierce Ender Helmet§r§a!
17:09:32 [allowed] §8[§r§714§r§8] §r§b[MVP§2+§b] sushype §9Ⓑ§f§r§f: splashed already?
17:09:39 [allowed] §8[§r§714§r§8] §r§b[MVP§2+§b] sushype §9Ⓑ§f§r§f: KickSmash cuz splash
17:09:39 [allowed] §aYou sold §r§fEnder Pearl§r§8 x6 §r§afor §r§642 Coins§r§a!
17:09:40 [allowed] §aYou sold §r§fEnder Pearl§r§8 x16 §r§afor §r§6112 Coins§r§a!
17:09:42 [allowed] §8[§r§711§r§8] §r§b[MVP§r§f+§r§b] Sebbebas §5Ⓑ§r§f: ye
17:09:46 [allowed] §8Depositing coins...
17:09:46 [allowed] §aYou have deposited §r§6174k coins§r§a! You now have §r§6174k coins §r§ain your account!
17:09:49 [allowed] §8[§r§2175§r§8] §r§6ꀾ §r§b[MVP§c+§b] fathin7012§f§r§f: bingo player dib this sever
17:09:49 [allowed] §8[§r§a128§r§8] §r§7§l⚝ §r§b[MVP§2+§b] KickSmash§f§r§f: what splash
17:09:55 [allowed] §8[§r§711§r§8] §r§b[MVP§r§f+§r§b] Sebbebas §5Ⓑ§r§f: bingo
17:09:55 [allowed] §8[§r§b226§r§8] §r§6♫ §r§b[MVP§f+§b] m6arch§f§r§f: lowballing 382m PURSE 10+ items visit me
17:09:55 [allowed] §8[§r§714§r§8] §r§b[MVP§2+§b] sushype §9Ⓑ§f§r§f: potion
17:09:58 [allowed] §c ☠ §r§7§r§7troykatrippel§r§7 was killed by Crypt Ghoul§r§7§r§7.
17:09:59 [allowed] §8[§r§a142§r§8] §r§b[MVP§c+§b] r_vi§f§r§f: yall doin godspalsh?
17:10:06 [allowed] §8Withdrawing coins...
17:10:06 [allowed] §aYou have withdrawn §r§634k coins§r§a! You now have §r§6139k coins §r§ain your account!
17:10:10 [allowed] §aYou bought §r§fExperience Bottle§r§8 x64 §r§afor §r§61,920 Coins§r§a!
17:10:22 [allowed] §8[§r§79§r§8] §r§a[VIP] zizon_§f§r§f: ols give me money
17:10:26 [allowed] ▬▬▬▬▬▬▬▬▬▬▬▬▬▬▬▬▬▬▬▬▬▬▬▬▬▬▬▬▬▬▬▬▬▬▬▬▬▬▬▬▬▬▬▬▬▬▬▬▬▬▬▬▬▬▬▬▬▬▬▬▬▬▬▬
17:10:26 [allowed] §f                                §r§e§k#§r§6 LEVEL UP! §r§e§k#
17:10:26 [allowed] §f                      §r§7You are now §r§eEvent Level §r§6100§r§7!
17:10:26 [allowed] §f                       §r§7You earned §r§f26 Event Silver§r§7!
17:10:26 [allowed] ▬▬▬▬▬▬▬▬▬▬▬▬▬▬▬▬▬▬▬▬▬▬▬▬▬▬▬▬▬▬▬▬▬▬▬▬▬▬▬▬▬▬▬▬▬▬▬▬▬▬▬▬▬▬▬▬▬▬▬▬▬▬▬▬
17:10:34 [allowed] §eYou haven't claimed your §r§6Summer Rewards §r§eyet!
17:10:34 [allowed] §eTalk to the §r§bSummer Sloth §r§ein the §r§aHub!
17:10:35 [allowed] §cYou are sending commands too fast! Please slow down.
17:10:48 [allowed] §5§lENDER NODE! §r§fYou found §r§aGrand Experience Bottle§r§f!
17:10:50 [allowed] §5§lENDER NODE! §r§fYou found §r§cEndermite Nest§r§f!
17:10:50 [allowed] §c ☠ §r§7You were killed by Nest Endermite§r§7§r§7.
17:10:50 [allowed] §cYou died and lost 16,467.5 coins!
17:10:53 [allowed] §8Depositing coins...
17:10:53 [allowed] §aYou have deposited §r§616k coins§r§a! You now have §r§6155k coins §r§ain your account!
17:10:59 [allowed] §8[§r§a130§r§8] §r§a[VIP§6+§a] OneArabLeft§f§r§f: Selling T3 Eman carries 400k per /p ,e
17:11:00 [allowed] §5§lENDER NODE! §r§fYou found §r§cEndermite Nest§r§f!
17:11:02 [allowed] §5§lENDER NODE! §r§fYou found §r§aEnchanted End Stone§r§f!
17:11:02 [allowed]   §r§6§lCOLLECTION LEVEL UP §eEnd Stone §eII
17:11:02 [allowed]     §r§7§9End Stone Minion §7Recipes
17:11:02 [allowed]     §r§7§fEnd Biome Stick §7Recipe
17:11:07 [allowed] §5§lENDER NODE! §r§fYou found §r§aEnchanted End Stone§r§f!
17:11:07 [allowed]   §r§6§lCOLLECTION LEVEL UP §eEnd Stone §8II➜§eIII
17:11:07 [allowed]     §r§7§aPortal to The End §7Recipe
17:11:08 [allowed] §5§lENDER NODE! §r§fYou found §r§aEnchanted End Stone§r§f!
17:11:11 [allowed] §5§lENDER NODE! §r§fYou found §r§aEnchanted Obsidian§r§f!
17:11:11 [allowed]   §r§6§lCOLLECTION UNLOCKED §eObsidian
17:11:11 [allowed]   §r§6§lCOLLECTION LEVEL UP §eObsidian §eII
17:11:11 [allowed]     §r§7§9Obsidian Minion §7Recipes
17:11:17 [allowed] §5§lENDER NODE! §r§fYou found §r§aEnchanted Obsidian§r§f!
17:11:17 [allowed]   §r§6§lCOLLECTION LEVEL UP §eObsidian §8II➜§eIII
17:11:17 [allowed]     §r§7§aGravity Talisman §7Recipe
17:11:18 [allowed] §c ☠ §r§7§r§bTuono_1§r§7 was killed by Voidgloom Seraph§r§7§r§7.
17:11:20 [allowed] §5§lENDER NODE! §r§fYou found §r§cEndermite Nest§r§f!
17:11:21 [allowed] §c ☠ §r§7You were killed by Nest Endermite§r§7§r§7.
17:11:24 [allowed] §aYou sold §r§fEnd Stone§r§8 x2 §r§afor §r§64 Coins§r§a!
17:11:24 [allowed] §c ☠ §r§7§r§7FusionFighter456§r§7 was killed by Enderman§r§7§r§7.
17:11:25 [allowed] §aYou sold §r§aEnchanted Obsidian§r§8 x2 §r§afor §r§62,880 Coins§r§a!
17:11:25 [allowed] §aYou sold §r§aEnchanted End Stone§r§8 x3 §r§afor §r§6960 Coins§r§a!
17:11:26 [allowed] §c§r§eYou need the §r§dCookie Buff §r§eto use this feature!
17:11:26 [allowed] §eObtain a §r§6Booster Cookie §r§efrom the community shop in the hub!
17:11:28 [allowed] §eYou haven't claimed your §r§6Summer Rewards §r§eyet!
17:11:28 [allowed] §eTalk to the §r§bSummer Sloth §r§ein the §r§aHub!
17:11:30 [allowed] §cYou are sending commands too fast! Please slow down.
17:11:37 [allowed] §aYou enchanted your §r§5Fierce Ender Helmet §r§awith Growth V§r§a!
17:11:40 [allowed] §eYou haven't claimed your §r§6Summer Rewards §r§eyet!
17:11:40 [allowed] §eTalk to the §r§bSummer Sloth §r§ein the §r§aHub!
17:11:42 [allowed] §cYou are sending commands too fast! Please slow down.
17:11:42 [allowed] §cYou are sending commands too fast! Please slow down.
17:11:57 [allowed] §c ☠ §r§7§r§aDeadSecAce§r§7 was killed by Enderman§r§7§r§7.
17:12:02 [allowed] §c ☠ §r§7You were killed by Enderman§r§7§r§7.
17:12:02 [allowed] §cYou died and lost 2,135.6 coins!
17:12:03 [allowed] §a§l+5 Kill Combo §r§8§r§b+1✯ Magic Find
17:12:05 [allowed] §8Depositing coins...
17:12:05 [allowed] §aYou have deposited §r§62.2k coins§r§a! You now have §r§6158k coins §r§ain your account!
17:12:10 [allowed] §c ☠ §r§7§r§bTarores§r§7 was killed by Enderman§r§7§r§7.
17:12:13 [allowed] §c ☠ §r§7You were killed by Enderman§r§7§r§7.
17:12:13 [allowed] §cYou died and lost 90.6 coins!
17:12:18 [allowed] §cYour Kill Combo has expired! You reached a 7 Kill Combo!
17:12:48 [allowed] §e§lLOOT SHARE §r§r§r§fYou received loot for assisting §r§aJuicyThicculent§r§f!
17:12:53 [allowed] §e§lLOOT SHARE §r§r§r§fYou received loot for assisting §r§aJuicyThicculent§r§f!
17:12:59 [allowed] §c ☠ §r§7§r§bTarores§r§7 was killed by Enderman§r§7§r§7.
17:13:00 [allowed] §c ☠ §r§7§r§aDeadSecAce§r§7 was killed by Enderman§r§7§r§7.
17:13:01 [allowed] §eYou haven't claimed your §r§6Summer Rewards §r§eyet!
17:13:01 [allowed] §eTalk to the §r§bSummer Sloth §r§ein the §r§aHub!
17:13:02 [allowed] §cYou are sending commands too fast! Please slow down.
17:13:04 [allowed] §8[§r§f70§r§8] §r§b[MVP] bence200501§f§r§f: ./ah bence200501
17:13:06 [allowed] §eYou haven't claimed your §r§6Summer Rewards §r§eyet!
17:13:06 [allowed] §eTalk to the §r§bSummer Sloth §r§ein the §r§aHub!
17:13:08 [allowed] §cYou are sending commands too fast! Please slow down.
17:13:26 [allowed] §8[§r§715§r§8] §r§6[MVP§6++§6] StanchOrc §aⒷ§f§r§f: HunterHiHunter ur so cute §r§c❤
17:13:31 [allowed] §8[§r§5373§r§8] §r§6§l℻ §r§b[MVP§1+§b] HunterHiHunter§f§r§f: no im a chicken
17:13:42 [allowed] §8[§r§710§r§8] §r§b[MVP§d+§b] Static45_ §5Ⓑ§f§r§f: i like chicken
17:13:43 [allowed] §8[§r§713§r§8] §r§b[MVP§d+§b] EmstallZ §6Ⓑ§f§r§f: i heard you crossed the road
17:13:45 [allowed] §8[§r§78§r§8] §r§b[MVP§c+§b] Ahmad_4kH §5Ⓑ§f§r§f: when will I get unabnned ?
17:13:49 [allowed] §8[§r§710§r§8] §r§b[MVP§d+§b] Static45_ §5Ⓑ§f§r§f: good food
17:13:50 [allowed] §8[§r§715§r§8] §r§6[MVP§6++§6] StanchOrc §aⒷ§f§r§f: can u be my wing?
17:13:51 [allowed] §8[§r§724§r§8] §r§b[MVP§4+§b] doj_j §9Ⓑ§f§r§f: anyone wanna do the egg trick with chicken pet w/ me?
17:13:58 [allowed] §8[§r§79§r§8] §r§b[MVP§9+§b] m33e §9Ⓑ§f§r§f: what dat
17:14:01 [allowed] §8[§r§78§r§8] §r§b[MVP§d+§b] NickCHB §7Ⓑ§f§r§f: if u are a chicken come to my bbq
17:14:01 [allowed] §8[§r§715§r§8] §r§b[MVP§6+§b] grukps §9Ⓑ§f§r§f: doj if u have the setup i can
17:14:02 [allowed] §8[§r§720§r§8] §r§6[MVP§6++§6] ItisRosey §6Ⓑ§f§r§f: doesnt work anymore
17:14:12 [allowed] §8[§r§719§r§8] §r§b[MVP§a+§b] Nico371 §6Ⓑ§f§r§f: nice someone just got a goal lmao
17:14:16 [allowed] §8[§r§711§r§8] §r§b[MVP§r§f+§r§b] Sebbebas §5Ⓑ§r§f: ty
17:14:17 [allowed] §8[§r§718§r§8] §r§b[MVP§0+§b] Carroting §6Ⓑ§f§r§f: #bingobrewers ty
17:14:17 [allowed] §8[§r§711§r§8] §r§b[MVP§9+§b] HermitForge §6Ⓑ§f§r§f: I want the eggs on the ground, but they don't want to be picked up
17:14:17 [allowed] §8[§r§5373§r§8] §r§6§l℻ §r§b[MVP§1+§b] HunterHiHunter§f§r§f: #bingobrewers
17:14:18 [allowed] §8[§r§718§r§8] §r§a[VIP] TheZyve §5Ⓑ§f§r§f: ty HiHunter!!
17:14:18 [allowed] §8[§r§715§r§8] §r§6[MVP§6++§6] StanchOrc §aⒷ§f§r§f: ItisRosey it works haha
17:14:18 [allowed] §8[§r§79§r§8] §r§b[MVP§9+§b] m33e §9Ⓑ§f§r§f: tysm <3
17:14:19 [allowed] §8[§r§714§r§8] §r§b[MVP§c+§b] xGrounder §aⒷ§f§r§f: Ty ! :D
17:14:19 [allowed] §8[§r§77§r§8] §r§b[MVP§f+§b] ojfiro §aⒷ§f§r§f: ty
17:14:19 [allowed] §8[§r§79§r§8] §r§b[MVP§f+§b] Rasendiamant §9Ⓑ§f§r§f: ty
17:14:19 [allowed] §8[§r§78§r§8] §r§b[MVP§c+§b] TakeYourLuggage §5Ⓑ§f§r§f: ty
17:14:19 [allowed] §8[§r§710§r§8] §r§b[MVP§d+§b] Static45_ §5Ⓑ§f§r§f: ty
17:14:19 [allowed] §8[§r§713§r§8] §r§b[MVP§d+§b] EmstallZ §6Ⓑ§f§r§f: tyyy chicken
17:14:20 [allowed] §8[§r§74§r§8] §r§b[MVP§d+§b] Zoro996 §5Ⓑ§f§r§f: ty
17:14:20 [allowed] §8[§r§710§r§8] §r§a[VIP] _Stormed_ §5Ⓑ§f§r§f: tty
17:14:20 [allowed] §8[§r§78§r§8] §r§b[MVP§d+§b] NickCHB §7Ⓑ§f§r§f: THANKS
17:14:21 [allowed] §8[§r§720§r§8] §r§6[MVP§6++§6] ItisRosey §6Ⓑ§f§r§f: ty §r§c❤
17:14:21 [allowed] §8[§r§713§r§8] §r§b[MVP§6+§b] FunSzSkittles §6Ⓑ§f§r§f: tysm hunter!
17:14:22 [allowed] §eYou haven't claimed your §r§6Summer Rewards §r§eyet!
17:14:22 [allowed] §eTalk to the §r§bSummer Sloth §r§ein the §r§aHub!
17:14:23 [allowed] §6§lBINGO GOAL COMPLETE! §r§eStrongman
17:14:23 [allowed]   §r§fReach §r§c140 §r§c❁ Strength§r§f.
17:14:23 [allowed]   §r§6§lREWARD
17:14:23 [allowed]   §r§7§r§61 Bingo Point
17:14:23 [allowed] §cYou are sending commands too fast! Please slow down.
17:14:26 [allowed] §aA §r§bStranger §r§aappears on your island at §r§f8§r§a, §r§f100§r§a, §r§f41§r§a! You should go talk to them.
17:14:27 [allowed]   §r§6§lCOLLECTION LEVEL UP §eFeather §8I➜§eII
17:14:27 [allowed]   §r§6§lCOLLECTION LEVEL UP §eRaw Chicken §8I➜§eII
17:14:27 [allowed]     §r§7§fBridge Egg §7Recipe
17:14:32 [allowed] §aYou sold §r§fRaw Chicken§r§8 x22 §r§afor §r§688 Coins§r§a!
17:14:33 [allowed] §aYou sold §r§fRaw Chicken§r§8 x64 §r§afor §r§6256 Coins§r§a!
17:14:33 [allowed] §aYou sold §r§fFeather§r§8 x11 §r§afor §r§633 Coins§r§a!
17:14:34 [allowed] §aYou sold §r§fRaw Chicken§r§8 x64 §r§afor §r§6256 Coins§r§a!
17:14:35 [allowed] §aYou bought back §r§fRaw Chicken§r§8 x64 §r§afor §r§6256 Coins§r§a!
17:14:35 [allowed] §aYou bought back §r§fFeather§r§8 x11 §r§afor §r§633 Coins§r§a!
17:14:35 [allowed] §aYou bought back §r§fRaw Chicken§r§8 x64 §r§afor §r§6256 Coins§r§a!
17:14:35 [allowed] §aYou bought back §r§fRaw Chicken§r§8 x22 §r§afor §r§688 Coins§r§a!
17:14:36 [allowed] §aYou bought back §r§aEnchanted End Stone§r§8 x3 §r§afor §r§6960 Coins§r§a!
17:14:36 [allowed] §aYou sold §r§aEnchanted End Stone§r§8 x3 §r§afor §r§6960 Coins§r§a!
17:14:38 [allowed] §aYou crafted a §eTier II Chicken Minion§a! That's a new one!
 §aCraft 5 more unique Minions to unlock your 8th Minion slot!
17:14:38 [allowed] §aYou have upgraded your Minion to Tier II
17:14:39 [allowed] §cYou don't have enough items to craft that tier! You need §r§6234 §r§cmore. §r§7(22/256)
17:14:51 [allowed] §eYou haven't claimed your §r§6Summer Rewards §r§eyet!
17:14:51 [allowed] §eTalk to the §r§bSummer Sloth §r§ein the §r§aHub!
17:14:52 [allowed] §cYou are sending commands too fast! Please slow down.
17:14:54 [allowed] §6§lRARE DROP! §r§aEnchanted Ender Pearl §r§b(+§r§b126% §r§b✯ Magic Find§r§b)
17:15:03 [allowed] §5§lENDER NODE! §r§fYou found §r§aEnchanted Obsidian§r§f!
17:15:05 [allowed] §a§l+5 Kill Combo §r§8§r§b+1✯ Magic Find
17:15:16 [allowed] §a§l+10 Kill Combo §r§8+§r§62 §r§7coins per kill
17:15:26 [allowed] §cYour Kill Combo has expired! You reached a 13 Kill Combo!
17:15:28 [allowed] §5§lENDER NODE! §r§fYou found 2x §r§aGrand Experience Bottle§r§f!
17:15:33 [allowed] §5§lENDER NODE! §r§fYou found §r§aEnchanted Obsidian§r§f!
17:15:34 [allowed] §c ☠ §r§7§r§7BBGirl664§r§7 was killed by Voidling Fanatic§r§7§r§7.
17:15:36 [allowed] §a§l+5 Kill Combo §r§8§r§b+1✯ Magic Find
17:15:47 [allowed] §a§l+10 Kill Combo §r§8+§r§62 §r§7coins per kill
17:15:47 [allowed] §c§lYou feel a tremor from beneath the earth!
17:15:50 [allowed] §6§lRARE DROP! §r§5Ender Necklace §r§b(+§r§b130% §r§b✯ Magic Find§r§b)
17:15:54 [allowed] §cYour Kill Combo has expired! You reached a 13 Kill Combo!
17:15:59 [allowed] §a§l+5 Kill Combo §r§8§r§b+1✯ Magic Find
17:16:04 [allowed] §c ☠ §r§7You were killed by Enderman§r§7§r§7.
17:16:04 [allowed] §cYou died and lost 2,318.5 coins!
17:16:08 [allowed] §cYour Kill Combo has expired! You reached a 7 Kill Combo!
17:16:14 [allowed] §a§l+5 Kill Combo §r§8§r§b+1✯ Magic Find
17:16:15 [allowed] §6§lRARE DROP! §r§5Ender Helmet §r§b(+§r§b133% §r§b✯ Magic Find§r§b)
17:16:23 [allowed] §5§lENDER NODE! §r§fYou found §r§aEnchanted Obsidian§r§f!
17:16:23 [allowed] §a§l+10 Kill Combo §r§8+§r§62 §r§7coins per kill
17:16:27 [allowed] §8[§r§e106§r§8] §r§7ᛃ §r§a[VIP§6+§a] InfiniteAbyss_§f§r§f: suprisingly he agreed
17:16:30 [allowed] §8[§r§e106§r§8] §r§7ᛃ §r§a[VIP§6+§a] InfiniteAbyss_§f§r§f: wc
17:16:33 [allowed] §9§l+15 Kill Combo §r§8§r§b+1✯ Magic Find
17:16:40 [allowed] §cYour Kill Combo has expired! You reached a 17 Kill Combo!
17:16:50 [allowed] §a§l+5 Kill Combo §r§8§r§b+1✯ Magic Find
17:17:01 [allowed] §a§l+10 Kill Combo §r§8+§r§62 §r§7coins per kill
17:17:03 [allowed] §6§lRARE DROP! §r§5Ender Boots §r§b(+§r§b133% §r§b✯ Magic Find§r§b)
17:17:05 [allowed]   §r§6§lCOLLECTION LEVEL UP §eEnder Pearl §8I➜§eII
17:17:05 [allowed]     §r§7§aEnchanted Ender Pearl §7Recipe
17:17:06 [allowed] §9§l+15 Kill Combo §r§8§r§b+1✯ Magic Find
17:17:09 [allowed] §cYour Kill Combo has expired! You reached a 15 Kill Combo!
17:17:20 [allowed] §8[§r§b207§r§8] §r§6ꀾ §r§a[VIP] bud8§f§r§f: LETS GOOO
17:17:20 [allowed] §a§l+5 Kill Combo §r§8§r§b+1✯ Magic Find
17:17:21 [allowed] §8[§r§b207§r§8] §r§6ꀾ §r§a[VIP] bud8§f§r§f: LVL UP! ➜ Enderman Slayer LVL 7!
17:17:25 [allowed] §8[§r§711§r§8] §r§b[MVP§r§f+§r§b] Sebbebas §5Ⓑ§r§f: gg
17:17:26 [allowed] §8[§r§e106§r§8] §r§7ᛃ §r§a[VIP§6+§a] InfiniteAbyss_§f§r§f: gg :)
17:17:29 [allowed] §8[§r§e106§r§8] §r§7ᛃ §r§a[VIP§6+§a] InfiniteAbyss_§f§r§f: i alr got it
17:17:29 [allowed] §a§l+10 Kill Combo §r§8+§r§62 §r§7coins per kill
17:17:31 [allowed] §8[§r§f45§r§8] §r§a[VIP] JonasCraft_0815§f§r§f: gg
17:17:34 [allowed] §8[§r§b207§r§8] §r§6ꀾ §r§a[VIP] bud8§f§r§f: term time :>
17:17:38 [allowed] §cYour Kill Combo has expired! You reached a 13 Kill Combo!
17:17:41 [allowed] §8[§r§711§r§8] §r§b[MVP§r§f+§r§b] Sebbebas §5Ⓑ§r§f: InfiniteAbyss_ no one asked
17:17:48 [allowed] §8[§r§f45§r§8] §r§a[VIP] JonasCraft_0815§f§r§f: have fun whit the price bud8
17:17:49 [allowed] §8[§r§e106§r§8] §r§7ᛃ §r§a[VIP§6+§a] InfiniteAbyss_§f§r§f: no one asked for you to say this
17:17:55 [allowed] §aYou sold §r§d◆ Hearts Rune I§r§8 x1 §r§afor §r§61 Coin§r§a!
17:18:00 [allowed] §8[§r§711§r§8] §r§b[MVP§r§f+§r§b] Sebbebas §5Ⓑ§r§f: OoO
17:18:01 [allowed] §8[§r§e106§r§8] §r§7ᛃ §r§a[VIP§6+§a] InfiniteAbyss_§f§r§f: no one asked for you to respond
17:18:05 [allowed] §6§lRARE DROP! §r§aEnchanted Ender Pearl §r§b(+§r§b132% §r§b✯ Magic Find§r§b)
17:18:13 [allowed] §8[§r§b207§r§8] §r§6ꀾ §r§a[VIP] bud8§f§r§f: chill bro
17:18:16 [allowed] §c ☠ §r§7§r§aJonasCraft_0815§r§7 was killed by §r§5Voidling Radical§r§7§r§7.
17:18:17 [allowed] §8[§r§e106§r§8] §r§7ᛃ §r§a[VIP§6+§a] InfiniteAbyss_§f§r§f: no one asked for you to say absolute anything
17:18:21 [allowed] §8[§r§711§r§8] §r§b[MVP§r§f+§r§b] Sebbebas §5Ⓑ§r§f: Mate your lvl 106 ptw
17:18:22 [allowed] §6§lRARE DROP! §r§aEnchanted Ender Pearl §r§b(+§r§b132% §r§b✯ Magic Find§r§b)
17:18:27 [allowed] §a§l+5 Kill Combo §r§8§r§b+1✯ Magic Find
17:18:33 [allowed] §a§l+10 Kill Combo §r§8+§r§62 §r§7coins per kill
17:18:35 [allowed] §8[§r§e106§r§8] §r§7ᛃ §r§a[VIP§6+§a] InfiniteAbyss_§f§r§f: in any ways did i offend you?
17:18:42 [allowed] §aYou sold §r§5Ender Helmet§r§8 x1 §r§afor §r§610,000 Coins§r§a!
17:18:44 [allowed] §cYour Kill Combo has expired! You reached a 13 Kill Combo!
17:18:45 [allowed] §aYou sold §r§aEnchanted Obsidian§r§8 x3 §r§afor §r§64,320 Coins§r§a!
17:19:00 [allowed] §8[§r§e82§r§8] §r§7Adhyansh2§7§r§7: i agree with sebbebas he offened sebbas
17:19:01 [allowed] §8[§r§711§r§8] §r§b[MVP§r§f+§r§b] Sebbebas §5Ⓑ§r§f: I just wanna argue over dumb ****
17:19:14 [allowed] §a§l+5 Kill Combo §r§8§r§b+1✯ Magic Find
17:19:15 [allowed] §8[§r§e106§r§8] §r§7ᛃ §r§a[VIP§6+§a] InfiniteAbyss_§f§r§f: dumb what
17:19:23 [allowed] §8[§r§711§r§8] §r§b[MVP§r§f+§r§b] Sebbebas §5Ⓑ§r§f: poo
17:19:24 [allowed] §cYour Kill Combo has expired! You reached a 8 Kill Combo!
17:19:30 [allowed] §8[§r§e106§r§8] §r§7ᛃ §r§a[VIP§6+§a] InfiniteAbyss_§f§r§f: ok argue
17:19:35 [allowed] §8[§r§e106§r§8] §r§7ᛃ §r§a[VIP§6+§a] InfiniteAbyss_§f§r§f: but no one asked
17:19:38 [allowed] §a§l+5 Kill Combo §r§8§r§b+1✯ Magic Find
17:19:41 [allowed] §8[§r§729§r§8] §r§7santomatico§7§r§7: what's the chance to dragon shotbow drop
17:19:49 [allowed] §a§l+10 Kill Combo §r§8+§r§62 §r§7coins per kill
17:19:49 [allowed] §6§lRARE DROP! §r§5Ender Leggings §r§b(+§r§b137% §r§b✯ Magic Find§r§b)
17:19:50 [allowed] §6§lRARE DROP! §r§5Ender Necklace §r§b(+§r§b137% §r§b✯ Magic Find§r§b)
17:19:55 [allowed] §cYour Kill Combo has expired! You reached a 13 Kill Combo!
17:19:56 [allowed] §8[§r§e106§r§8] §r§7ᛃ §r§a[VIP§6+§a] InfiniteAbyss_§f§r§f: pretty big
17:20:03 [allowed] §8[§r§e106§r§8] §r§7ᛃ §r§a[VIP§6+§a] InfiniteAbyss_§f§r§f: just kill watchers
17:20:07 [allowed] §8Depositing coins...
17:20:07 [allowed] §aYou have deposited §r§626k coins§r§a! You now have §r§6184k coins §r§ain your account!
17:20:11 [allowed]   §r§b§lSKILL LEVEL UP §3Combat §8XIV➜§3XV
17:20:11 [allowed] §a§l+5 Kill Combo §r§8§r§b+1✯ Magic Find
17:20:17 [allowed] §8[§r§729§r§8] §r§7santomatico§7§r§7: i already drop 2 0.5 and nothing of the bow
17:20:18 [allowed] §8[§r§e106§r§8] §r§7ᛃ §r§a[VIP§6+§a] InfiniteAbyss_§f§r§f: remember to hand it to lone adventurer he'll give you another one
17:20:19 [allowed] §eYou haven't claimed your §r§6Summer Rewards §r§eyet!
17:20:19 [allowed] §eTalk to the §r§bSummer Sloth §r§ein the §r§aHub!
17:20:21 [allowed] §cYou are sending commands too fast! Please slow down.
17:20:23 [allowed] §aYou sold §r§5Ender Necklace§r§8 x1 §r§afor §r§610,000 Coins§r§a!
17:20:40 [allowed] §6§lCOMMUNITY GOAL COMPLETE! §r§eOperation: Ore IV
17:20:40 [allowed]   §r§fBreak §r§e8M Ore§r§f Blocks.
17:20:40 [allowed]   §r§7§r§eBy contributing to this Community Goal, you can receive
17:20:40 [allowed]   §r§eone of the following rewards when the §r§6Bingo Event§r§e ends!
17:20:40 [allowed]   §r§e§lCONTRIBUTION REWARDS
17:20:40 [allowed]     §r§fTop §r§e1% §r§8- §r§615 Bingo Points
17:20:40 [allowed]     §r§fTop §r§e5% §r§8- §r§612 Bingo Points
17:20:40 [allowed]     §r§fTop §r§e10% §r§8- §r§69 Bingo Points
17:20:40 [allowed]     §r§fTop §r§e25% §r§8- §r§67 Bingo Points
17:20:40 [allowed]     §r§fAll Contributors §r§8- §r§64 Bingo Points
17:20:49 [allowed] §aYou reforged your §r§5Ender Boots §r§ainto a §r§5Light Ender Boots§r§a!
17:20:54 [allowed] §aYou reforged your §r§5Light Ender Boots §r§ainto a §r§5Pure Ender Boots§r§a!
17:20:55 [allowed] §aYou reforged your §r§5Pure Ender Boots §r§ainto a §r§5Clean Ender Boots§r§a!
17:20:56 [allowed] §aYou reforged your §r§5Clean Ender Boots §r§ainto a §r§5Pure Ender Boots§r§a!
17:20:57 [allowed] §aYou reforged your §r§5Pure Ender Boots §r§ainto a §r§5Mythic Ender Boots§r§a!
17:20:58 [allowed] §aYou reforged your §r§5Mythic Ender Boots §r§ainto a §r§5Smart Ender Boots§r§a!
17:20:59 [allowed] §aYou reforged your §r§5Smart Ender Boots §r§ainto a §r§5Fierce Ender Boots§r§a!
17:21:06 [allowed] §aYou reforged your §r§5Ender Leggings §r§ainto a §r§5Pure Ender Leggings§r§a!
17:21:07 [allowed] §aYou reforged your §r§5Pure Ender Leggings §r§ainto a §r§5Smart Ender Leggings§r§a!
17:21:08 [allowed] §aYou reforged your §r§5Smart Ender Leggings §r§ainto a §r§5Clean Ender Leggings§r§a!
17:21:08 [allowed] §aYou reforged your §r§5Clean Ender Leggings §r§ainto a §r§5Fierce Ender Leggings§r§a!
17:21:19 [allowed] §aYou sold §r§fEnder Pearl§r§8 x13 §r§afor §r§691 Coins§r§a!
17:21:20 [allowed] §aYou sold §r§fEnder Pearl§r§8 x16 §r§afor §r§6112 Coins§r§a!
17:21:20 [allowed] §aYou sold §r§fEnder Pearl§r§8 x16 §r§afor §r§6112 Coins§r§a!
17:21:20 [allowed] §aYou sold §r§fEnder Pearl§r§8 x16 §r§afor §r§6112 Coins§r§a!
17:21:20 [allowed] §aYou sold §r§fEnder Pearl§r§8 x16 §r§afor §r§6112 Coins§r§a!
17:21:21 [allowed] §aYou sold §r§fEnder Pearl§r§8 x16 §r§afor §r§6112 Coins§r§a!
17:21:21 [allowed] §aYou sold §r§fEnder Pearl§r§8 x16 §r§afor §r§6112 Coins§r§a!
17:21:21 [allowed] §aYou sold §r§fEnder Pearl§r§8 x16 §r§afor §r§6112 Coins§r§a!
17:21:47 [allowed] §cYou don't have enough Experience Levels!
17:21:56 [allowed] §aYou enchanted your §r§5Fierce Ender Leggings §r§awith Protection V§r§a!
17:22:01 [allowed] §aYou enchanted your §r§5Fierce Ender Leggings §r§awith Growth V§r§a!
17:22:07 [allowed] §eYou haven't claimed your §r§6Summer Rewards §r§eyet!
17:22:07 [allowed] §eTalk to the §r§bSummer Sloth §r§ein the §r§aHub!
17:22:09 [allowed] §cYou are sending commands too fast! Please slow down.
17:22:15 [allowed] §c ☠ §r§7§r§7Hippo472§r§7 was killed by Enderman§r§7§r§7.
17:22:19 [allowed] §a§l+5 Kill Combo §r§8§r§b+1✯ Magic Find
17:22:22 [allowed] §c ☠ §r§7§r§aAfrikanso§r§7 was killed by Enderman§r§7§r§7.
17:22:22 [allowed] §5§lENDER NODE! §r§fYou found §r§aEnchanted End Stone§r§f!
17:22:24 [allowed] §5§lENDER NODE! §r§fYou found §r§cEndermite Nest§r§f!
17:22:27 [allowed] §cYour Kill Combo has expired! You reached a 7 Kill Combo!
17:22:28 [allowed] §5☬ §r§bNatori_Sana__ §r§dplaced a Summoning Eye! §r§7(§r§e1§r§7/§r§a8§r§7)
17:22:28 [allowed]   §r§3§lBESTIARY FAMILY UNLOCKED §bEndermite
17:22:29 [allowed] §5☬ §r§bNatori_Sana__ §r§dplaced a Summoning Eye! §r§7(§r§e2§r§7/§r§a8§r§7)
17:22:29 [allowed] §5☬ §r§blog_stone §r§dplaced a Summoning Eye! §r§7(§r§e3§r§7/§r§a8§r§7)
17:22:29 [allowed] §5☬ §r§bNatori_Sana__ §r§dplaced a Summoning Eye! §r§7(§r§e4§r§7/§r§a8§r§7)
17:22:30 [allowed] §5☬ §r§bNatori_Sana__ §r§dplaced a Summoning Eye! §r§7(§r§e5§r§7/§r§a8§r§7)
17:22:30 [allowed] §5☬ §r§blog_stone §r§dplaced a Summoning Eye! §r§7(§r§e6§r§7/§r§a8§r§7)
17:22:30 [allowed] §8[§r§3268§r§8] §r§7α §r§b[MVP§c+§b] DevilSquid420§f§r§f: do u do in cromson
17:22:31 [allowed] §a§l+5 Kill Combo §r§8§r§b+1✯ Magic Find
17:22:37 [allowed] §5§lENDER NODE! §r§fYou found §r§aEnchanted End Stone§r§f!
17:22:37 [allowed]   §r§6§lCOLLECTION LEVEL UP §eEnd Stone §8III➜§eIV
17:22:37 [allowed]     §r§7§aEnchanted End Stone §7Recipe
17:22:39 [allowed] §6§lRARE DROP! §r§5Ender Leggings §r§b(+§r§b137% §r§b✯ Magic Find§r§b)
17:22:39 [allowed] §8[§r§2187§r§8] §r§b[MVP§a+§b] samilcupomsc§f§r§f: nope
17:22:42 [allowed] §5§lENDER NODE! §r§fYou found §r§aEnchanted End Stone§r§f!
17:22:42 [allowed] §5☬ §r§blog_stone §r§dplaced a Summoning Eye! §r§7(§r§e7§r§7/§r§a8§r§7)
17:22:42 [allowed] §a§l+10 Kill Combo §r§8+§r§62 §r§7coins per kill
17:22:42 [allowed] §8[§r§2187§r§8] §r§b[MVP§a+§b] samilcupomsc§f§r§f: i hate crimson
17:22:43 [allowed] §5§lENDER NODE! §r§fYou found §r§aEnchanted End Stone§r§f!
17:22:44 [allowed] §5☬ §r§blog_stone §r§dplaced a Summoning Eye! Brace yourselves! §r§7(§r§a8§r§7/§r§a8§r§7)
17:22:45 [allowed] §8[§r§3268§r§8] §r§7α §r§b[MVP§c+§b] DevilSquid420§f§r§f: lol
17:22:50 [allowed] §8[§r§f51§r§8] §r§a[VIP] fishy723§f§r§f: no bow sad
17:22:50 [allowed] §9§l+15 Kill Combo §r§8§r§b+1✯ Magic Find
17:22:55 [allowed] §c ☠ §r§7§r§7Hippo472§r§7 was killed by Enderman§r§7§r§7.
17:22:55 [allowed] §cYour Kill Combo has expired! You reached a 16 Kill Combo!
17:22:55 [allowed] §5☬ §r§d§lThe §r§5§c§lStrong Dragon§r§d§l has spawned!
17:22:56 [allowed] §5§lENDER NODE! §r§fYou found §r§d◆ Magical Rune I§r§f!
17:22:58 [allowed]  §r§6§lNEW AREA DISCOVERED!
17:22:58 [allowed] §7  ⏣ §r§b§r§5Zealot Bruiser Hideout
17:23:01 [allowed] §5☬ §r§bNatori_Sana__ §r§ddestroyed an §r§5Ender Crystal§r§d!
17:23:05 [allowed] §5§lENDER NODE! §r§fYou found §r§cEndermite Nest§r§f!
17:23:05 [allowed] §c ☠ §r§7§r§bBlueOctober121§r§7 was killed by Enderman§r§7§r§7.
17:23:05 [allowed] §a§l+5 Kill Combo §r§8§r§b+1✯ Magic Find
17:23:07 [allowed] §5☬ §r§bNatori_Sana__ §r§ddestroyed an §r§5Ender Crystal§r§d!
17:23:10 [allowed] §5☬ §r§d§lThe Dragon's Gate is weakening!
17:23:10 [allowed] §5☬ §r§bDevilSquid420 §r§ddestroyed an §r§5Ender Crystal§r§d!
17:23:10 [allowed] §5☬ §r§d§lThe Dragon's Gate is starting to budge!
17:23:11 [allowed] §5☬ §r§d§lThe Dragon's Gate is nearly open!
17:23:12 [allowed] §5☬ §r§d§lThe Dragon's Gate has opened!
17:23:12 [allowed] §5§lENDER NODE! §r§fYou found §r§aEnchanted Obsidian§r§f!
17:23:14 [allowed] §cYour Kill Combo has expired! You reached a 8 Kill Combo!
17:23:14 [allowed] §5☬ §r§bNatori_Sana__ §r§ddestroyed an §r§5Ender Crystal§r§d!
17:23:16 [allowed] §6§lRARE DROP! §r§aEnchanted Ender Pearl §r§b(+§r§b136% §r§b✯ Magic Find§r§b)
17:23:18 [allowed] §c ☠ §r§7§r§bBlueOctober121§r§7 was killed by Enderman§r§7§r§7.
17:23:18 [allowed] §5☬ §r§blog_stone §r§ddestroyed an §r§5Ender Crystal§r§d!
17:23:19 [allowed] §5§lENDER NODE! §r§fYou found §r§cEndermite Nest§r§f!
17:23:23 [allowed]   §r§6§lCOLLECTION LEVEL UP §eEnd Stone §8IV➜§eV
17:23:23 [allowed]     §r§7§aSilence Block §7Recipe
17:23:24 [allowed] §c ☠ §r§7§r§bPhinz101§r§7 was killed by Zealot§r§7§r§7.
17:23:25 [allowed] §a§l+5 Kill Combo §r§8§r§b+1✯ Magic Find
17:23:28 [allowed] §a§l▬▬▬▬▬▬▬▬▬▬▬▬▬▬▬▬▬▬▬▬▬▬▬▬▬▬▬▬▬▬▬▬▬▬▬▬▬▬▬▬▬▬▬▬▬▬▬▬▬▬▬▬▬▬▬▬▬▬▬▬▬▬▬▬
17:23:28 [allowed] §f                         §r§6§lSTRONG DRAGON DOWN!
17:23:28 [allowed] §f                 §r§b[MVP§r§c+§r§b] log_stone§r§f §r§7dealt the final blow.
17:23:28 [allowed] §f         §r§e§l1st Damager §r§7- §r§b[MVP§r§a+§r§b] samilcupomsc§r§f §r§7- §r§e8,125,463
17:23:28 [allowed] §f           §r§6§l2nd Damager §r§7- §r§b[MVP§r§c+§r§b] log_stone§r§f §r§7- §r§e1,954,791
17:23:28 [allowed] §f         §r§c§l3rd Damager §r§7- §r§b[MVP§r§c+§r§b] DevilSquid420§r§f §r§7- §r§e1,285,515
17:23:28 [allowed] §f                      §r§eYour Damage: §r§a0 §r§7(Position #22)
17:23:28 [allowed] §a§l▬▬▬▬▬▬▬▬▬▬▬▬▬▬▬▬▬▬▬▬▬▬▬▬▬▬▬▬▬▬▬▬▬▬▬▬▬▬▬▬▬▬▬▬▬▬▬▬▬▬▬▬▬▬▬▬▬▬▬▬▬▬▬▬
17:23:32 [allowed] §a§l+10 Kill Combo §r§8+§r§62 §r§7coins per kill
17:23:35 [allowed] §5§lENDER NODE! §r§fYou found 2x §r§aGrand Experience Bottle§r§f!
17:23:36 [allowed] §cYour Kill Combo has expired! You reached a 10 Kill Combo!
17:23:40 [allowed] §a§l+5 Kill Combo §r§8§r§b+1✯ Magic Find
17:23:40 [allowed] §6§lRARE DROP! §r§aEnchanted Ender Pearl §r§b(+§r§b137% §r§b✯ Magic Find§r§b)
17:23:41 [allowed] §8[§r§2187§r§8] §r§b[MVP§a+§b] samilcupomsc§f§r§f: usually dungeons is my friend
17:23:41 [allowed] §6§lRARE DROP! §r§5Ender Leggings §r§b(+§r§b137% §r§b✯ Magic Find§r§b)
17:23:44 [allowed] §c ☠ §r§7§r§bBlueOctober121§r§7 was killed by Nest Endermite§r§7§r§7.
17:23:47 [allowed] §a§l+10 Kill Combo §r§8+§r§62 §r§7coins per kill
17:23:47 [allowed] §8[§r§3268§r§8] §r§7α §r§b[MVP§c+§b] DevilSquid420§f§r§f: same lol
17:23:52 [allowed] §8[§r§3268§r§8] §r§7α §r§b[MVP§c+§b] DevilSquid420§f§r§f: i need a term
17:23:55 [allowed] §9§l+15 Kill Combo §r§8§r§b+1✯ Magic Find
17:23:56 [allowed] §8[§r§3268§r§8] §r§7α §r§b[MVP§c+§b] DevilSquid420§f§r§f: i wanna get back into mm
17:23:58 [allowed] §8[§r§f51§r§8] §r§a[VIP] fishy723§f§r§f: i need a bow
17:24:01 [allowed] §5§l+20 Kill Combo §r§8§r§3+5☯ Combat Wisdom
17:24:01 [allowed] §c ☠ §r§7§r§bBlueOctober121§r§7 was killed by Enderman§r§7§r§7.
17:24:07 [allowed] §5§l+25 Kill Combo §r§8§r§b+1✯ Magic Find
17:24:07 [allowed] §8[§b227§8] §r§b[MVP§c+§b] log_stone§f§7 is holding §r§8[§dHasty Terminator §6✪§6✪§6✪§6✪§6✪§8]
17:24:11 [allowed] §6§l+30 Kill Combo §r§8+§r§62 §r§7coins per kill
17:24:12 [allowed] §8[§r§3268§r§8] §r§7α §r§b[MVP§c+§b] DevilSquid420§f§r§f: ew
17:24:12 [allowed] §8[§r§2187§r§8] §r§b[MVP§a+§b] samilcupomsc§f§r§f: can you kill t4?
17:24:14 [allowed] §8[§r§3268§r§8] §r§7α §r§b[MVP§c+§b] DevilSquid420§f§r§f: lf ms
17:24:14 [allowed] §cYour Kill Combo has expired! You reached a 31 Kill Combo!
17:24:15 [allowed] §8[§r§3268§r§8] §r§7α §r§b[MVP§c+§b] DevilSquid420§f§r§f: ye
17:24:20 [allowed] §a§l+5 Kill Combo §r§8§r§b+1✯ Magic Find
17:24:26 [allowed] §a§l+10 Kill Combo §r§8+§r§62 §r§7coins per kill
17:24:28 [allowed] §5☬ §r§dThe Dragon Egg has spawned!
17:24:30 [allowed] §c ☠ §r§7§r§bBlueOctober121§r§7 was killed by Enderman§r§7§r§7.
17:24:30 [allowed] §5§lENDER NODE! §r§fYou found §r§aEnchanted End Stone§r§f!
17:24:34 [allowed] §8[§r§3268§r§8] §r§7α §r§b[MVP§c+§b] DevilSquid420§f§r§f: im almost eman 7 so
17:24:37 [allowed] §9§l+15 Kill Combo §r§8§r§b+1✯ Magic Find
17:24:37 [allowed] §6§lRARE DROP! §r§aEnchanted Ender Pearl §r§b(+§r§b139% §r§b✯ Magic Find§r§b)
17:24:39 [allowed] §8[§r§3268§r§8] §r§7α §r§b[MVP§c+§b] DevilSquid420§f§r§f: Enderman Slayer LVL 6 - Next LVL in 14,293 XP!
17:24:40 [allowed] §c ☠ §r§7§r§bBlueOctober121§r§7 was killed by Enderman§r§7§r§7.
17:24:41 [allowed] §cYour Kill Combo has expired! You reached a 16 Kill Combo!
17:24:44 [allowed] §8[§r§3268§r§8] §r§7α §r§b[MVP§c+§b] DevilSquid420§f§r§f: sub 1hr
17:24:48 [allowed] §a§l+5 Kill Combo §r§8§r§b+1✯ Magic Find
17:24:52 [allowed] §a§l+10 Kill Combo §r§8+§r§62 §r§7coins per kill
17:24:56 [allowed] §9§l+15 Kill Combo §r§8§r§b+1✯ Magic Find
17:25:00 [allowed] §8[§r§2187§r§8] §r§b[MVP§a+§b] samilcupomsc§f§r§f: Enderman Slayer LVL 8 - Next LVL in 483,436 XP!
17:25:01 [allowed] §5§l+20 Kill Combo §r§8§r§3+5☯ Combat Wisdom
17:25:04 [allowed] §8[§r§2187§r§8] §r§b[MVP§a+§b] samilcupomsc§f§r§f: i got 3 core already
17:25:05 [allowed] §c ☠ §r§7§r§bBlueOctober121§r§7 was killed by Enderman§r§7§r§7.
17:25:06 [allowed] §5§l+25 Kill Combo §r§8§r§b+1✯ Magic Find
17:25:09 [allowed] §8[§r§3268§r§8] §r§7α §r§b[MVP§c+§b] DevilSquid420§f§r§f: w
17:25:10 [allowed] §5☬ §r§bNatori_Sana__ §r§dplaced a Summoning Eye! §r§7(§r§e1§r§7/§r§a8§r§7)
17:25:10 [allowed] §5☬ §r§blog_stone §r§dplaced a Summoning Eye! §r§7(§r§e2§r§7/§r§a8§r§7)
17:25:10 [allowed] §5☬ §r§bNatori_Sana__ §r§dplaced a Summoning Eye! §r§7(§r§e3§r§7/§r§a8§r§7)
17:25:11 [allowed] §5☬ §r§bNatori_Sana__ §r§dplaced a Summoning Eye! §r§7(§r§e4§r§7/§r§a8§r§7)
17:25:11 [allowed] §5☬ §r§blog_stone §r§dplaced a Summoning Eye! §r§7(§r§e5§r§7/§r§a8§r§7)
17:25:11 [allowed] §5☬ §r§bNatori_Sana__ §r§dplaced a Summoning Eye! §r§7(§r§e6§r§7/§r§a8§r§7)
17:25:12 [allowed] §6§l+30 Kill Combo §r§8+§r§62 §r§7coins per kill
17:25:12 [allowed] §5☬ §r§blog_stone §r§dplaced a Summoning Eye! §r§7(§r§e7§r§7/§r§a8§r§7)
17:25:13 [allowed] §5☬ §r§blog_stone §r§dplaced a Summoning Eye! Brace yourselves! §r§7(§r§a8§r§7/§r§a8§r§7)
17:25:16 [allowed] §cYour Kill Combo has expired! You reached a 34 Kill Combo!
17:25:17 [allowed] §c§lYou feel a tremor from beneath the earth!
17:25:23 [allowed] §5☬ §r§d§lThe §r§5§c§lYoung Dragon§r§d§l has spawned!
17:25:23 [allowed] §c ☠ §r§7§r§bBlueOctober121§r§7 was killed by Enderman§r§7§r§7.
17:25:24 [allowed] §a§l+5 Kill Combo §r§8§r§b+1✯ Magic Find
17:25:29 [allowed] §c ☠ §r§7§r§bCharlieMaves§r§7 was killed by Nest Endermite§r§7§r§7.
17:25:30 [allowed] §5☬ §r§bsamilcupomsc §r§ddestroyed an §r§5Ender Crystal§r§d!
17:25:30 [allowed] §c ☠ §r§7§r§bBlueOctober121§r§7 was killed by Enderman§r§7§r§7.
17:25:31 [allowed] §5☬ §r§bNatori_Sana__ §r§ddestroyed an §r§5Ender Crystal§r§d!
17:25:34 [allowed] §cYour Kill Combo has expired! You reached a 8 Kill Combo!
17:25:35 [allowed] §5☬ §r§bNatori_Sana__ §r§ddestroyed an §r§5Ender Crystal§r§d!
17:25:36 [allowed] §5☬ §r§bsamilcupomsc §r§ddestroyed an §r§5Ender Crystal§r§d!
17:25:38 [allowed] §c ☠ §r§7§r§bsamilcupomsc§r§7 was killed by §r§bsamilcupomsc§r§7§r§7.
17:25:42 [allowed] §c ☠ §r§7§r§bBlueOctober121§r§7 was killed by Enderman§r§7§r§7.
17:25:43 [allowed] §5☬ §r§bNatori_Sana__ §r§ddestroyed an §r§5Ender Crystal§r§d!
17:25:46 [allowed] §a§l+5 Kill Combo §r§8§r§b+1✯ Magic Find
17:25:50 [allowed] §a§l+10 Kill Combo §r§8+§r§62 §r§7coins per kill
17:25:53 [allowed] §8Depositing coins...
17:25:53 [allowed] §aYou have deposited §r§630k coins§r§a! You now have §r§6215k coins §r§ain your account!
17:25:55 [allowed] §cYour Kill Combo has expired! You reached a 11 Kill Combo!
17:25:58 [allowed] §a§l+5 Kill Combo §r§8§r§b+1✯ Magic Find
17:25:59 [allowed] §6§lRARE DROP! §r§5Ender Chestplate §r§b(+§r§b141% §r§b✯ Magic Find§r§b)
17:26:01 [allowed] §c ☠ §r§7§r§bBlueOctober121§r§7 was killed by Enderman§r§7§r§7.
17:26:03 [allowed] §5§lENDER NODE! §r§fYou found §r§aEnchanted Obsidian§r§f!
17:26:03 [allowed]   §r§6§lCOLLECTION LEVEL UP §eObsidian §8III➜§eIV
17:26:03 [allowed]     §r§7§aEnchanted Obsidian §7Recipe
17:26:05 [allowed] §5§lENDER NODE! §r§fYou found §r§cEndermite Nest§r§f!
17:26:06 [allowed] §a§l▬▬▬▬▬▬▬▬▬▬▬▬▬▬▬▬▬▬▬▬▬▬▬▬▬▬▬▬▬▬▬▬▬▬▬▬▬▬▬▬▬▬▬▬▬▬▬▬▬▬▬▬▬▬▬▬▬▬▬▬▬▬▬▬
17:26:06 [allowed] §f                          §r§6§lYOUNG DRAGON DOWN!
17:26:06 [allowed] §f               §r§b[MVP§r§a+§r§b] samilcupomsc§r§f §r§7dealt the final blow.
17:26:06 [allowed] §f         §r§e§l1st Damager §r§7- §r§b[MVP§r§a+§r§b] samilcupomsc§r§f §r§7- §r§e6,596,879
17:26:06 [allowed] §f           §r§6§l2nd Damager §r§7- §r§b[MVP§r§c+§r§b] log_stone§r§f §r§7- §r§e3,567,505
17:26:06 [allowed] §f         §r§c§l3rd Damager §r§7- §r§b[MVP§r§c+§r§b] Natori_Sana__§r§f §r§7- §r§e341,191
17:26:06 [allowed] §f                      §r§eYour Damage: §r§a0 §r§7(Position #13)
17:26:06 [allowed] §a§l▬▬▬▬▬▬▬▬▬▬▬▬▬▬▬▬▬▬▬▬▬▬▬▬▬▬▬▬▬▬▬▬▬▬▬▬▬▬▬▬▬▬▬▬▬▬▬▬▬▬▬▬▬▬▬▬▬▬▬▬▬▬▬▬
17:26:07 [allowed] §cYour Kill Combo has expired! You reached a 9 Kill Combo!
17:26:14 [allowed] §c ☠ §r§7§r§bBlueOctober121§r§7 was killed by Enderman§r§7§r§7.
17:26:15 [allowed] §cYou cannot modify your equipped armor set!
17:26:18 [allowed] §8[§2187§8] §r§b[MVP§a+§b] samilcupomsc§f§7 is holding §r§8[§9Dragon Scale§8]
17:26:20 [allowed] §8[§r§2187§r§8] §r§b[MVP§a+§b] samilcupomsc§f§r§f: i love scale
17:26:24 [allowed] §5§lENDER NODE! §r§fYou found §r§aEnchanted Obsidian§r§f!
17:26:25 [allowed] §5§lENDER NODE! §r§fYou found §r§aGrand Experience Bottle§r§f!
17:26:27 [allowed] §eYou haven't claimed your §r§6Summer Rewards §r§eyet!
17:26:27 [allowed] §eTalk to the §r§bSummer Sloth §r§ein the §r§aHub!
17:26:28 [allowed] §f       §7You have §31 §7pending §3Bestiary Milestone §7to be claimed!
17:26:28 [allowed] §f                    §6§l>>> §6§lCLICK HERE§e to claim it! §6§l<<<
17:26:29 [allowed] §cYou are sending commands too fast! Please slow down.
17:26:31 [allowed] §aYou sold §r§aEnchanted Ender Pearl§r§8 x16 §r§afor §r§62,240 Coins§r§a!
17:26:31 [allowed] §aYou sold §r§5Mite Gel§r§8 x15 §r§afor §r§630,000 Coins§r§a!
17:26:31 [allowed] §aYou sold §r§fEnd Stone§r§8 x6 §r§afor §r§612 Coins§r§a!
17:26:32 [allowed] §aYou sold §r§aEnchanted End Stone§r§8 x18 §r§afor §r§65,760 Coins§r§a!
17:26:32 [allowed] §aYou sold §r§fEnder Pearl§r§8 x2 §r§afor §r§614 Coins§r§a!
17:26:32 [allowed] §aYou sold §r§4◆ Lava Rune I§r§8 x1 §r§afor §r§61 Coin§r§a!
17:26:33 [allowed] §aYou sold §r§f◆ Snow Rune I§r§8 x1 §r§afor §r§61 Coin§r§a!
17:26:33 [allowed] §aYou sold §r§aEnchanted Ender Pearl§r§8 x16 §r§afor §r§62,240 Coins§r§a!
17:26:33 [allowed] §aYou sold §r§5Ender Leggings§r§8 x1 §r§afor §r§610,000 Coins§r§a!
17:26:34 [allowed] §aYou sold §r§d◆ Magical Rune I§r§8 x1 §r§afor §r§61 Coin§r§a!
17:26:34 [allowed] §aYou sold §r§5Ender Leggings§r§8 x1 §r§afor §r§610,000 Coins§r§a!
17:26:35 [allowed] §aYou sold §r§aEnchanted Obsidian§r§8 x3 §r§afor §r§64,320 Coins§r§a!
17:26:35 [allowed] §aYou sold §r§fObsidian§r§8 x2 §r§afor §r§614 Coins§r§a!
17:26:35 [allowed] §aYou sold §r§aEnchanted Ender Pearl§r§8 x5 §r§afor §r§6700 Coins§r§a!
17:26:53 [allowed] §aYou reforged your §r§5Ender Chestplate §r§ainto a §r§5Smart Ender Chestplate§r§a!
17:26:54 [allowed] §aYou reforged your §r§5Smart Ender Chestplate §r§ainto a §r§5Wise Ender Chestplate§r§a!
17:26:55 [allowed] §aYou reforged your §r§5Wise Ender Chestplate §r§ainto a §r§5Fierce Ender Chestplate§r§a!
17:27:31 [allowed] §eYou haven't claimed your §r§6Summer Rewards §r§eyet!
17:27:31 [allowed] §eTalk to the §r§bSummer Sloth §r§ein the §r§aHub!
17:27:31 [allowed]  §r§6§lNEW AREA DISCOVERED!
17:27:31 [allowed] §7  ⏣ §r§b§r§cDungeon Hub
17:27:31 [allowed] §7   ■ §r§f§r§7§r§fJoin Dungeons!
17:27:31 [allowed] §7   ■ §r§f§r§7§r§fMeet new friends and organize Dungeon parties!
17:27:31 [allowed] §7   ■ §r§f§r§7§r§fTalk with §r§cOphelia §r§fand §r§cMalik§r§f.
17:27:31 [allowed] §f       §7You have §31 §7pending §3Bestiary Milestone §7to be claimed!
17:27:31 [allowed] §f                    §6§l>>> §6§lCLICK HERE§e to claim it! §6§l<<<
17:27:32 [allowed] §cYou are sending commands too fast! Please slow down.
17:27:35 [allowed] §eYou haven't claimed your §r§6Summer Rewards §r§eyet!
17:27:35 [allowed] §eTalk to the §r§bSummer Sloth §r§ein the §r§aHub!
17:27:35 [allowed] §f       §7You have §31 §7pending §3Bestiary Milestone §7to be claimed!
17:27:35 [allowed] §f                    §6§l>>> §6§lCLICK HERE§e to claim it! §6§l<<<
17:27:36 [allowed] §cYou are sending commands too fast! Please slow down.
17:27:38 [allowed] §f                         §r§6§lBESTIARY MILESTONE
17:27:38 [allowed] §f                                    §r§8II §r§8➡§r§e §r§eIII
17:27:38 [allowed] §f                                   §r§6§lREWARD
17:27:38 [allowed] §f                                 §r§8+§r§a1 §r§c❤ Health
17:27:39 [allowed] §aA §r§bStranger §r§aappears on your island at §r§f8§r§a, §r§f100§r§a, §r§f41§r§a! You should go talk to them.
17:27:53 [allowed] §eYou haven't claimed your §r§6Summer Rewards §r§eyet!
17:27:53 [allowed] §eTalk to the §r§bSummer Sloth §r§ein the §r§aHub!
17:27:55 [allowed] §cYou are sending commands too fast! Please slow down.
17:28:05 [allowed] §2Guild > §r§7JonathanLanunez §r§ejoined.
17:28:43 [allowed] §9§m-----------------------------------------------------
17:28:43 [allowed] §b[MVP§r§f+§r§b] Sebbebas §r§einvited §r§7JonathanLanunez §r§eto the party! They have §r§c60 §r§eseconds to accept.
17:28:43 [allowed] §9§m-----------------------------------------------------
17:28:46 [allowed] §eYou haven't claimed your §r§6Summer Rewards §r§eyet!
17:28:46 [allowed] §eTalk to the §r§bSummer Sloth §r§ein the §r§aHub!
17:28:47 [allowed] §cYou are sending commands too fast! Please slow down.
17:28:48 [allowed] §9§m-----------------------------------------------------
17:28:48 [allowed] §7JonathanLanunez §r§ejoined the party.
17:28:48 [allowed] §9§m-----------------------------------------------------
17:28:50 [allowed] §aA §r§bStranger §r§aappears on your island at §r§f8§r§a, §r§f100§r§a, §r§f41§r§a! You should go talk to them.
17:28:56 [allowed] §eYou haven't claimed your §r§6Summer Rewards §r§eyet!
17:28:56 [allowed] §eTalk to the §r§bSummer Sloth §r§ein the §r§aHub!
17:28:58 [allowed] §cYou are sending commands too fast! Please slow down.
17:29:03 [allowed] §9§m-----------------------------
17:29:03 [allowed] §eSkyBlock Party Warp §r§7(1 player)
17:29:03 [allowed] §a✔ §r§7JonathanLanunez§r§7 §r§awarped to your server
17:29:03 [allowed] §9§m-----------------------------
17:29:30 [allowed] §aYou enchanted your §r§5Fierce Ender Chestplate §r§awith Growth V§r§a!
17:29:30 [allowed] §aYour §r§5Bingo §r§aleveled up to level §r§968§r§a!
17:29:38 [allowed] §aYou enchanted your §r§5Fierce Ender Boots §r§awith Growth V§r§a!
17:29:51 [allowed] §aYou enchanted your §r§5Fierce Ender Boots §r§awith Protection V§r§a!
17:29:59 [allowed] §aYou enchanted your §r§5Fierce Ender Chestplate §r§awith Protection V§r§a!
17:30:03 [allowed] §aYou enchanted your §r§5Fierce Ender Helmet §r§awith Protection V§r§a!
17:30:08 [allowed] §aYou enchanted your §r§5Fierce Ender Boots §r§awith Thorns III§r§a!
17:30:11 [allowed] §aYou enchanted your §r§5Fierce Ender Boots §r§awith Depth Strider III§r§a!
17:30:23 [allowed] §aYou enchanted your §r§5Fierce Ender Boots §r§awith Feather Falling V§r§a!
17:30:52 [allowed] §aYou enchanted your §r§5Fierce Ender Leggings §r§awith Thorns III§r§a!
17:30:58 [allowed] §aYou enchanted your §r§5Fierce Ender Chestplate §r§awith Thorns III§r§a!
17:31:05 [allowed] §aYou enchanted your §r§5Fierce Ender Helmet §r§awith Thorns III§r§a!
17:31:37 [allowed] §eYou haven't claimed your §r§6Summer Rewards §r§eyet!
17:31:37 [allowed] §eTalk to the §r§bSummer Sloth §r§ein the §r§aHub!
17:31:39 [allowed] §cYou are sending commands too fast! Please slow down.
17:31:40 [allowed] §cWhoa! Slow down there!
17:31:56 [allowed] §a§l+5 Kill Combo §r§8§r§b+1✯ Magic Find
17:32:04 [allowed] §a§l+10 Kill Combo §r§8+§r§62 §r§7coins per kill
17:32:12 [allowed] §cYour Kill Combo has expired! You reached a 13 Kill Combo!
17:32:23 [allowed] §a§l+5 Kill Combo §r§8§r§b+1✯ Magic Find
17:32:30 [allowed] §a§l+10 Kill Combo §r§8+§r§62 §r§7coins per kill
17:32:34 [allowed] §9§l+15 Kill Combo §r§8§r§b+1✯ Magic Find
17:32:39 [allowed] §5§l+20 Kill Combo §r§8§r§3+5☯ Combat Wisdom
17:32:45 [allowed] §5§l+25 Kill Combo §r§8§r§b+1✯ Magic Find
17:32:51 [allowed] §6§l+30 Kill Combo §r§8+§r§62 §r§7coins per kill
17:32:53 [allowed] §cYour Kill Combo has expired! You reached a 30 Kill Combo!
17:32:57 [allowed] §a§l+5 Kill Combo §r§8§r§b+1✯ Magic Find
17:33:05 [allowed] §a§l+10 Kill Combo §r§8+§r§62 §r§7coins per kill
17:33:10 [allowed] §9§l+15 Kill Combo §r§8§r§b+1✯ Magic Find
17:33:16 [allowed] §5§l+20 Kill Combo §r§8§r§3+5☯ Combat Wisdom
17:33:22 [allowed] §5§l+25 Kill Combo §r§8§r§b+1✯ Magic Find
17:33:28 [allowed] §6§l+30 Kill Combo §r§8+§r§62 §r§7coins per kill
17:33:35 [allowed] §cYour Kill Combo has expired! You reached a 38 Kill Combo!
17:33:40 [allowed] §a§l+5 Kill Combo §r§8§r§b+1✯ Magic Find
