18:42:57 Trying to load config from config\skyhanni\config.json
18:42:57 load-config-now
18:42:57 Loaded config from file
18:42:57 Trying to load sacks from config\skyhanni\sacks.json
18:42:57 load-sacks-now
18:42:57 Loaded sacks from file
18:42:57 Trying to load friends from config\skyhanni\friends.json
18:42:57 load-friends-now
18:42:57 Loaded friends from file
18:42:57 Trying to load known_features from config\skyhanni\known_features.json
18:42:58 load-known_features-now
18:42:58 Loaded known_features from file
18:42:58 Trying to load jacob_contests from config\skyhanni\jacob_contests.json
18:42:58 load-jacob_contests-now
18:42:58 Loaded jacob_contests from file
18:42:58 Trying to load visual_words from config\skyhanni\visual_words.json
18:42:58 Setting visual_words to be blank as it did not exist. It will be saved once something is written to it
18:43:58 saveConfig: auto-save-60s
18:43:58 Saving config file
18:44:58 saveConfig: auto-save-60s
18:44:58 Saving config file
18:45:58 saveConfig: auto-save-60s
18:45:58 Saving config file
18:46:58 saveConfig: auto-save-60s
18:46:58 Saving config file
18:47:58 saveConfig: auto-save-60s
18:47:58 Saving config file
18:48:58 saveConfig: auto-save-60s
18:48:58 Saving config file
18:49:58 saveConfig: auto-save-60s
18:49:58 Saving config file
18:50:58 saveConfig: auto-save-60s
18:50:58 Saving config file
18:51:58 saveConfig: auto-save-60s
18:51:58 Saving config file
18:52:58 saveConfig: auto-save-60s
18:52:58 Saving config file
18:53:58 saveConfig: auto-save-60s
18:53:58 Saving config file
18:54:58 saveConfig: auto-save-60s
18:54:58 Saving config file
18:55:58 saveConfig: auto-save-60s
18:55:58 Saving config file
18:56:58 saveConfig: auto-save-60s
18:56:58 Saving config file
18:57:58 saveConfig: auto-save-60s
18:57:58 Saving config file
18:58:58 saveConfig: auto-save-60s
18:58:58 Saving config file
18:59:58 saveConfig: auto-save-60s
18:59:58 Saving config file
19:00:58 saveConfig: auto-save-60s
19:00:58 Saving config file
19:01:58 saveConfig: auto-save-60s
19:01:58 Saving config file
19:02:58 saveConfig: auto-save-60s
19:02:58 Saving config file
19:03:58 saveConfig: auto-save-60s
19:03:58 Saving config file
19:04:58 saveConfig: auto-save-60s
19:04:58 Saving config file
19:05:58 saveConfig: auto-save-60s
19:05:58 Saving config file
19:06:58 saveConfig: auto-save-60s
19:06:58 Saving config file
19:07:58 saveConfig: auto-save-60s
19:07:58 Saving config file
19:08:58 saveConfig: auto-save-60s
19:08:58 Saving config file
19:09:58 saveConfig: auto-save-60s
19:09:58 Saving config file
19:10:58 saveConfig: auto-save-60s
19:10:58 Saving config file
19:11:58 saveConfig: auto-save-60s
19:11:58 Saving config file
19:12:17 saveConfig: Updated known feature flags
19:12:17 Saving known_features file
19:12:25 saveConfig: Save file
19:12:25 Saving friends file
19:12:58 saveConfig: auto-save-60s
19:12:58 Saving config file
19:13:58 saveConfig: auto-save-60s
19:13:58 Saving config file
19:14:58 saveConfig: auto-save-60s
19:14:58 Saving config file
19:15:58 saveConfig: auto-save-60s
19:15:58 Saving config file
19:16:58 saveConfig: auto-save-60s
19:16:58 Saving config file
19:17:58 saveConfig: auto-save-60s
19:17:58 Saving config file
19:18:58 saveConfig: auto-save-60s
19:18:58 Saving config file
19:19:58 saveConfig: auto-save-60s
19:19:58 Saving config file
19:20:58 saveConfig: auto-save-60s
19:20:58 Saving config file
19:21:58 saveConfig: auto-save-60s
19:21:58 Saving config file
19:22:58 saveConfig: auto-save-60s
19:22:58 Saving config file
19:23:58 saveConfig: auto-save-60s
19:23:58 Saving config file
19:24:58 saveConfig: auto-save-60s
19:24:58 Saving config file
19:25:58 saveConfig: auto-save-60s
19:25:58 Saving config file
19:26:58 saveConfig: auto-save-60s
19:26:58 Saving config file
19:27:58 saveConfig: auto-save-60s
19:27:58 Saving config file
19:28:58 saveConfig: auto-save-60s
19:28:58 Saving config file
19:29:58 saveConfig: auto-save-60s
19:29:58 Saving config file
19:30:58 saveConfig: auto-save-60s
19:30:58 Saving config file
19:31:58 saveConfig: auto-save-60s
19:31:58 Saving config file
19:32:58 saveConfig: auto-save-60s
19:32:58 Saving config file
19:33:58 saveConfig: auto-save-60s
19:33:58 Saving config file
19:34:58 saveConfig: auto-save-60s
19:34:58 Saving config file
19:35:58 saveConfig: auto-save-60s
19:35:58 Saving config file
19:36:58 saveConfig: auto-save-60s
19:36:58 Saving config file
19:37:58 saveConfig: auto-save-60s
19:37:58 Saving config file
19:38:58 saveConfig: auto-save-60s
19:38:58 Saving config file
19:39:58 saveConfig: auto-save-60s
19:39:58 Saving config file
19:40:58 saveConfig: auto-save-60s
19:40:58 Saving config file
19:41:58 saveConfig: auto-save-60s
19:41:58 Saving config file
19:42:58 saveConfig: auto-save-60s
19:42:58 Saving config file
19:43:58 saveConfig: auto-save-60s
19:43:58 Saving config file
19:44:58 saveConfig: auto-save-60s
19:44:58 Saving config file
19:45:58 saveConfig: auto-save-60s
19:45:58 Saving config file
19:46:58 saveConfig: auto-save-60s
19:46:58 Saving config file
19:47:58 saveConfig: auto-save-60s
19:47:58 Saving config file
19:48:58 saveConfig: auto-save-60s
19:48:58 Saving config file
19:49:58 saveConfig: auto-save-60s
19:49:58 Saving config file
19:50:58 saveConfig: auto-save-60s
19:50:58 Saving config file
19:51:58 saveConfig: auto-save-60s
19:51:58 Saving config file
19:52:58 saveConfig: auto-save-60s
19:52:58 Saving config file
19:53:58 saveConfig: auto-save-60s
19:53:58 Saving config file
19:53:58 saveConfig: close-gui
19:53:58 Saving config file
19:54:55 saveConfig: close-gui
19:54:55 Saving config file
19:54:55 saveConfig: close-gui
19:54:55 Saving config file
19:54:58 saveConfig: auto-save-60s
19:54:58 Saving config file
19:55:58 saveConfig: auto-save-60s
19:55:58 Saving config file
19:56:32 saveConfig: shutdown-hook
19:56:32 Saving config file
