12:02:02 §f                                  §6§lBESTIARY
12:02:02 §f                         §b§lGlacite Bowman §7§8V §8➡§b §bVI
12:02:02 
12:02:02 §f                                  §r§6§lREWARDS
12:02:02 §f                     §r§8+§r§a3 Glacite Bowman §r§b✯ Magic Find
12:02:02 §f                      §r§8+§r§a3 Glacite Bowman §r§c❁ Strength
12:02:02 §f                         §r§8+§r§62% §r§aGlacite Bowman §r§7coins
12:02:02 §f                    §r§8+§r§a50% §r§7chance for extra XP orbs
12:02:02 §f                               §r§8+§r§b1 SkyBlock XP
12:02:02 
12:02:02 §3§l▬▬▬▬▬▬▬▬▬▬▬▬▬▬▬▬▬▬▬▬▬▬▬▬▬▬▬▬▬▬▬▬▬▬▬▬▬▬▬▬▬▬▬▬▬▬▬▬▬▬▬▬▬▬▬▬▬▬▬▬▬▬▬▬
12:02:21 §f                                  §6§lBESTIARY
12:02:21 §f                          §b§lGlacite Mutt §7§8VI §8➡§b §bVII
12:02:21 
12:02:21 §f                                  §r§6§lREWARDS
12:02:21 §f                       §r§8+§r§a3 Glacite Mutt §r§b✯ Magic Find
12:02:21 §f                        §r§8+§r§a3 Glacite Mutt §r§c❁ Strength
12:02:21 §f                           §r§8+§r§62% §r§aGlacite Mutt §r§7coins
12:02:21 §f                    §r§8+§r§a50% §r§7chance for extra XP orbs
12:02:21 §f                               §r§8+§r§b1 SkyBlock XP
12:02:21 
12:02:21 §3§l▬▬▬▬▬▬▬▬▬▬▬▬▬▬▬▬▬▬▬▬▬▬▬▬▬▬▬▬▬▬▬▬▬▬▬▬▬▬▬▬▬▬▬▬▬▬▬▬▬▬▬▬▬▬▬▬▬▬▬▬▬▬▬▬
