19:59:09 §bNew day! §r§eYour §r§2Sky Mall §r§ebuff changed!
19:59:09 §eNew buff§r§r§r: §r§fReduce Pickaxe Ability cooldown by §r§a20%§r§f.
19:59:09 §8§oYou can disable this messaging by toggling Sky Mall in your /hotm!
20:15:01 §bNew day! §r§eYour §r§2Sky Mall §r§ebuff changed!
20:15:01 §eNew buff§r§r§r: §r§fGain §r§a+100 §r§6⸕ Mining Speed§r§f.
20:15:01 §8§oYou can disable this messaging by toggling Sky Mall in your /hotm!
20:35:01 §bNew day! §r§eYour §r§2Sky Mall §r§ebuff changed!
20:35:01 §eNew buff§r§r§r: §r§fReduce Pickaxe Ability cooldown by §r§a20%§r§f.
20:35:01 §8§oYou can disable this messaging by toggling Sky Mall in your /hotm!
20:55:01 §bNew day! §r§eYour §r§2Sky Mall §r§ebuff changed!
20:55:01 §eNew buff§r§r§r: §r§fReduce Pickaxe Ability cooldown by §r§a20%§r§f.
20:55:01 §8§oYou can disable this messaging by toggling Sky Mall in your /hotm!
21:15:02 §bNew day! §r§eYour §r§2Sky Mall §r§ebuff changed!
21:15:02 §eNew buff§r§r§r: §r§fReduce Pickaxe Ability cooldown by §r§a20%§r§f.
21:15:02 §8§oYou can disable this messaging by toggling Sky Mall in your /hotm!
21:35:01 §bNew day! §r§eYour §r§2Sky Mall §r§ebuff changed!
21:35:01 §eNew buff§r§r§r: §r§fGain §r§a5x §r§9Titanium §r§fdrops
21:35:01 §8§oYou can disable this messaging by toggling Sky Mall in your /hotm!
21:55:02 §bNew day! §r§eYour §r§2Sky Mall §r§ebuff changed!
21:55:02 §eNew buff§r§r§r: §r§fGain §r§a+100 §r§6⸕ Mining Speed§r§f.
21:55:02 §8§oYou can disable this messaging by toggling Sky Mall in your /hotm!
22:15:00 §bNew day! §r§eYour §r§2Sky Mall §r§ebuff changed!
22:15:00 §eNew buff§r§r§r: §r§fReduce Pickaxe Ability cooldown by §r§a20%§r§f.
22:15:00 §8§oYou can disable this messaging by toggling Sky Mall in your /hotm!
