00:24:59 [EMPTY] §f §r§r§r§f §r§r§r§1 §r§r§r§0 §r§r§r§2 §r§r§r§f §r§r§r§f §r§r§r§2 §r§r§r§0 §r§r§r§4 §r§r§r§3 §r§r§r§9 §r§r§r§2 §r§r§r§0 §r§r§r§0 §r§r§r§3 §r§r§r§9 §r§r§r§2 §r§r§r§0 §r§r§r§0 §r§r§r§3 §r§r§r§9 §r§r§r§2 §r§r§r§0 §r§r§r§0 
00:24:59 [LOBBY] §b[MVP§f+§b] Sebbebas§f §6joined the lobby!
00:25:00 [LOBBY] §b[MVP§c+§b] FrateleJardea§f §6joined the lobby!
00:25:00 [LOBBY] §b[MVP§6+§b] Jomle§f §6joined the lobby!
00:25:00 [LOBBY]   §r§f§l➤ §r§6You have reached your Hype limit! Add Hype to Prototype Lobby minigames by right-clicking with the Hype Diamond!
00:25:00 [LOBBY] §b[MVP§2+§b] KJDOGS§f §6joined the lobby!
00:25:01 [LOBBY] §b[MVP§6+§b] MrChickn§f §6joined the lobby!
00:25:01 [LOBBY] §b[MVP§d+§b] Icetro§f §6joined the lobby!
00:25:05 [LOBBY] §b[MVP§2+§b] Laffu§f §6joined the lobby!
00:25:06 [LOBBY]  §b>§c>§a>§r §r§b[MVP§d++§b] TechnoMasquerade§f §6joined the lobby!§r §a<§c<§b<
00:25:07 [LOBBY] §b[MVP§6+§b] Nekro___§f §6joined the lobby!
00:25:14 [LOBBY] §b[MVP§a+§b] jagbean_§f §6joined the lobby!
00:25:15 [LOBBY] §b[MVP§2+§b] DontThrowF7§f §6joined the lobby!
00:25:15 [LOBBY] §b[MVP§9+§b] Timothy_Gamer§f §6joined the lobby!
00:25:16 [LOBBY] §b[MVP§c+§b] jonasworld9§f §6joined the lobby!
00:25:19 [LOBBY]  §b>§c>§a>§r §r§6[MVP§0++§6] rippos§f §6joined the lobby!§r §a<§c<§b<
00:25:20 [LOBBY] §b[MVP§9+§b] enm1e§f §6joined the lobby!
00:25:21 [LOBBY] §b[MVP§c+§b] jad737§f §6joined the lobby!
00:25:26 [LOBBY] §b[MVP§c+§b] Rwinox§f §6joined the lobby!
00:25:27 [LOBBY] §b[MVP§f+§b] PHN3§f §6joined the lobby!
00:25:28 [LOBBY] §b[MVP§6+§b] Truzoi§f §6joined the lobby!
00:25:28 [LOBBY] §b[MVP§c+§b] 20820§f §6joined the lobby!
00:25:32 [LOBBY]  §b>§c>§a>§r §r§6[MVP§4++§6] Zaneku§f §6joined the lobby!§r §a<§c<§b<
00:25:35 [LOBBY] §b[MVP§3+§b] kaapelit§f §6joined the lobby!
00:25:38 [LOBBY] §b[MVP§6+§b] Yeetsim2021§f §6joined the lobby!
00:25:38 [LOBBY] §b[MVP§c+§b] Platow§f §6joined the lobby!
00:25:39 [LOBBY] §b[MVP§f+§b] azalki§f §6joined the lobby!
00:25:39 [LOBBY] §b[MVP§c+§b] AzaelDubs§f §6joined the lobby!
00:25:40 [LOBBY] §b[MVP§d+§b] Natyisz§f §6joined the lobby!
00:25:40 [LOBBY] §b[MVP§c+§b] ilikegames51§f §6joined the lobby!
00:25:42 [LOBBY] §b[MVP§f+§b] Firebird557§f §6joined the lobby!
00:25:42 [LOBBY] §b[MVP§f+§b] MobIsPog§f §6joined the lobby!
00:25:42 [LOBBY] §b[MVP§2+§b] Sorest_Rump§f §6joined the lobby!
00:25:42 [LOBBY] §b[MVP§9+§b] Jansley_§f §6joined the lobby!
00:25:55 [LOBBY]  §b>§c>§a>§r §r§6[MVP§d++§6] catgirlaether§f §6joined the lobby!§r §a<§c<§b<
00:26:01 [LOBBY] §b[MVP§c+§b] Tanner__502§f §6joined the lobby!
00:26:02 [LOBBY] §b[MVP§d+§b] SkRuL_875§f §6joined the lobby!
00:26:03 [LOBBY] §b[MVP§9+§b] Nejemddine§f §6joined the lobby!
00:26:03 [WARPING] §7Sending to server mini7AH...
00:26:04 [EMPTY] §8 §r§8 §r§1 §r§3 §r§3 §r§7 §r§8 
00:26:06 [EMPTY] 
00:26:06 [WELCOME] §eWelcome to §r§aHypixel SkyBlock§r§e!
00:26:06 [EMPTY] 
00:26:07 [PROFILE_JOIN] §aYou are playing on profile: §eMango
00:26:07 [PROFILE_JOIN] §8Profile ID: bd40f82a-2ef6-4a1d-8182-f2e9bca9703f
00:26:47 [WARPING] §7Sending to server mini20BN...
00:26:47 [EMPTY] §8 §r§8 §r§1 §r§3 §r§3 §r§7 §r§8 
00:26:50 [PROFILE_JOIN] §aYou are playing on profile: §eMango
00:26:50 [PROFILE_JOIN] §8Profile ID: bd40f82a-2ef6-4a1d-8182-f2e9bca9703f
00:26:56 [WARPING] §7Warping...
00:26:56 [WARPING] §7Sending to server mini29B...
00:26:56 [EMPTY] §8 §r§8 §r§1 §r§3 §r§3 §r§7 §r§8 
00:26:59 [PROFILE_JOIN] §aYou are playing on profile: §eMango
00:26:59 [PROFILE_JOIN] §8Profile ID: bd40f82a-2ef6-4a1d-8182-f2e9bca9703f
00:30:35 [GUILD_EXP] §aYou earned §r§2378 GEXP §r§a+ §r§e1,134 Event EXP §r§afrom playing SkyBlock!
00:33:11 [COMPACT_BINGO_BORDER] §3§l▬▬▬▬▬▬▬▬▬▬▬▬▬▬▬▬▬▬▬▬▬▬▬▬▬▬▬▬▬▬▬▬▬▬▬▬▬▬▬▬▬▬▬▬▬▬▬▬▬▬▬▬▬▬▬▬▬▬▬▬▬▬▬▬
00:33:11 [EMPTY]  
00:33:11 [BESTIARY] §f                                  §6§lBESTIARY
00:33:11 [BESTIARY] §f                         §b§lGlacite Walker §7§8X §8➡§b §bXI
00:33:11 [BESTIARY] 
00:33:11 [BESTIARY] §f                                  §r§6§lREWARDS
00:33:11 [BESTIARY] §f                     §r§8+§r§a4 Glacite Walker §r§b✯ Magic Find
00:33:11 [BESTIARY] §f                      §r§8+§r§a4 Glacite Walker §r§c❁ Strength
00:33:11 [BESTIARY] §f                         §r§8+§r§62% §r§aGlacite Walker §r§7coins
00:33:11 [BESTIARY] §f                    §r§8+§r§a50% §r§7chance for extra XP orbs
00:33:11 [BESTIARY] §f                               §r§8+§r§b1 SkyBlock XP
00:33:11 [BESTIARY] 
00:33:11 [BESTIARY] §3§l▬▬▬▬▬▬▬▬▬▬▬▬▬▬▬▬▬▬▬▬▬▬▬▬▬▬▬▬▬▬▬▬▬▬▬▬▬▬▬▬▬▬▬▬▬▬▬▬▬▬▬▬▬▬▬▬▬▬▬▬▬▬▬▬
00:35:39 [GUILD_EXP] §aYou earned §r§2750 GEXP §r§a+ §r§e2,250 Event EXP §r§afrom playing SkyBlock!
00:39:19 [EMPTY] 
00:39:21 [WARPING] §7Warping...
00:39:39 [COMPACT_BINGO_BORDER] §3§l▬▬▬▬▬▬▬▬▬▬▬▬▬▬▬▬▬▬▬▬▬▬▬▬▬▬▬▬▬▬▬▬▬▬▬▬▬▬▬▬▬▬▬▬▬▬▬▬▬▬▬▬▬▬▬▬▬▬▬▬▬▬▬▬
00:39:39 [EMPTY] 
00:39:39 [COMPACT_SKILL_LEVEL_UP]   §r§a§lREWARDS
00:39:39 [COMPACT_SKILL_LEVEL_UP]    §r§eSpelunker XXI
00:39:39 [COMPACT_SKILL_LEVEL_UP]    §r  §7§fGrants §a+§880➜§a84§f §6☘ Mining Fortune§f, which increases your
00:39:39 [COMPACT_SKILL_LEVEL_UP]    §r  §fchance for multiple ore drops.
00:39:39 [COMPACT_SKILL_LEVEL_UP]    §r§7§8+§a2 §a❈ Defense
00:39:39 [COMPACT_SKILL_LEVEL_UP]    §r§7§9Red Scarf §7Reforge
00:39:39 [COMPACT_SKILL_LEVEL_UP]    §r§7§9Rock Gemstone §7Reforge
00:39:39 [COMPACT_SKILL_LEVEL_UP]    §r§7§8+§6125,000 §7Coins
00:39:39 [COMPACT_SKILL_LEVEL_UP]    §r§7§8+§b10 SkyBlock XP
00:39:39 [COMPACT_BINGO_BORDER] §3§l▬▬▬▬▬▬▬▬▬▬▬▬▬▬▬▬▬▬▬▬▬▬▬▬▬▬▬▬▬▬▬▬▬▬▬▬▬▬▬▬▬▬▬▬▬▬▬▬▬▬▬▬▬▬▬▬▬▬▬▬▬▬▬▬
00:39:41 [EMPTY]  
00:39:41 [EMPTY]  
00:39:41 [EMPTY]  
00:40:42 [GUILD_EXP] §aYou earned §r§2748 GEXP §r§a+ §r§e2,244 Event EXP §r§afrom playing SkyBlock!
00:41:07 [WARPING] §7Warping...
00:41:08 [WARPING] §7Sending to server mini160J...
00:41:08 [EMPTY] §8 §r§8 §r§1 §r§3 §r§3 §r§7 §r§8 
00:41:11 [PROFILE_JOIN] §aYou are playing on profile: §eMango
00:41:11 [PROFILE_JOIN] §8Profile ID: bd40f82a-2ef6-4a1d-8182-f2e9bca9703f
00:41:47 [WARPING] §7Warping...
00:42:01 [WARPING] §7Warping...
00:42:07 [WARPING] §7Warping...
00:42:29 [WARPING] §7Warping...
00:42:30 [EMPTY] 
00:42:30 [EMPTY] 
00:42:30 [EMPTY] 
00:42:30 [EMPTY] 
00:42:30 [GUILD_EXP] §aYou earned §r§245 GEXP §r§a+ §r§e135 Event EXP §r§afrom playing SkyBlock!
00:42:33 [WARPING] §7Warping...
00:43:21 [WARPING] §7Warping...
00:43:31 [WARPING] §7Warping...
00:43:36 [WARPING] §7Warping...
00:44:25 [WARPING] §7Warping...
00:44:55 [WARPING] §7Warping...
00:45:28 [WARPING] §7Warping...
00:46:29 [WARPING] §7Warping...
00:46:45 [WARPING] §7Warping...
00:47:27 [WARPING] §7Warping...
00:47:31 [GUILD_EXP] §aYou earned §r§2750 GEXP §r§a+ §r§e2,250 Event EXP §r§afrom playing SkyBlock!
00:48:28 [WARPING] §7Warping...
00:48:40 [WARPING] §7Warping...
00:48:47 [WARPING] §7Warping...
00:51:12 [WARPING] §7Warping...
00:52:32 [GUILD_EXP] §aYou earned §r§2696 GEXP §r§a+ §r§e2,088 Event EXP §r§afrom playing SkyBlock!
00:52:43 [WARPING] §7Warping you to your SkyBlock island...
00:52:43 [WARPING] §7Sending to server mini19G...
00:52:44 [EMPTY] §8 §r§8 §r§1 §r§3 §r§3 §r§7 §r§8 
00:52:46 [WARPING] §7Warping...
00:52:47 [WARPING] §7Sending to server mini91AR...
00:52:47 [EMPTY] §8 §r§8 §r§1 §r§3 §r§3 §r§7 §r§8 
00:52:49 [WARPING] §7Warping...
00:52:50 [PROFILE_JOIN] §aYou are playing on profile: §eMango
00:52:50 [PROFILE_JOIN] §8Profile ID: bd40f82a-2ef6-4a1d-8182-f2e9bca9703f
00:53:20 [WARPING] §7Warping...
00:54:21 [WARPING] §7Warping...
00:55:34 [GUILD_EXP] §aYou earned §r§2258 GEXP §r§a+ §r§e774 Event EXP §r§afrom playing SkyBlock!
00:56:23 [WARPING] §7Warping...
00:56:35 [WARPING] §7Warping...
00:56:44 [WARPING] §7Warping...
00:59:23 [WARPING] §7Warping...
00:59:23 [WARPING] §7Sending to server mini181Q...
00:59:24 [EMPTY] §8 §r§8 §r§1 §r§3 §r§3 §r§7 §r§8 
00:59:26 [WARPING] §7Warping...
00:59:27 [PROFILE_JOIN] §aYou are playing on profile: §eMango
00:59:27 [PROFILE_JOIN] §8Profile ID: bd40f82a-2ef6-4a1d-8182-f2e9bca9703f
00:59:54 [WARPING] §7Warping...
00:59:54 [WARPING] §7Sending to server mini91AR...
00:59:55 [EMPTY] §8 §r§8 §r§1 §r§3 §r§3 §r§7 §r§8 
00:59:58 [PROFILE_JOIN] §aYou are playing on profile: §eMango
00:59:58 [PROFILE_JOIN] §8Profile ID: bd40f82a-2ef6-4a1d-8182-f2e9bca9703f
01:00:02 [WARPING] §7Warping...
01:00:07 [WARPING] §7Warping...
01:00:36 [GUILD_EXP] §aYou earned §r§2548 GEXP §r§a+ §r§e1,644 Event EXP §r§afrom playing SkyBlock!
01:00:48 [COMPACT_BINGO_BORDER] §e§l▬▬▬▬▬▬▬▬▬▬▬▬▬▬▬▬▬▬▬▬▬▬▬▬▬▬▬▬▬▬▬▬▬▬▬▬▬▬▬▬▬▬▬▬▬▬▬▬▬▬▬▬▬▬▬▬▬▬▬▬▬▬▬▬
01:00:48 [EMPTY] 
01:00:48 [COMPACT_COLLECTION_LEVEL_UP]   §r§a§lREWARDS
01:00:48 [COMPACT_COLLECTION_LEVEL_UP]     §r§7§8+§b4 SkyBlock XP
01:00:48 [COMPACT_BINGO_BORDER] §e§l▬▬▬▬▬▬▬▬▬▬▬▬▬▬▬▬▬▬▬▬▬▬▬▬▬▬▬▬▬▬▬▬▬▬▬▬▬▬▬▬▬▬▬▬▬▬▬▬▬▬▬▬▬▬▬▬▬▬▬▬▬▬▬▬
01:01:02 [COMPACT_BINGO_BORDER] §e§l▬▬▬▬▬▬▬▬▬▬▬▬▬▬▬▬▬▬▬▬▬▬▬▬▬▬▬▬▬▬▬▬▬▬▬▬▬▬▬▬▬▬▬▬▬▬▬▬▬▬▬▬▬▬▬▬▬▬▬▬▬▬▬▬
01:01:03 [EMPTY] 
01:01:03 [COMPACT_COLLECTION_LEVEL_UP]   §r§a§lREWARDS
01:01:03 [COMPACT_COLLECTION_LEVEL_UP]     §r§7§8+§b4 SkyBlock XP
01:01:03 [COMPACT_BINGO_BORDER] §e§l▬▬▬▬▬▬▬▬▬▬▬▬▬▬▬▬▬▬▬▬▬▬▬▬▬▬▬▬▬▬▬▬▬▬▬▬▬▬▬▬▬▬▬▬▬▬▬▬▬▬▬▬▬▬▬▬▬▬▬▬▬▬▬▬
01:02:13 [EMPTY] 
01:02:13 [EMPTY] 
01:02:13 [EMPTY] 
01:03:19 [COMPACT_BINGO_BORDER] §e§l▬▬▬▬▬▬▬▬▬▬▬▬▬▬▬▬▬▬▬▬▬▬▬▬▬▬▬▬▬▬▬▬▬▬▬▬▬▬▬▬▬▬▬▬▬▬▬▬▬▬▬▬▬▬▬▬▬▬▬▬▬▬▬▬
01:03:19 [EMPTY] 
01:03:19 [COMPACT_COLLECTION_LEVEL_UP]   §r§a§lREWARDS
01:03:19 [COMPACT_COLLECTION_LEVEL_UP]     §r§7§8+§b4 SkyBlock XP
01:03:19 [COMPACT_BINGO_BORDER] §e§l▬▬▬▬▬▬▬▬▬▬▬▬▬▬▬▬▬▬▬▬▬▬▬▬▬▬▬▬▬▬▬▬▬▬▬▬▬▬▬▬▬▬▬▬▬▬▬▬▬▬▬▬▬▬▬▬▬▬▬▬▬▬▬▬
01:03:42 [WARPING] §7Warping...
01:03:54 [WARPING] §7Warping...
01:03:58 [WARPING] §7Warping...
01:04:45 [WARPING] §7Warping...
01:05:37 [GUILD_EXP] §aYou earned §r§2556 GEXP §r§a+ §r§e1,668 Event EXP §r§afrom playing SkyBlock!
01:05:38 [WARPING] §7Warping...
01:06:48 [WARPING] §7Warping...
01:07:25 [WARPING] §7Warping...
01:07:50 [WARPING] §7Warping...
01:09:03 [WARPING] §7Warping...
01:09:16 [WARPING] §7Warping...
01:09:32 [WARPING] §7Warping...
01:10:39 [GUILD_EXP] §aYou earned §r§2675 GEXP §r§a+ §r§e2,025 Event EXP §r§afrom playing SkyBlock!
01:14:44 [WARPING] §7Warping you to your SkyBlock island...
01:14:45 [WARPING] §7Sending to server mini95U...
01:14:45 [EMPTY] §8 §r§8 §r§1 §r§3 §r§3 §r§7 §r§8 
01:14:48 [PROFILE_JOIN] §aYou are playing on profile: §eMango
01:14:48 [PROFILE_JOIN] §8Profile ID: bd40f82a-2ef6-4a1d-8182-f2e9bca9703f
01:17:06 [WARPING] §7Warping...
01:17:06 [WARPING] §7Sending to server mini62S...
01:17:07 [EMPTY] §8 §r§8 §r§1 §r§3 §r§3 §r§7 §r§8 
01:17:10 [PROFILE_JOIN] §aYou are playing on profile: §eMango
01:17:10 [PROFILE_JOIN] §8Profile ID: bd40f82a-2ef6-4a1d-8182-f2e9bca9703f
01:18:46 [COMPACT_BINGO_BORDER] §3§l▬▬▬▬▬▬▬▬▬▬▬▬▬▬▬▬▬▬▬▬▬▬▬▬▬▬▬▬▬▬▬▬▬▬▬▬▬▬▬▬▬▬▬▬▬▬▬▬▬▬▬▬▬▬▬▬▬▬▬▬▬▬▬▬
01:18:46 [EMPTY]  
01:18:46 [BESTIARY] §f                                  §6§lBESTIARY
01:18:46 [BESTIARY] §f                                  §b§lChicken §7§bI
01:18:46 [BESTIARY] 
01:18:46 [BESTIARY] §f                                  §r§6§lREWARDS
01:18:46 [BESTIARY] §f                         §r§8+§r§a2 Chicken §r§b✯ Magic Find
01:18:46 [BESTIARY] §f                          §r§8+§r§a2 Chicken §r§c❁ Strength
01:18:46 [BESTIARY] §f                             §r§8+§r§62% §r§aChicken §r§7coins
01:18:46 [BESTIARY] §f                    §r§8+§r§a50% §r§7chance for extra XP orbs
01:18:46 [BESTIARY] §f                               §r§8+§r§b1 SkyBlock XP
01:18:46 [BESTIARY] 
01:18:46 [BESTIARY] §3§l▬▬▬▬▬▬▬▬▬▬▬▬▬▬▬▬▬▬▬▬▬▬▬▬▬▬▬▬▬▬▬▬▬▬▬▬▬▬▬▬▬▬▬▬▬▬▬▬▬▬▬▬▬▬▬▬▬▬▬▬▬▬▬▬
01:18:54 [COMPACT_BINGO_BORDER] §3§l▬▬▬▬▬▬▬▬▬▬▬▬▬▬▬▬▬▬▬▬▬▬▬▬▬▬▬▬▬▬▬▬▬▬▬▬▬▬▬▬▬▬▬▬▬▬▬▬▬▬▬▬▬▬▬▬▬▬▬▬▬▬▬▬
01:18:54 [EMPTY]  
01:18:54 [BESTIARY] §f                                  §6§lBESTIARY
01:18:54 [BESTIARY] §f                                     §b§lPig §7§bI
01:18:54 [BESTIARY] 
01:18:54 [BESTIARY] §f                                  §r§6§lREWARDS
01:18:54 [BESTIARY] §f                            §r§8+§r§a2 Pig §r§b✯ Magic Find
01:18:54 [BESTIARY] §f                             §r§8+§r§a2 Pig §r§c❁ Strength
01:18:54 [BESTIARY] §f                                §r§8+§r§62% §r§aPig §r§7coins
01:18:54 [BESTIARY] §f                    §r§8+§r§a50% §r§7chance for extra XP orbs
01:18:54 [BESTIARY] §f                               §r§8+§r§b1 SkyBlock XP
01:18:54 [BESTIARY] 
01:18:54 [BESTIARY] §3§l▬▬▬▬▬▬▬▬▬▬▬▬▬▬▬▬▬▬▬▬▬▬▬▬▬▬▬▬▬▬▬▬▬▬▬▬▬▬▬▬▬▬▬▬▬▬▬▬▬▬▬▬▬▬▬▬▬▬▬▬▬▬▬▬
01:19:27 [COMPACT_BINGO_BORDER] §e§l▬▬▬▬▬▬▬▬▬▬▬▬▬▬▬▬▬▬▬▬▬▬▬▬▬▬▬▬▬▬▬▬▬▬▬▬▬▬▬▬▬▬▬▬▬▬▬▬▬▬▬▬▬▬▬▬▬▬▬▬▬▬▬▬
01:19:27 [EMPTY] 
01:19:27 [COMPACT_COLLECTION_LEVEL_UP]   §r§a§lREWARDS
01:19:27 [COMPACT_COLLECTION_LEVEL_UP]     §r§7§9Projectile Protection §7Exp Discount §a(-25%)
01:19:27 [COMPACT_COLLECTION_LEVEL_UP]     §r§7§8+§b4 SkyBlock XP
01:19:27 [COMPACT_BINGO_BORDER] §e§l▬▬▬▬▬▬▬▬▬▬▬▬▬▬▬▬▬▬▬▬▬▬▬▬▬▬▬▬▬▬▬▬▬▬▬▬▬▬▬▬▬▬▬▬▬▬▬▬▬▬▬▬▬▬▬▬▬▬▬▬▬▬▬▬
01:19:27 [COMPACT_BINGO_BORDER] §e§l▬▬▬▬▬▬▬▬▬▬▬▬▬▬▬▬▬▬▬▬▬▬▬▬▬▬▬▬▬▬▬▬▬▬▬▬▬▬▬▬▬▬▬▬▬▬▬▬▬▬▬▬▬▬▬▬▬▬▬▬▬▬▬▬
01:19:27 [EMPTY] 
01:19:27 [COMPACT_COLLECTION_LEVEL_UP]   §r§a§lREWARDS
01:19:27 [COMPACT_COLLECTION_LEVEL_UP]     §r§7§8+§b4 SkyBlock XP
01:19:27 [COMPACT_BINGO_BORDER] §e§l▬▬▬▬▬▬▬▬▬▬▬▬▬▬▬▬▬▬▬▬▬▬▬▬▬▬▬▬▬▬▬▬▬▬▬▬▬▬▬▬▬▬▬▬▬▬▬▬▬▬▬▬▬▬▬▬▬▬▬▬▬▬▬▬
01:19:35 [COMPACT_BINGO_BORDER] §e§l▬▬▬▬▬▬▬▬▬▬▬▬▬▬▬▬▬▬▬▬▬▬▬▬▬▬▬▬▬▬▬▬▬▬▬▬▬▬▬▬▬▬▬▬▬▬▬▬▬▬▬▬▬▬▬▬▬▬▬▬▬▬▬▬
01:19:35 [EMPTY] 
01:19:35 [COMPACT_COLLECTION_LEVEL_UP]   §r§a§lREWARDS
01:19:35 [COMPACT_COLLECTION_LEVEL_UP]     §r§7§8+§b4 SkyBlock XP
01:19:35 [COMPACT_BINGO_BORDER] §e§l▬▬▬▬▬▬▬▬▬▬▬▬▬▬▬▬▬▬▬▬▬▬▬▬▬▬▬▬▬▬▬▬▬▬▬▬▬▬▬▬▬▬▬▬▬▬▬▬▬▬▬▬▬▬▬▬▬▬▬▬▬▬▬▬
01:19:36 [COMPACT_BINGO_BORDER] §3§l▬▬▬▬▬▬▬▬▬▬▬▬▬▬▬▬▬▬▬▬▬▬▬▬▬▬▬▬▬▬▬▬▬▬▬▬▬▬▬▬▬▬▬▬▬▬▬▬▬▬▬▬▬▬▬▬▬▬▬▬▬▬▬▬
01:19:36 [EMPTY]  
01:19:36 [BESTIARY] §f                                  §6§lBESTIARY
01:19:36 [BESTIARY] §f                               §b§lChicken §7§8I §8➡§b §bII
01:19:36 [BESTIARY] 
01:19:36 [BESTIARY] §f                                  §r§6§lREWARDS
01:19:36 [BESTIARY] §f                         §r§8+§r§a2 Chicken §r§b✯ Magic Find
01:19:36 [BESTIARY] §f                          §r§8+§r§a2 Chicken §r§c❁ Strength
01:19:36 [BESTIARY] §f                             §r§8+§r§62% §r§aChicken §r§7coins
01:19:36 [BESTIARY] §f                    §r§8+§r§a50% §r§7chance for extra XP orbs
01:19:36 [BESTIARY] §f                               §r§8+§r§b1 SkyBlock XP
01:19:36 [BESTIARY] 
01:19:36 [BESTIARY] §3§l▬▬▬▬▬▬▬▬▬▬▬▬▬▬▬▬▬▬▬▬▬▬▬▬▬▬▬▬▬▬▬▬▬▬▬▬▬▬▬▬▬▬▬▬▬▬▬▬▬▬▬▬▬▬▬▬▬▬▬▬▬▬▬▬
01:19:42 [COMPACT_BINGO_BORDER] §3§l▬▬▬▬▬▬▬▬▬▬▬▬▬▬▬▬▬▬▬▬▬▬▬▬▬▬▬▬▬▬▬▬▬▬▬▬▬▬▬▬▬▬▬▬▬▬▬▬▬▬▬▬▬▬▬▬▬▬▬▬▬▬▬▬
01:19:42 [EMPTY]  
01:19:42 [BESTIARY] §f                                  §6§lBESTIARY
01:19:42 [BESTIARY] §f                                  §b§lPig §7§8I §8➡§b §bII
01:19:42 [BESTIARY] 
01:19:42 [BESTIARY] §f                                  §r§6§lREWARDS
01:19:42 [BESTIARY] §f                            §r§8+§r§a2 Pig §r§b✯ Magic Find
01:19:42 [BESTIARY] §f                             §r§8+§r§a2 Pig §r§c❁ Strength
01:19:42 [BESTIARY] §f                                §r§8+§r§62% §r§aPig §r§7coins
01:19:42 [BESTIARY] §f                    §r§8+§r§a50% §r§7chance for extra XP orbs
01:19:42 [BESTIARY] §f                               §r§8+§r§b1 SkyBlock XP
01:19:42 [BESTIARY] 
01:19:42 [BESTIARY] §3§l▬▬▬▬▬▬▬▬▬▬▬▬▬▬▬▬▬▬▬▬▬▬▬▬▬▬▬▬▬▬▬▬▬▬▬▬▬▬▬▬▬▬▬▬▬▬▬▬▬▬▬▬▬▬▬▬▬▬▬▬▬▬▬▬
01:19:56 [GUILD_EXP] §aYou earned §r§2238 GEXP §r§a+ §r§e714 Event EXP §r§afrom playing SkyBlock!
01:20:08 [COMPACT_BINGO_BORDER] §3§l▬▬▬▬▬▬▬▬▬▬▬▬▬▬▬▬▬▬▬▬▬▬▬▬▬▬▬▬▬▬▬▬▬▬▬▬▬▬▬▬▬▬▬▬▬▬▬▬▬▬▬▬▬▬▬▬▬▬▬▬▬▬▬▬
01:20:08 [EMPTY]  
01:20:08 [BESTIARY] §f                                  §6§lBESTIARY
01:20:08 [BESTIARY] §f                                 §b§lCow §7§8IV §8➡§b §bV
01:20:08 [BESTIARY] 
01:20:08 [BESTIARY] §f                                  §r§6§lREWARDS
01:20:08 [BESTIARY] §f                            §r§8+§r§a2 Cow §r§b✯ Magic Find
01:20:08 [BESTIARY] §f                            §r§8+§r§a2 Cow §r§c❁ Strength
01:20:08 [BESTIARY] §f                                §r§8+§r§62% §r§aCow §r§7coins
01:20:08 [BESTIARY] §f                    §r§8+§r§a50% §r§7chance for extra XP orbs
01:20:08 [BESTIARY] §f                               §r§8+§r§b1 SkyBlock XP
01:20:08 [BESTIARY] 
01:20:08 [BESTIARY] §3§l▬▬▬▬▬▬▬▬▬▬▬▬▬▬▬▬▬▬▬▬▬▬▬▬▬▬▬▬▬▬▬▬▬▬▬▬▬▬▬▬▬▬▬▬▬▬▬▬▬▬▬▬▬▬▬▬▬▬▬▬▬▬▬▬
01:20:29 [COMPACT_BINGO_BORDER] §3§l▬▬▬▬▬▬▬▬▬▬▬▬▬▬▬▬▬▬▬▬▬▬▬▬▬▬▬▬▬▬▬▬▬▬▬▬▬▬▬▬▬▬▬▬▬▬▬▬▬▬▬▬▬▬▬▬▬▬▬▬▬▬▬▬
01:20:29 [EMPTY]  
01:20:29 [BESTIARY] §f                                  §6§lBESTIARY
01:20:29 [BESTIARY] §f                              §b§lChicken §7§8II §8➡§b §bIII
01:20:29 [BESTIARY] 
01:20:29 [BESTIARY] §f                                  §r§6§lREWARDS
01:20:29 [BESTIARY] §f                         §r§8+§r§a2 Chicken §r§b✯ Magic Find
01:20:29 [BESTIARY] §f                          §r§8+§r§a2 Chicken §r§c❁ Strength
01:20:29 [BESTIARY] §f                             §r§8+§r§62% §r§aChicken §r§7coins
01:20:29 [BESTIARY] §f                    §r§8+§r§a50% §r§7chance for extra XP orbs
01:20:29 [BESTIARY] §f                               §r§8+§r§b1 SkyBlock XP
01:20:29 [BESTIARY] 
01:20:29 [BESTIARY] §3§l▬▬▬▬▬▬▬▬▬▬▬▬▬▬▬▬▬▬▬▬▬▬▬▬▬▬▬▬▬▬▬▬▬▬▬▬▬▬▬▬▬▬▬▬▬▬▬▬▬▬▬▬▬▬▬▬▬▬▬▬▬▬▬▬
01:20:51 [COMPACT_BINGO_BORDER] §e§l▬▬▬▬▬▬▬▬▬▬▬▬▬▬▬▬▬▬▬▬▬▬▬▬▬▬▬▬▬▬▬▬▬▬▬▬▬▬▬▬▬▬▬▬▬▬▬▬▬▬▬▬▬▬▬▬▬▬▬▬▬▬▬▬
01:20:51 [EMPTY] 
01:20:51 [COMPACT_COLLECTION_LEVEL_UP]   §r§a§lREWARDS
01:20:51 [COMPACT_COLLECTION_LEVEL_UP]     §r§7§9Feather Falling §7Exp Discount §a(-25%)
01:20:51 [COMPACT_COLLECTION_LEVEL_UP]     §r§7§8+§b4 SkyBlock XP
01:20:51 [COMPACT_BINGO_BORDER] §e§l▬▬▬▬▬▬▬▬▬▬▬▬▬▬▬▬▬▬▬▬▬▬▬▬▬▬▬▬▬▬▬▬▬▬▬▬▬▬▬▬▬▬▬▬▬▬▬▬▬▬▬▬▬▬▬▬▬▬▬▬▬▬▬▬
01:20:52 [COMPACT_BINGO_BORDER] §3§l▬▬▬▬▬▬▬▬▬▬▬▬▬▬▬▬▬▬▬▬▬▬▬▬▬▬▬▬▬▬▬▬▬▬▬▬▬▬▬▬▬▬▬▬▬▬▬▬▬▬▬▬▬▬▬▬▬▬▬▬▬▬▬▬
01:20:52 [EMPTY]  
01:20:52 [BESTIARY] §f                                  §6§lBESTIARY
01:20:52 [BESTIARY] §f                                 §b§lPig §7§8II §8➡§b §bIII
01:20:52 [BESTIARY] 
01:20:52 [BESTIARY] §f                                  §r§6§lREWARDS
01:20:52 [BESTIARY] §f                            §r§8+§r§a2 Pig §r§b✯ Magic Find
01:20:52 [BESTIARY] §f                             §r§8+§r§a2 Pig §r§c❁ Strength
01:20:52 [BESTIARY] §f                                §r§8+§r§62% §r§aPig §r§7coins
01:20:52 [BESTIARY] §f                    §r§8+§r§a50% §r§7chance for extra XP orbs
01:20:52 [BESTIARY] §f                               §r§8+§r§b1 SkyBlock XP
01:20:52 [BESTIARY] 
01:20:52 [BESTIARY]   §r§f                         §6§lBESTIARY MILESTONE
01:20:52 [BESTIARY]   §r§f                                 §8XXIII➡§eXXIV
01:20:52 [BESTIARY] 
01:20:52 [BESTIARY] §3§l▬▬▬▬▬▬▬▬▬▬▬▬▬▬▬▬▬▬▬▬▬▬▬▬▬▬▬▬▬▬▬▬▬▬▬▬▬▬▬▬▬▬▬▬▬▬▬▬▬▬▬▬▬▬▬▬▬▬▬▬▬▬▬▬
01:21:00 [COMPACT_BINGO_BORDER] §e§l▬▬▬▬▬▬▬▬▬▬▬▬▬▬▬▬▬▬▬▬▬▬▬▬▬▬▬▬▬▬▬▬▬▬▬▬▬▬▬▬▬▬▬▬▬▬▬▬▬▬▬▬▬▬▬▬▬▬▬▬▬▬▬▬
01:21:00 [EMPTY] 
01:21:00 [COMPACT_COLLECTION_LEVEL_UP]   §r§a§lREWARDS
01:21:00 [COMPACT_COLLECTION_LEVEL_UP]     §r§7§8+§310 §7Farming Experience
01:21:00 [COMPACT_COLLECTION_LEVEL_UP]     §r§7§8+§b4 SkyBlock XP
01:21:00 [COMPACT_BINGO_BORDER] §e§l▬▬▬▬▬▬▬▬▬▬▬▬▬▬▬▬▬▬▬▬▬▬▬▬▬▬▬▬▬▬▬▬▬▬▬▬▬▬▬▬▬▬▬▬▬▬▬▬▬▬▬▬▬▬▬▬▬▬▬▬▬▬▬▬
01:21:17 [COMPACT_BINGO_BORDER] §e§l▬▬▬▬▬▬▬▬▬▬▬▬▬▬▬▬▬▬▬▬▬▬▬▬▬▬▬▬▬▬▬▬▬▬▬▬▬▬▬▬▬▬▬▬▬▬▬▬▬▬▬▬▬▬▬▬▬▬▬▬▬▬▬▬
01:21:17 [EMPTY] 
01:21:17 [COMPACT_COLLECTION_LEVEL_UP]   §r§a§lREWARDS
01:21:17 [COMPACT_COLLECTION_LEVEL_UP]     §r§7§8+§b4 SkyBlock XP
01:21:17 [COMPACT_BINGO_BORDER] §e§l▬▬▬▬▬▬▬▬▬▬▬▬▬▬▬▬▬▬▬▬▬▬▬▬▬▬▬▬▬▬▬▬▬▬▬▬▬▬▬▬▬▬▬▬▬▬▬▬▬▬▬▬▬▬▬▬▬▬▬▬▬▬▬▬
01:22:39 [COMPACT_BINGO_BORDER] §3§l▬▬▬▬▬▬▬▬▬▬▬▬▬▬▬▬▬▬▬▬▬▬▬▬▬▬▬▬▬▬▬▬▬▬▬▬▬▬▬▬▬▬▬▬▬▬▬▬▬▬▬▬▬▬▬▬▬▬▬▬▬▬▬▬
01:22:39 [EMPTY]  
01:22:39 [BESTIARY] §f                                  §6§lBESTIARY
01:22:39 [BESTIARY] §f                             §b§lChicken §7§8III §8➡§b §bIV
01:22:39 [BESTIARY] 
01:22:39 [BESTIARY] §f                                  §r§6§lREWARDS
01:22:39 [BESTIARY] §f                         §r§8+§r§a2 Chicken §r§b✯ Magic Find
01:22:39 [BESTIARY] §f                          §r§8+§r§a2 Chicken §r§c❁ Strength
01:22:39 [BESTIARY] §f                             §r§8+§r§62% §r§aChicken §r§7coins
01:22:39 [BESTIARY] §f                    §r§8+§r§a50% §r§7chance for extra XP orbs
01:22:39 [BESTIARY] §f                               §r§8+§r§b1 SkyBlock XP
01:22:39 [BESTIARY] 
01:22:39 [BESTIARY] §3§l▬▬▬▬▬▬▬▬▬▬▬▬▬▬▬▬▬▬▬▬▬▬▬▬▬▬▬▬▬▬▬▬▬▬▬▬▬▬▬▬▬▬▬▬▬▬▬▬▬▬▬▬▬▬▬▬▬▬▬▬▬▬▬▬
01:23:47 [WARPING] §7Warping you to your SkyBlock island...
01:23:47 [WARPING] §7Sending to server mini65DJ...
01:23:48 [EMPTY] §8 §r§8 §r§1 §r§3 §r§3 §r§7 §r§8 
01:23:48 [EMPTY]  
01:23:48 [EMPTY]   
01:23:50 [PROFILE_JOIN] §aYou are playing on profile: §eMango
01:23:50 [PROFILE_JOIN] §8Profile ID: bd40f82a-2ef6-4a1d-8182-f2e9bca9703f
01:23:52 [COMPACT_BINGO_BORDER] §3§l▬▬▬▬▬▬▬▬▬▬▬▬▬▬▬▬▬▬▬▬▬▬▬▬▬▬▬▬▬▬▬▬▬▬▬▬▬▬▬▬▬▬▬▬▬▬▬▬▬▬▬▬▬▬▬▬▬▬▬▬▬▬▬▬
01:23:52 [EMPTY]  
01:23:52 [EMPTY]  
01:23:52 [EMPTY]  
01:23:52 [COMPACT_BINGO_BORDER] §3§l▬▬▬▬▬▬▬▬▬▬▬▬▬▬▬▬▬▬▬▬▬▬▬▬▬▬▬▬▬▬▬▬▬▬▬▬▬▬▬▬▬▬▬▬▬▬▬▬▬▬▬▬▬▬▬▬▬▬▬▬▬▬▬▬
01:23:54 [WARPING] §7Sending to server mini88AN...
01:23:54 [EMPTY] §8 §r§8 §r§1 §r§3 §r§3 §r§7 §r§8 
01:23:57 [PROFILE_JOIN] §aYou are playing on profile: §eMango
01:23:57 [PROFILE_JOIN] §8Profile ID: bd40f82a-2ef6-4a1d-8182-f2e9bca9703f
01:24:43 [COMPACT_POTION_EFFECT] §a§lBUFF! §fYou have gained §r§aResistance III§r§f! Press TAB or type /effects to view your active effects!
01:24:43 [COMPACT_POTION_EFFECT] §a§lBUFF! §fYou have gained §r§5Night Vision I§r§f! Press TAB or type /effects to view your active effects!
01:24:43 [COMPACT_POTION_EFFECT] §a§lBUFF! §fYou have gained §r§bArchery I§r§f! Press TAB or type /effects to view your active effects!
01:24:44 [COMPACT_POTION_EFFECT] §a§lBUFF! §fYou have gained §r§6Absorption III§r§f! Press TAB or type /effects to view your active effects!
01:24:44 [COMPACT_POTION_EFFECT] §a§lBUFF! §fYou have gained §r§4Regeneration II§r§f! Press TAB or type /effects to view your active effects!
01:24:44 [COMPACT_POTION_EFFECT] §a§lBUFF! §fYou have gained §r§cFire Resistance I§r§f! Press TAB or type /effects to view your active effects!
01:24:45 [COMPACT_POTION_EFFECT] §a§lBUFF! §fYou have gained §r§cAdrenaline III§r§f! Press TAB or type /effects to view your active effects!
01:24:45 [COMPACT_POTION_EFFECT] §a§lBUFF! §fYou have gained §r§bMagic Find I§r§f! Press TAB or type /effects to view your active effects!
01:24:45 [COMPACT_POTION_EFFECT] §a§lBUFF! §fYou have gained §r§eHaste I§r§f! Press TAB or type /effects to view your active effects!
01:24:46 [COMPACT_POTION_EFFECT] §a§lBUFF! §fYou have gained §r§9Mana III§r§f! Press TAB or type /effects to view your active effects!
01:24:46 [COMPACT_POTION_EFFECT] §a§lBUFF! §fYou have gained §r§9Speed III§r§f! Press TAB or type /effects to view your active effects!
01:24:47 [COMPACT_POTION_EFFECT] §a§lBUFF! §fYou have gained §r§9Experience II§r§f! Press TAB or type /effects to view your active effects!
01:24:47 [COMPACT_POTION_EFFECT] §a§lBUFF! §fYou have gained §r§9Dodge I§r§f! Press TAB or type /effects to view your active effects!
01:24:47 [COMPACT_POTION_EFFECT] §a§lBUFF! §fYou have gained §r§4Strength III§r§f! Press TAB or type /effects to view your active effects!
01:24:48 [COMPACT_POTION_EFFECT] §a§lBUFF! §fYou have gained §r§bPet Luck I§r§f! Press TAB or type /effects to view your active effects!
01:24:48 [COMPACT_POTION_EFFECT] §a§lBUFF! §fYou have gained §r§4Critical I§r§f! Press TAB or type /effects to view your active effects!
01:24:48 [COMPACT_POTION_EFFECT] §a§lBUFF! §fYou have gained §r§aRabbit I§r§f! Press TAB or type /effects to view your active effects!
01:24:49 [COMPACT_POTION_EFFECT] §a§lBUFF! §fYou have gained §r§9Water Breathing I§r§f! Press TAB or type /effects to view your active effects!
01:24:52 [WARPING] §7Sending to server mini147BW...
01:24:53 [EMPTY] §8 §r§8 §r§1 §r§3 §r§3 §r§7 §r§8 
01:24:56 [PROFILE_JOIN] §aYou are playing on profile: §eMango
01:24:56 [PROFILE_JOIN] §8Profile ID: bd40f82a-2ef6-4a1d-8182-f2e9bca9703f
01:25:19 [COMPACT_BINGO_BORDER] §3§l▬▬▬▬▬▬▬▬▬▬▬▬▬▬▬▬▬▬▬▬▬▬▬▬▬▬▬▬▬▬▬▬▬▬▬▬▬▬▬▬▬▬▬▬▬▬▬▬▬▬▬▬▬▬▬▬▬▬▬▬▬▬▬▬
01:25:19 [EMPTY]  
01:25:19 [BESTIARY] §f                                  §6§lBESTIARY
01:25:19 [BESTIARY] §f                                 §b§lPig §7§8III §8➡§b §bIV
01:25:19 [BESTIARY] 
01:25:19 [BESTIARY] §f                                  §r§6§lREWARDS
01:25:19 [BESTIARY] §f                            §r§8+§r§a2 Pig §r§b✯ Magic Find
01:25:19 [BESTIARY] §f                             §r§8+§r§a2 Pig §r§c❁ Strength
01:25:19 [BESTIARY] §f                                §r§8+§r§62% §r§aPig §r§7coins
01:25:19 [BESTIARY] §f                    §r§8+§r§a50% §r§7chance for extra XP orbs
01:25:19 [BESTIARY] §f                               §r§8+§r§b1 SkyBlock XP
01:25:19 [BESTIARY] 
01:25:19 [BESTIARY] §3§l▬▬▬▬▬▬▬▬▬▬▬▬▬▬▬▬▬▬▬▬▬▬▬▬▬▬▬▬▬▬▬▬▬▬▬▬▬▬▬▬▬▬▬▬▬▬▬▬▬▬▬▬▬▬▬▬▬▬▬▬▬▬▬▬
01:26:07 [COMPACT_BINGO_BORDER] §e§l▬▬▬▬▬▬▬▬▬▬▬▬▬▬▬▬▬▬▬▬▬▬▬▬▬▬▬▬▬▬▬▬▬▬▬▬▬▬▬▬▬▬▬▬▬▬▬▬▬▬▬▬▬▬▬▬▬▬▬▬▬▬▬▬
01:26:07 [EMPTY] 
01:26:07 [COMPACT_COLLECTION_LEVEL_UP]   §r§a§lREWARDS
01:26:07 [COMPACT_COLLECTION_LEVEL_UP]     §r§7§8+§b4 SkyBlock XP
01:26:07 [COMPACT_BINGO_BORDER] §e§l▬▬▬▬▬▬▬▬▬▬▬▬▬▬▬▬▬▬▬▬▬▬▬▬▬▬▬▬▬▬▬▬▬▬▬▬▬▬▬▬▬▬▬▬▬▬▬▬▬▬▬▬▬▬▬▬▬▬▬▬▬▬▬▬
01:26:23 [COMPACT_BINGO_BORDER] §e§l▬▬▬▬▬▬▬▬▬▬▬▬▬▬▬▬▬▬▬▬▬▬▬▬▬▬▬▬▬▬▬▬▬▬▬▬▬▬▬▬▬▬▬▬▬▬▬▬▬▬▬▬▬▬▬▬▬▬▬▬▬▬▬▬
01:26:23 [EMPTY] 
01:26:23 [COMPACT_COLLECTION_LEVEL_UP]   §r§a§lREWARDS
01:26:23 [COMPACT_COLLECTION_LEVEL_UP]     §r§7§8+§b4 SkyBlock XP
01:26:23 [COMPACT_BINGO_BORDER] §e§l▬▬▬▬▬▬▬▬▬▬▬▬▬▬▬▬▬▬▬▬▬▬▬▬▬▬▬▬▬▬▬▬▬▬▬▬▬▬▬▬▬▬▬▬▬▬▬▬▬▬▬▬▬▬▬▬▬▬▬▬▬▬▬▬
01:27:08 [WARPING] §7Warping you to your SkyBlock island...
01:27:08 [WARPING] §7Sending to server mini7BR...
01:27:09 [EMPTY] §8 §r§8 §r§1 §r§3 §r§3 §r§7 §r§8 
01:27:12 [WARPING] §7Sending to server mini9BW...
01:27:12 [PROFILE_JOIN] §aYou are playing on profile: §eMango
01:27:12 [PROFILE_JOIN] §8Profile ID: bd40f82a-2ef6-4a1d-8182-f2e9bca9703f
01:27:12 [EMPTY] §8 §r§8 §r§1 §r§3 §r§3 §r§7 §r§8 
01:27:15 [PROFILE_JOIN] §aYou are playing on profile: §eMango
01:27:15 [PROFILE_JOIN] §8Profile ID: bd40f82a-2ef6-4a1d-8182-f2e9bca9703f
01:27:44 [WARPING] §7Sending to server mini66BV...
01:27:44 [EMPTY] §8 §r§8 §r§1 §r§3 §r§3 §r§7 §r§8 
01:27:47 [PROFILE_JOIN] §aYou are playing on profile: §eMango
01:27:47 [PROFILE_JOIN] §8Profile ID: bd40f82a-2ef6-4a1d-8182-f2e9bca9703f
01:30:09 [WARPING] §7Warping...
01:32:44 [GUILD_EXP] §aYou earned §r§2598 GEXP §r§afrom playing SkyBlock!
01:33:31 [WARPING] §7Sending to server mini151DR...
01:33:31 [EMPTY] §8 §r§8 §r§1 §r§3 §r§3 §r§7 §r§8 
01:33:35 [PROFILE_JOIN] §aYou are playing on profile: §eMango
01:33:35 [PROFILE_JOIN] §8Profile ID: bd40f82a-2ef6-4a1d-8182-f2e9bca9703f
01:33:53 [WARPING] §7Warping you to your SkyBlock island...
01:33:53 [WARPING] §7Sending to server mini68BU...
01:33:54 [EMPTY] §8 §r§8 §r§1 §r§3 §r§3 §r§7 §r§8 
01:33:56 [PROFILE_JOIN] §aYou are playing on profile: §eMango
01:33:56 [PROFILE_JOIN] §8Profile ID: bd40f82a-2ef6-4a1d-8182-f2e9bca9703f
01:38:54 [GUILD_EXP] §aYou earned §r§2165 GEXP §r§afrom playing SkyBlock!
01:53:50 [WARPING] §7Sending to server mini20AF...
01:53:50 [EMPTY] §8 §r§8 §r§1 §r§3 §r§3 §r§7 §r§8 
01:53:53 [PROFILE_JOIN] §aYou are playing on profile: §eMango
01:53:53 [PROFILE_JOIN] §8Profile ID: bd40f82a-2ef6-4a1d-8182-f2e9bca9703f
01:54:16 [WARPING] §7Sending to server mini76CQ...
01:54:17 [EMPTY] §8 §r§8 §r§1 §r§3 §r§3 §r§7 §r§8 
01:54:20 [PROFILE_JOIN] §aYou are playing on profile: §eMango
01:54:20 [PROFILE_JOIN] §8Profile ID: bd40f82a-2ef6-4a1d-8182-f2e9bca9703f
01:59:17 [GUILD_EXP] §aYou earned §r§268 GEXP §r§afrom playing SkyBlock!
