16:54:09 §a§lBUFF! §fYou have gained §r§9Mana III§r§f! Press TAB or type /effects to view your active effects!
16:54:09 §a§lBUFF! §fYou have gained §r§4Critical I§r§f! Press TAB or type /effects to view your active effects!
16:54:10 §a§lBUFF! §fYou have gained §r§9Experience II§r§f! Press TAB or type /effects to view your active effects!
16:54:10 §a§lBUFF! §fYou have gained §r§6Absorption III§r§f! Press TAB or type /effects to view your active effects!
16:54:11 §a§lBUFF! §fYou have gained §r§9Dodge I§r§f! Press TAB or type /effects to view your active effects!
16:54:11 §a§lBUFF! §fYou have gained §r§cAdrenaline III§r§f! Press TAB or type /effects to view your active effects!
16:54:11 §a§lBUFF! §fYou have gained §r§aResistance III§r§f! Press TAB or type /effects to view your active effects!
16:54:12 §a§lBUFF! §fYou have gained §r§5Night Vision I§r§f! Press TAB or type /effects to view your active effects!
16:54:12 §a§lBUFF! §fYou have gained §r§bArchery I§r§f! Press TAB or type /effects to view your active effects!
16:54:12 §a§lBUFF! §fYou have gained §r§aRabbit I§r§f! Press TAB or type /effects to view your active effects!
16:54:13 §a§lBUFF! §fYou have gained §r§cFire Resistance I§r§f! Press TAB or type /effects to view your active effects!
16:54:13 §a§lBUFF! §fYou have gained §r§9Speed III§r§f! Press TAB or type /effects to view your active effects!
16:54:16 §a§lBUFF! §fYou have gained §r§4Regeneration II§r§f! Press TAB or type /effects to view your active effects!
16:54:16 §a§lBUFF! §fYou have gained §r§eHaste I§r§f! Press TAB or type /effects to view your active effects!
16:54:16 §a§lBUFF! §fYou have gained §r§bMagic Find I§r§f! Press TAB or type /effects to view your active effects!
16:54:16 §a§lBUFF! §fYou have gained §r§9Water Breathing I§r§f! Press TAB or type /effects to view your active effects!
16:54:16 §a§lBUFF! §fYou have gained §r§4Strength III§r§f! Press TAB or type /effects to view your active effects!
16:54:16 §a§lBUFF! §fYou have gained §r§bPet Luck I§r§f! Press TAB or type /effects to view your active effects!
22:22:52 §a§lBUFF! §fYou have gained §r§cFire Resistance I§r§f! Press TAB or type /effects to view your active effects!
22:22:52 §a§lBUFF! §fYou have gained §r§aRabbit I§r§f! Press TAB or type /effects to view your active effects!
22:22:52 §a§lBUFF! §fYou have gained §r§eHaste I§r§f! Press TAB or type /effects to view your active effects!
22:22:53 §a§lBUFF! §fYou have gained §r§9Dodge I§r§f! Press TAB or type /effects to view your active effects!
22:22:53 §a§lBUFF! §fYou have gained §r§aResistance III§r§f! Press TAB or type /effects to view your active effects!
22:22:53 §a§lBUFF! §fYou have gained §r§4Critical I§r§f! Press TAB or type /effects to view your active effects!
22:22:54 §a§lBUFF! §fYou have gained §r§4Regeneration II§r§f! Press TAB or type /effects to view your active effects!
22:22:54 §a§lBUFF! §fYou have gained §r§4Strength III§r§f! Press TAB or type /effects to view your active effects!
22:22:54 §a§lBUFF! §fYou have gained §r§cAdrenaline III§r§f! Press TAB or type /effects to view your active effects!
22:22:55 §a§lBUFF! §fYou have gained §r§bArchery I§r§f! Press TAB or type /effects to view your active effects!
22:22:55 §a§lBUFF! §fYou have gained §r§bPet Luck I§r§f! Press TAB or type /effects to view your active effects!
22:22:56 §a§lBUFF! §fYou have gained §r§9Speed III§r§f! Press TAB or type /effects to view your active effects!
22:22:56 §a§lBUFF! §fYou have gained §r§5Night Vision I§r§f! Press TAB or type /effects to view your active effects!
22:22:56 §a§lBUFF! §fYou have gained §r§9Water Breathing I§r§f! Press TAB or type /effects to view your active effects!
22:22:57 §a§lBUFF! §fYou have gained §r§9Experience II§r§f! Press TAB or type /effects to view your active effects!
22:22:57 §a§lBUFF! §fYou have gained §r§6Absorption III§r§f! Press TAB or type /effects to view your active effects!
22:22:57 §a§lBUFF! §fYou have gained §r§bMagic Find I§r§f! Press TAB or type /effects to view your active effects!
22:22:58 §a§lBUFF! §fYou have gained §r§9Mana III§r§f! Press TAB or type /effects to view your active effects!
