13:34:11  
13:34:11 [original] §r    §r§dDiamond Essence §r§8x5§r
13:34:11 [modified] §a+ §b5§r §r§dDiamond Essence§r
14:04:44  
14:04:44 [original] §r    §r§9☘ Fine Jade Gemstone§r
14:04:44 [modified] §a+§r §r§9☘ Fine Jade Gemstone§r
14:57:58  
14:57:58 [original] §r    §r§9Robotron Reflector§r
14:57:58 [modified] §a+§r §r§9Robotron Reflector§r
15:30:28  
15:30:28 [original] §r§6§lPET DROP! §r§9Enderman §r§b(+§r§b175% §r§b✯ Magic Find§r§b)§r
15:30:28 [modified] §6§lPET DROP! §9§lRARE §9Enderman §r§b(+§r§b175% §r§b✯ Magic Find§r§b)§r
15:32:55  
15:32:55 [original] §r§6§lPET DROP! §r§9Enderman §r§b(+§r§b180% §r§b✯ Magic Find§r§b)§r
15:32:55 [modified] §6§lPET DROP! §9§lRARE §9Enderman §r§b(+§r§b180% §r§b✯ Magic Find§r§b)§r
15:41:07  
15:41:07 [original] §r§6§lPET DROP! §r§5Enderman §r§b(+§r§b182% §r§b✯ Magic Find§r§b)§r
15:41:07 [modified] §6§lPET DROP! §5§lEPIC §5Enderman §r§b(+§r§b182% §r§b✯ Magic Find§r§b)§r
18:27:02  
18:27:02 [original] §aYou claimed a §5Tarantula Pet§a! §r§aYou can manage your Pets in the §r§fPets Menu§r§a in your §r§fSkyBlock Menu§r§a.§r
18:27:02 [modified] §aYou claimed an §5§lEPIC §5Tarantula Pet§a! §r§aYou can manage your Pets in the §r§fPets Menu§r§a in your §r§fSkyBlock Menu§r§a.§r
