18:20:56 [EMPTY] §f §r§r§r§f §r§r§r§1 §r§r§r§0 §r§r§r§2 §r§r§r§f §r§r§r§f §r§r§r§2 §r§r§r§0 §r§r§r§4 §r§r§r§3 §r§r§r§9 §r§r§r§2 §r§r§r§0 §r§r§r§0 §r§r§r§3 §r§r§r§9 §r§r§r§2 §r§r§r§0 §r§r§r§0 §r§r§r§3 §r§r§r§9 §r§r§r§2 §r§r§r§0 §r§r§r§0 
18:20:56 [LOBBY] §b[MVP§e+§b] Sebbebas§f §6joined the lobby!
18:21:16 [LOBBY]  §b>§c>§a>§r §r§6[MVP§a++§6] CoffeeMandem§f §6joined the lobby!§r §a<§c<§b<
18:21:18 [LOBBY] §b[MVP§0+§b] thams§f §6joined the lobby!
18:21:27 [LOBBY] §b[MVP§c+§b] Luxinus§f §6joined the lobby!
18:21:36 [LOBBY]  §b>§c>§a>§r §r§6[MVP§f++§6] fhede§f §6joined the lobby!§r §a<§c<§b<
18:21:37 [LOBBY] §b[MVP§d+§b] _B3astmode§f §6joined the lobby!
18:21:38 [LOBBY]  §b>§c>§a>§r §r§6[MVP§4++§6] vineesw§f §6joined the lobby!§r §a<§c<§b<
18:21:39 [LOBBY]  §b>§c>§a>§r §r§6[MVP§c++§6] Dqrkog§f §6joined the lobby!§r §a<§c<§b<
18:21:40 [LOBBY] §b[MVP§3+§b] Bloccks§f §6joined the lobby!
18:21:41 [LOBBY] §b[MVP§2+§b] MageingAway§f §6joined the lobby!
18:21:44 [LOBBY]  §b>§c>§a>§r §r§6[MVP§8++§6] swanky300§f §6joined the lobby!§r §a<§c<§b<
18:21:46 [WARPING] §7Sending to server mini86DG...
18:21:48 [EMPTY] §8 §r§8 §r§1 §r§3 §r§3 §r§7 §r§8 
18:21:48 [EMPTY]  
18:21:48 [EMPTY]   
18:21:49 [EMPTY] 
18:21:49 [WELCOME] §eWelcome to §r§aHypixel SkyBlock§r§e!
18:21:49 [EMPTY] 
18:21:50 [PROFILE_JOIN] §aYou are playing on profile: §eBanana§b (Co-op)
18:21:50 [PROFILE_JOIN] §8Profile ID: b1a71305-1956-42bf-90e4-bce6f7285754
18:21:52 [SKYMALL] §eNew buff§r§r§r: §r§fGain §r§a+15% §r§fmore Powder while mining.
18:22:09 [GARDEN_VISITOR_MESSAGE] §e[NPC] §aEmissary Wilson§f: §r§fThe King's least favorite vegetable is carrot, so he sent me, his favorite emissary, to make it better!
18:22:11 [GARDEN_VISITOR_MESSAGE] §e[NPC] §9Old Man Garry§f: §r§fPeople have no manners these days. They come up to me, and disappear instantly! They don't even greet me! Back in my day, we were raised better than that.
18:22:14 [GARDEN_VISITOR_MESSAGE] §e[NPC] §9Rusty§f: §rEver wondered how I find all the things that other players lost? I outsource it. Right now, someone is looking for their §9Enchanted Red Mushroom Block§f. Can you find that for me?
18:22:16 [GARDEN_VISITOR_MESSAGE] §e[NPC] §aRoyal Resident§f: §r§fMy neighbor told me to get off his property, but he doesn't even own this place!
18:22:18 [GARDEN_VISITOR_MESSAGE] §e[NPC] §9Fragilis§f: §r§fHey you! Can you bring me the hardest block you can mine?
18:22:20 [EMPTY] 
18:22:20 [EMPTY] 
18:22:20 [GARDEN_VISITOR_MESSAGE] §e[NPC] §aRoyal Resident§f: §rMaybe I have to talk to the King about him. He is going too far. I think the current King is §l§6Erren§f.
18:26:47 [GUILD_EXP] §aYou earned §r§2288 GEXP §r§afrom playing SkyBlock!
18:29:32 [WARPING] §7Warping...
18:29:32 [WARPING] §7Sending to server mini82K...
18:29:33 [EMPTY] §8 §r§8 §r§1 §r§3 §r§3 §r§7 §r§8 
18:29:33 [EMPTY]  
18:29:33 [EMPTY]   
18:29:36 [PROFILE_JOIN] §aYou are playing on profile: §eBanana§b (Co-op)
18:29:36 [PROFILE_JOIN] §8Profile ID: b1a71305-1956-42bf-90e4-bce6f7285754
18:32:26 [GUILD_EXP] §aYou earned §r§2186 GEXP §r§afrom playing SkyBlock!
18:32:35 [WARPING] §7Warping you to your SkyBlock island...
18:32:35 [WARPING] §7Sending to server mini80CW...
18:32:36 [EMPTY] §8 §r§8 §r§1 §r§3 §r§3 §r§7 §r§8 
18:32:36 [EMPTY]  
18:32:36 [EMPTY]   
18:32:38 [PROFILE_JOIN] §aYou are playing on profile: §eBanana§b (Co-op)
18:32:38 [PROFILE_JOIN] §8Profile ID: b1a71305-1956-42bf-90e4-bce6f7285754
18:34:48 [WARPING] §7Sending to server mega30E...
18:34:48 [EMPTY] §8 §r§8 §r§1 §r§3 §r§3 §r§7 §r§8 
18:34:49 [EMPTY]  
18:34:49 [EMPTY]   
18:34:51 [PROFILE_JOIN] §aYou are playing on profile: §eBanana§b (Co-op)
18:34:51 [PROFILE_JOIN] §8Profile ID: b1a71305-1956-42bf-90e4-bce6f7285754
18:35:01 [SKYMALL] §eNew buff§r§r§r: §r§fGain §r§a+100 §r§6⸕ Mining Speed§r§f.
18:35:09 [WARPING] §7Warping...
18:35:09 [WARPING] §7Sending to server mini189BM...
18:35:09 [EMPTY] §8 §r§8 §r§1 §r§3 §r§3 §r§7 §r§8 
18:35:10 [EMPTY]  
18:35:10 [EMPTY]   
18:35:12 [PROFILE_JOIN] §aYou are playing on profile: §eBanana§b (Co-op)
18:35:12 [PROFILE_JOIN] §8Profile ID: b1a71305-1956-42bf-90e4-bce6f7285754
18:35:48 [EMPTY]  
18:35:48 [EMPTY]  
18:35:48 [EMPTY]  
18:36:05 [WARPING] §7Warping...
18:36:05 [WARPING] §7Sending to server mini70DE...
18:36:05 [EMPTY] §8 §r§8 §r§1 §r§3 §r§3 §r§7 §r§8 
18:36:08 [PROFILE_JOIN] §aYou are playing on profile: §eBanana§b (Co-op)
18:36:08 [PROFILE_JOIN] §8Profile ID: b1a71305-1956-42bf-90e4-bce6f7285754
18:38:31 [GUILD_EXP] §aYou earned §r§2165 GEXP §r§afrom playing SkyBlock!
18:42:10 [WARPING] §7Sending to server mini157CM...
18:42:10 [EMPTY] §8 §r§8 §r§1 §r§3 §r§3 §r§7 §r§8 
18:42:13 [PROFILE_JOIN] §aYou are playing on profile: §eBanana§b (Co-op)
18:42:13 [PROFILE_JOIN] §8Profile ID: b1a71305-1956-42bf-90e4-bce6f7285754
18:47:20 [GUILD_EXP] §aYou earned §r§2409 GEXP §r§afrom playing SkyBlock!
18:47:53 [WARPING] §7Sending to server mini72AG...
18:47:54 [EMPTY] §8 §r§8 §r§1 §r§3 §r§3 §r§7 §r§8 
18:47:58 [PROFILE_JOIN] §aYou are playing on profile: §eBanana§b (Co-op)
18:47:58 [PROFILE_JOIN] §8Profile ID: b1a71305-1956-42bf-90e4-bce6f7285754
18:50:48 [EMPTY]  
18:50:48 [BESTIARY] §f                                  §6§lBESTIARY
18:50:48 [BESTIARY] §f                        §b§lLonely Spider §7§8XV §8➡§b §bXVI
18:50:48 [BESTIARY] 
18:50:48 [BESTIARY] §f                                  §r§6§lREWARDS
18:50:48 [BESTIARY] §f                     §r§8+§r§a5 Lonely Spider §r§b✯ Magic Find
18:50:48 [BESTIARY] §f                      §r§8+§r§a5 Lonely Spider §r§c❁ Strength
18:50:48 [BESTIARY] §f                         §r§8+§r§62% §r§aLonely Spider §r§7coins
18:50:48 [BESTIARY] §f                    §r§8+§r§a50% §r§7chance for extra XP orbs
18:50:48 [BESTIARY] §f                               §r§8+§r§b1 SkyBlock XP
18:50:48 [BESTIARY] 
18:50:48 [BESTIARY] §3§l▬▬▬▬▬▬▬▬▬▬▬▬▬▬▬▬▬▬▬▬▬▬▬▬▬▬▬▬▬▬▬▬▬▬▬▬▬▬▬▬▬▬▬▬▬▬▬▬▬▬▬▬▬▬▬▬▬▬▬▬▬▬▬▬
18:53:04 [GUILD_EXP] §aYou earned §r§2595 GEXP §r§afrom playing SkyBlock!
18:53:33 [EMPTY] §f §r§r§r§f §r§r§r§1 §r§r§r§0 §r§r§r§2 §r§r§r§f §r§r§r§f §r§r§r§2 §r§r§r§0 §r§r§r§4 §r§r§r§3 §r§r§r§9 §r§r§r§2 §r§r§r§0 §r§r§r§0 §r§r§r§3 §r§r§r§9 §r§r§r§2 §r§r§r§0 §r§r§r§0 §r§r§r§3 §r§r§r§9 §r§r§r§2 §r§r§r§0 §r§r§r§0 
18:53:33 [LOBBY] §b[MVP§e+§b] Sebbebas§f §6joined the lobby!
18:53:35 [LOBBY] §b[MVP§d+§b] Hufflewitz§f §6joined the lobby!
18:53:35 [LOBBY] §b[MVP§2+§b] LeoLimaMinecraft§f §6joined the lobby!
18:53:35 [LOBBY]   §r§f§l➤ §r§6You have reached your Hype limit! Add Hype to Prototype Lobby minigames by right-clicking with the Hype Diamond!
18:53:36 [LOBBY] §b[MVP§c+§b] Hank_Hizzle69§f §6joined the lobby!
18:53:37 [WARPING] §7Sending to server mini20CV...
18:53:38 [EMPTY] §8 §r§8 §r§1 §r§3 §r§3 §r§7 §r§8 
18:53:40 [EMPTY] 
18:53:40 [WELCOME] §eWelcome to §r§aHypixel SkyBlock§r§e!
18:53:40 [EMPTY] 
18:53:41 [PROFILE_JOIN] §aYou are playing on profile: §eBanana§b (Co-op)
18:53:41 [PROFILE_JOIN] §8Profile ID: b1a71305-1956-42bf-90e4-bce6f7285754
18:53:41 [WARPING] §7Warping...
18:53:42 [WARPING] §7Sending to server mini88DQ...
18:53:42 [EMPTY] §8 §r§8 §r§1 §r§3 §r§3 §r§7 §r§8 
18:53:45 [PROFILE_JOIN] §aYou are playing on profile: §eBanana§b (Co-op)
18:53:45 [PROFILE_JOIN] §8Profile ID: b1a71305-1956-42bf-90e4-bce6f7285754
18:54:07 [WARPING] §7Sending to server mini64CU...
18:54:08 [EMPTY] §8 §r§8 §r§1 §r§3 §r§3 §r§7 §r§8 
18:54:11 [PROFILE_JOIN] §aYou are playing on profile: §eBanana§b (Co-op)
18:54:11 [PROFILE_JOIN] §8Profile ID: b1a71305-1956-42bf-90e4-bce6f7285754
18:55:01 [SKYMALL] §eNew buff§r§r§r: §r§fReduce Pickaxe Ability cooldown by §r§a20%§r§f.
18:59:10 [GUILD_EXP] §aYou earned §r§2588 GEXP §r§afrom playing SkyBlock!
19:04:12 [GUILD_EXP] §aYou earned §r§2750 GEXP §r§afrom playing SkyBlock!
19:04:38 [EMPTY] 
19:04:53 [EMPTY] 
19:04:53 [EMPTY] 
19:04:56 [WARPING] §7Sending to server mini141AW...
19:04:57 [EMPTY] §8 §r§8 §r§1 §r§3 §r§3 §r§7 §r§8 
19:05:00 [PROFILE_JOIN] §aYou are playing on profile: §eBanana§b (Co-op)
19:05:00 [PROFILE_JOIN] §8Profile ID: b1a71305-1956-42bf-90e4-bce6f7285754
19:06:02 [WARPING] §7Sending to server mega11C...
19:06:02 [EMPTY] §8 §r§8 §r§1 §r§3 §r§3 §r§7 §r§8 
19:06:05 [PROFILE_JOIN] §aYou are playing on profile: §eBanana§b (Co-op)
19:06:05 [PROFILE_JOIN] §8Profile ID: b1a71305-1956-42bf-90e4-bce6f7285754
19:06:41 [WARPING] §7Sending to server mini141AE...
19:06:41 [EMPTY] §8 §r§8 §r§1 §r§3 §r§3 §r§7 §r§8 
19:06:44 [PROFILE_JOIN] §aYou are playing on profile: §eBanana§b (Co-op)
19:06:44 [PROFILE_JOIN] §8Profile ID: b1a71305-1956-42bf-90e4-bce6f7285754
19:08:19 [GUILD_EXP] §aYou earned §r§285 GEXP §r§afrom playing SkyBlock!
19:08:51 [WARPING] §7Sending to server mini18DS...
19:08:52 [EMPTY] §8 §r§8 §r§1 §r§3 §r§3 §r§7 §r§8 
19:08:56 [PROFILE_JOIN] §aYou are playing on profile: §eBanana§b (Co-op)
19:08:56 [PROFILE_JOIN] §8Profile ID: b1a71305-1956-42bf-90e4-bce6f7285754
19:13:55 [GUILD_EXP] §aYou earned §r§2568 GEXP §r§afrom playing SkyBlock!
19:15:00 [SKYMALL] §eNew buff§r§r§r: §r§fReduce Pickaxe Ability cooldown by §r§a20%§r§f.
19:18:37 [WARPING] §7Warping...
19:18:37 [WARPING] §7Sending to server mini141AW...
19:18:38 [EMPTY] §8 §r§8 §r§1 §r§3 §r§3 §r§7 §r§8 
19:18:41 [PROFILE_JOIN] §aYou are playing on profile: §eBanana§b (Co-op)
19:18:41 [PROFILE_JOIN] §8Profile ID: b1a71305-1956-42bf-90e4-bce6f7285754
19:22:36 [GUILD_EXP] §aYou earned §r§2283 GEXP §r§afrom playing SkyBlock!
19:24:16 [WARPING] §7Sending to server mini157CE...
19:24:16 [EMPTY] §8 §r§8 §r§1 §r§3 §r§3 §r§7 §r§8 
19:24:19 [PROFILE_JOIN] §aYou are playing on profile: §eBanana§b (Co-op)
19:24:19 [PROFILE_JOIN] §8Profile ID: b1a71305-1956-42bf-90e4-bce6f7285754
19:29:21 [GUILD_EXP] §aYou earned §r§2593 GEXP §r§afrom playing SkyBlock!
19:34:12 [EMPTY] 
19:34:26 [GUILD_EXP] §aYou earned §r§2745 GEXP §r§afrom playing SkyBlock!
19:34:29 [EMPTY] 
19:34:29 [EMPTY] 
19:34:32 [WARPING] §7Sending to server mini230R...
19:34:32 [EMPTY] §8 §r§8 §r§1 §r§3 §r§3 §r§7 §r§8 
19:34:35 [PROFILE_JOIN] §aYou are playing on profile: §eBanana§b (Co-op)
19:34:35 [PROFILE_JOIN] §8Profile ID: b1a71305-1956-42bf-90e4-bce6f7285754
19:34:43 [WARPING] §7Sending to server mini256E...
19:34:44 [EMPTY] §8 §r§8 §r§1 §r§3 §r§3 §r§7 §r§8 
19:34:47 [PROFILE_JOIN] §aYou are playing on profile: §eBanana§b (Co-op)
19:34:47 [PROFILE_JOIN] §8Profile ID: b1a71305-1956-42bf-90e4-bce6f7285754
19:34:57 [WARPING] §7Sending to server mini152Q...
19:34:58 [EMPTY] §8 §r§8 §r§1 §r§3 §r§3 §r§7 §r§8 
19:35:01 [PROFILE_JOIN] §aYou are playing on profile: §eBanana§b (Co-op)
19:35:01 [PROFILE_JOIN] §8Profile ID: b1a71305-1956-42bf-90e4-bce6f7285754
19:35:06 [SKYMALL] §eNew buff§r§r§r: §r§fReduce Pickaxe Ability cooldown by §r§a20%§r§f.
19:36:28 [WARPING] §7Sending to server mini264Q...
19:36:31 [EMPTY] §8 §r§8 §r§1 §r§3 §r§3 §r§7 §r§8 
19:36:35 [PROFILE_JOIN] §aYou are playing on profile: §eBanana§b (Co-op)
19:36:35 [PROFILE_JOIN] §8Profile ID: b1a71305-1956-42bf-90e4-bce6f7285754
19:37:49 [EMPTY] 
19:37:49 [EMPTY] 
19:37:49 [EMPTY] 
19:37:57 [EMPTY] 
19:37:57 [EMPTY] 
19:37:57 [EMPTY] 
19:38:06 [EMPTY] 
19:38:06 [EMPTY] 
19:38:06 [EMPTY] 
19:41:38 [GUILD_EXP] §aYou earned §r§2593 GEXP §r§afrom playing SkyBlock!
19:44:49 [EMPTY] 
19:45:04 [EMPTY] 
19:45:04 [EMPTY] 
19:45:06 [WARPING] §7Sending to server mini40AA...
19:45:07 [EMPTY] §8 §r§8 §r§1 §r§3 §r§3 §r§7 §r§8 
19:45:11 [PROFILE_JOIN] §aYou are playing on profile: §eBanana§b (Co-op)
19:45:11 [PROFILE_JOIN] §8Profile ID: b1a71305-1956-42bf-90e4-bce6f7285754
19:46:20 [WARPING] §7Sending to server mini95BN...
19:46:20 [EMPTY] §8 §r§8 §r§1 §r§3 §r§3 §r§7 §r§8 
19:46:23 [PROFILE_JOIN] §aYou are playing on profile: §eBanana§b (Co-op)
19:46:23 [PROFILE_JOIN] §8Profile ID: b1a71305-1956-42bf-90e4-bce6f7285754
19:48:25 [EMPTY] 
19:48:25 [EMPTY] 
19:48:25 [EMPTY] 
19:48:44 [EMPTY] 
19:48:44 [EMPTY] 
19:48:44 [EMPTY] 
19:48:55 [EMPTY] 
19:48:55 [EMPTY] 
19:48:55 [EMPTY] 
19:51:22 [GUILD_EXP] §aYou earned §r§2595 GEXP §r§afrom playing SkyBlock!
19:55:00 [SKYMALL] §eNew buff§r§r§r: §r§fReduce Pickaxe Ability cooldown by §r§a20%§r§f.
19:56:23 [GUILD_EXP] §aYou earned §r§2750 GEXP §r§afrom playing SkyBlock!
19:57:08 [EMPTY] 
19:57:29 [EMPTY] 
19:57:29 [EMPTY] 
19:57:31 [WARPING] §7Sending to server mini7CG...
19:57:32 [EMPTY] §8 §r§8 §r§1 §r§3 §r§3 §r§7 §r§8 
19:57:35 [PROFILE_JOIN] §aYou are playing on profile: §eBanana§b (Co-op)
19:57:35 [PROFILE_JOIN] §8Profile ID: b1a71305-1956-42bf-90e4-bce6f7285754
19:57:52 [WARPING] §7Sending to server mini87AE...
19:57:53 [EMPTY] §8 §r§8 §r§1 §r§3 §r§3 §r§7 §r§8 
19:57:56 [PROFILE_JOIN] §aYou are playing on profile: §eBanana§b (Co-op)
19:57:56 [PROFILE_JOIN] §8Profile ID: b1a71305-1956-42bf-90e4-bce6f7285754
20:01:15 [EMPTY] §f
20:01:15 [WATCHDOG] §4[WATCHDOG ANNOUNCEMENT]
20:01:15 [WATCHDOG] §fWatchdog has banned §r§c§l13,221§r§f players in the last 7 days.
20:01:15 [WATCHDOG] §fStaff have banned an additional §r§c§l13,670§r§f in the last 7 days.
20:01:15 [WATCHDOG] §cBlacklisted modifications are a bannable offense!
20:01:15 [WATCHDOG] §c
20:01:28 [EMPTY] 
20:01:28 [EMPTY] 
20:01:28 [EMPTY] 
20:01:42 [EMPTY] 
20:01:42 [EMPTY] 
20:01:42 [EMPTY] 
20:01:51 [EMPTY] 
20:01:51 [EMPTY] 
20:01:51 [EMPTY] 
20:02:02 [PUZZLE_FAIL] §4[STATUE] Oruo the Omniscient§r§f: §r§bInfecters §r§cchose the wrong answer! I shall never forget this moment of misrememberance.
20:02:29 [EMPTY] 
20:02:29 [EMPTY] 
20:02:29 [EMPTY] 
20:02:38 [EMPTY] 
20:02:38 [EMPTY] 
20:02:38 [EMPTY] 
20:02:46 [EMPTY] 
20:02:46 [EMPTY] 
20:02:46 [EMPTY] 
20:02:55 [GUILD_EXP] §aYou earned §r§2585 GEXP §r§afrom playing SkyBlock!
20:07:57 [GUILD_EXP] §aYou earned §r§2750 GEXP §r§afrom playing SkyBlock!
20:08:59 [EMPTY] 
20:09:12 [EMPTY] 
20:09:12 [EMPTY] 
20:09:15 [WARPING] §7Sending to server mini68BP...
20:09:16 [EMPTY] §8 §r§8 §r§1 §r§3 §r§3 §r§7 §r§8 
20:09:19 [PROFILE_JOIN] §aYou are playing on profile: §eBanana§b (Co-op)
20:09:19 [PROFILE_JOIN] §8Profile ID: b1a71305-1956-42bf-90e4-bce6f7285754
20:09:47 [WARPING] §7Sending to server mega8B...
20:09:48 [EMPTY] §8 §r§8 §r§1 §r§3 §r§3 §r§7 §r§8 
20:09:51 [PROFILE_JOIN] §aYou are playing on profile: §eBanana§b (Co-op)
20:09:51 [PROFILE_JOIN] §8Profile ID: b1a71305-1956-42bf-90e4-bce6f7285754
20:10:36 [WARPING] §7Sending to server mini15DG...
20:10:37 [EMPTY] §8 §r§8 §r§1 §r§3 §r§3 §r§7 §r§8 
20:10:40 [PROFILE_JOIN] §aYou are playing on profile: §eBanana§b (Co-op)
20:10:40 [PROFILE_JOIN] §8Profile ID: b1a71305-1956-42bf-90e4-bce6f7285754
20:10:42 [WARPING] §7Sending to server mini4DQ...
20:10:43 [EMPTY] §8 §r§8 §r§1 §r§3 §r§3 §r§7 §r§8 
20:10:46 [PROFILE_JOIN] §aYou are playing on profile: §eBanana§b (Co-op)
20:10:46 [PROFILE_JOIN] §8Profile ID: b1a71305-1956-42bf-90e4-bce6f7285754
20:15:01 [SKYMALL] §eNew buff§r§r§r: §r§fGain §r§a+15% §r§fmore Powder while mining.
20:15:45 [GUILD_EXP] §aYou earned §r§2583 GEXP §r§afrom playing SkyBlock!
20:18:29 [WARPING] §7Warping...
20:18:30 [WARPING] §7Sending to server mini1030S...
20:18:30 [EMPTY] §8 §r§8 §r§1 §r§3 §r§3 §r§7 §r§8 
20:18:33 [PROFILE_JOIN] §aYou are playing on profile: §eBanana§b (Co-op)
20:18:33 [PROFILE_JOIN] §8Profile ID: b1a71305-1956-42bf-90e4-bce6f7285754
20:19:50 [GUILD_EXP] §aYou earned §r§238 GEXP §r§afrom playing SkyBlock!
20:20:27 [WARPING] §7Sending to server mini30DW...
20:20:28 [EMPTY] §8 §r§8 §r§1 §r§3 §r§3 §r§7 §r§8 
20:20:31 [PROFILE_JOIN] §aYou are playing on profile: §eBanana§b (Co-op)
20:20:31 [PROFILE_JOIN] §8Profile ID: b1a71305-1956-42bf-90e4-bce6f7285754
20:23:29 [EMPTY]  
20:23:29 [BESTIARY] §f                                  §6§lBESTIARY
20:23:29 [BESTIARY] §f                             §b§lSniper §7§8VIII §8➡§b §bIX
20:23:29 [BESTIARY] 
20:23:29 [BESTIARY] §f                                  §r§6§lREWARDS
20:23:29 [BESTIARY] §f                          §r§8+§r§a3 Sniper §r§b✯ Magic Find
20:23:29 [BESTIARY] §f                           §r§8+§r§a3 Sniper §r§c❁ Strength
20:23:29 [BESTIARY] §f                              §r§8+§r§62% §r§aSniper §r§7coins
20:23:29 [BESTIARY] §f                    §r§8+§r§a50% §r§7chance for extra XP orbs
20:23:29 [BESTIARY] §f                               §r§8+§r§b1 SkyBlock XP
20:23:29 [BESTIARY] 
20:23:29 [BESTIARY] §3§l▬▬▬▬▬▬▬▬▬▬▬▬▬▬▬▬▬▬▬▬▬▬▬▬▬▬▬▬▬▬▬▬▬▬▬▬▬▬▬▬▬▬▬▬▬▬▬▬▬▬▬▬▬▬▬▬▬▬▬▬▬▬▬▬
20:25:33 [GUILD_EXP] §aYou earned §r§2588 GEXP §r§afrom playing SkyBlock!
20:30:39 [GUILD_EXP] §aYou earned §r§2750 GEXP §r§afrom playing SkyBlock!
20:32:08 [EMPTY] 
20:32:21 [EMPTY] 
20:32:21 [EMPTY] 
20:32:23 [WARPING] §7Sending to server mini13M...
20:32:24 [EMPTY] §8 §r§8 §r§1 §r§3 §r§3 §r§7 §r§8 
20:32:27 [PROFILE_JOIN] §aYou are playing on profile: §eBanana§b (Co-op)
20:32:27 [PROFILE_JOIN] §8Profile ID: b1a71305-1956-42bf-90e4-bce6f7285754
20:32:54 [WARPING] §7Sending to server mini152AJ...
20:32:56 [EMPTY] §8 §r§8 §r§1 §r§3 §r§3 §r§7 §r§8 
20:33:01 [PROFILE_JOIN] §aYou are playing on profile: §eBanana§b (Co-op)
20:33:01 [PROFILE_JOIN] §8Profile ID: b1a71305-1956-42bf-90e4-bce6f7285754
20:35:01 [SKYMALL] §eNew buff§r§r§r: §r§fReduce Pickaxe Ability cooldown by §r§a20%§r§f.
20:36:06 [WARPING] §7Warping...
20:36:06 [WARPING] §7Sending to server mini214Q...
20:36:07 [EMPTY] §8 §r§8 §r§1 §r§3 §r§3 §r§7 §r§8 
20:36:10 [PROFILE_JOIN] §aYou are playing on profile: §eBanana§b (Co-op)
20:36:10 [PROFILE_JOIN] §8Profile ID: b1a71305-1956-42bf-90e4-bce6f7285754
20:40:29 [GUILD_EXP] §aYou earned §r§2196 GEXP §r§afrom playing SkyBlock!
20:45:31 [GUILD_EXP] §aYou earned §r§2304 GEXP §r§afrom playing SkyBlock!
20:47:19 [WARPING] §7Sending to server mini5BK...
20:47:19 [EMPTY] §8 §r§8 §r§1 §r§3 §r§3 §r§7 §r§8 
20:47:22 [PROFILE_JOIN] §aYou are playing on profile: §eBanana§b (Co-op)
20:47:22 [PROFILE_JOIN] §8Profile ID: b1a71305-1956-42bf-90e4-bce6f7285754
20:49:09 [GUILD_EXP] §aYou earned §r§2120 GEXP §r§afrom playing SkyBlock!
20:49:29 [WARPING] §7Sending to server mini183CV...
20:49:29 [EMPTY] §8 §r§8 §r§1 §r§3 §r§3 §r§7 §r§8 
20:49:32 [PROFILE_JOIN] §aYou are playing on profile: §eBanana§b (Co-op)
20:49:32 [PROFILE_JOIN] §8Profile ID: b1a71305-1956-42bf-90e4-bce6f7285754
20:49:55 [WARPING] §dWarped to Rift Gallery§r§d!
20:50:40 [WARPING] §7Warping you to your SkyBlock island...
20:50:41 [WARPING] §7Sending to server mini1010Q...
20:50:41 [EMPTY] §8 §r§8 §r§1 §r§3 §r§3 §r§7 §r§8 
20:50:44 [PROFILE_JOIN] §aYou are playing on profile: §eBanana§b (Co-op)
20:50:44 [PROFILE_JOIN] §8Profile ID: b1a71305-1956-42bf-90e4-bce6f7285754
20:50:46 [WARPING] §7Sending to server mini70B...
20:50:46 [EMPTY] §8 §r§8 §r§1 §r§3 §r§3 §r§7 §r§8 
20:50:49 [PROFILE_JOIN] §aYou are playing on profile: §eBanana§b (Co-op)
20:50:49 [PROFILE_JOIN] §8Profile ID: b1a71305-1956-42bf-90e4-bce6f7285754
20:50:56 [EMPTY] 
20:50:56 [EMPTY] 
20:54:13 [EMPTY] 
20:54:13 [EMPTY] 
20:55:02 [SKYMALL] §eNew buff§r§r§r: §r§fGain §r§a+100 §r§6⸕ Mining Speed§r§f.
20:56:02 [GUILD_EXP] §aYou earned §r§2442 GEXP §r§afrom playing SkyBlock!
20:56:17 [WARPING] §7Warping...
20:56:17 [WARPING] §7Sending to server mini13DU...
20:56:18 [EMPTY] §8 §r§8 §r§1 §r§3 §r§3 §r§7 §r§8 
20:56:21 [PROFILE_JOIN] §aYou are playing on profile: §eBanana§b (Co-op)
20:56:21 [PROFILE_JOIN] §8Profile ID: b1a71305-1956-42bf-90e4-bce6f7285754
20:57:02 [EMPTY]  
20:57:02 [BESTIARY] §f                                  §6§lBESTIARY
20:57:02 [BESTIARY] §f                              §b§lMosquito §7§8I §8➡§b §bII
20:57:02 [BESTIARY] 
20:57:02 [BESTIARY] §f                                  §r§6§lREWARDS
20:57:02 [BESTIARY] §f                          §r§6+0.4☘ Farming Fortune
20:57:02 [BESTIARY] §f                             §r§8+§r§62% §r§aMosquito §r§7coins
20:57:02 [BESTIARY] §f                    §r§8+§r§a50% §r§7chance for extra XP orbs
20:57:02 [BESTIARY] §f                               §r§8+§r§b1 SkyBlock XP
20:57:02 [BESTIARY] 
20:57:02 [BESTIARY] §3§l▬▬▬▬▬▬▬▬▬▬▬▬▬▬▬▬▬▬▬▬▬▬▬▬▬▬▬▬▬▬▬▬▬▬▬▬▬▬▬▬▬▬▬▬▬▬▬▬▬▬▬▬▬▬▬▬▬▬▬▬▬▬▬▬
20:57:02 [PEST_DROP] §eYou received §a6x Enchanted Sugar §efor killing a §6Mosquito§e!
20:57:56 [EMPTY]  
20:57:56 [BESTIARY] §f                                  §6§lBESTIARY
20:57:56 [BESTIARY] §f                            §b§lEarthworm §7§8I §8➡§b §bII
20:57:56 [BESTIARY] 
20:57:56 [BESTIARY] §f                                  §r§6§lREWARDS
20:57:56 [BESTIARY] §f                          §r§6+0.4☘ Farming Fortune
20:57:56 [BESTIARY] §f                           §r§8+§r§62% §r§aEarthworm §r§7coins
20:57:56 [BESTIARY] §f                    §r§8+§r§a50% §r§7chance for extra XP orbs
20:57:56 [BESTIARY] §f                               §r§8+§r§b1 SkyBlock XP
20:57:56 [BESTIARY] 
20:57:56 [BESTIARY] §3§l▬▬▬▬▬▬▬▬▬▬▬▬▬▬▬▬▬▬▬▬▬▬▬▬▬▬▬▬▬▬▬▬▬▬▬▬▬▬▬▬▬▬▬▬▬▬▬▬▬▬▬▬▬▬▬▬▬▬▬▬▬▬▬▬
20:57:56 [PEST_DROP] §eYou received §a8x Enchanted Melon §efor killing an §6Earthworm§e!
20:58:21 [EMPTY]  
20:58:21 [BESTIARY] §f                                  §6§lBESTIARY
20:58:21 [BESTIARY] §f                                  §b§lFly §7§8I §8➡§b §bII
20:58:21 [BESTIARY] 
20:58:21 [BESTIARY] §f                                  §r§6§lREWARDS
20:58:21 [BESTIARY] §f                          §r§6+0.4☘ Farming Fortune
20:58:21 [BESTIARY] §f                                §r§8+§r§62% §r§aFly §r§7coins
20:58:21 [BESTIARY] §f                    §r§8+§r§a50% §r§7chance for extra XP orbs
20:58:21 [BESTIARY] §f                               §r§8+§r§b1 SkyBlock XP
20:58:21 [BESTIARY] 
20:58:21 [BESTIARY] §3§l▬▬▬▬▬▬▬▬▬▬▬▬▬▬▬▬▬▬▬▬▬▬▬▬▬▬▬▬▬▬▬▬▬▬▬▬▬▬▬▬▬▬▬▬▬▬▬▬▬▬▬▬▬▬▬▬▬▬▬▬▬▬▬▬
20:58:21 [PEST_DROP] §eYou received §a10x Enchanted Hay Bale §efor killing a §6Fly§e!
20:58:35 [EMPTY]  
20:58:35 [BESTIARY] §f                                  §6§lBESTIARY
20:58:35 [BESTIARY] §f                               §b§lCricket §7§8I §8➡§b §bII
20:58:35 [BESTIARY] 
20:58:35 [BESTIARY] §f                                  §r§6§lREWARDS
20:58:35 [BESTIARY] §f                          §r§6+0.4☘ Farming Fortune
20:58:35 [BESTIARY] §f                              §r§8+§r§62% §r§aCricket §r§7coins
20:58:35 [BESTIARY] §f                    §r§8+§r§a50% §r§7chance for extra XP orbs
20:58:35 [BESTIARY] §f                               §r§8+§r§b1 SkyBlock XP
20:58:35 [BESTIARY] 
20:58:35 [BESTIARY]   §r§f                         §6§lBESTIARY MILESTONE
20:58:35 [BESTIARY]   §r§f                                  §8CLV➡§eCLVI
20:58:35 [BESTIARY] 
20:58:35 [BESTIARY] §3§l▬▬▬▬▬▬▬▬▬▬▬▬▬▬▬▬▬▬▬▬▬▬▬▬▬▬▬▬▬▬▬▬▬▬▬▬▬▬▬▬▬▬▬▬▬▬▬▬▬▬▬▬▬▬▬▬▬▬▬▬▬▬▬▬
20:58:35 [PEST_DROP] §eYou received §a11x Enchanted Carrot §efor killing a §6Cricket§e!
20:59:00 [EMPTY]  
20:59:00 [BESTIARY] §f                                  §6§lBESTIARY
20:59:00 [BESTIARY] §f                              §b§lBeetle §7§8II §8➡§b §bIII
20:59:00 [BESTIARY] 
20:59:00 [BESTIARY] §f                                  §r§6§lREWARDS
20:59:00 [BESTIARY] §f                          §r§6+0.4☘ Farming Fortune
20:59:00 [BESTIARY] §f                              §r§8+§r§62% §r§aBeetle §r§7coins
20:59:00 [BESTIARY] §f                    §r§8+§r§a50% §r§7chance for extra XP orbs
20:59:00 [BESTIARY] §f                               §r§8+§r§b1 SkyBlock XP
20:59:00 [BESTIARY] 
20:59:00 [BESTIARY] §3§l▬▬▬▬▬▬▬▬▬▬▬▬▬▬▬▬▬▬▬▬▬▬▬▬▬▬▬▬▬▬▬▬▬▬▬▬▬▬▬▬▬▬▬▬▬▬▬▬▬▬▬▬▬▬▬▬▬▬▬▬▬▬▬▬
20:59:00 [PEST_DROP] §eYou received §a12x Enchanted Nether Wart §efor killing a §6Beetle§e!
20:59:15 [EMPTY]  
20:59:15 [BESTIARY] §f                                  §6§lBESTIARY
20:59:15 [BESTIARY] §f                                    §b§lMoth §7§bI
20:59:15 [BESTIARY] 
20:59:15 [BESTIARY] §f                                  §r§6§lREWARDS
20:59:15 [BESTIARY] §f                          §r§6+0.4☘ Farming Fortune
20:59:15 [BESTIARY] §f                               §r§8+§r§62% §r§aMoth §r§7coins
20:59:15 [BESTIARY] §f                    §r§8+§r§a50% §r§7chance for extra XP orbs
20:59:15 [BESTIARY] §f                               §r§8+§r§b1 SkyBlock XP
20:59:15 [BESTIARY] 
20:59:15 [BESTIARY] §3§l▬▬▬▬▬▬▬▬▬▬▬▬▬▬▬▬▬▬▬▬▬▬▬▬▬▬▬▬▬▬▬▬▬▬▬▬▬▬▬▬▬▬▬▬▬▬▬▬▬▬▬▬▬▬▬▬▬▬▬▬▬▬▬▬
20:59:15 [PEST_DROP] §eYou received §a12x Enchanted Cocoa Beans §efor killing a §6Moth§e!
21:01:06 [EMPTY]  
21:01:06 [BESTIARY] §f                                  §6§lBESTIARY
21:01:06 [BESTIARY] §f                                 §b§lMoth §7§8I §8➡§b §bII
21:01:06 [BESTIARY] 
21:01:06 [BESTIARY] §f                                  §r§6§lREWARDS
21:01:06 [BESTIARY] §f                          §r§6+0.4☘ Farming Fortune
21:01:06 [BESTIARY] §f                               §r§8+§r§62% §r§aMoth §r§7coins
21:01:06 [BESTIARY] §f                    §r§8+§r§a50% §r§7chance for extra XP orbs
21:01:06 [BESTIARY] §f                               §r§8+§r§b1 SkyBlock XP
21:01:06 [BESTIARY] 
21:01:06 [BESTIARY] §3§l▬▬▬▬▬▬▬▬▬▬▬▬▬▬▬▬▬▬▬▬▬▬▬▬▬▬▬▬▬▬▬▬▬▬▬▬▬▬▬▬▬▬▬▬▬▬▬▬▬▬▬▬▬▬▬▬▬▬▬▬▬▬▬▬
21:01:06 [PEST_DROP] §eYou received §a12x Enchanted Cocoa Beans §efor killing a §6Moth§e!
21:01:18 [GUILD_EXP] §aYou earned §r§2508 GEXP §r§afrom playing SkyBlock!
21:01:20 [EMPTY]  
21:01:20 [BESTIARY] §f                                  §6§lBESTIARY
21:01:20 [BESTIARY] §f                                     §b§lMite §7§bI
21:01:20 [BESTIARY] 
21:01:20 [BESTIARY] §f                                  §r§6§lREWARDS
21:01:20 [BESTIARY] §f                          §r§6+0.4☘ Farming Fortune
21:01:20 [BESTIARY] §f                                §r§8+§r§62% §r§aMite §r§7coins
21:01:20 [BESTIARY] §f                    §r§8+§r§a50% §r§7chance for extra XP orbs
21:01:20 [BESTIARY] §f                               §r§8+§r§b1 SkyBlock XP
21:01:20 [BESTIARY] 
21:01:20 [BESTIARY] §3§l▬▬▬▬▬▬▬▬▬▬▬▬▬▬▬▬▬▬▬▬▬▬▬▬▬▬▬▬▬▬▬▬▬▬▬▬▬▬▬▬▬▬▬▬▬▬▬▬▬▬▬▬▬▬▬▬▬▬▬▬▬▬▬▬
21:01:20 [PEST_DROP] §eYou received §a12x Enchanted Cactus Green §efor killing a §6Mite§e!
21:01:31 [GARDEN_VISITOR_MESSAGE] §e[NPC] §aEmissary Wilson§f: §r§fThe King's least favorite vegetable is carrot, so he sent me, his favorite emissary, to make it better!
21:01:44 [WARPING] §7Warping...
21:06:18 [GUILD_EXP] §aYou earned §r§2643 GEXP §r§afrom playing SkyBlock!
21:06:29 [WARPING] §7Warping...
21:06:39 [WARPING] §7Warping...
21:11:19 [GUILD_EXP] §aYou earned §r§2743 GEXP §r§afrom playing SkyBlock!
21:15:00 [SKYMALL] §eNew buff§r§r§r: §r§fGain §r§a+50 §r§6☘ Mining Fortune§r§f.
21:16:19 [GUILD_EXP] §aYou earned §r§2750 GEXP §r§afrom playing SkyBlock!
21:18:10 [WARPING] §7Warping...
21:21:20 [GUILD_EXP] §aYou earned §r§2750 GEXP §r§afrom playing SkyBlock!
21:26:20 [GUILD_EXP] §aYou earned §r§2750 GEXP §r§afrom playing SkyBlock!
21:27:59 [EMPTY] 
21:28:46 [WARPING] §7Warping...
21:31:21 [GUILD_EXP] §aYou earned §r§2750 GEXP §r§afrom playing SkyBlock!
21:35:00 [SKYMALL] §eNew buff§r§r§r: §r§fGain §r§a+50 §r§6☘ Mining Fortune§r§f.
21:36:22 [GUILD_EXP] §aYou earned §r§2750 GEXP §r§afrom playing SkyBlock!
21:37:49 [WARPING] §7Warping...
21:38:08 [EMPTY]  
21:38:08 [BESTIARY] §f                                  §6§lBESTIARY
21:38:08 [BESTIARY] §f                                 §b§lRat §7§8II §8➡§b §bIII
21:38:08 [BESTIARY] 
21:38:08 [BESTIARY] §f                                  §r§6§lREWARDS
21:38:08 [BESTIARY] §f                          §r§6+0.4☘ Farming Fortune
21:38:08 [BESTIARY] §f                                §r§8+§r§62% §r§aRat §r§7coins
21:38:08 [BESTIARY] §f                    §r§8+§r§a50% §r§7chance for extra XP orbs
21:38:08 [BESTIARY] §f                               §r§8+§r§b1 SkyBlock XP
21:38:08 [BESTIARY] 
21:38:08 [BESTIARY] §3§l▬▬▬▬▬▬▬▬▬▬▬▬▬▬▬▬▬▬▬▬▬▬▬▬▬▬▬▬▬▬▬▬▬▬▬▬▬▬▬▬▬▬▬▬▬▬▬▬▬▬▬▬▬▬▬▬▬▬▬▬▬▬▬▬
21:38:08 [PEST_DROP] §eYou received §a10x Enchanted Pumpkin §efor killing a §6Rat§e!
21:38:18 [EMPTY]  
21:38:18 [BESTIARY] §f                                  §6§lBESTIARY
21:38:18 [BESTIARY] §f                                 §b§lMite §7§8I §8➡§b §bII
21:38:18 [BESTIARY] 
21:38:18 [BESTIARY] §f                                  §r§6§lREWARDS
21:38:18 [BESTIARY] §f                          §r§6+0.4☘ Farming Fortune
21:38:18 [BESTIARY] §f                                §r§8+§r§62% §r§aMite §r§7coins
21:38:18 [BESTIARY] §f                    §r§8+§r§a50% §r§7chance for extra XP orbs
21:38:18 [BESTIARY] §f                               §r§8+§r§b1 SkyBlock XP
21:38:18 [BESTIARY] 
21:38:18 [BESTIARY] §3§l▬▬▬▬▬▬▬▬▬▬▬▬▬▬▬▬▬▬▬▬▬▬▬▬▬▬▬▬▬▬▬▬▬▬▬▬▬▬▬▬▬▬▬▬▬▬▬▬▬▬▬▬▬▬▬▬▬▬▬▬▬▬▬▬
21:38:18 [PEST_DROP] §eYou received §a11x Enchanted Cactus Green §efor killing a §6Mite§e!
21:38:41 [EMPTY]  
21:38:41 [BESTIARY] §f                                  §6§lBESTIARY
21:38:41 [BESTIARY] §f                           §b§lEarthworm §7§8II §8➡§b §bIII
21:38:41 [BESTIARY] 
21:38:41 [BESTIARY] §f                                  §r§6§lREWARDS
21:38:41 [BESTIARY] §f                          §r§6+0.4☘ Farming Fortune
21:38:41 [BESTIARY] §f                           §r§8+§r§62% §r§aEarthworm §r§7coins
21:38:41 [BESTIARY] §f                    §r§8+§r§a50% §r§7chance for extra XP orbs
21:38:41 [BESTIARY] §f                               §r§8+§r§b1 SkyBlock XP
21:38:41 [BESTIARY] 
21:38:41 [BESTIARY] §3§l▬▬▬▬▬▬▬▬▬▬▬▬▬▬▬▬▬▬▬▬▬▬▬▬▬▬▬▬▬▬▬▬▬▬▬▬▬▬▬▬▬▬▬▬▬▬▬▬▬▬▬▬▬▬▬▬▬▬▬▬▬▬▬▬
21:38:41 [PEST_DROP] §eYou received §a12x Enchanted Melon §efor killing an §6Earthworm§e!
21:39:05 [EMPTY]  
21:39:05 [BESTIARY] §f                                  §6§lBESTIARY
21:39:05 [BESTIARY] §f                              §b§lCricket §7§8II §8➡§b §bIII
21:39:05 [BESTIARY] 
21:39:05 [BESTIARY] §f                                  §r§6§lREWARDS
21:39:05 [BESTIARY] §f                          §r§6+0.4☘ Farming Fortune
21:39:05 [BESTIARY] §f                              §r§8+§r§62% §r§aCricket §r§7coins
21:39:05 [BESTIARY] §f                    §r§8+§r§a50% §r§7chance for extra XP orbs
21:39:05 [BESTIARY] §f                               §r§8+§r§b1 SkyBlock XP
21:39:05 [BESTIARY] 
21:39:05 [BESTIARY] §3§l▬▬▬▬▬▬▬▬▬▬▬▬▬▬▬▬▬▬▬▬▬▬▬▬▬▬▬▬▬▬▬▬▬▬▬▬▬▬▬▬▬▬▬▬▬▬▬▬▬▬▬▬▬▬▬▬▬▬▬▬▬▬▬▬
21:39:05 [PEST_DROP] §eYou received §a12x Enchanted Carrot §efor killing a §6Cricket§e!
21:39:17 [PEST_DROP] §eYou received §a11x Enchanted Nether Wart §efor killing a §6Beetle§e!
21:39:39 [PEST_DROP] §eYou received §a12x Enchanted Melon §efor killing an §6Earthworm§e!
21:39:57 [GARDEN_VISITOR_MESSAGE] §e[NPC] §9Old Man Garry§f: §r§fPeople have no manners these days. They come up to me, and disappear instantly! They don't even greet me! Back in my day, we were raised better than that.
21:40:00 [GARDEN_VISITOR_MESSAGE] §e[NPC] §9Rusty§f: §rEver wondered how I find all the things that other players lost? I outsource it. Right now, someone is looking for their §9Enchanted Red Mushroom Block§f. Can you find that for me?
21:40:02 [GARDEN_VISITOR_MESSAGE] §e[NPC] §9Fragilis§f: §r§fHey you! Can you bring me the hardest block you can mine?
21:40:05 [GARDEN_VISITOR_MESSAGE] §e[NPC] §aJacob§f: §r§fHowdy! Fine barn ye got there eh? Good lad, you think ye could get me some wheat, eh?
21:40:05 [EMPTY] 
21:40:05 [EMPTY] 
21:40:05 [GARDEN_VISITOR_MESSAGE] §e[NPC] §aJacob§f: §r§fThanks a lot matey. That'll help ye prepare my next farming contest eh?
21:40:09 [NEW_VISITOR_ARRIVED] §a§r§aWizard §r§ehas arrived on your §r§bGarden§r§e!
21:40:12 [GARDEN_VISITOR_MESSAGE] §e[NPC] §aWizard§f: §rWhere am I? Oh, it's you §bSebbebas§f.
21:40:14 [EMPTY] 
21:40:14 [EMPTY] 
21:40:14 [GARDEN_VISITOR_MESSAGE] §e[NPC] §aWizard§f: §rThank you. This should be enough potatoes to generate about §b2 §fvolts. Might be just enough to cause a reaction.
21:41:22 [GUILD_EXP] §aYou earned §r§2506 GEXP §r§afrom playing SkyBlock!
21:44:44 [WARPING] §7Warping...
21:44:44 [WARPING] §7Sending to server mini61AR...
21:44:44 [EMPTY] §8 §r§8 §r§1 §r§3 §r§3 §r§7 §r§8 
21:44:45 [EMPTY]  
21:44:45 [EMPTY]   
21:44:46 [WARPING] §7Warping...
21:44:47 [PROFILE_JOIN] §aYou are playing on profile: §eBanana§b (Co-op)
21:44:47 [PROFILE_JOIN] §8Profile ID: b1a71305-1956-42bf-90e4-bce6f7285754
21:44:51 [EMPTY]  
21:44:51 [EMPTY]  
21:44:51 [EMPTY]  
21:44:52 [WARPING] §7Warping...
21:44:53 [WARPING] §7Sending to server mini79CB...
21:45:00 [EMPTY] §f §r§r§r§f §r§r§r§1 §r§r§r§0 §r§r§r§2 §r§r§r§f §r§r§r§f §r§r§r§2 §r§r§r§0 §r§r§r§4 §r§r§r§3 §r§r§r§9 §r§r§r§2 §r§r§r§0 §r§r§r§0 §r§r§r§3 §r§r§r§9 §r§r§r§2 §r§r§r§0 §r§r§r§0 §r§r§r§3 §r§r§r§9 §r§r§r§2 §r§r§r§0 §r§r§r§0 
21:45:00 [LOBBY] §b[MVP§e+§b] Sebbebas§f §6joined the lobby!
21:45:01 [LOBBY] §b[MVP§c+§b] ClowinYT§f §6joined the lobby!
21:45:03 [LOBBY]   §r§f§l➤ §r§6You have reached your Hype limit! Add Hype to Prototype Lobby minigames by right-clicking with the Hype Diamond!
21:45:05 [WARPING] §7Sending to server mini61AR...
21:45:08 [LOBBY] §b[MVP§c+§b] Farmingisboring§f §6joined the lobby!
21:45:09 [LOBBY] 
§r§f§l➔ §r§6§lWelcome to the Prototype Lobby§r
§r§aAll games in this lobby are currently in development.§r
§r§eClick here to leave feedback!§r§f ➤ §r§b§nhttps://hypixel.net/PTL

21:45:13 [WARPING] §7Sending to server mini61AR...
21:45:18 [LOBBY] §b[MVP§6+§b] GManIsPog§f §6joined the lobby!
21:45:18 [LOBBY] §b[MVP§c+§b] KanntTV§f §6joined the lobby!
21:45:19 [LOBBY] §b[MVP§4+§b] Simply_Eli§f §6joined the lobby!
21:45:23 [WARPING] §7Sending to server mini156DB...
21:45:24 [LOBBY] §b[MVP§2+§b] Imluner§f §6joined the lobby!
21:45:24 [LOBBY] §b[MVP§2+§b] _nytrix§f §6joined the lobby!
21:45:32 [LOBBY] §b[MVP§c+§b] mabu06§f §6joined the lobby!
21:45:37 [EMPTY] §f §r§r§r§f §r§r§r§1 §r§r§r§0 §r§r§r§2 §r§r§r§f §r§r§r§f §r§r§r§2 §r§r§r§0 §r§r§r§4 §r§r§r§3 §r§r§r§9 §r§r§r§2 §r§r§r§0 §r§r§r§0 §r§r§r§3 §r§r§r§9 §r§r§r§2 §r§r§r§0 §r§r§r§0 §r§r§r§3 §r§r§r§9 §r§r§r§2 §r§r§r§0 §r§r§r§0 
21:45:37 [LOBBY] §b[MVP§e+§b] Sebbebas§f §6joined the lobby!
21:45:37 [LOBBY] §b[MVP§d+§b] Lugiara§f §6joined the lobby!
21:45:37 [LOBBY] §b[MVP§2+§b] J22334455P§f §6joined the lobby!
21:45:39 [LOBBY]   §r§f§l➤ §r§6You have reached your Hype limit! Add Hype to Prototype Lobby minigames by right-clicking with the Hype Diamond!
21:45:40 [WARPING] §7Sending to server mini152Q...
21:45:49 [LOBBY] §b[MVP§f+§b] SammyTheGod_§f §6joined the lobby!
21:45:59 [WARPING] §7Sending to server mini198DD...
21:45:59 [EMPTY] §8 §r§8 §r§1 §r§3 §r§3 §r§7 §r§8 
21:46:01 [WARPING] §7Warping...
21:46:02 [EMPTY] 
21:46:02 [WELCOME] §eWelcome to §r§aHypixel SkyBlock§r§e!
21:46:02 [EMPTY] 
21:46:03 [PROFILE_JOIN] §aYou are playing on profile: §eBanana§b (Co-op)
21:46:03 [PROFILE_JOIN] §8Profile ID: b1a71305-1956-42bf-90e4-bce6f7285754
21:46:04 [WARPING] §7Warping...
21:46:05 [WARPING] §7Sending to server mini16R...
21:46:06 [EMPTY] §8 §r§8 §r§1 §r§3 §r§3 §r§7 §r§8 
21:46:09 [PROFILE_JOIN] §aYou are playing on profile: §eBanana§b (Co-op)
21:46:09 [PROFILE_JOIN] §8Profile ID: b1a71305-1956-42bf-90e4-bce6f7285754
21:46:18 [WARPING] §7Warping...
21:48:36 [NEW_VISITOR_ARRIVED] §a§r§aFarmhand §r§ehas arrived on your §r§bGarden§r§e!
21:51:06 [GUILD_EXP] §aYou earned §r§2590 GEXP §r§afrom playing SkyBlock!
21:55:00 [SKYMALL] §eNew buff§r§r§r: §r§fGain §r§a+100 §r§6⸕ Mining Speed§r§f.
21:55:07 [WARPING] §7Sending to server mini186DJ...
21:55:07 [EMPTY] §8 §r§8 §r§1 §r§3 §r§3 §r§7 §r§8 
21:55:10 [PROFILE_JOIN] §aYou are playing on profile: §eBanana§b (Co-op)
21:55:10 [PROFILE_JOIN] §8Profile ID: b1a71305-1956-42bf-90e4-bce6f7285754
21:55:28 [WARPING] §7Warping...
21:55:29 [WARPING] §7Sending to server mini1012U...
21:55:36 [EMPTY] §f §r§r§r§f §r§r§r§1 §r§r§r§0 §r§r§r§2 §r§r§r§f §r§r§r§f §r§r§r§2 §r§r§r§0 §r§r§r§4 §r§r§r§3 §r§r§r§9 §r§r§r§2 §r§r§r§0 §r§r§r§0 §r§r§r§3 §r§r§r§9 §r§r§r§2 §r§r§r§0 §r§r§r§0 §r§r§r§3 §r§r§r§9 §r§r§r§2 §r§r§r§0 §r§r§r§0 
21:55:36 [LOBBY] §b[MVP§e+§b] Sebbebas§f §6joined the lobby!
21:55:38 [LOBBY]  §b>§c>§a>§r §r§6[MVP§4++§6] mlkshkle§f §6joined the lobby!§r §a<§c<§b<
21:55:39 [LOBBY]   §r§f§l➤ §r§6You have reached your Hype limit! Add Hype to Prototype Lobby minigames by right-clicking with the Hype Diamond!
21:55:40 [WARPING] §7Sending to server mini186DJ...
21:55:42 [LOBBY] §b[MVP§c+§b] potatonugget23§f §6joined the lobby!
21:55:43 [LOBBY] §b[MVP§c+§b] AvenWho§f §6joined the lobby!
21:55:44 [LOBBY] §b[MVP§d+§b] Boldandstrong§f §6joined the lobby!
21:55:45 [LOBBY] §b[MVP§d+§b] ExtremelyBadBoy§f §6joined the lobby!
21:55:46 [LOBBY] §b[MVP§4+§b] Visufer§f §6joined the lobby!
21:55:46 [LOBBY] §b[MVP§f+§b] b7ny§f §6joined the lobby!
21:55:49 [LOBBY] §b[MVP§c+§b] DeathCodeOPR§f §6joined the lobby!
21:55:52 [LOBBY] §b[MVP§d+§b] MonkeIsBest§f §6joined the lobby!
21:55:53 [WARPING] §7Sending to server mini186DJ...
21:55:54 [LOBBY] §b[MVP§f+§b] keinWalross§f §6joined the lobby!
21:55:55 [LOBBY] §b[MVP§d+§b] poberons§f §6joined the lobby!
21:55:56 [LOBBY] §b[MVP§2+§b] bigwolfe11§f §6joined the lobby!
21:55:57 [LOBBY] §b[MVP§f+§b] Colts§f §6joined the lobby!
21:56:00 [LOBBY] §b[MVP§c+§b] Asphyxiation66§f §6joined the lobby!
21:56:02 [LOBBY] §b[MVP§a+§b] milk240§f §6joined the lobby!
21:56:02 [WARPING] §7Sending to server mini81C...
21:56:03 [LOBBY] §b[MVP§d+§b] theo_5§f §6joined the lobby!
21:56:05 [LOBBY] §b[MVP§d+§b] Der_Golli§f §6joined the lobby!
21:56:07 [LOBBY] §b[MVP§d+§b] Pixil_§f §6joined the lobby!
21:56:09 [LOBBY] §b[MVP§0+§b] sillykittydopeb§f §6joined the lobby!
21:56:12 [LOBBY] §b[MVP§6+§b] salutis_§f §6joined the lobby!
21:56:13 [LOBBY]  §b>§c>§a>§r §r§6[MVP§a++§6] realsherwin§f §6joined the lobby!§r §a<§c<§b<
21:56:16 [LOBBY] §b[MVP§c+§b] TheWummy27§f §6joined the lobby!
21:56:17 [WARPING] §7Sending to server mini7AW...
21:56:19 [LOBBY] §b[MVP§c+§b] Silvester_Shadow§f §6joined the lobby!
21:56:22 [LOBBY] §b[MVP§6+§b] Realobert§f §6joined the lobby!
21:56:24 [LOBBY] §b[MVP§0+§b] DestructiveDonut§f §6joined the lobby!
21:56:25 [WARPING] §7Sending to server mini77DN...
21:56:27 [LOBBY] §b[MVP§c+§b] Crazymoosejuiced§f §6joined the lobby!
21:56:31 [LOBBY] §b[MVP§a+§b] the_gamernoob§f §6joined the lobby!
21:56:35 [LOBBY] §b[MVP§c+§b] nicepanda_44§f §6joined the lobby!
21:56:39 [LOBBY] §b[MVP§c+§b] TobiderFuchs§f §6joined the lobby!
21:56:39 [LOBBY] §b[MVP§c+§b] worme2§f §6joined the lobby!
21:56:42 [LOBBY] §b[MVP§c+§b] ChelydraSerpent§f §6joined the lobby!
21:56:45 [WARPING] §7Sending to server mini186DJ...
21:56:45 [EMPTY] §8 §r§8 §r§1 §r§3 §r§3 §r§7 §r§8 
21:56:48 [EMPTY] 
21:56:48 [WELCOME] §eWelcome to §r§aHypixel SkyBlock§r§e!
21:56:48 [EMPTY] 
21:56:49 [PROFILE_JOIN] §aYou are playing on profile: §eBanana§b (Co-op)
21:56:49 [PROFILE_JOIN] §8Profile ID: b1a71305-1956-42bf-90e4-bce6f7285754
21:56:51 [WARPING] §7Warping...
21:56:52 [WARPING] §7Sending to server mini9AW...
21:56:53 [EMPTY] §8 §r§8 §r§1 §r§3 §r§3 §r§7 §r§8 
21:56:56 [PROFILE_JOIN] §aYou are playing on profile: §eBanana§b (Co-op)
21:56:56 [PROFILE_JOIN] §8Profile ID: b1a71305-1956-42bf-90e4-bce6f7285754
21:57:20 [EMPTY]  
21:57:20 [BESTIARY] §f                                  §6§lBESTIARY
21:57:20 [BESTIARY] §f                                §b§lMite §7§8II §8➡§b §bIII
21:57:20 [BESTIARY] 
21:57:20 [BESTIARY] §f                                  §r§6§lREWARDS
21:57:20 [BESTIARY] §f                          §r§6+0.4☘ Farming Fortune
21:57:20 [BESTIARY] §f                                §r§8+§r§62% §r§aMite §r§7coins
21:57:20 [BESTIARY] §f                    §r§8+§r§a50% §r§7chance for extra XP orbs
21:57:20 [BESTIARY] §f                               §r§8+§r§b1 SkyBlock XP
21:57:20 [BESTIARY] 
21:57:20 [BESTIARY] §3§l▬▬▬▬▬▬▬▬▬▬▬▬▬▬▬▬▬▬▬▬▬▬▬▬▬▬▬▬▬▬▬▬▬▬▬▬▬▬▬▬▬▬▬▬▬▬▬▬▬▬▬▬▬▬▬▬▬▬▬▬▬▬▬▬
21:57:20 [PEST_DROP] §eYou received §a10x Enchanted Cactus Green §efor killing a §6Mite§e!
21:57:37 [GARDEN_VISITOR_MESSAGE] §e[NPC] §aFarmhand§f: §r§fI took a break from work for too long! Now I need your help to meet my quota!
21:57:38 [EMPTY] 
21:57:38 [EMPTY] 
21:57:38 [GARDEN_VISITOR_MESSAGE] §e[NPC] §aFarmhand§f: §r§fExactly what I needed. I think I will take the remainder of the day off.
21:57:41 [WARPING] §7Warping you to your SkyBlock island...
21:57:42 [WARPING] §7Sending to server mini74CT...
21:57:42 [EMPTY] §8 §r§8 §r§1 §r§3 §r§3 §r§7 §r§8 
21:57:45 [PROFILE_JOIN] §aYou are playing on profile: §eBanana§b (Co-op)
21:57:45 [PROFILE_JOIN] §8Profile ID: b1a71305-1956-42bf-90e4-bce6f7285754
21:57:46 [WARPING] §7Sending to server mini27AP...
21:57:46 [EMPTY] §8 §r§8 §r§1 §r§3 §r§3 §r§7 §r§8 
21:57:49 [PROFILE_JOIN] §aYou are playing on profile: §eBanana§b (Co-op)
21:57:49 [PROFILE_JOIN] §8Profile ID: b1a71305-1956-42bf-90e4-bce6f7285754
21:58:15 [WARPING] §7Warping...
21:58:16 [WARPING] §7Sending to server mini239E...
21:58:17 [EMPTY] §8 §r§8 §r§1 §r§3 §r§3 §r§7 §r§8 
21:58:20 [PROFILE_JOIN] §aYou are playing on profile: §eBanana§b (Co-op)
21:58:20 [PROFILE_JOIN] §8Profile ID: b1a71305-1956-42bf-90e4-bce6f7285754
21:58:25 [GARDEN_VISITOR_MESSAGE] §e[NPC] §9Fragilis§f: §r§fHey you! Can you bring me the hardest block you can mine?
21:58:26 [EMPTY] 
21:58:26 [EMPTY] 
21:58:26 [GARDEN_VISITOR_MESSAGE] §e[NPC] §9Fragilis§f: §r§fCactus? I'm sure you could do better, but I'll take it for now.
21:58:28 [GARDEN_VISITOR_MESSAGE] §e[NPC] §aEmissary Wilson§f: §r§fThe King's least favorite vegetable is carrot, so he sent me, his favorite emissary, to make it better!
21:58:29 [EMPTY] 
21:58:29 [EMPTY] 
21:58:29 [GARDEN_VISITOR_MESSAGE] §e[NPC] §aEmissary Wilson§f: §r§fI'm sure that by giving him his least favorite vegetable, he'll make me his favoritest emissary!
21:58:39 [WARPING] §7Warping...
21:59:38 [NEW_VISITOR_ARRIVED] §a§r§aXalx §r§ehas arrived on your §r§bGarden§r§e!
22:01:15 [EMPTY] §f
22:01:15 [WATCHDOG] §4[WATCHDOG ANNOUNCEMENT]
22:01:15 [WATCHDOG] §fWatchdog has banned §r§c§l13,233§r§f players in the last 7 days.
22:01:15 [WATCHDOG] §fStaff have banned an additional §r§c§l13,676§r§f in the last 7 days.
22:01:15 [WATCHDOG] §cBlacklisted modifications are a bannable offense!
22:01:15 [WATCHDOG] §c
22:03:20 [GUILD_EXP] §aYou earned §r§2598 GEXP §r§afrom playing SkyBlock!
22:03:58 [NEW_VISITOR_ARRIVED] §a§r§aEmissary Carlton §r§ehas arrived on your §r§bGarden§r§e!
22:08:01 [NEW_VISITOR_ARRIVED] §9§r§9Bartender §r§ehas arrived on your §r§bGarden§r§e!
22:08:21 [GUILD_EXP] §aYou earned §r§2750 GEXP §r§afrom playing SkyBlock!
22:09:33 [WARPING] §7Warping...
22:13:21 [GUILD_EXP] §aYou earned §r§2750 GEXP §r§afrom playing SkyBlock!
22:15:00 [SKYMALL] §eNew buff§r§r§r: §r§fGain §r§a+100 §r§6⸕ Mining Speed§r§f.
22:18:21 [GUILD_EXP] §aYou earned §r§2750 GEXP §r§afrom playing SkyBlock!
22:19:46 [WARPING] §7Warping...
22:23:22 [GUILD_EXP] §aYou earned §r§2750 GEXP §r§afrom playing SkyBlock!
22:28:23 [GUILD_EXP] §aYou earned §r§2750 GEXP §r§afrom playing SkyBlock!
22:29:45 [WARPING] §7Warping...
22:33:24 [GUILD_EXP] §aYou earned §r§2750 GEXP §r§afrom playing SkyBlock!
22:35:00 [SKYMALL] §eNew buff§r§r§r: §r§fGain §r§a+50 §r§6☘ Mining Fortune§r§f.
22:38:25 [GUILD_EXP] §aYou earned §r§2750 GEXP §r§afrom playing SkyBlock!
22:40:01 [WARPING] §7Warping...
22:40:38 [GARDEN_VISITOR_MESSAGE] §e[NPC] §9Bartender§f: §r§fI want to make some new brews, do you think you can give me some ingredients to work with?
22:40:40 [GARDEN_VISITOR_MESSAGE] §e[NPC] §aEmissary Carlton§f: §r§fThe King has sent me to go shopping for I am his favorite emissary!
22:40:42 [GARDEN_VISITOR_MESSAGE] §e[NPC] §aXalx§f: §r§fHello gardener, I've been looking for some sugar to grow my new crop. Wanna try it?
22:40:48 [GARDEN_VISITOR_MESSAGE] §e[NPC] §9Rusty§f: §rEver wondered how I find all the things that other players lost? I outsource it. Right now, someone is looking for their §9Enchanted Red Mushroom Block§f. Can you find that for me?
22:40:50 [GARDEN_VISITOR_MESSAGE] §e[NPC] §9Old Man Garry§f: §r§fPeople have no manners these days. They come up to me, and disappear instantly! They don't even greet me! Back in my day, we were raised better than that.
22:41:38 [EMPTY]  
22:41:38 [BESTIARY] §f                                  §6§lBESTIARY
22:41:38 [BESTIARY] §f                           §b§lEarthworm §7§8III §8➡§b §bIV
22:41:38 [BESTIARY] 
22:41:38 [BESTIARY] §f                                  §r§6§lREWARDS
22:41:38 [BESTIARY] §f                          §r§6+0.4☘ Farming Fortune
22:41:38 [BESTIARY] §f                           §r§8+§r§62% §r§aEarthworm §r§7coins
22:41:38 [BESTIARY] §f                    §r§8+§r§a50% §r§7chance for extra XP orbs
22:41:38 [BESTIARY] §f                               §r§8+§r§b1 SkyBlock XP
22:41:38 [BESTIARY] 
22:41:38 [BESTIARY]   §r§f                         §6§lBESTIARY MILESTONE
22:41:38 [BESTIARY]   §r§f                                 §8CLVI➡§eCLVII
22:41:38 [BESTIARY] 
22:41:38 [BESTIARY] §3§l▬▬▬▬▬▬▬▬▬▬▬▬▬▬▬▬▬▬▬▬▬▬▬▬▬▬▬▬▬▬▬▬▬▬▬▬▬▬▬▬▬▬▬▬▬▬▬▬▬▬▬▬▬▬▬▬▬▬▬▬▬▬▬▬
22:41:38 [PEST_DROP] §eYou received §a12x Enchanted Melon §efor killing an §6Earthworm§e!
22:41:58 [PEST_DROP] §eYou received §a12x Enchanted Carrot §efor killing a §6Cricket§e!
22:42:41 [EMPTY] 
22:42:41 [EMPTY] 
22:42:41 [GARDEN_VISITOR_MESSAGE] §e[NPC] §aXalx§f: §r§fDarn humans, you don't understand how to use things...
22:42:44 [NEW_VISITOR_ARRIVED] §6§r§6Jerry §r§ehas arrived on your §r§bGarden§r§e!
22:43:25 [GUILD_EXP] §aYou earned §r§2750 GEXP §r§afrom playing SkyBlock!
22:48:11 [PEST_DROP] §eYou received §a10x Enchanted Cactus Green §efor killing a §6Mite§e!
22:48:26 [GUILD_EXP] §aYou earned §r§2673 GEXP §r§afrom playing SkyBlock!
22:48:46 [EMPTY] 
22:48:46 [EMPTY] 
22:48:46 [GARDEN_VISITOR_MESSAGE] §e[NPC] §9Bartender§f: §r§fMany Thanks! I'll be sure to let you have the first taste as soon as it's done... at a discounted price of course.
22:49:11 [WARPING] §7Warping you to your SkyBlock island...
22:49:11 [WARPING] §7Sending to server mini33DC...
22:49:12 [EMPTY] §8 §r§8 §r§1 §r§3 §r§3 §r§7 §r§8 
22:49:13 [EMPTY]  
22:49:13 [EMPTY]   
22:49:15 [PROFILE_JOIN] §aYou are playing on profile: §eBanana§b (Co-op)
22:49:15 [PROFILE_JOIN] §8Profile ID: b1a71305-1956-42bf-90e4-bce6f7285754
22:49:18 [EMPTY]  
22:49:18 [EMPTY]  
22:49:18 [EMPTY]  
22:49:21 [WARPING] §7Sending to server mini9AR...
22:49:21 [EMPTY] §8 §r§8 §r§1 §r§3 §r§3 §r§7 §r§8 
22:49:24 [PROFILE_JOIN] §aYou are playing on profile: §eBanana§b (Co-op)
22:49:24 [PROFILE_JOIN] §8Profile ID: b1a71305-1956-42bf-90e4-bce6f7285754
22:50:18 [WARPING] §7Warping you to your SkyBlock island...
22:50:19 [WARPING] §7Sending to server mini10V...
22:50:19 [EMPTY] §8 §r§8 §r§1 §r§3 §r§3 §r§7 §r§8 
22:50:22 [PROFILE_JOIN] §aYou are playing on profile: §eBanana§b (Co-op)
22:50:22 [PROFILE_JOIN] §8Profile ID: b1a71305-1956-42bf-90e4-bce6f7285754
22:50:54 [WARPING] §7Warping...
22:50:54 [WARPING] §7Sending to server mini157CB...
22:50:55 [EMPTY] §8 §r§8 §r§1 §r§3 §r§3 §r§7 §r§8 
22:50:58 [PROFILE_JOIN] §aYou are playing on profile: §eBanana§b (Co-op)
22:50:58 [PROFILE_JOIN] §8Profile ID: b1a71305-1956-42bf-90e4-bce6f7285754
22:51:06 [WARPING] §7Warping...
22:52:38 [WARPING] §7Warping...
22:53:44 [NEW_VISITOR_ARRIVED] §a§r§aXalx §r§ehas arrived on your §r§bGarden§r§e!
22:55:00 [SKYMALL] §eNew buff§r§r§r: §r§fGain §r§a5x §r§9Titanium §r§fdrops
22:55:56 [GUILD_EXP] §aYou earned §r§2446 GEXP §r§afrom playing SkyBlock!
23:00:56 [GUILD_EXP] §aYou earned §r§2750 GEXP §r§afrom playing SkyBlock!
23:02:24 [GARDEN_VISITOR_MESSAGE] §e[NPC] §aXalx§f: §r§fHello gardener, I've been looking for some sugar to grow my new crop. Wanna try it?
23:02:26 [EMPTY] 
23:02:26 [EMPTY] 
23:02:26 [GARDEN_VISITOR_MESSAGE] §e[NPC] §aXalx§f: §r§fDarn humans, you don't understand how to use things...
23:02:29 [NEW_VISITOR_ARRIVED] §a§r§aAndrew §r§ehas arrived on your §r§bGarden§r§e!
23:02:31 [GARDEN_VISITOR_MESSAGE] §e[NPC] §aAndrew§f: §rDid you know that SkyBlock has been running for §b4221 §fin-game months already? Time flies.
23:02:32 [EMPTY] 
23:02:32 [EMPTY] 
23:02:32 [GARDEN_VISITOR_MESSAGE] §e[NPC] §aAndrew§f: §r§fSee you around!
23:02:34 [GARDEN_VISITOR_MESSAGE] §e[NPC] §6Jerry§f: §rHello §bSebbebas§f. Glad to meet you here. I need some §9Enchanted Cactus§f.
23:02:36 [GARDEN_VISITOR_MESSAGE] §e[NPC] §aEmissary Carlton§f: §r§fThe King has sent me to go shopping for I am his favorite emissary!
23:02:38 [EMPTY] 
23:02:38 [EMPTY] 
23:02:38 [GARDEN_VISITOR_MESSAGE] §e[NPC] §aEmissary Carlton§f: §r§fThis will make me gain even more favor with the King!
23:02:39 [GARDEN_VISITOR_MESSAGE] §e[NPC] §9Rusty§f: §rEver wondered how I find all the things that other players lost? I outsource it. Right now, someone is looking for their §9Enchanted Red Mushroom Block§f. Can you find that for me?
23:02:42 [GARDEN_VISITOR_MESSAGE] §e[NPC] §9Old Man Garry§f: §r§fPeople have no manners these days. They come up to me, and disappear instantly! They don't even greet me! Back in my day, we were raised better than that.
23:03:28 [EMPTY] 
23:03:28 [EMPTY] 
23:03:28 [GARDEN_VISITOR_MESSAGE] §e[NPC] §9Old Man Garry§f: §r§fIt turns out, manners haven't all been lost yet.
23:04:02 [EMPTY] 
23:04:02 [EMPTY] 
23:04:02 [GARDEN_VISITOR_MESSAGE] §e[NPC] §6Jerry§f: §r§fThis is not my realm. I must return. Thank you.
23:05:11 [WARPING] §7Warping...
23:05:57 [GUILD_EXP] §aYou earned §r§2603 GEXP §r§afrom playing SkyBlock!
23:09:05 [WARPING] §7Warping...
23:09:25 [WARPING] §7Warping...
23:09:47 [WARPING] §7Warping...
23:10:08 [EMPTY]  
23:10:08 [BESTIARY] §f                                  §6§lBESTIARY
23:10:08 [BESTIARY] §f                                §b§lMite §7§8III §8➡§b §bIV
23:10:08 [BESTIARY] 
23:10:08 [BESTIARY] §f                                  §r§6§lREWARDS
23:10:08 [BESTIARY] §f                          §r§6+0.4☘ Farming Fortune
23:10:08 [BESTIARY] §f                                §r§8+§r§62% §r§aMite §r§7coins
23:10:08 [BESTIARY] §f                    §r§8+§r§a50% §r§7chance for extra XP orbs
23:10:08 [BESTIARY] §f                               §r§8+§r§b1 SkyBlock XP
23:10:08 [BESTIARY] 
23:10:08 [BESTIARY] §3§l▬▬▬▬▬▬▬▬▬▬▬▬▬▬▬▬▬▬▬▬▬▬▬▬▬▬▬▬▬▬▬▬▬▬▬▬▬▬▬▬▬▬▬▬▬▬▬▬▬▬▬▬▬▬▬▬▬▬▬▬▬▬▬▬
23:10:08 [PEST_DROP] §eYou received §a10x Enchanted Cactus Green §efor killing a §6Mite§e!
23:10:10 [WARPING] §7Warping...
23:10:24 [WARPING] §7Warping...
23:10:36 [WARPING] §7Warping...
23:10:36 [WARPING] §7Sending to server mini26J...
23:10:37 [EMPTY] §8 §r§8 §r§1 §r§3 §r§3 §r§7 §r§8 
23:10:38 [WARPING] §7Warping...
23:10:40 [PROFILE_JOIN] §aYou are playing on profile: §eBanana§b (Co-op)
23:10:40 [PROFILE_JOIN] §8Profile ID: b1a71305-1956-42bf-90e4-bce6f7285754
23:10:44 [WARPING] §7Warping...
23:10:49 [WARPING] §7Warping...
23:10:49 [WARPING] §7Sending to server mini153BG...
23:10:50 [EMPTY] §8 §r§8 §r§1 §r§3 §r§3 §r§7 §r§8 
23:10:53 [PROFILE_JOIN] §aYou are playing on profile: §eBanana§b (Co-op)
23:10:53 [PROFILE_JOIN] §8Profile ID: b1a71305-1956-42bf-90e4-bce6f7285754
23:12:46 [NEW_VISITOR_ARRIVED] §a§r§aAnita §r§ehas arrived on your §r§bGarden§r§e!
23:15:00 [SKYMALL] §eNew buff§r§r§r: §r§fReduce Pickaxe Ability cooldown by §r§a20%§r§f.
23:15:50 [GUILD_EXP] §aYou earned §r§2500 GEXP §r§afrom playing SkyBlock!
23:17:33 [NEW_VISITOR_ARRIVED] §a§r§aGeonathan Greatforge §r§ehas arrived on your §r§bGarden§r§e!
23:20:51 [WARPING] §7Warping...
23:20:52 [GUILD_EXP] §aYou earned §r§2750 GEXP §r§afrom playing SkyBlock!
23:22:03 [NEW_VISITOR_ARRIVED] §a§r§aAndrew §r§ehas arrived on your §r§bGarden§r§e!
23:25:53 [GUILD_EXP] §aYou earned §r§2750 GEXP §r§afrom playing SkyBlock!
23:26:35 [NEW_VISITOR_ARRIVED] §9§r§9Tammy §r§ehas arrived on your §r§bGarden§r§e!
23:29:42 [WARPING] §7Warping...
23:30:54 [GUILD_EXP] §aYou earned §r§2750 GEXP §r§afrom playing SkyBlock!
23:35:00 [SKYMALL] §eNew buff§r§r§r: §r§fGain §r§a+100 §r§6⸕ Mining Speed§r§f.
23:35:55 [GUILD_EXP] §aYou earned §r§2750 GEXP §r§afrom playing SkyBlock!
23:39:57 [EMPTY]  
23:39:57 [BESTIARY] §f                                  §6§lBESTIARY
23:39:57 [BESTIARY] §f                             §b§lMosquito §7§8II §8➡§b §bIII
23:39:57 [BESTIARY] 
23:39:57 [BESTIARY] §f                                  §r§6§lREWARDS
23:39:57 [BESTIARY] §f                          §r§6+0.4☘ Farming Fortune
23:39:57 [BESTIARY] §f                             §r§8+§r§62% §r§aMosquito §r§7coins
23:39:57 [BESTIARY] §f                    §r§8+§r§a50% §r§7chance for extra XP orbs
23:39:57 [BESTIARY] §f                               §r§8+§r§b1 SkyBlock XP
23:39:57 [BESTIARY] 
23:39:57 [BESTIARY] §3§l▬▬▬▬▬▬▬▬▬▬▬▬▬▬▬▬▬▬▬▬▬▬▬▬▬▬▬▬▬▬▬▬▬▬▬▬▬▬▬▬▬▬▬▬▬▬▬▬▬▬▬▬▬▬▬▬▬▬▬▬▬▬▬▬
23:39:57 [PEST_DROP] §eYou received §a10x Enchanted Sugar §efor killing a §6Mosquito§e!
23:40:17 [EMPTY]  
23:40:17 [BESTIARY] §f                                  §6§lBESTIARY
23:40:17 [BESTIARY] §f                                 §b§lFly §7§8II §8➡§b §bIII
23:40:17 [BESTIARY] 
23:40:17 [BESTIARY] §f                                  §r§6§lREWARDS
23:40:17 [BESTIARY] §f                          §r§6+0.4☘ Farming Fortune
23:40:17 [BESTIARY] §f                                §r§8+§r§62% §r§aFly §r§7coins
23:40:17 [BESTIARY] §f                    §r§8+§r§a50% §r§7chance for extra XP orbs
23:40:17 [BESTIARY] §f                               §r§8+§r§b1 SkyBlock XP
23:40:17 [BESTIARY] 
23:40:17 [BESTIARY] §3§l▬▬▬▬▬▬▬▬▬▬▬▬▬▬▬▬▬▬▬▬▬▬▬▬▬▬▬▬▬▬▬▬▬▬▬▬▬▬▬▬▬▬▬▬▬▬▬▬▬▬▬▬▬▬▬▬▬▬▬▬▬▬▬▬
23:40:17 [PEST_DROP] §eYou received §a11x Enchanted Hay Bale §efor killing a §6Fly§e!
23:40:48 [PEST_DROP] §eYou received §a12x Enchanted Melon §efor killing an §6Earthworm§e!
23:40:56 [GUILD_EXP] §aYou earned §r§2683 GEXP §r§afrom playing SkyBlock!
23:41:01 [EMPTY]  
23:41:01 [BESTIARY] §f                                  §6§lBESTIARY
23:41:01 [BESTIARY] §f                                 §b§lSlug §7§8I §8➡§b §bII
23:41:01 [BESTIARY] 
23:41:01 [BESTIARY] §f                                  §r§6§lREWARDS
23:41:01 [BESTIARY] §f                          §r§6+0.4☘ Farming Fortune
23:41:01 [BESTIARY] §f                               §r§8+§r§62% §r§aSlug §r§7coins
23:41:01 [BESTIARY] §f                    §r§8+§r§a50% §r§7chance for extra XP orbs
23:41:01 [BESTIARY] §f                               §r§8+§r§b1 SkyBlock XP
23:41:01 [BESTIARY] 
23:41:01 [BESTIARY] §3§l▬▬▬▬▬▬▬▬▬▬▬▬▬▬▬▬▬▬▬▬▬▬▬▬▬▬▬▬▬▬▬▬▬▬▬▬▬▬▬▬▬▬▬▬▬▬▬▬▬▬▬▬▬▬▬▬▬▬▬▬▬▬▬▬
23:41:01 [PEST_DROP] §eYou received §a12x Enchanted Brown Mushroom §efor killing a §6Slug§e!
23:41:28 [PEST_DROP] §eYou received §a12x Enchanted Hay Bale §efor killing a §6Fly§e!
23:41:57 [EMPTY]  
23:41:57 [BESTIARY] §f                                  §6§lBESTIARY
23:41:57 [BESTIARY] §f                            §b§lEarthworm §7§8IV §8➡§b §bV
23:41:57 [BESTIARY] 
23:41:57 [BESTIARY] §f                                  §r§6§lREWARDS
23:41:57 [BESTIARY] §f                          §r§6+0.4☘ Farming Fortune
23:41:57 [BESTIARY] §f                           §r§8+§r§62% §r§aEarthworm §r§7coins
23:41:57 [BESTIARY] §f                    §r§8+§r§a50% §r§7chance for extra XP orbs
23:41:57 [BESTIARY] §f                               §r§8+§r§b1 SkyBlock XP
23:41:57 [BESTIARY] 
23:41:57 [BESTIARY] §3§l▬▬▬▬▬▬▬▬▬▬▬▬▬▬▬▬▬▬▬▬▬▬▬▬▬▬▬▬▬▬▬▬▬▬▬▬▬▬▬▬▬▬▬▬▬▬▬▬▬▬▬▬▬▬▬▬▬▬▬▬▬▬▬▬
23:41:57 [PEST_DROP] §eYou received §a12x Enchanted Melon §efor killing an §6Earthworm§e!
23:44:56 [GARDEN_VISITOR_MESSAGE] §e[NPC] §9Tammy§f: §r§fI've been planning to build a trap for unaware animals so I can hunt them more efficiently. I really need some cactus, preferably the ones with the biggest spikes!
23:44:57 [EMPTY] 
23:44:57 [EMPTY] 
23:44:57 [GARDEN_VISITOR_MESSAGE] §e[NPC] §9Tammy§f: §r§fAmazing! Thanks for taking the time! Now, time to finish my Cactus Trap...and hopefully it boosts my pelt earnings.
23:44:58 [GARDEN_VISITOR_MESSAGE] §e[NPC] §aAndrew§f: §rDid you know that SkyBlock has been running for §b4221 §fin-game months already? Time flies.
23:44:59 [EMPTY] 
23:44:59 [EMPTY] 
23:44:59 [GARDEN_VISITOR_MESSAGE] §e[NPC] §aAndrew§f: §r§fSee you around!
23:45:00 [NEW_VISITOR_ARRIVED] §a§r§aRyu §r§ehas arrived on your §r§bGarden§r§e!
23:45:00 [GARDEN_VISITOR_MESSAGE] §e[NPC] §aGeonathan Greatforge§f: §r§fI usually only work with Oil Barrels, but I'd like to try making some Biofuel from compost.
23:45:01 [EMPTY] 
23:45:01 [EMPTY] 
23:45:01 [GARDEN_VISITOR_MESSAGE] §e[NPC] §aGeonathan Greatforge§f: §r§fOil Barrels are far superior, but at least this is 100% renewable. Pretty neat!
23:45:02 [GARDEN_VISITOR_MESSAGE] §e[NPC] §aAnita§f: §r§fHey hey hey again! I'll trade you some copper for some carrots!
23:45:03 [EMPTY] 
23:45:03 [EMPTY] 
23:45:03 [GARDEN_VISITOR_MESSAGE] §e[NPC] §aAnita§f: §r§fYay, thank you so much!
23:45:04 [GARDEN_VISITOR_MESSAGE] §e[NPC] §9Rusty§f: §rEver wondered how I find all the things that other players lost? I outsource it. Right now, someone is looking for their §9Enchanted Red Mushroom Block§f. Can you find that for me?
23:45:07 [GARDEN_VISITOR_MESSAGE] §e[NPC] §aRyu§f: §r§fDid you know that there is a Garden Level? Increase it by hitting milestones or selling to customers like me!
23:45:27 [EMPTY] 
23:45:27 [EMPTY] 
23:45:27 [GARDEN_VISITOR_MESSAGE] §e[NPC] §aRyu§f: §r§fGood trade!
23:45:57 [GUILD_EXP] §aYou earned §r§2508 GEXP §r§afrom playing SkyBlock!
23:48:22 [WARPING] §7Warping...
23:49:26 [WARPING] §7Warping...
23:50:29 [WARPING] §7Warping...
23:50:50 [WARPING] §7Warping...
23:50:58 [GUILD_EXP] §aYou earned §r§2738 GEXP §r§afrom playing SkyBlock!
23:53:29 [NEW_VISITOR_ARRIVED] §a§r§aXalx §r§ehas arrived on your §r§bGarden§r§e!
23:55:00 [SKYMALL] §eNew buff§r§r§r: §r§fGain §r§a+100 §r§6⸕ Mining Speed§r§f.
23:55:59 [GUILD_EXP] §aYou earned §r§2688 GEXP §r§afrom playing SkyBlock!
23:57:35 [GARDEN_VISITOR_MESSAGE] §e[NPC] §aXalx§f: §r§fHello gardener, I've been looking for some sugar to grow my new crop. Wanna try it?
23:57:42 [EMPTY] 
23:57:42 [EMPTY] 
23:57:42 [GARDEN_VISITOR_MESSAGE] §e[NPC] §aXalx§f: §r§fDarn humans, you don't understand how to use things...
23:58:02 [EMPTY]  
23:58:02 [BESTIARY] §f                                  §6§lBESTIARY
23:58:02 [BESTIARY] §f                               §b§lLocust §7§8I §8➡§b §bII
23:58:02 [BESTIARY] 
23:58:02 [BESTIARY] §f                                  §r§6§lREWARDS
23:58:02 [BESTIARY] §f                          §r§6+0.4☘ Farming Fortune
23:58:02 [BESTIARY] §f                              §r§8+§r§62% §r§aLocust §r§7coins
23:58:02 [BESTIARY] §f                    §r§8+§r§a50% §r§7chance for extra XP orbs
23:58:02 [BESTIARY] §f                               §r§8+§r§b1 SkyBlock XP
23:58:02 [BESTIARY] 
23:58:02 [BESTIARY] §3§l▬▬▬▬▬▬▬▬▬▬▬▬▬▬▬▬▬▬▬▬▬▬▬▬▬▬▬▬▬▬▬▬▬▬▬▬▬▬▬▬▬▬▬▬▬▬▬▬▬▬▬▬▬▬▬▬▬▬▬▬▬▬▬▬
23:58:02 [PEST_DROP] §eYou received §a10x Enchanted Potato §efor killing a §6Locust§e!
23:59:52 [EMPTY] 
23:59:54 [EMPTY]  
23:59:54 [EMPTY]  
23:59:54 [EMPTY]  
00:01:00 [GUILD_EXP] §aYou earned §r§2189 GEXP §r§afrom playing SkyBlock!
00:01:15 [EMPTY] §f
00:01:15 [WATCHDOG] §4[WATCHDOG ANNOUNCEMENT]
00:01:15 [WATCHDOG] §fWatchdog has banned §r§c§l13,214§r§f players in the last 7 days.
00:01:15 [WATCHDOG] §fStaff have banned an additional §r§c§l13,681§r§f in the last 7 days.
00:01:15 [WATCHDOG] §cBlacklisted modifications are a bannable offense!
00:01:15 [WATCHDOG] §c
