22:29:03 §f §r§r§r§f §r§r§r§1 §r§r§r§0 §r§r§r§2 §r§r§r§f §r§r§r§f §r§r§r§2 §r§r§r§0 §r§r§r§4 §r§r§r§3 §r§r§r§9 §r§r§r§2 §r§r§r§0 §r§r§r§0 §r§r§r§3 §r§r§r§9 §r§r§r§2 §r§r§r§0 §r§r§r§0 §r§r§r§3 §r§r§r§9 §r§r§r§2 §r§r§r§0 §r§r§r§0 
22:29:10 §8 §r§8 §r§1 §r§3 §r§3 §r§7 §r§8 
22:29:12 
22:29:12 
22:36:12 §8 §r§8 §r§1 §r§3 §r§3 §r§7 §r§8 
22:38:10 §8 §r§8 §r§1 §r§3 §r§3 §r§7 §r§8 
22:40:08  
22:43:45 
22:43:45 
22:45:06 
22:45:06 
22:53:13  
23:05:56  
23:17:28 
23:17:28 
23:18:42 
23:18:42 
23:20:31  
23:27:37 
23:27:37 
23:28:39  
23:28:45  
23:28:51 
23:28:51 
23:29:30  
23:29:41  
23:29:41  
23:29:41  
23:35:38  
00:00:50 §f
00:08:33 
00:09:08 §8 §r§8 §r§1 §r§3 §r§3 §r§7 §r§8 
