22:17:51 [allowed] §b§m--------------§r§f  §r§aGuild: Message Of The Day  §r§b§m--------------
22:17:51 [allowed] §b| §r§fOlleg2 Left the guild
22:17:51 [allowed] §b§m-----------------------------------------------------
22:18:09 [allowed] §6ModernLegendsLP has found a §r§aCOMMON §r§bThe Delivery Man Figurine
22:18:27 [allowed] §6ModernLegendsLP has found a §r§aCOMMON §r§bDiamond Hoe Figurine
22:18:37 [allowed] §7[84✫] §7PsychoF_§7§r§7: casttle?
22:19:10 [allowed] §7[42✫] §7Taco_Gamer754§7§r§7: duos any1
22:19:24 [allowed] §7[6✫] §7MrHowdy__§7§r§7: skibidi rizz
22:19:28 [allowed] §6ModernLegendsLP has found a §r§aCOMMON §r§bCreeper Figurine
22:19:37 [allowed] §6ModernLegendsLP has found a §r§aCOMMON §r§bGolden Apple Figurine
22:19:50 [allowed] §cYou are AFK. Move around to return from AFK.
22:20:10 [allowed] §eLatest update: §bSkyBlock v0.20.1 §e§lCLICK
22:20:12 [allowed] §bNew day! §r§eYour §r§2Sky Mall §r§ebuff changed!
22:20:12 [allowed] §8§oYou can disable this messaging by toggling Sky Mall in your /hotm!
22:21:07 [allowed] §a§r§6Mining Speed Boost §r§ais now available!
22:22:16 [allowed] §aYou summoned your §r§6Griffin§r§a!
22:33:29 [allowed] §cThere are blocks in the way!
22:33:30 [allowed] §cThere are blocks in the way!
22:33:35 [allowed] §cYou don't have any §r§aTasty Cheese§r§c!
22:33:36 [allowed] §a§lSPRAYONATOR! §r§7Your selected material is now §r§aCompost§r§7!
22:33:38 [allowed] §a§lSPRAYONATOR! §r§7Your selected material is now §r§aPlant Matter§r§7!
22:33:38 [allowed] §a§lSPRAYONATOR! §r§7Your selected material is now §r§aDung§r§7!
22:33:40 [allowed] §a§lSPRAYONATOR! §r§7Your selected material is now §r§aHoney Jar§r§7!
22:33:40 [allowed] §a§lSPRAYONATOR! §r§7Your selected material is now §r§aTasty Cheese§r§7!
22:33:56 [allowed] §3§l▬▬▬▬▬▬▬▬▬▬▬▬▬▬▬▬▬▬▬▬▬▬▬▬▬▬▬▬▬▬▬▬▬▬▬▬▬▬▬▬▬▬▬▬▬▬▬▬▬▬▬▬▬▬▬▬▬▬▬▬▬▬▬▬
22:34:32 [allowed] §cThere are blocks in the way!
22:34:32 [allowed] §cThere are blocks in the way!
22:34:32 [allowed] §cThere are blocks in the way!
22:34:32 [allowed] §cThere are blocks in the way!
22:34:32 [allowed] §cThere are blocks in the way!
22:34:32 [allowed] §cThere are blocks in the way!
22:34:32 [allowed] §cThere are blocks in the way!
22:34:32 [allowed] §cThere are blocks in the way!
22:34:32 [allowed] §cThere are blocks in the way!
22:34:32 [allowed] §cThere are blocks in the way!
22:34:32 [allowed] §cThere are blocks in the way!
22:34:32 [allowed] §cThere are blocks in the way!
22:34:55 [allowed]   §r§3§lBESTIARY FAMILY UNLOCKED §bCricket
22:34:55 [allowed] §3§l▬▬▬▬▬▬▬▬▬▬▬▬▬▬▬▬▬▬▬▬▬▬▬▬▬▬▬▬▬▬▬▬▬▬▬▬▬▬▬▬▬▬▬▬▬▬▬▬▬▬▬▬▬▬▬▬▬▬▬▬▬▬▬▬
22:35:02 [allowed] §e[NPC] Jacob§r§f: The Farming Contest is over!
22:35:02 [allowed] §e[NPC] Jacob§r§f: Let me count the final results eh?
22:35:02 [allowed] §bNew day! §r§eYour §r§2Sky Mall §r§ebuff changed!
22:35:02 [allowed] §8§oYou can disable this messaging by toggling Sky Mall in your /hotm!
22:35:07 [allowed] §e[NPC] Jacob§f: §rYou didn't earn a medal, but you may claim a participation reward in the §aPumpkin Contest§f!
22:35:12 [allowed] §e[NPC] Jacob§f: §rYou collected §e480 §fitems!
22:35:31 [allowed]   §r§3§lBESTIARY FAMILY UNLOCKED §bLocust
22:35:31 [allowed] §3§l▬▬▬▬▬▬▬▬▬▬▬▬▬▬▬▬▬▬▬▬▬▬▬▬▬▬▬▬▬▬▬▬▬▬▬▬▬▬▬▬▬▬▬▬▬▬▬▬▬▬▬▬▬▬▬▬▬▬▬▬▬▬▬▬
22:36:28 [allowed] §cThis ability is on cooldown for 1s.
22:36:50 [allowed] §4ൠ §r§7The Worm seems to have burrowed its way to somewhere else in the plot!
22:36:54 [allowed] §4ൠ §r§7Find the Worm!
22:37:07 [allowed]   §r§3§lBESTIARY FAMILY UNLOCKED §bEarthworm
22:37:07 [allowed] §3§l▬▬▬▬▬▬▬▬▬▬▬▬▬▬▬▬▬▬▬▬▬▬▬▬▬▬▬▬▬▬▬▬▬▬▬▬▬▬▬▬▬▬▬▬▬▬▬▬▬▬▬▬▬▬▬▬▬▬▬▬▬▬▬▬
22:37:07 [allowed] §6§lRARE DROP! §9Enchanted Melon Block §6(§6+393☘)
22:37:13 [allowed] §eYour Enchanted Agronomy Sack §r§eis full of §r§aEnchanted Melon§r§e!
22:37:24 [allowed] §aYour Garden is no longer infested and your §r§6☘ Farming Fortune §r§ahas returned to normal!
22:37:24 [allowed]   §r§3§lBESTIARY FAMILY UNLOCKED §bSlug
22:37:24 [allowed] §3§l▬▬▬▬▬▬▬▬▬▬▬▬▬▬▬▬▬▬▬▬▬▬▬▬▬▬▬▬▬▬▬▬▬▬▬▬▬▬▬▬▬▬▬▬▬▬▬▬▬▬▬▬▬▬▬▬▬▬▬▬▬▬▬▬
22:37:50 [allowed]   §r§3§lBESTIARY FAMILY UNLOCKED §bFly
22:37:50 [allowed] §3§l▬▬▬▬▬▬▬▬▬▬▬▬▬▬▬▬▬▬▬▬▬▬▬▬▬▬▬▬▬▬▬▬▬▬▬▬▬▬▬▬▬▬▬▬▬▬▬▬▬▬▬▬▬▬▬▬▬▬▬▬▬▬▬▬
22:38:00 [allowed]   §r§3§lBESTIARY FAMILY UNLOCKED §bBeetle
22:38:00 [allowed] §3§l▬▬▬▬▬▬▬▬▬▬▬▬▬▬▬▬▬▬▬▬▬▬▬▬▬▬▬▬▬▬▬▬▬▬▬▬▬▬▬▬▬▬▬▬▬▬▬▬▬▬▬▬▬▬▬▬▬▬▬▬▬▬▬▬
22:38:26 [allowed] §3§l▬▬▬▬▬▬▬▬▬▬▬▬▬▬▬▬▬▬▬▬▬▬▬▬▬▬▬▬▬▬▬▬▬▬▬▬▬▬▬▬▬▬▬▬▬▬▬▬▬▬▬▬▬▬▬▬▬▬▬▬▬▬▬▬
22:38:38 [allowed] §eYour Enchanted Agronomy Sack §r§eis full of §r§aEnchanted Melon§r§e!
22:38:39 [allowed] §eYour Enchanted Agronomy Sack §r§eis full of §r§aEnchanted Melon§r§e!
22:38:41 [allowed] §aYou sold §r§aEnchanted Melon§r§8 x5 §r§afor §r§61,600 Coins§r§a!
22:39:25 [allowed] §2§lCOMPOSTER UPGRADED §r§aMulti Drop §r§8IV➜§r§aV
22:39:25 [allowed]     §r§7When compost is produced, grants a §r§a15% §r§7chance to
22:39:25 [allowed]     §r§7produce an extra one.
22:39:25 [allowed]     §r§8+§r§b1 SkyBlock XP
22:39:27 [allowed] §2§lCOMPOSTER UPGRADED §r§aMulti Drop §r§8V➜§r§aVI
22:39:27 [allowed]     §r§7When compost is produced, grants a §r§a18% §r§7chance to
22:39:27 [allowed]     §r§7produce an extra one.
22:39:27 [allowed]     §r§8+§r§b1 SkyBlock XP
22:39:55 [allowed] §aAdded §r§28,960 §r§aorganic matter to the composter!
22:39:55 [allowed] §aAdded §r§210,240 §r§aorganic matter to the composter!
22:39:55 [allowed] §aAdded §r§210,240 §r§aorganic matter to the composter!
22:39:56 [allowed] §aAdded §r§210,240 §r§aorganic matter to the composter!
22:39:56 [allowed] §aAdded §r§210,240 §r§aorganic matter to the composter!
22:39:56 [allowed] §aAdded §r§210,240 §r§aorganic matter to the composter!
22:39:56 [allowed] §aAdded §r§210,240 §r§aorganic matter to the composter!
22:39:57 [allowed] §aAdded §r§210,240 §r§aorganic matter to the composter!
22:39:57 [allowed] §aAdded §r§210,240 §r§aorganic matter to the composter!
22:39:58 [allowed] §aAdded §r§210,240 §r§aorganic matter to the composter!
22:39:58 [allowed] §aAdded §r§210,240 §r§aorganic matter to the composter!
22:39:58 [allowed] §aAdded §r§210,240 §r§aorganic matter to the composter!
22:40:09 [allowed] §8Withdrawing coins...
22:40:09 [allowed] §aWithdrew §r§62M coins§r§a! There's now §r§6367M coins §r§aleft in the account!
22:40:21 [allowed] §6[Bazaar] §r§7Executing instant buy...
22:40:21 [allowed] §6[Bazaar] §r§7Bought §r§a350§r§7x §r§aEnchanted Seeds §r§7for §r§6169,715 coins§r§7!
22:40:23 [allowed] §aAdded §r§24,800 §r§aorganic matter to the composter!
22:40:24 [allowed] §aAdded §r§210,240 §r§aorganic matter to the composter!
22:40:25 [allowed] §aAdded §r§210,240 §r§aorganic matter to the composter!
22:40:26 [allowed] §aAdded §r§210,240 §r§aorganic matter to the composter!
22:40:26 [allowed] §aAdded §r§210,240 §r§aorganic matter to the composter!
22:40:27 [allowed] §aAdded §r§210,240 §r§aorganic matter to the composter!
22:41:02 [allowed] §2§lCOMPOSTER UPGRADED §r§aCost Reduction §r§8III➜§r§aIV
22:41:02 [allowed]     §r§7Reduces the amount of organic matter and fuel
22:41:02 [allowed]     §r§7required to produce compost by §r§a4%§r§7.
22:41:02 [allowed]     §r§8+§r§b1 SkyBlock XP
22:41:06 [allowed] §2§lCOMPOSTER UPGRADED §r§aCost Reduction §r§8IV➜§r§aV
22:41:06 [allowed]     §r§7Reduces the amount of organic matter and fuel
22:41:06 [allowed]     §r§7required to produce compost by §r§a5%§r§7.
22:41:06 [allowed]     §r§8+§r§b1 SkyBlock XP
22:41:08 [allowed] §2§lCOMPOSTER UPGRADED §r§aFuel Cap §r§8III➜§r§aIV
22:41:08 [allowed]     §r§7Increase the maximum machine fuel the composter can
22:41:08 [allowed]     §r§7hold to §r§a220,000§r§7.
22:41:08 [allowed]     §r§8+§r§b1 SkyBlock XP
22:41:08 [allowed] §cYou don't have the required items!
22:41:13 [allowed] §6§lOFFER ACCEPTED §r§8with §r§aFarmhand §r§8(§r§a§lUNCOMMON§r§8)
22:41:13 [allowed]   §r§a§lREWARDS
22:41:13 [allowed]     §r§8+§r§215 §r§7Garden Experience
22:41:13 [allowed]     §r§8+§r§38.5k §r§7Farming XP
22:41:13 [allowed]     §r§8+§r§c28 Copper
22:41:13 [allowed]     §r§8+§r§b7 Bits
22:41:15 [allowed] §cYou don't have enough of the required item!
22:41:19 [allowed] §cYou don't have enough of the required item!
22:41:20 [allowed] §cYou don't have enough of the required item!
22:41:23 [allowed] §6§lOFFER ACCEPTED §r§8with §r§aWeaponsmith §r§8(§r§a§lUNCOMMON§r§8)
22:41:23 [allowed]   §r§a§lREWARDS
22:41:23 [allowed]     §r§8+§r§215 §r§7Garden Experience
22:41:23 [allowed]     §r§8+§r§321k §r§7Farming XP
22:41:23 [allowed]     §r§8+§r§c24 Copper
22:41:23 [allowed]     §r§8+§r§b7 Bits
22:41:48 [allowed] §8Depositing coins...
22:41:48 [allowed] §aDeposited §r§61.8M coins§r§a! There's now §r§6369M coins §r§ain the account!
