14:35:02 PRIVATE_ISLAND
14:38:52 NONE
14:38:53 HUB
14:40:20 NONE
14:40:20 DWARVEN_MINES
14:46:24 NONE
14:46:25 THE_FARMING_ISLANDS
14:50:07 NONE
14:50:13 HUB
14:50:25 NONE
14:50:25 PRIVATE_ISLAND_GUEST
14:50:43 NONE
14:50:44 THE_FARMING_ISLANDS
14:51:34 NONE
14:51:35 HUB
14:51:59 NONE
14:52:00 PRIVATE_ISLAND_GUEST
14:52:08 NONE
14:52:08 THE_FARMING_ISLANDS
14:52:59 NONE
14:53:00 PRIVATE_ISLAND
14:53:09 NONE
14:53:09 PRIVATE_ISLAND_GUEST
14:53:13 NONE
14:53:13 THE_FARMING_ISLANDS
14:54:05 NONE
14:54:05 PRIVATE_ISLAND
14:54:11 NONE
14:54:11 HUB
14:54:29 NONE
14:54:29 PRIVATE_ISLAND
14:55:16 NONE
14:55:16 THE_FARMING_ISLANDS
14:56:25 NONE
14:56:26 PRIVATE_ISLAND
14:56:29 NONE
14:56:29 HUB
14:56:56 NONE
14:56:57 THE_FARMING_ISLANDS
15:05:09 NONE
15:05:52 THE_FARMING_ISLANDS
15:06:52 NONE
15:06:53 DUNGEON_HUB
15:08:06 CATACOMBS
15:14:12 NONE
15:14:12 DUNGEON_HUB
15:14:34 NONE
15:14:34 CATACOMBS
15:16:17 NONE
15:16:17 PRIVATE_ISLAND
15:16:21 NONE
15:16:23 DUNGEON_HUB
15:16:51 NONE
15:16:51 CATACOMBS
15:17:07 NONE
15:17:08 DUNGEON_HUB
15:18:32 NONE
15:18:32 DUNGEON_HUB
15:18:57 NONE
15:18:57 CATACOMBS
