15:27:56 `6g4m7it5s4`508 missed {
 is already Found: false).
 Position: LorenzVec{x=-29.5, y=57.0, z=-90.5}
 DistanceC: 21.916094038864752
Relative Position: LorenzVec{x=-21.916094038864752, y=-13.0, z=-13.0711612302905}
 }
15:27:57 `0v77cqu153`377 missed {
 is already Found: false).
 Position: LorenzVec{x=7.6875, y=71.0, z=-99.8125}
 DistanceC: 22.3836612302905
Relative Position: LorenzVec{x=15.271405961135248, y=1.0, z=-22.3836612302905}
 }
15:27:57 `j92u174b4o`381 missed {
 is already Found: false).
 Position: LorenzVec{x=-31.0, y=73.0, z=-85.5}
 DistanceC: 23.416094038864752
Relative Position: LorenzVec{x=-23.416094038864752, y=3.0, z=-8.0711612302905}
 }
15:27:57 `41tt5j1lo2`383 missed {
 is already Found: false).
 Position: LorenzVec{x=-31.0, y=73.0, z=-95.5}
 DistanceC: 23.416094038864752
Relative Position: LorenzVec{x=-23.416094038864752, y=3.0, z=-18.0711612302905}
 }
15:27:57 `tabp798x7o`17 missed {
 is already Found: false).
 Position: LorenzVec{x=11.5, y=71.0, z=-101.0}
 DistanceC: 23.5711612302905
Relative Position: LorenzVec{x=19.083905961135248, y=1.0, z=-23.5711612302905}
 }
15:28:44 `xybx5vg567`294 missed {
 is already Found: false).
 Position: LorenzVec{x=-10.0, y=68.0, z=-130.0}
 DistanceC: 19.057371947697632
Relative Position: LorenzVec{x=-13.699999988079073, y=-20.0, z=-19.057371947697632}
 }
15:28:44 `w55gmzb257`297 missed {
 is already Found: false).
 Position: LorenzVec{x=-9.0, y=68.0, z=-125.0}
 DistanceC: 14.057371947697632
Relative Position: LorenzVec{x=-12.699999988079073, y=-20.0, z=-14.057371947697632}
 }
15:30:07 `Zombie`382777 missed {
 is already Found: false).
 Position: LorenzVec{x=5.75, y=73.0625, z=-109.65625}
 DistanceC: 2.050000011920927
Relative Position: LorenzVec{x=2.050000011920927, y=-14.9375, z=1.2863780523023678}
 }
15:30:25 `Villager`322 missed {
 is already Found: false).
 Position: LorenzVec{x=28.0, y=70.0, z=-116.0}
 DistanceC: 19.259227988805282
Relative Position: LorenzVec{x=19.259227988805282, y=-15.0, z=-16.48347554686731}
 }
15:30:44 `xybx5vg567`294 missed {
 is already Found: false).
 Position: LorenzVec{x=-10.0, y=68.0, z=-130.0}
 DistanceC: 22.925617729599892
Relative Position: LorenzVec{x=-16.110729369144803, y=-20.0, z=-22.925617729599892}
 }
15:30:44 `w55gmzb257`297 missed {
 is already Found: false).
 Position: LorenzVec{x=-9.0, y=68.0, z=-125.0}
 DistanceC: 17.925617729599892
Relative Position: LorenzVec{x=-15.110729369144803, y=-20.0, z=-17.925617729599892}
 }
15:31:10 `6g4m7it5s4`508 missed {
 is already Found: false).
 Position: LorenzVec{x=-29.5, y=57.0, z=-90.5}
 DistanceC: 23.782451344282663
Relative Position: LorenzVec{x=-22.579278480353924, y=-16.0, z=-23.782451344282663}
 }
15:33:01 `Villager`320 missed {
 is already Found: false).
 Position: LorenzVec{x=-16.5, y=70.0, z=-81.5}
 DistanceC: 22.815479212643204
Relative Position: LorenzVec{x=-22.815479212643204, y=-17.0, z=22.654900576962845}
 }
15:33:01 `Villager`322 missed {
 is already Found: false).
 Position: LorenzVec{x=28.0, y=70.0, z=-116.0}
 DistanceC: 21.684520787356796
Relative Position: LorenzVec{x=21.684520787356796, y=-17.0, z=-11.845099423037155}
 }
15:33:01 `Villager`330 missed {
 is already Found: false).
 Position: LorenzVec{x=-11.3125, y=70.0, z=-95.6875}
 DistanceC: 17.627979212643204
Relative Position: LorenzVec{x=-17.627979212643204, y=-17.0, z=8.467400576962845}
 }
15:33:01 `w55gmzb257`297 missed {
 is already Found: false).
 Position: LorenzVec{x=-9.0, y=68.0, z=-125.0}
 DistanceC: 20.845099423037155
Relative Position: LorenzVec{x=-15.315479212643206, y=-19.0, z=-20.845099423037155}
 }
15:33:55 `21ey01op68`498 missed {
 is already Found: false).
 Position: LorenzVec{x=23.0, y=77.0, z=-69.5}
 DistanceC: 22.638202265672252
Relative Position: LorenzVec{x=22.638202265672252, y=7.0, z=10.426980022474723}
 }
15:34:35 `Zombie`386545 missed {
 is already Found: false).
 Position: LorenzVec{x=-13.71875, y=70.0, z=-76.8125}
 DistanceC: 15.938264709996103
Relative Position: LorenzVec{x=-15.938264709996103, y=0.0, z=3.5801520660336763}
 }
15:35:29 `y3471923l3`36483 missed {
 is already Found: false).
 Position: LorenzVec{x=-3.5, y=70.0, z=-43.5}
 DistanceC: 22.655352181911177
Relative Position: LorenzVec{x=22.655352181911177, y=-1.0, z=16.80000001192093}
 }
15:36:03 `Zombie`8635 missed {
 is already Found: false).
 Position: LorenzVec{x=-27.447916666666664, y=58.0, z=-88.84375}
 DistanceC: 15.132068834085018
Relative Position: LorenzVec{x=3.2520833214124067, y=-12.0, z=-15.132068834085018}
 }
15:36:04 `Villager`330 missed {
 is already Found: false).
 Position: LorenzVec{x=-11.3125, y=70.0, z=-95.6875}
 DistanceC: 21.97581883408502
Relative Position: LorenzVec{x=19.38749998807907, y=0.0, z=-21.97581883408502}
 }
15:36:39 `5gjsc1vvo8`16819 missed {
 is already Found: false).
 Position: LorenzVec{x=-3.5, y=70.0, z=-43.5}
 DistanceC: 21.201408600661527
Relative Position: LorenzVec{x=21.201408600661527, y=-1.0, z=16.80000001192093}
 }
15:39:28 `Zombie`79478 missed {
 is already Found: false).
 Position: LorenzVec{x=-10.59375, y=70.0, z=-63.53125}
 DistanceC: 12.876601413685933
Relative Position: LorenzVec{x=-7.7295947332327115, y=0.0, z=12.876601413685933}
 }
15:39:34 `1gjkzx4kz5`203 missed {
 is already Found: false).
 Position: LorenzVec{x=-24.5, y=71.0, z=-58.5}
 DistanceC: 20.67017427515502
Relative Position: LorenzVec{x=-18.26484892167106, y=1.0, z=20.67017427515502}
 }
15:39:46 `a91khk8p02`508 missed {
 is already Found: false).
 Position: LorenzVec{x=-29.5, y=57.0, z=-90.5}
 DistanceC: 15.979640788567387
Relative Position: LorenzVec{x=-15.979640788567387, y=-13.0, z=-15.800695024079133}
 }
15:39:47 `l4smii80k1`383 missed {
 is already Found: false).
 Position: LorenzVec{x=-31.0, y=73.0, z=-95.5}
 DistanceC: 20.800695024079133
Relative Position: LorenzVec{x=-17.479640788567387, y=3.0, z=-20.800695024079133}
 }
15:39:48 `qw0cr1w39s`382 missed {
 is already Found: false).
 Position: LorenzVec{x=-36.0, y=73.0, z=-85.5}
 DistanceC: 22.479640788567387
Relative Position: LorenzVec{x=-22.479640788567387, y=3.0, z=-10.800695024079133}
 }
15:39:48 `4d42rrndm6`384 missed {
 is already Found: false).
 Position: LorenzVec{x=-36.0, y=73.0, z=-95.5}
 DistanceC: 22.479640788567387
Relative Position: LorenzVec{x=-22.479640788567387, y=3.0, z=-20.800695024079133}
 }
16:02:51 `Bat`95237 missed {
 is already Found: false).
 Position: LorenzVec{x=-246.4375, y=80.125, z=31.84375}
 DistanceC: 10.034885770208426
Relative Position: LorenzVec{x=-4.1478823583044, y=0.125, z=10.034885770208426}
 }
16:02:51 `Bat`95227 missed {
 is already Found: false).
 Position: LorenzVec{x=-243.5, y=81.10000002384186, z=31.125}
 DistanceC: 9.415574602206114
Relative Position: LorenzVec{x=-1.2065848515163111, y=1.100000023841858, z=9.415574602206114}
 }
16:02:51 `Bat`95230 missed {
 is already Found: false).
 Position: LorenzVec{x=-243.5, y=81.875, z=31.125}
 DistanceC: 9.415574602206114
Relative Position: LorenzVec{x=-1.2065848515163111, y=1.875, z=9.415574602206114}
 }
16:02:51 `Bat`95238 missed {
 is already Found: false).
 Position: LorenzVec{x=-244.25, y=81.0, z=30.625}
 DistanceC: 8.915574602206114
Relative Position: LorenzVec{x=-1.9565848515163111, y=1.0, z=8.915574602206114}
 }
16:02:51 `Bat`95297 missed {
 is already Found: false).
 Position: LorenzVec{x=-241.34375, y=81.10000002384186, z=29.0625}
 DistanceC: 7.353074602206114
Relative Position: LorenzVec{x=0.9496651484836889, y=1.100000023841858, z=7.353074602206114}
 }
16:03:30 `Villager`322 missed {
 is already Found: false).
 Position: LorenzVec{x=28.0, y=70.0, z=-116.0}
 DistanceC: 22.795598313394954
Relative Position: LorenzVec{x=22.795598313394954, y=-19.0, z=-16.21074104084532}
 }
16:06:45 `z58hcm9q0p`197 missed {
 is already Found: false).
 Position: LorenzVec{x=-134.5, y=73.0, z=-97.5}
 DistanceC: 21.050990801185065
Relative Position: LorenzVec{x=8.56408222660707, y=-4.501964197431263, z=-21.050990801185065}
 }
16:08:13 `z58hcm9q0p`197 missed {
 is already Found: false).
 Position: LorenzVec{x=-134.5, y=73.0, z=-97.5}
 DistanceC: 18.413207526374734
Relative Position: LorenzVec{x=16.769417386780333, y=-5.091470789652504, z=-18.413207526374734}
 }
16:10:11 `Bat`96992 missed {
 is already Found: false).
 Position: LorenzVec{x=-101.53125, y=73.875, z=75.53125}
 DistanceC: 9.231249988079071
Relative Position: LorenzVec{x=7.768750011920929, y=1.875, z=9.231249988079071}
 }
16:10:11 `Bat`96997 missed {
 is already Found: false).
 Position: LorenzVec{x=-102.0, y=74.8125, z=76.4375}
 DistanceC: 10.137499988079071
Relative Position: LorenzVec{x=7.300000011920929, y=2.8125, z=10.137499988079071}
 }
16:12:30 `Bat`80024 missed {
 is already Found: false).
 Position: LorenzVec{x=106.40625, y=75.10000002384186, z=-77.0}
 DistanceC: 19.377128174260065
Relative Position: LorenzVec{x=-12.293749988079071, y=3.100000023841858, z=19.377128174260065}
 }
16:12:30 `Bat`80028 missed {
 is already Found: false).
 Position: LorenzVec{x=106.40625, y=75.10000002384186, z=-77.0}
 DistanceC: 19.377128174260065
Relative Position: LorenzVec{x=-12.293749988079071, y=3.100000023841858, z=19.377128174260065}
 }
16:13:45 `Bat`85723 missed {
 is already Found: false).
 Position: LorenzVec{x=-124.625, y=74.10000002384186, z=-40.59375}
 DistanceC: 16.87690546558035
Relative Position: LorenzVec{x=4.146883386356137, y=1.100000023841858, z=-16.87690546558035}
 }
16:19:02 `Bat`85509 missed {
 is already Found: false).
 Position: LorenzVec{x=-174.40625, y=76.10000002384186, z=-30.6875}
 DistanceC: 17.71809612608906
Relative Position: LorenzVec{x=-5.682069094851613, y=-3.3950645964879556, z=17.71809612608906}
 }
16:19:02 `Bat`85493 missed {
 is already Found: false).
 Position: LorenzVec{x=-172.59375, y=76.71875, z=-30.0}
 DistanceC: 17.396104056261755
Relative Position: LorenzVec{x=-3.3525825291465594, y=-5.26426735129175, z=17.396104056261755}
 }
16:23:25 `Bat`94549 missed {
 is already Found: false).
 Position: LorenzVec{x=-11.21875, y=75.10000002384186, z=119.28125}
 DistanceC: 9.513977665646715
Relative Position: LorenzVec{x=-9.513977665646715, y=-8.435840601202699, z=-2.328663426712396}
 }
16:23:26 `Bat`94555 missed {
 is already Found: false).
 Position: LorenzVec{x=-10.4375, y=76.10000002384186, z=118.40625}
 DistanceC: 17.336314749881147
Relative Position: LorenzVec{x=17.336314749881147, y=-4.03299363580463, z=-13.670406788073933}
 }
16:31:36 `Witch`50809 missed {
 is already Found: false).
 Position: LorenzVec{x=2.5, y=72.0, z=-16.5}
 DistanceC: 4.53193963935446
Relative Position: LorenzVec{x=1.735398749946959, y=0.0, z=-4.53193963935446}
 }
16:32:18 `Bat`82227 missed {
 is already Found: false).
 Position: LorenzVec{x=-218.0, y=91.10000002384186, z=122.3125}
 DistanceC: 20.66174547195814
Relative Position: LorenzVec{x=20.66174547195814, y=16.100000023841858, z=-3.387499988079071}
 }
16:32:18 `Bat`82222 missed {
 is already Found: false).
 Position: LorenzVec{x=-218.4375, y=94.40625, z=122.78125}
 DistanceC: 20.22424547195814
Relative Position: LorenzVec{x=20.22424547195814, y=19.40625, z=-2.918749988079071}
 }
16:32:18 `Bat`82239 missed {
 is already Found: false).
 Position: LorenzVec{x=-217.15625, y=93.10000002384186, z=122.3125}
 DistanceC: 21.50549547195814
Relative Position: LorenzVec{x=21.50549547195814, y=18.100000023841858, z=-3.387499988079071}
 }
16:32:18 `Bat`82259 missed {
 is already Found: false).
 Position: LorenzVec{x=-216.875, y=91.875, z=122.3125}
 DistanceC: 21.78674547195814
Relative Position: LorenzVec{x=21.78674547195814, y=16.875, z=-3.387499988079071}
 }
16:32:18 `Bat`82261 missed {
 is already Found: false).
 Position: LorenzVec{x=-216.875, y=91.875, z=122.3125}
 DistanceC: 21.78674547195814
Relative Position: LorenzVec{x=21.78674547195814, y=16.875, z=-3.387499988079071}
 }
17:09:55 `Witch`50809 missed {
 is already Found: false).
 Position: LorenzVec{x=2.5, y=72.0, z=-16.5}
 DistanceC: 11.45417057396139
Relative Position: LorenzVec{x=11.45417057396139, y=-1.0, z=7.048260239899648}
 }
17:50:11 `6rm75wq435`298 missed {
 is already Found: false).
 Position: LorenzVec{x=-49.5, y=70.0, z=-68.5}
 DistanceC: 18.99168994895614
Relative Position: LorenzVec{x=-18.99168994895614, y=-2.0, z=18.83962705334318}
 }
17:55:45 `Skeleton Horse`24788 missed {
 is already Found: false).
 Position: LorenzVec{x=0.5, y=71.0625, z=-100.5625}
 DistanceC: 6.850946752709111
Relative Position: LorenzVec{x=6.850946752709111, y=-3.4375, z=-6.180099940125558}
 }
18:44:47 `Bat`89383 missed {
 is already Found: false).
 Position: LorenzVec{x=-179.375, y=75.10000002384186, z=-64.0}
 DistanceC: 9.198113356775977
Relative Position: LorenzVec{x=-2.7677439156176717, y=-2.6008323454187234, z=-9.198113356775977}
 }
18:44:47 `Bat`89385 missed {
 is already Found: false).
 Position: LorenzVec{x=-179.375, y=75.875, z=-64.0}
 DistanceC: 9.198113356775977
Relative Position: LorenzVec{x=-2.7677439156176717, y=-1.8258323692605813, z=-9.198113356775977}
 }
18:44:47 `Bat`89381 missed {
 is already Found: false).
 Position: LorenzVec{x=-179.4375, y=75.10000002384186, z=-64.0625}
 DistanceC: 8.981331572006454
Relative Position: LorenzVec{x=-2.3466193310687515, y=-1.2908394707881854, z=-8.981331572006454}
 }
18:44:47 `Bat`89390 missed {
 is already Found: false).
 Position: LorenzVec{x=-179.75, y=75.10000002384186, z=-63.96875}
 DistanceC: 7.944501328248634
Relative Position: LorenzVec{x=-0.12536558074063464, y=-3.0315633753697426, z=-7.944501328248634}
 }
18:44:48 `Bat`89369 missed {
 is already Found: false).
 Position: LorenzVec{x=-179.96875, y=75.10000002384186, z=-64.84375}
 DistanceC: 8.570378182558741
Relative Position: LorenzVec{x=0.21577524516720814, y=-4.03299363580463, z=-8.570378182558741}
 }
18:44:48 `Bat`89393 missed {
 is already Found: false).
 Position: LorenzVec{x=-183.5625, y=75.10000002384186, z=-63.59375}
 DistanceC: 5.283592978855978
Relative Position: LorenzVec{x=0.006551570548452901, y=-1.9788157488325453, z=-5.283592978855978}
 }
18:44:48 `Bat`89395 missed {
 is already Found: false).
 Position: LorenzVec{x=-183.625, y=75.10000002384186, z=-63.59375}
 DistanceC: 5.283592978855978
Relative Position: LorenzVec{x=-0.0559484294515471, y=-1.9788157488325453, z=-5.283592978855978}
 }
18:44:48 `Bat`89398 missed {
 is already Found: false).
 Position: LorenzVec{x=-183.625, y=75.875, z=-63.59375}
 DistanceC: 5.283592978855978
Relative Position: LorenzVec{x=-0.0559484294515471, y=-1.2038157726744032, z=-5.283592978855978}
 }
18:44:48 `Bat`89406 missed {
 is already Found: false).
 Position: LorenzVec{x=-183.625, y=75.10000002384186, z=-63.59375}
 DistanceC: 5.283592978855978
Relative Position: LorenzVec{x=-0.0559484294515471, y=-1.9788157488325453, z=-5.283592978855978}
 }
18:44:48 `Bat`89392 missed {
 is already Found: false).
 Position: LorenzVec{x=-182.65625, y=75.10000002384186, z=-63.625}
 DistanceC: 5.135218651917583
Relative Position: LorenzVec{x=1.9185192037746788, y=1.100000023841858, z=-5.135218651917583}
 }
18:44:50 `Bat`89353 missed {
 is already Found: false).
 Position: LorenzVec{x=-188.46875, y=75.10000002384186, z=-70.09375}
 DistanceC: 18.763723046749135
Relative Position: LorenzVec{x=8.199544789660166, y=-5.408277743782591, z=-18.763723046749135}
 }
18:44:50 `Bat`89362 missed {
 is already Found: false).
 Position: LorenzVec{x=-185.15625, y=75.10000002384186, z=-69.0625}
 DistanceC: 19.50068560533684
Relative Position: LorenzVec{x=16.649429460361034, y=-5.408277743782591, z=-19.50068560533684}
 }
18:54:58 `Bat`89351 missed {
 is already Found: false).
 Position: LorenzVec{x=-191.6875, y=75.875, z=-71.0}
 DistanceC: 18.30000001192093
Relative Position: LorenzVec{x=-17.618823486398753, y=8.0, z=-18.30000001192093}
 }
