23:19:58 Trying to load config from config\skyhanni\config.json
23:19:59 load-config-now
23:19:59 Loaded config from file
23:19:59 Trying to load sacks from config\skyhanni\sacks.json
23:19:59 load-sacks-now
23:19:59 Loaded sacks from file
23:19:59 Trying to load friends from config\skyhanni\friends.json
23:19:59 load-friends-now
23:19:59 Loaded friends from file
23:19:59 Trying to load known_features from config\skyhanni\known_features.json
23:19:59 load-known_features-now
23:19:59 Loaded known_features from file
23:19:59 Trying to load jacob_contests from config\skyhanni\jacob_contests.json
23:19:59 load-jacob_contests-now
23:19:59 Loaded jacob_contests from file
23:19:59 Trying to load visual_words from config\skyhanni\visual_words.json
23:19:59 Setting visual_words to be blank as it did not exist. It will be saved once something is written to it
23:20:59 saveConfig: auto-save-60s
23:20:59 Saving config file
23:21:20 saveConfig: Updated known feature flags
23:21:20 Saving known_features file
23:21:54 saveConfig: saving-data
23:21:54 Saving sacks file
23:21:59 saveConfig: auto-save-60s
23:21:59 Saving config file
23:22:59 saveConfig: auto-save-60s
23:22:59 Saving config file
23:23:59 saveConfig: auto-save-60s
23:23:59 Saving config file
23:24:59 saveConfig: auto-save-60s
23:24:59 Saving config file
23:25:59 saveConfig: auto-save-60s
23:25:59 Saving config file
23:26:59 saveConfig: auto-save-60s
23:26:59 Saving config file
23:27:59 saveConfig: auto-save-60s
23:27:59 Saving config file
23:28:59 saveConfig: auto-save-60s
23:28:59 Saving config file
23:29:59 saveConfig: auto-save-60s
23:29:59 Saving config file
23:30:59 saveConfig: auto-save-60s
23:30:59 Saving config file
23:31:59 saveConfig: auto-save-60s
23:31:59 Saving config file
23:32:59 saveConfig: auto-save-60s
23:32:59 Saving config file
23:33:59 saveConfig: auto-save-60s
23:33:59 Saving config file
23:34:59 saveConfig: auto-save-60s
23:34:59 Saving config file
23:35:59 saveConfig: auto-save-60s
23:35:59 Saving config file
23:36:59 saveConfig: auto-save-60s
23:36:59 Saving config file
23:37:59 saveConfig: auto-save-60s
23:37:59 Saving config file
23:38:59 saveConfig: auto-save-60s
23:38:59 Saving config file
23:39:59 saveConfig: auto-save-60s
23:39:59 Saving config file
23:40:59 saveConfig: auto-save-60s
23:40:59 Saving config file
23:41:59 saveConfig: auto-save-60s
23:41:59 Saving config file
23:42:59 saveConfig: auto-save-60s
23:42:59 Saving config file
23:43:59 saveConfig: auto-save-60s
23:43:59 Saving config file
23:44:59 saveConfig: auto-save-60s
23:44:59 Saving config file
23:45:59 saveConfig: auto-save-60s
23:45:59 Saving config file
23:46:59 saveConfig: auto-save-60s
23:46:59 Saving config file
23:47:59 saveConfig: auto-save-60s
23:47:59 Saving config file
23:48:59 saveConfig: auto-save-60s
23:48:59 Saving config file
23:49:59 saveConfig: auto-save-60s
23:49:59 Saving config file
23:50:59 saveConfig: auto-save-60s
23:50:59 Saving config file
23:51:59 saveConfig: auto-save-60s
23:51:59 Saving config file
23:52:59 saveConfig: auto-save-60s
23:52:59 Saving config file
23:53:59 saveConfig: auto-save-60s
23:53:59 Saving config file
23:54:59 saveConfig: auto-save-60s
23:54:59 Saving config file
23:55:59 saveConfig: auto-save-60s
23:55:59 Saving config file
23:56:59 saveConfig: auto-save-60s
23:56:59 Saving config file
23:57:59 saveConfig: auto-save-60s
23:57:59 Saving config file
23:58:59 saveConfig: auto-save-60s
23:58:59 Saving config file
23:59:59 saveConfig: auto-save-60s
23:59:59 Saving config file
00:00:59 saveConfig: auto-save-60s
00:00:59 Saving config file
00:01:59 saveConfig: auto-save-60s
00:01:59 Saving config file
00:02:59 saveConfig: auto-save-60s
00:02:59 Saving config file
00:03:59 saveConfig: auto-save-60s
00:03:59 Saving config file
00:04:59 saveConfig: auto-save-60s
00:04:59 Saving config file
00:05:59 saveConfig: auto-save-60s
00:05:59 Saving config file
00:06:59 saveConfig: auto-save-60s
00:06:59 Saving config file
00:07:59 saveConfig: auto-save-60s
00:07:59 Saving config file
00:08:59 saveConfig: auto-save-60s
00:08:59 Saving config file
00:09:35 saveConfig: shutdown-hook
00:09:35 Saving config file
