21:23:43 §7Sending to server mini34BH...
21:26:23 §7Warping...
21:26:24 §7Sending to server mini206M...
21:31:27 §7Warping...
21:32:16 §7Warping...
22:02:27 §7Warping...
22:02:27 §7Sending to server mini149BK...
22:08:41 §7Sending to server mini149BK...
22:39:19 §7Sending to server mini5BK...
22:45:31 §7Warping...
22:45:32 §7Sending to server mini146F...
22:52:06 §7Warping you to your SkyBlock island...
22:52:06 §7Sending to server mini91AJ...
22:52:32 §7Sending to server mini72V...
22:55:05 §7Sending to server mini68B...
22:55:06 §7Warping...
23:03:34 §7Warping...
23:03:34 §7Sending to server mini19CD...
23:03:49 §7Warping...
23:03:49 §7Sending to server mini151AP...
23:05:46 §7Warping...
23:05:59 §7Warping you to your SkyBlock island...
23:05:59 §7Sending to server mini68BT...
23:06:07 §7Sending to server mini150BF...
23:08:38 §7Warping you to your SkyBlock island...
23:08:38 §7Sending to server mini247F...
23:08:44 §7Warping...
23:08:45 §7Sending to server mini150BF...
23:09:34 §7Warping...
23:12:35 §7Warping...
23:27:37 §7Warping...
23:27:37 §7Sending to server mini27BH...
23:27:45 §7Warping...
23:27:45 §7Sending to server mini150BF...
23:28:32 §7Warping...
23:45:20 §7Warping you to your SkyBlock island...
23:45:20 §7Sending to server mini229B...
23:48:57 §7Warping...
23:48:57 §7Sending to server mini216J...
23:49:38 §7Warping...
23:49:38 §7Sending to server mini156CU...
