14:38:27 Trying to load config from config\skyhanni\config.json
14:38:27 load-config-now
14:38:28 Loaded config from file
14:38:28 Trying to load sacks from config\skyhanni\sacks.json
14:38:28 load-sacks-now
14:38:28 Loaded sacks from file
14:38:28 Trying to load friends from config\skyhanni\friends.json
14:38:28 load-friends-now
14:38:28 Loaded friends from file
14:38:28 Trying to load known_features from config\skyhanni\known_features.json
14:38:28 load-known_features-now
14:38:28 Loaded known_features from file
14:38:28 Trying to load jacob_contests from config\skyhanni\jacob_contests.json
14:38:28 load-jacob_contests-now
14:38:28 Loaded jacob_contests from file
14:38:28 Trying to load visual_words from config\skyhanni\visual_words.json
14:38:28 Setting visual_words to be blank as it did not exist. It will be saved once something is written to it
14:39:28 saveConfig: auto-save-60s
14:39:28 Saving config file
14:40:28 saveConfig: auto-save-60s
14:40:28 Saving config file
14:40:51 saveConfig: Updated known feature flags
14:40:51 Saving known_features file
14:41:28 saveConfig: auto-save-60s
14:41:28 Saving config file
14:42:28 saveConfig: auto-save-60s
14:42:28 Saving config file
14:43:28 saveConfig: auto-save-60s
14:43:28 Saving config file
14:44:28 saveConfig: auto-save-60s
14:44:28 Saving config file
14:45:28 saveConfig: auto-save-60s
14:45:28 Saving config file
14:45:47 saveConfig: saving-data
14:45:47 Saving sacks file
14:45:48 saveConfig: saving-data
14:45:48 Saving sacks file
14:46:28 saveConfig: auto-save-60s
14:46:28 Saving config file
14:47:28 saveConfig: auto-save-60s
14:47:28 Saving config file
14:48:28 saveConfig: auto-save-60s
14:48:28 Saving config file
14:49:28 saveConfig: auto-save-60s
14:49:28 Saving config file
14:50:28 saveConfig: auto-save-60s
14:50:28 Saving config file
14:51:28 saveConfig: auto-save-60s
14:51:28 Saving config file
14:52:28 saveConfig: auto-save-60s
14:52:28 Saving config file
14:53:28 saveConfig: auto-save-60s
14:53:28 Saving config file
14:54:28 saveConfig: auto-save-60s
14:54:28 Saving config file
14:55:28 saveConfig: auto-save-60s
14:55:28 Saving config file
14:56:28 saveConfig: auto-save-60s
14:56:28 Saving config file
14:57:28 saveConfig: auto-save-60s
14:57:28 Saving config file
14:58:28 saveConfig: auto-save-60s
14:58:28 Saving config file
14:59:28 saveConfig: auto-save-60s
14:59:28 Saving config file
15:00:28 saveConfig: auto-save-60s
15:00:28 Saving config file
15:01:28 saveConfig: auto-save-60s
15:01:28 Saving config file
15:02:28 saveConfig: auto-save-60s
15:02:28 Saving config file
15:03:28 saveConfig: auto-save-60s
15:03:28 Saving config file
15:04:28 saveConfig: auto-save-60s
15:04:28 Saving config file
15:05:28 saveConfig: auto-save-60s
15:05:28 Saving config file
15:06:28 saveConfig: auto-save-60s
15:06:28 Saving config file
15:07:28 saveConfig: auto-save-60s
15:07:28 Saving config file
15:08:28 saveConfig: auto-save-60s
15:08:28 Saving config file
15:09:28 saveConfig: auto-save-60s
15:09:28 Saving config file
15:10:28 saveConfig: auto-save-60s
15:10:28 Saving config file
15:11:28 saveConfig: auto-save-60s
15:11:28 Saving config file
15:12:28 saveConfig: auto-save-60s
15:12:28 Saving config file
15:13:28 saveConfig: auto-save-60s
15:13:28 Saving config file
15:14:28 saveConfig: auto-save-60s
15:14:28 Saving config file
15:15:28 saveConfig: auto-save-60s
15:15:28 Saving config file
15:16:28 saveConfig: auto-save-60s
15:16:28 Saving config file
15:17:28 saveConfig: auto-save-60s
15:17:28 Saving config file
15:18:28 saveConfig: auto-save-60s
15:18:28 Saving config file
15:19:28 saveConfig: auto-save-60s
15:19:28 Saving config file
15:20:28 saveConfig: auto-save-60s
15:20:28 Saving config file
15:21:28 saveConfig: auto-save-60s
15:21:28 Saving config file
15:22:28 saveConfig: auto-save-60s
15:22:28 Saving config file
15:23:28 saveConfig: auto-save-60s
15:23:28 Saving config file
15:24:28 saveConfig: auto-save-60s
15:24:28 Saving config file
15:25:28 saveConfig: auto-save-60s
15:25:28 Saving config file
15:26:28 saveConfig: auto-save-60s
15:26:28 Saving config file
15:27:28 saveConfig: auto-save-60s
15:27:28 Saving config file
15:28:28 saveConfig: auto-save-60s
15:28:28 Saving config file
15:29:28 saveConfig: auto-save-60s
15:29:28 Saving config file
15:30:28 saveConfig: auto-save-60s
15:30:28 Saving config file
15:31:28 saveConfig: auto-save-60s
15:31:28 Saving config file
15:32:28 saveConfig: auto-save-60s
15:32:28 Saving config file
15:33:28 saveConfig: auto-save-60s
15:33:28 Saving config file
15:34:28 saveConfig: auto-save-60s
15:34:28 Saving config file
15:35:28 saveConfig: auto-save-60s
15:35:28 Saving config file
15:36:28 saveConfig: auto-save-60s
15:36:28 Saving config file
15:37:28 saveConfig: auto-save-60s
15:37:28 Saving config file
15:38:28 saveConfig: auto-save-60s
15:38:28 Saving config file
15:39:28 saveConfig: auto-save-60s
15:39:28 Saving config file
15:40:28 saveConfig: auto-save-60s
15:40:28 Saving config file
15:41:28 saveConfig: auto-save-60s
15:41:28 Saving config file
15:42:28 saveConfig: auto-save-60s
15:42:28 Saving config file
15:43:28 saveConfig: auto-save-60s
15:43:28 Saving config file
15:44:28 saveConfig: auto-save-60s
15:44:28 Saving config file
15:45:28 saveConfig: auto-save-60s
15:45:28 Saving config file
15:46:28 saveConfig: auto-save-60s
15:46:28 Saving config file
15:47:28 saveConfig: auto-save-60s
15:47:28 Saving config file
15:48:28 saveConfig: auto-save-60s
15:48:28 Saving config file
15:49:28 saveConfig: auto-save-60s
15:49:28 Saving config file
15:50:28 saveConfig: auto-save-60s
15:50:28 Saving config file
15:51:28 saveConfig: auto-save-60s
15:51:28 Saving config file
15:52:28 saveConfig: auto-save-60s
15:52:28 Saving config file
15:53:28 saveConfig: auto-save-60s
15:53:28 Saving config file
15:54:28 saveConfig: auto-save-60s
15:54:28 Saving config file
15:55:28 saveConfig: auto-save-60s
15:55:28 Saving config file
15:56:28 saveConfig: auto-save-60s
15:56:28 Saving config file
15:57:28 saveConfig: auto-save-60s
15:57:28 Saving config file
15:58:28 saveConfig: auto-save-60s
15:58:28 Saving config file
15:59:28 saveConfig: auto-save-60s
15:59:28 Saving config file
16:00:28 saveConfig: auto-save-60s
16:00:28 Saving config file
16:01:28 saveConfig: auto-save-60s
16:01:28 Saving config file
16:02:28 saveConfig: auto-save-60s
16:02:28 Saving config file
16:03:28 saveConfig: auto-save-60s
16:03:28 Saving config file
16:04:28 saveConfig: auto-save-60s
16:04:28 Saving config file
16:05:28 saveConfig: auto-save-60s
16:05:28 Saving config file
16:06:28 saveConfig: auto-save-60s
16:06:28 Saving config file
16:07:28 saveConfig: auto-save-60s
16:07:28 Saving config file
16:08:28 saveConfig: auto-save-60s
16:08:28 Saving config file
16:09:28 saveConfig: auto-save-60s
16:09:28 Saving config file
16:10:28 saveConfig: auto-save-60s
16:10:28 Saving config file
16:11:28 saveConfig: auto-save-60s
16:11:28 Saving config file
16:12:28 saveConfig: auto-save-60s
16:12:28 Saving config file
16:13:28 saveConfig: auto-save-60s
16:13:28 Saving config file
16:14:28 saveConfig: auto-save-60s
16:14:28 Saving config file
16:15:28 saveConfig: auto-save-60s
16:15:28 Saving config file
16:16:28 saveConfig: auto-save-60s
16:16:28 Saving config file
16:17:28 saveConfig: auto-save-60s
16:17:28 Saving config file
16:18:28 saveConfig: auto-save-60s
16:18:28 Saving config file
16:19:28 saveConfig: auto-save-60s
16:19:28 Saving config file
16:20:28 saveConfig: auto-save-60s
16:20:28 Saving config file
16:21:28 saveConfig: auto-save-60s
16:21:28 Saving config file
16:22:28 saveConfig: auto-save-60s
16:22:28 Saving config file
16:23:28 saveConfig: auto-save-60s
16:23:28 Saving config file
16:24:28 saveConfig: auto-save-60s
16:24:28 Saving config file
16:25:28 saveConfig: auto-save-60s
16:25:28 Saving config file
16:26:28 saveConfig: auto-save-60s
16:26:28 Saving config file
16:27:28 saveConfig: auto-save-60s
16:27:28 Saving config file
16:28:28 saveConfig: auto-save-60s
16:28:28 Saving config file
16:29:28 saveConfig: auto-save-60s
16:29:28 Saving config file
16:30:28 saveConfig: auto-save-60s
16:30:28 Saving config file
16:31:28 saveConfig: auto-save-60s
16:31:28 Saving config file
16:32:28 saveConfig: auto-save-60s
16:32:28 Saving config file
16:33:28 saveConfig: auto-save-60s
16:33:28 Saving config file
16:34:28 saveConfig: auto-save-60s
16:34:28 Saving config file
16:35:28 saveConfig: auto-save-60s
16:35:28 Saving config file
16:36:28 saveConfig: auto-save-60s
16:36:28 Saving config file
16:37:28 saveConfig: auto-save-60s
16:37:28 Saving config file
16:38:28 saveConfig: auto-save-60s
16:38:28 Saving config file
16:39:28 saveConfig: auto-save-60s
16:39:28 Saving config file
16:40:28 saveConfig: auto-save-60s
16:40:28 Saving config file
16:41:28 saveConfig: auto-save-60s
16:41:28 Saving config file
16:42:28 saveConfig: auto-save-60s
16:42:28 Saving config file
16:43:28 saveConfig: auto-save-60s
16:43:28 Saving config file
16:44:28 saveConfig: auto-save-60s
16:44:28 Saving config file
16:45:28 saveConfig: auto-save-60s
16:45:28 Saving config file
16:46:28 saveConfig: auto-save-60s
16:46:28 Saving config file
16:47:28 saveConfig: auto-save-60s
16:47:28 Saving config file
16:48:28 saveConfig: auto-save-60s
16:48:28 Saving config file
16:49:28 saveConfig: auto-save-60s
16:49:28 Saving config file
16:50:17 saveConfig: shutdown-hook
16:50:17 Saving config file
