20:43:58 Trying to load config from config\skyhanni\config.json
20:43:58 load-config-now
20:43:59 Loaded config from file
20:43:59 Trying to load sacks from config\skyhanni\sacks.json
20:43:59 load-sacks-now
20:43:59 Loaded sacks from file
20:43:59 Trying to load friends from config\skyhanni\friends.json
20:43:59 load-friends-now
20:43:59 Loaded friends from file
20:43:59 Trying to load known_features from config\skyhanni\known_features.json
20:43:59 load-known_features-now
20:43:59 Loaded known_features from file
20:43:59 Trying to load jacob_contests from config\skyhanni\jacob_contests.json
20:43:59 load-jacob_contests-now
20:43:59 Loaded jacob_contests from file
20:43:59 Trying to load visual_words from config\skyhanni\visual_words.json
20:43:59 Setting visual_words to be blank as it did not exist. It will be saved once something is written to it
20:44:59 saveConfig: auto-save-60s
20:44:59 Saving config file
20:45:36 saveConfig: Updated known feature flags
20:45:36 Saving known_features file
20:45:59 saveConfig: auto-save-60s
20:45:59 Saving config file
20:46:59 saveConfig: auto-save-60s
20:46:59 Saving config file
20:47:59 saveConfig: auto-save-60s
20:47:59 Saving config file
20:48:59 saveConfig: auto-save-60s
20:48:59 Saving config file
20:49:59 saveConfig: auto-save-60s
20:49:59 Saving config file
20:50:59 saveConfig: auto-save-60s
20:50:59 Saving config file
20:51:59 saveConfig: auto-save-60s
20:51:59 Saving config file
20:52:59 saveConfig: auto-save-60s
20:52:59 Saving config file
20:53:59 saveConfig: auto-save-60s
20:53:59 Saving config file
20:54:59 saveConfig: auto-save-60s
20:54:59 Saving config file
20:55:59 saveConfig: auto-save-60s
20:55:59 Saving config file
20:56:59 saveConfig: auto-save-60s
20:56:59 Saving config file
20:57:59 saveConfig: auto-save-60s
20:57:59 Saving config file
20:58:59 saveConfig: auto-save-60s
20:58:59 Saving config file
20:59:59 saveConfig: auto-save-60s
20:59:59 Saving config file
21:00:59 saveConfig: auto-save-60s
21:00:59 Saving config file
21:01:59 saveConfig: auto-save-60s
21:01:59 Saving config file
21:02:59 saveConfig: auto-save-60s
21:02:59 Saving config file
21:03:59 saveConfig: auto-save-60s
21:03:59 Saving config file
21:04:59 saveConfig: auto-save-60s
21:04:59 Saving config file
21:05:59 saveConfig: auto-save-60s
21:05:59 Saving config file
21:06:59 saveConfig: auto-save-60s
21:06:59 Saving config file
21:07:59 saveConfig: auto-save-60s
21:07:59 Saving config file
21:08:59 saveConfig: auto-save-60s
21:08:59 Saving config file
21:09:59 saveConfig: auto-save-60s
21:09:59 Saving config file
21:10:59 saveConfig: auto-save-60s
21:10:59 Saving config file
21:11:59 saveConfig: auto-save-60s
21:11:59 Saving config file
21:12:59 saveConfig: auto-save-60s
21:12:59 Saving config file
21:13:59 saveConfig: auto-save-60s
21:13:59 Saving config file
21:14:59 saveConfig: auto-save-60s
21:14:59 Saving config file
21:15:59 saveConfig: auto-save-60s
21:15:59 Saving config file
21:16:59 saveConfig: auto-save-60s
21:16:59 Saving config file
21:17:59 saveConfig: auto-save-60s
21:17:59 Saving config file
21:18:59 saveConfig: auto-save-60s
21:18:59 Saving config file
21:19:59 saveConfig: auto-save-60s
21:19:59 Saving config file
21:20:59 saveConfig: auto-save-60s
21:20:59 Saving config file
21:21:59 saveConfig: auto-save-60s
21:21:59 Saving config file
21:22:59 saveConfig: auto-save-60s
21:22:59 Saving config file
21:23:59 saveConfig: auto-save-60s
21:23:59 Saving config file
21:24:59 saveConfig: auto-save-60s
21:24:59 Saving config file
21:25:59 saveConfig: auto-save-60s
21:25:59 Saving config file
21:26:29 saveConfig: saving-data
21:26:29 Saving sacks file
21:26:59 saveConfig: auto-save-60s
21:26:59 Saving config file
21:27:59 saveConfig: auto-save-60s
21:27:59 Saving config file
21:28:59 saveConfig: auto-save-60s
21:28:59 Saving config file
21:29:59 saveConfig: auto-save-60s
21:29:59 Saving config file
21:30:59 saveConfig: auto-save-60s
21:30:59 Saving config file
21:31:59 saveConfig: auto-save-60s
21:31:59 Saving config file
21:32:59 saveConfig: auto-save-60s
21:32:59 Saving config file
21:33:59 saveConfig: auto-save-60s
21:33:59 Saving config file
21:34:59 saveConfig: auto-save-60s
21:34:59 Saving config file
21:35:59 saveConfig: auto-save-60s
21:35:59 Saving config file
21:36:59 saveConfig: auto-save-60s
21:36:59 Saving config file
21:37:59 saveConfig: auto-save-60s
21:37:59 Saving config file
21:38:59 saveConfig: auto-save-60s
21:38:59 Saving config file
21:39:59 saveConfig: auto-save-60s
21:39:59 Saving config file
21:40:59 saveConfig: auto-save-60s
21:40:59 Saving config file
21:41:59 saveConfig: auto-save-60s
21:41:59 Saving config file
21:42:59 saveConfig: auto-save-60s
21:42:59 Saving config file
21:43:59 saveConfig: auto-save-60s
21:43:59 Saving config file
21:44:59 saveConfig: auto-save-60s
21:44:59 Saving config file
21:45:59 saveConfig: auto-save-60s
21:45:59 Saving config file
21:46:59 saveConfig: auto-save-60s
21:46:59 Saving config file
21:47:59 saveConfig: auto-save-60s
21:47:59 Saving config file
21:48:59 saveConfig: auto-save-60s
21:48:59 Saving config file
21:49:59 saveConfig: auto-save-60s
21:49:59 Saving config file
21:50:59 saveConfig: auto-save-60s
21:50:59 Saving config file
21:51:59 saveConfig: auto-save-60s
21:51:59 Saving config file
21:52:59 saveConfig: auto-save-60s
21:52:59 Saving config file
21:53:59 saveConfig: auto-save-60s
21:53:59 Saving config file
21:54:59 saveConfig: auto-save-60s
21:54:59 Saving config file
21:55:59 saveConfig: auto-save-60s
21:55:59 Saving config file
21:56:59 saveConfig: auto-save-60s
21:56:59 Saving config file
21:57:59 saveConfig: auto-save-60s
21:57:59 Saving config file
21:58:59 saveConfig: auto-save-60s
21:58:59 Saving config file
21:59:59 saveConfig: auto-save-60s
21:59:59 Saving config file
22:00:59 saveConfig: auto-save-60s
22:00:59 Saving config file
22:01:59 saveConfig: auto-save-60s
22:01:59 Saving config file
22:02:59 saveConfig: auto-save-60s
22:02:59 Saving config file
22:03:59 saveConfig: auto-save-60s
22:03:59 Saving config file
22:04:59 saveConfig: auto-save-60s
22:04:59 Saving config file
22:05:59 saveConfig: auto-save-60s
22:05:59 Saving config file
22:06:59 saveConfig: auto-save-60s
22:06:59 Saving config file
22:07:59 saveConfig: auto-save-60s
22:07:59 Saving config file
22:08:59 saveConfig: auto-save-60s
22:08:59 Saving config file
22:09:59 saveConfig: auto-save-60s
22:09:59 Saving config file
22:10:59 saveConfig: auto-save-60s
22:10:59 Saving config file
22:11:59 saveConfig: auto-save-60s
22:11:59 Saving config file
22:12:59 saveConfig: auto-save-60s
22:12:59 Saving config file
22:13:59 saveConfig: auto-save-60s
22:13:59 Saving config file
22:14:59 saveConfig: auto-save-60s
22:14:59 Saving config file
22:15:59 saveConfig: auto-save-60s
22:15:59 Saving config file
22:16:59 saveConfig: auto-save-60s
22:16:59 Saving config file
22:17:59 saveConfig: auto-save-60s
22:17:59 Saving config file
22:18:59 saveConfig: auto-save-60s
22:18:59 Saving config file
22:19:59 saveConfig: auto-save-60s
22:19:59 Saving config file
22:20:59 saveConfig: auto-save-60s
22:20:59 Saving config file
22:21:59 saveConfig: auto-save-60s
22:21:59 Saving config file
22:22:59 saveConfig: auto-save-60s
22:22:59 Saving config file
22:23:59 saveConfig: auto-save-60s
22:23:59 Saving config file
22:24:59 saveConfig: auto-save-60s
22:24:59 Saving config file
22:25:59 saveConfig: auto-save-60s
22:25:59 Saving config file
22:26:59 saveConfig: auto-save-60s
22:26:59 Saving config file
22:27:42 saveConfig: saving-data
22:27:42 Saving sacks file
22:27:59 saveConfig: auto-save-60s
22:27:59 Saving config file
22:28:59 saveConfig: auto-save-60s
22:28:59 Saving config file
22:29:59 saveConfig: auto-save-60s
22:29:59 Saving config file
22:30:59 saveConfig: auto-save-60s
22:30:59 Saving config file
22:31:59 saveConfig: auto-save-60s
22:31:59 Saving config file
22:32:59 saveConfig: auto-save-60s
22:32:59 Saving config file
22:33:59 saveConfig: auto-save-60s
22:33:59 Saving config file
22:34:59 saveConfig: auto-save-60s
22:34:59 Saving config file
22:35:59 saveConfig: auto-save-60s
22:35:59 Saving config file
22:36:59 saveConfig: auto-save-60s
22:36:59 Saving config file
22:37:59 saveConfig: auto-save-60s
22:37:59 Saving config file
22:38:59 saveConfig: auto-save-60s
22:38:59 Saving config file
22:39:59 saveConfig: auto-save-60s
22:39:59 Saving config file
22:40:59 saveConfig: auto-save-60s
22:40:59 Saving config file
22:41:59 saveConfig: auto-save-60s
22:41:59 Saving config file
22:42:59 saveConfig: auto-save-60s
22:42:59 Saving config file
22:43:59 saveConfig: auto-save-60s
22:43:59 Saving config file
22:44:59 saveConfig: auto-save-60s
22:44:59 Saving config file
22:45:59 saveConfig: auto-save-60s
22:45:59 Saving config file
22:46:59 saveConfig: auto-save-60s
22:46:59 Saving config file
22:47:59 saveConfig: auto-save-60s
22:47:59 Saving config file
22:48:59 saveConfig: auto-save-60s
22:48:59 Saving config file
22:49:59 saveConfig: auto-save-60s
22:49:59 Saving config file
22:50:59 saveConfig: auto-save-60s
22:50:59 Saving config file
22:51:59 saveConfig: auto-save-60s
22:51:59 Saving config file
22:52:59 saveConfig: auto-save-60s
22:52:59 Saving config file
22:53:59 saveConfig: auto-save-60s
22:53:59 Saving config file
22:54:59 saveConfig: auto-save-60s
22:54:59 Saving config file
22:55:59 saveConfig: auto-save-60s
22:55:59 Saving config file
22:56:59 saveConfig: auto-save-60s
22:56:59 Saving config file
22:57:59 saveConfig: auto-save-60s
22:57:59 Saving config file
22:58:59 saveConfig: auto-save-60s
22:58:59 Saving config file
22:59:59 saveConfig: auto-save-60s
22:59:59 Saving config file
23:00:59 saveConfig: auto-save-60s
23:00:59 Saving config file
23:01:59 saveConfig: auto-save-60s
23:01:59 Saving config file
23:02:59 saveConfig: auto-save-60s
23:02:59 Saving config file
23:03:59 saveConfig: auto-save-60s
23:03:59 Saving config file
23:04:59 saveConfig: auto-save-60s
23:04:59 Saving config file
23:05:59 saveConfig: auto-save-60s
23:05:59 Saving config file
23:06:59 saveConfig: auto-save-60s
23:06:59 Saving config file
23:07:59 saveConfig: auto-save-60s
23:07:59 Saving config file
23:08:59 saveConfig: auto-save-60s
23:08:59 Saving config file
23:09:59 saveConfig: auto-save-60s
23:09:59 Saving config file
23:10:59 saveConfig: auto-save-60s
23:10:59 Saving config file
23:11:59 saveConfig: auto-save-60s
23:11:59 Saving config file
23:12:59 saveConfig: auto-save-60s
23:12:59 Saving config file
23:13:59 saveConfig: auto-save-60s
23:13:59 Saving config file
23:14:59 saveConfig: auto-save-60s
23:14:59 Saving config file
23:15:59 saveConfig: auto-save-60s
23:15:59 Saving config file
23:16:59 saveConfig: auto-save-60s
23:16:59 Saving config file
23:17:59 saveConfig: auto-save-60s
23:17:59 Saving config file
23:18:59 saveConfig: auto-save-60s
23:18:59 Saving config file
23:19:59 saveConfig: auto-save-60s
23:19:59 Saving config file
23:20:59 saveConfig: auto-save-60s
23:20:59 Saving config file
23:21:59 saveConfig: auto-save-60s
23:21:59 Saving config file
23:22:59 saveConfig: auto-save-60s
23:22:59 Saving config file
23:23:59 saveConfig: auto-save-60s
23:23:59 Saving config file
23:24:59 saveConfig: auto-save-60s
23:24:59 Saving config file
23:25:59 saveConfig: auto-save-60s
23:25:59 Saving config file
23:26:59 saveConfig: auto-save-60s
23:26:59 Saving config file
23:27:59 saveConfig: auto-save-60s
23:27:59 Saving config file
23:28:59 saveConfig: auto-save-60s
23:28:59 Saving config file
23:29:59 saveConfig: auto-save-60s
23:29:59 Saving config file
23:30:59 saveConfig: auto-save-60s
23:30:59 Saving config file
23:31:59 saveConfig: auto-save-60s
23:31:59 Saving config file
23:32:59 saveConfig: auto-save-60s
23:32:59 Saving config file
23:33:59 saveConfig: auto-save-60s
23:33:59 Saving config file
23:34:59 saveConfig: auto-save-60s
23:34:59 Saving config file
23:35:59 saveConfig: auto-save-60s
23:35:59 Saving config file
23:36:59 saveConfig: auto-save-60s
23:36:59 Saving config file
23:37:18 saveConfig: shutdown-hook
23:37:18 Saving config file
