13:19:12 §b[MVP§f+§b] Sebbebas§f §6joined the lobby!
13:19:13   §r§f§l➤ §r§6You have reached your Hype limit! Add Hype to Prototype Lobby minigames by right-clicking with the Hype Diamond!
13:19:13 §b[MVP§8+§b] Zenipher§f §6joined the lobby!
13:19:14 §b[MVP§e+§b] BlueBeatle05§f §6joined the lobby!
13:19:14 §b[MVP§d+§b] Babanana311§f §6joined the lobby!
13:19:23 §b[MVP§e+§b] Coinys§f §6joined the lobby!
13:19:23 §b[MVP§f+§b] justanoob_§f §6joined the lobby!
13:19:23 §b[MVP§2+§b] CroqInc§f §6joined the lobby!
13:19:24 §b[MVP§2+§b] DanieBoi§f §6joined the lobby!
13:19:24  §b>§c>§a>§r §r§6[MVP§0++§6] danivl§f §6joined the lobby!§r §a<§c<§b<
13:19:27 §b[MVP§f+§b] AspectOfTheMint§f §6joined the lobby!
13:19:28 §b[MVP§d+§b] Maxmekker12§f §6joined the lobby!
13:19:29 §b[MVP§0+§b] iShiho§f §6joined the lobby!
13:19:31 §b[MVP§4+§b] SemGamerNL§f §6joined the lobby!
13:19:31 §b[MVP§c+§b] Adamka2006§f §6joined the lobby!
13:19:33 §b[MVP§d+§b] Crafty_Skeleton§f §6joined the lobby!
13:19:35 §b[MVP§a+§b] Aihara__Yan§f §6joined the lobby!
13:19:36 §b[MVP§c+§b] 712Karuma§f §6joined the lobby!
13:19:37 §b[MVP§9+§b] Xiaojunjun_TW§f §6joined the lobby!
13:19:38 §b[MVP§c+§b] Cats_onPluto64§f §6joined the lobby!
13:19:38 §b[MVP§8+§b] Sectical§f §6joined the lobby!
13:19:38 §b[MVP§c+§b] XDarkLegend§f §6joined the lobby!
13:19:38 §b[MVP§e+§b] DY_lvye2333§f §6joined the lobby!
13:19:39 §b[MVP§c+§b] Kirmbs§f §6joined the lobby!
13:19:41 §b[MVP§c+§b] demonshadow9§f §6joined the lobby!
13:19:42 §b[MVP§c+§b] Kardux71§f §6joined the lobby!
13:19:42 §b[MVP§d+§b] Aatsu§f §6joined the lobby!
13:19:44 §b[MVP§6+§b] ItsN0tBladezz§f §6joined the lobby!
13:19:44 §b[MVP§c+§b] RumblerPhil§f §6joined the lobby!
13:19:45 §b[MVP§f+§b] jowg24§f §6joined the lobby!
13:19:46 §b[MVP§6+§b] _C0reNex_§f §6joined the lobby!
13:19:49 §b[MVP§f+§b] saje1§f §6joined the lobby!
13:19:51 §b[MVP§f+§b] ixAkuma§f §6joined the lobby!
13:19:56 §b[MVP§2+§b] kraquenne§f §6joined the lobby!
13:19:57 §b[MVP§4+§b] Alindas§f §6joined the lobby!
13:19:59 §b[MVP§c+§b] its__chimera§f §6joined the lobby!
13:20:00 §b[MVP§c+§b] Algae_Minecraft§f §6joined the lobby!
13:20:04 §b[MVP§0+§b] Shlzu§f §6joined the lobby!
13:20:04 §b[MVP§4+§b] MerleenDgops§f §6joined the lobby!
13:20:06 §b[MVP§0+§b] Allira§f §6joined the lobby!
13:20:08 §b[MVP§d+§b] Gaotosky109054§f §6joined the lobby!
13:20:19 §b[MVP§f+§b] o5l§f §6joined the lobby!
13:20:20 §b[MVP§2+§b] CelaviL§f §6joined the lobby!
13:20:22 §b[MVP§c+§b] callm1234554321§f §6joined the lobby!
13:20:22 §b[MVP§c+§b] PlayStarMC§f §6joined the lobby!
13:20:30 §b[MVP§9+§b] Maxor_s§f §6joined the lobby!
13:20:32 §b[MVP§c+§b] SimplyNamedMax§f §6joined the lobby!
13:20:32 §b[MVP§d+§b] LQ_LuLu§f §6joined the lobby!
13:20:32 §b[MVP§d+§b] R4chuba§f §6joined the lobby!
13:20:38 §b[MVP§d+§b] Imagine_Perest§f §6joined the lobby!
13:20:41 §b[MVP§6+§b] GlacialScytheNon§f §6joined the lobby!
13:20:41 §b[MVP§6+§b] Kiirkiie§f §6joined the lobby!
13:20:42 §b[MVP§c+§b] StarDuckling871§f §6joined the lobby!
13:20:42 §b[MVP§c+§b] SoldierTTV§f §6joined the lobby!
13:20:46 §b[MVP§c+§b] inugami_corone§f §6joined the lobby!
13:20:46 §b[MVP§9+§b] SirWxlli§f §6joined the lobby!
13:20:50 §b[MVP§3+§b] mooseyy§f §6joined the lobby!
13:20:50 §b[MVP§2+§b] oMati§f §6joined the lobby!
13:20:54 §b[MVP§d+§b] EgirlVallie§f §6joined the lobby!
13:20:59 §b[MVP§9+§b] AskingToLose§f §6joined the lobby!
13:21:09 §b[MVP§9+§b] _shi1§f §6joined the lobby!
13:21:54 §b[MVP§f+§b] Sebbebas§f §6joined the lobby!
13:21:54 §b[MVP§9+§b] JianBing155§f §6joined the lobby!
13:21:56 §b[MVP§c+§b] tyl3rw0lf§f §6joined the lobby!
13:21:57   §r§f§l➤ §r§6You have reached your Hype limit! Add Hype to Prototype Lobby minigames by right-clicking with the Hype Diamond!
13:21:57 §b[MVP§c+§b] Marzyarn§f §6joined the lobby!
13:21:57 §b[MVP§f+§b] timidlys§f §6joined the lobby!
13:22:04 §b[MVP§0+§b] Lw9§f §6joined the lobby!
13:22:07 §b[MVP§2+§b] LordGoldman§f §6joined the lobby!
13:22:07 §b[MVP§c+§b] DSKing§f §6joined the lobby!
