22:10:22 §7Sending to server mini7AE...
22:10:42 §7Finding player...
22:10:43 §7Sending a visit request...
22:10:45 §7Finding player...
22:10:46 §7Sending a visit request...
22:10:51 §7Finding player...
22:10:53 §7Sending a visit request...
22:11:01 §7Finding player...
22:11:03 §7Sending a visit request...
22:11:10 §7Finding player...
22:11:11 §7Sending a visit request...
22:11:16 §7Finding player...
22:11:20 §7Sending a visit request...
22:11:20 §7Sending to server mini197G...
22:11:25 §7Sending to server mini250U...
22:13:06 §7Sending to server mini151DG...
22:13:17 §7Sending to server mini187V...
22:13:22 §7Warping you to your SkyBlock island...
22:13:22 §7Sending to server mini20CG...
22:15:03 §7Warping...
22:15:03 §7Sending to server mini12DF...
22:15:38 §7Warping...
22:15:38 §7Sending to server mini2AR...
22:16:01 §7Sending to server mini1015R...
22:16:03 §7Warping you to your SkyBlock island...
22:16:04 §7Sending to server mini96BH...
22:16:09 §7Sending to server mini7CB...
22:17:03 §7Sending to server mini187AH...
22:19:21 §7Sending to server mini12CH...
22:19:50 §7Warping you to your SkyBlock island...
22:19:51 §7Sending to server mini160AT...
22:22:18 §7Sending to server mini86CQ...
22:22:37 §7Sending to server mini86CQ...
22:22:44 §7Warping...
22:22:44 §7Sending to server mini31BD...
22:28:36 §7Warping you to your SkyBlock island...
22:28:36 §7Sending to server mini1027D...
22:29:10 §7Sending to server mini95DT...
22:29:42 §7Warping...
22:29:42 §7Sending to server mini67CS...
22:29:45 §7Warping...
22:37:52 §7Warping...
22:37:52 §7Sending to server mini152CM...
22:37:57 §7Warping you to your SkyBlock island...
22:37:57 §7Sending to server mini26CH...
22:41:20 §7Warping...
22:41:20 §7Sending to server mini72DJ...
22:42:00 §7Warping...
22:42:01 §7Sending to server mini78DK...
22:44:43 §7Warping...
22:44:44 §7Sending to server mini9CC...
22:44:52 §7Warping...
22:44:54 §7Sending to server mini194DH...
22:46:46 §7Warping...
22:46:46 §7Sending to server mini33J...
22:47:17 §7Warping you to your SkyBlock island...
22:47:17 §7Sending to server mini1030T...
22:47:30 §7Sending to server mini76CF...
22:47:47 §7Warping...
22:47:47 §7Sending to server mini26AH...
22:48:09 §7Warping...
22:48:09 §7Sending to server mini94DS...
22:51:15 §7Warping you to your SkyBlock island...
22:51:15 §7Sending to server mini63CG...
22:53:15 §7Sending to server mini72AU...
22:55:01 §7Warping...
22:55:01 §7Sending to server mini2BN...
22:55:43 §7Warping you to your SkyBlock island...
22:55:43 §7Sending to server mini259V...
22:56:27 §7Sending to server mini16CC...
22:58:32 §7Sending to server mini37H...
22:59:36 §7Sending to server mini77W...
23:00:13 §7Warping...
23:00:28 §7Warping...
23:00:28 §7Sending to server mini62Q...
23:06:25 §7Warping you to your SkyBlock island...
23:06:26 §7Sending to server mini76AV...
23:06:28 §7Warping...
23:06:31 §7Warping...
23:06:31 §7Sending to server mini77AG...
23:08:44 §7Warping you to your SkyBlock island...
23:08:44 §7Sending to server mini1017T...
23:09:05 §7Sending to server mini1CM...
23:10:06 §7Warping...
23:10:06 §7Sending to server mini257C...
23:12:33 §7Warping...
23:16:06 §7Warping...
23:16:06 §7Sending to server mini29BJ...
23:17:18 §7Warping...
23:17:18 §7Sending to server mini9CA...
23:22:13 §7Warping...
23:22:14 §7Sending to server mini142DN...
23:22:16 §7Warping...
23:22:18 §7Warping...
23:22:18 §7Sending to server mini38CJ...
23:22:52 §7Warping...
23:25:36 §7Warping...
23:25:36 §7Sending to server mini14AU...
23:26:44 §7Warping...
23:26:45 §7Sending to server mini100Q...
23:32:04 §7Warping you to your SkyBlock island...
23:32:04 §7Sending to server mini4BE...
23:32:44 §7Sending to server mini3W...
23:34:24 §7Warping...
23:34:24 §7Sending to server mini6BV...
23:34:38 §7Warping you to your SkyBlock island...
23:34:38 §7Sending to server mini38AU...
23:35:30 §7Sending to server mini34AC...
23:35:47 §7Sending to server mini228M...
23:35:59 §7Warping...
23:40:44 §7Sending to server mini8CD...
23:40:48 §7Sending to server mini2AR...
23:46:48 §7Request join for Hub #1 (mega32E)...
23:46:48 §7Sending to server mega32E...
23:50:51 §7Sending to server mini267F...
23:50:59 §7Warping...
23:51:51 §7Sending to server mini13B...
23:52:27 §7Warping...
23:52:27 §7Sending to server mini186F...
23:54:37 §7Warping you to your SkyBlock island...
23:54:37 §7Sending to server mini230C...
23:55:31 §7Sending to server mini35D...
23:55:51 §7Warping you to your SkyBlock island...
23:55:51 §7Sending to server mini84DF...
23:56:16 §7Sending to server mini7CB...
