23:21:48 DUNGEON_HUB
23:23:05 NONE
23:23:05 DWARVEN_MINES
23:24:00 NONE
23:24:00 HUB
23:26:16 NONE
23:26:20 HUB
23:26:23 NONE
23:26:23 PRIVATE_ISLAND
23:26:47 NONE
23:26:48 PRIVATE_ISLAND
23:26:56 NONE
23:26:57 DWARVEN_MINES
23:27:09 NONE
23:27:09 PRIVATE_ISLAND
23:28:12 NONE
23:28:12 PRIVATE_ISLAND
23:28:16 NONE
23:28:16 DWARVEN_MINES
23:28:57 NONE
23:28:57 PRIVATE_ISLAND
23:29:00 NONE
23:29:00 PRIVATE_ISLAND
23:29:04 NONE
23:29:05 DWARVEN_MINES
23:29:44 NONE
23:29:48 HUB
23:29:54 NONE
23:29:54 PRIVATE_ISLAND
23:30:06 NONE
23:30:06 DWARVEN_MINES
23:30:42 NONE
23:30:43 CRYSTAL_HOLLOWS
01:41:39 NONE
01:41:39 HUB
01:41:51 NONE
01:41:52 CRYSTAL_HOLLOWS
