18:30:00 §f §r§r§r§f §r§r§r§1 §r§r§r§0 §r§r§r§2 §r§r§r§f §r§r§r§f §r§r§r§2 §r§r§r§0 §r§r§r§4 §r§r§r§3 §r§r§r§9 §r§r§r§2 §r§r§r§0 §r§r§r§0 §r§r§r§3 §r§r§r§9 §r§r§r§2 §r§r§r§0 §r§r§r§0 §r§r§r§3 §r§r§r§9 §r§r§r§2 §r§r§r§0 §r§r§r§0 
18:30:04 §8 §r§8 §r§1 §r§3 §r§3 §r§7 §r§8 
18:30:07 
18:30:07 
18:30:32 §8 §r§8 §r§1 §r§3 §r§3 §r§7 §r§8 
18:37:24 §8 §r§8 §r§1 §r§3 §r§3 §r§7 §r§8 
18:41:24 §8 §r§8 §r§1 §r§3 §r§3 §r§7 §r§8 
18:42:31 §8 §r§8 §r§1 §r§3 §r§3 §r§7 §r§8 
18:45:38 §8 §r§8 §r§1 §r§3 §r§3 §r§7 §r§8 
18:47:32 §8 §r§8 §r§1 §r§3 §r§3 §r§7 §r§8 
18:50:16 
18:53:38 §8 §r§8 §r§1 §r§3 §r§3 §r§7 §r§8 
18:53:42 §8 §r§8 §r§1 §r§3 §r§3 §r§7 §r§8 
18:55:02 §8 §r§8 §r§1 §r§3 §r§3 §r§7 §r§8 
19:17:20 §f §r§r§r§f §r§r§r§1 §r§r§r§0 §r§r§r§2 §r§r§r§f §r§r§r§f §r§r§r§2 §r§r§r§0 §r§r§r§4 §r§r§r§3 §r§r§r§9 §r§r§r§2 §r§r§r§0 §r§r§r§0 §r§r§r§3 §r§r§r§9 §r§r§r§2 §r§r§r§0 §r§r§r§0 §r§r§r§3 §r§r§r§9 §r§r§r§2 §r§r§r§0 §r§r§r§0 
19:18:27 §8 §r§8 §r§1 §r§3 §r§3 §r§7 §r§8 
19:18:29 
19:18:29 
19:18:45 §8 §r§8 §r§1 §r§3 §r§3 §r§7 §r§8 
19:25:51 
19:27:40 §f                                        
19:27:40 §f                                        
19:30:41 
19:30:41 §f                                        
19:30:41 
19:44:14 §8 §r§8 §r§1 §r§3 §r§3 §r§7 §r§8 
19:49:42  
19:52:31 
19:54:19 §f                                        
20:00:57 §f
20:04:29  
20:07:46 §8 §r§8 §r§1 §r§3 §r§3 §r§7 §r§8 
20:07:55 §8 §r§8 §r§1 §r§3 §r§3 §r§7 §r§8 
20:08:05 §8 §r§8 §r§1 §r§3 §r§3 §r§7 §r§8 
20:08:12 §8 §r§8 §r§1 §r§3 §r§3 §r§7 §r§8 
20:19:30 §8 §r§8 §r§1 §r§3 §r§3 §r§7 §r§8 
20:19:38 §8 §r§8 §r§1 §r§3 §r§3 §r§7 §r§8 
20:23:14 §8 §r§8 §r§1 §r§3 §r§3 §r§7 §r§8 
20:23:17 §8 §r§8 §r§1 §r§3 §r§3 §r§7 §r§8 
20:23:23 §8 §r§8 §r§1 §r§3 §r§3 §r§7 §r§8 
20:23:28 §8 §r§8 §r§1 §r§3 §r§3 §r§7 §r§8 
20:24:07 
20:25:56 §f                                        
20:28:42 
20:32:50 
20:32:50 
20:35:25 
20:38:57 
20:42:41 
20:44:03 
20:45:51 §f                                        
20:47:01 §8 §r§8 §r§1 §r§3 §r§3 §r§7 §r§8 
20:47:03 §8 §r§8 §r§1 §r§3 §r§3 §r§7 §r§8 
20:52:30 
20:52:44 
20:54:19 §f                                        
21:11:07 §8 §r§8 §r§1 §r§3 §r§3 §r§7 §r§8 
21:11:27 §8 §r§8 §r§1 §r§3 §r§3 §r§7 §r§8 
21:15:11 §8 §r§8 §r§1 §r§3 §r§3 §r§7 §r§8 
21:15:19 §8 §r§8 §r§1 §r§3 §r§3 §r§7 §r§8 
21:26:15 §8 §r§8 §r§1 §r§3 §r§3 §r§7 §r§8 
21:37:21 §8 §r§8 §r§1 §r§3 §r§3 §r§7 §r§8 
21:40:19 §8 §r§8 §r§1 §r§3 §r§3 §r§7 §r§8 
21:52:29 
21:52:29 
21:52:29 
21:52:29 
22:00:57 §f
22:07:16 
22:07:16 
22:07:16 
22:07:16 
22:23:02 §8 §r§8 §r§1 §r§3 §r§3 §r§7 §r§8 
22:25:04 §f                                        
22:43:18 
22:45:07 §f                                        
22:45:07 §f                                        
22:47:33  
23:05:08 §f                                        
23:23:22 
23:24:59 §f                                        
23:24:59 §f                                        
23:28:01 
23:28:01 §f                                        
23:28:01 
