16:01:24 DWARVEN_MINES
16:02:43 NONE
16:02:44 PRIVATE_ISLAND
16:03:35 NONE
16:03:50 HUB
16:23:41 NONE
16:23:42 GARDEN
16:24:22 NONE
16:24:23 PRIVATE_ISLAND
16:24:40 NONE
16:24:40 DWARVEN_MINES
16:30:29 NONE
16:30:29 GARDEN
16:32:03 NONE
16:32:03 HUB
16:32:56 NONE
16:32:56 GARDEN
16:36:40 NONE
16:36:40 HUB
16:37:27 NONE
16:37:27 PRIVATE_ISLAND
16:38:47 NONE
16:38:49 HUB
16:38:54 NONE
16:38:55 PRIVATE_ISLAND_GUEST
16:39:38 NONE
16:39:38 PRIVATE_ISLAND
16:39:46 NONE
16:39:46 GARDEN
16:54:37 NONE
16:54:38 HUB
16:54:59 NONE
16:54:59 PRIVATE_ISLAND
16:58:09 NONE
16:58:10 HUB
16:58:38 NONE
16:58:38 GARDEN
17:00:52 NONE
17:00:53 PRIVATE_ISLAND
17:00:56 NONE
17:00:57 HUB
17:01:24 NONE
17:01:24 GARDEN
