10:32:07 §f §r§r§r§f §r§r§r§1 §r§r§r§0 §r§r§r§2 §r§r§r§f §r§r§r§f §r§r§r§2 §r§r§r§0 §r§r§r§4 §r§r§r§3 §r§r§r§9 §r§r§r§2 §r§r§r§0 §r§r§r§0 §r§r§r§3 §r§r§r§9 §r§r§r§2 §r§r§r§0 §r§r§r§0 §r§r§r§3 §r§r§r§9 §r§r§r§2 §r§r§r§0 §r§r§r§0 
10:32:19 §8 §r§8 §r§1 §r§3 §r§3 §r§7 §r§8 
10:32:21 
10:32:21 
10:33:20 §8 §r§8 §r§1 §r§3 §r§3 §r§7 §r§8 
10:36:21 §8 §r§8 §r§1 §r§3 §r§3 §r§7 §r§8 
10:39:08  
10:41:51 §8 §r§8 §r§1 §r§3 §r§3 §r§7 §r§8 
10:51:57 §8 §r§8 §r§1 §r§3 §r§3 §r§7 §r§8 
10:56:32 §8 §r§8 §r§1 §r§3 §r§3 §r§7 §r§8 
11:03:36 §8 §r§8 §r§1 §r§3 §r§3 §r§7 §r§8 
11:09:18 §8 §r§8 §r§1 §r§3 §r§3 §r§7 §r§8 
11:17:32 
11:17:32 
11:17:32 
11:17:32 
11:17:55 
11:17:55 
11:17:59 §8 §r§8 §r§1 §r§3 §r§3 §r§7 §r§8 
11:18:26 §8 §r§8 §r§1 §r§3 §r§3 §r§7 §r§8 
11:26:42 
11:26:42 
11:26:42 
11:26:42 
11:26:53 
11:26:53 
11:26:56 
11:26:56 
11:27:01 §8 §r§8 §r§1 §r§3 §r§3 §r§7 §r§8 
11:27:16 §8 §r§8 §r§1 §r§3 §r§3 §r§7 §r§8 
11:35:01 
11:35:01 
11:35:01 
11:35:01 
11:35:15 
11:35:15 
11:35:18 §8 §r§8 §r§1 §r§3 §r§3 §r§7 §r§8 
11:35:55 §8 §r§8 §r§1 §r§3 §r§3 §r§7 §r§8 
11:43:18 
11:43:18 
11:43:18 
11:43:18 
11:43:30 
11:43:30 
11:43:35 §8 §r§8 §r§1 §r§3 §r§3 §r§7 §r§8 
11:48:22 §8 §r§8 §r§1 §r§3 §r§3 §r§7 §r§8 
11:48:53 
11:48:53 
11:48:53 
11:49:03 
11:49:03 
11:49:03 
11:49:11 
11:49:11 
11:49:11 
11:57:39 
11:57:39 
11:57:39 
11:57:39 
11:57:51 
11:57:51 
11:58:02 §8 §r§8 §r§1 §r§3 §r§3 §r§7 §r§8 
11:59:06 §8 §r§8 §r§1 §r§3 §r§3 §r§7 §r§8 
12:00:35 §f
12:07:49 
12:07:50 
12:07:50 
12:07:50 
12:08:09 
12:08:09 
12:08:21 §8 §r§8 §r§1 §r§3 §r§3 §r§7 §r§8 
12:13:21 §8 §r§8 §r§1 §r§3 §r§3 §r§7 §r§8 
12:26:53 §8 §r§8 §r§1 §r§3 §r§3 §r§7 §r§8 
12:46:17 §8 §r§8 §r§1 §r§3 §r§3 §r§7 §r§8 
12:55:53 
12:55:53 
12:55:53 
12:55:53 
12:56:04 
12:56:04 
12:56:08 §8 §r§8 §r§1 §r§3 §r§3 §r§7 §r§8 
12:59:13 §8 §r§8 §r§1 §r§3 §r§3 §r§7 §r§8 
13:08:26 
13:08:26 
13:08:26 
13:08:26 
13:08:47 
13:08:47 
13:08:55 §8 §r§8 §r§1 §r§3 §r§3 §r§7 §r§8 
