10:32:19 §7Sending to server mini64BV...
10:32:25 §7Warping...
10:33:19 §7Warping you to your SkyBlock island...
10:33:19 §7Sending to server mini188BT...
10:36:21 §7Sending to server mini26D...
10:37:24 §7Warping...
10:37:37 §7Warping...
10:38:03 §7Warping...
10:38:34 §7Warping...
10:39:48 §7Warping...
10:40:05 §7Warping...
10:40:20 §7Warping...
10:40:29 §7Warping...
10:41:24 §7Warping...
10:41:51 §7Request join for Hub #1 (mega17E)...
10:41:51 §7Sending to server mega17E...
10:42:04 §7Warping...
10:43:06 §7Warping...
10:43:27 §7Warping...
10:44:03 §7Warping...
10:44:23 §7Warping...
10:45:04 §7Warping...
10:45:31 §7Warping...
10:47:59 §7Warping...
10:48:16 §7Warping...
10:48:41 §7Warping...
10:50:58 §7Warping...
10:51:57 §7Warping...
10:51:57 §7Sending to server mini181P...
10:52:47 §7Warping...
10:56:31 §7Warping...
10:56:31 §7Sending to server mini84BG...
11:03:34 §7Warping...
11:03:35 §7Sending to server mini5P...
11:09:16 §7Sending to server mini61BB...
11:17:59 §7Sending to server mini10CD...
11:18:25 §7Sending to server mini67B...
11:27:00 §7Sending to server mini186AP...
11:27:15 §7Sending to server mini33BU...
11:35:18 §7Sending to server mini243N...
11:35:54 §7Sending to server mini1013B...
11:43:34 §7Sending to server mini27AR...
11:48:21 §7Sending to server mini69BR...
11:58:02 §7Sending to server mini13BJ...
11:59:04 §7Sending to server mini8E...
12:08:20 §7Sending to server mini80AP...
12:13:21 §7Warping...
12:13:21 §7Sending to server mini269H...
12:26:52 §7Warping...
12:26:53 §7Sending to server mini144P...
12:31:25 §7Warping...
12:46:16 §7Sending to server mini3CM...
12:56:07 §7Sending to server mini77DN...
12:59:12 §7Sending to server mini78BS...
13:08:54 §7Sending to server mini189DH...
