18:55:06 §f §r§r§r§f §r§r§r§1 §r§r§r§0 §r§r§r§2 §r§r§r§f §r§r§r§f §r§r§r§2 §r§r§r§0 §r§r§r§4 §r§r§r§3 §r§r§r§9 §r§r§r§2 §r§r§r§0 §r§r§r§0 §r§r§r§3 §r§r§r§9 §r§r§r§2 §r§r§r§0 §r§r§r§0 §r§r§r§3 §r§r§r§9 §r§r§r§2 §r§r§r§0 §r§r§r§0 
18:55:12 §8 §r§8 §r§1 §r§3 §r§3 §r§7 §r§8 
18:55:14 
18:55:14 
18:57:53 §8 §r§8 §r§1 §r§3 §r§3 §r§7 §r§8 
18:58:21 §8 §r§8 §r§1 §r§3 §r§3 §r§7 §r§8 
18:59:53 §8 §r§8 §r§1 §r§3 §r§3 §r§7 §r§8 
19:03:12 §8 §r§8 §r§1 §r§3 §r§3 §r§7 §r§8 
19:04:05 §8 §r§8 §r§1 §r§3 §r§3 §r§7 §r§8 
19:05:59 
19:05:59 
19:05:59 
19:06:08 
19:06:08 
19:06:08 
19:06:16 
19:06:16 
19:06:16 
19:14:08 
19:14:08 
19:14:08 
19:14:08 
19:14:23 
19:14:23 
19:14:29 §8 §r§8 §r§1 §r§3 §r§3 §r§7 §r§8 
19:15:10 §8 §r§8 §r§1 §r§3 §r§3 §r§7 §r§8 
19:23:34 
19:25:00 §f                                        
19:25:00 §f                                        
19:44:56 §f                                        
20:00:36 §f
20:02:51 §8 §r§8 §r§1 §r§3 §r§3 §r§7 §r§8 
20:02:55 §8 §r§8 §r§1 §r§3 §r§3 §r§7 §r§8 
20:09:26 §8 §r§8 §r§1 §r§3 §r§3 §r§7 §r§8 
20:19:11 §8 §r§8 §r§1 §r§3 §r§3 §r§7 §r§8 
20:31:14 §f                                        
20:36:16 §f §r§r§r§f §r§r§r§1 §r§r§r§0 §r§r§r§2 §r§r§r§f §r§r§r§f §r§r§r§2 §r§r§r§0 §r§r§r§4 §r§r§r§3 §r§r§r§9 §r§r§r§2 §r§r§r§0 §r§r§r§0 §r§r§r§3 §r§r§r§9 §r§r§r§2 §r§r§r§0 §r§r§r§0 §r§r§r§3 §r§r§r§9 §r§r§r§2 §r§r§r§0 §r§r§r§0 
20:36:18 §8 §r§8 §r§1 §r§3 §r§3 §r§7 §r§8 
20:36:21 
20:36:21 
20:38:38 §f §r§r§r§f §r§r§r§1 §r§r§r§0 §r§r§r§2 §r§r§r§f §r§r§r§f §r§r§r§2 §r§r§r§0 §r§r§r§4 §r§r§r§3 §r§r§r§9 §r§r§r§2 §r§r§r§0 §r§r§r§0 §r§r§r§3 §r§r§r§9 §r§r§r§2 §r§r§r§0 §r§r§r§0 §r§r§r§3 §r§r§r§9 §r§r§r§2 §r§r§r§0 §r§r§r§0 
20:38:40 §8 §r§8 §r§1 §r§3 §r§3 §r§7 §r§8 
20:38:42 
20:38:42 
20:38:45 §8 §r§8 §r§1 §r§3 §r§3 §r§7 §r§8 
20:39:33 §f §r§r§r§f §r§r§r§1 §r§r§r§0 §r§r§r§2 §r§r§r§f §r§r§r§f §r§r§r§2 §r§r§r§0 §r§r§r§4 §r§r§r§3 §r§r§r§9 §r§r§r§2 §r§r§r§0 §r§r§r§0 §r§r§r§3 §r§r§r§9 §r§r§r§2 §r§r§r§0 §r§r§r§0 §r§r§r§3 §r§r§r§9 §r§r§r§2 §r§r§r§0 §r§r§r§0 
20:39:36 §8 §r§8 §r§1 §r§3 §r§3 §r§7 §r§8 
20:39:38 
20:39:38 
20:40:09 §8 §r§8 §r§1 §r§3 §r§3 §r§7 §r§8 
20:40:17 §8 §r§8 §r§1 §r§3 §r§3 §r§7 §r§8 
20:40:32 §8 §r§8 §r§1 §r§3 §r§3 §r§7 §r§8 
20:41:14 §8 §r§8 §r§1 §r§3 §r§3 §r§7 §r§8 
20:41:42 §8 §r§8 §r§1 §r§3 §r§3 §r§7 §r§8 
