16:21:50 `Slime`661991 missed {
 is already Found: false).
 Position: LorenzVec{x=-539.6145833333333, y=34.38541666666667, z=-888.09375}
 DistanceC: 1.1976118615614268
Relative Position: LorenzVec{x=1.1976118615614268, y=8.8763054690308, z=0.3980532499263063}
 }
16:21:50 `Slime`661992 missed {
 is already Found: false).
 Position: LorenzVec{x=-541.3854166666667, y=34.38541666666667, z=-887.75}
 DistanceC: 0.7418032499263063
Relative Position: LorenzVec{x=-0.5732214717720581, y=8.8763054690308, z=0.7418032499263063}
 }
16:21:50 `Slime`661993 missed {
 is already Found: false).
 Position: LorenzVec{x=-541.5833333333333, y=34.38541666666667, z=-888.5625}
 DistanceC: 0.7711381384385732
Relative Position: LorenzVec{x=-0.7711381384385732, y=8.8763054690308, z=-0.07069675007369369}
 }
16:21:50 `Slime`661994 missed {
 is already Found: false).
 Position: LorenzVec{x=-540.9583333333333, y=34.38541666666667, z=-887.4166666666667}
 DistanceC: 1.0751365832595638
Relative Position: LorenzVec{x=-0.14613813843857315, y=8.8763054690308, z=1.0751365832595638}
 }
16:21:50 `Slime`661995 missed {
 is already Found: false).
 Position: LorenzVec{x=-540.2395833333333, y=34.38541666666667, z=-888.0625}
 DistanceC: 0.5726118615614268
Relative Position: LorenzVec{x=0.5726118615614268, y=8.8763054690308, z=0.4293032499263063}
 }
16:21:50 `Slime`661996 missed {
 is already Found: false).
 Position: LorenzVec{x=-539.9479166666667, y=34.38541666666667, z=-887.28125}
 DistanceC: 1.2105532499263063
Relative Position: LorenzVec{x=0.8642785282279419, y=8.8763054690308, z=1.2105532499263063}
 }
16:23:15 `Slime`11197901 missed {
 is already Found: false).
 Position: LorenzVec{x=5.1875, y=70.0, z=8.84375}
 DistanceC: 17.35852087495323
Relative Position: LorenzVec{x=-17.35852087495323, y=-30.0, z=0.20405968495377813}
 }
16:23:15 `Slime`11197904 missed {
 is already Found: false).
 Position: LorenzVec{x=6.09375, y=70.0, z=9.96875}
 DistanceC: 16.45227087495323
Relative Position: LorenzVec{x=-16.45227087495323, y=-30.0, z=1.3290596849537781}
 }
16:23:15 `Slime`11197905 missed {
 is already Found: false).
 Position: LorenzVec{x=4.875, y=70.0, z=8.9375}
 DistanceC: 17.67102087495323
Relative Position: LorenzVec{x=-17.67102087495323, y=-30.0, z=0.29780968495377813}
 }
16:23:15 `Slime`11197907 missed {
 is already Found: false).
 Position: LorenzVec{x=4.90625, y=70.0, z=9.09375}
 DistanceC: 17.63977087495323
Relative Position: LorenzVec{x=-17.63977087495323, y=-30.0, z=0.45405968495377813}
 }
16:23:15 `Slime`11197908 missed {
 is already Found: false).
 Position: LorenzVec{x=6.6875, y=70.0, z=10.375}
 DistanceC: 15.858520874953228
Relative Position: LorenzVec{x=-15.858520874953228, y=-30.0, z=1.7353096849537781}
 }
16:23:15 `Slime`11197909 missed {
 is already Found: false).
 Position: LorenzVec{x=6.0625, y=70.0, z=6.197916666666667}
 DistanceC: 16.48352087495323
Relative Position: LorenzVec{x=-16.48352087495323, y=-30.0, z=-2.441773648379555}
 }
16:23:15 `Slime`11197910 missed {
 is already Found: false).
 Position: LorenzVec{x=5.75, y=70.875, z=8.78125}
 DistanceC: 16.79602087495323
Relative Position: LorenzVec{x=-16.79602087495323, y=-29.125, z=0.14155968495377813}
 }
16:23:21 `Slime`11198788 missed {
 is already Found: false).
 Position: LorenzVec{x=6.125, y=70.0, z=6.0625}
 DistanceC: 16.652385938194897
Relative Position: LorenzVec{x=-16.652385938194897, y=-30.0, z=-0.23750001192093695}
 }
16:23:34 `Slime`11200916 missed {
 is already Found: false).
 Position: LorenzVec{x=5.6875, y=70.0, z=6.875}
 DistanceC: 16.944724440326276
Relative Position: LorenzVec{x=-16.944724440326276, y=-30.0, z=0.5749999880790595}
 }
16:23:34 `Slime`11200918 missed {
 is already Found: false).
 Position: LorenzVec{x=5.75, y=70.0, z=6.15625}
 DistanceC: 16.882224440326276
Relative Position: LorenzVec{x=-16.882224440326276, y=-30.0, z=-0.1437500119209405}
 }
16:23:34 `Slime`11200919 missed {
 is already Found: false).
 Position: LorenzVec{x=6.5625, y=70.0, z=10.25}
 DistanceC: 16.069724440326276
Relative Position: LorenzVec{x=-16.069724440326276, y=-30.0, z=3.9499999880790595}
 }
16:23:34 `Slime`11200921 missed {
 is already Found: false).
 Position: LorenzVec{x=5.21875, y=72.03125, z=8.78125}
 DistanceC: 17.413474440326276
Relative Position: LorenzVec{x=-17.413474440326276, y=-27.96875, z=2.4812499880790595}
 }
16:23:34 `Slime`11200923 missed {
 is already Found: false).
 Position: LorenzVec{x=7.0, y=70.0, z=6.71875}
 DistanceC: 15.632224440326276
Relative Position: LorenzVec{x=-15.632224440326276, y=-30.0, z=0.4187499880790595}
 }
16:23:34 `Slime`11200926 missed {
 is already Found: false).
 Position: LorenzVec{x=7.03125, y=70.0, z=10.28125}
 DistanceC: 15.600974440326276
Relative Position: LorenzVec{x=-15.600974440326276, y=-30.0, z=3.9812499880790595}
 }
16:23:39 `Ghast`11201789 missed {
 is already Found: false).
 Position: LorenzVec{x=6.5, y=72.0, z=9.5}
 DistanceC: 15.300569306054449
Relative Position: LorenzVec{x=-15.300569306054449, y=-28.0, z=1.090370668950932}
 }
16:23:43 `Slime`11202309 missed {
 is already Found: false).
 Position: LorenzVec{x=6.78125, y=70.0, z=10.333333333333332}
 DistanceC: 16.91860259734115
Relative Position: LorenzVec{x=-16.91860259734115, y=-30.0, z=2.6529996574616934}
 }
16:23:43 `Slime`11202312 missed {
 is already Found: false).
 Position: LorenzVec{x=4.78125, y=70.0, z=9.375}
 DistanceC: 18.91860259734115
Relative Position: LorenzVec{x=-18.91860259734115, y=-30.0, z=1.6946663241283613}
 }
16:23:43 `Slime`11202314 missed {
 is already Found: false).
 Position: LorenzVec{x=5.1875, y=70.0, z=9.09375}
 DistanceC: 18.51235259734115
Relative Position: LorenzVec{x=-18.51235259734115, y=-30.0, z=1.4134163241283613}
 }
16:23:43 `Slime`11202315 missed {
 is already Found: false).
 Position: LorenzVec{x=6.21875, y=70.0, z=9.6875}
 DistanceC: 17.48110259734115
Relative Position: LorenzVec{x=-17.48110259734115, y=-30.0, z=2.0071663241283613}
 }
16:23:57 `Slime`11204316 missed {
 is already Found: false).
 Position: LorenzVec{x=5.90625, y=70.0, z=5.78125}
 DistanceC: 17.483867125691127
Relative Position: LorenzVec{x=-17.483867125691127, y=-30.0, z=-0.8053743089081475}
 }
16:24:02 `Slime`11204791 missed {
 is already Found: false).
 Position: LorenzVec{x=4.90625, y=70.0, z=8.6875}
 DistanceC: 16.769604140356428
Relative Position: LorenzVec{x=-16.769604140356428, y=-30.0, z=1.1413840977018888}
 }
16:24:02 `Slime`11204792 missed {
 is already Found: false).
 Position: LorenzVec{x=6.59375, y=70.875, z=8.96875}
 DistanceC: 15.082104140356428
Relative Position: LorenzVec{x=-15.082104140356428, y=-29.125, z=1.4226340977018888}
 }
16:24:02 `Slime`11204793 missed {
 is already Found: false).
 Position: LorenzVec{x=6.46875, y=70.0, z=10.03125}
 DistanceC: 15.207104140356428
Relative Position: LorenzVec{x=-15.207104140356428, y=-30.0, z=2.4851340977018888}
 }
16:24:02 `Slime`11204794 missed {
 is already Found: false).
 Position: LorenzVec{x=6.03125, y=70.0, z=10.09375}
 DistanceC: 15.644604140356428
Relative Position: LorenzVec{x=-15.644604140356428, y=-30.0, z=2.5476340977018888}
 }
16:24:11 `Slime`11205901 missed {
 is already Found: false).
 Position: LorenzVec{x=7.395833333333333, y=70.0, z=9.416666666666666}
 DistanceC: 15.666385652514546
Relative Position: LorenzVec{x=-15.666385652514546, y=-30.0, z=3.0461248554221694}
 }
16:24:11 `Slime`11205902 missed {
 is already Found: false).
 Position: LorenzVec{x=6.21875, y=70.0, z=9.78125}
 DistanceC: 16.843468985847878
Relative Position: LorenzVec{x=-16.843468985847878, y=-30.0, z=3.4107081887555033}
 }
16:24:11 `Slime`11206008 missed {
 is already Found: false).
 Position: LorenzVec{x=5.96875, y=70.0, z=6.0}
 DistanceC: 16.571668016308628
Relative Position: LorenzVec{x=-16.571668016308628, y=-30.0, z=-0.30000001192095116}
 }
16:24:21 `Slime`11206978 missed {
 is already Found: false).
 Position: LorenzVec{x=7.25, y=70.0, z=10.09375}
 DistanceC: 16.44999998807907
Relative Position: LorenzVec{x=-16.44999998807907, y=-30.0, z=2.4731089138785993}
 }
16:24:21 `Slime`11206979 missed {
 is already Found: false).
 Position: LorenzVec{x=6.5, y=70.0, z=9.78125}
 DistanceC: 17.19999998807907
Relative Position: LorenzVec{x=-17.19999998807907, y=-30.0, z=2.1606089138785993}
 }
16:24:38 `Slime`11208926 missed {
 is already Found: false).
 Position: LorenzVec{x=5.53125, y=70.0, z=9.375}
 DistanceC: 16.22842532200869
Relative Position: LorenzVec{x=-16.22842532200869, y=-30.0, z=2.6750000119209583}
 }
16:24:39 `Slime`11209040 missed {
 is already Found: false).
 Position: LorenzVec{x=6.375, y=70.0, z=6.375}
 DistanceC: 15.300854140356428
Relative Position: LorenzVec{x=-15.300854140356428, y=-30.0, z=-0.7339666667996543}
 }
16:24:40 `Slime`11209143 missed {
 is already Found: false).
 Position: LorenzVec{x=6.21875, y=70.0, z=9.78125}
 DistanceC: 15.457104140356428
Relative Position: LorenzVec{x=-15.457104140356428, y=-30.0, z=2.211599018482641}
 }
16:24:47 `Slime`11210066 missed {
 is already Found: false).
 Position: LorenzVec{x=4.979166666666667, y=70.0, z=9.5}
 DistanceC: 18.48720839327569
Relative Position: LorenzVec{x=-18.48720839327569, y=-30.0, z=2.8188307036431315}
 }
16:24:48 `Slime`11210202 missed {
 is already Found: false).
 Position: LorenzVec{x=7.125, y=70.0, z=9.78125}
 DistanceC: 15.908758319251163
Relative Position: LorenzVec{x=-15.908758319251163, y=-30.0, z=3.4225522690386265}
 }
16:24:49 `Slime`11210259 missed {
 is already Found: false).
 Position: LorenzVec{x=6.125, y=70.0, z=6.59375}
 DistanceC: 16.3846431994862
Relative Position: LorenzVec{x=-16.3846431994862, y=-30.0, z=0.2937499880790382}
 }
16:24:57 `Slime`11211111 missed {
 is already Found: false).
 Position: LorenzVec{x=7.28125, y=70.0, z=9.65625}
 DistanceC: 15.858950295415
Relative Position: LorenzVec{x=-15.858950295415, y=-30.0, z=1.189385556045254}
 }
16:24:57 `Slime`11211185 missed {
 is already Found: false).
 Position: LorenzVec{x=6.25, y=70.0, z=9.5625}
 DistanceC: 17.284543136255657
Relative Position: LorenzVec{x=-17.284543136255657, y=-30.0, z=1.4833788925015607}
 }
16:25:08 `Slime`11213268 missed {
 is already Found: false).
 Position: LorenzVec{x=6.3125, y=70.0, z=10.375}
 DistanceC: 15.942495025173592
Relative Position: LorenzVec{x=-15.942495025173592, y=-30.0, z=1.7753588532076172}
 }
16:25:15 `Slime`11214070 missed {
 is already Found: false).
 Position: LorenzVec{x=5.96875, y=70.0, z=9.75}
 DistanceC: 16.1180480310354
Relative Position: LorenzVec{x=-16.1180480310354, y=-30.0, z=3.2798650831174054}
 }
16:25:16 `Slime`11214133 missed {
 is already Found: false).
 Position: LorenzVec{x=6.5625, y=70.0, z=10.09375}
 DistanceC: 15.153565201561172
Relative Position: LorenzVec{x=-15.153565201561172, y=-30.0, z=3.393750011920969}
 }
16:25:26 `Slime`11215464 missed {
 is already Found: false).
 Position: LorenzVec{x=5.21875, y=70.875, z=8.78125}
 DistanceC: 17.7295684916268
Relative Position: LorenzVec{x=-17.7295684916268, y=-29.125, z=2.4579982716128423}
 }
16:25:26 `Slime`11215465 missed {
 is already Found: false).
 Position: LorenzVec{x=7.75, y=70.0, z=9.78125}
 DistanceC: 15.1983184916268
Relative Position: LorenzVec{x=-15.1983184916268, y=-30.0, z=3.4579982716128423}
 }
16:25:26 `Slime`11215466 missed {
 is already Found: false).
 Position: LorenzVec{x=6.90625, y=70.0, z=9.28125}
 DistanceC: 16.0420684916268
Relative Position: LorenzVec{x=-16.0420684916268, y=-30.0, z=2.9579982716128423}
 }
16:25:26 `Slime`11215467 missed {
 is already Found: false).
 Position: LorenzVec{x=7.3125, y=70.0, z=6.333333333333334}
 DistanceC: 15.6358184916268
Relative Position: LorenzVec{x=-15.6358184916268, y=-30.0, z=0.01008160494617627}
 }
16:25:34 `Slime`11216217 missed {
 is already Found: false).
 Position: LorenzVec{x=5.46875, y=70.0, z=9.375}
 DistanceC: 17.78540931091142
Relative Position: LorenzVec{x=-17.78540931091142, y=-30.0, z=0.9553373271387997}
 }
16:25:41 `Ghast`11217018 missed {
 is already Found: false).
 Position: LorenzVec{x=6.5, y=72.0, z=6.5}
 DistanceC: 15.346895610257612
Relative Position: LorenzVec{x=-15.346895610257612, y=-28.0, z=-0.19999998807902397}
 }
16:25:44 `Slime`11217401 missed {
 is already Found: false).
 Position: LorenzVec{x=6.34375, y=70.0, z=10.09375}
 DistanceC: 15.332104140356428
Relative Position: LorenzVec{x=-15.332104140356428, y=-30.0, z=2.0752585083428574}
 }
16:26:01 `Slime`11219560 missed {
 is already Found: false).
 Position: LorenzVec{x=6.5625, y=70.0, z=10.21875}
 DistanceC: 17.13749998807907
Relative Position: LorenzVec{x=-17.13749998807907, y=-30.0, z=2.6591922358742934}
 }
16:26:02 `Slime`11219697 missed {
 is already Found: false).
 Position: LorenzVec{x=5.53125, y=70.0, z=5.84375}
 DistanceC: 18.076673644134253
Relative Position: LorenzVec{x=-18.076673644134253, y=-30.0, z=-1.1793076226423995}
 }
16:26:03 `Slime`11219801 missed {
 is already Found: false).
 Position: LorenzVec{x=6.0, y=70.0, z=10.0}
 DistanceC: 17.34725752316797
Relative Position: LorenzVec{x=-17.34725752316797, y=-30.0, z=3.4574872839458948}
 }
16:26:03 `Slime`11219802 missed {
 is already Found: false).
 Position: LorenzVec{x=7.15625, y=70.0, z=10.0625}
 DistanceC: 16.19100752316797
Relative Position: LorenzVec{x=-16.19100752316797, y=-30.0, z=3.5199872839458948}
 }
16:26:11 `Slime`11222542 missed {
 is already Found: false).
 Position: LorenzVec{x=6.53125, y=70.0, z=6.15625}
 DistanceC: 16.32391688066795
Relative Position: LorenzVec{x=-16.32391688066795, y=-30.0, z=-2.4279355151984703}
 }
16:26:20 `Slime`11225732 missed {
 is already Found: false).
 Position: LorenzVec{x=5.46875, y=70.0, z=9.375}
 DistanceC: 16.207104140356428
Relative Position: LorenzVec{x=-16.207104140356428, y=-30.0, z=2.125733786670975}
 }
16:26:38 `Slime`11232892 missed {
 is already Found: false).
 Position: LorenzVec{x=7.71875, y=70.0, z=10.28125}
 DistanceC: 15.874890547764416
Relative Position: LorenzVec{x=-15.874890547764416, y=-30.0, z=2.3445124909569817}
 }
16:26:39 `Slime`11233289 missed {
 is already Found: false).
 Position: LorenzVec{x=5.09375, y=70.0, z=8.84375}
 DistanceC: 18.60624998807907
Relative Position: LorenzVec{x=-18.60624998807907, y=-30.0, z=1.438138563627561}
 }
16:26:40 `Slime`11233689 missed {
 is already Found: false).
 Position: LorenzVec{x=6.71875, y=70.0, z=9.78125}
 DistanceC: 16.830227817955773
Relative Position: LorenzVec{x=-16.830227817955773, y=-30.0, z=2.900652358641702}
 }
16:26:48 `Slime`11237165 missed {
 is already Found: false).
 Position: LorenzVec{x=6.28125, y=70.0, z=10.09375}
 DistanceC: 16.15150022517907
Relative Position: LorenzVec{x=-16.15150022517907, y=-30.0, z=1.4640639221305847}
 }
16:26:48 `Slime`11237166 missed {
 is already Found: false).
 Position: LorenzVec{x=5.3125, y=70.0, z=8.65625}
 DistanceC: 17.12025022517907
Relative Position: LorenzVec{x=-17.12025022517907, y=-30.0, z=0.026563922130584672}
 }
16:26:56 `Slime`11240069 missed {
 is already Found: false).
 Position: LorenzVec{x=5.34375, y=70.0, z=9.375}
 DistanceC: 16.612172082749453
Relative Position: LorenzVec{x=-16.612172082749453, y=-30.0, z=2.774144827839618}
 }
16:26:57 `Slime`11240708 missed {
 is already Found: false).
 Position: LorenzVec{x=6.0, y=70.0, z=9.9375}
 DistanceC: 15.675854140356428
Relative Position: LorenzVec{x=-15.675854140356428, y=-30.0, z=2.6061098683598107}
 }
16:27:07 `Slime`11245836 missed {
 is already Found: false).
 Position: LorenzVec{x=5.25, y=70.96875, z=8.78125}
 DistanceC: 17.498896326081827
Relative Position: LorenzVec{x=-17.498896326081827, y=-29.03125, z=2.481249988078999}
 }
16:27:18 `Slime`11251497 missed {
 is already Found: false).
 Position: LorenzVec{x=6.8125, y=70.0, z=10.03125}
 DistanceC: 16.677476583070835
Relative Position: LorenzVec{x=-16.677476583070835, y=-30.0, z=3.2931013226692887}
 }
16:27:18 `Slime`11251498 missed {
 is already Found: false).
 Position: LorenzVec{x=6.3125, y=70.0, z=10.375}
 DistanceC: 17.177476583070835
Relative Position: LorenzVec{x=-17.177476583070835, y=-30.0, z=3.6368513226692887}
 }
16:27:25 `Slime`11255414 missed {
 is already Found: false).
 Position: LorenzVec{x=6.75, y=70.0, z=9.625}
 DistanceC: 15.277088624739086
Relative Position: LorenzVec{x=-15.277088624739086, y=-30.0, z=1.1197747449519149}
 }
16:27:26 `Slime`11255896 missed {
 is already Found: false).
 Position: LorenzVec{x=5.96875, y=70.0, z=6.09375}
 DistanceC: 16.587119666275136
Relative Position: LorenzVec{x=-16.587119666275136, y=-30.0, z=-2.5359360778694047}
 }
16:27:36 `Slime`11261021 missed {
 is already Found: false).
 Position: LorenzVec{x=5.96875, y=70.0, z=8.96875}
 DistanceC: 15.707104140356428
Relative Position: LorenzVec{x=-15.707104140356428, y=-30.0, z=1.1054230897821515}
 }
16:27:36 `Slime`11261022 missed {
 is already Found: false).
 Position: LorenzVec{x=6.53125, y=70.0, z=10.09375}
 DistanceC: 15.144604140356428
Relative Position: LorenzVec{x=-15.144604140356428, y=-30.0, z=2.2304230897821515}
 }
16:27:43 `Ghast`11264322 missed {
 is already Found: false).
 Position: LorenzVec{x=6.5, y=72.0, z=7.5}
 DistanceC: 17.037178354164368
Relative Position: LorenzVec{x=-17.037178354164368, y=-28.0, z=0.6478923071728797}
 }
16:28:01 `Slime`11271639 missed {
 is already Found: false).
 Position: LorenzVec{x=5.5, y=71.49305555555556, z=8.78125}
 DistanceC: 16.175854140356428
Relative Position: LorenzVec{x=-16.175854140356428, y=-28.506944444444443, z=0.9694930423125037}
 }
16:28:22 `Slime`11285990 missed {
 is already Found: false).
 Position: LorenzVec{x=7.84375, y=70.0, z=9.96875}
 DistanceC: 15.161534480375714
Relative Position: LorenzVec{x=-15.161534480375714, y=-30.0, z=3.62187670558772}
 }
16:28:22 `Slime`11286636 missed {
 is already Found: false).
 Position: LorenzVec{x=7.125, y=70.0, z=9.34375}
 DistanceC: 15.384643199486199
Relative Position: LorenzVec{x=-15.384643199486199, y=-30.0, z=3.043749988078978}
 }
16:28:38 `Slime`11298866 missed {
 is already Found: false).
 Position: LorenzVec{x=6.21875, y=70.0, z=6.6875}
 DistanceC: 15.457104140356428
Relative Position: LorenzVec{x=-15.457104140356428, y=-30.0, z=-0.811527184823472}
 }
16:28:40 `Slime`11300502 missed {
 is already Found: false).
 Position: LorenzVec{x=5.90625, y=70.0, z=10.010416666666668}
 DistanceC: 15.84065789421777
Relative Position: LorenzVec{x=-15.84065789421777, y=-30.0, z=1.627211639144992}
 }
16:28:41 `Slime`11301276 missed {
 is already Found: false).
 Position: LorenzVec{x=4.90625, y=70.0, z=9.09375}
 DistanceC: 17.348745025173592
Relative Position: LorenzVec{x=-17.348745025173592, y=-30.0, z=0.4941088532076776}
 }
16:28:44 `Ghast`11303471 missed {
 is already Found: false).
 Position: LorenzVec{x=5.5, y=72.0, z=6.5}
 DistanceC: 18.152649138292304
Relative Position: LorenzVec{x=-18.152649138292304, y=-28.0, z=-1.2942922514744337}
 }
16:28:48 `Slime`11307376 missed {
 is already Found: false).
 Position: LorenzVec{x=6.21875, y=70.0, z=10.375}
 DistanceC: 15.84622170769839
Relative Position: LorenzVec{x=-15.84622170769839, y=-30.0, z=3.883111368119736}
 }
16:28:57 `Slime`11313741 missed {
 is already Found: false).
 Position: LorenzVec{x=6.979166666666666, y=70.0, z=9.958333333333332}
 DistanceC: 16.720833321412407
Relative Position: LorenzVec{x=-16.720833321412407, y=-30.0, z=2.3376922472120096}
 }
16:29:00 `Slime`11316393 missed {
 is already Found: false).
 Position: LorenzVec{x=6.59375, y=70.0, z=10.375}
 DistanceC: 15.792613312064994
Relative Position: LorenzVec{x=-15.792613312064994, y=-30.0, z=4.074999988078967}
 }
16:29:07 `Slime`11321572 missed {
 is already Found: false).
 Position: LorenzVec{x=6.0625, y=70.0, z=6.71875}
 DistanceC: 16.706493513421655
Relative Position: LorenzVec{x=-16.706493513421655, y=-30.0, z=-1.8972957094950154}
 }
16:29:25 `Slime`11333923 missed {
 is already Found: false).
 Position: LorenzVec{x=6.75, y=70.0, z=5.875}
 DistanceC: 15.698021679238451
Relative Position: LorenzVec{x=-15.698021679238451, y=-30.0, z=-0.42500001192104}
 }
16:29:26 `Slime`11334236 missed {
 is already Found: false).
 Position: LorenzVec{x=6.3125, y=70.0, z=9.78125}
 DistanceC: 15.687035121207039
Relative Position: LorenzVec{x=-15.687035121207039, y=-30.0, z=3.223997890059554}
 }
16:29:29 `Slime`11335325 missed {
 is already Found: false).
 Position: LorenzVec{x=6.0625, y=70.0, z=10.09375}
 DistanceC: 15.613354140356428
Relative Position: LorenzVec{x=-15.613354140356428, y=-30.0, z=2.3583233313430245}
 }
16:29:36 `Slime`11338869 missed {
 is already Found: false).
 Position: LorenzVec{x=7.53125, y=70.0, z=9.78125}
 DistanceC: 15.75085923244037
Relative Position: LorenzVec{x=-15.75085923244037, y=-30.0, z=3.3043307848891175}
 }
16:29:47 `Slime`11343675 missed {
 is already Found: false).
 Position: LorenzVec{x=6.15625, y=70.0, z=10.34375}
 DistanceC: 17.54374998807907
Relative Position: LorenzVec{x=-17.54374998807907, y=-30.0, z=3.030639397019863}
 }
16:29:52 `Slime`11346857 missed {
 is already Found: false).
 Position: LorenzVec{x=6.5, y=70.0, z=5.84375}
 DistanceC: 15.175854140356428
Relative Position: LorenzVec{x=-15.175854140356428, y=-30.0, z=-0.9069403521108814}
 }
16:29:55 `Slime`11348177 missed {
 is already Found: false).
 Position: LorenzVec{x=4.90625, y=70.0, z=9.0}
 DistanceC: 16.769604140356428
Relative Position: LorenzVec{x=-16.769604140356428, y=-30.0, z=0.8262731601279505}
 }
16:29:56 `Slime`11348693 missed {
 is already Found: false).
 Position: LorenzVec{x=6.5, y=70.0, z=9.78125}
 DistanceC: 15.49860819969247
Relative Position: LorenzVec{x=-15.49860819969247, y=-30.0, z=1.2878334309264066}
 }
16:30:02 `Slime`11352114 missed {
 is already Found: false).
 Position: LorenzVec{x=6.21875, y=70.0, z=5.875}
 DistanceC: 16.644104205484375
Relative Position: LorenzVec{x=-16.644104205484375, y=-30.0, z=-0.42500001192105064}
 }
16:30:03 `Slime`11352527 missed {
 is already Found: false).
 Position: LorenzVec{x=4.75, y=70.0, z=9.375}
 DistanceC: 17.57469396023089
Relative Position: LorenzVec{x=-17.57469396023089, y=-30.0, z=3.0749999880789494}
 }
16:30:12 `Slime`11357339 missed {
 is already Found: false).
 Position: LorenzVec{x=6.96875, y=70.0, z=10.052083333333334}
 DistanceC: 16.73124998807907
Relative Position: LorenzVec{x=-16.73124998807907, y=-30.0, z=2.6464718969609553}
 }
16:30:13 `Slime`11357831 missed {
 is already Found: false).
 Position: LorenzVec{x=6.8125, y=70.0, z=10.375}
 DistanceC: 16.736477817955773
Relative Position: LorenzVec{x=-16.736477817955773, y=-30.0, z=3.4944023586417625}
 }
16:30:14 `Slime`11358334 missed {
 is already Found: false).
 Position: LorenzVec{x=6.21875, y=70.0, z=9.78125}
 DistanceC: 17.012058887447687
Relative Position: LorenzVec{x=-17.012058887447687, y=-30.0, z=3.336401488801232}
 }
16:30:20 `Slime`11361243 missed {
 is already Found: false).
 Position: LorenzVec{x=5.625, y=70.0, z=9.0}
 DistanceC: 16.050854140356428
Relative Position: LorenzVec{x=-16.050854140356428, y=-30.0, z=0.9297641388748694}
 }
16:30:21 `Slime`11361818 missed {
 is already Found: false).
 Position: LorenzVec{x=5.34375, y=70.96875, z=8.78125}
 DistanceC: 16.71182325172944
Relative Position: LorenzVec{x=-16.71182325172944, y=-29.03125, z=0.2642196336977065}
 }
16:30:31 `Slime`11367872 missed {
 is already Found: false).
 Position: LorenzVec{x=5.5, y=70.875, z=8.78125}
 DistanceC: 16.175854140356428
Relative Position: LorenzVec{x=-16.175854140356428, y=-29.125, z=1.4498598683598711}
 }
16:30:32 `Slime`11368444 missed {
 is already Found: false).
 Position: LorenzVec{x=6.53125, y=70.0, z=10.03125}
 DistanceC: 15.144604140356428
Relative Position: LorenzVec{x=-15.144604140356428, y=-30.0, z=2.245157649610964}
 }
16:30:40 `Slime`11373691 missed {
 is already Found: false).
 Position: LorenzVec{x=6.21875, y=70.0, z=9.625}
 DistanceC: 16.558635938194897
Relative Position: LorenzVec{x=-16.558635938194897, y=-30.0, z=3.3249999880789387}
 }
16:30:46 `Ghast`11377331 missed {
 is already Found: false).
 Position: LorenzVec{x=5.5, y=72.0, z=8.5}
 DistanceC: 16.44167683632513
Relative Position: LorenzVec{x=-16.44167683632513, y=-28.0, z=0.030225888121853117}
 }
16:30:57 `Slime`11381912 missed {
 is already Found: false).
 Position: LorenzVec{x=5.625, y=70.0, z=10.375}
 DistanceC: 18.07499998807907
Relative Position: LorenzVec{x=-18.07499998807907, y=-33.71155974202347, z=3.039336950482946}
 }
16:30:58 `Slime`11382334 missed {
 is already Found: false).
 Position: LorenzVec{x=7.34375, y=70.0, z=10.09375}
 DistanceC: 16.35624998807907
Relative Position: LorenzVec{x=-16.35624998807907, y=-33.71155974202347, z=2.758086950482946}
 }
16:30:59 `Slime`11383116 missed {
 is already Found: false).
 Position: LorenzVec{x=6.53125, y=70.0, z=6.1875}
 DistanceC: 17.16874998807907
Relative Position: LorenzVec{x=-17.16874998807907, y=-33.71155974202347, z=-1.1481630495170538}
 }
16:31:02 `Slime`11384020 missed {
 is already Found: false).
 Position: LorenzVec{x=7.34375, y=70.0, z=10.28125}
 DistanceC: 16.906484194056986
Relative Position: LorenzVec{x=-16.906484194056986, y=-33.71155974202347, z=2.885474164479202}
 }
16:32:35 `Slime`11415588 missed {
 is already Found: false).
 Position: LorenzVec{x=8.40625, y=70.0, z=7.21875}
 DistanceC: 1.741125939846711
Relative Position: LorenzVec{x=1.0429101410614052, y=-8.128031801359612, z=-1.741125939846711}
 }
16:38:52 `Bat`762500 missed {
 is already Found: false).
 Position: LorenzVec{x=-513.2708333333333, y=39.35416666666667, z=-262.58333333333337}
 DistanceC: 11.35509194223232
Relative Position: LorenzVec{x=11.35509194223232, y=-2.6458333333333286, z=5.133336007903722}
 }
16:38:54 `Bat`763212 missed {
 is already Found: false).
 Position: LorenzVec{x=-521.40625, y=39.875, z=-250.21875}
 DistanceC: 17.939493927374883
Relative Position: LorenzVec{x=3.7525959464652487, y=-2.625, z=17.939493927374883}
 }
16:39:00 `Bat`762627 missed {
 is already Found: false).
 Position: LorenzVec{x=-522.75, y=38.875, z=-290.84375}
 DistanceC: 10.679070702408922
Relative Position: LorenzVec{x=1.831940448916498, y=0.875, z=10.679070702408922}
 }
16:39:01 `Bat`760715 missed {
 is already Found: false).
 Position: LorenzVec{x=-512.3125, y=39.875, z=-297.375}
 DistanceC: 16.67603023108859
Relative Position: LorenzVec{x=16.67603023108859, y=-1.6200646203298135, z=16.390067028016347}
 }
16:39:03 `Bat`762683 missed {
 is already Found: false).
 Position: LorenzVec{x=-521.875, y=38.875, z=-305.40625}
 DistanceC: 8.719784374409073
Relative Position: LorenzVec{x=8.653543253632279, y=-0.125, z=8.719784374409073}
 }
16:39:03 `Bat`762716 missed {
 is already Found: false).
 Position: LorenzVec{x=-520.90625, y=38.875, z=-312.40625}
 DistanceC: 10.320252259075346
Relative Position: LorenzVec{x=10.320252259075346, y=-0.125, z=1.8352365089538125}
 }
16:39:04 `Bat`759935 missed {
 is already Found: false).
 Position: LorenzVec{x=-528.0625, y=39.10000002384186, z=-318.71875}
 DistanceC: 4.4772634910461875
Relative Position: LorenzVec{x=3.164002259075346, y=0.10000002384185791, z=-4.4772634910461875}
 }
16:39:28 `Bat`765060 missed {
 is already Found: false).
 Position: LorenzVec{x=-518.5625, y=39.10000002384186, z=-308.75}
 DistanceC: 8.018975914203565
Relative Position: LorenzVec{x=8.018975914203565, y=1.100000023841858, z=4.425441918700926}
 }
16:39:46 `Bat`765769 missed {
 is already Found: false).
 Position: LorenzVec{x=-522.15625, y=38.875, z=-287.6875}
 DistanceC: 15.402506652492661
Relative Position: LorenzVec{x=4.056126199010691, y=-1.0662000391721733, z=15.402506652492661}
 }
16:40:05 `Guardian`767345 missed {
 is already Found: false).
 Position: LorenzVec{x=-526.375, y=38.1875, z=-304.3125}
 DistanceC: 4.07841888273299
Relative Position: LorenzVec{x=-3.760075033066869, y=0.1875, z=4.07841888273299}
 }
16:40:05 `Guardian`767347 missed {
 is already Found: false).
 Position: LorenzVec{x=-526.375, y=39.59375, z=-304.3125}
 DistanceC: 4.07841888273299
Relative Position: LorenzVec{x=-3.760075033066869, y=1.59375, z=4.07841888273299}
 }
16:40:05 `Guardian`767349 missed {
 is already Found: false).
 Position: LorenzVec{x=-526.375, y=41.0, z=-304.3125}
 DistanceC: 4.07841888273299
Relative Position: LorenzVec{x=-3.760075033066869, y=3.0, z=4.07841888273299}
 }
16:40:05 `Guardian`767351 missed {
 is already Found: false).
 Position: LorenzVec{x=-526.375, y=38.1875, z=-304.3125}
 DistanceC: 4.07841888273299
Relative Position: LorenzVec{x=-3.760075033066869, y=0.1875, z=4.07841888273299}
 }
16:40:05 `Guardian`767353 missed {
 is already Found: false).
 Position: LorenzVec{x=-526.375, y=39.59375, z=-304.3125}
 DistanceC: 4.07841888273299
Relative Position: LorenzVec{x=-3.760075033066869, y=1.59375, z=4.07841888273299}
 }
16:40:05 `Guardian`767355 missed {
 is already Found: false).
 Position: LorenzVec{x=-526.375, y=41.0, z=-304.3125}
 DistanceC: 4.07841888273299
Relative Position: LorenzVec{x=-3.760075033066869, y=3.0, z=4.07841888273299}
 }
16:40:05 `Guardian`767357 missed {
 is already Found: false).
 Position: LorenzVec{x=-526.375, y=38.1875, z=-304.3125}
 DistanceC: 4.07841888273299
Relative Position: LorenzVec{x=-3.760075033066869, y=0.1875, z=4.07841888273299}
 }
16:40:05 `Guardian`767359 missed {
 is already Found: false).
 Position: LorenzVec{x=-526.375, y=39.59375, z=-304.3125}
 DistanceC: 4.07841888273299
Relative Position: LorenzVec{x=-3.760075033066869, y=1.59375, z=4.07841888273299}
 }
16:40:05 `Guardian`767361 missed {
 is already Found: false).
 Position: LorenzVec{x=-526.375, y=41.0, z=-304.3125}
 DistanceC: 4.07841888273299
Relative Position: LorenzVec{x=-3.760075033066869, y=3.0, z=4.07841888273299}
 }
16:40:05 `Guardian`767363 missed {
 is already Found: false).
 Position: LorenzVec{x=-526.375, y=38.1875, z=-304.3125}
 DistanceC: 4.07841888273299
Relative Position: LorenzVec{x=-3.760075033066869, y=0.1875, z=4.07841888273299}
 }
16:40:05 `Guardian`767365 missed {
 is already Found: false).
 Position: LorenzVec{x=-526.375, y=39.59375, z=-304.3125}
 DistanceC: 4.07841888273299
Relative Position: LorenzVec{x=-3.760075033066869, y=1.59375, z=4.07841888273299}
 }
16:40:05 `Guardian`767367 missed {
 is already Found: false).
 Position: LorenzVec{x=-526.375, y=41.0, z=-304.3125}
 DistanceC: 4.07841888273299
Relative Position: LorenzVec{x=-3.760075033066869, y=3.0, z=4.07841888273299}
 }
16:40:34 `Guardian`769788 missed {
 is already Found: false).
 Position: LorenzVec{x=-544.34375, y=21.25, z=-316.4375}
 DistanceC: 20.81920131746881
Relative Position: LorenzVec{x=-20.81920131746881, y=-16.75, z=-8.116705794910615}
 }
16:40:34 `Guardian`769790 missed {
 is already Found: false).
 Position: LorenzVec{x=-544.34375, y=22.65625, z=-316.4375}
 DistanceC: 20.81920131746881
Relative Position: LorenzVec{x=-20.81920131746881, y=-15.34375, z=-8.116705794910615}
 }
16:40:34 `Guardian`769792 missed {
 is already Found: false).
 Position: LorenzVec{x=-544.34375, y=24.0625, z=-316.4375}
 DistanceC: 20.81920131746881
Relative Position: LorenzVec{x=-20.81920131746881, y=-13.9375, z=-8.116705794910615}
 }
16:40:34 `Guardian`769794 missed {
 is already Found: false).
 Position: LorenzVec{x=-544.34375, y=21.25, z=-316.4375}
 DistanceC: 20.81920131746881
Relative Position: LorenzVec{x=-20.81920131746881, y=-16.75, z=-8.116705794910615}
 }
16:40:34 `Guardian`769796 missed {
 is already Found: false).
 Position: LorenzVec{x=-544.34375, y=22.65625, z=-316.4375}
 DistanceC: 20.81920131746881
Relative Position: LorenzVec{x=-20.81920131746881, y=-15.34375, z=-8.116705794910615}
 }
16:40:34 `Guardian`769798 missed {
 is already Found: false).
 Position: LorenzVec{x=-544.34375, y=24.0625, z=-316.4375}
 DistanceC: 20.81920131746881
Relative Position: LorenzVec{x=-20.81920131746881, y=-13.9375, z=-8.116705794910615}
 }
16:40:34 `Guardian`769800 missed {
 is already Found: false).
 Position: LorenzVec{x=-544.34375, y=21.25, z=-316.4375}
 DistanceC: 20.81920131746881
Relative Position: LorenzVec{x=-20.81920131746881, y=-16.75, z=-8.116705794910615}
 }
16:40:34 `Guardian`769802 missed {
 is already Found: false).
 Position: LorenzVec{x=-544.34375, y=22.65625, z=-316.4375}
 DistanceC: 20.81920131746881
Relative Position: LorenzVec{x=-20.81920131746881, y=-15.34375, z=-8.116705794910615}
 }
16:40:34 `Guardian`769804 missed {
 is already Found: false).
 Position: LorenzVec{x=-544.34375, y=24.0625, z=-316.4375}
 DistanceC: 20.81920131746881
Relative Position: LorenzVec{x=-20.81920131746881, y=-13.9375, z=-8.116705794910615}
 }
16:40:34 `Guardian`769806 missed {
 is already Found: false).
 Position: LorenzVec{x=-544.34375, y=21.25, z=-316.4375}
 DistanceC: 20.81920131746881
Relative Position: LorenzVec{x=-20.81920131746881, y=-16.75, z=-8.116705794910615}
 }
16:40:34 `Guardian`769808 missed {
 is already Found: false).
 Position: LorenzVec{x=-544.34375, y=22.65625, z=-316.4375}
 DistanceC: 20.81920131746881
Relative Position: LorenzVec{x=-20.81920131746881, y=-15.34375, z=-8.116705794910615}
 }
16:40:34 `Guardian`769810 missed {
 is already Found: false).
 Position: LorenzVec{x=-544.34375, y=24.0625, z=-316.4375}
 DistanceC: 20.81920131746881
Relative Position: LorenzVec{x=-20.81920131746881, y=-13.9375, z=-8.116705794910615}
 }
16:40:35 `Bat`769869 missed {
 is already Found: false).
 Position: LorenzVec{x=-523.75, y=38.875, z=-312.3125}
 DistanceC: 3.6587583022193257
Relative Position: LorenzVec{x=-3.6587583022193257, y=0.875, z=0.3185174742798722}
 }
16:40:36 `Bat`769913 missed {
 is already Found: false).
 Position: LorenzVec{x=-528.5729166666667, y=39.41666666666667, z=-316.84375}
 DistanceC: 11.93303956230477
Relative Position: LorenzVec{x=-11.93303956230477, y=1.4166666666666714, z=-6.897740556076769}
 }
16:40:39 `Bat`770051 missed {
 is already Found: false).
 Position: LorenzVec{x=-517.5, y=39.875, z=-304.96875}
 DistanceC: 12.829461283102376
Relative Position: LorenzVec{x=5.677292879956781, y=-2.6200646203298135, z=12.829461283102376}
 }
16:40:51 `Guardian`771026 missed {
 is already Found: false).
 Position: LorenzVec{x=-520.78125, y=38.1875, z=-313.3125}
 DistanceC: 9.572600831547788
Relative Position: LorenzVec{x=-3.402157273394323, y=-1.450722727498622, z=-9.572600831547788}
 }
16:40:51 `Guardian`771028 missed {
 is already Found: false).
 Position: LorenzVec{x=-520.78125, y=39.59375, z=-313.3125}
 DistanceC: 9.572600831547788
Relative Position: LorenzVec{x=-3.402157273394323, y=-0.04447272749862208, z=-9.572600831547788}
 }
16:40:51 `Guardian`771030 missed {
 is already Found: false).
 Position: LorenzVec{x=-520.78125, y=41.0, z=-313.3125}
 DistanceC: 9.572600831547788
Relative Position: LorenzVec{x=-3.402157273394323, y=1.361777272501378, z=-9.572600831547788}
 }
16:40:51 `Guardian`771032 missed {
 is already Found: false).
 Position: LorenzVec{x=-520.78125, y=38.1875, z=-313.3125}
 DistanceC: 9.572600831547788
Relative Position: LorenzVec{x=-3.402157273394323, y=-1.450722727498622, z=-9.572600831547788}
 }
16:40:51 `Guardian`771034 missed {
 is already Found: false).
 Position: LorenzVec{x=-520.78125, y=39.59375, z=-313.3125}
 DistanceC: 9.572600831547788
Relative Position: LorenzVec{x=-3.402157273394323, y=-0.04447272749862208, z=-9.572600831547788}
 }
16:40:51 `Guardian`771036 missed {
 is already Found: false).
 Position: LorenzVec{x=-520.78125, y=41.0, z=-313.3125}
 DistanceC: 9.572600831547788
Relative Position: LorenzVec{x=-3.402157273394323, y=1.361777272501378, z=-9.572600831547788}
 }
16:40:51 `Guardian`771038 missed {
 is already Found: false).
 Position: LorenzVec{x=-520.78125, y=38.1875, z=-313.3125}
 DistanceC: 9.584746326945435
Relative Position: LorenzVec{x=-3.4482832727306914, y=-0.8125, z=-9.584746326945435}
 }
16:40:51 `Guardian`771040 missed {
 is already Found: false).
 Position: LorenzVec{x=-520.78125, y=39.59375, z=-313.3125}
 DistanceC: 9.584746326945435
Relative Position: LorenzVec{x=-3.4482832727306914, y=0.59375, z=-9.584746326945435}
 }
16:40:51 `Guardian`771042 missed {
 is already Found: false).
 Position: LorenzVec{x=-520.78125, y=41.0, z=-313.3125}
 DistanceC: 9.584746326945435
Relative Position: LorenzVec{x=-3.4482832727306914, y=2.0, z=-9.584746326945435}
 }
16:40:51 `Guardian`771044 missed {
 is already Found: false).
 Position: LorenzVec{x=-520.78125, y=38.1875, z=-313.3125}
 DistanceC: 9.584746326945435
Relative Position: LorenzVec{x=-3.4482832727306914, y=-0.8125, z=-9.584746326945435}
 }
16:40:51 `Guardian`771046 missed {
 is already Found: false).
 Position: LorenzVec{x=-520.78125, y=39.59375, z=-313.3125}
 DistanceC: 9.584746326945435
Relative Position: LorenzVec{x=-3.4482832727306914, y=0.59375, z=-9.584746326945435}
 }
16:40:51 `Guardian`771048 missed {
 is already Found: false).
 Position: LorenzVec{x=-520.78125, y=41.0, z=-313.3125}
 DistanceC: 9.584746326945435
Relative Position: LorenzVec{x=-3.4482832727306914, y=2.0, z=-9.584746326945435}
 }
16:41:00 `Guardian`771479 missed {
 is already Found: false).
 Position: LorenzVec{x=-539.59375, y=21.1875, z=-310.96875}
 DistanceC: 15.30787182496988
Relative Position: LorenzVec{x=-15.30787182496988, y=-16.8125, z=-6.005161591682622}
 }
16:41:00 `Guardian`771481 missed {
 is already Found: false).
 Position: LorenzVec{x=-539.59375, y=22.59375, z=-310.96875}
 DistanceC: 15.30787182496988
Relative Position: LorenzVec{x=-15.30787182496988, y=-15.40625, z=-6.005161591682622}
 }
16:41:00 `Guardian`771483 missed {
 is already Found: false).
 Position: LorenzVec{x=-539.59375, y=24.0, z=-310.96875}
 DistanceC: 15.30787182496988
Relative Position: LorenzVec{x=-15.30787182496988, y=-14.0, z=-6.005161591682622}
 }
16:41:00 `Guardian`771485 missed {
 is already Found: false).
 Position: LorenzVec{x=-539.59375, y=21.1875, z=-310.96875}
 DistanceC: 15.30787182496988
Relative Position: LorenzVec{x=-15.30787182496988, y=-16.8125, z=-6.005161591682622}
 }
16:41:00 `Guardian`771487 missed {
 is already Found: false).
 Position: LorenzVec{x=-539.59375, y=22.59375, z=-310.96875}
 DistanceC: 15.30787182496988
Relative Position: LorenzVec{x=-15.30787182496988, y=-15.40625, z=-6.005161591682622}
 }
16:41:00 `Guardian`771489 missed {
 is already Found: false).
 Position: LorenzVec{x=-539.59375, y=24.0, z=-310.96875}
 DistanceC: 15.30787182496988
Relative Position: LorenzVec{x=-15.30787182496988, y=-14.0, z=-6.005161591682622}
 }
16:41:00 `Guardian`771491 missed {
 is already Found: false).
 Position: LorenzVec{x=-539.59375, y=21.1875, z=-310.96875}
 DistanceC: 15.30787182496988
Relative Position: LorenzVec{x=-15.30787182496988, y=-16.8125, z=-6.005161591682622}
 }
16:41:00 `Guardian`771493 missed {
 is already Found: false).
 Position: LorenzVec{x=-539.59375, y=22.59375, z=-310.96875}
 DistanceC: 15.30787182496988
Relative Position: LorenzVec{x=-15.30787182496988, y=-15.40625, z=-6.005161591682622}
 }
16:41:00 `Guardian`771495 missed {
 is already Found: false).
 Position: LorenzVec{x=-539.59375, y=24.0, z=-310.96875}
 DistanceC: 15.30787182496988
Relative Position: LorenzVec{x=-15.30787182496988, y=-14.0, z=-6.005161591682622}
 }
16:41:00 `Guardian`771497 missed {
 is already Found: false).
 Position: LorenzVec{x=-539.59375, y=21.1875, z=-310.96875}
 DistanceC: 15.30787182496988
Relative Position: LorenzVec{x=-15.30787182496988, y=-16.8125, z=-6.005161591682622}
 }
16:41:00 `Guardian`771499 missed {
 is already Found: false).
 Position: LorenzVec{x=-539.59375, y=22.59375, z=-310.96875}
 DistanceC: 15.30787182496988
Relative Position: LorenzVec{x=-15.30787182496988, y=-15.40625, z=-5.9861665472568575}
 }
16:41:00 `Guardian`771501 missed {
 is already Found: false).
 Position: LorenzVec{x=-539.59375, y=24.0, z=-310.96875}
 DistanceC: 15.30787182496988
Relative Position: LorenzVec{x=-15.30787182496988, y=-14.0, z=-5.9861665472568575}
 }
16:41:12 `Bat`771854 missed {
 is already Found: false).
 Position: LorenzVec{x=-523.6875, y=38.84375, z=-314.78125}
 DistanceC: 2.676799519947963
Relative Position: LorenzVec{x=-2.676799519947963, y=0.84375, z=1.918749988079071}
 }
16:41:26 `Guardian`772333 missed {
 is already Found: false).
 Position: LorenzVec{x=-546.40625, y=21.1875, z=-314.3125}
 DistanceC: 17.56027619593567
Relative Position: LorenzVec{x=-17.56027619593567, y=-17.8125, z=5.80351897716173}
 }
16:41:26 `Guardian`772335 missed {
 is already Found: false).
 Position: LorenzVec{x=-546.40625, y=22.59375, z=-314.3125}
 DistanceC: 17.56027619593567
Relative Position: LorenzVec{x=-17.56027619593567, y=-16.40625, z=5.80351897716173}
 }
16:41:26 `Guardian`772337 missed {
 is already Found: false).
 Position: LorenzVec{x=-546.40625, y=24.0, z=-314.3125}
 DistanceC: 17.56027619593567
Relative Position: LorenzVec{x=-17.56027619593567, y=-15.0, z=5.80351897716173}
 }
16:41:26 `Guardian`772339 missed {
 is already Found: false).
 Position: LorenzVec{x=-546.40625, y=21.1875, z=-314.3125}
 DistanceC: 17.56027619593567
Relative Position: LorenzVec{x=-17.56027619593567, y=-17.8125, z=5.80351897716173}
 }
16:41:26 `Guardian`772341 missed {
 is already Found: false).
 Position: LorenzVec{x=-546.40625, y=22.59375, z=-314.3125}
 DistanceC: 17.56027619593567
Relative Position: LorenzVec{x=-17.56027619593567, y=-16.40625, z=5.80351897716173}
 }
16:41:26 `Guardian`772343 missed {
 is already Found: false).
 Position: LorenzVec{x=-546.40625, y=24.0, z=-314.3125}
 DistanceC: 17.56027619593567
Relative Position: LorenzVec{x=-17.56027619593567, y=-15.0, z=5.80351897716173}
 }
16:41:26 `Guardian`772345 missed {
 is already Found: false).
 Position: LorenzVec{x=-546.40625, y=21.1875, z=-314.3125}
 DistanceC: 17.56027619593567
Relative Position: LorenzVec{x=-17.56027619593567, y=-17.8125, z=5.80351897716173}
 }
16:41:26 `Guardian`772347 missed {
 is already Found: false).
 Position: LorenzVec{x=-546.40625, y=22.59375, z=-314.3125}
 DistanceC: 17.56027619593567
Relative Position: LorenzVec{x=-17.56027619593567, y=-16.40625, z=5.80351897716173}
 }
16:41:26 `Guardian`772349 missed {
 is already Found: false).
 Position: LorenzVec{x=-546.40625, y=24.0, z=-314.3125}
 DistanceC: 17.56027619593567
Relative Position: LorenzVec{x=-17.56027619593567, y=-15.0, z=5.80351897716173}
 }
16:41:26 `Guardian`772351 missed {
 is already Found: false).
 Position: LorenzVec{x=-546.40625, y=21.1875, z=-314.3125}
 DistanceC: 17.56027619593567
Relative Position: LorenzVec{x=-17.56027619593567, y=-17.8125, z=5.80351897716173}
 }
16:41:26 `Guardian`772353 missed {
 is already Found: false).
 Position: LorenzVec{x=-546.40625, y=22.59375, z=-314.3125}
 DistanceC: 17.56027619593567
Relative Position: LorenzVec{x=-17.56027619593567, y=-16.40625, z=5.80351897716173}
 }
16:41:26 `Guardian`772355 missed {
 is already Found: false).
 Position: LorenzVec{x=-546.40625, y=24.0, z=-314.3125}
 DistanceC: 17.56027619593567
Relative Position: LorenzVec{x=-17.56027619593567, y=-15.0, z=5.80351897716173}
 }
16:41:31 `Bat`769637 missed {
 is already Found: false).
 Position: LorenzVec{x=-511.625, y=38.875, z=-272.5625}
 DistanceC: 9.34580584175228
Relative Position: LorenzVec{x=9.34580584175228, y=-62.125, z=-4.152774647418823}
 }
16:41:31 `Bat`771923 missed {
 is already Found: false).
 Position: LorenzVec{x=-507.15625, y=38.5, z=-272.5}
 DistanceC: 13.81455584175228
Relative Position: LorenzVec{x=13.81455584175228, y=-62.5, z=-4.090274647418823}
 }
16:41:31 `Bat`764750 missed {
 is already Found: false).
 Position: LorenzVec{x=-515.84375, y=39.875, z=-254.6875}
 DistanceC: 13.722225352581177
Relative Position: LorenzVec{x=5.127055841752281, y=-61.125, z=13.722225352581177}
 }
16:41:31 `Bat`765353 missed {
 is already Found: false).
 Position: LorenzVec{x=-513.90625, y=39.875, z=-258.25}
 DistanceC: 10.159725352581177
Relative Position: LorenzVec{x=7.064555841752281, y=-61.125, z=10.159725352581177}
 }
16:41:31 `Bat`765979 missed {
 is already Found: false).
 Position: LorenzVec{x=-523.25, y=42.10000002384186, z=-270.125}
 DistanceC: 2.2791941582477193
Relative Position: LorenzVec{x=-2.2791941582477193, y=-58.89999997615814, z=-1.7152746474188234}
 }
16:41:31 `Bat`768410 missed {
 is already Found: false).
 Position: LorenzVec{x=-515.84375, y=38.4375, z=-269.625}
 DistanceC: 5.127055841752281
Relative Position: LorenzVec{x=5.127055841752281, y=-62.5625, z=-1.2152746474188234}
 }
16:41:31 `Bat`768916 missed {
 is already Found: false).
 Position: LorenzVec{x=-520.78125, y=39.9375, z=-255.0625}
 DistanceC: 13.347225352581177
Relative Position: LorenzVec{x=0.18955584175228068, y=-61.0625, z=13.347225352581177}
 }
16:41:31 `Bat`769593 missed {
 is already Found: false).
 Position: LorenzVec{x=-514.90625, y=39.10000002384186, z=-261.78125}
 DistanceC: 6.628475352581177
Relative Position: LorenzVec{x=6.064555841752281, y=-61.89999997615814, z=6.628475352581177}
 }
16:41:31 `Bat`771656 missed {
 is already Found: false).
 Position: LorenzVec{x=-520.03125, y=39.875, z=-256.375}
 DistanceC: 12.034725352581177
Relative Position: LorenzVec{x=0.9395558417522807, y=-61.125, z=12.034725352581177}
 }
16:41:31 `Bat`771740 missed {
 is already Found: false).
 Position: LorenzVec{x=-516.125, y=39.0, z=-267.0}
 DistanceC: 4.845805841752281
Relative Position: LorenzVec{x=4.845805841752281, y=-62.0, z=1.4097253525811766}
 }
16:41:31 `Bat`771754 missed {
 is already Found: false).
 Position: LorenzVec{x=-515.4375, y=38.10000002384186, z=-270.21875}
 DistanceC: 5.533305841752281
Relative Position: LorenzVec{x=5.533305841752281, y=-62.89999997615814, z=-1.8090246474188234}
 }
16:41:31 `Bat`772129 missed {
 is already Found: false).
 Position: LorenzVec{x=-519.625, y=39.10000002384186, z=-254.65625}
 DistanceC: 13.753475352581177
Relative Position: LorenzVec{x=1.3458058417522807, y=-61.89999997615814, z=13.753475352581177}
 }
16:41:34 `Bat`765381 missed {
 is already Found: false).
 Position: LorenzVec{x=-515.53125, y=39.875, z=-247.5}
 DistanceC: 20.909725352581177
Relative Position: LorenzVec{x=5.439555841752281, y=-61.125, z=20.909725352581177}
 }
16:41:40 `Bat`772836 missed {
 is already Found: false).
 Position: LorenzVec{x=-538.375, y=51.10000002384186, z=-247.625}
 DistanceC: 20.784725352581177
Relative Position: LorenzVec{x=-17.40419415824772, y=-49.89999997615814, z=20.784725352581177}
 }
16:41:41 `Bat`772848 missed {
 is already Found: false).
 Position: LorenzVec{x=-516.40625, y=39.10000002384186, z=-248.53125}
 DistanceC: 19.878475352581177
Relative Position: LorenzVec{x=4.564555841752281, y=-61.89999997615814, z=19.878475352581177}
 }
16:41:41 `Bat`772857 missed {
 is already Found: false).
 Position: LorenzVec{x=-533.34375, y=48.625, z=-255.5625}
 DistanceC: 12.847225352581177
Relative Position: LorenzVec{x=-12.37294415824772, y=-52.375, z=12.847225352581177}
 }
16:41:42 `Bat`772880 missed {
 is already Found: false).
 Position: LorenzVec{x=-525.875, y=44.40625, z=-265.5}
 DistanceC: 4.904194158247719
Relative Position: LorenzVec{x=-4.904194158247719, y=-56.59375, z=2.9097253525811766}
 }
16:41:42 `Bat`772881 missed {
 is already Found: false).
 Position: LorenzVec{x=-512.375, y=38.875, z=-273.71875}
 DistanceC: 8.59580584175228
Relative Position: LorenzVec{x=8.59580584175228, y=-62.125, z=-5.309024647418823}
 }
16:41:43 `Bat`772910 missed {
 is already Found: false).
 Position: LorenzVec{x=-521.0625, y=38.875, z=-289.46875}
 DistanceC: 21.059024647418823
Relative Position: LorenzVec{x=-0.09169415824771932, y=-62.125, z=-21.059024647418823}
 }
16:41:52 `Bat`773123 missed {
 is already Found: false).
 Position: LorenzVec{x=-538.7083333333333, y=50.73958333333333, z=-248.5625}
 DistanceC: 19.847225352581177
Relative Position: LorenzVec{x=-17.737527491580977, y=-50.26041666666667, z=19.847225352581177}
 }
16:41:52 `Bat`773135 missed {
 is already Found: false).
 Position: LorenzVec{x=-532.5, y=47.875, z=-255.875}
 DistanceC: 12.534725352581177
Relative Position: LorenzVec{x=-11.52919415824772, y=-53.125, z=12.534725352581177}
 }
16:41:58 `Bat`773451 missed {
 is already Found: false).
 Position: LorenzVec{x=-518.125, y=39.625, z=-258.125}
 DistanceC: 10.284725352581177
Relative Position: LorenzVec{x=2.8458058417522807, y=-61.375, z=10.284725352581177}
 }
16:41:58 `Bat`773502 missed {
 is already Found: false).
 Position: LorenzVec{x=-527.5625, y=38.875, z=-248.25}
 DistanceC: 20.159725352581177
Relative Position: LorenzVec{x=-6.591694158247719, y=-62.125, z=20.159725352581177}
 }
16:42:05 `Bat`773811 missed {
 is already Found: false).
 Position: LorenzVec{x=-535.5625, y=49.875, z=-250.0}
 DistanceC: 18.409725352581177
Relative Position: LorenzVec{x=-14.59169415824772, y=-51.125, z=18.409725352581177}
 }
16:42:15 `Bat`774390 missed {
 is already Found: false).
 Position: LorenzVec{x=-517.65625, y=41.21875, z=-247.375}
 DistanceC: 21.034725352581177
Relative Position: LorenzVec{x=3.3145558417522807, y=-59.78125, z=21.034725352581177}
 }
16:42:17 `Bat`774516 missed {
 is already Found: false).
 Position: LorenzVec{x=-512.75, y=38.875, z=-273.0625}
 DistanceC: 8.22080584175228
Relative Position: LorenzVec{x=8.22080584175228, y=-62.125, z=-4.652774647418823}
 }
16:42:18 `Bat`774530 missed {
 is already Found: false).
 Position: LorenzVec{x=-516.0625, y=38.875, z=-278.5}
 DistanceC: 10.090274647418823
Relative Position: LorenzVec{x=4.908305841752281, y=-62.125, z=-10.090274647418823}
 }
16:42:21 `Bat`762415 missed {
 is already Found: false).
 Position: LorenzVec{x=-529.96875, y=38.875, z=-243.96875}
 DistanceC: 21.302951215840892
Relative Position: LorenzVec{x=-19.276943577765792, y=-66.38054316975041, z=21.302951215840892}
 }
16:42:25 `Bat`772837 missed {
 is already Found: false).
 Position: LorenzVec{x=-517.5, y=40.0625, z=-245.0}
 DistanceC: 13.285730792402092
Relative Position: LorenzVec{x=-13.285730792402092, y=-82.70307608309126, z=-1.4500942292138461}
 }
16:42:25 `Bat`774327 missed {
 is already Found: false).
 Position: LorenzVec{x=-524.46875, y=39.75, z=-244.4375}
 DistanceC: 19.91947808314444
Relative Position: LorenzVec{x=-19.91947808314444, y=-86.03430331017245, z=0.7441885328661897}
 }
16:42:26 `Bat`772168 missed {
 is already Found: false).
 Position: LorenzVec{x=-516.375, y=39.10000002384186, z=-243.71875}
 DistanceC: 11.460637154641518
Relative Position: LorenzVec{x=-11.460637154641518, y=-86.4019641735894, z=3.3643375084066918}
 }
16:42:26 `Bat`774771 missed {
 is already Found: false).
 Position: LorenzVec{x=-515.78125, y=40.125, z=-269.78125}
 DistanceC: 19.718251868877985
Relative Position: LorenzVec{x=-11.604944997333973, y=-76.82488567700337, z=-19.718251868877985}
 }
16:42:27 `Bat`769522 missed {
 is already Found: false).
 Position: LorenzVec{x=-519.40625, y=38.9375, z=-239.5625}
 DistanceC: 15.4424345443407
Relative Position: LorenzVec{x=-15.4424345443407, y=-73.5625, z=11.525279375353591}
 }
16:42:43 `5zntv1ilu2`224 missed {
 is already Found: false).
 Position: LorenzVec{x=25.0, y=65.0, z=-41.0}
 DistanceC: 21.910667952529224
Relative Position: LorenzVec{x=11.97785943224158, y=-5.0, z=21.910667952529224}
 }
16:42:57 `pnr4860446`342 missed {
 is already Found: false).
 Position: LorenzVec{x=51.5, y=79.0, z=-13.5}
 DistanceC: 23.620192303701415
Relative Position: LorenzVec{x=4.835474103732466, y=10.0, z=23.620192303701415}
 }
16:52:04 `Slime`264787 missed {
 is already Found: false).
 Position: LorenzVec{x=9.375, y=70.0, z=4.59375}
 DistanceC: 18.22493340257681
Relative Position: LorenzVec{x=6.072229704350976, y=-34.81831085157316, z=18.22493340257681}
 }
16:52:04 `Slime`280473 missed {
 is already Found: false).
 Position: LorenzVec{x=7.3125, y=70.0, z=5.1875}
 DistanceC: 18.81868340257681
Relative Position: LorenzVec{x=4.009729704350976, y=-34.81831085157316, z=18.81868340257681}
 }
16:52:04 `Slime`264768 missed {
 is already Found: false).
 Position: LorenzVec{x=9.09375, y=70.0, z=5.291666666666667}
 DistanceC: 18.922850069243474
Relative Position: LorenzVec{x=5.790979704350976, y=-34.81831085157316, z=18.922850069243474}
 }
16:52:04 `Slime`268375 missed {
 is already Found: false).
 Position: LorenzVec{x=6.770833333333334, y=70.0, z=4.90625}
 DistanceC: 18.53743340257681
Relative Position: LorenzVec{x=3.46806303768431, y=-34.81831085157316, z=18.53743340257681}
 }
16:52:04 `Slime`264816 missed {
 is already Found: false).
 Position: LorenzVec{x=8.78125, y=70.0, z=5.21875}
 DistanceC: 18.84993340257681
Relative Position: LorenzVec{x=5.478479704350976, y=-34.81831085157316, z=18.84993340257681}
 }
16:52:04 `Slime`264881 missed {
 is already Found: false).
 Position: LorenzVec{x=5.645833333333334, y=70.0, z=6.427083333333334}
 DistanceC: 20.05826673591014
Relative Position: LorenzVec{x=2.34306303768431, y=-34.81831085157316, z=20.05826673591014}
 }
16:52:04 `Slime`273650 missed {
 is already Found: false).
 Position: LorenzVec{x=8.53125, y=70.0, z=5.21875}
 DistanceC: 18.84993340257681
Relative Position: LorenzVec{x=5.228479704350976, y=-34.81831085157316, z=18.84993340257681}
 }
16:52:04 `Slime`264807 missed {
 is already Found: false).
 Position: LorenzVec{x=8.1875, y=70.0, z=5.0625}
 DistanceC: 18.69368340257681
Relative Position: LorenzVec{x=4.884729704350976, y=-34.81831085157316, z=18.69368340257681}
 }
16:52:04 `Slime`264765 missed {
 is already Found: false).
 Position: LorenzVec{x=8.78125, y=70.0, z=7.0}
 DistanceC: 20.63118340257681
Relative Position: LorenzVec{x=5.478479704350976, y=-34.81831085157316, z=20.63118340257681}
 }
16:52:04 `Slime`264790 missed {
 is already Found: false).
 Position: LorenzVec{x=7.1875, y=70.0, z=5.84375}
 DistanceC: 19.47493340257681
Relative Position: LorenzVec{x=3.884729704350976, y=-34.81831085157316, z=19.47493340257681}
 }
16:52:04 `Slime`264811 missed {
 is already Found: false).
 Position: LorenzVec{x=10.09375, y=70.0, z=6.625}
 DistanceC: 20.25618340257681
Relative Position: LorenzVec{x=6.790979704350976, y=-34.81831085157316, z=20.25618340257681}
 }
16:52:04 `Slime`269949 missed {
 is already Found: false).
 Position: LorenzVec{x=7.75, y=70.0, z=6.8125}
 DistanceC: 20.44368340257681
Relative Position: LorenzVec{x=4.447229704350976, y=-34.81831085157316, z=20.44368340257681}
 }
16:52:04 `Slime`278824 missed {
 is already Found: false).
 Position: LorenzVec{x=6.25, y=70.0, z=5.4375}
 DistanceC: 19.06868340257681
Relative Position: LorenzVec{x=2.947229704350976, y=-34.81831085157316, z=19.06868340257681}
 }
16:52:04 `Slime`275350 missed {
 is already Found: false).
 Position: LorenzVec{x=9.46875, y=70.0, z=6.71875}
 DistanceC: 20.34993340257681
Relative Position: LorenzVec{x=6.165979704350976, y=-34.81831085157316, z=20.34993340257681}
 }
16:52:04 `Slime`264872 missed {
 is already Found: false).
 Position: LorenzVec{x=8.03125, y=70.0, z=6.125}
 DistanceC: 19.75618340257681
Relative Position: LorenzVec{x=4.728479704350976, y=-34.81831085157316, z=19.75618340257681}
 }
16:52:04 `Slime`280476 missed {
 is already Found: false).
 Position: LorenzVec{x=8.0625, y=70.0, z=6.0}
 DistanceC: 19.63118340257681
Relative Position: LorenzVec{x=4.759729704350976, y=-34.81831085157316, z=19.63118340257681}
 }
16:52:04 `Slime`281743 missed {
 is already Found: false).
 Position: LorenzVec{x=9.71875, y=70.0, z=6.21875}
 DistanceC: 19.84993340257681
Relative Position: LorenzVec{x=6.415979704350976, y=-34.81831085157316, z=19.84993340257681}
 }
16:52:04 `Slime`269946 missed {
 is already Found: false).
 Position: LorenzVec{x=6.15625, y=70.96875, z=6.21875}
 DistanceC: 19.84993340257681
Relative Position: LorenzVec{x=2.853479704350976, y=-33.84956085157316, z=19.84993340257681}
 }
16:52:04 `Slime`288076 missed {
 is already Found: false).
 Position: LorenzVec{x=8.3125, y=70.0, z=7.3125}
 DistanceC: 20.94368340257681
Relative Position: LorenzVec{x=5.009729704350976, y=-34.81831085157316, z=20.94368340257681}
 }
16:52:04 `Slime`264806 missed {
 is already Found: false).
 Position: LorenzVec{x=10.09375, y=70.0, z=5.90625}
 DistanceC: 19.53743340257681
Relative Position: LorenzVec{x=6.790979704350976, y=-34.81831085157316, z=19.53743340257681}
 }
16:52:04 `Slime`264917 missed {
 is already Found: false).
 Position: LorenzVec{x=5.21875, y=70.0, z=6.21875}
 DistanceC: 19.84993340257681
Relative Position: LorenzVec{x=1.9159797043509759, y=-34.81831085157316, z=19.84993340257681}
 }
16:52:04 `Slime`264922 missed {
 is already Found: false).
 Position: LorenzVec{x=4.625, y=70.0, z=6.6875}
 DistanceC: 20.31868340257681
Relative Position: LorenzVec{x=1.3222297043509759, y=-34.81831085157316, z=20.31868340257681}
 }
16:52:04 `Slime`264964 missed {
 is already Found: false).
 Position: LorenzVec{x=9.0625, y=70.0, z=7.25}
 DistanceC: 20.88118340257681
Relative Position: LorenzVec{x=5.759729704350976, y=-34.81831085157316, z=20.88118340257681}
 }
16:52:04 `Slime`278623 missed {
 is already Found: false).
 Position: LorenzVec{x=10.21875, y=70.0, z=7.625}
 DistanceC: 21.25618340257681
Relative Position: LorenzVec{x=6.915979704350976, y=-34.81831085157316, z=21.25618340257681}
 }
16:52:04 `Slime`285008 missed {
 is already Found: false).
 Position: LorenzVec{x=7.84375, y=70.0, z=6.46875}
 DistanceC: 20.09993340257681
Relative Position: LorenzVec{x=4.540979704350976, y=-34.81831085157316, z=20.09993340257681}
 }
16:52:04 `Slime`286676 missed {
 is already Found: false).
 Position: LorenzVec{x=7.125, y=70.0, z=5.5625}
 DistanceC: 19.19368340257681
Relative Position: LorenzVec{x=3.822229704350976, y=-34.81831085157316, z=19.19368340257681}
 }
16:52:04 `Slime`264808 missed {
 is already Found: false).
 Position: LorenzVec{x=6.5625, y=70.0, z=6.03125}
 DistanceC: 19.66243340257681
Relative Position: LorenzVec{x=3.259729704350976, y=-34.81831085157316, z=19.66243340257681}
 }
16:52:04 `Slime`264954 missed {
 is already Found: false).
 Position: LorenzVec{x=10.34375, y=70.0, z=5.9375}
 DistanceC: 19.56868340257681
Relative Position: LorenzVec{x=7.040979704350976, y=-34.81831085157316, z=19.56868340257681}
 }
16:52:04 `Slime`271894 missed {
 is already Found: false).
 Position: LorenzVec{x=4.625, y=70.0, z=6.34375}
 DistanceC: 19.97493340257681
Relative Position: LorenzVec{x=1.3222297043509759, y=-34.81831085157316, z=19.97493340257681}
 }
16:52:04 `Slime`264824 missed {
 is already Found: false).
 Position: LorenzVec{x=5.34375, y=70.0, z=6.125}
 DistanceC: 19.75618340257681
Relative Position: LorenzVec{x=2.040979704350976, y=-34.81831085157316, z=19.75618340257681}
 }
16:52:05 `Slime`264781 missed {
 is already Found: false).
 Position: LorenzVec{x=6.59375, y=70.0, z=6.40625}
 DistanceC: 20.03743340257681
Relative Position: LorenzVec{x=3.290979704350976, y=-34.81831085157316, z=20.03743340257681}
 }
16:52:05 `Slime`264874 missed {
 is already Found: false).
 Position: LorenzVec{x=9.09375, y=70.0, z=6.364583333333333}
 DistanceC: 19.99576673591014
Relative Position: LorenzVec{x=5.790979704350976, y=-34.81831085157316, z=19.99576673591014}
 }
16:52:05 `Slime`288841 missed {
 is already Found: false).
 Position: LorenzVec{x=7.8125, y=70.0, z=6.34375}
 DistanceC: 19.97493340257681
Relative Position: LorenzVec{x=4.509729704350976, y=-34.81831085157316, z=19.97493340257681}
 }
16:52:05 `Slime`287960 missed {
 is already Found: false).
 Position: LorenzVec{x=10.09375, y=70.0, z=8.15625}
 DistanceC: 21.78743340257681
Relative Position: LorenzVec{x=6.790979704350976, y=-34.81831085157316, z=21.78743340257681}
 }
16:52:05 `Slime`281742 missed {
 is already Found: false).
 Position: LorenzVec{x=8.4375, y=70.0, z=8.15625}
 DistanceC: 21.78743340257681
Relative Position: LorenzVec{x=5.134729704350976, y=-34.81831085157316, z=21.78743340257681}
 }
16:52:05 `Slime`264873 missed {
 is already Found: false).
 Position: LorenzVec{x=8.5625, y=70.0, z=6.84375}
 DistanceC: 20.381747880914574
Relative Position: LorenzVec{x=5.229390640274433, y=-34.81831085157316, z=20.381747880914574}
 }
16:52:05 `Slime`271895 missed {
 is already Found: false).
 Position: LorenzVec{x=9.0, y=70.0, z=8.34375}
 DistanceC: 21.881747880914574
Relative Position: LorenzVec{x=5.666890640274433, y=-34.81831085157316, z=21.881747880914574}
 }
16:52:05 `Slime`289432 missed {
 is already Found: false).
 Position: LorenzVec{x=6.34375, y=70.0, z=7.71875}
 DistanceC: 21.256747880914574
Relative Position: LorenzVec{x=3.010640640274433, y=-34.81831085157316, z=21.256747880914574}
 }
16:52:05 `Slime`264875 missed {
 is already Found: false).
 Position: LorenzVec{x=8.125, y=70.0, z=8.114583333333334}
 DistanceC: 20.26298956642904
Relative Position: LorenzVec{x=3.961013212793496, y=-34.81831085157316, z=20.26298956642904}
 }
16:52:05 `Slime`264771 missed {
 is already Found: false).
 Position: LorenzVec{x=9.34375, y=70.0, z=6.59375}
 DistanceC: 17.994363036348467
Relative Position: LorenzVec{x=4.432929939399085, y=-34.81831085157316, z=17.994363036348467}
 }
16:52:05 `Slime`268374 missed {
 is already Found: false).
 Position: LorenzVec{x=9.53125, y=70.0, z=8.4375}
 DistanceC: 17.699000281498556
Relative Position: LorenzVec{x=1.98929553790592, y=-34.81831085157316, z=17.699000281498556}
 }
16:52:05 `Slime`288075 missed {
 is already Found: false).
 Position: LorenzVec{x=7.125, y=70.0, z=7.15625}
 DistanceC: 16.417750281498556
Relative Position: LorenzVec{x=-0.41695446209407994, y=-34.81831085157316, z=16.417750281498556}
 }
16:52:05 `Slime`280359 missed {
 is already Found: false).
 Position: LorenzVec{x=5.96875, y=71.875, z=8.78125}
 DistanceC: 17.07548608022377
Relative Position: LorenzVec{x=-2.8343809850073054, y=-33.33331086707037, z=17.07548608022377}
 }
16:52:05 `Slime`281745 missed {
 is already Found: false).
 Position: LorenzVec{x=9.78125, y=70.0, z=7.416666666666667}
 DistanceC: 15.710902746890433
Relative Position: LorenzVec{x=0.9781190149926946, y=-35.20831086707037, z=15.710902746890433}
 }
16:52:05 `Slime`289434 missed {
 is already Found: false).
 Position: LorenzVec{x=8.03125, y=70.0, z=8.46875}
 DistanceC: 16.76298608022377
Relative Position: LorenzVec{x=-0.7718809850073054, y=-35.20831086707037, z=16.76298608022377}
 }
16:57:13 `Zombie`502089 missed {
 is already Found: false).
 Position: LorenzVec{x=-27.21875, y=70.0, z=-74.875}
 DistanceC: 5.248751415650112
Relative Position: LorenzVec{x=5.248751415650112, y=0.0, z=-0.578734745669621}
 }
17:01:56 `4102c5p791`411 missed {
 is already Found: false).
 Position: LorenzVec{x=-7.5, y=70.0, z=-92.5}
 DistanceC: 19.356488721671187
Relative Position: LorenzVec{x=19.356488721671187, y=0.0, z=-17.818343796652783}
 }
17:01:57 `o36273nx35`569 missed {
 is already Found: false).
 Position: LorenzVec{x=-6.5, y=55.0, z=-95.5}
 DistanceC: 20.818343796652783
Relative Position: LorenzVec{x=20.356488721671187, y=-15.0, z=-20.818343796652783}
 }
17:03:55 `7Villager`9341034 missed {
 is already Found: false).
 Position: LorenzVec{x=5.5, y=107.5, z=7.5}
 DistanceC: 7.964168532232408
Relative Position: LorenzVec{x=-7.964168532232408, y=39.29949450647787, z=-3.525532363349628}
 }
17:03:55 `bSam `9341731 missed {
 is already Found: false).
 Position: LorenzVec{x=9.5, y=107.5, z=7.5}
 DistanceC: 3.9641685322324083
Relative Position: LorenzVec{x=-3.9641685322324083, y=39.29949450647787, z=-3.525532363349628}
 }
17:15:52 `7Villager`17548491 missed {
 is already Found: false).
 Position: LorenzVec{x=5.5, y=107.5, z=7.5}
 DistanceC: 5.008519064645659
Relative Position: LorenzVec{x=3.007463666798839, y=39.6442787645489, z=-5.008519064645659}
 }
17:15:53 `bSam `17549258 missed {
 is already Found: false).
 Position: LorenzVec{x=9.5, y=107.5, z=7.5}
 DistanceC: 7.007463666798839
Relative Position: LorenzVec{x=7.007463666798839, y=39.6442787645489, z=-5.008519064645659}
 }
17:16:12 `7Villager`17548491 missed {
 is already Found: false).
 Position: LorenzVec{x=5.5, y=107.5, z=7.5}
 DistanceC: 4.637451371742881
Relative Position: LorenzVec{x=3.337168425499763, y=39.239922333401864, z=4.637451371742881}
 }
17:16:12 `bSam `17549258 missed {
 is already Found: false).
 Position: LorenzVec{x=9.5, y=107.5, z=7.5}
 DistanceC: 7.337168425499764
Relative Position: LorenzVec{x=7.337168425499764, y=39.239922333401864, z=4.637451371742881}
 }
17:16:50 `7Villager`17548491 missed {
 is already Found: false).
 Position: LorenzVec{x=5.5, y=107.5, z=7.5}
 DistanceC: 6.544601095484385
Relative Position: LorenzVec{x=4.06483389908989, y=38.62500167002979, z=6.544601095484385}
 }
17:16:50 `bSam `17549258 missed {
 is already Found: false).
 Position: LorenzVec{x=9.5, y=107.5, z=7.5}
 DistanceC: 7.910000399951953
Relative Position: LorenzVec{x=7.910000399951953, y=38.62500167002979, z=6.563846835601485}
 }
17:21:28 `Slime`10765537 missed {
 is already Found: false).
 Position: LorenzVec{x=7.0625, y=70.0, z=10.25}
 DistanceC: 2.7915708102480794
Relative Position: LorenzVec{x=-0.47775998866949454, y=-30.0, z=2.7915708102480794}
 }
17:21:28 `Slime`10765538 missed {
 is already Found: false).
 Position: LorenzVec{x=6.65625, y=70.0, z=10.427083333333332}
 DistanceC: 2.9686541435814116
Relative Position: LorenzVec{x=-0.8840099886694945, y=-30.0, z=2.9686541435814116}
 }
17:21:28 `Slime`10765539 missed {
 is already Found: false).
 Position: LorenzVec{x=7.25, y=70.0, z=9.75}
 DistanceC: 2.2915708102480794
Relative Position: LorenzVec{x=-0.29025998866949454, y=-30.0, z=2.2915708102480794}
 }
17:21:28 `Slime`10765540 missed {
 is already Found: false).
 Position: LorenzVec{x=6.96875, y=70.0, z=9.6875}
 DistanceC: 2.2290708102480794
Relative Position: LorenzVec{x=-0.5715099886694945, y=-30.0, z=2.2290708102480794}
 }
17:21:28 `Slime`10765570 missed {
 is already Found: false).
 Position: LorenzVec{x=8.4375, y=70.0, z=6.5625}
 DistanceC: 0.8972400113305055
Relative Position: LorenzVec{x=0.8972400113305055, y=-30.0, z=-0.8959291897519206}
 }
17:21:28 `Slime`10765571 missed {
 is already Found: false).
 Position: LorenzVec{x=8.28125, y=70.0, z=6.34375}
 DistanceC: 1.1146791897519206
Relative Position: LorenzVec{x=0.7409900113305055, y=-30.0, z=-1.1146791897519206}
 }
17:21:28 `Slime`10765572 missed {
 is already Found: false).
 Position: LorenzVec{x=8.09375, y=70.0, z=6.3125}
 DistanceC: 1.1459291897519206
Relative Position: LorenzVec{x=0.5534900113305055, y=-30.0, z=-1.1459291897519206}
 }
17:21:28 `Slime`10765573 missed {
 is already Found: false).
 Position: LorenzVec{x=9.25, y=70.0, z=5.78125}
 DistanceC: 1.7097400113305055
Relative Position: LorenzVec{x=1.7097400113305055, y=-30.0, z=-1.6771791897519206}
 }
17:21:28 `Slime`10765601 missed {
 is already Found: false).
 Position: LorenzVec{x=7.40625, y=70.0, z=10.25}
 DistanceC: 2.7915708102480794
Relative Position: LorenzVec{x=-0.13400998866949454, y=-30.0, z=2.7915708102480794}
 }
17:21:28 `Slime`10765602 missed {
 is already Found: false).
 Position: LorenzVec{x=6.25, y=70.0, z=10.34375}
 DistanceC: 2.8853208102480794
Relative Position: LorenzVec{x=-1.2902599886694945, y=-30.0, z=2.8853208102480794}
 }
17:21:28 `Slime`10765603 missed {
 is already Found: false).
 Position: LorenzVec{x=7.229166666666666, y=70.0, z=10.09375}
 DistanceC: 2.6353208102480794
Relative Position: LorenzVec{x=-0.31109332200282847, y=-30.0, z=2.6353208102480794}
 }
17:21:28 `Slime`10765604 missed {
 is already Found: false).
 Position: LorenzVec{x=6.770833333333334, y=70.0, z=9.78125}
 DistanceC: 2.3228208102480794
Relative Position: LorenzVec{x=-0.7694266553361606, y=-30.0, z=2.3228208102480794}
 }
17:21:28 `Slime`10765606 missed {
 is already Found: false).
 Position: LorenzVec{x=8.5, y=70.0, z=9.5625}
 DistanceC: 2.1040708102480794
Relative Position: LorenzVec{x=0.9597400113305055, y=-30.0, z=2.1040708102480794}
 }
17:21:28 `Slime`10765607 missed {
 is already Found: false).
 Position: LorenzVec{x=7.75, y=70.0, z=9.40625}
 DistanceC: 1.9478208102480794
Relative Position: LorenzVec{x=0.20974001133050546, y=-30.0, z=1.9478208102480794}
 }
17:21:28 `Slime`10765608 missed {
 is already Found: false).
 Position: LorenzVec{x=8.59375, y=70.0, z=9.708333333333332}
 DistanceC: 2.2499041435814116
Relative Position: LorenzVec{x=1.0534900113305055, y=-30.0, z=2.2499041435814116}
 }
17:21:28 `Slime`10765609 missed {
 is already Found: false).
 Position: LorenzVec{x=8.21875, y=70.0, z=9.34375}
 DistanceC: 1.8853208102480794
Relative Position: LorenzVec{x=0.6784900113305055, y=-30.0, z=1.8853208102480794}
 }
17:21:28 `Slime`10765611 missed {
 is already Found: false).
 Position: LorenzVec{x=7.90625, y=70.0, z=9.71875}
 DistanceC: 2.2603208102480794
Relative Position: LorenzVec{x=0.36599001133050546, y=-30.0, z=2.2603208102480794}
 }
17:21:28 `Slime`10765612 missed {
 is already Found: false).
 Position: LorenzVec{x=7.40625, y=70.0, z=10.375}
 DistanceC: 2.9165708102480794
Relative Position: LorenzVec{x=-0.13400998866949454, y=-30.0, z=2.9165708102480794}
 }
17:21:28 `Slime`10765613 missed {
 is already Found: false).
 Position: LorenzVec{x=6.5, y=70.0, z=9.78125}
 DistanceC: 2.3228208102480794
Relative Position: LorenzVec{x=-1.0402599886694945, y=-30.0, z=2.3228208102480794}
 }
17:21:28 `Slime`10765614 missed {
 is already Found: false).
 Position: LorenzVec{x=6.4375, y=70.0, z=10.09375}
 DistanceC: 2.6353208102480794
Relative Position: LorenzVec{x=-1.1027599886694945, y=-30.0, z=2.6353208102480794}
 }
17:21:28 `Slime`10765616 missed {
 is already Found: false).
 Position: LorenzVec{x=8.8125, y=70.0, z=6.40625}
 DistanceC: 1.2722400113305055
Relative Position: LorenzVec{x=1.2722400113305055, y=-30.0, z=-1.0521791897519206}
 }
17:21:28 `Slime`10765617 missed {
 is already Found: false).
 Position: LorenzVec{x=8.875, y=70.0, z=6.375}
 DistanceC: 1.3347400113305055
Relative Position: LorenzVec{x=1.3347400113305055, y=-30.0, z=-1.0834291897519206}
 }
17:21:28 `Slime`10765618 missed {
 is already Found: false).
 Position: LorenzVec{x=8.0625, y=70.0, z=6.34375}
 DistanceC: 1.1146791897519206
Relative Position: LorenzVec{x=0.5222400113305055, y=-30.0, z=-1.1146791897519206}
 }
17:21:28 `Slime`10765619 missed {
 is already Found: false).
 Position: LorenzVec{x=8.34375, y=70.0, z=6.40625}
 DistanceC: 1.0521791897519206
Relative Position: LorenzVec{x=0.8034900113305055, y=-30.0, z=-1.0521791897519206}
 }
17:21:28 `Slime`10765621 missed {
 is already Found: false).
 Position: LorenzVec{x=8.75, y=70.0, z=9.78125}
 DistanceC: 2.3228208102480794
Relative Position: LorenzVec{x=1.2097400113305055, y=-30.0, z=2.3228208102480794}
 }
17:21:28 `Slime`10765622 missed {
 is already Found: false).
 Position: LorenzVec{x=8.125, y=70.0, z=10.21875}
 DistanceC: 2.7603208102480794
Relative Position: LorenzVec{x=0.5847400113305055, y=-30.0, z=2.7603208102480794}
 }
17:21:28 `Slime`10765623 missed {
 is already Found: false).
 Position: LorenzVec{x=8.40625, y=70.0, z=10.072916666666668}
 DistanceC: 2.6144874769147473
Relative Position: LorenzVec{x=0.8659900113305055, y=-30.0, z=2.6144874769147473}
 }
17:21:28 `Slime`10765624 missed {
 is already Found: false).
 Position: LorenzVec{x=8.34375, y=70.0, z=10.5}
 DistanceC: 3.0415708102480794
Relative Position: LorenzVec{x=0.8034900113305055, y=-30.0, z=3.0415708102480794}
 }
17:21:28 `Slime`10765626 missed {
 is already Found: false).
 Position: LorenzVec{x=9.21875, y=70.0, z=8.59375}
 DistanceC: 1.6784900113305055
Relative Position: LorenzVec{x=1.6784900113305055, y=-30.0, z=1.1353208102480794}
 }
17:21:28 `Slime`10765627 missed {
 is already Found: false).
 Position: LorenzVec{x=7.8125, y=70.0, z=9.15625}
 DistanceC: 1.6978208102480794
Relative Position: LorenzVec{x=0.27224001133050546, y=-30.0, z=1.6978208102480794}
 }
17:21:28 `Slime`10765628 missed {
 is already Found: false).
 Position: LorenzVec{x=8.822916666666668, y=70.0, z=9.239583333333332}
 DistanceC: 1.7811541435814116
Relative Position: LorenzVec{x=1.2826566779971733, y=-30.0, z=1.7811541435814116}
 }
17:21:28 `Slime`10765629 missed {
 is already Found: false).
 Position: LorenzVec{x=8.25, y=70.0, z=9.53125}
 DistanceC: 2.0728208102480794
Relative Position: LorenzVec{x=0.7097400113305055, y=-30.0, z=2.0728208102480794}
 }
17:21:28 `Slime`10765631 missed {
 is already Found: false).
 Position: LorenzVec{x=6.0, y=70.0, z=10.09375}
 DistanceC: 2.6353208102480794
Relative Position: LorenzVec{x=-1.5402599886694945, y=-30.0, z=2.6353208102480794}
 }
17:21:28 `Slime`10765632 missed {
 is already Found: false).
 Position: LorenzVec{x=5.0, y=70.0, z=7.25}
 DistanceC: 2.5402599886694945
Relative Position: LorenzVec{x=-2.5402599886694945, y=-30.0, z=-0.2084291897519206}
 }
17:21:28 `Slime`10765633 missed {
 is already Found: false).
 Position: LorenzVec{x=7.34375, y=70.0, z=10.0}
 DistanceC: 2.5415708102480794
Relative Position: LorenzVec{x=-0.19650998866949454, y=-30.0, z=2.5415708102480794}
 }
17:21:28 `Slime`10765634 missed {
 is already Found: false).
 Position: LorenzVec{x=7.90625, y=70.0, z=9.375}
 DistanceC: 1.9165708102480794
Relative Position: LorenzVec{x=0.36599001133050546, y=-30.0, z=1.9165708102480794}
 }
17:21:28 `Slime`10765636 missed {
 is already Found: false).
 Position: LorenzVec{x=5.96875, y=70.0, z=10.09375}
 DistanceC: 2.6353208102480794
Relative Position: LorenzVec{x=-1.5715099886694945, y=-30.0, z=2.6353208102480794}
 }
17:21:28 `Slime`10765637 missed {
 is already Found: false).
 Position: LorenzVec{x=6.635416666666666, y=70.0, z=6.75}
 DistanceC: 0.9048433220028285
Relative Position: LorenzVec{x=-0.9048433220028285, y=-30.0, z=-0.7084291897519206}
 }
17:21:28 `Slime`10765638 missed {
 is already Found: false).
 Position: LorenzVec{x=6.21875, y=70.0, z=9.78125}
 DistanceC: 2.3228208102480794
Relative Position: LorenzVec{x=-1.3215099886694945, y=-30.0, z=2.3228208102480794}
 }
17:21:28 `Slime`10765639 missed {
 is already Found: false).
 Position: LorenzVec{x=7.25, y=70.0, z=10.375}
 DistanceC: 2.9165708102480794
Relative Position: LorenzVec{x=-0.29025998866949454, y=-30.0, z=2.9165708102480794}
 }
17:21:28 `Slime`10765642 missed {
 is already Found: false).
 Position: LorenzVec{x=8.78125, y=70.0, z=9.5625}
 DistanceC: 2.1040708102480794
Relative Position: LorenzVec{x=1.2409900113305055, y=-30.0, z=2.1040708102480794}
 }
17:21:28 `Slime`10765643 missed {
 is already Found: false).
 Position: LorenzVec{x=8.75, y=70.0, z=10.6875}
 DistanceC: 3.2290708102480794
Relative Position: LorenzVec{x=1.2097400113305055, y=-30.0, z=3.2290708102480794}
 }
17:21:28 `Slime`10765644 missed {
 is already Found: false).
 Position: LorenzVec{x=9.25, y=70.0, z=10.28125}
 DistanceC: 2.8228208102480794
Relative Position: LorenzVec{x=1.7097400113305055, y=-30.0, z=2.8228208102480794}
 }
17:21:28 `Slime`10765645 missed {
 is already Found: false).
 Position: LorenzVec{x=8.78125, y=70.0, z=9.78125}
 DistanceC: 2.3228208102480794
Relative Position: LorenzVec{x=1.2409900113305055, y=-30.0, z=2.3228208102480794}
 }
17:21:28 `Slime`10765647 missed {
 is already Found: false).
 Position: LorenzVec{x=7.020833333333334, y=70.0, z=10.375}
 DistanceC: 2.9165708102480794
Relative Position: LorenzVec{x=-0.5194266553361606, y=-30.0, z=2.9165708102480794}
 }
17:21:28 `Slime`10765648 missed {
 is already Found: false).
 Position: LorenzVec{x=6.21875, y=70.0, z=9.78125}
 DistanceC: 2.3228208102480794
Relative Position: LorenzVec{x=-1.3215099886694945, y=-30.0, z=2.3228208102480794}
 }
17:21:28 `Slime`10765649 missed {
 is already Found: false).
 Position: LorenzVec{x=6.59375, y=70.0, z=10.375}
 DistanceC: 2.9165708102480794
Relative Position: LorenzVec{x=-0.9465099886694945, y=-30.0, z=2.9165708102480794}
 }
17:21:28 `Slime`10765650 missed {
 is already Found: false).
 Position: LorenzVec{x=6.0, y=70.0, z=10.0}
 DistanceC: 2.5415708102480794
Relative Position: LorenzVec{x=-1.5402599886694945, y=-30.0, z=2.5415708102480794}
 }
17:21:28 `Slime`10765657 missed {
 is already Found: false).
 Position: LorenzVec{x=9.78125, y=70.0, z=7.604166666666666}
 DistanceC: 2.2409900113305055
Relative Position: LorenzVec{x=2.2409900113305055, y=-30.0, z=0.14573747691474548}
 }
17:21:28 `Slime`10765658 missed {
 is already Found: false).
 Position: LorenzVec{x=8.59375, y=70.0, z=7.84375}
 DistanceC: 1.0534900113305055
Relative Position: LorenzVec{x=1.0534900113305055, y=-30.0, z=0.3853208102480794}
 }
17:21:28 `Slime`10765659 missed {
 is already Found: false).
 Position: LorenzVec{x=10.375, y=70.0, z=7.6875}
 DistanceC: 2.8347400113305055
Relative Position: LorenzVec{x=2.8347400113305055, y=-30.0, z=0.2290708102480794}
 }
17:21:28 `Slime`10765660 missed {
 is already Found: false).
 Position: LorenzVec{x=9.53125, y=70.0, z=8.53125}
 DistanceC: 1.9909900113305055
Relative Position: LorenzVec{x=1.9909900113305055, y=-30.0, z=1.0728208102480794}
 }
17:21:28 `Slime`10765663 missed {
 is already Found: false).
 Position: LorenzVec{x=5.21875, y=70.875, z=8.78125}
 DistanceC: 2.3215099886694945
Relative Position: LorenzVec{x=-2.3215099886694945, y=-29.125, z=1.3228208102480794}
 }
17:21:28 `Slime`10765664 missed {
 is already Found: false).
 Position: LorenzVec{x=5.21875, y=70.875, z=8.78125}
 DistanceC: 2.3215099886694945
Relative Position: LorenzVec{x=-2.3215099886694945, y=-29.125, z=1.3228208102480794}
 }
17:21:28 `Slime`10765665 missed {
 is already Found: false).
 Position: LorenzVec{x=5.21875, y=70.0, z=9.09375}
 DistanceC: 2.3215099886694945
Relative Position: LorenzVec{x=-2.3215099886694945, y=-30.0, z=1.6353208102480794}
 }
17:21:28 `Slime`10765666 missed {
 is already Found: false).
 Position: LorenzVec{x=5.75, y=70.0, z=8.25}
 DistanceC: 1.7902599886694945
Relative Position: LorenzVec{x=-1.7902599886694945, y=-30.0, z=0.7915708102480794}
 }
17:21:28 `Ghast`10765702 missed {
 is already Found: false).
 Position: LorenzVec{x=8.5, y=72.0, z=6.5}
 DistanceC: 0.9597400113305055
Relative Position: LorenzVec{x=0.9597400113305055, y=-28.0, z=-0.9584291897519206}
 }
17:21:28 `Slime`10765704 missed {
 is already Found: false).
 Position: LorenzVec{x=8.53125, y=70.0, z=7.53125}
 DistanceC: 0.9909900113305055
Relative Position: LorenzVec{x=0.9909900113305055, y=-30.0, z=0.0728208102480794}
 }
17:21:28 `Slime`10765705 missed {
 is already Found: false).
 Position: LorenzVec{x=8.5625, y=70.0, z=7.1875}
 DistanceC: 1.0222400113305055
Relative Position: LorenzVec{x=1.0222400113305055, y=-30.0, z=-0.2709291897519206}
 }
17:21:28 `Slime`10765706 missed {
 is already Found: false).
 Position: LorenzVec{x=8.53125, y=70.0, z=7.53125}
 DistanceC: 0.9909900113305055
Relative Position: LorenzVec{x=0.9909900113305055, y=-30.0, z=0.0728208102480794}
 }
17:21:28 `Slime`10765707 missed {
 is already Found: false).
 Position: LorenzVec{x=8.1875, y=70.0, z=7.0}
 DistanceC: 0.6472400113305055
Relative Position: LorenzVec{x=0.6472400113305055, y=-30.0, z=-0.4584291897519206}
 }
17:21:28 `Slime`10765709 missed {
 is already Found: false).
 Position: LorenzVec{x=4.625, y=70.0, z=9.28125}
 DistanceC: 2.9152599886694945
Relative Position: LorenzVec{x=-2.9152599886694945, y=-30.0, z=1.8228208102480794}
 }
17:21:28 `Slime`10765710 missed {
 is already Found: false).
 Position: LorenzVec{x=5.15625, y=70.0, z=9.09375}
 DistanceC: 2.3840099886694945
Relative Position: LorenzVec{x=-2.3840099886694945, y=-30.0, z=1.6353208102480794}
 }
17:21:28 `Slime`10765711 missed {
 is already Found: false).
 Position: LorenzVec{x=5.53125, y=70.0, z=9.09375}
 DistanceC: 2.0090099886694945
Relative Position: LorenzVec{x=-2.0090099886694945, y=-30.0, z=1.6353208102480794}
 }
17:21:28 `Slime`10765712 missed {
 is already Found: false).
 Position: LorenzVec{x=4.625, y=70.0, z=8.8125}
 DistanceC: 2.9152599886694945
Relative Position: LorenzVec{x=-2.9152599886694945, y=-30.0, z=1.3540708102480794}
 }
17:21:28 `Slime`10765714 missed {
 is already Found: false).
 Position: LorenzVec{x=8.375, y=70.0, z=7.6875}
 DistanceC: 0.8347400113305055
Relative Position: LorenzVec{x=0.8347400113305055, y=-30.0, z=0.2290708102480794}
 }
17:21:28 `Slime`10765715 missed {
 is already Found: false).
 Position: LorenzVec{x=8.90625, y=70.0, z=7.25}
 DistanceC: 1.3659900113305055
Relative Position: LorenzVec{x=1.3659900113305055, y=-30.0, z=-0.2084291897519206}
 }
17:21:28 `Slime`10765716 missed {
 is already Found: false).
 Position: LorenzVec{x=7.75, y=70.0, z=7.21875}
 DistanceC: 0.2396791897519206
Relative Position: LorenzVec{x=0.20974001133050546, y=-30.0, z=-0.2396791897519206}
 }
17:21:28 `Slime`10765717 missed {
 is already Found: false).
 Position: LorenzVec{x=8.371527777777779, y=70.0, z=7.274305555555555}
 DistanceC: 0.831267789108284
Relative Position: LorenzVec{x=0.831267789108284, y=-30.0, z=-0.18412363419636524}
 }
17:21:28 `Slime`10765719 missed {
 is already Found: false).
 Position: LorenzVec{x=9.239583333333332, y=70.0, z=7.489583333333334}
 DistanceC: 1.6993233446638376
Relative Position: LorenzVec{x=1.6993233446638376, y=-30.0, z=0.03115414358141333}
 }
17:21:28 `Slime`10765720 missed {
 is already Found: false).
 Position: LorenzVec{x=9.25, y=70.0, z=7.0}
 DistanceC: 1.7097400113305055
Relative Position: LorenzVec{x=1.7097400113305055, y=-30.0, z=-0.4584291897519206}
 }
17:21:28 `Slime`10765721 missed {
 is already Found: false).
 Position: LorenzVec{x=9.322916666666668, y=70.0, z=7.0625}
 DistanceC: 1.7826566779971733
Relative Position: LorenzVec{x=1.7826566779971733, y=-30.0, z=-0.3959291897519206}
 }
17:21:28 `Slime`10765722 missed {
 is already Found: false).
 Position: LorenzVec{x=8.28125, y=70.0, z=7.21875}
 DistanceC: 0.7409900113305055
Relative Position: LorenzVec{x=0.7409900113305055, y=-30.0, z=-0.2396791897519206}
 }
17:21:28 `Slime`10765724 missed {
 is already Found: false).
 Position: LorenzVec{x=5.75, y=70.0, z=7.78125}
 DistanceC: 1.7902599886694945
Relative Position: LorenzVec{x=-1.7902599886694945, y=-30.0, z=0.3228208102480794}
 }
17:21:28 `Slime`10765725 missed {
 is already Found: false).
 Position: LorenzVec{x=5.28125, y=70.0, z=8.59375}
 DistanceC: 2.2590099886694945
Relative Position: LorenzVec{x=-2.2590099886694945, y=-30.0, z=1.1353208102480794}
 }
17:21:28 `Slime`10765726 missed {
 is already Found: false).
 Position: LorenzVec{x=4.65625, y=70.0, z=9.375}
 DistanceC: 2.8840099886694945
Relative Position: LorenzVec{x=-2.8840099886694945, y=-30.0, z=1.9165708102480794}
 }
17:21:28 `Slime`10765727 missed {
 is already Found: false).
 Position: LorenzVec{x=5.53125, y=70.0, z=9.375}
 DistanceC: 2.0090099886694945
Relative Position: LorenzVec{x=-2.0090099886694945, y=-30.0, z=1.9165708102480794}
 }
17:21:28 `Slime`10765729 missed {
 is already Found: false).
 Position: LorenzVec{x=8.84375, y=70.0, z=7.0625}
 DistanceC: 1.3034900113305055
Relative Position: LorenzVec{x=1.3034900113305055, y=-30.0, z=-0.3959291897519206}
 }
17:21:28 `Slime`10765730 missed {
 is already Found: false).
 Position: LorenzVec{x=9.3125, y=70.0, z=7.333333333333334}
 DistanceC: 1.7722400113305055
Relative Position: LorenzVec{x=1.7722400113305055, y=-30.0, z=-0.12509585641858667}
 }
17:21:28 `Slime`10765731 missed {
 is already Found: false).
 Position: LorenzVec{x=8.96875, y=70.0, z=7.21875}
 DistanceC: 1.4284900113305055
Relative Position: LorenzVec{x=1.4284900113305055, y=-30.0, z=-0.2396791897519206}
 }
17:21:28 `Slime`10765732 missed {
 is already Found: false).
 Position: LorenzVec{x=8.75, y=70.0, z=7.15625}
 DistanceC: 1.2097400113305055
Relative Position: LorenzVec{x=1.2097400113305055, y=-30.0, z=-0.3021791897519206}
 }
17:21:28 `Slime`10765734 missed {
 is already Found: false).
 Position: LorenzVec{x=5.0, y=70.0, z=8.0625}
 DistanceC: 2.5402599886694945
Relative Position: LorenzVec{x=-2.5402599886694945, y=-30.0, z=0.6040708102480794}
 }
17:21:28 `Slime`10765735 missed {
 is already Found: false).
 Position: LorenzVec{x=5.75, y=70.0, z=7.59375}
 DistanceC: 1.7902599886694945
Relative Position: LorenzVec{x=-1.7902599886694945, y=-30.0, z=0.1353208102480794}
 }
17:21:28 `Slime`10765736 missed {
 is already Found: false).
 Position: LorenzVec{x=5.21875, y=70.875, z=8.78125}
 DistanceC: 2.3215099886694945
Relative Position: LorenzVec{x=-2.3215099886694945, y=-29.125, z=1.3228208102480794}
 }
17:21:28 `Slime`10765737 missed {
 is already Found: false).
 Position: LorenzVec{x=5.71875, y=70.0, z=10.0625}
 DistanceC: 2.6040708102480794
Relative Position: LorenzVec{x=-1.8215099886694945, y=-30.0, z=2.6040708102480794}
 }
17:21:28 `Slime`10765739 missed {
 is already Found: false).
 Position: LorenzVec{x=9.15625, y=70.0, z=5.90625}
 DistanceC: 1.6159900113305055
Relative Position: LorenzVec{x=1.6159900113305055, y=-30.0, z=-1.5521791897519206}
 }
17:21:28 `Slime`10765740 missed {
 is already Found: false).
 Position: LorenzVec{x=8.75, y=70.0, z=6.21875}
 DistanceC: 1.2396791897519206
Relative Position: LorenzVec{x=1.2097400113305055, y=-30.0, z=-1.2396791897519206}
 }
17:21:28 `Slime`10765741 missed {
 is already Found: false).
 Position: LorenzVec{x=8.15625, y=70.0, z=6.34375}
 DistanceC: 1.1146791897519206
Relative Position: LorenzVec{x=0.6159900113305055, y=-30.0, z=-1.1146791897519206}
 }
17:21:28 `Slime`10765742 missed {
 is already Found: false).
 Position: LorenzVec{x=8.447916666666668, y=70.0, z=6.65625}
 DistanceC: 0.9076566779971733
Relative Position: LorenzVec{x=0.9076566779971733, y=-30.0, z=-0.8021791897519206}
 }
17:21:28 `Slime`10765745 missed {
 is already Found: false).
 Position: LorenzVec{x=8.885416666666668, y=70.0, z=6.21875}
 DistanceC: 1.3451566779971733
Relative Position: LorenzVec{x=1.3451566779971733, y=-30.0, z=-1.2396791897519206}
 }
17:21:28 `Slime`10765746 missed {
 is already Found: false).
 Position: LorenzVec{x=7.75, y=70.0, z=6.15625}
 DistanceC: 1.3021791897519206
Relative Position: LorenzVec{x=0.20974001133050546, y=-30.0, z=-1.3021791897519206}
 }
17:21:28 `Slime`10765747 missed {
 is already Found: false).
 Position: LorenzVec{x=8.322916666666668, y=70.0, z=6.416666666666666}
 DistanceC: 1.0417625230852545
Relative Position: LorenzVec{x=0.7826566779971733, y=-30.0, z=-1.0417625230852545}
 }
17:21:28 `Slime`10765748 missed {
 is already Found: false).
 Position: LorenzVec{x=8.5, y=70.0, z=6.84375}
 DistanceC: 0.9597400113305055
Relative Position: LorenzVec{x=0.9597400113305055, y=-30.0, z=-0.6146791897519206}
 }
17:21:28 `Slime`10765750 missed {
 is already Found: false).
 Position: LorenzVec{x=6.21875, y=70.0, z=9.71875}
 DistanceC: 2.2603208102480794
Relative Position: LorenzVec{x=-1.3215099886694945, y=-30.0, z=2.2603208102480794}
 }
17:21:28 `Slime`10765751 missed {
 is already Found: false).
 Position: LorenzVec{x=5.90625, y=70.0, z=10.0}
 DistanceC: 2.5415708102480794
Relative Position: LorenzVec{x=-1.6340099886694945, y=-30.0, z=2.5415708102480794}
 }
17:21:28 `Slime`10765752 missed {
 is already Found: false).
 Position: LorenzVec{x=7.447916666666666, y=70.0, z=9.614583333333332}
 DistanceC: 2.1561541435814116
Relative Position: LorenzVec{x=-0.09234332200282847, y=-30.0, z=2.1561541435814116}
 }
17:21:28 `Slime`10765753 missed {
 is already Found: false).
 Position: LorenzVec{x=8.09375, y=70.0, z=10.09375}
 DistanceC: 2.6353208102480794
Relative Position: LorenzVec{x=0.5534900113305055, y=-30.0, z=2.6353208102480794}
 }
17:26:53 `8382855ha3`367 missed {
 is already Found: false).
 Position: LorenzVec{x=-59.5, y=89.0, z=-16.5}
 DistanceC: 13.38918014642043
Relative Position: LorenzVec{x=-9.054340325781986, y=17.9375, z=13.38918014642043}
 }
17:26:54 `x7c89a2u8w`253 missed {
 is already Found: false).
 Position: LorenzVec{x=-74.0, y=65.0, z=-50.0}
 DistanceC: 23.554340325781986
Relative Position: LorenzVec{x=-23.554340325781986, y=-6.0625, z=-20.11081985357957}
 }
