17:02:56 [EMPTY] §f §r§r§r§f §r§r§r§1 §r§r§r§0 §r§r§r§2 §r§r§r§f §r§r§r§f §r§r§r§2 §r§r§r§0 §r§r§r§4 §r§r§r§3 §r§r§r§9 §r§r§r§2 §r§r§r§0 §r§r§r§0 §r§r§r§3 §r§r§r§9 §r§r§r§2 §r§r§r§0 §r§r§r§0 §r§r§r§3 §r§r§r§9 §r§r§r§2 §r§r§r§0 §r§r§r§0 
17:02:56 [LOBBY] §b[MVP§c+§b] EricBlackTigers§f §6joined the lobby!
17:02:56 [LOBBY] §b[MVP§c+§b] JacoDaFool§f §6joined the lobby!
17:02:56 [LOBBY]   §r§f§l➤ §r§6You have reached your Hype limit! Add Hype to Prototype Lobby minigames by right-clicking with the Hype Diamond!
17:03:01 [LOBBY] §b[MVP§c+§b] Sir_Snoodle§f §6joined the lobby!
17:03:08 [WARPING] §7Sending to server mini194DD...
17:03:08 [EMPTY] §8 §r§8 §r§1 §r§3 §r§3 §r§7 §r§8 
17:03:10 [EMPTY] 
17:03:10 [WELCOME] §eWelcome to §r§aHypixel SkyBlock§r§e!
17:03:10 [EMPTY] 
17:03:12 [PROFILE_JOIN] §aYou are playing on profile: §eApple§b (Co-op)
17:03:12 [PROFILE_JOIN] §8Profile ID: b1a71305-1956-42bf-90e4-bce6f7285754
17:07:13 [GUILD_EXP] §aYou earned §r§2135 GEXP §r§a+ §r§e135 Event EXP §r§afrom playing SkyBlock!
17:11:02 [EMPTY] §f                                        
17:22:22 [GUILD_EXP] §aYou earned §r§2184 GEXP §r§a+ §r§e184 Event EXP §r§afrom playing SkyBlock!
17:29:13 [EMPTY] 
17:31:03 [EMPTY] §f                                        
17:31:03 [EMPTY] §f                                        
17:38:15 [EMPTY] §f §r§r§r§f §r§r§r§1 §r§r§r§0 §r§r§r§2 §r§r§r§f §r§r§r§f §r§r§r§2 §r§r§r§0 §r§r§r§4 §r§r§r§3 §r§r§r§9 §r§r§r§2 §r§r§r§0 §r§r§r§0 §r§r§r§3 §r§r§r§9 §r§r§r§2 §r§r§r§0 §r§r§r§0 §r§r§r§3 §r§r§r§9 §r§r§r§2 §r§r§r§0 §r§r§r§0 
17:38:15 [LOBBY] §b[MVP§9+§b] Sebbebas§f §6joined the lobby!
17:38:25 [WARPING] §7Sending to server mini68CE...
17:38:26 [EMPTY] §8 §r§8 §r§1 §r§3 §r§3 §r§7 §r§8 
17:38:28 [EMPTY] 
17:38:28 [WELCOME] §eWelcome to §r§aHypixel SkyBlock§r§e!
17:38:28 [EMPTY] 
17:38:29 [PROFILE_JOIN] §aYou are playing on profile: §eBanana§b (Co-op)
17:38:29 [PROFILE_JOIN] §8Profile ID: b1a71305-1956-42bf-90e4-bce6f7285754
17:38:31 [SKYMALL] §bNew day! §r§eYour §r§2Sky Mall §r§ebuff changed!
17:38:31 [SKYMALL] §eNew buff§r§r§r: §r§fGain §r§a+15% §r§fmore Powder while mining.
17:38:31 [SKYMALL] §8§oYou can disable this messaging by toggling Sky Mall in your /hotm!
17:39:02 [WARPING] §7Sending to server mini82U...
17:39:03 [EMPTY] §8 §r§8 §r§1 §r§3 §r§3 §r§7 §r§8 
17:39:06 [PROFILE_JOIN] §aYou are playing on profile: §eBanana§b (Co-op)
17:39:06 [PROFILE_JOIN] §8Profile ID: b1a71305-1956-42bf-90e4-bce6f7285754
17:39:11 [WARPING] §7Warping...
17:39:11 [WARPING] §7Sending to server mini93CD...
17:39:12 [EMPTY] §8 §r§8 §r§1 §r§3 §r§3 §r§7 §r§8 
17:39:15 [PROFILE_JOIN] §aYou are playing on profile: §eBanana§b (Co-op)
17:39:15 [PROFILE_JOIN] §8Profile ID: b1a71305-1956-42bf-90e4-bce6f7285754
17:43:32 [GUILD_EXP] §aYou earned §r§275 GEXP §r§a+ §r§e225 Event EXP §r§afrom playing SkyBlock!
17:48:33 [EMPTY] §f                                        
17:57:45 [WARPING] §7Warping you to your SkyBlock island...
17:57:45 [WARPING] §7Sending to server mini150CD...
17:57:46 [EMPTY] §8 §r§8 §r§1 §r§3 §r§3 §r§7 §r§8 
17:57:48 [PROFILE_JOIN] §aYou are playing on profile: §eBanana§b (Co-op)
17:57:48 [PROFILE_JOIN] §8Profile ID: b1a71305-1956-42bf-90e4-bce6f7285754
18:00:51 [EMPTY] §f
18:00:51 [WATCHDOG] §4[WATCHDOG ANNOUNCEMENT]
18:00:51 [WATCHDOG] §fWatchdog has banned §r§c§l16,412§r§f players in the last 7 days.
18:00:51 [WATCHDOG] §fStaff have banned an additional §r§c§l14,297§r§f in the last 7 days.
18:00:51 [WATCHDOG] §cBlacklisted modifications are a bannable offense!
18:00:51 [WATCHDOG] §c
18:02:46 [GUILD_EXP] §aYou earned §r§288 GEXP §r§a+ §r§e264 Event EXP §r§afrom playing SkyBlock!
18:12:16 [WARPING] §7Warping...
18:12:30 [WARPING] §7Warping...
18:12:37 [WARPING] §7Warping...
18:13:47 [WARPING] §7Warping...
18:13:54 [WARPING] §7Warping...
18:15:02 [SKYMALL] §bNew day! §r§eYour §r§2Sky Mall §r§ebuff changed!
18:15:02 [SKYMALL] §eNew buff§r§r§r: §r§fGain §r§a+100 §r§6⸕ Mining Speed§r§f.
18:15:02 [SKYMALL] §8§oYou can disable this messaging by toggling Sky Mall in your /hotm!
18:15:30 [WARPING] §7Warping...
18:17:48 [GUILD_EXP] §aYou earned §r§2118 GEXP §r§a+ §r§e354 Event EXP §r§afrom playing SkyBlock!
18:23:07 [WARPING] §7Warping...
18:23:46 [WARPING] §7Warping...
18:24:39 [WARPING] §7Warping...
18:27:49 [GUILD_EXP] §aYou earned §r§291 GEXP §r§a+ §r§e273 Event EXP §r§afrom playing SkyBlock!
18:31:39 [WARPING] §7Warping...
18:32:55 [WARPING] §7Warping...
18:35:01 [SKYMALL] §bNew day! §r§eYour §r§2Sky Mall §r§ebuff changed!
18:35:01 [SKYMALL] §eNew buff§r§r§r: §r§fGain §r§a+15% §r§fmore Powder while mining.
18:35:01 [SKYMALL] §8§oYou can disable this messaging by toggling Sky Mall in your /hotm!
18:35:59 [WARPING] §7Warping...
18:44:15 [WARPING] §7Sending to server mini181AM...
18:44:16 [EMPTY] §8 §r§8 §r§1 §r§3 §r§3 §r§7 §r§8 
18:44:19 [PROFILE_JOIN] §aYou are playing on profile: §eBanana§b (Co-op)
18:44:19 [PROFILE_JOIN] §8Profile ID: b1a71305-1956-42bf-90e4-bce6f7285754
18:47:02 [GUILD_EXP] §aYou earned §r§280 GEXP §r§a+ §r§e240 Event EXP §r§afrom playing SkyBlock!
18:47:34 [WARPING] §7Warping you to your SkyBlock island...
18:47:35 [WARPING] §7Sending to server mini75C...
18:47:35 [EMPTY] §8 §r§8 §r§1 §r§3 §r§3 §r§7 §r§8 
18:47:38 [PROFILE_JOIN] §aYou are playing on profile: §eBanana§b (Co-op)
18:47:38 [PROFILE_JOIN] §8Profile ID: b1a71305-1956-42bf-90e4-bce6f7285754
18:50:57 [WARPING] §7Warping...
18:50:59 [WARPING] §7Warping...
18:50:59 [WARPING] §7Sending to server mini61J...
18:51:00 [EMPTY] §8 §r§8 §r§1 §r§3 §r§3 §r§7 §r§8 
18:51:03 [PROFILE_JOIN] §aYou are playing on profile: §eBanana§b (Co-op)
18:51:03 [PROFILE_JOIN] §8Profile ID: b1a71305-1956-42bf-90e4-bce6f7285754
18:53:31 [WARPING] §7Warping you to your SkyBlock island...
18:53:31 [WARPING] §7Sending to server mini84DF...
18:53:32 [EMPTY] §8 §r§8 §r§1 §r§3 §r§3 §r§7 §r§8 
18:53:35 [PROFILE_JOIN] §aYou are playing on profile: §eBanana§b (Co-op)
18:53:35 [PROFILE_JOIN] §8Profile ID: b1a71305-1956-42bf-90e4-bce6f7285754
18:55:01 [SKYMALL] §bNew day! §r§eYour §r§2Sky Mall §r§ebuff changed!
18:55:01 [SKYMALL] §eNew buff§r§r§r: §r§fGain §r§a+100 §r§6⸕ Mining Speed§r§f.
18:55:01 [SKYMALL] §8§oYou can disable this messaging by toggling Sky Mall in your /hotm!
18:56:19 [WARPING] §7Warping...
18:56:19 [WARPING] §7Sending to server mini24V...
18:56:19 [EMPTY] §8 §r§8 §r§1 §r§3 §r§3 §r§7 §r§8 
18:56:22 [PROFILE_JOIN] §aYou are playing on profile: §eBanana§b (Co-op)
18:56:22 [PROFILE_JOIN] §8Profile ID: b1a71305-1956-42bf-90e4-bce6f7285754
18:56:33 [WARPING] §7Warping you to your SkyBlock island...
18:56:33 [WARPING] §7Sending to server mini24DR...
18:56:34 [EMPTY] §8 §r§8 §r§1 §r§3 §r§3 §r§7 §r§8 
18:56:37 [PROFILE_JOIN] §aYou are playing on profile: §eBanana§b (Co-op)
18:56:37 [PROFILE_JOIN] §8Profile ID: b1a71305-1956-42bf-90e4-bce6f7285754
18:56:47 [WARPING] §7Warping...
18:58:51 [WARPING] §7Warping...
19:04:28 [EMPTY] 
19:04:30 [EMPTY]  
19:04:30 [EMPTY]  
19:04:30 [EMPTY]  
19:06:34 [GUILD_EXP] §aYou earned §r§2153 GEXP §r§a+ §r§e459 Event EXP §r§afrom playing SkyBlock!
19:07:30 [WARPING] §7Finding player...
19:07:32 [WARPING] §7Sending a visit request...
19:07:32 [WARPING] §7Sending to server mini85BH...
19:07:33 [EMPTY] §8 §r§8 §r§1 §r§3 §r§3 §r§7 §r§8 
19:07:41 [PROFILE_JOIN] §aYou are playing on profile: §eBanana§b (Co-op)
19:07:41 [PROFILE_JOIN] §8Profile ID: b1a71305-1956-42bf-90e4-bce6f7285754
19:08:22 [WARPING] §7Finding player...
19:08:33 [WARPING] §7Warping you to your SkyBlock island...
19:08:34 [WARPING] §7Sending to server mini77BH...
19:08:35 [EMPTY] §8 §r§8 §r§1 §r§3 §r§3 §r§7 §r§8 
19:08:37 [PROFILE_JOIN] §aYou are playing on profile: §eBanana§b (Co-op)
19:08:37 [PROFILE_JOIN] §8Profile ID: b1a71305-1956-42bf-90e4-bce6f7285754
19:08:57 [WARPING] §7Warping...
19:08:57 [WARPING] §7Sending to server mini3CA...
19:08:57 [EMPTY] §8 §r§8 §r§1 §r§3 §r§3 §r§7 §r§8 
19:09:00 [PROFILE_JOIN] §aYou are playing on profile: §eBanana§b (Co-op)
19:09:00 [PROFILE_JOIN] §8Profile ID: b1a71305-1956-42bf-90e4-bce6f7285754
