15:51:20 §e[SkyHanni] You have gained §b350 §eBits.§r
15:55:06 §e[SkyHanni] Click here to share the location of this chocolate egg with the server!§r
15:55:19 §e[SkyHanni] Click here to share the location of this chocolate egg with the server!§r
15:55:32 §e[SkyHanni] Click here to share the location of this chocolate egg with the server!§r
15:59:54 §c[SkyHanni-0.26.Beta.16]: Could not find server id§c. Click here to copy the error into the clipboard.§r
16:20:55 §a§lPotion Effect! §r§4Regeneration IV§r
16:20:55 §a§lPotion Effect! §r§4Strength V§r
16:20:55 §a§lPotion Effect! §r§4Critical III§r
16:20:55 §a§lPotion Effect! §r§9Speed IV§r
16:20:55 §a§lPotion Effect! §r§aResistance V§r
16:20:55 §a§lPotion Effect! §r§bArchery III§r
16:27:30 §e[SkyHanni] You have gained §b385 §eBits.§r
16:37:18 §a§lPotion Effect! §r§4Regeneration IV§r
16:37:18 §a§lPotion Effect! §r§4Strength V§r
16:37:18 §a§lPotion Effect! §r§4Critical III§r
16:37:18 §a§lPotion Effect! §r§9Speed IV§r
16:37:18 §a§lPotion Effect! §r§aResistance V§r
16:37:18 §a§lPotion Effect! §r§bArchery III§r
16:43:45 §e[SkyHanni] §cExtra Information from Tab list not found! Enable it: SkyBlock Menu ➜ Settings ➜ Personal ➜ User Interface ➜ Player List Info§r
16:43:46 §e[SkyHanni] You have gained §b35 §eBits.§r
16:55:28 §e[SkyHanni] You have gained §b385 §eBits.§r
17:07:04 §e[SkyHanni] You have gained §b35 §eBits.§r
17:08:10 §e[SkyHanni] Click here to share the location of this chocolate egg with the server!§r
17:22:02 §e[SkyHanni] You have gained §b35 §eBits.§r
