10:36:16 `Spider`9894566 missed {
 is already Found: false).
 Position: LorenzVec{x=1.5, y=101.875, z=18.75}
 DistanceC: 21.479088140771907
Relative Position: LorenzVec{x=-6.6205221548879685, y=1.875, z=-21.479088140771907}
 }
10:36:16 `Spider`9894567 missed {
 is already Found: false).
 Position: LorenzVec{x=3.5, y=100.0, z=20.5}
 DistanceC: 19.729088140771907
Relative Position: LorenzVec{x=-4.6205221548879685, y=0.0, z=-19.729088140771907}
 }
10:36:28 `Spider`9899296 missed {
 is already Found: false).
 Position: LorenzVec{x=11.5, y=100.0, z=18.5}
 DistanceC: 21.729088140771907
Relative Position: LorenzVec{x=3.3794778451120315, y=0.0, z=-21.729088140771907}
 }
10:36:28 `Spider`9899297 missed {
 is already Found: false).
 Position: LorenzVec{x=9.5, y=100.0, z=18.5}
 DistanceC: 21.729088140771907
Relative Position: LorenzVec{x=1.3794778451120315, y=0.0, z=-21.729088140771907}
 }
10:36:28 `Spider`9899537 missed {
 is already Found: false).
 Position: LorenzVec{x=0.5, y=101.0, z=24.5}
 DistanceC: 15.729088140771907
Relative Position: LorenzVec{x=-7.6205221548879685, y=1.0, z=-15.729088140771907}
 }
10:36:32 `Spider`9901192 missed {
 is already Found: false).
 Position: LorenzVec{x=0.5, y=101.0, z=24.5}
 DistanceC: 15.729088140771907
Relative Position: LorenzVec{x=-7.6205221548879685, y=1.0, z=-15.729088140771907}
 }
10:36:42 `Spider`9904804 missed {
 is already Found: false).
 Position: LorenzVec{x=3.125, y=100.0, z=20.21875}
 DistanceC: 20.010338140771907
Relative Position: LorenzVec{x=-4.9955221548879685, y=0.0, z=-20.010338140771907}
 }
10:36:42 `Spider`9904805 missed {
 is already Found: false).
 Position: LorenzVec{x=10.34375, y=100.0, z=24.96875}
 DistanceC: 15.260338140771907
Relative Position: LorenzVec{x=2.2232278451120315, y=0.0, z=-15.260338140771907}
 }
10:36:42 `Spider`9904806 missed {
 is already Found: false).
 Position: LorenzVec{x=2.21875, y=100.0, z=19.625}
 DistanceC: 20.604088140771907
Relative Position: LorenzVec{x=-5.9017721548879685, y=0.0, z=-20.604088140771907}
 }
10:37:56 `Spider`9933574 missed {
 is already Found: false).
 Position: LorenzVec{x=2.5, y=101.875, z=18.5}
 DistanceC: 15.159054631290104
Relative Position: LorenzVec{x=-4.662918955163818, y=1.875, z=-15.159054631290104}
 }
10:38:06 `Spider`9937088 missed {
 is already Found: false).
 Position: LorenzVec{x=9.5, y=100.0, z=18.5}
 DistanceC: 15.159054631290104
Relative Position: LorenzVec{x=2.3370810448361823, y=0.0, z=-15.159054631290104}
 }
10:38:06 `Spider`9937089 missed {
 is already Found: false).
 Position: LorenzVec{x=9.5, y=100.0, z=18.5}
 DistanceC: 15.159054631290104
Relative Position: LorenzVec{x=2.3370810448361823, y=0.0, z=-15.159054631290104}
 }
10:38:54 `Spider`9955502 missed {
 is already Found: false).
 Position: LorenzVec{x=9.5, y=100.0, z=18.5}
 DistanceC: 15.159054631290104
Relative Position: LorenzVec{x=2.3370810448361823, y=0.0, z=-15.159054631290104}
 }
10:39:37 `Spider`9972380 missed {
 is already Found: false).
 Position: LorenzVec{x=0.5, y=101.0, z=18.5}
 DistanceC: 15.159054631290104
Relative Position: LorenzVec{x=-6.662918955163818, y=1.0, z=-15.159054631290104}
 }
10:39:42 `Spider`9974113 missed {
 is already Found: false).
 Position: LorenzVec{x=10.5, y=100.0, z=18.5}
 DistanceC: 15.159054631290104
Relative Position: LorenzVec{x=3.3370810448361823, y=0.0, z=-15.159054631290104}
 }
10:40:30 `Spider`9992914 missed {
 is already Found: false).
 Position: LorenzVec{x=10.5, y=100.0, z=18.5}
 DistanceC: 15.159054631290104
Relative Position: LorenzVec{x=3.3370810448361823, y=0.0, z=-15.159054631290104}
 }
10:41:18 `Spider`10011519 missed {
 is already Found: false).
 Position: LorenzVec{x=9.5, y=100.0, z=18.5}
 DistanceC: 15.159054631290104
Relative Position: LorenzVec{x=2.3370810448361823, y=0.0, z=-15.159054631290104}
 }
10:44:16 `k5p45fm632`498 missed {
 is already Found: false).
 Position: LorenzVec{x=23.0, y=77.0, z=-69.5}
 DistanceC: 19.643825642990137
Relative Position: LorenzVec{x=19.643825642990137, y=7.0, z=12.608162693809106}
 }
