16:34:51 [EMPTY] §f §r§r§r§f §r§r§r§1 §r§r§r§0 §r§r§r§2 §r§r§r§f §r§r§r§f §r§r§r§2 §r§r§r§0 §r§r§r§4 §r§r§r§3 §r§r§r§9 §r§r§r§2 §r§r§r§0 §r§r§r§0 §r§r§r§3 §r§r§r§9 §r§r§r§2 §r§r§r§0 §r§r§r§0 §r§r§r§3 §r§r§r§9 §r§r§r§2 §r§r§r§0 §r§r§r§0 
16:34:51 [LOBBY] §b✦ §r§7You earned §r§b84 §r§7Mystery Dust!
16:34:51 [LOBBY] §b[MVP§9+§b] Sebbebas§f §6joined the lobby!
16:34:52 [allowed] §b§m--------------§r§f  §r§aGuild: Message Of The Day  §r§b§m--------------
16:34:52 [allowed] §b| §r§f[22] [MVP+] Sebbebas Ⓑ: you should give me foraging 50 on my main
16:34:52 [allowed] §b| §r§f[22] [MVP+] Sebbebas Ⓑ: wink wink
16:34:52 [allowed] §b| §r§f[300] [ADMIN] LadyBleu: you almost had iit until you winked
16:34:52 [allowed] §b| §r§f[22] [MVP+] Sebbebas Ⓑ: :(
16:34:52 [allowed] §b| §r§f[300] [ADMIN] LadyBleu: biig mistaake
16:34:52 [allowed] §b§m-----------------------------------------------------
16:34:52 [LOBBY] §b[MVP§6+§b] Thegodofwar_§f §6joined the lobby!
16:34:52 [LOBBY] §b[MVP§8+§b] KING_QAO§f §6joined the lobby!
16:34:52 [LOBBY]   §r§f§l➤ §r§6You have reached your Hype limit! Add Hype to Prototype Lobby minigames by right-clicking with the Hype Diamond!
16:34:54 [allowed] §a§aYou tipped 10 players in 15 different games!
16:34:59 [allowed] §a§aYou tipped Miruu___ in Blitz SG!
16:35:03 [LOBBY] §b[MVP§d+§b] afriga§f §6joined the lobby!
16:35:04 [allowed] §a§aYou tipped BabyStealer42 in The TNT Games!
16:35:05 [LOBBY] §b[MVP§2+§b] yogoro§f §6joined the lobby!
16:35:06 [LOBBY] §b[MVP§2+§b] TiggerTheTiger§f §6joined the lobby!
16:35:06 [LOBBY] §b[MVP§d+§b] EnderRedstone38§f §6joined the lobby!
16:35:08 [LOBBY] §b[MVP§c+§b] ZeroMatt4Ever§f §6joined the lobby!
16:35:09 [allowed] §a§aYou tipped akamga in Mega Walls!
16:35:10 [LOBBY] §b[MVP§e+§b] Maytdot§f §6joined the lobby!
16:35:12 [LOBBY] §b[MVP§9+§b] Starpass§f §6joined the lobby!
16:35:14 [LOBBY] §b[MVP§2+§b] Konsi_113§f §6joined the lobby!
16:35:14 [LOBBY] §b[MVP§c+§b] zStrxngehits§f §6joined the lobby!
16:35:14 [allowed] §a§aYou tipped Eldocile in Arcade Games!
16:35:19 [allowed] §a§aYou tipped SkilleR7xxx7 in UHC Champions!
16:35:19 [LOBBY] §b[MVP§c+§b] DerEchtePaulchen§f §6joined the lobby!
16:35:20 [LOBBY] §b[MVP§c+§b] xDreamTaker§f §6joined the lobby!
16:35:21 [allowed] §aSending you to mini245T!
16:35:22 [allowed] §a§l▬▬▬▬▬▬▬▬▬▬▬▬▬▬▬▬▬▬▬▬▬▬▬▬▬▬▬▬▬▬▬▬▬▬▬▬▬▬▬▬▬▬▬▬▬▬▬▬▬▬▬▬▬▬▬▬▬▬▬▬▬▬▬▬
16:35:22 [allowed] §f                                 §r§f§lDISASTERS
16:35:22 [EMPTY] 
16:35:22 [allowed] §f    Endure an onslaught of natural and unnatural disasters!
16:35:22 [allowed] §f             All survivors at the end of the game will win!
16:35:22 [EMPTY] 
16:35:22 [allowed] §a§l▬▬▬▬▬▬▬▬▬▬▬▬▬▬▬▬▬▬▬▬▬▬▬▬▬▬▬▬▬▬▬▬▬▬▬▬▬▬▬▬▬▬▬▬▬▬▬▬▬▬▬▬▬▬▬▬▬▬▬▬▬▬▬▬
16:35:22 [EMPTY] §8 §r§8 §r§1 §r§3 §r§3 §r§7 §r§8 
16:35:22 [allowed] §e§r§bSebbebas§r§r§r§e has joined (§r§b2§r§r§r§e/§r§b16§r§r§r§e)!§r§e
16:35:22 [allowed] §e§r§7adlerztz§r§r§r§e has joined (§r§b3§r§r§r§e/§r§b16§r§r§r§e)!§r§e
16:35:24 [allowed] §e§r§7AsilArmut§r§r§r§e has joined (§r§b4§r§r§r§e/§r§b16§r§r§r§e)!§r§e
16:35:24 [allowed] §a§aYou tipped Soulsaver23 in Cops and Crims!
16:35:25 [allowed] §e§r§7Jude84§r§r§r§e has joined (§r§b5§r§r§r§e/§r§b16§r§r§r§e)!§r§e
16:35:26 [allowed] §e§r§aMM_ttie§r§r§r§e has joined (§r§b6§r§r§r§e/§r§b16§r§r§r§e)!§r§e
16:35:27 [allowed] §e§r§aThe_Clem§r§r§r§e has joined (§r§b7§r§r§r§e/§r§b16§r§r§r§e)!§r§e
16:35:27 [allowed] §e§r§bPureDay§r§r§r§e has joined (§r§b8§r§r§r§e/§r§b16§r§r§r§e)!§r§e
16:35:27 [allowed] §e§r§7kothongbao2§r§r§r§e has joined (§r§b9§r§r§r§e/§r§b16§r§r§r§e)!§r§e
16:35:28 [EMPTY] §f §r§r§r§f §r§r§r§1 §r§r§r§0 §r§r§r§2 §r§r§r§f §r§r§r§f §r§r§r§2 §r§r§r§0 §r§r§r§4 §r§r§r§3 §r§r§r§9 §r§r§r§2 §r§r§r§0 §r§r§r§0 §r§r§r§3 §r§r§r§9 §r§r§r§2 §r§r§r§0 §r§r§r§0 §r§r§r§3 §r§r§r§9 §r§r§r§2 §r§r§r§0 §r§r§r§0 
16:35:28 [LOBBY] §b[MVP§9+§b] Sebbebas§f §6joined the lobby!
16:35:29 [allowed] §a§aYou tipped rngbean in Warlords!
16:35:29 [LOBBY] §b[MVP§6+§b] TNPSP§f §6joined the lobby!
16:35:30 [LOBBY]   §r§f§l➤ §r§6You have reached your Hype limit! Add Hype to Prototype Lobby minigames by right-clicking with the Hype Diamond!
16:35:31 [LOBBY] §b[MVP§6+§b] TotoroK2§f §6joined the lobby!
16:35:33 [LOBBY] §b[MVP§a+§b] Kingdweeb§f §6joined the lobby!
16:35:33 [LOBBY] §b[MVP§d+§b] junoluvs§f §6joined the lobby!
16:35:33 [LOBBY] §b[MVP§d+§b] PrimeTyler§f §6joined the lobby!
16:35:34 [allowed] §a§aYou tipped Scorp55 in Smash Heroes!
16:35:34 [LOBBY] §b[MVP§c+§b] wakorr§f §6joined the lobby!
16:35:37 [WARPING] §7Sending to server mini196AF...
16:35:37 [EMPTY] §8 §r§8 §r§1 §r§3 §r§3 §r§7 §r§8 
16:35:39 [allowed] §a§aYou tipped Bollepafzakcavia in SkyWars!
16:35:39 [EMPTY] 
16:35:39 [WELCOME] §eWelcome to §r§aHypixel SkyBlock§r§e!
16:35:39 [EMPTY] 
16:35:39 [allowed] §eLatest update: §bSkyBlock v0.22.1 §e§lCLICK
16:35:40 [allowed] §eProfile ID: §r§ab1a71305-1956-42bf-90e4-bce6f7285754
16:35:40 [allowed] §e§lCLICK THIS TO SUGGEST IT IN CHAT §7§l[DASHES]
16:35:40 [allowed] §e§lCLICK THIS TO SUGGEST IT IN CHAT §7§l[NO DASHES]
16:35:40 [PROFILE_JOIN] §aYou are playing on profile: §eBanana§b (Co-op)
16:35:40 [PROFILE_JOIN] §8Profile ID: b1a71305-1956-42bf-90e4-bce6f7285754
16:35:41 [allowed] §6§lALLOWANCE! §r§eYou earned §r§650,000 coins§r§e!
16:35:44 [allowed] §a§aYou tipped _mld in Classic Games!
16:35:47 [EMPTY] 
16:35:47 [allowed] §6§k§lA§r §c§lFIRE SALE §r§6§k§lA
§r§c♨ §eSelling an item for a limited time!
§r§c   ♨ §5Genie Baby Goblin Skin §e(§e1,224 left§e)§c§r
§r§c♨ §a§l[WARP] §eTo Elizabeth in the next §c1d 1h 24m §eto grab yours!
16:35:47 [EMPTY] 
16:36:00 [allowed] §a§aYou were tipped by 2 players in the last minute!
16:36:25 [allowed] §aThe wind has changed direction!
16:36:26 [allowed] §cYou must double tap the drop button to drop this item!
16:36:26 [allowed] §cYou can disable this in the §r§fSettings§r§c in your §r§aSkyBlock Menu§r§c!
16:36:28 [allowed] §cYou must double tap the drop button to drop this item!
16:36:28 [allowed] §cYou can disable this in the §r§fSettings§r§c in your §r§aSkyBlock Menu§r§c!
16:36:37 [allowed] §cAutopet §eequipped your §7[Lvl 100] §6Scatha§e! §a§lVIEW RULE
16:37:12 [allowed] §cThere are blocks in the way!
16:37:13 [allowed] §cThere are blocks in the way!
16:38:09 [allowed] §6The sound of pickaxes clashing against the rock has attracted the attention of the §r§6§lPOWDER GHAST!
16:38:09 [allowed] §eFind the §r§6Powder Ghast§r§e near the §r§bDivan's Gateway§r§e!
16:38:14 [allowed] §cThere are blocks in the way!
16:38:16 [allowed] §cThere are blocks in the way!
16:38:22 [allowed] §8Withdrawing coins...
16:38:22 [allowed] §aWithdrew §r§633.7M coins§r§a! There's now §r§6134.8M coins §r§aleft in the account!
16:38:34 [allowed] §6[Bazaar] §r§7Putting goods in escrow...
16:38:34 [allowed] §6[Bazaar] §r§7Submitting buy order...
16:38:34 [allowed] §6[Bazaar] §r§7§r§eBuy Order Setup! §r§a14§r§7x §r§fLapidary I §r§7for §r§68,120,004 coins§r§7.
16:38:37 [allowed] §8Depositing coins...
16:38:37 [allowed] §aDeposited §r§625.7M coins§r§a! There's now §r§6160.5M coins §r§ain the account!
16:39:00 [allowed] §a§aYou were tipped by 1 player in the last minute!
16:39:36 [allowed] §cOut of sync, check your internet connection!
16:39:37 [allowed] §cYou were spawned in Limbo.
16:39:37 [allowed] §b/limbo for more information.
16:39:45 [EMPTY] §f §r§r§r§f §r§r§r§1 §r§r§r§0 §r§r§r§2 §r§r§r§f §r§r§r§f §r§r§r§2 §r§r§r§0 §r§r§r§4 §r§r§r§3 §r§r§r§9 §r§r§r§2 §r§r§r§0 §r§r§r§0 §r§r§r§3 §r§r§r§9 §r§r§r§2 §r§r§r§0 §r§r§r§0 §r§r§r§3 §r§r§r§9 §r§r§r§2 §r§r§r§0 §r§r§r§0 
16:39:45 [LOBBY] §b[MVP§9+§b] Sebbebas§f §6joined the lobby!
16:39:52 [WARPING] §7Sending to server mini66K...
16:39:53 [EMPTY] §8 §r§8 §r§1 §r§3 §r§3 §r§7 §r§8 
16:39:55 [EMPTY] 
16:39:55 [WELCOME] §eWelcome to §r§aHypixel SkyBlock§r§e!
16:39:55 [EMPTY] 
16:39:55 [allowed] §eLatest update: §bSkyBlock v0.22.1 §e§lCLICK
16:39:55 [allowed] §eProfile ID: §r§ab1a71305-1956-42bf-90e4-bce6f7285754
16:39:55 [allowed] §e§lCLICK THIS TO SUGGEST IT IN CHAT §7§l[DASHES]
16:39:55 [allowed] §e§lCLICK THIS TO SUGGEST IT IN CHAT §7§l[NO DASHES]
16:39:55 [PROFILE_JOIN] §aYou are playing on profile: §eBanana§b (Co-op)
16:39:55 [PROFILE_JOIN] §8Profile ID: b1a71305-1956-42bf-90e4-bce6f7285754
16:40:02 [EMPTY] 
16:40:02 [allowed] §6§k§lA§r §c§lFIRE SALE §r§6§k§lA
§r§c♨ §eSelling an item for a limited time!
§r§c   ♨ §5Genie Baby Goblin Skin §e(§e1,224 left§e)§c§r
§r§c♨ §a§l[WARP] §eTo Elizabeth in the next §c1d 1h 20m §eto grab yours!
16:40:02 [EMPTY] 
16:40:04 [allowed] §aThe wind has changed direction!
16:40:10 [WARPING] §7Warping...
16:40:34 [allowed] §aThe wind has changed direction!
16:41:00 [allowed] §a§aYou were tipped by 1 player in the last minute!
16:41:05 [allowed] §aThe wind has changed direction!
16:41:07 [allowed] §6[Bazaar] §r§7Claiming orders...
16:41:07 [allowed] §6[Bazaar] §r§7§r§7Claimed §r§61,010,703 coins §r§7from selling §r§a6§r§7x §r§5Superior Dragon Fragment §r§7at §r§6170,367 §r§7each!
16:41:07 [allowed] §6[Bazaar] §r§7§r§7Claimed §r§63,906,515 coins §r§7from selling §r§a1§r§7x §r§9Jaderald §r§7at §r§63,950,963 §r§7each!
16:41:07 [allowed] §6[Bazaar] §r§7§r§7Claimed §r§65,145,924 coins §r§7from selling §r§a5§r§7x §r§5Divan Fragment §r§7at §r§61,040,895 §r§7each!
16:41:07 [allowed] §6[Bazaar] §r§7§r§7Claimed §r§62,844,908 coins §r§7from selling §r§a2§r§7x §r§9Gemstone Mixture §r§7at §r§61,438,639 §r§7each!
16:41:07 [allowed] §6[Bazaar] §r§7§r§7Claimed §r§6307,363 coins §r§7from selling §r§a120§r§7x §r§9Bob-omb §r§7at §r§62,590.5 §r§7each!
16:41:07 [allowed] §6[Bazaar] §r§7§r§7Claimed §r§63,427,305 coins §r§7from selling §r§a6§r§7x §r§6Refined Titanium §r§7at §r§6577,717 §r§7each!
16:41:07 [allowed] §6[Bazaar] §r§7§r§7Claimed §r§6272,249 coins §r§7from selling §r§a7§r§7x §r§5Strong Dragon Fragment §r§7at §r§639,335 §r§7each!
16:41:07 [allowed] §6[Bazaar] §r§7§r§7Claimed §r§6299,917 coins §r§7from selling §r§a2§r§7x §r§5Crystal Fragment §r§7at §r§6151,665 §r§7each!
16:41:11 [allowed] §8Depositing coins...
16:41:11 [allowed] §aDeposited §r§617.2M coins§r§a! There's now §r§6177.7M coins §r§ain the account!
16:41:23 [allowed] §5§l✯ §r§eA §r§5Fallen Star §r§ehas crashed at §r§bCliffside Veins§r§e! Nearby ore and Powder drops are amplified!
16:41:34 [allowed] §6[Bazaar] §r§7Cancelling order...
16:41:34 [allowed] §6[Bazaar] §r§7§r§cCancelled! §r§7Refunded §r§a1§r§7x §r§5Dragon Horn §r§7from cancelling Sell Offer!
16:41:35 [allowed] §aThe wind has changed direction!
16:41:40 [allowed] §6[Bazaar] §r§7Putting goods in escrow...
16:41:40 [allowed] §6[Bazaar] §r§7Submitting sell offer...
16:41:40 [allowed] §6[Bazaar] §r§7§r§eSell Offer Setup! §r§a1§r§7x §r§5Dragon Horn §r§7for §r§68,404,368 coins§r§7.
16:41:47 [allowed] §c ☠ §r§7§r§bbEGE5501§r§7 was killed by Glacite Walker§r§7§r§7.
16:42:00 [allowed] §a§aYou were tipped by 1 player in the last minute!
16:42:05 [allowed] §aThe wind has changed direction!
16:42:15 [allowed] §aYou used your §r§6Mining Speed Boost §r§aPickaxe Ability!
16:42:16 [allowed] §9᠅ §r§fYou've earned §r§d8,500 Gemstone Powder §r§ffrom mining your first Gemstone of the day!
16:42:16 [allowed] §d§lPRISTINE! §r§fYou found §r§a☘ Flawed Peridot Gemstone §r§8x18§r§f!
16:42:17 [allowed] §d§lPRISTINE! §r§fYou found §r§a☘ Flawed Peridot Gemstone §r§8x18§r§f!
16:42:18 [allowed] §d§lPRISTINE! §r§fYou found §r§a☘ Flawed Peridot Gemstone §r§8x18§r§f!
16:42:21 [allowed] §d§lPRISTINE! §r§fYou found §r§a☘ Flawed Peridot Gemstone §r§8x18§r§f!
16:42:22 [allowed] §d§lPRISTINE! §r§fYou found §r§a☘ Flawed Peridot Gemstone §r§8x36§r§f!
16:42:24 [allowed] §d§lPRISTINE! §r§fYou found §r§a☘ Flawed Peridot Gemstone §r§8x18§r§f!
16:42:30 [allowed] §a§lPERIDOT GEMSTONE COLLECTOR §r§eCommission Complete! Visit the King §r§eto claim your rewards!
16:42:30 [allowed] §cYour Mining Speed Boost has expired!
16:42:33 [allowed] §d§lPRISTINE! §r§fYou found §r§a☘ Flawed Peridot Gemstone §r§8x18§r§f!
16:42:33 [allowed] §c ☠ §r§7§r§bitskenny9§r§7 was killed by §r§5Star Sentry§r§7§r§7.
16:43:01 [allowed] §a§l▬▬▬▬▬▬▬▬▬▬▬▬▬▬▬▬▬▬▬▬▬▬▬▬▬▬▬▬▬▬▬▬▬▬▬▬▬▬▬▬▬▬▬▬▬▬▬▬▬▬▬▬▬▬▬▬▬▬▬▬▬▬▬▬
16:43:01 [allowed] §f                     §r§9§lGONE WITH THE WIND ENDED!
16:43:01 [allowed] §f                           §r§7Passive Active Event
16:43:01 [EMPTY] 
16:43:01 [allowed] §f     The wind has died down leading to normal mining speeds.
16:43:01 [allowed] §a§l▬▬▬▬▬▬▬▬▬▬▬▬▬▬▬▬▬▬▬▬▬▬▬▬▬▬▬▬▬▬▬▬▬▬▬▬▬▬▬▬▬▬▬▬▬▬▬▬▬▬▬▬▬▬▬▬▬▬▬▬▬▬▬▬
16:43:01 [allowed] §c ☠ §r§7§r§7TheDevil44§r§7 was killed by Glacite Walker§r§7§r§7.
16:43:03 [allowed] §a§aYou were tipped by 1 player in the last minute!
16:43:05 [WARPING] §7Warping...
16:43:06 [allowed] §6The warmth of the campfire reduced your §r§b❄ Cold §r§6to §r§a0§r§6!
16:43:21 [allowed] §aYou summoned your §r§dMithril Golem§r§a!
16:43:27 [allowed] §9᠅ §r§fYou've earned §r§28,500 Mithril Powder §r§ffrom mining your first Mithril Ore of the day!
16:43:32 [allowed] §aYou summoned your §r§6Scatha§r§a!
16:43:48 [GUILD_EXP] §aYou earned §r§2373 GEXP §r§afrom playing SkyBlock!
16:44:04 [allowed] §a§r§6Mining Speed Boost §r§ais now available!
16:44:13 [allowed] §cThere are blocks in the way!
16:44:22 [allowed] §8[§r§b230§r§8] §r§7❤ §r§a[VIP] barthabalint§f§r§f: Anyone shaft party ?
16:44:29 [allowed]  §c⚑ §eThe §cGoblin Raid §eevent starts in §a20 §eseconds!
 §aClick here §eto teleport to §bGarry §eand prepare!
16:44:49 [allowed] §a§l▬▬▬▬▬▬▬▬▬▬▬▬▬▬▬▬▬▬▬▬▬▬▬▬▬▬▬▬▬▬▬▬▬▬▬▬▬▬▬▬▬▬▬▬▬▬▬▬▬▬▬▬▬▬▬▬▬▬▬▬▬▬▬▬
16:44:49 [allowed] §f                        §r§c§lGOBLIN RAID STARTED!
16:44:49 [allowed] §f                                 §r§7Mining Event
16:44:49 [EMPTY] §f                                        
16:44:49 [allowed] §f                        Kill all §r§c1,000 §r§fgoblins to §r§awin§r§f!
16:44:49 [allowed] §f       Earn §r§6extra rewards §r§fby slaying at least §r§c25 §r§fyourself!
16:44:49 [EMPTY] §f                                        
16:44:49 [allowed] §f                 Go to §r§bFar Reserve §r§7(or talk to Garry)
16:44:49 [allowed] §a§l▬▬▬▬▬▬▬▬▬▬▬▬▬▬▬▬▬▬▬▬▬▬▬▬▬▬▬▬▬▬▬▬▬▬▬▬▬▬▬▬▬▬▬▬▬▬▬▬▬▬▬▬▬▬▬▬▬▬▬▬▬▬▬▬
16:44:58 [allowed] §cThere are blocks in the way!
16:45:00 [allowed] §a§aYou were tipped by 1 player in the last minute!
16:45:01 [allowed] §2Guild > §r§bItsTrigo §r§eleft.
16:45:31 [allowed] §d§lPRISTINE! §r§fYou found §r§a✎ Flawed Sapphire Gemstone §r§8x18§r§f!
16:45:35 [allowed] §6The warmth of the campfire reduced your §r§b❄ Cold §r§6to §r§a0§r§6!
16:45:50 [allowed] §cThere are blocks in the way!
16:45:53 [allowed] §9᠅ §r§fYou've earned §r§b7,500 Glacite Powder §r§ffrom mining your first Glacite of the day!
16:45:54 [allowed] §c ☠ §r§7§r§bitskenny9§r§7 was killed by Pitfighter§r§7§r§7.
16:46:01 [allowed] §a§aYou were tipped by 1 player in the last minute!
16:46:04 [allowed] §d§lPRISTINE! §r§fYou found §r§a☘ Flawed Peridot Gemstone §r§8x18§r§f!
16:46:11 [allowed] §d§lPRISTINE! §r§fYou found §r§a☘ Flawed Peridot Gemstone §r§8x18§r§f!
16:46:14 [allowed] §aYou used your §r§6Mining Speed Boost §r§aPickaxe Ability!
16:46:16 [allowed] §d§lPRISTINE! §r§fYou found §r§a☘ Flawed Peridot Gemstone §r§8x36§r§f!
16:46:17 [allowed] §d§lPRISTINE! §r§fYou found §r§a☘ Flawed Peridot Gemstone §r§8x18§r§f!
16:46:21 [allowed] §d§lPRISTINE! §r§fYou found §r§a☘ Flawed Peridot Gemstone §r§8x17§r§f!
16:46:22 [allowed] §d§lPRISTINE! §r§fYou found §r§a☘ Flawed Peridot Gemstone §r§8x18§r§f!
16:46:24 [allowed] §d§lPRISTINE! §r§fYou found §r§a☘ Flawed Peridot Gemstone §r§8x18§r§f!
16:46:25 [allowed] §d§lPRISTINE! §r§fYou found §r§a☘ Flawed Peridot Gemstone §r§8x36§r§f!
16:46:27 [allowed] §d§lPRISTINE! §r§fYou found §r§a☘ Flawed Peridot Gemstone §r§8x18§r§f!
16:46:28 [allowed] §d§lPRISTINE! §r§fYou found §r§a☘ Flawed Peridot Gemstone §r§8x34§r§f!
16:46:29 [allowed] §d§lPRISTINE! §r§fYou found §r§a☘ Flawed Peridot Gemstone §r§8x18§r§f!
16:46:30 [allowed] §cYour Mining Speed Boost has expired!
16:46:33 [allowed] §d§lPRISTINE! §r§fYou found §r§a☘ Flawed Peridot Gemstone §r§8x54§r§f!
16:46:45 [allowed] §d§lPRISTINE! §r§fYou found §r§a☘ Flawed Peridot Gemstone §r§8x18§r§f!
16:46:48 [allowed] §c ☠ §r§7§r§bitskenny9§r§7 was killed by §r§bSuperprotectron§r§7§r§7.
16:46:50 [allowed] §d§lPRISTINE! §r§fYou found §r§a☘ Flawed Peridot Gemstone §r§8x36§r§f!
16:46:52 [allowed] §d§lPRISTINE! §r§fYou found §r§a☘ Flawed Peridot Gemstone §r§8x17§r§f!
16:46:54 [allowed] §d§lPRISTINE! §r§fYou found §r§a☘ Flawed Peridot Gemstone §r§8x17§r§f!
16:46:55 [allowed] §a§l▬▬▬▬▬▬▬▬▬▬▬▬▬▬▬▬▬▬▬▬▬▬▬▬▬▬▬▬▬▬▬▬▬▬▬▬▬▬▬▬▬▬▬▬▬▬▬▬▬▬▬▬▬▬▬▬▬▬▬▬▬▬▬▬
16:46:55 [allowed] §f                          §r§c§lGOBLIN RAID ENDED!
16:46:55 [allowed] §f                                 §r§7Mining Event
16:46:55 [allowed] §f                          §r§cYou didn't participate...
16:46:55 [allowed] §a§l▬▬▬▬▬▬▬▬▬▬▬▬▬▬▬▬▬▬▬▬▬▬▬▬▬▬▬▬▬▬▬▬▬▬▬▬▬▬▬▬▬▬▬▬▬▬▬▬▬▬▬▬▬▬▬▬▬▬▬▬▬▬▬▬
16:46:56 [allowed] §d§lPRISTINE! §r§fYou found §r§a☘ Flawed Peridot Gemstone §r§8x18§r§f!
16:47:01 [allowed] §a§aYou were tipped by 2 players in the last minute!
16:47:01 [allowed] §d§lPRISTINE! §r§fYou found §r§a☘ Flawed Peridot Gemstone §r§8x18§r§f!
16:47:05 [allowed] §cYour pickaxe ability is on cooldown for 58s.
16:47:10 [allowed] §d§lPRISTINE! §r§fYou found §r§a☘ Flawed Peridot Gemstone §r§8x18§r§f!
16:47:12 [allowed] §d§lPRISTINE! §r§fYou found §r§a☘ Flawed Peridot Gemstone §r§8x18§r§f!
16:47:14 [allowed] §d§lPRISTINE! §r§fYou found §r§a☘ Flawed Peridot Gemstone §r§8x36§r§f!
16:47:17 [allowed] §d§lPRISTINE! §r§fYou found §r§a☘ Flawed Peridot Gemstone §r§8x17§r§f!
16:47:23 [allowed] §d§lPRISTINE! §r§fYou found §r§a☘ Flawed Peridot Gemstone §r§8x18§r§f!
16:47:27 [allowed] §d§lPRISTINE! §r§fYou found §r§a☘ Flawed Peridot Gemstone §r§8x18§r§f!
16:47:30 [allowed] §d§lPRISTINE! §r§fYou found §r§a☘ Flawed Peridot Gemstone §r§8x36§r§f!
16:47:33 [allowed] §d§lPRISTINE! §r§fYou found §r§a☘ Flawed Peridot Gemstone §r§8x18§r§f!
16:47:39 [allowed] §cYour pickaxe ability is on cooldown for 24s.
16:47:54 [allowed] §d§lPRISTINE! §r§fYou found §r§a☘ Flawed Peridot Gemstone §r§8x36§r§f!
16:47:55 [allowed] §d§lPRISTINE! §r§fYou found §r§a☘ Flawed Peridot Gemstone §r§8x18§r§f!
16:47:56 [allowed] §c ☠ §r§7§r§bitskenny9§r§7 was killed by §r§5Star Sentry§r§7§r§7.
16:47:59 [allowed] §d§lPRISTINE! §r§fYou found §r§a☘ Flawed Peridot Gemstone §r§8x18§r§f!
16:48:04 [allowed] §a§r§6Mining Speed Boost §r§ais now available!
16:48:04 [allowed] §d§lPRISTINE! §r§fYou found §r§a☘ Flawed Peridot Gemstone §r§8x18§r§f!
16:48:05 [allowed] §d§lPRISTINE! §r§fYou found §r§a☘ Flawed Peridot Gemstone §r§8x17§r§f!
16:48:08 [allowed] §aYou used your §r§6Mining Speed Boost §r§aPickaxe Ability!
16:48:13 [allowed] §d§lPRISTINE! §r§fYou found §r§a☘ Flawed Peridot Gemstone §r§8x18§r§f!
16:48:14 [allowed] §9§lBRRR! §r§bIt's getting really cold in here! But you've got to keep moving...
16:48:14 [allowed] §d§lPRISTINE! §r§fYou found §r§a☘ Flawed Peridot Gemstone §r§8x18§r§f!
16:48:15 [allowed] §d§lPRISTINE! §r§fYou found §r§a☘ Flawed Peridot Gemstone §r§8x18§r§f!
16:48:16 [allowed] §d§lPRISTINE! §r§fYou found §r§a☘ Flawed Peridot Gemstone §r§8x17§r§f!
16:48:17 [allowed] §cThere are blocks in the way!
16:48:17 [allowed] §cThere are blocks in the way!
16:48:17 [allowed] §cThere are blocks in the way!
16:48:18 [allowed] §cThere are blocks in the way!
16:48:18 [allowed] §cThere are blocks in the way!
16:48:20 [allowed] §d§lPRISTINE! §r§fYou found §r§a☘ Flawed Peridot Gemstone §r§8x18§r§f!
16:48:22 [allowed] §d§lPRISTINE! §r§fYou found §r§a☘ Flawed Peridot Gemstone §r§8x17§r§f!
16:48:23 [allowed] §d§lPRISTINE! §r§fYou found §r§a☘ Flawed Peridot Gemstone §r§8x36§r§f!
16:48:24 [allowed] §cYour Mining Speed Boost has expired!
16:48:24 [allowed] §d§lPRISTINE! §r§fYou found §r§a☘ Flawed Peridot Gemstone §r§8x34§r§f!
16:48:28 [allowed] §d§lPRISTINE! §r§fYou found §r§a☘ Flawed Peridot Gemstone §r§8x18§r§f!
16:48:44 [allowed] §d§lPRISTINE! §r§fYou found §r§a☘ Flawed Peridot Gemstone §r§8x17§r§f!
16:48:46 [allowed] §d§lPRISTINE! §r§fYou found §r§a☘ Flawed Peridot Gemstone §r§8x17§r§f!
16:48:47 [allowed] §d§lPRISTINE! §r§fYou found §r§a☘ Flawed Peridot Gemstone §r§8x18§r§f!
16:48:52 [GUILD_EXP] §aYou earned §r§2628 GEXP §r§afrom playing SkyBlock!
16:49:03 [allowed] §d§lPRISTINE! §r§fYou found §r§a☘ Flawed Peridot Gemstone §r§8x18§r§f!
16:49:05 [allowed] §d§lPRISTINE! §r§fYou found §r§a☘ Flawed Peridot Gemstone §r§8x36§r§f!
16:49:08 [WARPING] §7Warping...
16:49:10 [allowed] §6The warmth of the campfire reduced your §r§b❄ Cold §r§6to §r§a0§r§6!
16:49:46 [allowed] §6[Bazaar] §r§7Claiming order...
16:49:46 [allowed] §6[Bazaar] §r§7§r§7Claimed §r§a7§r§7x §r§fLapidary I §r§7worth §r§64,060,002 coins §r§7bought for §r§6580,000 §r§7each!
16:49:49 [allowed] §6[Bazaar] §r§7Cancelling order...
16:49:49 [allowed] §6[Bazaar] §r§7§r§cCancelled! §r§7Refunded §r§64,060,002 coins §r§7from cancelling Buy Order!
16:49:55 [allowed] §8Withdrawing coins...
16:49:55 [allowed] §aWithdrew §r§65M coins§r§a! There's now §r§6172.7M coins §r§aleft in the account!
16:49:58 [allowed] §a§r§6Mining Speed Boost §r§ais now available!
16:50:03 [allowed] §6[Bazaar] §r§7Putting goods in escrow...
16:50:03 [allowed] §6[Bazaar] §r§7Submitting buy order...
16:50:03 [allowed] §6[Bazaar] §r§7§r§eBuy Order Setup! §r§a7§r§7x §r§fLapidary I §r§7for §r§64,060,005 coins§r§7.
16:50:31 [allowed] §6[Bazaar] §r§7Cancelling order...
16:50:31 [allowed] §6[Bazaar] §r§7§r§cCancelled! §r§7Refunded §r§64,060,005 coins §r§7from cancelling Buy Order!
16:50:35 [allowed] §6[Bazaar] §r§7Executing instant buy...
16:50:35 [allowed] §6[Bazaar] §r§7Bought §r§a7§r§7x §r§fLapidary I §r§7for §r§64,719,183 coins§r§7!
16:51:05 [allowed] §cYou don't have enough Experience Levels!
16:51:18 [allowed] §6[Bazaar] §r§7Executing instant buy...
16:51:18 [allowed] §3You applied 1,100,000 experience!
16:51:18 [allowed] §6[Bazaar] §r§7Bought §r§a1§r§7x §r§9Titanic Experience Bottle §r§7for §r§6543,991 coins§r§7!
16:51:20 [allowed] §aYou enchanted your §r§dAuspicious Titanium Drill DR-X655 §r§awith Lapidary V§r§a!
16:51:55 [allowed] §d§lPRISTINE! §r§fYou found §r§a✎ Flawed Sapphire Gemstone §r§8x18§r§f!
16:52:04 [allowed] §6The warmth of the campfire reduced your §r§b❄ Cold §r§6to §r§a0§r§6!
16:53:00 [allowed] §a§aYou were tipped by 1 player in the last minute!
16:53:56 [GUILD_EXP] §aYou earned §r§2334 GEXP §r§afrom playing SkyBlock!
16:54:00 [allowed] §a§aYou were tipped by 2 players in the last minute!
16:54:20 [allowed] §aYou applied a §r§6Recombobulator 3000 §r§ato your §r§6Titanium Relic§r§a!
16:54:40 [allowed] §8Depositing coins...
16:54:40 [allowed] §aDeposited §r§63.8M coins§r§a! There's now §r§6176.4M coins §r§ain the account!
16:54:42 [allowed] §cThere are blocks in the way!
16:54:48 [allowed] §cThis Mineshaft Portal doesn't belong to you!
16:54:48 [allowed] §cThis Mineshaft Portal doesn't belong to you!
16:55:01 [allowed] §a§aYou were tipped by 1 player in the last minute!
16:55:14 [allowed] §cThere are blocks in the way!
16:55:25 [allowed] §aYou used your §r§6Mining Speed Boost §r§aPickaxe Ability!
16:55:29 [allowed] §d§lPRISTINE! §r§fYou found §r§a☠ Flawed Onyx Gemstone §r§8x36§r§f!
16:55:30 [allowed] §d§lPRISTINE! §r§fYou found §r§a☠ Flawed Onyx Gemstone §r§8x38§r§f!
16:55:31 [allowed] §d§lPRISTINE! §r§fYou found §r§a☠ Flawed Onyx Gemstone §r§8x36§r§f!
16:55:36 [allowed] §d§lPRISTINE! §r§fYou found §r§a☠ Flawed Onyx Gemstone §r§8x19§r§f!
16:55:37 [allowed] §d§lPRISTINE! §r§fYou found §r§a☠ Flawed Onyx Gemstone §r§8x19§r§f!
16:55:37 [allowed] §d§lPRISTINE! §r§fYou found §r§a☠ Flawed Onyx Gemstone §r§8x19§r§f!
16:55:40 [allowed] §cYour Mining Speed Boost has expired!
16:55:44 [allowed] §d§lPRISTINE! §r§fYou found §r§a☠ Flawed Onyx Gemstone §r§8x18§r§f!
16:55:46 [allowed] §d§lPRISTINE! §r§fYou found §r§a☠ Flawed Onyx Gemstone §r§8x36§r§f!
16:55:49 [allowed] §a§lONYX GEMSTONE COLLECTOR §r§eCommission Complete! Visit the King §r§eto claim your rewards!
16:56:16 [WARPING] §7Warping...
16:56:17 [allowed] §6The warmth of the campfire reduced your §r§b❄ Cold §r§6to §r§a0§r§6!
16:56:19 [allowed] §cThere are blocks in the way!
16:56:29 [allowed] §a§lUMBER COLLECTOR §r§eCommission Complete! Visit the King §r§eto claim your rewards!
16:57:14 [allowed] §a§r§6Mining Speed Boost §r§ais now available!
16:57:15 [allowed] §a§lTUNGSTEN COLLECTOR §r§eCommission Complete! Visit the King §r§eto claim your rewards!
16:57:21 [allowed] §cThere are blocks in the way!
16:57:21 [allowed] §cThere are blocks in the way!
16:57:28 [allowed] §cThere are blocks in the way!
16:57:30 [allowed] §aYou used your §r§6Mining Speed Boost §r§aPickaxe Ability!
16:57:31 [allowed] §d§lPRISTINE! §r§fYou found §r§a☘ Flawed Citrine Gemstone §r§8x54§r§f!
16:57:31 [allowed] §d§lPRISTINE! §r§fYou found §r§a☘ Flawed Citrine Gemstone §r§8x38§r§f!
16:57:33 [allowed] §d§lPRISTINE! §r§fYou found §r§a☘ Flawed Citrine Gemstone §r§8x18§r§f!
16:57:41 [allowed] §d§lPRISTINE! §r§fYou found §r§a☘ Flawed Citrine Gemstone §r§8x18§r§f!
16:57:43 [allowed] §d§lPRISTINE! §r§fYou found §r§a☘ Flawed Citrine Gemstone §r§8x18§r§f!
16:57:45 [allowed] §cYour Mining Speed Boost has expired!
16:57:47 [allowed] §d§lPRISTINE! §r§fYou found §r§a☘ Flawed Citrine Gemstone §r§8x36§r§f!
16:57:49 [allowed] §a§lCITRINE GEMSTONE COLLECTOR §r§eCommission Complete! Visit the King §r§eto claim your rewards!
16:57:50 [allowed] §d§lPRISTINE! §r§fYou found §r§a☘ Flawed Citrine Gemstone §r§8x18§r§f!
16:57:51 [allowed] §cYour pickaxe ability is on cooldown for 87s.
16:58:01 [allowed] §a§aYou were tipped by 1 player in the last minute!
16:58:36 [allowed] §a§lTUNGSTEN COLLECTOR §r§eCommission Complete! Visit the King §r§eto claim your rewards!
16:58:44 [allowed] §9§lBRRR! §r§bIt's getting really cold in here! But you've got to keep moving...
16:58:47 [WARPING] §7Warping...
16:58:49 [allowed] §6The warmth of the campfire reduced your §r§b❄ Cold §r§6to §r§a0§r§6!
16:58:58 [allowed] §d§lPRISTINE! §r§fYou found §r§a☂ Flawed Aquamarine Gemstone §r§8x18§r§f!
16:58:59 [GUILD_EXP] §aYou earned §r§2606 GEXP §r§afrom playing SkyBlock!
16:59:01 [allowed] §d§lPRISTINE! §r§fYou found §r§a☂ Flawed Aquamarine Gemstone §r§8x36§r§f!
16:59:02 [allowed] §a§aYou were tipped by 2 players in the last minute!
16:59:03 [allowed] §d§lPRISTINE! §r§fYou found §r§a☂ Flawed Aquamarine Gemstone §r§8x18§r§f!
16:59:04 [allowed] §c ☠ §r§7§r§aPensip§r§7 was killed by Ghost§r§7§r§7.
16:59:10 [allowed] §d§lPRISTINE! §r§fYou found §r§a☂ Flawed Aquamarine Gemstone §r§8x19§r§f!
16:59:12 [allowed] §d§lPRISTINE! §r§fYou found §r§a☂ Flawed Aquamarine Gemstone §r§8x18§r§f!
16:59:14 [allowed] §d§lPRISTINE! §r§fYou found §r§a☂ Flawed Aquamarine Gemstone §r§8x19§r§f!
16:59:19 [allowed] §d§lPRISTINE! §r§fYou found §r§a☂ Flawed Aquamarine Gemstone §r§8x19§r§f!
16:59:19 [allowed] §a§r§6Mining Speed Boost §r§ais now available!
16:59:23 [allowed] §aYou used your §r§6Mining Speed Boost §r§aPickaxe Ability!
16:59:25 [allowed] §d§lPRISTINE! §r§fYou found §r§a☂ Flawed Aquamarine Gemstone §r§8x18§r§f!
16:59:27 [allowed] §d§lPRISTINE! §r§fYou found §r§a☂ Flawed Aquamarine Gemstone §r§8x18§r§f!
16:59:27 [allowed] §a§lAQUAMARINE GEMSTONE COLLECTOR §r§eCommission Complete! Visit the King §r§eto claim your rewards!
16:59:30 [allowed] §d§lPRISTINE! §r§fYou found §r§a☂ Flawed Aquamarine Gemstone §r§8x18§r§f!
16:59:33 [allowed] §d§lPRISTINE! §r§fYou found §r§a☂ Flawed Aquamarine Gemstone §r§8x36§r§f!
16:59:34 [allowed] §d§lPRISTINE! §r§fYou found §r§a☂ Flawed Aquamarine Gemstone §r§8x18§r§f!
16:59:34 [allowed] §d§lPRISTINE! §r§fYou found §r§a☂ Flawed Aquamarine Gemstone §r§8x36§r§f!
16:59:36 [allowed] §d§lPRISTINE! §r§fYou found §r§a☂ Flawed Aquamarine Gemstone §r§8x18§r§f!
16:59:37 [allowed] §d§lPRISTINE! §r§fYou found §r§a☂ Flawed Aquamarine Gemstone §r§8x19§r§f!
16:59:38 [allowed] §cYour Mining Speed Boost has expired!
16:59:43 [allowed] §cYour pickaxe ability is on cooldown for 89s.
17:00:00 [allowed] §a§aYou were tipped by 1 player in the last minute!
17:00:23 [allowed] §a§lUMBER COLLECTOR §r§eCommission Complete! Visit the King §r§eto claim your rewards!
17:00:26 [allowed] §cYour pickaxe ability is on cooldown for 45s.
17:00:31 [allowed] §6The warmth of the campfire reduced your §r§b❄ Cold §r§6to §r§a0§r§6!
17:00:33 [allowed] §cThere are blocks in the way!
17:00:34 [allowed] §cThere are blocks in the way!
17:00:37 [allowed] §cYour pickaxe ability is on cooldown for 34s.
17:00:39 [allowed] §d§lPRISTINE! §r§fYou found §r§a☘ Flawed Peridot Gemstone §r§8x18§r§f!
17:00:43 [allowed] §d§lPRISTINE! §r§fYou found §r§a☘ Flawed Peridot Gemstone §r§8x18§r§f!
17:00:57 [allowed] §d§lPRISTINE! §r§fYou found §r§a☘ Flawed Peridot Gemstone §r§8x19§r§f!
17:00:59 [allowed] §d§lPRISTINE! §r§fYou found §r§a☘ Flawed Peridot Gemstone §r§8x36§r§f!
17:01:02 [allowed] §d§lPRISTINE! §r§fYou found §r§a☘ Flawed Peridot Gemstone §r§8x18§r§f!
17:01:04 [allowed] §d§lPRISTINE! §r§fYou found §r§a☘ Flawed Peridot Gemstone §r§8x18§r§f!
17:01:09 [allowed] §d§lPRISTINE! §r§fYou found §r§a☘ Flawed Peridot Gemstone §r§8x18§r§f!
17:01:11 [allowed] §d§lPRISTINE! §r§fYou found §r§a☘ Flawed Peridot Gemstone §r§8x18§r§f!
17:01:12 [allowed] §a§r§6Mining Speed Boost §r§ais now available!
17:01:17 [allowed] §d§lPRISTINE! §r§fYou found §r§a☘ Flawed Peridot Gemstone §r§8x18§r§f!
17:01:17 [allowed] §a§lPERIDOT GEMSTONE COLLECTOR §r§eCommission Complete! Visit the King §r§eto claim your rewards!
17:01:19 [allowed] §d§lPRISTINE! §r§fYou found §r§a☘ Flawed Peridot Gemstone §r§8x18§r§f!
17:01:37 [allowed] §cThere are blocks in the way!
17:01:37 [allowed] §cThere are blocks in the way!
17:01:41 [allowed] §aYou used your §r§6Mining Speed Boost §r§aPickaxe Ability!
17:01:42 [allowed] §d§lPRISTINE! §r§fYou found §r§a☂ Flawed Aquamarine Gemstone §r§8x18§r§f!
17:01:43 [allowed] §d§lPRISTINE! §r§fYou found §r§a☂ Flawed Aquamarine Gemstone §r§8x18§r§f!
17:01:44 [allowed] §d§lPRISTINE! §r§fYou found §r§a☂ Flawed Aquamarine Gemstone §r§8x19§r§f!
17:01:45 [allowed] §d§lPRISTINE! §r§fYou found §r§a☂ Flawed Aquamarine Gemstone §r§8x19§r§f!
17:01:46 [allowed] §d§lPRISTINE! §r§fYou found §r§a☂ Flawed Aquamarine Gemstone §r§8x36§r§f!
17:01:47 [allowed] §d§lPRISTINE! §r§fYou found §r§a☂ Flawed Aquamarine Gemstone §r§8x18§r§f!
17:01:51 [allowed] §d§lPRISTINE! §r§fYou found §r§a☂ Flawed Aquamarine Gemstone §r§8x19§r§f!
17:01:52 [allowed] §d§lPRISTINE! §r§fYou found §r§a☂ Flawed Aquamarine Gemstone §r§8x18§r§f!
17:01:53 [allowed] §d§lPRISTINE! §r§fYou found §r§a☂ Flawed Aquamarine Gemstone §r§8x38§r§f!
17:01:55 [allowed] §d§lPRISTINE! §r§fYou found §r§a☂ Flawed Aquamarine Gemstone §r§8x18§r§f!
17:01:56 [allowed] §a§lAQUAMARINE GEMSTONE COLLECTOR §r§eCommission Complete! Visit the King §r§eto claim your rewards!
17:01:57 [allowed] §d§lPRISTINE! §r§fYou found §r§a☂ Flawed Aquamarine Gemstone §r§8x18§r§f!
17:01:57 [allowed] §cYour Mining Speed Boost has expired!
17:02:00 [allowed] §d§lPRISTINE! §r§fYou found §r§a☂ Flawed Aquamarine Gemstone §r§8x19§r§f!
17:02:07 [allowed] §cYour pickaxe ability is on cooldown for 83s.
17:02:11 [WARPING] §7Warping...
17:02:12 [allowed] §6The warmth of the campfire reduced your §r§b❄ Cold §r§6to §r§a0§r§6!
17:02:12 [allowed] §cThere are blocks in the way!
17:02:16 [allowed] §cThere are blocks in the way!
17:02:58 [allowed] §a§lTUNGSTEN COLLECTOR §r§eCommission Complete! Visit the King §r§eto claim your rewards!
17:03:00 [allowed] §cYour pickaxe ability is on cooldown for 30s.
17:03:00 [allowed] §a§aYou were tipped by 1 player in the last minute!
17:03:31 [allowed] §a§r§6Mining Speed Boost §r§ais now available!
17:03:33 [allowed] §6The warmth of the campfire reduced your §r§b❄ Cold §r§6to §r§a0§r§6!
17:03:40 [allowed] §cThere are blocks in the way!
17:03:40 [allowed] §cThere are blocks in the way!
17:03:41 [allowed] §aYou used your §r§6Mining Speed Boost §r§aPickaxe Ability!
17:03:52 [allowed] §5§lWOW! §r§aYou found a §r§bGlacite Mineshaft §r§aportal!
17:03:52 [allowed] §b§lMINESHAFT! §r§7A Mineshaft portal spawned nearby!
17:03:55 [allowed] §cThere are blocks in the way!
17:03:57 [allowed] §cYour Mining Speed Boost has expired!
17:04:02 [GUILD_EXP] §aYou earned §r§2735 GEXP §r§afrom playing SkyBlock!
17:04:05 [allowed] §aSending to Mineshaft...
17:04:05 [allowed] §9§m-----------------------------
§r§b[MVP§r§9+§r§b] Sebbebas§r§f §r§eentered §r§aGlacite Mineshafts§r§e!
§r§9§m-----------------------------
17:04:05 [allowed] §8Queuing... (Attempt 1/3)
17:04:05 [WARPING] §7Sending to server mini91N...
17:04:06 [EMPTY] §8 §r§8 §r§1 §r§3 §r§3 §r§7 §r§8 
17:04:06 [allowed] §a§r§6Mining Speed Boost §r§ais now available!
17:04:08 [EMPTY] 
17:04:08 [allowed] §b§lMINESHAFT MODIFIERS!
17:04:08 [allowed] §b§lMAYHEM! §r§7Your §r§9Suspicious Scrap §r§7chance was buffed by your §r§aMineshaft Mayhem §r§7perk!
17:04:08 [EMPTY] 
17:04:09 [PROFILE_JOIN] §aYou are playing on profile: §eBanana§b (Co-op)
17:04:09 [PROFILE_JOIN] §8Profile ID: b1a71305-1956-42bf-90e4-bce6f7285754
17:04:29 [allowed] §a§l+5 Kill Combo §r§b+3% §r§b✯ Magic Find
17:04:42 [allowed] §aYou used your §r§6Mining Speed Boost §r§aPickaxe Ability!
17:04:43 [allowed] §a§l▬▬▬▬▬▬▬▬▬▬▬▬▬▬▬▬▬▬▬▬▬▬▬▬▬▬▬▬▬▬▬▬▬▬▬▬▬▬▬▬▬▬▬▬▬▬▬▬▬▬▬▬▬▬▬▬▬▬▬▬▬▬▬▬
17:04:43 [allowed]   §r§b§l§r§9§lLAPIS §r§b§lCORPSE LOOT! 
17:04:43 [EMPTY] 
17:04:43 [allowed]   §r§a§lREWARDS
17:04:43 [allowed]     §r§9Enchanted Glacite
17:04:43 [allowed]     §r§9§r§cRed Goblin Egg
17:04:43 [allowed]     §r§a☠ Flawed Onyx Gemstone §r§8x10
17:04:43 [allowed]     §r§a☘ Flawed Citrine Gemstone §r§8x80
17:04:43 [allowed]     §r§bGlacite Powder §r§8x2,276
17:04:44 [allowed] §a§l▬▬▬▬▬▬▬▬▬▬▬▬▬▬▬▬▬▬▬▬▬▬▬▬▬▬▬▬▬▬▬▬▬▬▬▬▬▬▬▬▬▬▬▬▬▬▬▬▬▬▬▬▬▬▬▬▬▬▬▬▬▬▬▬
17:04:54 [allowed] §cYour Kill Combo has expired! You reached a 9 Kill Combo!
17:04:56 [allowed] §d§lPRISTINE! §r§fYou found §r§a❤ Flawed Ruby Gemstone §r§8x18§r§f!
17:04:57 [allowed] §cYour Mining Speed Boost has expired!
17:04:57 [allowed] §d§lPRISTINE! §r§fYou found §r§a❤ Flawed Ruby Gemstone §r§8x18§r§f!
17:04:58 [allowed] §d§lPRISTINE! §r§fYou found §r§a❤ Flawed Ruby Gemstone §r§8x18§r§f!
17:04:59 [allowed] §d§lPRISTINE! §r§fYou found §r§a❤ Flawed Ruby Gemstone §r§8x36§r§f!
17:05:00 [allowed] §d§lPRISTINE! §r§fYou found §r§a❤ Flawed Ruby Gemstone §r§8x18§r§f!
17:05:00 [allowed] §d§lPRISTINE! §r§fYou found §r§a❤ Flawed Ruby Gemstone §r§8x19§r§f!
17:05:07 [allowed] §7§oThe mineshaft entrance has caved in... it doesn't look like anyone else will be able to get in here.
17:05:07 [allowed] §d§lPRISTINE! §r§fYou found §r§a❤ Flawed Ruby Gemstone §r§8x18§r§f!
17:05:08 [allowed] §cYou already tipped everyone that has boosters active, so there isn't anybody to be tipped right now!
17:05:09 [allowed] §d§lPRISTINE! §r§fYou found §r§a❤ Flawed Ruby Gemstone §r§8x38§r§f!
17:05:11 [allowed] §a§lMANIAC SLAYER §r§eCommission Complete! Visit the King §r§eto claim your rewards!
17:05:13 [allowed] §a§aYou tipped JADEN197027 in Blitz SG!
17:05:13 [allowed] §cYour pickaxe ability is on cooldown for 77s.
17:05:17 [allowed] §cYou cannot do that in this room!
17:05:17 [allowed] §cYou cannot do that in this room!
17:05:18 [allowed] §a§aYou tipped grannypenguin in The TNT Games!
17:05:23 [allowed] §cThat player is not online, try another user!
17:05:28 [allowed] §a§aYou tipped dadada115 in Arcade Games!
17:05:33 [allowed] §cThat player is not online, try another user!
17:05:35 [allowed] §a§lGLACITE COLLECTOR §r§eCommission Complete! Visit the King §r§eto claim your rewards!
17:05:38 [allowed] §a§aYou tipped Xmoshin_01 in Cops and Crims!
17:05:43 [allowed] §a§aYou tipped Shaco_Enes in Warlords!
17:05:48 [allowed] §a§aYou tipped Sparkingz in Smash Heroes!
17:05:53 [allowed] §a§aYou tipped MICHQUSZEK_2137 in SkyWars!
17:05:55 [allowed] §cYour pickaxe ability is on cooldown for 36s.
17:05:58 [allowed] §a§aYou tipped Teige101 in Classic Games!
17:05:59 [allowed] §d§lPRISTINE! §r§fYou found §r§a❤ Flawed Ruby Gemstone §r§8x19§r§f!
17:06:01 [allowed] §d§lPRISTINE! §r§fYou found §r§a❤ Flawed Ruby Gemstone §r§8x18§r§f!
17:06:07 [allowed] §d§lPRISTINE! §r§fYou found §r§a❤ Flawed Ruby Gemstone §r§8x18§r§f!
17:06:07 [allowed] §9§lBRRR! §r§bIt's getting really cold in here! But you've got to keep moving...
17:06:12 [allowed] §d§lPRISTINE! §r§fYou found §r§a❤ Flawed Ruby Gemstone §r§8x18§r§f!
17:06:20 [allowed] §d§lPRISTINE! §r§fYou found §r§a❤ Flawed Ruby Gemstone §r§8x18§r§f!
17:06:22 [allowed] §d§lPRISTINE! §r§fYou found §r§a❤ Flawed Ruby Gemstone §r§8x18§r§f!
17:06:25 [allowed] §d§lPRISTINE! §r§fYou found §r§a❤ Flawed Ruby Gemstone §r§8x18§r§f!
17:06:27 [allowed] §d§lPRISTINE! §r§fYou found §r§a❤ Flawed Ruby Gemstone §r§8x18§r§f!
17:06:30 [allowed] §a§r§6Mining Speed Boost §r§ais now available!
17:06:32 [allowed] §aYou used your §r§6Mining Speed Boost §r§aPickaxe Ability!
17:06:33 [allowed] §d§lPRISTINE! §r§fYou found §r§a❤ Flawed Ruby Gemstone §r§8x18§r§f!
17:06:33 [allowed] §d§lPRISTINE! §r§fYou found §r§a❤ Flawed Ruby Gemstone §r§8x18§r§f!
17:06:35 [allowed] §d§lPRISTINE! §r§fYou found §r§a❤ Flawed Ruby Gemstone §r§8x18§r§f!
17:06:36 [allowed] §6§lEXCAVATOR! §r§fYou found a §r§9Suspicious Scrap§r§f!
17:06:36 [allowed] §d§lPRISTINE! §r§fYou found §r§a❤ Flawed Ruby Gemstone §r§8x18§r§f!
17:06:36 [allowed] §a§lSCRAP COLLECTOR §r§eCommission Complete! Visit the King §r§eto claim your rewards!
17:06:37 [allowed] §d§lPRISTINE! §r§fYou found §r§a❤ Flawed Ruby Gemstone §r§8x19§r§f!
17:06:37 [allowed] §b§lBRRR! §r§aIt's getting colder in here...
17:06:38 [allowed] §d§lPRISTINE! §r§fYou found §r§a❤ Flawed Ruby Gemstone §r§8x36§r§f!
17:06:38 [allowed] §d§lPRISTINE! §r§fYou found §r§a❤ Flawed Ruby Gemstone §r§8x19§r§f!
17:06:40 [allowed] §d§lPRISTINE! §r§fYou found §r§a❤ Flawed Ruby Gemstone §r§8x19§r§f!
17:06:42 [allowed] §d§lPRISTINE! §r§fYou found §r§a❤ Flawed Ruby Gemstone §r§8x36§r§f!
17:06:42 [allowed] §d§lPRISTINE! §r§fYou found §r§a❤ Flawed Ruby Gemstone §r§8x18§r§f!
17:06:43 [allowed] §d§lPRISTINE! §r§fYou found §r§a❤ Flawed Ruby Gemstone §r§8x19§r§f!
17:06:43 [allowed] §d§lPRISTINE! §r§fYou found §r§a❤ Flawed Ruby Gemstone §r§8x18§r§f!
17:06:45 [allowed] §d§lPRISTINE! §r§fYou found §r§a❤ Flawed Ruby Gemstone §r§8x18§r§f!
17:06:45 [allowed] §d§lPRISTINE! §r§fYou found §r§a❤ Flawed Ruby Gemstone §r§8x19§r§f!
17:06:46 [allowed] §d§lPRISTINE! §r§fYou found §r§a❤ Flawed Ruby Gemstone §r§8x19§r§f!
17:06:47 [allowed] §cYour Mining Speed Boost has expired!
17:06:55 [allowed] §d§lPRISTINE! §r§fYou found §r§a❤ Flawed Ruby Gemstone §r§8x18§r§f!
17:06:59 [allowed] §d§lPRISTINE! §r§fYou found §r§a❤ Flawed Ruby Gemstone §r§8x36§r§f!
17:07:03 [allowed] §d§lPRISTINE! §r§fYou found §r§a❤ Flawed Ruby Gemstone §r§8x36§r§f!
17:07:10 [allowed] §d§lPRISTINE! §r§fYou found §r§a❤ Flawed Ruby Gemstone §r§8x18§r§f!
17:07:12 [allowed] §b§lCOMPACT! §r§fYou found an §r§aEnchanted Hard Stone§r§f!
17:07:13 [allowed] §d§lPRISTINE! §r§fYou found §r§a❤ Flawed Ruby Gemstone §r§8x18§r§f!
17:07:14 [allowed] §d§lPRISTINE! §r§fYou found §r§a❤ Flawed Ruby Gemstone §r§8x36§r§f!
17:07:20 [allowed] §cYou've already looted this corpse!
17:07:22 [allowed] §cYour pickaxe ability is on cooldown for 58s.
17:07:24 [allowed] §a§l▬▬▬▬▬▬▬▬▬▬▬▬▬▬▬▬▬▬▬▬▬▬▬▬▬▬▬▬▬▬▬▬▬▬▬▬▬▬▬▬▬▬▬▬▬▬▬▬▬▬▬▬▬▬▬▬▬▬▬▬▬▬▬▬
17:07:24 [allowed]   §r§b§l§r§9§lLAPIS §r§b§lCORPSE LOOT! 
17:07:24 [EMPTY] 
17:07:24 [allowed]   §r§a§lREWARDS
17:07:24 [allowed]     §r§9Enchanted Tungsten §r§8x4
17:07:24 [allowed]     §r§9Goblin Egg
17:07:24 [allowed]     §r§9☂ Fine Aquamarine Gemstone
17:07:24 [allowed]     §r§a☠ Flawed Onyx Gemstone §r§8x10
17:07:24 [allowed]     §r§bGlacite Powder §r§8x2,867
17:07:24 [allowed] §a§l▬▬▬▬▬▬▬▬▬▬▬▬▬▬▬▬▬▬▬▬▬▬▬▬▬▬▬▬▬▬▬▬▬▬▬▬▬▬▬▬▬▬▬▬▬▬▬▬▬▬▬▬▬▬▬▬▬▬▬▬▬▬▬▬
17:07:24 [allowed] §a§lCORPSE LOOTER §r§eCommission Complete! Visit the King §r§eto claim your rewards!
17:07:43 [allowed] §d§lPRISTINE! §r§fYou found §r§a❤ Flawed Ruby Gemstone §r§8x18§r§f!
17:07:47 [allowed] §d§lPRISTINE! §r§fYou found §r§a❤ Flawed Ruby Gemstone §r§8x19§r§f!
17:07:49 [allowed] §d§lPRISTINE! §r§fYou found §r§a❤ Flawed Ruby Gemstone §r§8x18§r§f!
17:07:53 [allowed] §d§lPRISTINE! §r§fYou found §r§a❤ Flawed Ruby Gemstone §r§8x19§r§f!
17:07:55 [allowed] §d§lPRISTINE! §r§fYou found §r§a❤ Flawed Ruby Gemstone §r§8x18§r§f!
17:07:56 [allowed] §d§lPRISTINE! §r§fYou found §r§a❤ Flawed Ruby Gemstone §r§8x18§r§f!
17:07:59 [allowed] §d§lPRISTINE! §r§fYou found §r§a❤ Flawed Ruby Gemstone §r§8x18§r§f!
17:08:00 [allowed] §d§lPRISTINE! §r§fYou found §r§a❤ Flawed Ruby Gemstone §r§8x18§r§f!
17:08:04 [allowed] §d§lPRISTINE! §r§fYou found §r§a❤ Flawed Ruby Gemstone §r§8x18§r§f!
17:08:08 [allowed] §9§lBRRR! §r§bIt's so cold that you can barely feel your fingers. Moving is getting difficult...
17:08:20 [allowed] §a§r§6Mining Speed Boost §r§ais now available!
17:08:26 [allowed] §aYou used your §r§6Mining Speed Boost §r§aPickaxe Ability!
17:08:27 [allowed] §d§lPRISTINE! §r§fYou found §r§a❤ Flawed Ruby Gemstone §r§8x18§r§f!
17:08:30 [allowed] §d§lPRISTINE! §r§fYou found §r§a❤ Flawed Ruby Gemstone §r§8x18§r§f!
17:08:31 [allowed] §d§lPRISTINE! §r§fYou found §r§a❤ Flawed Ruby Gemstone §r§8x36§r§f!
17:08:32 [allowed] §d§lPRISTINE! §r§fYou found §r§a❤ Flawed Ruby Gemstone §r§8x18§r§f!
17:08:35 [allowed] §d§lPRISTINE! §r§fYou found §r§a❤ Flawed Ruby Gemstone §r§8x18§r§f!
17:08:35 [allowed] §d§lPRISTINE! §r§fYou found §r§a❤ Flawed Ruby Gemstone §r§8x18§r§f!
17:08:36 [allowed] §d§lPRISTINE! §r§fYou found §r§a❤ Flawed Ruby Gemstone §r§8x18§r§f!
17:08:37 [allowed] §d§lPRISTINE! §r§fYou found §r§a❤ Flawed Ruby Gemstone §r§8x19§r§f!
17:08:37 [allowed] §d§lPRISTINE! §r§fYou found §r§a❤ Flawed Ruby Gemstone §r§8x18§r§f!
17:08:41 [allowed] §d§lPRISTINE! §r§fYou found §r§a❤ Flawed Ruby Gemstone §r§8x18§r§f!
17:08:41 [allowed] §cYour Mining Speed Boost has expired!
17:08:45 [allowed] §d§lPRISTINE! §r§fYou found §r§a❤ Flawed Ruby Gemstone §r§8x18§r§f!
17:08:46 [allowed] §d§lPRISTINE! §r§fYou found §r§a❤ Flawed Ruby Gemstone §r§8x38§r§f!
17:08:48 [allowed] §d§lPRISTINE! §r§fYou found §r§a❤ Flawed Ruby Gemstone §r§8x19§r§f!
17:08:51 [allowed] §d§lPRISTINE! §r§fYou found §r§a❤ Flawed Ruby Gemstone §r§8x19§r§f!
17:08:56 [allowed] §d§lPRISTINE! §r§fYou found §r§a❤ Flawed Ruby Gemstone §r§8x18§r§f!
17:08:58 [allowed] §d§lPRISTINE! §r§fYou found §r§a❤ Flawed Ruby Gemstone §r§8x19§r§f!
17:09:00 [allowed] §d§lPRISTINE! §r§fYou found §r§a❤ Flawed Ruby Gemstone §r§8x54§r§f!
17:09:06 [GUILD_EXP] §aYou earned §r§2563 GEXP §r§afrom playing SkyBlock!
17:09:07 [allowed] §d§lPRISTINE! §r§fYou found §r§a❤ Flawed Ruby Gemstone §r§8x18§r§f!
17:09:07 [allowed] §b§lBRRR! §r§aIt's getting colder in here...
17:09:08 [allowed] §6§lEXCAVATOR! §r§fYou found a §r§9Suspicious Scrap§r§f!
17:09:10 [allowed] §d§lPRISTINE! §r§fYou found §r§a❤ Flawed Ruby Gemstone §r§8x18§r§f!
17:09:13 [allowed] §d§lPRISTINE! §r§fYou found §r§a❤ Flawed Ruby Gemstone §r§8x18§r§f!
17:09:14 [allowed] §d§lPRISTINE! §r§fYou found §r§a❤ Flawed Ruby Gemstone §r§8x18§r§f!
17:09:15 [allowed] §d§lPRISTINE! §r§fYou found §r§a❤ Flawed Ruby Gemstone §r§8x36§r§f!
17:09:21 [allowed] §d§lPRISTINE! §r§fYou found §r§a❤ Flawed Ruby Gemstone §r§8x19§r§f!
17:09:29 [allowed] §d§lPRISTINE! §r§fYou found §r§a❤ Flawed Ruby Gemstone §r§8x19§r§f!
17:09:30 [allowed] §d§lPRISTINE! §r§fYou found §r§a❤ Flawed Ruby Gemstone §r§8x38§r§f!
17:09:32 [allowed] §d§lPRISTINE! §r§fYou found §r§a❤ Flawed Ruby Gemstone §r§8x19§r§f!
17:09:35 [allowed] §d§lPRISTINE! §r§fYou found §r§a❤ Flawed Ruby Gemstone §r§8x19§r§f!
17:09:36 [allowed] §d§lPRISTINE! §r§fYou found §r§a❤ Flawed Ruby Gemstone §r§8x19§r§f!
17:09:38 [allowed] §d§lPRISTINE! §r§fYou found §r§a❤ Flawed Ruby Gemstone §r§8x19§r§f!
17:09:41 [allowed] §d§lPRISTINE! §r§fYou found §r§a❤ Flawed Ruby Gemstone §r§8x36§r§f!
17:09:43 [allowed] §d§lPRISTINE! §r§fYou found §r§a❤ Flawed Ruby Gemstone §r§8x19§r§f!
17:09:44 [allowed] §d§lPRISTINE! §r§fYou found §r§a❤ Flawed Ruby Gemstone §r§8x18§r§f!
17:09:45 [allowed] §d§lPRISTINE! §r§fYou found §r§a❤ Flawed Ruby Gemstone §r§8x36§r§f!
17:09:46 [allowed] §d§lPRISTINE! §r§fYou found §r§a❤ Flawed Ruby Gemstone §r§8x18§r§f!
17:09:47 [allowed] §d§lPRISTINE! §r§fYou found §r§a❤ Flawed Ruby Gemstone §r§8x18§r§f!
17:09:49 [allowed] §d§lPRISTINE! §r§fYou found §r§a❤ Flawed Ruby Gemstone §r§8x18§r§f!
17:09:54 [allowed] §9§lBRRR! §r§bYour movement slows to a crawl as the cold threatens to take over. Time to get out of here...
17:10:04 [allowed] §d§lPRISTINE! §r§fYou found §r§a❤ Flawed Ruby Gemstone §r§8x18§r§f!
17:10:10 [allowed] §d§lPRISTINE! §r§fYou found §r§a❤ Flawed Ruby Gemstone §r§8x18§r§f!
17:10:11 [allowed] §d§lPRISTINE! §r§fYou found §r§a❤ Flawed Ruby Gemstone §r§8x36§r§f!
17:10:14 [allowed] §a§r§6Mining Speed Boost §r§ais now available!
17:10:16 [allowed] §d§lPRISTINE! §r§fYou found §r§a❤ Flawed Ruby Gemstone §r§8x19§r§f!
17:10:19 [allowed] §d§lPRISTINE! §r§fYou found §r§a❤ Flawed Ruby Gemstone §r§8x18§r§f!
17:10:20 [allowed] §aYou used your §r§6Mining Speed Boost §r§aPickaxe Ability!
17:10:21 [allowed] §d§lPRISTINE! §r§fYou found §r§a❤ Flawed Ruby Gemstone §r§8x18§r§f!
17:10:22 [allowed] §d§lPRISTINE! §r§fYou found §r§a❤ Flawed Ruby Gemstone §r§8x18§r§f!
17:10:22 [allowed] §d§lPRISTINE! §r§fYou found §r§a❤ Flawed Ruby Gemstone §r§8x18§r§f!
17:10:25 [allowed] §d§lPRISTINE! §r§fYou found §r§a❤ Flawed Ruby Gemstone §r§8x19§r§f!
17:10:28 [allowed] §d§lPRISTINE! §r§fYou found §r§a❤ Flawed Ruby Gemstone §r§8x18§r§f!
17:10:29 [allowed] §d§lPRISTINE! §r§fYou found §r§a❤ Flawed Ruby Gemstone §r§8x18§r§f!
17:10:35 [allowed] §cYour Mining Speed Boost has expired!
17:10:37 [allowed] §d§lPRISTINE! §r§fYou found §r§a❤ Flawed Ruby Gemstone §r§8x18§r§f!
17:10:42 [allowed] §d§lPRISTINE! §r§fYou found §r§a❤ Flawed Ruby Gemstone §r§8x18§r§f!
17:10:43 [allowed] §d§lPRISTINE! §r§fYou found §r§a❤ Flawed Ruby Gemstone §r§8x18§r§f!
17:10:48 [allowed] §d§lPRISTINE! §r§fYou found §r§a❤ Flawed Ruby Gemstone §r§8x18§r§f!
17:10:51 [allowed] §d§lPRISTINE! §r§fYou found §r§a❤ Flawed Ruby Gemstone §r§8x18§r§f!
17:10:51 [allowed] §9§lBRRR! §r§bYou're freezing! All you can think about is getting out of here to a warm campfire...
17:11:16 [allowed] §b§lBYE! §r§aYou got a §r§b+3,420 §r§bGlacite Powder §r§abonus for leaving a Mineshaft before you died!
17:11:16 [WARPING] §7Sending to server mini10AU...
17:11:17 [EMPTY] §8 §r§8 §r§1 §r§3 §r§3 §r§7 §r§8 
17:11:20 [PROFILE_JOIN] §aYou are playing on profile: §eBanana§b (Co-op)
17:11:20 [PROFILE_JOIN] §8Profile ID: b1a71305-1956-42bf-90e4-bce6f7285754
17:11:26 [allowed] §cThere are blocks in the way!
17:11:29 [allowed] §cThere are blocks in the way!
17:12:00 [allowed] §a§aYou were tipped by 1 player in the last minute!
17:12:28 [allowed] §8[§r§f53§r§8] §r§a[VIP§6+§a] Catgirlcam §7♲§f§r§f: 20mins for 2.4 ench tita
17:12:30 [allowed] §8[§r§f53§r§8] §r§a[VIP§6+§a] Catgirlcam §7♲§f§r§f: doable?
17:12:51 [allowed] §8[§r§726§r§8] §r§7Thund3rZt0rm983 §7♲§7§r§7: yeah
17:12:53 [allowed] §cYou don't have enough Mithril Powder!
17:12:54 [allowed] §cYou don't have enough Mithril Powder!
17:13:01 [allowed] §a§aYou were tipped by 1 player in the last minute!
17:13:07 [allowed] §aYou used your §r§6Mining Speed Boost §r§aPickaxe Ability!
17:13:11 [allowed] §8[§r§726§r§8] §r§7Thund3rZt0rm983 §7♲§7§r§7: 2.4 or 2.4k?
17:13:19 [allowed] §8[§r§f53§r§8] §r§a[VIP§6+§a] Catgirlcam §7♲§f§r§f: 2.4
17:13:21 [allowed] §a§lUMBER COLLECTOR §r§eCommission Complete! Visit the King §r§eto claim your rewards!
17:13:22 [allowed] §cYour Mining Speed Boost has expired!
17:13:35 [allowed] §8[§r§726§r§8] §r§7Thund3rZt0rm983 §7♲§7§r§7: yeah thats doable
17:13:38 [allowed] §6[Bazaar] §r§7Cancelling order...
17:13:38 [allowed] §6[Bazaar] §r§7§r§cCancelled! §r§7Refunded §r§a1§r§7x §r§5Dragon Horn §r§7from cancelling Sell Offer!
17:13:43 [allowed] §6[Bazaar] §r§7Putting goods in escrow...
17:13:43 [allowed] §6[Bazaar] §r§7Submitting sell offer...
17:13:43 [allowed] §6[Bazaar] §r§7§r§eSell Offer Setup! §r§a1§r§7x §r§5Dragon Horn §r§7for §r§68,107,749 coins§r§7.
17:14:15 [allowed] §eYou Supercrafted §r§r§r§a❤ Flawed Ruby Gemstone§r§e!
17:14:16 [allowed] §eMaxed the Supercraft to §r§b621x crafts§r§e!
17:14:17 [allowed] §eYou Supercrafted §r§r§r§a❤ Flawed Ruby Gemstone §r§8x621§r§e!
17:14:20 [allowed] §eMaxed the Supercraft to §r§b82x crafts§r§e!
17:14:20 [allowed] §eYou Supercrafted §r§r§r§9❤ Fine Ruby Gemstone §r§8x82§r§e!
17:14:24 [allowed] §eYou Supercrafted §r§r§r§5❤ Flawless Ruby Gemstone§r§e!
17:14:24 [allowed] §cYou are missing some ingredients to execute this Supercraft!
17:14:31 [allowed] §6[Bazaar] §r§7Executing instant sell...
17:14:32 [allowed] §6[Bazaar] §r§7Sold §r§a1§r§7x §r§9Glacite Jewel §r§7for §r§6100,002 coins§r§7!
17:14:34 [allowed] §8[§r§f53§r§8] §r§a[VIP§6+§a] Catgirlcam §7♲§f§r§f: getting 10 tita per vein
17:14:51 [allowed] §d§lPRISTINE! §r§fYou found §r§a☠ Flawed Onyx Gemstone §r§8x18§r§f!
17:14:52 [allowed] §cYour pickaxe ability is on cooldown for 4s.
17:14:57 [allowed] §a§r§6Mining Speed Boost §r§ais now available!
17:14:57 [allowed] §d§lPRISTINE! §r§fYou found §r§a☠ Flawed Onyx Gemstone §r§8x18§r§f!
17:14:59 [allowed] §d§lPRISTINE! §r§fYou found §r§a☠ Flawed Onyx Gemstone §r§8x36§r§f!
17:15:01 [allowed] §a§aYou were tipped by 1 player in the last minute!
17:15:01 [allowed] §d§lPRISTINE! §r§fYou found §r§a☠ Flawed Onyx Gemstone §r§8x18§r§f!
17:15:02 [allowed] §8[§r§726§r§8] §r§7Thund3rZt0rm983 §7♲§7§r§7: if you get help from someone with good gear youll get lots
17:15:05 [allowed] §d§lPRISTINE! §r§fYou found §r§a☠ Flawed Onyx Gemstone §r§8x18§r§f!
17:15:15 [allowed] §d§lPRISTINE! §r§fYou found §r§a☠ Flawed Onyx Gemstone §r§8x19§r§f!
17:15:16 [allowed] §a§lONYX GEMSTONE COLLECTOR §r§eCommission Complete! Visit the King §r§eto claim your rewards!
17:15:21 [WARPING] §7Warping...
17:15:22 [allowed] §6The warmth of the campfire reduced your §r§b❄ Cold §r§6to §r§a0§r§6!
17:15:27 [allowed] §cThere are blocks in the way!
17:15:28 [allowed] §cThere are blocks in the way!
17:15:29 [allowed] §8[§r§f53§r§8] §r§a[VIP§6+§a] Catgirlcam §7♲§f§r§f: benni can i take htge tita
17:15:32 [allowed] §8[§r§f53§r§8] §r§a[VIP§6+§a] Catgirlcam §7♲§f§r§f: nvm
17:15:36 [allowed] §8[§r§9283§r§8] §r§6§lᛝ §r§b[MVP§c+§b] bennithebest34§f§r§f: sry
17:15:36 [allowed] §c ☠ §r§7§r§bFinneyy§r§7 was killed by Goblin§r§7§r§7.
17:15:44 [allowed] §8[§r§9283§r§8] §r§6§lᛝ §r§b[MVP§c+§b] bennithebest34§f§r§f: shouldve asked
17:15:51 [allowed] §5§lWOW! §r§aYou found a §r§bGlacite Mineshaft §r§aportal!
17:15:51 [allowed] §b§lMINESHAFT! §r§7A Mineshaft portal spawned nearby!
17:15:55 [allowed] §aSending to Mineshaft...
17:15:55 [allowed] §9§m-----------------------------
§r§b[MVP§r§9+§r§b] Sebbebas§r§f §r§eentered §r§aGlacite Mineshafts§r§e!
§r§9§m-----------------------------
17:15:55 [allowed] §8Queuing... (Attempt 1/3)
17:15:55 [WARPING] §7Sending to server mini92DF...
17:15:57 [EMPTY] §8 §r§8 §r§1 §r§3 §r§3 §r§7 §r§8 
17:15:57 [allowed] §a§r§6Mining Speed Boost §r§ais now available!
17:15:59 [EMPTY] 
17:15:59 [allowed] §b§lMINESHAFT MODIFIERS!
17:15:59 [allowed] §b§lMAYHEM! §r§7You received a §r§a§r§b❄ Cold Resistance §r§7buff from your §r§aMineshaft Mayhem §r§7perk!
17:15:59 [EMPTY] 
17:15:59 [PROFILE_JOIN] §aYou are playing on profile: §eBanana§b (Co-op)
17:15:59 [PROFILE_JOIN] §8Profile ID: b1a71305-1956-42bf-90e4-bce6f7285754
17:16:00 [allowed] §a§aYou were tipped by 1 player in the last minute!
17:16:13 [allowed] §a§l▬▬▬▬▬▬▬▬▬▬▬▬▬▬▬▬▬▬▬▬▬▬▬▬▬▬▬▬▬▬▬▬▬▬▬▬▬▬▬▬▬▬▬▬▬▬▬▬▬▬▬▬▬▬▬▬▬▬▬▬▬▬▬▬
17:16:13 [allowed]   §r§b§l§r§9§lLAPIS §r§b§lCORPSE LOOT! 
17:16:13 [EMPTY] 
17:16:13 [allowed]   §r§a§lREWARDS
17:16:13 [allowed]     §r§9Goblin Egg §r§8x5
17:16:13 [allowed]     §r§a☘ Flawed Citrine Gemstone §r§8x10
17:16:13 [allowed]     §r§a☘ Flawed Peridot Gemstone §r§8x20
17:16:13 [allowed]     §r§bGlacite Powder §r§8x3,230
17:16:13 [allowed] §a§l▬▬▬▬▬▬▬▬▬▬▬▬▬▬▬▬▬▬▬▬▬▬▬▬▬▬▬▬▬▬▬▬▬▬▬▬▬▬▬▬▬▬▬▬▬▬▬▬▬▬▬▬▬▬▬▬▬▬▬▬▬▬▬▬
17:16:33 [allowed] §a§l+5 Kill Combo §r§b+3% §r§b✯ Magic Find
17:16:41 [allowed] §a§lMANIAC SLAYER §r§eCommission Complete! Visit the King §r§eto claim your rewards!
17:16:49 [allowed] §cYour Kill Combo has expired! You reached a 6 Kill Combo!
17:16:55 [allowed] §cYou cannot do that in this room!
17:16:57 [allowed] §7§oThe mineshaft entrance has caved in... it doesn't look like anyone else will be able to get in here.
17:17:03 [allowed] §cYou've already looted this corpse!
17:17:08 [allowed] §d§lPRISTINE! §r§fYou found §r§a✎ Flawed Sapphire Gemstone §r§8x19§r§f!
17:17:09 [allowed] §aYou used your §r§6Mining Speed Boost §r§aPickaxe Ability!
17:17:09 [allowed] §d§lPRISTINE! §r§fYou found §r§a✎ Flawed Sapphire Gemstone §r§8x18§r§f!
17:17:11 [allowed] §d§lPRISTINE! §r§fYou found §r§a✎ Flawed Sapphire Gemstone §r§8x36§r§f!
17:17:12 [allowed] §d§lPRISTINE! §r§fYou found §r§a✎ Flawed Sapphire Gemstone §r§8x19§r§f!
17:17:13 [allowed] §d§lPRISTINE! §r§fYou found §r§a✎ Flawed Sapphire Gemstone §r§8x18§r§f!
17:17:15 [allowed] §d§lPRISTINE! §r§fYou found §r§a✎ Flawed Sapphire Gemstone §r§8x19§r§f!
17:17:17 [allowed] §d§lPRISTINE! §r§fYou found §r§a✎ Flawed Sapphire Gemstone §r§8x36§r§f!
17:17:19 [allowed] §d§lPRISTINE! §r§fYou found §r§a✎ Flawed Sapphire Gemstone §r§8x19§r§f!
17:17:19 [allowed] §9§lBRRR! §r§bIt's getting really cold in here! But you've got to keep moving...
17:17:22 [allowed] §d§lPRISTINE! §r§fYou found §r§a✎ Flawed Sapphire Gemstone §r§8x36§r§f!
17:17:23 [allowed] §d§lPRISTINE! §r§fYou found §r§a✎ Flawed Sapphire Gemstone §r§8x36§r§f!
17:17:24 [allowed] §cYour Mining Speed Boost has expired!
17:17:24 [allowed] §d§lPRISTINE! §r§fYou found §r§a✎ Flawed Sapphire Gemstone §r§8x36§r§f!
17:17:30 [allowed] §d§lPRISTINE! §r§fYou found §r§a✎ Flawed Sapphire Gemstone §r§8x18§r§f!
17:17:35 [allowed] §d§lPRISTINE! §r§fYou found §r§a✎ Flawed Sapphire Gemstone §r§8x54§r§f!
17:17:37 [allowed] §d§lPRISTINE! §r§fYou found §r§a✎ Flawed Sapphire Gemstone §r§8x19§r§f!
17:17:41 [allowed] §d§lPRISTINE! §r§fYou found §r§a✎ Flawed Sapphire Gemstone §r§8x18§r§f!
17:17:53 [allowed] §d§lPRISTINE! §r§fYou found §r§a✎ Flawed Sapphire Gemstone §r§8x18§r§f!
17:17:57 [allowed] §d§lPRISTINE! §r§fYou found §r§a✎ Flawed Sapphire Gemstone §r§8x18§r§f!
17:18:00 [allowed] §d§lPRISTINE! §r§fYou found §r§a✎ Flawed Sapphire Gemstone §r§8x36§r§f!
17:18:03 [allowed] §d§lPRISTINE! §r§fYou found §r§a✎ Flawed Sapphire Gemstone §r§8x36§r§f!
17:18:07 [allowed] §d§lPRISTINE! §r§fYou found §r§a✎ Flawed Sapphire Gemstone §r§8x18§r§f!
17:18:07 [allowed] §cYour pickaxe ability is on cooldown for 50s.
17:18:08 [allowed] §d§lPRISTINE! §r§fYou found §r§a✎ Flawed Sapphire Gemstone §r§8x18§r§f!
17:18:09 [allowed] §d§lPRISTINE! §r§fYou found §r§a✎ Flawed Sapphire Gemstone §r§8x18§r§f!
17:18:13 [allowed] §d§lPRISTINE! §r§fYou found §r§a✎ Flawed Sapphire Gemstone §r§8x38§r§f!
17:18:14 [allowed] §d§lPRISTINE! §r§fYou found §r§a✎ Flawed Sapphire Gemstone §r§8x18§r§f!
17:18:15 [allowed] §d§lPRISTINE! §r§fYou found §r§a✎ Flawed Sapphire Gemstone §r§8x18§r§f!
17:18:19 [allowed] §d§lPRISTINE! §r§fYou found §r§a✎ Flawed Sapphire Gemstone §r§8x18§r§f!
17:18:25 [allowed] §d§lPRISTINE! §r§fYou found §r§a✎ Flawed Sapphire Gemstone §r§8x19§r§f!
17:18:26 [allowed] §d§lPRISTINE! §r§fYou found §r§a✎ Flawed Sapphire Gemstone §r§8x18§r§f!
17:18:27 [allowed] §b§lBRRR! §r§aIt's getting colder in here...
17:18:29 [allowed] §d§lPRISTINE! §r§fYou found §r§a✎ Flawed Sapphire Gemstone §r§8x19§r§f!
17:18:33 [allowed] §d§lPRISTINE! §r§fYou found §r§a✎ Flawed Sapphire Gemstone §r§8x19§r§f!
17:18:35 [allowed] §d§lPRISTINE! §r§fYou found §r§a✎ Flawed Sapphire Gemstone §r§8x19§r§f!
17:18:38 [allowed] §d§lPRISTINE! §r§fYou found §r§a✎ Flawed Sapphire Gemstone §r§8x18§r§f!
17:18:41 [allowed] §d§lPRISTINE! §r§fYou found §r§a✎ Flawed Sapphire Gemstone §r§8x19§r§f!
17:18:42 [allowed] §d§lPRISTINE! §r§fYou found §r§a✎ Flawed Sapphire Gemstone §r§8x19§r§f!
17:18:45 [allowed] §d§lPRISTINE! §r§fYou found §r§a✎ Flawed Sapphire Gemstone §r§8x19§r§f!
17:18:50 [allowed] §d§lPRISTINE! §r§fYou found §r§a✎ Flawed Sapphire Gemstone §r§8x19§r§f!
17:18:57 [allowed] §a§r§6Mining Speed Boost §r§ais now available!
17:19:01 [allowed] §a§aYou were tipped by 2 players in the last minute!
17:19:02 [allowed] §d§lPRISTINE! §r§fYou found §r§a✎ Flawed Sapphire Gemstone §r§8x19§r§f!
17:19:03 [allowed] §d§lPRISTINE! §r§fYou found §r§a✎ Flawed Sapphire Gemstone §r§8x36§r§f!
17:19:03 [allowed] §aYou used your §r§6Mining Speed Boost §r§aPickaxe Ability!
17:19:04 [allowed] §6[Bazaar] §eYour §6Sell Offer §efor §a1§7x §5Dragon Horn §ewas filled!
17:19:06 [allowed] §d§lPRISTINE! §r§fYou found §r§a✎ Flawed Sapphire Gemstone §r§8x18§r§f!
17:19:07 [allowed] §d§lPRISTINE! §r§fYou found §r§a✎ Flawed Sapphire Gemstone §r§8x57§r§f!
17:19:14 [allowed] §d§lPRISTINE! §r§fYou found §r§a✎ Flawed Sapphire Gemstone §r§8x36§r§f!
17:19:14 [allowed] §d§lPRISTINE! §r§fYou found §r§a✎ Flawed Sapphire Gemstone §r§8x18§r§f!
17:19:15 [allowed] §d§lPRISTINE! §r§fYou found §r§a✎ Flawed Sapphire Gemstone §r§8x18§r§f!
17:19:16 [allowed] §d§lPRISTINE! §r§fYou found §r§a✎ Flawed Sapphire Gemstone §r§8x18§r§f!
17:19:17 [allowed] §d§lPRISTINE! §r§fYou found §r§a✎ Flawed Sapphire Gemstone §r§8x18§r§f!
17:19:18 [allowed] §d§lPRISTINE! §r§fYou found §r§a✎ Flawed Sapphire Gemstone §r§8x18§r§f!
17:19:18 [allowed] §cYour Mining Speed Boost has expired!
17:19:21 [allowed] §d§lPRISTINE! §r§fYou found §r§a✎ Flawed Sapphire Gemstone §r§8x38§r§f!
17:19:27 [allowed] §d§lPRISTINE! §r§fYou found §r§a✎ Flawed Sapphire Gemstone §r§8x36§r§f!
17:19:28 [allowed] §d§lPRISTINE! §r§fYou found §r§a✎ Flawed Sapphire Gemstone §r§8x19§r§f!
17:19:32 [allowed] §d§lPRISTINE! §r§fYou found §r§a✎ Flawed Sapphire Gemstone §r§8x18§r§f!
17:19:35 [allowed] §d§lPRISTINE! §r§fYou found §r§a✎ Flawed Sapphire Gemstone §r§8x18§r§f!
17:19:36 [allowed] §d§lPRISTINE! §r§fYou found §r§a✎ Flawed Sapphire Gemstone §r§8x19§r§f!
17:19:37 [allowed] §d§lPRISTINE! §r§fYou found §r§a✎ Flawed Sapphire Gemstone §r§8x18§r§f!
17:19:38 [allowed] §9§lBRRR! §r§bIt's so cold that you can barely feel your fingers. Moving is getting difficult...
17:19:39 [allowed] §d§lPRISTINE! §r§fYou found §r§a✎ Flawed Sapphire Gemstone §r§8x19§r§f!
17:19:46 [allowed] §d§lPRISTINE! §r§fYou found §r§a✎ Flawed Sapphire Gemstone §r§8x18§r§f!
17:19:50 [allowed] §d§lPRISTINE! §r§fYou found §r§a✎ Flawed Sapphire Gemstone §r§8x18§r§f!
17:19:52 [allowed] §d§lPRISTINE! §r§fYou found §r§a✎ Flawed Sapphire Gemstone §r§8x19§r§f!
17:19:55 [allowed] §d§lPRISTINE! §r§fYou found §r§a✎ Flawed Sapphire Gemstone §r§8x18§r§f!
17:19:56 [allowed] §d§lPRISTINE! §r§fYou found §r§a✎ Flawed Sapphire Gemstone §r§8x36§r§f!
17:19:59 [allowed] §d§lPRISTINE! §r§fYou found §r§a✎ Flawed Sapphire Gemstone §r§8x18§r§f!
17:20:00 [allowed] §a§aYou were tipped by 1 player in the last minute!
17:20:02 [allowed] §d§lPRISTINE! §r§fYou found §r§a✎ Flawed Sapphire Gemstone §r§8x18§r§f!
17:20:04 [allowed] §d§lPRISTINE! §r§fYou found §r§a✎ Flawed Sapphire Gemstone §r§8x19§r§f!
17:20:11 [allowed] §d§lPRISTINE! §r§fYou found §r§a✎ Flawed Sapphire Gemstone §r§8x19§r§f!
17:20:18 [allowed] §cYour pickaxe ability is on cooldown for 34s.
17:20:20 [allowed] §d§lPRISTINE! §r§fYou found §r§a✎ Flawed Sapphire Gemstone §r§8x18§r§f!
17:20:22 [allowed] §d§lPRISTINE! §r§fYou found §r§a✎ Flawed Sapphire Gemstone §r§8x19§r§f!
17:20:23 [allowed] §d§lPRISTINE! §r§fYou found §r§a✎ Flawed Sapphire Gemstone §r§8x18§r§f!
17:20:28 [allowed] §d§lPRISTINE! §r§fYou found §r§a✎ Flawed Sapphire Gemstone §r§8x19§r§f!
17:20:29 [allowed] §d§lPRISTINE! §r§fYou found §r§a✎ Flawed Sapphire Gemstone §r§8x19§r§f!
17:20:30 [allowed] §d§lPRISTINE! §r§fYou found §r§a✎ Flawed Sapphire Gemstone §r§8x18§r§f!
17:20:31 [allowed] §d§lPRISTINE! §r§fYou found §r§a✎ Flawed Sapphire Gemstone §r§8x18§r§f!
17:20:33 [allowed] §d§lPRISTINE! §r§fYou found §r§a✎ Flawed Sapphire Gemstone §r§8x36§r§f!
17:20:34 [allowed] §d§lPRISTINE! §r§fYou found §r§a✎ Flawed Sapphire Gemstone §r§8x19§r§f!
17:20:39 [allowed] §d§lPRISTINE! §r§fYou found §r§a✎ Flawed Sapphire Gemstone §r§8x18§r§f!
17:20:40 [allowed] §d§lPRISTINE! §r§fYou found §r§a✎ Flawed Sapphire Gemstone §r§8x18§r§f!
17:20:42 [allowed] §d§lPRISTINE! §r§fYou found §r§a✎ Flawed Sapphire Gemstone §r§8x18§r§f!
17:20:48 [allowed] §d§lPRISTINE! §r§fYou found §r§a✎ Flawed Sapphire Gemstone §r§8x19§r§f!
17:20:49 [allowed] §d§lPRISTINE! §r§fYou found §r§a✎ Flawed Sapphire Gemstone §r§8x36§r§f!
17:20:51 [allowed] §d§lPRISTINE! §r§fYou found §r§a✎ Flawed Sapphire Gemstone §r§8x18§r§f!
17:20:51 [allowed] §cYour pickaxe ability is on cooldown for 1s.
17:20:52 [allowed] §a§r§6Mining Speed Boost §r§ais now available!
17:20:53 [allowed] §aYou used your §r§6Mining Speed Boost §r§aPickaxe Ability!
17:20:54 [allowed] §d§lPRISTINE! §r§fYou found §r§a✎ Flawed Sapphire Gemstone §r§8x36§r§f!
17:20:56 [allowed] §d§lPRISTINE! §r§fYou found §r§a✎ Flawed Sapphire Gemstone §r§8x19§r§f!
17:20:57 [allowed] §d§lPRISTINE! §r§fYou found §r§a✎ Flawed Sapphire Gemstone §r§8x18§r§f!
17:20:57 [GUILD_EXP] §aYou earned §r§2570 GEXP §r§afrom playing SkyBlock!
17:20:58 [allowed] §b§lBRRR! §r§aIt's getting colder in here...
17:20:59 [allowed] §d§lPRISTINE! §r§fYou found §r§a✎ Flawed Sapphire Gemstone §r§8x18§r§f!
17:21:03 [allowed] §d§lPRISTINE! §r§fYou found §r§a✎ Flawed Sapphire Gemstone §r§8x18§r§f!
17:21:06 [allowed] §d§lPRISTINE! §r§fYou found §r§a✎ Flawed Sapphire Gemstone §r§8x19§r§f!
17:21:07 [allowed] §d§lPRISTINE! §r§fYou found §r§a✎ Flawed Sapphire Gemstone §r§8x18§r§f!
17:21:08 [allowed] §cYour Mining Speed Boost has expired!
17:21:11 [allowed] §d§lPRISTINE! §r§fYou found §r§a✎ Flawed Sapphire Gemstone §r§8x18§r§f!
17:21:14 [allowed] §6§lEXCAVATOR! §r§fYou found a §r§9Suspicious Scrap§r§f!
17:21:15 [allowed] §d§lPRISTINE! §r§fYou found §r§a✎ Flawed Sapphire Gemstone §r§8x18§r§f!
17:21:25 [allowed] §6§lEXCAVATOR! §r§fYou found a §r§9Suspicious Scrap§r§f!
17:21:31 [allowed] §d§lPRISTINE! §r§fYou found §r§a✎ Flawed Sapphire Gemstone §r§8x18§r§f!
17:21:36 [allowed] §d§lPRISTINE! §r§fYou found §r§a✎ Flawed Sapphire Gemstone §r§8x18§r§f!
17:21:36 [allowed] §9§lBRRR! §r§bYour movement slows to a crawl as the cold threatens to take over. Time to get out of here...
17:21:40 [allowed] §d§lPRISTINE! §r§fYou found §r§a✎ Flawed Sapphire Gemstone §r§8x19§r§f!
17:21:42 [allowed] §d§lPRISTINE! §r§fYou found §r§a✎ Flawed Sapphire Gemstone §r§8x18§r§f!
17:21:45 [allowed] §d§lPRISTINE! §r§fYou found §r§a✎ Flawed Sapphire Gemstone §r§8x19§r§f!
17:21:48 [allowed] §d§lPRISTINE! §r§fYou found §r§a✎ Flawed Sapphire Gemstone §r§8x19§r§f!
17:21:51 [allowed] §d§lPRISTINE! §r§fYou found §r§a✎ Flawed Sapphire Gemstone §r§8x19§r§f!
17:21:52 [allowed] §d§lPRISTINE! §r§fYou found §r§a✎ Flawed Sapphire Gemstone §r§8x18§r§f!
17:21:58 [allowed] §d§lPRISTINE! §r§fYou found §r§a✎ Flawed Sapphire Gemstone §r§8x36§r§f!
17:21:59 [allowed] §d§lPRISTINE! §r§fYou found §r§a✎ Flawed Sapphire Gemstone §r§8x18§r§f!
17:22:00 [allowed] §cYour pickaxe ability is on cooldown for 42s.
17:22:01 [allowed] §d§lPRISTINE! §r§fYou found §r§a✎ Flawed Sapphire Gemstone §r§8x19§r§f!
17:22:03 [allowed] §d§lPRISTINE! §r§fYou found §r§a✎ Flawed Sapphire Gemstone §r§8x18§r§f!
17:22:04 [allowed] §d§lPRISTINE! §r§fYou found §r§a✎ Flawed Sapphire Gemstone §r§8x38§r§f!
17:22:05 [allowed] §d§lPRISTINE! §r§fYou found §r§a✎ Flawed Sapphire Gemstone §r§8x19§r§f!
17:22:11 [allowed] §d§lPRISTINE! §r§fYou found §r§a✎ Flawed Sapphire Gemstone §r§8x18§r§f!
17:22:12 [allowed] §d§lPRISTINE! §r§fYou found §r§a✎ Flawed Sapphire Gemstone §r§8x18§r§f!
17:22:16 [allowed] §d§lPRISTINE! §r§fYou found §r§a✎ Flawed Sapphire Gemstone §r§8x18§r§f!
17:22:19 [allowed] §d§lPRISTINE! §r§fYou found §r§a✎ Flawed Sapphire Gemstone §r§8x18§r§f!
17:22:20 [allowed] §d§lPRISTINE! §r§fYou found §r§a✎ Flawed Sapphire Gemstone §r§8x18§r§f!
17:22:25 [allowed] §d§lPRISTINE! §r§fYou found §r§a✎ Flawed Sapphire Gemstone §r§8x18§r§f!
17:22:28 [allowed] §d§lPRISTINE! §r§fYou found §r§a✎ Flawed Sapphire Gemstone §r§8x18§r§f!
17:22:30 [allowed] §d§lPRISTINE! §r§fYou found §r§a✎ Flawed Sapphire Gemstone §r§8x18§r§f!
17:22:31 [allowed] §d§lPRISTINE! §r§fYou found §r§a✎ Flawed Sapphire Gemstone §r§8x19§r§f!
17:22:34 [allowed] §d§lPRISTINE! §r§fYou found §r§a✎ Flawed Sapphire Gemstone §r§8x36§r§f!
17:22:35 [allowed] §d§lPRISTINE! §r§fYou found §r§a✎ Flawed Sapphire Gemstone §r§8x19§r§f!
17:22:40 [allowed] §9§lBRRR! §r§bYou're freezing! All you can think about is getting out of here to a warm campfire...
17:22:40 [allowed] §d§lPRISTINE! §r§fYou found §r§a✎ Flawed Sapphire Gemstone §r§8x18§r§f!
17:22:42 [allowed] §a§r§6Mining Speed Boost §r§ais now available!
17:22:43 [allowed] §d§lPRISTINE! §r§fYou found §r§a✎ Flawed Sapphire Gemstone §r§8x19§r§f!
17:22:54 [allowed] §b§lBYE! §r§aYou got a §r§b+3,060 §r§bGlacite Powder §r§abonus for leaving a Mineshaft before you died!
17:22:55 [WARPING] §7Sending to server mini25M...
17:22:55 [EMPTY] §8 §r§8 §r§1 §r§3 §r§3 §r§7 §r§8 
17:22:58 [PROFILE_JOIN] §aYou are playing on profile: §eBanana§b (Co-op)
17:22:58 [PROFILE_JOIN] §8Profile ID: b1a71305-1956-42bf-90e4-bce6f7285754
17:22:59 [allowed] §cYou may only use this command after 4s on the server!
17:23:05 [allowed] §6[Bazaar] §r§7Executing instant sell...
17:23:05 [allowed] §6[Bazaar] §r§7Sold §r§a20,160§r§7x §r§fHard Stone §r§7for §r§64,032 coins§r§7!
17:23:17 [allowed] §6[Bazaar] §r§7Executing instant sell...
17:23:17 [allowed] §6[Bazaar] §r§7Sold §r§a1§r§7x §r§9Glacite Jewel §r§7for §r§6100,003 coins§r§7!
17:23:23 [allowed] §6[Bazaar] §r§7Claiming order...
17:23:23 [allowed] §6[Bazaar] §r§7§r§7Claimed §r§68,107,749 coins §r§7from selling §r§a1§r§7x §r§5Dragon Horn §r§7at §r§68,199,999 §r§7each!
17:23:26 [allowed] §8Depositing coins...
17:23:26 [allowed] §aDeposited §r§68.3M coins§r§a! There's now §r§6184.8M coins §r§ain the account!
17:23:34 [allowed] §cThere are blocks in the way!
17:24:07 [WARPING] §7Warping you to your SkyBlock island...
17:24:08 [WARPING] §7Sending to server mini83AT...
17:24:09 [EMPTY] §8 §r§8 §r§1 §r§3 §r§3 §r§7 §r§8 
17:24:11 [PROFILE_JOIN] §aYou are playing on profile: §eBanana§b (Co-op)
17:24:11 [PROFILE_JOIN] §8Profile ID: b1a71305-1956-42bf-90e4-bce6f7285754
17:25:15 [allowed] §6[Bazaar] §r§7Putting goods in escrow...
17:25:15 [allowed] §6[Bazaar] §r§7Submitting sell offer...
17:25:15 [allowed] §6[Bazaar] §r§7§r§eSell Offer Setup! §r§a60§r§7x §r§9Soulflow §r§7for §r§61,626,869 coins§r§7.
17:25:16 [allowed] §6[Bazaar] §eYour §6Sell Offer §efor §a60§7x §9Soulflow §ewas filled!
17:25:19 [allowed] §6[Bazaar] §r§7Putting goods in escrow...
17:25:19 [allowed] §6[Bazaar] §r§7Submitting sell offer...
17:25:19 [allowed] §6[Bazaar] §r§7§r§eSell Offer Setup! §r§a192§r§7x §r§aRaw Soulflow §r§7for §r§633,184 coins§r§7.
17:25:23 [allowed] §6[Bazaar] §r§7Claiming order...
17:25:23 [allowed] §6[Bazaar] §r§7§r§7Claimed §r§61,626,869 coins §r§7from selling §r§a60§r§7x §r§9Soulflow §r§7at §r§627,423 §r§7each!
17:25:24 [allowed] §6[Bazaar] §r§7Cancelling order...
17:25:24 [allowed] §6[Bazaar] §r§7§r§cCancelled! §r§7Refunded §r§a192§r§7x §r§aRaw Soulflow §r§7from cancelling Sell Offer!
17:25:30 [allowed] §bYou internalized §r§3+192⸎ Soulflow §r§band have a total of §r§389,557⸎§r§b!
17:25:37 [allowed] §7Your Implosion hit §r§c1 §r§7enemy for §r§c370,904.7 §r§7damage.
17:25:38 [allowed] §cThere are blocks in the way!
17:25:39 [allowed] §7Your Implosion hit §r§c60 §r§7enemies for §r§c26,914,266.9 §r§7damage.
17:25:41 [allowed] §cThere are blocks in the way!
17:25:41 [allowed] §7Your Implosion hit §r§c60 §r§7enemies for §r§c26,914,266.9 §r§7damage.
17:25:44 [allowed] §cThere are blocks in the way!
17:25:44 [allowed] §7Your Implosion hit §r§c13 §r§7enemies for §r§c5,831,424.5 §r§7damage.
17:25:48 [allowed] §cThere are blocks in the way!
17:26:01 [allowed] §a§aYou were tipped by 1 player in the last minute!
17:26:40 [allowed] §aYou used your §r§6Mining Speed Boost §r§aPickaxe Ability!
17:26:55 [allowed] §cYour Mining Speed Boost has expired!
17:27:05 [WARPING] §7Warping...
17:27:05 [WARPING] §7Sending to server mini9CA...
17:27:06 [EMPTY] §8 §r§8 §r§1 §r§3 §r§3 §r§7 §r§8 
17:27:07 [WARPING] §7Warping...
17:27:09 [PROFILE_JOIN] §aYou are playing on profile: §eBanana§b (Co-op)
17:27:09 [PROFILE_JOIN] §8Profile ID: b1a71305-1956-42bf-90e4-bce6f7285754
17:27:09 [allowed] §cThere are blocks in the way!
17:27:12 [allowed] §8[§r§d325§r§8] §r§7§lツ §r§a[VIP§6+§a] veryhotpizza§f§r§f: how many hours is too easy
17:27:34 [allowed] §8[§r§6402§r§8] §r§b[MVP§f+§b] BloreX§f§r§f: Nowadays, mining and fishing is like 2 days to get to 60
17:27:38 [allowed] §8[§r§6402§r§8] §r§b[MVP§f+§b] BloreX§f§r§f: not fun at all :(
17:27:50 [allowed] §8[§r§d325§r§8] §r§7§lツ §r§a[VIP§6+§a] veryhotpizza§f§r§f: fishing is more like a week
17:27:53 [allowed] §8[§r§6402§r§8] §r§b[MVP§f+§b] BloreX§f§r§f: farming would also be very quick if it wasnt for the gold medals system
17:28:00 [allowed] §8[§r§6402§r§8] §r§b[MVP§f+§b] BloreX§f§r§f: ehh with lava fishing it's insanely quick now
17:28:01 [allowed] §a§aYou were tipped by 1 player in the last minute!
17:28:18 [allowed] §8[§r§6402§r§8] §r§b[MVP§f+§b] BloreX§f§r§f: going from 40 to 50 was only 6 hours for me
17:28:29 [allowed] §8[§r§d325§r§8] §r§7§lツ §r§a[VIP§6+§a] veryhotpizza§f§r§f: da m
17:28:30 [allowed] §8[§r§6402§r§8] §r§b[MVP§f+§b] BloreX§f§r§f: lava fishing is broken asf
17:28:42 [allowed] §8[§r§d325§r§8] §r§7§lツ §r§a[VIP§6+§a] veryhotpizza§f§r§f: how tf
17:28:46 [allowed] §8[§r§d325§r§8] §r§7§lツ §r§a[VIP§6+§a] veryhotpizza§f§r§f: it took me like 5 days
17:28:50 [allowed] §8[§r§d325§r§8] §r§7§lツ §r§a[VIP§6+§a] veryhotpizza§f§r§f: of 3-4 hours per day
17:29:01 [allowed] §a§aYou were tipped by 2 players in the last minute!
17:29:13 [allowed] §8[§r§6402§r§8] §r§b[MVP§f+§b] BloreX§f§r§f: yeah idk, maybe the gear and with multiple people fishing carried it a lot
17:29:55 [allowed] §6[Bazaar] §r§7Putting goods in escrow...
17:29:55 [allowed] §6[Bazaar] §r§7Submitting buy order...
17:29:55 [allowed] §6[Bazaar] §r§7§r§eBuy Order Setup! §r§a128§r§7x §r§5Enchanted Titanium §r§7for §r§61,197,030 coins§r§7.
17:30:00 [allowed] §8Withdrawing coins...
17:30:00 [allowed] §aWithdrew §r§620M coins§r§a! There's now §r§6164.8M coins §r§aleft in the account!
17:30:02 [allowed] §8[§r§6402§r§8] §r§b[MVP§f+§b] BloreX§f§r§f: with double hook and instant catching, it really goes quick, especially with lava mobs giving 1000s of xp per kill
17:30:15 [allowed] §8[§r§6402§r§8] §r§b[MVP§f+§b] BloreX§f§r§f: Now even faster i'd imagine with the rod upgrades
17:30:28 [allowed] §8[§r§d325§r§8] §r§7§lツ §r§a[VIP§6+§a] veryhotpizza§f§r§f: idk i did it before the new update
17:30:34 [allowed] §8[§r§6402§r§8] §r§b[MVP§f+§b] BloreX§f§r§f: same
17:30:52 [allowed] §eMaxed the Supercraft to §r§b8x crafts§r§e!
17:30:53 [allowed] §eYou Supercrafted §r§r§r§9Enchanted Mithril §r§8x8§r§e!
17:31:25 [allowed] §8[§r§6402§r§8] §r§b[MVP§f+§b] BloreX§f§r§f: Just got back to the game 2 days ago after like a year or 2, was gonna just collect minions and be gone again
17:31:30 [allowed] §8[§r§6402§r§8] §r§b[MVP§f+§b] BloreX§f§r§f: then i heard rumors about foraging update
17:31:44 [GUILD_EXP] §aYou earned §r§278 GEXP §r§afrom playing SkyBlock!
17:31:56 [allowed] §8[§r§6402§r§8] §r§b[MVP§f+§b] BloreX§f§r§f: keeping my *** right here till i see that thing happen
17:32:00 [allowed] §a§aYou were tipped by 2 players in the last minute!
17:32:01 [allowed] §8[§r§6402§r§8] §r§b[MVP§f+§b] BloreX§f§r§f: history is being made!
17:32:16 [allowed] §8[§r§6402§r§8] §r§b[MVP§f+§b] BloreX§f§r§f: (they will **** it up and cause half the playerbase to get wiped) *cough*
17:32:24 [allowed] §8[§r§2188§r§8] §r§b§lᛝ §r§b[MVP§3+§b] EvolveDysonBoost§f§r§f: probably
17:32:30 [allowed] §8[§r§d325§r§8] §r§7§lツ §r§a[VIP§6+§a] veryhotpizza§f§r§f: lol
17:32:35 [allowed] §6[Bazaar] §r§7Putting goods in escrow...
17:32:35 [allowed] §6[Bazaar] §r§7Submitting buy order...
17:32:35 [allowed] §6[Bazaar] §r§7§r§eBuy Order Setup! §r§a16§r§7x §r§5Enchanted Titanium §r§7for §r§6149,630 coins§r§7.
17:32:47 [allowed] §5§l✯ §r§eA §r§5Fallen Star §r§ehas crashed at §r§bRampart's Quarry§r§e! Nearby ore and Powder drops are amplified!
17:33:01 [allowed] §a§aYou were tipped by 1 player in the last minute!
17:33:03 [allowed] §6[Bazaar] §eYour §aBuy Order §efor §a16§7x §5Enchanted Titanium §ewas filled!
17:33:03 [allowed] §8[§r§6402§r§8] §r§b[MVP§f+§b] BloreX§f§r§f: I wont dare joinin the game on update, first gonna watch some livestreams of others joining lol
17:33:05 [allowed] §8[§r§6402§r§8] §r§b[MVP§f+§b] BloreX§f§r§f: just to be safe
17:33:23 [allowed] §eYou Supercrafted §r§r§r§aEnchanted Iron§r§e!
17:33:23 [allowed] §eMaxed the Supercraft to §r§b28x crafts§r§e!
17:33:24 [allowed] §eYou Supercrafted §r§r§r§aEnchanted Iron §r§8x28§r§e!
17:33:32 [allowed] §8[§r§d325§r§8] §r§7§lツ §r§a[VIP§6+§a] veryhotpizza§f§r§f: i just wanna get enough money to get tarantula minions and quit
17:33:40 [allowed] §6[Bazaar] §r§7Executing instant buy...
17:33:40 [allowed] §6[Bazaar] §r§7Bought §r§a19§r§7x §r§aEnchanted Iron §r§7for §r§611,542 coins§r§7!
17:33:44 [allowed] §eYou Supercrafted §r§r§r§9Enchanted Iron Block§r§e!
17:33:54 [allowed] §8[§r§6402§r§8] §r§b[MVP§f+§b] BloreX§f§r§f: Probably wont even play the update for the first week or so, area gonna be crowded as **** and prices inflated
17:33:57 [allowed] §aYou sold §r§aEnchanted Snow Block§r§8 x64 §r§afor §r§638,400 Coins§r§a!
17:33:57 [allowed] §aYou sold §r§aEnchanted Snow Block§r§8 x64 §r§afor §r§638,400 Coins§r§a!
17:33:57 [allowed] §aYou sold §r§aEnchanted Snow Block§r§8 x64 §r§afor §r§638,400 Coins§r§a!
17:33:58 [allowed] §aYou sold §r§aEnchanted Snow Block§r§8 x64 §r§afor §r§638,400 Coins§r§a!
17:33:58 [allowed] §aYou sold §r§aEnchanted Snow Block§r§8 x64 §r§afor §r§638,400 Coins§r§a!
17:33:58 [allowed] §aYou sold §r§aEnchanted Snow Block§r§8 x64 §r§afor §r§638,400 Coins§r§a!
17:33:59 [allowed] §aYou sold §r§aEnchanted Snow Block§r§8 x64 §r§afor §r§638,400 Coins§r§a!
17:33:59 [allowed] §aYou sold §r§aEnchanted Snow Block§r§8 x64 §r§afor §r§638,400 Coins§r§a!
17:33:59 [allowed] §aYou sold §r§aEnchanted Snow Block§r§8 x64 §r§afor §r§638,400 Coins§r§a!
17:33:59 [allowed] §aYou sold §r§aEnchanted Snow Block§r§8 x64 §r§afor §r§638,400 Coins§r§a!
17:34:00 [allowed] §aYou sold §r§aEnchanted Snow Block§r§8 x64 §r§afor §r§638,400 Coins§r§a!
17:34:00 [allowed] §aYou sold §r§aEnchanted Snow Block§r§8 x64 §r§afor §r§638,400 Coins§r§a!
17:34:00 [allowed] §aYou sold §r§aEnchanted Snow Block§r§8 x64 §r§afor §r§638,400 Coins§r§a!
17:34:00 [allowed] §aYou sold §r§aEnchanted Snow Block§r§8 x64 §r§afor §r§638,400 Coins§r§a!
17:34:01 [allowed] §aYou sold §r§aEnchanted Snow Block§r§8 x64 §r§afor §r§638,400 Coins§r§a!
17:34:01 [allowed] §aYou sold §r§aEnchanted Snow Block§r§8 x64 §r§afor §r§638,400 Coins§r§a!
17:34:01 [allowed] §aYou sold §r§aEnchanted Snow Block§r§8 x64 §r§afor §r§638,400 Coins§r§a!
17:34:01 [allowed] §aYou sold §r§aEnchanted Snow Block§r§8 x64 §r§afor §r§638,400 Coins§r§a!
17:34:01 [allowed] §aYou sold §r§aEnchanted Snow Block§r§8 x64 §r§afor §r§638,400 Coins§r§a!
17:34:02 [allowed] §aYou sold §r§aEnchanted Snow Block§r§8 x64 §r§afor §r§638,400 Coins§r§a!
17:34:02 [allowed] §aYou sold §r§aEnchanted Snow Block§r§8 x64 §r§afor §r§638,400 Coins§r§a!
17:34:02 [allowed] §aYou sold §r§aEnchanted Snow Block§r§8 x64 §r§afor §r§638,400 Coins§r§a!
17:34:02 [allowed] §aYou sold §r§aEnchanted Snow Block§r§8 x64 §r§afor §r§638,400 Coins§r§a!
17:34:02 [allowed] §aYou sold §r§aEnchanted Snow Block§r§8 x64 §r§afor §r§638,400 Coins§r§a!
17:34:03 [allowed] §aYou sold §r§aEnchanted Snow Block§r§8 x64 §r§afor §r§638,400 Coins§r§a!
17:34:03 [allowed] §aYou sold §r§aEnchanted Snow Block§r§8 x64 §r§afor §r§638,400 Coins§r§a!
17:34:03 [allowed] §aYou sold §r§aEnchanted Snow Block§r§8 x64 §r§afor §r§638,400 Coins§r§a!
17:34:03 [allowed] §aYou sold §r§aEnchanted Snow Block§r§8 x64 §r§afor §r§638,400 Coins§r§a!
17:34:04 [allowed] §c ☠ §r§7§r§7Mukha_Asis§r§7 was killed by §r§5Star Sentry§r§7§r§7.
17:34:05 [allowed] §6[Bazaar] §eYour §aBuy Order §efor §a128§7x §5Enchanted Titanium §ewas filled!
17:34:25 [allowed] §8[§r§6402§r§8] §r§b[MVP§f+§b] BloreX§f§r§f: tara minions good?
17:34:29 [allowed] §8[§r§d325§r§8] §r§7§lツ §r§a[VIP§6+§a] veryhotpizza§f§r§f: yea
17:34:31 [allowed] §8[§r§d325§r§8] §r§7§lツ §r§a[VIP§6+§a] veryhotpizza§f§r§f: just very expensive
17:34:34 [allowed] §8[§r§6402§r§8] §r§b[MVP§f+§b] BloreX§f§r§f: how much
17:34:39 [allowed] §8[§r§d325§r§8] §r§7§lツ §r§a[VIP§6+§a] veryhotpizza§f§r§f: i have t9s right now
17:34:45 [allowed] §8[§r§d325§r§8] §r§7§lツ §r§a[VIP§6+§a] veryhotpizza§f§r§f: its like 3.5b to upgrade to t11
17:34:56 [allowed] §8[§r§6402§r§8] §r§b[MVP§f+§b] BloreX§f§r§f: 160m per t11
17:35:01 [allowed] §8[§r§6402§r§8] §r§b[MVP§f+§b] BloreX§f§r§f: 4.8b total
17:35:08 [allowed] §8[§r§6402§r§8] §r§b[MVP§f+§b] BloreX§f§r§f: what about the setup for them?
17:35:23 [allowed] §a§aYou tipped 4 players in 9 different games!
17:35:28 [allowed] §eYou Supercrafted §r§r§r§aEnchanted Diamond§r§e!
17:35:28 [allowed] §a§aYou tipped Rage_Steal in Blitz SG!
17:35:29 [allowed] §eMaxed the Supercraft to §r§b30x crafts§r§e!
17:35:29 [allowed] §eYou Supercrafted §r§r§r§aEnchanted Diamond §r§8x30§r§e!
17:35:33 [allowed] §a§aYou tipped shoild in The TNT Games!
17:35:38 [allowed] §a§aYou tipped JackSpirit in Mega Walls!
17:35:43 [allowed] §a§aYou tipped Bui__ in Arcade Games!
17:35:48 [allowed] §cThat player is not online, try another user!
17:35:54 [allowed] §cThat player is not online, try another user!
17:35:58 [allowed] §cThat player is not online, try another user!
17:36:03 [allowed] §a§aYou tipped Acrohh in Smash Heroes!
17:36:08 [allowed] §a§aYou tipped luminala in SkyWars!
17:36:51 [EMPTY] §f §r§r§r§f §r§r§r§1 §r§r§r§0 §r§r§r§2 §r§r§r§f §r§r§r§f §r§r§r§2 §r§r§r§0 §r§r§r§4 §r§r§r§3 §r§r§r§9 §r§r§r§2 §r§r§r§0 §r§r§r§0 §r§r§r§3 §r§r§r§9 §r§r§r§2 §r§r§r§0 §r§r§r§0 §r§r§r§3 §r§r§r§9 §r§r§r§2 §r§r§r§0 §r§r§r§0 
17:36:51 [allowed] §aYou have §b15 §aunclaimed leveling rewards!
17:36:51 [allowed] §eClick here to view them!
17:36:51 [allowed] §aYou have §61 §aunclaimed achievement reward!
17:36:51 [allowed] §eClick here to view it!
17:36:51 [allowed] §e[NPC] Doorman Dave§f: §rHey JonathanLanunez, the §3Slumber Hotel §fis now accepting reservations!§r§7 [§71/§a2§7]
17:36:53 [allowed] §7   
§r§6§lHey there!
§r§eDue to some changes with SkyWars kits and perks in a recent update, we have refunded you §r§65,000 Coins§r§e, §r§d2,960 SkyWars Experience§r§e and §r§a3,728 Kit Experience§r§e!
§r§7   
17:36:54 [WARPING] §7Sending to server mini77DP...
17:36:55 [EMPTY] §8 §r§8 §r§1 §r§3 §r§3 §r§7 §r§8 
17:36:55 [allowed] §aYou gained §r§b344,908.8 Mining §r§aexperience from minions!
17:36:55 [allowed] §aYou gained §r§b16,341.4 Combat §r§aexperience from minions!
17:36:57 [EMPTY] 
17:36:57 [WELCOME] §eWelcome to §r§aHypixel SkyBlock§r§e!
17:36:57 [EMPTY] 
17:36:57 [allowed] §eLatest update: §bSkyBlock v0.22.1 §e§lCLICK
17:36:57 [allowed] §eProfile ID: §r§ab1a71305-1956-42bf-90e4-bce6f7285754
17:36:57 [allowed] §e§lCLICK THIS TO SUGGEST IT IN CHAT §7§l[DASHES]
17:36:57 [allowed] §e§lCLICK THIS TO SUGGEST IT IN CHAT §7§l[NO DASHES]
17:36:57 [PROFILE_JOIN] §aYou are playing on profile: §eApple§b (Co-op)
17:36:57 [PROFILE_JOIN] §8Profile ID: b1a71305-1956-42bf-90e4-bce6f7285754
17:36:58 [allowed] §6§lALLOWANCE! §r§eYou earned §r§650,000 coins§r§e!
17:37:00 [allowed] §6You have §e2 §6unclaimed deliveries!
§eClick here or talk to Jerry to claim them!
17:37:04 [allowed] §cYou haven't unlocked this fast travel destination!
17:37:04 [EMPTY] 
17:37:04 [allowed] §6§k§lA§r §c§lFIRE SALE §r§6§k§lA
§r§c♨ §eSelling an item for a limited time!
§r§c   ♨ §5Genie Baby Goblin Skin §e(§e1,215 left§e)§c§r
§r§c♨ §a§l[WARP] §eTo Elizabeth in the next §c1d 0h 23m §eto grab yours!
17:37:04 [EMPTY] 
17:37:05 [WARPING] §7Finding player...
17:37:06 [WARPING] §7Sending a visit request...
17:37:07 [WARPING] §7Sending to server mini195DR...
17:37:08 [EMPTY] §8 §r§8 §r§1 §r§3 §r§3 §r§7 §r§8 
17:37:08 [allowed] §f§m-----------------------------------------------------
§r§cYou should NEVER enter your Microsoft account details anywhere but on official Microsoft services!

§r§cExternal links from untrusted sources should be avoided.
§r§f§m-----------------------------------------------------
17:37:10 [PROFILE_JOIN] §aYou are playing on profile: §eApple§b (Co-op)
17:37:10 [PROFILE_JOIN] §8Profile ID: b1a71305-1956-42bf-90e4-bce6f7285754
17:37:13 [WARPING] §7Sending to server mini10V...
17:37:13 [EMPTY] §8 §r§8 §r§1 §r§3 §r§3 §r§7 §r§8 
17:37:16 [PROFILE_JOIN] §aYou are playing on profile: §eApple§b (Co-op)
17:37:16 [PROFILE_JOIN] §8Profile ID: b1a71305-1956-42bf-90e4-bce6f7285754
17:37:22 [WARPING] §7Warping you to your SkyBlock island...
17:37:22 [WARPING] §7Sending to server mini157DN...
17:37:23 [EMPTY] §8 §r§8 §r§1 §r§3 §r§3 §r§7 §r§8 
17:37:26 [PROFILE_JOIN] §aYou are playing on profile: §eApple§b (Co-op)
17:37:26 [PROFILE_JOIN] §8Profile ID: b1a71305-1956-42bf-90e4-bce6f7285754
17:37:28 [allowed] §6You have §e2 §6unclaimed deliveries!
§eClick here or talk to Jerry to claim them!
17:37:50 [EMPTY] §f §r§r§r§f §r§r§r§1 §r§r§r§0 §r§r§r§2 §r§r§r§f §r§r§r§f §r§r§r§2 §r§r§r§0 §r§r§r§4 §r§r§r§3 §r§r§r§9 §r§r§r§2 §r§r§r§0 §r§r§r§0 §r§r§r§3 §r§r§r§9 §r§r§r§2 §r§r§r§0 §r§r§r§0 §r§r§r§3 §r§r§r§9 §r§r§r§2 §r§r§r§0 §r§r§r§0 
17:37:50 [allowed] §aYou have §b15 §aunclaimed leveling rewards!
17:37:50 [allowed] §eClick here to view them!
17:37:50 [allowed] §aYou have §61 §aunclaimed achievement reward!
17:37:50 [allowed] §eClick here to view it!
17:37:50 [allowed] §e[NPC] Doorman Dave§f: §rHey JonathanLanunez, the §3Slumber Hotel §fis now accepting reservations!§r§7 [§71/§a2§7]
17:37:53 [WARPING] §7Sending to server mini95AS...
17:37:53 [LOBBY] §b[MVP§d+§b] Noryss§f §6joined the lobby!
17:37:54 [EMPTY] §8 §r§8 §r§1 §r§3 §r§3 §r§7 §r§8 
17:37:55 [allowed] §cYou need the Cookie Buff active to use this feature!
17:37:55 [EMPTY] 
17:37:55 [WELCOME] §eWelcome to §r§aHypixel SkyBlock§r§e!
17:37:55 [EMPTY] 
17:37:55 [allowed] §eLatest update: §bSkyBlock v0.22.1 §e§lCLICK
17:37:56 [allowed] §eProfile ID: §r§ab1a71305-1956-42bf-90e4-bce6f7285754
17:37:56 [allowed] §e§lCLICK THIS TO SUGGEST IT IN CHAT §7§l[DASHES]
17:37:56 [allowed] §e§lCLICK THIS TO SUGGEST IT IN CHAT §7§l[NO DASHES]
17:37:56 [PROFILE_JOIN] §aYou are playing on profile: §eApple§b (Co-op)
17:37:56 [PROFILE_JOIN] §8Profile ID: b1a71305-1956-42bf-90e4-bce6f7285754
17:37:59 [allowed] §6You have §e2 §6unclaimed deliveries!
§eClick here or talk to Jerry to claim them!
17:38:03 [EMPTY] 
17:38:03 [allowed] §6§k§lA§r §c§lFIRE SALE §r§6§k§lA
§r§c♨ §eSelling an item for a limited time!
§r§c   ♨ §5Genie Baby Goblin Skin §e(§e1,215 left§e)§c§r
§r§c♨ §a§l[WARP] §eTo Elizabeth in the next §c1d 0h 22m §eto grab yours!
17:38:03 [EMPTY] 
17:39:01 [WARPING] §7Sending to server mega15A...
17:39:02 [EMPTY] §8 §r§8 §r§1 §r§3 §r§3 §r§7 §r§8 
17:39:04 [allowed] §cYou may only use this command after 4s on the server!
17:39:04 [PROFILE_JOIN] §aYou are playing on profile: §eApple§b (Co-op)
17:39:04 [PROFILE_JOIN] §8Profile ID: b1a71305-1956-42bf-90e4-bce6f7285754
17:39:05 [allowed] §cYou may only use this command after 4s on the server!
17:39:09 [allowed] §6[Bazaar] §r§7Claiming order...
17:39:09 [allowed] §6[Bazaar] §r§7§r§7Claimed §r§a128§r§7x §r§5Enchanted Titanium §r§7worth §r§61,197,030 coins §r§7bought for §r§69,351.8 §r§7each!
17:39:10 [allowed] §6[Bazaar] §r§7Claiming order...
17:39:10 [allowed] §6[Bazaar] §r§7§r§7Claimed §r§a16§r§7x §r§5Enchanted Titanium §r§7worth §r§6149,630 coins §r§7bought for §r§69,351.9 §r§7each!
17:39:12 [WARPING] §7Finding player...
17:39:13 [WARPING] §7Sending a visit request...
17:39:13 [WARPING] §7Sending to server mini195DR...
17:39:14 [EMPTY] §8 §r§8 §r§1 §r§3 §r§3 §r§7 §r§8 
17:39:14 [allowed] §f§m-----------------------------------------------------
§r§cYou should NEVER enter your Microsoft account details anywhere but on official Microsoft services!

§r§cExternal links from untrusted sources should be avoided.
§r§f§m-----------------------------------------------------
17:39:16 [allowed] §d§lYum! §r§eYou gain §r§c+2❁ Strength §r§efor §r§a48 §r§ehours!
17:39:17 [allowed] §d§lYum! §r§eYou gain §r§d+1♣ Pet Luck §r§efor §r§a48 §r§ehours!
17:39:17 [PROFILE_JOIN] §aYou are playing on profile: §eApple§b (Co-op)
17:39:17 [PROFILE_JOIN] §8Profile ID: b1a71305-1956-42bf-90e4-bce6f7285754
17:39:17 [allowed] §d§lYum! §r§eYou gain §r§c+10❤ Health §r§efor §r§a48 §r§ehours!
17:39:17 [allowed] §d§lYum! §r§eYou gain §r§6+5☘ Foraging Fortune §r§efor §r§a48 §r§ehours!
17:39:18 [allowed] §d§lYum! §r§eYou gain §r§b+1❄ Cold Resistance §r§efor §r§a48 §r§ehours!
17:39:18 [allowed] §d§lYum! §r§eYou gain §r§f+1❂ True Defense §r§efor §r§a48 §r§ehours!
17:39:19 [allowed] §d§lYum! §r§eYou gain §r§b+1✯ Magic Find §r§efor §r§a48 §r§ehours!
17:39:19 [allowed] §d§lYum! §r§eYou gain §r§6+5☘ Farming Fortune §r§efor §r§a48 §r§ehours!
17:39:20 [allowed] §d§lYum! §r§eYou gain §r§4+1♨ Vitality §r§efor §r§a48 §r§ehours!
17:39:20 [allowed] §d§lYum! §r§eYou gain §r§a+10ф Rift Time §r§efor §r§a48 §r§ehours!
17:39:21 [allowed] §d§lYum! §r§eYou gain §r§3+1α Sea Creature Chance §r§efor §r§a48 §r§ehours!
17:39:21 [allowed] §d§lYum! §r§eYou gain §r§6+5☘ Mining Fortune §r§efor §r§a48 §r§ehours!
17:39:22 [allowed] §d§lYum! §r§eYou gain §r§b+5✎ Intelligence §r§efor §r§a48 §r§ehours!
17:39:22 [allowed] §d§lYum! §r§eYou gain §r§a+3❈ Defense §r§efor §r§a48 §r§ehours!
17:39:23 [allowed] §d§lYum! §r§eYou gain §r§f+10✦ Speed §r§efor §r§a48 §r§ehours!
17:39:25 [allowed] §d§lYum! §r§eYou gain §r§c+2⫽ Ferocity §r§efor §r§a48 §r§ehours!
17:39:28 [WARPING] §7Sending to server mini86BS...
17:39:28 [EMPTY] §8 §r§8 §r§1 §r§3 §r§3 §r§7 §r§8 
17:39:31 [PROFILE_JOIN] §aYou are playing on profile: §eApple§b (Co-op)
17:39:31 [PROFILE_JOIN] §8Profile ID: b1a71305-1956-42bf-90e4-bce6f7285754
17:39:42 [allowed] §cRequires §r§5Heart of the Mountain Tier 5§r§c.
17:39:45 [WARPING] §7Warping you to your SkyBlock island...
17:39:46 [WARPING] §7Sending to server mini157DG...
17:39:47 [EMPTY] §8 §r§8 §r§1 §r§3 §r§3 §r§7 §r§8 
17:39:49 [PROFILE_JOIN] §aYou are playing on profile: §eApple§b (Co-op)
17:39:49 [PROFILE_JOIN] §8Profile ID: b1a71305-1956-42bf-90e4-bce6f7285754
