16:34:51 [EMPTY] §f §r§r§r§f §r§r§r§1 §r§r§r§0 §r§r§r§2 §r§r§r§f §r§r§r§f §r§r§r§2 §r§r§r§0 §r§r§r§4 §r§r§r§3 §r§r§r§9 §r§r§r§2 §r§r§r§0 §r§r§r§0 §r§r§r§3 §r§r§r§9 §r§r§r§2 §r§r§r§0 §r§r§r§0 §r§r§r§3 §r§r§r§9 §r§r§r§2 §r§r§r§0 §r§r§r§0 
16:34:51 [LOBBY] §b✦ §r§7You earned §r§b84 §r§7Mystery Dust!
16:34:51 [LOBBY] §b[MVP§9+§b] Sebbebas§f §6joined the lobby!
16:34:52 [LOBBY] §b[MVP§6+§b] Thegodofwar_§f §6joined the lobby!
16:34:52 [LOBBY] §b[MVP§8+§b] KING_QAO§f §6joined the lobby!
16:34:52 [LOBBY]   §r§f§l➤ §r§6You have reached your Hype limit! Add Hype to Prototype Lobby minigames by right-clicking with the Hype Diamond!
16:35:03 [LOBBY] §b[MVP§d+§b] afriga§f §6joined the lobby!
16:35:05 [LOBBY] §b[MVP§2+§b] yogoro§f §6joined the lobby!
16:35:06 [LOBBY] §b[MVP§2+§b] TiggerTheTiger§f §6joined the lobby!
16:35:06 [LOBBY] §b[MVP§d+§b] EnderRedstone38§f §6joined the lobby!
16:35:08 [LOBBY] §b[MVP§c+§b] ZeroMatt4Ever§f §6joined the lobby!
16:35:10 [LOBBY] §b[MVP§e+§b] Maytdot§f §6joined the lobby!
16:35:12 [LOBBY] §b[MVP§9+§b] Starpass§f §6joined the lobby!
16:35:14 [LOBBY] §b[MVP§2+§b] Konsi_113§f §6joined the lobby!
16:35:14 [LOBBY] §b[MVP§c+§b] zStrxngehits§f §6joined the lobby!
16:35:19 [LOBBY] §b[MVP§c+§b] DerEchtePaulchen§f §6joined the lobby!
16:35:20 [LOBBY] §b[MVP§c+§b] xDreamTaker§f §6joined the lobby!
16:35:22 [EMPTY] 
16:35:22 [EMPTY] 
16:35:22 [EMPTY] §8 §r§8 §r§1 §r§3 §r§3 §r§7 §r§8 
16:35:28 [EMPTY] §f §r§r§r§f §r§r§r§1 §r§r§r§0 §r§r§r§2 §r§r§r§f §r§r§r§f §r§r§r§2 §r§r§r§0 §r§r§r§4 §r§r§r§3 §r§r§r§9 §r§r§r§2 §r§r§r§0 §r§r§r§0 §r§r§r§3 §r§r§r§9 §r§r§r§2 §r§r§r§0 §r§r§r§0 §r§r§r§3 §r§r§r§9 §r§r§r§2 §r§r§r§0 §r§r§r§0 
16:35:28 [LOBBY] §b[MVP§9+§b] Sebbebas§f §6joined the lobby!
16:35:29 [LOBBY] §b[MVP§6+§b] TNPSP§f §6joined the lobby!
16:35:30 [LOBBY]   §r§f§l➤ §r§6You have reached your Hype limit! Add Hype to Prototype Lobby minigames by right-clicking with the Hype Diamond!
16:35:31 [LOBBY] §b[MVP§6+§b] TotoroK2§f §6joined the lobby!
16:35:33 [LOBBY] §b[MVP§a+§b] Kingdweeb§f §6joined the lobby!
16:35:33 [LOBBY] §b[MVP§d+§b] junoluvs§f §6joined the lobby!
16:35:33 [LOBBY] §b[MVP§d+§b] PrimeTyler§f §6joined the lobby!
16:35:34 [LOBBY] §b[MVP§c+§b] wakorr§f §6joined the lobby!
16:35:37 [WARPING] §7Sending to server mini196AF...
16:35:37 [EMPTY] §8 §r§8 §r§1 §r§3 §r§3 §r§7 §r§8 
16:35:39 [EMPTY] 
16:35:39 [WELCOME] §eWelcome to §r§aHypixel SkyBlock§r§e!
16:35:39 [EMPTY] 
16:35:40 [PROFILE_JOIN] §aYou are playing on profile: §eBanana§b (Co-op)
16:35:40 [PROFILE_JOIN] §8Profile ID: b1a71305-1956-42bf-90e4-bce6f7285754
16:35:47 [EMPTY] 
16:35:47 [EMPTY] 
16:39:45 [EMPTY] §f §r§r§r§f §r§r§r§1 §r§r§r§0 §r§r§r§2 §r§r§r§f §r§r§r§f §r§r§r§2 §r§r§r§0 §r§r§r§4 §r§r§r§3 §r§r§r§9 §r§r§r§2 §r§r§r§0 §r§r§r§0 §r§r§r§3 §r§r§r§9 §r§r§r§2 §r§r§r§0 §r§r§r§0 §r§r§r§3 §r§r§r§9 §r§r§r§2 §r§r§r§0 §r§r§r§0 
16:39:45 [LOBBY] §b[MVP§9+§b] Sebbebas§f §6joined the lobby!
16:39:52 [WARPING] §7Sending to server mini66K...
16:39:53 [EMPTY] §8 §r§8 §r§1 §r§3 §r§3 §r§7 §r§8 
16:39:55 [EMPTY] 
16:39:55 [WELCOME] §eWelcome to §r§aHypixel SkyBlock§r§e!
16:39:55 [EMPTY] 
16:39:55 [PROFILE_JOIN] §aYou are playing on profile: §eBanana§b (Co-op)
16:39:55 [PROFILE_JOIN] §8Profile ID: b1a71305-1956-42bf-90e4-bce6f7285754
16:40:02 [EMPTY] 
16:40:02 [EMPTY] 
16:40:10 [WARPING] §7Warping...
16:43:01 [EMPTY] 
16:43:05 [WARPING] §7Warping...
16:43:48 [GUILD_EXP] §aYou earned §r§2373 GEXP §r§afrom playing SkyBlock!
16:44:49 [EMPTY] §f                                        
16:44:49 [EMPTY] §f                                        
16:48:52 [GUILD_EXP] §aYou earned §r§2628 GEXP §r§afrom playing SkyBlock!
16:49:08 [WARPING] §7Warping...
16:53:56 [GUILD_EXP] §aYou earned §r§2334 GEXP §r§afrom playing SkyBlock!
16:56:16 [WARPING] §7Warping...
16:58:47 [WARPING] §7Warping...
16:58:59 [GUILD_EXP] §aYou earned §r§2606 GEXP §r§afrom playing SkyBlock!
17:02:11 [WARPING] §7Warping...
17:04:02 [GUILD_EXP] §aYou earned §r§2735 GEXP §r§afrom playing SkyBlock!
17:04:05 [WARPING] §7Sending to server mini91N...
17:04:06 [EMPTY] §8 §r§8 §r§1 §r§3 §r§3 §r§7 §r§8 
17:04:08 [EMPTY] 
17:04:08 [EMPTY] 
17:04:09 [PROFILE_JOIN] §aYou are playing on profile: §eBanana§b (Co-op)
17:04:09 [PROFILE_JOIN] §8Profile ID: b1a71305-1956-42bf-90e4-bce6f7285754
17:04:43 [EMPTY] 
17:07:24 [EMPTY] 
17:09:06 [GUILD_EXP] §aYou earned §r§2563 GEXP §r§afrom playing SkyBlock!
17:11:16 [WARPING] §7Sending to server mini10AU...
17:11:17 [EMPTY] §8 §r§8 §r§1 §r§3 §r§3 §r§7 §r§8 
17:11:20 [PROFILE_JOIN] §aYou are playing on profile: §eBanana§b (Co-op)
17:11:20 [PROFILE_JOIN] §8Profile ID: b1a71305-1956-42bf-90e4-bce6f7285754
17:15:21 [WARPING] §7Warping...
17:15:55 [WARPING] §7Sending to server mini92DF...
17:15:57 [EMPTY] §8 §r§8 §r§1 §r§3 §r§3 §r§7 §r§8 
17:15:59 [EMPTY] 
17:15:59 [EMPTY] 
17:15:59 [PROFILE_JOIN] §aYou are playing on profile: §eBanana§b (Co-op)
17:15:59 [PROFILE_JOIN] §8Profile ID: b1a71305-1956-42bf-90e4-bce6f7285754
17:16:13 [EMPTY] 
17:20:57 [GUILD_EXP] §aYou earned §r§2570 GEXP §r§afrom playing SkyBlock!
17:22:55 [WARPING] §7Sending to server mini25M...
17:22:55 [EMPTY] §8 §r§8 §r§1 §r§3 §r§3 §r§7 §r§8 
17:22:58 [PROFILE_JOIN] §aYou are playing on profile: §eBanana§b (Co-op)
17:22:58 [PROFILE_JOIN] §8Profile ID: b1a71305-1956-42bf-90e4-bce6f7285754
17:24:07 [WARPING] §7Warping you to your SkyBlock island...
17:24:08 [WARPING] §7Sending to server mini83AT...
17:24:09 [EMPTY] §8 §r§8 §r§1 §r§3 §r§3 §r§7 §r§8 
17:24:11 [PROFILE_JOIN] §aYou are playing on profile: §eBanana§b (Co-op)
17:24:11 [PROFILE_JOIN] §8Profile ID: b1a71305-1956-42bf-90e4-bce6f7285754
17:27:05 [WARPING] §7Warping...
17:27:05 [WARPING] §7Sending to server mini9CA...
17:27:06 [EMPTY] §8 §r§8 §r§1 §r§3 §r§3 §r§7 §r§8 
17:27:07 [WARPING] §7Warping...
17:27:09 [PROFILE_JOIN] §aYou are playing on profile: §eBanana§b (Co-op)
17:27:09 [PROFILE_JOIN] §8Profile ID: b1a71305-1956-42bf-90e4-bce6f7285754
17:31:44 [GUILD_EXP] §aYou earned §r§278 GEXP §r§afrom playing SkyBlock!
17:36:51 [EMPTY] §f §r§r§r§f §r§r§r§1 §r§r§r§0 §r§r§r§2 §r§r§r§f §r§r§r§f §r§r§r§2 §r§r§r§0 §r§r§r§4 §r§r§r§3 §r§r§r§9 §r§r§r§2 §r§r§r§0 §r§r§r§0 §r§r§r§3 §r§r§r§9 §r§r§r§2 §r§r§r§0 §r§r§r§0 §r§r§r§3 §r§r§r§9 §r§r§r§2 §r§r§r§0 §r§r§r§0 
17:36:54 [WARPING] §7Sending to server mini77DP...
17:36:55 [EMPTY] §8 §r§8 §r§1 §r§3 §r§3 §r§7 §r§8 
17:36:57 [EMPTY] 
17:36:57 [WELCOME] §eWelcome to §r§aHypixel SkyBlock§r§e!
17:36:57 [EMPTY] 
17:36:57 [PROFILE_JOIN] §aYou are playing on profile: §eApple§b (Co-op)
17:36:57 [PROFILE_JOIN] §8Profile ID: b1a71305-1956-42bf-90e4-bce6f7285754
17:37:04 [EMPTY] 
17:37:04 [EMPTY] 
17:37:05 [WARPING] §7Finding player...
17:37:06 [WARPING] §7Sending a visit request...
17:37:07 [WARPING] §7Sending to server mini195DR...
17:37:08 [EMPTY] §8 §r§8 §r§1 §r§3 §r§3 §r§7 §r§8 
17:37:10 [PROFILE_JOIN] §aYou are playing on profile: §eApple§b (Co-op)
17:37:10 [PROFILE_JOIN] §8Profile ID: b1a71305-1956-42bf-90e4-bce6f7285754
17:37:13 [WARPING] §7Sending to server mini10V...
17:37:13 [EMPTY] §8 §r§8 §r§1 §r§3 §r§3 §r§7 §r§8 
17:37:16 [PROFILE_JOIN] §aYou are playing on profile: §eApple§b (Co-op)
17:37:16 [PROFILE_JOIN] §8Profile ID: b1a71305-1956-42bf-90e4-bce6f7285754
17:37:22 [WARPING] §7Warping you to your SkyBlock island...
17:37:22 [WARPING] §7Sending to server mini157DN...
17:37:23 [EMPTY] §8 §r§8 §r§1 §r§3 §r§3 §r§7 §r§8 
17:37:26 [PROFILE_JOIN] §aYou are playing on profile: §eApple§b (Co-op)
17:37:26 [PROFILE_JOIN] §8Profile ID: b1a71305-1956-42bf-90e4-bce6f7285754
17:37:50 [EMPTY] §f §r§r§r§f §r§r§r§1 §r§r§r§0 §r§r§r§2 §r§r§r§f §r§r§r§f §r§r§r§2 §r§r§r§0 §r§r§r§4 §r§r§r§3 §r§r§r§9 §r§r§r§2 §r§r§r§0 §r§r§r§0 §r§r§r§3 §r§r§r§9 §r§r§r§2 §r§r§r§0 §r§r§r§0 §r§r§r§3 §r§r§r§9 §r§r§r§2 §r§r§r§0 §r§r§r§0 
17:37:53 [WARPING] §7Sending to server mini95AS...
17:37:53 [LOBBY] §b[MVP§d+§b] Noryss§f §6joined the lobby!
17:37:54 [EMPTY] §8 §r§8 §r§1 §r§3 §r§3 §r§7 §r§8 
17:37:55 [EMPTY] 
17:37:55 [WELCOME] §eWelcome to §r§aHypixel SkyBlock§r§e!
17:37:55 [EMPTY] 
17:37:56 [PROFILE_JOIN] §aYou are playing on profile: §eApple§b (Co-op)
17:37:56 [PROFILE_JOIN] §8Profile ID: b1a71305-1956-42bf-90e4-bce6f7285754
17:38:03 [EMPTY] 
17:38:03 [EMPTY] 
17:39:01 [WARPING] §7Sending to server mega15A...
17:39:02 [EMPTY] §8 §r§8 §r§1 §r§3 §r§3 §r§7 §r§8 
17:39:04 [PROFILE_JOIN] §aYou are playing on profile: §eApple§b (Co-op)
17:39:04 [PROFILE_JOIN] §8Profile ID: b1a71305-1956-42bf-90e4-bce6f7285754
17:39:12 [WARPING] §7Finding player...
17:39:13 [WARPING] §7Sending a visit request...
17:39:13 [WARPING] §7Sending to server mini195DR...
17:39:14 [EMPTY] §8 §r§8 §r§1 §r§3 §r§3 §r§7 §r§8 
17:39:17 [PROFILE_JOIN] §aYou are playing on profile: §eApple§b (Co-op)
17:39:17 [PROFILE_JOIN] §8Profile ID: b1a71305-1956-42bf-90e4-bce6f7285754
17:39:28 [WARPING] §7Sending to server mini86BS...
17:39:28 [EMPTY] §8 §r§8 §r§1 §r§3 §r§3 §r§7 §r§8 
17:39:31 [PROFILE_JOIN] §aYou are playing on profile: §eApple§b (Co-op)
17:39:31 [PROFILE_JOIN] §8Profile ID: b1a71305-1956-42bf-90e4-bce6f7285754
17:39:45 [WARPING] §7Warping you to your SkyBlock island...
17:39:46 [WARPING] §7Sending to server mini157DG...
17:39:47 [EMPTY] §8 §r§8 §r§1 §r§3 §r§3 §r§7 §r§8 
17:39:49 [PROFILE_JOIN] §aYou are playing on profile: §eApple§b (Co-op)
17:39:49 [PROFILE_JOIN] §8Profile ID: b1a71305-1956-42bf-90e4-bce6f7285754
