17:25:43 [allowed] §f[9✙] §r§b[MVP§f+§b] TheChxngus§f§r§f: chat
17:25:47 [allowed] §6[14⚔] §r§b[MVP§3+§b] ItzDatMC§f§r§f: chat
17:25:50 [allowed] §eYou haven't claimed your §r§6Summer Rewards §r§eyet!
17:25:50 [allowed] §eTalk to the §r§bSummer Sloth §r§ein the §r§aHub!
17:25:52 [allowed] §cYou are sending commands too fast! Please slow down.
17:25:52 [allowed] §6§lBONUS! §r§bTemporarily earn §r§a5% §r§bmore skill experience!
17:25:52 [allowed] §eLatest update: §bSkyBlock v0.20.5 §e§lCLICK
17:26:01 [allowed] §c§r§eYou need the §r§dCookie Buff §r§eto use this feature!
17:26:01 [allowed] §eObtain a §r§6Booster Cookie §r§efrom the community shop in the hub!
17:26:07 [allowed] §eYou haven't claimed your §r§6Summer Rewards §r§eyet!
17:26:07 [allowed] §eTalk to the §r§bSummer Sloth §r§ein the §r§aHub!
17:26:09 [allowed] §cYou are sending commands too fast! Please slow down.
17:26:20 [allowed] §eYou haven't claimed your §r§6Summer Rewards §r§eyet!
17:26:20 [allowed] §eTalk to the §r§bSummer Sloth §r§ein the §r§aHub!
17:26:22 [allowed] §cYou are sending commands too fast! Please slow down.
17:26:22 [allowed] §cYou are sending commands too fast! Please slow down.
17:26:36 [allowed] §b§m--------------§r§f  §r§aGuild: Message Of The Day  §r§b§m--------------
17:26:36 [allowed] §b| §r§f[22] [MVP+] Sebbebas Ⓑ: you should give me foraging 50 on my main
17:26:36 [allowed] §b| §r§f[22] [MVP+] Sebbebas Ⓑ: wink wink
17:26:36 [allowed] §b| §r§f[300] [ADMIN] LadyBleu: you almost had iit until you winked
17:26:36 [allowed] §b| §r§f[22] [MVP+] Sebbebas Ⓑ: :(
17:26:36 [allowed] §b| §r§f[300] [ADMIN] LadyBleu: biig mistaake
17:26:36 [allowed] §b§m-----------------------------------------------------
17:26:37 [allowed] §aYou have §b20 §aunclaimed leveling rewards!
17:26:37 [allowed] §eClick here to view them!
17:26:37 [allowed] §aYou have §67 §aunclaimed achievement rewards!
17:26:37 [allowed] §eClick here to view them!
17:26:39 [allowed] §a§aYou tipped 22 players in 15 different games!
17:26:39 [allowed] §cYou are sending commands too fast! Please slow down.
17:26:42 [allowed] §d§lHOPPITY'S HUNT §r§dA §r§9Chocolate Lunch Egg §r§dhas appeared!
17:26:42 [allowed] §cYou are sending commands too fast! Please slow down.
17:26:43 [allowed] §6§lBONUS! §r§bTemporarily earn §r§a5% §r§bmore skill experience!
17:26:43 [allowed] §eLatest update: §bSkyBlock v0.20.5 §e§lCLICK
17:26:44 [allowed] §a§aYou tipped YU_ZHONG_Dragon in Blitz SG!
17:26:49 [allowed] §a§aYou tipped _Sorotsu_ in The TNT Games!
17:26:50 [allowed] §cThere are blocks in the way!
17:26:54 [allowed] §a§aYou tipped Yikl in Mega Walls!
17:26:56 [allowed] §cThere are blocks in the way!
17:26:59 [allowed] §a§aYou tipped KirillMagPizza in Arcade Games!
17:27:02 [allowed] §5§l✯ §r§eA §r§5Fallen Star §r§ehas crashed at §r§bRoyal Mines§r§e! Nearby ore and Powder drops are amplified!
17:27:04 [allowed] §a§aYou tipped __Astromind__ in UHC Champions!
17:27:09 [allowed] §cThat player is not online, try another user!
17:27:14 [allowed] §a§aYou tipped jirka671 in Warlords!
17:27:19 [allowed] §a§aYou tipped zombipoika1200 in Smash Heroes!
17:27:23 [allowed]  §b⚑ §eThe §bMithril Gourmand §eevent starts in §a20 §eseconds!
 §aClick here §eto teleport to §bGarry §eand prepare!
17:27:24 [allowed] §a§aYou tipped Sweiitz in SkyWars!
17:27:29 [allowed] §a§aYou tipped Nikolas2003 in Classic Games!
17:27:41 [allowed] §a§r§6Mining Speed Boost §r§ais now available!
17:27:42 [allowed] §a§l▬▬▬▬▬▬▬▬▬▬▬▬▬▬▬▬▬▬▬▬▬▬▬▬▬▬▬▬▬▬▬▬▬▬▬▬▬▬▬▬▬▬▬▬▬▬▬▬▬▬▬▬▬▬▬▬▬▬▬▬▬▬▬▬
17:27:42 [allowed] §f                    §r§b§lMITHRIL GOURMAND STARTED!
17:27:42 [allowed] §f                             §r§7Active Mining Event
17:27:42 [allowed] §f  Don Expresso wants some §r§aTasty Mithril §r§ffrom the §r§bUpper Mines§r§f.
17:27:42 [allowed] §f§r§f        §r§fBring §r§c200 §r§f§r§aTasty Mithril §r§fto him at the §r§bDwarven Village§r§f!
17:27:42 [allowed] §f      Bring §r§c10 §r§fpersonally and you'll receive §r§6extra rewards§r§f.
17:27:42 [allowed] §f                 Go to §r§bUpper Mines §r§7(or talk to Garry)
17:27:42 [allowed] §a§l▬▬▬▬▬▬▬▬▬▬▬▬▬▬▬▬▬▬▬▬▬▬▬▬▬▬▬▬▬▬▬▬▬▬▬▬▬▬▬▬▬▬▬▬▬▬▬▬▬▬▬▬▬▬▬▬▬▬▬▬▬▬▬▬
17:28:41 [allowed] §c ☠ §r§7§r§bKanyeNorthh§r§7 was killed by Ghost§r§7§r§7.
17:29:18 [allowed] §eYou haven't claimed your §r§6Summer Rewards §r§eyet!
17:29:18 [allowed] §eTalk to the §r§bSummer Sloth §r§ein the §r§aHub!
17:29:20 [allowed] §cYou are sending commands too fast! Please slow down.
17:29:20 [allowed] §cYou may only use this command after 4s on the server!
17:29:20 [allowed] §6§lBONUS! §r§bTemporarily earn §r§a5% §r§bmore skill experience!
17:29:20 [allowed] §eLatest update: §bSkyBlock v0.20.5 §e§lCLICK
17:29:21 [allowed] §cYou may only use this command after 4s on the server!
17:29:21 [allowed] §cYou may only use this command after 4s on the server!
17:29:30 [allowed] §e[NPC] §bDon Expresso§f: §rI WANT TO SPEAK TO YOUR MANAGER
17:29:54 [allowed] §e[NPC] §bDon Expresso§f: §rMY MEALS SHOULD HAVE ALREADY BEEN READY
17:29:59 [allowed] §8Withdrawing coins...
17:29:59 [allowed] §aWithdrew §r§66M coins§r§a! There's now §r§6390M coins §r§aleft in the account!
17:30:02 [allowed] §eYou haven't claimed your §r§6Summer Rewards §r§eyet!
17:30:02 [allowed] §eTalk to the §r§bSummer Sloth §r§ein the §r§aHub!
17:30:03 [allowed] §cYou are sending commands too fast! Please slow down.
17:30:03 [allowed] §cYou are sending commands too fast! Please slow down.
17:30:05 [allowed] §eYou haven't claimed your §r§6Summer Rewards §r§eyet!
17:30:05 [allowed] §eTalk to the §r§bSummer Sloth §r§ein the §r§aHub!
17:30:07 [allowed] §cYou are sending commands too fast! Please slow down.
17:30:07 [allowed] §cYou may only use this command after 4s on the server!
17:30:08 [allowed] §cYou may only use this command after 4s on the server!
17:30:20 [allowed] §6[Bazaar] §r§7Putting goods in escrow...
17:30:20 [allowed] §6[Bazaar] §r§7Submitting buy order...
17:30:20 [allowed] §6[Bazaar] §r§7§r§eBuy Order Setup! §r§a28§r§7x §r§9Enchanted Diamond Block §r§7for §r§65,655,269 coins§r§7.
17:30:56 [allowed] §6[Bazaar] §eYour §aBuy Order §efor §a28§7x §9Enchanted Diamond Block §ewas filled!
17:30:58 [allowed] §6[Bazaar] §r§7Claiming order...
17:30:58 [allowed] §6[Bazaar] §r§7§r§7Claimed §r§a28§r§7x §r§9Enchanted Diamond Block §r§7worth §r§65,655,269 coins §r§7bought for §r§6201,974 §r§7each!
17:31:01 [allowed] §eYou haven't claimed your §r§6Summer Rewards §r§eyet!
17:31:01 [allowed] §eTalk to the §r§bSummer Sloth §r§ein the §r§aHub!
17:31:03 [allowed] §cYou are sending commands too fast! Please slow down.
17:31:03 [allowed] §aWarped from the §r§cRed Teleport Pad§r§a to the §r§dStorage Teleport Pad§r§a!
17:31:34 [allowed] §b§m--------------§r§f  §r§aGuild: Message Of The Day  §r§b§m--------------
17:31:34 [allowed] §b| §r§f[22] [MVP+] Sebbebas Ⓑ: you should give me foraging 50 on my main
17:31:34 [allowed] §b| §r§f[22] [MVP+] Sebbebas Ⓑ: wink wink
17:31:34 [allowed] §b| §r§f[300] [ADMIN] LadyBleu: you almost had iit until you winked
17:31:34 [allowed] §b| §r§f[22] [MVP+] Sebbebas Ⓑ: :(
17:31:34 [allowed] §b| §r§f[300] [ADMIN] LadyBleu: biig mistaake
17:31:34 [allowed] §b§m-----------------------------------------------------
17:31:34 [allowed] §aYou have §b20 §aunclaimed leveling rewards!
17:31:34 [allowed] §eClick here to view them!
17:31:34 [allowed] §aYou have §67 §aunclaimed achievement rewards!
17:31:34 [allowed] §eClick here to view them!
17:31:36 [allowed] §cYou are sending commands too fast! Please slow down.
17:31:40 [allowed] §cYou are sending commands too fast! Please slow down.
17:31:41 [allowed] §6§lBONUS! §r§bTemporarily earn §r§a5% §r§bmore skill experience!
17:31:41 [allowed] §eLatest update: §bSkyBlock v0.20.5 §e§lCLICK
17:31:45 [allowed] §cYou are sending commands too fast! Please slow down.
17:31:45 [allowed] §aWarped from the §r§cRed Teleport Pad§r§a to the §r§dStorage Teleport Pad§r§a!
17:32:37 [allowed] §a§aYou were tipped by 1 player in the last minute!
17:32:43 [allowed] §a§r§6Mining Speed Boost §r§ais now available!
17:33:00 [allowed] §cThere are blocks in the way!
17:33:03 [allowed] §cThere are blocks in the way!
17:33:13 [allowed] §cThere are blocks in the way!
17:33:35 [allowed] §cYou are sending commands too fast! Please slow down.
17:34:02 [allowed] §7[1⋆] §r§7yh5a§7§r§7: .
17:34:08 [allowed] §eYou haven't claimed your §r§6Summer Rewards §r§eyet!
17:34:08 [allowed] §eTalk to the §r§bSummer Sloth §r§ein the §r§aHub!
17:34:09 [allowed] §cYou are sending commands too fast! Please slow down.
17:34:10 [allowed] §6§lBONUS! §r§bTemporarily earn §r§a5% §r§bmore skill experience!
17:34:10 [allowed] §eLatest update: §bSkyBlock v0.20.5 §e§lCLICK
17:34:20 [allowed] §cThere are blocks in the way!
17:34:20 [allowed] §cThere are blocks in the way!
17:34:21 [allowed] §cThere are blocks in the way!
17:34:23 [allowed] §cThere are blocks in the way!
17:34:24 [allowed] §cThere are blocks in the way!
17:34:25 [allowed] §cThere are blocks in the way!
17:34:26 [allowed] §cThere are blocks in the way!
17:34:42 [allowed] §aYou received §r§6217,656 coins§r§a!
17:34:44 [allowed] §aYou received §r§6217,845 coins§r§a!
17:34:46 [allowed] §aYou received §r§6218,254.5 coins§r§a!
17:34:47 [allowed] §aYou received §r§6217,876.5 coins§r§a!
17:34:48 [allowed] §aYou received §r§6218,223 coins§r§a!
17:34:49 [allowed] §aYou received §r§6218,128.5 coins§r§a!
17:34:51 [allowed] §aYou received §r§6218,380.5 coins§r§a!
17:34:52 [allowed] §aYou received §r§6218,412 coins§r§a!
17:34:53 [allowed] §aYou received §r§6217,624.5 coins§r§a!
17:34:54 [allowed] §aYou received §r§6217,561.5 coins§r§a!
17:34:55 [allowed] §aYou received §r§6217,246.5 coins§r§a!
17:34:57 [allowed] §aYou received §r§6215,829 coins§r§a!
17:34:58 [allowed] §aYou received §r§6216,648 coins§r§a!
17:35:00 [allowed] §aYou received §r§6215,955 coins§r§a!
17:35:01 [allowed] §aYou received §r§6215,766 coins§r§a!
17:35:02 [allowed] §aYou received §r§6215,545.5 coins§r§a!
17:35:03 [allowed] §aYou received §r§6223,096.5 coins§r§a!
17:35:05 [allowed] §aYou received §r§6215,136 coins§r§a!
17:35:06 [allowed] §aYou received §r§6215,010 coins§r§a!
17:35:07 [allowed] §a§r§6Mining Speed Boost §r§ais now available!
17:35:08 [allowed] §aYou received §r§6214,222.5 coins§r§a!
17:35:09 [allowed] §aYou received §r§6214,884 coins§r§a!
17:35:11 [allowed] §aYou received §r§6215,010 coins§r§a!
17:35:13 [allowed] §aYou received §r§6215,230.5 coins§r§a!
17:35:14 [allowed] §aYou received §r§6215,419.5 coins§r§a!
17:35:18 [allowed] §8Depositing coins...
17:35:18 [allowed] §aDeposited §r§65.6M coins§r§a! There's now §r§6395M coins §r§ain the account!
17:35:26 [allowed] §eYou haven't claimed your §r§6Summer Rewards §r§eyet!
17:35:26 [allowed] §eTalk to the §r§bSummer Sloth §r§ein the §r§aHub!
17:35:28 [allowed] §cYou are sending commands too fast! Please slow down.
17:35:35 [allowed] §cThere are blocks in the way!
17:35:45 [allowed] §cThere are blocks in the way!
17:35:54 [allowed] §8Withdrawing coins...
17:35:54 [allowed] §aWithdrew §r§615M coins§r§a! There's now §r§6380M coins §r§aleft in the account!
17:35:56 [allowed] §8Depositing coins...
17:35:56 [allowed] §aDeposited §r§615M coins§r§a! There's now §r§6395M coins §r§ain the account!
17:36:03 [allowed] §8Withdrawing coins...
17:36:03 [allowed] §aWithdrew §r§615M coins§r§a! There's now §r§6380M coins §r§aleft in the account!
17:36:08 [allowed] §8Depositing coins...
17:36:08 [allowed] §aYou have deposited §r§615M coins§r§a! You now have §r§625M coins §r§ain your account!
17:36:26 [allowed] §a§r§6Mining Speed Boost §r§ais now available!
17:37:25 [allowed] §cThere are blocks in the way!
17:37:40 [allowed] §cThere are blocks in the way!
17:40:51 [allowed] §d§lHOPPITY'S HUNT §r§dA §r§6Chocolate Breakfast Egg §r§dhas appeared!
