23:27:33 §7Sending to server mini65T...
23:27:55 §7Warping...
23:31:16 §7Warping...
23:40:01 §7Warping...
23:46:29 §7Warping...
23:48:01 §7Sending to server mini247S...
23:55:13 §7Sending to server mini29AQ...
23:57:08 §7Warping...
23:57:09 §7Sending to server mini69AS...
23:59:13 §7Warping you to your SkyBlock island...
23:59:14 §7Sending to server mini63DK...
23:59:18 §7Warping...
23:59:18 §7Sending to server mini255A...
00:12:18 §7Warping...
00:12:18 §7Sending to server mini2AK...
00:12:20 §7Warping...
00:12:23 §7Warping...
00:12:23 §7Sending to server mini255A...
00:12:28 §7Warping you to your SkyBlock island...
00:12:28 §7Sending to server mini196N...
00:12:31 §7Warping...
00:12:34 §7Warping...
00:12:34 §7Sending to server mini69AS...
00:20:45 §7Warping...
00:20:45 §7Sending to server mini75BE...
00:26:54 §7Warping...
00:29:35 §7Warping...
00:33:07 §7Sending to server mini1026T...
00:39:56 §7Sending to server mini65T...
00:46:18 §7Warping...
00:46:18 §7Sending to server mini181BA...
00:46:29 §7Warping...
00:46:29 §7Sending to server mini197J...
00:50:10 §7Sending to server mini197J...
01:17:19 §7Sending to server mini197J...
01:18:58 §7Warping...
01:19:31 §7Warping...
01:19:31 §7Sending to server mini69AP...
01:19:46 §7Sending to server mini237B...
01:22:10 §7Warping you to your SkyBlock island...
01:22:11 §7Sending to server mini66AA...
01:22:12 §7Warping...
01:22:16 §7Warping...
01:22:16 §7Sending to server mini97DM...
01:22:43 §7Sending to server mini40DT...
01:24:04 §7Warping...
01:24:04 §7Sending to server mini238V...
01:24:15 §7Sending to server mini197D...
01:25:28 §7Warping...
01:25:28 §7Sending to server mini238V...
01:25:35 §7Sending to server mini84BH...
01:27:17 §7Warping...
01:27:17 §7Sending to server mini20AF...
01:27:57 §7Sending to server mini24BK...
01:30:27 §7Warping...
01:30:27 §7Sending to server mini19DM...
01:31:20 §7Sending to server mini84DW...
01:31:30 §7Sending to server mini68BH...
01:32:40 §7Sending to server mini68BH...
01:32:50 §7Warping...
01:32:50 §7Sending to server mini79AK...
01:33:11 §7Sending to server mini16B...
01:34:20 §7Warping...
01:34:20 §7Sending to server mini185R...
01:35:14 §7Sending to server mini151CK...
01:36:59 §7Warping...
01:36:59 §7Sending to server mini25V...
01:37:55 §7Sending to server mini194C...
01:39:33 §7Warping...
01:39:34 §7Sending to server mini158AN...
01:39:55 §7Sending to server mini263B...
01:40:53 §7Warping...
01:40:53 §7Sending to server mini160AT...
01:41:16 §7Sending to server mini152AE...
01:42:47 §7Warping...
01:42:48 §7Sending to server mini258A...
01:42:56 §7Sending to server mini152AH...
01:44:25 §7Warping...
01:44:25 §7Sending to server mini141N...
01:44:39 §7Sending to server mini16H...
01:46:36 §7Warping...
01:46:36 §7Sending to server mini84CD...
01:47:15 §7Sending to server mini1005B...
01:48:37 §7Warping...
01:48:37 §7Sending to server mini160AT...
01:48:46 §7Sending to server mini4M...
01:50:02 §7Warping...
01:50:02 §7Sending to server mini160E...
01:50:11 §7Sending to server mini92DA...
01:51:27 §7Warping...
01:51:27 §7Sending to server mini258A...
01:51:50 §7Sending to server mini14DM...
01:52:57 §7Warping...
01:52:57 §7Sending to server mini154CN...
01:53:10 §7Sending to server mini186BG...
01:54:44 §7Warping...
01:54:44 §7Sending to server mini7AT...
01:55:29 §7Sending to server mini83BU...
01:56:55 §7Warping...
01:56:55 §7Sending to server mini84CD...
01:57:04 §7Sending to server mini247G...
01:58:20 §7Warping...
01:58:21 §7Sending to server mini90V...
01:59:18 §7Sending to server mini72AD...
02:00:38 §7Warping...
02:00:38 §7Sending to server mini95BM...
02:00:46 §7Sending to server mini4M...
02:02:17 §7Warping...
02:02:17 §7Sending to server mini30E...
02:02:50 §7Sending to server mini193DE...
02:04:11 §7Warping...
02:04:12 §7Sending to server mini95DR...
02:04:19 §7Sending to server mini1006K...
02:05:31 §7Warping...
02:05:31 §7Sending to server mini149AB...
02:06:00 §7Sending to server mini84BH...
02:07:31 §7Warping...
02:07:31 §7Sending to server mini30E...
02:07:43 §7Sending to server mini188BT...
02:08:52 §7Warping...
02:08:52 §7Sending to server mini185R...
02:09:00 §7Sending to server mini184BM...
02:10:18 §7Warping...
02:10:19 §7Sending to server mini84DW...
02:10:32 §7Sending to server mini204C...
02:12:24 §7Warping...
02:12:24 §7Sending to server mini258A...
02:15:32 §7Warping...
02:15:38 §7Sending to server mini99Q...
02:17:23 §7Warping...
02:17:23 §7Sending to server mini97DM...
02:17:31 §7Sending to server mini64AD...
02:19:15 §7Warping...
02:19:15 §7Sending to server mini72DT...
02:19:42 §7Sending to server mini99Q...
02:22:07 §7Warping...
02:22:08 §7Sending to server mini160AT...
02:29:00 §7Sending to server mini76BC...
02:30:14 §7Warping...
02:30:14 §7Sending to server mini9AQ...
02:30:30 §7Sending to server mini151BS...
02:31:57 §7Warping...
02:31:57 §7Sending to server mini187CK...
02:32:20 §7Warping...
02:32:21 §7Sending to server mega39A...
02:32:36 §7Warping...
02:32:36 §7Sending to server mini99BP...
02:32:49 §7Sending to server mini227W...
02:34:13 §7Warping...
02:34:13 §7Sending to server mini99BP...
02:34:30 §7Sending to server mini189CV...
02:35:47 §7Warping...
02:35:47 §7Sending to server mini25V...
02:36:07 §7Sending to server mini62AU...
02:37:32 §7Warping...
02:37:33 §7Sending to server mini77BV...
02:37:44 §7Sending to server mini95E...
02:38:50 §7Warping...
02:38:50 §7Sending to server mini192DP...
02:39:05 §7Sending to server mini160AN...
02:40:54 §7Warping...
02:40:54 §7Sending to server mini9AQ...
02:41:22 §7Sending to server mini100BS...
02:43:17 §7Warping...
02:43:17 §7Sending to server mini4DJ...
02:43:32 §7Sending to server mini16B...
02:44:54 §7Warping...
02:44:54 §7Sending to server mini9AQ...
02:45:27 §7Sending to server mini1027F...
02:46:22 §7Warping...
02:46:23 §7Sending to server mini95DR...
02:46:37 §7Sending to server mini143BM...
02:47:58 §7Warping...
02:47:58 §7Sending to server mini4DJ...
02:48:07 §7Sending to server mini197AF...
02:49:45 §7Warping...
02:49:45 §7Sending to server mini238V...
02:50:03 §7Sending to server mini1013D...
02:51:21 §7Warping...
02:51:21 §7Sending to server mini92BP...
02:51:44 §7Sending to server mini216N...
02:52:51 §7Warping...
02:52:51 §7Sending to server mini187CK...
02:53:34 §7Sending to server mini189AE...
02:54:45 §7Warping...
02:54:46 §7Sending to server mini158AN...
02:54:54 §7Sending to server mini195CD...
02:56:08 §7Warping...
02:56:08 §7Sending to server mini77BV...
02:56:16 §7Sending to server mini150BW...
02:57:39 §7Warping...
02:57:39 §7Sending to server mini184AR...
02:58:27 §7Sending to server mini26BM...
02:59:55 §7Warping...
02:59:55 §7Sending to server mini98DT...
03:00:19 §7Sending to server mini186BG...
03:01:44 §7Warping...
03:01:44 §7Sending to server mini148DT...
03:01:51 §7Sending to server mini24E...
03:03:07 §7Warping...
03:03:07 §7Sending to server mini184BW...
03:03:14 §7Sending to server mini184D...
03:04:34 §7Warping...
03:04:34 §7Sending to server mini92BP...
03:04:51 §7Sending to server mini200CA...
03:06:06 §7Warping...
03:06:06 §7Sending to server mini149AB...
03:06:42 §7Sending to server mini157DN...
03:08:01 §7Warping...
03:08:01 §7Sending to server mini38BU...
03:08:24 §7Sending to server mini14DM...
03:09:57 §7Warping...
03:09:57 §7Sending to server mini185R...
03:10:18 §7Sending to server mini149CJ...
03:11:38 §7Warping...
03:11:38 §7Sending to server mini20AF...
03:11:46 §7Sending to server mini156AH...
03:12:56 §7Warping...
03:12:56 §7Sending to server mini95DR...
03:13:09 §7Sending to server mini187BQ...
03:14:47 §7Warping...
03:14:47 §7Sending to server mini92BP...
03:14:56 §7Sending to server mini197DT...
03:16:47 §7Warping...
03:16:48 §7Sending to server mini158AN...
03:17:30 §7Sending to server mini16B...
03:18:31 §7Warping...
03:18:31 §7Sending to server mini30E...
03:18:39 §7Sending to server mini152CQ...
03:19:39 §7Warping...
03:19:40 §7Sending to server mini27CH...
03:19:47 §7Sending to server mini157DN...
03:21:23 §7Warping...
03:21:23 §7Sending to server mini38BU...
03:21:40 §7Sending to server mini1021B...
03:23:09 §7Warping...
03:23:09 §7Sending to server mini184AR...
03:23:30 §7Warping...
03:23:30 §7Sending to server mini1007U...
03:25:05 §7Sending to server mini151S...
03:25:08 §7Finding player...
03:25:09 §7Sending a visit request...
03:25:09 §7Sending to server mini149K...
03:25:14 §7Sending to server mini100CK...
03:25:21 §7Warping you to your SkyBlock island...
03:25:23 §7Warping you to your SkyBlock island...
03:25:25 §7Warping...
03:25:25 §7Sending to server mini16DP...
03:26:32 §7Warping you to your SkyBlock island...
03:26:32 §7Sending to server mini38DM...
03:26:43 §7Sending to server mini1008R...
03:27:09 §7Sending to server mini24CG...
03:27:15 §7Warping you to your SkyBlock island...
03:27:15 §7Sending to server mini87B...
03:28:14 §7Warping...
03:28:14 §7Sending to server mini253H...
03:32:07 §7Sending to server mini2BR...
03:32:10 §7Sending to server mini84CT...
03:32:17 §7Finding player...
03:32:18 §7Sending a visit request...
03:32:18 §7Sending to server mini149K...
03:32:24 §7Sending to server mini242K...
03:32:36 §7Warping you to your SkyBlock island...
03:32:36 §7Sending to server mini184DA...
