13:04:05 §bNew day! §r§eYour §r§2Sky Mall §r§ebuff changed!
13:04:05 §eNew buff§r§r§r: §r§fReduce Pickaxe Ability cooldown by §r§a20%§r§f.
13:04:05 §8§oYou can disable this messaging by toggling Sky Mall in your /hotm!
13:15:00 §bNew day! §r§eYour §r§2Sky Mall §r§ebuff changed!
13:15:00 §eNew buff§r§r§r: §r§fGain §r§a+50 §r§6☘ Mining Fortune§r§f.
13:15:00 §8§oYou can disable this messaging by toggling Sky Mall in your /hotm!
13:35:01 §bNew day! §r§eYour §r§2Sky Mall §r§ebuff changed!
13:35:01 §eNew buff§r§r§r: §r§fReduce Pickaxe Ability cooldown by §r§a20%§r§f.
13:35:01 §8§oYou can disable this messaging by toggling Sky Mall in your /hotm!
13:55:02 §bNew day! §r§eYour §r§2Sky Mall §r§ebuff changed!
13:55:02 §eNew buff§r§r§r: §r§fGain §r§a+15% §r§fmore Powder while mining.
13:55:02 §8§oYou can disable this messaging by toggling Sky Mall in your /hotm!
14:15:01 §bNew day! §r§eYour §r§2Sky Mall §r§ebuff changed!
14:15:01 §eNew buff§r§r§r: §r§fGain §r§a+15% §r§fmore Powder while mining.
14:15:01 §8§oYou can disable this messaging by toggling Sky Mall in your /hotm!
14:35:01 §bNew day! §r§eYour §r§2Sky Mall §r§ebuff changed!
14:35:01 §eNew buff§r§r§r: §r§fReduce Pickaxe Ability cooldown by §r§a20%§r§f.
14:35:01 §8§oYou can disable this messaging by toggling Sky Mall in your /hotm!
14:55:01 §bNew day! §r§eYour §r§2Sky Mall §r§ebuff changed!
14:55:01 §eNew buff§r§r§r: §r§f§r§a10x §r§fchance to find Golden and Diamond Goblins.
14:55:01 §8§oYou can disable this messaging by toggling Sky Mall in your /hotm!
15:15:02 §bNew day! §r§eYour §r§2Sky Mall §r§ebuff changed!
15:15:02 §eNew buff§r§r§r: §r§fReduce Pickaxe Ability cooldown by §r§a20%§r§f.
15:15:02 §8§oYou can disable this messaging by toggling Sky Mall in your /hotm!
15:35:08 §bNew day! §r§eYour §r§2Sky Mall §r§ebuff changed!
15:35:08 §eNew buff§r§r§r: §r§fReduce Pickaxe Ability cooldown by §r§a20%§r§f.
15:35:08 §8§oYou can disable this messaging by toggling Sky Mall in your /hotm!
15:55:01 §bNew day! §r§eYour §r§2Sky Mall §r§ebuff changed!
15:55:01 §eNew buff§r§r§r: §r§fGain §r§a+100 §r§6⸕ Mining Speed§r§f.
15:55:01 §8§oYou can disable this messaging by toggling Sky Mall in your /hotm!
16:15:02 §bNew day! §r§eYour §r§2Sky Mall §r§ebuff changed!
16:15:02 §eNew buff§r§r§r: §r§fGain §r§a+15% §r§fmore Powder while mining.
16:15:02 §8§oYou can disable this messaging by toggling Sky Mall in your /hotm!
16:35:01 §bNew day! §r§eYour §r§2Sky Mall §r§ebuff changed!
16:35:01 §eNew buff§r§r§r: §r§fReduce Pickaxe Ability cooldown by §r§a20%§r§f.
16:35:01 §8§oYou can disable this messaging by toggling Sky Mall in your /hotm!
