23:07:37 §f                                  §6§lBESTIARY
23:07:37 §f                         §b§lGaia Construct §7§8X §8➡§b §bXI
23:07:37 
23:07:37 §f                                  §r§6§lREWARDS
23:07:37 §f                     §r§8+§r§a4 Gaia Construct §r§b✯ Magic Find
23:07:37 §f                     §r§8+§r§a4 Gaia Construct §r§c❁ Strength
23:07:37 §f                         §r§8+§r§62% §r§aGaia Construct §r§7coins
23:07:37 §f                    §r§8+§r§a50% §r§7chance for extra XP orbs
23:07:37 §f                               §r§8+§r§b1 SkyBlock XP
23:07:37 
23:07:37 §3§l▬▬▬▬▬▬▬▬▬▬▬▬▬▬▬▬▬▬▬▬▬▬▬▬▬▬▬▬▬▬▬▬▬▬▬▬▬▬▬▬▬▬▬▬▬▬▬▬▬▬▬▬▬▬▬▬▬▬▬▬▬▬▬▬
23:23:15 §f                                  §6§lBESTIARY
23:23:15 §f                         §b§lSiamese Lynx §7§8XI §8➡§b §bXII
23:23:15 
23:23:15 §f                                  §r§6§lREWARDS
23:23:15 §f                      §r§8+§r§a4 §r§2Siamese Lynx §r§b✯ Magic Find
23:23:15 §f                      §r§8+§r§a4 §r§2Siamese Lynx §r§c❁ Strength
23:23:15 §f                          §r§8+§r§62% §r§a§r§2Siamese Lynx §r§7coins
23:23:15 §f                    §r§8+§r§a50% §r§7chance for extra XP orbs
23:23:15 §f                               §r§8+§r§b1 SkyBlock XP
23:23:15 
23:23:15 §3§l▬▬▬▬▬▬▬▬▬▬▬▬▬▬▬▬▬▬▬▬▬▬▬▬▬▬▬▬▬▬▬▬▬▬▬▬▬▬▬▬▬▬▬▬▬▬▬▬▬▬▬▬▬▬▬▬▬▬▬▬▬▬▬▬
