22:47:00 NONE
22:47:00 PRIVATE_ISLAND
22:50:00 NONE
22:50:00 DUNGEON_HUB
22:51:32 NONE
22:51:33 HUB
22:51:42 NONE
22:51:42 THE_RIFT
22:54:46 HUB
22:57:26 NONE
22:57:27 THE_RIFT
23:25:04 NONE
23:25:05 HUB
23:25:13 NONE
23:25:13 THE_RIFT
23:49:21 NONE
23:49:22 HUB
23:54:57 NONE
23:54:57 PRIVATE_ISLAND
23:57:44 NONE
23:57:44 HUB
23:58:25 NONE
23:58:26 PRIVATE_ISLAND
00:02:49 NONE
00:02:50 HUB
00:11:04 NONE
00:11:04 PRIVATE_ISLAND
00:15:28 NONE
00:15:28 THE_END
00:15:39 NONE
00:15:40 DWARVEN_MINES
00:29:29 NONE
00:29:31 HUB
00:29:46 DWARVEN_MINES
