22:59:42 [EMPTY] §f §r§r§r§f §r§r§r§1 §r§r§r§0 §r§r§r§2 §r§r§r§f §r§r§r§f §r§r§r§2 §r§r§r§0 §r§r§r§4 §r§r§r§3 §r§r§r§9 §r§r§r§2 §r§r§r§0 §r§r§r§0 §r§r§r§3 §r§r§r§9 §r§r§r§2 §r§r§r§0 §r§r§r§0 §r§r§r§3 §r§r§r§9 §r§r§r§2 §r§r§r§0 §r§r§r§0 
22:59:42 [LOBBY] §b[MVP§f+§b] Sebbebas§f §6joined the lobby!
22:59:49 [LOBBY] §b[MVP§9+§b] mibt§f §6joined the lobby!
22:59:51 [LOBBY] §b[MVP§c+§b] rocket84463§f §6joined the lobby!
22:59:57 [WARPING] §7Sending to server mini190CN...
22:59:58 [EMPTY] §8 §r§8 §r§1 §r§3 §r§3 §r§7 §r§8 
23:00:00 [EMPTY] 
23:00:00 [WELCOME] §eWelcome to §r§aHypixel SkyBlock§r§e!
23:00:00 [EMPTY] 
23:00:01 [PROFILE_JOIN] §aYou are playing on profile: §eBanana§b (Co-op)
23:00:01 [PROFILE_JOIN] §8Profile ID: b1a71305-1956-42bf-90e4-bce6f7285754
23:00:28 [WARPING] §7Warping...
23:01:23 [WARPING] §7Sending to server mini196BC...
23:01:24 [EMPTY] §8 §r§8 §r§1 §r§3 §r§3 §r§7 §r§8 
23:01:27 [PROFILE_JOIN] §aYou are playing on profile: §eBanana§b (Co-op)
23:01:27 [PROFILE_JOIN] §8Profile ID: b1a71305-1956-42bf-90e4-bce6f7285754
23:01:52 [EMPTY]  
23:01:52 [BESTIARY] §f                                  §6§lBESTIARY
23:01:52 [BESTIARY] §f                         §b§lGlacite Caver §7§8III §8➡§b §bIV
23:01:52 [BESTIARY] 
23:01:52 [BESTIARY] §f                                  §r§6§lREWARDS
23:01:52 [BESTIARY] §f                      §r§8+§r§a2 Glacite Caver §r§b✯ Magic Find
23:01:52 [BESTIARY] §f                      §r§8+§r§a2 Glacite Caver §r§c❁ Strength
23:01:52 [BESTIARY] §f                          §r§8+§r§62% §r§aGlacite Caver §r§7coins
23:01:52 [BESTIARY] §f                    §r§8+§r§a50% §r§7chance for extra XP orbs
23:01:52 [BESTIARY] §f                               §r§8+§r§b1 SkyBlock XP
23:01:52 [BESTIARY] 
23:01:52 [BESTIARY] §3§l▬▬▬▬▬▬▬▬▬▬▬▬▬▬▬▬▬▬▬▬▬▬▬▬▬▬▬▬▬▬▬▬▬▬▬▬▬▬▬▬▬▬▬▬▬▬▬▬▬▬▬▬▬▬▬▬▬▬▬▬▬▬▬▬
23:02:38 [EMPTY]  
23:02:38 [BESTIARY] §f                                  §6§lBESTIARY
23:02:38 [BESTIARY] §f                           §b§lGlacite Mutt §7§8IV §8➡§b §bV
23:02:38 [BESTIARY] 
23:02:38 [BESTIARY] §f                                  §r§6§lREWARDS
23:02:38 [BESTIARY] §f                       §r§8+§r§a2 Glacite Mutt §r§b✯ Magic Find
23:02:38 [BESTIARY] §f                        §r§8+§r§a2 Glacite Mutt §r§c❁ Strength
23:02:38 [BESTIARY] §f                           §r§8+§r§62% §r§aGlacite Mutt §r§7coins
23:02:38 [BESTIARY] §f                    §r§8+§r§a50% §r§7chance for extra XP orbs
23:02:38 [BESTIARY] §f                               §r§8+§r§b1 SkyBlock XP
23:02:38 [BESTIARY] 
23:02:38 [BESTIARY] §3§l▬▬▬▬▬▬▬▬▬▬▬▬▬▬▬▬▬▬▬▬▬▬▬▬▬▬▬▬▬▬▬▬▬▬▬▬▬▬▬▬▬▬▬▬▬▬▬▬▬▬▬▬▬▬▬▬▬▬▬▬▬▬▬▬
23:02:45 [EMPTY] 
23:06:24 [GUILD_EXP] §aYou earned §r§2448 GEXP §r§a+ §r§e1,344 Event EXP §r§afrom playing SkyBlock!
23:07:26 [WARPING] §7Sending to server mini25CV...
23:07:26 [EMPTY] §8 §r§8 §r§1 §r§3 §r§3 §r§7 §r§8 
23:07:30 [PROFILE_JOIN] §aYou are playing on profile: §eBanana§b (Co-op)
23:07:30 [PROFILE_JOIN] §8Profile ID: b1a71305-1956-42bf-90e4-bce6f7285754
23:07:37 [WARPING] §7Warping...
23:08:50 [EMPTY] 
23:08:51 [EMPTY]  
23:08:51 [EMPTY]  
23:08:52 [EMPTY]  
23:10:35 [EMPTY] 
23:11:52 [WARPING] §7Sending to server mini77CU...
23:11:53 [EMPTY] §8 §r§8 §r§1 §r§3 §r§3 §r§7 §r§8 
23:11:55 [PROFILE_JOIN] §aYou are playing on profile: §eBanana§b (Co-op)
23:11:55 [PROFILE_JOIN] §8Profile ID: b1a71305-1956-42bf-90e4-bce6f7285754
23:12:01 [EMPTY]  
23:12:01 [BESTIARY] §f                                  §6§lBESTIARY
23:12:01 [BESTIARY] §f                          §b§lGlacite Caver §7§8IV §8➡§b §bV
23:12:01 [BESTIARY] 
23:12:01 [BESTIARY] §f                                  §r§6§lREWARDS
23:12:01 [BESTIARY] §f                      §r§8+§r§a2 Glacite Caver §r§b✯ Magic Find
23:12:01 [BESTIARY] §f                      §r§8+§r§a2 Glacite Caver §r§c❁ Strength
23:12:01 [BESTIARY] §f                          §r§8+§r§62% §r§aGlacite Caver §r§7coins
23:12:01 [BESTIARY] §f                    §r§8+§r§a50% §r§7chance for extra XP orbs
23:12:01 [BESTIARY] §f                               §r§8+§r§b1 SkyBlock XP
23:12:01 [BESTIARY] 
23:12:01 [BESTIARY] §3§l▬▬▬▬▬▬▬▬▬▬▬▬▬▬▬▬▬▬▬▬▬▬▬▬▬▬▬▬▬▬▬▬▬▬▬▬▬▬▬▬▬▬▬▬▬▬▬▬▬▬▬▬▬▬▬▬▬▬▬▬▬▬▬▬
23:12:25 [EMPTY] 
23:13:28 [EMPTY] 
23:13:46 [EMPTY]  
23:13:46 [BESTIARY] §f                                  §6§lBESTIARY
23:13:46 [BESTIARY] §f                          §b§lGlacite Caver §7§8V §8➡§b §bVI
23:13:46 [BESTIARY] 
23:13:46 [BESTIARY] §f                                  §r§6§lREWARDS
23:13:46 [BESTIARY] §f                      §r§8+§r§a3 Glacite Caver §r§b✯ Magic Find
23:13:46 [BESTIARY] §f                      §r§8+§r§a3 Glacite Caver §r§c❁ Strength
23:13:46 [BESTIARY] §f                          §r§8+§r§62% §r§aGlacite Caver §r§7coins
23:13:46 [BESTIARY] §f                    §r§8+§r§a50% §r§7chance for extra XP orbs
23:13:46 [BESTIARY] §f                               §r§8+§r§b1 SkyBlock XP
23:13:46 [BESTIARY] 
23:13:46 [BESTIARY] §3§l▬▬▬▬▬▬▬▬▬▬▬▬▬▬▬▬▬▬▬▬▬▬▬▬▬▬▬▬▬▬▬▬▬▬▬▬▬▬▬▬▬▬▬▬▬▬▬▬▬▬▬▬▬▬▬▬▬▬▬▬▬▬▬▬
23:13:55 [EMPTY]  
23:13:55 [BESTIARY] §f                                  §6§lBESTIARY
23:13:55 [BESTIARY] §f                          §b§lGlacite Mage §7§8IV §8➡§b §bV
23:13:55 [BESTIARY] 
23:13:55 [BESTIARY] §f                                  §r§6§lREWARDS
23:13:55 [BESTIARY] §f                      §r§8+§r§a2 Glacite Mage §r§b✯ Magic Find
23:13:55 [BESTIARY] §f                       §r§8+§r§a2 Glacite Mage §r§c❁ Strength
23:13:55 [BESTIARY] §f                          §r§8+§r§62% §r§aGlacite Mage §r§7coins
23:13:55 [BESTIARY] §f                    §r§8+§r§a50% §r§7chance for extra XP orbs
23:13:55 [BESTIARY] §f                               §r§8+§r§b1 SkyBlock XP
23:13:55 [BESTIARY] 
23:13:55 [BESTIARY] §3§l▬▬▬▬▬▬▬▬▬▬▬▬▬▬▬▬▬▬▬▬▬▬▬▬▬▬▬▬▬▬▬▬▬▬▬▬▬▬▬▬▬▬▬▬▬▬▬▬▬▬▬▬▬▬▬▬▬▬▬▬▬▬▬▬
23:16:53 [GUILD_EXP] §aYou earned §r§2593 GEXP §r§a+ §r§e1,779 Event EXP §r§afrom playing SkyBlock!
23:18:36 [WARPING] §7Sending to server mini72V...
23:18:37 [EMPTY] §8 §r§8 §r§1 §r§3 §r§3 §r§7 §r§8 
23:18:40 [PROFILE_JOIN] §aYou are playing on profile: §eBanana§b (Co-op)
23:18:40 [PROFILE_JOIN] §8Profile ID: b1a71305-1956-42bf-90e4-bce6f7285754
23:19:56 [WARPING] §7Warping...
23:21:11 [GUILD_EXP] §aYou earned §r§2208 GEXP §r§a+ §r§e624 Event EXP §r§afrom playing SkyBlock!
23:26:15 [GUILD_EXP] §aYou earned §r§2556 GEXP §r§a+ §r§e1,668 Event EXP §r§afrom playing SkyBlock!
23:26:25 [EMPTY] 
23:27:45 [WARPING] §7Warping...
23:30:10 [WARPING] §7Warping...
23:31:16 [EMPTY] §f                                        
23:31:16 [EMPTY] §f                                        
23:31:18 [GUILD_EXP] §aYou earned §r§2733 GEXP §r§a+ §r§e2,199 Event EXP §r§afrom playing SkyBlock!
23:36:02 [WARPING] §7Warping...
23:36:22 [GUILD_EXP] §aYou earned §r§2561 GEXP §r§a+ §r§e1,683 Event EXP §r§afrom playing SkyBlock!
23:40:50 [WARPING] §7Sending to server mini196BV...
23:40:57 [EMPTY] §f §r§r§r§f §r§r§r§1 §r§r§r§0 §r§r§r§2 §r§r§r§f §r§r§r§f §r§r§r§2 §r§r§r§0 §r§r§r§4 §r§r§r§3 §r§r§r§9 §r§r§r§2 §r§r§r§0 §r§r§r§0 §r§r§r§3 §r§r§r§9 §r§r§r§2 §r§r§r§0 §r§r§r§0 §r§r§r§3 §r§r§r§9 §r§r§r§2 §r§r§r§0 §r§r§r§0 
23:40:57 [LOBBY] §b[MVP§f+§b] Sebbebas§f §6joined the lobby!
23:40:57 [LOBBY] §b[MVP§c+§b] selgiero§f §6joined the lobby!
23:40:58 [LOBBY] §b[MVP§0+§b] alyssaloaf§f §6joined the lobby!
23:40:58 [LOBBY] §b[MVP§d+§b] Sillycat444§f §6joined the lobby!
23:41:00 [LOBBY]   §r§f§l➤ §r§6You have reached your Hype limit! Add Hype to Prototype Lobby minigames by right-clicking with the Hype Diamond!
23:41:00 [LOBBY] §b[MVP§9+§b] Isabella_019§f §6joined the lobby!
23:41:01 [WARPING] §7Sending to server mini72V...
23:41:01 [EMPTY] §8 §r§8 §r§1 §r§3 §r§3 §r§7 §r§8 
23:41:03 [EMPTY] 
23:41:03 [WELCOME] §eWelcome to §r§aHypixel SkyBlock§r§e!
23:41:03 [EMPTY] 
23:41:04 [PROFILE_JOIN] §aYou are playing on profile: §eBanana§b (Co-op)
23:41:04 [PROFILE_JOIN] §8Profile ID: b1a71305-1956-42bf-90e4-bce6f7285754
