22:59:43 §e[SkyHanni] Looks like you updated SkyHanni. Click here to configure the newly introduced options, or run /shdefaultoptions 0.26.Beta.20 0.26.Beta.21.§r
23:01:40 §e[SkyHanni] §b+1 SkyBlock XP §7(HOTM Progression§7)§b (90/100)§r
23:01:52 §6§lBESTIARY §r§b§lGlacite Caver §7§8III §8➡§b §bIV§r
23:01:52 §e[SkyHanni] §b+1 SkyBlock XP §7(HOTM Progression§7)§b (91/100)§r
23:02:38 §6§lBESTIARY §r§b§lGlacite Mutt §7§8IV §8➡§b §bV§r
23:02:38 §e[SkyHanni] §b+1 SkyBlock XP §7(HOTM Progression§7)§b (92/100)§r
23:02:45 §e[SkyHanni] Profit for §9Lapis Corpse§e: §662k§r
23:07:26 §e[SkyHanni] §b+2 SkyBlock XP §7(HOTM Progression§7)§b (95/100)§r
23:07:26 §e[SkyHanni] You have gained §b56 §eBits.§r
23:08:50 §e[SkyHanni] You have gained §b7 §eBits.§r
23:09:27 §e[SkyHanni] §lCLICK HERE§r§e to grab §ax126 §9§9Enchanted Tungsten§e from sacks!§r
23:09:47 §e[SkyHanni] §eTo edit hidden GUI elements:
 §7- §e1. Set a key in /sh edit.
 §7- §e2. Click that key while the GUI element is visible.§r
23:12:01 §6§lBESTIARY §r§b§lGlacite Caver §7§8IV §8➡§b §bV§r
23:12:25 §e[SkyHanni] Profit for §9Lapis Corpse§e: §694k§r
23:12:25 §e[SkyHanni] §b+1 SkyBlock XP §7(HOTM Progression§7)§b (27/100)§r
23:13:28 §e[SkyHanni] Profit for §9Lapis Corpse§e: §649k§r
23:13:46 §6§lBESTIARY §r§b§lGlacite Caver §7§8V §8➡§b §bVI§r
23:13:46 §e[SkyHanni] §b+1 SkyBlock XP §7(HOTM Progression§7)§b (28/100)§r
23:13:55 §6§lBESTIARY §r§b§lGlacite Mage §7§8IV §8➡§b §bV§r
23:13:56 §e[SkyHanni] §b+1 SkyBlock XP §7(HOTM Progression§7)§b (29/100)§r
23:18:38 §e[SkyHanni] You have gained §b28 §eBits.§r
23:19:52 §e[SkyHanni] You have gained §b7 §eBits.§r
23:22:56 §e[SkyHanni] You have gained §b7 §eBits.§r
23:23:43 §e[SkyHanni] You have gained §b7 §eBits.§r
23:26:51 §e[SkyHanni] You have gained §b7 §eBits.§r
23:27:32 §e[SkyHanni] You have gained §b7 §eBits.§r
23:28:59 §e[SkyHanni] You have gained §b7 §eBits.§r
23:30:00 §e[SkyHanni] You have gained §b7 §eBits.§r
23:30:42 §e[SkyHanni] §bNo Bits Available! §eClick to buy booster cookies on the bazaar.§r
23:30:42 §e[SkyHanni] You have gained §b196 §eBits.§r
