16:51:43 `0x8r627m31`253 missed {
 is already Found: false).
 Position: LorenzVec{x=-74.0, y=65.0, z=-50.0}
 DistanceC: 21.84073928729851
Relative Position: LorenzVec{x=-21.84073928729851, y=-6.890447453259966, z=-19.223940866784762}
 }
16:56:45 `suq4m8xei8`253 missed {
 is already Found: false).
 Position: LorenzVec{x=-74.0, y=65.0, z=-50.0}
 DistanceC: 23.230491470070504
Relative Position: LorenzVec{x=-23.230491470070504, y=-6.0, z=-20.488973141907877}
 }
16:57:54 `ยง7Villager`362 missed {
 is already Found: false).
 Position: LorenzVec{x=-11.3125, y=70.0, z=-95.6875}
 DistanceC: 22.165408596176185
Relative Position: LorenzVec{x=22.165408596176185, y=0.0, z=-20.98750001192093}
 }
16:58:21 `ยง7Villager`360 missed {
 is already Found: false).
 Position: LorenzVec{x=10.5, y=70.0, z=-41.5}
 DistanceC: 20.00743871586259
Relative Position: LorenzVec{x=15.477547935814748, y=-1.0, z=20.00743871586259}
 }
16:58:22 `iz21e2q254`408 missed {
 is already Found: false).
 Position: LorenzVec{x=7.0, y=70.0, z=-85.0}
 DistanceC: 23.49256128413741
Relative Position: LorenzVec{x=11.977547935814748, y=-1.0, z=-23.49256128413741}
 }
