22:06:24 [EMPTY] §f §r§r§r§f §r§r§r§1 §r§r§r§0 §r§r§r§2 §r§r§r§f §r§r§r§f §r§r§r§2 §r§r§r§0 §r§r§r§4 §r§r§r§3 §r§r§r§9 §r§r§r§2 §r§r§r§0 §r§r§r§0 §r§r§r§3 §r§r§r§9 §r§r§r§2 §r§r§r§0 §r§r§r§0 §r§r§r§3 §r§r§r§9 §r§r§r§2 §r§r§r§0 §r§r§r§0 
22:06:24 [LOBBY] §b[MVP§e+§b] Sebbebas§f §6joined the lobby!
22:06:26 [LOBBY] §b[MVP§3+§b] Kosheei§f §6joined the lobby!
22:06:37 [LOBBY] §b[MVP§c+§b] _4pm§f §6joined the lobby!
22:06:38 [LOBBY] §b[MVP§a+§b] xxxtenxtacion§f §6joined the lobby!
22:06:46 [LOBBY] §b[MVP§c+§b] Necromancer231§f §6joined the lobby!
22:06:52 [LOBBY] §b[MVP§2+§b] INEEDJOSHOCONNOR§f §6joined the lobby!
22:06:56 [LOBBY] §b[MVP§6+§b] kwri§f §6joined the lobby!
22:07:07 [LOBBY] §b[MVP§3+§b] qJacob§f §6joined the lobby!
22:07:13 [LOBBY] §b[MVP§e+§b] Mee0044§f §6joined the lobby!
22:07:13 [LOBBY]  §b>§c>§a>§r §r§6[MVP§9++§6] Nut123§f §6joined the lobby!§r §a<§c<§b<
22:07:26 [LOBBY] §b[MVP§d+§b] iluvmoldytoe§f §6joined the lobby!
22:07:26 [LOBBY]  §b>§c>§a>§r §r§6[MVP§0++§6] IslamicBean§f §6joined the lobby!§r §a<§c<§b<
22:07:28 [LOBBY] §b[MVP§9+§b] startingfires§f §6joined the lobby!
22:07:31 [LOBBY]  §b>§c>§a>§r §r§6[MVP§2++§6] Netpid§f §6joined the lobby!§r §a<§c<§b<
22:07:32 [LOBBY] §b[MVP§9+§b] xoctox§f §6joined the lobby!
22:07:34 [LOBBY] §b[MVP§2+§b] Drewsky§f §6joined the lobby!
22:07:35 [LOBBY] §b[MVP§c+§b] invee_§f §6joined the lobby!
22:07:39 [WARPING] §7Sending to server mini188AU...
22:07:39 [EMPTY] §8 §r§8 §r§1 §r§3 §r§3 §r§7 §r§8 
22:07:42 [EMPTY] 
22:07:42 [WELCOME] §eWelcome to §r§aHypixel SkyBlock§r§e!
22:07:42 [EMPTY] 
22:07:42 [PROFILE_JOIN] §aYou are playing on profile: §eBanana§b (Co-op)
22:07:42 [PROFILE_JOIN] §8Profile ID: b1a71305-1956-42bf-90e4-bce6f7285754
22:07:44 [SKYMALL] §eNew buff§r§r§r: §r§fGain §r§a+100 §r§6⸕ Mining Speed§r§f.
22:07:59 [WARPING] §7Warping...
22:08:00 [WARPING] §7Sending to server mini182BD...
22:08:00 [EMPTY] §8 §r§8 §r§1 §r§3 §r§3 §r§7 §r§8 
22:08:03 [PROFILE_JOIN] §aYou are playing on profile: §eBanana§b (Co-op)
22:08:03 [PROFILE_JOIN] §8Profile ID: b1a71305-1956-42bf-90e4-bce6f7285754
