19:30:04     §r§f✎ Rough Sapphire Gemstone §r§8x40
19:30:14     §r§f✎ Rough Sapphire Gemstone §r§8x32
19:30:14     §r§f✎ Rough Sapphire Gemstone §r§8x8
19:30:24     §r§f✎ Rough Sapphire Gemstone §r§8x48
19:30:29     §r§f✎ Rough Sapphire Gemstone §r§8x24
19:30:29     §r§f✎ Rough Sapphire Gemstone §r§8x56
19:30:32     §r§f✎ Rough Sapphire Gemstone §r§8x32
19:30:33     §r§f✎ Rough Sapphire Gemstone §r§8x8
19:30:46     §r§f✎ Rough Sapphire Gemstone §r§8x32
19:30:52     §r§f✎ Rough Sapphire Gemstone §r§8x16
19:30:55     §r§f❤ Rough Ruby Gemstone §r§8x24
19:30:55     §r§a✎ Flawed Sapphire Gemstone
19:30:59     §r§f✎ Rough Sapphire Gemstone §r§8x16
19:30:59     §r§a✎ Flawed Sapphire Gemstone
19:31:05     §r§f✎ Rough Sapphire Gemstone §r§8x8
19:31:05     §r§f❤ Rough Ruby Gemstone §r§8x40
19:31:06     §r§f✎ Rough Sapphire Gemstone §r§8x104
19:31:13     §r§f✎ Rough Sapphire Gemstone §r§8x64
19:31:26     §r§f✎ Rough Sapphire Gemstone §r§8x8
19:31:31     §r§f✎ Rough Sapphire Gemstone §r§8x8
19:32:04     §r§f✎ Rough Sapphire Gemstone §r§8x24
19:32:16     §r§f✎ Rough Sapphire Gemstone §r§8x56
19:32:17     §r§f✎ Rough Sapphire Gemstone §r§8x48
19:32:20     §r§f✎ Rough Sapphire Gemstone §r§8x104
19:32:20     §r§a✎ Flawed Sapphire Gemstone §r§8x2
19:32:20     §r§f✎ Rough Sapphire Gemstone §r§8x56
19:32:42     §r§f✎ Rough Sapphire Gemstone §r§8x40
19:32:43     §r§f✎ Rough Sapphire Gemstone §r§8x40
19:32:52     §r§f✎ Rough Sapphire Gemstone §r§8x48
19:33:22     §r§f✎ Rough Sapphire Gemstone §r§8x72
19:33:57     §r§f✎ Rough Sapphire Gemstone §r§8x72
19:33:57     §r§a✎ Flawed Sapphire Gemstone §r§8x2
19:34:03     §r§f✎ Rough Sapphire Gemstone §r§8x64
19:34:04     §r§f✎ Rough Sapphire Gemstone §r§8x8
19:34:10     §r§f✎ Rough Sapphire Gemstone §r§8x48
19:34:11     §r§f✎ Rough Sapphire Gemstone §r§8x32
19:34:11     §r§f❤ Rough Ruby Gemstone §r§8x32
19:34:25     §r§f✎ Rough Sapphire Gemstone §r§8x40
19:34:41     §r§f✎ Rough Sapphire Gemstone §r§8x64
19:34:49     §r§f✎ Rough Sapphire Gemstone §r§8x24
19:34:55     §r§f✎ Rough Sapphire Gemstone §r§8x16
19:34:58     §r§f✎ Rough Sapphire Gemstone §r§8x64
19:35:00     §r§f✎ Rough Sapphire Gemstone §r§8x24
19:35:09     §r§f✎ Rough Sapphire Gemstone §r§8x32
19:35:12     §r§f✎ Rough Sapphire Gemstone §r§8x56
19:35:40     §r§f✎ Rough Sapphire Gemstone §r§8x24
19:36:13     §r§f✎ Rough Sapphire Gemstone §r§8x32
19:36:14     §r§f✎ Rough Sapphire Gemstone §r§8x56
19:36:14     §r§a✎ Flawed Sapphire Gemstone §r§8x2
19:36:29     §r§f✎ Rough Sapphire Gemstone §r§8x16
19:36:30     §r§f✎ Rough Sapphire Gemstone §r§8x8
19:36:46     §r§f✎ Rough Sapphire Gemstone §r§8x24
19:37:02     §r§f✎ Rough Sapphire Gemstone §r§8x32
19:37:02     §r§f❤ Rough Ruby Gemstone §r§8x24
19:37:03     §r§f✎ Rough Sapphire Gemstone §r§8x96
19:37:20     §r§f✎ Rough Sapphire Gemstone §r§8x40
19:37:24     §r§f✎ Rough Sapphire Gemstone §r§8x8
19:37:24     §r§a❤ Flawed Ruby Gemstone
19:37:24     §r§f✎ Rough Sapphire Gemstone §r§8x40
19:37:32     §r§f✎ Rough Sapphire Gemstone §r§8x40
19:37:39     §r§f✎ Rough Sapphire Gemstone §r§8x16
19:37:39     §r§f❤ Rough Ruby Gemstone §r§8x16
19:37:41     §r§a✎ Flawed Sapphire Gemstone
19:37:51     §r§a✎ Flawed Sapphire Gemstone §r§8x2
19:37:56     §r§f✎ Rough Sapphire Gemstone §r§8x64
19:38:09     §r§f✎ Rough Sapphire Gemstone §r§8x48
19:38:09     §r§f✎ Rough Sapphire Gemstone §r§8x8
19:38:17     §r§f✎ Rough Sapphire Gemstone §r§8x24
19:38:17     §r§a✎ Flawed Sapphire Gemstone §r§8x4
19:38:21     §r§f✎ Rough Sapphire Gemstone §r§8x24
19:38:24     §r§f✎ Rough Sapphire Gemstone §r§8x48
19:38:25     §r§f✎ Rough Sapphire Gemstone §r§8x112
19:38:36     §r§f✎ Rough Sapphire Gemstone §r§8x32
19:38:47     §r§f✎ Rough Sapphire Gemstone §r§8x64
19:38:47     §r§f✎ Rough Sapphire Gemstone §r§8x24
19:38:56     §r§f✎ Rough Sapphire Gemstone §r§8x48
19:39:13     §r§f✎ Rough Sapphire Gemstone §r§8x16
19:39:35     §r§f✎ Rough Sapphire Gemstone §r§8x32
19:39:39     §r§f✎ Rough Sapphire Gemstone §r§8x56
19:39:56     §r§a✎ Flawed Sapphire Gemstone
19:40:01     §r§f✎ Rough Sapphire Gemstone §r§8x48
19:40:08     §r§f✎ Rough Sapphire Gemstone §r§8x32
19:40:08     §r§f✎ Rough Sapphire Gemstone §r§8x24
19:40:15     §r§f✎ Rough Sapphire Gemstone §r§8x112
19:40:26     §r§f✎ Rough Sapphire Gemstone §r§8x32
19:40:32     §r§f✎ Rough Sapphire Gemstone §r§8x32
19:40:33     §r§f✎ Rough Sapphire Gemstone §r§8x16
19:40:33     §r§f❤ Rough Ruby Gemstone §r§8x16
19:40:39     §r§f✎ Rough Sapphire Gemstone §r§8x48
19:40:39     §r§f❤ Rough Ruby Gemstone §r§8x16
19:40:43     §r§f✎ Rough Sapphire Gemstone §r§8x16
19:40:55     §r§f✎ Rough Sapphire Gemstone §r§8x16
19:41:14     §r§f✎ Rough Sapphire Gemstone §r§8x24
19:41:53     §r§f✎ Rough Sapphire Gemstone §r§8x40
19:41:57     §r§f✎ Rough Sapphire Gemstone §r§8x32
19:42:05     §r§f✎ Rough Sapphire Gemstone §r§8x16
19:42:47     §r§f✎ Rough Sapphire Gemstone §r§8x16
19:42:47     §r§f✎ Rough Sapphire Gemstone §r§8x32
19:42:51     §r§f✎ Rough Sapphire Gemstone §r§8x80
19:42:56     §r§f✎ Rough Sapphire Gemstone §r§8x16
19:42:56     §r§f✎ Rough Sapphire Gemstone §r§8x24
19:43:20     §r§f✎ Rough Sapphire Gemstone §r§8x56
19:43:29     §r§f✎ Rough Sapphire Gemstone §r§8x80
19:43:29     §r§f❤ Rough Ruby Gemstone §r§8x24
19:43:29     §r§f✎ Rough Sapphire Gemstone §r§8x16
19:43:29     §r§a✎ Flawed Sapphire Gemstone §r§8x2
19:43:45     §r§f✎ Rough Sapphire Gemstone §r§8x32
19:43:59     §r§f❤ Rough Ruby Gemstone §r§8x8
19:43:59     §r§f✎ Rough Sapphire Gemstone §r§8x40
19:44:02     §r§f✎ Rough Sapphire Gemstone §r§8x72
19:44:03     §r§f✎ Rough Sapphire Gemstone §r§8x40
19:44:08     §r§f✎ Rough Sapphire Gemstone §r§8x24
19:44:18     §r§f✎ Rough Sapphire Gemstone §r§8x40
19:44:42     §r§f✎ Rough Sapphire Gemstone §r§8x8
19:44:48     §r§f✎ Rough Sapphire Gemstone §r§8x40
19:44:54     §r§f✎ Rough Sapphire Gemstone §r§8x24
19:44:54     §r§a✎ Flawed Sapphire Gemstone §r§8x2
19:45:00     §r§f✎ Rough Sapphire Gemstone §r§8x48
19:45:00     §r§f✎ Rough Sapphire Gemstone §r§8x16
19:45:00     §r§a✎ Flawed Sapphire Gemstone
19:45:04     §r§f✎ Rough Sapphire Gemstone §r§8x64
19:45:08     §r§f✎ Rough Sapphire Gemstone §r§8x72
19:45:22     §r§f✎ Rough Sapphire Gemstone §r§8x32
19:45:25     §r§f✎ Rough Sapphire Gemstone §r§8x56
19:45:25     §r§f✎ Rough Sapphire Gemstone §r§8x32
19:45:33     §r§f❤ Rough Ruby Gemstone §r§8x16
19:45:35     §r§f✎ Rough Sapphire Gemstone §r§8x56
19:45:41     §r§f✎ Rough Sapphire Gemstone §r§8x16
19:45:41     §r§a✎ Flawed Sapphire Gemstone
19:45:45     §r§f✎ Rough Sapphire Gemstone §r§8x8
19:45:45     §r§f❤ Rough Ruby Gemstone §r§8x16
19:45:49     §r§f✎ Rough Sapphire Gemstone §r§8x88
19:49:39     §r§f✎ Rough Sapphire Gemstone §r§8x40
