18:31:08 `d2u1fv8ws7`224 missed {
 is already Found: false).
 Position: LorenzVec{x=25.0, y=65.0, z=-41.0}
 DistanceC: 23.088379315288044
Relative Position: LorenzVec{x=23.088379315288044, y=-9.0, z=16.414298947937034}
 }
18:32:55 `cooo39ff8l`553 missed {
 is already Found: false).
 Position: LorenzVec{x=-107.0, y=73.0, z=-2.0}
 DistanceC: 21.479645133108804
Relative Position: LorenzVec{x=-21.479645133108804, y=2.0, z=17.699999988079075}
 }
18:33:08 `h0g49b6tx2`378 missed {
 is already Found: false).
 Position: LorenzVec{x=-59.5, y=89.0, z=-16.5}
 DistanceC: 20.80000001192093
Relative Position: LorenzVec{x=20.80000001192093, y=19.0, z=-8.81579283639852}
 }
18:43:20 `h0g49b6tx2`378 missed {
 is already Found: false).
 Position: LorenzVec{x=-59.5, y=89.0, z=-16.5}
 DistanceC: 20.80000001192093
Relative Position: LorenzVec{x=20.80000001192093, y=19.0, z=-8.79042477739424}
 }
18:43:39 `25ho0zqc3y`340 missed {
 is already Found: false).
 Position: LorenzVec{x=-41.5, y=70.0, z=-64.5}
 DistanceC: 22.803841104366562
Relative Position: LorenzVec{x=16.10673961140246, y=0.0, z=-22.803841104366562}
 }
18:45:01 `7le707590r`339 missed {
 is already Found: false).
 Position: LorenzVec{x=-49.5, y=70.0, z=-67.5}
 DistanceC: 20.44229992120175
Relative Position: LorenzVec{x=-16.82006037307945, y=1.0, z=-20.44229992120175}
 }
18:46:10 `9wz5a2ff54`33 missed {
 is already Found: false).
 Position: LorenzVec{x=-312.0, y=83.0, z=-70.5}
 DistanceC: 20.817729463482465
Relative Position: LorenzVec{x=20.817729463482465, y=-19.0, z=-16.16168427139288}
 }
18:48:26 `Zombie`145797 missed {
 is already Found: false).
 Position: LorenzVec{x=502.90625, y=106.0, z=551.4375}
 DistanceC: 13.037407566632965
Relative Position: LorenzVec{x=-13.037407566632965, y=0.0, z=9.882685392551366}
 }
18:48:26 `jlfmo02393`45 missed {
 is already Found: false).
 Position: LorenzVec{x=530.5, y=106.0, z=556.5}
 DistanceC: 14.945185392551366
Relative Position: LorenzVec{x=14.556342433367035, y=0.0, z=14.945185392551366}
 }
18:48:27 `u3h5fy4f40`46 missed {
 is already Found: false).
 Position: LorenzVec{x=495.5, y=106.0, z=556.5}
 DistanceC: 20.443657566632965
Relative Position: LorenzVec{x=-20.443657566632965, y=0.0, z=14.945185392551366}
 }
18:49:50 `ee65849vvq`238 missed {
 is already Found: false).
 Position: LorenzVec{x=-51.0, y=72.0, z=-60.5}
 DistanceC: 20.35281609498795
Relative Position: LorenzVec{x=-20.35281609498795, y=2.0, z=15.230516629953229}
 }
18:51:24 `kph5e5diuv`80479 missed {
 is already Found: false).
 Position: LorenzVec{x=7.0, y=70.0, z=-85.0}
 DistanceC: 19.040023045481526
Relative Position: LorenzVec{x=19.040023045481526, y=0.0, z=-18.91444296581828}
 }
18:51:30 `ยง7Villager`371 missed {
 is already Found: false).
 Position: LorenzVec{x=10.5, y=70.0, z=-41.5}
 DistanceC: 22.286172391117525
Relative Position: LorenzVec{x=22.286172391117525, y=0.0, z=13.125068740112724}
 }
18:52:04 `24q181qygy`260 missed {
 is already Found: false).
 Position: LorenzVec{x=-73.5, y=71.0, z=-55.5}
 DistanceC: 22.7857948505172
Relative Position: LorenzVec{x=-22.7857948505172, y=1.0, z=-11.074697687629993}
 }
18:56:50 `98i379856v`33 missed {
 is already Found: false).
 Position: LorenzVec{x=-312.0, y=83.0, z=-70.5}
 DistanceC: 23.110905475136576
Relative Position: LorenzVec{x=23.110905475136576, y=-20.0, z=22.78390231050416}
 }
18:59:46 `98i379856v`33 missed {
 is already Found: false).
 Position: LorenzVec{x=-312.0, y=83.0, z=-70.5}
 DistanceC: 18.867920469511972
Relative Position: LorenzVec{x=18.53923331309329, y=-20.0, z=18.867920469511972}
 }
