21:46:20 Trying to load config from config\skyhanni\config.json
21:46:20 load-config-now
21:46:20 Loaded config from file
21:46:20 Trying to load sacks from config\skyhanni\sacks.json
21:46:20 load-sacks-now
21:46:20 Loaded sacks from file
21:46:20 Trying to load friends from config\skyhanni\friends.json
21:46:20 load-friends-now
21:46:20 Loaded friends from file
21:46:20 Trying to load known_features from config\skyhanni\known_features.json
21:46:20 load-known_features-now
21:46:20 Loaded known_features from file
21:46:20 Trying to load jacob_contests from config\skyhanni\jacob_contests.json
21:46:20 load-jacob_contests-now
21:46:20 Loaded jacob_contests from file
21:46:20 Trying to load visual_words from config\skyhanni\visual_words.json
21:46:20 Setting visual_words to be blank as it did not exist. It will be saved once something is written to it
21:47:07 saveConfig: Updated known feature flags
21:47:07 Saving known_features file
21:47:20 saveConfig: auto-save-60s
21:47:20 Saving config file
21:48:20 saveConfig: auto-save-60s
21:48:20 Saving config file
21:49:20 saveConfig: auto-save-60s
21:49:20 Saving config file
21:50:20 saveConfig: auto-save-60s
21:50:20 Saving config file
21:51:20 saveConfig: auto-save-60s
21:51:20 Saving config file
21:52:19 saveConfig: close-gui
21:52:19 Saving config file
21:52:20 saveConfig: auto-save-60s
21:52:20 Saving config file
21:53:19 saveConfig: close-gui
21:53:19 Saving config file
21:53:20 saveConfig: auto-save-60s
21:53:20 Saving config file
21:54:20 saveConfig: auto-save-60s
21:54:20 Saving config file
21:54:34 saveConfig: close-gui
21:54:34 Saving config file
21:54:34 saveConfig: close-gui
21:54:34 Saving config file
21:55:20 saveConfig: auto-save-60s
21:55:20 Saving config file
21:55:23 saveConfig: shutdown-hook
21:55:23 Saving config file
