23:45:21 NONE
23:45:22 PRIVATE_ISLAND
23:47:41 NONE
23:47:41 HUB
23:49:03 NONE
23:49:03 PRIVATE_ISLAND
23:49:57 NONE
23:49:57 HUB
23:51:13 DUNGEON_HUB
23:51:22 NONE
23:51:22 PRIVATE_ISLAND
23:56:13 NONE
23:56:13 HUB
23:56:37 NONE
23:56:38 THE_RIFT
00:19:36 NONE
00:19:37 HUB
00:25:02 NONE
00:25:02 HUB
00:26:25 NONE
00:26:25 PRIVATE_ISLAND
00:28:51 NONE
00:28:51 CRIMSON_ISLE
00:41:38 NONE
00:41:38 PRIVATE_ISLAND
00:41:42 NONE
00:41:42 HUB
00:43:49 NONE
00:43:50 SPIDER_DEN
00:56:53 NONE
00:56:53 PRIVATE_ISLAND
00:56:56 NONE
00:56:57 HUB
00:57:01 NONE
00:57:02 HUB
