01:48:04 §f                                  §6§lBESTIARY
01:48:04 §f                         §b§lGlacite Caver §7§8VI §8➡§b §bVII
01:48:04 
01:48:04 §f                                  §r§6§lREWARDS
01:48:04 §f                      §r§8+§r§a3 Glacite Caver §r§b✯ Magic Find
01:48:04 §f                      §r§8+§r§a3 Glacite Caver §r§c❁ Strength
01:48:04 §f                          §r§8+§r§62% §r§aGlacite Caver §r§7coins
01:48:04 §f                    §r§8+§r§a50% §r§7chance for extra XP orbs
01:48:04 §f                               §r§8+§r§b1 SkyBlock XP
01:48:04 
01:48:04 §3§l▬▬▬▬▬▬▬▬▬▬▬▬▬▬▬▬▬▬▬▬▬▬▬▬▬▬▬▬▬▬▬▬▬▬▬▬▬▬▬▬▬▬▬▬▬▬▬▬▬▬▬▬▬▬▬▬▬▬▬▬▬▬▬▬
01:49:02 §f                                  §6§lBESTIARY
01:49:02 §f                         §b§lGlacite Bowman §7§8IV §8➡§b §bV
01:49:02 
01:49:02 §f                                  §r§6§lREWARDS
01:49:02 §f                     §r§8+§r§a2 Glacite Bowman §r§b✯ Magic Find
01:49:02 §f                      §r§8+§r§a2 Glacite Bowman §r§c❁ Strength
01:49:02 §f                         §r§8+§r§62% §r§aGlacite Bowman §r§7coins
01:49:02 §f                    §r§8+§r§a50% §r§7chance for extra XP orbs
01:49:02 §f                               §r§8+§r§b1 SkyBlock XP
01:49:02 
01:49:02 §3§l▬▬▬▬▬▬▬▬▬▬▬▬▬▬▬▬▬▬▬▬▬▬▬▬▬▬▬▬▬▬▬▬▬▬▬▬▬▬▬▬▬▬▬▬▬▬▬▬▬▬▬▬▬▬▬▬▬▬▬▬▬▬▬▬
