00:51:21 §f §r§r§r§f §r§r§r§1 §r§r§r§0 §r§r§r§2 §r§r§r§f §r§r§r§f §r§r§r§2 §r§r§r§0 §r§r§r§4 §r§r§r§3 §r§r§r§9 §r§r§r§2 §r§r§r§0 §r§r§r§0 §r§r§r§3 §r§r§r§9 §r§r§r§2 §r§r§r§0 §r§r§r§0 §r§r§r§3 §r§r§r§9 §r§r§r§2 §r§r§r§0 §r§r§r§0 
00:51:35 §8 §r§8 §r§1 §r§3 §r§3 §r§7 §r§8 
00:51:37 
00:51:37 
00:52:48 §8 §r§8 §r§1 §r§3 §r§3 §r§7 §r§8 
01:18:15 §f §r§r§r§f §r§r§r§1 §r§r§r§0 §r§r§r§2 §r§r§r§f §r§r§r§f §r§r§r§2 §r§r§r§0 §r§r§r§4 §r§r§r§3 §r§r§r§9 §r§r§r§2 §r§r§r§0 §r§r§r§0 §r§r§r§3 §r§r§r§9 §r§r§r§2 §r§r§r§0 §r§r§r§0 §r§r§r§3 §r§r§r§9 §r§r§r§2 §r§r§r§0 §r§r§r§0 
01:18:40 §f §r§r§r§f §r§r§r§1 §r§r§r§0 §r§r§r§2 §r§r§r§f §r§r§r§f §r§r§r§2 §r§r§r§0 §r§r§r§4 §r§r§r§3 §r§r§r§9 §r§r§r§2 §r§r§r§0 §r§r§r§0 §r§r§r§3 §r§r§r§9 §r§r§r§2 §r§r§r§0 §r§r§r§0 §r§r§r§3 §r§r§r§9 §r§r§r§2 §r§r§r§0 §r§r§r§0 
01:19:06 §8 §r§8 §r§1 §r§3 §r§3 §r§7 §r§8 
01:19:18 
01:19:18 
01:19:26  
01:19:39 §f §r§r§r§f §r§r§r§1 §r§r§r§0 §r§r§r§2 §r§r§r§f §r§r§r§f §r§r§r§2 §r§r§r§0 §r§r§r§4 §r§r§r§3 §r§r§r§9 §r§r§r§2 §r§r§r§0 §r§r§r§0 §r§r§r§3 §r§r§r§9 §r§r§r§2 §r§r§r§0 §r§r§r§0 §r§r§r§3 §r§r§r§9 §r§r§r§2 §r§r§r§0 §r§r§r§0 
01:19:45 §8 §r§8 §r§1 §r§3 §r§3 §r§7 §r§8 
01:20:01 
01:20:01 
01:20:09  
01:20:17 §8 §r§8 §r§1 §r§3 §r§3 §r§7 §r§8 
01:20:39 
01:20:39 
01:20:47  
01:21:08 §f §r§r§r§f §r§r§r§1 §r§r§r§0 §r§r§r§2 §r§r§r§f §r§r§r§f §r§r§r§2 §r§r§r§0 §r§r§r§4 §r§r§r§3 §r§r§r§9 §r§r§r§2 §r§r§r§0 §r§r§r§0 §r§r§r§3 §r§r§r§9 §r§r§r§2 §r§r§r§0 §r§r§r§0 §r§r§r§3 §r§r§r§9 §r§r§r§2 §r§r§r§0 §r§r§r§0 
01:21:13 §8 §r§8 §r§1 §r§3 §r§3 §r§7 §r§8 
01:21:15 
01:21:15 
01:21:33 §f
01:21:33 §f
01:22:14 §8 §r§8 §r§1 §r§3 §r§3 §r§7 §r§8 
01:24:24 §8 §r§8 §r§1 §r§3 §r§3 §r§7 §r§8 
01:26:30 §8 §r§8 §r§1 §r§3 §r§3 §r§7 §r§8 
01:26:34 §8 §r§8 §r§1 §r§3 §r§3 §r§7 §r§8 
01:28:33 §8 §r§8 §r§1 §r§3 §r§3 §r§7 §r§8 
01:30:05 
01:30:14 
01:30:21 
01:30:33 
01:30:37 
01:30:38 
01:30:40 
01:30:40 
01:30:45 
01:30:55 
01:30:56 
01:30:58 
01:31:02 
01:32:08 
01:32:12 
01:32:15 
01:32:15 
01:32:16 
01:32:20 
01:32:21 
01:32:24 
01:32:28 
01:32:42 
01:32:51 
01:33:08 
01:33:14 
01:33:40 
01:33:45 
01:35:20 
01:38:19 
01:39:18 
01:41:03 §8 §r§8 §r§1 §r§3 §r§3 §r§7 §r§8 
01:45:38 §f                                        
01:47:45 §8 §r§8 §r§1 §r§3 §r§3 §r§7 §r§8 
01:48:04  
01:48:20 
01:49:02  
01:54:12 §8 §r§8 §r§1 §r§3 §r§3 §r§7 §r§8 
