18:21:48 NONE
18:21:48 GARDEN
18:29:33 NONE
18:29:33 DWARVEN_MINES
18:32:36 NONE
18:32:36 PRIVATE_ISLAND
18:34:49 NONE
18:34:49 HUB
18:35:09 NONE
18:35:10 CRIMSON_ISLE
18:36:05 NONE
18:36:05 HUB
18:42:10 NONE
18:42:11 DUNGEON_HUB
18:47:54 NONE
18:47:55 CATACOMBS
18:53:38 NONE
18:53:38 PRIVATE_ISLAND
18:53:42 NONE
18:53:43 DUNGEON_HUB
18:54:08 NONE
18:54:09 CATACOMBS
19:04:57 NONE
19:04:58 DUNGEON_HUB
19:06:02 NONE
19:06:02 HUB
19:06:41 NONE
19:06:42 DUNGEON_HUB
19:08:53 NONE
19:08:53 CATACOMBS
19:18:38 NONE
19:18:38 DUNGEON_HUB
19:24:17 NONE
19:24:17 CATACOMBS
19:34:32 NONE
19:34:32 DUNGEON_HUB
19:34:44 NONE
19:34:45 CATACOMBS
19:34:58 NONE
19:34:58 DUNGEON_HUB
19:36:32 NONE
19:36:32 CATACOMBS
19:45:07 NONE
19:45:07 DUNGEON_HUB
19:46:20 NONE
19:46:21 CATACOMBS
19:57:32 NONE
19:57:32 DUNGEON_HUB
19:57:53 NONE
19:57:54 CATACOMBS
20:09:16 NONE
20:09:16 DUNGEON_HUB
20:09:48 NONE
20:09:48 HUB
20:10:37 NONE
20:10:37 DUNGEON_HUB
20:10:43 NONE
20:10:44 CATACOMBS
20:18:30 NONE
20:18:31 DUNGEON_HUB
20:20:28 NONE
20:20:29 CATACOMBS
20:32:24 NONE
20:32:25 DUNGEON_HUB
20:32:57 NONE
20:32:58 CATACOMBS
20:36:07 NONE
20:36:07 DUNGEON_HUB
20:47:19 NONE
20:47:20 HUB
20:49:29 NONE
20:49:30 THE_RIFT
20:50:41 NONE
20:50:42 PRIVATE_ISLAND
20:50:46 NONE
20:50:47 HUB
20:56:18 NONE
20:56:19 GARDEN
21:44:44 NONE
21:44:44 DUNGEON_HUB
21:45:59 NONE
21:46:00 DUNGEON_HUB
21:46:06 NONE
21:46:06 GARDEN
21:55:07 NONE
21:55:07 HUB
21:56:45 NONE
21:56:46 HUB
21:56:53 NONE
21:56:53 GARDEN
21:57:42 NONE
21:57:42 PRIVATE_ISLAND
21:57:46 NONE
21:57:47 HUB
21:58:17 NONE
21:58:17 GARDEN
22:49:12 NONE
22:49:13 PRIVATE_ISLAND
22:49:22 NONE
22:49:22 HUB
22:50:19 NONE
22:50:20 PRIVATE_ISLAND
22:50:55 NONE
22:50:55 GARDEN
23:10:37 NONE
23:10:38 DWARVEN_MINES
23:10:50 NONE
23:10:50 GARDEN
