21:56:08 [EMPTY] §f §r§r§r§f §r§r§r§1 §r§r§r§0 §r§r§r§2 §r§r§r§f §r§r§r§f §r§r§r§2 §r§r§r§0 §r§r§r§4 §r§r§r§3 §r§r§r§9 §r§r§r§2 §r§r§r§0 §r§r§r§0 §r§r§r§3 §r§r§r§9 §r§r§r§2 §r§r§r§0 §r§r§r§0 §r§r§r§3 §r§r§r§9 §r§r§r§2 §r§r§r§0 §r§r§r§0 
21:56:08 [LOBBY] §b[MVP§9+§b] Sebbebas§f §6joined the lobby!
21:56:09 [LOBBY] §b[MVP§2+§b] Invyz§f §6joined the lobby!
21:56:11 [allowed] §cYou are sending commands too fast! Please slow down.
21:56:19 [LOBBY] §b[MVP§6+§b] ChezBonger§f §6joined the lobby!
21:56:21 [allowed] §a[VIP] ThatGreendragon§f§r§f: W
21:56:22 [LOBBY] §b[MVP§6+§b] scary6§f §6joined the lobby!
21:56:25 [WARPING] §7Sending to server mini199DM...
21:56:26 [EMPTY] §8 §r§8 §r§1 §r§3 §r§3 §r§7 §r§8 
21:56:26 [allowed] §eYou haven't claimed your §r§6Summer Rewards §r§eyet!
21:56:26 [allowed] §eTalk to the §r§bSummer Sloth §r§ein the §r§aHub!
21:56:28 [allowed] §cYou are sending commands too fast! Please slow down.
21:56:28 [EMPTY] 
21:56:28 [WELCOME] §eWelcome to §r§aHypixel SkyBlock§r§e!
21:56:28 [allowed] §6§lBONUS! §r§bTemporarily earn §r§a5% §r§bmore skill experience!
21:56:28 [EMPTY] 
21:56:28 [allowed] §eLatest update: §bSkyBlock v0.20.5 §e§lCLICK
21:56:29 [PROFILE_JOIN] §aYou are playing on profile: §eBanana§b (Co-op)
21:56:29 [PROFILE_JOIN] §8Profile ID: b1a71305-1956-42bf-90e4-bce6f7285754
21:56:30 [allowed] §bNew day! §r§eYour §r§2Sky Mall §r§ebuff changed!
21:56:30 [allowed] §eNew buff§r§r§r: §r§fGain §r§a+100 §r§6⸕ Mining Speed§r§f.
21:57:26 [allowed] §a§r§6Mining Speed Boost §r§ais now available!
21:57:42 [allowed] §cThere are blocks in the way!
21:57:44 [WARPING] §7Warping...
21:57:44 [WARPING] §7Sending to server mini184V...
21:57:45 [EMPTY] §8 §r§8 §r§1 §r§3 §r§3 §r§7 §r§8 
21:57:45 [allowed] §eYou haven't claimed your §r§6Summer Rewards §r§eyet!
21:57:45 [allowed] §eTalk to the §r§bSummer Sloth §r§ein the §r§aHub!
21:57:46 [allowed] §cYou are sending commands too fast! Please slow down.
21:57:46 [allowed] §cThere are blocks in the way!
21:57:48 [PROFILE_JOIN] §aYou are playing on profile: §eBanana§b (Co-op)
21:57:48 [PROFILE_JOIN] §8Profile ID: b1a71305-1956-42bf-90e4-bce6f7285754
21:57:51 [allowed] §c ☠ §r§7§r§bImJustDepsy§r§7 was killed by Moogma§r§7§r§7.
21:57:55 [allowed] §cThere are blocks in the way!
21:57:56 [allowed] §cThere are blocks in the way!
21:58:01 [allowed] §c ☠ §r§7§r§bMultiPlayHD§r§7 was killed by Smoldering Blaze§r§7§r§7.
