11:42:29 §f §r§r§r§f §r§r§r§1 §r§r§r§0 §r§r§r§2 §r§r§r§f §r§r§r§f §r§r§r§2 §r§r§r§0 §r§r§r§4 §r§r§r§3 §r§r§r§9 §r§r§r§2 §r§r§r§0 §r§r§r§0 §r§r§r§3 §r§r§r§9 §r§r§r§2 §r§r§r§0 §r§r§r§0 §r§r§r§3 §r§r§r§9 §r§r§r§2 §r§r§r§0 §r§r§r§0 
11:42:56 §8 §r§8 §r§1 §r§3 §r§3 §r§7 §r§8 
11:42:58 
11:42:58 
11:43:33 §f §r§r§r§f §r§r§r§1 §r§r§r§0 §r§r§r§2 §r§r§r§f §r§r§r§f §r§r§r§2 §r§r§r§0 §r§r§r§4 §r§r§r§3 §r§r§r§9 §r§r§r§2 §r§r§r§0 §r§r§r§0 §r§r§r§3 §r§r§r§9 §r§r§r§2 §r§r§r§0 §r§r§r§0 §r§r§r§3 §r§r§r§9 §r§r§r§2 §r§r§r§0 §r§r§r§0 
11:43:36 §8 §r§8 §r§1 §r§3 §r§3 §r§7 §r§8 
11:43:37 
11:43:37 
11:43:50 §8 §r§8 §r§1 §r§3 §r§3 §r§7 §r§8 
11:43:53 §8 §r§8 §r§1 §r§3 §r§3 §r§7 §r§8 
11:43:57 §8 §r§8 §r§1 §r§3 §r§3 §r§7 §r§8 
11:44:26 §8 §r§8 §r§1 §r§3 §r§3 §r§7 §r§8 
11:49:24 §8 §r§8 §r§1 §r§3 §r§3 §r§7 §r§8 
11:51:58 §8 §r§8 §r§1 §r§3 §r§3 §r§7 §r§8 
11:52:04 §8 §r§8 §r§1 §r§3 §r§3 §r§7 §r§8 
11:53:12 §8 §r§8 §r§1 §r§3 §r§3 §r§7 §r§8 
11:54:34 §8 §r§8 §r§1 §r§3 §r§3 §r§7 §r§8 
12:01:10 §f
12:08:15 §f §r§r§r§f §r§r§r§1 §r§r§r§0 §r§r§r§2 §r§r§r§f §r§r§r§f §r§r§r§2 §r§r§r§0 §r§r§r§4 §r§r§r§3 §r§r§r§9 §r§r§r§2 §r§r§r§0 §r§r§r§0 §r§r§r§3 §r§r§r§9 §r§r§r§2 §r§r§r§0 §r§r§r§0 §r§r§r§3 §r§r§r§9 §r§r§r§2 §r§r§r§0 §r§r§r§0 
12:08:19 §8 §r§8 §r§1 §r§3 §r§3 §r§7 §r§8 
12:08:21 
12:08:21 
12:08:22 §8 §r§8 §r§1 §r§3 §r§3 §r§7 §r§8 
12:08:50 §8 §r§8 §r§1 §r§3 §r§3 §r§7 §r§8 
12:09:44 §8 §r§8 §r§1 §r§3 §r§3 §r§7 §r§8 
12:10:23  
12:10:54 §8 §r§8 §r§1 §r§3 §r§3 §r§7 §r§8 
12:12:28 §8 §r§8 §r§1 §r§3 §r§3 §r§7 §r§8 
12:18:55 
12:18:57  
12:18:57  
12:18:57  
12:24:14 
12:24:16 
12:24:16 
12:24:31 
12:24:31 
12:24:34 §8 §r§8 §r§1 §r§3 §r§3 §r§7 §r§8 
12:27:37 §8 §r§8 §r§1 §r§3 §r§3 §r§7 §r§8 
12:28:04 §8 §r§8 §r§1 §r§3 §r§3 §r§7 §r§8 
12:29:05 §8 §r§8 §r§1 §r§3 §r§3 §r§7 §r§8 
12:43:32 
12:43:32 
12:43:34 
12:43:34 
12:43:48 
12:43:48 
12:43:52 §8 §r§8 §r§1 §r§3 §r§3 §r§7 §r§8 
12:46:28 §8 §r§8 §r§1 §r§3 §r§3 §r§7 §r§8 
12:48:43 
12:48:43 
12:48:43 
12:48:52 
12:48:52 
12:48:52 
12:49:00 
12:49:00 
12:49:00 
13:00:20 
13:00:22 
13:00:22 
13:00:36 
13:00:36 
13:00:39 §8 §r§8 §r§1 §r§3 §r§3 §r§7 §r§8 
13:02:43 §8 §r§8 §r§1 §r§3 §r§3 §r§7 §r§8 
13:02:46 §8 §r§8 §r§1 §r§3 §r§3 §r§7 §r§8 
13:16:52 §8 §r§8 §r§1 §r§3 §r§3 §r§7 §r§8 
13:16:56 §8 §r§8 §r§1 §r§3 §r§3 §r§7 §r§8 
13:17:50 §8 §r§8 §r§1 §r§3 §r§3 §r§7 §r§8 
13:19:53 §8 §r§8 §r§1 §r§3 §r§3 §r§7 §r§8 
13:22:29 §f
13:22:29 §f
13:22:43 §f
13:22:43 §f
13:22:51 §f
13:22:51 §f
13:24:42 §8 §r§8 §r§1 §r§3 §r§3 §r§7 §r§8 
13:24:53 §8 §r§8 §r§1 §r§3 §r§3 §r§7 §r§8 
13:26:38 
13:26:38 
13:26:38 
13:26:49 
13:26:49 
13:26:49 
13:26:58 
13:26:58 
13:26:58 
13:35:22 
13:35:31 
13:35:31 
13:35:34 §8 §r§8 §r§1 §r§3 §r§3 §r§7 §r§8 
13:36:04 §8 §r§8 §r§1 §r§3 §r§3 §r§7 §r§8 
13:37:55 §8 §r§8 §r§1 §r§3 §r§3 §r§7 §r§8 
13:38:07 §f
13:38:07 §f
13:39:12 §8 §r§8 §r§1 §r§3 §r§3 §r§7 §r§8 
13:51:35 
