20:58:29 [allowed] §b§b✦ §r§7You earned §a32 §7Pet Consumables items!
20:58:29 [allowed] §aYou have §b1 §aunclaimed leveling reward!
20:58:29 [allowed] §eClick here to view it!
20:58:29 [allowed] §7Stefa_NOT§7§r§7: hi
20:58:31 [allowed] §a§aYou tipped 48 players in 15 different games!
20:58:31 [allowed] §cYou are sending commands too fast! Please slow down.
20:58:35 [allowed] §eYou haven't claimed your §r§6Summer Rewards §r§eyet!
20:58:35 [allowed] §eTalk to the §r§bSummer Sloth §r§ein the §r§aHub!
20:58:36 [allowed] §a§aYou tipped Noamiz13 in Blitz SG!
20:58:37 [allowed] §cYou are sending commands too fast! Please slow down.
20:58:37 [allowed] §eLatest update: §bSkyBlock v0.20.4 §e§lCLICK
20:58:39 [allowed] §bNew day! §r§eYour §r§2Sky Mall §r§ebuff changed!
20:58:39 [allowed] §eNew buff§r§r§r: §r§fGain §r§a+15% §r§fmore Powder while mining.
20:58:41 [allowed] §a§aYou tipped xploitftbl in The TNT Games!
20:58:46 [allowed] §a§aYou tipped Underpapes in Mega Walls!
20:58:47 [allowed] §6The sound of pickaxes clashing against the rock has attracted the attention of the §r§6§lPOWDER GHAST!
20:58:47 [allowed] §eFind the §r§6Powder Ghast§r§e near the §r§bCliffside Veins§r§e!
20:58:51 [allowed] §a§aYou tipped Rascalicious in Arcade Games!
20:58:56 [allowed] §a§aYou tipped Gonzaalo in UHC Champions!
20:59:00 [allowed] §cThere are blocks in the way!
20:59:00 [allowed] §a§aYou tipped Swub in Cops and Crims!
20:59:03 [allowed] §cThere are blocks in the way!
20:59:05 [allowed] §a§aYou tipped Numetric in Warlords!
20:59:10 [allowed] §a§aYou tipped _Hero in Smash Heroes!
20:59:16 [allowed] §a§aYou tipped ZaphyLegend in SkyWars!
20:59:22 [allowed] §a§aYou tipped Blooomed in Classic Games!
20:59:28 [allowed] §cThere are blocks in the way!
20:59:35 [allowed] §a§r§6Mining Speed Boost §r§ais now available!
20:59:38 [allowed] §a§aYou were tipped by 1 player in the last minute!
21:01:56 [allowed] §c ☠ §r§7§r§7fzg_§r§7 was killed by Goblin§r§7§r§7.
21:03:01 [allowed] §cThere are blocks in the way!
21:03:08 [allowed] §cThere are blocks in the way!
21:03:32 [allowed] §cThere are blocks in the way!
21:03:35 [allowed] §cThere are blocks in the way!
21:03:43 [allowed] §8[§r§a124§r§8] §r§a[VIP] Palestine_§f§r§f: anyone wants titanium?
21:05:11 [allowed] §c ☠ §r§7§r§7fzg_§r§7 was killed by Goblin§r§7§r§7.
21:05:52 [allowed] §cThere are blocks in the way!
