13:14:15 `Skeleton`497568 missed {
 is already Found: false).
 Position: LorenzVec{x=-212.9375, y=100.34375, z=-612.5}
 DistanceC: 15.49219956898662
Relative Position: LorenzVec{x=-6.040077596709352, y=0.34375, z=-15.49219956898662}
 }
13:16:55 `Skeleton`509738 missed {
 is already Found: false).
 Position: LorenzVec{x=-213.39583333333331, y=100.57291666666666, z=-612.5}
 DistanceC: 15.0
Relative Position: LorenzVec{x=-6.895833333333314, y=0.5729166666666572, z=-15.0}
 }
13:17:31 `Skeleton`514019 missed {
 is already Found: false).
 Position: LorenzVec{x=-221.0625, y=101.0, z=-595.0625}
 DistanceC: 14.774322445283985
Relative Position: LorenzVec{x=-14.774322445283985, y=1.0, z=1.7921650497946757}
 }
13:17:40 `Zombie`514656 missed {
 is already Found: false).
 Position: LorenzVec{x=-201.28125, y=97.0, z=-604.8125}
 DistanceC: 9.644363300217151
Relative Position: LorenzVec{x=5.743187226371816, y=-3.0, z=-9.644363300217151}
 }
13:17:40 `Zombie`514657 missed {
 is already Found: false).
 Position: LorenzVec{x=-204.09375, y=97.0, z=-608.4375}
 DistanceC: 13.269363300217151
Relative Position: LorenzVec{x=2.9306872263718162, y=-3.0, z=-13.269363300217151}
 }
13:17:40 `Zombie`514658 missed {
 is already Found: false).
 Position: LorenzVec{x=-210.25, y=100.875, z=-605.46875}
 DistanceC: 10.300613300217151
Relative Position: LorenzVec{x=-3.2255627736281838, y=0.875, z=-10.300613300217151}
 }
13:18:45 `Skeleton`519613 missed {
 is already Found: false).
 Position: LorenzVec{x=-221.34375, y=102.0, z=-610.875}
 DistanceC: 15.608280165372975
Relative Position: LorenzVec{x=-15.608280165372975, y=2.0, z=-11.969683492866238}
 }
13:19:55 `Skeleton`526551 missed {
 is already Found: false).
 Position: LorenzVec{x=-221.5, y=100.17013888888889, z=-598.3263888888889}
 DistanceC: 14.786056544097875
Relative Position: LorenzVec{x=-14.786056544097875, y=0.17013888888888573, z=0.3781904230464761}
 }
13:20:03 `Zombie`527339 missed {
 is already Found: false).
 Position: LorenzVec{x=-218.875, y=97.0, z=-601.09375}
 DistanceC: 12.871459933491252
Relative Position: LorenzVec{x=-12.871459933491252, y=-3.0, z=-1.785988052591847}
 }
13:20:14 `Skeleton`527942 missed {
 is already Found: false).
 Position: LorenzVec{x=-206.875, y=97.0, z=-609.71875}
 DistanceC: 12.659476087859503
Relative Position: LorenzVec{x=-3.022976770766661, y=-3.6358850053548792, z=-12.659476087859503}
 }
13:21:58 `Skeleton`534483 missed {
 is already Found: false).
 Position: LorenzVec{x=-221.5, y=100.875, z=-594.6354166666667}
 DistanceC: 15.0
Relative Position: LorenzVec{x=-15.0, y=0.875, z=2.8645833333332575}
 }
13:22:19 `Skeleton`537193 missed {
 is already Found: false).
 Position: LorenzVec{x=-220.5625, y=99.5, z=-606.21875}
 DistanceC: 15.001877783867855
Relative Position: LorenzVec{x=-15.001877783867855, y=-0.5, z=-8.138221252556832}
 }
13:23:31 `§7Villager`352 missed {
 is already Found: false).
 Position: LorenzVec{x=-16.5, y=70.0, z=-81.5}
 DistanceC: 20.29720003753738
Relative Position: LorenzVec{x=-14.800000011920929, y=-2.0, z=20.29720003753738}
 }
13:23:31 `§7Villager`350 missed {
 is already Found: false).
 Position: LorenzVec{x=-21.5, y=68.0, z=-124.5}
 DistanceC: 22.70279996246262
Relative Position: LorenzVec{x=-19.80000001192093, y=-4.0, z=-22.70279996246262}
 }
13:24:09 `§7Villager`350 missed {
 is already Found: false).
 Position: LorenzVec{x=-21.5, y=68.0, z=-124.5}
 DistanceC: 23.397699859126718
Relative Position: LorenzVec{x=-19.800000011920925, y=-4.0625, z=-23.397699859126718}
 }
13:24:09 `8uv5mcg009`330 missed {
 is already Found: false).
 Position: LorenzVec{x=-9.0, y=68.0, z=-125.0}
 DistanceC: 23.897699859126718
Relative Position: LorenzVec{x=-7.300000011920925, y=-4.0625, z=-23.897699859126718}
 }
13:25:21 `92mscvntiv`327 missed {
 is already Found: false).
 Position: LorenzVec{x=-10.0, y=68.0, z=-130.0}
 DistanceC: 22.15694004545322
Relative Position: LorenzVec{x=-22.15694004545322, y=-4.0, z=-20.671490059840366}
 }
13:25:22 `r498u5cu43`322 missed {
 is already Found: false).
 Position: LorenzVec{x=34.5, y=71.0, z=-96.5}
 DistanceC: 22.34305995454678
Relative Position: LorenzVec{x=22.34305995454678, y=-1.0, z=12.828509940159634}
 }
13:25:24 `3hr6hqd3c8`569 missed {
 is already Found: false).
 Position: LorenzVec{x=-6.5, y=55.0, z=-95.5}
 DistanceC: 18.65694004545322
Relative Position: LorenzVec{x=-18.65694004545322, y=-17.0, z=13.828509940159634}
 }
13:27:02 `Slime`949357 missed {
 is already Found: false).
 Position: LorenzVec{x=-540.4375, y=33.90625, z=-889.375}
 DistanceC: 0.8943908829241991
Relative Position: LorenzVec{x=0.0596463899128139, y=6.055020391948144, z=-0.8943908829241991}
 }
13:27:02 `Slime`949358 missed {
 is already Found: false).
 Position: LorenzVec{x=-540.75, y=33.90625, z=-887.875}
 DistanceC: 0.6056091170758009
Relative Position: LorenzVec{x=-0.2528536100871861, y=6.055020391948144, z=0.6056091170758009}
 }
13:27:02 `Slime`949359 missed {
 is already Found: false).
 Position: LorenzVec{x=-540.8125, y=33.90625, z=-889.1875}
 DistanceC: 0.7068908829241991
Relative Position: LorenzVec{x=-0.3153536100871861, y=6.055020391948144, z=-0.7068908829241991}
 }
13:27:02 `Slime`949360 missed {
 is already Found: false).
 Position: LorenzVec{x=-541.0, y=33.90625, z=-889.0}
 DistanceC: 0.5193908829241991
Relative Position: LorenzVec{x=-0.5028536100871861, y=6.055020391948144, z=-0.5193908829241991}
 }
13:27:02 `Slime`949361 missed {
 is already Found: false).
 Position: LorenzVec{x=-540.90625, y=33.90625, z=-887.46875}
 DistanceC: 1.011859117075801
Relative Position: LorenzVec{x=-0.4091036100871861, y=6.055020391948144, z=1.011859117075801}
 }
13:27:02 `Slime`949362 missed {
 is already Found: false).
 Position: LorenzVec{x=-540.34375, y=33.90625, z=-889.15625}
 DistanceC: 0.6756408829241991
Relative Position: LorenzVec{x=0.1533963899128139, y=6.055020391948144, z=-0.6756408829241991}
 }
13:29:42 `8jh71ef258`244 missed {
 is already Found: false).
 Position: LorenzVec{x=-24.5, y=71.0, z=-58.5}
 DistanceC: 21.882220483601436
Relative Position: LorenzVec{x=-21.882220483601436, y=1.0, z=17.487443814642276}
 }
13:29:43 `§7Villager`356 missed {
 is already Found: false).
 Position: LorenzVec{x=17.5, y=70.0, z=-99.0}
 DistanceC: 23.012556185357724
Relative Position: LorenzVec{x=20.117779516398564, y=0.0, z=-23.012556185357724}
 }
13:37:04 `e2fqpmqc4b`188 missed {
 is already Found: false).
 Position: LorenzVec{x=-363.5, y=114.0, z=-1028.5}
 DistanceC: 7.322543626183119
Relative Position: LorenzVec{x=7.322543626183119, y=0.0, z=6.853202075193394}
 }
13:37:04 `px791t1ac0`187 missed {
 is already Found: false).
 Position: LorenzVec{x=-370.5, y=114.0, z=-1037.5}
 DistanceC: 2.146797924806606
Relative Position: LorenzVec{x=0.32254362618311916, y=0.0, z=-2.146797924806606}
 }
13:37:58 `Bat`485197 missed {
 is already Found: false).
 Position: LorenzVec{x=-383.21875, y=149.59375, z=-475.875}
 DistanceC: 21.880385783223858
Relative Position: LorenzVec{x=-21.880385783223858, y=60.09221611559468, z=15.81831542044955}
 }
13:37:58 `Bat`488361 missed {
 is already Found: false).
 Position: LorenzVec{x=-379.03125, y=136.53125, z=-475.96875}
 DistanceC: 17.692885783223858
Relative Position: LorenzVec{x=-17.692885783223858, y=47.02971611559468, z=15.72456542044955}
 }
13:37:58 `Bat`488349 missed {
 is already Found: false).
 Position: LorenzVec{x=-379.625, y=136.0625, z=-476.6875}
 DistanceC: 18.278806789840246
Relative Position: LorenzVec{x=-18.278806789840246, y=46.27819668982755, z=15.43923947942119}
 }
13:37:58 `Bat`488453 missed {
 is already Found: false).
 Position: LorenzVec{x=-379.5625, y=136.3125, z=-477.5625}
 DistanceC: 18.20870607487518
Relative Position: LorenzVec{x=-18.20870607487518, y=46.32948264870825, z=14.984130929307412}
 }
13:37:58 `Bat`488467 missed {
 is already Found: false).
 Position: LorenzVec{x=-380.09375, y=138.40625, z=-477.75}
 DistanceC: 18.725359149048018
Relative Position: LorenzVec{x=-18.725359149048018, y=48.27127991814393, z=15.600578125604898}
 }
13:38:48 `Slime`2539 missed {
 is already Found: false).
 Position: LorenzVec{x=-75.71875, y=107.875, z=-140.03125}
 DistanceC: 19.63504827398623
Relative Position: LorenzVec{x=-9.01411110021371, y=30.875, z=-19.63504827398623}
 }
13:38:50 `Slime`2869 missed {
 is already Found: false).
 Position: LorenzVec{x=-67.0, y=59.0, z=-112.0}
 DistanceC: 8.396201726013771
Relative Position: LorenzVec{x=-0.29536110021371087, y=-18.0, z=8.396201726013771}
 }
13:38:50 `Slime`2889 missed {
 is already Found: false).
 Position: LorenzVec{x=-65.0, y=59.0, z=-130.0}
 DistanceC: 9.603798273986229
Relative Position: LorenzVec{x=1.7046388997862891, y=-18.0, z=-9.603798273986229}
 }
13:38:51 `Magma Cube`2555 missed {
 is already Found: false).
 Position: LorenzVec{x=-75.71875, y=91.34375, z=-140.0625}
 DistanceC: 19.66629827398623
Relative Position: LorenzVec{x=-9.01411110021371, y=14.34375, z=-19.66629827398623}
 }
13:38:51 `Slime`2745 missed {
 is already Found: false).
 Position: LorenzVec{x=-53.0, y=65.0, z=-133.0}
 DistanceC: 13.70463889978629
Relative Position: LorenzVec{x=13.70463889978629, y=-12.0, z=-12.603798273986229}
 }
13:38:51 `Magma Cube`2908 missed {
 is already Found: false).
 Position: LorenzVec{x=-63.71180555555556, y=85.34435013717422, z=-126.93248456790124}
 DistanceC: 6.53628284188747
Relative Position: LorenzVec{x=2.992833344230732, y=8.344350137174217, z=-6.53628284188747}
 }
13:38:51 `Magma Cube`2761 missed {
 is already Found: false).
 Position: LorenzVec{x=-53.090806470050296, y=92.69374428440786, z=-133.2195787608596}
 DistanceC: 13.613832429735993
Relative Position: LorenzVec{x=13.613832429735993, y=15.693744284407856, z=-12.823377034845834}
 }
13:38:51 `Magma Cube`2888 missed {
 is already Found: false).
 Position: LorenzVec{x=-66.96977880658436, y=91.1184842249657, z=-111.06281435756745}
 DistanceC: 9.333387368446324
Relative Position: LorenzVec{x=-0.2651399067980691, y=14.118484224965698, z=9.333387368446324}
 }
13:38:52 `Slime`2776 missed {
 is already Found: false).
 Position: LorenzVec{x=-46.0, y=65.0, z=-108.0}
 DistanceC: 20.70463889978629
Relative Position: LorenzVec{x=20.70463889978629, y=-12.0, z=12.396201726013771}
 }
13:38:53 `Magma Cube`2792 missed {
 is already Found: false).
 Position: LorenzVec{x=-45.96909945460771, y=97.2850465135753, z=-108.2974269346626}
 DistanceC: 20.73553944517858
Relative Position: LorenzVec{x=20.73553944517858, y=20.285046513575296, z=12.098774791351175}
 }
13:39:05 `Slime`2849 missed {
 is already Found: false).
 Position: LorenzVec{x=-71.0, y=114.0, z=-80.0}
 DistanceC: 9.704705649477745
Relative Position: LorenzVec{x=-8.297172818182588, y=36.0, z=9.704705649477745}
 }
13:39:06 `Zombie`2629 missed {
 is already Found: false).
 Position: LorenzVec{x=-58.875, y=76.3125, z=-88.65625}
 DistanceC: 3.827827181817412
Relative Position: LorenzVec{x=3.827827181817412, y=-1.6875, z=1.048455649477745}
 }
13:39:06 `Giant`2621 missed {
 is already Found: false).
 Position: LorenzVec{x=-57.5624941631034, y=66.56597628545029, z=-92.09374757713725}
 DistanceC: 5.14033301871401
Relative Position: LorenzVec{x=5.14033301871401, y=-11.43402371454971, z=-2.3890419276595054}
 }
13:39:07 `Magma Cube`2868 missed {
 is already Found: false).
 Position: LorenzVec{x=-67.57291666666666, y=108.91666666666666, z=-80.57291666666666}
 DistanceC: 9.268456787660682
Relative Position: LorenzVec{x=-4.407120672161696, y=30.916666666666657, z=9.268456787660682}
 }
13:39:08 `Slime`2776 missed {
 is already Found: false).
 Position: LorenzVec{x=-46.0, y=110.0, z=-108.0}
 DistanceC: 17.95580559660965
Relative Position: LorenzVec{x=17.699999988079085, y=32.0, z=-17.95580559660965}
 }
13:39:15 `Slime`6185 missed {
 is already Found: false).
 Position: LorenzVec{x=-56.0, y=65.0, z=-96.0}
 DistanceC: 6.818585564375837
Relative Position: LorenzVec{x=6.818585564375837, y=-13.0, z=-6.295468484036661}
 }
13:39:16 `Magma Cube`6201 missed {
 is already Found: false).
 Position: LorenzVec{x=-56.02430555555556, y=99.52430555555556, z=-96.18287037037037}
 DistanceC: 14.96013873053765
Relative Position: LorenzVec{x=14.96013873053765, y=17.823473186294976, z=-4.650104058744404}
 }
13:39:23 `§cElle `1880 missed {
 is already Found: false).
 Position: LorenzVec{x=-91.4375, y=79.0, z=-101.4375}
 DistanceC: 4.3270626608399
Relative Position: LorenzVec{x=3.283690811341984, y=-5.501533884405319, z=4.3270626608399}
 }
13:41:45 `Zombie`17270 missed {
 is already Found: false).
 Position: LorenzVec{x=-81.3125, y=75.29166666666667, z=-140.09375}
 DistanceC: 12.829368889061186
Relative Position: LorenzVec{x=0.8557932002506305, y=-8.224213508461574, z=-12.829368889061186}
 }
13:41:51 `Giant`17262 missed {
 is already Found: false).
 Position: LorenzVec{x=-80.0, y=65.44995700696843, z=-143.5}
 DistanceC: 10.204409911019013
Relative Position: LorenzVec{x=-0.378216322783544, y=-13.550042993031568, z=-10.204409911019013}
 }
13:41:53 `Slime`9209 missed {
 is already Found: false).
 Position: LorenzVec{x=-68.0, y=110.0, z=-151.0}
 DistanceC: 16.095891945067535
Relative Position: LorenzVec{x=12.039273202877766, y=33.0, z=-16.095891945067535}
 }
13:41:54 `Magma Cube`9225 missed {
 is already Found: false).
 Position: LorenzVec{x=-65.83333333333333, y=101.39583333333333, z=-154.02083333333334}
 DistanceC: 18.89966729504266
Relative Position: LorenzVec{x=13.932314929110746, y=24.39583333333333, z=-18.89966729504266}
 }
13:42:11 `Magma Cube`9239 missed {
 is already Found: false).
 Position: LorenzVec{x=-50.697916666666664, y=90.61458333333333, z=-128.70833333333334}
 DistanceC: 16.12386211237827
Relative Position: LorenzVec{x=16.12386211237827, y=10.849007250242067, z=-8.268258933621539}
 }
13:42:11 `Slime`9226 missed {
 is already Found: false).
 Position: LorenzVec{x=-53.0, y=93.0, z=-133.0}
 DistanceC: 13.821778779044934
Relative Position: LorenzVec{x=13.821778779044934, y=11.8684366007884, z=-12.559925600288196}
 }
13:42:12 `Zombie`20313 missed {
 is already Found: false).
 Position: LorenzVec{x=-81.3125, y=75.28125, z=-140.09375}
 DistanceC: 19.653675600288196
Relative Position: LorenzVec{x=-14.490721220955066, y=-3.3569727274985866, z=-19.653675600288196}
 }
13:42:17 `Giant`20924 missed {
 is already Found: false).
 Position: LorenzVec{x=-86.375, y=71.5, z=-117.46875}
 DistanceC: 19.67317880841705
Relative Position: LorenzVec{x=-19.67317880841705, y=-5.5, z=2.7661833605013726}
 }
13:42:22 `Giant`20933 missed {
 is already Found: false).
 Position: LorenzVec{x=-89.14583333333334, y=71.625, z=-91.27083333333334}
 DistanceC: 17.484263859779958
Relative Position: LorenzVec{x=11.260750422311062, y=-11.870064620329813, z=17.484263859779958}
 }
13:42:31 `Giant`22640 missed {
 is already Found: false).
 Position: LorenzVec{x=-109.71875, y=71.5, z=-120.65625}
 DistanceC: 21.25363727046914
Relative Position: LorenzVec{x=21.25363727046914, y=-6.035840625044557, z=17.111502788239193}
 }
13:42:31 `Zombie`22646 missed {
 is already Found: false).
 Position: LorenzVec{x=-111.40625, y=80.5, z=-118.125}
 DistanceC: 20.318747879153193
Relative Position: LorenzVec{x=20.192173601691906, y=3.0, z=20.318747879153193}
 }
13:42:34 `Slime`9045 missed {
 is already Found: false).
 Position: LorenzVec{x=-146.0, y=110.0, z=-141.0}
 DistanceC: 14.072079883638509
Relative Position: LorenzVec{x=-14.072079883638509, y=33.0, z=-1.7146054679898555}
 }
13:42:34 `Magma Cube`9061 missed {
 is already Found: false).
 Position: LorenzVec{x=-150.59375, y=101.625, z=-140.1875}
 DistanceC: 18.66582988363851
Relative Position: LorenzVec{x=-18.66582988363851, y=24.625, z=-0.9021054679898555}
 }
13:42:34 `Zombie`20411 missed {
 is already Found: false).
 Position: LorenzVec{x=-131.96875, y=76.1875, z=-147.15625}
 DistanceC: 7.8708554679898555
Relative Position: LorenzVec{x=-0.04082988363850859, y=-0.8125, z=-7.8708554679898555}
 }
13:42:35 `Giant`17289 missed {
 is already Found: false).
 Position: LorenzVec{x=-130.68749216923104, y=66.05033797553308, z=-150.59371711875426}
 DistanceC: 11.308322586744112
Relative Position: LorenzVec{x=1.2404279471304562, y=-10.949662024466917, z=-11.308322586744112}
 }
13:42:36 `Magma Cube`2848 missed {
 is already Found: false).
 Position: LorenzVec{x=-119.60416666666667, y=91.03125, z=-160.34375}
 DistanceC: 21.058355467989855
Relative Position: LorenzVec{x=12.32375344969482, y=14.03125, z=-21.058355467989855}
 }
13:42:36 `Slime`2835 missed {
 is already Found: false).
 Position: LorenzVec{x=-121.0, y=93.0, z=-159.0}
 DistanceC: 19.714605467989855
Relative Position: LorenzVec{x=10.927920116361491, y=16.0, z=-19.714605467989855}
 }
13:42:53 `Giant`24350 missed {
 is already Found: false).
 Position: LorenzVec{x=-102.42708333333334, y=71.58333333333334, z=-98.44791666666666}
 DistanceC: 8.615918215631893
Relative Position: LorenzVec{x=4.748224549425615, y=-17.91669559217631, z=-8.615918215631893}
 }
13:42:56 `Magma Cube`17321 missed {
 is already Found: false).
 Position: LorenzVec{x=-103.09246399176953, y=87.77494855967078, z=-102.8204732510288}
 DistanceC: 4.057926298565334
Relative Position: LorenzVec{x=-4.057926298565334, y=6.0093724765795145, z=-2.5743796089385143}
 }
13:42:57 `§cElle `1880 missed {
 is already Found: false).
 Position: LorenzVec{x=-107.86458333333333, y=79.0, z=-120.38541666666667}
 DistanceC: 14.378864793889448
Relative Position: LorenzVec{x=-5.123623903784349, y=-3.020000010728836, z=-14.378864793889448}
 }
13:42:59 `Giant`25990 missed {
 is already Found: false).
 Position: LorenzVec{x=-88.1875, y=71.5625, z=-120.625}
 DistanceC: 15.244392724117148
Relative Position: LorenzVec{x=15.244392724117148, y=-13.528970789652504, z=-5.139049330986651}
 }
13:42:59 `Skeleton`25950 missed {
 is already Found: false).
 Position: LorenzVec{x=-97.9375, y=79.0, z=-100.875}
 DistanceC: 14.780665442176996
Relative Position: LorenzVec{x=3.97171345997441, y=-4.741574587805147, z=14.780665442176996}
 }
13:43:11 `Slime`27141 missed {
 is already Found: false).
 Position: LorenzVec{x=-65.0, y=59.0, z=-130.0}
 DistanceC: 18.412114169465127
Relative Position: LorenzVec{x=18.412114169465127, y=-20.0, z=-6.986577192332504}
 }
13:43:12 `Magma Cube`27160 missed {
 is already Found: false).
 Position: LorenzVec{x=-65.19444444444446, y=96.85763888888889, z=-130.46180555555554}
 DistanceC: 19.26148776684977
Relative Position: LorenzVec{x=19.26148776684977, y=17.857638888888886, z=-7.042845575147538}
 }
13:43:26 `Magma Cube`27180 missed {
 is already Found: false).
 Position: LorenzVec{x=-111.9375, y=62.458333333333336, z=-140.73958333333331}
 DistanceC: 20.278984710626048
Relative Position: LorenzVec{x=-14.697891043692408, y=-16.541666666666664, z=-20.278984710626048}
 }
13:44:20 `cv7ce3z5pi`188 missed {
 is already Found: false).
 Position: LorenzVec{x=-363.5, y=114.0, z=-1028.5}
 DistanceC: 0.9890347865158446
Relative Position: LorenzVec{x=0.9890347865158446, y=0.0, z=-0.2857169355172573}
 }
13:44:21 `0a3842k2t8`187 missed {
 is already Found: false).
 Position: LorenzVec{x=-370.5, y=114.0, z=-1037.5}
 DistanceC: 9.285716935517257
Relative Position: LorenzVec{x=-6.010965213484155, y=0.0, z=-9.285716935517257}
 }
13:44:35 `Guardian`805192 missed {
 is already Found: false).
 Position: LorenzVec{x=-364.46875, y=84.0, z=-1036.78125}
 DistanceC: 8.566966935517257
Relative Position: LorenzVec{x=0.020284786515844644, y=-30.0, z=-8.566966935517257}
 }
13:44:35 `Guardian`805193 missed {
 is already Found: false).
 Position: LorenzVec{x=-364.46875, y=84.59375, z=-1036.78125}
 DistanceC: 8.566966935517257
Relative Position: LorenzVec{x=0.020284786515844644, y=-29.40625, z=-8.566966935517257}
 }
13:44:35 `Guardian`805194 missed {
 is already Found: false).
 Position: LorenzVec{x=-364.46875, y=85.1875, z=-1036.78125}
 DistanceC: 8.566966935517257
Relative Position: LorenzVec{x=0.020284786515844644, y=-28.8125, z=-8.566966935517257}
 }
13:44:35 `Guardian`805195 missed {
 is already Found: false).
 Position: LorenzVec{x=-364.46875, y=85.78125, z=-1036.78125}
 DistanceC: 8.566966935517257
Relative Position: LorenzVec{x=0.020284786515844644, y=-28.21875, z=-8.566966935517257}
 }
13:44:36 `Guardian`805206 missed {
 is already Found: false).
 Position: LorenzVec{x=-369.21875, y=84.0, z=-1034.25}
 DistanceC: 6.035716935517257
Relative Position: LorenzVec{x=-4.729715213484155, y=-30.0, z=-6.035716935517257}
 }
13:44:36 `Guardian`805207 missed {
 is already Found: false).
 Position: LorenzVec{x=-369.21875, y=84.59375, z=-1034.25}
 DistanceC: 6.035716935517257
Relative Position: LorenzVec{x=-4.729715213484155, y=-29.40625, z=-6.035716935517257}
 }
13:44:36 `Guardian`805208 missed {
 is already Found: false).
 Position: LorenzVec{x=-369.21875, y=85.1875, z=-1034.25}
 DistanceC: 6.035716935517257
Relative Position: LorenzVec{x=-4.729715213484155, y=-28.8125, z=-6.035716935517257}
 }
13:44:36 `Guardian`805209 missed {
 is already Found: false).
 Position: LorenzVec{x=-369.21875, y=85.78125, z=-1034.25}
 DistanceC: 6.035716935517257
Relative Position: LorenzVec{x=-4.729715213484155, y=-28.21875, z=-6.035716935517257}
 }
13:47:35 `Zombie`333 missed {
 is already Found: false).
 Position: LorenzVec{x=-142.3125, y=76.09375, z=-127.09375}
 DistanceC: 12.205699812053695
Relative Position: LorenzVec{x=-10.803885388294589, y=-0.90625, z=12.205699812053695}
 }
13:47:35 `Zombie`373 missed {
 is already Found: false).
 Position: LorenzVec{x=-130.15625, y=76.09375, z=-140.34375}
 DistanceC: 1.3523646117054113
Relative Position: LorenzVec{x=1.3523646117054113, y=-0.90625, z=-1.0443001879463054}
 }
13:47:36 `Slime`507 missed {
 is already Found: false).
 Position: LorenzVec{x=-121.0, y=65.0, z=-159.0}
 DistanceC: 19.700550187946305
Relative Position: LorenzVec{x=10.508614611705411, y=-12.0, z=-19.700550187946305}
 }
13:47:36 `Slime`589 missed {
 is already Found: false).
 Position: LorenzVec{x=-115.0, y=59.0, z=-140.0}
 DistanceC: 16.50861461170541
Relative Position: LorenzVec{x=16.50861461170541, y=-18.0, z=-0.7005501879463054}
 }
13:47:39 `Magma Cube`608 missed {
 is already Found: false).
 Position: LorenzVec{x=-115.33620702762443, y=101.31285727895279, z=-140.00720959240712}
 DistanceC: 12.366236223955354
Relative Position: LorenzVec{x=9.60706052734929, y=16.32983992766104, z=-12.366236223955354}
 }
13:47:43 `§cElle `41 missed {
 is already Found: false).
 Position: LorenzVec{x=-104.3125, y=79.0, z=-117.25}
 DistanceC: 4.49673651700698
Relative Position: LorenzVec{x=3.794245944937103, y=0.0, z=-4.49673651700698}
 }
13:47:49 `Magma Cube`308 missed {
 is already Found: false).
 Position: LorenzVec{x=-150.0, y=69.0, z=-111.0}
 DistanceC: 17.187360706111917
Relative Position: LorenzVec{x=-12.776693844659121, y=-9.0, z=17.187360706111917}
 }
13:49:03 `Magma Cube`523 missed {
 is already Found: false).
 Position: LorenzVec{x=-122.26041666666666, y=101.88541666666666, z=-160.91666666666669}
 DistanceC: 21.618091557088178
Relative Position: LorenzVec{x=9.788947385900599, y=24.885416666666657, z=-21.618091557088178}
 }
13:49:04 `Slime`1459 missed {
 is already Found: false).
 Position: LorenzVec{x=-146.0, y=93.0, z=-141.0}
 DistanceC: 13.950635947432744
Relative Position: LorenzVec{x=-13.950635947432744, y=16.0, z=-1.7014248904214924}
 }
13:49:04 `Magma Cube`1472 missed {
 is already Found: false).
 Position: LorenzVec{x=-146.53125, y=90.84375, z=-141.03125}
 DistanceC: 14.481885947432744
Relative Position: LorenzVec{x=-14.481885947432744, y=13.84375, z=-1.7326748904214924}
 }
13:49:04 `Giant`1903 missed {
 is already Found: false).
 Position: LorenzVec{x=-130.24854885641352, y=65.9068434798632, z=-144.8391784193785}
 DistanceC: 5.540603309799991
Relative Position: LorenzVec{x=1.800815196153735, y=-11.093156520136802, z=-5.540603309799991}
 }
13:49:05 `Slime`507 missed {
 is already Found: false).
 Position: LorenzVec{x=-121.0, y=110.0, z=-159.0}
 DistanceC: 19.701424890421492
Relative Position: LorenzVec{x=11.049364052567256, y=33.0, z=-19.701424890421492}
 }
13:49:19 `Giant`3355 missed {
 is already Found: false).
 Position: LorenzVec{x=-89.44791666666667, y=71.5, z=-114.61458333333333}
 DistanceC: 11.735278213029261
Relative Position: LorenzVec{x=6.341464506483661, y=-7.5, z=-11.735278213029261}
 }
13:49:20 `§cElle `41 missed {
 is already Found: false).
 Position: LorenzVec{x=-85.88541666666667, y=79.0, z=-94.75}
 DistanceC: 13.252455557278665
Relative Position: LorenzVec{x=13.252455557278665, y=-6.134970081856068, z=9.516239858871742}
 }
13:49:20 `Giant`3362 missed {
 is already Found: false).
 Position: LorenzVec{x=-110.59375, y=71.5, z=-120.65625}
 DistanceC: 16.390010141128258
Relative Position: LorenzVec{x=-11.455877776054663, y=-13.634970081856068, z=-16.390010141128258}
 }
13:49:21 `Giant`3369 missed {
 is already Found: false).
 Position: LorenzVec{x=-109.625, y=71.5, z=-97.125}
 DistanceC: 8.679486543365428
Relative Position: LorenzVec{x=-1.7757277557747528, y=-15.591470789652504, z=8.679486543365428}
 }
13:49:21 `Zombie`3375 missed {
 is already Found: false).
 Position: LorenzVec{x=-111.34375, y=80.5, z=-94.59375}
 DistanceC: 10.631933861183612
Relative Position: LorenzVec{x=-0.4471090333399417, y=-2.1382227274985866, z=10.631933861183612}
 }
13:49:39 `Giant`4782 missed {
 is already Found: false).
 Position: LorenzVec{x=-108.47916666666666, y=71.5, z=-105.0625}
 DistanceC: 15.083576952959959
Relative Position: LorenzVec{x=-15.083576952959959, y=-7.5, z=13.950232974942338}
 }
13:49:40 `Giant`1912 missed {
 is already Found: false).
 Position: LorenzVec{x=-79.0, y=65.42576395801375, z=-143.5}
 DistanceC: 15.980358312551786
Relative Position: LorenzVec{x=15.980358312551786, y=-13.574236041986254, z=-15.285503167271514}
 }
13:49:47 `Giant`6156 missed {
 is already Found: false).
 Position: LorenzVec{x=-88.46875, y=71.5, z=-123.9375}
 DistanceC: 5.76094369065936
Relative Position: LorenzVec{x=5.76094369065936, y=-7.5, z=5.759420876875538}
 }
13:49:48 `Giant`6149 missed {
 is already Found: false).
 Position: LorenzVec{x=-111.07291666666666, y=71.5, z=-122.08333333333334}
 DistanceC: 16.843222976007297
Relative Position: LorenzVec{x=-16.843222976007297, y=-7.5, z=7.613587543542195}
 }
13:49:53 `Magma Cube`568 missed {
 is already Found: false).
 Position: LorenzVec{x=-65.25, y=90.95833333333333, z=-151.59375}
 DistanceC: 20.888768724654767
Relative Position: LorenzVec{x=13.463848705122672, y=5.858976219480368, z=-20.888768724654767}
 }
13:50:01 `Magma Cube`1982 missed {
 is already Found: false).
 Position: LorenzVec{x=-114.8256172839506, y=98.76234567901236, z=-95.91396604938271}
 DistanceC: 17.581083201289715
Relative Position: LorenzVec{x=-15.550571089384107, y=14.260811794607037, z=17.581083201289715}
 }
13:50:02 `Giant`7548 missed {
 is already Found: false).
 Position: LorenzVec{x=-83.40625, y=71.5, z=-103.0}
 DistanceC: 17.14587820681824
Relative Position: LorenzVec{x=15.92760164383273, y=-13.160491485886922, z=17.14587820681824}
 }
13:50:02 `Magma Cube`1962 missed {
 is already Found: false).
 Position: LorenzVec{x=-118.25, y=78.59375, z=-102.3125}
 DistanceC: 19.774085255873388
Relative Position: LorenzVec{x=-19.13780465590169, y=-7.3026816783925455, z=19.774085255873388}
 }
13:50:06 `Zombie`6267 missed {
 is already Found: false).
 Position: LorenzVec{x=-65.3125, y=75.46875, z=-126.09375}
 DistanceC: 18.388285318160015
Relative Position: LorenzVec{x=18.388285318160015, y=-3.53125, z=-4.020553180326743}
 }
13:50:07 `Giant`1894 missed {
 is already Found: false).
 Position: LorenzVec{x=-64.0, y=65.39116630538479, z=-129.5}
 DistanceC: 14.663557345327362
Relative Position: LorenzVec{x=14.663557345327362, y=-13.608833694615214, z=-2.6502007219159367}
 }
13:50:08 `Slime`555 missed {
 is already Found: false).
 Position: LorenzVec{x=-68.0, y=93.0, z=-151.0}
 DistanceC: 20.296072934022277
Relative Position: LorenzVec{x=12.295772844754268, y=14.0, z=-20.296072934022277}
 }
13:50:30 `Giant`10474 missed {
 is already Found: false).
 Position: LorenzVec{x=-87.28125, y=71.5, z=-118.25}
 DistanceC: 8.701732957972013
Relative Position: LorenzVec{x=-8.701732957972013, y=-7.5, z=-3.278972578775779}
 }
13:50:31 `Giant`10483 missed {
 is already Found: false).
 Position: LorenzVec{x=-88.1875, y=71.5, z=-98.125}
 DistanceC: 17.192626132095626
Relative Position: LorenzVec{x=-9.577954131581151, y=-7.5, z=17.192626132095626}
 }
13:50:38 `Slime`11165 missed {
 is already Found: false).
 Position: LorenzVec{x=-88.0, y=59.0, z=-139.0}
 DistanceC: 10.247578488876087
Relative Position: LorenzVec{x=7.265172088758291, y=-20.0, z=-10.247578488876087}
 }
13:50:39 `Magma Cube`11184 missed {
 is already Found: false).
 Position: LorenzVec{x=-88.53819444444446, y=98.22183641975309, z=-138.98341049382714}
 DistanceC: 11.448225517785872
Relative Position: LorenzVec{x=-5.951182018366239, y=19.22183641975309, z=-11.448225517785872}
 }
13:50:41 `Slime`11145 missed {
 is already Found: false).
 Position: LorenzVec{x=-67.0, y=114.0, z=-112.0}
 DistanceC: 21.327669356166
Relative Position: LorenzVec{x=21.327669356166, y=35.0, z=13.125740902816105}
 }
13:50:47 `Magma Cube`11164 missed {
 is already Found: false).
 Position: LorenzVec{x=-69.2562490474013, y=109.67476375552508, z=-111.36708390489255}
 DistanceC: 17.52119461129567
Relative Position: LorenzVec{x=17.52119461129567, y=30.674763755525078, z=12.005627288138797}
 }
13:53:13 `cv7ce3z5pi`188 missed {
 is already Found: false).
 Position: LorenzVec{x=-363.5, y=114.0, z=-1028.5}
 DistanceC: 3.541177538024783
Relative Position: LorenzVec{x=3.541177538024783, y=0.0, z=-0.3022658349955236}
 }
13:53:13 `0a3842k2t8`187 missed {
 is already Found: false).
 Position: LorenzVec{x=-370.5, y=114.0, z=-1037.5}
 DistanceC: 9.099344156844381
Relative Position: LorenzVec{x=-5.686384040344706, y=0.0, z=-9.099344156844381}
 }
13:54:04 `Guardian`847639 missed {
 is already Found: false).
 Position: LorenzVec{x=-377.46875, y=84.0, z=-1015.6666666666666}
 DistanceC: 20.26688470952911
Relative Position: LorenzVec{x=-6.414819125081237, y=-30.0, z=20.26688470952911}
 }
13:54:04 `Guardian`847640 missed {
 is already Found: false).
 Position: LorenzVec{x=-377.46875, y=84.59375, z=-1015.6666666666666}
 DistanceC: 20.26688470952911
Relative Position: LorenzVec{x=-6.414819125081237, y=-29.40625, z=20.26688470952911}
 }
13:54:04 `Guardian`847641 missed {
 is already Found: false).
 Position: LorenzVec{x=-377.46875, y=85.1875, z=-1015.6666666666666}
 DistanceC: 20.26688470952911
Relative Position: LorenzVec{x=-6.414819125081237, y=-28.8125, z=20.26688470952911}
 }
13:54:04 `Guardian`847642 missed {
 is already Found: false).
 Position: LorenzVec{x=-377.46875, y=85.78125, z=-1015.6666666666666}
 DistanceC: 20.26688470952911
Relative Position: LorenzVec{x=-6.414819125081237, y=-28.21875, z=20.26688470952911}
 }
13:55:30 `9ny729k604`97 missed {
 is already Found: false).
 Position: LorenzVec{x=-131.5, y=101.0, z=-753.5}
 DistanceC: 10.701703015743675
Relative Position: LorenzVec{x=-10.701703015743675, y=9.0, z=0.3189915412524442}
 }
13:55:30 `17pb8g5ew5`98 missed {
 is already Found: false).
 Position: LorenzVec{x=-131.5, y=101.0, z=-755.5}
 DistanceC: 10.701703015743675
Relative Position: LorenzVec{x=-10.701703015743675, y=9.0, z=-1.6810084587475558}
 }
13:55:30 `e48e2r8gm4`121 missed {
 is already Found: false).
 Position: LorenzVec{x=-117.5, y=105.0, z=-754.5}
 DistanceC: 3.298296984256325
Relative Position: LorenzVec{x=3.298296984256325, y=13.0, z=-0.6810084587475558}
 }
13:55:48 `Blaze`850892 missed {
 is already Found: false).
 Position: LorenzVec{x=-353.4375, y=139.0, z=-1012.46875}
 DistanceC: 18.963224004343147
Relative Position: LorenzVec{x=18.516268398905538, y=25.0, z=18.963224004343147}
 }
13:55:51 `0a3842k2t8`187 missed {
 is already Found: false).
 Position: LorenzVec{x=-370.5, y=114.0, z=-1037.5}
 DistanceC: 8.829174796272355
Relative Position: LorenzVec{x=-5.081498435110916, y=0.0, z=-8.829174796272355}
 }
13:55:51 `cv7ce3z5pi`188 missed {
 is already Found: false).
 Position: LorenzVec{x=-363.5, y=114.0, z=-1028.5}
 DistanceC: 1.918501564889084
Relative Position: LorenzVec{x=1.918501564889084, y=0.0, z=0.1708252037276452}
 }
13:55:55 `Guardian`851802 missed {
 is already Found: false).
 Position: LorenzVec{x=-357.0104166666667, y=89.0, z=-1010.0625}
 DistanceC: 19.993234448852263
Relative Position: LorenzVec{x=10.504920563163296, y=-25.0, z=19.993234448852263}
 }
13:55:55 `Guardian`851803 missed {
 is already Found: false).
 Position: LorenzVec{x=-357.0104166666667, y=89.59375, z=-1010.0625}
 DistanceC: 19.993234448852263
Relative Position: LorenzVec{x=10.504920563163296, y=-24.40625, z=19.993234448852263}
 }
13:55:55 `Guardian`851804 missed {
 is already Found: false).
 Position: LorenzVec{x=-357.0104166666667, y=90.1875, z=-1010.0625}
 DistanceC: 19.993234448852263
Relative Position: LorenzVec{x=10.504920563163296, y=-23.8125, z=19.993234448852263}
 }
13:55:55 `Guardian`851805 missed {
 is already Found: false).
 Position: LorenzVec{x=-357.0104166666667, y=90.78125, z=-1010.0625}
 DistanceC: 19.993234448852263
Relative Position: LorenzVec{x=10.504920563163296, y=-23.21875, z=19.993234448852263}
 }
13:57:10 `Slime`211981 missed {
 is already Found: false).
 Position: LorenzVec{x=-91.53125, y=68.15625, z=-140.40625}
 DistanceC: 20.323796801416137
Relative Position: LorenzVec{x=-20.323796801416137, y=-10.84375, z=-5.699710869111641}
 }
13:57:12 `Magma Cube`211997 missed {
 is already Found: false).
 Position: LorenzVec{x=-88.70833333333334, y=98.30902777777777, z=-139.77739197530866}
 DistanceC: 13.410728472689641
Relative Position: LorenzVec{x=-13.410728472689641, y=19.30902777777777, z=-3.4814886374934417}
 }
13:57:15 `Zombie`212037 missed {
 is already Found: false).
 Position: LorenzVec{x=-65.3125, y=76.09375, z=-126.09375}
 DistanceC: 11.926201607477424
Relative Position: LorenzVec{x=11.105726058136057, y=-0.90625, z=11.926201607477424}
 }
13:57:15 `Zombie`212070 missed {
 is already Found: false).
 Position: LorenzVec{x=-78.3125, y=76.09375, z=-139.09375}
 DistanceC: 1.8942739418639434
Relative Position: LorenzVec{x=-1.8942739418639434, y=-0.90625, z=-1.0737983925225763}
 }
13:57:16 `Slime`211964 missed {
 is already Found: false).
 Position: LorenzVec{x=-91.53125, y=105.15625, z=-157.40625}
 DistanceC: 19.809226466639075
Relative Position: LorenzVec{x=-15.297296493743104, y=28.15625, z=-19.809226466639075}
 }
13:57:16 `Magma Cube`211980 missed {
 is already Found: false).
 Position: LorenzVec{x=-91.34375, y=91.625, z=-157.03125}
 DistanceC: 19.434226466639075
Relative Position: LorenzVec{x=-15.109796493743104, y=14.625, z=-19.434226466639075}
 }
13:57:16 `Slime`212071 missed {
 is already Found: false).
 Position: LorenzVec{x=-87.0, y=67.0, z=-145.0}
 DistanceC: 10.826482515279693
Relative Position: LorenzVec{x=-10.826482515279693, y=-10.0, z=-7.398483482020083}
 }
13:57:18 `Magma Cube`212084 missed {
 is already Found: false).
 Position: LorenzVec{x=-84.46875, y=90.875, z=-144.375}
 DistanceC: 8.678126330144607
Relative Position: LorenzVec{x=-8.678126330144607, y=12.875, z=-8.27867685099477}
 }
13:57:25 `Magma Cube`212336 missed {
 is already Found: false).
 Position: LorenzVec{x=-64.65625, y=109.0, z=-108.625}
 DistanceC: 19.728122704105047
Relative Position: LorenzVec{x=19.728122704105047, y=26.233632006042484, z=13.960679556732302}
 }
13:57:28 `Slime`212317 missed {
 is already Found: false).
 Position: LorenzVec{x=-67.0, y=114.0, z=-112.0}
 DistanceC: 17.202532788844394
Relative Position: LorenzVec{x=11.612399407748825, y=35.0, z=17.202532788844394}
 }
13:57:37 `Giant`212018 missed {
 is already Found: false).
 Position: LorenzVec{x=-145.59375, y=65.48624535696344, z=-84.53125}
 DistanceC: 4.297577161250842
Relative Position: LorenzVec{x=-4.297577161250842, y=-11.513754643036563, z=0.17226378009482346}
 }
13:57:37 `Zombie`212026 missed {
 is already Found: false).
 Position: LorenzVec{x=-146.90625, y=75.25, z=-81.09375}
 DistanceC: 5.610077161250842
Relative Position: LorenzVec{x=-5.610077161250842, y=-1.75, z=3.6097637800948235}
 }
13:57:57 `Zombie`212059 missed {
 is already Found: false).
 Position: LorenzVec{x=-135.46875, y=76.40625, z=-121.46875}
 DistanceC: 9.447305364683785
Relative Position: LorenzVec{x=-8.88285837487635, y=-4.984589494630043, z=-9.447305364683785}
 }
13:58:02 `Magma Cube`212276 missed {
 is already Found: false).
 Position: LorenzVec{x=-107.96875, y=108.8125, z=-142.4375}
 DistanceC: 13.160002898146743
Relative Position: LorenzVec{x=-13.160002898146743, y=29.8125, z=-11.27066122852193}
 }
13:58:02 `Slime`212257 missed {
 is already Found: false).
 Position: LorenzVec{x=-115.0, y=114.0, z=-140.0}
 DistanceC: 20.191252898146743
Relative Position: LorenzVec{x=-20.191252898146743, y=35.0, z=-8.83316122852193}
 }
13:58:03 `Magma Cube`213796 missed {
 is already Found: false).
 Position: LorenzVec{x=-85.34375, y=102.34375, z=-145.59375}
 DistanceC: 14.42691122852193
Relative Position: LorenzVec{x=9.464997101853257, y=23.34375, z=-14.42691122852193}
 }
13:58:03 `Slime`213780 missed {
 is already Found: false).
 Position: LorenzVec{x=-87.0, y=110.0, z=-145.0}
 DistanceC: 13.83316122852193
Relative Position: LorenzVec{x=7.808747101853257, y=31.0, z=-13.83316122852193}
 }
13:58:12 `Magma Cube`212002 missed {
 is already Found: false).
 Position: LorenzVec{x=-150.0, y=69.0, z=-111.0}
 DistanceC: 16.270754519484797
Relative Position: LorenzVec{x=-16.270754519484797, y=-10.0, z=12.719808606524367}
 }
13:58:26 `Magma Cube`212316 missed {
 is already Found: false).
 Position: LorenzVec{x=-104.71064814814815, y=83.37037037037038, z=-115.23765432098764}
 DistanceC: 14.001460393183805
Relative Position: LorenzVec{x=3.2223240046132418, y=0.11482720061997043, z=-14.001460393183805}
 }
13:58:36 `Magma Cube`212296 missed {
 is already Found: false).
 Position: LorenzVec{x=-80.90625, y=105.21875, z=-86.40625}
 DistanceC: 14.400111652318685
Relative Position: LorenzVec{x=-14.400111652318685, y=29.21875, z=0.9985536416854046}
 }
13:58:39 `Zombie`212017 missed {
 is already Found: false).
 Position: LorenzVec{x=-63.40625, y=76.40625, z=-84.5}
 DistanceC: 1.7143555692282746
Relative Position: LorenzVec{x=1.4789237766340761, y=0.40625, z=1.7143555692282746}
 }
13:58:39 `Slime`212277 missed {
 is already Found: false).
 Position: LorenzVec{x=-71.0, y=114.0, z=-80.0}
 DistanceC: 8.357811693424082
Relative Position: LorenzVec{x=-8.357811693424082, y=34.24482597210705, z=5.000665085663883}
 }
13:58:40 `Slime`212192 missed {
 is already Found: false).
 Position: LorenzVec{x=-56.52083333333333, y=81.92708333333334, z=-78.79166666666666}
 DistanceC: 6.210729552900602
Relative Position: LorenzVec{x=6.126974366438546, y=5.0540203128963554, z=6.210729552900602}
 }
13:58:40 `Magma Cube`212205 missed {
 is already Found: false).
 Position: LorenzVec{x=-55.125, y=83.28125, z=-75.75}
 DistanceC: 9.40390897850169
Relative Position: LorenzVec{x=7.620521160597043, y=9.655737742456267, z=9.40390897850169}
 }
13:58:49 `Slime`212192 missed {
 is already Found: false).
 Position: LorenzVec{x=-50.0, y=93.0, z=-84.0}
 DistanceC: 14.701851094653392
Relative Position: LorenzVec{x=14.701851094653392, y=17.0, z=1.7009643426271595}
 }
13:58:50 `Slime`212206 missed {
 is already Found: false).
 Position: LorenzVec{x=-65.0, y=110.0, z=-64.0}
 DistanceC: 21.70096434262716
Relative Position: LorenzVec{x=-0.29814890534660776, y=34.0, z=21.70096434262716}
 }
13:59:06 `Magma Cube`212222 missed {
 is already Found: false).
 Position: LorenzVec{x=-64.21875, y=102.4375, z=-64.28125}
 DistanceC: 21.82396207840054
Relative Position: LorenzVec{x=0.7573037013497128, y=26.4375, z=21.82396207840054}
 }
13:59:08 `Slime`212192 missed {
 is already Found: false).
 Position: LorenzVec{x=-49.0625, y=86.25, z=-88.9375}
 DistanceC: 17.4550278079747
Relative Position: LorenzVec{x=17.4550278079747, y=9.886631466943015, z=-1.237500011920929}
 }
13:59:15 `§cElle `211756 missed {
 is already Found: false).
 Position: LorenzVec{x=-81.71875, y=79.0, z=-98.32291666666666}
 DistanceC: 16.479245603265525
Relative Position: LorenzVec{x=-16.479245603265525, y=3.0, z=-12.51835427632028}
 }
13:59:27 `Magma Cube`217431 missed {
 is already Found: false).
 Position: LorenzVec{x=-56.989583333333336, y=88.66666666666667, z=-91.375}
 DistanceC: 4.6322358715046335
Relative Position: LorenzVec{x=4.6322358715046335, y=9.900298672709155, z=-3.831385237399104}
 }
13:59:28 `Slime`217412 missed {
 is already Found: false).
 Position: LorenzVec{x=-57.0, y=59.0, z=-93.0}
 DistanceC: 8.234404653809804
Relative Position: LorenzVec{x=8.234404653809804, y=-17.0, z=-5.634925944073586}
 }
13:59:47 `Slime`219291 missed {
 is already Found: false).
 Position: LorenzVec{x=-71.0, y=59.0, z=-80.0}
 DistanceC: 7.672420585639983
Relative Position: LorenzVec{x=1.2670425097677054, y=-21.941200039172173, z=7.672420585639983}
 }
13:59:47 `Magma Cube`219310 missed {
 is already Found: false).
 Position: LorenzVec{x=-71.51431755829904, y=91.37742912665752, z=-79.48568244170096}
 DistanceC: 8.307945396831954
Relative Position: LorenzVec{x=1.9421260625830996, y=7.700496913527388, z=8.307945396831954}
 }
13:59:48 `Magma Cube`216837 missed {
 is already Found: false).
 Position: LorenzVec{x=-64.61458333333333, y=108.91666666666667, z=-109.21875}
 DistanceC: 19.86226272744335
Relative Position: LorenzVec{x=13.762848305195007, y=29.97245356264331, z=-19.86226272744335}
 }
13:59:59 `§cElle `211756 missed {
 is already Found: false).
 Position: LorenzVec{x=-102.0, y=79.0, z=-112.5}
 DistanceC: 7.140263211060116
Relative Position: LorenzVec{x=-1.4405162848224506, y=0.0, z=7.140263211060116}
 }
14:01:39 `fasdo5jd7j`187 missed {
 is already Found: false).
 Position: LorenzVec{x=-370.5, y=114.0, z=-1037.5}
 DistanceC: 2.0
Relative Position: LorenzVec{x=2.0, y=0.0, z=-1.0}
 }
14:01:39 `t2lf913iqe`188 missed {
 is already Found: false).
 Position: LorenzVec{x=-363.5, y=114.0, z=-1028.5}
 DistanceC: 9.0
Relative Position: LorenzVec{x=9.0, y=0.0, z=8.0}
 }
14:02:44 `6165npt7af`24 missed {
 is already Found: false).
 Position: LorenzVec{x=-15.5, y=114.0, z=-915.5}
 DistanceC: 20.832778406486455
Relative Position: LorenzVec{x=17.783693176887994, y=0.0, z=20.832778406486455}
 }
14:03:15 `71iyc4p7qq`119 missed {
 is already Found: false).
 Position: LorenzVec{x=-16.0, y=123.0, z=-882.5}
 DistanceC: 21.376805682277805
Relative Position: LorenzVec{x=21.376805682277805, y=7.979999989271164, z=-3.4450300997731347}
 }
14:04:55 `fasdo5jd7j`187 missed {
 is already Found: false).
 Position: LorenzVec{x=-370.5, y=114.0, z=-1037.5}
 DistanceC: 2.5391122892583553
Relative Position: LorenzVec{x=1.9396915192863844, y=-5.773432754562364, z=-2.5391122892583553}
 }
14:04:55 `t2lf913iqe`188 missed {
 is already Found: false).
 Position: LorenzVec{x=-363.5, y=114.0, z=-1028.5}
 DistanceC: 8.939691519286384
Relative Position: LorenzVec{x=8.939691519286384, y=-5.773432754562364, z=6.460887710741645}
 }
14:06:11 `fasdo5jd7j`187 missed {
 is already Found: false).
 Position: LorenzVec{x=-370.5, y=114.0, z=-1037.5}
 DistanceC: 15.800000011920929
Relative Position: LorenzVec{x=3.199999988079071, y=-19.0, z=-15.800000011920929}
 }
14:06:11 `t2lf913iqe`188 missed {
 is already Found: false).
 Position: LorenzVec{x=-363.5, y=114.0, z=-1028.5}
 DistanceC: 10.199999988079071
Relative Position: LorenzVec{x=10.199999988079071, y=-19.0, z=-6.800000011920929}
 }
14:06:25 `Guardian`736425 missed {
 is already Found: false).
 Position: LorenzVec{x=-344.03125, y=84.0, z=-1001.78125}
 DistanceC: 20.509909455179525
Relative Position: LorenzVec{x=20.509909455179525, y=-52.020000010728836, z=-7.158041944217075}
 }
14:06:25 `Guardian`736426 missed {
 is already Found: false).
 Position: LorenzVec{x=-344.03125, y=84.59375, z=-1001.78125}
 DistanceC: 20.509909455179525
Relative Position: LorenzVec{x=20.509909455179525, y=-51.426250010728836, z=-7.158041944217075}
 }
14:06:25 `Guardian`736427 missed {
 is already Found: false).
 Position: LorenzVec{x=-344.03125, y=85.1875, z=-1001.78125}
 DistanceC: 20.509909455179525
Relative Position: LorenzVec{x=20.509909455179525, y=-50.832500010728836, z=-7.158041944217075}
 }
14:06:25 `Guardian`736428 missed {
 is already Found: false).
 Position: LorenzVec{x=-344.03125, y=85.78125, z=-1001.78125}
 DistanceC: 20.509909455179525
Relative Position: LorenzVec{x=20.509909455179525, y=-50.238750010728836, z=-7.158041944217075}
 }
14:06:28 `Blaze`729674 missed {
 is already Found: false).
 Position: LorenzVec{x=-343.2291666666667, y=84.01041666666667, z=-1001.96875}
 DistanceC: 21.302381236149927
Relative Position: LorenzVec{x=21.302381236149927, y=-52.98958333333333, z=-10.668749988079071}
 }
14:08:00 `fasdo5jd7j`187 missed {
 is already Found: false).
 Position: LorenzVec{x=-370.5, y=114.0, z=-1037.5}
 DistanceC: 3.0
Relative Position: LorenzVec{x=0.0, y=0.0, z=-3.0}
 }
14:08:00 `t2lf913iqe`188 missed {
 is already Found: false).
 Position: LorenzVec{x=-363.5, y=114.0, z=-1028.5}
 DistanceC: 7.0
Relative Position: LorenzVec{x=7.0, y=0.0, z=6.0}
 }
