22:17:51 §b[MVP§e+§b] Sebbebas§f §6joined the lobby!
22:17:53 §b[MVP§e+§b] Mr_Waysa§f §6joined the lobby!
22:17:54 §b[MVP§f+§b] ORIGINALROADMAN§f §6joined the lobby!
22:17:54 §b[MVP§2+§b] DoomRutabaga§f §6joined the lobby!
22:17:56  §b>§c>§a>§r §r§6[MVP§0++§6] RealSuper§f §6joined the lobby!§r §a<§c<§b<
22:18:08 §b[MVP§6+§b] loutuuclapssuper§f §6joined the lobby!
22:18:13 §b[MVP§d+§b] Redrafted§f §6joined the lobby!
22:18:15 §b[MVP§0+§b] pebblesok§f §6joined the lobby!
22:18:20  §b>§c>§a>§r §r§6[MVP§c++§6] NotDewier§f §6joined the lobby!§r §a<§c<§b<
22:18:22 §b[MVP§8+§b] bypz§f §6joined the lobby!
22:18:22 §b[MVP§8+§b] Kryptoke§f §6joined the lobby!
22:18:22  §b>§c>§a>§r §r§6[MVP§0++§6] frostblows§f §6joined the lobby!§r §a<§c<§b<
22:18:22 §b[MVP§0+§b] EREEN§f §6joined the lobby!
22:18:22  §b>§c>§a>§r §r§6[MVP§8++§6] YUNGMILANN§f §6joined the lobby!§r §a<§c<§b<
22:18:22 §b[MVP§8+§b] brandvn§f §6joined the lobby!
22:18:39  §b>§c>§a>§r §r§b[MVP§9++§b] sukcius§f §6joined the lobby!§r §a<§c<§b<
22:18:45 §b[MVP§a+§b] arisnt§f §6joined the lobby!
22:18:54  §b>§c>§a>§r §r§6[MVP§a++§6] XerZeZ§f §6joined the lobby!§r §a<§c<§b<
22:18:58  §b>§c>§a>§r §r§6[MVP§3++§6] FacebookMessages§f §6joined the lobby!§r §a<§c<§b<
22:19:01 §b[MVP§2+§b] LordClamstips§f §6joined the lobby!
22:19:02 §b[MVP§c+§b] JustSferio739§f §6joined the lobby!
22:19:04  §b>§c>§a>§r §r§6[MVP§0++§6] smhliv§f §6joined the lobby!§r §a<§c<§b<
22:19:12 §b[MVP§f+§b] FifaOriginal§f §6joined the lobby!
22:19:16  §b>§c>§a>§r §r§6[MVP§2++§6] Netpid§f §6joined the lobby!§r §a<§c<§b<
22:19:23  §b>§c>§a>§r §r§6[MVP§4++§6] RhettWH§f §6joined the lobby!§r §a<§c<§b<
22:19:24 §b[MVP§6+§b] Laeticiaa§f §6joined the lobby!
22:19:28 §b[MVP§c+§b] Antesioo_§f §6joined the lobby!
22:19:28 §b[MVP§4+§b] shinenpeace§f §6joined the lobby!
22:19:36  §b>§c>§a>§r §r§6[MVP§3++§6] FacebookMessages§f §6joined the lobby!§r §a<§c<§b<
22:19:40 §b[MVP§4+§b] Coulex§f §6joined the lobby!
22:19:40 §b[MVP§c+§b] RadioLord§f §6joined the lobby!
22:19:44 §b[MVP§6+§b] oSvr§f §6joined the lobby!
22:19:49 §b[MVP§9+§b] orqnged§f §6joined the lobby!
22:20:02 §b[MVP§e+§b] Sebbebas§f §6joined the lobby!
22:20:02 §b[MVP§9+§b] DemonNicko§f §6joined the lobby!
22:20:05 §b[MVP§3+§b] Mo_dou§f §6joined the lobby!
