17:11:21 §e[SkyHanni] §aSkyHanni found a new update: 0.26 Beta 24, starting to download now.§r
17:11:26 §e[SkyHanni] Download of update complete. §r
17:11:26 §e[SkyHanni] §aThe update will be installed after your next restart.§r
17:12:02 §e[SkyHanni] You have gained §b350 §eBits.§r
17:27:13 §e[SkyHanni] Wrong slayer selected! You have Voidgloom Seraph selected and you are in an Tarantula Broodfather area!§r
17:35:03 §e[SkyHanni] Reset Reputation Helper.§r
17:42:29 §e[SkyHanni] You have gained §b350 §eBits.§r
17:44:00 §e[SkyHanni] You have gained §b42 §eBits.§r
17:57:05 §6§lBESTIARY §r§b§lKuudra Knocker §7§8XI §8➡§b §bXII§r
18:03:49 §6§lBESTIARY §r§b§lKuudra Follower §7§8X §8➡§b §bXI§r
18:09:36 §6§lBESTIARY §r§b§lExplosive Imp §7§8XI §8➡§b §bXII§r
18:09:54 §6§lBESTIARY §r§b§lWither Sentry §7§8I §8➡§b §bII§r
18:10:25 §6§lBESTIARY §r§b§lBlazing Golem §7§bI§r
18:11:15 §e[SkyHanni] §b+63 SkyBlock XP §7(Defeated Kuudra Burning Tier§7)§b (48/100)§r
18:14:14 §6§lBESTIARY §r§b§lBlight §7§8XI §8➡§b §bXII§r
18:19:08 §6§lBESTIARY §r§b§lKuudra Berserker §7§8X §8➡§b §bXI§r
18:19:08 §6§lBESTIARY §r§b§lKuudra Landmine §7§8XI §8➡§b §bXII§r
18:20:43 §6§lBESTIARY §r§b§lInferno Magma Cube §7§8XI §8➡§b §bXII§r
18:20:43 §6§lBESTIARY §r§b§lWandering Blaze §7§8XI §8➡§b §bXII§r
18:33:39 §6§lBESTIARY §r§b§lDropship §7§bI§r
18:35:22 §e[SkyHanni] §cYour Time Tower just expired and has 2 charges remaining. Click here to use one.§r
18:38:06 §6§lBESTIARY §r§b§lKuudra Slasher §7§8VI §8➡§b §bVII§r
18:38:14 §6§lBESTIARY §r§b§lWither Sentry §7§8II §8➡§b §bIII§r
18:38:17 §6§lBESTIARY §r§b§lBlazing Golem §7§8I §8➡§b §bII§r
18:39:41 §6§lBESTIARY §r§b§lBlazing Golem §7§8II §8➡§b §bIII§r
18:49:35 §e[SkyHanni] You have gained §b518 §eBits.§r
18:52:25 §e[SkyHanni] §b+7 SkyBlock XP §7(Essence Shop§7)§b (65/100)§r
18:57:59 §6§lBESTIARY §r§b§lDropship §7§8I §8➡§b §bII§r
19:04:26 §6§lBESTIARY §r§b§lBlazing Golem §7§8III §8➡§b §bIV§r
19:05:29 §e[SkyHanni] You have gained §b56 §eBits.§r
19:13:06 §e[SkyHanni] You have gained §b350 §eBits.§r
