14:35:28 [EMPTY] §f §r§r§r§f §r§r§r§1 §r§r§r§0 §r§r§r§2 §r§r§r§f §r§r§r§f §r§r§r§2 §r§r§r§0 §r§r§r§4 §r§r§r§3 §r§r§r§9 §r§r§r§2 §r§r§r§0 §r§r§r§0 §r§r§r§3 §r§r§r§9 §r§r§r§2 §r§r§r§0 §r§r§r§0 §r§r§r§3 §r§r§r§9 §r§r§r§2 §r§r§r§0 §r§r§r§0 
14:35:28 [LOBBY] §b[MVP§f+§b] Sebbebas§f §6joined the lobby!
14:35:28 [LOBBY] §b[MVP§2+§b] UnknownBoy9§f §6joined the lobby!
14:35:28 [LOBBY] §b[MVP§4+§b] oItsKira§f §6joined the lobby!
14:35:28 [LOBBY]   §r§f§l➤ §r§6You have reached your Hype limit! Add Hype to Prototype Lobby minigames by right-clicking with the Hype Diamond!
14:35:28 [LOBBY] §b[MVP§c+§b] Mayhem359§f §6joined the lobby!
14:35:29 [LOBBY] §b[MVP§f+§b] Harvvster§f §6joined the lobby!
14:35:32 [LOBBY] §b[MVP§2+§b] fishstopper§f §6joined the lobby!
14:35:39 [LOBBY] §b[MVP§c+§b] TheWeaselWarrior§f §6joined the lobby!
14:35:40 [LOBBY] §b[MVP§2+§b] Legohjalten§f §6joined the lobby!
14:35:40 [LOBBY] §b[MVP§f+§b] emmaalouaxx§f §6joined the lobby!
14:35:40 [LOBBY] §b[MVP§c+§b] ttvStormy§f §6joined the lobby!
14:35:40 [LOBBY] §b[MVP§c+§b] TheRealArtorias§f §6joined the lobby!
14:35:42 [LOBBY] §b[MVP§d+§b] Frenzyfury§f §6joined the lobby!
14:35:47 [WARPING] §7Sending to server mini39CB...
14:35:47 [EMPTY] §8 §r§8 §r§1 §r§3 §r§3 §r§7 §r§8 
14:35:50 [EMPTY] 
14:35:50 [WELCOME] §eWelcome to §r§aHypixel SkyBlock§r§e!
14:35:50 [EMPTY] 
14:35:51 [PROFILE_JOIN] §aYou are playing on profile: §eBanana§b (Co-op)
14:35:51 [PROFILE_JOIN] §8Profile ID: b1a71305-1956-42bf-90e4-bce6f7285754
14:35:52 [SKYMALL] §bNew day! §r§eYour §r§2Sky Mall §r§ebuff changed!
14:35:52 [SKYMALL] §eNew buff§r§r§r: §r§fReduce Pickaxe Ability cooldown by §r§a20%§r§f.
14:35:52 [SKYMALL] §8§oYou can disable this messaging by toggling Sky Mall in your /hotm!
14:40:34 [WARPING] §7Sending to server mini15BS...
14:40:35 [EMPTY] §8 §r§8 §r§1 §r§3 §r§3 §r§7 §r§8 
14:40:38 [PROFILE_JOIN] §aYou are playing on profile: §eBanana§b (Co-op)
14:40:38 [PROFILE_JOIN] §8Profile ID: b1a71305-1956-42bf-90e4-bce6f7285754
14:41:12 [WARPING] §7Sending to server mini68CM...
14:41:13 [EMPTY] §8 §r§8 §r§1 §r§3 §r§3 §r§7 §r§8 
14:41:16 [PROFILE_JOIN] §aYou are playing on profile: §eBanana§b (Co-op)
14:41:16 [PROFILE_JOIN] §8Profile ID: b1a71305-1956-42bf-90e4-bce6f7285754
14:42:27 [WARPING] §7Sending to server mini100AW...
14:42:28 [EMPTY] §8 §r§8 §r§1 §r§3 §r§3 §r§7 §r§8 
14:42:31 [PROFILE_JOIN] §aYou are playing on profile: §eBanana§b (Co-op)
14:42:31 [PROFILE_JOIN] §8Profile ID: b1a71305-1956-42bf-90e4-bce6f7285754
14:43:50 [WARPING] §7Sending to server mini223A...
14:43:52 [EMPTY] §8 §r§8 §r§1 §r§3 §r§3 §r§7 §r§8 
14:43:56 [PROFILE_JOIN] §aYou are playing on profile: §eBanana§b (Co-op)
14:43:56 [PROFILE_JOIN] §8Profile ID: b1a71305-1956-42bf-90e4-bce6f7285754
14:48:39 [EMPTY] 
14:48:39 [EMPTY] 
14:48:39 [EMPTY] 
14:48:39 [EMPTY] 
14:48:41 [EMPTY] 
14:48:41 [EMPTY] 
14:48:57 [EMPTY] 
14:48:57 [EMPTY] 
14:48:59 [WARPING] §7Warping...
14:49:00 [WARPING] §7Sending to server mini37CR...
14:49:01 [EMPTY] §8 §r§8 §r§1 §r§3 §r§3 §r§7 §r§8 
14:49:01 [WARPING] §7Warping...
14:49:03 [WARPING] §7Warping...
14:49:03 [WARPING] §7Sending to server mini78DT...
14:49:03 [PROFILE_JOIN] §aYou are playing on profile: §eBanana§b (Co-op)
14:49:04 [EMPTY] §8 §r§8 §r§1 §r§3 §r§3 §r§7 §r§8 
14:49:07 [PROFILE_JOIN] §aYou are playing on profile: §eBanana§b (Co-op)
14:49:07 [PROFILE_JOIN] §8Profile ID: b1a71305-1956-42bf-90e4-bce6f7285754
14:49:19 [WARPING] §7Sending to server mini5CT...
14:49:19 [EMPTY] §8 §r§8 §r§1 §r§3 §r§3 §r§7 §r§8 
14:49:22 [PROFILE_JOIN] §aYou are playing on profile: §eBanana§b (Co-op)
14:49:22 [PROFILE_JOIN] §8Profile ID: b1a71305-1956-42bf-90e4-bce6f7285754
14:49:59 [WARPING] §7Sending to server mini78DT...
14:49:59 [EMPTY] §8 §r§8 §r§1 §r§3 §r§3 §r§7 §r§8 
14:50:02 [PROFILE_JOIN] §aYou are playing on profile: §eBanana§b (Co-op)
14:50:02 [PROFILE_JOIN] §8Profile ID: b1a71305-1956-42bf-90e4-bce6f7285754
14:50:34 [WARPING] §7Sending to server mini78R...
14:50:35 [EMPTY] §8 §r§8 §r§1 §r§3 §r§3 §r§7 §r§8 
14:50:37 [PROFILE_JOIN] §aYou are playing on profile: §eBanana§b (Co-op)
14:50:37 [PROFILE_JOIN] §8Profile ID: b1a71305-1956-42bf-90e4-bce6f7285754
14:54:18 [EMPTY] 
14:54:18 [EMPTY] 
14:54:18 [EMPTY] 
14:54:27 [EMPTY] 
14:54:27 [EMPTY] 
14:54:27 [EMPTY] 
14:54:36 [EMPTY] 
14:54:36 [EMPTY] 
14:54:36 [EMPTY] 
14:55:03 [SKYMALL] §bNew day! §r§eYour §r§2Sky Mall §r§ebuff changed!
14:55:03 [SKYMALL] §eNew buff§r§r§r: §r§fReduce Pickaxe Ability cooldown by §r§a20%§r§f.
14:55:03 [SKYMALL] §8§oYou can disable this messaging by toggling Sky Mall in your /hotm!
14:55:39 [GUILD_EXP] §aYou earned §r§2590 GEXP §r§a+ §r§e1,770 Event EXP §r§afrom playing SkyBlock!
14:55:41 [EMPTY] 
14:55:41 [EMPTY] 
14:55:41 [EMPTY] 
14:55:41 [EMPTY] 
14:55:43 [EMPTY] 
14:55:43 [EMPTY] 
14:56:07 [EMPTY] 
14:56:07 [EMPTY] 
14:56:10 [WARPING] §7Warping...
14:56:10 [WARPING] §7Sending to server mini232T...
14:56:11 [EMPTY] §8 §r§8 §r§1 §r§3 §r§3 §r§7 §r§8 
14:56:14 [PROFILE_JOIN] §aYou are playing on profile: §eBanana§b (Co-op)
14:56:14 [PROFILE_JOIN] §8Profile ID: b1a71305-1956-42bf-90e4-bce6f7285754
14:59:19 [GUILD_EXP] §aYou earned §r§2198 GEXP §r§a+ §r§e594 Event EXP §r§afrom playing SkyBlock!
15:02:55 [WARPING] §7Sending to server mini189AC...
15:02:55 [EMPTY] §8 §r§8 §r§1 §r§3 §r§3 §r§7 §r§8 
15:02:58 [PROFILE_JOIN] §aYou are playing on profile: §eBanana§b (Co-op)
15:02:58 [PROFILE_JOIN] §8Profile ID: b1a71305-1956-42bf-90e4-bce6f7285754
15:04:12 [WARPING] §7Warping...
15:04:12 [WARPING] §7Sending to server mini143AG...
15:04:12 [EMPTY] §8 §r§8 §r§1 §r§3 §r§3 §r§7 §r§8 
15:04:15 [PROFILE_JOIN] §aYou are playing on profile: §eBanana§b (Co-op)
15:04:15 [PROFILE_JOIN] §8Profile ID: b1a71305-1956-42bf-90e4-bce6f7285754
15:04:58 [WARPING] §7Sending to server mini35AG...
15:04:59 [EMPTY] §8 §r§8 §r§1 §r§3 §r§3 §r§7 §r§8 
15:05:02 [PROFILE_JOIN] §aYou are playing on profile: §eBanana§b (Co-op)
15:05:02 [PROFILE_JOIN] §8Profile ID: b1a71305-1956-42bf-90e4-bce6f7285754
15:08:40 [EMPTY] 
15:08:41 [EMPTY] 
15:08:41 [EMPTY] 
15:08:41 [EMPTY] 
15:08:42 [EMPTY] 
15:08:42 [EMPTY] 
15:09:00 [EMPTY] 
15:09:00 [EMPTY] 
15:09:02 [WARPING] §7Warping...
15:09:02 [WARPING] §7Sending to server mini94N...
15:09:03 [EMPTY] §8 §r§8 §r§1 §r§3 §r§3 §r§7 §r§8 
15:09:06 [PROFILE_JOIN] §aYou are playing on profile: §eBanana§b (Co-op)
15:09:06 [PROFILE_JOIN] §8Profile ID: b1a71305-1956-42bf-90e4-bce6f7285754
15:10:38 [WARPING] §7Sending to server mini1028W...
15:10:39 [EMPTY] §8 §r§8 §r§1 §r§3 §r§3 §r§7 §r§8 
15:10:42 [PROFILE_JOIN] §aYou are playing on profile: §eBanana§b (Co-op)
15:10:42 [PROFILE_JOIN] §8Profile ID: b1a71305-1956-42bf-90e4-bce6f7285754
15:12:28 [EMPTY]  
15:12:28 [BESTIARY] §f                                  §6§lBESTIARY
15:12:28 [BESTIARY] §f                       §b§lLonely Spider §7§8XVI §8➡§b §bXVII
15:12:28 [BESTIARY] 
15:12:28 [BESTIARY] §f                                  §r§6§lREWARDS
15:12:28 [BESTIARY] §f                     §r§8+§r§a5 Lonely Spider §r§b✯ Magic Find
15:12:28 [BESTIARY] §f                      §r§8+§r§a5 Lonely Spider §r§c❁ Strength
15:12:28 [BESTIARY] §f                         §r§8+§r§62% §r§aLonely Spider §r§7coins
15:12:28 [BESTIARY] §f                    §r§8+§r§a50% §r§7chance for extra XP orbs
15:12:28 [BESTIARY] §f                               §r§8+§r§b1 SkyBlock XP
15:12:28 [BESTIARY] 
15:12:28 [BESTIARY] §3§l▬▬▬▬▬▬▬▬▬▬▬▬▬▬▬▬▬▬▬▬▬▬▬▬▬▬▬▬▬▬▬▬▬▬▬▬▬▬▬▬▬▬▬▬▬▬▬▬▬▬▬▬▬▬▬▬▬▬▬▬▬▬▬▬
15:13:40 [WARPING] §7Warping...
15:13:40 [WARPING] §7Sending to server mini189DC...
15:13:40 [EMPTY] §8 §r§8 §r§1 §r§3 §r§3 §r§7 §r§8 
15:13:43 [PROFILE_JOIN] §aYou are playing on profile: §eBanana§b (Co-op)
15:13:43 [PROFILE_JOIN] §8Profile ID: b1a71305-1956-42bf-90e4-bce6f7285754
15:13:51 [WARPING] §7Sending to server mini100CF...
15:13:52 [EMPTY] §8 §r§8 §r§1 §r§3 §r§3 §r§7 §r§8 
15:13:55 [PROFILE_JOIN] §aYou are playing on profile: §eBanana§b (Co-op)
15:13:55 [PROFILE_JOIN] §8Profile ID: b1a71305-1956-42bf-90e4-bce6f7285754
15:15:02 [SKYMALL] §bNew day! §r§eYour §r§2Sky Mall §r§ebuff changed!
15:15:02 [SKYMALL] §eNew buff§r§r§r: §r§f§r§a10x §r§fchance to find Golden and Diamond Goblins.
15:15:02 [SKYMALL] §8§oYou can disable this messaging by toggling Sky Mall in your /hotm!
15:18:03 [EMPTY] 
15:18:03 [EMPTY] 
15:18:03 [EMPTY] 
15:18:03 [EMPTY] 
15:18:05 [EMPTY] 
15:18:05 [EMPTY] 
15:18:18 [EMPTY] 
15:18:18 [EMPTY] 
15:18:26 [WARPING] §7Sending to server mini19DH...
15:18:27 [EMPTY] §8 §r§8 §r§1 §r§3 §r§3 §r§7 §r§8 
15:18:30 [PROFILE_JOIN] §aYou are playing on profile: §eBanana§b (Co-op)
15:18:30 [PROFILE_JOIN] §8Profile ID: b1a71305-1956-42bf-90e4-bce6f7285754
15:21:00 [WARPING] §7Sending to server mini62CF...
15:21:01 [EMPTY] §8 §r§8 §r§1 §r§3 §r§3 §r§7 §r§8 
15:21:04 [PROFILE_JOIN] §aYou are playing on profile: §eBanana§b (Co-op)
15:21:04 [PROFILE_JOIN] §8Profile ID: b1a71305-1956-42bf-90e4-bce6f7285754
15:26:03 [GUILD_EXP] §aYou earned §r§2593 GEXP §r§a+ §r§e1,779 Event EXP §r§afrom playing SkyBlock!
15:27:29 [EMPTY]  
15:27:29 [BESTIARY] §f                                  §6§lBESTIARY
15:27:29 [BESTIARY] §f                          §b§lTerracotta §7§8VIII §8➡§b §bIX
15:27:29 [BESTIARY] 
15:27:29 [BESTIARY] §f                                  §r§6§lREWARDS
15:27:29 [BESTIARY] §f                       §r§8+§r§a3 Terracotta §r§b✯ Magic Find
15:27:29 [BESTIARY] §f                        §r§8+§r§a3 Terracotta §r§c❁ Strength
15:27:29 [BESTIARY] §f                           §r§8+§r§62% §r§aTerracotta §r§7coins
15:27:29 [BESTIARY] §f                    §r§8+§r§a50% §r§7chance for extra XP orbs
15:27:29 [BESTIARY] §f                               §r§8+§r§b1 SkyBlock XP
15:27:29 [BESTIARY] 
15:27:29 [BESTIARY] §3§l▬▬▬▬▬▬▬▬▬▬▬▬▬▬▬▬▬▬▬▬▬▬▬▬▬▬▬▬▬▬▬▬▬▬▬▬▬▬▬▬▬▬▬▬▬▬▬▬▬▬▬▬▬▬▬▬▬▬▬▬▬▬▬▬
15:28:42 [EMPTY] 
15:28:43 [EMPTY] 
15:28:43 [EMPTY] 
15:28:43 [EMPTY] 
15:28:44 [EMPTY] 
15:28:44 [EMPTY] 
15:29:04 [EMPTY] 
15:29:04 [EMPTY] 
15:29:14 [WARPING] §7Warping...
15:29:15 [WARPING] §7Sending to server mini153DC...
15:29:15 [EMPTY] §8 §r§8 §r§1 §r§3 §r§3 §r§7 §r§8 
15:29:18 [PROFILE_JOIN] §aYou are playing on profile: §eBanana§b (Co-op)
15:29:18 [PROFILE_JOIN] §8Profile ID: b1a71305-1956-42bf-90e4-bce6f7285754
15:31:22 [WARPING] §7Sending to server mini228F...
15:31:23 [EMPTY] §8 §r§8 §r§1 §r§3 §r§3 §r§7 §r§8 
15:31:27 [PROFILE_JOIN] §aYou are playing on profile: §eBanana§b (Co-op)
15:31:27 [PROFILE_JOIN] §8Profile ID: b1a71305-1956-42bf-90e4-bce6f7285754
15:33:35 [EMPTY]  
15:33:35 [EMPTY]  
15:33:35 [EMPTY]  
15:34:23 [EMPTY] 
15:34:23 [EMPTY] 
15:34:23 [EMPTY] 
15:34:31 [EMPTY] 
15:34:31 [EMPTY] 
15:34:31 [EMPTY] 
15:34:39 [EMPTY] 
15:34:39 [EMPTY] 
15:34:39 [EMPTY] 
15:35:01 [SKYMALL] §bNew day! §r§eYour §r§2Sky Mall §r§ebuff changed!
15:35:01 [SKYMALL] §eNew buff§r§r§r: §r§fGain §r§a5x §r§9Titanium §r§fdrops
15:35:01 [SKYMALL] §8§oYou can disable this messaging by toggling Sky Mall in your /hotm!
15:36:25 [GUILD_EXP] §aYou earned §r§2580 GEXP §r§a+ §r§e1,740 Event EXP §r§afrom playing SkyBlock!
15:37:25 [EMPTY] 
15:37:25 [EMPTY] 
15:37:25 [EMPTY] 
15:37:25 [EMPTY] 
15:37:27 [EMPTY] 
15:37:27 [EMPTY] 
15:37:37 [EMPTY] 
15:37:37 [EMPTY] 
15:37:52 [WARPING] §7Warping...
15:37:52 [WARPING] §7Sending to server mini143AG...
15:37:53 [EMPTY] §8 §r§8 §r§1 §r§3 §r§3 §r§7 §r§8 
15:37:56 [PROFILE_JOIN] §aYou are playing on profile: §eBanana§b (Co-op)
15:37:56 [PROFILE_JOIN] §8Profile ID: b1a71305-1956-42bf-90e4-bce6f7285754
15:43:58 [GUILD_EXP] §aYou earned §r§2473 GEXP §r§a+ §r§e1,419 Event EXP §r§afrom playing SkyBlock!
15:48:48 [WARPING] §7Finding player...
15:49:02 [GUILD_EXP] §aYou earned §r§258 GEXP §r§a+ §r§e174 Event EXP §r§afrom playing SkyBlock!
15:49:39 [WARPING] §7Sending to server mini20AM...
15:49:39 [EMPTY] §8 §r§8 §r§1 §r§3 §r§3 §r§7 §r§8 
15:49:42 [PROFILE_JOIN] §aYou are playing on profile: §eBanana§b (Co-op)
15:49:42 [PROFILE_JOIN] §8Profile ID: b1a71305-1956-42bf-90e4-bce6f7285754
15:50:41 [WARPING] §7Sending to server mini209T...
15:50:43 [EMPTY] §8 §r§8 §r§1 §r§3 §r§3 §r§7 §r§8 
15:50:46 [PROFILE_JOIN] §aYou are playing on profile: §eBanana§b (Co-op)
15:50:46 [PROFILE_JOIN] §8Profile ID: b1a71305-1956-42bf-90e4-bce6f7285754
15:53:57 [WARPING] §7Warping...
15:53:57 [WARPING] §7Sending to server mini12DN...
15:53:58 [EMPTY] §8 §r§8 §r§1 §r§3 §r§3 §r§7 §r§8 
15:54:01 [PROFILE_JOIN] §aYou are playing on profile: §eBanana§b (Co-op)
15:54:01 [PROFILE_JOIN] §8Profile ID: b1a71305-1956-42bf-90e4-bce6f7285754
15:55:02 [SKYMALL] §bNew day! §r§eYour §r§2Sky Mall §r§ebuff changed!
15:55:02 [SKYMALL] §eNew buff§r§r§r: §r§fGain §r§a+50 §r§6☘ Mining Fortune§r§f.
15:55:02 [SKYMALL] §8§oYou can disable this messaging by toggling Sky Mall in your /hotm!
15:55:05 [WARPING] §7Warping...
15:55:05 [WARPING] §7Sending to server mini30CD...
15:55:06 [EMPTY] §8 §r§8 §r§1 §r§3 §r§3 §r§7 §r§8 
15:55:09 [PROFILE_JOIN] §aYou are playing on profile: §eBanana§b (Co-op)
15:55:09 [PROFILE_JOIN] §8Profile ID: b1a71305-1956-42bf-90e4-bce6f7285754
15:55:17 [WARPING] §7Sending to server mini18DJ...
15:55:18 [EMPTY] §8 §r§8 §r§1 §r§3 §r§3 §r§7 §r§8 
15:55:21 [PROFILE_JOIN] §aYou are playing on profile: §eBanana§b (Co-op)
15:55:21 [PROFILE_JOIN] §8Profile ID: b1a71305-1956-42bf-90e4-bce6f7285754
15:55:25 [WARPING] §7Warping...
15:55:25 [WARPING] §7Sending to server mini35J...
15:55:26 [EMPTY] §8 §r§8 §r§1 §r§3 §r§3 §r§7 §r§8 
15:55:29 [PROFILE_JOIN] §aYou are playing on profile: §eBanana§b (Co-op)
15:55:29 [PROFILE_JOIN] §8Profile ID: b1a71305-1956-42bf-90e4-bce6f7285754
15:55:55 [WARPING] §7Sending to server mini86CQ...
15:55:57 [EMPTY] §8 §r§8 §r§1 §r§3 §r§3 §r§7 §r§8 
15:56:01 [PROFILE_JOIN] §aYou are playing on profile: §eBanana§b (Co-op)
15:56:01 [PROFILE_JOIN] §8Profile ID: b1a71305-1956-42bf-90e4-bce6f7285754
15:58:22 [EMPTY] 
15:58:22 [EMPTY] 
15:58:22 [EMPTY] 
15:58:30 [EMPTY] 
15:58:30 [EMPTY] 
15:58:30 [EMPTY] 
15:58:38 [EMPTY] 
15:58:38 [EMPTY] 
15:58:38 [EMPTY] 
16:00:22 [EMPTY] §f
16:00:22 [WATCHDOG] §4[WATCHDOG ANNOUNCEMENT]
16:00:22 [WATCHDOG] §fWatchdog has banned §r§c§l14,918§r§f players in the last 7 days.
16:00:22 [WATCHDOG] §fStaff have banned an additional §r§c§l15,865§r§f in the last 7 days.
16:00:22 [WATCHDOG] §cBlacklisted modifications are a bannable offense!
16:00:22 [WATCHDOG] §c
16:01:05 [GUILD_EXP] §aYou earned §r§2591 GEXP §r§a+ §r§e1,773 Event EXP §r§afrom playing SkyBlock!
16:01:14 [EMPTY] 
16:01:15 [EMPTY] 
16:01:15 [EMPTY] 
16:01:15 [EMPTY] 
16:01:16 [EMPTY] 
16:01:16 [EMPTY] 
16:01:26 [EMPTY] 
16:01:26 [EMPTY] 
16:01:32 [WARPING] §7Warping...
16:01:32 [WARPING] §7Sending to server mini149CS...
16:01:32 [EMPTY] §8 §r§8 §r§1 §r§3 §r§3 §r§7 §r§8 
16:01:35 [PROFILE_JOIN] §aYou are playing on profile: §eBanana§b (Co-op)
16:01:35 [PROFILE_JOIN] §8Profile ID: b1a71305-1956-42bf-90e4-bce6f7285754
16:02:50 [EMPTY] 
16:02:50 [EMPTY] 
16:02:58 [WARPING] §7Sending to server mini35DR...
16:02:59 [EMPTY] §8 §r§8 §r§1 §r§3 §r§3 §r§7 §r§8 
16:03:03 [PROFILE_JOIN] §aYou are playing on profile: §eBanana§b (Co-op)
16:03:03 [PROFILE_JOIN] §8Profile ID: b1a71305-1956-42bf-90e4-bce6f7285754
16:04:05 [EMPTY] 
16:04:05 [EMPTY] 
16:04:05 [EMPTY] 
16:04:49 [EMPTY] 
16:04:49 [EMPTY] 
16:04:49 [EMPTY] 
16:04:59 [EMPTY] 
16:04:59 [EMPTY] 
16:04:59 [EMPTY] 
16:07:30 [EMPTY] 
16:07:30 [EMPTY] 
16:07:30 [EMPTY] 
16:07:30 [EMPTY] 
16:07:32 [EMPTY] 
16:07:32 [EMPTY] 
16:07:58 [EMPTY] 
16:07:58 [EMPTY] 
16:08:02 [GUILD_EXP] §aYou earned §r§2588 GEXP §r§a+ §r§e1,764 Event EXP §r§afrom playing SkyBlock!
16:08:05 [WARPING] §7Warping...
16:08:05 [WARPING] §7Sending to server mini96DF...
16:08:06 [EMPTY] §8 §r§8 §r§1 §r§3 §r§3 §r§7 §r§8 
16:08:09 [PROFILE_JOIN] §aYou are playing on profile: §eBanana§b (Co-op)
16:08:09 [PROFILE_JOIN] §8Profile ID: b1a71305-1956-42bf-90e4-bce6f7285754
16:09:09 [WARPING] §7Sending to server mini9K...
16:09:10 [EMPTY] §8 §r§8 §r§1 §r§3 §r§3 §r§7 §r§8 
16:09:14 [PROFILE_JOIN] §aYou are playing on profile: §eBanana§b (Co-op)
16:09:14 [PROFILE_JOIN] §8Profile ID: b1a71305-1956-42bf-90e4-bce6f7285754
16:13:59 [EMPTY] 
16:13:59 [EMPTY] 
16:13:59 [EMPTY] 
16:14:00 [EMPTY] 
16:14:01 [EMPTY] 
16:14:01 [EMPTY] 
16:14:14 [GUILD_EXP] §aYou earned §r§2580 GEXP §r§a+ §r§e1,740 Event EXP §r§afrom playing SkyBlock!
16:14:14 [EMPTY] 
16:14:14 [EMPTY] 
16:14:21 [WARPING] §7Warping...
16:14:21 [WARPING] §7Sending to server mini141DV...
16:14:22 [EMPTY] §8 §r§8 §r§1 §r§3 §r§3 §r§7 §r§8 
16:14:25 [PROFILE_JOIN] §aYou are playing on profile: §eBanana§b (Co-op)
16:14:25 [PROFILE_JOIN] §8Profile ID: b1a71305-1956-42bf-90e4-bce6f7285754
16:15:02 [SKYMALL] §bNew day! §r§eYour §r§2Sky Mall §r§ebuff changed!
16:15:02 [SKYMALL] §eNew buff§r§r§r: §r§fReduce Pickaxe Ability cooldown by §r§a20%§r§f.
16:15:02 [SKYMALL] §8§oYou can disable this messaging by toggling Sky Mall in your /hotm!
16:15:16 [WARPING] §7Warping...
16:15:16 [WARPING] §7Sending to server mini100G...
16:15:16 [EMPTY] §8 §r§8 §r§1 §r§3 §r§3 §r§7 §r§8 
16:15:19 [PROFILE_JOIN] §aYou are playing on profile: §eBanana§b (Co-op)
16:15:19 [PROFILE_JOIN] §8Profile ID: b1a71305-1956-42bf-90e4-bce6f7285754
