23:59:16 Trying to load config from config\skyhanni\config.json
23:59:16 load-config-now
23:59:16 Loaded config from file
23:59:16 Trying to load sacks from config\skyhanni\sacks.json
23:59:16 load-sacks-now
23:59:16 Loaded sacks from file
23:59:16 Trying to load friends from config\skyhanni\friends.json
23:59:16 load-friends-now
23:59:16 Loaded friends from file
23:59:16 Trying to load known_features from config\skyhanni\known_features.json
23:59:16 load-known_features-now
23:59:16 Loaded known_features from file
23:59:16 Trying to load jacob_contests from config\skyhanni\jacob_contests.json
23:59:16 load-jacob_contests-now
23:59:16 Loaded jacob_contests from file
23:59:16 Trying to load visual_words from config\skyhanni\visual_words.json
23:59:16 Setting visual_words to be blank as it did not exist. It will be saved once something is written to it
00:00:16 saveConfig: auto-save-60s
00:00:16 Saving config file
00:00:44 saveConfig: Updated known feature flags
00:00:44 Saving known_features file
00:01:16 saveConfig: auto-save-60s
00:01:16 Saving config file
00:02:16 saveConfig: auto-save-60s
00:02:16 Saving config file
00:03:16 saveConfig: auto-save-60s
00:03:16 Saving config file
00:04:16 saveConfig: auto-save-60s
00:04:16 Saving config file
00:05:16 saveConfig: auto-save-60s
00:05:16 Saving config file
00:06:16 saveConfig: auto-save-60s
00:06:16 Saving config file
00:06:37 saveConfig: saving-data
00:06:37 Saving sacks file
00:07:16 saveConfig: auto-save-60s
00:07:16 Saving config file
00:07:44 saveConfig: saving-data
00:07:44 Saving sacks file
00:08:16 saveConfig: auto-save-60s
00:08:16 Saving config file
00:09:16 saveConfig: auto-save-60s
00:09:16 Saving config file
00:10:16 saveConfig: auto-save-60s
00:10:16 Saving config file
00:11:16 saveConfig: auto-save-60s
00:11:16 Saving config file
00:12:16 saveConfig: auto-save-60s
00:12:16 Saving config file
00:13:16 saveConfig: auto-save-60s
00:13:16 Saving config file
00:14:16 saveConfig: auto-save-60s
00:14:16 Saving config file
00:15:16 saveConfig: auto-save-60s
00:15:16 Saving config file
00:16:16 saveConfig: auto-save-60s
00:16:16 Saving config file
00:17:16 saveConfig: auto-save-60s
00:17:16 Saving config file
00:18:16 saveConfig: auto-save-60s
00:18:16 Saving config file
00:19:16 saveConfig: auto-save-60s
00:19:16 Saving config file
00:20:16 saveConfig: auto-save-60s
00:20:16 Saving config file
00:21:16 saveConfig: auto-save-60s
00:21:16 Saving config file
00:22:16 saveConfig: auto-save-60s
00:22:16 Saving config file
00:23:16 saveConfig: auto-save-60s
00:23:16 Saving config file
00:24:16 saveConfig: auto-save-60s
00:24:16 Saving config file
00:25:16 saveConfig: auto-save-60s
00:25:16 Saving config file
00:26:16 saveConfig: auto-save-60s
00:26:16 Saving config file
00:27:16 saveConfig: auto-save-60s
00:27:16 Saving config file
00:28:16 saveConfig: auto-save-60s
00:28:16 Saving config file
00:29:16 saveConfig: auto-save-60s
00:29:16 Saving config file
00:30:16 saveConfig: auto-save-60s
00:30:16 Saving config file
00:31:16 saveConfig: auto-save-60s
00:31:16 Saving config file
00:32:16 saveConfig: auto-save-60s
00:32:16 Saving config file
00:33:16 saveConfig: auto-save-60s
00:33:16 Saving config file
00:34:16 saveConfig: auto-save-60s
00:34:16 Saving config file
00:35:16 saveConfig: auto-save-60s
00:35:16 Saving config file
00:36:16 saveConfig: auto-save-60s
00:36:16 Saving config file
00:37:16 saveConfig: auto-save-60s
00:37:16 Saving config file
00:38:16 saveConfig: auto-save-60s
00:38:16 Saving config file
00:39:16 saveConfig: auto-save-60s
00:39:16 Saving config file
00:40:16 saveConfig: auto-save-60s
00:40:16 Saving config file
00:41:16 saveConfig: auto-save-60s
00:41:16 Saving config file
00:42:16 saveConfig: auto-save-60s
00:42:16 Saving config file
00:43:16 saveConfig: auto-save-60s
00:43:16 Saving config file
00:44:16 saveConfig: auto-save-60s
00:44:16 Saving config file
00:45:16 saveConfig: auto-save-60s
00:45:16 Saving config file
00:46:16 saveConfig: auto-save-60s
00:46:16 Saving config file
00:47:16 saveConfig: auto-save-60s
00:47:16 Saving config file
00:48:16 saveConfig: auto-save-60s
00:48:16 Saving config file
00:49:16 saveConfig: auto-save-60s
00:49:16 Saving config file
00:50:16 saveConfig: auto-save-60s
00:50:16 Saving config file
00:51:16 saveConfig: auto-save-60s
00:51:16 Saving config file
00:52:16 saveConfig: auto-save-60s
00:52:16 Saving config file
00:53:16 saveConfig: auto-save-60s
00:53:16 Saving config file
00:54:16 saveConfig: auto-save-60s
00:54:16 Saving config file
00:55:16 saveConfig: auto-save-60s
00:55:16 Saving config file
00:56:16 saveConfig: auto-save-60s
00:56:16 Saving config file
00:57:16 saveConfig: auto-save-60s
00:57:16 Saving config file
00:58:16 saveConfig: auto-save-60s
00:58:16 Saving config file
00:59:16 saveConfig: auto-save-60s
00:59:16 Saving config file
01:00:16 saveConfig: auto-save-60s
01:00:16 Saving config file
01:01:16 saveConfig: auto-save-60s
01:01:16 Saving config file
01:02:16 saveConfig: auto-save-60s
01:02:16 Saving config file
01:03:16 saveConfig: auto-save-60s
01:03:16 Saving config file
01:04:16 saveConfig: auto-save-60s
01:04:16 Saving config file
01:05:16 saveConfig: auto-save-60s
01:05:16 Saving config file
01:06:16 saveConfig: auto-save-60s
01:06:16 Saving config file
01:07:16 saveConfig: auto-save-60s
01:07:16 Saving config file
01:08:16 saveConfig: auto-save-60s
01:08:16 Saving config file
01:09:16 saveConfig: auto-save-60s
01:09:16 Saving config file
01:10:16 saveConfig: auto-save-60s
01:10:16 Saving config file
01:11:16 saveConfig: auto-save-60s
01:11:16 Saving config file
01:12:16 saveConfig: auto-save-60s
01:12:16 Saving config file
01:13:16 saveConfig: auto-save-60s
01:13:16 Saving config file
01:14:16 saveConfig: auto-save-60s
01:14:16 Saving config file
01:14:41 saveConfig: saving-data
01:14:41 Saving sacks file
01:15:16 saveConfig: auto-save-60s
01:15:16 Saving config file
01:16:16 saveConfig: auto-save-60s
01:16:16 Saving config file
01:17:16 saveConfig: auto-save-60s
01:17:16 Saving config file
01:18:16 saveConfig: auto-save-60s
01:18:16 Saving config file
01:19:16 saveConfig: auto-save-60s
01:19:16 Saving config file
01:20:16 saveConfig: auto-save-60s
01:20:16 Saving config file
01:21:16 saveConfig: auto-save-60s
01:21:16 Saving config file
01:22:16 saveConfig: auto-save-60s
01:22:16 Saving config file
01:23:16 saveConfig: auto-save-60s
01:23:16 Saving config file
01:24:16 saveConfig: auto-save-60s
01:24:16 Saving config file
01:25:16 saveConfig: auto-save-60s
01:25:16 Saving config file
01:26:16 saveConfig: auto-save-60s
01:26:16 Saving config file
01:27:16 saveConfig: auto-save-60s
01:27:16 Saving config file
01:28:16 saveConfig: auto-save-60s
01:28:16 Saving config file
01:29:16 saveConfig: auto-save-60s
01:29:16 Saving config file
01:30:16 saveConfig: auto-save-60s
01:30:16 Saving config file
01:31:16 saveConfig: auto-save-60s
01:31:16 Saving config file
01:32:16 saveConfig: auto-save-60s
01:32:16 Saving config file
01:33:16 saveConfig: auto-save-60s
01:33:16 Saving config file
01:34:16 saveConfig: auto-save-60s
01:34:16 Saving config file
01:35:16 saveConfig: auto-save-60s
01:35:16 Saving config file
01:36:16 saveConfig: auto-save-60s
01:36:16 Saving config file
01:36:30 saveConfig: shutdown-hook
01:36:30 Saving config file
