23:21:37 [EMPTY] §f §r§r§r§f §r§r§r§1 §r§r§r§0 §r§r§r§2 §r§r§r§f §r§r§r§f §r§r§r§2 §r§r§r§0 §r§r§r§4 §r§r§r§3 §r§r§r§9 §r§r§r§2 §r§r§r§0 §r§r§r§0 §r§r§r§3 §r§r§r§9 §r§r§r§2 §r§r§r§0 §r§r§r§0 §r§r§r§3 §r§r§r§9 §r§r§r§2 §r§r§r§0 §r§r§r§0 
23:21:37 [LOBBY] §b[MVP§f+§b] Sebbebas§f §6joined the lobby!
23:21:37 [LOBBY] §b[MVP§9+§b] Horizxntale§f §6joined the lobby!
23:21:37 [LOBBY]   §r§f§l➤ §r§6You have reached your Hype limit! Add Hype to Prototype Lobby minigames by right-clicking with the Hype Diamond!
23:21:39 [LOBBY] §b[MVP§f+§b] Helmutwiese§f §6joined the lobby!
23:21:46 [LOBBY] §b[MVP§c+§b] DodoDruidDude§f §6joined the lobby!
23:21:46 [WARPING] §7Sending to server mini153BM...
23:21:47 [EMPTY] §8 §r§8 §r§1 §r§3 §r§3 §r§7 §r§8 
23:21:49 [EMPTY] 
23:21:49 [WELCOME] §eWelcome to §r§aHypixel SkyBlock§r§e!
23:21:49 [EMPTY] 
23:21:50 [PROFILE_JOIN] §aYou are playing on profile: §eBanana§b (Co-op)
23:21:50 [PROFILE_JOIN] §8Profile ID: b1a71305-1956-42bf-90e4-bce6f7285754
23:21:51 [SKYMALL] §bNew day! §r§eYour §r§2Sky Mall §r§ebuff changed!
23:21:51 [SKYMALL] §eNew buff§r§r§r: §r§f§r§a10x §r§fchance to find Golden and Diamond Goblins.
23:21:51 [SKYMALL] §8§oYou can disable this messaging by toggling Sky Mall in your /hotm!
23:21:56 [EMPTY] 
23:21:57 [EMPTY] 
23:23:04 [WARPING] §7Warping...
23:23:04 [WARPING] §7Sending to server mini67CD...
23:23:05 [EMPTY] §8 §r§8 §r§1 §r§3 §r§3 §r§7 §r§8 
23:23:08 [PROFILE_JOIN] §aYou are playing on profile: §eBanana§b (Co-op)
23:23:08 [PROFILE_JOIN] §8Profile ID: b1a71305-1956-42bf-90e4-bce6f7285754
23:23:31 [WARPING] §7Warping...
23:23:59 [WARPING] §7Warping...
23:23:59 [WARPING] §7Sending to server mini1CT...
23:24:00 [EMPTY] §8 §r§8 §r§1 §r§3 §r§3 §r§7 §r§8 
23:24:03 [PROFILE_JOIN] §aYou are playing on profile: §eBanana§b (Co-op)
23:24:03 [PROFILE_JOIN] §8Profile ID: b1a71305-1956-42bf-90e4-bce6f7285754
23:26:16 [EMPTY] §f §r§r§r§f §r§r§r§1 §r§r§r§0 §r§r§r§2 §r§r§r§f §r§r§r§f §r§r§r§2 §r§r§r§0 §r§r§r§4 §r§r§r§3 §r§r§r§9 §r§r§r§2 §r§r§r§0 §r§r§r§0 §r§r§r§3 §r§r§r§9 §r§r§r§2 §r§r§r§0 §r§r§r§0 §r§r§r§3 §r§r§r§9 §r§r§r§2 §r§r§r§0 §r§r§r§0 
23:26:16 [LOBBY] §b[MVP§e+§b] YuumiAddict§f §6joined the lobby!
23:26:18 [LOBBY]   §r§f§l➤ §r§6You have reached your Hype limit! Add Hype to Prototype Lobby minigames by right-clicking with the Hype Diamond!
23:26:19 [WARPING] §7Sending to server mini193E...
23:26:19 [EMPTY] §8 §r§8 §r§1 §r§3 §r§3 §r§7 §r§8 
23:26:22 [EMPTY] 
23:26:22 [WELCOME] §eWelcome to §r§aHypixel SkyBlock§r§e!
23:26:22 [EMPTY] 
23:26:22 [PROFILE_JOIN] §aYou are playing on profile: §eApple§b (Co-op)
23:26:22 [PROFILE_JOIN] §8Profile ID: b1a71305-1956-42bf-90e4-bce6f7285754
23:26:23 [WARPING] §7Sending to server mini3DC...
23:26:23 [EMPTY] §8 §r§8 §r§1 §r§3 §r§3 §r§7 §r§8 
23:26:26 [PROFILE_JOIN] §aYou are playing on profile: §eApple§b (Co-op)
23:26:26 [PROFILE_JOIN] §8Profile ID: b1a71305-1956-42bf-90e4-bce6f7285754
23:26:44 [WARPING] §7Finding player...
23:26:45 [WARPING] §7Sending a visit request...
23:26:46 [WARPING] §7Sending to server mini194BS...
23:26:47 [EMPTY] §8 §r§8 §r§1 §r§3 §r§3 §r§7 §r§8 
23:26:50 [PROFILE_JOIN] §aYou are playing on profile: §eApple§b (Co-op)
23:26:50 [PROFILE_JOIN] §8Profile ID: b1a71305-1956-42bf-90e4-bce6f7285754
23:26:56 [WARPING] §7Sending to server mini87DH...
23:26:56 [EMPTY] §8 §r§8 §r§1 §r§3 §r§3 §r§7 §r§8 
23:26:59 [PROFILE_JOIN] §aYou are playing on profile: §eApple§b (Co-op)
23:26:59 [PROFILE_JOIN] §8Profile ID: b1a71305-1956-42bf-90e4-bce6f7285754
23:27:08 [WARPING] §7Warping you to your SkyBlock island...
23:27:08 [WARPING] §7Sending to server mini10DV...
23:27:09 [EMPTY] §8 §r§8 §r§1 §r§3 §r§3 §r§7 §r§8 
23:27:12 [PROFILE_JOIN] §aYou are playing on profile: §eApple§b (Co-op)
23:27:12 [PROFILE_JOIN] §8Profile ID: b1a71305-1956-42bf-90e4-bce6f7285754
23:28:08 [WARPING] §7Finding player...
23:28:11 [WARPING] §7Sending a visit request...
23:28:11 [WARPING] §7Sending to server mini194BS...
23:28:12 [EMPTY] §8 §r§8 §r§1 §r§3 §r§3 §r§7 §r§8 
23:28:14 [PROFILE_JOIN] §aYou are playing on profile: §eApple§b (Co-op)
23:28:15 [PROFILE_JOIN] §8Profile ID: b1a71305-1956-42bf-90e4-bce6f7285754
23:28:16 [WARPING] §7Sending to server mini185A...
23:28:16 [EMPTY] §8 §r§8 §r§1 §r§3 §r§3 §r§7 §r§8 
23:28:19 [PROFILE_JOIN] §aYou are playing on profile: §eApple§b (Co-op)
23:28:19 [PROFILE_JOIN] §8Profile ID: b1a71305-1956-42bf-90e4-bce6f7285754
23:28:56 [WARPING] §7Warping you to your SkyBlock island...
23:28:56 [WARPING] §7Sending to server mini35DQ...
23:28:57 [EMPTY] §8 §r§8 §r§1 §r§3 §r§3 §r§7 §r§8 
23:28:58 [WARPING] §7Finding player...
23:28:59 [WARPING] §7Sending a visit request...
23:28:59 [WARPING] §7Sending to server mini194BS...
23:29:00 [EMPTY] §8 §r§8 §r§1 §r§3 §r§3 §r§7 §r§8 
23:29:03 [PROFILE_JOIN] §aYou are playing on profile: §eApple§b (Co-op)
23:29:03 [PROFILE_JOIN] §8Profile ID: b1a71305-1956-42bf-90e4-bce6f7285754
23:29:04 [WARPING] §7Sending to server mini84CG...
23:29:04 [EMPTY] §8 §r§8 §r§1 §r§3 §r§3 §r§7 §r§8 
23:29:07 [PROFILE_JOIN] §aYou are playing on profile: §eApple§b (Co-op)
23:29:07 [PROFILE_JOIN] §8Profile ID: b1a71305-1956-42bf-90e4-bce6f7285754
23:29:44 [EMPTY] §f §r§r§r§f §r§r§r§1 §r§r§r§0 §r§r§r§2 §r§r§r§f §r§r§r§f §r§r§r§2 §r§r§r§0 §r§r§r§4 §r§r§r§3 §r§r§r§9 §r§r§r§2 §r§r§r§0 §r§r§r§0 §r§r§r§3 §r§r§r§9 §r§r§r§2 §r§r§r§0 §r§r§r§0 §r§r§r§3 §r§r§r§9 §r§r§r§2 §r§r§r§0 §r§r§r§0 
23:29:44 [LOBBY] §b[MVP§f+§b] Sebbebas§f §6joined the lobby!
23:29:44 [LOBBY] §b[MVP§5+§b] bestboyYT§f §6joined the lobby!
23:29:46 [LOBBY] §b[MVP§e+§b] Alphadeamond§f §6joined the lobby!
23:29:46 [LOBBY]   §r§f§l➤ §r§6You have reached your Hype limit! Add Hype to Prototype Lobby minigames by right-clicking with the Hype Diamond!
23:29:46 [LOBBY] §b[MVP§f+§b] Junkfoot6§f §6joined the lobby!
23:29:48 [WARPING] §7Sending to server mini37CF...
23:29:48 [EMPTY] §8 §r§8 §r§1 §r§3 §r§3 §r§7 §r§8 
23:29:49 [EMPTY] 
23:29:49 [WELCOME] §eWelcome to §r§aHypixel SkyBlock§r§e!
23:29:49 [EMPTY] 
23:29:50 [PROFILE_JOIN] §aYou are playing on profile: §eBanana§b (Co-op)
23:29:50 [PROFILE_JOIN] §8Profile ID: b1a71305-1956-42bf-90e4-bce6f7285754
23:29:53 [WARPING] §7Sending to server mini143AS...
23:29:54 [EMPTY] §8 §r§8 §r§1 §r§3 §r§3 §r§7 §r§8 
23:29:56 [PROFILE_JOIN] §aYou are playing on profile: §eBanana§b (Co-op)
23:29:56 [PROFILE_JOIN] §8Profile ID: b1a71305-1956-42bf-90e4-bce6f7285754
23:30:05 [WARPING] §7Warping...
23:30:05 [WARPING] §7Sending to server mini143K...
23:30:06 [EMPTY] §8 §r§8 §r§1 §r§3 §r§3 §r§7 §r§8 
23:30:08 [PROFILE_JOIN] §aYou are playing on profile: §eBanana§b (Co-op)
23:30:08 [PROFILE_JOIN] §8Profile ID: b1a71305-1956-42bf-90e4-bce6f7285754
23:30:17 [WARPING] §7Warping...
23:30:42 [WARPING] §7Sending to server mini144CH...
23:30:42 [EMPTY] §8 §r§8 §r§1 §r§3 §r§3 §r§7 §r§8 
23:30:46 [PROFILE_JOIN] §aYou are playing on profile: §eBanana§b (Co-op)
23:30:46 [PROFILE_JOIN] §8Profile ID: b1a71305-1956-42bf-90e4-bce6f7285754
23:31:00 [POWDER_MINING] §aYou received §r§f48 §r§f☘ Rough Jade Gemstone§r§a.
23:31:00 [POWDER_MINING] §aYou received §r§b+869 §r§aMithril Powder.
23:31:49 [POWDER_MINING] §aYou uncovered a treasure chest!
23:34:54 [GUILD_EXP] §aYou earned §r§2423 GEXP §r§afrom playing SkyBlock!
23:38:54 [POWDER_MINING] §aYou uncovered a treasure chest!
23:39:07 [POWDER_MINING] §6You have successfully picked the lock on this chest!
23:39:07 [POWDER_MINING] §aYou received §r§f8 §r§f❤ Rough Ruby Gemstone§r§a.
23:39:07 [POWDER_MINING] §aYou received §r§b+452 §r§aMithril Powder.
23:39:07 [POWDER_MINING] §aYou received §r§6+2 Gold Essence§r§a.
23:39:07 [POWDER_MINING] §aYou received §r§b+1 Diamond Essence§r§a.
23:39:07 [POWDER_MINING] §aYou received §r§f8 §r§f✧ Rough Topaz Gemstone§r§a.
23:40:03 [GUILD_EXP] §aYou earned §r§2655 GEXP §r§afrom playing SkyBlock!
23:43:17 [EMPTY] 
23:45:10 [GUILD_EXP] §aYou earned §r§2668 GEXP §r§afrom playing SkyBlock!
23:47:48 [EMPTY] §f                                        
23:50:17 [GUILD_EXP] §aYou earned §r§2571 GEXP §r§afrom playing SkyBlock!
23:50:24 [EMPTY] 
23:50:24 [EMPTY] 
23:54:20 [EMPTY] 
23:54:22 [EMPTY]  
23:54:22 [EMPTY]  
23:54:22 [EMPTY]  
23:55:24 [GUILD_EXP] §aYou earned §r§2623 GEXP §r§afrom playing SkyBlock!
00:00:32 [GUILD_EXP] §aYou earned §r§2553 GEXP §r§afrom playing SkyBlock!
00:01:46 [EMPTY] §f
00:01:46 [WATCHDOG] §4[WATCHDOG ANNOUNCEMENT]
00:01:46 [WATCHDOG] §fWatchdog has banned §r§c§l13,490§r§f players in the last 7 days.
00:01:46 [WATCHDOG] §fStaff have banned an additional §r§c§l15,153§r§f in the last 7 days.
00:01:46 [WATCHDOG] §cBlacklisted modifications are a bannable offense!
00:01:46 [WATCHDOG] §c
00:03:09 [EMPTY] 
00:05:39 [GUILD_EXP] §aYou earned §r§2601 GEXP §r§afrom playing SkyBlock!
00:07:52 [EMPTY] §f                                        
00:10:47 [GUILD_EXP] §aYou earned §r§2629 GEXP §r§afrom playing SkyBlock!
00:15:56 [GUILD_EXP] §aYou earned §r§2561 GEXP §r§afrom playing SkyBlock!
00:21:05 [GUILD_EXP] §aYou earned §r§2506 GEXP §r§afrom playing SkyBlock!
00:26:14 [GUILD_EXP] §aYou earned §r§2564 GEXP §r§afrom playing SkyBlock!
00:26:23 [EMPTY] 
00:27:49 [EMPTY] §f                                        
00:31:24 [GUILD_EXP] §aYou earned §r§2534 GEXP §r§afrom playing SkyBlock!
00:36:32 [GUILD_EXP] §aYou earned §r§2526 GEXP §r§afrom playing SkyBlock!
00:41:40 [GUILD_EXP] §aYou earned §r§2459 GEXP §r§afrom playing SkyBlock!
00:46:20 [EMPTY] 
00:46:48 [GUILD_EXP] §aYou earned §r§2689 GEXP §r§afrom playing SkyBlock!
00:47:46 [EMPTY] §f                                        
00:48:30 [EMPTY]  
00:48:30 [BESTIARY] §f                                  §6§lBESTIARY
00:48:30 [BESTIARY] §f                         §b§lGolden Jerry §7§8III §8➡§b §bIV
00:48:30 [BESTIARY] 
00:48:30 [BESTIARY] §f                                  §r§6§lREWARDS
00:48:30 [BESTIARY] §f                      §r§8+§r§a2 §r§6Golden Jerry §r§b✯ Magic Find
00:48:30 [BESTIARY] §f                      §r§8+§r§a2 §r§6Golden Jerry §r§c❁ Strength
00:48:30 [BESTIARY] §f                          §r§8+§r§62% §r§a§r§6Golden Jerry §r§7coins
00:48:30 [BESTIARY] §f                    §r§8+§r§a50% §r§7chance for extra XP orbs
00:48:30 [BESTIARY] §f                               §r§8+§r§b1 SkyBlock XP
00:48:30 [BESTIARY] 
00:48:30 [BESTIARY] §3§l▬▬▬▬▬▬▬▬▬▬▬▬▬▬▬▬▬▬▬▬▬▬▬▬▬▬▬▬▬▬▬▬▬▬▬▬▬▬▬▬▬▬▬▬▬▬▬▬▬▬▬▬▬▬▬▬▬▬▬▬▬▬▬▬
00:50:59 [EMPTY] 
00:50:59 [EMPTY] 
00:51:56 [GUILD_EXP] §aYou earned §r§2583 GEXP §r§afrom playing SkyBlock!
00:57:02 [GUILD_EXP] §aYou earned §r§2649 GEXP §r§afrom playing SkyBlock!
01:00:55 [POWDER_MINING] §aYou uncovered a treasure chest!
01:01:03 [POWDER_MINING] §6You have successfully picked the lock on this chest!
01:01:03 [POWDER_MINING] §aYou received §r§b+440 §r§aGemstone Powder.
01:01:03 [POWDER_MINING] §aYou received §r§b+281 §r§aMithril Powder.
01:01:03 [POWDER_MINING] §aYou received §r§f40 §r§f✧ Rough Topaz Gemstone§r§a.
01:02:08 [GUILD_EXP] §aYou earned §r§2533 GEXP §r§afrom playing SkyBlock!
01:06:12 [EMPTY] 
01:07:17 [GUILD_EXP] §aYou earned §r§2516 GEXP §r§afrom playing SkyBlock!
01:07:51 [EMPTY] §f                                        
01:12:26 [GUILD_EXP] §aYou earned §r§2395 GEXP §r§afrom playing SkyBlock!
01:17:34 [GUILD_EXP] §aYou earned §r§2461 GEXP §r§afrom playing SkyBlock!
01:22:43 [GUILD_EXP] §aYou earned §r§2623 GEXP §r§afrom playing SkyBlock!
01:26:23 [EMPTY] 
01:27:50 [EMPTY] §f                                        
01:27:53 [GUILD_EXP] §aYou earned §r§2447 GEXP §r§afrom playing SkyBlock!
01:32:59 [GUILD_EXP] §aYou earned §r§2538 GEXP §r§afrom playing SkyBlock!
01:38:07 [GUILD_EXP] §aYou earned §r§2393 GEXP §r§afrom playing SkyBlock!
01:41:38 [WARPING] §7Warping...
01:41:38 [WARPING] §7Sending to server mini75AG...
01:41:39 [EMPTY] §8 §r§8 §r§1 §r§3 §r§3 §r§7 §r§8 
01:41:42 [PROFILE_JOIN] §aYou are playing on profile: §eBanana§b (Co-op)
01:41:42 [PROFILE_JOIN] §8Profile ID: b1a71305-1956-42bf-90e4-bce6f7285754
01:41:50 [WARPING] §7Sending to server mini144CH...
01:41:51 [EMPTY] §8 §r§8 §r§1 §r§3 §r§3 §r§7 §r§8 
01:41:55 [PROFILE_JOIN] §aYou are playing on profile: §eBanana§b (Co-op)
01:41:55 [PROFILE_JOIN] §8Profile ID: b1a71305-1956-42bf-90e4-bce6f7285754
01:42:09 [EMPTY]  
01:42:09 [BESTIARY] §f                                  §6§lBESTIARY
01:42:09 [BESTIARY] §f                            §b§lButterfly §7§8II §8➡§b §bIII
01:42:09 [BESTIARY] 
01:42:09 [BESTIARY] §f                                  §r§6§lREWARDS
01:42:09 [BESTIARY] §f                        §r§8+§r§a2 §r§eButterfly §r§b✯ Magic Find
01:42:09 [BESTIARY] §f                         §r§8+§r§a2 §r§eButterfly §r§c❁ Strength
01:42:09 [BESTIARY] §f                            §r§8+§r§62% §r§a§r§eButterfly §r§7coins
01:42:09 [BESTIARY] §f                    §r§8+§r§a50% §r§7chance for extra XP orbs
01:42:09 [BESTIARY] §f                               §r§8+§r§b1 SkyBlock XP
01:42:09 [BESTIARY] 
01:42:09 [BESTIARY] §3§l▬▬▬▬▬▬▬▬▬▬▬▬▬▬▬▬▬▬▬▬▬▬▬▬▬▬▬▬▬▬▬▬▬▬▬▬▬▬▬▬▬▬▬▬▬▬▬▬▬▬▬▬▬▬▬▬▬▬▬▬▬▬▬▬
01:43:15 [GUILD_EXP] §aYou earned §r§2594 GEXP §r§afrom playing SkyBlock!
01:44:48 [POWDER_MINING] §aYou uncovered a treasure chest!
01:46:17 [EMPTY] 
01:47:56 [EMPTY] §f                                        
01:48:23 [GUILD_EXP] §aYou earned §r§2676 GEXP §r§afrom playing SkyBlock!
01:51:33 [EMPTY] 
01:51:33 [EMPTY] 
01:53:31 [GUILD_EXP] §aYou earned §r§2384 GEXP §r§afrom playing SkyBlock!
01:58:38 [GUILD_EXP] §aYou earned §r§2499 GEXP §r§afrom playing SkyBlock!
02:01:46 [EMPTY] §f
02:01:46 [WATCHDOG] §4[WATCHDOG ANNOUNCEMENT]
02:01:46 [WATCHDOG] §fWatchdog has banned §r§c§l13,463§r§f players in the last 7 days.
02:01:46 [WATCHDOG] §fStaff have banned an additional §r§c§l15,351§r§f in the last 7 days.
02:01:46 [WATCHDOG] §cBlacklisted modifications are a bannable offense!
02:01:46 [WATCHDOG] §c
02:03:19 [EMPTY] 
02:03:47 [GUILD_EXP] §aYou earned §r§2438 GEXP §r§afrom playing SkyBlock!
02:07:51 [EMPTY] §f                                        
02:08:56 [GUILD_EXP] §aYou earned §r§2471 GEXP §r§afrom playing SkyBlock!
02:14:04 [GUILD_EXP] §aYou earned §r§2421 GEXP §r§afrom playing SkyBlock!
02:19:12 [GUILD_EXP] §aYou earned §r§2480 GEXP §r§afrom playing SkyBlock!
02:23:17 [EMPTY] 
02:24:23 [GUILD_EXP] §aYou earned §r§2506 GEXP §r§afrom playing SkyBlock!
02:27:51 [EMPTY] §f                                        
02:29:33 [GUILD_EXP] §aYou earned §r§2464 GEXP §r§afrom playing SkyBlock!
02:34:43 [GUILD_EXP] §aYou earned §r§2216 GEXP §r§afrom playing SkyBlock!
02:39:53 [GUILD_EXP] §aYou earned §r§2536 GEXP §r§afrom playing SkyBlock!
02:45:02 [GUILD_EXP] §aYou earned §r§2646 GEXP §r§afrom playing SkyBlock!
02:46:26 [EMPTY] 
02:47:52 [EMPTY] §f                                        
02:50:12 [GUILD_EXP] §aYou earned §r§2576 GEXP §r§afrom playing SkyBlock!
02:52:20 [EMPTY] 
02:52:20 [EMPTY] 
02:55:21 [GUILD_EXP] §aYou earned §r§2511 GEXP §r§afrom playing SkyBlock!
03:00:30 [GUILD_EXP] §aYou earned §r§2509 GEXP §r§afrom playing SkyBlock!
03:03:19 [EMPTY] 
03:05:38 [GUILD_EXP] §aYou earned §r§2394 GEXP §r§afrom playing SkyBlock!
03:07:50 [EMPTY] §f                                        
03:10:47 [GUILD_EXP] §aYou earned §r§2456 GEXP §r§afrom playing SkyBlock!
03:15:56 [GUILD_EXP] §aYou earned §r§2567 GEXP §r§afrom playing SkyBlock!
03:21:07 [GUILD_EXP] §aYou earned §r§2375 GEXP §r§afrom playing SkyBlock!
