09:28:51 [LOBBY] §aYou are still radiating with §bGenerosity§r§a!
09:28:51 [EMPTY] §f §r§r§r§f §r§r§r§1 §r§r§r§0 §r§r§r§2 §r§r§r§f §r§r§r§f §r§r§r§2 §r§r§r§0 §r§r§r§4 §r§r§r§3 §r§r§r§9 §r§r§r§2 §r§r§r§0 §r§r§r§0 §r§r§r§3 §r§r§r§9 §r§r§r§2 §r§r§r§0 §r§r§r§0 §r§r§r§3 §r§r§r§9 §r§r§r§2 §r§r§r§0 §r§r§r§0 
09:28:51 [LOBBY] §b[MVP§9+§b] Sebbebas§f §6joined the lobby!
09:28:53 [LOBBY] §b[MVP§c+§b] Just1ncasee§f §6joined the lobby!
09:28:58 [LOBBY] §b[MVP§6+§b] aerialhue§f §6joined the lobby!
09:28:58 [LOBBY]  §b>§c>§a>§r §r§b[MVP§f++§b] Zexiys§f §6joined the lobby!§r §a<§c<§b<
09:29:01 [WARPING] §7Sending to server mini38E...
09:29:02 [EMPTY] §8 §r§8 §r§1 §r§3 §r§3 §r§7 §r§8 
09:29:03 [EMPTY] 
09:29:03 [EMPTY] 
09:29:04 [PROFILE_JOIN] §aYou are playing on profile: §eBanana§b (Co-op)
09:29:04 [PROFILE_JOIN] §8Profile ID: b1a71305-1956-42bf-90e4-bce6f7285754
09:29:05 [EMPTY]  
09:29:05 [STASH_COMPACT] §f                 §7You have §3396 §7materials stashed away!
09:29:05 [STASH_COMPACT] §f               §8(This totals 1 type of material stashed!)
09:29:05 [STASH_COMPACT] §f                §3§l>>> §3§lCLICK HERE§b to pick them up! §3§l<<<
09:29:05 [EMPTY]   
09:29:08 [EMPTY]  
09:29:08 [STASH_COMPACT] §f                 §7You have §3396 §7materials stashed away!
09:29:08 [STASH_COMPACT] §f               §8(This totals 1 type of material stashed!)
09:29:08 [STASH_COMPACT] §f                §3§l>>> §3§lCLICK HERE§b to pick them up! §3§l<<<
09:29:08 [EMPTY]   
09:29:14 [WARPING] §7Warping...
09:29:53 [EMPTY] 
09:30:09 [EMPTY]  
09:30:09 [STASH_COMPACT] §f                 §7You have §3396 §7materials stashed away!
09:30:09 [STASH_COMPACT] §f               §8(This totals 1 type of material stashed!)
09:30:09 [STASH_COMPACT] §f                §3§l>>> §3§lCLICK HERE§b to pick them up! §3§l<<<
09:30:09 [EMPTY]   
09:30:51 [WARPING] §7Warping...
09:31:05 [GUILD_EXP] §aYou earned §r§280 GEXP §r§afrom playing SkyBlock!
09:31:09 [EMPTY]  
09:31:09 [STASH_COMPACT] §f                 §7You have §3396 §7materials stashed away!
09:31:10 [STASH_COMPACT] §f               §8(This totals 1 type of material stashed!)
09:31:10 [STASH_COMPACT] §f                §3§l>>> §3§lCLICK HERE§b to pick them up! §3§l<<<
09:31:10 [EMPTY]   
09:32:10 [EMPTY]  
09:32:10 [STASH_COMPACT] §f                 §7You have §3396 §7materials stashed away!
09:32:10 [STASH_COMPACT] §f               §8(This totals 1 type of material stashed!)
09:32:10 [STASH_COMPACT] §f                §3§l>>> §3§lCLICK HERE§b to pick them up! §3§l<<<
09:32:10 [EMPTY]   
09:33:11 [EMPTY]  
09:33:11 [STASH_COMPACT] §f                 §7You have §3396 §7materials stashed away!
09:33:11 [STASH_COMPACT] §f               §8(This totals 1 type of material stashed!)
09:33:11 [STASH_COMPACT] §f                §3§l>>> §3§lCLICK HERE§b to pick them up! §3§l<<<
09:33:11 [EMPTY]   
09:33:46 [EMPTY] §f §r§r§r§f §r§r§r§1 §r§r§r§0 §r§r§r§2 §r§r§r§f §r§r§r§f §r§r§r§2 §r§r§r§0 §r§r§r§4 §r§r§r§3 §r§r§r§9 §r§r§r§2 §r§r§r§0 §r§r§r§0 §r§r§r§3 §r§r§r§9 §r§r§r§2 §r§r§r§0 §r§r§r§0 §r§r§r§3 §r§r§r§9 §r§r§r§2 §r§r§r§0 §r§r§r§0 
09:33:46 [LOBBY] §b[MVP§c+§b] JonathanLanunez§f §6joined the lobby!
09:33:48 [LOBBY]  §b>§c>§a>§r §r§6[MVP§0++§6] NinjaB2006§f §6joined the lobby!§r §a<§c<§b<
09:33:49 [LOBBY]   §r§f§l➤ §r§6You have reached your Hype limit! Add Hype to Prototype Lobby minigames by right-clicking with the Hype Diamond!
09:33:55 [WARPING] §7Sending to server mini78P...
09:33:56 [EMPTY] §8 §r§8 §r§1 §r§3 §r§3 §r§7 §r§8 
09:33:57 [EMPTY] 
09:33:58 [EMPTY] 
09:33:58 [EMPTY] 
09:33:59 [WARPING] §7Warping you to your SkyBlock island...
09:34:00 [PROFILE_JOIN] §aYou are playing on profile: §eApple§b (Co-op)
09:34:00 [PROFILE_JOIN] §8Profile ID: b1a71305-1956-42bf-90e4-bce6f7285754
09:34:00 [WARPING] §7Sending to server mini78BE...
09:34:01 [EMPTY] §8 §r§8 §r§1 §r§3 §r§3 §r§7 §r§8 
09:34:03 [PROFILE_JOIN] §aYou are playing on profile: §eApple§b (Co-op)
09:34:03 [PROFILE_JOIN] §8Profile ID: b1a71305-1956-42bf-90e4-bce6f7285754
09:34:19 [EMPTY] §f §r§r§r§f §r§r§r§1 §r§r§r§0 §r§r§r§2 §r§r§r§f §r§r§r§f §r§r§r§2 §r§r§r§0 §r§r§r§4 §r§r§r§3 §r§r§r§9 §r§r§r§2 §r§r§r§0 §r§r§r§0 §r§r§r§3 §r§r§r§9 §r§r§r§2 §r§r§r§0 §r§r§r§0 §r§r§r§3 §r§r§r§9 §r§r§r§2 §r§r§r§0 §r§r§r§0 
09:34:19 [LOBBY] §b✦ §r§7You earned §r§b23 §r§7Mystery Dust!
09:34:19 [LOBBY] §b[MVP§c+§b] JonathanLanunez§f §6joined the lobby!
09:34:22 [LOBBY]   §r§f§l➤ §r§6You have reached your Hype limit! Add Hype to Prototype Lobby minigames by right-clicking with the Hype Diamond!
09:34:22 [WARPING] §7Sending to server mini29AB...
09:34:23 [EMPTY] §8 §r§8 §r§1 §r§3 §r§3 §r§7 §r§8 
09:34:24 [EMPTY] 
09:34:24 [EMPTY] 
09:34:25 [PROFILE_JOIN] §aYou are playing on profile: §eApple§b (Co-op)
09:34:25 [PROFILE_JOIN] §8Profile ID: b1a71305-1956-42bf-90e4-bce6f7285754
09:34:27 [WARPING] §7Finding player...
09:34:28 [WARPING] §7Sending a visit request...
09:34:28 [WARPING] §7Sending to server mini99H...
09:34:29 [EMPTY] §8 §r§8 §r§1 §r§3 §r§3 §r§7 §r§8 
09:34:32 [PROFILE_JOIN] §aYou are playing on profile: §eApple§b (Co-op)
09:34:32 [PROFILE_JOIN] §8Profile ID: b1a71305-1956-42bf-90e4-bce6f7285754
09:34:33 [WARPING] §7Sending to server mini36BR...
09:34:33 [EMPTY] §8 §r§8 §r§1 §r§3 §r§3 §r§7 §r§8 
09:34:36 [PROFILE_JOIN] §aYou are playing on profile: §eApple§b (Co-op)
09:34:36 [PROFILE_JOIN] §8Profile ID: b1a71305-1956-42bf-90e4-bce6f7285754
09:35:38 [WARPING] §7Warping you to your SkyBlock island...
09:35:39 [WARPING] §7Sending to server mini3BQ...
09:35:40 [EMPTY] §8 §r§8 §r§1 §r§3 §r§3 §r§7 §r§8 
09:35:40 [WARPING] §7Warping...
09:35:42 [PROFILE_JOIN] §aYou are playing on profile: §eApple§b (Co-op)
09:35:42 [PROFILE_JOIN] §8Profile ID: b1a71305-1956-42bf-90e4-bce6f7285754
09:35:44 [WARPING] §7Warping...
09:35:44 [WARPING] §7Sending to server mini16DD...
09:35:45 [EMPTY] §8 §r§8 §r§1 §r§3 §r§3 §r§7 §r§8 
09:35:48 [PROFILE_JOIN] §aYou are playing on profile: §eApple§b (Co-op)
09:35:48 [PROFILE_JOIN] §8Profile ID: b1a71305-1956-42bf-90e4-bce6f7285754
09:35:59 [EMPTY] 
09:36:24 [LOBBY] §aYou are still radiating with §bGenerosity§r§a!
09:36:24 [EMPTY] §f §r§r§r§f §r§r§r§1 §r§r§r§0 §r§r§r§2 §r§r§r§f §r§r§r§f §r§r§r§2 §r§r§r§0 §r§r§r§4 §r§r§r§3 §r§r§r§9 §r§r§r§2 §r§r§r§0 §r§r§r§0 §r§r§r§3 §r§r§r§9 §r§r§r§2 §r§r§r§0 §r§r§r§0 §r§r§r§3 §r§r§r§9 §r§r§r§2 §r§r§r§0 §r§r§r§0 
09:36:24 [LOBBY] §b[MVP§9+§b] Sebbebas§f §6joined the lobby!
09:36:27 [LOBBY] §b[MVP§d+§b] YellowPookie97§f §6joined the lobby!
09:36:27 [LOBBY] §b[MVP§f+§b] NinoNakano__§f §6joined the lobby!
09:36:30 [LOBBY] §b[MVP§d+§b] Pandacifiste§f §6joined the lobby!
09:36:30 [WARPING] §7Sending to server mini156DG...
09:36:30 [LOBBY] §b[MVP§a+§b] Dark__Prisma§f §6joined the lobby!
09:36:31 [EMPTY] §8 §r§8 §r§1 §r§3 §r§3 §r§7 §r§8 
09:36:33 [EMPTY] 
09:36:33 [EMPTY] 
09:36:33 [WARPING] §7Warping you to your SkyBlock island...
09:36:33 [PROFILE_JOIN] §aYou are playing on profile: §eBanana§b (Co-op)
09:36:33 [PROFILE_JOIN] §8Profile ID: b1a71305-1956-42bf-90e4-bce6f7285754
09:36:34 [WARPING] §7Sending to server mini37BQ...
09:36:35 [EMPTY] §8 §r§8 §r§1 §r§3 §r§3 §r§7 §r§8 
09:36:37 [PROFILE_JOIN] §aYou are playing on profile: §eBanana§b (Co-op)
09:36:37 [PROFILE_JOIN] §8Profile ID: b1a71305-1956-42bf-90e4-bce6f7285754
09:36:38 [EMPTY]  
09:36:38 [STASH_COMPACT] §f                 §7You have §3396 §7materials stashed away!
09:36:38 [STASH_COMPACT] §f               §8(This totals 1 type of material stashed!)
09:36:38 [STASH_COMPACT] §f                §3§l>>> §3§lCLICK HERE§b to pick them up! §3§l<<<
09:36:38 [EMPTY]   
09:36:38 [EMPTY]  
09:36:38 [STASH_COMPACT] §f                 §7You have §3396 §7materials stashed away!
09:36:38 [STASH_COMPACT] §f               §8(This totals 1 type of material stashed!)
09:36:38 [STASH_COMPACT] §f                §3§l>>> §3§lCLICK HERE§b to pick them up! §3§l<<<
09:36:38 [EMPTY]   
09:37:33 [WARPING] §7Sending to server mega16A...
09:37:33 [EMPTY] §8 §r§8 §r§1 §r§3 §r§3 §r§7 §r§8 
09:37:36 [EMPTY]  
09:37:36 [STASH_COMPACT] §f                 §7You have §3396 §7materials stashed away!
09:37:36 [STASH_COMPACT] §f               §8(This totals 1 type of material stashed!)
09:37:36 [STASH_COMPACT] §f                §3§l>>> §3§lCLICK HERE§b to pick them up! §3§l<<<
09:37:36 [EMPTY]   
09:37:37 [PROFILE_JOIN] §aYou are playing on profile: §eBanana§b (Co-op)
09:37:37 [PROFILE_JOIN] §8Profile ID: b1a71305-1956-42bf-90e4-bce6f7285754
09:37:37 [EMPTY]  
09:37:37 [STASH_COMPACT] §f                 §7You have §3396 §7materials stashed away!
09:37:37 [STASH_COMPACT] §f               §8(This totals 1 type of material stashed!)
09:37:37 [STASH_COMPACT] §f                §3§l>>> §3§lCLICK HERE§b to pick them up! §3§l<<<
09:37:37 [EMPTY]   
09:38:37 [EMPTY]  
09:38:37 [STASH_COMPACT] §f                 §7You have §3396 §7materials stashed away!
09:38:37 [STASH_COMPACT] §f               §8(This totals 1 type of material stashed!)
09:38:37 [STASH_COMPACT] §f                §3§l>>> §3§lCLICK HERE§b to pick them up! §3§l<<<
09:38:37 [EMPTY]   
09:39:15 [WARPING] §7Warping...
09:39:24 [WARPING] §7Warping...
09:39:37 [WARPING] §7Warping...
09:39:38 [EMPTY]  
09:39:38 [STASH_COMPACT] §f                 §7You have §3396 §7materials stashed away!
09:39:38 [STASH_COMPACT] §f               §8(This totals 1 type of material stashed!)
09:39:38 [STASH_COMPACT] §f                §3§l>>> §3§lCLICK HERE§b to pick them up! §3§l<<<
09:39:39 [EMPTY]   
09:39:53 [WARPING] §7Warping...
09:40:17 [WARPING] §7Warping...
09:40:33 [WARPING] §7Warping...
09:40:40 [EMPTY]  
09:40:40 [STASH_COMPACT] §f                 §7You have §3396 §7materials stashed away!
09:40:40 [STASH_COMPACT] §f               §8(This totals 1 type of material stashed!)
09:40:40 [STASH_COMPACT] §f                §3§l>>> §3§lCLICK HERE§b to pick them up! §3§l<<<
09:40:40 [EMPTY]   
09:40:47 [WARPING] §7Warping...
09:41:41 [EMPTY]  
09:41:41 [STASH_COMPACT] §f                 §7You have §3396 §7materials stashed away!
09:41:41 [STASH_COMPACT] §f               §8(This totals 1 type of material stashed!)
09:41:41 [STASH_COMPACT] §f                §3§l>>> §3§lCLICK HERE§b to pick them up! §3§l<<<
09:41:41 [EMPTY]   
09:41:44 [WARPING] §7Warping...
09:41:59 [WARPING] §7Warping...
09:42:30 [WARPING] §7Warping...
09:42:38 [GUILD_EXP] §aYou earned §r§2585 GEXP §r§afrom playing SkyBlock!
09:42:43 [EMPTY]  
09:42:43 [STASH_COMPACT] §f                 §7You have §3396 §7materials stashed away!
09:42:43 [STASH_COMPACT] §f               §8(This totals 1 type of material stashed!)
09:42:43 [STASH_COMPACT] §f                §3§l>>> §3§lCLICK HERE§b to pick them up! §3§l<<<
09:42:43 [EMPTY]   
09:42:48 [WARPING] §7Warping...
09:43:02 [WARPING] §7Warping...
09:43:25 [WARPING] §7Warping...
09:43:44 [EMPTY]  
09:43:44 [STASH_COMPACT] §f                 §7You have §3396 §7materials stashed away!
09:43:44 [STASH_COMPACT] §f               §8(This totals 1 type of material stashed!)
09:43:44 [STASH_COMPACT] §f                §3§l>>> §3§lCLICK HERE§b to pick them up! §3§l<<<
09:43:44 [EMPTY]   
09:43:52 [WARPING] §7Warping...
09:44:03 [WARPING] §7Warping...
09:44:40 [WARPING] §7Warping...
09:44:46 [EMPTY]  
09:44:46 [STASH_COMPACT] §f                 §7You have §3396 §7materials stashed away!
09:44:46 [STASH_COMPACT] §f               §8(This totals 1 type of material stashed!)
09:44:46 [STASH_COMPACT] §f                §3§l>>> §3§lCLICK HERE§b to pick them up! §3§l<<<
09:44:46 [EMPTY]   
09:44:51 [WARPING] §7Warping...
09:45:15 [WARPING] §7Warping...
09:45:28 [WARPING] §7Warping...
09:45:38 [WARPING] §7Warping...
09:45:47 [EMPTY]  
09:45:47 [STASH_COMPACT] §f                 §7You have §3396 §7materials stashed away!
09:45:47 [STASH_COMPACT] §f               §8(This totals 1 type of material stashed!)
09:45:47 [STASH_COMPACT] §f                §3§l>>> §3§lCLICK HERE§b to pick them up! §3§l<<<
09:45:47 [EMPTY]   
09:46:48 [EMPTY]  
09:46:48 [STASH_COMPACT] §f                 §7You have §3396 §7materials stashed away!
09:46:48 [STASH_COMPACT] §f               §8(This totals 1 type of material stashed!)
09:46:48 [STASH_COMPACT] §f                §3§l>>> §3§lCLICK HERE§b to pick them up! §3§l<<<
09:46:48 [EMPTY]   
09:47:04 [WARPING] §7Warping...
09:47:25 [WARPING] §7Warping...
09:47:37 [WARPING] §7Warping...
09:47:45 [GUILD_EXP] §aYou earned §r§2721 GEXP §r§afrom playing SkyBlock!
09:47:50 [EMPTY]  
09:47:50 [STASH_COMPACT] §f                 §7You have §3396 §7materials stashed away!
09:47:50 [STASH_COMPACT] §f               §8(This totals 1 type of material stashed!)
09:47:50 [STASH_COMPACT] §f                §3§l>>> §3§lCLICK HERE§b to pick them up! §3§l<<<
09:47:50 [EMPTY]   
09:47:57 [WARPING] §7Warping...
09:48:13 [WARPING] §7Warping...
09:48:28 [WARPING] §7Warping...
09:48:51 [EMPTY]  
09:48:51 [STASH_COMPACT] §f                 §7You have §3396 §7materials stashed away!
09:48:51 [STASH_COMPACT] §f               §8(This totals 1 type of material stashed!)
09:48:51 [STASH_COMPACT] §f                §3§l>>> §3§lCLICK HERE§b to pick them up! §3§l<<<
09:48:51 [EMPTY]   
09:49:03 [WARPING] §7Warping...
09:49:18 [WARPING] §7Warping...
09:49:29 [WARPING] §7Warping...
09:49:47 [WARPING] §7Warping...
09:49:53 [EMPTY]  
09:49:53 [STASH_COMPACT] §f                 §7You have §3396 §7materials stashed away!
09:49:53 [STASH_COMPACT] §f               §8(This totals 1 type of material stashed!)
09:49:53 [STASH_COMPACT] §f                §3§l>>> §3§lCLICK HERE§b to pick them up! §3§l<<<
09:49:53 [EMPTY]   
09:50:03 [WARPING] §7Warping...
09:50:14 [WARPING] §7Warping...
09:50:30 [WARPING] §7Warping...
09:50:45 [WARPING] §7Warping...
09:50:54 [EMPTY]  
09:50:54 [STASH_COMPACT] §f                 §7You have §3396 §7materials stashed away!
09:50:54 [STASH_COMPACT] §f               §8(This totals 1 type of material stashed!)
09:50:54 [STASH_COMPACT] §f                §3§l>>> §3§lCLICK HERE§b to pick them up! §3§l<<<
09:50:54 [EMPTY]   
09:51:00 [WARPING] §7Warping...
09:51:47 [WARPING] §7Warping...
09:51:56 [EMPTY]  
09:51:56 [STASH_COMPACT] §f                 §7You have §3396 §7materials stashed away!
09:51:56 [STASH_COMPACT] §f               §8(This totals 1 type of material stashed!)
09:51:56 [STASH_COMPACT] §f                §3§l>>> §3§lCLICK HERE§b to pick them up! §3§l<<<
09:51:56 [EMPTY]   
09:52:52 [GUILD_EXP] §aYou earned §r§2705 GEXP §r§afrom playing SkyBlock!
09:52:57 [EMPTY]  
09:52:57 [STASH_COMPACT] §f                 §7You have §3396 §7materials stashed away!
09:52:57 [STASH_COMPACT] §f               §8(This totals 1 type of material stashed!)
09:52:57 [STASH_COMPACT] §f                §3§l>>> §3§lCLICK HERE§b to pick them up! §3§l<<<
09:52:57 [EMPTY]   
09:53:53 [WARPING] §7Warping...
09:53:58 [EMPTY]  
09:53:58 [STASH_COMPACT] §f                 §7You have §3396 §7materials stashed away!
09:53:58 [STASH_COMPACT] §f               §8(This totals 1 type of material stashed!)
09:53:58 [STASH_COMPACT] §f                §3§l>>> §3§lCLICK HERE§b to pick them up! §3§l<<<
09:53:58 [EMPTY]   
09:54:12 [WARPING] §7Warping...
09:54:30 [WARPING] §7Warping...
09:54:45 [WARPING] §7Warping...
09:55:00 [EMPTY]  
09:55:00 [STASH_COMPACT] §f                 §7You have §3396 §7materials stashed away!
09:55:00 [STASH_COMPACT] §f               §8(This totals 1 type of material stashed!)
09:55:00 [STASH_COMPACT] §f                §3§l>>> §3§lCLICK HERE§b to pick them up! §3§l<<<
09:55:00 [EMPTY]   
09:55:23 [WARPING] §7Warping...
09:56:01 [EMPTY]  
09:56:01 [STASH_COMPACT] §f                 §7You have §3396 §7materials stashed away!
09:56:01 [STASH_COMPACT] §f               §8(This totals 1 type of material stashed!)
09:56:01 [STASH_COMPACT] §f                §3§l>>> §3§lCLICK HERE§b to pick them up! §3§l<<<
09:56:01 [EMPTY]   
09:56:05 [WARPING] §7Warping...
09:56:31 [WARPING] §7Warping...
09:56:42 [WARPING] §7Warping...
09:56:57 [WARPING] §7Warping...
09:57:03 [EMPTY]  
09:57:03 [STASH_COMPACT] §f                 §7You have §3396 §7materials stashed away!
09:57:03 [STASH_COMPACT] §f               §8(This totals 1 type of material stashed!)
09:57:03 [STASH_COMPACT] §f                §3§l>>> §3§lCLICK HERE§b to pick them up! §3§l<<<
09:57:03 [EMPTY]   
09:57:16 [WARPING] §7Warping...
09:57:54 [EMPTY]  
09:57:55 [BESTIARY] §f                                  §6§lBESTIARY
09:57:55 [BESTIARY] §f                        §b§lMinos Inquisitor §7§8X §8➡§b §bXI
09:57:55 [BESTIARY] 
09:57:55 [BESTIARY] §f                                  §r§6§lREWARDS
09:57:55 [BESTIARY] §f                    §r§8+§r§a4 Minos Inquisitor §r§b✯ Magic Find
09:57:55 [BESTIARY] §f                     §r§8+§r§a4 Minos Inquisitor §r§c❁ Strength
09:57:55 [BESTIARY] §f                        §r§8+§r§62% §r§aMinos Inquisitor §r§7coins
09:57:55 [BESTIARY] §f                    §r§8+§r§a50% §r§7chance for extra XP orbs
09:57:55 [BESTIARY] §f                               §r§8+§r§b1 SkyBlock XP
09:57:55 [BESTIARY] 
09:57:55 [BESTIARY]   §r§f                         §6§lBESTIARY MILESTONE
09:57:55 [BESTIARY]   §r§f                                  §8CCII➡§eCCIII
09:57:55 [BESTIARY] 
09:57:55 [BESTIARY] §3§l▬▬▬▬▬▬▬▬▬▬▬▬▬▬▬▬▬▬▬▬▬▬▬▬▬▬▬▬▬▬▬▬▬▬▬▬▬▬▬▬▬▬▬▬▬▬▬▬▬▬▬▬▬▬▬▬▬▬▬▬▬▬▬▬
09:57:59 [GUILD_EXP] §aYou earned §r§2733 GEXP §r§afrom playing SkyBlock!
09:58:04 [EMPTY]  
09:58:04 [STASH_COMPACT] §f                 §7You have §3396 §7materials stashed away!
09:58:04 [STASH_COMPACT] §f               §8(This totals 1 type of material stashed!)
09:58:04 [STASH_COMPACT] §f                §3§l>>> §3§lCLICK HERE§b to pick them up! §3§l<<<
09:58:04 [EMPTY]   
09:58:26 [WARPING] §7Warping...
09:58:59 [WARPING] §7Warping...
09:59:06 [EMPTY]  
09:59:06 [STASH_COMPACT] §f                 §7You have §3396 §7materials stashed away!
09:59:06 [STASH_COMPACT] §f               §8(This totals 1 type of material stashed!)
09:59:06 [STASH_COMPACT] §f                §3§l>>> §3§lCLICK HERE§b to pick them up! §3§l<<<
09:59:06 [EMPTY]   
09:59:07 [WARPING] §7Warping...
09:59:17 [WARPING] §7Warping...
09:59:37 [WARPING] §7Warping...
09:59:56 [WARPING] §7Warping...
10:00:07 [EMPTY]  
10:00:07 [STASH_COMPACT] §f                 §7You have §3396 §7materials stashed away!
10:00:07 [STASH_COMPACT] §f               §8(This totals 1 type of material stashed!)
10:00:07 [STASH_COMPACT] §f                §3§l>>> §3§lCLICK HERE§b to pick them up! §3§l<<<
10:00:07 [EMPTY]   
10:00:24 [WARPING] §7Warping...
10:00:43 [EMPTY] §f
10:00:43 [WATCHDOG] §4[WATCHDOG ANNOUNCEMENT]
10:00:43 [WATCHDOG] §fWatchdog has banned §r§c§l10,591§r§f players in the last 7 days.
10:00:43 [WATCHDOG] §fStaff have banned an additional §r§c§l11,486§r§f in the last 7 days.
10:00:43 [WATCHDOG] §cBlacklisted modifications are a bannable offense!
10:00:43 [WATCHDOG] §c
10:01:03 [WARPING] §7Warping...
10:01:08 [EMPTY]  
10:01:08 [STASH_COMPACT] §f                 §7You have §3396 §7materials stashed away!
10:01:08 [STASH_COMPACT] §f               §8(This totals 1 type of material stashed!)
10:01:08 [STASH_COMPACT] §f                §3§l>>> §3§lCLICK HERE§b to pick them up! §3§l<<<
10:01:08 [EMPTY]   
10:01:23 [WARPING] §7Warping...
10:02:08 [WARPING] §7Warping...
10:02:10 [EMPTY]  
10:02:10 [STASH_COMPACT] §f                 §7You have §3396 §7materials stashed away!
10:02:10 [STASH_COMPACT] §f               §8(This totals 1 type of material stashed!)
10:02:10 [STASH_COMPACT] §f                §3§l>>> §3§lCLICK HERE§b to pick them up! §3§l<<<
10:02:10 [EMPTY]   
10:02:19 [WARPING] §7Warping...
10:02:31 [WARPING] §7Warping...
10:02:50 [WARPING] §7Warping...
10:03:06 [GUILD_EXP] §aYou earned §r§2750 GEXP §r§afrom playing SkyBlock!
10:03:11 [EMPTY]  
10:03:11 [STASH_COMPACT] §f                 §7You have §3396 §7materials stashed away!
10:03:11 [STASH_COMPACT] §f               §8(This totals 1 type of material stashed!)
10:03:11 [STASH_COMPACT] §f                §3§l>>> §3§lCLICK HERE§b to pick them up! §3§l<<<
10:03:11 [EMPTY]   
10:03:16 [WARPING] §7Warping...
10:03:26 [WARPING] §7Warping...
10:03:40 [WARPING] §7Warping...
10:04:12 [EMPTY]  
10:04:12 [STASH_COMPACT] §f                 §7You have §3396 §7materials stashed away!
10:04:12 [STASH_COMPACT] §f               §8(This totals 1 type of material stashed!)
10:04:12 [STASH_COMPACT] §f                §3§l>>> §3§lCLICK HERE§b to pick them up! §3§l<<<
10:04:12 [EMPTY]   
10:05:14 [EMPTY]  
10:05:14 [STASH_COMPACT] §f                 §7You have §3396 §7materials stashed away!
10:05:14 [STASH_COMPACT] §f               §8(This totals 1 type of material stashed!)
10:05:14 [STASH_COMPACT] §f                §3§l>>> §3§lCLICK HERE§b to pick them up! §3§l<<<
10:05:14 [EMPTY]   
10:06:15 [EMPTY]  
10:06:15 [STASH_COMPACT] §f                 §7You have §3396 §7materials stashed away!
10:06:15 [STASH_COMPACT] §f               §8(This totals 1 type of material stashed!)
10:06:15 [STASH_COMPACT] §f                §3§l>>> §3§lCLICK HERE§b to pick them up! §3§l<<<
10:06:15 [EMPTY]   
10:06:19 [WARPING] §7Warping...
10:06:26 [WARPING] §7Warping...
10:06:37 [WARPING] §7Warping...
10:06:53 [WARPING] §7Warping...
10:07:05 [WARPING] §7Warping...
10:07:16 [EMPTY]  
10:07:16 [STASH_COMPACT] §f                 §7You have §3396 §7materials stashed away!
10:07:16 [STASH_COMPACT] §f               §8(This totals 1 type of material stashed!)
10:07:16 [STASH_COMPACT] §f                §3§l>>> §3§lCLICK HERE§b to pick them up! §3§l<<<
10:07:16 [EMPTY]   
10:07:26 [WARPING] §7Warping...
10:07:45 [WARPING] §7Warping...
10:08:13 [GUILD_EXP] §aYou earned §r§2673 GEXP §r§afrom playing SkyBlock!
10:08:17 [EMPTY]  
10:08:18 [STASH_COMPACT] §f                 §7You have §3396 §7materials stashed away!
10:08:18 [STASH_COMPACT] §f               §8(This totals 1 type of material stashed!)
10:08:18 [STASH_COMPACT] §f                §3§l>>> §3§lCLICK HERE§b to pick them up! §3§l<<<
10:08:18 [EMPTY]   
10:08:53 [WARPING] §7Warping...
10:09:03 [WARPING] §7Warping...
10:09:19 [EMPTY]  
10:09:19 [STASH_COMPACT] §f                 §7You have §3396 §7materials stashed away!
10:09:19 [STASH_COMPACT] §f               §8(This totals 1 type of material stashed!)
10:09:19 [STASH_COMPACT] §f                §3§l>>> §3§lCLICK HERE§b to pick them up! §3§l<<<
10:09:19 [EMPTY]   
10:09:25 [WARPING] §7Warping...
10:09:40 [WARPING] §7Warping...
10:10:20 [EMPTY]  
10:10:20 [STASH_COMPACT] §f                 §7You have §3396 §7materials stashed away!
10:10:20 [STASH_COMPACT] §f               §8(This totals 1 type of material stashed!)
10:10:20 [STASH_COMPACT] §f                §3§l>>> §3§lCLICK HERE§b to pick them up! §3§l<<<
10:10:20 [EMPTY]   
10:11:21 [EMPTY]  
10:11:21 [STASH_COMPACT] §f                 §7You have §3396 §7materials stashed away!
10:11:21 [STASH_COMPACT] §f               §8(This totals 1 type of material stashed!)
10:11:21 [STASH_COMPACT] §f                §3§l>>> §3§lCLICK HERE§b to pick them up! §3§l<<<
10:11:21 [EMPTY]   
10:11:52 [WARPING] §7Warping...
10:12:07 [WARPING] §7Warping...
10:12:23 [EMPTY]  
10:12:23 [STASH_COMPACT] §f                 §7You have §3396 §7materials stashed away!
10:12:23 [STASH_COMPACT] §f               §8(This totals 1 type of material stashed!)
10:12:23 [STASH_COMPACT] §f                §3§l>>> §3§lCLICK HERE§b to pick them up! §3§l<<<
10:12:23 [EMPTY]   
10:12:24 [WARPING] §7Warping...
10:13:19 [GUILD_EXP] §aYou earned §r§2750 GEXP §r§afrom playing SkyBlock!
10:13:24 [EMPTY]  
10:13:24 [STASH_COMPACT] §f                 §7You have §3396 §7materials stashed away!
10:13:24 [STASH_COMPACT] §f               §8(This totals 1 type of material stashed!)
10:13:24 [STASH_COMPACT] §f                §3§l>>> §3§lCLICK HERE§b to pick them up! §3§l<<<
10:13:24 [EMPTY]   
10:13:33 [WARPING] §7Warping...
10:13:34 [WARPING] §7Sending to server mini4BP...
10:13:36 [EMPTY] §8 §r§8 §r§1 §r§3 §r§3 §r§7 §r§8 
10:13:38 [PROFILE_JOIN] §aYou are playing on profile: §eBanana§b (Co-op)
10:13:38 [PROFILE_JOIN] §8Profile ID: b1a71305-1956-42bf-90e4-bce6f7285754
10:13:38 [EMPTY]  
10:13:39 [STASH_COMPACT] §f                 §7You have §3396 §7materials stashed away!
10:13:39 [STASH_COMPACT] §f               §8(This totals 1 type of material stashed!)
10:13:39 [STASH_COMPACT] §f                §3§l>>> §3§lCLICK HERE§b to pick them up! §3§l<<<
10:13:39 [EMPTY]   
10:13:39 [EMPTY]  
10:13:39 [STASH_COMPACT] §f                 §7You have §3396 §7materials stashed away!
10:13:39 [STASH_COMPACT] §f               §8(This totals 1 type of material stashed!)
10:13:39 [STASH_COMPACT] §f                §3§l>>> §3§lCLICK HERE§b to pick them up! §3§l<<<
10:13:39 [EMPTY]   
10:14:05 [WARPING] §7Sending to server mini2CM...
10:14:06 [EMPTY] §8 §r§8 §r§1 §r§3 §r§3 §r§7 §r§8 
10:14:08 [PROFILE_JOIN] §aYou are playing on profile: §eBanana§b (Co-op)
10:14:08 [PROFILE_JOIN] §8Profile ID: b1a71305-1956-42bf-90e4-bce6f7285754
10:14:17 [WARPING] §7Warping...
10:14:22 [WARPING] §7Warping...
10:14:23 [WARPING] §7Sending to server mega16A...
10:14:23 [EMPTY] §8 §r§8 §r§1 §r§3 §r§3 §r§7 §r§8 
10:14:26 [PROFILE_JOIN] §aYou are playing on profile: §eBanana§b (Co-op)
10:14:26 [PROFILE_JOIN] §8Profile ID: b1a71305-1956-42bf-90e4-bce6f7285754
10:15:28 [WARPING] §7Warping...
10:15:42 [WARPING] §7Warping...
10:15:53 [WARPING] §7Warping...
10:16:16 [WARPING] §7Warping...
10:16:40 [WARPING] §7Warping...
10:16:53 [WARPING] §7Warping...
10:17:18 [WARPING] §7Warping...
10:17:46 [WARPING] §7Warping...
10:18:25 [GUILD_EXP] §aYou earned §r§2555 GEXP §r§afrom playing SkyBlock!
10:18:55 [WARPING] §7Warping...
10:19:08 [WARPING] §7Warping...
10:20:15 [WARPING] §7Warping...
10:20:29 [WARPING] §7Warping...
10:20:49 [WARPING] §7Warping...
10:21:04 [WARPING] §7Warping...
10:21:43 [WARPING] §7Warping...
10:22:01 [WARPING] §7Warping...
10:23:31 [GUILD_EXP] §aYou earned §r§2750 GEXP §r§afrom playing SkyBlock!
10:23:35 [WARPING] §7Warping...
10:23:41 [WARPING] §7Sending to server mini83CR...
10:23:43 [EMPTY] §8 §r§8 §r§1 §r§3 §r§3 §r§7 §r§8 
10:23:45 [PROFILE_JOIN] §aYou are playing on profile: §eBanana§b (Co-op)
10:23:45 [PROFILE_JOIN] §8Profile ID: b1a71305-1956-42bf-90e4-bce6f7285754
10:23:46 [WARPING] §7Sending to server mega5B...
10:23:47 [EMPTY] §8 §r§8 §r§1 §r§3 §r§3 §r§7 §r§8 
10:23:50 [WARPING] §7Warping...
10:23:50 [PROFILE_JOIN] §aYou are playing on profile: §eBanana§b (Co-op)
10:23:50 [PROFILE_JOIN] §8Profile ID: b1a71305-1956-42bf-90e4-bce6f7285754
10:24:16 [WARPING] §7Warping...
10:24:26 [WARPING] §7Warping...
10:24:47 [WARPING] §7Warping...
10:25:16 [WARPING] §7Warping...
10:25:56 [WARPING] §7Warping...
10:26:06 [WARPING] §7Warping...
10:27:18 [WARPING] §7Warping...
10:28:08 [WARPING] §7Warping...
10:28:12 [GUILD_EXP] §aYou earned §r§2495 GEXP §r§afrom playing SkyBlock!
10:29:02 [WARPING] §7Warping...
10:29:21 [WARPING] §7Warping...
10:31:31 [WARPING] §7Warping...
10:32:05 [WARPING] §7Warping...
10:32:28 [WARPING] §7Warping...
10:33:00 [WARPING] §7Warping...
10:33:16 [GUILD_EXP] §aYou earned §r§2700 GEXP §r§afrom playing SkyBlock!
10:33:20 [WARPING] §7Warping...
10:34:07 [WARPING] §7Warping...
10:34:39 [WARPING] §7Warping...
10:35:02 [WARPING] §7Warping...
10:36:05 [WARPING] §7Sending to server mini35G...
10:36:07 [EMPTY] §8 §r§8 §r§1 §r§3 §r§3 §r§7 §r§8 
10:36:10 [PROFILE_JOIN] §aYou are playing on profile: §eBanana§b (Co-op)
10:36:10 [PROFILE_JOIN] §8Profile ID: b1a71305-1956-42bf-90e4-bce6f7285754
10:36:11 [WARPING] §7Sending to server mega5B...
10:36:11 [EMPTY] §8 §r§8 §r§1 §r§3 §r§3 §r§7 §r§8 
10:36:14 [PROFILE_JOIN] §aYou are playing on profile: §eBanana§b (Co-op)
10:36:14 [PROFILE_JOIN] §8Profile ID: b1a71305-1956-42bf-90e4-bce6f7285754
10:36:44 [WARPING] §7Warping...
10:37:08 [WARPING] §7Warping...
10:37:21 [WARPING] §7Warping...
10:37:55 [WARPING] §7Warping...
10:38:21 [GUILD_EXP] §aYou earned §r§2738 GEXP §r§afrom playing SkyBlock!
10:39:43 [WARPING] §7Warping...
10:40:10 [WARPING] §7Warping...
10:40:24 [WARPING] §7Warping...
10:41:20 [WARPING] §7Warping...
10:41:37 [WARPING] §7Warping...
10:41:47 [WARPING] §7Warping...
10:42:07 [WARPING] §7Warping...
10:43:03 [WARPING] §7Sending to server mini71E...
10:43:04 [EMPTY] §8 §r§8 §r§1 §r§3 §r§3 §r§7 §r§8 
10:43:07 [PROFILE_JOIN] §aYou are playing on profile: §eBanana§b (Co-op)
10:43:07 [PROFILE_JOIN] §8Profile ID: b1a71305-1956-42bf-90e4-bce6f7285754
10:47:11 [WARPING] §7Warping...
10:47:11 [WARPING] §7Sending to server mini5Q...
10:47:12 [EMPTY] §8 §r§8 §r§1 §r§3 §r§3 §r§7 §r§8 
10:47:15 [PROFILE_JOIN] §aYou are playing on profile: §eBanana§b (Co-op)
10:47:15 [PROFILE_JOIN] §8Profile ID: b1a71305-1956-42bf-90e4-bce6f7285754
10:47:16 [WARPING] §7Request join for Hub #1 (mega5B)...
10:47:16 [WARPING] §7Sending to server mega5B...
10:47:17 [EMPTY] §8 §r§8 §r§1 §r§3 §r§3 §r§7 §r§8 
10:47:20 [PROFILE_JOIN] §aYou are playing on profile: §eBanana§b (Co-op)
10:47:20 [PROFILE_JOIN] §8Profile ID: b1a71305-1956-42bf-90e4-bce6f7285754
10:47:30 [WARPING] §7Warping...
10:48:04 [WARPING] §7Warping...
10:48:30 [GUILD_EXP] §aYou earned §r§223 GEXP §r§afrom playing SkyBlock!
10:48:37 [WARPING] §7Warping...
10:49:08 [WARPING] §7Warping...
10:49:21 [WARPING] §7Warping...
10:49:47 [WARPING] §7Warping...
10:49:56 [WARPING] §7Warping...
10:50:28 [WARPING] §7Warping...
10:50:53 [WARPING] §7Warping...
10:51:24 [WARPING] §7Warping...
10:51:39 [WARPING] §7Warping...
10:52:53 [WARPING] §7Warping...
10:53:16 [WARPING] §7Warping...
10:53:34 [WARPING] §7Warping...
10:53:35 [GUILD_EXP] §aYou earned §r§2715 GEXP §r§afrom playing SkyBlock!
10:54:05 [WARPING] §7Warping...
10:54:22 [WARPING] §7Warping...
10:54:37 [WARPING] §7Warping...
10:55:09 [WARPING] §7Warping...
10:55:27 [WARPING] §7Warping...
10:55:48 [WARPING] §7Warping...
10:56:18 [WARPING] §7Warping...
10:56:27 [WARPING] §7Warping...
10:56:41 [WARPING] §7Warping...
10:56:54 [WARPING] §7Warping...
10:57:16 [WARPING] §7Warping...
10:57:37 [WARPING] §7Warping...
10:57:53 [WARPING] §7Warping...
10:58:08 [WARPING] §7Warping...
10:58:23 [WARPING] §7Warping...
10:58:33 [WARPING] §7Warping...
10:58:39 [GUILD_EXP] §aYou earned §r§2743 GEXP §r§afrom playing SkyBlock!
10:58:52 [WARPING] §7Warping...
11:00:05 [WARPING] §7Warping...
11:00:23 [WARPING] §7Warping...
11:00:43 [WARPING] §7Warping...
11:01:52 [WARPING] §7Warping...
11:02:17 [WARPING] §7Warping...
11:02:54 [WARPING] §7Warping...
11:03:12 [WARPING] §7Warping...
11:03:30 [WARPING] §7Warping...
11:03:45 [GUILD_EXP] §aYou earned §r§2750 GEXP §r§afrom playing SkyBlock!
11:03:46 [WARPING] §7Warping...
11:04:00 [WARPING] §7Warping...
11:04:19 [WARPING] §7Warping...
11:04:37 [WARPING] §7Warping...
11:05:08 [WARPING] §7Warping...
11:05:46 [WARPING] §7Warping...
11:05:57 [WARPING] §7Warping...
11:06:08 [WARPING] §7Warping...
11:06:29 [WARPING] §7Warping...
11:07:07 [WARPING] §7Warping...
11:07:25 [WARPING] §7Warping...
11:07:36 [WARPING] §7Warping...
11:07:59 [WARPING] §7Warping...
11:08:10 [WARPING] §7Warping...
11:08:36 [WARPING] §7Warping...
11:08:50 [GUILD_EXP] §aYou earned §r§2750 GEXP §r§afrom playing SkyBlock!
11:08:56 [WARPING] §7Warping...
11:09:53 [WARPING] §7Warping...
11:10:21 [WARPING] §7Warping...
11:10:31 [WARPING] §7Warping...
11:11:19 [WARPING] §7Warping...
11:12:51 [WARPING] §7Warping...
11:13:17 [WARPING] §7Warping...
11:13:30 [WARPING] §7Warping...
11:13:59 [GUILD_EXP] §aYou earned §r§2900 GEXP §r§afrom playing SkyBlock!
11:14:13 [WARPING] §7Warping...
11:14:27 [WARPING] §7Warping...
11:14:57 [WARPING] §7Warping...
11:15:11 [WARPING] §7Warping...
11:19:06 [GUILD_EXP] §aYou earned §r§2378 GEXP §r§afrom playing SkyBlock!
11:19:09 [WARPING] §7Warping...
11:19:09 [WARPING] §7Sending to server mini7S...
11:19:10 [EMPTY] §8 §r§8 §r§1 §r§3 §r§3 §r§7 §r§8 
11:19:12 [PROFILE_JOIN] §aYou are playing on profile: §eBanana§b (Co-op)
11:19:12 [PROFILE_JOIN] §8Profile ID: b1a71305-1956-42bf-90e4-bce6f7285754
11:19:37 [EMPTY] 
11:21:14 [EMPTY] §f                                        
11:21:14 [EMPTY] §f                                        
11:24:45 [GUILD_EXP] §aYou earned §r§2101 GEXP §r§afrom playing SkyBlock!
11:41:14 [EMPTY] §f                                        
11:41:47 [WARPING] §7Warping...
11:42:08 [EMPTY] 
11:42:31 [EMPTY] 
11:43:04 [EMPTY] 
11:43:31 [EMPTY] 
11:43:52 [EMPTY] 
11:44:56 [GUILD_EXP] §aYou earned §r§298 GEXP §r§afrom playing SkyBlock!
11:46:31 [EMPTY] 
11:46:45 [EMPTY] 
11:47:00 [EMPTY] 
11:47:15 [EMPTY] 
11:47:34 [EMPTY] 
11:47:46 [EMPTY] 
11:47:58 [EMPTY] 
11:48:11 [EMPTY] 
11:48:29 [EMPTY] 
11:48:45 [EMPTY] 
11:49:12 [EMPTY] 
11:49:15 [LOBBY] §aYou are still radiating with §bGenerosity§r§a!
11:49:15 [EMPTY] §f §r§r§r§f §r§r§r§1 §r§r§r§0 §r§r§r§2 §r§r§r§f §r§r§r§f §r§r§r§2 §r§r§r§0 §r§r§r§4 §r§r§r§3 §r§r§r§9 §r§r§r§2 §r§r§r§0 §r§r§r§0 §r§r§r§3 §r§r§r§9 §r§r§r§2 §r§r§r§0 §r§r§r§0 §r§r§r§3 §r§r§r§9 §r§r§r§2 §r§r§r§0 §r§r§r§0 
11:49:15 [LOBBY] §b[MVP§9+§b] Sebbebas§f §6joined the lobby!
11:49:19 [LOBBY] §b[MVP§c+§b] Tana516§f §6joined the lobby!
11:49:19 [WARPING] §7Sending to server mini98AG...
11:49:20 [EMPTY] §8 §r§8 §r§1 §r§3 §r§3 §r§7 §r§8 
11:49:22 [EMPTY] 
11:49:22 [EMPTY] 
11:49:23 [PROFILE_JOIN] §aYou are playing on profile: §eBanana§b (Co-op)
11:49:23 [PROFILE_JOIN] §8Profile ID: b1a71305-1956-42bf-90e4-bce6f7285754
11:50:46 [EMPTY] §f                                        
11:50:49 [WARPING] §7Warping...
11:51:18 [EMPTY] 
11:51:31 [EMPTY] 
11:51:45 [EMPTY] 
11:51:58 [GUILD_EXP] §aYou earned §r§220 GEXP §r§afrom playing SkyBlock!
11:52:00 [EMPTY] 
11:52:23 [EMPTY] 
11:52:36 [EMPTY] 
11:52:49 [EMPTY] 
11:53:12 [EMPTY] 
11:53:26 [EMPTY] 
11:53:38 [EMPTY] 
11:53:51 [EMPTY] 
11:54:04 [EMPTY] 
11:54:17 [EMPTY] 
11:54:29 [EMPTY] 
11:54:44 [EMPTY] 
11:55:12 [EMPTY] 
11:55:30 [EMPTY] 
11:55:50 [EMPTY] 
11:56:03 [EMPTY] 
11:56:17 [EMPTY] 
11:56:43 [EMPTY] 
11:56:58 [EMPTY] 
11:57:01 [GUILD_EXP] §aYou earned §r§283 GEXP §r§afrom playing SkyBlock!
11:57:11 [EMPTY] 
11:58:03 [EMPTY] 
11:58:14 [EMPTY] 
11:58:30 [EMPTY] 
11:58:43 [EMPTY] 
11:58:56 [EMPTY] 
11:59:10 [EMPTY] 
11:59:22 [EMPTY] 
11:59:36 [EMPTY] 
11:59:49 [EMPTY] 
12:00:01 [EMPTY] 
12:00:43 [EMPTY] §f
12:00:43 [WATCHDOG] §4[WATCHDOG ANNOUNCEMENT]
12:00:43 [WATCHDOG] §fWatchdog has banned §r§c§l10,522§r§f players in the last 7 days.
12:00:43 [WATCHDOG] §fStaff have banned an additional §r§c§l11,387§r§f in the last 7 days.
12:00:43 [WATCHDOG] §cBlacklisted modifications are a bannable offense!
12:00:43 [WATCHDOG] §c
12:02:06 [GUILD_EXP] §aYou earned §r§2138 GEXP §r§afrom playing SkyBlock!
12:03:11 [WARPING] §7Warping...
12:03:11 [WARPING] §7Sending to server mini26AH...
12:03:12 [EMPTY] §8 §r§8 §r§1 §r§3 §r§3 §r§7 §r§8 
12:03:15 [PROFILE_JOIN] §aYou are playing on profile: §eBanana§b (Co-op)
12:03:15 [PROFILE_JOIN] §8Profile ID: b1a71305-1956-42bf-90e4-bce6f7285754
12:03:18 [WARPING] §7Warping...
12:03:18 [WARPING] §7Sending to server mini1CD...
12:03:19 [EMPTY] §8 §r§8 §r§1 §r§3 §r§3 §r§7 §r§8 
12:03:22 [PROFILE_JOIN] §aYou are playing on profile: §eBanana§b (Co-op)
12:03:22 [PROFILE_JOIN] §8Profile ID: b1a71305-1956-42bf-90e4-bce6f7285754
12:03:24 [WARPING] §7Warping...
12:03:26 [WARPING] §7Warping you to your SkyBlock island...
12:03:26 [WARPING] §7Sending to server mini9J...
12:03:27 [EMPTY] §8 §r§8 §r§1 §r§3 §r§3 §r§7 §r§8 
12:03:29 [WARPING] §7Warping...
12:03:30 [PROFILE_JOIN] §aYou are playing on profile: §eBanana§b (Co-op)
12:03:30 [PROFILE_JOIN] §8Profile ID: b1a71305-1956-42bf-90e4-bce6f7285754
12:03:31 [WARPING] §7Warping...
12:03:31 [WARPING] §7Sending to server mini160DC...
12:03:32 [EMPTY] §8 §r§8 §r§1 §r§3 §r§3 §r§7 §r§8 
12:03:35 [PROFILE_JOIN] §aYou are playing on profile: §eBanana§b (Co-op)
12:03:35 [PROFILE_JOIN] §8Profile ID: b1a71305-1956-42bf-90e4-bce6f7285754
12:03:54 [EMPTY] 
12:07:47 [GUILD_EXP] §aYou earned §r§2218 GEXP §r§afrom playing SkyBlock!
12:08:45 [EMPTY] §f                                        
12:08:45 [EMPTY] §f                                        
12:08:56 [WARPING] §7Warping...
12:12:51 [GUILD_EXP] §aYou earned §r§2515 GEXP §r§afrom playing SkyBlock!
12:13:49 [EMPTY] 
12:13:49 [EMPTY] 
12:15:24 [WARPING] §7Warping...
12:15:24 [WARPING] §7Sending to server mini148CF...
12:15:24 [EMPTY] §8 §r§8 §r§1 §r§3 §r§3 §r§7 §r§8 
12:15:27 [PROFILE_JOIN] §aYou are playing on profile: §eBanana§b (Co-op)
12:15:27 [PROFILE_JOIN] §8Profile ID: b1a71305-1956-42bf-90e4-bce6f7285754
12:15:50 [WARPING] §7Warping...
12:15:50 [WARPING] §7Sending to server mini182W...
12:15:51 [EMPTY] §8 §r§8 §r§1 §r§3 §r§3 §r§7 §r§8 
12:15:54 [PROFILE_JOIN] §aYou are playing on profile: §eBanana§b (Co-op)
12:15:54 [PROFILE_JOIN] §8Profile ID: b1a71305-1956-42bf-90e4-bce6f7285754
12:17:06 [WARPING] §7Warping...
12:17:06 [WARPING] §7Sending to server mini79CJ...
12:17:07 [EMPTY] §8 §r§8 §r§1 §r§3 §r§3 §r§7 §r§8 
12:17:10 [PROFILE_JOIN] §aYou are playing on profile: §eBanana§b (Co-op)
12:17:10 [PROFILE_JOIN] §8Profile ID: b1a71305-1956-42bf-90e4-bce6f7285754
12:20:06 [EMPTY] §f
12:20:06 [EMPTY] §f
12:21:07 [GUILD_EXP] §aYou earned §r§2118 GEXP §r§afrom playing SkyBlock!
12:22:12 [WARPING] §7Warping you to your SkyBlock island...
12:22:12 [WARPING] §7Sending to server mini86BA...
12:22:13 [EMPTY] §8 §r§8 §r§1 §r§3 §r§3 §r§7 §r§8 
12:22:16 [PROFILE_JOIN] §aYou are playing on profile: §eBanana§b (Co-op)
12:22:16 [PROFILE_JOIN] §8Profile ID: b1a71305-1956-42bf-90e4-bce6f7285754
12:22:42 [WARPING] §7Warping using transfer token...
12:22:43 [WARPING] §7Sending to server mini22CM...
12:22:43 [EMPTY] §8 §r§8 §r§1 §r§3 §r§3 §r§7 §r§8 
12:22:46 [PROFILE_JOIN] §aYou are playing on profile: §eBanana§b (Co-op)
12:22:46 [PROFILE_JOIN] §8Profile ID: b1a71305-1956-42bf-90e4-bce6f7285754
12:24:37 [WARPING] §7Warping you to your SkyBlock island...
12:24:37 [WARPING] §7Sending to server mini7R...
12:24:38 [EMPTY] §8 §r§8 §r§1 §r§3 §r§3 §r§7 §r§8 
12:24:40 [PROFILE_JOIN] §aYou are playing on profile: §eBanana§b (Co-op)
12:24:40 [PROFILE_JOIN] §8Profile ID: b1a71305-1956-42bf-90e4-bce6f7285754
12:25:04 [EMPTY] §f
12:25:04 [EMPTY] §f
12:25:58 [WARPING] §7Sending to server mini38CM...
12:25:59 [EMPTY] §8 §r§8 §r§1 §r§3 §r§3 §r§7 §r§8 
12:26:02 [PROFILE_JOIN] §aYou are playing on profile: §eBanana§b (Co-op)
12:26:02 [PROFILE_JOIN] §8Profile ID: b1a71305-1956-42bf-90e4-bce6f7285754
12:26:32 [WARPING] §7Warping...
12:26:32 [WARPING] §7Sending to server mini68AA...
12:26:33 [EMPTY] §8 §r§8 §r§1 §r§3 §r§3 §r§7 §r§8 
12:26:36 [PROFILE_JOIN] §aYou are playing on profile: §eBanana§b (Co-op)
12:26:36 [PROFILE_JOIN] §8Profile ID: b1a71305-1956-42bf-90e4-bce6f7285754
12:27:53 [GUILD_EXP] §aYou earned §r§248 GEXP §r§afrom playing SkyBlock!
12:28:31 [WARPING] §7Warping...
12:28:31 [WARPING] §7Sending to server mini5Q...
12:28:32 [EMPTY] §8 §r§8 §r§1 §r§3 §r§3 §r§7 §r§8 
12:28:35 [PROFILE_JOIN] §aYou are playing on profile: §eBanana§b (Co-op)
12:28:35 [PROFILE_JOIN] §8Profile ID: b1a71305-1956-42bf-90e4-bce6f7285754
12:28:52 [WARPING] §7Sending to server mini68AA...
12:28:53 [EMPTY] §8 §r§8 §r§1 §r§3 §r§3 §r§7 §r§8 
12:28:56 [PROFILE_JOIN] §aYou are playing on profile: §eBanana§b (Co-op)
12:28:56 [PROFILE_JOIN] §8Profile ID: b1a71305-1956-42bf-90e4-bce6f7285754
12:29:07 [WARPING] §7Sending to server mini13AA...
12:29:08 [EMPTY] §8 §r§8 §r§1 §r§3 §r§3 §r§7 §r§8 
12:29:11 [PROFILE_JOIN] §aYou are playing on profile: §eBanana§b (Co-op)
12:29:11 [PROFILE_JOIN] §8Profile ID: b1a71305-1956-42bf-90e4-bce6f7285754
12:33:07 [EMPTY]  
12:33:07 [BESTIARY] §f                                  §6§lBESTIARY
12:33:07 [BESTIARY] §f                                §b§lBat §7§8XI §8➡§b §bXII
12:33:07 [BESTIARY] 
12:33:07 [BESTIARY] §f                                  §r§6§lREWARDS
12:33:07 [BESTIARY] §f                            §r§8+§r§a4 Bat §r§b✯ Magic Find
12:33:07 [BESTIARY] §f                             §r§8+§r§a4 Bat §r§c❁ Strength
12:33:07 [BESTIARY] §f                                §r§8+§r§62% §r§aBat §r§7coins
12:33:07 [BESTIARY] §f                    §r§8+§r§a50% §r§7chance for extra XP orbs
12:33:07 [BESTIARY] §f                               §r§8+§r§b1 SkyBlock XP
12:33:07 [BESTIARY] 
12:33:07 [BESTIARY] §3§l▬▬▬▬▬▬▬▬▬▬▬▬▬▬▬▬▬▬▬▬▬▬▬▬▬▬▬▬▬▬▬▬▬▬▬▬▬▬▬▬▬▬▬▬▬▬▬▬▬▬▬▬▬▬▬▬▬▬▬▬▬▬▬▬
12:34:11 [GUILD_EXP] §aYou earned §r§2435 GEXP §r§afrom playing SkyBlock!
12:38:46 [EMPTY] 
12:38:46 [EMPTY] 
12:38:46 [EMPTY] 
12:38:46 [EMPTY] 
12:38:48 [EMPTY] 
12:38:48 [EMPTY] 
12:38:58 [EMPTY] 
12:38:58 [EMPTY] 
12:39:00 [WARPING] §7Sending to server mini203M...
12:39:01 [EMPTY] §8 §r§8 §r§1 §r§3 §r§3 §r§7 §r§8 
12:39:03 [PROFILE_JOIN] §aYou are playing on profile: §eBanana§b (Co-op)
12:39:03 [PROFILE_JOIN] §8Profile ID: b1a71305-1956-42bf-90e4-bce6f7285754
12:39:51 [WARPING] §7Sending to server mini63AJ...
12:39:52 [EMPTY] §8 §r§8 §r§1 §r§3 §r§3 §r§7 §r§8 
12:39:56 [PROFILE_JOIN] §aYou are playing on profile: §eBanana§b (Co-op)
12:39:56 [PROFILE_JOIN] §8Profile ID: b1a71305-1956-42bf-90e4-bce6f7285754
12:44:58 [GUILD_EXP] §aYou earned §r§2575 GEXP §r§afrom playing SkyBlock!
12:48:20 [EMPTY] 
12:48:20 [EMPTY] 
12:48:20 [EMPTY] 
12:48:20 [EMPTY] 
12:48:22 [EMPTY] 
12:48:22 [EMPTY] 
12:48:45 [EMPTY] 
12:48:45 [EMPTY] 
12:48:47 [WARPING] §7Sending to server mini197D...
12:48:48 [EMPTY] §8 §r§8 §r§1 §r§3 §r§3 §r§7 §r§8 
12:48:51 [PROFILE_JOIN] §aYou are playing on profile: §eBanana§b (Co-op)
12:48:51 [PROFILE_JOIN] §8Profile ID: b1a71305-1956-42bf-90e4-bce6f7285754
12:49:16 [WARPING] §7Sending to server mini87AT...
12:49:17 [EMPTY] §8 §r§8 §r§1 §r§3 §r§3 §r§7 §r§8 
12:49:20 [PROFILE_JOIN] §aYou are playing on profile: §eBanana§b (Co-op)
12:49:20 [PROFILE_JOIN] §8Profile ID: b1a71305-1956-42bf-90e4-bce6f7285754
12:50:21 [EMPTY] 
12:50:21 [EMPTY] 
12:50:21 [EMPTY] 
12:50:30 [EMPTY] 
12:50:30 [EMPTY] 
12:50:30 [EMPTY] 
12:50:37 [EMPTY] 
12:50:37 [EMPTY] 
12:50:37 [EMPTY] 
12:54:28 [GUILD_EXP] §aYou earned §r§2503 GEXP §r§afrom playing SkyBlock!
12:57:59 [EMPTY] 
12:57:59 [EMPTY] 
12:57:59 [EMPTY] 
12:57:59 [EMPTY] 
12:58:01 [EMPTY] 
12:58:01 [EMPTY] 
12:58:13 [EMPTY] 
12:58:13 [EMPTY] 
12:58:17 [WARPING] §7Sending to server mini192AE...
12:58:18 [EMPTY] §8 §r§8 §r§1 §r§3 §r§3 §r§7 §r§8 
12:58:21 [PROFILE_JOIN] §aYou are playing on profile: §eBanana§b (Co-op)
12:58:21 [PROFILE_JOIN] §8Profile ID: b1a71305-1956-42bf-90e4-bce6f7285754
13:02:45 [GUILD_EXP] §aYou earned §r§2118 GEXP §r§afrom playing SkyBlock!
13:15:25 [WARPING] §7Sending to server mini63AM...
13:15:26 [EMPTY] §8 §r§8 §r§1 §r§3 §r§3 §r§7 §r§8 
13:15:32 [PROFILE_JOIN] §aYou are playing on profile: §eBanana§b (Co-op)
13:15:32 [PROFILE_JOIN] §8Profile ID: b1a71305-1956-42bf-90e4-bce6f7285754
13:16:29 [EMPTY] 
13:16:29 [EMPTY] 
13:20:37 [GUILD_EXP] §aYou earned §r§2555 GEXP §r§afrom playing SkyBlock!
13:23:09 [EMPTY] 
13:23:09 [EMPTY] 
13:23:09 [EMPTY] 
13:23:09 [EMPTY] 
13:23:18 [EMPTY] 
13:23:18 [EMPTY] 
13:23:21 [WARPING] §7Sending to server mini40Q...
13:23:21 [EMPTY] §8 §r§8 §r§1 §r§3 §r§3 §r§7 §r§8 
13:23:24 [PROFILE_JOIN] §aYou are playing on profile: §eBanana§b (Co-op)
13:23:24 [PROFILE_JOIN] §8Profile ID: b1a71305-1956-42bf-90e4-bce6f7285754
13:25:43 [WARPING] §7Sending to server mini75CK...
13:25:45 [EMPTY] §8 §r§8 §r§1 §r§3 §r§3 §r§7 §r§8 
13:25:49 [PROFILE_JOIN] §aYou are playing on profile: §eBanana§b (Co-op)
13:25:49 [PROFILE_JOIN] §8Profile ID: b1a71305-1956-42bf-90e4-bce6f7285754
13:26:56 [EMPTY] 
13:26:56 [EMPTY] 
13:26:56 [EMPTY] 
13:27:04 [EMPTY] 
13:27:04 [EMPTY] 
13:27:04 [EMPTY] 
13:27:11 [EMPTY] 
13:27:11 [EMPTY] 
13:27:11 [EMPTY] 
13:31:06 [GUILD_EXP] §aYou earned §r§2595 GEXP §r§afrom playing SkyBlock!
13:34:06 [EMPTY] 
13:34:07 [EMPTY] 
13:34:07 [EMPTY] 
13:34:07 [EMPTY] 
13:34:31 [EMPTY] 
13:34:31 [EMPTY] 
13:34:35 [WARPING] §7Sending to server mini99CG...
13:34:36 [EMPTY] §8 §r§8 §r§1 §r§3 §r§3 §r§7 §r§8 
13:34:39 [PROFILE_JOIN] §aYou are playing on profile: §eBanana§b (Co-op)
13:34:39 [PROFILE_JOIN] §8Profile ID: b1a71305-1956-42bf-90e4-bce6f7285754
13:38:28 [GUILD_EXP] §aYou earned §r§2203 GEXP §r§afrom playing SkyBlock!
