11:45:56 §e[SkyHanni] Reloaded 7436 items in the NEU repo§r
11:51:43 §e[SkyHanni] §bYou have §32.5k §bmaterials in stash, §btotalling §31 type§b. §bClick to §3pickup §byour stash!§r
11:51:45 §c[SkyHanni] Your computer's clock is off by 11s.
§ePlease update your time settings. Many features may not function correctly until you do.
§eClick here for instructions on how to fix your clock.§r
11:54:13 §e[SkyHanni] §fYou were in Limbo for §e4s§f.§r
11:54:26 §e[SkyHanni] §bYou have §32.5k §bmaterials in stash, §btotalling §31 type§b. §bClick to §3pickup §byour stash!§r
11:56:24 §c[SkyHanni] Your computer's clock is off by 11s.
§ePlease update your time settings. Many features may not function correctly until you do.
§eClick here for instructions on how to fix your clock.§r
12:12:15 §e[SkyHanni] §b+4 SkyBlock XP §7(HOTM Progression§7)§b (44/100)§r
12:12:36 §e[SkyHanni] §b+2 SkyBlock XP §7(HOTM Progression§7)§b (44/100)§r
12:13:09 §e[SkyHanni] §b+1 SkyBlock XP §7(HOTM Progression§7)§b (44/100)§r
12:14:48 §e[SkyHanni] §b+2 SkyBlock XP §7(HOTM Progression§7)§b (44/100)§r
12:15:23 §e[SkyHanni] §b+12 SkyBlock XP §7(HOTM Progression§7)§b (44/100)§r
12:15:29 §e[SkyHanni] §b+1 SkyBlock XP §7(HOTM Progression§7)§b (43/100)§r
12:15:39 §e[SkyHanni] §b+2 SkyBlock XP §7(HOTM Progression§7)§b (44/100)§r
12:17:48 §e[SkyHanni] §b+1 SkyBlock XP §7(HOTM Progression§7)§b (44/100)§r
12:18:16 §e[SkyHanni] §b+175 SkyBlock XP §7(CotM§7)§b (73/100)§r
12:18:26 §e[SkyHanni] §b+5 SkyBlock XP §7(HOTM Progression§7)§b (73/100)§r
12:20:37 §e[SkyHanni] §bYou have §32.5k §bmaterials in stash, §btotalling §31 type§b. §bClick to §3pickup §byour stash!§r
12:25:47 §e[SkyHanni] Profit for §9Lapis Corpse§e: §661k§r
12:27:33 §e[SkyHanni] §bYou have §32.5k §bmaterials in stash, §btotalling §31 type§b. §bClick to §3pickup §byour stash!§r
12:46:58 §e[SkyHanni] §b+2 SkyBlock XP §7(HOTM Progression§7)§b (74/100)§r
12:50:24 §e[SkyHanni] §bYou have §32.5k §bmaterials in stash, §btotalling §31 type§b. §bClick to §3pickup §byour stash!§r
12:50:52 §e[SkyHanni] Profit for §9Lapis Corpse§e: §615k§r
12:51:52 §e[SkyHanni] §bYou have §32.5k §bmaterials in stash, §btotalling §31 type§b. §bClick to §3pickup §byour stash!§r
12:58:57 §e[SkyHanni] Profit for §9Lapis Corpse§e: §665k§r
12:58:58 §e[SkyHanni] §b+1 SkyBlock XP §7(HOTM Progression§7)§b (77/100)§r
13:09:00 §6§lBESTIARY §r§b§lGlacite Caver §7§8XII §8➡§b §bXIII§r
13:09:00 §e[SkyHanni] §b+1 SkyBlock XP §7(HOTM Progression§7)§b (79/100)§r
13:12:42 §e[SkyHanni] §b+1 SkyBlock XP §7(HOTM Progression§7)§b (80/100)§r
13:12:53 §e[SkyHanni] §lCLICK HERE§r§e to grab §ax35 §9§aEnchanted Hard Stone§e from sacks!§r
13:12:59 §e[SkyHanni] §lCLICK HERE§r§e to grab §ax126 §9§9Enchanted Umber§e from sacks!§r
13:32:31 §e[SkyHanni] Profit for §9Lapis Corpse§e: §675k§r
13:37:31 §e[SkyHanni] §b+1 SkyBlock XP §7(HOTM Progression§7)§b (81/100)§r
13:42:04 §e[SkyHanni] Profit for §9Lapis Corpse§e: §611k§r
13:42:15 §e[SkyHanni] Profit for §9Lapis Corpse§e: §625k§r
14:00:39 §e[SkyHanni] §lCLICK HERE§r§e to grab §ax126 §9§9Enchanted Glacite§e from sacks!§r
14:38:25 §e[SkyHanni] §cYour Time Tower just expired and has 1 charge remaining. Click here to open the Chocolate Factory Menu.§r
14:48:30 §e[SkyHanni] You are close to the Croesus Limit. Please open your chests!§r
