12:49:05 `Bat`268539 missed {
 is already Found: false).
 Position: LorenzVec{x=-382.4375, y=133.07291666666669, z=-473.01041666666663}
 DistanceC: 21.30964105610542
Relative Position: LorenzVec{x=-17.338481721060987, y=57.197916666666686, z=-21.30964105610542}
 }
12:49:05 `Bat`268548 missed {
 is already Found: false).
 Position: LorenzVec{x=-381.875, y=133.0625, z=-472.05208333333337}
 DistanceC: 20.351307722772162
Relative Position: LorenzVec{x=-16.775981721060987, y=57.1875, z=-20.351307722772162}
 }
12:49:05 `Bat`268559 missed {
 is already Found: false).
 Position: LorenzVec{x=-383.03125, y=133.65625, z=-471.94791666666663}
 DistanceC: 20.24714105610542
Relative Position: LorenzVec{x=-17.932231721060987, y=57.78125, z=-20.24714105610542}
 }
12:49:05 `Bat`268563 missed {
 is already Found: false).
 Position: LorenzVec{x=-380.65625, y=132.375, z=-472.21875}
 DistanceC: 20.51797438943879
Relative Position: LorenzVec{x=-15.557231721060987, y=56.5, z=-20.51797438943879}
 }
12:49:05 `Bat`268573 missed {
 is already Found: false).
 Position: LorenzVec{x=-380.77083333333337, y=133.25, z=-471.72916666666663}
 DistanceC: 20.02839105610542
Relative Position: LorenzVec{x=-15.671815054394358, y=57.375, z=-20.02839105610542}
 }
12:49:05 `Bat`268596 missed {
 is already Found: false).
 Position: LorenzVec{x=-383.125, y=134.625, z=-473.0625}
 DistanceC: 21.36172438943879
Relative Position: LorenzVec{x=-18.025981721060987, y=58.75, z=-21.36172438943879}
 }
12:49:05 `Bat`268604 missed {
 is already Found: false).
 Position: LorenzVec{x=-381.0625, y=133.16666666666669, z=-471.64583333333337}
 DistanceC: 19.945057722772162
Relative Position: LorenzVec{x=-15.963481721060987, y=57.291666666666686, z=-19.945057722772162}
 }
12:49:36 `8rl6uqs11l`97 missed {
 is already Found: false).
 Position: LorenzVec{x=-131.5, y=101.0, z=-753.5}
 DistanceC: 10.30628435900995
Relative Position: LorenzVec{x=-10.30628435900995, y=9.0, z=0.9549577842500412}
 }
12:49:36 `pjw5914yac`98 missed {
 is already Found: false).
 Position: LorenzVec{x=-131.5, y=101.0, z=-755.5}
 DistanceC: 10.30628435900995
Relative Position: LorenzVec{x=-10.30628435900995, y=9.0, z=-1.0450422157499588}
 }
12:49:37 `v6hv89zta5`121 missed {
 is already Found: false).
 Position: LorenzVec{x=-117.5, y=105.0, z=-754.5}
 DistanceC: 3.6937156409900496
Relative Position: LorenzVec{x=3.6937156409900496, y=13.0, z=-0.05129406118578572}
 }
12:50:14 `Bat`270845 missed {
 is already Found: false).
 Position: LorenzVec{x=-381.21875, y=136.5, z=-474.34375}
 DistanceC: 21.891719768792086
Relative Position: LorenzVec{x=7.081189013648384, y=23.5, z=-21.891719768792086}
 }
12:50:14 `Bat`270945 missed {
 is already Found: false).
 Position: LorenzVec{x=-382.0729166666667, y=135.39583333333334, z=-474.3854166666667}
 DistanceC: 21.93338643545877
Relative Position: LorenzVec{x=6.227022346981698, y=22.395833333333343, z=-21.93338643545877}
 }
12:51:37 `Bat`274069 missed {
 is already Found: false).
 Position: LorenzVec{x=-383.01041666666663, y=135.90625, z=-473.3125}
 DistanceC: 21.60910081900272
Relative Position: LorenzVec{x=-12.240226616912992, y=55.40625, z=-21.60910081900272}
 }
12:51:38 `Bat`274091 missed {
 is already Found: false).
 Position: LorenzVec{x=-380.625, y=133.35416666666669, z=-472.35416666666663}
 DistanceC: 20.65076748566935
Relative Position: LorenzVec{x=-9.854809950246363, y=52.854166666666686, z=-20.65076748566935}
 }
12:51:38 `Bat`274103 missed {
 is already Found: false).
 Position: LorenzVec{x=-383.0, y=135.0625, z=-473.375}
 DistanceC: 21.67160081900272
Relative Position: LorenzVec{x=-12.229809950246363, y=54.5625, z=-21.67160081900272}
 }
12:51:38 `Bat`274136 missed {
 is already Found: false).
 Position: LorenzVec{x=-381.3125, y=132.9375, z=-471.5625}
 DistanceC: 19.85910081900272
Relative Position: LorenzVec{x=-10.542309950246363, y=52.4375, z=-19.85910081900272}
 }
12:51:39 `Bat`274139 missed {
 is already Found: false).
 Position: LorenzVec{x=-381.21875, y=133.78125, z=-471.60416666666663}
 DistanceC: 19.90076748566935
Relative Position: LorenzVec{x=-10.448559950246363, y=53.28125, z=-19.90076748566935}
 }
12:51:39 `Bat`274151 missed {
 is already Found: false).
 Position: LorenzVec{x=-380.34375, y=133.3125, z=-471.3125}
 DistanceC: 19.60910081900272
Relative Position: LorenzVec{x=-9.573559950246363, y=52.8125, z=-19.60910081900272}
 }
12:51:40 `Bat`274209 missed {
 is already Found: false).
 Position: LorenzVec{x=-381.48958333333337, y=133.62847222222223, z=-473.0451388888889}
 DistanceC: 21.341739707891634
Relative Position: LorenzVec{x=-10.719393283579734, y=53.12847222222223, z=-21.341739707891634}
 }
12:52:43 `Bat`276113 missed {
 is already Found: false).
 Position: LorenzVec{x=-380.53125, y=152.34375, z=-473.03125}
 DistanceC: 21.32998984607957
Relative Position: LorenzVec{x=-9.785263558854808, y=71.84375, z=-21.32998984607957}
 }
12:52:44 `Bat`276160 missed {
 is already Found: false).
 Position: LorenzVec{x=-379.25, y=151.09375, z=-473.15625}
 DistanceC: 21.45498984607957
Relative Position: LorenzVec{x=-8.504013558854808, y=70.59375, z=-21.45498984607957}
 }
12:52:46 `Bat`276207 missed {
 is already Found: false).
 Position: LorenzVec{x=-379.5625, y=151.0, z=-473.25}
 DistanceC: 21.54873984607957
Relative Position: LorenzVec{x=-8.816513558854808, y=70.5, z=-21.54873984607957}
 }
12:52:46 `Bat`276084 missed {
 is already Found: false).
 Position: LorenzVec{x=-356.72916666666663, y=122.19097222222223, z=-457.4375}
 DistanceC: 14.016819774478563
Relative Position: LorenzVec{x=14.016819774478563, y=41.69097222222223, z=-5.73623984607957}
 }
12:52:47 `Bat`276213 missed {
 is already Found: false).
 Position: LorenzVec{x=-378.71875, y=150.90625, z=-468.625}
 DistanceC: 16.92373984607957
Relative Position: LorenzVec{x=-7.972763558854808, y=70.40625, z=-16.92373984607957}
 }
12:53:09 `Bat`270908 missed {
 is already Found: false).
 Position: LorenzVec{x=-380.625, y=136.34375, z=-474.5625}
 DistanceC: 21.581480026245117
Relative Position: LorenzVec{x=-15.269630212028346, y=59.448749989271164, z=-21.581480026245117}
 }
12:53:38 `Bat`277689 missed {
 is already Found: false).
 Position: LorenzVec{x=-382.71875, y=132.9375, z=-472.28125}
 DistanceC: 20.58025135886163
Relative Position: LorenzVec{x=-12.103639648874037, y=52.4375, z=-20.58025135886163}
 }
12:53:38 `Bat`277710 missed {
 is already Found: false).
 Position: LorenzVec{x=-382.6458333333333, y=134.33333333333334, z=-472.8541666666667}
 DistanceC: 21.153168025528316
Relative Position: LorenzVec{x=-12.030722982207351, y=53.83333333333334, z=-21.153168025528316}
 }
12:53:39 `Bat`277721 missed {
 is already Found: false).
 Position: LorenzVec{x=-382.8715277777778, y=133.53472222222223, z=-472.50694444444446}
 DistanceC: 20.805945803306088
Relative Position: LorenzVec{x=-12.256417426651865, y=53.03472222222223, z=-20.805945803306088}
 }
12:56:23 `Magma Cube`281704 missed {
 is already Found: false).
 Position: LorenzVec{x=-391.21875, y=135.0, z=-468.65625}
 DistanceC: 20.445555330235607
Relative Position: LorenzVec{x=-20.445555330235607, y=54.5, z=-16.956003664235766}
 }
12:57:36 `Bat`288239 missed {
 is already Found: false).
 Position: LorenzVec{x=-378.8125, y=150.79166666666669, z=-472.70833333333337}
 DistanceC: 21.008086997569137
Relative Position: LorenzVec{x=-8.098125674384562, y=70.29166666666669, z=-21.008086997569137}
 }
12:57:36 `Bat`288253 missed {
 is already Found: false).
 Position: LorenzVec{x=-379.21875, y=151.5625, z=-473.34375}
 DistanceC: 21.643503664235766
Relative Position: LorenzVec{x=-8.504375674384562, y=71.0625, z=-21.643503664235766}
 }
12:57:41 `Bat`288372 missed {
 is already Found: false).
 Position: LorenzVec{x=-365.05208333333337, y=117.91666666666666, z=-450.5}
 DistanceC: 5.923774255025762
Relative Position: LorenzVec{x=5.923774255025762, y=37.41666666666666, z=1.2002463357642341}
 }
12:57:42 `Bat`288397 missed {
 is already Found: false).
 Position: LorenzVec{x=-379.375, y=145.9375, z=-473.5}
 DistanceC: 21.5153234629301
Relative Position: LorenzVec{x=-7.6694347137537875, y=65.4375, z=-21.5153234629301}
 }
12:57:43 `Bat`288406 missed {
 is already Found: false).
 Position: LorenzVec{x=-372.90625, y=135.03125, z=-462.5625}
 DistanceC: 10.834606624137052
Relative Position: LorenzVec{x=-2.26196485195851, y=54.53125, z=-10.834606624137052}
 }
12:58:00 `Bat`270888 missed {
 is already Found: false).
 Position: LorenzVec{x=-381.25, y=134.15625, z=-474.875}
 DistanceC: 20.85237321004206
Relative Position: LorenzVec{x=-15.596388860752995, y=52.12372499526094, z=-20.85237321004206}
 }
12:58:04 `Bat`288332 missed {
 is already Found: false).
 Position: LorenzVec{x=-379.4375, y=151.125, z=-474.125}
 DistanceC: 21.93833127000954
Relative Position: LorenzVec{x=-8.941227340368755, y=70.58915937495544, z=-21.93833127000954}
 }
12:58:40 `Bat`289737 missed {
 is already Found: false).
 Position: LorenzVec{x=-380.625, y=134.46875, z=-472.84375}
 DistanceC: 21.143657380866614
Relative Position: LorenzVec{x=-9.436062522651412, y=53.96875, z=-21.143657380866614}
 }
12:58:41 `Bat`289767 missed {
 is already Found: false).
 Position: LorenzVec{x=-382.625, y=133.44791666666669, z=-473.53125}
 DistanceC: 21.831157380866614
Relative Position: LorenzVec{x=-11.436062522651412, y=52.947916666666686, z=-21.831157380866614}
 }
12:59:47 `Bat`291658 missed {
 is already Found: false).
 Position: LorenzVec{x=-380.53125, y=134.15625, z=-473.65625}
 DistanceC: 21.956157380866614
Relative Position: LorenzVec{x=-9.428423095166522, y=53.65625, z=-21.956157380866614}
 }
12:59:48 `Bat`291678 missed {
 is already Found: false).
 Position: LorenzVec{x=-381.02083333333337, y=133.09375, z=-473.65625}
 DistanceC: 21.956157380866614
Relative Position: LorenzVec{x=-9.918006428499893, y=52.59375, z=-21.956157380866614}
 }
13:00:02 `Bat`292766 missed {
 is already Found: false).
 Position: LorenzVec{x=-382.5, y=151.03125, z=-472.46875}
 DistanceC: 20.768657380866614
Relative Position: LorenzVec{x=-11.388130883533108, y=70.53125, z=-20.768657380866614}
 }
13:00:03 `Bat`292809 missed {
 is already Found: false).
 Position: LorenzVec{x=-382.6875, y=151.5625, z=-472.53125}
 DistanceC: 20.831157380866614
Relative Position: LorenzVec{x=-11.575630883533108, y=70.04249998927116, z=-20.831157380866614}
 }
13:00:04 `Bat`292822 missed {
 is already Found: false).
 Position: LorenzVec{x=-382.82291666666663, y=151.58333333333331, z=-472.95833333333337}
 DistanceC: 21.258240714199985
Relative Position: LorenzVec{x=-11.711047550199737, y=69.52843998630124, z=-21.258240714199985}
 }
13:00:05 `Bat`292869 missed {
 is already Found: false).
 Position: LorenzVec{x=-382.5, y=150.28125, z=-472.34375}
 DistanceC: 20.643657380866614
Relative Position: LorenzVec{x=-11.388130883533108, y=69.78125, z=-20.643657380866614}
 }
13:01:01 `Bat`294674 missed {
 is already Found: false).
 Position: LorenzVec{x=-382.78125, y=134.28125, z=-473.59375}
 DistanceC: 21.893657380866614
Relative Position: LorenzVec{x=-11.838605231649296, y=53.78125, z=-21.893657380866614}
 }
13:01:01 `Bat`294679 missed {
 is already Found: false).
 Position: LorenzVec{x=-383.40625, y=132.59375, z=-473.3125}
 DistanceC: 21.612407380866614
Relative Position: LorenzVec{x=-12.463605231649296, y=52.09375, z=-21.612407380866614}
 }
13:01:01 `Bat`294681 missed {
 is already Found: false).
 Position: LorenzVec{x=-381.21875, y=134.375, z=-473.4375}
 DistanceC: 21.737407380866614
Relative Position: LorenzVec{x=-10.276105231649296, y=53.875, z=-21.737407380866614}
 }
13:01:02 `Bat`294685 missed {
 is already Found: false).
 Position: LorenzVec{x=-381.17708333333337, y=133.03125, z=-472.51041666666663}
 DistanceC: 20.810324047533243
Relative Position: LorenzVec{x=-10.234438564982668, y=52.53125, z=-20.810324047533243}
 }
13:01:02 `Bat`294716 missed {
 is already Found: false).
 Position: LorenzVec{x=-383.21875, y=132.625, z=-473.0625}
 DistanceC: 21.362407380866614
Relative Position: LorenzVec{x=-12.276105231649296, y=52.125, z=-21.362407380866614}
 }
13:03:27 `Bat`299259 missed {
 is already Found: false).
 Position: LorenzVec{x=-382.1875, y=151.05208333333331, z=-473.10416666666663}
 DistanceC: 21.403763541546482
Relative Position: LorenzVec{x=-11.614986259747297, y=70.55208333333331, z=-21.403763541546482}
 }
13:03:27 `Bat`299271 missed {
 is already Found: false).
 Position: LorenzVec{x=-382.53125, y=151.10416666666669, z=-471.07291666666663}
 DistanceC: 19.372513541546482
Relative Position: LorenzVec{x=-11.958736259747297, y=70.60416666666669, z=-19.372513541546482}
 }
13:03:28 `Bat`299295 missed {
 is already Found: false).
 Position: LorenzVec{x=-382.71875, y=151.3125, z=-472.5}
 DistanceC: 20.799596874879853
Relative Position: LorenzVec{x=-12.146236259747297, y=70.8125, z=-20.799596874879853}
 }
13:03:28 `Bat`299308 missed {
 is already Found: false).
 Position: LorenzVec{x=-381.96875, y=151.34375, z=-472.5}
 DistanceC: 20.799596874879853
Relative Position: LorenzVec{x=-11.396236259747297, y=70.84375, z=-20.799596874879853}
 }
13:03:28 `Bat`299313 missed {
 is already Found: false).
 Position: LorenzVec{x=-382.21875, y=151.3125, z=-472.5625}
 DistanceC: 20.862096874879853
Relative Position: LorenzVec{x=-11.646236259747297, y=70.8125, z=-20.862096874879853}
 }
13:03:28 `Bat`299316 missed {
 is already Found: false).
 Position: LorenzVec{x=-382.30208333333337, y=150.19791666666669, z=-472.85416666666663}
 DistanceC: 21.153763541546482
Relative Position: LorenzVec{x=-11.729569593080669, y=69.69791666666669, z=-21.153763541546482}
 }
13:03:35 `Bat`288360 missed {
 is already Found: false).
 Position: LorenzVec{x=-379.125, y=149.53125, z=-474.34375}
 DistanceC: 19.658757719546713
Relative Position: LorenzVec{x=-19.658757719546713, y=69.08703689597664, z=-18.3082892010122}
 }
13:03:36 `Bat`270875 missed {
 is already Found: false).
 Position: LorenzVec{x=-381.09375, y=134.15625, z=-475.46875}
 DistanceC: 20.378339540582147
Relative Position: LorenzVec{x=-20.378339540582147, y=50.66118537967019, z=-7.776107470960369}
 }
13:03:36 `Bat`270935 missed {
 is already Found: false).
 Position: LorenzVec{x=-382.125, y=134.125, z=-475.28125}
 DistanceC: 20.623292579781264
Relative Position: LorenzVec{x=-20.623292579781264, y=50.358632006042484, z=7.362627675592535}
 }
13:03:51 `Bat`275081 missed {
 is already Found: false).
 Position: LorenzVec{x=-393.46875, y=88.78125, z=-515.03125}
 DistanceC: 19.113224638331587
Relative Position: LorenzVec{x=19.113224638331587, y=-15.754590625044557, z=-7.315008144885155}
 }
13:03:53 `Bat`275076 missed {
 is already Found: false).
 Position: LorenzVec{x=-391.3125, y=88.625, z=-515.03125}
 DistanceC: 17.395793476538017
Relative Position: LorenzVec{x=17.395793476538017, y=-18.635640671874, z=6.708479217299555}
 }
13:03:54 `Bat`277572 missed {
 is already Found: false).
 Position: LorenzVec{x=-404.8125, y=104.65625, z=-526.1666666666667}
 DistanceC: 3.642329567780962
Relative Position: LorenzVec{x=3.642329567780962, y=-3.539646811281443, z=-1.9325859451492988}
 }
13:03:54 `Bat`277538 missed {
 is already Found: false).
 Position: LorenzVec{x=-406.875, y=105.15625, z=-527.125}
 DistanceC: 2.570171735171243
Relative Position: LorenzVec{x=1.4494114001421963, y=-1.7296539224688416, z=-2.570171735171243}
 }
13:03:54 `Bat`277387 missed {
 is already Found: false).
 Position: LorenzVec{x=-416.82291666666663, y=102.4375, z=-525.625}
 DistanceC: 9.968010329556762
Relative Position: LorenzVec{x=-9.968010329556762, y=0.9375, z=-0.8426866530862753}
 }
13:03:54 `Bat`277505 missed {
 is already Found: false).
 Position: LorenzVec{x=-413.65625, y=102.59375, z=-527.0625}
 DistanceC: 6.801343662890133
Relative Position: LorenzVec{x=-6.801343662890133, y=1.09375, z=-2.2801866530862753}
 }
13:20:27 `Bat`276210 missed {
 is already Found: false).
 Position: LorenzVec{x=-382.53125, y=144.125, z=-481.21875}
 DistanceC: 20.773475167377114
Relative Position: LorenzVec{x=20.773475167377114, y=57.125, z=16.640808844578828}
 }
13:20:27 `Bat`287232 missed {
 is already Found: false).
 Position: LorenzVec{x=-385.7430555555556, y=150.66203703703704, z=-482.8240740740741}
 DistanceC: 21.4759283988393
Relative Position: LorenzVec{x=21.4759283988393, y=63.66203703703704, z=14.34018051710376}
 }
13:20:28 `Bat`287210 missed {
 is already Found: false).
 Position: LorenzVec{x=-387.0, y=150.65625, z=-482.03125}
 DistanceC: 15.36256717124536
Relative Position: LorenzVec{x=15.36256717124536, y=63.65625, z=15.000719658634353}
 }
13:20:28 `Bat`287244 missed {
 is already Found: false).
 Position: LorenzVec{x=-386.15625, y=150.625, z=-482.03125}
 DistanceC: 15.63969326520089
Relative Position: LorenzVec{x=15.614733317751245, y=63.625, z=15.63969326520089}
 }
13:20:42 `Bat`275345 missed {
 is already Found: false).
 Position: LorenzVec{x=-429.65625, y=101.4375, z=-529.53125}
 DistanceC: 19.430558444231508
Relative Position: LorenzVec{x=-1.1645309001323767, y=0.1258887928273822, z=-19.430558444231508}
 }
13:20:42 `Bat`275352 missed {
 is already Found: false).
 Position: LorenzVec{x=-427.09375, y=101.625, z=-531.15625}
 DistanceC: 20.512969063016783
Relative Position: LorenzVec{x=1.3979690998676233, y=4.29206724457589, z=-20.512969063016783}
 }
13:20:42 `Bat`275364 missed {
 is already Found: false).
 Position: LorenzVec{x=-426.125, y=107.78125, z=-532.0}
 DistanceC: 20.845065192229526
Relative Position: LorenzVec{x=2.3667190998676233, y=18.09731981329213, z=-20.845065192229526}
 }
13:20:43 `Bat`275323 missed {
 is already Found: false).
 Position: LorenzVec{x=-429.875, y=101.75, z=-530.5625}
 DistanceC: 9.0625
Relative Position: LorenzVec{x=-2.375, y=-4.481523797587016, z=-9.0625}
 }
13:20:43 `Bat`275327 missed {
 is already Found: false).
 Position: LorenzVec{x=-428.96875, y=101.78125, z=-532.0}
 DistanceC: 10.5
Relative Position: LorenzVec{x=-1.46875, y=-1.8724796175885956, z=-10.5}
 }
13:20:43 `Bat`275355 missed {
 is already Found: false).
 Position: LorenzVec{x=-427.75, y=102.4375, z=-532.875}
 DistanceC: 11.375
Relative Position: LorenzVec{x=-0.25, y=-1.2162296175885956, z=-11.375}
 }
13:20:45 `Bat`275385 missed {
 is already Found: false).
 Position: LorenzVec{x=-432.03125, y=103.0, z=-530.59375}
 DistanceC: 21.76271286638695
Relative Position: LorenzVec{x=-7.699624934413691, y=2.5926045976350593, z=-21.76271286638695}
 }
13:20:47 `Bat`275442 missed {
 is already Found: false).
 Position: LorenzVec{x=-444.375, y=96.33333333333334, z=-530.4270833333333}
 DistanceC: 18.709230092196435
Relative Position: LorenzVec{x=-16.76681263351054, y=-5.666666666666657, z=-18.709230092196435}
 }
13:20:51 `Bat`275836 missed {
 is already Found: false).
 Position: LorenzVec{x=-449.5, y=96.5625, z=-531.15625}
 DistanceC: 17.327791219530923
Relative Position: LorenzVec{x=-17.327791219530923, y=-4.4375, z=-16.199462671273295}
 }
13:37:29 `8rl6uqs11l`97 missed {
 is already Found: false).
 Position: LorenzVec{x=-131.5, y=101.0, z=-753.5}
 DistanceC: 9.802330974588514
Relative Position: LorenzVec{x=-9.802330974588514, y=9.0, z=-0.9631723401880663}
 }
13:37:29 `pjw5914yac`98 missed {
 is already Found: false).
 Position: LorenzVec{x=-131.5, y=101.0, z=-755.5}
 DistanceC: 9.802330974588514
Relative Position: LorenzVec{x=-9.802330974588514, y=9.0, z=-2.9631723401880663}
 }
13:37:29 `v6hv89zta5`121 missed {
 is already Found: false).
 Position: LorenzVec{x=-117.5, y=105.0, z=-754.5}
 DistanceC: 4.197669025411486
Relative Position: LorenzVec{x=4.197669025411486, y=13.0, z=-1.9631723401880663}
 }
13:37:29 `z661p3mb3o`128 missed {
 is already Found: false).
 Position: LorenzVec{x=-120.5, y=92.0, z=-751.5}
 DistanceC: 1.1976690254114857
Relative Position: LorenzVec{x=1.1976690254114857, y=0.0, z=1.0368276598119337}
 }
13:38:11 `96bcz543x7`130 missed {
 is already Found: false).
 Position: LorenzVec{x=-624.5, y=120.0, z=-961.5}
 DistanceC: 10.217977973262009
Relative Position: LorenzVec{x=10.217977973262009, y=-1.2491870787446828, z=2.4956035997697654}
 }
13:38:52 `9ix67n6501`161 missed {
 is already Found: false).
 Position: LorenzVec{x=-676.5, y=126.0, z=-985.5}
 DistanceC: 12.952740608479417
Relative Position: LorenzVec{x=12.952740608479417, y=-10.166109260938214, z=8.378222965626946}
 }
13:39:00 `c89fu6uwgm`140 missed {
 is already Found: false).
 Position: LorenzVec{x=-727.5, y=123.0, z=-997.5}
 DistanceC: 2.4078627731136066
Relative Position: LorenzVec{x=-1.6625376179830482, y=-11.0, z=-2.4078627731136066}
 }
13:39:00 `1h7743r0x2`160 missed {
 is already Found: false).
 Position: LorenzVec{x=-729.5, y=139.0, z=-975.5}
 DistanceC: 19.62109625168455
Relative Position: LorenzVec{x=-3.2906326670112094, y=5.0, z=19.62109625168455}
 }
13:39:25 `8rl6uqs11l`97 missed {
 is already Found: false).
 Position: LorenzVec{x=-131.5, y=101.0, z=-753.5}
 DistanceC: 10.398544933599098
Relative Position: LorenzVec{x=-10.398544933599098, y=9.0, z=-0.543038875735192}
 }
13:39:25 `pjw5914yac`98 missed {
 is already Found: false).
 Position: LorenzVec{x=-131.5, y=101.0, z=-755.5}
 DistanceC: 10.398544933599098
Relative Position: LorenzVec{x=-10.398544933599098, y=9.0, z=-2.543038875735192}
 }
13:39:25 `v6hv89zta5`121 missed {
 is already Found: false).
 Position: LorenzVec{x=-117.5, y=105.0, z=-754.5}
 DistanceC: 3.601455066400902
Relative Position: LorenzVec{x=3.601455066400902, y=13.0, z=-1.543038875735192}
 }
13:42:53 `Bat`306480 missed {
 is already Found: false).
 Position: LorenzVec{x=-293.83333333333337, y=138.9375, z=-572.7604166666667}
 DistanceC: 21.113042918669294
Relative Position: LorenzVec{x=21.113042918669294, y=40.26056778686987, z=15.30576437103673}
 }
13:42:53 `Bat`306520 missed {
 is already Found: false).
 Position: LorenzVec{x=-293.59375, y=139.875, z=-572.75}
 DistanceC: 21.80350188761878
Relative Position: LorenzVec{x=21.80350188761878, y=39.89198264870825, z=15.923457761452369}
 }
13:42:53 `Bat`306482 missed {
 is already Found: false).
 Position: LorenzVec{x=-293.83333333333337, y=138.9375, z=-571.7604166666667}
 DistanceC: 21.703868883964162
Relative Position: LorenzVec{x=21.703868883964162, y=38.83814288614704, z=17.064518664079174}
 }
13:43:17 `Bat`278483 missed {
 is already Found: false).
 Position: LorenzVec{x=-382.25, y=133.5625, z=-475.46875}
 DistanceC: 21.12346961858384
Relative Position: LorenzVec{x=-21.12346961858384, y=53.5625, z=-18.774438798816618}
 }
13:43:17 `Bat`278681 missed {
 is already Found: false).
 Position: LorenzVec{x=-382.46875, y=134.0625, z=-475.5}
 DistanceC: 21.34221961858384
Relative Position: LorenzVec{x=-21.34221961858384, y=54.0625, z=-18.798242080220973}
 }
13:43:17 `Bat`277976 missed {
 is already Found: false).
 Position: LorenzVec{x=-382.25, y=133.6875, z=-475.53125}
 DistanceC: 21.12346961858384
Relative Position: LorenzVec{x=-21.12346961858384, y=53.6875, z=-18.829492080220973}
 }
13:43:17 `Bat`278802 missed {
 is already Found: false).
 Position: LorenzVec{x=-382.5, y=134.125, z=-475.40625}
 DistanceC: 21.37346961858384
Relative Position: LorenzVec{x=-21.37346961858384, y=54.125, z=-18.704492080220973}
 }
13:43:17 `Bat`278814 missed {
 is already Found: false).
 Position: LorenzVec{x=-382.5, y=133.96875, z=-475.40625}
 DistanceC: 21.37346961858384
Relative Position: LorenzVec{x=-21.37346961858384, y=53.96875, z=-18.704492080220973}
 }
13:43:18 `Bat`279063 missed {
 is already Found: false).
 Position: LorenzVec{x=-382.5, y=133.375, z=-475.65625}
 DistanceC: 21.37346961858384
Relative Position: LorenzVec{x=-21.37346961858384, y=53.375, z=-18.954492080220973}
 }
13:43:18 `Bat`277890 missed {
 is already Found: false).
 Position: LorenzVec{x=-382.27083333333337, y=134.375, z=-475.71875}
 DistanceC: 21.14430295191721
Relative Position: LorenzVec{x=-21.14430295191721, y=54.375, z=-19.016992080220973}
 }
13:43:18 `Bat`278215 missed {
 is already Found: false).
 Position: LorenzVec{x=-382.29166666666663, y=134.375, z=-475.71875}
 DistanceC: 21.16513628525047
Relative Position: LorenzVec{x=-21.16513628525047, y=54.375, z=-19.016992080220973}
 }
13:43:18 `Bat`278706 missed {
 is already Found: false).
 Position: LorenzVec{x=-382.28125, y=134.0, z=-475.75}
 DistanceC: 21.15471961858384
Relative Position: LorenzVec{x=-21.15471961858384, y=54.0, z=-19.048242080220973}
 }
13:43:18 `Bat`277927 missed {
 is already Found: false).
 Position: LorenzVec{x=-382.51041666666663, y=133.98958333333331, z=-475.79166666666663}
 DistanceC: 21.38388628525047
Relative Position: LorenzVec{x=-21.38388628525047, y=53.989583333333314, z=-19.089908746887602}
 }
13:43:18 `Bat`289746 missed {
 is already Found: false).
 Position: LorenzVec{x=-380.72916666666663, y=135.66666666666669, z=-474.1875}
 DistanceC: 19.60263628525047
Relative Position: LorenzVec{x=-19.60263628525047, y=55.666666666666686, z=-17.485742080220973}
 }
13:43:18 `Bat`278303 missed {
 is already Found: false).
 Position: LorenzVec{x=-382.34375, y=133.84375, z=-475.875}
 DistanceC: 21.21721961858384
Relative Position: LorenzVec{x=-21.21721961858384, y=53.84375, z=-19.173242080220973}
 }
13:43:18 `Bat`278657 missed {
 is already Found: false).
 Position: LorenzVec{x=-382.34375, y=133.84375, z=-475.875}
 DistanceC: 21.21721961858384
Relative Position: LorenzVec{x=-21.21721961858384, y=53.84375, z=-19.173242080220973}
 }
13:43:18 `Bat`277913 missed {
 is already Found: false).
 Position: LorenzVec{x=-382.53125, y=133.84375, z=-475.875}
 DistanceC: 21.40471961858384
Relative Position: LorenzVec{x=-21.40471961858384, y=53.84375, z=-19.173242080220973}
 }
13:43:18 `Bat`278187 missed {
 is already Found: false).
 Position: LorenzVec{x=-382.25, y=133.96875, z=-475.875}
 DistanceC: 21.12346961858384
Relative Position: LorenzVec{x=-21.12346961858384, y=53.96875, z=-19.173242080220973}
 }
13:43:19 `Bat`291655 missed {
 is already Found: false).
 Position: LorenzVec{x=-381.09375, y=134.40625, z=-474.9375}
 DistanceC: 19.96721961858384
Relative Position: LorenzVec{x=-19.96721961858384, y=54.40625, z=-18.235742080220973}
 }
13:43:19 `Bat`277801 missed {
 is already Found: false).
 Position: LorenzVec{x=-381.84375, y=134.53125, z=-478.03125}
 DistanceC: 21.329492080220973
Relative Position: LorenzVec{x=-20.71721961858384, y=54.53125, z=-21.329492080220973}
 }
13:43:19 `Bat`278805 missed {
 is already Found: false).
 Position: LorenzVec{x=-382.0625, y=133.96875, z=-476.0625}
 DistanceC: 20.93596961858384
Relative Position: LorenzVec{x=-20.93596961858384, y=53.96875, z=-19.360742080220973}
 }
13:43:19 `Bat`291585 missed {
 is already Found: false).
 Position: LorenzVec{x=-382.0, y=132.3125, z=-474.5}
 DistanceC: 20.87346961858384
Relative Position: LorenzVec{x=-20.87346961858384, y=52.3125, z=-17.798242080220973}
 }
13:43:19 `Bat`297715 missed {
 is already Found: false).
 Position: LorenzVec{x=-381.94791666666663, y=135.53125, z=-474.46875}
 DistanceC: 20.82138628525047
Relative Position: LorenzVec{x=-20.82138628525047, y=55.53125, z=-17.766992080220973}
 }
13:43:19 `Bat`279495 missed {
 is already Found: false).
 Position: LorenzVec{x=-382.3125, y=133.71875, z=-477.875}
 DistanceC: 21.18596961858384
Relative Position: LorenzVec{x=-21.18596961858384, y=53.71875, z=-21.173242080220973}
 }
13:43:19 `Bat`277874 missed {
 is already Found: false).
 Position: LorenzVec{x=-382.39583333333337, y=134.0625, z=-477.58333333333337}
 DistanceC: 21.26930295191721
Relative Position: LorenzVec{x=-21.26930295191721, y=54.0625, z=-20.881575413554344}
 }
13:43:19 `Bat`278156 missed {
 is already Found: false).
 Position: LorenzVec{x=-382.3125, y=133.84375, z=-477.46875}
 DistanceC: 21.18596961858384
Relative Position: LorenzVec{x=-21.18596961858384, y=53.84375, z=-20.766992080220973}
 }
13:43:19 `Bat`278532 missed {
 is already Found: false).
 Position: LorenzVec{x=-382.25, y=133.84375, z=-476.28125}
 DistanceC: 21.12346961858384
Relative Position: LorenzVec{x=-21.12346961858384, y=53.84375, z=-19.579492080220973}
 }
13:43:19 `Bat`278837 missed {
 is already Found: false).
 Position: LorenzVec{x=-382.6875, y=134.125, z=-476.0625}
 DistanceC: 21.56096961858384
Relative Position: LorenzVec{x=-21.56096961858384, y=54.125, z=-19.360742080220973}
 }
13:43:19 `Bat`279592 missed {
 is already Found: false).
 Position: LorenzVec{x=-382.54166666666663, y=133.69791666666669, z=-478.21875}
 DistanceC: 21.516992080220973
Relative Position: LorenzVec{x=-21.41513628525047, y=53.697916666666686, z=-21.516992080220973}
 }
13:43:19 `Bat`279602 missed {
 is already Found: false).
 Position: LorenzVec{x=-382.38541666666663, y=134.29166666666669, z=-478.36458333333337}
 DistanceC: 21.662825413554344
Relative Position: LorenzVec{x=-21.25888628525047, y=54.291666666666686, z=-21.662825413554344}
 }
13:43:19 `Bat`279687 missed {
 is already Found: false).
 Position: LorenzVec{x=-382.53125, y=133.46875, z=-478.0}
 DistanceC: 21.40471961858384
Relative Position: LorenzVec{x=-21.40471961858384, y=53.46875, z=-21.298242080220973}
 }
13:43:19 `Bat`280746 missed {
 is already Found: false).
 Position: LorenzVec{x=-382.53125, y=133.6875, z=-477.96875}
 DistanceC: 21.40471961858384
Relative Position: LorenzVec{x=-21.40471961858384, y=53.6875, z=-21.266992080220973}
 }
13:43:19 `Bat`280754 missed {
 is already Found: false).
 Position: LorenzVec{x=-382.46875, y=134.55208333333331, z=-477.44791666666663}
 DistanceC: 21.34221961858384
Relative Position: LorenzVec{x=-21.34221961858384, y=54.552083333333314, z=-20.746158746887602}
 }
13:43:19 `Bat`278430 missed {
 is already Found: false).
 Position: LorenzVec{x=-382.5, y=133.8125, z=-477.625}
 DistanceC: 21.37346961858384
Relative Position: LorenzVec{x=-21.37346961858384, y=53.8125, z=-20.923242080220973}
 }
13:43:19 `Bat`278507 missed {
 is already Found: false).
 Position: LorenzVec{x=-382.4375, y=133.6875, z=-477.375}
 DistanceC: 21.31096961858384
Relative Position: LorenzVec{x=-21.31096961858384, y=53.6875, z=-20.673242080220973}
 }
13:43:19 `Bat`278529 missed {
 is already Found: false).
 Position: LorenzVec{x=-382.21875, y=133.96875, z=-477.53125}
 DistanceC: 21.09221961858384
Relative Position: LorenzVec{x=-21.09221961858384, y=53.96875, z=-20.829492080220973}
 }
13:43:19 `Bat`279484 missed {
 is already Found: false).
 Position: LorenzVec{x=-382.46875, y=133.28125, z=-477.25}
 DistanceC: 21.34221961858384
Relative Position: LorenzVec{x=-21.34221961858384, y=53.28125, z=-20.548242080220973}
 }
13:43:19 `Bat`279547 missed {
 is already Found: false).
 Position: LorenzVec{x=-382.5, y=133.6875, z=-477.28125}
 DistanceC: 21.37346961858384
Relative Position: LorenzVec{x=-21.37346961858384, y=53.6875, z=-20.579492080220973}
 }
13:43:19 `Bat`279586 missed {
 is already Found: false).
 Position: LorenzVec{x=-382.46875, y=133.03125, z=-477.03125}
 DistanceC: 21.34221961858384
Relative Position: LorenzVec{x=-21.34221961858384, y=53.03125, z=-20.329492080220973}
 }
13:43:19 `Bat`279598 missed {
 is already Found: false).
 Position: LorenzVec{x=-382.34375, y=133.3125, z=-477.25}
 DistanceC: 21.21721961858384
Relative Position: LorenzVec{x=-21.21721961858384, y=53.3125, z=-20.548242080220973}
 }
13:43:19 `Bat`279851 missed {
 is already Found: false).
 Position: LorenzVec{x=-382.53125, y=134.83333333333334, z=-477.5729166666667}
 DistanceC: 21.40471961858384
Relative Position: LorenzVec{x=-21.40471961858384, y=54.83333333333334, z=-20.87115874688766}
 }
13:43:19 `Bat`280344 missed {
 is already Found: false).
 Position: LorenzVec{x=-382.5, y=133.84375, z=-478.25}
 DistanceC: 21.548242080220973
Relative Position: LorenzVec{x=-21.37346961858384, y=53.84375, z=-21.548242080220973}
 }
13:43:19 `Bat`280355 missed {
 is already Found: false).
 Position: LorenzVec{x=-382.46875, y=133.6875, z=-477.34375}
 DistanceC: 21.34221961858384
Relative Position: LorenzVec{x=-21.34221961858384, y=53.6875, z=-20.641992080220973}
 }
13:43:19 `Bat`280368 missed {
 is already Found: false).
 Position: LorenzVec{x=-382.46875, y=133.84375, z=-477.65625}
 DistanceC: 21.34221961858384
Relative Position: LorenzVec{x=-21.34221961858384, y=53.84375, z=-20.954492080220973}
 }
13:43:19 `Bat`280567 missed {
 is already Found: false).
 Position: LorenzVec{x=-382.4375, y=133.53125, z=-477.25}
 DistanceC: 21.31096961858384
Relative Position: LorenzVec{x=-21.31096961858384, y=53.53125, z=-20.548242080220973}
 }
13:43:19 `Bat`280750 missed {
 is already Found: false).
 Position: LorenzVec{x=-382.5, y=133.40625, z=-478.34375}
 DistanceC: 21.641992080220973
Relative Position: LorenzVec{x=-21.37346961858384, y=53.40625, z=-21.641992080220973}
 }
13:43:19 `Bat`278451 missed {
 is already Found: false).
 Position: LorenzVec{x=-382.75, y=136.40625, z=-476.25}
 DistanceC: 21.62346961858384
Relative Position: LorenzVec{x=-21.62346961858384, y=56.40625, z=-19.548242080220973}
 }
13:43:19 `Bat`278542 missed {
 is already Found: false).
 Position: LorenzVec{x=-382.53125, y=133.96875, z=-477.53125}
 DistanceC: 21.40471961858384
Relative Position: LorenzVec{x=-21.40471961858384, y=53.96875, z=-20.829492080220973}
 }
13:43:19 `Bat`279096 missed {
 is already Found: false).
 Position: LorenzVec{x=-382.5625, y=133.9375, z=-477.65625}
 DistanceC: 21.43596961858384
Relative Position: LorenzVec{x=-21.43596961858384, y=53.9375, z=-20.954492080220973}
 }
13:43:19 `Bat`279493 missed {
 is already Found: false).
 Position: LorenzVec{x=-382.3125, y=133.28125, z=-478.53125}
 DistanceC: 21.829492080220973
Relative Position: LorenzVec{x=-21.18596961858384, y=53.28125, z=-21.829492080220973}
 }
13:43:19 `Bat`279554 missed {
 is already Found: false).
 Position: LorenzVec{x=-382.34375, y=133.71875, z=-477.09375}
 DistanceC: 21.21721961858384
Relative Position: LorenzVec{x=-21.21721961858384, y=53.71875, z=-20.391992080220973}
 }
13:43:19 `Bat`280377 missed {
 is already Found: false).
 Position: LorenzVec{x=-382.6875, y=139.54166666666669, z=-478.05208333333337}
 DistanceC: 21.56096961858384
Relative Position: LorenzVec{x=-21.56096961858384, y=59.541666666666686, z=-21.350325413554344}
 }
13:43:19 `Bat`280752 missed {
 is already Found: false).
 Position: LorenzVec{x=-382.625, y=133.53125, z=-478.34375}
 DistanceC: 21.641992080220973
Relative Position: LorenzVec{x=-21.49846961858384, y=53.53125, z=-21.641992080220973}
 }
13:43:19 `Bat`279610 missed {
 is already Found: false).
 Position: LorenzVec{x=-382.41666666666663, y=134.4375, z=-476.94791666666663}
 DistanceC: 21.29013628525047
Relative Position: LorenzVec{x=-21.29013628525047, y=54.4375, z=-20.246158746887602}
 }
13:43:19 `Bat`279782 missed {
 is already Found: false).
 Position: LorenzVec{x=-382.41666666666663, y=134.57291666666669, z=-476.88541666666663}
 DistanceC: 21.29013628525047
Relative Position: LorenzVec{x=-21.29013628525047, y=54.572916666666686, z=-20.183658746887602}
 }
13:43:19 `Bat`280456 missed {
 is already Found: false).
 Position: LorenzVec{x=-382.46875, y=133.25, z=-476.9375}
 DistanceC: 21.34221961858384
Relative Position: LorenzVec{x=-21.34221961858384, y=53.25, z=-20.235742080220973}
 }
13:43:19 `Bat`280502 missed {
 is already Found: false).
 Position: LorenzVec{x=-382.59375, y=136.95833333333334, z=-477.3229166666667}
 DistanceC: 21.46721961858384
Relative Position: LorenzVec{x=-21.46721961858384, y=56.95833333333334, z=-20.62115874688766}
 }
13:43:19 `Bat`281397 missed {
 is already Found: false).
 Position: LorenzVec{x=-382.65625, y=133.34375, z=-478.5625}
 DistanceC: 21.860742080220973
Relative Position: LorenzVec{x=-21.52971961858384, y=53.34375, z=-21.860742080220973}
 }
13:43:19 `Bat`278288 missed {
 is already Found: false).
 Position: LorenzVec{x=-382.34375, y=133.84375, z=-476.625}
 DistanceC: 21.21721961858384
Relative Position: LorenzVec{x=-21.21721961858384, y=53.84375, z=-19.923242080220973}
 }
13:43:19 `Bat`279085 missed {
 is already Found: false).
 Position: LorenzVec{x=-382.5, y=133.9375, z=-476.875}
 DistanceC: 21.37346961858384
Relative Position: LorenzVec{x=-21.37346961858384, y=53.9375, z=-20.173242080220973}
 }
13:43:19 `Bat`279104 missed {
 is already Found: false).
 Position: LorenzVec{x=-382.75, y=133.65625, z=-477.4375}
 DistanceC: 21.62346961858384
Relative Position: LorenzVec{x=-21.62346961858384, y=53.65625, z=-20.735742080220973}
 }
13:43:19 `Bat`279619 missed {
 is already Found: false).
 Position: LorenzVec{x=-382.375, y=133.46875, z=-476.6875}
 DistanceC: 21.24846961858384
Relative Position: LorenzVec{x=-21.24846961858384, y=53.46875, z=-19.985742080220973}
 }
13:43:19 `Bat`279635 missed {
 is already Found: false).
 Position: LorenzVec{x=-382.38541666666663, y=134.44791666666669, z=-478.69791666666663}
 DistanceC: 21.996158746887602
Relative Position: LorenzVec{x=-21.25888628525047, y=54.447916666666686, z=-21.996158746887602}
 }
13:43:19 `Bat`279693 missed {
 is already Found: false).
 Position: LorenzVec{x=-382.38541666666663, y=134.29166666666669, z=-478.69791666666663}
 DistanceC: 21.996158746887602
Relative Position: LorenzVec{x=-21.25888628525047, y=54.291666666666686, z=-21.996158746887602}
 }
13:43:19 `Bat`279900 missed {
 is already Found: false).
 Position: LorenzVec{x=-382.375, y=133.34375, z=-476.6875}
 DistanceC: 21.24846961858384
Relative Position: LorenzVec{x=-21.24846961858384, y=53.34375, z=-19.985742080220973}
 }
13:43:19 `Bat`280275 missed {
 is already Found: false).
 Position: LorenzVec{x=-382.5, y=133.59375, z=-476.0}
 DistanceC: 21.37346961858384
Relative Position: LorenzVec{x=-21.37346961858384, y=53.59375, z=-19.298242080220973}
 }
13:43:19 `Bat`280334 missed {
 is already Found: false).
 Position: LorenzVec{x=-382.90277777777777, y=139.91319444444446, z=-477.9560185185185}
 DistanceC: 21.77624739636161
Relative Position: LorenzVec{x=-21.77624739636161, y=59.91319444444446, z=-21.25426059873945}
 }
13:43:19 `Bat`280417 missed {
 is already Found: false).
 Position: LorenzVec{x=-382.53125, y=133.8125, z=-476.78125}
 DistanceC: 21.40471961858384
Relative Position: LorenzVec{x=-21.40471961858384, y=53.8125, z=-20.079492080220973}
 }
13:43:19 `Bat`280616 missed {
 is already Found: false).
 Position: LorenzVec{x=-382.46875, y=133.53125, z=-476.84375}
 DistanceC: 21.34221961858384
Relative Position: LorenzVec{x=-21.34221961858384, y=53.53125, z=-20.141992080220973}
 }
13:43:19 `Bat`280717 missed {
 is already Found: false).
 Position: LorenzVec{x=-382.75, y=139.54166666666669, z=-478.36458333333337}
 DistanceC: 21.662825413554344
Relative Position: LorenzVec{x=-21.62346961858384, y=59.541666666666686, z=-21.662825413554344}
 }
13:43:19 `Bat`278056 missed {
 is already Found: false).
 Position: LorenzVec{x=-382.78125, y=138.6875, z=-478.25}
 DistanceC: 21.65471961858384
Relative Position: LorenzVec{x=-21.65471961858384, y=58.6875, z=-21.548242080220973}
 }
13:43:19 `Bat`279669 missed {
 is already Found: false).
 Position: LorenzVec{x=-382.78125, y=136.09375, z=-477.28125}
 DistanceC: 21.65471961858384
Relative Position: LorenzVec{x=-21.65471961858384, y=56.09375, z=-20.579492080220973}
 }
13:43:19 `Bat`279727 missed {
 is already Found: false).
 Position: LorenzVec{x=-382.875, y=138.79166666666669, z=-478.0625}
 DistanceC: 21.74846961858384
Relative Position: LorenzVec{x=-21.74846961858384, y=58.791666666666686, z=-21.360742080220973}
 }
13:43:19 `Bat`280433 missed {
 is already Found: false).
 Position: LorenzVec{x=-382.75, y=138.59375, z=-477.65625}
 DistanceC: 21.62346961858384
Relative Position: LorenzVec{x=-21.62346961858384, y=58.59375, z=-20.954492080220973}
 }
13:43:19 `Bat`280444 missed {
 is already Found: false).
 Position: LorenzVec{x=-382.75, y=138.3125, z=-477.65625}
 DistanceC: 21.62346961858384
Relative Position: LorenzVec{x=-21.62346961858384, y=58.3125, z=-20.954492080220973}
 }
13:43:19 `Bat`281361 missed {
 is already Found: false).
 Position: LorenzVec{x=-382.875, y=138.6875, z=-477.84375}
 DistanceC: 21.74846961858384
Relative Position: LorenzVec{x=-21.74846961858384, y=58.6875, z=-21.141992080220973}
 }
13:43:19 `Bat`281380 missed {
 is already Found: false).
 Position: LorenzVec{x=-382.875, y=138.6875, z=-478.125}
 DistanceC: 21.74846961858384
Relative Position: LorenzVec{x=-21.74846961858384, y=58.6875, z=-21.423242080220973}
 }
13:43:19 `Bat`281441 missed {
 is already Found: false).
 Position: LorenzVec{x=-382.875, y=138.6875, z=-477.84375}
 DistanceC: 21.74846961858384
Relative Position: LorenzVec{x=-21.74846961858384, y=58.6875, z=-21.141992080220973}
 }
13:43:19 `Bat`277951 missed {
 is already Found: false).
 Position: LorenzVec{x=-382.21875, y=133.96875, z=-476.375}
 DistanceC: 21.09221961858384
Relative Position: LorenzVec{x=-21.09221961858384, y=53.96875, z=-19.673242080220973}
 }
13:43:19 `Bat`280587 missed {
 is already Found: false).
 Position: LorenzVec{x=-382.61458333333337, y=134.16666666666669, z=-476.55208333333337}
 DistanceC: 21.48805295191721
Relative Position: LorenzVec{x=-21.48805295191721, y=54.166666666666686, z=-19.850325413554344}
 }
13:43:19 `Bat`281359 missed {
 is already Found: false).
 Position: LorenzVec{x=-383.03125, y=138.6875, z=-477.9375}
 DistanceC: 21.90471961858384
Relative Position: LorenzVec{x=-21.90471961858384, y=58.6875, z=-21.235742080220973}
 }
13:43:19 `Bat`281382 missed {
 is already Found: false).
 Position: LorenzVec{x=-382.96875, y=138.5625, z=-477.84375}
 DistanceC: 21.84221961858384
Relative Position: LorenzVec{x=-21.84221961858384, y=58.5625, z=-21.141992080220973}
 }
13:43:19 `Bat`292773 missed {
 is already Found: false).
 Position: LorenzVec{x=-382.7048611111111, y=151.11805555555554, z=-474.26041666666663}
 DistanceC: 21.578330729694926
Relative Position: LorenzVec{x=-21.578330729694926, y=71.11805555555554, z=-17.558658746887602}
 }
13:43:19 `Bat`278848 missed {
 is already Found: false).
 Position: LorenzVec{x=-382.78125, y=138.78125, z=-477.09375}
 DistanceC: 21.65471961858384
Relative Position: LorenzVec{x=-21.65471961858384, y=58.78125, z=-20.391992080220973}
 }
13:43:19 `Bat`279559 missed {
 is already Found: false).
 Position: LorenzVec{x=-382.875, y=133.5625, z=-477.25}
 DistanceC: 21.74846961858384
Relative Position: LorenzVec{x=-21.74846961858384, y=53.5625, z=-20.548242080220973}
 }
13:43:19 `Bat`280277 missed {
 is already Found: false).
 Position: LorenzVec{x=-382.5, y=133.4375, z=-476.25}
 DistanceC: 21.37346961858384
Relative Position: LorenzVec{x=-21.37346961858384, y=53.4375, z=-19.548242080220973}
 }
13:43:19 `Bat`280911 missed {
 is already Found: false).
 Position: LorenzVec{x=-382.53125, y=133.6875, z=-476.34375}
 DistanceC: 21.40471961858384
Relative Position: LorenzVec{x=-21.40471961858384, y=53.6875, z=-19.641992080220973}
 }
13:43:19 `Bat`281415 missed {
 is already Found: false).
 Position: LorenzVec{x=-382.89583333333337, y=139.09375, z=-478.44791666666663}
 DistanceC: 21.76930295191721
Relative Position: LorenzVec{x=-21.76930295191721, y=59.09375, z=-21.746158746887602}
 }
13:43:20 `Bat`280342 missed {
 is already Found: false).
 Position: LorenzVec{x=-382.5, y=133.84375, z=-476.09375}
 DistanceC: 21.37346961858384
Relative Position: LorenzVec{x=-21.37346961858384, y=53.84375, z=-19.391992080220973}
 }
13:43:20 `Bat`281408 missed {
 is already Found: false).
 Position: LorenzVec{x=-383.0625, y=138.8125, z=-478.21875}
 DistanceC: 21.93596961858384
Relative Position: LorenzVec{x=-21.93596961858384, y=58.8125, z=-21.516992080220973}
 }
13:43:20 `Bat`279723 missed {
 is already Found: false).
 Position: LorenzVec{x=-382.85416666666663, y=139.40625, z=-478.6875}
 DistanceC: 21.985742080220973
Relative Position: LorenzVec{x=-21.72763628525047, y=59.40625, z=-21.985742080220973}
 }
13:43:20 `Bat`279848 missed {
 is already Found: false).
 Position: LorenzVec{x=-383.0625, y=139.22916666666669, z=-478.22916666666663}
 DistanceC: 21.93596961858384
Relative Position: LorenzVec{x=-21.93596961858384, y=59.229166666666686, z=-21.527408746887602}
 }
13:43:20 `Bat`292772 missed {
 is already Found: false).
 Position: LorenzVec{x=-382.58680555555554, y=151.74305555555557, z=-474.78125}
 DistanceC: 21.460275174139383
Relative Position: LorenzVec{x=-21.460275174139383, y=71.74305555555557, z=-18.079492080220973}
 }
13:43:20 `Bat`279607 missed {
 is already Found: false).
 Position: LorenzVec{x=-383.0, y=138.375, z=-478.53125}
 DistanceC: 21.87346961858384
Relative Position: LorenzVec{x=-21.87346961858384, y=58.375, z=-21.829492080220973}
 }
13:43:20 `Bat`278460 missed {
 is already Found: false).
 Position: LorenzVec{x=-383.125, y=138.28125, z=-476.96875}
 DistanceC: 21.99846961858384
Relative Position: LorenzVec{x=-21.99846961858384, y=58.28125, z=-20.266992080220973}
 }
13:43:20 `Bat`294619 missed {
 is already Found: false).
 Position: LorenzVec{x=-382.90625, y=134.34375, z=-474.875}
 DistanceC: 21.77971961858384
Relative Position: LorenzVec{x=-21.77971961858384, y=54.34375, z=-18.173242080220973}
 }
13:43:21 `Bat`311904 missed {
 is already Found: false).
 Position: LorenzVec{x=-382.90625, y=153.4375, z=-478.125}
 DistanceC: 21.77971961858384
Relative Position: LorenzVec{x=-21.77971961858384, y=73.4375, z=-21.423242080220973}
 }
13:43:21 `Bat`311859 missed {
 is already Found: false).
 Position: LorenzVec{x=-383.0, y=154.3125, z=-478.34375}
 DistanceC: 21.87346961858384
Relative Position: LorenzVec{x=-21.87346961858384, y=74.3125, z=-21.641992080220973}
 }
13:43:21 `Bat`311938 missed {
 is already Found: false).
 Position: LorenzVec{x=-382.65625, y=153.09375, z=-478.0}
 DistanceC: 21.52971961858384
Relative Position: LorenzVec{x=-21.52971961858384, y=73.09375, z=-21.298242080220973}
 }
13:43:21 `Bat`311958 missed {
 is already Found: false).
 Position: LorenzVec{x=-382.78125, y=152.0, z=-478.03125}
 DistanceC: 21.65471961858384
Relative Position: LorenzVec{x=-21.65471961858384, y=72.0, z=-21.329492080220973}
 }
13:43:21 `Bat`312979 missed {
 is already Found: false).
 Position: LorenzVec{x=-382.5, y=152.5, z=-478.03125}
 DistanceC: 21.37346961858384
Relative Position: LorenzVec{x=-21.37346961858384, y=72.5, z=-21.329492080220973}
 }
13:43:21 `Bat`312987 missed {
 is already Found: false).
 Position: LorenzVec{x=-382.5, y=152.125, z=-477.84375}
 DistanceC: 21.37346961858384
Relative Position: LorenzVec{x=-21.37346961858384, y=72.125, z=-21.141992080220973}
 }
13:43:21 `Bat`313008 missed {
 is already Found: false).
 Position: LorenzVec{x=-382.59375, y=152.53125, z=-478.125}
 DistanceC: 21.46721961858384
Relative Position: LorenzVec{x=-21.46721961858384, y=72.53125, z=-21.423242080220973}
 }
13:43:21 `Bat`322874 missed {
 is already Found: false).
 Position: LorenzVec{x=-382.40625, y=152.03125, z=-477.90625}
 DistanceC: 21.27971961858384
Relative Position: LorenzVec{x=-21.27971961858384, y=72.03125, z=-21.204492080220973}
 }
13:43:21 `Bat`322879 missed {
 is already Found: false).
 Position: LorenzVec{x=-382.34375, y=152.0625, z=-477.9375}
 DistanceC: 21.235742080220973
Relative Position: LorenzVec{x=-21.21721961858384, y=72.0625, z=-21.235742080220973}
 }
13:43:21 `Bat`311879 missed {
 is already Found: false).
 Position: LorenzVec{x=-382.9375, y=153.90625, z=-478.625}
 DistanceC: 21.923242080220973
Relative Position: LorenzVec{x=-21.81096961858384, y=73.90625, z=-21.923242080220973}
 }
13:43:21 `Bat`311902 missed {
 is already Found: false).
 Position: LorenzVec{x=-382.6875, y=153.875, z=-478.25}
 DistanceC: 21.56096961858384
Relative Position: LorenzVec{x=-21.56096961858384, y=73.875, z=-21.548242080220973}
 }
13:43:21 `Bat`313017 missed {
 is already Found: false).
 Position: LorenzVec{x=-382.3125, y=152.40625, z=-477.96875}
 DistanceC: 21.266992080220973
Relative Position: LorenzVec{x=-21.18596961858384, y=72.40625, z=-21.266992080220973}
 }
13:43:21 `Bat`313462 missed {
 is already Found: false).
 Position: LorenzVec{x=-382.3125, y=150.90625, z=-477.90625}
 DistanceC: 21.204492080220973
Relative Position: LorenzVec{x=-21.18596961858384, y=70.90625, z=-21.204492080220973}
 }
13:43:21 `Bat`322887 missed {
 is already Found: false).
 Position: LorenzVec{x=-382.4375, y=152.4375, z=-478.25}
 DistanceC: 21.548242080220973
Relative Position: LorenzVec{x=-21.31096961858384, y=72.4375, z=-21.548242080220973}
 }
13:43:21 `Bat`311856 missed {
 is already Found: false).
 Position: LorenzVec{x=-382.9375, y=154.40625, z=-478.53125}
 DistanceC: 21.829492080220973
Relative Position: LorenzVec{x=-21.81096961858384, y=74.40625, z=-21.829492080220973}
 }
13:43:21 `Bat`322888 missed {
 is already Found: false).
 Position: LorenzVec{x=-382.15625, y=152.875, z=-478.09375}
 DistanceC: 21.391992080220973
Relative Position: LorenzVec{x=-21.02971961858384, y=72.875, z=-21.391992080220973}
 }
13:43:21 `Bat`322895 missed {
 is already Found: false).
 Position: LorenzVec{x=-382.125, y=152.625, z=-478.09375}
 DistanceC: 21.391992080220973
Relative Position: LorenzVec{x=-20.99846961858384, y=72.625, z=-21.391992080220973}
 }
13:43:21 `Bat`323019 missed {
 is already Found: false).
 Position: LorenzVec{x=-382.28125, y=150.9375, z=-478.5625}
 DistanceC: 21.860742080220973
Relative Position: LorenzVec{x=-21.15471961858384, y=70.9375, z=-21.860742080220973}
 }
13:43:21 `Bat`327431 missed {
 is already Found: false).
 Position: LorenzVec{x=-381.04166666666663, y=148.67708333333331, z=-471.71875}
 DistanceC: 19.91513628525047
Relative Position: LorenzVec{x=-19.91513628525047, y=68.67708333333331, z=-15.016992080220973}
 }
13:43:21 `Bat`328172 missed {
 is already Found: false).
 Position: LorenzVec{x=-380.72916666666663, y=133.51041666666669, z=-471.70833333333337}
 DistanceC: 19.60263628525047
Relative Position: LorenzVec{x=-19.60263628525047, y=53.510416666666686, z=-15.006575413554344}
 }
13:43:21 `Bat`327409 missed {
 is already Found: false).
 Position: LorenzVec{x=-380.96875, y=150.625, z=-472.28125}
 DistanceC: 19.84221961858384
Relative Position: LorenzVec{x=-19.84221961858384, y=70.625, z=-15.579492080220973}
 }
13:43:21 `Bat`327439 missed {
 is already Found: false).
 Position: LorenzVec{x=-380.17708333333337, y=148.45833333333331, z=-472.23958333333337}
 DistanceC: 19.05055295191721
Relative Position: LorenzVec{x=-19.05055295191721, y=68.45833333333331, z=-15.537825413554344}
 }
13:43:21 `Bat`328210 missed {
 is already Found: false).
 Position: LorenzVec{x=-380.29166666666663, y=133.1875, z=-472.09375}
 DistanceC: 19.16513628525047
Relative Position: LorenzVec{x=-19.16513628525047, y=53.1875, z=-15.391992080220973}
 }
13:43:21 `Bat`300032 missed {
 is already Found: false).
 Position: LorenzVec{x=-382.46875, y=134.125, z=-475.09375}
 DistanceC: 21.34221961858384
Relative Position: LorenzVec{x=-21.34221961858384, y=54.125, z=-18.391992080220973}
 }
13:43:21 `Bat`327415 missed {
 is already Found: false).
 Position: LorenzVec{x=-381.15625, y=151.15625, z=-473.21875}
 DistanceC: 20.02971961858384
Relative Position: LorenzVec{x=-20.02971961858384, y=71.15625, z=-16.516992080220973}
 }
13:43:21 `Bat`327423 missed {
 is already Found: false).
 Position: LorenzVec{x=-381.125, y=150.40625, z=-472.90625}
 DistanceC: 19.99846961858384
Relative Position: LorenzVec{x=-19.99846961858384, y=70.40625, z=-16.204492080220973}
 }
13:43:21 `Bat`328177 missed {
 is already Found: false).
 Position: LorenzVec{x=-382.63541666666663, y=134.01736111111111, z=-472.7326388888889}
 DistanceC: 21.50888628525047
Relative Position: LorenzVec{x=-21.50888628525047, y=54.017361111111114, z=-16.030880969109887}
 }
13:43:21 `Bat`328186 missed {
 is already Found: false).
 Position: LorenzVec{x=-381.9375, y=134.11458333333334, z=-473.1458333333333}
 DistanceC: 20.81096961858384
Relative Position: LorenzVec{x=-20.81096961858384, y=54.11458333333334, z=-16.444075413554287}
 }
13:43:21 `Bat`328211 missed {
 is already Found: false).
 Position: LorenzVec{x=-381.95833333333337, y=133.47916666666669, z=-473.30208333333337}
 DistanceC: 20.83180295191721
Relative Position: LorenzVec{x=-20.83180295191721, y=53.479166666666686, z=-16.600325413554344}
 }
13:43:21 `Bat`327421 missed {
 is already Found: false).
 Position: LorenzVec{x=-381.125, y=150.71875, z=-473.34375}
 DistanceC: 19.99846961858384
Relative Position: LorenzVec{x=-19.99846961858384, y=70.71875, z=-16.641992080220973}
 }
13:43:21 `Bat`327436 missed {
 is already Found: false).
 Position: LorenzVec{x=-380.6875, y=149.3125, z=-473.34375}
 DistanceC: 19.56096961858384
Relative Position: LorenzVec{x=-19.56096961858384, y=69.3125, z=-16.641992080220973}
 }
13:43:21 `Bat`327463 missed {
 is already Found: false).
 Position: LorenzVec{x=-381.28125, y=148.98958333333331, z=-473.625}
 DistanceC: 20.15471961858384
Relative Position: LorenzVec{x=-20.15471961858384, y=68.98958333333331, z=-16.923242080220973}
 }
13:43:21 `Bat`328163 missed {
 is already Found: false).
 Position: LorenzVec{x=-382.46875, y=133.36805555555554, z=-473.4409722222222}
 DistanceC: 21.34221961858384
Relative Position: LorenzVec{x=-21.34221961858384, y=53.36805555555554, z=-16.739214302443145}
 }
13:43:21 `Bat`300004 missed {
 is already Found: false).
 Position: LorenzVec{x=-381.46875, y=134.125, z=-475.53125}
 DistanceC: 20.34221961858384
Relative Position: LorenzVec{x=-20.34221961858384, y=54.125, z=-18.829492080220973}
 }
