16:27:06 Trying to load config from config\skyhanni\config.json
16:27:06 load-config-now
16:27:07 Loaded config from file
16:27:08 Trying to load sacks from config\skyhanni\sacks.json
16:27:08 load-sacks-now
16:27:08 Loaded sacks from file
16:27:08 Trying to load friends from config\skyhanni\friends.json
16:27:08 load-friends-now
16:27:08 Loaded friends from file
16:27:08 Trying to load known_features from config\skyhanni\known_features.json
16:27:08 load-known_features-now
16:27:08 Loaded known_features from file
16:27:08 Trying to load jacob_contests from config\skyhanni\jacob_contests.json
16:27:08 load-jacob_contests-now
16:27:08 Loaded jacob_contests from file
16:27:08 Trying to load visual_words from config\skyhanni\visual_words.json
16:27:08 Setting visual_words to be blank as it did not exist. It will be saved once something is written to it
16:28:08 saveConfig: auto-save-60s
16:28:08 Saving config file
16:28:08 Saved config file successfully
16:28:08 saveConfig: auto-save-60s
16:28:08 Saving config file
16:28:08 Saved config file successfully
16:29:06 saveConfig: Updated known feature flags
16:29:06 Saving known_features file
16:29:06 Saved known_features file successfully
16:29:06 saveConfig: Updated known feature flags
16:29:06 Saving known_features file
16:29:06 Saved known_features file successfully
16:29:08 saveConfig: auto-save-60s
16:29:08 Saving config file
16:29:08 Saved config file successfully
16:29:08 saveConfig: auto-save-60s
16:29:08 Saving config file
16:29:08 Saved config file successfully
16:30:08 saveConfig: auto-save-60s
16:30:08 Saving config file
16:30:08 Saved config file successfully
16:30:08 saveConfig: auto-save-60s
16:30:08 Saving config file
16:30:08 Saved config file successfully
16:31:08 saveConfig: auto-save-60s
16:31:08 Saving config file
16:31:08 Saved config file successfully
16:31:08 saveConfig: auto-save-60s
16:31:08 Saving config file
16:31:08 Saved config file successfully
16:32:08 saveConfig: auto-save-60s
16:32:08 Saving config file
16:32:08 Saved config file successfully
16:32:08 saveConfig: auto-save-60s
16:32:08 Saving config file
16:32:08 Saved config file successfully
16:33:08 saveConfig: auto-save-60s
16:33:08 Saving config file
16:33:08 Saved config file successfully
16:33:08 saveConfig: auto-save-60s
16:33:08 Saving config file
16:33:08 Saved config file successfully
16:34:08 saveConfig: auto-save-60s
16:34:08 Saving config file
16:34:08 Saved config file successfully
16:34:08 saveConfig: auto-save-60s
16:34:08 Saving config file
16:34:08 Saved config file successfully
16:35:08 saveConfig: auto-save-60s
16:35:08 Saving config file
16:35:08 Saved config file successfully
16:35:08 saveConfig: auto-save-60s
16:35:08 Saving config file
16:35:08 Saved config file successfully
16:36:08 saveConfig: auto-save-60s
16:36:08 Saving config file
16:36:08 Saved config file successfully
16:36:08 saveConfig: auto-save-60s
16:36:08 Saving config file
16:36:08 Saved config file successfully
16:37:08 saveConfig: auto-save-60s
16:37:08 Saving config file
16:37:08 Saved config file successfully
16:37:08 saveConfig: auto-save-60s
16:37:08 Saving config file
16:37:08 Saved config file successfully
16:38:08 saveConfig: auto-save-60s
16:38:08 Saving config file
16:38:08 Saved config file successfully
16:38:08 saveConfig: auto-save-60s
16:38:08 Saving config file
16:38:08 Saved config file successfully
16:39:08 saveConfig: auto-save-60s
16:39:08 Saving config file
16:39:08 Saved config file successfully
16:39:08 saveConfig: auto-save-60s
16:39:08 Saving config file
16:39:08 Saved config file successfully
16:40:08 saveConfig: auto-save-60s
16:40:08 Saving config file
16:40:08 Saved config file successfully
16:40:08 saveConfig: auto-save-60s
16:40:08 Saving config file
16:40:08 Saved config file successfully
16:41:08 saveConfig: auto-save-60s
16:41:08 Saving config file
16:41:08 Saved config file successfully
16:41:08 saveConfig: auto-save-60s
16:41:08 Saving config file
16:41:08 Saved config file successfully
16:42:08 saveConfig: auto-save-60s
16:42:08 Saving config file
16:42:08 Saved config file successfully
16:42:08 saveConfig: auto-save-60s
16:42:08 Saving config file
16:42:08 Saved config file successfully
16:43:08 saveConfig: auto-save-60s
16:43:08 Saving config file
16:43:08 Saved config file successfully
16:43:08 saveConfig: auto-save-60s
16:43:08 Saving config file
16:43:08 Saved config file successfully
16:44:08 saveConfig: auto-save-60s
16:44:08 Saving config file
16:44:08 Saved config file successfully
16:44:08 saveConfig: auto-save-60s
16:44:08 Saving config file
16:44:08 Saved config file successfully
16:45:08 saveConfig: auto-save-60s
16:45:08 Saving config file
16:45:08 Saved config file successfully
16:45:08 saveConfig: auto-save-60s
16:45:08 Saving config file
16:45:08 Saved config file successfully
16:46:08 saveConfig: auto-save-60s
16:46:08 Saving config file
16:46:08 Saved config file successfully
16:46:08 saveConfig: auto-save-60s
16:46:08 Saving config file
16:46:08 Saved config file successfully
16:47:08 saveConfig: auto-save-60s
16:47:08 Saving config file
16:47:08 Saved config file successfully
16:47:08 saveConfig: auto-save-60s
16:47:08 Saving config file
16:47:08 Saved config file successfully
16:48:08 saveConfig: auto-save-60s
16:48:08 Saving config file
16:48:08 Saved config file successfully
16:48:08 saveConfig: auto-save-60s
16:48:08 Saving config file
16:48:08 Saved config file successfully
16:49:08 saveConfig: auto-save-60s
16:49:08 Saving config file
16:49:08 Saved config file successfully
16:49:08 saveConfig: auto-save-60s
16:49:08 Saving config file
16:49:08 Saved config file successfully
16:50:08 saveConfig: auto-save-60s
16:50:08 Saving config file
16:50:08 Saved config file successfully
16:50:08 saveConfig: auto-save-60s
16:50:08 Saving config file
16:50:08 Saved config file successfully
16:51:08 saveConfig: auto-save-60s
16:51:08 Saving config file
16:51:08 Saved config file successfully
16:51:08 saveConfig: auto-save-60s
16:51:08 Saving config file
16:51:08 Saved config file successfully
16:52:08 saveConfig: auto-save-60s
16:52:08 Saving config file
16:52:08 Saved config file successfully
16:52:08 saveConfig: auto-save-60s
16:52:08 Saving config file
16:52:08 Saved config file successfully
16:53:08 saveConfig: auto-save-60s
16:53:08 Saving config file
16:53:08 Saved config file successfully
16:53:08 saveConfig: auto-save-60s
16:53:08 Saving config file
16:53:08 Saved config file successfully
16:54:08 saveConfig: auto-save-60s
16:54:08 Saving config file
16:54:08 Saved config file successfully
16:54:08 saveConfig: auto-save-60s
16:54:08 Saving config file
16:54:08 Saved config file successfully
16:55:08 saveConfig: auto-save-60s
16:55:08 Saving config file
16:55:08 Saved config file successfully
16:55:08 saveConfig: auto-save-60s
16:55:08 Saving config file
16:55:08 Saved config file successfully
16:56:08 saveConfig: auto-save-60s
16:56:08 Saving config file
16:56:08 Saved config file successfully
16:56:08 saveConfig: auto-save-60s
16:56:08 Saving config file
16:56:08 Saved config file successfully
16:57:08 saveConfig: auto-save-60s
16:57:08 Saving config file
16:57:08 Saved config file successfully
16:57:08 saveConfig: auto-save-60s
16:57:08 Saving config file
16:57:08 Saved config file successfully
16:58:08 saveConfig: auto-save-60s
16:58:08 Saving config file
16:58:08 Saved config file successfully
16:58:08 saveConfig: auto-save-60s
16:58:08 Saving config file
16:58:08 Saved config file successfully
16:59:08 saveConfig: auto-save-60s
16:59:08 Saving config file
16:59:08 Saved config file successfully
16:59:08 saveConfig: auto-save-60s
16:59:08 Saving config file
16:59:08 Saved config file successfully
17:00:08 saveConfig: auto-save-60s
17:00:08 Saving config file
17:00:08 Saved config file successfully
17:00:08 saveConfig: auto-save-60s
17:00:08 Saving config file
17:00:08 Saved config file successfully
17:01:08 saveConfig: auto-save-60s
17:01:08 Saving config file
17:01:08 Saved config file successfully
17:01:08 saveConfig: auto-save-60s
17:01:08 Saving config file
17:01:08 Saved config file successfully
17:02:08 saveConfig: auto-save-60s
17:02:08 Saving config file
17:02:08 Saved config file successfully
17:02:08 saveConfig: auto-save-60s
17:02:08 Saving config file
17:02:08 Saved config file successfully
17:03:08 saveConfig: auto-save-60s
17:03:08 Saving config file
17:03:08 Saved config file successfully
17:03:08 saveConfig: auto-save-60s
17:03:08 Saving config file
17:03:08 Saved config file successfully
17:04:08 saveConfig: auto-save-60s
17:04:08 Saving config file
17:04:08 Saved config file successfully
17:04:08 saveConfig: auto-save-60s
17:04:08 Saving config file
17:04:08 Saved config file successfully
17:05:08 saveConfig: auto-save-60s
17:05:08 Saving config file
17:05:08 Saved config file successfully
17:05:08 saveConfig: auto-save-60s
17:05:08 Saving config file
17:05:08 Saved config file successfully
17:06:08 saveConfig: auto-save-60s
17:06:08 Saving config file
17:06:08 Saved config file successfully
17:06:08 saveConfig: auto-save-60s
17:06:08 Saving config file
17:06:08 Saved config file successfully
17:07:08 saveConfig: auto-save-60s
17:07:08 Saving config file
17:07:08 Saved config file successfully
17:07:08 saveConfig: auto-save-60s
17:07:08 Saving config file
17:07:08 Saved config file successfully
17:08:08 saveConfig: auto-save-60s
17:08:08 Saving config file
17:08:08 Saved config file successfully
17:08:08 saveConfig: auto-save-60s
17:08:08 Saving config file
17:08:08 Saved config file successfully
17:09:08 saveConfig: auto-save-60s
17:09:08 Saving config file
17:09:08 Saved config file successfully
17:09:08 saveConfig: auto-save-60s
17:09:08 Saving config file
17:09:08 Saved config file successfully
17:10:08 saveConfig: auto-save-60s
17:10:08 Saving config file
17:10:08 Saved config file successfully
17:10:08 saveConfig: auto-save-60s
17:10:08 Saving config file
17:10:08 Saved config file successfully
17:11:08 saveConfig: auto-save-60s
17:11:08 Saving config file
17:11:08 Saved config file successfully
17:11:08 saveConfig: auto-save-60s
17:11:08 Saving config file
17:11:08 Saved config file successfully
17:12:08 saveConfig: auto-save-60s
17:12:08 Saving config file
17:12:08 Saved config file successfully
17:12:08 saveConfig: auto-save-60s
17:12:08 Saving config file
17:12:08 Saved config file successfully
17:13:08 saveConfig: auto-save-60s
17:13:08 Saving config file
17:13:08 Saved config file successfully
17:13:08 saveConfig: auto-save-60s
17:13:08 Saving config file
17:13:08 Saved config file successfully
17:14:08 saveConfig: auto-save-60s
17:14:08 Saving config file
17:14:08 Saved config file successfully
17:14:08 saveConfig: auto-save-60s
17:14:08 Saving config file
17:14:08 Saved config file successfully
17:15:08 saveConfig: auto-save-60s
17:15:08 Saving config file
17:15:08 Saved config file successfully
17:15:08 saveConfig: auto-save-60s
17:15:08 Saving config file
17:15:08 Saved config file successfully
17:16:08 saveConfig: auto-save-60s
17:16:08 Saving config file
17:16:08 Saved config file successfully
17:16:08 saveConfig: auto-save-60s
17:16:08 Saving config file
17:16:08 Saved config file successfully
17:17:08 saveConfig: auto-save-60s
17:17:08 Saving config file
17:17:08 Saved config file successfully
17:17:08 saveConfig: auto-save-60s
17:17:08 Saving config file
17:17:08 Saved config file successfully
17:18:08 saveConfig: auto-save-60s
17:18:08 Saving config file
17:18:08 Saved config file successfully
17:18:08 saveConfig: auto-save-60s
17:18:08 Saving config file
17:18:08 Saved config file successfully
17:19:08 saveConfig: auto-save-60s
17:19:08 Saving config file
17:19:08 Saved config file successfully
17:19:08 saveConfig: auto-save-60s
17:19:08 Saving config file
17:19:08 Saved config file successfully
17:20:08 saveConfig: auto-save-60s
17:20:08 Saving config file
17:20:08 Saved config file successfully
17:20:08 saveConfig: auto-save-60s
17:20:08 Saving config file
17:20:08 Saved config file successfully
17:21:08 saveConfig: auto-save-60s
17:21:08 Saving config file
17:21:08 Saved config file successfully
17:21:08 saveConfig: auto-save-60s
17:21:08 Saving config file
17:21:08 Saved config file successfully
17:22:08 saveConfig: auto-save-60s
17:22:08 Saving config file
17:22:08 Saved config file successfully
17:22:08 saveConfig: auto-save-60s
17:22:08 Saving config file
17:22:08 Saved config file successfully
17:23:08 saveConfig: auto-save-60s
17:23:08 Saving config file
17:23:08 Saved config file successfully
17:23:08 saveConfig: auto-save-60s
17:23:08 Saving config file
17:23:08 Saved config file successfully
17:24:08 saveConfig: auto-save-60s
17:24:08 Saving config file
17:24:08 Saved config file successfully
17:24:08 saveConfig: auto-save-60s
17:24:08 Saving config file
17:24:08 Saved config file successfully
17:25:08 saveConfig: auto-save-60s
17:25:08 Saving config file
17:25:08 Saved config file successfully
17:25:08 saveConfig: auto-save-60s
17:25:08 Saving config file
17:25:08 Saved config file successfully
17:26:08 saveConfig: auto-save-60s
17:26:08 Saving config file
17:26:08 Saved config file successfully
17:26:08 saveConfig: auto-save-60s
17:26:08 Saving config file
17:26:08 Saved config file successfully
17:27:08 saveConfig: auto-save-60s
17:27:08 Saving config file
17:27:08 Saved config file successfully
17:27:08 saveConfig: auto-save-60s
17:27:08 Saving config file
17:27:08 Saved config file successfully
17:28:08 saveConfig: auto-save-60s
17:28:08 Saving config file
17:28:08 Saved config file successfully
17:28:08 saveConfig: auto-save-60s
17:28:08 Saving config file
17:28:08 Saved config file successfully
17:29:08 saveConfig: auto-save-60s
17:29:08 Saving config file
17:29:08 Saved config file successfully
17:29:08 saveConfig: auto-save-60s
17:29:08 Saving config file
17:29:08 Saved config file successfully
17:30:08 saveConfig: auto-save-60s
17:30:08 Saving config file
17:30:08 Saved config file successfully
17:30:08 saveConfig: auto-save-60s
17:30:08 Saving config file
17:30:08 Saved config file successfully
17:31:08 saveConfig: auto-save-60s
17:31:08 Saving config file
17:31:08 Saved config file successfully
17:31:08 saveConfig: auto-save-60s
17:31:08 Saving config file
17:31:08 Saved config file successfully
17:32:08 saveConfig: auto-save-60s
17:32:08 Saving config file
17:32:08 Saved config file successfully
17:32:08 saveConfig: auto-save-60s
17:32:08 Saving config file
17:32:08 Saved config file successfully
17:33:08 saveConfig: auto-save-60s
17:33:08 Saving config file
17:33:08 Saved config file successfully
17:33:08 saveConfig: auto-save-60s
17:33:08 Saving config file
17:33:08 Saved config file successfully
17:34:08 saveConfig: auto-save-60s
17:34:08 Saving config file
17:34:08 Saved config file successfully
17:34:08 saveConfig: auto-save-60s
17:34:08 Saving config file
17:34:08 Saved config file successfully
17:35:08 saveConfig: auto-save-60s
17:35:08 Saving config file
17:35:08 Saved config file successfully
17:35:08 saveConfig: auto-save-60s
17:35:08 Saving config file
17:35:08 Saved config file successfully
17:36:08 saveConfig: auto-save-60s
17:36:08 Saving config file
17:36:08 Saved config file successfully
17:36:08 saveConfig: auto-save-60s
17:36:08 Saving config file
17:36:08 Saved config file successfully
17:37:08 saveConfig: auto-save-60s
17:37:08 Saving config file
17:37:08 Saved config file successfully
17:37:08 saveConfig: auto-save-60s
17:37:08 Saving config file
17:37:08 Saved config file successfully
17:38:08 saveConfig: auto-save-60s
17:38:08 Saving config file
17:38:08 Saved config file successfully
17:38:08 saveConfig: auto-save-60s
17:38:08 Saving config file
17:38:08 Saved config file successfully
17:39:08 saveConfig: auto-save-60s
17:39:08 Saving config file
17:39:08 Saved config file successfully
17:39:08 saveConfig: auto-save-60s
17:39:08 Saving config file
17:39:08 Saved config file successfully
17:40:08 saveConfig: auto-save-60s
17:40:08 Saving config file
17:40:08 Saved config file successfully
17:40:08 saveConfig: auto-save-60s
17:40:08 Saving config file
17:40:08 Saved config file successfully
17:41:08 saveConfig: auto-save-60s
17:41:08 Saving config file
17:41:08 Saved config file successfully
17:41:08 saveConfig: auto-save-60s
17:41:08 Saving config file
17:41:08 Saved config file successfully
17:42:08 saveConfig: auto-save-60s
17:42:08 Saving config file
17:42:08 Saved config file successfully
17:42:08 saveConfig: auto-save-60s
17:42:08 Saving config file
17:42:08 Saved config file successfully
17:43:08 saveConfig: auto-save-60s
17:43:08 Saving config file
17:43:08 Saved config file successfully
17:43:08 saveConfig: auto-save-60s
17:43:08 Saving config file
17:43:08 Saved config file successfully
17:44:08 saveConfig: auto-save-60s
17:44:08 Saving config file
17:44:08 Saved config file successfully
17:44:08 saveConfig: auto-save-60s
17:44:08 Saving config file
17:44:08 Saved config file successfully
17:45:08 saveConfig: auto-save-60s
17:45:08 Saving config file
17:45:08 Saved config file successfully
17:45:08 saveConfig: auto-save-60s
17:45:08 Saving config file
17:45:08 Saved config file successfully
17:46:08 saveConfig: auto-save-60s
17:46:08 Saving config file
17:46:08 Saved config file successfully
17:46:08 saveConfig: auto-save-60s
17:46:08 Saving config file
17:46:08 Saved config file successfully
17:47:08 saveConfig: auto-save-60s
17:47:08 Saving config file
17:47:08 Saved config file successfully
17:47:08 saveConfig: auto-save-60s
17:47:08 Saving config file
17:47:08 Saved config file successfully
17:48:08 saveConfig: auto-save-60s
17:48:08 Saving config file
17:48:08 Saved config file successfully
17:48:08 saveConfig: auto-save-60s
17:48:08 Saving config file
17:48:08 Saved config file successfully
17:49:08 saveConfig: auto-save-60s
17:49:08 Saving config file
17:49:08 Saved config file successfully
17:49:08 saveConfig: auto-save-60s
17:49:08 Saving config file
17:49:08 Saved config file successfully
17:50:08 saveConfig: auto-save-60s
17:50:08 Saving config file
17:50:08 Saved config file successfully
17:50:08 saveConfig: auto-save-60s
17:50:08 Saving config file
17:50:08 Saved config file successfully
17:51:08 saveConfig: auto-save-60s
17:51:08 Saving config file
17:51:08 Saved config file successfully
17:51:08 saveConfig: auto-save-60s
17:51:08 Saving config file
17:51:08 Saved config file successfully
17:52:08 saveConfig: auto-save-60s
17:52:08 Saving config file
17:52:08 Saved config file successfully
17:52:08 saveConfig: auto-save-60s
17:52:08 Saving config file
17:52:08 Saved config file successfully
17:53:08 saveConfig: auto-save-60s
17:53:08 Saving config file
17:53:08 Saved config file successfully
17:53:08 saveConfig: auto-save-60s
17:53:08 Saving config file
17:53:08 Saved config file successfully
17:54:08 saveConfig: auto-save-60s
17:54:08 Saving config file
17:54:08 Saved config file successfully
17:54:08 saveConfig: auto-save-60s
17:54:08 Saving config file
17:54:08 Saved config file successfully
17:55:08 saveConfig: auto-save-60s
17:55:08 Saving config file
17:55:08 Saved config file successfully
17:55:08 saveConfig: auto-save-60s
17:55:08 Saving config file
17:55:08 Saved config file successfully
17:56:08 saveConfig: auto-save-60s
17:56:08 Saving config file
17:56:08 Saved config file successfully
17:56:08 saveConfig: auto-save-60s
17:56:08 Saving config file
17:56:08 Saved config file successfully
17:57:08 saveConfig: auto-save-60s
17:57:08 Saving config file
17:57:08 Saved config file successfully
17:57:08 saveConfig: auto-save-60s
17:57:08 Saving config file
17:57:08 Saved config file successfully
17:57:34 saveConfig: saving-data
17:57:34 Saving sacks file
17:57:34 Saved sacks file successfully
17:57:34 saveConfig: saving-data
17:57:34 Saving sacks file
17:57:34 Saved sacks file successfully
17:58:08 saveConfig: auto-save-60s
17:58:08 Saving config file
17:58:08 Saved config file successfully
17:58:08 saveConfig: auto-save-60s
17:58:08 Saving config file
17:58:08 Saved config file successfully
17:59:08 saveConfig: auto-save-60s
17:59:08 Saving config file
17:59:08 Saved config file successfully
17:59:08 saveConfig: auto-save-60s
17:59:08 Saving config file
17:59:08 Saved config file successfully
18:00:08 saveConfig: auto-save-60s
18:00:08 Saving config file
18:00:08 Saved config file successfully
18:00:08 saveConfig: auto-save-60s
18:00:08 Saving config file
18:00:08 Saved config file successfully
18:01:08 saveConfig: auto-save-60s
18:01:08 Saving config file
18:01:08 Saved config file successfully
18:01:08 saveConfig: auto-save-60s
18:01:08 Saving config file
18:01:08 Saved config file successfully
18:02:08 saveConfig: auto-save-60s
18:02:08 Saving config file
18:02:08 Saved config file successfully
18:02:08 saveConfig: auto-save-60s
18:02:08 Saving config file
18:02:08 Saved config file successfully
18:03:08 saveConfig: auto-save-60s
18:03:08 Saving config file
18:03:08 Saved config file successfully
18:03:08 saveConfig: auto-save-60s
18:03:08 Saving config file
18:03:08 Saved config file successfully
18:04:08 saveConfig: auto-save-60s
18:04:08 Saving config file
18:04:08 Saved config file successfully
18:04:08 saveConfig: auto-save-60s
18:04:08 Saving config file
18:04:08 Saved config file successfully
18:05:08 saveConfig: auto-save-60s
18:05:08 Saving config file
18:05:08 Saved config file successfully
18:05:08 saveConfig: auto-save-60s
18:05:08 Saving config file
18:05:08 Saved config file successfully
18:06:08 saveConfig: auto-save-60s
18:06:08 Saving config file
18:06:08 Saved config file successfully
18:06:08 saveConfig: auto-save-60s
18:06:08 Saving config file
18:06:08 Saved config file successfully
18:07:08 saveConfig: auto-save-60s
18:07:08 Saving config file
18:07:08 Saved config file successfully
18:07:08 saveConfig: auto-save-60s
18:07:08 Saving config file
18:07:08 Saved config file successfully
18:08:08 saveConfig: auto-save-60s
18:08:08 Saving config file
18:08:08 Saved config file successfully
18:08:08 saveConfig: auto-save-60s
18:08:08 Saving config file
18:08:08 Saved config file successfully
18:09:08 saveConfig: auto-save-60s
18:09:08 Saving config file
18:09:08 Saved config file successfully
18:09:08 saveConfig: auto-save-60s
18:09:08 Saving config file
18:09:08 Saved config file successfully
18:10:08 saveConfig: auto-save-60s
18:10:08 Saving config file
18:10:08 Saved config file successfully
18:10:08 saveConfig: auto-save-60s
18:10:08 Saving config file
18:10:08 Saved config file successfully
18:11:08 saveConfig: auto-save-60s
18:11:08 Saving config file
18:11:08 Saved config file successfully
18:11:08 saveConfig: auto-save-60s
18:11:08 Saving config file
18:11:08 Saved config file successfully
18:12:08 saveConfig: auto-save-60s
18:12:08 Saving config file
18:12:08 Saved config file successfully
18:12:08 saveConfig: auto-save-60s
18:12:08 Saving config file
18:12:08 Saved config file successfully
18:13:08 saveConfig: auto-save-60s
18:13:08 Saving config file
18:13:08 Saved config file successfully
18:13:08 saveConfig: auto-save-60s
18:13:08 Saving config file
18:13:08 Saved config file successfully
18:14:08 saveConfig: auto-save-60s
18:14:08 Saving config file
18:14:08 Saved config file successfully
18:14:08 saveConfig: auto-save-60s
18:14:08 Saving config file
18:14:08 Saved config file successfully
18:15:08 saveConfig: auto-save-60s
18:15:08 Saving config file
18:15:08 Saved config file successfully
18:15:08 saveConfig: auto-save-60s
18:15:08 Saving config file
18:15:08 Saved config file successfully
18:16:08 saveConfig: auto-save-60s
18:16:08 Saving config file
18:16:08 Saved config file successfully
18:16:08 saveConfig: auto-save-60s
18:16:08 Saving config file
18:16:08 Saved config file successfully
18:17:08 saveConfig: auto-save-60s
18:17:08 Saving config file
18:17:08 Saved config file successfully
18:17:08 saveConfig: auto-save-60s
18:17:08 Saving config file
18:17:08 Saved config file successfully
18:18:08 saveConfig: auto-save-60s
18:18:08 Saving config file
18:18:08 Saved config file successfully
18:18:08 saveConfig: auto-save-60s
18:18:08 Saving config file
18:18:08 Saved config file successfully
18:19:08 saveConfig: auto-save-60s
18:19:08 Saving config file
18:19:08 Saved config file successfully
18:19:08 saveConfig: auto-save-60s
18:19:08 Saving config file
18:19:08 Saved config file successfully
18:20:08 saveConfig: auto-save-60s
18:20:08 Saving config file
18:20:08 Saved config file successfully
18:20:08 saveConfig: auto-save-60s
18:20:08 Saving config file
18:20:08 Saved config file successfully
18:21:08 saveConfig: auto-save-60s
18:21:08 Saving config file
18:21:08 Saved config file successfully
18:21:08 saveConfig: auto-save-60s
18:21:08 Saving config file
18:21:08 Saved config file successfully
18:22:08 saveConfig: auto-save-60s
18:22:08 Saving config file
18:22:08 Saved config file successfully
18:22:08 saveConfig: auto-save-60s
18:22:08 Saving config file
18:22:08 Saved config file successfully
18:23:08 saveConfig: auto-save-60s
18:23:08 Saving config file
18:23:08 Saved config file successfully
18:23:08 saveConfig: auto-save-60s
18:23:08 Saving config file
18:23:08 Saved config file successfully
18:24:08 saveConfig: auto-save-60s
18:24:08 Saving config file
18:24:08 Saved config file successfully
18:24:08 saveConfig: auto-save-60s
18:24:08 Saving config file
18:24:08 Saved config file successfully
18:25:08 saveConfig: auto-save-60s
18:25:08 Saving config file
18:25:08 Saved config file successfully
18:25:08 saveConfig: auto-save-60s
18:25:08 Saving config file
18:25:08 Saved config file successfully
18:26:08 saveConfig: auto-save-60s
18:26:08 Saving config file
18:26:08 Saved config file successfully
18:26:08 saveConfig: auto-save-60s
18:26:08 Saving config file
18:26:08 Saved config file successfully
18:27:08 saveConfig: auto-save-60s
18:27:08 Saving config file
18:27:08 Saved config file successfully
18:27:08 saveConfig: auto-save-60s
18:27:08 Saving config file
18:27:08 Saved config file successfully
18:28:08 saveConfig: auto-save-60s
18:28:08 Saving config file
18:28:08 Saved config file successfully
18:28:08 saveConfig: auto-save-60s
18:28:08 Saving config file
18:28:08 Saved config file successfully
18:29:08 saveConfig: auto-save-60s
18:29:08 Saving config file
18:29:08 Saved config file successfully
18:29:08 saveConfig: auto-save-60s
18:29:08 Saving config file
18:29:08 Saved config file successfully
18:30:08 saveConfig: auto-save-60s
18:30:08 Saving config file
18:30:08 Saved config file successfully
18:30:08 saveConfig: auto-save-60s
18:30:08 Saving config file
18:30:08 Saved config file successfully
18:31:08 saveConfig: auto-save-60s
18:31:08 Saving config file
18:31:08 Saved config file successfully
18:31:08 saveConfig: auto-save-60s
18:31:08 Saving config file
18:31:08 Saved config file successfully
18:32:08 saveConfig: auto-save-60s
18:32:08 Saving config file
18:32:08 Saved config file successfully
18:32:08 saveConfig: auto-save-60s
18:32:08 Saving config file
18:32:08 Saved config file successfully
18:33:08 saveConfig: auto-save-60s
18:33:08 Saving config file
18:33:08 Saved config file successfully
18:33:08 saveConfig: auto-save-60s
18:33:08 Saving config file
18:33:08 Saved config file successfully
18:34:08 saveConfig: auto-save-60s
18:34:08 Saving config file
18:34:08 Saved config file successfully
18:34:08 saveConfig: auto-save-60s
18:34:08 Saving config file
18:34:08 Saved config file successfully
18:35:08 saveConfig: auto-save-60s
18:35:08 Saving config file
18:35:08 Saved config file successfully
18:35:08 saveConfig: auto-save-60s
18:35:08 Saving config file
18:35:08 Saved config file successfully
18:36:08 saveConfig: auto-save-60s
18:36:08 Saving config file
18:36:08 Saved config file successfully
18:36:08 saveConfig: auto-save-60s
18:36:08 Saving config file
18:36:08 Saved config file successfully
18:37:08 saveConfig: auto-save-60s
18:37:08 Saving config file
18:37:08 Saved config file successfully
18:37:08 saveConfig: auto-save-60s
18:37:08 Saving config file
18:37:08 Saved config file successfully
18:38:08 saveConfig: auto-save-60s
18:38:08 Saving config file
18:38:08 Saved config file successfully
18:38:08 saveConfig: auto-save-60s
18:38:08 Saving config file
18:38:08 Saved config file successfully
18:39:08 saveConfig: auto-save-60s
18:39:08 Saving config file
18:39:08 Saved config file successfully
18:39:08 saveConfig: auto-save-60s
18:39:08 Saving config file
18:39:08 Saved config file successfully
18:40:08 saveConfig: auto-save-60s
18:40:08 Saving config file
18:40:08 Saved config file successfully
18:40:08 saveConfig: auto-save-60s
18:40:08 Saving config file
18:40:08 Saved config file successfully
18:41:08 saveConfig: auto-save-60s
18:41:08 Saving config file
18:41:08 Saved config file successfully
18:41:08 saveConfig: auto-save-60s
18:41:08 Saving config file
18:41:08 Saved config file successfully
18:42:08 saveConfig: auto-save-60s
18:42:08 Saving config file
18:42:08 Saved config file successfully
18:42:08 saveConfig: auto-save-60s
18:42:08 Saving config file
18:42:08 Saved config file successfully
18:43:08 saveConfig: auto-save-60s
18:43:08 Saving config file
18:43:08 Saved config file successfully
18:43:08 saveConfig: auto-save-60s
18:43:08 Saving config file
18:43:08 Saved config file successfully
18:43:49 saveConfig: saving-data
18:43:49 Saving sacks file
18:43:49 Saved sacks file successfully
18:43:49 saveConfig: saving-data
18:43:49 Saving sacks file
18:43:49 Saved sacks file successfully
18:43:52 saveConfig: saving-data
18:43:52 Saving sacks file
18:43:52 Saved sacks file successfully
18:43:52 saveConfig: saving-data
18:43:52 Saving sacks file
18:43:52 Saved sacks file successfully
18:44:06 saveConfig: saving-data
18:44:06 Saving sacks file
18:44:06 Saved sacks file successfully
18:44:06 saveConfig: saving-data
18:44:06 Saving sacks file
18:44:06 Saved sacks file successfully
18:44:08 saveConfig: auto-save-60s
18:44:08 Saving config file
18:44:08 Saved config file successfully
18:44:08 saveConfig: auto-save-60s
18:44:08 Saving config file
18:44:08 Saved config file successfully
18:45:08 saveConfig: auto-save-60s
18:45:08 Saving config file
18:45:08 Saved config file successfully
18:45:08 saveConfig: auto-save-60s
18:45:08 Saving config file
18:45:08 Saved config file successfully
18:46:08 saveConfig: auto-save-60s
18:46:08 Saving config file
18:46:08 Saved config file successfully
18:46:08 saveConfig: auto-save-60s
18:46:08 Saving config file
18:46:08 Saved config file successfully
18:47:08 saveConfig: auto-save-60s
18:47:08 Saving config file
18:47:08 Saved config file successfully
18:47:08 saveConfig: auto-save-60s
18:47:08 Saving config file
18:47:08 Saved config file successfully
18:48:08 saveConfig: auto-save-60s
18:48:08 Saving config file
18:48:08 Saved config file successfully
18:48:08 saveConfig: auto-save-60s
18:48:08 Saving config file
18:48:08 Saved config file successfully
18:49:08 saveConfig: auto-save-60s
18:49:08 Saving config file
18:49:08 Saved config file successfully
18:49:08 saveConfig: auto-save-60s
18:49:08 Saving config file
18:49:08 Saved config file successfully
18:50:08 saveConfig: auto-save-60s
18:50:08 Saving config file
18:50:08 Saved config file successfully
18:50:08 saveConfig: auto-save-60s
18:50:08 Saving config file
18:50:08 Saved config file successfully
18:51:08 saveConfig: auto-save-60s
18:51:08 Saving config file
18:51:08 Saved config file successfully
18:51:08 saveConfig: auto-save-60s
18:51:08 Saving config file
18:51:08 Saved config file successfully
18:52:08 saveConfig: auto-save-60s
18:52:08 Saving config file
18:52:08 Saved config file successfully
18:52:08 saveConfig: auto-save-60s
18:52:08 Saving config file
18:52:08 Saved config file successfully
18:53:08 saveConfig: auto-save-60s
18:53:08 Saving config file
18:53:08 Saved config file successfully
18:53:08 saveConfig: auto-save-60s
18:53:08 Saving config file
18:53:08 Saved config file successfully
18:54:08 saveConfig: auto-save-60s
18:54:08 Saving config file
18:54:08 Saved config file successfully
18:54:08 saveConfig: auto-save-60s
18:54:08 Saving config file
18:54:08 Saved config file successfully
18:55:08 saveConfig: auto-save-60s
18:55:08 Saving config file
18:55:08 Saved config file successfully
18:55:08 saveConfig: auto-save-60s
18:55:08 Saving config file
18:55:08 Saved config file successfully
18:56:08 saveConfig: auto-save-60s
18:56:08 Saving config file
18:56:08 Saved config file successfully
18:56:08 saveConfig: auto-save-60s
18:56:08 Saving config file
18:56:08 Saved config file successfully
18:57:08 saveConfig: auto-save-60s
18:57:08 Saving config file
18:57:08 Saved config file successfully
18:57:08 saveConfig: auto-save-60s
18:57:08 Saving config file
18:57:08 Saved config file successfully
18:58:08 saveConfig: auto-save-60s
18:58:08 Saving config file
18:58:08 Saved config file successfully
18:58:08 saveConfig: auto-save-60s
18:58:08 Saving config file
18:58:08 Saved config file successfully
18:59:00 saveConfig: saving-data
18:59:00 Saving sacks file
18:59:00 Saved sacks file successfully
18:59:00 saveConfig: saving-data
18:59:00 Saving sacks file
18:59:00 Saved sacks file successfully
18:59:08 saveConfig: auto-save-60s
18:59:08 Saving config file
18:59:08 Saved config file successfully
18:59:08 saveConfig: auto-save-60s
18:59:08 Saving config file
18:59:08 Saved config file successfully
18:59:41 saveConfig: saving-data
18:59:41 Saving sacks file
18:59:41 Saved sacks file successfully
18:59:41 saveConfig: saving-data
18:59:41 Saving sacks file
18:59:41 Saved sacks file successfully
19:00:08 saveConfig: auto-save-60s
19:00:08 Saving config file
19:00:08 Saved config file successfully
19:00:08 saveConfig: auto-save-60s
19:00:08 Saving config file
19:00:08 Saved config file successfully
19:01:08 saveConfig: auto-save-60s
19:01:08 Saving config file
19:01:08 Saved config file successfully
19:01:08 saveConfig: auto-save-60s
19:01:08 Saving config file
19:01:08 Saved config file successfully
19:02:08 saveConfig: auto-save-60s
19:02:08 Saving config file
19:02:08 Saved config file successfully
19:02:08 saveConfig: auto-save-60s
19:02:08 Saving config file
19:02:08 Saved config file successfully
19:03:08 saveConfig: auto-save-60s
19:03:08 Saving config file
19:03:08 Saved config file successfully
19:03:08 saveConfig: auto-save-60s
19:03:08 Saving config file
19:03:08 Saved config file successfully
19:04:08 saveConfig: auto-save-60s
19:04:08 Saving config file
19:04:08 Saved config file successfully
19:04:08 saveConfig: auto-save-60s
19:04:08 Saving config file
19:04:08 Saved config file successfully
19:05:08 saveConfig: auto-save-60s
19:05:08 Saving config file
19:05:08 Saved config file successfully
19:05:08 saveConfig: auto-save-60s
19:05:08 Saving config file
19:05:08 Saved config file successfully
19:06:08 saveConfig: auto-save-60s
19:06:08 Saving config file
19:06:08 Saved config file successfully
19:06:08 saveConfig: auto-save-60s
19:06:08 Saving config file
19:06:08 Saved config file successfully
19:07:08 saveConfig: auto-save-60s
19:07:08 Saving config file
19:07:08 Saved config file successfully
19:07:08 saveConfig: auto-save-60s
19:07:08 Saving config file
19:07:08 Saved config file successfully
19:08:08 saveConfig: auto-save-60s
19:08:08 Saving config file
19:08:08 Saved config file successfully
19:08:08 saveConfig: auto-save-60s
19:08:08 Saving config file
19:08:08 Saved config file successfully
19:09:08 saveConfig: auto-save-60s
19:09:08 Saving config file
19:09:08 Saved config file successfully
19:09:08 saveConfig: auto-save-60s
19:09:08 Saving config file
19:09:08 Saved config file successfully
19:10:08 saveConfig: auto-save-60s
19:10:08 Saving config file
19:10:08 Saved config file successfully
19:10:08 saveConfig: auto-save-60s
19:10:08 Saving config file
19:10:08 Saved config file successfully
19:11:08 saveConfig: auto-save-60s
19:11:08 Saving config file
19:11:08 Saved config file successfully
19:11:08 saveConfig: auto-save-60s
19:11:08 Saving config file
19:11:08 Saved config file successfully
19:12:08 saveConfig: auto-save-60s
19:12:08 Saving config file
19:12:08 Saved config file successfully
19:12:08 saveConfig: auto-save-60s
19:12:08 Saving config file
19:12:08 Saved config file successfully
19:13:08 saveConfig: auto-save-60s
19:13:08 Saving config file
19:13:08 Saved config file successfully
19:13:08 saveConfig: auto-save-60s
19:13:08 Saving config file
19:13:08 Saved config file successfully
19:14:08 saveConfig: auto-save-60s
19:14:08 Saving config file
19:14:08 Saved config file successfully
19:14:08 saveConfig: auto-save-60s
19:14:08 Saving config file
19:14:08 Saved config file successfully
19:15:08 saveConfig: auto-save-60s
19:15:08 Saving config file
19:15:08 Saved config file successfully
19:15:08 saveConfig: auto-save-60s
19:15:08 Saving config file
19:15:08 Saved config file successfully
19:16:08 saveConfig: auto-save-60s
19:16:08 Saving config file
19:16:08 Saved config file successfully
19:16:08 saveConfig: auto-save-60s
19:16:08 Saving config file
19:16:08 Saved config file successfully
19:17:08 saveConfig: auto-save-60s
19:17:08 Saving config file
19:17:08 Saved config file successfully
19:17:08 saveConfig: auto-save-60s
19:17:08 Saving config file
19:17:08 Saved config file successfully
19:18:08 saveConfig: auto-save-60s
19:18:08 Saving config file
19:18:08 Saved config file successfully
19:18:08 saveConfig: auto-save-60s
19:18:08 Saving config file
19:18:08 Saved config file successfully
19:19:08 saveConfig: auto-save-60s
19:19:08 Saving config file
19:19:08 Saved config file successfully
19:19:08 saveConfig: auto-save-60s
19:19:08 Saving config file
19:19:08 Saved config file successfully
19:20:08 saveConfig: auto-save-60s
19:20:08 Saving config file
19:20:08 Saved config file successfully
19:20:08 saveConfig: auto-save-60s
19:20:08 Saving config file
19:20:08 Saved config file successfully
19:21:08 saveConfig: auto-save-60s
19:21:08 Saving config file
19:21:08 Saved config file successfully
19:21:08 saveConfig: auto-save-60s
19:21:08 Saving config file
19:21:08 Saved config file successfully
19:22:08 saveConfig: auto-save-60s
19:22:08 Saving config file
19:22:08 Saved config file successfully
19:22:08 saveConfig: auto-save-60s
19:22:08 Saving config file
19:22:08 Saved config file successfully
19:23:08 saveConfig: auto-save-60s
19:23:08 Saving config file
19:23:08 Saved config file successfully
19:23:08 saveConfig: auto-save-60s
19:23:08 Saving config file
19:23:08 Saved config file successfully
19:24:08 saveConfig: auto-save-60s
19:24:08 Saving config file
19:24:08 Saved config file successfully
19:24:08 saveConfig: auto-save-60s
19:24:08 Saving config file
19:24:08 Saved config file successfully
19:25:08 saveConfig: auto-save-60s
19:25:08 Saving config file
19:25:08 Saved config file successfully
19:25:08 saveConfig: auto-save-60s
19:25:08 Saving config file
19:25:08 Saved config file successfully
19:26:08 saveConfig: auto-save-60s
19:26:08 Saving config file
19:26:08 Saved config file successfully
19:26:08 saveConfig: auto-save-60s
19:26:08 Saving config file
19:26:08 Saved config file successfully
19:27:08 saveConfig: auto-save-60s
19:27:08 Saving config file
19:27:08 Saved config file successfully
19:27:08 saveConfig: auto-save-60s
19:27:08 Saving config file
19:27:08 Saved config file successfully
19:28:08 saveConfig: auto-save-60s
19:28:08 Saving config file
19:28:08 Saved config file successfully
19:28:08 saveConfig: auto-save-60s
19:28:08 Saving config file
19:28:08 Saved config file successfully
19:29:08 saveConfig: auto-save-60s
19:29:08 Saving config file
19:29:08 Saved config file successfully
19:29:08 saveConfig: auto-save-60s
19:29:08 Saving config file
19:29:08 Saved config file successfully
19:30:08 saveConfig: auto-save-60s
19:30:08 Saving config file
19:30:08 Saved config file successfully
19:30:08 saveConfig: auto-save-60s
19:30:08 Saving config file
19:30:08 Saved config file successfully
19:31:08 saveConfig: auto-save-60s
19:31:08 Saving config file
19:31:08 Saved config file successfully
19:31:08 saveConfig: auto-save-60s
19:31:08 Saving config file
19:31:08 Saved config file successfully
19:32:08 saveConfig: auto-save-60s
19:32:08 Saving config file
19:32:08 Saved config file successfully
19:32:08 saveConfig: auto-save-60s
19:32:08 Saving config file
19:32:08 Saved config file successfully
19:33:08 saveConfig: auto-save-60s
19:33:08 Saving config file
19:33:08 Saved config file successfully
19:33:08 saveConfig: auto-save-60s
19:33:08 Saving config file
19:33:08 Saved config file successfully
19:34:08 saveConfig: auto-save-60s
19:34:08 Saving config file
19:34:08 Saved config file successfully
19:34:08 saveConfig: auto-save-60s
19:34:08 Saving config file
19:34:08 Saved config file successfully
19:34:47 saveConfig: Save file
19:34:47 Saving friends file
19:34:47 Saved friends file successfully
19:34:47 saveConfig: Save file
19:34:47 Saving friends file
19:34:47 Saved friends file successfully
19:35:08 saveConfig: auto-save-60s
19:35:08 Saving config file
19:35:08 Saved config file successfully
19:35:08 saveConfig: auto-save-60s
19:35:08 Saving config file
19:35:08 Saved config file successfully
19:36:08 saveConfig: auto-save-60s
19:36:08 Saving config file
19:36:08 Saved config file successfully
19:36:08 saveConfig: auto-save-60s
19:36:08 Saving config file
19:36:08 Saved config file successfully
19:37:08 saveConfig: auto-save-60s
19:37:08 Saving config file
19:37:08 Saved config file successfully
19:37:08 saveConfig: auto-save-60s
19:37:08 Saving config file
19:37:08 Saved config file successfully
19:38:08 saveConfig: auto-save-60s
19:38:08 Saving config file
19:38:08 Saved config file successfully
19:38:08 saveConfig: auto-save-60s
19:38:08 Saving config file
19:38:08 Saved config file successfully
19:39:08 saveConfig: auto-save-60s
19:39:08 Saving config file
19:39:08 Saved config file successfully
19:39:08 saveConfig: auto-save-60s
19:39:08 Saving config file
19:39:08 Saved config file successfully
19:40:08 saveConfig: auto-save-60s
19:40:08 Saving config file
19:40:08 Saved config file successfully
19:40:08 saveConfig: auto-save-60s
19:40:08 Saving config file
19:40:08 Saved config file successfully
19:41:08 saveConfig: auto-save-60s
19:41:08 Saving config file
19:41:08 Saved config file successfully
19:41:08 saveConfig: auto-save-60s
19:41:08 Saving config file
19:41:08 Saved config file successfully
19:42:08 saveConfig: auto-save-60s
19:42:08 Saving config file
19:42:08 Saved config file successfully
19:42:08 saveConfig: auto-save-60s
19:42:08 Saving config file
19:42:08 Saved config file successfully
19:43:08 saveConfig: auto-save-60s
19:43:08 Saving config file
19:43:08 Saved config file successfully
19:43:08 saveConfig: auto-save-60s
19:43:08 Saving config file
19:43:08 Saved config file successfully
19:44:08 saveConfig: auto-save-60s
19:44:08 Saving config file
19:44:08 Saved config file successfully
19:44:08 saveConfig: auto-save-60s
19:44:08 Saving config file
19:44:08 Saved config file successfully
19:45:08 saveConfig: auto-save-60s
19:45:08 Saving config file
19:45:08 Saved config file successfully
19:45:08 saveConfig: auto-save-60s
19:45:08 Saving config file
19:45:08 Saved config file successfully
19:46:04 saveConfig: shutdown-hook
19:46:04 Saving config file
