17:26:17 `§7Villager`362 missed {
 is already Found: false).
 Position: LorenzVec{x=-11.3125, y=70.0, z=-95.6875}
 DistanceC: 21.15059708338231
Relative Position: LorenzVec{x=21.15059708338231, y=0.0, z=-20.98750001192093}
 }
17:27:27 `6nd38c8w82`215 missed {
 is already Found: false).
 Position: LorenzVec{x=23.5, y=151.0, z=-87.5}
 DistanceC: 20.890285720947006
Relative Position: LorenzVec{x=20.34329179081936, y=1.5, z=-20.890285720947006}
 }
17:29:24 `i1b9x2ts69`174 missed {
 is already Found: false).
 Position: LorenzVec{x=-15.5, y=201.0, z=-98.5}
 DistanceC: 22.94812307232486
Relative Position: LorenzVec{x=11.26263622893807, y=1.0, z=22.94812307232486}
 }
17:30:11 `0600m61xy2`237 missed {
 is already Found: false).
 Position: LorenzVec{x=-42.5, y=72.0, z=-54.5}
 DistanceC: 23.873092404717326
Relative Position: LorenzVec{x=-10.42489017725795, y=1.0, z=23.873092404717326}
 }
17:30:12 `1qv3sa38rm`238 missed {
 is already Found: false).
 Position: LorenzVec{x=-51.0, y=72.0, z=-60.5}
 DistanceC: 18.92489017725795
Relative Position: LorenzVec{x=-18.92489017725795, y=1.0, z=17.873092404717326}
 }
17:30:13 `t67a41jj19`239 missed {
 is already Found: false).
 Position: LorenzVec{x=-55.5, y=72.0, z=-56.5}
 DistanceC: 23.42489017725795
Relative Position: LorenzVec{x=-23.42489017725795, y=1.0, z=21.873092404717326}
 }
17:30:29 `a8g33920g0`569 missed {
 is already Found: false).
 Position: LorenzVec{x=-6.5, y=55.0, z=-95.5}
 DistanceC: 18.93652762592391
Relative Position: LorenzVec{x=18.93652762592391, y=-19.495064620329813, z=-15.86963540645101}
 }
17:30:33 `r0w8w22x8r`16 missed {
 is already Found: false).
 Position: LorenzVec{x=-3.5, y=72.0, z=-101.5}
 DistanceC: 22.480895844968064
Relative Position: LorenzVec{x=22.480895844968064, y=-0.5, z=-21.515797721174465}
 }
17:30:35 `a8g33920g0`569 missed {
 is already Found: false).
 Position: LorenzVec{x=-6.5, y=55.0, z=-95.5}
 DistanceC: 19.480895844968064
Relative Position: LorenzVec{x=19.480895844968064, y=-17.5, z=-15.515797721174465}
 }
17:34:42 `§7Villager`855720 missed {
 is already Found: false).
 Position: LorenzVec{x=5.5, y=107.5, z=7.5}
 DistanceC: 3.7055614188838177
Relative Position: LorenzVec{x=2.30282533937787, y=39.73978427145997, z=-3.7055614188838177}
 }
17:34:42 `§bSam `856031 missed {
 is already Found: false).
 Position: LorenzVec{x=9.5, y=107.5, z=7.5}
 DistanceC: 6.30282533937787
Relative Position: LorenzVec{x=6.30282533937787, y=39.73978427145997, z=-3.7055614188838177}
 }
17:35:48 `§7Villager`360 missed {
 is already Found: false).
 Position: LorenzVec{x=10.5, y=70.0, z=-41.5}
 DistanceC: 22.111777536578174
Relative Position: LorenzVec{x=22.111777536578174, y=0.0, z=12.871882837567199}
 }
17:35:49 `954rd2h59x`570 missed {
 is already Found: false).
 Position: LorenzVec{x=-32.5, y=71.0, z=-76.5}
 DistanceC: 22.1281171624328
Relative Position: LorenzVec{x=-20.888222463421826, y=1.0, z=-22.1281171624328}
 }
17:36:03 `qh2c8458u0`548 missed {
 is already Found: false).
 Position: LorenzVec{x=-9.5, y=71.0, z=-14.0}
 DistanceC: 22.78434172686007
Relative Position: LorenzVec{x=16.470433444149663, y=3.0, z=22.78434172686007}
 }
17:36:27 `§7Villager`348 missed {
 is already Found: false).
 Position: LorenzVec{x=-25.6875, y=68.0, z=-103.09375}
 DistanceC: 19.896568102887713
Relative Position: LorenzVec{x=-15.552629610053753, y=-2.0, z=-19.896568102887713}
 }
17:36:27 `ta20j2564x`17 missed {
 is already Found: false).
 Position: LorenzVec{x=4.5, y=72.0, z=-104.5}
 DistanceC: 21.153415922603713
Relative Position: LorenzVec{x=14.265245174956453, y=2.0, z=-21.153415922603713}
 }
17:36:32 `2fz7x3pp7r`409 missed {
 is already Found: false).
 Position: LorenzVec{x=14.0, y=72.0, z=-106.0}
 DistanceC: 23.672568874911203
Relative Position: LorenzVec{x=23.672568874911203, y=2.0, z=-22.615979909358686}
 }
17:37:13 `t476467x8w`538 missed {
 is already Found: false).
 Position: LorenzVec{x=15.5, y=70.0, z=-71.8125}
 DistanceC: 22.511042374992137
Relative Position: LorenzVec{x=22.511042374992137, y=0.0, z=13.110896074310219}
 }
17:38:15 `pje4zsf026`223 missed {
 is already Found: false).
 Position: LorenzVec{x=22.0, y=71.0, z=-45.5}
 DistanceC: 18.816999672594278
Relative Position: LorenzVec{x=-8.321492340013187, y=-20.0, z=18.816999672594278}
 }
