14:40:51 §c[SkyHanni-0.25.Beta.29] playerSpecific is null in ProfileJoinEvent!§r
14:48:36 §e[SkyHanni] §b+1 SkyBlock XP §7(HOTM Progression§7)§b (1/100)§r
14:52:28 §e[SkyHanni] §lCLICK HERE§r§e to grab §ax1 §9§9Enchanted Mithril§e from sacks!§r
14:52:28 §e[SkyHanni] §lCLICK HERE§r§e to grab §ax1 §9§9Enchanted Mithril§e from sacks!§r
14:52:28 §e[SkyHanni] §lCLICK HERE§r§e to grab §ax1 §9§9Enchanted Mithril§e from sacks!§r
14:52:28 §e[SkyHanni] §lCLICK HERE§r§e to grab §ax1 §9§9Enchanted Mithril§e from sacks!§r
14:52:35 §e[SkyHanni] §lCLICK HERE§r§e to grab §ax50 §9§9Enchanted Mithril§e from sacks!§r
14:52:35 §e[SkyHanni] §lCLICK HERE§r§e to grab §ax50 §9§9Enchanted Mithril§e from sacks!§r
14:52:41 §e[SkyHanni] §lCLICK HERE§r§e to grab §ax1 §9§9Enchanted Mithril§e from sacks!§r
14:52:42 §e[SkyHanni] §lCLICK HERE§r§e to grab §ax1 §9§9Enchanted Mithril§e from sacks!§r
14:52:42 §e[SkyHanni] §lCLICK HERE§r§e to grab §ax1 §9§9Enchanted Mithril§e from sacks!§r
14:52:42 §e[SkyHanni] §lCLICK HERE§r§e to grab §ax1 §9§9Enchanted Mithril§e from sacks!§r
14:52:42 §e[SkyHanni] §lCLICK HERE§r§e to grab §ax1 §9§9Enchanted Mithril§e from sacks!§r
14:52:42 §e[SkyHanni] §lCLICK HERE§r§e to grab §ax1 §9§9Enchanted Mithril§e from sacks!§r
14:52:42 §e[SkyHanni] §lCLICK HERE§r§e to grab §ax1 §9§9Enchanted Mithril§e from sacks!§r
14:52:43 §e[SkyHanni] §lCLICK HERE§r§e to grab §ax1 §9§9Enchanted Mithril§e from sacks!§r
14:52:43 §e[SkyHanni] §lCLICK HERE§r§e to grab §ax1 §9§9Enchanted Mithril§e from sacks!§r
14:52:43 §e[SkyHanni] §lCLICK HERE§r§e to grab §ax1 §9§9Enchanted Mithril§e from sacks!§r
14:52:43 §e[SkyHanni] §lCLICK HERE§r§e to grab §ax1 §9§9Enchanted Mithril§e from sacks!§r
14:52:43 §e[SkyHanni] §lCLICK HERE§r§e to grab §ax1 §9§9Enchanted Mithril§e from sacks!§r
14:52:43 §e[SkyHanni] §lCLICK HERE§r§e to grab §ax1 §9§9Enchanted Mithril§e from sacks!§r
14:52:44 §e[SkyHanni] §lCLICK HERE§r§e to grab §ax1 §9§9Enchanted Mithril§e from sacks!§r
14:52:44 §e[SkyHanni] §lCLICK HERE§r§e to grab §ax1 §9§9Enchanted Mithril§e from sacks!§r
14:52:44 §e[SkyHanni] §lCLICK HERE§r§e to grab §ax1 §9§9Enchanted Mithril§e from sacks!§r
14:52:44 §e[SkyHanni] §lCLICK HERE§r§e to grab §ax1 §9§9Enchanted Mithril§e from sacks!§r
14:52:44 §e[SkyHanni] §lCLICK HERE§r§e to grab §ax1 §9§9Enchanted Mithril§e from sacks!§r
14:52:44 §e[SkyHanni] §lCLICK HERE§r§e to grab §ax1 §9§9Enchanted Mithril§e from sacks!§r
14:52:45 §e[SkyHanni] §lCLICK HERE§r§e to grab §ax1 §9§9Enchanted Mithril§e from sacks!§r
14:52:45 §e[SkyHanni] §lCLICK HERE§r§e to grab §ax1 §9§9Enchanted Mithril§e from sacks!§r
14:52:45 §e[SkyHanni] §lCLICK HERE§r§e to grab §ax1 §9§9Enchanted Mithril§e from sacks!§r
14:52:45 §e[SkyHanni] §lCLICK HERE§r§e to grab §ax1 §9§9Enchanted Mithril§e from sacks!§r
14:58:28 §e[SkyHanni] §b+1 SkyBlock XP §7(HOTM Progression§7)§b (12/100)§r
15:07:19 §6§lBESTIARY §r§b§lGolden Goblin §7§8V §8➡§b §bVI§r
15:07:20 §e[SkyHanni] §b+1 SkyBlock XP §7(HOTM Progression§7)§b (13/100)§r
15:15:24 §e[SkyHanni] §b+2 SkyBlock XP §7(Essence Shop§7)§b (15/100)§r
15:38:17 §e[SkyHanni] §b+1 SkyBlock XP §7(HOTM Progression§7)§b (17/100)§r
15:39:41 §e[SkyHanni] §eNext egg available in §b1m 8s§e.§r
15:48:06 §e[SkyHanni] §b+1 SkyBlock XP §7(HOTM Progression§7)§b (18/100)§r
15:57:37 §e[SkyHanni] §lCLICK HERE§r§e to grab §ax1 §9§9Enchanted Mithril§e from sacks!§r
15:57:37 §e[SkyHanni] §lCLICK HERE§r§e to grab §ax1 §9§9Enchanted Mithril§e from sacks!§r
15:57:37 §e[SkyHanni] §lCLICK HERE§r§e to grab §ax1 §9§9Enchanted Mithril§e from sacks!§r
15:57:37 §e[SkyHanni] §lCLICK HERE§r§e to grab §ax1 §9§9Enchanted Mithril§e from sacks!§r
15:57:37 §e[SkyHanni] §lCLICK HERE§r§e to grab §ax1 §9§9Enchanted Mithril§e from sacks!§r
15:57:38 §e[SkyHanni] §lCLICK HERE§r§e to grab §ax1 §9§9Enchanted Mithril§e from sacks!§r
15:57:38 §e[SkyHanni] §lCLICK HERE§r§e to grab §ax1 §9§9Enchanted Mithril§e from sacks!§r
15:57:38 §e[SkyHanni] §lCLICK HERE§r§e to grab §ax1 §9§9Enchanted Mithril§e from sacks!§r
15:57:38 §e[SkyHanni] §lCLICK HERE§r§e to grab §ax1 §9§9Enchanted Mithril§e from sacks!§r
15:57:38 §e[SkyHanni] §lCLICK HERE§r§e to grab §ax1 §9§9Enchanted Mithril§e from sacks!§r
15:57:38 §e[SkyHanni] §lCLICK HERE§r§e to grab §ax1 §9§9Enchanted Mithril§e from sacks!§r
15:57:39 §e[SkyHanni] §lCLICK HERE§r§e to grab §ax1 §9§9Enchanted Mithril§e from sacks!§r
15:57:39 §e[SkyHanni] §lCLICK HERE§r§e to grab §ax1 §9§9Enchanted Mithril§e from sacks!§r
15:57:39 §e[SkyHanni] §lCLICK HERE§r§e to grab §ax1 §9§9Enchanted Mithril§e from sacks!§r
15:57:39 §e[SkyHanni] §lCLICK HERE§r§e to grab §ax1 §9§9Enchanted Mithril§e from sacks!§r
15:57:39 §e[SkyHanni] §lCLICK HERE§r§e to grab §ax1 §9§9Enchanted Mithril§e from sacks!§r
15:57:40 §e[SkyHanni] §lCLICK HERE§r§e to grab §ax1 §9§9Enchanted Mithril§e from sacks!§r
15:57:41 §e[SkyHanni] §lCLICK HERE§r§e to grab §ax1 §9§9Enchanted Mithril§e from sacks!§r
15:57:41 §e[SkyHanni] §lCLICK HERE§r§e to grab §ax1 §9§9Enchanted Mithril§e from sacks!§r
15:57:41 §e[SkyHanni] §lCLICK HERE§r§e to grab §ax1 §9§9Enchanted Mithril§e from sacks!§r
15:57:41 §e[SkyHanni] §lCLICK HERE§r§e to grab §ax1 §9§9Enchanted Mithril§e from sacks!§r
15:57:41 §e[SkyHanni] §lCLICK HERE§r§e to grab §ax1 §9§9Enchanted Mithril§e from sacks!§r
15:57:41 §e[SkyHanni] §lCLICK HERE§r§e to grab §ax1 §9§9Enchanted Mithril§e from sacks!§r
15:57:42 §e[SkyHanni] §lCLICK HERE§r§e to grab §ax1 §9§9Enchanted Mithril§e from sacks!§r
15:57:42 §e[SkyHanni] §lCLICK HERE§r§e to grab §ax1 §9§9Enchanted Mithril§e from sacks!§r
15:57:42 §e[SkyHanni] §lCLICK HERE§r§e to grab §ax1 §9§9Enchanted Mithril§e from sacks!§r
15:57:42 §e[SkyHanni] §lCLICK HERE§r§e to grab §ax1 §9§9Enchanted Mithril§e from sacks!§r
15:57:42 §e[SkyHanni] §lCLICK HERE§r§e to grab §ax1 §9§9Enchanted Mithril§e from sacks!§r
15:57:42 §e[SkyHanni] §lCLICK HERE§r§e to grab §ax1 §9§9Enchanted Mithril§e from sacks!§r
15:57:43 §e[SkyHanni] §lCLICK HERE§r§e to grab §ax1 §9§9Enchanted Mithril§e from sacks!§r
15:57:43 §e[SkyHanni] §lCLICK HERE§r§e to grab §ax1 §9§9Enchanted Mithril§e from sacks!§r
15:57:43 §e[SkyHanni] §lCLICK HERE§r§e to grab §ax1 §9§9Enchanted Mithril§e from sacks!§r
15:57:43 §e[SkyHanni] §lCLICK HERE§r§e to grab §ax1 §9§9Enchanted Mithril§e from sacks!§r
15:57:43 §e[SkyHanni] §lCLICK HERE§r§e to grab §ax1 §9§9Enchanted Mithril§e from sacks!§r
15:57:43 §e[SkyHanni] §lCLICK HERE§r§e to grab §ax1 §9§9Enchanted Mithril§e from sacks!§r
15:57:44 §e[SkyHanni] §lCLICK HERE§r§e to grab §ax1 §9§9Enchanted Mithril§e from sacks!§r
15:57:44 §e[SkyHanni] §lCLICK HERE§r§e to grab §ax1 §9§9Enchanted Mithril§e from sacks!§r
15:57:44 §e[SkyHanni] §lCLICK HERE§r§e to grab §ax1 §9§9Enchanted Mithril§e from sacks!§r
15:57:44 §e[SkyHanni] §lCLICK HERE§r§e to grab §ax1 §9§9Enchanted Mithril§e from sacks!§r
15:57:44 §e[SkyHanni] §lCLICK HERE§r§e to grab §ax1 §9§9Enchanted Mithril§e from sacks!§r
15:57:45 §e[SkyHanni] §lCLICK HERE§r§e to grab §ax1 §9§9Enchanted Mithril§e from sacks!§r
15:57:45 §e[SkyHanni] §lCLICK HERE§r§e to grab §ax1 §9§9Enchanted Mithril§e from sacks!§r
15:57:45 §e[SkyHanni] §lCLICK HERE§r§e to grab §ax1 §9§9Enchanted Mithril§e from sacks!§r
15:57:45 §e[SkyHanni] §lCLICK HERE§r§e to grab §ax1 §9§9Enchanted Mithril§e from sacks!§r
15:57:46 §e[SkyHanni] §lCLICK HERE§r§e to grab §ax1 §9§9Enchanted Mithril§e from sacks!§r
15:57:46 §e[SkyHanni] §lCLICK HERE§r§e to grab §ax1 §9§9Enchanted Mithril§e from sacks!§r
15:57:46 §e[SkyHanni] §lCLICK HERE§r§e to grab §ax1 §9§9Enchanted Mithril§e from sacks!§r
15:57:46 §e[SkyHanni] §lCLICK HERE§r§e to grab §ax1 §9§9Enchanted Mithril§e from sacks!§r
15:57:46 §e[SkyHanni] §lCLICK HERE§r§e to grab §ax1 §9§9Enchanted Mithril§e from sacks!§r
15:57:46 §e[SkyHanni] §lCLICK HERE§r§e to grab §ax1 §9§9Enchanted Mithril§e from sacks!§r
15:57:47 §e[SkyHanni] §lCLICK HERE§r§e to grab §ax1 §9§9Enchanted Mithril§e from sacks!§r
15:57:47 §e[SkyHanni] §lCLICK HERE§r§e to grab §ax1 §9§9Enchanted Mithril§e from sacks!§r
15:57:47 §e[SkyHanni] §lCLICK HERE§r§e to grab §ax1 §9§9Enchanted Mithril§e from sacks!§r
15:57:47 §e[SkyHanni] §lCLICK HERE§r§e to grab §ax1 §9§9Enchanted Mithril§e from sacks!§r
15:57:47 §e[SkyHanni] §lCLICK HERE§r§e to grab §ax1 §9§9Enchanted Mithril§e from sacks!§r
15:57:48 §e[SkyHanni] §lCLICK HERE§r§e to grab §ax1 §9§9Enchanted Mithril§e from sacks!§r
15:57:48 §e[SkyHanni] §lCLICK HERE§r§e to grab §ax1 §9§9Enchanted Mithril§e from sacks!§r
15:57:48 §e[SkyHanni] §lCLICK HERE§r§e to grab §ax1 §9§9Enchanted Mithril§e from sacks!§r
15:57:48 §e[SkyHanni] §lCLICK HERE§r§e to grab §ax1 §9§9Enchanted Mithril§e from sacks!§r
15:57:48 §e[SkyHanni] §lCLICK HERE§r§e to grab §ax1 §9§9Enchanted Mithril§e from sacks!§r
15:57:49 §e[SkyHanni] §lCLICK HERE§r§e to grab §ax1 §9§9Enchanted Mithril§e from sacks!§r
15:57:49 §e[SkyHanni] §lCLICK HERE§r§e to grab §ax1 §9§9Enchanted Mithril§e from sacks!§r
15:57:49 §e[SkyHanni] §lCLICK HERE§r§e to grab §ax1 §9§9Enchanted Mithril§e from sacks!§r
15:57:49 §e[SkyHanni] §lCLICK HERE§r§e to grab §ax1 §9§9Enchanted Mithril§e from sacks!§r
15:57:49 §e[SkyHanni] §lCLICK HERE§r§e to grab §ax1 §9§9Enchanted Mithril§e from sacks!§r
15:57:50 §e[SkyHanni] §lCLICK HERE§r§e to grab §ax1 §9§9Enchanted Mithril§e from sacks!§r
15:57:50 §e[SkyHanni] §lCLICK HERE§r§e to grab §ax1 §9§9Enchanted Mithril§e from sacks!§r
15:57:50 §e[SkyHanni] §lCLICK HERE§r§e to grab §ax1 §9§9Enchanted Mithril§e from sacks!§r
15:57:50 §e[SkyHanni] §lCLICK HERE§r§e to grab §ax1 §9§9Enchanted Mithril§e from sacks!§r
15:57:50 §e[SkyHanni] §lCLICK HERE§r§e to grab §ax1 §9§9Enchanted Mithril§e from sacks!§r
15:57:51 §e[SkyHanni] §lCLICK HERE§r§e to grab §ax1 §9§9Enchanted Mithril§e from sacks!§r
15:57:51 §e[SkyHanni] §lCLICK HERE§r§e to grab §ax1 §9§9Enchanted Mithril§e from sacks!§r
15:57:51 §e[SkyHanni] §lCLICK HERE§r§e to grab §ax1 §9§9Enchanted Mithril§e from sacks!§r
15:57:51 §e[SkyHanni] §lCLICK HERE§r§e to grab §ax1 §9§9Enchanted Mithril§e from sacks!§r
15:57:51 §e[SkyHanni] §lCLICK HERE§r§e to grab §ax1 §9§9Enchanted Mithril§e from sacks!§r
15:57:52 §e[SkyHanni] §lCLICK HERE§r§e to grab §ax1 §9§9Enchanted Mithril§e from sacks!§r
15:57:52 §e[SkyHanni] §lCLICK HERE§r§e to grab §ax1 §9§9Enchanted Mithril§e from sacks!§r
15:57:52 §e[SkyHanni] §lCLICK HERE§r§e to grab §ax1 §9§9Enchanted Mithril§e from sacks!§r
15:57:52 §e[SkyHanni] §lCLICK HERE§r§e to grab §ax1 §9§9Enchanted Mithril§e from sacks!§r
15:57:52 §e[SkyHanni] §lCLICK HERE§r§e to grab §ax1 §9§9Enchanted Mithril§e from sacks!§r
15:57:53 §e[SkyHanni] §lCLICK HERE§r§e to grab §ax1 §9§9Enchanted Mithril§e from sacks!§r
15:57:53 §e[SkyHanni] §lCLICK HERE§r§e to grab §ax1 §9§9Enchanted Mithril§e from sacks!§r
15:57:53 §e[SkyHanni] §lCLICK HERE§r§e to grab §ax1 §9§9Enchanted Mithril§e from sacks!§r
15:57:53 §e[SkyHanni] §lCLICK HERE§r§e to grab §ax1 §9§9Enchanted Mithril§e from sacks!§r
15:57:54 §e[SkyHanni] §lCLICK HERE§r§e to grab §ax1 §9§9Enchanted Mithril§e from sacks!§r
15:57:54 §e[SkyHanni] §lCLICK HERE§r§e to grab §ax1 §9§9Enchanted Mithril§e from sacks!§r
15:57:54 §e[SkyHanni] §lCLICK HERE§r§e to grab §ax1 §9§9Enchanted Mithril§e from sacks!§r
15:57:54 §e[SkyHanni] §lCLICK HERE§r§e to grab §ax1 §9§9Enchanted Mithril§e from sacks!§r
15:57:54 §e[SkyHanni] §lCLICK HERE§r§e to grab §ax1 §9§9Enchanted Mithril§e from sacks!§r
15:57:54 §e[SkyHanni] §lCLICK HERE§r§e to grab §ax1 §9§9Enchanted Mithril§e from sacks!§r
15:57:55 §e[SkyHanni] §lCLICK HERE§r§e to grab §ax1 §9§9Enchanted Mithril§e from sacks!§r
15:57:55 §e[SkyHanni] §lCLICK HERE§r§e to grab §ax1 §9§9Enchanted Mithril§e from sacks!§r
15:57:55 §e[SkyHanni] §lCLICK HERE§r§e to grab §ax1 §9§9Enchanted Mithril§e from sacks!§r
15:57:55 §e[SkyHanni] §lCLICK HERE§r§e to grab §ax1 §9§9Enchanted Mithril§e from sacks!§r
15:57:55 §e[SkyHanni] §lCLICK HERE§r§e to grab §ax1 §9§9Enchanted Mithril§e from sacks!§r
15:57:56 §e[SkyHanni] §lCLICK HERE§r§e to grab §ax1 §9§9Enchanted Mithril§e from sacks!§r
15:57:56 §e[SkyHanni] §lCLICK HERE§r§e to grab §ax1 §9§9Enchanted Mithril§e from sacks!§r
15:57:56 §e[SkyHanni] §lCLICK HERE§r§e to grab §ax1 §9§9Enchanted Mithril§e from sacks!§r
15:57:56 §e[SkyHanni] §lCLICK HERE§r§e to grab §ax1 §9§9Enchanted Mithril§e from sacks!§r
15:57:56 §e[SkyHanni] §lCLICK HERE§r§e to grab §ax1 §9§9Enchanted Mithril§e from sacks!§r
15:57:57 §e[SkyHanni] §lCLICK HERE§r§e to grab §ax1 §9§9Enchanted Mithril§e from sacks!§r
15:57:57 §e[SkyHanni] §lCLICK HERE§r§e to grab §ax1 §9§9Enchanted Mithril§e from sacks!§r
15:57:57 §e[SkyHanni] §lCLICK HERE§r§e to grab §ax1 §9§9Enchanted Mithril§e from sacks!§r
15:57:57 §e[SkyHanni] §lCLICK HERE§r§e to grab §ax1 §9§9Enchanted Mithril§e from sacks!§r
15:57:57 §e[SkyHanni] §lCLICK HERE§r§e to grab §ax1 §9§9Enchanted Mithril§e from sacks!§r
15:57:58 §e[SkyHanni] §lCLICK HERE§r§e to grab §ax1 §9§9Enchanted Mithril§e from sacks!§r
15:57:58 §e[SkyHanni] §lCLICK HERE§r§e to grab §ax1 §9§9Enchanted Mithril§e from sacks!§r
15:57:58 §e[SkyHanni] §lCLICK HERE§r§e to grab §ax1 §9§9Enchanted Mithril§e from sacks!§r
15:57:58 §e[SkyHanni] §lCLICK HERE§r§e to grab §ax1 §9§9Enchanted Mithril§e from sacks!§r
15:57:58 §e[SkyHanni] §lCLICK HERE§r§e to grab §ax1 §9§9Enchanted Mithril§e from sacks!§r
15:57:58 §e[SkyHanni] §lCLICK HERE§r§e to grab §ax1 §9§9Enchanted Mithril§e from sacks!§r
15:57:59 §e[SkyHanni] §lCLICK HERE§r§e to grab §ax1 §9§9Enchanted Mithril§e from sacks!§r
15:57:59 §e[SkyHanni] §lCLICK HERE§r§e to grab §ax1 §9§9Enchanted Mithril§e from sacks!§r
15:57:59 §e[SkyHanni] §lCLICK HERE§r§e to grab §ax1 §9§9Enchanted Mithril§e from sacks!§r
15:57:59 §e[SkyHanni] §lCLICK HERE§r§e to grab §ax1 §9§9Enchanted Mithril§e from sacks!§r
15:57:59 §e[SkyHanni] §lCLICK HERE§r§e to grab §ax1 §9§9Enchanted Mithril§e from sacks!§r
15:58:00 §e[SkyHanni] §lCLICK HERE§r§e to grab §ax1 §9§9Enchanted Mithril§e from sacks!§r
15:58:00 §e[SkyHanni] §lCLICK HERE§r§e to grab §ax1 §9§9Enchanted Mithril§e from sacks!§r
15:58:00 §e[SkyHanni] §lCLICK HERE§r§e to grab §ax1 §9§9Enchanted Mithril§e from sacks!§r
15:58:00 §e[SkyHanni] §lCLICK HERE§r§e to grab §ax1 §9§9Enchanted Mithril§e from sacks!§r
15:58:00 §e[SkyHanni] §lCLICK HERE§r§e to grab §ax1 §9§9Enchanted Mithril§e from sacks!§r
15:58:01 §e[SkyHanni] §lCLICK HERE§r§e to grab §ax1 §9§9Enchanted Mithril§e from sacks!§r
15:58:01 §e[SkyHanni] §lCLICK HERE§r§e to grab §ax1 §9§9Enchanted Mithril§e from sacks!§r
15:58:01 §e[SkyHanni] §lCLICK HERE§r§e to grab §ax1 §9§9Enchanted Mithril§e from sacks!§r
15:58:01 §e[SkyHanni] §lCLICK HERE§r§e to grab §ax1 §9§9Enchanted Mithril§e from sacks!§r
15:58:02 §e[SkyHanni] §lCLICK HERE§r§e to grab §ax1 §9§9Enchanted Mithril§e from sacks!§r
15:58:02 §e[SkyHanni] §lCLICK HERE§r§e to grab §ax1 §9§9Enchanted Mithril§e from sacks!§r
15:58:02 §e[SkyHanni] §lCLICK HERE§r§e to grab §ax1 §9§9Enchanted Mithril§e from sacks!§r
15:58:02 §e[SkyHanni] §lCLICK HERE§r§e to grab §ax1 §9§9Enchanted Mithril§e from sacks!§r
15:58:02 §e[SkyHanni] §lCLICK HERE§r§e to grab §ax1 §9§9Enchanted Mithril§e from sacks!§r
15:58:02 §e[SkyHanni] §lCLICK HERE§r§e to grab §ax1 §9§9Enchanted Mithril§e from sacks!§r
15:58:03 §e[SkyHanni] §lCLICK HERE§r§e to grab §ax1 §9§9Enchanted Mithril§e from sacks!§r
15:58:03 §e[SkyHanni] §lCLICK HERE§r§e to grab §ax1 §9§9Enchanted Mithril§e from sacks!§r
15:58:03 §e[SkyHanni] §lCLICK HERE§r§e to grab §ax1 §9§9Enchanted Mithril§e from sacks!§r
15:58:03 §e[SkyHanni] §lCLICK HERE§r§e to grab §ax1 §9§9Enchanted Mithril§e from sacks!§r
15:58:03 §e[SkyHanni] §lCLICK HERE§r§e to grab §ax1 §9§9Enchanted Mithril§e from sacks!§r
15:58:04 §e[SkyHanni] §lCLICK HERE§r§e to grab §ax1 §9§9Enchanted Mithril§e from sacks!§r
16:18:19 §e[SkyHanni] §b+1 SkyBlock XP §7(HOTM Progression§7)§b (20/100)§r
16:29:10 §e[SkyHanni] §eNext egg available in §b3m 19s§e.§r
16:32:36 §6§lBESTIARY §r§b§lGolden Goblin §7§8VI §8➡§b §bVII§r
16:32:36 §e[SkyHanni] §b+1 SkyBlock XP §7(HOTM Progression§7)§b (22/100)§r
