12:56:48 Trying to load config from config\skyhanni\config.json
12:56:48 load-config-now
12:56:49 Loaded config from file
12:56:49 Trying to load sacks from config\skyhanni\sacks.json
12:56:49 load-sacks-now
12:56:49 Loaded sacks from file
12:56:49 Trying to load friends from config\skyhanni\friends.json
12:56:49 load-friends-now
12:56:49 Loaded friends from file
12:56:49 Trying to load known_features from config\skyhanni\known_features.json
12:56:49 load-known_features-now
12:56:49 Loaded known_features from file
12:56:49 Trying to load jacob_contests from config\skyhanni\jacob_contests.json
12:56:49 load-jacob_contests-now
12:56:49 Loaded jacob_contests from file
12:56:49 Trying to load visual_words from config\skyhanni\visual_words.json
12:56:49 Setting visual_words to be blank as it did not exist. It will be saved once something is written to it
12:57:49 saveConfig: auto-save-60s
12:57:49 Saving config file
12:58:49 saveConfig: auto-save-60s
12:58:49 Saving config file
12:59:11 saveConfig: Updated known feature flags
12:59:11 Saving known_features file
12:59:49 saveConfig: auto-save-60s
12:59:49 Saving config file
13:00:49 saveConfig: auto-save-60s
13:00:49 Saving config file
13:01:49 saveConfig: auto-save-60s
13:01:49 Saving config file
13:02:49 saveConfig: auto-save-60s
13:02:49 Saving config file
13:03:49 saveConfig: auto-save-60s
13:03:49 Saving config file
13:04:49 saveConfig: auto-save-60s
13:04:49 Saving config file
13:05:49 saveConfig: auto-save-60s
13:05:49 Saving config file
13:06:49 saveConfig: auto-save-60s
13:06:49 Saving config file
13:07:49 saveConfig: auto-save-60s
13:07:49 Saving config file
13:08:49 saveConfig: auto-save-60s
13:08:49 Saving config file
13:09:49 saveConfig: auto-save-60s
13:09:49 Saving config file
13:10:49 saveConfig: auto-save-60s
13:10:49 Saving config file
13:11:49 saveConfig: auto-save-60s
13:11:49 Saving config file
13:12:49 saveConfig: auto-save-60s
13:12:49 Saving config file
13:13:49 saveConfig: auto-save-60s
13:13:49 Saving config file
13:14:49 saveConfig: auto-save-60s
13:14:49 Saving config file
13:15:30 saveConfig: saving-data
13:15:30 Saving sacks file
13:15:49 saveConfig: auto-save-60s
13:15:49 Saving config file
13:16:49 saveConfig: auto-save-60s
13:16:49 Saving config file
13:17:49 saveConfig: auto-save-60s
13:17:49 Saving config file
13:18:49 saveConfig: auto-save-60s
13:18:49 Saving config file
13:19:49 saveConfig: auto-save-60s
13:19:49 Saving config file
13:20:49 saveConfig: auto-save-60s
13:20:49 Saving config file
13:21:49 saveConfig: auto-save-60s
13:21:49 Saving config file
13:22:49 saveConfig: auto-save-60s
13:22:49 Saving config file
13:23:49 saveConfig: auto-save-60s
13:23:49 Saving config file
13:24:49 saveConfig: auto-save-60s
13:24:49 Saving config file
13:25:49 saveConfig: auto-save-60s
13:25:49 Saving config file
13:26:49 saveConfig: auto-save-60s
13:26:49 Saving config file
13:27:49 saveConfig: auto-save-60s
13:27:49 Saving config file
13:28:49 saveConfig: auto-save-60s
13:28:49 Saving config file
13:29:49 saveConfig: auto-save-60s
13:29:49 Saving config file
13:30:49 saveConfig: auto-save-60s
13:30:49 Saving config file
13:31:49 saveConfig: auto-save-60s
13:31:49 Saving config file
13:32:49 saveConfig: auto-save-60s
13:32:49 Saving config file
13:33:49 saveConfig: auto-save-60s
13:33:49 Saving config file
13:34:49 saveConfig: auto-save-60s
13:34:49 Saving config file
13:35:49 saveConfig: auto-save-60s
13:35:49 Saving config file
13:36:49 saveConfig: auto-save-60s
13:36:49 Saving config file
13:37:49 saveConfig: auto-save-60s
13:37:49 Saving config file
13:38:49 saveConfig: auto-save-60s
13:38:49 Saving config file
13:39:49 saveConfig: auto-save-60s
13:39:49 Saving config file
13:40:49 saveConfig: auto-save-60s
13:40:49 Saving config file
13:41:49 saveConfig: auto-save-60s
13:41:49 Saving config file
13:42:49 saveConfig: auto-save-60s
13:42:49 Saving config file
13:43:49 saveConfig: auto-save-60s
13:43:49 Saving config file
13:44:49 saveConfig: auto-save-60s
13:44:49 Saving config file
13:45:49 saveConfig: auto-save-60s
13:45:49 Saving config file
13:46:49 saveConfig: auto-save-60s
13:46:49 Saving config file
13:47:49 saveConfig: auto-save-60s
13:47:49 Saving config file
13:48:49 saveConfig: auto-save-60s
13:48:49 Saving config file
13:49:49 saveConfig: auto-save-60s
13:49:49 Saving config file
13:50:49 saveConfig: auto-save-60s
13:50:49 Saving config file
13:51:49 saveConfig: auto-save-60s
13:51:49 Saving config file
13:52:49 saveConfig: auto-save-60s
13:52:49 Saving config file
13:53:49 saveConfig: auto-save-60s
13:53:49 Saving config file
13:54:49 saveConfig: auto-save-60s
13:54:49 Saving config file
13:55:49 saveConfig: auto-save-60s
13:55:49 Saving config file
13:56:49 saveConfig: auto-save-60s
13:56:49 Saving config file
13:57:49 saveConfig: auto-save-60s
13:57:49 Saving config file
13:58:49 saveConfig: auto-save-60s
13:58:49 Saving config file
13:59:49 saveConfig: auto-save-60s
13:59:49 Saving config file
14:00:49 saveConfig: auto-save-60s
14:00:49 Saving config file
14:01:49 saveConfig: auto-save-60s
14:01:49 Saving config file
14:02:49 saveConfig: auto-save-60s
14:02:49 Saving config file
14:03:49 saveConfig: auto-save-60s
14:03:49 Saving config file
14:04:49 saveConfig: auto-save-60s
14:04:49 Saving config file
14:05:49 saveConfig: auto-save-60s
14:05:49 Saving config file
14:06:49 saveConfig: auto-save-60s
14:06:49 Saving config file
14:07:49 saveConfig: auto-save-60s
14:07:49 Saving config file
14:08:49 saveConfig: auto-save-60s
14:08:49 Saving config file
14:09:49 saveConfig: auto-save-60s
14:09:49 Saving config file
14:10:49 saveConfig: auto-save-60s
14:10:49 Saving config file
14:11:43 saveConfig: shutdown-hook
14:11:43 Saving config file
