12:35:03 §f                                  §6§lBESTIARY
12:35:03 §f                             §b§lGoblin §7§8VII §8➡§b §bVIII
12:35:03 
12:35:03 §f                                  §r§6§lREWARDS
12:35:03 §f                          §r§8+§r§a3 Goblin §r§b✯ Magic Find
12:35:03 §f                           §r§8+§r§a3 Goblin §r§c❁ Strength
12:35:03 §f                              §r§8+§r§62% §r§aGoblin §r§7coins
12:35:03 §f                    §r§8+§r§a50% §r§7chance for extra XP orbs
12:35:03 §f                               §r§8+§r§b1 SkyBlock XP
12:35:03 
12:35:03 §3§l▬▬▬▬▬▬▬▬▬▬▬▬▬▬▬▬▬▬▬▬▬▬▬▬▬▬▬▬▬▬▬▬▬▬▬▬▬▬▬▬▬▬▬▬▬▬▬▬▬▬▬▬▬▬▬▬▬▬▬▬▬▬▬▬
12:37:45 §f                                  §6§lBESTIARY
12:37:45 §f                              §b§lGoblin §7§8VIII §8➡§b §bIX
12:37:45 
12:37:45 §f                                  §r§6§lREWARDS
12:37:45 §f                          §r§8+§r§a3 Goblin §r§b✯ Magic Find
12:37:45 §f                           §r§8+§r§a3 Goblin §r§c❁ Strength
12:37:45 §f                              §r§8+§r§62% §r§aGoblin §r§7coins
12:37:45 §f                    §r§8+§r§a50% §r§7chance for extra XP orbs
12:37:45 §f                               §r§8+§r§b1 SkyBlock XP
12:37:45 
12:37:45 §3§l▬▬▬▬▬▬▬▬▬▬▬▬▬▬▬▬▬▬▬▬▬▬▬▬▬▬▬▬▬▬▬▬▬▬▬▬▬▬▬▬▬▬▬▬▬▬▬▬▬▬▬▬▬▬▬▬▬▬▬▬▬▬▬▬
