12:31:26 §f §r§r§r§f §r§r§r§1 §r§r§r§0 §r§r§r§2 §r§r§r§f §r§r§r§f §r§r§r§2 §r§r§r§0 §r§r§r§4 §r§r§r§3 §r§r§r§9 §r§r§r§2 §r§r§r§0 §r§r§r§0 §r§r§r§3 §r§r§r§9 §r§r§r§2 §r§r§r§0 §r§r§r§0 §r§r§r§3 §r§r§r§9 §r§r§r§2 §r§r§r§0 §r§r§r§0 
12:31:52 §8 §r§8 §r§1 §r§3 §r§3 §r§7 §r§8 
12:31:54 
12:31:54 
12:32:11 §8 §r§8 §r§1 §r§3 §r§3 §r§7 §r§8 
12:33:10 §8 §r§8 §r§1 §r§3 §r§3 §r§7 §r§8 
12:34:09 
12:34:09 
12:35:03  
12:37:45  
12:39:01 
12:40:50 §f                                        
12:40:50 §f                                        
12:41:41 §8 §r§8 §r§1 §r§3 §r§3 §r§7 §r§8 
12:42:15 
12:42:17  
12:42:17  
12:42:17  
12:42:45  
12:42:45   
12:43:43 §8 §r§8 §r§1 §r§3 §r§3 §r§7 §r§8 
12:44:11 §8 §r§8 §r§1 §r§3 §r§3 §r§7 §r§8 
12:46:45 §8 §r§8 §r§1 §r§3 §r§3 §r§7 §r§8 
12:47:42 
12:48:13 
12:48:37  
12:48:37   
12:48:46 
12:48:52 §8 §r§8 §r§1 §r§3 §r§3 §r§7 §r§8 
12:48:55  
12:48:55   
12:48:56  
12:48:56   
12:49:43 
12:49:43 
12:49:56  
12:49:56   
12:52:49 §8 §r§8 §r§1 §r§3 §r§3 §r§7 §r§8 
12:52:52 §8 §r§8 §r§1 §r§3 §r§3 §r§7 §r§8 
12:53:15 §8 §r§8 §r§1 §r§3 §r§3 §r§7 §r§8 
