22:38:46 `tv5d32mjsg`97 missed {
 is already Found: false).
 Position: LorenzVec{x=-131.5, y=101.0, z=-753.5}
 DistanceC: 4.6175463312515035
Relative Position: LorenzVec{x=-4.6175463312515035, y=9.0, z=0.7941837401098155}
 }
22:38:46 `3210q451ib`98 missed {
 is already Found: false).
 Position: LorenzVec{x=-131.5, y=101.0, z=-755.5}
 DistanceC: 4.6175463312515035
Relative Position: LorenzVec{x=-4.6175463312515035, y=9.0, z=-1.2058162598901845}
 }
22:38:47 `e8olu97kfh`121 missed {
 is already Found: false).
 Position: LorenzVec{x=-117.5, y=105.0, z=-754.5}
 DistanceC: 9.382453668748497
Relative Position: LorenzVec{x=9.382453668748497, y=13.0, z=-0.20581625989018448}
 }
22:39:02 `z8wn392x0v`212 missed {
 is already Found: false).
 Position: LorenzVec{x=-22.5, y=151.0, z=-49.5}
 DistanceC: 23.0
Relative Position: LorenzVec{x=-23.0, y=2.0, z=19.0}
 }
22:39:02 `2ch4mk97x9`213 missed {
 is already Found: false).
 Position: LorenzVec{x=-22.5, y=151.0, z=-79.5}
 DistanceC: 23.0
Relative Position: LorenzVec{x=-23.0, y=2.0, z=-11.0}
 }
22:39:02 `1dcc7arf2d`215 missed {
 is already Found: false).
 Position: LorenzVec{x=23.5, y=151.0, z=-87.5}
 DistanceC: 23.0
Relative Position: LorenzVec{x=23.0, y=2.0, z=-19.0}
 }
22:39:02 `ch5ths5l02`216 missed {
 is already Found: false).
 Position: LorenzVec{x=23.5, y=151.0, z=-57.5}
 DistanceC: 23.0
Relative Position: LorenzVec{x=23.0, y=2.0, z=11.0}
 }
