16:25:30 New visitor detected: '§9Rusty'
16:25:30 New visitor detected: '§aAlchemist'
16:25:30 New visitor detected: '§aJack'
16:25:30 New visitor detected: '§9Lumina'
16:25:30 New visitor detected: '§aLynn'
16:35:11 New visitor detected: '§aJamie'
16:39:15 New visitor detected: '§aEmissary Carlton'
17:11:16 New visitor detected: '§aShaggy'
17:19:12 New visitor detected: '§aBanker Broadjaw'
17:23:23 New visitor detected: '§aXalx'
17:27:51 New visitor detected: '§9Emissary Sisko'
17:32:02 New visitor detected: '§9Lazy Miner'
17:36:02 New visitor detected: '§aOdawa'
17:44:16 New visitor detected: '§aTarwen'
17:56:23 New visitor detected: '§aGeonathan Greatforge'
18:01:11 New visitor detected: '§6Sirius'
18:12:03 New visitor detected: '§9Tia the Fairy'
18:21:44 New visitor detected: '§9Shifty'
18:25:45 New visitor detected: '§aAdventurer'
18:29:51 New visitor detected: '§aDuke'
18:41:34 New visitor detected: '§aEmissary Fraiser'
18:51:09 New visitor detected: '§aAlchemist'
18:59:20 New visitor detected: '§aEmissary Carlton'
