18:05:12  
18:05:12 [original] §r    §r§dGold Essence §r§8x5§r
18:05:12 [modified] §a+ §b5§r §r§dGold Essence§r
18:05:53  
18:05:53 [original] §r    §r§9Control Switch§r
18:05:53 [modified] §a+§r §r§9Control Switch§r
18:06:29  
18:06:29 [original] §r    §r§9FTX 3070§r
18:06:29 [modified] §a+§r §r§9FTX 3070§r
18:08:28  
18:08:28 [original] §r    §r§9Robotron Reflector§r
18:08:28 [modified] §a+§r §r§9Robotron Reflector§r
18:09:32  
18:09:32 [original] §r    §r§dDiamond Essence §r§8x6§r
18:09:32 [modified] §a+ §b6§r §r§dDiamond Essence§r
18:09:35  
18:09:35 [original] §r    §r§dDiamond Essence §r§8x5§r
18:09:35 [modified] §a+ §b5§r §r§dDiamond Essence§r
18:10:02  
18:10:02 [original] §r    §r§fPrehistoric Egg§r
18:10:02 [modified] §a+§r §r§fPrehistoric Egg§r
18:10:24  
18:10:24 [original] §r    §r§9Synthetic Heart§r
18:10:24 [modified] §a+§r §r§9Synthetic Heart§r
18:10:36  
18:10:36 [original] §r    §r§dDiamond Essence §r§8x5§r
18:10:36 [modified] §a+ §b5§r §r§dDiamond Essence§r
18:11:01  
18:11:01 [original] §r    §r§dGold Essence §r§8x5§r
18:11:01 [modified] §a+ §b5§r §r§dGold Essence§r
18:13:07  
18:13:07 [original] §r§b[MVP§r§d+§r§b] Tusiekkkk§r§f §r§ehas obtained §r§a§r§7[Lvl 1] §r§5Bal§r§e!§r
18:13:07 [modified] §b[MVP§r§d+§r§b] Tusiekkkk§r§f §r§ehas obtained §r§a§r§7[Lvl 1] §5§lEPIC §5Bal§r§e!§r
18:13:44  
18:13:44 [original] §r    §r§9Control Switch§r
18:13:44 [modified] §a+§r §r§9Control Switch§r
18:14:10  
18:14:10 [original] §r    §r§fPrehistoric Egg§r
18:14:10 [modified] §a+§r §r§fPrehistoric Egg§r
18:14:40  
18:14:40 [original] §r    §r§9Control Switch§r
18:14:40 [modified] §a+§r §r§9Control Switch§r
18:16:12  
18:16:12 [original] §r    §r§dDiamond Essence §r§8x5§r
18:16:12 [modified] §a+ §b5§r §r§dDiamond Essence§r
18:16:44  
18:16:44 [original] §r    §r§dDiamond Essence §r§8x5§r
18:16:44 [modified] §a+ §b5§r §r§dDiamond Essence§r
18:16:46  
18:16:46 [original] §r    §r§9Robotron Reflector§r
18:16:46 [modified] §a+§r §r§9Robotron Reflector§r
18:18:11  
18:18:11 [original] §r    §r§dGold Essence §r§8x6§r
18:18:11 [modified] §a+ §b6§r §r§dGold Essence§r
18:18:48  
18:18:48 [original] §r    §r§9Synthetic Heart§r
18:18:48 [modified] §a+§r §r§9Synthetic Heart§r
18:19:42  
18:19:42 [original] §r    §r§fPrehistoric Egg§r
18:19:42 [modified] §a+§r §r§fPrehistoric Egg§r
18:19:49  
18:19:49 [original] §r§a[VIP] kezni§r§f §r§ehas obtained §r§a§r§7[Lvl 1] §r§5Bal§r§e!§r
18:19:49 [modified] §a[VIP] kezni§r§f §r§ehas obtained §r§a§r§7[Lvl 1] §5§lEPIC §5Bal§r§e!§r
18:20:06  
18:20:06 [original] §r    §r§9Superlite Motor§r
18:20:06 [modified] §a+§r §r§9Superlite Motor§r
18:21:00  
18:21:00 [original] §r    §r§9Synthetic Heart§r
18:21:00 [modified] §a+§r §r§9Synthetic Heart§r
