16:18:01 §7Sending to server mini96AM...
16:19:08 §7Finding player...
16:19:12 §7Warping...
16:19:12 §7Sending to server mini256S...
16:24:31 §7Warping...
16:24:31 §7Sending to server mini5AR...
16:25:00 §7Warping you to your SkyBlock island...
16:25:00 §7Sending to server mini1017W...
16:25:08 §7Warping...
16:25:08 §7Sending to server mini5AW...
16:25:12 §7Warping...
16:25:14 §7Warping you to your SkyBlock island...
16:25:14 §7Sending to server mini1017W...
16:25:17 §7Warping...
16:25:20 §7Warping...
16:25:20 §7Sending to server mini88BV...
16:25:31 §7Warping...
16:25:31 §7Sending to server mini145AF...
16:30:27 §7Warping...
16:31:35 §7Warping...
16:35:04 §7Sending to server mini142G...
16:42:15 §7Sending to server mini85BA...
16:47:18 §7Warping...
16:50:19 §7Warping you to your SkyBlock island...
16:50:19 §7Sending to server mini152AM...
16:55:17 §7Sending to server mini4DG...
16:56:45 §7Warping...
16:56:45 §7Sending to server mini196BR...
17:02:52 §7Sending to server mini22AW...
17:09:46 §7Sending to server mini196BR...
17:11:31 §7Warping...
17:11:31 §7Sending to server mini95N...
17:34:44 §7Warping...
17:34:44 §7Sending to server mini77DW...
17:35:10 §7Warping...
17:37:28 §7Warping you to your SkyBlock island...
17:37:28 §7Sending to server mini35DW...
17:37:41 §7Sending to server mini35DW...
17:37:50 §7Sending to server mini146BF...
17:37:54 §7Warping you to your SkyBlock island...
17:37:54 §7Sending to server mini30CF...
17:38:00 §7Finding player...
17:38:01 §7Sending a visit request...
17:38:01 §7Sending to server mini8AM...
17:38:05 §7Sending to server mini99A...
17:38:25 §7Warping...
17:38:26 §7Sending to server mini5S...
17:38:43 §7Finding player...
17:38:44 §7Sending a visit request...
17:38:44 §7Sending to server mini8AM...
17:38:48 §7Sending to server mini99A...
17:39:04 §7Warping you to your SkyBlock island...
17:39:04 §7Sending to server mini89BN...
17:42:32 §7Sending to server mini82CE...
17:46:05 §7Warping...
17:46:05 §7Sending to server mini95CA...
17:47:23 §7Warping...
17:47:23 §7Sending to server mini211T...
18:05:17 §7Warping...
19:54:43 §7Sending to server mini67AG...
20:03:33 §7Warping...
20:03:33 §7Sending to server mini28CH...
20:06:53 §7Warping you to your SkyBlock island...
20:06:54 §7Sending to server mini1022P...
20:06:57 §7Sending to server mini95DN...
20:08:33 §7Warping...
20:08:33 §7Sending to server mini65G...
20:11:57 §7Warping...
20:14:45 §7Warping...
20:18:09 §7Sending to server mini76AW...
20:25:12 §7Sending to server mini160BW...
20:26:07 §7Warping you to your SkyBlock island...
20:26:07 §7Sending to server mini141DN...
20:29:22 §7Warping...
20:29:22 §7Sending to server mini28CM...
20:34:02 §7Warping...
