17:04:26 [EMPTY] §f §r§r§r§f §r§r§r§1 §r§r§r§0 §r§r§r§2 §r§r§r§f §r§r§r§f §r§r§r§2 §r§r§r§0 §r§r§r§4 §r§r§r§3 §r§r§r§9 §r§r§r§2 §r§r§r§0 §r§r§r§0 §r§r§r§3 §r§r§r§9 §r§r§r§2 §r§r§r§0 §r§r§r§0 §r§r§r§3 §r§r§r§9 §r§r§r§2 §r§r§r§0 §r§r§r§0 
17:04:26 [LOBBY] §b[MVP§9+§b] Sebbebas§f §6joined the lobby!
17:04:30 [WARPING] §7Sending to server mini86CK...
17:04:31 [EMPTY] §8 §r§8 §r§1 §r§3 §r§3 §r§7 §r§8 
17:04:34 [EMPTY] 
17:04:34 [WELCOME] §eWelcome to §r§aHypixel SkyBlock§r§e!
17:04:34 [EMPTY] 
17:04:34 [PROFILE_JOIN] §aYou are playing on profile: §eBanana§b (Co-op)
17:04:34 [PROFILE_JOIN] §8Profile ID: b1a71305-1956-42bf-90e4-bce6f7285754
17:09:31 [GUILD_EXP] §aYou earned §r§2556 GEXP §r§a+ §r§e1,668 Event EXP §r§afrom playing SkyBlock!
17:10:12 [WARPING] §7Warping...
17:10:14 [WARPING] §7Sending to server mini63BQ...
17:10:15 [EMPTY] §8 §r§8 §r§1 §r§3 §r§3 §r§7 §r§8 
17:10:18 [PROFILE_JOIN] §aYou are playing on profile: §eBanana§b (Co-op)
17:10:18 [PROFILE_JOIN] §8Profile ID: b1a71305-1956-42bf-90e4-bce6f7285754
17:10:49 [WARPING] §7Warping you to your SkyBlock island...
17:10:50 [WARPING] §7Sending to server mini145AA...
17:10:51 [EMPTY] §8 §r§8 §r§1 §r§3 §r§3 §r§7 §r§8 
17:10:53 [PROFILE_JOIN] §aYou are playing on profile: §eBanana§b (Co-op)
17:10:53 [PROFILE_JOIN] §8Profile ID: b1a71305-1956-42bf-90e4-bce6f7285754
17:13:44 [REWARD_WRAPPER] §e§l▬▬▬▬▬▬▬▬▬▬▬▬▬▬▬▬▬▬▬▬▬▬▬▬▬▬▬▬▬▬▬▬▬▬▬▬▬▬▬▬▬▬▬▬▬▬▬▬▬▬▬▬▬▬▬▬▬▬▬▬▬▬▬▬
17:13:44 [EMPTY] 
17:13:44 [POWDER_REWARD_HEADER]   §r§a§lREWARDS
17:13:44 [REWARD_WRAPPER] §e§l▬▬▬▬▬▬▬▬▬▬▬▬▬▬▬▬▬▬▬▬▬▬▬▬▬▬▬▬▬▬▬▬▬▬▬▬▬▬▬▬▬▬▬▬▬▬▬▬▬▬▬▬▬▬▬▬▬▬▬▬▬▬▬▬
17:15:00 [SKYMALL] §bNew day! §r§eYour §r§2Sky Mall §r§ebuff changed!
17:15:00 [SKYMALL] §eNew buff§r§r§r: §r§fReduce Pickaxe Ability cooldown by §r§a20%§r§f.
17:15:00 [SKYMALL] §8§oYou can disable this messaging by toggling Sky Mall in your /hotm!
17:15:51 [GUILD_EXP] §aYou earned §r§2575 GEXP §r§a+ §r§e1,725 Event EXP §r§afrom playing SkyBlock!
17:20:51 [GUILD_EXP] §aYou earned §r§2750 GEXP §r§a+ §r§e2,250 Event EXP §r§afrom playing SkyBlock!
17:24:29 [WARPING] §7Warping...
17:25:52 [GUILD_EXP] §aYou earned §r§2750 GEXP §r§a+ §r§e2,250 Event EXP §r§afrom playing SkyBlock!
17:27:54 [WARPING] §7Sending to server mini193E...
17:27:55 [EMPTY] §8 §r§8 §r§1 §r§3 §r§3 §r§7 §r§8 
17:27:58 [PROFILE_JOIN] §aYou are playing on profile: §eBanana§b (Co-op)
17:27:58 [PROFILE_JOIN] §8Profile ID: b1a71305-1956-42bf-90e4-bce6f7285754
17:28:09 [WARPING] §7Sending to server mini237E...
17:28:10 [EMPTY] §8 §r§8 §r§1 §r§3 §r§3 §r§7 §r§8 
17:28:13 [PROFILE_JOIN] §aYou are playing on profile: §eBanana§b (Co-op)
17:28:13 [PROFILE_JOIN] §8Profile ID: b1a71305-1956-42bf-90e4-bce6f7285754
17:29:35 [WARPING] §7Warping...
17:29:36 [WARPING] §7Sending to server mini36DB...
17:29:37 [EMPTY] §8 §r§8 §r§1 §r§3 §r§3 §r§7 §r§8 
17:29:38 [WARPING] §7Warping you to your SkyBlock island...
17:29:40 [PROFILE_JOIN] §aYou are playing on profile: §eBanana§b (Co-op)
17:29:40 [PROFILE_JOIN] §8Profile ID: b1a71305-1956-42bf-90e4-bce6f7285754
17:29:42 [WARPING] §7Warping you to your SkyBlock island...
17:29:42 [WARPING] §7Sending to server mini237E...
17:29:43 [EMPTY] §8 §r§8 §r§1 §r§3 §r§3 §r§7 §r§8 
17:29:43 [WARPING] §7Warping...
17:29:46 [PROFILE_JOIN] §aYou are playing on profile: §eBanana§b (Co-op)
17:29:46 [PROFILE_JOIN] §8Profile ID: b1a71305-1956-42bf-90e4-bce6f7285754
17:30:09 [WARPING] §7Warping...
17:32:41 [WARPING] §7Warping...
17:33:11 [GUILD_EXP] §aYou earned §r§270 GEXP §r§a+ §r§e210 Event EXP §r§afrom playing SkyBlock!
17:35:00 [SKYMALL] §bNew day! §r§eYour §r§2Sky Mall §r§ebuff changed!
17:35:00 [SKYMALL] §eNew buff§r§r§r: §r§fGain §r§a+100 §r§6⸕ Mining Speed§r§f.
17:35:00 [SKYMALL] §8§oYou can disable this messaging by toggling Sky Mall in your /hotm!
17:36:13 [WARPING] §7Warping...
17:38:24 [WARPING] §7Warping...
17:38:28 [WARPING] §7Warping...
17:39:26 [WARPING] §7Warping...
17:39:34 [WARPING] §7Warping...
17:43:10 [WARPING] §7Warping...
17:43:14 [WARPING] §7Warping...
17:45:10 [WARPING] §7Warping...
17:46:49 [WARPING] §7Warping...
17:47:43 [WARPING] §7Warping...
17:48:28 [WARPING] §7Warping...
17:49:21 [WARPING] §7Warping...
17:49:34 [WARPING] §7Warping...
17:50:07 [WARPING] §7Warping...
17:50:19 [WARPING] §7Warping...
17:50:22 [WARPING] §7Warping...
17:52:12 [WARPING] §7Warping...
17:55:00 [SKYMALL] §bNew day! §r§eYour §r§2Sky Mall §r§ebuff changed!
17:55:00 [SKYMALL] §eNew buff§r§r§r: §r§fGain §r§a+50 §r§6☘ Mining Fortune§r§f.
17:55:00 [SKYMALL] §8§oYou can disable this messaging by toggling Sky Mall in your /hotm!
17:55:18 [WARPING] §7Warping...
17:55:50 [WARPING] §7Warping...
17:56:55 [WARPING] §7Warping...
17:58:34 [WARPING] §7Warping...
18:00:41 [EMPTY] §f
18:00:41 [WATCHDOG] §4[WATCHDOG ANNOUNCEMENT]
18:00:41 [WATCHDOG] §fWatchdog has banned §r§c§l16,358§r§f players in the last 7 days.
18:00:41 [WATCHDOG] §fStaff have banned an additional §r§c§l14,986§r§f in the last 7 days.
18:00:41 [WATCHDOG] §cBlacklisted modifications are a bannable offense!
18:00:41 [WATCHDOG] §c
18:03:17 [GUILD_EXP] §aYou earned §r§276 GEXP §r§a+ §r§e228 Event EXP §r§afrom playing SkyBlock!
18:15:00 [SKYMALL] §bNew day! §r§eYour §r§2Sky Mall §r§ebuff changed!
18:15:00 [SKYMALL] §eNew buff§r§r§r: §r§fReduce Pickaxe Ability cooldown by §r§a20%§r§f.
18:15:00 [SKYMALL] §8§oYou can disable this messaging by toggling Sky Mall in your /hotm!
18:19:28 [WARPING] §7Warping...
18:21:18 [WARPING] §7Warping...
18:35:00 [SKYMALL] §bNew day! §r§eYour §r§2Sky Mall §r§ebuff changed!
18:35:00 [SKYMALL] §eNew buff§r§r§r: §r§fReduce Pickaxe Ability cooldown by §r§a20%§r§f.
18:35:00 [SKYMALL] §8§oYou can disable this messaging by toggling Sky Mall in your /hotm!
18:43:26 [GUILD_EXP] §aYou earned §r§290 GEXP §r§a+ §r§e270 Event EXP §r§afrom playing SkyBlock!
18:52:44 [WARPING] §7Warping...
18:54:30 [WARPING] §7Warping...
18:54:59 [SKYMALL] §bNew day! §r§eYour §r§2Sky Mall §r§ebuff changed!
18:54:59 [SKYMALL] §eNew buff§r§r§r: §r§fGain §r§a+50 §r§6☘ Mining Fortune§r§f.
18:54:59 [SKYMALL] §8§oYou can disable this messaging by toggling Sky Mall in your /hotm!
18:56:54 [WARPING] §7Warping...
18:58:30 [GUILD_EXP] §aYou earned §r§2105 GEXP §r§a+ §r§e315 Event EXP §r§afrom playing SkyBlock!
18:59:34 [WARPING] §7Warping...
19:02:38 [WARPING] §7Warping...
19:03:32 [GUILD_EXP] §aYou earned §r§278 GEXP §r§a+ §r§e234 Event EXP §r§afrom playing SkyBlock!
19:03:39 [WARPING] §7Warping...
19:07:11 [WARPING] §7Warping...
19:09:54 [WARPING] §7Warping...
19:10:45 [WARPING] §7Warping...
19:11:18 [WARPING] §7Warping...
19:11:25 [WARPING] §7Warping...
19:11:25 [WARPING] §7Sending to server mini97CE...
19:11:25 [EMPTY] §8 §r§8 §r§1 §r§3 §r§3 §r§7 §r§8 
19:11:28 [PROFILE_JOIN] §aYou are playing on profile: §eBanana§b (Co-op)
19:11:28 [PROFILE_JOIN] §8Profile ID: b1a71305-1956-42bf-90e4-bce6f7285754
19:11:29 [WARPING] §7Warping you to your SkyBlock island...
19:11:29 [WARPING] §7Sending to server mini237E...
19:11:30 [EMPTY] §8 §r§8 §r§1 §r§3 §r§3 §r§7 §r§8 
19:11:33 [PROFILE_JOIN] §aYou are playing on profile: §eBanana§b (Co-op)
19:11:33 [PROFILE_JOIN] §8Profile ID: b1a71305-1956-42bf-90e4-bce6f7285754
19:11:37 [WARPING] §7Warping...
19:12:44 [WARPING] §7Warping...
19:13:35 [GUILD_EXP] §aYou earned §r§2240 GEXP §r§a+ §r§e720 Event EXP §r§afrom playing SkyBlock!
19:13:57 [WARPING] §7Warping...
19:14:00 [WARPING] §7Warping...
19:14:59 [SKYMALL] §bNew day! §r§eYour §r§2Sky Mall §r§ebuff changed!
19:14:59 [SKYMALL] §eNew buff§r§r§r: §r§fGain §r§a+50 §r§6☘ Mining Fortune§r§f.
19:14:59 [SKYMALL] §8§oYou can disable this messaging by toggling Sky Mall in your /hotm!
19:15:25 [WARPING] §7Warping...
19:16:16 [WARPING] §7Warping...
19:22:01 [WARPING] §7Warping...
19:33:02 [WARPING] §7Warping...
19:33:02 [WARPING] §7Sending to server mini98BG...
19:33:03 [EMPTY] §8 §r§8 §r§1 §r§3 §r§3 §r§7 §r§8 
19:33:06 [PROFILE_JOIN] §aYou are playing on profile: §eBanana§b (Co-op)
19:33:06 [PROFILE_JOIN] §8Profile ID: b1a71305-1956-42bf-90e4-bce6f7285754
19:33:21 [EMPTY] §f §r§r§r§f §r§r§r§1 §r§r§r§0 §r§r§r§2 §r§r§r§f §r§r§r§f §r§r§r§2 §r§r§r§0 §r§r§r§4 §r§r§r§3 §r§r§r§9 §r§r§r§2 §r§r§r§0 §r§r§r§0 §r§r§r§3 §r§r§r§9 §r§r§r§2 §r§r§r§0 §r§r§r§0 §r§r§r§3 §r§r§r§9 §r§r§r§2 §r§r§r§0 §r§r§r§0 
19:33:21 [LOBBY] §b[MVP§9+§b] Sebbebas§f §6joined the lobby!
19:33:23 [LOBBY] §b[MVP§d+§b] Shuaiyuan233§f §6joined the lobby!
19:33:23 [WARPING] §7Sending to server mini98BG...
19:33:24 [EMPTY] §8 §r§8 §r§1 §r§3 §r§3 §r§7 §r§8 
19:33:25 [WARPING] §7Warping...
19:33:26 [EMPTY] 
19:33:26 [WELCOME] §eWelcome to §r§aHypixel SkyBlock§r§e!
19:33:26 [EMPTY] 
19:33:27 [PROFILE_JOIN] §aYou are playing on profile: §eBanana§b (Co-op)
19:33:27 [PROFILE_JOIN] §8Profile ID: b1a71305-1956-42bf-90e4-bce6f7285754
19:33:55 [WARPING] §7Warping you to your SkyBlock island...
19:33:55 [WARPING] §7Sending to server mini19DS...
19:33:56 [EMPTY] §8 §r§8 §r§1 §r§3 §r§3 §r§7 §r§8 
19:33:58 [PROFILE_JOIN] §aYou are playing on profile: §eBanana§b (Co-op)
19:33:58 [PROFILE_JOIN] §8Profile ID: b1a71305-1956-42bf-90e4-bce6f7285754
19:35:00 [SKYMALL] §bNew day! §r§eYour §r§2Sky Mall §r§ebuff changed!
19:35:00 [SKYMALL] §eNew buff§r§r§r: §r§fGain §r§a+15% §r§fmore Powder while mining.
19:35:00 [SKYMALL] §8§oYou can disable this messaging by toggling Sky Mall in your /hotm!
19:37:13 [WARPING] §7Warping...
19:43:23 [WARPING] §7Warping...
19:43:56 [GUILD_EXP] §aYou earned §r§278 GEXP §r§a+ §r§e234 Event EXP §r§afrom playing SkyBlock!
19:45:52 [WARPING] §7Warping...
19:49:34 [EMPTY] 
19:54:48 [EMPTY] §f §r§r§r§f §r§r§r§1 §r§r§r§0 §r§r§r§2 §r§r§r§f §r§r§r§f §r§r§r§2 §r§r§r§0 §r§r§r§4 §r§r§r§3 §r§r§r§9 §r§r§r§2 §r§r§r§0 §r§r§r§0 §r§r§r§3 §r§r§r§9 §r§r§r§2 §r§r§r§0 §r§r§r§0 §r§r§r§3 §r§r§r§9 §r§r§r§2 §r§r§r§0 §r§r§r§0 
19:54:48 [LOBBY] §b[MVP§c+§b] Makibaki0§f §6joined the lobby!
19:54:48 [LOBBY] §b[MVP§d+§b] bigtooka§f §6joined the lobby!
19:54:49 [LOBBY] §b[MVP§2+§b] RickMay§f §6joined the lobby!
19:54:49 [LOBBY] §b[MVP§f+§b] CrazyNerd1§f §6joined the lobby!
19:54:50 [LOBBY]   §r§f§l➤ §r§6You have reached your Hype limit! Add Hype to Prototype Lobby minigames by right-clicking with the Hype Diamond!
19:54:52 [LOBBY] §b[MVP§c+§b] Abuisness_ALT§f §6joined the lobby!
19:54:52 [WARPING] §7Sending to server mini30AU...
19:54:53 [EMPTY] §8 §r§8 §r§1 §r§3 §r§3 §r§7 §r§8 
19:54:54 [REWARD_WRAPPER] §e§l▬▬▬▬▬▬▬▬▬▬▬▬▬▬▬▬▬▬▬▬▬▬▬▬▬▬▬▬▬▬▬▬▬▬▬▬▬▬▬▬▬▬▬▬▬▬▬▬▬▬▬▬▬▬▬▬▬▬▬▬▬▬▬▬
19:54:54 [EMPTY] 
19:54:54 [POWDER_REWARD_HEADER]   §r§a§lREWARDS
19:54:54 [REWARD_WRAPPER] §e§l▬▬▬▬▬▬▬▬▬▬▬▬▬▬▬▬▬▬▬▬▬▬▬▬▬▬▬▬▬▬▬▬▬▬▬▬▬▬▬▬▬▬▬▬▬▬▬▬▬▬▬▬▬▬▬▬▬▬▬▬▬▬▬▬
19:54:55 [EMPTY] 
19:54:55 [WELCOME] §eWelcome to §r§aHypixel SkyBlock§r§e!
19:54:55 [EMPTY] 
19:54:56 [PROFILE_JOIN] §aYou are playing on profile: §eApple§b (Co-op)
19:54:56 [PROFILE_JOIN] §8Profile ID: b1a71305-1956-42bf-90e4-bce6f7285754
19:55:11 [EMPTY] §f §r§r§r§f §r§r§r§1 §r§r§r§0 §r§r§r§2 §r§r§r§f §r§r§r§f §r§r§r§2 §r§r§r§0 §r§r§r§4 §r§r§r§3 §r§r§r§9 §r§r§r§2 §r§r§r§0 §r§r§r§0 §r§r§r§3 §r§r§r§9 §r§r§r§2 §r§r§r§0 §r§r§r§0 §r§r§r§3 §r§r§r§9 §r§r§r§2 §r§r§r§0 §r§r§r§0 
19:55:11 [LOBBY] §b[MVP§9+§b] Sebbebas§f §6joined the lobby!
19:55:14 [WARPING] §7Sending to server mini1005R...
19:55:15 [EMPTY] §8 §r§8 §r§1 §r§3 §r§3 §r§7 §r§8 
19:55:17 [EMPTY] 
19:55:17 [WELCOME] §eWelcome to §r§aHypixel SkyBlock§r§e!
19:55:17 [EMPTY] 
19:55:18 [PROFILE_JOIN] §aYou are playing on profile: §eBanana§b (Co-op)
19:55:18 [PROFILE_JOIN] §8Profile ID: b1a71305-1956-42bf-90e4-bce6f7285754
19:55:19 [SKYMALL] §bNew day! §r§eYour §r§2Sky Mall §r§ebuff changed!
19:55:19 [SKYMALL] §eNew buff§r§r§r: §r§fGain §r§a+50 §r§6☘ Mining Fortune§r§f.
19:55:19 [SKYMALL] §8§oYou can disable this messaging by toggling Sky Mall in your /hotm!
19:55:23 [WARPING] §7Warping...
19:56:16 [WARPING] §7Warping...
19:57:59 [WARPING] §7Warping...
19:58:24 [WARPING] §7Warping...
20:00:16 [GUILD_EXP] §aYou earned §r§2116 GEXP §r§a+ §r§e348 Event EXP §r§afrom playing SkyBlock!
20:00:41 [EMPTY] §f
20:00:41 [WATCHDOG] §4[WATCHDOG ANNOUNCEMENT]
20:00:41 [WATCHDOG] §fWatchdog has banned §r§c§l16,373§r§f players in the last 7 days.
20:00:41 [WATCHDOG] §fStaff have banned an additional §r§c§l14,921§r§f in the last 7 days.
20:00:41 [WATCHDOG] §cBlacklisted modifications are a bannable offense!
20:00:41 [WATCHDOG] §c
20:05:42 [WARPING] §7Warping...
20:07:34 [WARPING] §7Warping...
20:10:18 [GUILD_EXP] §aYou earned §r§2113 GEXP §r§a+ §r§e339 Event EXP §r§afrom playing SkyBlock!
20:14:59 [SKYMALL] §bNew day! §r§eYour §r§2Sky Mall §r§ebuff changed!
20:14:59 [SKYMALL] §eNew buff§r§r§r: §r§fReduce Pickaxe Ability cooldown by §r§a20%§r§f.
20:14:59 [SKYMALL] §8§oYou can disable this messaging by toggling Sky Mall in your /hotm!
20:15:20 [GUILD_EXP] §aYou earned §r§290 GEXP §r§a+ §r§e270 Event EXP §r§afrom playing SkyBlock!
20:16:17 [WARPING] §7Warping...
20:17:58 [WARPING] §7Finding player...
20:18:01 [WARPING] §7Sending a visit request...
20:18:02 [WARPING] §7Sending to server mini1024S...
20:18:02 [EMPTY] §8 §r§8 §r§1 §r§3 §r§3 §r§7 §r§8 
20:18:05 [PROFILE_JOIN] §aYou are playing on profile: §eBanana§b (Co-op)
20:18:05 [PROFILE_JOIN] §8Profile ID: b1a71305-1956-42bf-90e4-bce6f7285754
20:18:25 [WARPING] §7Sending to server mini142DH...
20:18:26 [EMPTY] §8 §r§8 §r§1 §r§3 §r§3 §r§7 §r§8 
20:18:29 [WARPING] §7Warping you to your SkyBlock island...
20:18:29 [PROFILE_JOIN] §aYou are playing on profile: §eBanana§b (Co-op)
20:18:29 [PROFILE_JOIN] §8Profile ID: b1a71305-1956-42bf-90e4-bce6f7285754
20:18:29 [WARPING] §7Sending to server mini1027W...
20:18:30 [EMPTY] §8 §r§8 §r§1 §r§3 §r§3 §r§7 §r§8 
20:18:32 [PROFILE_JOIN] §aYou are playing on profile: §eBanana§b (Co-op)
20:18:32 [PROFILE_JOIN] §8Profile ID: b1a71305-1956-42bf-90e4-bce6f7285754
20:18:59 [WARPING] §7Warping...
20:25:54 [WARPING] §7Warping...
20:26:00 [WARPING] §7Warping...
20:28:24 [WARPING] §7Sending to server mini24DG...
20:28:24 [EMPTY] §8 §r§8 §r§1 §r§3 §r§3 §r§7 §r§8 
20:28:27 [PROFILE_JOIN] §aYou are playing on profile: §eBanana§b (Co-op)
20:28:27 [PROFILE_JOIN] §8Profile ID: b1a71305-1956-42bf-90e4-bce6f7285754
20:29:05 [WARPING] §7Warping you to your SkyBlock island...
20:29:05 [WARPING] §7Sending to server mini74DD...
20:29:06 [EMPTY] §8 §r§8 §r§1 §r§3 §r§3 §r§7 §r§8 
20:29:09 [PROFILE_JOIN] §aYou are playing on profile: §eBanana§b (Co-op)
20:29:09 [PROFILE_JOIN] §8Profile ID: b1a71305-1956-42bf-90e4-bce6f7285754
20:34:09 [GUILD_EXP] §aYou earned §r§273 GEXP §r§a+ §r§e219 Event EXP §r§afrom playing SkyBlock!
20:34:27 [WARPING] §7Warping...
20:35:01 [SKYMALL] §bNew day! §r§eYour §r§2Sky Mall §r§ebuff changed!
20:35:01 [SKYMALL] §eNew buff§r§r§r: §r§fGain §r§a+100 §r§6⸕ Mining Speed§r§f.
20:35:01 [SKYMALL] §8§oYou can disable this messaging by toggling Sky Mall in your /hotm!
20:39:15 [GUILD_EXP] §aYou earned §r§275 GEXP §r§a+ §r§e225 Event EXP §r§afrom playing SkyBlock!
20:43:54 [WARPING] §7Warping...
20:43:58 [WARPING] §7Warping...
20:48:55 [WARPING] §7Warping...
20:50:46 [WARPING] §7Warping...
20:52:53 [WARPING] §7Warping...
20:53:03 [WARPING] §7Warping...
20:54:31 [GUILD_EXP] §aYou earned §r§2441 GEXP §r§a+ §r§e1,323 Event EXP §r§afrom playing SkyBlock!
20:55:00 [SKYMALL] §bNew day! §r§eYour §r§2Sky Mall §r§ebuff changed!
20:55:00 [SKYMALL] §eNew buff§r§r§r: §r§fReduce Pickaxe Ability cooldown by §r§a20%§r§f.
20:55:00 [SKYMALL] §8§oYou can disable this messaging by toggling Sky Mall in your /hotm!
20:57:56 [WARPING] §7Finding player...
20:57:58 [WARPING] §7Sending a visit request...
20:57:58 [WARPING] §7Sending to server mini1024S...
20:57:59 [EMPTY] §8 §r§8 §r§1 §r§3 §r§3 §r§7 §r§8 
20:58:02 [PROFILE_JOIN] §aYou are playing on profile: §eBanana§b (Co-op)
20:58:02 [PROFILE_JOIN] §8Profile ID: b1a71305-1956-42bf-90e4-bce6f7285754
20:59:11 [WARPING] §7Warping...
20:59:12 [WARPING] §7Sending to server mini185CB...
20:59:12 [EMPTY] §8 §r§8 §r§1 §r§3 §r§3 §r§7 §r§8 
20:59:16 [PROFILE_JOIN] §aYou are playing on profile: §eBanana§b (Co-op)
20:59:16 [PROFILE_JOIN] §8Profile ID: b1a71305-1956-42bf-90e4-bce6f7285754
20:59:18 [WARPING] §7Warping...
20:59:18 [WARPING] §7Sending to server mini153CT...
20:59:19 [EMPTY] §8 §r§8 §r§1 §r§3 §r§3 §r§7 §r§8 
20:59:22 [PROFILE_JOIN] §aYou are playing on profile: §eBanana§b (Co-op)
20:59:22 [PROFILE_JOIN] §8Profile ID: b1a71305-1956-42bf-90e4-bce6f7285754
21:00:07 [WARPING] §7Warping you to your SkyBlock island...
21:00:07 [WARPING] §7Sending to server mini149W...
21:00:08 [EMPTY] §8 §r§8 §r§1 §r§3 §r§3 §r§7 §r§8 
21:00:10 [PROFILE_JOIN] §aYou are playing on profile: §eBanana§b (Co-op)
21:00:10 [PROFILE_JOIN] §8Profile ID: b1a71305-1956-42bf-90e4-bce6f7285754
21:00:14 [WARPING] §7Warping...
21:04:30 [WARPING] §7Warping...
21:05:24 [WARPING] §7Warping...
21:10:09 [GUILD_EXP] §aYou earned §r§2161 GEXP §r§a+ §r§e483 Event EXP §r§afrom playing SkyBlock!
21:10:20 [WARPING] §7Warping...
21:11:23 [WARPING] §7Warping...
21:14:59 [SKYMALL] §bNew day! §r§eYour §r§2Sky Mall §r§ebuff changed!
21:14:59 [SKYMALL] §eNew buff§r§r§r: §r§fGain §r§a+15% §r§fmore Powder while mining.
21:14:59 [SKYMALL] §8§oYou can disable this messaging by toggling Sky Mall in your /hotm!
21:15:09 [GUILD_EXP] §aYou earned §r§2118 GEXP §r§a+ §r§e354 Event EXP §r§afrom playing SkyBlock!
21:18:56 [WARPING] §7Warping...
21:19:43 [WARPING] §7Warping...
21:19:43 [WARPING] §7Sending to server mini29BQ...
21:19:43 [EMPTY] §8 §r§8 §r§1 §r§3 §r§3 §r§7 §r§8 
21:19:46 [PROFILE_JOIN] §aYou are playing on profile: §eBanana§b (Co-op)
21:19:46 [PROFILE_JOIN] §8Profile ID: b1a71305-1956-42bf-90e4-bce6f7285754
21:21:22 [EMPTY] 
21:22:23 [WARPING] §7Warping you to your SkyBlock island...
21:22:24 [WARPING] §7Sending to server mini23D...
21:22:25 [EMPTY] §8 §r§8 §r§1 §r§3 §r§3 §r§7 §r§8 
21:22:27 [PROFILE_JOIN] §aYou are playing on profile: §eBanana§b (Co-op)
21:22:27 [PROFILE_JOIN] §8Profile ID: b1a71305-1956-42bf-90e4-bce6f7285754
21:22:35 [WARPING] §7Warping...
21:22:54 [WARPING] §7Warping...
21:22:58 [WARPING] §7Warping...
21:24:11 [EMPTY] §f §r§r§r§f §r§r§r§1 §r§r§r§0 §r§r§r§2 §r§r§r§f §r§r§r§f §r§r§r§2 §r§r§r§0 §r§r§r§4 §r§r§r§3 §r§r§r§9 §r§r§r§2 §r§r§r§0 §r§r§r§0 §r§r§r§3 §r§r§r§9 §r§r§r§2 §r§r§r§0 §r§r§r§0 §r§r§r§3 §r§r§r§9 §r§r§r§2 §r§r§r§0 §r§r§r§0 
21:24:12 [LOBBY] §b[MVP§d+§b] ClashSharkey§f §6joined the lobby!
21:24:12 [LOBBY] §b[MVP§a+§b] phiwijo§f §6joined the lobby!
21:24:12 [LOBBY] §b[MVP§2+§b] Zibix333§f §6joined the lobby!
21:24:13 [LOBBY] §b[MVP§3+§b] Zitronbtw§f §6joined the lobby!
21:24:13 [LOBBY] §b[MVP§2+§b] ItsLeafachu§f §6joined the lobby!
21:24:13 [LOBBY]   §r§f§l➤ §r§6You have reached your Hype limit! Add Hype to Prototype Lobby minigames by right-clicking with the Hype Diamond!
21:24:13 [WARPING] §7Sending to server mini153CF...
21:24:14 [LOBBY] 
§r§f§l➔ §r§6§lWelcome to the Prototype Lobby§r
§r§aAll games in this lobby are currently in development.§r
§r§eClick here to leave feedback!§r§f ➤ §r§b§nhttps://hypixel.net/PTL

21:24:15 [EMPTY] §8 §r§8 §r§1 §r§3 §r§3 §r§7 §r§8 
21:24:16 [EMPTY] 
21:24:16 [WELCOME] §eWelcome to §r§aHypixel SkyBlock§r§e!
21:24:16 [EMPTY] 
21:24:19 [PROFILE_JOIN] §aYou are playing on profile: §eApple§b (Co-op)
21:24:19 [PROFILE_JOIN] §8Profile ID: b1a71305-1956-42bf-90e4-bce6f7285754
21:24:46 [WARPING] §7Warping you to your SkyBlock island...
21:24:47 [WARPING] §7Sending to server mini26K...
21:24:48 [EMPTY] §8 §r§8 §r§1 §r§3 §r§3 §r§7 §r§8 
21:24:50 [PROFILE_JOIN] §aYou are playing on profile: §eApple§b (Co-op)
21:24:50 [PROFILE_JOIN] §8Profile ID: b1a71305-1956-42bf-90e4-bce6f7285754
21:25:03 [EMPTY] §f §r§r§r§f §r§r§r§1 §r§r§r§0 §r§r§r§2 §r§r§r§f §r§r§r§f §r§r§r§2 §r§r§r§0 §r§r§r§4 §r§r§r§3 §r§r§r§9 §r§r§r§2 §r§r§r§0 §r§r§r§0 §r§r§r§3 §r§r§r§9 §r§r§r§2 §r§r§r§0 §r§r§r§0 §r§r§r§3 §r§r§r§9 §r§r§r§2 §r§r§r§0 §r§r§r§0 
21:25:03 [LOBBY] §b[MVP§9+§b] Sebbebas§f §6joined the lobby!
21:25:07 [WARPING] §7Sending to server mini14Q...
21:25:08 [EMPTY] §8 §r§8 §r§1 §r§3 §r§3 §r§7 §r§8 
21:25:10 [EMPTY] 
21:25:10 [WELCOME] §eWelcome to §r§aHypixel SkyBlock§r§e!
21:25:10 [EMPTY] 
21:25:10 [PROFILE_JOIN] §aYou are playing on profile: §eBanana§b (Co-op)
21:25:10 [PROFILE_JOIN] §8Profile ID: b1a71305-1956-42bf-90e4-bce6f7285754
21:25:44 [WARPING] §7Warping...
21:26:17 [EMPTY] 
21:26:32 [WARPING] §7Warping...
21:26:32 [WARPING] §7Sending to server mini186BG...
21:26:32 [EMPTY] §8 §r§8 §r§1 §r§3 §r§3 §r§7 §r§8 
21:26:36 [PROFILE_JOIN] §aYou are playing on profile: §eBanana§b (Co-op)
21:26:36 [PROFILE_JOIN] §8Profile ID: b1a71305-1956-42bf-90e4-bce6f7285754
21:28:13 [EMPTY] 
21:28:16 [GUILD_EXP] §aYou earned §r§273 GEXP §r§a+ §r§e219 Event EXP §r§afrom playing SkyBlock!
21:31:01 [WARPING] §7Warping...
21:31:02 [WARPING] §7Sending to server mini82BK...
21:31:03 [EMPTY] §8 §r§8 §r§1 §r§3 §r§3 §r§7 §r§8 
21:31:05 [PROFILE_JOIN] §aYou are playing on profile: §eBanana§b (Co-op)
21:31:05 [PROFILE_JOIN] §8Profile ID: b1a71305-1956-42bf-90e4-bce6f7285754
21:34:29 [PEST_DROP] §eYou received §a5x Enchanted Sugar §efor killing a §6Mosquito§e!
21:34:29 [EMPTY]  
21:34:29 [BESTIARY] §f                                  §6§lBESTIARY
21:34:29 [BESTIARY] §f                                §b§lFly §7§8VI §8➡§b §bVII
21:34:29 [BESTIARY] 
21:34:29 [BESTIARY] §f                                  §r§6§lREWARDS
21:34:29 [BESTIARY] §f                          §r§6+0.4☘ Farming Fortune
21:34:29 [BESTIARY] §f                                §r§8+§r§62% §r§aFly §r§7coins
21:34:29 [BESTIARY] §f                    §r§8+§r§a50% §r§7chance for extra XP orbs
21:34:29 [BESTIARY] §f                               §r§8+§r§b1 SkyBlock XP
21:34:29 [BESTIARY] 
21:34:29 [BESTIARY] §3§l▬▬▬▬▬▬▬▬▬▬▬▬▬▬▬▬▬▬▬▬▬▬▬▬▬▬▬▬▬▬▬▬▬▬▬▬▬▬▬▬▬▬▬▬▬▬▬▬▬▬▬▬▬▬▬▬▬▬▬▬▬▬▬▬
21:34:29 [PEST_DROP] §eYou received §a7x Enchanted Hay Bale §efor killing a §6Fly§e!
21:34:43 [EMPTY]  
21:34:43 [BESTIARY] §f                                  §6§lBESTIARY
21:34:43 [BESTIARY] §f                                §b§lMoth §7§8V §8➡§b §bVI
21:34:43 [BESTIARY] 
21:34:43 [BESTIARY] §f                                  §r§6§lREWARDS
21:34:43 [BESTIARY] §f                          §r§6+0.4☘ Farming Fortune
21:34:43 [BESTIARY] §f                               §r§8+§r§62% §r§aMoth §r§7coins
21:34:43 [BESTIARY] §f                    §r§8+§r§a50% §r§7chance for extra XP orbs
21:34:43 [BESTIARY] §f                               §r§8+§r§b1 SkyBlock XP
21:34:43 [BESTIARY] 
21:34:43 [BESTIARY] §3§l▬▬▬▬▬▬▬▬▬▬▬▬▬▬▬▬▬▬▬▬▬▬▬▬▬▬▬▬▬▬▬▬▬▬▬▬▬▬▬▬▬▬▬▬▬▬▬▬▬▬▬▬▬▬▬▬▬▬▬▬▬▬▬▬
21:34:43 [PEST_DROP] §eYou received §a8x Enchanted Cocoa Beans §efor killing a §6Moth§e!
21:34:53 [EMPTY]  
21:34:53 [BESTIARY] §f                                  §6§lBESTIARY
21:34:53 [BESTIARY] §f                                 §b§lRat §7§8IV §8➡§b §bV
21:34:53 [BESTIARY] 
21:34:53 [BESTIARY] §f                                  §r§6§lREWARDS
21:34:53 [BESTIARY] §f                          §r§6+0.4☘ Farming Fortune
21:34:53 [BESTIARY] §f                                §r§8+§r§62% §r§aRat §r§7coins
21:34:53 [BESTIARY] §f                    §r§8+§r§a50% §r§7chance for extra XP orbs
21:34:53 [BESTIARY] §f                               §r§8+§r§b1 SkyBlock XP
21:34:53 [BESTIARY] 
21:34:53 [BESTIARY] §3§l▬▬▬▬▬▬▬▬▬▬▬▬▬▬▬▬▬▬▬▬▬▬▬▬▬▬▬▬▬▬▬▬▬▬▬▬▬▬▬▬▬▬▬▬▬▬▬▬▬▬▬▬▬▬▬▬▬▬▬▬▬▬▬▬
21:34:53 [PEST_DROP] §eYou received §a8x Enchanted Pumpkin §efor killing a §6Rat§e!
21:34:56 [EMPTY]  
21:34:56 [BESTIARY] §f                                  §6§lBESTIARY
21:34:56 [BESTIARY] §f                                §b§lMite §7§8VI §8➡§b §bVII
21:34:56 [BESTIARY] 
21:34:56 [BESTIARY] §f                                  §r§6§lREWARDS
21:34:56 [BESTIARY] §f                          §r§6+0.4☘ Farming Fortune
21:34:56 [BESTIARY] §f                                §r§8+§r§62% §r§aMite §r§7coins
21:34:56 [BESTIARY] §f                    §r§8+§r§a50% §r§7chance for extra XP orbs
21:34:56 [BESTIARY] §f                               §r§8+§r§b1 SkyBlock XP
21:34:56 [BESTIARY] 
21:34:56 [BESTIARY] §3§l▬▬▬▬▬▬▬▬▬▬▬▬▬▬▬▬▬▬▬▬▬▬▬▬▬▬▬▬▬▬▬▬▬▬▬▬▬▬▬▬▬▬▬▬▬▬▬▬▬▬▬▬▬▬▬▬▬▬▬▬▬▬▬▬
21:34:56 [PEST_DROP] §eYou received §a9x Enchanted Cactus Green §efor killing a §6Mite§e!
21:35:01 [SKYMALL] §bNew day! §r§eYour §r§2Sky Mall §r§ebuff changed!
21:35:01 [SKYMALL] §eNew buff§r§r§r: §r§fGain §r§a5x §r§9Titanium §r§fdrops
21:35:01 [SKYMALL] §8§oYou can disable this messaging by toggling Sky Mall in your /hotm!
21:35:16 [PEST_DROP] §eYou received §a9x Enchanted Pumpkin §efor killing a §6Rat§e!
21:35:29 [EMPTY]  
21:35:29 [BESTIARY] §f                                  §6§lBESTIARY
21:35:29 [BESTIARY] §f                              §b§lCricket §7§8V §8➡§b §bVI
21:35:29 [BESTIARY] 
21:35:29 [BESTIARY] §f                                  §r§6§lREWARDS
21:35:29 [BESTIARY] §f                          §r§6+0.4☘ Farming Fortune
21:35:29 [BESTIARY] §f                              §r§8+§r§62% §r§aCricket §r§7coins
21:35:29 [BESTIARY] §f                    §r§8+§r§a50% §r§7chance for extra XP orbs
21:35:29 [BESTIARY] §f                               §r§8+§r§b1 SkyBlock XP
21:35:29 [BESTIARY] 
21:35:29 [BESTIARY] §3§l▬▬▬▬▬▬▬▬▬▬▬▬▬▬▬▬▬▬▬▬▬▬▬▬▬▬▬▬▬▬▬▬▬▬▬▬▬▬▬▬▬▬▬▬▬▬▬▬▬▬▬▬▬▬▬▬▬▬▬▬▬▬▬▬
21:35:29 [PEST_DROP] §eYou received §a8x Enchanted Carrot §efor killing a §6Cricket§e!
21:35:43 [PEST_DROP] §eYou received §a8x Enchanted Nether Wart §efor killing a §6Beetle§e!
21:35:48 [WARPING] §7Warping...
21:36:02 [GUILD_EXP] §aYou earned §r§2518 GEXP §r§a+ §r§e1,554 Event EXP §r§afrom playing SkyBlock!
21:41:03 [GUILD_EXP] §aYou earned §r§2750 GEXP §r§a+ §r§e2,250 Event EXP §r§afrom playing SkyBlock!
21:46:03 [GUILD_EXP] §aYou earned §r§2725 GEXP §r§a+ §r§e2,175 Event EXP §r§afrom playing SkyBlock!
21:51:03 [GUILD_EXP] §aYou earned §r§2750 GEXP §r§a+ §r§e2,250 Event EXP §r§afrom playing SkyBlock!
21:55:00 [SKYMALL] §bNew day! §r§eYour §r§2Sky Mall §r§ebuff changed!
21:55:00 [SKYMALL] §eNew buff§r§r§r: §r§fGain §r§a+50 §r§6☘ Mining Fortune§r§f.
21:55:00 [SKYMALL] §8§oYou can disable this messaging by toggling Sky Mall in your /hotm!
21:56:04 [GUILD_EXP] §aYou earned §r§2591 GEXP §r§a+ §r§e1,773 Event EXP §r§afrom playing SkyBlock!
21:57:18 [WARPING] §7Warping...
21:57:50 [PEST_DROP] §eYou received §a10x Enchanted Cocoa Beans §efor killing a §6Moth§e!
21:57:51 [WARPING] §7Warping...
21:58:03 [PEST_DROP] §eYou received §a11x Enchanted Sugar §efor killing a §6Mosquito§e!
21:58:18 [EMPTY]  
21:58:18 [BESTIARY] §f                                  §6§lBESTIARY
21:58:18 [BESTIARY] §f                                 §b§lRat §7§8V §8➡§b §bVI
21:58:18 [BESTIARY] 
21:58:18 [BESTIARY] §f                                  §r§6§lREWARDS
21:58:18 [BESTIARY] §f                          §r§6+0.4☘ Farming Fortune
21:58:18 [BESTIARY] §f                                §r§8+§r§62% §r§aRat §r§7coins
21:58:18 [BESTIARY] §f                    §r§8+§r§a50% §r§7chance for extra XP orbs
21:58:18 [BESTIARY] §f                               §r§8+§r§b1 SkyBlock XP
21:58:18 [BESTIARY] 
21:58:18 [BESTIARY] §3§l▬▬▬▬▬▬▬▬▬▬▬▬▬▬▬▬▬▬▬▬▬▬▬▬▬▬▬▬▬▬▬▬▬▬▬▬▬▬▬▬▬▬▬▬▬▬▬▬▬▬▬▬▬▬▬▬▬▬▬▬▬▬▬▬
21:58:18 [PEST_DROP] §eYou received §a11x Enchanted Pumpkin §efor killing a §6Rat§e!
21:58:23 [EMPTY]  
21:58:23 [BESTIARY] §f                                  §6§lBESTIARY
21:58:23 [BESTIARY] §f                            §b§lMosquito §7§8VI §8➡§b §bVII
21:58:23 [BESTIARY] 
21:58:23 [BESTIARY] §f                                  §r§6§lREWARDS
21:58:23 [BESTIARY] §f                          §r§6+0.4☘ Farming Fortune
21:58:23 [BESTIARY] §f                             §r§8+§r§62% §r§aMosquito §r§7coins
21:58:23 [BESTIARY] §f                    §r§8+§r§a50% §r§7chance for extra XP orbs
21:58:23 [BESTIARY] §f                               §r§8+§r§b1 SkyBlock XP
21:58:23 [BESTIARY] 
21:58:23 [BESTIARY] §3§l▬▬▬▬▬▬▬▬▬▬▬▬▬▬▬▬▬▬▬▬▬▬▬▬▬▬▬▬▬▬▬▬▬▬▬▬▬▬▬▬▬▬▬▬▬▬▬▬▬▬▬▬▬▬▬▬▬▬▬▬▬▬▬▬
21:58:23 [PEST_DROP] §eYou received §a10x Enchanted Sugar §efor killing a §6Mosquito§e!
21:58:45 [WARPING] §7Warping...
22:00:41 [EMPTY] §f
22:00:41 [WATCHDOG] §4[WATCHDOG ANNOUNCEMENT]
22:00:41 [WATCHDOG] §fWatchdog has banned §r§c§l16,408§r§f players in the last 7 days.
22:00:41 [WATCHDOG] §fStaff have banned an additional §r§c§l14,979§r§f in the last 7 days.
22:00:41 [WATCHDOG] §cBlacklisted modifications are a bannable offense!
22:00:41 [WATCHDOG] §c
22:01:04 [GUILD_EXP] §aYou earned §r§2705 GEXP §r§a+ §r§e2,115 Event EXP §r§afrom playing SkyBlock!
22:06:04 [GUILD_EXP] §aYou earned §r§2750 GEXP §r§a+ §r§e2,250 Event EXP §r§afrom playing SkyBlock!
22:11:05 [GUILD_EXP] §aYou earned §r§2750 GEXP §r§a+ §r§e2,250 Event EXP §r§afrom playing SkyBlock!
22:15:00 [SKYMALL] §bNew day! §r§eYour §r§2Sky Mall §r§ebuff changed!
22:15:00 [SKYMALL] §eNew buff§r§r§r: §r§fGain §r§a+100 §r§6⸕ Mining Speed§r§f.
22:15:00 [SKYMALL] §8§oYou can disable this messaging by toggling Sky Mall in your /hotm!
22:16:05 [GUILD_EXP] §aYou earned §r§2750 GEXP §r§a+ §r§e2,250 Event EXP §r§afrom playing SkyBlock!
22:16:35 [WARPING] §7Warping...
22:21:06 [GUILD_EXP] §aYou earned §r§2750 GEXP §r§a+ §r§e2,250 Event EXP §r§afrom playing SkyBlock!
22:26:06 [GUILD_EXP] §aYou earned §r§2750 GEXP §r§a+ §r§e2,250 Event EXP §r§afrom playing SkyBlock!
22:31:06 [GUILD_EXP] §aYou earned §r§2750 GEXP §r§a+ §r§e2,250 Event EXP §r§afrom playing SkyBlock!
22:33:45 [WARPING] §7Warping...
22:34:00 [PEST_DROP] §eYou received §a11x Enchanted Melon §efor killing an §6Earthworm§e!
22:34:02 [PEST_DROP] §eYou received §a12x Enchanted Pumpkin §efor killing a §6Rat§e!
22:34:06 [PEST_DROP] §eYou received §a12x Enchanted Cactus Green §efor killing a §6Mite§e!
22:34:09 [WARPING] §7Warping...
22:34:59 [SKYMALL] §bNew day! §r§eYour §r§2Sky Mall §r§ebuff changed!
22:34:59 [SKYMALL] §eNew buff§r§r§r: §r§fGain §r§a+15% §r§fmore Powder while mining.
22:34:59 [SKYMALL] §8§oYou can disable this messaging by toggling Sky Mall in your /hotm!
22:35:20 [PEST_DROP] §eYou received §a12x Enchanted Sugar §efor killing a §6Mosquito§e!
22:35:23 [PEST_DROP] §eYou received §a13x Enchanted Pumpkin §efor killing a §6Rat§e!
22:35:48 [PEST_DROP] §eYou received §a13x Enchanted Cocoa Beans §efor killing a §6Moth§e!
22:36:07 [GUILD_EXP] §aYou earned §r§2750 GEXP §r§a+ §r§e2,250 Event EXP §r§afrom playing SkyBlock!
22:41:07 [GUILD_EXP] §aYou earned §r§2608 GEXP §r§a+ §r§e1,824 Event EXP §r§afrom playing SkyBlock!
22:46:08 [GUILD_EXP] §aYou earned §r§2750 GEXP §r§a+ §r§e2,250 Event EXP §r§afrom playing SkyBlock!
22:49:44 [WARPING] §7Warping...
22:51:08 [GUILD_EXP] §aYou earned §r§2750 GEXP §r§a+ §r§e2,250 Event EXP §r§afrom playing SkyBlock!
22:54:59 [SKYMALL] §bNew day! §r§eYour §r§2Sky Mall §r§ebuff changed!
22:54:59 [SKYMALL] §eNew buff§r§r§r: §r§fGain §r§a+15% §r§fmore Powder while mining.
22:54:59 [SKYMALL] §8§oYou can disable this messaging by toggling Sky Mall in your /hotm!
22:56:09 [GUILD_EXP] §aYou earned §r§2750 GEXP §r§a+ §r§e2,250 Event EXP §r§afrom playing SkyBlock!
22:58:29 [EMPTY] 
22:58:31 [EMPTY]  
22:58:31 [EMPTY]  
22:58:31 [EMPTY]  
23:00:12 [WARPING] §7Warping...
23:00:12 [WARPING] §7Sending to server mini70AG...
23:00:13 [EMPTY] §8 §r§8 §r§1 §r§3 §r§3 §r§7 §r§8 
23:00:14 [WARPING] §7Warping...
23:00:16 [PROFILE_JOIN] §aYou are playing on profile: §eBanana§b (Co-op)
23:00:16 [PROFILE_JOIN] §8Profile ID: b1a71305-1956-42bf-90e4-bce6f7285754
23:00:16 [WARPING] §7Warping...
23:00:16 [WARPING] §7Sending to server mini82BK...
23:00:17 [EMPTY] §8 §r§8 §r§1 §r§3 §r§3 §r§7 §r§8 
23:00:20 [PROFILE_JOIN] §aYou are playing on profile: §eBanana§b (Co-op)
23:00:20 [PROFILE_JOIN] §8Profile ID: b1a71305-1956-42bf-90e4-bce6f7285754
23:01:09 [GUILD_EXP] §aYou earned §r§2575 GEXP §r§a+ §r§e1,725 Event EXP §r§afrom playing SkyBlock!
23:02:16 [WARPING] §7Warping you to your SkyBlock island...
23:02:17 [WARPING] §7Sending to server mini141CU...
23:02:18 [EMPTY] §8 §r§8 §r§1 §r§3 §r§3 §r§7 §r§8 
23:02:20 [PROFILE_JOIN] §aYou are playing on profile: §eBanana§b (Co-op)
23:02:20 [PROFILE_JOIN] §8Profile ID: b1a71305-1956-42bf-90e4-bce6f7285754
23:04:53 [WARPING] §7Warping...
23:04:53 [WARPING] §7Sending to server mini208N...
23:04:54 [EMPTY] §8 §r§8 §r§1 §r§3 §r§3 §r§7 §r§8 
23:04:57 [PROFILE_JOIN] §aYou are playing on profile: §eBanana§b (Co-op)
23:04:57 [PROFILE_JOIN] §8Profile ID: b1a71305-1956-42bf-90e4-bce6f7285754
23:04:58 [WARPING] §7Warping...
23:05:28 [WARPING] §7Warping...
23:05:32 [WARPING] §7Warping...
23:05:57 [EMPTY]  
23:05:57 [BESTIARY] §f                                  §6§lBESTIARY
23:05:57 [BESTIARY] §f                                   §b§lGhost §7§bI
23:05:57 [BESTIARY] 
23:05:57 [BESTIARY] §f                                  §r§6§lREWARDS
23:05:57 [BESTIARY] §f                          §r§8+§r§a2 Ghost §r§b✯ Magic Find
23:05:57 [BESTIARY] §f                           §r§8+§r§a2 Ghost §r§c❁ Strength
23:05:57 [BESTIARY] §f                              §r§8+§r§62% §r§aGhost §r§7coins
23:05:57 [BESTIARY] §f                    §r§8+§r§a50% §r§7chance for extra XP orbs
23:05:57 [BESTIARY] §f                               §r§8+§r§b1 SkyBlock XP
23:05:57 [BESTIARY] 
23:05:57 [BESTIARY] §3§l▬▬▬▬▬▬▬▬▬▬▬▬▬▬▬▬▬▬▬▬▬▬▬▬▬▬▬▬▬▬▬▬▬▬▬▬▬▬▬▬▬▬▬▬▬▬▬▬▬▬▬▬▬▬▬▬▬▬▬▬▬▬▬▬
23:06:09 [EMPTY]  
23:06:09 [BESTIARY] §f                                  §6§lBESTIARY
23:06:09 [BESTIARY] §f                                §b§lGhost §7§8I §8➡§b §bII
23:06:09 [BESTIARY] 
23:06:09 [BESTIARY] §f                                  §r§6§lREWARDS
23:06:09 [BESTIARY] §f                          §r§8+§r§a2 Ghost §r§b✯ Magic Find
23:06:09 [BESTIARY] §f                           §r§8+§r§a2 Ghost §r§c❁ Strength
23:06:09 [BESTIARY] §f                              §r§8+§r§62% §r§aGhost §r§7coins
23:06:09 [BESTIARY] §f                    §r§8+§r§a50% §r§7chance for extra XP orbs
23:06:09 [BESTIARY] §f                               §r§8+§r§b1 SkyBlock XP
23:06:09 [BESTIARY] 
23:06:09 [BESTIARY] §3§l▬▬▬▬▬▬▬▬▬▬▬▬▬▬▬▬▬▬▬▬▬▬▬▬▬▬▬▬▬▬▬▬▬▬▬▬▬▬▬▬▬▬▬▬▬▬▬▬▬▬▬▬▬▬▬▬▬▬▬▬▬▬▬▬
23:06:27 [EMPTY]  
23:06:27 [BESTIARY] §f                                  §6§lBESTIARY
23:06:27 [BESTIARY] §f                               §b§lGhost §7§8II §8➡§b §bIII
23:06:27 [BESTIARY] 
23:06:27 [BESTIARY] §f                                  §r§6§lREWARDS
23:06:27 [BESTIARY] §f                          §r§8+§r§a2 Ghost §r§b✯ Magic Find
23:06:27 [BESTIARY] §f                           §r§8+§r§a2 Ghost §r§c❁ Strength
23:06:27 [BESTIARY] §f                              §r§8+§r§62% §r§aGhost §r§7coins
23:06:27 [BESTIARY] §f                    §r§8+§r§a50% §r§7chance for extra XP orbs
23:06:27 [BESTIARY] §f                               §r§8+§r§b1 SkyBlock XP
23:06:27 [BESTIARY] 
23:06:27 [BESTIARY]   §r§f                         §6§lBESTIARY MILESTONE
23:06:27 [BESTIARY]   §r§f                              §8CLXXXIV➡§eCLXXXV
23:06:27 [BESTIARY] 
23:06:27 [BESTIARY] §3§l▬▬▬▬▬▬▬▬▬▬▬▬▬▬▬▬▬▬▬▬▬▬▬▬▬▬▬▬▬▬▬▬▬▬▬▬▬▬▬▬▬▬▬▬▬▬▬▬▬▬▬▬▬▬▬▬▬▬▬▬▬▬▬▬
23:06:36 [WARPING] §7Warping...
23:06:36 [WARPING] §7Sending to server mini3AS...
23:06:37 [EMPTY] §8 §r§8 §r§1 §r§3 §r§3 §r§7 §r§8 
23:06:40 [PROFILE_JOIN] §aYou are playing on profile: §eBanana§b (Co-op)
23:06:40 [PROFILE_JOIN] §8Profile ID: b1a71305-1956-42bf-90e4-bce6f7285754
23:06:43 [WARPING] §7Warping...
23:06:43 [WARPING] §7Sending to server mini152CF...
23:06:44 [EMPTY] §8 §r§8 §r§1 §r§3 §r§3 §r§7 §r§8 
23:06:45 [WARPING] §7Warping...
23:06:47 [PROFILE_JOIN] §aYou are playing on profile: §eBanana§b (Co-op)
23:06:47 [PROFILE_JOIN] §8Profile ID: b1a71305-1956-42bf-90e4-bce6f7285754
23:06:48 [WARPING] §7Warping...
23:06:48 [WARPING] §7Sending to server mini78DK...
23:06:48 [EMPTY] §8 §r§8 §r§1 §r§3 §r§3 §r§7 §r§8 
23:06:51 [PROFILE_JOIN] §aYou are playing on profile: §eBanana§b (Co-op)
23:06:51 [PROFILE_JOIN] §8Profile ID: b1a71305-1956-42bf-90e4-bce6f7285754
23:06:57 [EMPTY]  
23:06:57 [EMPTY]  
23:06:57 [EMPTY]  
23:10:16 [GUILD_EXP] §aYou earned §r§2353 GEXP §r§a+ §r§e1,059 Event EXP §r§afrom playing SkyBlock!
23:15:00 [SKYMALL] §bNew day! §r§eYour §r§2Sky Mall §r§ebuff changed!
23:15:00 [SKYMALL] §eNew buff§r§r§r: §r§fGain §r§a+100 §r§6⸕ Mining Speed§r§f.
23:15:00 [SKYMALL] §8§oYou can disable this messaging by toggling Sky Mall in your /hotm!
23:15:20 [GUILD_EXP] §aYou earned §r§2750 GEXP §r§a+ §r§e2,250 Event EXP §r§afrom playing SkyBlock!
23:16:03 [WARPING] §7Warping...
23:16:22 [EMPTY] §f §r§r§r§f §r§r§r§1 §r§r§r§0 §r§r§r§2 §r§r§r§f §r§r§r§f §r§r§r§2 §r§r§r§0 §r§r§r§4 §r§r§r§3 §r§r§r§9 §r§r§r§2 §r§r§r§0 §r§r§r§0 §r§r§r§3 §r§r§r§9 §r§r§r§2 §r§r§r§0 §r§r§r§0 §r§r§r§3 §r§r§r§9 §r§r§r§2 §r§r§r§0 §r§r§r§0 
23:16:24 [LOBBY] §b[MVP§6+§b] _Duxxman_§f §6joined the lobby!
23:16:24 [LOBBY]   §r§f§l➤ §r§6You have reached your Hype limit! Add Hype to Prototype Lobby minigames by right-clicking with the Hype Diamond!
23:16:29 [LOBBY] §b[MVP§2+§b] ByLummix§f §6joined the lobby!
23:16:31 [LOBBY]  §b>§c>§a>§r §r§6[MVP§0++§6] macek2005§f §6joined the lobby!§r §a<§c<§b<
23:16:34 [LOBBY] §b[MVP§a+§b] Pigeon5048§f §6joined the lobby!
23:16:36 [LOBBY] §b[MVP§c+§b] Mr_Chonk_05_2§f §6joined the lobby!
23:16:37 [LOBBY] §b[MVP§2+§b] _rqd§f §6joined the lobby!
23:16:38 [LOBBY] §b[MVP§0+§b] ItsEnder§f §6joined the lobby!
23:16:41 [LOBBY] §b[MVP§c+§b] baker757§f §6joined the lobby!
23:16:44 [LOBBY] §b[MVP§2+§b] Gh0stRune§f §6joined the lobby!
23:16:45 [LOBBY] §b[MVP§f+§b] BiPee§f §6joined the lobby!
23:16:45 [LOBBY] §b[MVP§2+§b] CRASHOUTQUINT§f §6joined the lobby!
23:16:46 [LOBBY] §b[MVP§c+§b] shakuru123§f §6joined the lobby!
23:16:46 [LOBBY]  §b>§c>§a>§r §r§6[MVP§f++§6] Hydrachaze§f §6joined the lobby!§r §a<§c<§b<
23:16:47 [LOBBY] §b[MVP§6+§b] smufver§f §6joined the lobby!
23:16:49 [LOBBY] §b[MVP§8+§b] PatrullSki§f §6joined the lobby!
23:16:49 [LOBBY]  §b>§c>§a>§r §r§6[MVP§0++§6] oSugary§f §6joined the lobby!§r §a<§c<§b<
23:16:50 [LOBBY] §b[MVP§c+§b] Nxclai§f §6joined the lobby!
23:16:52 [LOBBY] §b[MVP§a+§b] phiwijo§f §6joined the lobby!
23:16:53 [LOBBY] §b[MVP§9+§b] JulianJE§f §6joined the lobby!
23:16:53 [LOBBY] §b[MVP§2+§b] Conitor§f §6joined the lobby!
23:16:55 [LOBBY]  §b>§c>§a>§r §r§6[MVP§1++§6] Ricearoni2015§f §6joined the lobby!§r §a<§c<§b<
23:16:57 [LOBBY]  §b>§c>§a>§r §r§6[MVP§6++§6] Vansi_exe§f §6joined the lobby!§r §a<§c<§b<
23:16:58 [LOBBY] §b[MVP§f+§b] ama1706§f §6joined the lobby!
23:16:59 [LOBBY] §b[MVP§c+§b] FightmeBOZ0§f §6joined the lobby!
23:17:02 [WARPING] §7Sending to server mini1016K...
23:17:03 [EMPTY] §8 §r§8 §r§1 §r§3 §r§3 §r§7 §r§8 
23:17:05 [EMPTY] 
23:17:05 [WELCOME] §eWelcome to §r§aHypixel SkyBlock§r§e!
23:17:05 [EMPTY] 
23:17:06 [PROFILE_JOIN] §aYou are playing on profile: §eApple§b (Co-op)
23:17:06 [PROFILE_JOIN] §8Profile ID: b1a71305-1956-42bf-90e4-bce6f7285754
23:17:36 [WARPING] §7Finding player...
23:17:43 [WARPING] §7Finding player...
23:17:44 [WARPING] §7Sending a visit request...
23:17:45 [WARPING] §7Sending to server mini160BD...
23:17:45 [EMPTY] §8 §r§8 §r§1 §r§3 §r§3 §r§7 §r§8 
23:17:48 [PROFILE_JOIN] §aYou are playing on profile: §eApple§b (Co-op)
23:17:48 [PROFILE_JOIN] §8Profile ID: b1a71305-1956-42bf-90e4-bce6f7285754
23:17:49 [WARPING] §7Sending to server mini40N...
23:17:50 [EMPTY] §8 §r§8 §r§1 §r§3 §r§3 §r§7 §r§8 
23:17:53 [PROFILE_JOIN] §aYou are playing on profile: §eApple§b (Co-op)
23:17:53 [PROFILE_JOIN] §8Profile ID: b1a71305-1956-42bf-90e4-bce6f7285754
23:19:46 [GUILD_EXP] §aYou earned §r§285 GEXP §r§a+ §r§e85 Event EXP §r§afrom playing SkyBlock!
23:26:05 [EMPTY] 
23:29:54 [GUILD_EXP] §aYou earned §r§250 GEXP §r§a+ §r§e50 Event EXP §r§afrom playing SkyBlock!
23:30:44 [EMPTY] §f                                        
23:30:44 [EMPTY] §f                                        
