18:20:33 §f                                  §6§lBESTIARY
18:20:33 §f                                 §b§lFly §7§8IV §8➡§b §bV
18:20:33 
18:20:33 §f                                  §r§6§lREWARDS
18:20:33 §f                          §r§6+0.4☘ Farming Fortune
18:20:33 §f                                §r§8+§r§62% §r§aFly §r§7coins
18:20:33 §f                    §r§8+§r§a50% §r§7chance for extra XP orbs
18:20:33 §f                               §r§8+§r§b1 SkyBlock XP
18:20:33 
18:20:33 §3§l▬▬▬▬▬▬▬▬▬▬▬▬▬▬▬▬▬▬▬▬▬▬▬▬▬▬▬▬▬▬▬▬▬▬▬▬▬▬▬▬▬▬▬▬▬▬▬▬▬▬▬▬▬▬▬▬▬▬▬▬▬▬▬▬
18:20:48 §f                                  §6§lBESTIARY
18:20:48 §f                              §b§lBeetle §7§8III §8➡§b §bIV
18:20:48 
18:20:48 §f                                  §r§6§lREWARDS
18:20:48 §f                          §r§6+0.4☘ Farming Fortune
18:20:48 §f                              §r§8+§r§62% §r§aBeetle §r§7coins
18:20:48 §f                    §r§8+§r§a50% §r§7chance for extra XP orbs
18:20:48 §f                               §r§8+§r§b1 SkyBlock XP
18:20:48 
18:20:48 §3§l▬▬▬▬▬▬▬▬▬▬▬▬▬▬▬▬▬▬▬▬▬▬▬▬▬▬▬▬▬▬▬▬▬▬▬▬▬▬▬▬▬▬▬▬▬▬▬▬▬▬▬▬▬▬▬▬▬▬▬▬▬▬▬▬
18:21:02 §f                                  §6§lBESTIARY
18:21:02 §f                              §b§lLocust §7§8III §8➡§b §bIV
18:21:02 
18:21:02 §f                                  §r§6§lREWARDS
18:21:02 §f                          §r§6+0.4☘ Farming Fortune
18:21:02 §f                              §r§8+§r§62% §r§aLocust §r§7coins
18:21:02 §f                    §r§8+§r§a50% §r§7chance for extra XP orbs
18:21:02 §f                               §r§8+§r§b1 SkyBlock XP
18:21:02 
18:21:02 §3§l▬▬▬▬▬▬▬▬▬▬▬▬▬▬▬▬▬▬▬▬▬▬▬▬▬▬▬▬▬▬▬▬▬▬▬▬▬▬▬▬▬▬▬▬▬▬▬▬▬▬▬▬▬▬▬▬▬▬▬▬▬▬▬▬
18:21:17 §f                                  §6§lBESTIARY
18:21:17 §f                             §b§lMosquito §7§8III §8➡§b §bIV
18:21:17 
18:21:17 §f                                  §r§6§lREWARDS
18:21:17 §f                          §r§6+0.4☘ Farming Fortune
18:21:17 §f                             §r§8+§r§62% §r§aMosquito §r§7coins
18:21:17 §f                    §r§8+§r§a50% §r§7chance for extra XP orbs
18:21:17 §f                               §r§8+§r§b1 SkyBlock XP
18:21:17 
18:21:17 §3§l▬▬▬▬▬▬▬▬▬▬▬▬▬▬▬▬▬▬▬▬▬▬▬▬▬▬▬▬▬▬▬▬▬▬▬▬▬▬▬▬▬▬▬▬▬▬▬▬▬▬▬▬▬▬▬▬▬▬▬▬▬▬▬▬
18:39:27 §f                                  §6§lBESTIARY
18:39:27 §f                                 §b§lMite §7§8IV §8➡§b §bV
18:39:27 
18:39:27 §f                                  §r§6§lREWARDS
18:39:27 §f                          §r§6+0.4☘ Farming Fortune
18:39:27 §f                                §r§8+§r§62% §r§aMite §r§7coins
18:39:27 §f                    §r§8+§r§a50% §r§7chance for extra XP orbs
18:39:27 §f                               §r§8+§r§b1 SkyBlock XP
18:39:27 
18:39:27 §3§l▬▬▬▬▬▬▬▬▬▬▬▬▬▬▬▬▬▬▬▬▬▬▬▬▬▬▬▬▬▬▬▬▬▬▬▬▬▬▬▬▬▬▬▬▬▬▬▬▬▬▬▬▬▬▬▬▬▬▬▬▬▬▬▬
18:39:58 §f                                  §6§lBESTIARY
18:39:58 §f                            §b§lEarthworm §7§8V §8➡§b §bVI
18:39:58 
18:39:58 §f                                  §r§6§lREWARDS
18:39:58 §f                          §r§6+0.4☘ Farming Fortune
18:39:58 §f                           §r§8+§r§62% §r§aEarthworm §r§7coins
18:39:58 §f                    §r§8+§r§a50% §r§7chance for extra XP orbs
18:39:58 §f                               §r§8+§r§b1 SkyBlock XP
18:39:58 
18:39:58 §3§l▬▬▬▬▬▬▬▬▬▬▬▬▬▬▬▬▬▬▬▬▬▬▬▬▬▬▬▬▬▬▬▬▬▬▬▬▬▬▬▬▬▬▬▬▬▬▬▬▬▬▬▬▬▬▬▬▬▬▬▬▬▬▬▬
