18:04:15 §7Sending to server mini220T...
18:08:26 §7Warping...
18:08:26 §7Sending to server mini141BU...
18:11:43 §7Warping you to your SkyBlock island...
18:11:43 §7Sending to server mini96A...
18:12:09 §7Warping...
18:12:09 §7Sending to server mini206B...
18:12:12 §7Warping you to your SkyBlock island...
18:12:12 §7Sending to server mini96A...
18:16:55 §7Warping...
18:16:55 §7Sending to server mini1020S...
18:18:30 §7Warping you to your SkyBlock island...
18:18:30 §7Sending to server mini156AP...
18:20:11 §7Warping...
18:20:12 §7Sending to server mini158BD...
18:21:58 §7Warping...
18:22:04 §7Warping...
18:22:11 §7Warping...
18:34:12 §7Warping...
18:38:41 §7Warping...
18:44:35 §7Warping you to your SkyBlock island...
18:44:36 §7Sending to server mini97N...
