13:10:07 §f §r§r§r§f §r§r§r§1 §r§r§r§0 §r§r§r§2 §r§r§r§f §r§r§r§f §r§r§r§2 §r§r§r§0 §r§r§r§4 §r§r§r§3 §r§r§r§9 §r§r§r§2 §r§r§r§0 §r§r§r§0 §r§r§r§3 §r§r§r§9 §r§r§r§2 §r§r§r§0 §r§r§r§0 §r§r§r§3 §r§r§r§9 §r§r§r§2 §r§r§r§0 §r§r§r§0 
13:10:33 §8 §r§8 §r§1 §r§3 §r§3 §r§7 §r§8 
13:10:35 
13:10:35 
13:14:04 
13:15:49 
13:16:45 
13:18:50 
13:19:45 
13:20:15 
13:21:47 
13:22:44 
13:22:56 §8 §r§8 §r§1 §r§3 §r§3 §r§7 §r§8 
13:23:00 §8 §r§8 §r§1 §r§3 §r§3 §r§7 §r§8 
13:25:38 §8 §r§8 §r§1 §r§3 §r§3 §r§7 §r§8 
13:26:11 §8 §r§8 §r§1 §r§3 §r§3 §r§7 §r§8 
13:29:36 §8 §r§8 §r§1 §r§3 §r§3 §r§7 §r§8 
13:29:49 §8 §r§8 §r§1 §r§3 §r§3 §r§7 §r§8 
13:36:35 §8 §r§8 §r§1 §r§3 §r§3 §r§7 §r§8 
13:37:37 §8 §r§8 §r§1 §r§3 §r§3 §r§7 §r§8 
13:37:54 §8 §r§8 §r§1 §r§3 §r§3 §r§7 §r§8 
13:38:17 §8 §r§8 §r§1 §r§3 §r§3 §r§7 §r§8 
13:39:56  
13:40:00  
13:43:15  
13:43:55 §8 §r§8 §r§1 §r§3 §r§3 §r§7 §r§8 
13:47:01 §8 §r§8 §r§1 §r§3 §r§3 §r§7 §r§8 
13:50:07  
13:52:49 §8 §r§8 §r§1 §r§3 §r§3 §r§7 §r§8 
13:56:54 §8 §r§8 §r§1 §r§3 §r§3 §r§7 §r§8 
13:58:28  
14:00:05 §f
14:00:42 §8 §r§8 §r§1 §r§3 §r§3 §r§7 §r§8 
14:07:33 
14:07:33 
14:07:33 
14:07:33 
14:07:33  
