19:10:13 [EMPTY] §f §r§r§r§f §r§r§r§1 §r§r§r§0 §r§r§r§2 §r§r§r§f §r§r§r§f §r§r§r§2 §r§r§r§0 §r§r§r§4 §r§r§r§3 §r§r§r§9 §r§r§r§2 §r§r§r§0 §r§r§r§0 §r§r§r§3 §r§r§r§9 §r§r§r§2 §r§r§r§0 §r§r§r§0 §r§r§r§3 §r§r§r§9 §r§r§r§2 §r§r§r§0 §r§r§r§0 
19:10:13 [LOBBY] §b[MVP§9+§b] Sebbebas§f §6joined the lobby!
19:10:13 [LOBBY]  §b>§c>§a>§r §r§6[MVP§1++§6] Lust§f §6joined the lobby!§r §a<§c<§b<
19:10:13 [LOBBY] §b[MVP§1+§b] Supichi§f §6joined the lobby!
19:10:15 [allowed] §cYou are sending commands too fast! Please slow down.
19:10:16 [LOBBY] §b[MVP§4+§b] fenteater§f §6joined the lobby!
19:10:17 [WARPING] §7Sending to server mini62BJ...
19:10:18 [EMPTY] §8 §r§8 §r§1 §r§3 §r§3 §r§7 §r§8 
19:10:20 [EMPTY] 
19:10:20 [WELCOME] §eWelcome to §r§aHypixel SkyBlock§r§e!
19:10:20 [EMPTY] 
19:10:20 [allowed] §eLatest update: §bSkyBlock v0.20.5 §e§lCLICK
19:10:20 [allowed] §cYou are sending commands too fast! Please slow down.
19:10:20 [allowed] §cYou are sending commands too fast! Please slow down.
19:10:21 [PROFILE_JOIN] §aYou are playing on profile: §eGrapes
19:10:21 [PROFILE_JOIN] §8Profile ID: 2d4265f8-612d-4558-8dbb-5735217c0bd8
19:10:32 [REWARD_WRAPPER] §e§l▬▬▬▬▬▬▬▬▬▬▬▬▬▬▬▬▬▬▬▬▬▬▬▬▬▬▬▬▬▬▬▬▬▬▬▬▬▬▬▬▬▬▬▬▬▬▬▬▬▬▬▬▬▬▬▬▬▬▬▬▬▬▬▬
19:10:32 [allowed]   §r§6§lCOLLECTION LEVEL UP §eIron Ingot §8VIII➜§eIX
19:10:32 [EMPTY] 
19:10:32 [POWDER_REWARD_HEADER]   §r§a§lREWARDS
19:10:32 [allowed]     §r§7§9Enchanted Hopper §7Recipe
19:10:32 [allowed]     §r§7§aPersonal Deletor 4000 §7Recipe
19:10:32 [COMPACT_COLLECTION_LEVEL_UP]     §r§7§8+§b4 SkyBlock XP
19:10:32 [REWARD_WRAPPER] §e§l▬▬▬▬▬▬▬▬▬▬▬▬▬▬▬▬▬▬▬▬▬▬▬▬▬▬▬▬▬▬▬▬▬▬▬▬▬▬▬▬▬▬▬▬▬▬▬▬▬▬▬▬▬▬▬▬▬▬▬▬▬▬▬▬
19:11:00 [allowed] §aYou have upgraded your Minion to Tier VI
19:11:19 [allowed] §8Depositing coins...
19:11:19 [allowed] §aYou have deposited §r§660k coins§r§a! You now have §r§6677k coins §r§ain your account!
19:12:01 [allowed] §7Switching to profile Banana...
19:12:01 [WARPING] §7Sending to server mini142BU...
19:12:02 [EMPTY] §8 §r§8 §r§1 §r§3 §r§3 §r§7 §r§8 
19:12:02 [allowed] §aSince you've been away you earned §r§678,000 coins §r§aas interest in your personal bank account!
19:12:04 [allowed] §cYou are sending commands too fast! Please slow down.
19:12:05 [allowed] §aYour profile was changed to: §eBanana§b (Co-op)
19:12:05 [PROFILE_JOIN] §8Profile ID: b1a71305-1956-42bf-90e4-bce6f7285754
19:12:06 [allowed] §6§lALLOWANCE! §r§eYou earned §r§650,000 coins§r§e!
19:12:07 [SKYMALL] §bNew day! §r§eYour §r§2Sky Mall §r§ebuff changed!
19:12:07 [SKYMALL] §eNew buff§r§r§r: §r§fGain §r§a+15% §r§fmore Powder while mining.
19:12:07 [SKYMALL] §8§oYou can disable this messaging by toggling Sky Mall in your /hotm!
19:13:02 [allowed] §a§r§6Mining Speed Boost §r§ais now available!
19:15:02 [allowed] §aYour §r§5Great Spook Tree §r§ahas just sprouted a fruit!
19:15:02 [SKYMALL] §bNew day! §r§eYour §r§2Sky Mall §r§ebuff changed!
19:15:02 [SKYMALL] §eNew buff§r§r§r: §r§fGain §r§a+100 §r§6⸕ Mining Speed§r§f.
19:15:02 [SKYMALL] §8§oYou can disable this messaging by toggling Sky Mall in your /hotm!
19:16:49 [allowed] §9§m-----------------------------------------------------
19:16:49 [allowed] §cThis person has friend requests disabled!
19:16:49 [allowed] §9§m-----------------------------------------------------
19:16:58 [WARPING] §7Finding player...
19:16:59 [WARPING] §7Sending a visit request...
19:17:00 [WARPING] §7Sending to server mini144DD...
19:17:01 [EMPTY] §8 §r§8 §r§1 §r§3 §r§3 §r§7 §r§8 
19:17:01 [allowed] §f§m-----------------------------------------------------
§r§cYou should NEVER enter your Microsoft account details anywhere but on official Microsoft services!

§r§cExternal links from untrusted sources should be avoided.
§r§f§m-----------------------------------------------------
19:17:02 [allowed] §cYou are sending commands too fast! Please slow down.
19:17:03 [PROFILE_JOIN] §aYou are playing on profile: §eBanana§b (Co-op)
19:17:03 [PROFILE_JOIN] §8Profile ID: b1a71305-1956-42bf-90e4-bce6f7285754
19:18:00 [allowed] §a§r§6Mining Speed Boost §r§ais now available!
19:18:00 [WARPING] §7Warping you to your SkyBlock island...
19:18:00 [WARPING] §7Sending to server mini216G...
19:18:01 [EMPTY] §8 §r§8 §r§1 §r§3 §r§3 §r§7 §r§8 
19:18:03 [allowed] §cYou are sending commands too fast! Please slow down.
19:18:04 [PROFILE_JOIN] §aYou are playing on profile: §eBanana§b (Co-op)
19:18:04 [PROFILE_JOIN] §8Profile ID: b1a71305-1956-42bf-90e4-bce6f7285754
19:18:27 [WARPING] §7Sending to server mini13DS...
19:18:27 [EMPTY] §8 §r§8 §r§1 §r§3 §r§3 §r§7 §r§8 
19:18:29 [allowed] §cYou are sending commands too fast! Please slow down.
19:18:30 [PROFILE_JOIN] §aYou are playing on profile: §eBanana§b (Co-op)
19:18:30 [PROFILE_JOIN] §8Profile ID: b1a71305-1956-42bf-90e4-bce6f7285754
19:19:27 [allowed] §a§r§6Mining Speed Boost §r§ais now available!
19:20:01 [allowed] §aYou bought §r§fOak Wood§r§8 x10 §r§afor §r§650 Coins§r§a!
19:20:01 [allowed] §aYou bought §r§fOak Wood§r§8 x10 §r§afor §r§650 Coins§r§a!
19:20:12 [WARPING] §7Warping you to your SkyBlock island...
19:20:12 [WARPING] §7Sending to server mini205J...
19:20:13 [EMPTY] §8 §r§8 §r§1 §r§3 §r§3 §r§7 §r§8 
19:20:14 [allowed] §cYou are sending commands too fast! Please slow down.
19:20:15 [PROFILE_JOIN] §aYou are playing on profile: §eBanana§b (Co-op)
19:20:15 [PROFILE_JOIN] §8Profile ID: b1a71305-1956-42bf-90e4-bce6f7285754
19:20:27 [allowed] §6[Bazaar] §r§7Claiming order...
19:20:27 [allowed] §6[Bazaar] §r§7§r§7Claimed §r§a1,792§r§7x §r§9Enchanted Mithril §r§7worth §r§63,324,518 coins §r§7bought for §r§61,855.2 §r§7each!
19:20:31 [allowed] §6[Bazaar] §r§7Claiming order...
19:20:31 [allowed] §6[Bazaar] §r§7§r§7Claimed §r§a1,792§r§7x §r§9Enchanted Mithril §r§7worth §r§63,324,518 coins §r§7bought for §r§61,855.2 §r§7each!
19:20:41 [allowed] §6[Bazaar] §r§7Claiming order...
19:20:41 [allowed] §6[Bazaar] §r§7§r§7Claimed §r§a1,664§r§7x §r§9Enchanted Mithril §r§7worth §r§63,087,053 coins §r§7bought for §r§61,855.2 §r§7each!
19:20:48 [allowed] §6[Bazaar] §r§7Claiming order...
19:20:48 [allowed] §6[Bazaar] §r§7§r§7Claimed §r§a1,792§r§7x §r§9Enchanted Mithril §r§7worth §r§63,324,518 coins §r§7bought for §r§61,855.2 §r§7each!
19:20:57 [allowed] §6[Bazaar] §r§7Claiming order...
19:20:57 [allowed] §6[Bazaar] §r§7§r§7Claimed §r§a1,792§r§7x §r§9Enchanted Mithril §r§7worth §r§63,324,518 coins §r§7bought for §r§61,855.2 §r§7each!
19:21:01 [allowed] §6[Bazaar] §r§7Claiming order...
19:21:01 [allowed] §6[Bazaar] §r§7§r§7Claimed §r§a512§r§7x §r§9Enchanted Mithril §r§7worth §r§6949,862 coins §r§7bought for §r§61,855.2 §r§7each!
19:21:12 [allowed] §a§r§6Mining Speed Boost §r§ais now available!
19:22:09 [WARPING] §7Warping...
19:22:09 [WARPING] §7Sending to server mini82R...
19:22:10 [EMPTY] §8 §r§8 §r§1 §r§3 §r§3 §r§7 §r§8 
19:22:12 [allowed] §cYou are sending commands too fast! Please slow down.
19:22:13 [PROFILE_JOIN] §aYou are playing on profile: §eBanana§b (Co-op)
19:22:13 [PROFILE_JOIN] §8Profile ID: b1a71305-1956-42bf-90e4-bce6f7285754
19:22:17 [WARPING] §7Warping...
19:23:06 [allowed] §c ☠ §r§7§r§aPlys§r§7 was killed by Glacite Walker§r§7§r§7.
19:23:10 [allowed] §a§r§6Mining Speed Boost §r§ais now available!
19:24:02 [allowed] §c ☠ §r§7§r§aPlys§r§7 was killed by Glacite Walker§r§7§r§7.
19:24:16 [allowed] §5§l✯ §r§eA §r§5Fallen Star §r§ehas crashed at §r§bGoblin Burrows§r§e! Nearby ore and Powder drops are amplified!
19:24:36 [WARPING] §7Finding player...
19:24:36 [allowed] §aThe wind has changed direction!
19:24:37 [WARPING] §7Sending a visit request...
19:24:38 [WARPING] §7Sending to server mini1013B...
19:24:39 [EMPTY] §8 §r§8 §r§1 §r§3 §r§3 §r§7 §r§8 
19:24:39 [allowed] §f§m-----------------------------------------------------
§r§cYou should NEVER enter your Microsoft account details anywhere but on official Microsoft services!

§r§cExternal links from untrusted sources should be avoided.
§r§f§m-----------------------------------------------------
19:24:40 [allowed] §cYou are sending commands too fast! Please slow down.
19:24:41 [PROFILE_JOIN] §aYou are playing on profile: §eBanana§b (Co-op)
19:24:41 [PROFILE_JOIN] §8Profile ID: b1a71305-1956-42bf-90e4-bce6f7285754
19:24:44 [allowed] §d§lYum! §r§eYou gain §r§f+10✦ Speed §r§efor §r§a48 §r§ehours!
19:24:44 [allowed] §d§lYum! §r§eYou gain §r§c+2⫽ Ferocity §r§efor §r§a48 §r§ehours!
19:24:45 [allowed] §d§lYum! §r§eYou gain §r§c+2❁ Strength §r§efor §r§a48 §r§ehours!
19:24:46 [allowed] §d§lYum! §r§eYou gain §r§6+5☘ Foraging Fortune §r§efor §r§a48 §r§ehours!
19:24:47 [allowed] §d§lYum! §r§eYou gain §r§f+1❂ True Defense §r§efor §r§a48 §r§ehours!
19:24:47 [allowed] §d§lYum! §r§eYou gain §r§b+1✯ Magic Find §r§efor §r§a48 §r§ehours!
19:24:48 [allowed] §d§lYum! §r§eYou gain §r§6+5☘ Farming Fortune §r§efor §r§a48 §r§ehours!
19:24:48 [allowed] §d§lYum! §r§eYou gain §r§4+1♨ Vitality §r§efor §r§a48 §r§ehours!
19:24:49 [allowed] §d§lYum! §r§eYou gain §r§6+5☘ Mining Fortune §r§efor §r§a48 §r§ehours!
19:24:49 [allowed] §d§lYum! §r§eYou gain §r§3+1α Sea Creature Chance §r§efor §r§a48 §r§ehours!
19:24:50 [allowed] §d§lYum! §r§eYou gain §r§d+1♣ Pet Luck §r§efor §r§a48 §r§ehours!
19:24:51 [allowed] §d§lYum! §r§eYou gain §r§c+10❤ Health §r§efor §r§a48 §r§ehours!
19:24:51 [allowed] §d§lYum! §r§eYou gain §r§b+5✎ Intelligence §r§efor §r§a48 §r§ehours!
19:24:52 [allowed] §d§lYum! §r§eYou gain §r§a+3❈ Defense §r§efor §r§a48 §r§ehours!
19:25:33 [WARPING] §7Warping...
19:25:34 [WARPING] §7Sending to server mini84BP...
19:25:35 [EMPTY] §8 §r§8 §r§1 §r§3 §r§3 §r§7 §r§8 
19:25:36 [allowed] §cYou are sending commands too fast! Please slow down.
19:25:37 [PROFILE_JOIN] §aYou are playing on profile: §eBanana§b (Co-op)
19:25:37 [PROFILE_JOIN] §8Profile ID: b1a71305-1956-42bf-90e4-bce6f7285754
19:25:51 [allowed] §aYou summoned your §r§6Mooshroom Cow§r§a!
19:26:10 [GARDEN_VISITOR_MESSAGE] §e[NPC] §aShaggy§f: §r§fHey kid, I haven't seen you in a while. Arachne's powers are growing day by day. Soon she'll take over the §cSpider's Den§f.
19:26:13 [GARDEN_VISITOR_MESSAGE] §e[NPC] §aEmissary Wilson§f: §r§fThe King's least favorite vegetable is carrot, so he sent me, his favorite emissary, to make it better!
19:26:14 [GARDEN_VISITOR_MESSAGE] §e[NPC] §aLeo§f: §r§fSadly you can't gather logs in the §bGarden§f, however there are plenty of crops here!
19:26:16 [GARDEN_VISITOR_MESSAGE] §e[NPC] §9Dalbrek§f: §r§fI saw some weird guy in a mask go into a tiny hole inside the Dwarven Mines, maybe he's part of the Cult of the Fallen Star?
19:26:18 [GARDEN_VISITOR_MESSAGE] §e[NPC] §9Tia the Fairy§f: §rYou are currently missing §d4 §fFairy Souls. Better get to work!
19:26:20 [allowed] §cYou don't have enough of the required item!
19:26:32 [PEST_DROP] §eYou received §a6x Enchanted Red Mushroom §efor killing a §6Slug§e!
19:26:34 [allowed] §a§r§6Mining Speed Boost §r§ais now available!
19:26:44 [PEST_DROP] §eYou received §a9x Enchanted Red Mushroom §efor killing a §6Slug§e!
19:26:59 [PEST_DROP] §eYou received §a11x Enchanted Red Mushroom §efor killing a §6Slug§e!
19:26:59 [allowed] §6§lRARE DROP! §9Enchanted Brown Mushroom Block §6(§6+944☘)
19:27:02 [PEST_DROP] §eYou received §a11x Enchanted Potato §efor killing a §6Locust§e!
19:27:22 [allowed] §aYour Garden is no longer infested and your §r§6☘ Farming Fortune §r§ahas returned to normal!
19:27:22 [PEST_DROP] §eYou received §a12x Enchanted Red Mushroom §efor killing a §6Slug§e!
19:27:23 [PEST_DROP] §eYou received §a12x Enchanted Red Mushroom §efor killing a §6Slug§e!
19:27:34 [PEST_DROP] §eYou received §a13x Enchanted Red Mushroom §efor killing a §6Slug§e!
19:27:43 [PEST_DROP] §eYou received §a12x Enchanted Red Mushroom §efor killing a §6Slug§e!
19:28:09 [allowed] §e[NPC] §6Phillip§f: §rThanks for the §6Pests§f, §bSebbebas§f!
19:28:10 [WARPING] §7Warping...
19:28:12 [allowed] §e[NPC] §6Phillip§f: §rIn exchange for §632 Pests§f, I've given you §6+184☘ Farming Fortune §ffor §a60m§f!
19:28:17 [allowed] §e[NPC] §6Phillip§f: §rVacuum more Pests and exchange them with me to gain even more §6☘ Farming Fortune§f!
19:28:49 [allowed] §6§lGROSS! §7A §6Pest §7has appeared in §aPlot §7- §bCompactFarm1§7!
19:28:49 [allowed]   §r§e§lCLICK HERE §eto teleport to the plot!
19:30:35 [GUILD_EXP] §aYou earned §r§2558 GEXP §r§afrom playing SkyBlock!
19:31:26 [allowed] §6§lRARE CROP! §r§f§r§9Cropie §r§b(Armor Set Bonus)
19:33:32 [allowed] §6§lRARE CROP! §r§f§r§9Cropie §r§b(Armor Set Bonus)
19:34:33 [allowed] §6§lRARE CROP! §r§f§r§9Cropie §r§b(Armor Set Bonus)
19:34:56 [allowed] §6§lGROSS! §7A §6Pest §7has appeared in §aPlot §7- §bCooke farm 2§7!
19:34:56 [allowed]   §r§e§lCLICK HERE §eto teleport to the plot!
19:35:02 [SKYMALL] §bNew day! §r§eYour §r§2Sky Mall §r§ebuff changed!
19:35:02 [SKYMALL] §eNew buff§r§r§r: §r§fReduce Pickaxe Ability cooldown by §r§a20%§r§f.
19:35:02 [SKYMALL] §8§oYou can disable this messaging by toggling Sky Mall in your /hotm!
19:35:10 [allowed] §6§lRARE CROP! §r§f§r§9Cropie §r§b(Armor Set Bonus)
19:35:35 [GUILD_EXP] §aYou earned §r§2750 GEXP §r§afrom playing SkyBlock!
19:38:51 [WARPING] §7Warping...
19:40:33 [allowed] §6§lGROSS! §7A §6Pest §7has appeared in §aPlot §7- §bCompactFarm5§7!
19:40:33 [allowed]   §r§e§lCLICK HERE §eto teleport to the plot!
19:40:35 [GUILD_EXP] §aYou earned §r§2750 GEXP §r§afrom playing SkyBlock!
19:41:18 [WARPING] §7Warping...
19:41:19 [WARPING] §7Sending to server mini71DA...
19:41:19 [EMPTY] §8 §r§8 §r§1 §r§3 §r§3 §r§7 §r§8 
19:41:21 [allowed] §cYou are sending commands too fast! Please slow down.
19:41:22 [PROFILE_JOIN] §aYou are playing on profile: §eBanana§b (Co-op)
19:41:22 [PROFILE_JOIN] §8Profile ID: b1a71305-1956-42bf-90e4-bce6f7285754
19:41:23 [allowed] §cThere are blocks in the way!
19:41:28 [allowed] §eYou selected the §r§aForceful §r§epower for your §r§aAccessory Bag§r§e!
19:42:06 [WARPING] §7Warping...
19:42:07 [WARPING] §7Sending to server mini23CQ...
19:42:08 [EMPTY] §8 §r§8 §r§1 §r§3 §r§3 §r§7 §r§8 
19:42:09 [allowed] §cYou are sending commands too fast! Please slow down.
19:42:10 [PROFILE_JOIN] §aYou are playing on profile: §eBanana§b (Co-op)
19:42:10 [PROFILE_JOIN] §8Profile ID: b1a71305-1956-42bf-90e4-bce6f7285754
19:42:37 [allowed] §cThis ability is on cooldown for 1s.
19:42:43 [PEST_DROP] §eYou received §a14x Enchanted Potato §efor killing a §6Locust§e!
19:42:53 [allowed] §cThis ability is on cooldown for 1s.
19:43:05 [PEST_DROP] §eYou received §a14x Enchanted Red Mushroom §efor killing a §6Slug§e!
19:43:07 [allowed] §a§r§6Mining Speed Boost §r§ais now available!
19:43:16 [PEST_DROP] §eYou received §a14x Enchanted Melon §efor killing an §6Earthworm§e!
19:43:17 [WARPING] §7Warping...
19:47:08 [GUILD_EXP] §aYou earned §r§2538 GEXP §r§afrom playing SkyBlock!
19:48:19 [allowed] §6§lGROSS! §7A §6Pest §7has appeared in §aPlot §7- §bCompactFarm5§7!
19:48:19 [allowed]   §r§e§lCLICK HERE §eto teleport to the plot!
19:48:55 [allowed] §6§lRARE CROP! §r§f§r§9Cropie §r§b(Armor Set Bonus)
19:50:55 [allowed] §6§lRARE CROP! §r§f§r§9Cropie §r§b(Armor Set Bonus)
19:52:09 [GUILD_EXP] §aYou earned §r§2750 GEXP §r§afrom playing SkyBlock!
19:52:55 [WARPING] §7Warping...
19:53:00 [allowed] §6§lRARE CROP! §r§f§r§9Cropie §r§b(Armor Set Bonus)
19:53:48 [allowed] §6§lRARE CROP! §r§f§r§9Cropie §r§b(Armor Set Bonus)
19:53:57 [allowed] §6§lRARE CROP! §r§f§r§9Cropie §r§b(Armor Set Bonus)
19:54:31 [allowed] §6§lGROSS! §7A §6Pest §7has appeared in §aPlot §7- §bCompactFarm3§7!
19:54:31 [allowed]   §r§e§lCLICK HERE §eto teleport to the plot!
19:55:02 [SKYMALL] §bNew day! §r§eYour §r§2Sky Mall §r§ebuff changed!
19:55:02 [SKYMALL] §eNew buff§r§r§r: §r§fGain §r§a+50 §r§6☘ Mining Fortune§r§f.
19:55:02 [SKYMALL] §8§oYou can disable this messaging by toggling Sky Mall in your /hotm!
19:55:55 [allowed] §2Guild > §r§bLegohjalten §r§ejoined.
19:56:11 [allowed] §6§lRARE CROP! §r§f§r§9Cropie §r§b(Armor Set Bonus)
19:57:10 [GUILD_EXP] §aYou earned §r§2750 GEXP §r§afrom playing SkyBlock!
19:57:25 [allowed] §6§lRARE CROP! §r§f§r§9Cropie §r§b(Armor Set Bonus)
19:59:19 [allowed] §6§lRARE CROP! §r§f§r§9Cropie §r§b(Armor Set Bonus)
19:59:50 [allowed] §eMaxed the Supercraft to §r§b133x crafts§r§e!
19:59:51 [allowed] §eMaxed the Supercraft to §r§b133x crafts§r§e!
19:59:52 [allowed] §eYou Supercrafted §r§r§r§aEnchanted Baked Potato §r§8x133§r§e!
20:00:10 [allowed] §6§lRARE CROP! §r§f§r§9Cropie §r§b(Armor Set Bonus)
20:00:15 [allowed] §6§lGROSS! §7A §6Pest §7has appeared in §aPlot §7- §bCompactFarm3§7!
20:00:15 [allowed]   §r§e§lCLICK HERE §eto teleport to the plot!
20:01:08 [EMPTY] §f
20:01:08 [WATCHDOG] §4[WATCHDOG ANNOUNCEMENT]
20:01:08 [WATCHDOG] §fWatchdog has banned §r§c§l16,705§r§f players in the last 7 days.
20:01:08 [WATCHDOG] §fStaff have banned an additional §r§c§l15,580§r§f in the last 7 days.
20:01:08 [WATCHDOG] §cBlacklisted modifications are a bannable offense!
20:01:08 [WATCHDOG] §c
20:02:12 [GUILD_EXP] §aYou earned §r§2748 GEXP §r§afrom playing SkyBlock!
20:02:40 [allowed] §aYour §r§6Owl §r§aleveled up to level §r§995§r§a!
20:03:40 [WARPING] §7Warping...
20:05:28 [allowed] §6§lRARE CROP! §r§f§r§9Cropie §r§b(Armor Set Bonus)
20:07:13 [GUILD_EXP] §aYou earned §r§2750 GEXP §r§afrom playing SkyBlock!
20:08:25 [allowed] §6§lRARE CROP! §r§f§r§9Cropie §r§b(Armor Set Bonus)
20:10:23 [allowed] §2Guild > §r§bLegohjalten §r§eleft.
20:10:32 [allowed] §6§lGROSS! §7A §6Pest §7has appeared in §aPlot §7- §bCompactFarm4§7!
20:10:32 [allowed]   §r§4§lൠ §6☘ Farming Fortune §7has been reduced by §45%§7!
20:10:32 [allowed]   §r§e§lCLICK HERE §eto teleport to the plot!
20:12:14 [GUILD_EXP] §aYou earned §r§2738 GEXP §r§afrom playing SkyBlock!
20:12:30 [allowed] §6§lRARE CROP! §r§f§r§9Cropie §r§b(Armor Set Bonus)
20:14:33 [WARPING] §7Warping...
20:14:41 [allowed] §cThis ability is on cooldown for 1s.
20:14:51 [allowed] §aYour Garden is no longer infested and your §r§6☘ Farming Fortune §r§ahas returned to normal!
20:14:51 [PEST_DROP] §eYou received §a14x Enchanted Cocoa Beans §efor killing a §6Moth§e!
20:14:57 [PEST_DROP] §eYou received §a14x Enchanted Brown Mushroom §efor killing a §6Slug§e!
20:15:03 [SKYMALL] §bNew day! §r§eYour §r§2Sky Mall §r§ebuff changed!
20:15:03 [SKYMALL] §eNew buff§r§r§r: §r§fGain §r§a+100 §r§6⸕ Mining Speed§r§f.
20:15:03 [SKYMALL] §8§oYou can disable this messaging by toggling Sky Mall in your /hotm!
20:15:08 [allowed] §e[NPC] Jacob§f: §rMy contest has started!
20:15:10 [allowed] §e[NPC] Jacob§f: §r§eFinnegan §fis forcing me to be more lenient with rankings...
20:15:11 [PEST_DROP] §eYou received §a14x Enchanted Red Mushroom §efor killing a §6Slug§e!
20:15:14 [allowed] §e[NPC] Jacob§f: §rYour §9Anita's Artifact §fis giving you §6+25☘ Mushroom Fortune §fduring the contest!
20:15:35 [PEST_DROP] §eYou received §a14x Enchanted Sugar §efor killing a §6Mosquito§e!
20:15:35 [allowed] §6§lRARE DROP! §5Clipped Wings §6(§6+1,309☘)
20:15:39 [allowed] §cYou must double tap the drop button to drop this item!
20:15:39 [allowed] §cYou can disable this in the §r§fSettings§r§c in your §r§aSkyBlock Menu§r§c!
20:15:40 [allowed] §cYou must double tap the drop button to drop this item!
20:15:40 [allowed] §cYou can disable this in the §r§fSettings§r§c in your §r§aSkyBlock Menu§r§c!
20:15:44 [WARPING] §7Warping...
20:17:15 [GUILD_EXP] §aYou earned §r§2750 GEXP §r§afrom playing SkyBlock!
20:17:31 [allowed] §6§lGROSS! §7A §6Pest §7has appeared in §aPlot §7- §bCompactFarm2§7!
20:17:31 [allowed]   §r§e§lCLICK HERE §eto teleport to the plot!
20:18:23 [allowed] §6§lRARE CROP! §r§f§r§9Cropie §r§b(Armor Set Bonus)
20:20:09 [allowed] §6§lRARE CROP! §r§f§r§9Cropie §r§b(Armor Set Bonus)
20:21:26 [allowed] §3§l▬▬▬▬▬▬▬▬▬▬▬▬▬▬▬▬▬▬▬▬▬▬▬▬▬▬▬▬▬▬▬▬▬▬▬▬▬▬▬▬▬▬▬▬▬▬▬▬▬▬▬▬▬▬▬▬▬▬▬▬▬▬▬▬
20:21:26 [allowed]   §r§b§lGARDEN MILESTONE §3Potato §8XXVI➜§3XXVII
20:21:26 [allowed]   §r§6Milestone XXVIII in §r§a7M Potatoes
20:21:26 [EMPTY] 
20:21:26 [allowed]   §r§a§lREWARDS
20:21:26 [allowed]     §r§8+§r§2270 §r§7Garden Experience
20:21:26 [allowed]     §r§8+§r§350,000 §r§7Farming Experience
20:21:26 [allowed]     §r§8+§r§b1 SkyBlock XP
20:21:26 [allowed] §3§l▬▬▬▬▬▬▬▬▬▬▬▬▬▬▬▬▬▬▬▬▬▬▬▬▬▬▬▬▬▬▬▬▬▬▬▬▬▬▬▬▬▬▬▬▬▬▬▬▬▬▬▬▬▬▬▬▬▬▬▬▬▬▬▬
20:22:16 [GUILD_EXP] §aYou earned §r§2738 GEXP §r§afrom playing SkyBlock!
20:22:32 [allowed] §6§lGROSS! §7A §6Pest §7has appeared in §aPlot §7- §bCompactFarm4§7!
20:22:32 [allowed]   §r§e§lCLICK HERE §eto teleport to the plot!
20:23:46 [allowed] §6§lRARE CROP! §r§f§r§9Cropie §r§b(Armor Set Bonus)
20:27:17 [GUILD_EXP] §aYou earned §r§2750 GEXP §r§afrom playing SkyBlock!
20:27:45 [allowed] §6§lRARE CROP! §r§f§r§9Cropie §r§b(Armor Set Bonus)
20:27:58 [WARPING] §7Warping...
20:29:25 [allowed] §6§lGROSS! §7A §6Pest §7has appeared in §aPlot §7- §bCompactFarm3§7!
20:29:25 [allowed]   §r§e§lCLICK HERE §eto teleport to the plot!
20:32:18 [GUILD_EXP] §aYou earned §r§2750 GEXP §r§afrom playing SkyBlock!
20:32:31 [allowed] §6§lRARE CROP! §r§f§r§9Cropie §r§b(Armor Set Bonus)
20:34:38 [allowed] §6§lRARE CROP! §r§f§r§9Cropie §r§b(Armor Set Bonus)
20:35:02 [allowed] §e[NPC] Jacob§r§f: The Farming Contest is over!
20:35:02 [allowed] §e[NPC] Jacob§r§f: Let me count the final results eh?
20:35:02 [SKYMALL] §bNew day! §r§eYour §r§2Sky Mall §r§ebuff changed!
20:35:02 [SKYMALL] §eNew buff§r§r§r: §r§fGain §r§a+50 §r§6☘ Mining Fortune§r§f.
20:35:02 [SKYMALL] §8§oYou can disable this messaging by toggling Sky Mall in your /hotm!
20:35:06 [allowed] §e[NPC] Jacob§f: §rYou placed in the §c§lBRONZE §fbracket in the §aMushroom Contest§f!
20:35:10 [allowed] §e[NPC] Jacob§f: §rYou collected §e22,241 §fitems!
20:35:11 [allowed] §6§lGROSS! §7A §6Pest §7has appeared in §aPlot §7- §bCompactFarm3§7!
20:35:11 [allowed]   §r§4§lൠ §6☘ Farming Fortune §7has been reduced by §45%§7!
20:35:11 [allowed]   §r§e§lCLICK HERE §eto teleport to the plot!
20:35:15 [WARPING] §7Warping...
20:35:40 [allowed] §eMaxed the Supercraft to §r§b66x crafts§r§e!
20:35:41 [allowed] §eYou Supercrafted §r§r§r§aEnchanted Baked Potato §r§8x66§r§e!
