19:10:13 [EMPTY] §f §r§r§r§f §r§r§r§1 §r§r§r§0 §r§r§r§2 §r§r§r§f §r§r§r§f §r§r§r§2 §r§r§r§0 §r§r§r§4 §r§r§r§3 §r§r§r§9 §r§r§r§2 §r§r§r§0 §r§r§r§0 §r§r§r§3 §r§r§r§9 §r§r§r§2 §r§r§r§0 §r§r§r§0 §r§r§r§3 §r§r§r§9 §r§r§r§2 §r§r§r§0 §r§r§r§0 
19:10:13 [LOBBY] §b[MVP§9+§b] Sebbebas§f §6joined the lobby!
19:10:13 [LOBBY]  §b>§c>§a>§r §r§6[MVP§1++§6] Lust§f §6joined the lobby!§r §a<§c<§b<
19:10:13 [LOBBY] §b[MVP§1+§b] Supichi§f §6joined the lobby!
19:10:16 [LOBBY] §b[MVP§4+§b] fenteater§f §6joined the lobby!
19:10:17 [WARPING] §7Sending to server mini62BJ...
19:10:18 [EMPTY] §8 §r§8 §r§1 §r§3 §r§3 §r§7 §r§8 
19:10:20 [EMPTY] 
19:10:20 [WELCOME] §eWelcome to §r§aHypixel SkyBlock§r§e!
19:10:20 [EMPTY] 
19:10:21 [PROFILE_JOIN] §aYou are playing on profile: §eGrapes
19:10:21 [PROFILE_JOIN] §8Profile ID: 2d4265f8-612d-4558-8dbb-5735217c0bd8
19:10:32 [REWARD_WRAPPER] §e§l▬▬▬▬▬▬▬▬▬▬▬▬▬▬▬▬▬▬▬▬▬▬▬▬▬▬▬▬▬▬▬▬▬▬▬▬▬▬▬▬▬▬▬▬▬▬▬▬▬▬▬▬▬▬▬▬▬▬▬▬▬▬▬▬
19:10:32 [EMPTY] 
19:10:32 [POWDER_REWARD_HEADER]   §r§a§lREWARDS
19:10:32 [COMPACT_COLLECTION_LEVEL_UP]     §r§7§8+§b4 SkyBlock XP
19:10:32 [REWARD_WRAPPER] §e§l▬▬▬▬▬▬▬▬▬▬▬▬▬▬▬▬▬▬▬▬▬▬▬▬▬▬▬▬▬▬▬▬▬▬▬▬▬▬▬▬▬▬▬▬▬▬▬▬▬▬▬▬▬▬▬▬▬▬▬▬▬▬▬▬
19:12:01 [WARPING] §7Sending to server mini142BU...
19:12:02 [EMPTY] §8 §r§8 §r§1 §r§3 §r§3 §r§7 §r§8 
19:12:05 [PROFILE_JOIN] §8Profile ID: b1a71305-1956-42bf-90e4-bce6f7285754
19:12:07 [SKYMALL] §bNew day! §r§eYour §r§2Sky Mall §r§ebuff changed!
19:12:07 [SKYMALL] §eNew buff§r§r§r: §r§fGain §r§a+15% §r§fmore Powder while mining.
19:12:07 [SKYMALL] §8§oYou can disable this messaging by toggling Sky Mall in your /hotm!
19:15:02 [SKYMALL] §bNew day! §r§eYour §r§2Sky Mall §r§ebuff changed!
19:15:02 [SKYMALL] §eNew buff§r§r§r: §r§fGain §r§a+100 §r§6⸕ Mining Speed§r§f.
19:15:02 [SKYMALL] §8§oYou can disable this messaging by toggling Sky Mall in your /hotm!
19:16:58 [WARPING] §7Finding player...
19:16:59 [WARPING] §7Sending a visit request...
19:17:00 [WARPING] §7Sending to server mini144DD...
19:17:01 [EMPTY] §8 §r§8 §r§1 §r§3 §r§3 §r§7 §r§8 
19:17:03 [PROFILE_JOIN] §aYou are playing on profile: §eBanana§b (Co-op)
19:17:03 [PROFILE_JOIN] §8Profile ID: b1a71305-1956-42bf-90e4-bce6f7285754
19:18:00 [WARPING] §7Warping you to your SkyBlock island...
19:18:00 [WARPING] §7Sending to server mini216G...
19:18:01 [EMPTY] §8 §r§8 §r§1 §r§3 §r§3 §r§7 §r§8 
19:18:04 [PROFILE_JOIN] §aYou are playing on profile: §eBanana§b (Co-op)
19:18:04 [PROFILE_JOIN] §8Profile ID: b1a71305-1956-42bf-90e4-bce6f7285754
19:18:27 [WARPING] §7Sending to server mini13DS...
19:18:27 [EMPTY] §8 §r§8 §r§1 §r§3 §r§3 §r§7 §r§8 
19:18:30 [PROFILE_JOIN] §aYou are playing on profile: §eBanana§b (Co-op)
19:18:30 [PROFILE_JOIN] §8Profile ID: b1a71305-1956-42bf-90e4-bce6f7285754
19:20:12 [WARPING] §7Warping you to your SkyBlock island...
19:20:12 [WARPING] §7Sending to server mini205J...
19:20:13 [EMPTY] §8 §r§8 §r§1 §r§3 §r§3 §r§7 §r§8 
19:20:15 [PROFILE_JOIN] §aYou are playing on profile: §eBanana§b (Co-op)
19:20:15 [PROFILE_JOIN] §8Profile ID: b1a71305-1956-42bf-90e4-bce6f7285754
19:22:09 [WARPING] §7Warping...
19:22:09 [WARPING] §7Sending to server mini82R...
19:22:10 [EMPTY] §8 §r§8 §r§1 §r§3 §r§3 §r§7 §r§8 
19:22:13 [PROFILE_JOIN] §aYou are playing on profile: §eBanana§b (Co-op)
19:22:13 [PROFILE_JOIN] §8Profile ID: b1a71305-1956-42bf-90e4-bce6f7285754
19:22:17 [WARPING] §7Warping...
19:24:36 [WARPING] §7Finding player...
19:24:37 [WARPING] §7Sending a visit request...
19:24:38 [WARPING] §7Sending to server mini1013B...
19:24:39 [EMPTY] §8 §r§8 §r§1 §r§3 §r§3 §r§7 §r§8 
19:24:41 [PROFILE_JOIN] §aYou are playing on profile: §eBanana§b (Co-op)
19:24:41 [PROFILE_JOIN] §8Profile ID: b1a71305-1956-42bf-90e4-bce6f7285754
19:25:33 [WARPING] §7Warping...
19:25:34 [WARPING] §7Sending to server mini84BP...
19:25:35 [EMPTY] §8 §r§8 §r§1 §r§3 §r§3 §r§7 §r§8 
19:25:37 [PROFILE_JOIN] §aYou are playing on profile: §eBanana§b (Co-op)
19:25:37 [PROFILE_JOIN] §8Profile ID: b1a71305-1956-42bf-90e4-bce6f7285754
19:26:10 [GARDEN_VISITOR_MESSAGE] §e[NPC] §aShaggy§f: §r§fHey kid, I haven't seen you in a while. Arachne's powers are growing day by day. Soon she'll take over the §cSpider's Den§f.
19:26:13 [GARDEN_VISITOR_MESSAGE] §e[NPC] §aEmissary Wilson§f: §r§fThe King's least favorite vegetable is carrot, so he sent me, his favorite emissary, to make it better!
19:26:14 [GARDEN_VISITOR_MESSAGE] §e[NPC] §aLeo§f: §r§fSadly you can't gather logs in the §bGarden§f, however there are plenty of crops here!
19:26:16 [GARDEN_VISITOR_MESSAGE] §e[NPC] §9Dalbrek§f: §r§fI saw some weird guy in a mask go into a tiny hole inside the Dwarven Mines, maybe he's part of the Cult of the Fallen Star?
19:26:18 [GARDEN_VISITOR_MESSAGE] §e[NPC] §9Tia the Fairy§f: §rYou are currently missing §d4 §fFairy Souls. Better get to work!
19:26:32 [PEST_DROP] §eYou received §a6x Enchanted Red Mushroom §efor killing a §6Slug§e!
19:26:44 [PEST_DROP] §eYou received §a9x Enchanted Red Mushroom §efor killing a §6Slug§e!
19:26:59 [PEST_DROP] §eYou received §a11x Enchanted Red Mushroom §efor killing a §6Slug§e!
19:27:02 [PEST_DROP] §eYou received §a11x Enchanted Potato §efor killing a §6Locust§e!
19:27:22 [PEST_DROP] §eYou received §a12x Enchanted Red Mushroom §efor killing a §6Slug§e!
19:27:23 [PEST_DROP] §eYou received §a12x Enchanted Red Mushroom §efor killing a §6Slug§e!
19:27:34 [PEST_DROP] §eYou received §a13x Enchanted Red Mushroom §efor killing a §6Slug§e!
19:27:43 [PEST_DROP] §eYou received §a12x Enchanted Red Mushroom §efor killing a §6Slug§e!
19:28:10 [WARPING] §7Warping...
19:30:35 [GUILD_EXP] §aYou earned §r§2558 GEXP §r§afrom playing SkyBlock!
19:35:02 [SKYMALL] §bNew day! §r§eYour §r§2Sky Mall §r§ebuff changed!
19:35:02 [SKYMALL] §eNew buff§r§r§r: §r§fReduce Pickaxe Ability cooldown by §r§a20%§r§f.
19:35:02 [SKYMALL] §8§oYou can disable this messaging by toggling Sky Mall in your /hotm!
19:35:35 [GUILD_EXP] §aYou earned §r§2750 GEXP §r§afrom playing SkyBlock!
19:38:51 [WARPING] §7Warping...
19:40:35 [GUILD_EXP] §aYou earned §r§2750 GEXP §r§afrom playing SkyBlock!
19:41:18 [WARPING] §7Warping...
19:41:19 [WARPING] §7Sending to server mini71DA...
19:41:19 [EMPTY] §8 §r§8 §r§1 §r§3 §r§3 §r§7 §r§8 
19:41:22 [PROFILE_JOIN] §aYou are playing on profile: §eBanana§b (Co-op)
19:41:22 [PROFILE_JOIN] §8Profile ID: b1a71305-1956-42bf-90e4-bce6f7285754
19:42:06 [WARPING] §7Warping...
19:42:07 [WARPING] §7Sending to server mini23CQ...
19:42:08 [EMPTY] §8 §r§8 §r§1 §r§3 §r§3 §r§7 §r§8 
19:42:10 [PROFILE_JOIN] §aYou are playing on profile: §eBanana§b (Co-op)
19:42:10 [PROFILE_JOIN] §8Profile ID: b1a71305-1956-42bf-90e4-bce6f7285754
19:42:43 [PEST_DROP] §eYou received §a14x Enchanted Potato §efor killing a §6Locust§e!
19:43:05 [PEST_DROP] §eYou received §a14x Enchanted Red Mushroom §efor killing a §6Slug§e!
19:43:16 [PEST_DROP] §eYou received §a14x Enchanted Melon §efor killing an §6Earthworm§e!
19:43:17 [WARPING] §7Warping...
19:47:08 [GUILD_EXP] §aYou earned §r§2538 GEXP §r§afrom playing SkyBlock!
19:52:09 [GUILD_EXP] §aYou earned §r§2750 GEXP §r§afrom playing SkyBlock!
19:52:55 [WARPING] §7Warping...
19:55:02 [SKYMALL] §bNew day! §r§eYour §r§2Sky Mall §r§ebuff changed!
19:55:02 [SKYMALL] §eNew buff§r§r§r: §r§fGain §r§a+50 §r§6☘ Mining Fortune§r§f.
19:55:02 [SKYMALL] §8§oYou can disable this messaging by toggling Sky Mall in your /hotm!
19:57:10 [GUILD_EXP] §aYou earned §r§2750 GEXP §r§afrom playing SkyBlock!
20:01:08 [EMPTY] §f
20:01:08 [WATCHDOG] §4[WATCHDOG ANNOUNCEMENT]
20:01:08 [WATCHDOG] §fWatchdog has banned §r§c§l16,705§r§f players in the last 7 days.
20:01:08 [WATCHDOG] §fStaff have banned an additional §r§c§l15,580§r§f in the last 7 days.
20:01:08 [WATCHDOG] §cBlacklisted modifications are a bannable offense!
20:01:08 [WATCHDOG] §c
20:02:12 [GUILD_EXP] §aYou earned §r§2748 GEXP §r§afrom playing SkyBlock!
20:03:40 [WARPING] §7Warping...
20:07:13 [GUILD_EXP] §aYou earned §r§2750 GEXP §r§afrom playing SkyBlock!
20:12:14 [GUILD_EXP] §aYou earned §r§2738 GEXP §r§afrom playing SkyBlock!
20:14:33 [WARPING] §7Warping...
20:14:51 [PEST_DROP] §eYou received §a14x Enchanted Cocoa Beans §efor killing a §6Moth§e!
20:14:57 [PEST_DROP] §eYou received §a14x Enchanted Brown Mushroom §efor killing a §6Slug§e!
20:15:03 [SKYMALL] §bNew day! §r§eYour §r§2Sky Mall §r§ebuff changed!
20:15:03 [SKYMALL] §eNew buff§r§r§r: §r§fGain §r§a+100 §r§6⸕ Mining Speed§r§f.
20:15:03 [SKYMALL] §8§oYou can disable this messaging by toggling Sky Mall in your /hotm!
20:15:11 [PEST_DROP] §eYou received §a14x Enchanted Red Mushroom §efor killing a §6Slug§e!
20:15:35 [PEST_DROP] §eYou received §a14x Enchanted Sugar §efor killing a §6Mosquito§e!
20:15:44 [WARPING] §7Warping...
20:17:15 [GUILD_EXP] §aYou earned §r§2750 GEXP §r§afrom playing SkyBlock!
20:21:26 [EMPTY] 
20:22:16 [GUILD_EXP] §aYou earned §r§2738 GEXP §r§afrom playing SkyBlock!
20:27:17 [GUILD_EXP] §aYou earned §r§2750 GEXP §r§afrom playing SkyBlock!
20:27:58 [WARPING] §7Warping...
20:32:18 [GUILD_EXP] §aYou earned §r§2750 GEXP §r§afrom playing SkyBlock!
20:35:02 [SKYMALL] §bNew day! §r§eYour §r§2Sky Mall §r§ebuff changed!
20:35:02 [SKYMALL] §eNew buff§r§r§r: §r§fGain §r§a+50 §r§6☘ Mining Fortune§r§f.
20:35:02 [SKYMALL] §8§oYou can disable this messaging by toggling Sky Mall in your /hotm!
20:35:15 [WARPING] §7Warping...
