18:39:59 [allowed] §b§m--------------§r§f  §r§aGuild: Message Of The Day  §r§b§m--------------
18:39:59 [allowed] §b| §r§fOlleg2 Left the guild
18:39:59 [allowed] §b§m-----------------------------------------------------
18:40:09 [allowed] §eLatest update: §bSkyBlock v0.20.1 §e§lCLICK
18:40:18 [allowed] §c ☠ §r§7§r§aarianmhd§r§7 was killed by Ghost§r§7§r§7.
18:40:19 [allowed]  §b⚑ §eThe §bMithril Gourmand §eevent starts in §a20 §eseconds!
 §aClick here §eto teleport to §bGarry §eand prepare!
18:40:20 [allowed] §6[Bazaar] §r§7Putting goods in escrow...
18:40:20 [allowed] §6[Bazaar] §r§7Submitting sell offer...
18:40:20 [allowed] §6[Bazaar] §r§7§r§eSell Offer Setup! §r§a89§r§7x §r§9Enchanted Mithril §r§7for §r§6211,769 coins§r§7.
18:40:40 [allowed] §a§l▬▬▬▬▬▬▬▬▬▬▬▬▬▬▬▬▬▬▬▬▬▬▬▬▬▬▬▬▬▬▬▬▬▬▬▬▬▬▬▬▬▬▬▬▬▬▬▬▬▬▬▬▬▬▬▬▬▬▬▬▬▬▬▬
18:40:40 [allowed] §f                    §r§b§lMITHRIL GOURMAND STARTED!
18:40:40 [allowed] §f                             §r§7Active Mining Event
18:40:40 [allowed] §f     Don Expresso wants some §r§aTasty Mithril §r§ffrom the §r§bCliffside
18:40:40 [allowed] §b§r§f    §r§bVeins§r§f. Bring §r§c200 §r§f§r§aTasty Mithril §r§fto him at the §r§bDwarven Village§r§f!
18:40:40 [allowed] §f      Bring §r§c10 §r§fpersonally and you'll receive §r§6extra rewards§r§f.
18:40:40 [allowed] §f                Go to §r§bCliffside Veins §r§7(or talk to Garry)
18:40:40 [allowed] §a§l▬▬▬▬▬▬▬▬▬▬▬▬▬▬▬▬▬▬▬▬▬▬▬▬▬▬▬▬▬▬▬▬▬▬▬▬▬▬▬▬▬▬▬▬▬▬▬▬▬▬▬▬▬▬▬▬▬▬▬▬▬▬▬▬
18:40:41 [allowed] §e[NPC] §bDon Expresso§f: §rI HUNGER
18:40:42 [allowed] §e[NPC] §bDon Expresso§f: §rBRING ME EDIBLE MITHRIL
18:40:50 [allowed] §6[Bazaar] §eYour §6Sell Offer §efor §a89§7x §9Enchanted Mithril §ewas filled!
18:41:07 [allowed] §a§r§6Mining Speed Boost §r§ais now available!
18:41:48 [allowed] §c ☠ §r§7§r§aarianmhd§r§7 was killed by Ghost§r§7§r§7.
18:42:41 [allowed] §c ☠ §r§7§r§7bionic_law§r§7 was killed by Glacite Walker§r§7§r§7.
18:42:41 [allowed] §a§lLAVA SPRINGS TITANIUM §r§eCommission Complete! Visit the King §r§eto claim your rewards!
18:42:49 [allowed] §aYour §r§6Bat §r§aleveled up to level §r§971§r§a!
18:43:09 [allowed] §3§l▬▬▬▬▬▬▬▬▬▬▬▬▬▬▬▬▬▬▬▬▬▬▬▬▬▬▬▬▬▬▬▬▬▬▬▬▬▬▬▬▬▬▬▬▬▬▬▬▬▬▬▬▬▬▬▬▬▬▬▬▬▬▬▬
18:43:12 [allowed] §a§l+5 Kill Combo §r§8§r§b+3✯ Magic Find
18:43:18 [allowed] §a§l+10 Kill Combo §r§8+§r§610 §r§7coins per kill
18:43:24 [allowed] §9§l+15 Kill Combo §r§8§r§b+3✯ Magic Find
18:43:31 [allowed] §5§l+20 Kill Combo §r§8§r§3+15☯ Combat Wisdom
18:43:36 [allowed] §5§l+25 Kill Combo §r§8§r§b+3✯ Magic Find
18:43:39 [allowed] §cYour Kill Combo has expired! You reached a 25 Kill Combo!
18:43:44 [allowed] §a§l+5 Kill Combo §r§8§r§b+3✯ Magic Find
18:43:49 [allowed] §6§lRARE DROP! §r§9Glacite Jewel §r§b(+§r§b175% §r§b✯ Magic Find§r§b)
18:43:52 [allowed] §a§l+10 Kill Combo §r§8+§r§610 §r§7coins per kill
18:43:55 [allowed] §9§l+15 Kill Combo §r§8§r§b+3✯ Magic Find
18:44:00 [allowed] §5§l+20 Kill Combo §r§8§r§3+15☯ Combat Wisdom
18:44:08 [allowed] §6§lRARE DROP! §r§9Glacite Jewel §r§b(+§r§b180% §r§b✯ Magic Find§r§b)
18:44:12 [allowed] §5§l+25 Kill Combo §r§8§r§b+3✯ Magic Find
18:44:12 [allowed] §a§lGLACITE WALKER SLAYER §r§eCommission Complete! Visit the King §r§eto claim your rewards!
18:44:15 [allowed] §cYour Kill Combo has expired! You reached a 25 Kill Combo!
18:44:18 [allowed] §e[NPC] Silnar§f: §rSee that giant cliff with the §dgiant crystal§r?
18:44:20 [allowed] §e[NPC] Silnar§f: §r§bAt night§r, my friends host a §5secret meeting §rin a nearby §5secret cave§r.
18:44:20 [allowed] §c ☠ §r§7§r§7bionic_law§r§7 was killed by Glacite Walker§r§7§r§7.
18:44:20 [allowed] §cThere are blocks in the way!
18:44:22 [allowed] §e[NPC] Silnar§f: §rDrop by some time, our §5secret club §ris open!
18:44:23 [allowed] §e[NPC] Silnar§f: §rIf my friends approve of you, they'll give you a special item.
18:44:24 [allowed] §e[NPC] Silnar§f: §rCome back to me then and show it to me!
18:44:26 [allowed] §e[NPC] §bDon Expresso§f: §rMY MEALS SHOULD HAVE ALREADY BEEN READY
18:44:30 [allowed] §cThere are blocks in the way!
18:44:31 [allowed] §cThere are blocks in the way!
18:44:32 [allowed] §c ☠ §r§7§r§7SCC_NSK§r§7 was killed by Ghost§r§7§r§7.
18:44:44 [allowed] §e[NPC] §bDon Expresso§f: §r0/10, WOULD NOT RECOMMEND, TAKING TOO LONG
18:44:51 [allowed] §9§m-----------------------------------------------------§r§9
§r§9                          §r§9 §6Friends (Page 1 of 2) §r§e§l>>§r§9
§r§9§7_Eggan_ §cis currently offline§r§9
§r§9§b_Mel0ns_ §cis currently offline§r§9
§r§9§7Ebharing §cis currently offline§r§9
§r§9§7FastSnail11 §cis currently offline§r§9
§r§9§7GoldenAle7 §cis currently offline§r§9
§r§9§7Hanf06 §cis currently offline§r§9
§r§9§bItsTrigo §cis currently offline§r§9
§r§9§7JonathanLanunez §cis currently offline§r§9
§r§9§m-----------------------------------------------------
18:45:03 [allowed] §cThere are blocks in the way!
18:45:14 [allowed] §aYou used your §r§6Mining Speed Boost §r§aPickaxe Ability!
18:45:16 [allowed] §c ☠ §r§7§r§7bionic_law§r§7 was killed by Glacite Walker§r§7§r§7.
18:45:34 [allowed] §cYour Mining Speed Boost has expired!
18:46:16 [allowed] §cThis ability is on cooldown for 58s.
18:46:50 [allowed] §a§lLAVA SPRINGS TITANIUM §r§eCommission Complete! Visit the King §r§eto claim your rewards!
18:46:55 [allowed] §2Guild > §r§7GoldenAle7 §r§ejoined.
18:47:13 [allowed] §9§m-----------------------------------------------------§r§9
§r§7GoldenAle7 §r§ehas invited you to join their party!
§r§eYou have §r§c60 §r§eseconds to accept. §r§6Click here to join!§r§9
§r§9§m-----------------------------------------------------
18:47:14 [allowed] §a§r§6Mining Speed Boost §r§ais now available!
18:47:15 [allowed] §9§m-----------------------------------------------------
18:47:15 [allowed] §eYou have joined §r§7GoldenAle7's §r§eparty!
18:47:15 [allowed] §9§m-----------------------------------------------------
18:47:26 [allowed] §9§m-----------------------------
18:47:26 [allowed] §eParty Leader, §r§7GoldenAle7§r§e, summoned you to their server.
18:47:26 [allowed] §9§m-----------------------------
18:47:41 [allowed] §8[§r§e95§r§8] §r§a[VIP] noty_bp §7♲§f§r§f: BRO
18:47:43 [allowed] §8[§r§e95§r§8] §r§a[VIP] noty_bp §7♲§f§r§f: YOU LOSER
18:47:45 [allowed] §8[§r§e95§r§8] §r§a[VIP] noty_bp §7♲§f§r§f: THAT WAS MY TITANIUM
18:48:00 [allowed] §8[§r§b219§r§8] §r§6⛂ §r§b[MVP§e+§b] Sebbebas§f: erm what the sigma
18:48:03 [allowed] §8[§r§2164§r§8] §r§7☠ §r§b[MVP§a+§b] Spectraa_§f§r§f: just mine more?
18:48:09 [allowed] §cThis ability is on cooldown for 18s.
18:48:12 [allowed] §8[§r§9285§r§8] §r§7❂ §r§b[MVP§a+§b] LibyKiwii§f§r§f: stop eating the nons titanium !!!!
18:48:12 [allowed] §8[§r§a138§r§8] §r§7Phoenix_12200§7§r§7: caps
18:48:19 [allowed] §8[§r§9289§r§8] §r§6§l⸕ §r§b[MVP§2+§b] SpoonTy§f§r§f: why do people say "sigma" all the time
18:48:25 [allowed] §8[§r§2164§r§8] §r§7☠ §r§b[MVP§a+§b] Spectraa_§f§r§f: [289] ⸕ [MVP+] SpoonTy: why do people say "sigma" all the time
18:48:27 [allowed] §a§r§6Mining Speed Boost §r§ais now available!
18:48:30 [allowed] §8[§r§2164§r§8] §r§7☠ §r§b[MVP§a+§b] Spectraa_§f§r§f: what the sigma
18:48:33 [allowed] §8[§r§b238§r§8] §r§6§lᛝ §r§a[VIP§6+§a] Kibear_§f§r§f: sigma skibidi toilet
18:48:36 [allowed] §b§lCOMPACT! §r§fYou found an §r§9Enchanted Mithril§r§f!
18:48:36 [allowed] §8[§r§2164§r§8] §r§7☠ §r§b[MVP§a+§b] Spectraa_§f§r§f: ong
18:48:42 [allowed] §8[§r§9289§r§8] §r§6§l⸕ §r§b[MVP§2+§b] SpoonTy§f§r§f: ok
18:48:48 [allowed] §8[§r§b219§r§8] §r§6⛂ §r§b[MVP§e+§b] Sebbebas§f: say on skibidi
18:48:48 [allowed] §8[§r§f49§r§8] §r§7GoldenAle7§7§r§7: Ermh what the sigma??
18:48:51 [allowed] §8[§r§9289§r§8] §r§6§l⸕ §r§b[MVP§2+§b] SpoonTy§f§r§f: I guess I'm just too old then
18:48:58 [allowed] §8[§r§723§r§8] §r§7Aayushpero§7§r§7: yup
18:49:02 [allowed] §8[§r§a138§r§8] §r§7Phoenix_12200§7§r§7: or you have brain cells
18:49:12 [allowed] §8[§r§9289§r§8] §r§6§l⸕ §r§b[MVP§2+§b] SpoonTy§f§r§f: I do have brain cells
18:49:15 [allowed] §8[§r§b238§r§8] §r§6§lᛝ §r§a[VIP§6+§a] Kibear_§f§r§f: WhAt A sIgMa
18:49:18 [allowed] §8[§r§a138§r§8] §r§7Phoenix_12200§7§r§7: checks out
18:49:18 [allowed] §8[§r§2164§r§8] §r§7☠ §r§b[MVP§a+§b] Spectraa_§f§r§f: what the skibidy ohio rizz sigma ahh dreads
18:49:21 [allowed] §8[§r§b238§r§8] §r§6§lᛝ §r§a[VIP§6+§a] Kibear_§f§r§f: wHaT a SiGmA
18:49:41 [allowed]  §b⚑ §eThe §bMithril Gourmand §eevent starts in §a20 §eseconds!
 §aClick here §eto teleport to §bGarry §eand prepare!
18:49:44 [allowed] §8[§r§b238§r§8] §r§6§lᛝ §r§a[VIP§6+§a] Kibear_§f§r§f: its just brainrot
18:49:50 [allowed] §a§lRAMPART'S QUARRY MITHRIL §r§eCommission Complete! Visit the King §r§eto claim your rewards!
18:49:52 [allowed] §cThere are blocks in the way!
18:49:53 [allowed] §aYour §r§6Bat §r§aleveled up to level §r§972§r§a!
18:49:53 [allowed] §3§l▬▬▬▬▬▬▬▬▬▬▬▬▬▬▬▬▬▬▬▬▬▬▬▬▬▬▬▬▬▬▬▬▬▬▬▬▬▬▬▬▬▬▬▬▬▬▬▬▬▬▬▬▬▬▬▬▬▬▬▬▬▬▬▬
18:49:53 [allowed]   §r§b§lSKILL LEVEL UP §3Mining §8XLVII➜§3XLVIII
18:49:53 [allowed]   §r§a§lREWARDS
18:49:53 [allowed]    §r§eSpelunker XLVIII
18:49:53 [allowed]    §r  §7§fGrants §a+§8188➜§a192§f §6☘ Mining Fortune§f, which increases your
18:49:53 [allowed]    §r  §fchance for multiple ore drops.
18:49:53 [allowed]    §r§7§8+§a2 §a❈ Defense
18:49:53 [allowed]    §r§7§8+§61,000,000 §7Coins
18:49:53 [allowed]    §r§7§8+§b20 SkyBlock XP
18:49:53 [allowed] §3§l▬▬▬▬▬▬▬▬▬▬▬▬▬▬▬▬▬▬▬▬▬▬▬▬▬▬▬▬▬▬▬▬▬▬▬▬▬▬▬▬▬▬▬▬▬▬▬▬▬▬▬▬▬▬▬▬▬▬▬▬▬▬▬▬
18:49:55 [allowed] §f                          §r§3§lSKYBLOCK LEVEL UP
18:49:55 [allowed] §f                             §r§bLevel §r§8219 ➡ §r§8[§r§b220§r§8]
18:49:55 [allowed] §f                                  §r§6§lREWARDS
18:49:55 [allowed] §f                               §r§8+§r§a1 §r§c❁ Strength
18:49:55 [allowed] §f                                 §r§8+§r§a5 §r§c❤ Health
18:49:58 [allowed] §8[§r§2164§r§8] §r§7☠ §r§b[MVP§a+§b] Spectraa_§f§r§f: brainrot is crings on skibidy
18:50:00 [allowed] §8[§r§f45§r§8] §r§7the_cat_zilla§7§r§7: holy brainrot
18:50:01 [allowed] §8[§r§2164§r§8] §r§7☠ §r§b[MVP§a+§b] Spectraa_§f§r§f: cringe
18:50:02 [allowed] §a§l▬▬▬▬▬▬▬▬▬▬▬▬▬▬▬▬▬▬▬▬▬▬▬▬▬▬▬▬▬▬▬▬▬▬▬▬▬▬▬▬▬▬▬▬▬▬▬▬▬▬▬▬▬▬▬▬▬▬▬▬▬▬▬▬
18:50:02 [allowed] §f                    §r§b§lMITHRIL GOURMAND STARTED!
18:50:02 [allowed] §f                             §r§7Active Mining Event
18:50:02 [allowed] §f     Don Expresso wants some §r§aTasty Mithril §r§ffrom the §r§bCliffside
18:50:02 [allowed] §b§r§f    §r§bVeins§r§f. Bring §r§c200 §r§f§r§aTasty Mithril §r§fto him at the §r§bDwarven Village§r§f!
18:50:02 [allowed] §f      Bring §r§c10 §r§fpersonally and you'll receive §r§6extra rewards§r§f.
18:50:02 [allowed] §f                Go to §r§bCliffside Veins §r§7(or talk to Garry)
18:50:02 [allowed] §a§l▬▬▬▬▬▬▬▬▬▬▬▬▬▬▬▬▬▬▬▬▬▬▬▬▬▬▬▬▬▬▬▬▬▬▬▬▬▬▬▬▬▬▬▬▬▬▬▬▬▬▬▬▬▬▬▬▬▬▬▬▬▬▬▬
18:52:03 [allowed] §a§lLAVA SPRINGS MITHRIL §r§eCommission Complete! Visit the King §r§eto claim your rewards!
18:52:13 [allowed] §6The sound of pickaxes clashing against the rock has attracted the attention of the §r§6§lPOWDER GHAST!
18:52:13 [allowed] §eFind the §r§6Powder Ghast§r§e near the §r§bRampart's Quarry§r§e!
18:52:28 [allowed] §c ☠ §r§7§r§7Block_head_191§r§7 was killed by Glacite Walker§r§7§r§7.
18:52:44 [allowed] §a§lLAVA SPRINGS TITANIUM §r§eCommission Complete! Visit the King §r§eto claim your rewards!
18:52:48 [allowed] §cThere are blocks in the way!
18:52:56 [allowed] §cThere are blocks in the way!
18:54:50 [allowed] §aYour §r§6Bat §r§aleveled up to level §r§973§r§a!
18:55:16 [allowed] §e§lRAT BLESSING! §r§agamethunder§r§7 gave you §r§b+3.95✯ Magic Find§r§7 for §r§a36 seconds!
18:56:15 [allowed] §a§lUPPER MINES MITHRIL §r§eCommission Complete! Visit the King §r§eto claim your rewards!
18:56:33 [allowed] §a§l▬▬▬▬▬▬▬▬▬▬▬▬▬▬▬▬▬▬▬▬▬▬▬▬▬▬▬▬▬▬▬▬▬▬▬▬▬▬▬▬▬▬▬▬▬▬▬▬▬▬▬▬▬▬▬▬▬▬▬▬▬▬▬▬
18:56:33 [allowed] §f                      §r§b§lMITHRIL GOURMAND ENDED!
18:56:33 [allowed] §f                             §r§7Active Mining Event
18:56:33 [allowed] §f                          §r§cYou didn't participate...
18:56:33 [allowed] §a§l▬▬▬▬▬▬▬▬▬▬▬▬▬▬▬▬▬▬▬▬▬▬▬▬▬▬▬▬▬▬▬▬▬▬▬▬▬▬▬▬▬▬▬▬▬▬▬▬▬▬▬▬▬▬▬▬▬▬▬▬▬▬▬▬
18:56:53 [allowed] §8Withdrawing coins...
18:56:53 [allowed] §aWithdrew §r§65M coins§r§a! There's now §r§6268M coins §r§aleft in the account!
18:56:56 [allowed] §6[Bazaar] §r§7Claiming order...
18:56:56 [allowed] §6[Bazaar] §r§7§r§7Claimed §r§6211,769 coins §r§7from selling §r§a89§r§7x §r§9Enchanted Mithril §r§7at §r§62,406.5 §r§7each!
18:57:00 [allowed] §6[Bazaar] §r§7Executing instant buy...
18:57:00 [allowed] §6[Bazaar] §r§7Bought §r§a64§r§7x §r§9Enchanted Mithril §r§7for §r§6147,188 coins§r§7!
18:57:01 [allowed] §6[Bazaar] §r§7Executing instant buy...
18:57:01 [allowed] §6[Bazaar] §r§7Bought §r§a64§r§7x §r§9Enchanted Mithril §r§7for §r§6147,200 coins§r§7!
18:57:02 [allowed] §6[Bazaar] §r§7Executing instant buy...
18:57:02 [allowed] §6[Bazaar] §r§7Bought §r§a64§r§7x §r§9Enchanted Mithril §r§7for §r§6147,200 coins§r§7!
18:57:18 [allowed] §6[Bazaar] §r§7Executing instant buy...
18:57:18 [allowed] §6[Bazaar] §r§7Bought §r§a1§r§7x §r§9Super Enchanted Egg §r§7for §r§6739,997 coins§r§7!
18:57:36 [allowed] §6[Bazaar] §r§7Executing instant sell...
18:57:36 [allowed] §6[Bazaar] §r§7Sold §r§a159§r§7x §r§fMithril §r§7for §r§61,892.1 coins§r§7!
18:57:57 [allowed] §aSuccessfully added §r§6Mithril Golem §r§ato your pet menu!
18:58:45 [allowed] §e[NPC] George§f: §rHave you found the §5Epic Rift Ferret§f yet?
18:59:16 [allowed] §aYou bought §r§9Mining Exp Boost §r§afor §r§6500,000 Coins§r§a!
18:59:19 [allowed] §aYou summoned your §r§6Mithril Golem§r§a!
18:59:36 [allowed] §aYour pet is now holding §r§9Mining Exp Boost§r§a.
18:59:36 [allowed] §a§r§6Mining Speed Boost §r§ais now available!
18:59:54 [allowed] §cThere are blocks in the way!
18:59:57 [allowed] §cThere are blocks in the way!
19:00:33 [allowed] §8Depositing coins...
19:00:33 [allowed] §aDeposited §r§64.7M coins§r§a! There's now §r§6273M coins §r§ain the account!
19:00:42 [allowed] §c ☠ §r§7§r§7SLawiski§r§7 was killed by Crypt Ghoul§r§7§r§7.
19:03:02 [allowed] §cThere are blocks in the way!
19:03:02 [allowed] §cThere are blocks in the way!
19:03:02 [allowed] §cThere are blocks in the way!
19:03:02 [allowed] §cThere are blocks in the way!
19:03:02 [allowed] §cThere are blocks in the way!
19:03:02 [allowed] §cThere are blocks in the way!
19:03:02 [allowed] §cThere are blocks in the way!
19:03:02 [allowed] §cThere are blocks in the way!
19:03:03 [allowed] §cThere are blocks in the way!
19:03:03 [allowed] §cThere are blocks in the way!
19:03:03 [allowed] §cThere are blocks in the way!
19:03:03 [allowed] §cThere are blocks in the way!
19:03:03 [allowed] §cThere are blocks in the way!
19:03:03 [allowed] §cThere are blocks in the way!
19:03:03 [allowed] §cThere are blocks in the way!
19:03:03 [allowed] §cThere are blocks in the way!
19:03:03 [allowed] §cThere are blocks in the way!
19:03:04 [allowed] §cThere are blocks in the way!
19:03:04 [allowed] §cThere are blocks in the way!
19:03:04 [allowed] §cThere are blocks in the way!
19:03:04 [allowed] §cThere are blocks in the way!
19:03:04 [allowed] §cThere are blocks in the way!
19:03:04 [allowed] §cThere are blocks in the way!
19:03:04 [allowed] §cThere are blocks in the way!
19:03:05 [allowed] §cThere are blocks in the way!
19:03:05 [allowed] §cThere are blocks in the way!
19:03:05 [allowed] §cThere are blocks in the way!
19:03:05 [allowed] §cThere are blocks in the way!
19:03:05 [allowed] §cThere are blocks in the way!
19:03:05 [allowed] §cThere are blocks in the way!
19:03:05 [allowed] §cThere are blocks in the way!
19:03:05 [allowed] §cThere are blocks in the way!
19:03:05 [allowed] §cThere are blocks in the way!
19:03:08 [allowed] §cThere are blocks in the way!
19:03:08 [allowed] §cThere are blocks in the way!
19:03:08 [allowed] §cThere are blocks in the way!
19:03:08 [allowed] §cThere are blocks in the way!
19:03:08 [allowed] §cThere are blocks in the way!
19:03:08 [allowed] §cThere are blocks in the way!
19:03:09 [allowed] §cThere are blocks in the way!
19:03:09 [allowed] §cThere are blocks in the way!
19:03:09 [allowed] §cThere are blocks in the way!
19:03:09 [allowed] §cThere are blocks in the way!
19:03:09 [allowed] §cThere are blocks in the way!
19:03:09 [allowed] §cThere are blocks in the way!
19:03:09 [allowed] §cThere are blocks in the way!
19:03:09 [allowed] §cThere are blocks in the way!
19:03:10 [allowed] §cThere are blocks in the way!
19:03:10 [allowed] §cThere are blocks in the way!
19:03:10 [allowed] §cThere are blocks in the way!
19:03:10 [allowed] §cThere are blocks in the way!
19:03:10 [allowed] §cThere are blocks in the way!
19:03:10 [allowed] §cThere are blocks in the way!
19:03:10 [allowed] §cThere are blocks in the way!
19:03:10 [allowed] §cThere are blocks in the way!
19:03:11 [allowed] §cThere are blocks in the way!
19:03:11 [allowed] §cThere are blocks in the way!
19:03:11 [allowed] §cThere are blocks in the way!
19:03:11 [allowed] §cThere are blocks in the way!
19:03:11 [allowed] §cThere are blocks in the way!
19:03:11 [allowed] §cThere are blocks in the way!
19:03:11 [allowed] §cThere are blocks in the way!
19:03:11 [allowed] §cThere are blocks in the way!
19:03:12 [allowed] §cThere are blocks in the way!
19:03:12 [allowed] §cThere are blocks in the way!
19:03:12 [allowed] §cThere are blocks in the way!
19:03:12 [allowed] §cThere are blocks in the way!
19:03:12 [allowed] §cThere are blocks in the way!
19:03:12 [allowed] §cThere are blocks in the way!
19:03:12 [allowed] §cThere are blocks in the way!
19:03:12 [allowed] §cThere are blocks in the way!
19:03:13 [allowed] §cThere are blocks in the way!
19:03:13 [allowed] §cThere are blocks in the way!
19:03:13 [allowed] §cThere are blocks in the way!
19:03:13 [allowed] §cThere are blocks in the way!
19:03:13 [allowed] §cThere are blocks in the way!
19:03:13 [allowed] §cThere are blocks in the way!
19:03:13 [allowed] §cThere are blocks in the way!
19:03:13 [allowed] §cThere are blocks in the way!
19:03:14 [allowed] §cThere are blocks in the way!
19:03:14 [allowed] §cThere are blocks in the way!
19:03:14 [allowed] §cThere are blocks in the way!
19:03:14 [allowed] §cThere are blocks in the way!
19:03:14 [allowed] §cThere are blocks in the way!
19:03:14 [allowed] §cThere are blocks in the way!
19:03:14 [allowed] §cThere are blocks in the way!
19:03:14 [allowed] §cThere are blocks in the way!
19:03:15 [allowed] §cThere are blocks in the way!
19:03:15 [allowed] §cThere are blocks in the way!
19:03:15 [allowed] §cThere are blocks in the way!
19:03:15 [allowed] §cThere are blocks in the way!
19:03:15 [allowed] §cThere are blocks in the way!
19:03:15 [allowed] §cThere are blocks in the way!
19:03:15 [allowed] §cThere are blocks in the way!
19:03:15 [allowed] §cThere are blocks in the way!
19:03:16 [allowed] §cThere are blocks in the way!
19:03:16 [allowed] §cThere are blocks in the way!
19:03:16 [allowed] §cThere are blocks in the way!
19:03:16 [allowed] §cThere are blocks in the way!
19:03:16 [allowed] §cThere are blocks in the way!
19:03:16 [allowed] §cThere are blocks in the way!
19:03:16 [allowed] §cThere are blocks in the way!
19:03:16 [allowed] §cThere are blocks in the way!
19:03:17 [allowed] §cThere are blocks in the way!
19:03:17 [allowed] §cThere are blocks in the way!
19:03:17 [allowed] §cThere are blocks in the way!
19:03:17 [allowed] §cThere are blocks in the way!
19:03:17 [allowed] §cThere are blocks in the way!
19:05:09 [allowed] §cThere are blocks in the way!
19:05:48 [allowed] §cThere are blocks in the way!
19:07:36 [allowed] §cThere are blocks in the way!
19:07:37 [allowed] §cThere are blocks in the way!
19:07:38 [allowed] §cThere are blocks in the way!
19:07:46 [allowed] §cThere are blocks in the way!
19:08:01 [allowed] §7[§bSkyblockAddons§7] §cThis slot is locked!
19:08:01 [allowed] §7[§bSkyblockAddons§7] §cThis slot is locked!
19:08:01 [allowed] §7[§bSkyblockAddons§7] §cThis slot is locked!
19:08:17 [allowed] §cThere are blocks in the way!
19:08:19 [allowed] §cThere are blocks in the way!
19:09:35 [allowed] §6[Bazaar] §r§7Putting goods in escrow...
19:09:35 [allowed] §6[Bazaar] §r§7Submitting sell offer...
19:09:35 [allowed] §6[Bazaar] §r§7§r§eSell Offer Setup! §r§a5§r§7x §r§aTasty Cheese §r§7for §r§614,429 coins§r§7.
19:09:44 [allowed] §8[§r§b213§r§8] §r§6§lᛝ §r§b[MVP§6+§b] MLGLAVA§f§r§f: ok yeah thats it im going outside
19:10:00 [allowed] §c[SECURITY] Sloth§f: Downloading suspicious mods or visiting untrusted discord servers can put your account at risk. It is up to you to keep your account secure!
19:10:03 [allowed] §c[SECURITY] Sloth§f: Here are some helpful support articles that will help you keep your account more secure and avoid losing valuable progress or items.
19:10:03 [allowed] §cThere are blocks in the way!
19:10:04 [allowed] §eGeneral Security Support Article §b§lCLICK HERE
19:10:05 [allowed] §eSkyBlock Security Support Article §b§lCLICK HERE
19:11:01 [allowed] §6[Bazaar] §r§7Cancelling order...
19:11:01 [allowed] §6[Bazaar] §r§7§r§cCancelled! §r§7Refunded §r§a5§r§7x §r§aTasty Cheese §r§7from cancelling Sell Offer!
19:11:05 [allowed] §aYou sold §r§aTasty Cheese§r§8 x5 §r§afor §r§62,500 Coins§r§a!
19:11:34 [allowed] §cThere are blocks in the way!
19:11:59 [allowed] §8[§r§726§r§8] §r§b[MVP§c+§b] EPICKEWLKID§f§r§f: please
19:12:15 [allowed] §8[§r§f51§r§8] §r§a[VIP] Daniel_Ghax§f§r§f: where you at?
19:12:40 [allowed] §8[§r§726§r§8] §r§b[MVP§c+§b] EPICKEWLKID§f§r§f: at gateway
19:12:51 [allowed] §aYou summoned your §r§6Bal§r§a!
19:12:57 [allowed] §a§r§6Mining Speed Boost §r§ais now available!
19:13:04 [allowed] §a§l+5 Kill Combo §r§8§r§b+3✯ Magic Find
19:13:09 [allowed] §a§l+10 Kill Combo §r§8+§r§610 §r§7coins per kill
19:13:10 [allowed] §8[§r§726§r§8] §r§b[MVP§c+§b] EPICKEWLKID§f§r§f: thank you
19:13:13 [allowed] §9§l+15 Kill Combo §r§8§r§b+3✯ Magic Find
19:13:14 [allowed] §8[§r§f51§r§8] §r§a[VIP] Daniel_Ghax§f§r§f: np
19:13:15 [allowed] §5§l+20 Kill Combo §r§8§r§3+15☯ Combat Wisdom
19:13:20 [allowed] §5§l+25 Kill Combo §r§8§r§b+3✯ Magic Find
19:13:20 [allowed] §aThe Goblin was carrying a bag of coins! +§r§62,838 Coins§r§a!
19:13:22 [allowed] §aFriend > §r§bolleg2 §r§ejoined.
19:13:23 [allowed] §6§l+30 Kill Combo §r§8+§r§610 §r§7coins per kill
19:13:36 [allowed] §6§lRARE DROP! §r§9Goblin Egg §r§b(+§r§b185% §r§b✯ Magic Find§r§b)
19:13:38 [allowed] §6§l+50 Kill Combo
19:13:58 [allowed] §6§l+75 Kill Combo
19:14:03 [allowed] §6§lRARE DROP! §r§9Goblin Egg §r§b(+§r§b185% §r§b✯ Magic Find§r§b)
19:14:08 [allowed] §6§lRARE DROP! §r§9Goblin Egg §r§b(+§r§b185% §r§b✯ Magic Find§r§b)
19:14:09 [allowed] §6§lRARE DROP! §r§9Goblin Egg §r§b(+§r§b185% §r§b✯ Magic Find§r§b)
19:14:14 [allowed] §6§lRARE DROP! §r§9Goblin Helmet §r§b(+§r§b185% §r§b✯ Magic Find§r§b)
19:14:14 [allowed] §6§l+100 Kill Combo
19:14:14 [allowed] §a§lGOBLIN SLAYER §r§eCommission Complete! Visit the King §r§eto claim your rewards!
19:14:17 [allowed] §cYour Kill Combo has expired! You reached a 100 Kill Combo!
19:14:20 [allowed] §c ☠ §r§7§r§aDaniel_Ghax§r§7 was killed by Ghost§r§7§r§7.
19:14:32 [allowed] §a§l+5 Kill Combo §r§8§r§b+3✯ Magic Find
19:14:40 [allowed] §a§l+10 Kill Combo §r§8+§r§610 §r§7coins per kill
19:14:45 [allowed] §9§l+15 Kill Combo §r§8§r§b+3✯ Magic Find
19:14:51 [allowed] §5§l+20 Kill Combo §r§8§r§3+15☯ Combat Wisdom
19:14:53 [allowed] §6§lRARE DROP! §r§9Glacite Jewel §r§b(+§r§b180% §r§b✯ Magic Find§r§b)
19:14:59 [allowed] §5§l+25 Kill Combo §r§8§r§b+3✯ Magic Find
19:15:03 [allowed] §6§lRARE DROP! §r§9Glacite Jewel §r§b(+§r§b185% §r§b✯ Magic Find§r§b)
19:15:05 [allowed] §6§l+30 Kill Combo §r§8+§r§610 §r§7coins per kill
19:15:12 [allowed] §cYour Kill Combo has expired! You reached a 31 Kill Combo!
19:15:14 [allowed] §c ☠ §r§7§r§bchasedangertv§r§7 was killed by Ghost§r§7§r§7.
19:15:16 [allowed] §a§l+5 Kill Combo §r§8§r§b+3✯ Magic Find
19:15:32 [allowed] §c ☠ §r§7§r§aDaniel_Ghax§r§7 was killed by Ghost§r§7§r§7.
19:15:34 [allowed] §aFriend > §r§bolleg2 §r§eleft.
19:15:37 [allowed] §cYour Kill Combo has expired! You reached a 8 Kill Combo!
19:16:00 [allowed] §a§l+5 Kill Combo §r§8§r§b+3✯ Magic Find
19:16:05 [allowed] §a§l+10 Kill Combo §r§8+§r§610 §r§7coins per kill
19:16:07 [allowed] §a§lGLACITE WALKER SLAYER §r§eCommission Complete! Visit the King §r§eto claim your rewards!
19:16:10 [allowed] §cThere are blocks in the way!
19:16:10 [allowed] §cThere are blocks in the way!
19:16:11 [allowed] §cThere are blocks in the way!
19:16:13 [allowed] §cYour Kill Combo has expired! You reached a 11 Kill Combo!
19:16:26 [allowed] §aYou sold §r§f◆ Snow Rune I§r§8 x1 §r§afor §r§61 Coin§r§a!
19:16:26 [allowed] §aYou sold §r§9Goblin Helmet§r§8 x1 §r§afor §r§61,500 Coins§r§a!
19:16:27 [allowed] §aYou sold §r§9Goblin Egg§r§8 x7 §r§afor §r§62,947 Coins§r§a!
19:16:28 [allowed] §aYou sold §r§f◆ White Spiral Rune I§r§8 x1 §r§afor §r§61 Coin§r§a!
19:16:32 [allowed] §6[Bazaar] §r§7Putting goods in escrow...
19:16:32 [allowed] §6[Bazaar] §r§7Submitting sell offer...
19:16:32 [allowed] §6[Bazaar] §r§7§r§eSell Offer Setup! §r§a4§r§7x §r§9Glacite Jewel §r§7for §r§6374,889 coins§r§7.
19:16:33 [allowed] §cThere are blocks in the way!
19:16:40 [allowed] §8[§r§2189§r§8] §r§6§lꤥ §r§b[MVP§2+§b] cosmique_pegasus§f§r§f: where is the news mine ?
19:17:06 [allowed] §aYou used your §r§6Mining Speed Boost §r§aPickaxe Ability!
19:17:26 [allowed] §cYour Mining Speed Boost has expired!
19:17:44 [allowed] §8[§r§9302§r§8] §r§7Σ §r§b[MVP§2+§b] DuckUnderstander§f§r§f: 2
19:17:53 [allowed] §6[Bazaar] §eYour §6Sell Offer §efor §a4§7x §9Glacite Jewel §ewas filled!
19:18:05 [allowed] §b§lCOMPACT! §r§fYou found an §r§9Enchanted Mithril§r§f!
19:18:10 [allowed] §b§lCOMPACT! §r§fYou found an §r§9Enchanted Mithril§r§f!
19:18:15 [allowed] §6The sound of pickaxes clashing against the rock has attracted the attention of the §r§6§lPOWDER GHAST!
19:18:15 [allowed] §eFind the §r§6Powder Ghast§r§e near the §r§bDivan's Gateway§r§e!
19:19:07 [allowed] §a§r§6Mining Speed Boost §r§ais now available!
19:19:11 [allowed] §aYou used your §r§6Mining Speed Boost §r§aPickaxe Ability!
19:19:31 [allowed] §cYour Mining Speed Boost has expired!
19:19:38 [allowed] §cThere are blocks in the way!
19:20:56 [allowed] §a§lCLIFFSIDE VEINS MITHRIL §r§eCommission Complete! Visit the King §r§eto claim your rewards!
19:20:59 [allowed] §cThere are blocks in the way!
19:21:03 [allowed] §aYour §r§6Bal §r§aleveled up to level §r§979§r§a!
19:21:05 [allowed] §a§l▬▬▬▬▬▬▬▬▬▬▬▬▬▬▬▬▬▬▬▬▬▬▬▬▬▬▬▬▬▬▬▬▬▬▬▬▬▬▬▬▬▬▬▬▬▬▬▬▬▬▬▬▬▬▬▬▬▬▬▬▬▬▬▬
19:21:05 [allowed] §f                      §r§d§lBETTER TOGETHER ENDED!
19:21:05 [allowed] §f                           §r§7Passive Active Event
19:21:05 [allowed] §f   The festival has ended, but the Dwarven cooperative spirit
19:21:05 [allowed] §f§r§f                                 never dies.
19:21:05 [allowed] §a§l▬▬▬▬▬▬▬▬▬▬▬▬▬▬▬▬▬▬▬▬▬▬▬▬▬▬▬▬▬▬▬▬▬▬▬▬▬▬▬▬▬▬▬▬▬▬▬▬▬▬▬▬▬▬▬▬▬▬▬▬▬▬▬▬
19:21:12 [allowed] §a§r§6Mining Speed Boost §r§ais now available!
19:21:17 [allowed] §cThere are blocks in the way!
19:21:27 [allowed] §aYou summoned your §r§6Mithril Golem§r§a!
19:21:38 [allowed] §aYour §r§6Mithril Golem §r§aleveled up to level §r§92§r§a!
19:21:39 [allowed] §aYour §r§6Mithril Golem §r§aleveled up to level §r§93§r§a!
19:21:41 [allowed] §aYour §r§6Mithril Golem §r§aleveled up to level §r§94§r§a!
19:21:43 [allowed] §aYour §r§6Mithril Golem §r§aleveled up to level §r§95§r§a!
19:21:44 [allowed] §aYour §r§6Mithril Golem §r§aleveled up to level §r§96§r§a!
19:21:47 [allowed] §aYour §r§6Mithril Golem §r§aleveled up to level §r§97§r§a!
19:21:50 [allowed] §aYour §r§6Mithril Golem §r§aleveled up to level §r§98§r§a!
19:21:52 [allowed] §aYour §r§6Mithril Golem §r§aleveled up to level §r§99§r§a!
19:21:54 [allowed] §aYour §r§6Mithril Golem §r§aleveled up to level §r§910§r§a!
19:21:57 [allowed] §aYour §r§6Mithril Golem §r§aleveled up to level §r§911§r§a!
19:21:59 [allowed] §aYour §r§6Mithril Golem §r§aleveled up to level §r§912§r§a!
19:22:04 [allowed] §aYour §r§6Mithril Golem §r§aleveled up to level §r§913§r§a!
19:22:09 [allowed] §cThere are blocks in the way!
19:22:13 [allowed] §aYour §r§6Mithril Golem §r§aleveled up to level §r§914§r§a!
19:22:15 [allowed] §aYour §r§6Mithril Golem §r§aleveled up to level §r§915§r§a!
19:22:20 [allowed] §aYour §r§6Mithril Golem §r§aleveled up to level §r§916§r§a!
19:22:23 [allowed] §c ☠ §r§7§r§7Implused§r§7 was killed by Ghost§r§7§r§7.
19:22:24 [allowed] §aYour §r§6Mithril Golem §r§aleveled up to level §r§917§r§a!
19:22:30 [allowed] §aYour §r§6Mithril Golem §r§aleveled up to level §r§918§r§a!
19:22:35 [allowed] §c ☠ §r§7§r§a_dizzygillespie§r§7 was killed by Ghost§r§7§r§7.
19:22:35 [allowed] §aYou used your §r§6Mining Speed Boost §r§aPickaxe Ability!
19:22:36 [allowed] §aYour §r§6Mithril Golem §r§aleveled up to level §r§919§r§a!
19:22:41 [allowed] §aYour §r§6Mithril Golem §r§aleveled up to level §r§920§r§a!
19:22:45 [allowed]  §b⚑ §eThe §bMithril Gourmand §eevent starts in §a20 §eseconds!
 §aClick here §eto teleport to §bGarry §eand prepare!
19:22:46 [allowed] §aYour §r§6Mithril Golem §r§aleveled up to level §r§921§r§a!
19:22:51 [allowed] §aYour §r§6Mithril Golem §r§aleveled up to level §r§922§r§a!
19:22:55 [allowed] §cYour Mining Speed Boost has expired!
19:22:57 [allowed] §a§lLAVA SPRINGS TITANIUM §r§eCommission Complete! Visit the King §r§eto claim your rewards!
19:22:59 [allowed] §aYour §r§6Mithril Golem §r§aleveled up to level §r§923§r§a!
19:23:05 [allowed] §a§l▬▬▬▬▬▬▬▬▬▬▬▬▬▬▬▬▬▬▬▬▬▬▬▬▬▬▬▬▬▬▬▬▬▬▬▬▬▬▬▬▬▬▬▬▬▬▬▬▬▬▬▬▬▬▬▬▬▬▬▬▬▬▬▬
19:23:05 [allowed] §f                    §r§b§lMITHRIL GOURMAND STARTED!
19:23:05 [allowed] §f                             §r§7Active Mining Event
19:23:05 [allowed] §f      Don Expresso wants some §r§aTasty Mithril §r§ffrom the §r§bGoblin
19:23:05 [allowed] §b§r§f      §r§bBurrows§r§f. Bring §r§c200 §r§f§r§aTasty Mithril §r§fto him at the §r§bDwarven
19:23:05 [allowed] §b§r§f                                    §r§bVillage§r§f!
19:23:05 [allowed] §f      Bring §r§c10 §r§fpersonally and you'll receive §r§6extra rewards§r§f.
19:23:05 [allowed] §f               Go to §r§bGoblin Burrows §r§7(or talk to Garry)
19:23:05 [allowed] §a§l▬▬▬▬▬▬▬▬▬▬▬▬▬▬▬▬▬▬▬▬▬▬▬▬▬▬▬▬▬▬▬▬▬▬▬▬▬▬▬▬▬▬▬▬▬▬▬▬▬▬▬▬▬▬▬▬▬▬▬▬▬▬▬▬
19:23:10 [allowed] §aYour §r§6Mithril Golem §r§aleveled up to level §r§924§r§a!
19:23:30 [allowed] §aYour §r§6Mithril Golem §r§aleveled up to level §r§925§r§a!
19:23:33 [allowed] §cThere are blocks in the way!
19:23:34 [allowed] §aYour §r§6Mithril Golem §r§aleveled up to level §r§931§r§a!
19:23:50 [allowed] §aYour §r§6Mithril Golem §r§aleveled up to level §r§932§r§a!
19:23:52 [allowed] §8[§r§f56§r§8] §r§7Implused§7§r§7: how are u one shotting them?
19:24:00 [allowed] §c ☠ §r§7§r§7Implused§r§7 was killed by Ghost§r§7§r§7.
19:24:10 [allowed] §aYour §r§6Mithril Golem §r§aleveled up to level §r§933§r§a!
19:24:29 [allowed] §8[§r§735§r§8] §r§7Its_GiGis§7§r§7: i want a drill
19:24:30 [allowed] §cThis ability is on cooldown for 5s.
19:24:33 [allowed] §8[§r§735§r§8] §r§7Its_GiGis§7§r§7: how much is it
19:24:36 [allowed] §8[§r§e97§r§8] §r§7❤ §r§a[VIP] pandk§f§r§f: get ruby
19:24:36 [allowed] §aYour §r§6Mithril Golem §r§aleveled up to level §r§934§r§a!
19:24:37 [allowed] §a§r§6Mining Speed Boost §r§ais now available!
19:24:42 [allowed] §8[§r§e97§r§8] §r§7❤ §r§a[VIP] pandk§f§r§f: tuby drill tx 15
19:24:44 [allowed] §8[§r§e97§r§8] §r§7❤ §r§a[VIP] pandk§f§r§f: 6m
19:24:49 [allowed] §8[§r§e97§r§8] §r§7❤ §r§a[VIP] pandk§f§r§f: 5.6*
19:24:56 [allowed] §8[§r§735§r§8] §r§7Its_GiGis§7§r§7: ill buy it to ya
19:24:58 [allowed] §aYour §r§6Mithril Golem §r§aleveled up to level §r§935§r§a!
19:25:09 [allowed] §8[§r§e97§r§8] §r§7❤ §r§a[VIP] pandk§f§r§f: huh
19:25:16 [allowed] §8[§r§e97§r§8] §r§7❤ §r§a[VIP] pandk§f§r§f: u want my drill?
19:25:16 [allowed] §cThere are blocks in the way!
19:25:17 [allowed] §8[§r§f56§r§8] §r§7Implused§7§r§7: bro how do i make money
19:25:21 [allowed] §8[§r§716§r§8] §r§a[VIP] _dizzygillespie§f§r§f: work
19:25:25 [allowed] §8[§r§3260§r§8] §r§a[VIP§6+§a] Ompajompar3§f§r§f: mine
19:25:28 [allowed] §a§lRAMPART'S QUARRY TITANIUM §r§eCommission Complete! Visit the King §r§eto claim your rewards!
19:25:28 [allowed] §aYour §r§6Mithril Golem §r§aleveled up to level §r§936§r§a!
19:25:29 [allowed] §8[§r§716§r§8] §r§a[VIP] _dizzygillespie§f§r§f: coal minweas
19:25:30 [allowed] §cThere are blocks in the way!
19:25:31 [allowed] §8[§r§716§r§8] §r§a[VIP] _dizzygillespie§f§r§f: mines
19:25:32 [allowed] §aYour §r§6Mithril Golem §r§aleveled up to level §r§938§r§a!
19:25:38 [allowed] §8[§r§716§r§8] §r§a[VIP] _dizzygillespie§f§r§f: 7 cents and hour
19:25:39 [allowed] §8[§r§716§r§8] §r§a[VIP] _dizzygillespie§f§r§f: an
19:25:43 [allowed] §8[§r§f56§r§8] §r§7Implused§7§r§7: haha
19:25:46 [allowed] §b§lCOMPACT! §r§fYou found an §r§9Enchanted Mithril§r§f!
19:25:53 [allowed] §8[§r§f56§r§8] §r§7Implused§7§r§7: i can spend only 15 mil on a mining setup
19:25:53 [allowed] §8[§r§716§r§8] §r§a[VIP] _dizzygillespie§f§r§f: i know i'm so funny
19:25:58 [allowed] §8[§r§f56§r§8] §r§7Implused§7§r§7: i have 22mil rn
19:26:04 [allowed] §8[§r§f56§r§8] §r§7Implused§7§r§7: idk what to do
19:26:09 [allowed] §8[§r§f56§r§8] §r§7Implused§7§r§7: im trying bazaar flipping
19:26:10 [allowed] §aYour §r§6Mithril Golem §r§aleveled up to level §r§939§r§a!
19:26:15 [allowed] §8[§r§f56§r§8] §r§7Implused§7§r§7: do u guys have any tips?
19:26:29 [allowed] §c ☠ §r§7§r§7Implused§r§7 was killed by Ghost§r§7§r§7.
19:26:31 [allowed] §8[§r§727§r§8] §r§a[VIP§6+§a] stefis_bacon§f§r§f: whats bazaar flipping
19:26:44 [allowed] §8[§r§727§r§8] §r§a[VIP§6+§a] stefis_bacon§f§r§f: you buy and sell for more?
19:26:49 [allowed] §aYour §r§6Mithril Golem §r§aleveled up to level §r§940§r§a!
19:26:50 [allowed] §8[§r§f56§r§8] §r§7Implused§7§r§7: yeah exactl
19:26:54 [allowed] §8[§r§716§r§8] §r§a[VIP] _dizzygillespie§f§r§f: stocks
19:26:54 [allowed] §8[§r§f56§r§8] §r§7Implused§7§r§7: u buy order
19:26:56 [allowed] §8[§r§716§r§8] §r§a[VIP] _dizzygillespie§f§r§f: fire
19:26:58 [allowed] §8[§r§f56§r§8] §r§7Implused§7§r§7: then sell offer
19:27:04 [allowed] §8[§r§f56§r§8] §r§7Implused§7§r§7: but its not that effecient
19:27:09 [allowed] §b§lCOMPACT! §r§fYou found an §r§9Enchanted Mithril§r§f!
19:27:11 [allowed] §8[§r§f56§r§8] §r§7Implused§7§r§7: or im just bad
19:27:13 [allowed] §a§lCLIFFSIDE VEINS MITHRIL §r§eCommission Complete! Visit the King §r§eto claim your rewards!
19:27:16 [allowed] §cThere are blocks in the way!
19:27:18 [allowed] §aYour §r§6Mithril Golem §r§aleveled up to level §r§942§r§a!
19:27:31 [allowed] §8[§r§f56§r§8] §r§7Implused§7§r§7: u just have to find stuff with a big gap between buy and sell price
19:27:35 [allowed] §cThere are blocks in the way!
19:27:35 [allowed] §8[§r§f56§r§8] §r§7Implused§7§r§7: that sells fairly quick
19:27:52 [allowed] §8[§r§727§r§8] §r§a[VIP§6+§a] stefis_bacon§f§r§f: my plan on making money just mine mite gel and sell it
19:28:00 [allowed] §8[§r§e97§r§8] §r§7❤ §r§a[VIP] pandk§f§r§f: just do zealots
19:28:02 [allowed] §8[§r§f56§r§8] §r§7Implused§7§r§7: how much u making per hour?
19:28:10 [allowed] §aYour §r§6Mithril Golem §r§aleveled up to level §r§943§r§a!
19:28:11 [allowed] §8[§r§727§r§8] §r§a[VIP§6+§a] stefis_bacon§f§r§f: liek 750k
19:28:19 [allowed] §8[§r§f56§r§8] §r§7Implused§7§r§7: rn my best bazaar flip makes 10 mil per hour
19:28:24 [allowed] §8[§r§e97§r§8] §r§7❤ §r§a[VIP] pandk§f§r§f: trash
19:28:24 [allowed] §8[§r§727§r§8] §r§a[VIP§6+§a] stefis_bacon§f§r§f: wow
19:28:24 [allowed] §8[§r§f56§r§8] §r§7Implused§7§r§7: but its super boring
19:28:34 [allowed] §b§lCOMPACT! §r§fYou found an §r§9Enchanted Mithril§r§f!
19:28:36 [allowed] §8[§r§f56§r§8] §r§7Implused§7§r§7: bc its not rly a real bazaar flip
19:28:37 [allowed] §b§lCOMPACT! §r§fYou found an §r§9Enchanted Mithril§r§f!
19:28:40 [allowed] §8[§r§f56§r§8] §r§7Implused§7§r§7: u have to do work
19:28:45 [allowed] §8[§r§e97§r§8] §r§7❤ §r§a[VIP] pandk§f§r§f: 10m an hour is awful
19:28:45 [allowed] §8[§r§727§r§8] §r§a[VIP§6+§a] stefis_bacon§f§r§f: i just got started with sky block tbh
19:28:48 [allowed] §8[§r§f56§r§8] §r§7Implused§7§r§7: bro wym trash iudk how else to make money
19:28:53 [allowed] §8[§r§e97§r§8] §r§7❤ §r§a[VIP] pandk§f§r§f: like
19:28:54 [allowed] §8[§r§f56§r§8] §r§7Implused§7§r§7: yeah i started a week ago
19:28:54 [allowed] §8[§r§e97§r§8] §r§7❤ §r§a[VIP] pandk§f§r§f: farming
19:28:56 [allowed] §8[§r§e97§r§8] §r§7❤ §r§a[VIP] pandk§f§r§f: slayers
19:28:58 [allowed] §8[§r§e97§r§8] §r§7❤ §r§a[VIP] pandk§f§r§f: zealots
19:28:59 [allowed] §aYou used your §r§6Mining Speed Boost §r§aPickaxe Ability!
19:29:00 [allowed] §8[§r§e97§r§8] §r§7❤ §r§a[VIP] pandk§f§r§f: mining
19:29:00 [allowed] §8[§r§f56§r§8] §r§7Implused§7§r§7: or like 2 weels
19:29:04 [allowed] §8[§r§e97§r§8] §r§7❤ §r§a[VIP] pandk§f§r§f: diana
19:29:08 [allowed] §8[§r§f56§r§8] §r§7Implused§7§r§7: bro farming zealots doesnt work fo rme
19:29:08 [allowed] §8[§r§e97§r§8] §r§7❤ §r§a[VIP] pandk§f§r§f: minions
19:29:11 [allowed] §aYour §r§6Mithril Golem §r§aleveled up to level §r§944§r§a!
19:29:13 [allowed] §8[§r§e97§r§8] §r§7❤ §r§a[VIP] pandk§f§r§f: actual flipping
19:29:16 [allowed] §b§lCOMPACT! §r§fYou found an §r§9Enchanted Mithril§r§f!
19:29:17 [allowed] §8[§r§e97§r§8] §r§7❤ §r§a[VIP] pandk§f§r§f: crafts
19:29:18 [allowed] §6The sound of pickaxes clashing against the rock has attracted the attention of the §r§6§lPOWDER GHAST!
19:29:18 [allowed] §eFind the §r§6Powder Ghast§r§e near the §r§bDivan's Gateway§r§e!
19:29:19 [allowed] §cYour Mining Speed Boost has expired!
19:29:22 [allowed] §8[§r§f56§r§8] §r§7Implused§7§r§7: and diana doesnt either bc best drop i can get is griffin feather
19:29:24 [allowed] §8[§r§e97§r§8] §r§7❤ §r§a[VIP] pandk§f§r§f: skills
19:29:28 [allowed] §f                          §r§3§lSKYBLOCK LEVEL UP
19:29:28 [allowed] §f                             §r§bLevel §r§8219 ➡ §r§8[§r§b220§r§8]
19:29:28 [allowed] §f                                  §r§6§lREWARDS
19:29:28 [allowed] §f                               §r§8+§r§a1 §r§c❁ Strength
19:29:28 [allowed] §f                                 §r§8+§r§a5 §r§c❤ Health
19:29:38 [allowed] §8[§r§e97§r§8] §r§7❤ §r§a[VIP] pandk§f§r§f: dungeons
19:29:39 [allowed] §cThere are blocks in the way!
19:29:42 [allowed] §8[§r§f56§r§8] §r§7Implused§7§r§7: if i deal more than 10k damage on kudra can i make money?
19:29:50 [allowed] §8[§r§e97§r§8] §r§7❤ §r§a[VIP] pandk§f§r§f: 10k?
19:29:51 [allowed] §8[§r§b218§r§8] §r§7§lᛝ §r§b[MVP§c+§b] incognitodave§f§r§f: for a lvl 56 10 mil an hour bz flipping is fine
19:29:55 [allowed] §8[§r§e97§r§8] §r§7❤ §r§a[VIP] pandk§f§r§f: what sword u got
19:29:55 [allowed] §8[§r§b218§r§8] §r§7§lᛝ §r§b[MVP§c+§b] incognitodave§f§r§f: he's literally broke cmon
19:30:05 [allowed] §a§lLAVA SPRINGS MITHRIL §r§eCommission Complete! Visit the King §r§eto claim your rewards!
19:30:05 [allowed] §8[§r§f56§r§8] §r§7Implused§7§r§7: lol
19:30:09 [allowed] §aYour §r§6Mithril Golem §r§aleveled up to level §r§945§r§a!
19:30:12 [allowed] §8[§r§f56§r§8] §r§7Implused§7§r§7: but its soooooo boring
19:30:18 [allowed] §8[§r§e97§r§8] §r§7❤ §r§a[VIP] pandk§f§r§f: yeah but bz flipping is expenential
19:30:27 [allowed] §8[§r§b218§r§8] §r§7§lᛝ §r§b[MVP§c+§b] incognitodave§f§r§f: like i don't mean that in a mean way but like what the fuck else is he supposed to do at his stager
19:30:38 [allowed] §8[§r§e97§r§8] §r§7❤ §r§a[VIP] pandk§f§r§f: zealots
19:30:39 [allowed] §8[§r§b218§r§8] §r§7§lᛝ §r§b[MVP§c+§b] incognitodave§f§r§f: get a coookie then you can skill grind while doing bz flipping, he's doing it right
19:30:40 [allowed] §aYour §r§6Mithril Golem §r§aleveled up to level §r§946§r§a!
19:30:41 [allowed] §8[§r§f56§r§8] §r§7Implused§7§r§7: yeah fair enough lol
19:30:53 [allowed] §8[§r§e97§r§8] §r§7❤ §r§a[VIP] pandk§f§r§f: i didnt say bz flipping is bad
19:30:59 [allowed] §a§r§6Mining Speed Boost §r§ais now available!
19:30:59 [allowed] §8[§r§e97§r§8] §r§7❤ §r§a[VIP] pandk§f§r§f: its just hes not doung it right
19:31:02 [allowed] §b§lCOMPACT! §r§fYou found an §r§9Enchanted Mithril§r§f!
19:31:05 [allowed] §8[§r§f56§r§8] §r§7Implused§7§r§7: cookie takes half my money lol
19:31:12 [allowed] §8[§r§e97§r§8] §r§7❤ §r§a[VIP] pandk§f§r§f: u get a free one?
19:31:12 [allowed] §8[§r§f56§r§8] §r§7Implused§7§r§7: i hate it
19:31:19 [allowed] §8[§r§f56§r§8] §r§7Implused§7§r§7: yeah i used it
19:31:19 [allowed] §9§m-----------------------------------------------------
19:31:19 [allowed] §eThe party leader, §r§7GoldenAle7 §r§ehas disconnected, they have §r§c5 §r§eminutes to rejoin before the party is disbanded.
19:31:19 [allowed] §9§m-----------------------------------------------------
19:31:19 [allowed] §2Guild > §r§7GoldenAle7 §r§eleft.
19:31:28 [allowed] §8[§r§f56§r§8] §r§7Implused§7§r§7: i deal 50k damage
19:31:32 [allowed] §8[§r§f56§r§8] §r§7Implused§7§r§7: is there any combat grinds?
19:31:36 [allowed] §8[§r§f56§r§8] §r§7Implused§7§r§7: that make me money
19:31:41 [allowed] §8[§r§f56§r§8] §r§7Implused§7§r§7: using bow i deal 20k
19:31:49 [allowed] §a§lROYAL MINES TITANIUM §r§eCommission Complete! Visit the King §r§eto claim your rewards!
19:31:57 [allowed] §8[§r§b218§r§8] §r§7§lᛝ §r§b[MVP§c+§b] incognitodave§f§r§f: if you can 1 shot zealots do zealots, if not go for 6k/9k enderman
19:31:58 [allowed] §aYour §r§6Mithril Golem §r§aleveled up to level §r§947§r§a!
19:32:07 [allowed] §8[§r§f56§r§8] §r§7Implused§7§r§7: yeah i can one shot zealots
19:32:13 [allowed] §8[§r§f56§r§8] §r§7Implused§7§r§7: what can i drop from zealots?
19:32:17 [allowed] §8[§r§b218§r§8] §r§7§lᛝ §r§b[MVP§c+§b] incognitodave§f§r§f: summoning eyes
19:32:18 [allowed] §8[§r§f56§r§8] §r§7Implused§7§r§7: summoning eye?
19:32:24 [allowed] §8[§r§f56§r§8] §r§7Implused§7§r§7: ahh okay
19:32:27 [allowed] §8[§r§f56§r§8] §r§7Implused§7§r§7: ty
19:32:39 [allowed] §8[§r§f56§r§8] §r§7Implused§7§r§7: how are u making money?
19:32:41 [allowed] §8[§r§3260§r§8] §r§a[VIP§6+§a] Ompajompar3§f§r§f: easiest way is to to get into mining
19:32:49 [allowed] §8[§r§3260§r§8] §r§a[VIP§6+§a] Ompajompar3§f§r§f: mining = monet
19:32:51 [allowed] §8[§r§b218§r§8] §r§7§lᛝ §r§b[MVP§c+§b] incognitodave§f§r§f: heres what i would, use a cookie and grind zealots while still bz flipping, you could make like 25m an hour if you do it correctly
19:32:51 [allowed] §aYou summoned your §r§6Bal§r§a!
19:32:57 [allowed] §a§l+5 Kill Combo §r§8§r§b+3✯ Magic Find
19:32:58 [allowed] §6§lRARE DROP! §r§9Goblin Egg §r§b(+§r§b175% §r§b✯ Magic Find§r§b)
19:33:01 [allowed] §a§l+10 Kill Combo §r§8+§r§610 §r§7coins per kill
19:33:03 [allowed] §aThe Goblin was carrying a bag of coins! +§r§62,188 Coins§r§a!
19:33:04 [allowed] §9§l+15 Kill Combo §r§8§r§b+3✯ Magic Find
19:33:08 [allowed] §6§lRARE DROP! §r§9Goblin Chestplate §r§b(+§r§b180% §r§b✯ Magic Find§r§b)
19:33:08 [allowed] §8[§r§f56§r§8] §r§7Implused§7§r§7: wow okay
19:33:10 [allowed] §5§l+20 Kill Combo §r§8§r§3+15☯ Combat Wisdom
19:33:10 [allowed] §a§l▬▬▬▬▬▬▬▬▬▬▬▬▬▬▬▬▬▬▬▬▬▬▬▬▬▬▬▬▬▬▬▬▬▬▬▬▬▬▬▬▬▬▬▬▬▬▬▬▬▬▬▬▬▬▬▬▬▬▬▬▬▬▬▬
19:33:10 [allowed] §f                      §r§b§lMITHRIL GOURMAND ENDED!
19:33:10 [allowed] §f                             §r§7Active Mining Event
19:33:10 [allowed] §f                          §r§cYou didn't participate...
19:33:10 [allowed] §a§l▬▬▬▬▬▬▬▬▬▬▬▬▬▬▬▬▬▬▬▬▬▬▬▬▬▬▬▬▬▬▬▬▬▬▬▬▬▬▬▬▬▬▬▬▬▬▬▬▬▬▬▬▬▬▬▬▬▬▬▬▬▬▬▬
19:33:13 [allowed] §5§l+25 Kill Combo §r§8§r§b+3✯ Magic Find
19:33:16 [allowed] §6§l+30 Kill Combo §r§8+§r§610 §r§7coins per kill
19:33:16 [allowed] §aThe Goblin was carrying a bag of coins! +§r§63,292 Coins§r§a!
19:33:19 [allowed] §8[§r§f56§r§8] §r§7Implused§7§r§7: i dont think im bazaar flipping right but ill learn
19:33:22 [allowed] §8[§r§b218§r§8] §r§7§lᛝ §r§b[MVP§c+§b] incognitodave§f§r§f: try and always have cookie if u can
19:33:25 [allowed] §8[§r§f56§r§8] §r§7Implused§7§r§7: ty
19:33:31 [allowed] §8[§r§f56§r§8] §r§7Implused§7§r§7: yeah but its so expensive lol
19:33:33 [allowed] §6§l+50 Kill Combo
19:33:35 [allowed] §8[§r§b218§r§8] §r§7§lᛝ §r§b[MVP§c+§b] incognitodave§f§r§f: easiest flip i can recommend early game is medium storage
19:33:50 [allowed] §cYour Kill Combo has expired! You reached a 71 Kill Combo!
19:33:53 [allowed] §a§l+5 Kill Combo §r§8§r§b+3✯ Magic Find
19:33:54 [allowed] §6§lRARE DROP! §r§9Goblin Egg §r§b(+§r§b175% §r§b✯ Magic Find§r§b)
19:33:55 [allowed] §a§l+10 Kill Combo §r§8+§r§610 §r§7coins per kill
19:33:58 [allowed] §9§l+15 Kill Combo §r§8§r§b+3✯ Magic Find
19:33:58 [allowed] §6§lRARE DROP! §r§9Goblin Egg §r§b(+§r§b180% §r§b✯ Magic Find§r§b)
19:34:04 [allowed] §5§l+20 Kill Combo §r§8§r§3+15☯ Combat Wisdom
19:34:05 [allowed] §8[§r§f56§r§8] §r§7Implused§7§r§7: like buy order and sell right?
19:34:05 [allowed] §6§lRARE DROP! §r§9Goblin Egg §r§b(+§r§b180% §r§b✯ Magic Find§r§b)
19:34:05 [allowed] §5§l+25 Kill Combo §r§8§r§b+3✯ Magic Find
19:34:09 [allowed] §a§lGOBLIN SLAYER §r§eCommission Complete! Visit the King §r§eto claim your rewards!
19:34:09 [allowed] §6§l+30 Kill Combo §r§8+§r§610 §r§7coins per kill
19:34:09 [allowed] §8[§r§b218§r§8] §r§7§lᛝ §r§b[MVP§c+§b] incognitodave§f§r§f: yes
19:34:11 [allowed] §aThe Goblin was carrying a bag of coins! +§r§66,430 Coins§r§a!
19:34:17 [allowed] §cYour Kill Combo has expired! You reached a 35 Kill Combo!
19:34:18 [allowed] §8[§r§f56§r§8] §r§7Implused§7§r§7: okay
19:34:23 [allowed] §aYou sold §r§9Goblin Egg§r§8 x7 §r§afor §r§62,947 Coins§r§a!
19:34:23 [allowed] §aYou sold §r§9Goblin Chestplate§r§8 x1 §r§afor §r§61,500 Coins§r§a!
19:34:30 [allowed] §5§l✯ §r§eA §r§5Fallen Star §r§ehas crashed at §r§bCliffside Veins§r§e! Nearby ore and Powder drops are amplified!
19:34:37 [allowed] §cThere are blocks in the way!
19:34:40 [allowed] §8[§r§b218§r§8] §r§7§lᛝ §r§b[MVP§c+§b] incognitodave§f§r§f: i'm not sure if the margins are as good as they used to be but i basically flipped those to 100m when i was early game lol
19:34:56 [allowed] §8[§r§f56§r§8] §r§7Implused§7§r§7: damnn
19:35:04 [allowed] §8[§r§3260§r§8] §r§a[VIP§6+§a] Ompajompar3§f§r§f: or u could do summoning eyes
19:35:08 [allowed] §8[§r§3260§r§8] §r§a[VIP§6+§a] Ompajompar3§f§r§f: if margins good
19:35:13 [allowed] §8[§r§3260§r§8] §r§a[VIP§6+§a] Ompajompar3§f§r§f: like its fast
19:35:23 [allowed] §8[§r§b218§r§8] §r§7§lᛝ §r§b[MVP§c+§b] incognitodave§f§r§f: if he has a cookie he could do both, that's what i did lol
19:35:26 [allowed] §8[§r§3260§r§8] §r§a[VIP§6+§a] Ompajompar3§f§r§f: in demand items
19:35:31 [allowed] §8[§r§3260§r§8] §r§a[VIP§6+§a] Ompajompar3§f§r§f: god pots
19:35:33 [allowed] §8[§r§3260§r§8] §r§a[VIP§6+§a] Ompajompar3§f§r§f: cookie
19:35:35 [allowed] §8[§r§f56§r§8] §r§7Implused§7§r§7: is medium storage in demand?
19:35:36 [allowed] §8[§r§3260§r§8] §r§a[VIP§6+§a] Ompajompar3§f§r§f: summoning eyes
19:35:39 [allowed] §8[§r§3260§r§8] §r§a[VIP§6+§a] Ompajompar3§f§r§f: ye
19:35:45 [allowed] §8[§r§f56§r§8] §r§7Implused§7§r§7: damn okay
19:35:49 [allowed] §8[§r§3260§r§8] §r§a[VIP§6+§a] Ompajompar3§f§r§f: not like the other
19:35:49 [allowed] §8[§r§f56§r§8] §r§7Implused§7§r§7: ill try it now
19:35:52 [allowed] §8[§r§3260§r§8] §r§a[VIP§6+§a] Ompajompar3§f§r§f: but still in demands
19:35:53 [allowed] §8[§r§3260§r§8] §r§a[VIP§6+§a] Ompajompar3§f§r§f: gl
19:35:55 [allowed] §8[§r§f56§r§8] §r§7Implused§7§r§7: ty for the tops
19:36:00 [allowed] §8[§r§f56§r§8] §r§7Implused§7§r§7: tips*
19:36:16 [allowed] §8[§r§3260§r§8] §r§a[VIP§6+§a] Ompajompar3§f§r§f: if u gonna do mining do some research in YT
19:36:19 [allowed] §9§m-----------------------------------------------------
19:36:19 [allowed] §cThe party was disbanded because the party leader disconnected.
19:36:19 [allowed] §9§m-----------------------------------------------------
19:36:36 [allowed] §8[§r§b218§r§8] §r§7§lᛝ §r§b[MVP§c+§b] incognitodave§f§r§f: pickonimbus until you can afford a decent drill
19:36:46 [allowed] §8[§r§f56§r§8] §r§7Implused§7§r§7: whats a decent drill
19:36:51 [allowed] §8[§r§f56§r§8] §r§7Implused§7§r§7: ruby?
19:37:03 [allowed] §8[§r§b218§r§8] §r§7§lᛝ §r§b[MVP§c+§b] incognitodave§f§r§f: oh i have no clue anymore
19:37:08 [allowed] §8[§r§b218§r§8] §r§7§lᛝ §r§b[MVP§c+§b] incognitodave§f§r§f: that's gonna be a youtube research lol
19:37:10 [allowed] §8[§r§3260§r§8] §r§a[VIP§6+§a] Ompajompar3§f§r§f: like jungle pickaxe is good
19:37:12 [allowed] §8[§r§f56§r§8] §r§7Implused§7§r§7: haha yeah lol
19:37:13 [allowed] §8[§r§3260§r§8] §r§a[VIP§6+§a] Ompajompar3§f§r§f: rewsearch ye
19:37:16 [allowed] §8[§r§f56§r§8] §r§7Implused§7§r§7: okay
19:37:26 [allowed] §8[§r§f56§r§8] §r§7Implused§7§r§7: what about foraging? whats the best axe
19:37:32 [allowed] §8[§r§f56§r§8] §r§7Implused§7§r§7: sorry for asking a lot of questions
19:37:38 [allowed] §8[§r§b235§r§8] §r§b§lᛝ §r§7DLegoMan8350§7§r§7: If you want to grind for the ruby drill, then you can start off by buyinga pickonimbus
19:37:53 [allowed] §8[§r§b218§r§8] §r§7§lᛝ §r§b[MVP§c+§b] incognitodave§f§r§f: tree capitator is always going to be best foraging tool
19:37:55 [allowed] §8[§r§b218§r§8] §r§7§lᛝ §r§b[MVP§c+§b] incognitodave§f§r§f: well, for now lool
19:38:00 [allowed] §8[§r§f56§r§8] §r§7Implused§7§r§7: Okay
19:38:17 [allowed] §8[§r§b218§r§8] §r§7§lᛝ §r§b[MVP§c+§b] incognitodave§f§r§f: unitl the foraging (totally real) update comes out lmao
19:38:23 [allowed] §8[§r§f56§r§8] §r§7Implused§7§r§7: haha yeah
19:38:30 [allowed] §8[§r§f56§r§8] §r§7Implused§7§r§7: my least favourite skill
19:38:42 [allowed] §8[§r§e101§r§8] §r§7⧉ §r§b[MVP§c+§b] KhaosKat123§f§r§f: whats the best reforge for the treecap?
19:38:43 [allowed] §8[§r§3260§r§8] §r§a[VIP§6+§a] Ompajompar3§f§r§f: foraging update is teaser too Skyblock 2 trust
19:38:46 [allowed] §8[§r§3260§r§8] §r§a[VIP§6+§a] Ompajompar3§f§r§f: Toil
19:39:17 [allowed] §8[§r§f56§r§8] §r§7Implused§7§r§7: someone told me to grind rift
19:39:22 [allowed] §8[§r§f56§r§8] §r§7Implused§7§r§7: and do snakes
19:39:44 [allowed] §8[§r§f56§r§8] §r§7Implused§7§r§7: do u guy sknow if i should do that or is it a waste of time
19:39:47 [allowed] §8[§r§f56§r§8] §r§7Implused§7§r§7: guys*
19:40:39 [allowed] §c ☠ §r§7§r§7Freddyboy03§r§7 was killed by Ghost§r§7§r§7.
19:41:20 [allowed] §8[§r§f56§r§8] §r§7Implused§7§r§7: ty for help
19:41:26 [allowed] §8[§r§f56§r§8] §r§7Implused§7§r§7: bye
19:42:10 [allowed] §aYou used your §r§6Mining Speed Boost §r§aPickaxe Ability!
19:42:17 [allowed] §b§lCOMPACT! §r§fYou found an §r§9Enchanted Mithril§r§f!
19:42:21 [allowed] §b§lCOMPACT! §r§fYou found an §r§9Enchanted Mithril§r§f!
19:42:30 [allowed] §cYour Mining Speed Boost has expired!
19:42:42 [allowed]  §b⚑ §eThe §b2x Powder §eevent starts in §a20 §eseconds!
 §eThis is a passive event! §bIt's happening everywhere in the §bDwarven Mines!
19:42:44 [allowed] §6A Golden Goblin has spawned!
19:42:50 [allowed] §cThere are blocks in the way!
19:42:51 [allowed] §aYou received §r§2200 ᠅ Mithril Powder §r§afrom killing a §r§6§lGolden Goblin§r§a!
19:42:51 [allowed]   §r§7+§r§62 Gold Essence
19:42:55 [allowed] §cThere are blocks in the way!
19:43:02 [allowed] §a§l▬▬▬▬▬▬▬▬▬▬▬▬▬▬▬▬▬▬▬▬▬▬▬▬▬▬▬▬▬▬▬▬▬▬▬▬▬▬▬▬▬▬▬▬▬▬▬▬▬▬▬▬▬▬▬▬▬▬▬▬▬▬▬▬
19:43:02 [allowed] §f                          §r§b§l2X POWDER STARTED!
19:43:02 [allowed] §f                           §r§7Passive Active Event
19:43:02 [allowed] §f        Everybody gets twice as much powder of all types!
19:43:02 [allowed] §a§l▬▬▬▬▬▬▬▬▬▬▬▬▬▬▬▬▬▬▬▬▬▬▬▬▬▬▬▬▬▬▬▬▬▬▬▬▬▬▬▬▬▬▬▬▬▬▬▬▬▬▬▬▬▬▬▬▬▬▬▬▬▬▬▬
19:43:44 [allowed] §aYou summoned your §r§6Mithril Golem§r§a!
19:43:55 [allowed] §aYour §r§6Mithril Golem §r§aleveled up to level §r§948§r§a!
19:44:11 [allowed] §a§r§6Mining Speed Boost §r§ais now available!
19:44:14 [allowed] §c ☠ §r§7§r§a_dizzygillespie§r§7 was killed by Ghost§r§7§r§7.
19:44:19 [allowed] §cThere are blocks in the way!
19:44:20 [allowed] §aYou used your §r§6Mining Speed Boost §r§aPickaxe Ability!
19:44:32 [allowed] §a§lLAVA SPRINGS MITHRIL §r§eCommission Complete! Visit the King §r§eto claim your rewards!
19:44:36 [allowed] §a§l2X MITHRIL POWDER COLLECTOR §r§eCommission Complete! Visit the King §r§eto claim your rewards!
19:44:36 [allowed] §aYour §r§6Mithril Golem §r§aleveled up to level §r§949§r§a!
19:44:40 [allowed] §cYour Mining Speed Boost has expired!
19:44:45 [allowed] §aYour §r§6Mithril Golem §r§aleveled up to level §r§950§r§a!
19:44:50 [allowed] §c ☠ §r§7§r§7Freddyboy03§r§7 was killed by Ghost§r§7§r§7.
19:45:08 [allowed] §cThere are blocks in the way!
19:45:08 [allowed] §cThere are blocks in the way!
19:45:08 [allowed] §cThere are blocks in the way!
19:45:14 [allowed] §e[NPC] §dPuzzler§f: §r§d▲§5▶§b◀§a▼§d▲§a▼§d▲§d▲§5▶§5▶
19:45:14 [allowed] §e[NPC] §dPuzzler§f: §r§d▲§5▶§b◀§a▼§d▲§a▼§d▲§d▲§5▶§5▶
19:45:15 [allowed] §8[§r§a124§r§8] §r§7§lꈔ §r§7Burrito68§7§r§7: &b<
19:45:16 [allowed] §cThere are blocks in the way!
19:45:21 [allowed] §cThis ability is on cooldown for 60s.
19:45:24 [allowed] §e[NPC] §dPuzzler§f: §r§a✌✓
19:45:24 [allowed] §e[NPC] §dPuzzler§f: §r▶▶Nice!  ▲Here, ◀have ▼some◀ ▶Mithril Powder!▲
19:45:24 [allowed] §dPuzzler§r§6 gave you §r§21,000 Mithril Powder §r§6for solving the puzzle!
19:45:48 [allowed] §e[NPC] Fetchur§f: §rhi i need your help maybe
19:45:48 [allowed] §c ☠ §r§7§r§7Soul_Huntxr§r§7 was killed by Ghost§r§7§r§7.
19:45:49 [allowed] §e[NPC] Fetchur§f: §rim looking for some stuff, dont remember the name tbh
19:45:51 [allowed] §e[NPC] Fetchur§f: §rits explosive but more than usual
19:45:52 [allowed] §e[NPC] Fetchur§f: §ri need 1 pls
19:45:53 [allowed] §e[NPC] Fetchur§f: §rthanks thats probably what i needed
19:45:53 [allowed] §aYou received these rewards:
19:45:53 [allowed]   §r§8+§r§620,000 Coins
19:45:53 [allowed]   §r§8+§r§21,000 Mithril Powder
19:45:54 [allowed] §e[NPC] Fetchur§f: §rtake some gifts!
19:45:56 [allowed] §eYour Mining Sack §r§eis full of §r§fMithril§r§e!
19:45:57 [allowed] §c ☠ §r§7§r§7Freddyboy03§r§7 was killed by Ghost§r§7§r§7.
19:46:21 [allowed] §a§r§6Mining Speed Boost §r§ais now available!
19:46:41 [allowed] §c ☠ §r§7§r§7Freddyboy03§r§7 was killed by Ghost§r§7§r§7.
19:46:41 [allowed] §b§lCOMPACT! §r§fYou found an §r§9Enchanted Mithril§r§f!
19:47:10 [allowed] §b§lCOMPACT! §r§fYou found an §r§9Enchanted Mithril§r§f!
19:47:11 [allowed] §b§lCOMPACT! §r§fYou found an §r§9Enchanted Mithril§r§f!
19:47:18 [allowed] §aYou used your §r§6Mining Speed Boost §r§aPickaxe Ability!
19:47:20 [allowed] §aYour §r§6Mithril Golem §r§aleveled up to level §r§951§r§a!
19:47:38 [allowed] §cYour Mining Speed Boost has expired!
19:47:50 [allowed] §a§lROYAL MINES MITHRIL §r§eCommission Complete! Visit the King §r§eto claim your rewards!
19:47:56 [allowed] §cThere are blocks in the way!
19:47:57 [allowed] §aYour §r§6Mithril Golem §r§aleveled up to level §r§952§r§a!
19:48:27 [allowed] §b§lCOMPACT! §r§fYou found an §r§9Enchanted Mithril§r§f!
19:49:19 [allowed] §a§r§6Mining Speed Boost §r§ais now available!
19:49:43 [allowed] §aYour §r§6Mithril Golem §r§aleveled up to level §r§953§r§a!
19:50:18 [allowed] §aYou used your §r§6Mining Speed Boost §r§aPickaxe Ability!
19:50:38 [allowed] §cYour Mining Speed Boost has expired!
19:50:51 [allowed] §b§lCOMPACT! §r§fYou found an §r§9Enchanted Mithril§r§f!
19:51:49 [allowed] §aYour §r§6Mithril Golem §r§aleveled up to level §r§954§r§a!
19:52:02 [allowed] §a§lCLIFFSIDE VEINS MITHRIL §r§eCommission Complete! Visit the King §r§eto claim your rewards!
19:52:19 [allowed] §a§r§6Mining Speed Boost §r§ais now available!
19:52:28 [allowed] §aYou summoned your §r§6Bal§r§a!
19:52:34 [allowed] §6§lRARE DROP! §r§9Goblin Egg §r§b(+§r§b170% §r§b✯ Magic Find§r§b)
19:52:38 [allowed] §a§l+5 Kill Combo §r§8§r§b+3✯ Magic Find
19:52:52 [allowed] §cYour Kill Combo has expired! You reached a 7 Kill Combo!
19:53:16 [allowed] §a§l+5 Kill Combo §r§8§r§b+3✯ Magic Find
19:53:16 [allowed] §7Your Giant's Sword hit §r§c3 §r§7enemies for §r§c1,523,499 §r§7damage.
19:53:26 [allowed] §a§l+10 Kill Combo §r§8+§r§610 §r§7coins per kill
19:53:26 [allowed] §aThe Goblin was carrying a bag of coins! +§r§63,650 Coins§r§a!
19:53:32 [allowed] §cYour Kill Combo has expired! You reached a 10 Kill Combo!
19:54:07 [allowed] §a§l+5 Kill Combo §r§8§r§b+3✯ Magic Find
19:54:13 [allowed] §a§l+10 Kill Combo §r§8+§r§610 §r§7coins per kill
19:54:18 [allowed] §9§l+15 Kill Combo §r§8§r§b+3✯ Magic Find
19:54:22 [allowed] §aYou used your §r§6Mining Speed Boost §r§aPickaxe Ability!
19:54:27 [allowed] §cYour Kill Combo has expired! You reached a 19 Kill Combo!
19:54:42 [allowed] §cYour Mining Speed Boost has expired!
19:54:49 [allowed] §a§l+5 Kill Combo §r§8§r§b+3✯ Magic Find
19:54:52 [allowed] §a§l+10 Kill Combo §r§8+§r§610 §r§7coins per kill
19:54:58 [allowed] §cYour Kill Combo has expired! You reached a 10 Kill Combo!
19:55:24 [allowed] §cThis ability is on cooldown for 59s.
19:55:44 [allowed] §a§l+5 Kill Combo §r§8§r§b+3✯ Magic Find
19:55:44 [allowed] §7Your Giant's Sword hit §r§c6 §r§7enemies for §r§c3,046,998 §r§7damage.
19:55:48 [allowed] §a§l+10 Kill Combo §r§8+§r§610 §r§7coins per kill
19:55:48 [allowed] §6§lRARE DROP! §r§9Goblin Egg §r§b(+§r§b175% §r§b✯ Magic Find§r§b)
19:55:58 [allowed] §cYour Kill Combo has expired! You reached a 13 Kill Combo!
19:56:23 [allowed] §a§r§6Mining Speed Boost §r§ais now available!
19:57:29 [allowed] §a§lMITHRIL MINER §r§eCommission Complete! Visit the King §r§eto claim your rewards!
19:57:34 [allowed] §6The sound of pickaxes clashing against the rock has attracted the attention of the §r§6§lPOWDER GHAST!
19:57:34 [allowed] §eFind the §r§6Powder Ghast§r§e near the §r§bCliffside Veins§r§e!
19:57:40 [allowed] §a§l+5 Kill Combo §r§8§r§b+3✯ Magic Find
19:57:43 [allowed] §a§l+10 Kill Combo §r§8+§r§610 §r§7coins per kill
19:57:46 [allowed] §7Your Giant's Sword hit §r§c2 §r§7enemies for §r§c1,015,666 §r§7damage.
19:57:49 [allowed] §9§l+15 Kill Combo §r§8§r§b+3✯ Magic Find
19:57:55 [allowed] §5§l+20 Kill Combo §r§8§r§3+15☯ Combat Wisdom
19:58:00 [allowed] §5§l+25 Kill Combo §r§8§r§b+3✯ Magic Find
19:58:04 [allowed] §6§l+30 Kill Combo §r§8+§r§610 §r§7coins per kill
19:58:04 [allowed] §6§lRARE DROP! §r§9Goblin Egg §r§b(+§r§b185% §r§b✯ Magic Find§r§b)
19:58:08 [allowed] §a§l▬▬▬▬▬▬▬▬▬▬▬▬▬▬▬▬▬▬▬▬▬▬▬▬▬▬▬▬▬▬▬▬▬▬▬▬▬▬▬▬▬▬▬▬▬▬▬▬▬▬▬▬▬▬▬▬▬▬▬▬▬▬▬▬
19:58:08 [allowed] §f                           §r§b§l2X POWDER ENDED!
19:58:08 [allowed] §f                           §r§7Passive Active Event
19:58:08 [allowed] §f   Powder amount is back to normal, but there will be another
19:58:08 [allowed] §f§r§f                                 event soon!
19:58:08 [allowed] §a§l▬▬▬▬▬▬▬▬▬▬▬▬▬▬▬▬▬▬▬▬▬▬▬▬▬▬▬▬▬▬▬▬▬▬▬▬▬▬▬▬▬▬▬▬▬▬▬▬▬▬▬▬▬▬▬▬▬▬▬▬▬▬▬▬
19:58:11 [allowed] §cYour Kill Combo has expired! You reached a 37 Kill Combo!
19:58:12 [allowed] §a§lGOBLIN SLAYER §r§eCommission Complete! Visit the King §r§eto claim your rewards!
19:58:18 [allowed] §aYou summoned your §r§6Mithril Golem§r§a!
19:58:26 [allowed] §aYour §r§6Mithril Golem §r§aleveled up to level §r§955§r§a!
19:58:42 [allowed] §cThis ability is on cooldown for 1s.
19:59:30 [allowed] §aYou used your §r§6Mining Speed Boost §r§aPickaxe Ability!
19:59:33 [allowed] §b§lCOMPACT! §r§fYou found an §r§9Enchanted Mithril§r§f!
19:59:34 [allowed] §b§lCOMPACT! §r§fYou found an §r§9Enchanted Mithril§r§f!
19:59:38 [allowed] §b§lCOMPACT! §r§fYou found an §r§9Enchanted Mithril§r§f!
19:59:41 [allowed] §aYour §r§6Mithril Golem §r§aleveled up to level §r§956§r§a!
19:59:50 [allowed] §cYour Mining Speed Boost has expired!
20:00:06 [allowed] §c ☠ §r§7§r§aMkat32§r§7 was killed by Glacite Walker§r§7§r§7.
20:00:25 [allowed] §b§lCOMPACT! §r§fYou found an §r§9Enchanted Mithril§r§f!
20:00:29 [allowed] §c ☠ §r§7§r§bcrayola47§r§7 was killed by §r§5Star Sentry§r§7§r§7.
20:00:29 [allowed] §a§lUPPER MINES TITANIUM §r§eCommission Complete! Visit the King §r§eto claim your rewards!
20:01:02 [allowed] §c ☠ §r§7§r§aD4n13l1§r§7 was killed by Glacite Walker§r§7§r§7.
20:01:08 [allowed] §aYour §r§6Mithril Golem §r§aleveled up to level §r§957§r§a!
20:01:31 [allowed] §a§r§6Mining Speed Boost §r§ais now available!
20:01:51 [allowed] §c ☠ §r§7§r§aD4n13l1§r§7 was killed by Glacite Walker§r§7§r§7.
20:02:31 [allowed] §a§lRAMPART'S QUARRY MITHRIL §r§eCommission Complete! Visit the King §r§eto claim your rewards!
20:02:34 [allowed] §cThere are blocks in the way!
20:02:35 [allowed] §cThere are blocks in the way!
20:02:38 [allowed]  §c⚑ §eThe §cGoblin Raid §eevent starts in §a20 §eseconds!
 §aClick here §eto teleport to §bGarry §eand prepare!
20:02:58 [allowed] §a§l▬▬▬▬▬▬▬▬▬▬▬▬▬▬▬▬▬▬▬▬▬▬▬▬▬▬▬▬▬▬▬▬▬▬▬▬▬▬▬▬▬▬▬▬▬▬▬▬▬▬▬▬▬▬▬▬▬▬▬▬▬▬▬▬
20:02:58 [allowed] §f                        §r§c§lGOBLIN RAID STARTED!
20:02:58 [allowed] §f                             §r§7Active Mining Event
20:02:58 [allowed] §f                        Kill all §r§c1,000 §r§fgoblins to §r§awin§r§f!
20:02:58 [allowed] §f       Earn §r§6extra rewards §r§fby slaying at least §r§c25 §r§fyourself!
20:02:58 [allowed] §f                  Go to §r§bThe Forge §r§7(or talk to Garry)
20:02:58 [allowed] §a§l▬▬▬▬▬▬▬▬▬▬▬▬▬▬▬▬▬▬▬▬▬▬▬▬▬▬▬▬▬▬▬▬▬▬▬▬▬▬▬▬▬▬▬▬▬▬▬▬▬▬▬▬▬▬▬▬▬▬▬▬▬▬▬▬
20:03:04 [allowed] §eA nearby §r§bSuperprotectron §r§eis defending this goblin!
20:03:04 [allowed] §eA nearby §r§bSuperprotectron §r§edefends this goblin against ability damage!
20:03:10 [allowed] §eA nearby §r§bSuperprotectron §r§edefends this goblin against ability damage!
20:03:11 [allowed] §eA nearby §r§bSuperprotectron §r§eis defending this goblin!
20:03:11 [allowed] §eA nearby §r§bSuperprotectron §r§eis defending this goblin!
20:03:13 [allowed] §cThis ability is on cooldown for 24s.
20:03:13 [allowed] §eA nearby §r§bSuperprotectron §r§eis defending this goblin!
20:03:13 [allowed] §eA nearby §r§bSuperprotectron §r§eis defending this goblin!
20:03:14 [allowed] §eA nearby §r§bSuperprotectron §r§edefends this goblin against ranged damage!
20:03:15 [allowed] §eA nearby §r§bSuperprotectron §r§edefends this goblin against ability damage!
20:03:16 [allowed] §eA nearby §r§bSuperprotectron §r§eis defending this goblin!
20:03:16 [allowed] §eA nearby §r§bSuperprotectron §r§eis defending this goblin!
20:03:16 [allowed] §eA nearby §r§bSuperprotectron §r§eis defending this goblin!
20:03:17 [allowed] §eYou got §r§c+10 kills §r§efor helping to kill a §r§bSuperprotectron§r§e!
20:03:17 [allowed] §eA nearby §r§bSuperprotectron §r§eis defending this goblin!
20:03:18 [allowed] §eA nearby §r§bSuperprotectron §r§eis defending this goblin!
20:03:24 [allowed] §eA nearby §r§bSuperprotectron §r§eis defending this goblin!
20:03:24 [allowed] §eA nearby §r§bSuperprotectron §r§edefends this goblin against ability damage!
20:03:24 [allowed] §a§l+5 Kill Combo §r§8§r§b+3✯ Magic Find
20:03:26 [allowed] §eA nearby §r§bSuperprotectron §r§eis defending this goblin!
20:03:27 [allowed] §eA nearby §r§bSuperprotectron §r§eis defending this goblin!
20:03:27 [allowed] §eA nearby §r§bSuperprotectron §r§eis defending this goblin!
20:03:28 [allowed] §eA nearby §r§bSuperprotectron §r§eis defending this goblin!
20:03:29 [allowed] §eA nearby §r§bSuperprotectron §r§eis defending this goblin!
20:03:29 [allowed] §eA nearby §r§bSuperprotectron §r§eis defending this goblin!
20:03:29 [allowed] §eA nearby §r§bSuperprotectron §r§edefends this goblin against ability damage!
20:03:30 [allowed] §eA nearby §r§bSuperprotectron §r§eis defending this goblin!
20:03:31 [allowed] §eYou got §r§c+10 kills §r§efor helping to kill a §r§bSuperprotectron§r§e!
20:03:31 [allowed] §eA nearby §r§bSuperprotectron §r§eis defending this goblin!
20:03:31 [allowed] §eA nearby §r§bSuperprotectron §r§eis defending this goblin!
20:03:34 [allowed] §cThis ability is on cooldown for 3s.
20:03:38 [allowed] §eA nearby §r§bSuperprotectron §r§edefends this goblin against ability damage!
20:03:41 [allowed] §eA nearby §r§bSuperprotectron §r§eis defending this goblin!
20:03:43 [allowed] §eA nearby §r§bSuperprotectron §r§edefends this goblin against ability damage!
20:03:43 [allowed] §a§l+10 Kill Combo §r§8+§r§610 §r§7coins per kill
20:03:44 [allowed] §eA nearby §r§bSuperprotectron §r§eis defending this goblin!
20:03:44 [allowed] §eA nearby §r§bSuperprotectron §r§eis defending this goblin!
20:03:45 [allowed] §eA nearby §r§bSuperprotectron §r§eis defending this goblin!
20:03:45 [allowed] §eA nearby §r§bSuperprotectron §r§eis defending this goblin!
20:03:45 [allowed] §eA nearby §r§bSuperprotectron §r§eis defending this goblin!
20:03:46 [allowed] §eA nearby §r§bSuperprotectron §r§eis defending this goblin!
20:03:47 [allowed] §eA nearby §r§bSuperprotectron §r§eis defending this goblin!
20:03:47 [allowed] §9§l+15 Kill Combo §r§8§r§b+3✯ Magic Find
20:03:47 [allowed] §eA nearby §r§bSuperprotectron §r§eis defending this goblin!
20:03:48 [allowed] §eA nearby §r§bSuperprotectron §r§eis defending this goblin!
20:03:48 [allowed] §eA nearby §r§bSuperprotectron §r§eis defending this goblin!
20:03:49 [allowed] §eA nearby §r§bSuperprotectron §r§eis defending this goblin!
20:03:49 [allowed] §eA nearby §r§bSuperprotectron §r§edefends this goblin against ability damage!
20:03:50 [allowed] §eA nearby §r§bSuperprotectron §r§eis defending this goblin!
20:03:50 [allowed] §eA nearby §r§bSuperprotectron §r§eis defending this goblin!
20:03:56 [allowed] §cYour Kill Combo has expired! You reached a 17 Kill Combo!
20:04:02 [allowed] §eA nearby §r§bSuperprotectron §r§eis defending this goblin!
20:04:03 [allowed] §eA nearby §r§bSuperprotectron §r§edefends this goblin against ability damage!
20:04:03 [allowed] §eA nearby §r§bSuperprotectron §r§eis defending this goblin!
20:04:04 [allowed] §eA nearby §r§bSuperprotectron §r§eis defending this goblin!
20:04:04 [allowed] §eA nearby §r§bSuperprotectron §r§eis defending this goblin!
20:04:05 [allowed] §eA nearby §r§bSuperprotectron §r§eis defending this goblin!
20:04:05 [allowed] §a§l+5 Kill Combo §r§8§r§b+3✯ Magic Find
20:04:05 [allowed] §eA nearby §r§bSuperprotectron §r§eis defending this goblin!
20:04:08 [allowed] §a§lGOBLIN RAID SLAYER §r§eCommission Complete! Visit the King §r§eto claim your rewards!
20:04:10 [allowed] §c ☠ §r§7§r§7AndiSchu§r§7 was killed by §r§4Murderlover§r§7§r§7.
20:04:13 [allowed] §eA nearby §r§bSuperprotectron §r§eis defending this goblin!
20:04:13 [allowed] §eA nearby §r§bSuperprotectron §r§edefends this goblin against ability damage!
20:04:13 [allowed] §eA nearby §r§bSuperprotectron §r§eis defending this goblin!
20:04:13 [allowed] §a§l+10 Kill Combo §r§8+§r§610 §r§7coins per kill
20:04:14 [allowed] §eA nearby §r§bSuperprotectron §r§eis defending this goblin!
20:04:15 [allowed] §eA nearby §r§bSuperprotectron §r§eis defending this goblin!
20:04:15 [allowed] §eA nearby §r§bSuperprotectron §r§eis defending this goblin!
20:04:17 [allowed] §eA nearby §r§bSuperprotectron §r§eis defending this goblin!
20:04:18 [allowed] §eA nearby §r§bSuperprotectron §r§eis defending this goblin!
20:04:18 [allowed] §eA nearby §r§bSuperprotectron §r§eis defending this goblin!
20:04:18 [allowed] §eA nearby §r§bSuperprotectron §r§edefends this goblin against ability damage!
20:04:19 [allowed] §eA nearby §r§bSuperprotectron §r§eis defending this goblin!
20:04:19 [allowed] §eA nearby §r§bSuperprotectron §r§eis defending this goblin!
20:04:20 [allowed] §eA nearby §r§bSuperprotectron §r§eis defending this goblin!
20:04:21 [allowed] §eA nearby §r§bSuperprotectron §r§eis defending this goblin!
20:04:22 [allowed] §eA nearby §r§bSuperprotectron §r§eis defending this goblin!
20:04:22 [allowed] §eA nearby §r§bSuperprotectron §r§eis defending this goblin!
20:04:22 [allowed] §cYour Kill Combo has expired! You reached a 11 Kill Combo!
20:04:23 [allowed] §eA nearby §r§bSuperprotectron §r§eis defending this goblin!
20:04:23 [allowed] §eA nearby §r§bSuperprotectron §r§eis defending this goblin!
20:04:26 [allowed] §a§l+5 Kill Combo §r§8§r§b+3✯ Magic Find
20:04:32 [allowed] §eA nearby §r§bSuperprotectron §r§eis defending this goblin!
20:04:32 [allowed] §eA nearby §r§bSuperprotectron §r§edefends this goblin against ability damage!
20:04:32 [allowed] §eA nearby §r§bSuperprotectron §r§eis defending this goblin!
20:04:33 [allowed] §eA nearby §r§bSuperprotectron §r§eis defending this goblin!
20:04:33 [allowed] §eA nearby §r§bSuperprotectron §r§eis defending this goblin!
20:04:36 [allowed] §aYour §r§6Mithril Golem §r§aleveled up to level §r§958§r§a!
20:04:37 [allowed] §eA nearby §r§bSuperprotectron §r§edefends this goblin against ability damage!
20:04:39 [allowed] §eA nearby §r§bSuperprotectron §r§eis defending this goblin!
20:04:39 [allowed] §eA nearby §r§bSuperprotectron §r§eis defending this goblin!
20:04:40 [allowed] §eA nearby §r§bSuperprotectron §r§eis defending this goblin!
20:04:40 [allowed] §eA nearby §r§bSuperprotectron §r§eis defending this goblin!
20:04:40 [allowed] §eA nearby §r§bSuperprotectron §r§eis defending this goblin!
20:04:41 [allowed] §cYour Kill Combo has expired! You reached a 9 Kill Combo!
20:04:41 [allowed] §eA nearby §r§bSuperprotectron §r§eis defending this goblin!
20:04:41 [allowed] §eA nearby §r§bSuperprotectron §r§eis defending this goblin!
20:04:41 [allowed] §eA nearby §r§bSuperprotectron §r§eis defending this goblin!
20:04:42 [allowed] §eA nearby §r§bSuperprotectron §r§eis defending this goblin!
20:04:42 [allowed] §eA nearby §r§bSuperprotectron §r§edefends this goblin against ability damage!
20:04:42 [allowed] §eA nearby §r§bSuperprotectron §r§eis defending this goblin!
20:04:43 [allowed] §eA nearby §r§bSuperprotectron §r§eis defending this goblin!
20:04:44 [allowed] §eA nearby §r§bSuperprotectron §r§eis defending this goblin!
20:04:44 [allowed] §eA nearby §r§bSuperprotectron §r§eis defending this goblin!
20:04:44 [allowed] §eA nearby §r§bSuperprotectron §r§eis defending this goblin!
20:04:45 [allowed] §eA nearby §r§bSuperprotectron §r§eis defending this goblin!
20:04:45 [allowed] §cThis ability is on cooldown for 18s.
20:04:46 [allowed] §a§l+5 Kill Combo §r§8§r§b+3✯ Magic Find
20:04:48 [allowed] §c ☠ §r§7§r§7AndiSchu§r§7 was killed by §r§4Murderlover§r§7§r§7.
20:04:52 [allowed] §a§l+10 Kill Combo §r§8+§r§610 §r§7coins per kill
20:04:54 [allowed] §9§l+15 Kill Combo §r§8§r§b+3✯ Magic Find
20:04:59 [allowed] §c ☠ §r§7§r§aD4n13l1§r§7 was killed by Weakling§r§7§r§7.
20:05:02 [allowed] §cYour Kill Combo has expired! You reached a 19 Kill Combo!
20:05:04 [allowed] §c ☠ §r§7§r§aDarkComa§r§7 was killed by §r§4Murderlover§r§7§r§7.
20:05:04 [allowed] §eA nearby §r§bSuperprotectron §r§edefends this goblin against ability damage!
20:05:05 [allowed] §eA nearby §r§bSuperprotectron §r§eis defending this goblin!
20:05:09 [allowed] §cThere are blocks in the way!
20:05:09 [allowed] §cThere are blocks in the way!
20:05:18 [allowed] §c ☠ §r§7§r§bPTEPICK§r§7 was killed by §r§4Murderlover§r§7§r§7.
20:05:38 [allowed] §c ☠ §r§7§r§bking_Miner_coder§r§7 was killed by §r§4Murderlover§r§7§r§7.
20:05:41 [allowed] §a§lLAVA SPRINGS TITANIUM §r§eCommission Complete! Visit the King §r§eto claim your rewards!
20:05:43 [allowed] §c ☠ §r§7§r§bPeter__15§r§7 was killed by §r§4Murderlover§r§7§r§7.
20:05:45 [allowed] §c ☠ §r§7§r§7AndiSchu§r§7 was killed by Pitfighter§r§7§r§7.
20:05:51 [allowed] §eA nearby §r§bSuperprotectron §r§edefends this goblin against ability damage!
20:05:53 [allowed] §eA nearby §r§bSuperprotectron §r§eis defending this goblin!
20:05:57 [allowed] §eA nearby §r§bSuperprotectron §r§eis defending this goblin!
20:05:57 [allowed] §eA nearby §r§bSuperprotectron §r§edefends this goblin against ability damage!
20:05:57 [allowed] §eA nearby §r§bSuperprotectron §r§eis defending this goblin!
20:05:57 [allowed] §a§l+5 Kill Combo §r§8§r§b+3✯ Magic Find
20:05:58 [allowed] §eA nearby §r§bSuperprotectron §r§eis defending this goblin!
20:05:58 [allowed] §eA nearby §r§bSuperprotectron §r§eis defending this goblin!
20:06:00 [allowed] §a§l+10 Kill Combo §r§8+§r§610 §r§7coins per kill
20:06:00 [allowed] §9§l+15 Kill Combo §r§8§r§b+3✯ Magic Find
20:06:02 [allowed] §5§l+20 Kill Combo §r§8§r§3+15☯ Combat Wisdom
20:06:05 [allowed] §c ☠ §r§7§r§bPTEPICK§r§7 was killed by Creeper§r§7§r§7.
20:06:06 [allowed] §5§l+25 Kill Combo §r§8§r§b+3✯ Magic Find
20:06:09 [allowed] §eA nearby §r§bSuperprotectron §r§eis defending this goblin!
20:06:13 [allowed] §6§l+30 Kill Combo §r§8+§r§610 §r§7coins per kill
20:06:15 [allowed] §eA nearby §r§bSuperprotectron §r§edefends this goblin against ability damage!
20:06:16 [allowed] §eA nearby §r§bSuperprotectron §r§eis defending this goblin!
20:06:17 [allowed] §eA nearby §r§bSuperprotectron §r§eis defending this goblin!
20:06:17 [allowed] §c ☠ §r§7§r§7AndiSchu§r§7 was killed by §r§4Murderlover§r§7§r§7.
20:06:17 [allowed] §eA nearby §r§bSuperprotectron §r§eis defending this goblin!
20:06:18 [allowed] §eA nearby §r§bSuperprotectron §r§eis defending this goblin!
20:06:19 [allowed] §eA nearby §r§bSuperprotectron §r§eis defending this goblin!
20:06:21 [allowed] §eA nearby §r§bSuperprotectron §r§eis defending this goblin!
20:06:21 [allowed] §eA nearby §r§bSuperprotectron §r§edefends this goblin against ability damage!
20:06:21 [allowed] §eA nearby §r§bSuperprotectron §r§eis defending this goblin!
20:06:26 [allowed] §cYour Kill Combo has expired! You reached a 41 Kill Combo!
20:06:30 [allowed] §a§l+5 Kill Combo §r§8§r§b+3✯ Magic Find
20:06:34 [allowed] §a§l+10 Kill Combo §r§8+§r§610 §r§7coins per kill
20:06:37 [allowed] §9§l+15 Kill Combo §r§8§r§b+3✯ Magic Find
20:06:43 [allowed] §5§l+20 Kill Combo §r§8§r§3+15☯ Combat Wisdom
20:06:43 [allowed] §7Your Giant's Sword hit §r§c8 §r§7enemies for §r§c44,693 §r§7damage.
20:06:46 [allowed] §3§l▬▬▬▬▬▬▬▬▬▬▬▬▬▬▬▬▬▬▬▬▬▬▬▬▬▬▬▬▬▬▬▬▬▬▬▬▬▬▬▬▬▬▬▬▬▬▬▬▬▬▬▬▬▬▬▬▬▬▬▬▬▬▬▬
20:06:46 [allowed] §5§l+25 Kill Combo §r§8§r§b+3✯ Magic Find
20:06:49 [allowed] §cYour Kill Combo has expired! You reached a 25 Kill Combo!
20:06:50 [allowed] §c ☠ §r§7You were killed by §r§4Murderlover§r§7§r§7.
20:06:56 [allowed] §c ☠ §r§7§r§7AndiSchu§r§7 was killed by §r§4Murderlover§r§7§r§7.
20:06:57 [allowed] §c ☠ §r§7§r§bking_Miner_coder§r§7 was killed by §r§4Murderlover§r§7§r§7.
20:06:59 [allowed] §cThere are blocks in the way!
20:07:06 [allowed] §aYou used your §r§6Mining Speed Boost §r§aPickaxe Ability!
20:07:17 [allowed] §a§lROYAL MINES TITANIUM §r§eCommission Complete! Visit the King §r§eto claim your rewards!
20:07:22 [allowed] §aYour §r§6Mithril Golem §r§aleveled up to level §r§959§r§a!
20:07:26 [allowed] §cYour Mining Speed Boost has expired!
20:07:35 [allowed] §a§l▬▬▬▬▬▬▬▬▬▬▬▬▬▬▬▬▬▬▬▬▬▬▬▬▬▬▬▬▬▬▬▬▬▬▬▬▬▬▬▬▬▬▬▬▬▬▬▬▬▬▬▬▬▬▬▬▬▬▬▬▬▬▬▬
20:07:35 [allowed] §f                          §r§c§lGOBLIN RAID ENDED!
20:07:35 [allowed] §f                             §r§7Active Mining Event
20:07:35 [allowed] §a§lGOBLIN RAID §r§eCommission Complete! Visit the King §r§eto claim your rewards!
20:07:35 [allowed] §f              §r§a§lWOW! §r§fAll §r§c1,000 §r§fgoblins were slain in §r§e04:34§r§f!
20:07:35 [allowed] §f                   §r§a§lBONUS! §r§fYou killed §r§a131/25 §r§fgoblins!
20:07:35 [allowed] §f                        §r§8+§r§320,000 Mining Experience
20:07:35 [allowed] §f                               §r§8+§r§5100 HOTM Exp
20:07:35 [allowed] §f                           §r§8+§r§21,000 Mithril Powder
20:07:35 [allowed] §a§l▬▬▬▬▬▬▬▬▬▬▬▬▬▬▬▬▬▬▬▬▬▬▬▬▬▬▬▬▬▬▬▬▬▬▬▬▬▬▬▬▬▬▬▬▬▬▬▬▬▬▬▬▬▬▬▬▬▬▬▬▬▬▬▬
20:08:12 [allowed] §aYour §r§6Mithril Golem §r§aleveled up to level §r§960§r§a!
20:08:20 [allowed] §cThere are blocks in the way!
20:08:35 [allowed] §b§lCOMPACT! §r§fYou found an §r§9Enchanted Mithril§r§f!
20:08:57 [allowed] §c ☠ §r§7§r§aD4n13l1§r§7 was killed by Glacite Walker§r§7§r§7.
20:08:59 [allowed] §8[§r§e92§r§8] §r§a[VIP] NextGenDE§f§r§f: how rare is a mineshaft
20:09:03 [allowed] §5§l✯ §r§eA §r§5Fallen Star §r§ehas crashed at §r§bRampart's Quarry§r§e! Nearby ore and Powder drops are amplified!
20:09:06 [allowed] §a§r§6Mining Speed Boost §r§ais now available!
20:09:07 [allowed] §8[§r§a126§r§8] §r§b[MVP§f+§b] calasity§f§r§f: very
20:09:35 [allowed] §a§lROYAL MINES MITHRIL §r§eCommission Complete! Visit the King §r§eto claim your rewards!
20:09:59 [allowed] §cThere are blocks in the way!
20:09:59 [allowed] §cThere are blocks in the way!
20:09:59 [allowed] §cThere are blocks in the way!
20:10:08 [allowed] §aYou used your §r§6Mining Speed Boost §r§aPickaxe Ability!
20:10:21 [allowed] §aYour §r§6Mithril Golem §r§aleveled up to level §r§961§r§a!
20:10:22 [allowed] §a§lTITANIUM MINER §r§eCommission Complete! Visit the King §r§eto claim your rewards!
20:10:28 [allowed] §cYour Mining Speed Boost has expired!
20:11:18 [allowed] §c ☠ §r§7§r§aD4n13l1§r§7 was killed by Glacite Walker§r§7§r§7.
20:11:34 [allowed] §a§lUPPER MINES TITANIUM §r§eCommission Complete! Visit the King §r§eto claim your rewards!
20:11:38 [allowed] §aYour §r§6Mithril Golem §r§aleveled up to level §r§962§r§a!
20:12:01 [allowed] §a§lMITHRIL MINER §r§eCommission Complete! Visit the King §r§eto claim your rewards!
20:12:09 [allowed] §a§r§6Mining Speed Boost §r§ais now available!
20:13:01 [allowed] §c ☠ §r§7§r§aD4n13l1§r§7 was killed by Glacite Walker§r§7§r§7.
20:16:44 [allowed] §6The sound of pickaxes clashing against the rock has attracted the attention of the §r§6§lPOWDER GHAST!
20:16:44 [allowed] §eFind the §r§6Powder Ghast§r§e near the §r§bDivan's Gateway§r§e!
20:17:17 [allowed] §c ☠ §r§7§r§aD4n13l1§r§7 was killed by Glacite Walker§r§7§r§7.
20:22:46 [allowed]  §d⚑ §eThe §dBetter Together §eevent starts in §a20 §eseconds!
 §eThis is a passive event! §bIt's happening everywhere in the §bDwarven Mines!
20:23:07 [allowed] §a§l▬▬▬▬▬▬▬▬▬▬▬▬▬▬▬▬▬▬▬▬▬▬▬▬▬▬▬▬▬▬▬▬▬▬▬▬▬▬▬▬▬▬▬▬▬▬▬▬▬▬▬▬▬▬▬▬▬▬▬▬▬▬▬▬
20:23:07 [allowed] §f                    §r§d§lBETTER TOGETHER STARTED!
20:23:07 [allowed] §f                           §r§7Passive Active Event
20:23:07 [allowed] §f     The Better Together festival is underway! Dwarves love
20:23:07 [allowed] §f§r§f   working together, and this event celebrates friendship and
20:23:07 [allowed] §f§r§f                             jolly cooperation.
20:23:07 [allowed] §a§l▬▬▬▬▬▬▬▬▬▬▬▬▬▬▬▬▬▬▬▬▬▬▬▬▬▬▬▬▬▬▬▬▬▬▬▬▬▬▬▬▬▬▬▬▬▬▬▬▬▬▬▬▬▬▬▬▬▬▬▬▬▬▬▬
20:23:07 [allowed] §7§oYou can hear cooperative chattering coming from town…
20:23:07 [allowed] §7§oThe Better Together festival is active for 20 minutes!
20:27:18 [allowed] §c ☠ §r§7§r§7fireogeezy§r§7 was killed by Ghost§r§7§r§7.
20:27:30 [allowed] §cThere are blocks in the way!
20:27:55 [allowed] §a§l+5 Kill Combo §r§8§r§b+3✯ Magic Find
20:27:59 [allowed] §6§lRARE DROP! §r§9Glacite Jewel §r§b(+§r§b175% §r§b✯ Magic Find§r§b)
20:28:00 [allowed] §a§l+10 Kill Combo §r§8+§r§610 §r§7coins per kill
20:28:00 [allowed] §6§lRARE DROP! §r§9Glacite Jewel §r§b(+§r§b175% §r§b✯ Magic Find§r§b)
20:28:04 [allowed] §9§l+15 Kill Combo §r§8§r§b+3✯ Magic Find
20:28:14 [allowed] §5§l+20 Kill Combo §r§8§r§3+15☯ Combat Wisdom
20:28:20 [allowed] §6§lRARE DROP! §r§9Glacite Jewel §r§b(+§r§b180% §r§b✯ Magic Find§r§b)
20:28:20 [allowed] §5§l+25 Kill Combo §r§8§r§b+3✯ Magic Find
20:28:25 [allowed] §6§l+30 Kill Combo §r§8+§r§610 §r§7coins per kill
20:28:28 [allowed] §cYour Kill Combo has expired! You reached a 31 Kill Combo!
20:28:37 [allowed] §cThere are blocks in the way!
20:28:37 [allowed] §cThere are blocks in the way!
20:28:41 [allowed] §6The sound of pickaxes clashing against the rock has attracted the attention of the §r§6§lPOWDER GHAST!
20:28:41 [allowed] §eFind the §r§6Powder Ghast§r§e near the §r§bDivan's Gateway§r§e!
20:32:40 [allowed] §c ☠ §r§7§r§bProspectal§r§7 was killed by Ghost§r§7§r§7.
20:35:20 [allowed] §5§l✯ §r§eA §r§5Fallen Star §r§ehas crashed at §r§bRoyal Mines§r§e! Nearby ore and Powder drops are amplified!
20:35:58 [allowed] §c ☠ §r§7§r§bProspectal§r§7 burned to death§r§7.
20:37:35 [allowed] §8[§r§2196§r§8] §r§b§lᛝ §r§b[MVP§c+§b] sagepage590§f§r§f: God I Love Glacite Tunnels
20:38:40 [allowed] §8[§r§f65§r§8] §r§b[MVP§a+§b] makrot_§f§r§f: YOO GLACITE SLAYER QUEST
20:38:45 [allowed] §8[§r§f65§r§8] §r§b[MVP§a+§b] makrot_§f§r§f: finaly something easy
20:38:48 [allowed] §8[§r§3272§r§8] §r§6☠ §r§b[MVP§d+§b] Braedonn§f§r§f: ???
20:39:17 [allowed] §c ☠ §r§7§r§bProspectal§r§7 fell to their death§r§7.
20:39:31 [allowed] §6The sound of pickaxes clashing against the rock has attracted the attention of the §r§6§lPOWDER GHAST!
20:39:31 [allowed] §eFind the §r§6Powder Ghast§r§e near the §r§bRampart's Quarry§r§e!
20:39:43 [allowed] §8[§r§f76§r§8] §r§76oft§7§r§7: do you need this titanium?
20:39:48 [allowed] §8[§r§b215§r§8] §r§7፠ §r§b[MVP§f+§b] mintzenn§f§r§f: nope, help yourself :)
20:39:52 [allowed] §8[§r§f76§r§8] §r§76oft§7§r§7: thank you :D
20:39:58 [allowed] §8[§r§b215§r§8] §r§7፠ §r§b[MVP§f+§b] mintzenn§f§r§f: ofc <3
20:41:15 [allowed] §a§l▬▬▬▬▬▬▬▬▬▬▬▬▬▬▬▬▬▬▬▬▬▬▬▬▬▬▬▬▬▬▬▬▬▬▬▬▬▬▬▬▬▬▬▬▬▬▬▬▬▬▬▬▬▬▬▬▬▬▬▬▬▬▬▬
20:41:15 [allowed] §f                      §r§d§lBETTER TOGETHER ENDED!
20:41:15 [allowed] §f                           §r§7Passive Active Event
20:41:15 [allowed] §f   The festival has ended, but the Dwarven cooperative spirit
20:41:15 [allowed] §f§r§f                                 never dies.
20:41:15 [allowed] §a§l▬▬▬▬▬▬▬▬▬▬▬▬▬▬▬▬▬▬▬▬▬▬▬▬▬▬▬▬▬▬▬▬▬▬▬▬▬▬▬▬▬▬▬▬▬▬▬▬▬▬▬▬▬▬▬▬▬▬▬▬▬▬▬▬
20:42:43 [allowed]  §c⚑ §eThe §cGoblin Raid §eevent starts in §a20 §eseconds!
 §aClick here §eto teleport to §bGarry §eand prepare!
20:43:04 [allowed] §a§l▬▬▬▬▬▬▬▬▬▬▬▬▬▬▬▬▬▬▬▬▬▬▬▬▬▬▬▬▬▬▬▬▬▬▬▬▬▬▬▬▬▬▬▬▬▬▬▬▬▬▬▬▬▬▬▬▬▬▬▬▬▬▬▬
20:43:04 [allowed] §f                        §r§c§lGOBLIN RAID STARTED!
20:43:04 [allowed] §f                             §r§7Active Mining Event
20:43:04 [allowed] §f                        Kill all §r§c1,000 §r§fgoblins to §r§awin§r§f!
20:43:04 [allowed] §f       Earn §r§6extra rewards §r§fby slaying at least §r§c25 §r§fyourself!
20:43:04 [allowed] §f              Go to §r§bRampart's Quarry §r§7(or talk to Garry)
20:43:04 [allowed] §a§l▬▬▬▬▬▬▬▬▬▬▬▬▬▬▬▬▬▬▬▬▬▬▬▬▬▬▬▬▬▬▬▬▬▬▬▬▬▬▬▬▬▬▬▬▬▬▬▬▬▬▬▬▬▬▬▬▬▬▬▬▬▬▬▬
20:45:17 [allowed] §c ☠ §r§7§r§aTonyMataPorcos§r§7 was killed by §r§4Murderlover§r§7§r§7.
20:46:17 [allowed] §c ☠ §r§7§r§aZillionThread8§r§7 was killed by §r§4Murderlover§r§7§r§7.
20:46:54 [allowed] §c ☠ §r§7§r§76oft§r§7 was killed by §r§4Murderlover§r§7§r§7.
20:47:26 [allowed] §8[§r§2197§r§8] §r§b§lᛝ §r§b[MVP§c+§b] sagepage590§f§r§f: braedon wrong armor
20:47:30 [allowed] §8[§r§3272§r§8] §r§6☠ §r§b[MVP§d+§b] Braedonn§f§r§f: ty
20:47:41 [allowed] §8[§r§2197§r§8] §r§b§lᛝ §r§b[MVP§c+§b] sagepage590§f§r§f: ofc
20:48:07 [allowed] §a§l▬▬▬▬▬▬▬▬▬▬▬▬▬▬▬▬▬▬▬▬▬▬▬▬▬▬▬▬▬▬▬▬▬▬▬▬▬▬▬▬▬▬▬▬▬▬▬▬▬▬▬▬▬▬▬▬▬▬▬▬▬▬▬▬
20:48:07 [allowed] §f                          §r§c§lGOBLIN RAID ENDED!
20:48:07 [allowed] §f                             §r§7Active Mining Event
20:48:07 [allowed] §f                          §r§cYou didn't participate...
20:48:07 [allowed] §a§l▬▬▬▬▬▬▬▬▬▬▬▬▬▬▬▬▬▬▬▬▬▬▬▬▬▬▬▬▬▬▬▬▬▬▬▬▬▬▬▬▬▬▬▬▬▬▬▬▬▬▬▬▬▬▬▬▬▬▬▬▬▬▬▬
